====================================== Class_04.2bp-43 =====================================
Reduced size: 100 usedBin: 0
[0, 1, 3, 4, 5, 7, 9, 22, 25, 26, 27, 29, 35, 41, 49, 54, 74, 84, 87, 99]
[2, 6, 8, 10, 11, 12, 13, 14, 16, 18, 23, 24, 33, 45, 53, 56, 59, 64, 68, 70, 76, 86, 88, 89, 90, 92, 93, 98]
[15, 17, 19, 20, 21, 28, 30, 31, 32, 34, 36, 37, 38, 39, 40, 47, 50, 52, 57, 58, 60, 62, 63, 67, 71, 72, 73, 78, 79, 80, 82, 85, 91, 94, 95, 96, 97]
[42, 43, 44, 46, 48, 51, 55, 61, 65, 66, 69, 75, 77, 81, 83]
------------------------------------------------
Best fit used bin number: 4
Found best solution: 4 0.266

   Statrt add columnAndCut col: 4 cons: 0 cut: 0	0.359

	1 Start Add column using column generation  col: 4 cons: 0 cut: 0	0.359
			Start solve  LP :0.359
			End solve LP obj: 4.0 t: 0
	1 End Add column using column generation : 4.0 col: 4 cons: 0 cut: 0	0.359
   End add columnAndCut : 4.0 colGencnt: 1 price: 0 col: 4 cons: 0 cut: 0	0.359

Node lb: 4.0 ub: 4 : 0.359

Final Found Solution: 4 genNode: 1 extendedNode: 0:0.359
Bin size: 10000
1 : 1088,980,868,837,768,726,682,475,440,420,408,405,377,306,266,224,108,55,46,4, : 9483
2 : 870,728,693,675,648,638,621,589,558,544,462,459,378,286,234,200,180,150,130,120,90,52,44,34,34,27,27,9, : 9480
3 : 560,551,500,486,480,406,392,392,380,378,372,351,350,319,312,270,252,240,192,182,176,160,152,132,120,120,112,84,80,75,66,54,33,20,16,14,13, : 8792
4 : 304,299,288,286,270,240,217,160,140,135,126,91,88,69,57, : 2770
----------------------- 1 ---------------------------
canvasWidth:100,
canvasHeight:100,
data:[{x:78,y:0,l:33,w:22},{x:78,y:33,l:31,w:22},{x:78,y:64,l:20,w:22},{x:81,y:84,l:14,w:19},{x:50,y:0,l:35,w:28},{x:50,y:35,l:31,w:28},{x:50,y:66,l:8,w:28},{x:55,y:74,l:2,w:23},{x:53,y:74,l:2,w:2},{x:19,y:0,l:27,w:31},{x:0,y:0,l:25,w:19},{x:18,y:27,l:34,w:32},{x:23,y:61,l:15,w:27},{x:1,y:27,l:18,w:17},{x:5,y:45,l:29,w:13},{x:0,y:45,l:11,w:5},{x:46,y:76,l:24,w:32},{x:11,y:76,l:12,w:35},{x:2,y:76,l:12,w:9},{x:12,y:88,l:12,w:34},],
----------------------- 2 ---------------------------
canvasWidth:100,
canvasHeight:100,
data:[{x:73,y:0,l:25,w:27},{x:60,y:0,l:22,w:13},{x:64,y:22,l:3,w:9},{x:26,y:0,l:16,w:34},{x:26,y:16,l:1,w:34},{x:30,y:17,l:6,w:30},{x:33,y:23,l:1,w:27},{x:71,y:25,l:30,w:29},{x:71,y:55,l:22,w:29},{x:73,y:77,l:23,w:27},{x:38,y:25,l:21,w:33},{x:28,y:25,l:20,w:10},{x:29,y:45,l:1,w:9},{x:40,y:46,l:19,w:31},{x:27,y:46,l:10,w:13},{x:30,y:56,l:9,w:10},{x:40,y:65,l:18,w:31},{x:30,y:65,l:15,w:10},{x:26,y:65,l:11,w:4},{x:44,y:83,l:17,w:27},{x:26,y:83,l:13,w:18},{x:0,y:0,l:28,w:26},{x:2,y:28,l:27,w:24},{x:2,y:55,l:5,w:24},{x:4,y:60,l:21,w:22},{x:5,y:81,l:18,w:21},{x:0,y:28,l:26,w:2},{x:1,y:54,l:34,w:1},],
----------------------- 3 ---------------------------
canvasWidth:100,
canvasHeight:100,
data:[{x:80,y:0,l:25,w:20},{x:80,y:25,l:19,w:20},{x:81,y:44,l:29,w:19},{x:80,y:44,l:13,w:1},{x:62,y:0,l:27,w:18},{x:69,y:27,l:16,w:11},{x:69,y:43,l:3,w:11},{x:70,y:46,l:27,w:10},{x:62,y:27,l:26,w:7},{x:62,y:53,l:12,w:7},{x:46,y:0,l:35,w:16},{x:32,y:0,l:29,w:14},{x:35,y:29,l:6,w:11},{x:20,y:0,l:31,w:12},{x:0,y:0,l:4,w:20},{x:6,y:4,l:28,w:14},{x:48,y:35,l:28,w:14},{x:48,y:63,l:8,w:14},{x:33,y:35,l:32,w:15},{x:39,y:67,l:6,w:9},{x:14,y:35,l:8,w:19},{x:12,y:35,l:8,w:2},{x:19,y:43,l:27,w:14},{x:0,y:35,l:26,w:12},{x:75,y:73,l:14,w:25},{x:46,y:73,l:11,w:29},{x:50,y:84,l:3,w:25},{x:22,y:73,l:8,w:24},{x:0,y:73,l:6,w:22},{x:14,y:82,l:5,w:32},{x:73,y:87,l:13,w:27},{x:52,y:87,l:12,w:21},{x:59,y:99,l:1,w:14},{x:28,y:87,l:10,w:24},{x:4,y:87,l:5,w:24},{x:0,y:87,l:5,w:4},{x:13,y:92,l:8,w:15},],
----------------------- 4 ---------------------------
canvasWidth:100,
canvasHeight:100,
data:[{x:87,y:0,l:23,w:13},{x:87,y:23,l:22,w:13},{x:90,y:45,l:27,w:10},{x:87,y:45,l:23,w:3},{x:71,y:0,l:19,w:16},{x:50,y:0,l:6,w:21},{x:79,y:19,l:30,w:8},{x:79,y:49,l:11,w:8},{x:82,y:60,l:32,w:5},{x:79,y:60,l:19,w:3},{x:72,y:19,l:31,w:7},{x:72,y:50,l:13,w:7},{x:75,y:63,l:35,w:4},{x:63,y:19,l:32,w:9},{x:63,y:51,l:15,w:9},],
