====================================== Class_09.2bp-6 =====================================
Reduced size: 20 usedBin: 0
[0]
[7, 13, 15]
[3]
[5, 10]
[4, 9, 16]
[2]
[1]
[8, 11, 14, 17, 19]
[6, 12, 18]
------------------------------------------------
Best fit used bin number: 9
Found best solution: 9 0.125

   Statrt add columnAndCut col: 9 cons: 0 cut: 0	0.172

	1 Start Add column using column generation  col: 9 cons: 0 cut: 0	0.172
			Start solve  LP :0.172
			End solve LP obj: 9.0 t: 0
	1 End Add column using column generation : 9.0 col: 9 cons: 0 cut: 0	0.172
   End add columnAndCut : 9.0 colGencnt: 1 price: 0 col: 9 cons: 0 cut: 0	0.172

Node lb: 9.0 ub: 9 : 0.172

Final Found Solution: 9 genNode: 1 extendedNode: 0:0.172
Bin size: 10000
1 : 7938, : 7938
2 : 3657,1472,1104, : 6233
3 : 5810, : 5810
4 : 4914,3150, : 8064
5 : 5096,3384,817, : 9297
6 : 6110, : 6110
7 : 6461, : 6461
8 : 3608,3016,1295,429,164, : 8512
9 : 4536,1632,385, : 6553
----------------------- 1 ---------------------------
canvasWidth:100,
canvasHeight:100,
data:[{x:19,y:0,l:98,w:81},],
----------------------- 2 ---------------------------
canvasWidth:100,
canvasHeight:100,
data:[{x:84,y:0,l:92,w:16},{x:72,y:0,l:92,w:12},{x:3,y:0,l:53,w:69},],
----------------------- 3 ---------------------------
canvasWidth:100,
canvasHeight:100,
data:[{x:30,y:0,l:83,w:70},],
----------------------- 4 ---------------------------
canvasWidth:100,
canvasHeight:100,
data:[{x:65,y:0,l:90,w:35},{x:0,y:0,l:78,w:63},],
----------------------- 5 ---------------------------
canvasWidth:100,
canvasHeight:100,
data:[{x:2,y:0,l:52,w:98},{x:28,y:52,l:47,w:72},{x:9,y:52,l:43,w:19},],
----------------------- 6 ---------------------------
canvasWidth:100,
canvasHeight:100,
data:[{x:35,y:0,l:94,w:65},],
----------------------- 7 ---------------------------
canvasWidth:100,
canvasHeight:100,
data:[{x:9,y:0,l:71,w:91},],
----------------------- 8 ---------------------------
canvasWidth:100,
canvasHeight:100,
data:[{x:42,y:0,l:52,w:58},{x:3,y:0,l:11,w:39},{x:5,y:11,l:35,w:37},{x:18,y:52,l:44,w:82},{x:18,y:96,l:2,w:82},],
----------------------- 9 ---------------------------
canvasWidth:100,
canvasHeight:100,
data:[{x:28,y:0,l:63,w:72},{x:32,y:63,l:24,w:68},{x:65,y:87,l:11,w:35},],
