====================================== Class_09.2bp-0 =====================================
Reduced size: 20 usedBin: 0
[3, 19]
[4]
[18]
[16]
[2]
[14]
[5]
[15]
[0]
[13]
[1]
[11]
[7]
[6]
[17]
[10]
[8]
[12]
[9]
------------------------------------------------
Best fit used bin number: 19
Found best solution: 19 0.14

   Statrt add columnAndCut col: 19 cons: 0 cut: 0	0.203

	1 Start Add column using column generation  col: 19 cons: 0 cut: 0	0.203
			Start solve  LP :0.203
			End solve LP obj: 19.0 t: 0
	1 End Add column using column generation : 19.0 col: 19 cons: 0 cut: 0	0.219
   End add columnAndCut : 19.0 colGencnt: 1 price: 0 col: 19 cons: 0 cut: 0	0.219

Node lb: 19.0 ub: 19 : 0.219

Final Found Solution: 19 genNode: 1 extendedNode: 0:0.219
Bin size: 10000
1 : 7565,420, : 7985
2 : 7469, : 7469
3 : 3021, : 3021
4 : 4200, : 4200
5 : 8232, : 8232
6 : 4340, : 4340
7 : 7395, : 7395
8 : 4200, : 4200
9 : 8536, : 8536
10 : 4526, : 4526
11 : 8232, : 8232
12 : 4565, : 4565
13 : 7068, : 7068
14 : 7120, : 7120
15 : 3550, : 3550
16 : 4757, : 4757
17 : 6336, : 6336
18 : 4565, : 4565
19 : 5185, : 5185
----------------------- 1 ---------------------------
canvasWidth:99,
canvasHeight:99,
data:[{x:14,y:0,l:89,w:85},{x:57,y:89,l:10,w:42},],
----------------------- 2 ---------------------------
canvasWidth:99,
canvasHeight:99,
data:[{x:22,y:0,l:97,w:77},],
----------------------- 3 ---------------------------
canvasWidth:99,
canvasHeight:99,
data:[{x:46,y:0,l:57,w:53},],
----------------------- 4 ---------------------------
canvasWidth:99,
canvasHeight:99,
data:[{x:39,y:0,l:70,w:60},],
----------------------- 5 ---------------------------
canvasWidth:99,
canvasHeight:99,
data:[{x:1,y:0,l:84,w:98},],
----------------------- 6 ---------------------------
canvasWidth:99,
canvasHeight:99,
data:[{x:29,y:0,l:62,w:70},],
----------------------- 7 ---------------------------
canvasWidth:99,
canvasHeight:99,
data:[{x:12,y:0,l:85,w:87},],
----------------------- 8 ---------------------------
canvasWidth:99,
canvasHeight:99,
data:[{x:24,y:0,l:56,w:75},],
----------------------- 9 ---------------------------
canvasWidth:99,
canvasHeight:99,
data:[{x:11,y:0,l:97,w:88},],
----------------------- 10 ---------------------------
canvasWidth:99,
canvasHeight:99,
data:[{x:26,y:0,l:62,w:73},],
----------------------- 11 ---------------------------
canvasWidth:99,
canvasHeight:99,
data:[{x:15,y:0,l:98,w:84},],
----------------------- 12 ---------------------------
canvasWidth:99,
canvasHeight:99,
data:[{x:44,y:0,l:83,w:55},],
----------------------- 13 ---------------------------
canvasWidth:99,
canvasHeight:99,
data:[{x:6,y:0,l:76,w:93},],
----------------------- 14 ---------------------------
canvasWidth:99,
canvasHeight:99,
data:[{x:10,y:0,l:80,w:89},],
----------------------- 15 ---------------------------
canvasWidth:99,
canvasHeight:99,
data:[{x:49,y:0,l:71,w:50},],
----------------------- 16 ---------------------------
canvasWidth:99,
canvasHeight:99,
data:[{x:28,y:0,l:67,w:71},],
----------------------- 17 ---------------------------
canvasWidth:99,
canvasHeight:99,
data:[{x:0,y:0,l:64,w:99},],
----------------------- 18 ---------------------------
canvasWidth:99,
canvasHeight:99,
data:[{x:44,y:0,l:83,w:55},],
----------------------- 19 ---------------------------
canvasWidth:99,
canvasHeight:99,
data:[{x:38,y:0,l:85,w:61},],
