====================================== Class_01.2bp-7 =====================================
Reduced size: 20 usedBin: 0
[1]
[0, 16]
[2, 10]
[3, 4, 15, 17]
[5, 6, 7]
[8, 9, 11, 12, 13, 14, 18, 19]
------------------------------------------------
Best fit used bin number: 6
Found best solution: 6 0.258

   Statrt add columnAndCut col: 6 cons: 0 cut: 0	0.322

	1 Start Add column using column generation  col: 6 cons: 0 cut: 0	0.322
			Start solve  LP :0.322
			End solve LP obj: 6.0 t: 2
	1 End Add column using column generation : 6.0 col: 6 cons: 0 cut: 0	0.324
   End add columnAndCut : 6.0 colGencnt: 1 price: 0 col: 6 cons: 0 cut: 0	0.324

Node lb: 6.0 ub: 6 : 0.324

Final Found Solution: 6 genNode: 1 extendedNode: 0:0.325
Bin size: 100
1 : 70, : 70
2 : 90,5, : 95
3 : 56,16, : 72
4 : 45,36,6,4, : 91
5 : 36,28,24, : 88
6 : 20,18,16,12,10,10,3,2, : 91
----------------------- 1 ---------------------------
canvasWidth:10,
canvasHeight:10,
data:[{x:3,y:0,l:10,w:7},],
----------------------- 2 ---------------------------
canvasWidth:10,
canvasHeight:10,
data:[{x:1,y:0,l:10,w:9},{x:0,y:0,l:5,w:1},],
----------------------- 3 ---------------------------
canvasWidth:10,
canvasHeight:10,
data:[{x:2,y:0,l:2,w:8},{x:3,y:2,l:8,w:7},],
----------------------- 4 ---------------------------
canvasWidth:10,
canvasHeight:10,
data:[{x:9,y:0,l:6,w:1},{x:9,y:6,l:4,w:1},{x:4,y:0,l:9,w:5},{x:0,y:0,l:9,w:4},],
----------------------- 5 ---------------------------
canvasWidth:10,
canvasHeight:10,
data:[{x:4,y:0,l:6,w:6},{x:0,y:0,l:6,w:4},{x:3,y:6,l:4,w:7},],
----------------------- 6 ---------------------------
canvasWidth:10,
canvasHeight:10,
data:[{x:1,y:0,l:2,w:9},{x:0,y:0,l:2,w:1},{x:5,y:2,l:2,w:5},{x:0,y:2,l:2,w:5},{x:8,y:4,l:6,w:2},{x:4,y:4,l:5,w:4},{x:5,y:9,l:1,w:3},{x:0,y:4,l:4,w:4},],
