====================================== Class_10.2bp-45 =====================================
Reduced size: 100 usedBin: 0
[9, 22, 36, 37, 39, 69, 77, 83, 87]
[14, 16, 23, 24, 30, 84, 94, 98]
[1, 17, 46, 50, 78, 79, 92, 96]
[7, 15, 33, 34, 71, 76]
[3, 12, 38, 58, 59, 72, 85, 89]
[6, 13, 28, 48, 65, 67, 88]
[2, 21, 31, 57, 70]
[5, 19, 42, 52, 53, 54, 66, 90, 93, 97]
[18, 35, 41, 43, 45, 47, 63, 73, 75, 95]
[0, 49, 60, 62]
[8, 10, 32, 51, 56, 61, 74, 81, 86, 91, 99]
[20, 26, 27, 29, 40, 44, 68]
[4, 11, 25, 55, 64, 80, 82]
------------------------------------------------
Best fit used bin number: 13
Found best solution: 13 0.172

   Statrt add columnAndCut col: 13 cons: 0 cut: 0	0.25

	1 Start Add column using column generation  col: 13 cons: 0 cut: 0	0.25
			Start solve  LP :0.25
			End solve LP obj: 13.0 t: 0
	1 End Add column using column generation : 13.0 col: 13 cons: 0 cut: 0	0.25
   End add columnAndCut : 13.0 colGencnt: 1 price: 0 col: 13 cons: 0 cut: 0	0.25

Node lb: 13.0 ub: 13 : 0.25

Final Found Solution: 13 genNode: 1 extendedNode: 0:0.25
Bin size: 10000
1 : 2619,1809,1300,1295,1176,420,320,162,138, : 9239
2 : 2162,2100,1800,1755,1610,147,80,19, : 9673
3 : 5476,2040,855,720,315,205,99,60, : 9770
4 : 3393,2134,1368,1368,408,340, : 9011
5 : 4485,2208,1247,525,513,406,147,120, : 9651
6 : 3588,2205,1628,784,450,434,135, : 9224
7 : 4845,1824,1517,560,420, : 9166
8 : 3995,1968,1044,645,637,602,448,110,93,44, : 9586
9 : 2000,1350,1147,1035,902,836,468,406,360,77, : 8581
10 : 7176,759,510,473, : 8918
11 : 3094,2592,1410,720,561,510,406,192,144,108,18, : 9755
12 : 1872,1716,1666,1617,1155,1020,434, : 9480
13 : 4092,2310,1728,561,468,196,180, : 9535
----------------------- 1 ---------------------------
canvasWidth:100,
canvasHeight:100,
data:[{x:3,y:0,l:27,w:97},{x:74,y:27,l:50,w:26},{x:94,y:77,l:23,w:6},{x:74,y:77,l:21,w:20},{x:32,y:27,l:28,w:42},{x:34,y:55,l:8,w:40},{x:37,y:63,l:35,w:37},{x:31,y:63,l:27,w:6},{x:3,y:27,l:67,w:27},],
----------------------- 2 ---------------------------
canvasWidth:100,
canvasHeight:100,
data:[{x:82,y:0,l:100,w:18},{x:36,y:0,l:47,w:46},{x:1,y:0,l:46,w:35},{x:40,y:47,l:50,w:42},{x:42,y:97,l:2,w:40},{x:0,y:47,l:45,w:39},{x:18,y:92,l:7,w:21},{x:20,y:99,l:1,w:19},],
----------------------- 3 ---------------------------
canvasWidth:100,
canvasHeight:100,
data:[{x:1,y:0,l:1,w:99},{x:15,y:1,l:24,w:85},{x:0,y:1,l:21,w:15},{x:26,y:25,l:74,w:74},{x:2,y:25,l:30,w:24},{x:0,y:25,l:30,w:2},{x:7,y:55,l:45,w:19},{x:2,y:55,l:41,w:5},],
----------------------- 4 ---------------------------
canvasWidth:100,
canvasHeight:100,
data:[{x:3,y:0,l:22,w:97},{x:62,y:22,l:36,w:38},{x:26,y:22,l:38,w:36},{x:2,y:22,l:17,w:24},{x:6,y:39,l:17,w:20},{x:13,y:61,l:39,w:87},],
----------------------- 5 ---------------------------
canvasWidth:100,
canvasHeight:100,
data:[{x:31,y:0,l:65,w:69},{x:31,y:65,l:32,w:69},{x:51,y:97,l:3,w:49},{x:6,y:0,l:21,w:25},{x:0,y:0,l:20,w:6},{x:2,y:21,l:43,w:29},{x:2,y:64,l:14,w:29},{x:4,y:78,l:19,w:27},],
----------------------- 6 ---------------------------
canvasWidth:100,
canvasHeight:100,
data:[{x:51,y:0,l:45,w:49},{x:14,y:0,l:44,w:37},{x:0,y:0,l:31,w:14},{x:22,y:45,l:46,w:78},{x:19,y:45,l:45,w:3},{x:50,y:91,l:9,w:50},{x:3,y:45,l:49,w:16},],
----------------------- 7 ---------------------------
canvasWidth:100,
canvasHeight:100,
data:[{x:15,y:0,l:57,w:85},{x:1,y:0,l:30,w:14},{x:63,y:57,l:41,w:37},{x:15,y:57,l:38,w:48},{x:1,y:57,l:40,w:14},],
----------------------- 8 ---------------------------
canvasWidth:100,
canvasHeight:100,
data:[{x:53,y:0,l:85,w:47},{x:57,y:85,l:15,w:43},{x:4,y:0,l:13,w:49},{x:0,y:0,l:11,w:4},{x:5,y:13,l:41,w:48},{x:0,y:13,l:22,w:5},{x:17,y:54,l:29,w:36},{x:22,y:83,l:3,w:31},{x:1,y:54,l:28,w:16},{x:10,y:86,l:14,w:43},],
----------------------- 9 ---------------------------
canvasWidth:100,
canvasHeight:100,
data:[{x:89,y:0,l:82,w:11},{x:89,y:82,l:7,w:11},{x:52,y:0,l:31,w:37},{x:7,y:0,l:8,w:45},{x:7,y:8,l:23,w:45},{x:14,y:32,l:18,w:75},{x:49,y:50,l:50,w:40},{x:5,y:50,l:19,w:44},{x:10,y:69,l:12,w:39},{x:20,y:81,l:14,w:29},],
----------------------- 10 ---------------------------
canvasWidth:100,
canvasHeight:100,
data:[{x:8,y:0,l:78,w:92},{x:31,y:78,l:11,w:69},{x:57,y:89,l:11,w:43},{x:1,y:78,l:17,w:30},],
----------------------- 11 ---------------------------
canvasWidth:100,
canvasHeight:100,
data:[{x:66,y:0,l:91,w:34},{x:30,y:0,l:72,w:36},{x:33,y:72,l:17,w:33},{x:30,y:72,l:6,w:3},{x:0,y:0,l:47,w:30},{x:0,y:47,l:17,w:30},{x:1,y:64,l:14,w:29},{x:14,y:78,l:12,w:16},{x:2,y:78,l:9,w:12},{x:20,y:91,l:9,w:80},{x:4,y:91,l:9,w:16},],
----------------------- 12 ---------------------------
canvasWidth:100,
canvasHeight:100,
data:[{x:66,y:0,l:49,w:34},{x:33,y:0,l:49,w:33},{x:0,y:0,l:35,w:33},{x:2,y:35,l:14,w:31},{x:52,y:49,l:39,w:48},{x:8,y:49,l:39,w:44},{x:15,y:88,l:12,w:85},],
----------------------- 13 ---------------------------
canvasWidth:100,
canvasHeight:100,
data:[{x:83,y:0,l:33,w:17},{x:6,y:0,l:30,w:77},{x:34,y:30,l:4,w:49},{x:0,y:0,l:30,w:6},{x:38,y:34,l:66,w:62},{x:2,y:34,l:48,w:36},{x:2,y:82,l:13,w:36},],
