====================================== Class_04.2bp-6 =====================================
Reduced size: 20 usedBin: 0
[0, 1, 2, 3, 4, 5, 6, 7, 8, 9, 10, 11, 12, 13, 14, 15, 16, 17, 18, 19]
------------------------------------------------
Best fit used bin number: 1
Found best solution: 1 0.141

   Statrt add columnAndCut col: 1 cons: 0 cut: 0	0.187

	1 Start Add column using column generation  col: 1 cons: 0 cut: 0	0.187
			Start solve  LP :0.187
			End solve LP obj: 1.0 t: 16
	1 End Add column using column generation : 1.0 col: 1 cons: 0 cut: 0	0.203
   End add columnAndCut : 1.0 colGencnt: 1 price: 0 col: 1 cons: 0 cut: 0	0.203

Node lb: 1.0 ub: 1 : 0.203

Final Found Solution: 1 genNode: 1 extendedNode: 0:0.203
Bin size: 10000
1 : 910,864,620,540,510,435,231,225,216,192,186,125,88,85,66,51,42,25,24,12, : 5447
----------------------- 1 ---------------------------
canvasWidth:100,
canvasHeight:100,
data:[{x:73,y:0,l:32,w:27},{x:85,y:32,l:34,w:15},{x:78,y:32,l:33,w:7},{x:92,y:66,l:11,w:8},{x:42,y:0,l:20,w:31},{x:13,y:0,l:15,w:29},{x:17,y:15,l:5,w:25},{x:38,y:20,l:26,w:35},{x:11,y:20,l:20,w:27},{x:8,y:20,l:17,w:3},{x:73,y:80,l:8,w:27},{x:70,y:80,l:8,w:3},{x:39,y:80,l:6,w:31},{x:75,y:88,l:9,w:25},{x:51,y:88,l:8,w:24},{x:86,y:97,l:3,w:14},{x:5,y:0,l:33,w:2},{x:6,y:33,l:25,w:1},{x:5,y:33,l:12,w:1},{x:0,y:0,l:17,w:5},],
