====================================== Class_09.2bp-31 =====================================
Reduced size: 80 usedBin: 0
[29, 52]
[58, 67, 77]
[26]
[10]
[0]
[27, 59]
[34]
[11, 68]
[7, 71]
[6, 69, 76]
[19, 70]
[49]
[48]
[32]
[31, 64]
[16]
[15]
[38, 57]
[25]
[46]
[1, 74]
[40]
[37]
[30]
[2]
[5, 72]
[21]
[39]
[36]
[24]
[28]
[47, 65]
[20, 62]
[8]
[51, 66]
[13]
[9]
[44]
[33]
[12]
[22]
[14]
[4]
[42]
[18]
[35, 75]
[23]
[3, 79]
[43]
[55, 63]
[17]
[50]
[54, 73]
[41]
[56]
[45]
[53]
[60, 61, 78]
------------------------------------------------
Best fit used bin number: 58
Found best solution: 58 0.125

   Statrt add columnAndCut col: 58 cons: 0 cut: 0	0.203

	1 Start Add column using column generation  col: 58 cons: 0 cut: 0	0.203
			Start solve  LP :0.203
			End solve LP obj: 58.0 t: 0
	1 End Add column using column generation : 58.0 col: 58 cons: 0 cut: 0	0.203
   End add columnAndCut : 58.0 colGencnt: 1 price: 0 col: 58 cons: 0 cut: 0	0.203

Node lb: 58.0 ub: 58 : 0.203

Final Found Solution: 58 genNode: 1 extendedNode: 0:0.203
Bin size: 10000
1 : 5200,3888, : 9088
2 : 3355,1988,160, : 5503
3 : 5340, : 5340
4 : 7326, : 7326
5 : 9603, : 9603
6 : 5280,3354, : 8634
7 : 4897, : 4897
8 : 6972,1536, : 8508
9 : 7654,792, : 8446
10 : 7708,1445,414, : 9567
11 : 5848,1260, : 7108
12 : 4015, : 4015
13 : 4125, : 4125
14 : 5040, : 5040
15 : 5104,2607, : 7711
16 : 6068, : 6068
17 : 6072, : 6072
18 : 4800,3450, : 8250
19 : 5488, : 5488
20 : 4275, : 4275
21 : 8924,648, : 9572
22 : 4641, : 4641
23 : 4818, : 4818
24 : 5170, : 5170
25 : 8832, : 8832
26 : 7826,711, : 8537
27 : 5820, : 5820
28 : 4756, : 4756
29 : 4840, : 4840
30 : 5529, : 5529
31 : 5214, : 5214
32 : 4248,2268, : 6516
33 : 5829,3234, : 9063
34 : 7480, : 7480
35 : 3888,2133, : 6021
36 : 6232, : 6232
37 : 7392, : 7392
38 : 4368, : 4368
39 : 4968, : 4968
40 : 6952, : 6952
41 : 5796, : 5796
42 : 6188, : 6188
43 : 8004, : 8004
44 : 4565, : 4565
45 : 5865, : 5865
46 : 4851,418, : 5269
47 : 5642, : 5642
48 : 8722,42, : 8764
49 : 4400, : 4400
50 : 3724,3000, : 6724
51 : 6048, : 6048
52 : 3905, : 3905
53 : 3763,667, : 4430
54 : 4620, : 4620
55 : 3468, : 3468
56 : 4290, : 4290
57 : 3843, : 3843
58 : 3312,3243,105, : 6660
----------------------- 1 ---------------------------
canvasWidth:100,
canvasHeight:100,
data:[{x:0,y:0,l:52,w:100},{x:19,y:52,l:48,w:81},],
----------------------- 2 ---------------------------
canvasWidth:100,
canvasHeight:100,
data:[{x:72,y:0,l:71,w:28},{x:17,y:0,l:61,w:55},{x:56,y:61,l:10,w:16},],
----------------------- 3 ---------------------------
canvasWidth:100,
canvasHeight:100,
data:[{x:11,y:0,l:60,w:89},],
----------------------- 4 ---------------------------
canvasWidth:100,
canvasHeight:100,
data:[{x:26,y:0,l:99,w:74},],
----------------------- 5 ---------------------------
canvasWidth:100,
canvasHeight:100,
data:[{x:1,y:0,l:97,w:99},],
----------------------- 6 ---------------------------
canvasWidth:100,
canvasHeight:100,
data:[{x:4,y:0,l:55,w:96},{x:22,y:55,l:43,w:78},],
----------------------- 7 ---------------------------
canvasWidth:100,
canvasHeight:100,
data:[{x:41,y:0,l:83,w:59},],
----------------------- 8 ---------------------------
canvasWidth:100,
canvasHeight:100,
data:[{x:4,y:0,l:16,w:96},{x:17,y:16,l:84,w:83},],
----------------------- 9 ---------------------------
canvasWidth:100,
canvasHeight:100,
data:[{x:92,y:0,l:99,w:8},{x:3,y:0,l:86,w:89},],
----------------------- 10 ---------------------------
canvasWidth:100,
canvasHeight:100,
data:[{x:6,y:0,l:82,w:94},{x:15,y:82,l:17,w:85},{x:0,y:0,l:69,w:6},],
----------------------- 11 ---------------------------
canvasWidth:100,
canvasHeight:100,
data:[{x:10,y:0,l:14,w:90},{x:32,y:14,l:86,w:68},],
----------------------- 12 ---------------------------
canvasWidth:100,
canvasHeight:100,
data:[{x:27,y:0,l:55,w:73},],
----------------------- 13 ---------------------------
canvasWidth:100,
canvasHeight:100,
data:[{x:25,y:0,l:55,w:75},],
----------------------- 14 ---------------------------
canvasWidth:100,
canvasHeight:100,
data:[{x:30,y:0,l:72,w:70},],
----------------------- 15 ---------------------------
canvasWidth:100,
canvasHeight:100,
data:[{x:12,y:0,l:58,w:88},{x:21,y:58,l:33,w:79},],
----------------------- 16 ---------------------------
canvasWidth:100,
canvasHeight:100,
data:[{x:26,y:0,l:82,w:74},],
----------------------- 17 ---------------------------
canvasWidth:100,
canvasHeight:100,
data:[{x:8,y:0,l:66,w:92},],
----------------------- 18 ---------------------------
canvasWidth:100,
canvasHeight:100,
data:[{x:4,y:0,l:50,w:96},{x:31,y:50,l:50,w:69},],
----------------------- 19 ---------------------------
canvasWidth:100,
canvasHeight:100,
data:[{x:44,y:0,l:98,w:56},],
----------------------- 20 ---------------------------
canvasWidth:100,
canvasHeight:100,
data:[{x:43,y:0,l:75,w:57},],
----------------------- 21 ---------------------------
canvasWidth:100,
canvasHeight:100,
data:[{x:3,y:0,l:92,w:97},{x:19,y:92,l:8,w:81},],
----------------------- 22 ---------------------------
canvasWidth:100,
canvasHeight:100,
data:[{x:9,y:0,l:51,w:91},],
----------------------- 23 ---------------------------
canvasWidth:100,
canvasHeight:100,
data:[{x:27,y:0,l:66,w:73},],
----------------------- 24 ---------------------------
canvasWidth:100,
canvasHeight:100,
data:[{x:6,y:0,l:55,w:94},],
----------------------- 25 ---------------------------
canvasWidth:100,
canvasHeight:100,
data:[{x:8,y:0,l:96,w:92},],
----------------------- 26 ---------------------------
canvasWidth:100,
canvasHeight:100,
data:[{x:9,y:0,l:86,w:91},{x:0,y:0,l:79,w:9},],
----------------------- 27 ---------------------------
canvasWidth:100,
canvasHeight:100,
data:[{x:40,y:0,l:97,w:60},],
----------------------- 28 ---------------------------
canvasWidth:100,
canvasHeight:100,
data:[{x:18,y:0,l:58,w:82},],
----------------------- 29 ---------------------------
canvasWidth:100,
canvasHeight:100,
data:[{x:45,y:0,l:88,w:55},],
----------------------- 30 ---------------------------
canvasWidth:100,
canvasHeight:100,
data:[{x:43,y:0,l:97,w:57},],
----------------------- 31 ---------------------------
canvasWidth:100,
canvasHeight:100,
data:[{x:21,y:0,l:66,w:79},],
----------------------- 32 ---------------------------
canvasWidth:100,
canvasHeight:100,
data:[{x:16,y:0,l:27,w:84},{x:41,y:28,l:72,w:59},],
----------------------- 33 ---------------------------
canvasWidth:100,
canvasHeight:100,
data:[{x:67,y:0,l:98,w:33},{x:0,y:0,l:87,w:67},],
----------------------- 34 ---------------------------
canvasWidth:100,
canvasHeight:100,
data:[{x:15,y:0,l:88,w:85},],
----------------------- 35 ---------------------------
canvasWidth:100,
canvasHeight:100,
data:[{x:21,y:0,l:27,w:79},{x:46,y:28,l:72,w:54},],
----------------------- 36 ---------------------------
canvasWidth:100,
canvasHeight:100,
data:[{x:24,y:0,l:82,w:76},],
----------------------- 37 ---------------------------
canvasWidth:100,
canvasHeight:100,
data:[{x:12,y:0,l:84,w:88},],
----------------------- 38 ---------------------------
canvasWidth:100,
canvasHeight:100,
data:[{x:44,y:0,l:78,w:56},],
----------------------- 39 ---------------------------
canvasWidth:100,
canvasHeight:100,
data:[{x:8,y:0,l:54,w:92},],
----------------------- 40 ---------------------------
canvasWidth:100,
canvasHeight:100,
data:[{x:21,y:0,l:88,w:79},],
----------------------- 41 ---------------------------
canvasWidth:100,
canvasHeight:100,
data:[{x:31,y:0,l:84,w:69},],
----------------------- 42 ---------------------------
canvasWidth:100,
canvasHeight:100,
data:[{x:9,y:0,l:68,w:91},],
----------------------- 43 ---------------------------
canvasWidth:100,
canvasHeight:100,
data:[{x:13,y:0,l:92,w:87},],
----------------------- 44 ---------------------------
canvasWidth:100,
canvasHeight:100,
data:[{x:45,y:0,l:83,w:55},],
----------------------- 45 ---------------------------
canvasWidth:100,
canvasHeight:100,
data:[{x:31,y:0,l:85,w:69},],
----------------------- 46 ---------------------------
canvasWidth:100,
canvasHeight:100,
data:[{x:23,y:0,l:63,w:77},{x:1,y:0,l:19,w:22},],
----------------------- 47 ---------------------------
canvasWidth:100,
canvasHeight:100,
data:[{x:38,y:0,l:91,w:62},],
----------------------- 48 ---------------------------
canvasWidth:100,
canvasHeight:100,
data:[{x:2,y:0,l:89,w:98},{x:0,y:0,l:21,w:2},],
----------------------- 49 ---------------------------
canvasWidth:100,
canvasHeight:100,
data:[{x:20,y:0,l:55,w:80},],
----------------------- 50 ---------------------------
canvasWidth:100,
canvasHeight:100,
data:[{x:51,y:0,l:76,w:49},{x:1,y:0,l:60,w:50},],
----------------------- 51 ---------------------------
canvasWidth:100,
canvasHeight:100,
data:[{x:28,y:0,l:84,w:72},],
----------------------- 52 ---------------------------
canvasWidth:100,
canvasHeight:100,
data:[{x:29,y:0,l:55,w:71},],
----------------------- 53 ---------------------------
canvasWidth:100,
canvasHeight:100,
data:[{x:29,y:0,l:53,w:71},{x:0,y:0,l:23,w:29},],
----------------------- 54 ---------------------------
canvasWidth:100,
canvasHeight:100,
data:[{x:34,y:0,l:70,w:66},],
----------------------- 55 ---------------------------
canvasWidth:100,
canvasHeight:100,
data:[{x:32,y:0,l:51,w:68},],
----------------------- 56 ---------------------------
canvasWidth:100,
canvasHeight:100,
data:[{x:34,y:0,l:65,w:66},],
----------------------- 57 ---------------------------
canvasWidth:100,
canvasHeight:100,
data:[{x:39,y:0,l:63,w:61},],
----------------------- 58 ---------------------------
canvasWidth:100,
canvasHeight:100,
data:[{x:52,y:0,l:69,w:48},{x:5,y:0,l:69,w:47},{x:0,y:0,l:21,w:5},],
