====================================== Class_05.2bp-15 =====================================
Reduced size: 40 usedBin: 0
[0, 21, 28, 30, 33]
[1, 23]
[6, 17, 18, 31]
[5, 19]
[7, 13, 20, 32]
[3, 39]
[10, 24, 27]
[4, 36]
[11, 12, 22, 25]
[8, 14, 15, 29, 37]
[2, 26, 34, 35, 38]
[9, 16]
------------------------------------------------
Best fit used bin number: 12
Found best solution: 12 0.297

   Statrt add columnAndCut col: 12 cons: 0 cut: 0	0.375

	1 Start Add column using column generation  col: 12 cons: 0 cut: 0	0.375
			Start solve  LP :0.375
			End solve LP obj: 12.0 t: 0
	1 End Add column using column generation : 12.0 col: 12 cons: 0 cut: 0	0.375
   End add columnAndCut : 12.0 colGencnt: 1 price: 0 col: 12 cons: 0 cut: 0	0.375

Node lb: 12.0 ub: 12 : 0.375

Final Found Solution: 12 genNode: 1 extendedNode: 0:0.375
Bin size: 10000
1 : 7700,1209,496,296,180, : 9881
2 : 7047,980, : 8027
3 : 4095,2016,1984,260, : 8355
4 : 4680,1600, : 6280
5 : 3905,2880,1425,224, : 8434
6 : 5766,63, : 5829
7 : 3480,935,560, : 4975
8 : 5586,142, : 5728
9 : 3128,3120,1088,731, : 8067
10 : 3705,2624,2430,455,128, : 9342
11 : 6375,580,153,144,72, : 7324
12 : 3481,2050, : 5531
----------------------- 1 ---------------------------
canvasWidth:100,
canvasHeight:100,
data:[{x:23,y:0,l:100,w:77},{x:15,y:0,l:62,w:8},{x:15,y:62,l:37,w:8},{x:2,y:0,l:93,w:13},{x:0,y:0,l:90,w:2},],
----------------------- 2 ---------------------------
canvasWidth:100,
canvasHeight:100,
data:[{x:19,y:0,l:87,w:81},{x:5,y:0,l:70,w:14},],
----------------------- 3 ---------------------------
canvasWidth:100,
canvasHeight:100,
data:[{x:35,y:0,l:63,w:65},{x:35,y:63,l:4,w:65},{x:36,y:67,l:31,w:64},{x:7,y:0,l:72,w:28},],
----------------------- 4 ---------------------------
canvasWidth:100,
canvasHeight:100,
data:[{x:80,y:0,l:80,w:20},{x:2,y:0,l:60,w:78},],
----------------------- 5 ---------------------------
canvasWidth:100,
canvasHeight:100,
data:[{x:45,y:0,l:71,w:55},{x:0,y:0,l:64,w:45},{x:13,y:64,l:7,w:32},{x:43,y:71,l:25,w:57},],
----------------------- 6 ---------------------------
canvasWidth:100,
canvasHeight:100,
data:[{x:7,y:0,l:62,w:93},{x:4,y:0,l:21,w:3},],
----------------------- 7 ---------------------------
canvasWidth:100,
canvasHeight:100,
data:[{x:40,y:0,l:58,w:60},{x:30,y:0,l:56,w:10},{x:13,y:0,l:55,w:17},],
----------------------- 8 ---------------------------
canvasWidth:100,
canvasHeight:100,
data:[{x:98,y:0,l:71,w:2},{x:0,y:0,l:57,w:98},],
----------------------- 9 ---------------------------
canvasWidth:100,
canvasHeight:100,
data:[{x:32,y:0,l:46,w:68},{x:15,y:0,l:43,w:17},{x:35,y:46,l:48,w:65},{x:1,y:46,l:32,w:34},],
----------------------- 10 ---------------------------
canvasWidth:100,
canvasHeight:100,
data:[{x:43,y:0,l:65,w:57},{x:2,y:0,l:64,w:41},{x:0,y:0,l:64,w:2},{x:9,y:65,l:5,w:91},{x:19,y:70,l:30,w:81},],
----------------------- 11 ---------------------------
canvasWidth:100,
canvasHeight:100,
data:[{x:25,y:0,l:85,w:75},{x:42,y:85,l:10,w:58},{x:25,y:85,l:9,w:17},{x:28,y:95,l:2,w:72},{x:28,y:97,l:1,w:72},],
----------------------- 12 ---------------------------
canvasWidth:100,
canvasHeight:100,
data:[{x:41,y:0,l:59,w:59},{x:0,y:0,l:50,w:41},],
