====================================== Class_05.2bp-35 =====================================
Reduced size: 80 usedBin: 0
[0, 54]
[9, 26]
[7, 48, 68]
[4, 51]
[20, 31, 55]
[5, 57, 58, 62]
[1, 43, 74]
[10, 35, 46, 79]
[28, 29, 39, 67]
[15, 38, 45, 65]
[13, 50]
[2, 44]
[14, 47, 59, 66, 69, 78]
[6, 52, 61, 63]
[18, 42, 72]
[22, 40]
[12, 33, 71, 75]
[3, 53, 73]
[8, 34, 70]
[25, 36]
[11, 41, 64]
[19, 32]
[21, 27, 56]
[17, 23, 49, 77]
[30, 37]
[16, 24, 60, 76]
------------------------------------------------
Best fit used bin number: 26
Found best solution: 26 0.281

   Statrt add columnAndCut col: 26 cons: 0 cut: 0	0.359

	1 Start Add column using column generation  col: 26 cons: 0 cut: 0	0.359
			Start solve  LP :0.359
			End solve LP obj: 26.0 t: 0
com.wlj.solver.BBSolver:
--------------------------------------- Price Problem Start --------------------------------------------------------
dualPrice.size = 80 , dualPrice = [1.0, 1.0, 1.0, 1.0, 1.0, 1.0, 1.0, 1.0, 1.0, 1.0, 1.0, 1.0, 1.0, 1.0, 1.0, 1.0, 1.0, 1.0, 1.0, 1.0, 1.0, 1.0, 1.0, -0.0, -0.0, 1.0, -0.0, -0.0, 1.0, -0.0, 1.0, -0.0, -0.0, -0.0, -0.0, -0.0, -0.0, -0.0, -0.0, -0.0, -0.0, -0.0, -0.0, -0.0, -0.0, -0.0, -0.0, -0.0, -0.0, -0.0, -0.0, -0.0, -0.0, -0.0, -0.0, -0.0, -0.0, -0.0, -0.0, -0.0, -0.0, -0.0, -0.0, -0.0, -0.0, -0.0, -0.0, -0.0, -0.0, -0.0, -0.0, -0.0, -0.0, -0.0, -0.0, -0.0, -0.0, -0.0, -0.0, -0.0]
			Active cut size: 0
W = 100 
H = 100
normalXList.size = 6
normalYList.size = 4
xList.size = 4
yList.size = 3
squareList.size = 26
myConsList.size = 0
当前上界 = 3.0
当前上界 = 2.8666666666666667
当前上界 = 2.7333333333333334
当前上界 = 2.6
当前上界 = 2.466666666666667
当前上界 = 2.3333333333333335
当前上界 = 2.2
当前上界 = 2.066666666666667
当前上界 = 1.9333333333333336
最优解：2.0
solutionList.size() = 6
pattern.getKey() = 16@30@
用时：0.016 s
--------------------------------------- Price Problem End --------------------------------------------------------
		1 Add column : 1 col:26 	0.375
			Start solve  LP :0.375
			End solve LP obj: 26.0 t: 0
com.wlj.solver.BBSolver:
--------------------------------------- Price Problem Start --------------------------------------------------------
dualPrice.size = 80 , dualPrice = [1.0, 1.0, 1.0, 1.0, 1.0, 1.0, 1.0, 1.0, 1.0, 1.0, 1.0, 1.0, 1.0, 1.0, 1.0, 1.0, 1.0, 1.0, 1.0, 1.0, 1.0, 1.0, 1.0, -0.0, -0.0, 1.0, -0.0, -0.0, 1.0, -0.0, 0.0, -0.0, -0.0, -0.0, -0.0, -0.0, -0.0, 1.0, -0.0, -0.0, -0.0, -0.0, -0.0, -0.0, -0.0, -0.0, -0.0, -0.0, -0.0, -0.0, -0.0, -0.0, -0.0, -0.0, -0.0, -0.0, -0.0, -0.0, -0.0, -0.0, -0.0, -0.0, -0.0, -0.0, -0.0, -0.0, -0.0, -0.0, -0.0, -0.0, -0.0, -0.0, -0.0, -0.0, -0.0, -0.0, -0.0, -0.0, -0.0, -0.0]
			Active cut size: 0
W = 100 
H = 100
normalXList.size = 6
normalYList.size = 4
xList.size = 4
yList.size = 3
squareList.size = 26
myConsList.size = 0
当前上界 = 3.0
当前上界 = 2.8666666666666667
当前上界 = 2.7333333333333334
当前上界 = 2.6
当前上界 = 2.466666666666667
当前上界 = 2.3333333333333335
当前上界 = 2.2
当前上界 = 2.066666666666667
当前上界 = 1.9333333333333336
最优解：2.0
solutionList.size() = 10
pattern.getKey() = 21@37@
用时：0.0 s
--------------------------------------- Price Problem End --------------------------------------------------------
		2 Add column : 1 col:27 	0.375
			Start solve  LP :0.375
			End solve LP obj: 26.0 t: 0
com.wlj.solver.BBSolver:
--------------------------------------- Price Problem Start --------------------------------------------------------
dualPrice.size = 80 , dualPrice = [1.0, 1.0, 1.0, 1.0, 1.0, 1.0, 1.0, 1.0, 1.0, 1.0, 1.0, 1.0, 1.0, 1.0, 1.0, 1.0, 1.0, 1.0, 1.0, 1.0, 1.0, 0.0, 1.0, -0.0, -0.0, 1.0, -0.0, -0.0, 1.0, -0.0, 0.0, -0.0, -0.0, -0.0, -0.0, -0.0, -0.0, 1.0, -0.0, -0.0, -0.0, -0.0, -0.0, -0.0, -0.0, -0.0, -0.0, -0.0, -0.0, -0.0, -0.0, -0.0, -0.0, -0.0, -0.0, -0.0, 1.0, -0.0, -0.0, -0.0, -0.0, -0.0, -0.0, -0.0, -0.0, -0.0, -0.0, -0.0, -0.0, -0.0, -0.0, -0.0, -0.0, -0.0, -0.0, -0.0, -0.0, -0.0, -0.0, -0.0]
			Active cut size: 0
W = 100 
H = 100
normalXList.size = 9
normalYList.size = 12
xList.size = 6
yList.size = 5
squareList.size = 26
myConsList.size = 0
当前上界 = 3.0
最优解：3.0
solutionList.size() = 5
pattern.getKey() = 20@37@56@
用时：0.016 s
--------------------------------------- Price Problem End --------------------------------------------------------
		3 Add column : 1 col:28 	0.391
			Start solve  LP :0.391
			End solve LP obj: 26.0 t: 0
com.wlj.solver.BBSolver:
--------------------------------------- Price Problem Start --------------------------------------------------------
dualPrice.size = 80 , dualPrice = [1.0, 1.0, 1.0, 1.0, 1.0, 1.0, 1.0, 1.0, 1.0, 1.0, 1.0, 1.0, 1.0, 1.0, 1.0, 1.0, 0.0, 1.0, 1.0, 1.0, 1.0, 1.0, 1.0, -0.0, 1.0, 1.0, -0.0, -0.0, 1.0, -0.0, 1.0, -0.0, -0.0, -0.0, -0.0, -0.0, -0.0, 0.0, -0.0, -0.0, -0.0, -0.0, -0.0, -0.0, -0.0, -0.0, -0.0, -0.0, -0.0, -0.0, -0.0, -0.0, -0.0, -0.0, -0.0, -0.0, 0.0, -0.0, -0.0, -0.0, -0.0, -0.0, -0.0, -0.0, -0.0, -0.0, -0.0, -0.0, -0.0, -0.0, -0.0, -0.0, -0.0, -0.0, -0.0, -0.0, -0.0, -0.0, -0.0, -0.0]
			Active cut size: 0
W = 100 
H = 100
normalXList.size = 6
normalYList.size = 7
xList.size = 4
yList.size = 5
squareList.size = 26
myConsList.size = 0
当前上界 = 3.0
当前上界 = 2.8666666666666667
当前上界 = 2.7333333333333334
当前上界 = 2.6
当前上界 = 2.466666666666667
当前上界 = 2.3333333333333335
当前上界 = 2.2
当前上界 = 2.066666666666667
当前上界 = 1.9333333333333336
最优解：2.0
solutionList.size() = 11
pattern.getKey() = 21@28@
用时：0.0 s
--------------------------------------- Price Problem End --------------------------------------------------------
		4 Add column : 1 col:29 	0.391
			Start solve  LP :0.391
			End solve LP obj: 26.0 t: 0
com.wlj.solver.BBSolver:
--------------------------------------- Price Problem Start --------------------------------------------------------
dualPrice.size = 80 , dualPrice = [1.0, 1.0, 1.0, 1.0, 1.0, 1.0, 1.0, 1.0, 1.0, 1.0, 1.0, 1.0, 1.0, 1.0, 1.0, 1.0, -0.0, 1.0, 1.0, 1.0, 1.0, 0.0, 1.0, -0.0, 1.0, 1.0, -0.0, 1.0, 1.0, -0.0, 1.0, -0.0, -0.0, -0.0, -0.0, -0.0, -0.0, 0.0, -0.0, -0.0, -0.0, -0.0, -0.0, -0.0, -0.0, -0.0, -0.0, -0.0, -0.0, -0.0, -0.0, -0.0, -0.0, -0.0, -0.0, -0.0, 0.0, -0.0, -0.0, -0.0, -0.0, -0.0, -0.0, -0.0, -0.0, -0.0, -0.0, -0.0, -0.0, -0.0, -0.0, -0.0, -0.0, -0.0, -0.0, -0.0, -0.0, -0.0, -0.0, -0.0]
			Active cut size: 0
W = 100 
H = 100
normalXList.size = 5
normalYList.size = 7
xList.size = 4
yList.size = 5
squareList.size = 26
myConsList.size = 0
当前上界 = 3.0
当前上界 = 2.8666666666666667
当前上界 = 2.7333333333333334
当前上界 = 2.6
当前上界 = 2.466666666666667
当前上界 = 2.3333333333333335
当前上界 = 2.2
当前上界 = 2.066666666666667
当前上界 = 1.9333333333333336
最优解：2.0
solutionList.size() = 9
pattern.getKey() = 24@30@
用时：0.0 s
--------------------------------------- Price Problem End --------------------------------------------------------
		5 Add column : 1 col:30 	0.391
			Start solve  LP :0.391
			End solve LP obj: 26.0 t: 0
com.wlj.solver.BBSolver:
--------------------------------------- Price Problem Start --------------------------------------------------------
dualPrice.size = 80 , dualPrice = [1.0, 1.0, 1.0, 1.0, 1.0, 1.0, 1.0, 1.0, 1.0, 1.0, 1.0, 1.0, 1.0, 1.0, 1.0, 1.0, 0.5, 1.0, 1.0, 1.0, 0.5, 0.0, 1.0, -0.0, 0.5, 1.0, -0.0, 1.0, 1.0, -0.0, 0.5, 0.5, -0.0, -0.0, -0.0, -0.0, -0.0, 0.5, -0.0, -0.0, -0.0, -0.0, -0.0, -0.0, -0.0, -0.0, -0.0, -0.0, -0.0, -0.0, -0.0, -0.0, -0.0, -0.0, -0.0, -0.0, -0.0, -0.0, -0.0, -0.0, -0.0, -0.0, -0.0, -0.0, -0.0, -0.0, -0.0, -0.0, -0.0, -0.0, -0.0, -0.0, -0.0, -0.0, -0.0, -0.0, -0.0, -0.0, -0.0, -0.0]
			Active cut size: 0
W = 100 
H = 100
normalXList.size = 6
normalYList.size = 8
xList.size = 4
yList.size = 5
squareList.size = 29
myConsList.size = 0
当前上界 = 2.5
当前上界 = 2.4
当前上界 = 2.3
当前上界 = 2.1999999999999997
当前上界 = 2.0999999999999996
当前上界 = 1.9999999999999996
最优解：2.0
solutionList.size() = 1
pattern.getKey() = 24@28@37@
用时：0.0 s
--------------------------------------- Price Problem End --------------------------------------------------------
		6 Add column : 1 col:31 	0.391
			Start solve  LP :0.391
			End solve LP obj: 26.0 t: 0
com.wlj.solver.BBSolver:
--------------------------------------- Price Problem Start --------------------------------------------------------
dualPrice.size = 80 , dualPrice = [1.0, 1.0, 1.0, 1.0, 1.0, 1.0, 1.0, 1.0, 1.0, 1.0, 1.0, 1.0, 1.0, 1.0, 1.0, 1.0, 0.5, 1.0, 1.0, 1.0, 0.5, 0.5, 1.0, -0.0, 0.5, 1.0, -0.0, 0.5, 0.0, 1.0, 0.5, 0.5, -0.0, -0.0, -0.0, -0.0, -0.0, 0.5, -0.0, -0.0, -0.0, -0.0, -0.0, -0.0, -0.0, -0.0, -0.0, -0.0, -0.0, -0.0, -0.0, -0.0, -0.0, -0.0, -0.0, -0.0, -0.0, -0.0, -0.0, -0.0, -0.0, -0.0, -0.0, -0.0, -0.0, -0.0, -0.0, -0.0, -0.0, -0.0, -0.0, -0.0, -0.0, -0.0, -0.0, -0.0, -0.0, -0.0, -0.0, -0.0]
			Active cut size: 0
W = 100 
H = 100
normalXList.size = 7
normalYList.size = 8
xList.size = 4
yList.size = 5
squareList.size = 30
myConsList.size = 0
当前上界 = 2.5
当前上界 = 2.4
当前上界 = 2.3
当前上界 = 2.1999999999999997
当前上界 = 2.0999999999999996
当前上界 = 1.9999999999999996
当前上界 = 1.8999999999999995
当前上界 = 1.7999999999999994
当前上界 = 1.6999999999999993
当前上界 = 1.5999999999999992
当前上界 = 1.4999999999999991
最优解：1.5
solutionList.size() = 12
pattern.getKey() = 24@29@
用时：0.015 s
--------------------------------------- Price Problem End --------------------------------------------------------
		7 Add column : 1 col:32 	0.406
			Start solve  LP :0.406
			End solve LP obj: 26.0 t: 0
com.wlj.solver.BBSolver:
--------------------------------------- Price Problem Start --------------------------------------------------------
dualPrice.size = 80 , dualPrice = [1.0, 1.0, 1.0, 1.0, 1.0, 1.0, 1.0, 1.0, 1.0, 1.0, 1.0, 1.0, 1.0, 1.0, 1.0, 1.0, 1.0, 1.0, 1.0, 1.0, 0.0, 0.0, 1.0, -0.0, 0.0, 1.0, -0.0, 1.0, 0.0, 1.0, 0.0, 1.0, -0.0, -0.0, -0.0, -0.0, -0.0, 1.0, -0.0, -0.0, -0.0, -0.0, -0.0, -0.0, -0.0, -0.0, -0.0, -0.0, -0.0, -0.0, -0.0, -0.0, -0.0, -0.0, -0.0, -0.0, -0.0, -0.0, -0.0, -0.0, -0.0, -0.0, -0.0, -0.0, -0.0, -0.0, -0.0, -0.0, -0.0, -0.0, -0.0, -0.0, -0.0, -0.0, -0.0, -0.0, -0.0, -0.0, -0.0, -0.0]
			Active cut size: 0
W = 100 
H = 100
normalXList.size = 6
normalYList.size = 5
xList.size = 4
yList.size = 3
squareList.size = 26
myConsList.size = 0
当前上界 = 3.0
当前上界 = 2.8666666666666667
当前上界 = 2.7333333333333334
当前上界 = 2.6
当前上界 = 2.466666666666667
当前上界 = 2.3333333333333335
当前上界 = 2.2
当前上界 = 2.066666666666667
当前上界 = 1.9333333333333336
最优解：2.0
solutionList.size() = 8
pattern.getKey() = 17@37@
用时：0.0 s
--------------------------------------- Price Problem End --------------------------------------------------------
		8 Add column : 1 col:33 	0.406
			Start solve  LP :0.406
			End solve LP obj: 26.0 t: 0
com.wlj.solver.BBSolver:
--------------------------------------- Price Problem Start --------------------------------------------------------
dualPrice.size = 80 , dualPrice = [1.0, 1.0, 1.0, 1.0, 1.0, 1.0, 1.0, 1.0, 1.0, 1.0, 1.0, 1.0, 1.0, 1.0, 1.0, 1.0, 0.0, 1.0, 1.0, 1.0, 1.0, 1.0, 1.0, -0.0, 0.0, 1.0, -0.0, 0.0, 0.0, 1.0, 1.0, 0.0, -0.0, -0.0, -0.0, -0.0, -0.0, 0.0, -0.0, -0.0, -0.0, -0.0, -0.0, -0.0, -0.0, -0.0, -0.0, -0.0, -0.0, -0.0, -0.0, -0.0, -0.0, -0.0, -0.0, -0.0, -0.0, -0.0, -0.0, -0.0, 1.0, -0.0, -0.0, -0.0, -0.0, -0.0, -0.0, -0.0, -0.0, -0.0, -0.0, -0.0, -0.0, -0.0, -0.0, -0.0, -0.0, -0.0, -0.0, -0.0]
			Active cut size: 0
W = 100 
H = 100
normalXList.size = 5
normalYList.size = 30
xList.size = 4
yList.size = 7
squareList.size = 26
myConsList.size = 0
当前上界 = 3.0
最优解：3.0
solutionList.size() = 1
pattern.getKey() = 17@20@60@
用时：0.0 s
--------------------------------------- Price Problem End --------------------------------------------------------
		9 Add column : 1 col:34 	0.406
			Start solve  LP :0.406
			End solve LP obj: 26.0 t: 0
com.wlj.solver.BBSolver:
--------------------------------------- Price Problem Start --------------------------------------------------------
dualPrice.size = 80 , dualPrice = [1.0, 1.0, 1.0, 1.0, 1.0, 1.0, 1.0, 1.0, 1.0, 1.0, 1.0, 1.0, 1.0, 1.0, 1.0, 1.0, 0.33333333333333337, 0.6666666666666666, 1.0, 1.0, -0.0, 0.6666666666666666, 1.0, -0.0, 0.33333333333333337, 1.0, -0.0, 0.33333333333333337, 0.33333333333333337, 0.6666666666666666, 0.6666666666666666, 1.0, -0.0, -0.0, -0.0, -0.0, -0.0, 0.33333333333333337, -0.0, -0.0, -0.0, -0.0, -0.0, -0.0, -0.0, -0.0, -0.0, -0.0, -0.0, -0.0, -0.0, -0.0, -0.0, -0.0, -0.0, -0.0, -0.0, -0.0, -0.0, -0.0, 0.33333333333333337, -0.0, -0.0, -0.0, -0.0, -0.0, -0.0, -0.0, -0.0, -0.0, -0.0, -0.0, -0.0, -0.0, -0.0, -0.0, -0.0, 0.33333333333333337, -0.0, -0.0]
			Active cut size: 0
W = 100 
H = 100
normalXList.size = 44
normalYList.size = 36
xList.size = 8
yList.size = 9
squareList.size = 32
myConsList.size = 0
当前上界 = 3.0000000000000004
当前上界 = 2.866666666666667
当前上界 = 2.733333333333334
当前上界 = 2.6000000000000005
当前上界 = 2.4666666666666672
当前上界 = 2.333333333333334
最优解：2.3333333333333335
solutionList.size() = 1
pattern.getKey() = 17@31@60@77@
用时：0.0 s
--------------------------------------- Price Problem End --------------------------------------------------------
		10 Add column : 1 col:35 	0.406
			Start solve  LP :0.406
			End solve LP obj: 26.0 t: 0
com.wlj.solver.BBSolver:
--------------------------------------- Price Problem Start --------------------------------------------------------
dualPrice.size = 80 , dualPrice = [1.0, 1.0, 1.0, 1.0, 1.0, 1.0, 1.0, 1.0, 1.0, 1.0, 1.0, 1.0, 1.0, 1.0, 1.0, 1.0, 0.0, 0.0, 1.0, 1.0, 1.0, 1.0, 1.0, -0.0, 0.0, 1.0, -0.0, 0.0, 0.0, 1.0, 1.0, 0.0, -0.0, -0.0, -0.0, -0.0, -0.0, 0.0, -0.0, -0.0, -0.0, -0.0, -0.0, -0.0, -0.0, -0.0, -0.0, -0.0, -0.0, -0.0, -0.0, -0.0, -0.0, -0.0, -0.0, -0.0, -0.0, -0.0, -0.0, -0.0, -0.0, -0.0, -0.0, -0.0, -0.0, -0.0, -0.0, -0.0, -0.0, -0.0, -0.0, -0.0, -0.0, -0.0, -0.0, -0.0, 1.0, 1.0, -0.0, -0.0]
			Active cut size: 0
W = 100 
H = 100
normalXList.size = 42
normalYList.size = 34
xList.size = 9
yList.size = 9
squareList.size = 26
myConsList.size = 0
当前上界 = 5.0
当前上界 = 4.733333333333333
当前上界 = 4.466666666666667
当前上界 = 4.2
当前上界 = 3.9333333333333336
最优解：4.0
solutionList.size() = 2
pattern.getKey() = 20@21@76@77@
用时：0.016 s
--------------------------------------- Price Problem End --------------------------------------------------------
		11 Add column : 1 col:36 	0.422
			Start solve  LP :0.422
			End solve LP obj: 26.0 t: 0
com.wlj.solver.BBSolver:
--------------------------------------- Price Problem Start --------------------------------------------------------
dualPrice.size = 80 , dualPrice = [1.0, 1.0, 1.0, 1.0, 1.0, 1.0, 1.0, 1.0, 1.0, 1.0, 1.0, 1.0, 1.0, 1.0, 1.0, 1.0, 0.33333333333333337, 0.5, 1.0, 1.0, 0.5, 0.16666666666666663, 1.0, 0.5, 0.3333333333333333, 1.0, -0.0, 0.8333333333333334, 0.3333333333333333, 0.6666666666666667, 0.6666666666666666, 0.5, -0.0, -0.0, -0.0, -0.0, -0.0, 0.33333333333333337, -0.0, -0.0, -0.0, -0.0, -0.0, -0.0, -0.0, -0.0, -0.0, -0.0, -0.0, -0.0, -0.0, -0.0, -0.0, -0.0, -0.0, -0.0, -0.0, -0.0, -0.0, -0.0, -0.0, -0.0, -0.0, -0.0, -0.0, -0.0, -0.0, -0.0, -0.0, -0.0, -0.0, -0.0, -0.0, -0.0, -0.0, -0.0, 0.33333333333333337, -0.0, -0.0, -0.0]
			Active cut size: 0
W = 100 
H = 100
normalXList.size = 21
normalYList.size = 37
xList.size = 8
yList.size = 9
squareList.size = 33
myConsList.size = 0
当前上界 = 2.6666666666666665
当前上界 = 2.5555555555555554
当前上界 = 2.444444444444444
当前上界 = 2.333333333333333
当前上界 = 2.222222222222222
当前上界 = 2.1111111111111107
当前上界 = 1.9999999999999996
当前上界 = 1.8888888888888884
当前上界 = 1.7777777777777772
当前上界 = 1.666666666666666
最优解：1.6666666666666667
solutionList.size() = 6
pattern.getKey() = 24@25@76@
用时：0.016 s
--------------------------------------- Price Problem End --------------------------------------------------------
		12 Add column : 1 col:37 	0.438
			Start solve  LP :0.438
			End solve LP obj: 26.0 t: 0
com.wlj.solver.BBSolver:
--------------------------------------- Price Problem Start --------------------------------------------------------
dualPrice.size = 80 , dualPrice = [1.0, 1.0, 1.0, 1.0, 1.0, 1.0, 1.0, 1.0, 1.0, 1.0, 1.0, 1.0, 1.0, 1.0, 1.0, 1.0, 1.0, 0.0, 1.0, 1.0, 0.0, 0.0, 1.0, 1.0, 0.0, 1.0, -0.0, 1.0, 0.0, 1.0, 0.0, 1.0, -0.0, -0.0, -0.0, -0.0, -0.0, 1.0, -0.0, -0.0, -0.0, -0.0, -0.0, -0.0, -0.0, -0.0, -0.0, -0.0, -0.0, -0.0, -0.0, -0.0, -0.0, -0.0, -0.0, -0.0, -0.0, -0.0, -0.0, -0.0, -0.0, -0.0, -0.0, -0.0, -0.0, -0.0, -0.0, -0.0, -0.0, -0.0, -0.0, -0.0, -0.0, -0.0, -0.0, -0.0, 0.0, -0.0, -0.0, -0.0]
			Active cut size: 0
W = 100 
H = 100
normalXList.size = 6
normalYList.size = 5
xList.size = 5
yList.size = 3
squareList.size = 26
myConsList.size = 0
当前上界 = 3.0
当前上界 = 2.8666666666666667
当前上界 = 2.7333333333333334
当前上界 = 2.6
当前上界 = 2.466666666666667
当前上界 = 2.3333333333333335
当前上界 = 2.2
当前上界 = 2.066666666666667
当前上界 = 1.9333333333333336
最优解：2.0
solutionList.size() = 8
pattern.getKey() = 23@37@
用时：0.0 s
--------------------------------------- Price Problem End --------------------------------------------------------
		13 Add column : 1 col:38 	0.438
			Start solve  LP :0.438
			End solve LP obj: 26.0 t: 0
com.wlj.solver.BBSolver:
--------------------------------------- Price Problem Start --------------------------------------------------------
dualPrice.size = 80 , dualPrice = [1.0, 1.0, 1.0, 1.0, 1.0, 1.0, 1.0, 1.0, 1.0, 1.0, 1.0, 1.0, 1.0, 1.0, 1.0, 1.0, 0.5, 0.5, 1.0, 1.0, 0.5, 0.25, 1.0, 0.5, 0.25, 0.5, -0.0, 0.75, 0.25, 0.75, 0.5, 0.5, -0.0, -0.0, -0.0, -0.0, 0.5, 0.5, -0.0, -0.0, -0.0, -0.0, -0.0, -0.0, -0.0, -0.0, -0.0, -0.0, -0.0, -0.0, -0.0, -0.0, -0.0, -0.0, -0.0, -0.0, -0.0, -0.0, -0.0, -0.0, -0.0, -0.0, -0.0, -0.0, -0.0, -0.0, -0.0, -0.0, -0.0, -0.0, -0.0, -0.0, -0.0, -0.0, -0.0, -0.0, 0.25, -0.0, -0.0, -0.0]
			Active cut size: 0
W = 100 
H = 100
normalXList.size = 22
normalYList.size = 43
xList.size = 8
yList.size = 9
squareList.size = 34
myConsList.size = 0
当前上界 = 2.5
当前上界 = 2.4
当前上界 = 2.3
当前上界 = 2.1999999999999997
当前上界 = 2.0999999999999996
当前上界 = 1.9999999999999996
当前上界 = 1.8999999999999995
当前上界 = 1.7999999999999994
当前上界 = 1.6999999999999993
最优解：1.75
solutionList.size() = 4
pattern.getKey() = 19@36@76@
用时：0.015 s
--------------------------------------- Price Problem End --------------------------------------------------------
		14 Add column : 1 col:39 	0.453
			Start solve  LP :0.453
			End solve LP obj: 26.0 t: 0
com.wlj.solver.BBSolver:
--------------------------------------- Price Problem Start --------------------------------------------------------
dualPrice.size = 80 , dualPrice = [1.0, 1.0, 1.0, 1.0, 1.0, 1.0, 1.0, 1.0, 1.0, 1.0, 1.0, 1.0, 1.0, 1.0, 1.0, 1.0, 0.5, 0.0, 1.0, 1.0, 0.5, 0.5, 1.0, 0.5, 0.0, 1.0, -0.0, 0.5, 0.0, 1.0, 0.5, 0.5, -0.0, -0.0, -0.0, -0.0, 0.0, 0.5, -0.0, -0.0, -0.0, -0.0, -0.0, -0.0, -0.0, -0.0, -0.0, -0.0, -0.0, 0.5, -0.0, -0.0, -0.0, -0.0, -0.0, -0.0, -0.0, -0.0, -0.0, -0.0, 0.5, -0.0, -0.0, -0.0, -0.0, -0.0, -0.0, -0.0, -0.0, -0.0, -0.0, -0.0, -0.0, -0.0, -0.0, -0.0, -0.0, -0.0, -0.0, -0.0]
			Active cut size: 0
W = 100 
H = 100
normalXList.size = 7
normalYList.size = 40
xList.size = 5
yList.size = 11
squareList.size = 31
myConsList.size = 0
当前上界 = 3.0
当前上界 = 2.8666666666666667
当前上界 = 2.7333333333333334
当前上界 = 2.6
当前上界 = 2.466666666666667
当前上界 = 2.3333333333333335
当前上界 = 2.2
当前上界 = 2.066666666666667
当前上界 = 1.9333333333333336
最优解：2.0
solutionList.size() = 17
pattern.getKey() = 29@49@60@
用时：0.0 s
--------------------------------------- Price Problem End --------------------------------------------------------
		15 Add column : 1 col:40 	0.453
			Start solve  LP :0.453
			End solve LP obj: 26.0 t: 0
com.wlj.solver.BBSolver:
--------------------------------------- Price Problem Start --------------------------------------------------------
dualPrice.size = 80 , dualPrice = [1.0, 1.0, 1.0, 1.0, 1.0, 1.0, 1.0, 1.0, 1.0, 1.0, 1.0, 1.0, 1.0, 1.0, 1.0, 1.0, 0.16666666666666674, 0.0, 1.0, 0.5, 0.5, 0.33333333333333337, 1.0, 0.8333333333333333, 0.16666666666666674, 0.6666666666666666, -0.0, 0.6666666666666666, 0.6666666666666666, 0.33333333333333337, 0.8333333333333333, 0.5, 0.5, -0.0, -0.0, -0.0, 0.33333333333333337, 0.16666666666666669, -0.0, -0.0, -0.0, -0.0, -0.0, -0.0, -0.0, -0.0, -0.0, -0.0, -0.0, 0.16666666666666666, -0.0, -0.0, -0.0, -0.0, -0.0, -0.0, -0.0, -0.0, -0.0, -0.0, 0.5, -0.0, -0.0, -0.0, -0.0, -0.0, -0.0, -0.0, -0.0, -0.0, -0.0, -0.0, -0.0, -0.0, -0.0, -0.0, 0.16666666666666663, -0.0, -0.0, -0.0]
			Active cut size: 0
W = 100 
H = 100
normalXList.size = 22
normalYList.size = 60
xList.size = 7
yList.size = 29
squareList.size = 36
myConsList.size = 0
当前上界 = 2.6666666666666665
当前上界 = 2.5555555555555554
当前上界 = 2.444444444444444
当前上界 = 2.333333333333333
当前上界 = 2.222222222222222
当前上界 = 2.1111111111111107
当前上界 = 1.9999999999999996
最优解：1.9999999999999996
solutionList.size() = 5
pattern.getKey() = 28@31@49@60@76@
pattern.getKey() = 27@31@49@60@76@
用时：0.031 s
--------------------------------------- Price Problem End --------------------------------------------------------
		16 Add column : 1 col:41 	0.5
			Start solve  LP :0.5
			End solve LP obj: 26.0 t: 0
com.wlj.solver.BBSolver:
--------------------------------------- Price Problem Start --------------------------------------------------------
dualPrice.size = 80 , dualPrice = [1.0, 1.0, 1.0, 1.0, 1.0, 1.0, 1.0, 1.0, 1.0, 1.0, 1.0, 1.0, 1.0, 1.0, 1.0, 1.0, 0.33333333333333337, 0.33333333333333337, 1.0, 0.6666666666666667, 0.33333333333333337, 0.6666666666666665, 1.0, 0.6666666666666666, 0.3333333333333333, 0.6666666666666667, -0.0, 0.3333333333333334, 0.3333333333333333, 0.6666666666666667, 0.6666666666666666, 0.33333333333333337, 0.33333333333333326, -0.0, -0.0, -0.0, 0.33333333333333326, 0.33333333333333337, -0.0, -0.0, -0.0, -0.0, -0.0, -0.0, -0.0, -0.0, -0.0, -0.0, -0.0, 0.0, -0.0, -0.0, -0.0, -0.0, -0.0, 0.33333333333333326, -0.0, -0.0, -0.0, -0.0, 0.3333333333333333, -0.0, -0.0, -0.0, -0.0, -0.0, -0.0, -0.0, -0.0, -0.0, -0.0, -0.0, -0.0, -0.0, -0.0, -0.0, 5.551115123125783E-17, -0.0, -0.0, -0.0]
			Active cut size: 0
W = 100 
H = 100
normalXList.size = 11
normalYList.size = 44
xList.size = 8
yList.size = 15
squareList.size = 36
myConsList.size = 0
当前上界 = 2.3333333333333335
当前上界 = 2.2444444444444445
当前上界 = 2.1555555555555554
当前上界 = 2.0666666666666664
当前上界 = 1.9777777777777776
当前上界 = 1.8888888888888888
当前上界 = 1.8
当前上界 = 1.7111111111111112
当前上界 = 1.6222222222222225
最优解：1.6666666666666665
solutionList.size() = 8
pattern.getKey() = 29@30@55@
用时：0.0 s
--------------------------------------- Price Problem End --------------------------------------------------------
		17 Add column : 1 col:42 	0.516
			Start solve  LP :0.516
			End solve LP obj: 26.0 t: 0
com.wlj.solver.BBSolver:
--------------------------------------- Price Problem Start --------------------------------------------------------
dualPrice.size = 80 , dualPrice = [1.0, 1.0, 1.0, 1.0, 1.0, 1.0, 1.0, 1.0, 1.0, 1.0, 1.0, 1.0, 1.0, 1.0, 1.0, 1.0, 0.5, 0.5, 1.0, 0.5, 0.5, 0.5, 1.0, 0.5, 0.5, 0.5, -0.0, 0.5, 0.0, 0.5, 0.5, 0.5, 0.5, -0.0, -0.0, -0.0, 0.5, 0.5, -0.0, 0.5, -0.0, -0.0, -0.0, -0.0, -0.0, -0.0, -0.0, -0.0, -0.0, 0.0, -0.0, -0.0, -0.0, -0.0, -0.0, 0.0, -0.0, -0.0, -0.0, -0.0, 0.0, -0.0, -0.0, -0.0, -0.0, -0.0, -0.0, -0.0, -0.0, -0.0, -0.0, -0.0, -0.0, -0.0, -0.0, -0.0, -0.0, -0.0, -0.0, -0.0]
			Active cut size: 0
W = 100 
H = 100
normalXList.size = 11
normalYList.size = 13
xList.size = 8
yList.size = 9
squareList.size = 34
myConsList.size = 0
当前上界 = 2.0
当前上界 = 1.9333333333333333
当前上界 = 1.8666666666666667
当前上界 = 1.8
当前上界 = 1.7333333333333334
当前上界 = 1.6666666666666667
当前上界 = 1.6
当前上界 = 1.5333333333333334
当前上界 = 1.4666666666666668
最优解：1.5
solutionList.size() = 20
pattern.getKey() = 22@32@
用时：0.0 s
--------------------------------------- Price Problem End --------------------------------------------------------
		18 Add column : 1 col:43 	0.516
			Start solve  LP :0.516
			End solve LP obj: 26.0 t: 0
com.wlj.solver.BBSolver:
--------------------------------------- Price Problem Start --------------------------------------------------------
dualPrice.size = 80 , dualPrice = [1.0, 1.0, 1.0, 1.0, 1.0, 1.0, 1.0, 1.0, 1.0, 1.0, 1.0, 1.0, 1.0, 1.0, 1.0, 1.0, 0.6000000000000001, 0.40000000000000013, 1.0, 0.8, 0.3999999999999999, 0.3999999999999999, 0.8, 0.3999999999999999, 0.19999999999999996, 0.8, -0.0, 0.6000000000000001, 0.19999999999999996, -0.0, 0.3999999999999999, -0.0, 0.19999999999999996, -0.0, -0.0, -0.0, 0.19999999999999996, 0.6000000000000001, -0.0, 0.8, 0.19999999999999996, -0.0, -0.0, -0.0, -0.0, -0.0, -0.0, -0.0, -0.0, 0.19999999999999996, -0.0, -0.0, -0.0, -0.0, -0.0, 0.6000000000000001, -0.0, -0.0, -0.0, -0.0, 0.19999999999999996, -0.0, -0.0, -0.0, -0.0, -0.0, -0.0, -0.0, -0.0, -0.0, -0.0, -0.0, -0.0, -0.0, -0.0, -0.0, -0.0, -0.0, -0.0, -0.0]
			Active cut size: 0
W = 100 
H = 100
normalXList.size = 11
normalYList.size = 52
xList.size = 8
yList.size = 27
squareList.size = 37
myConsList.size = 0
当前上界 = 3.0000000000000004
当前上界 = 2.866666666666667
当前上界 = 2.733333333333334
当前上界 = 2.6000000000000005
当前上界 = 2.4666666666666672
当前上界 = 2.333333333333334
最优解：2.4000000000000004
solutionList.size() = 3
pattern.getKey() = 37@39@40@55@60@
用时：0.0 s
--------------------------------------- Price Problem End --------------------------------------------------------
		19 Add column : 1 col:44 	0.531
			Start solve  LP :0.531
			End solve LP obj: 26.0 t: 0
com.wlj.solver.BBSolver:
--------------------------------------- Price Problem Start --------------------------------------------------------
dualPrice.size = 80 , dualPrice = [1.0, 1.0, 1.0, 1.0, 1.0, 1.0, 1.0, 1.0, 1.0, 1.0, 1.0, 1.0, 1.0, 1.0, 1.0, 1.0, 0.5, 0.5, 1.0, 0.5, 0.5, 0.5, 0.5, 0.5, 0.5, 0.5, -0.0, 0.5, 0.0, -0.0, 0.5, 0.5, 0.5, -0.0, -0.0, -0.0, 0.5, 0.5, -0.0, -0.0, 0.5, -0.0, -0.0, -0.0, -0.0, -0.0, -0.0, -0.0, -0.0, 0.0, -0.0, -0.0, -0.0, -0.0, -0.0, 0.0, -0.0, -0.0, -0.0, -0.0, 0.0, -0.0, -0.0, -0.0, -0.0, -0.0, -0.0, 1.0, -0.0, -0.0, -0.0, -0.0, -0.0, -0.0, -0.0, -0.0, -0.0, -0.0, -0.0, -0.0]
			Active cut size: 0
W = 100 
H = 100
normalXList.size = 43
normalYList.size = 13
xList.size = 9
yList.size = 7
squareList.size = 34
myConsList.size = 0
当前上界 = 3.0
当前上界 = 2.8666666666666667
当前上界 = 2.7333333333333334
当前上界 = 2.6
当前上界 = 2.466666666666667
最优解：2.5
solutionList.size() = 14
pattern.getKey() = 12@32@67@
用时：0.016 s
--------------------------------------- Price Problem End --------------------------------------------------------
		20 Add column : 1 col:45 	0.547
			Start solve  LP :0.547
			End solve LP obj: 26.0 t: 0
com.wlj.solver.BBSolver:
--------------------------------------- Price Problem Start --------------------------------------------------------
dualPrice.size = 80 , dualPrice = [1.0, 1.0, 1.0, 1.0, 1.0, 1.0, 1.0, 1.0, 1.0, 1.0, 1.0, 1.0, 0.0, 1.0, 1.0, 1.0, 0.5, 0.5, 1.0, 0.5, 0.5, 0.5, 0.5, 0.5, 0.5, 0.5, -0.0, 0.5, 0.0, 0.5, 0.5, 0.5, 0.5, 1.0, -0.0, -0.0, 0.5, 0.5, -0.0, -0.0, 0.5, -0.0, -0.0, -0.0, -0.0, -0.0, -0.0, -0.0, -0.0, 0.0, -0.0, -0.0, -0.0, -0.0, -0.0, 0.0, 0.0, -0.0, -0.0, -0.0, 0.0, -0.0, -0.0, -0.0, -0.0, -0.0, -0.0, 0.5, -0.0, -0.0, -0.0, -0.0, -0.0, -0.0, -0.0, -0.0, -0.0, -0.0, -0.0, -0.0]
			Active cut size: 0
W = 100 
H = 100
normalXList.size = 42
normalYList.size = 16
xList.size = 9
yList.size = 9
squareList.size = 35
myConsList.size = 0
当前上界 = 3.0
当前上界 = 2.8666666666666667
当前上界 = 2.7333333333333334
当前上界 = 2.6
当前上界 = 2.466666666666667
最优解：2.5
solutionList.size() = 4
pattern.getKey() = 18@33@67@
用时：0.0 s
--------------------------------------- Price Problem End --------------------------------------------------------
		21 Add column : 1 col:46 	0.547
			Start solve  LP :0.547
			End solve LP obj: 26.0 t: 0
com.wlj.solver.BBSolver:
--------------------------------------- Price Problem Start --------------------------------------------------------
dualPrice.size = 80 , dualPrice = [1.0, 1.0, 1.0, 1.0, 1.0, 1.0, 1.0, 1.0, 1.0, 1.0, 1.0, 1.0, 0.0, 1.0, 1.0, 1.0, 0.5, 0.5, -0.0, 0.5, 0.5, 0.5, 0.5, 0.5, 0.5, 0.5, -0.0, 0.5, 0.0, 0.5, 0.5, 0.5, 0.5, 0.5, -0.0, -0.0, 0.5, 0.5, -0.0, 0.0, 0.5, -0.0, 1.0, -0.0, -0.0, -0.0, -0.0, -0.0, -0.0, 0.0, -0.0, -0.0, -0.0, -0.0, -0.0, 0.0, 0.0, -0.0, -0.0, -0.0, 0.0, -0.0, -0.0, -0.0, -0.0, -0.0, -0.0, 0.5, -0.0, -0.0, -0.0, 0.5, -0.0, -0.0, -0.0, -0.0, -0.0, -0.0, -0.0, -0.0]
			Active cut size: 0
W = 100 
H = 100
normalXList.size = 44
normalYList.size = 53
xList.size = 11
yList.size = 19
squareList.size = 36
myConsList.size = 0
当前上界 = 3.5
当前上界 = 3.3333333333333335
当前上界 = 3.166666666666667
当前上界 = 3.0000000000000004
最优解：3.0
solutionList.size() = 23
pattern.getKey() = 30@33@42@67@71@
用时：0.016 s
--------------------------------------- Price Problem End --------------------------------------------------------
		22 Add column : 1 col:47 	0.563
			Start solve  LP :0.563
			End solve LP obj: 26.0 t: 0
com.wlj.solver.BBSolver:
--------------------------------------- Price Problem Start --------------------------------------------------------
dualPrice.size = 80 , dualPrice = [1.0, 1.0, 1.0, 1.0, 1.0, 1.0, 1.0, 1.0, 1.0, 1.0, 1.0, 1.0, 0.0, 1.0, 1.0, 1.0, 0.5, 0.5, 0.5, 0.5, 0.5, 0.5, 0.5, 0.5, 0.5, 0.5, -0.0, 0.5, 0.0, 0.5, 0.5, 0.5, 0.5, -0.0, -0.0, -0.0, 0.5, 0.5, -0.0, 0.0, 0.5, -0.0, -0.0, -0.0, -0.0, -0.0, -0.0, -0.0, -0.0, 0.0, -0.0, -0.0, -0.0, -0.0, -0.0, 0.0, 0.0, -0.0, -0.0, -0.0, 0.0, -0.0, -0.0, -0.0, -0.0, -0.0, -0.0, 0.5, -0.0, -0.0, -0.0, 0.0, 0.5, -0.0, -0.0, 1.0, -0.0, -0.0, -0.0, -0.0]
			Active cut size: 0
W = 100 
H = 100
normalXList.size = 45
normalYList.size = 64
xList.size = 13
yList.size = 29
squareList.size = 36
myConsList.size = 0
当前上界 = 4.0
当前上界 = 3.8
当前上界 = 3.5999999999999996
当前上界 = 3.3999999999999995
最优解：3.5
solutionList.size() = 10
pattern.getKey() = 14@40@67@72@75@
用时：0.078 s
--------------------------------------- Price Problem End --------------------------------------------------------
		23 Add column : 1 col:48 	0.641
			Start solve  LP :0.641
			End solve LP obj: 25.899999999999995 t: 0
com.wlj.solver.BBSolver:
--------------------------------------- Price Problem Start --------------------------------------------------------
dualPrice.size = 80 , dualPrice = [1.0, 1.0, 1.0, 1.0, 1.0, 1.0, 1.0, 1.0, 1.0, 1.0, 1.0, 1.0, 0.4, 1.0, -0.0, 1.0, 0.6, 0.5, 0.8, 0.6, 0.5, 0.5, 0.6, 0.5, 0.4, 0.6, -0.0, 0.5, 0.09999999999999998, 0.6, 0.4, 0.5, 0.4, -0.0, -0.0, -0.0, 0.4, 0.5, -0.0, 0.09999999999999998, 0.4, -0.0, -0.0, -0.0, -0.0, -0.0, -0.0, 1.0, -0.0, 0.0, -0.0, -0.0, -0.0, -0.0, -0.0, 0.0, 0.0, -0.0, -0.0, -0.0, -0.0, -0.0, -0.0, -0.0, -0.0, -0.0, -0.0, 0.19999999999999998, -0.0, -0.0, -0.0, 0.4, 0.19999999999999998, -0.0, -0.0, 0.19999999999999996, -0.0, -0.0, -0.0, -0.0]
			Active cut size: 0
W = 100 
H = 100
normalXList.size = 48
normalYList.size = 71
xList.size = 17
yList.size = 43
squareList.size = 40
myConsList.size = 0
当前上界 = 3.5
当前上界 = 3.3333333333333335
当前上界 = 3.166666666666667
当前上界 = 3.0000000000000004
最优解：3.1
solutionList.size() = 2
pattern.getKey() = 36@37@40@47@71@72@75@
用时：0.281 s
--------------------------------------- Price Problem End --------------------------------------------------------
		24 Add column : 1 col:49 	0.922
			Start solve  LP :0.922
			End solve LP obj: 25.837837837837835 t: 0
com.wlj.solver.BBSolver:
--------------------------------------- Price Problem Start --------------------------------------------------------
dualPrice.size = 80 , dualPrice = [1.0, 1.0, 1.0, 1.0, 1.0, 1.0, 1.0, 1.0, 1.0, 1.0, 1.0, 1.0, 0.6486486486486487, 1.0, -0.0, 1.0, 0.5675675675675677, 0.32432432432432445, 0.7162162162162162, 0.8243243243243242, 0.41891891891891897, 0.581081081081081, 0.8243243243243242, 0.5945945945945945, 0.17567567567567574, 0.8243243243243242, -0.0, 0.24324324324324342, 0.41891891891891897, 0.4054054054054055, 0.43243243243243235, 0.41891891891891897, 0.17567567567567574, 0.10810810810810825, -0.0, -0.0, 0.17567567567567574, 0.4054054054054055, -0.0, -0.0, 0.17567567567567574, -0.0, 0.2837837837837838, -0.0, -0.0, -0.0, -0.0, -0.0, -0.0, 0.08108108108108103, -0.0, -0.0, -0.0, -0.0, -0.0, 0.16216216216216206, 0.17567567567567555, -0.0, -0.0, 1.0, 0.2567567567567566, -0.0, -0.0, -0.0, -0.0, -0.0, -0.0, 0.17567567567567557, -0.0, -0.0, -0.0, -0.0, -0.0, -0.0, -0.0, 0.24324324324324303, -0.0, -0.0, -0.0, -0.0]
			Active cut size: 0
W = 100 
H = 100
normalXList.size = 53
normalYList.size = 75
xList.size = 21
yList.size = 51
squareList.size = 43
myConsList.size = 0
当前上界 = 3.3243243243243232
当前上界 = 3.1693693693693685
当前上界 = 3.014414414414414
当前上界 = 2.859459459459459
当前上界 = 2.7045045045045044
最优解：2.729729729729729
solutionList.size() = 1
pattern.getKey() = 23@42@56@59@60@67@75@
用时：0.094 s
--------------------------------------- Price Problem End --------------------------------------------------------
		25 Add column : 1 col:50 	1.016
			Start solve  LP :1.016
			End solve LP obj: 25.821428571428577 t: 0
com.wlj.solver.BBSolver:
--------------------------------------- Price Problem Start --------------------------------------------------------
dualPrice.size = 80 , dualPrice = [1.0, 1.0, 1.0, 1.0, 1.0, 1.0, 1.0, 1.0, 1.0, 1.0, 1.0, 1.0, 0.7142857142857143, 1.0, 0.7142857142857142, 1.0, 0.6499999999999999, 0.44285714285714284, 0.6928571428571428, 0.7357142857142858, 0.4714285714285714, 0.5285714285714286, 0.7357142857142858, 0.5285714285714286, 0.2642857142857143, 0.7357142857142858, -0.0, 0.41428571428571415, 0.2642857142857143, 0.5928571428571429, 0.3500000000000001, 0.4714285714285714, 0.2642857142857143, 0.2857142857142857, -0.0, -0.0, 0.2642857142857143, 0.4714285714285714, -0.0, 0.12142857142857155, 0.2642857142857143, -0.0, 0.30714285714285716, -0.0, -0.0, -0.0, -0.0, -0.0, -0.0, 0.02857142857142858, -0.0, -0.0, -0.0, -0.0, -0.0, 0.05714285714285712, 0.05714285714285716, -0.0, -0.0, -0.0, 0.08571428571428577, -0.0, -0.0, -0.0, -0.0, -0.0, 0.2857142857142858, 0.021428571428571436, -0.0, -0.0, -0.0, -0.0, -0.0, -0.0, -0.0, -0.0, -0.0, -0.0, -0.0, -0.0]
			Active cut size: 0
W = 100 
H = 100
normalXList.size = 51
normalYList.size = 63
xList.size = 19
yList.size = 41
squareList.size = 44
myConsList.size = 0
当前上界 = 2.185714285714286
当前上界 = 2.106666666666667
当前上界 = 2.027619047619048
当前上界 = 1.9485714285714288
当前上界 = 1.8695238095238098
当前上界 = 1.7904761904761908
当前上界 = 1.7114285714285717
当前上界 = 1.6323809523809527
最优解：1.6928571428571428
solutionList.size() = 1
pattern.getKey() = 16@37@40@66@67@
用时：0.093 s
--------------------------------------- Price Problem End --------------------------------------------------------
		26 Add column : 1 col:51 	1.109
			Start solve  LP :1.109
			End solve LP obj: 25.76190476190476 t: 0
com.wlj.solver.BBSolver:
--------------------------------------- Price Problem Start --------------------------------------------------------
dualPrice.size = 80 , dualPrice = [1.0, 1.0, 1.0, 1.0, 1.0, 1.0, 1.0, 1.0, 1.0, 1.0, 1.0, 1.0, 0.7857142857142857, 1.0, 0.7857142857142857, 1.0, 0.4285714285714286, 0.33333333333333326, 1.0, 0.7857142857142857, 0.4761904761904762, 0.5238095238095237, 0.7857142857142857, 0.6428571428571429, 0.2142857142857143, 0.7857142857142857, -0.0, 0.30952380952380953, 0.4285714285714286, 0.380952380952381, 0.5714285714285714, 0.4761904761904763, 0.2142857142857143, 0.0, -0.0, -0.0, 0.2142857142857143, 0.3571428571428571, -0.0, 0.19047619047619047, 0.2142857142857143, -0.0, -0.0, -0.0, -0.0, -0.0, -0.0, -0.0, -0.0, 0.023809523809523836, -0.0, -0.0, -0.0, -0.0, -0.0, 0.04761904761904767, 0.16666666666666669, -0.0, -0.0, -0.0, 0.1904761904761904, -0.0, -0.0, -0.0, -0.0, -0.0, -0.0, -0.0, -0.0, 0.2142857142857143, -0.0, 0.2142857142857143, -0.0, -0.0, -0.0, -0.0, -0.0, -0.0, -0.0, -0.0]
			Active cut size: 0
W = 100 
H = 100
normalXList.size = 52
normalYList.size = 68
xList.size = 17
yList.size = 41
squareList.size = 42
myConsList.size = 0
当前上界 = 2.428571428571429
当前上界 = 2.3333333333333335
当前上界 = 2.238095238095238
当前上界 = 2.142857142857143
当前上界 = 2.0476190476190474
当前上界 = 1.952380952380952
当前上界 = 1.8571428571428568
当前上界 = 1.7619047619047614
最优解：1.7857142857142856
solutionList.size() = 1
pattern.getKey() = 23@37@56@60@69@71@
用时：0.032 s
--------------------------------------- Price Problem End --------------------------------------------------------
		27 Add column : 1 col:52 	1.141
			Start solve  LP :1.141
			End solve LP obj: 25.693333333333324 t: 0
com.wlj.solver.BBSolver:
--------------------------------------- Price Problem Start --------------------------------------------------------
dualPrice.size = 80 , dualPrice = [1.0, 1.0, 1.0, 1.0, 1.0, 1.0, 1.0, 1.0, 1.0, 1.0, 1.0, 1.0, 0.7000000000000001, 1.0, 0.6000000000000001, 1.0, 0.4, 0.43333333333333335, 0.8, 0.7000000000000001, 0.4733333333333333, 0.5266666666666667, 0.7000000000000001, 0.5666666666666667, 0.29999999999999993, 0.7000000000000001, -0.0, 0.43333333333333324, 0.4, 0.3466666666666667, 0.6, 0.4733333333333334, 0.29999999999999993, 0.2, -0.0, -0.0, 0.29999999999999993, 0.30000000000000004, -0.0, 0.2533333333333333, 0.29999999999999993, -0.0, 0.2, -0.0, -0.0, -0.0, -0.0, -0.0, -0.0, -0.0, -0.0, -0.0, -0.0, -0.0, -0.0, 0.053333333333333344, 0.040000000000000036, -0.0, -0.0, -0.0, 0.09333333333333335, -0.0, -0.0, -0.0, -0.0, -0.0, -0.0, -0.0, -0.0, -0.0, -0.0, -0.0, -0.0, -0.0, -0.0, 0.09999999999999992, -0.0, -0.0, 0.3999999999999999, -0.0]
			Active cut size: 0
W = 100 
H = 100
normalXList.size = 19
normalYList.size = 77
xList.size = 14
yList.size = 53
squareList.size = 43
myConsList.size = 0
当前上界 = 2.5
当前上界 = 2.4
当前上界 = 2.3
当前上界 = 2.1999999999999997
当前上界 = 2.0999999999999996
当前上界 = 1.9999999999999996
当前上界 = 1.8999999999999995
当前上界 = 1.7999999999999994
最优解：1.853333333333333
solutionList.size() = 1
pattern.getKey() = 9@40@55@75@78@
用时：0.203 s
--------------------------------------- Price Problem End --------------------------------------------------------
		28 Add column : 1 col:53 	1.344
			Start solve  LP :1.344
			End solve LP obj: 25.693333333333324 t: 0
com.wlj.solver.BBSolver:
--------------------------------------- Price Problem Start --------------------------------------------------------
dualPrice.size = 80 , dualPrice = [1.0, 1.0, 1.0, 1.0, 1.0, 1.0, 1.0, 1.0, 1.0, 0.14666666666666683, 1.0, 1.0, 0.7000000000000001, 1.0, 0.6000000000000001, 1.0, 0.4, 0.43333333333333335, 0.8, 0.7000000000000001, 0.4733333333333333, 0.5266666666666667, 0.7000000000000001, 0.5666666666666667, 0.29999999999999993, 0.7000000000000001, 0.8533333333333332, 0.43333333333333324, 0.4, 0.3466666666666667, 0.6, 0.4733333333333334, 0.29999999999999993, 0.2, -0.0, -0.0, 0.29999999999999993, 0.30000000000000004, -0.0, 0.2533333333333333, 0.29999999999999993, -0.0, 0.2, -0.0, -0.0, -0.0, -0.0, -0.0, -0.0, -0.0, -0.0, -0.0, -0.0, -0.0, -0.0, 0.053333333333333344, 0.040000000000000036, -0.0, -0.0, -0.0, 0.09333333333333335, -0.0, -0.0, -0.0, -0.0, -0.0, -0.0, -0.0, -0.0, -0.0, -0.0, -0.0, -0.0, -0.0, -0.0, 0.09999999999999992, -0.0, -0.0, 0.3999999999999999, -0.0]
			Active cut size: 0
W = 100 
H = 100
normalXList.size = 19
normalYList.size = 77
xList.size = 14
yList.size = 53
squareList.size = 44
myConsList.size = 0
当前上界 = 2.5
当前上界 = 2.4
当前上界 = 2.3
当前上界 = 2.1999999999999997
最优解：2.2066666666666666
solutionList.size() = 1
pattern.getKey() = 26@30@39@75@78@
用时：0.047 s
--------------------------------------- Price Problem End --------------------------------------------------------
		29 Add column : 1 col:54 	1.391
			Start solve  LP :1.391
			End solve LP obj: 25.642276422764223 t: 0
com.wlj.solver.BBSolver:
--------------------------------------- Price Problem Start --------------------------------------------------------
dualPrice.size = 80 , dualPrice = [1.0, 1.0, 1.0, 1.0, 1.0, 1.0, 1.0, 1.0, 1.0, 0.6829268292682926, 1.0, 1.0, 0.7560975609756098, 1.0, 0.7317073170731708, 1.0, 0.46341463414634154, 0.43089430894308944, 0.7560975609756098, 0.7560975609756098, 0.46341463414634143, 0.5365853658536586, 0.7560975609756098, 0.5691056910569106, 0.24390243902439024, 0.7560975609756098, 0.3170731707317073, 0.4308943089430893, 0.46341463414634143, 0.39024390243902446, 0.5365853658536585, 0.4634146341463415, 0.24390243902439024, 0.24390243902439024, -0.0, -0.0, 0.24390243902439024, 0.2926829268292682, -0.0, 0.1463414634146341, 0.24390243902439024, -0.0, 0.2195121951219513, -0.0, -0.0, -0.0, -0.0, 0.19512195121951237, -0.0, -0.0, -0.0, -0.0, -0.0, -0.0, -0.0, 0.07317073170731708, 0.032520325203252154, -0.0, -0.0, 0.0731707317073168, 0.10569105691056907, -0.0, -0.0, -0.0, -0.0, -0.0, -0.0, -0.0, -0.0, -0.0, -0.0, -0.0, 0.024390243902438935, -0.0, -0.0, -0.0, -0.0, -0.0, -0.0, -0.0]
			Active cut size: 0
W = 100 
H = 100
normalXList.size = 51
normalYList.size = 64
xList.size = 21
yList.size = 39
squareList.size = 45
myConsList.size = 0
当前上界 = 2.024390243902439
当前上界 = 1.9560975609756097
当前上界 = 1.8878048780487804
当前上界 = 1.819512195121951
当前上界 = 1.7512195121951217
当前上界 = 1.6829268292682924
当前上界 = 1.614634146341463
当前上界 = 1.5463414634146337
当前上界 = 1.4780487804878044
当前上界 = 1.409756097560975
当前上界 = 1.3414634146341458
当前上界 = 1.2731707317073164
最优解：1.3170731707317074
solutionList.size() = 2
pattern.getKey() = 22@40@42@55@72@
用时：0.078 s
--------------------------------------- Price Problem End --------------------------------------------------------
		30 Add column : 1 col:55 	1.469
			Start solve  LP :1.469
			End solve LP obj: 25.574074074074083 t: 0
com.wlj.solver.BBSolver:
--------------------------------------- Price Problem Start --------------------------------------------------------
dualPrice.size = 80 , dualPrice = [1.0, 1.0, 1.0, 1.0, 1.0, 1.0, 1.0, 1.0, 1.0, 0.7777777777777778, 1.0, 1.0, 0.8888888888888888, 1.0, 0.7777777777777777, 1.0, 0.4444444444444444, 0.4814814814814815, 1.0, 0.8888888888888888, 0.5, 0.5, 0.8888888888888888, 0.5185185185185185, 0.1111111111111111, 0.8888888888888888, 0.2222222222222222, 0.4814814814814815, 0.4444444444444445, 0.4444444444444444, 0.5555555555555556, 0.5, 0.1111111111111111, 0.0, -0.0, -0.0, 0.1111111111111111, 0.4444444444444444, -0.0, 0.1111111111111111, 0.1111111111111111, -0.0, 0.0, -0.0, -0.0, -0.0, -0.0, 0.22222222222222227, -0.0, -0.0, -0.0, -0.0, -0.0, -0.0, -0.0, -0.0, 0.01851851851851849, -0.0, -0.0, 0.0, 0.018518518518518517, -0.0, -0.0, -0.0, -0.0, -0.0, -0.0, -0.0, -0.0, -0.0, -0.0, -0.0, -0.0, -0.0, -0.0, 0.1111111111111111, -0.0, -0.0, -0.0, -0.0]
			Active cut size: 0
W = 100 
H = 100
normalXList.size = 16
normalYList.size = 67
xList.size = 10
yList.size = 35
squareList.size = 41
myConsList.size = 0
当前上界 = 2.2222222222222223
当前上界 = 2.140740740740741
当前上界 = 2.0592592592592593
当前上界 = 1.9777777777777779
当前上界 = 1.8962962962962964
当前上界 = 1.8148148148148149
当前上界 = 1.7333333333333334
当前上界 = 1.651851851851852
当前上界 = 1.5703703703703704
当前上界 = 1.488888888888889
当前上界 = 1.4074074074074074
最优解：1.4444444444444446
solutionList.size() = 2
pattern.getKey() = 30@37@40@47@75@
用时：0.015 s
--------------------------------------- Price Problem End --------------------------------------------------------
		31 Add column : 1 col:56 	1.484
			Start solve  LP :1.484
			End solve LP obj: 25.52380952380952 t: 0
com.wlj.solver.BBSolver:
--------------------------------------- Price Problem Start --------------------------------------------------------
dualPrice.size = 80 , dualPrice = [1.0, 1.0, 1.0, 1.0, 1.0, 1.0, 1.0, 1.0, 1.0, 0.7142857142857143, 1.0, 1.0, 0.8571428571428572, 1.0, 0.8571428571428572, 1.0, 0.5714285714285714, 0.47619047619047616, 1.0, 0.8571428571428572, 0.4285714285714286, 0.5714285714285714, 0.8571428571428572, 0.47619047619047616, 0.14285714285714285, 0.8571428571428572, 0.2857142857142857, 0.4285714285714286, 0.42857142857142855, 0.42857142857142855, 0.42857142857142855, 0.42857142857142855, 0.14285714285714285, -0.0, -0.0, -0.0, 0.14285714285714285, 0.42857142857142855, -0.0, 0.14285714285714285, 0.0, -0.0, 0.0, -0.0, -0.0, -0.0, -0.0, -0.0, -0.0, 0.04761904761904767, -0.0, -0.0, -0.0, -0.0, -0.0, 0.14285714285714285, -0.0, -0.0, -0.0, 0.1428571428571428, 0.09523809523809523, -0.0, -0.0, -0.0, -0.0, -0.0, -0.0, -0.0, -0.0, -0.0, -0.0, -0.0, -0.0, -0.0, -0.0, 0.14285714285714285, -0.0, -0.0, -0.0, -0.0]
			Active cut size: 0
W = 100 
H = 100
normalXList.size = 44
normalYList.size = 71
xList.size = 13
yList.size = 43
squareList.size = 41
myConsList.size = 0
当前上界 = 2.2857142857142856
当前上界 = 2.1999999999999997
当前上界 = 2.114285714285714
当前上界 = 2.028571428571428
当前上界 = 1.9428571428571424
当前上界 = 1.8571428571428568
当前上界 = 1.7714285714285711
当前上界 = 1.6857142857142855
当前上界 = 1.5999999999999999
当前上界 = 1.5142857142857142
当前上界 = 1.4285714285714286
最优解：1.4285714285714284
solutionList.size() = 2
pattern.getKey() = 23@37@55@59@60@75@
用时：0.032 s
--------------------------------------- Price Problem End --------------------------------------------------------
		32 Add column : 1 col:57 	1.516
			Start solve  LP :1.516
			End solve LP obj: 25.52380952380952 t: 0
com.wlj.solver.BBSolver:
--------------------------------------- Price Problem Start --------------------------------------------------------
dualPrice.size = 80 , dualPrice = [1.0, 1.0, 1.0, 1.0, 1.0, 1.0, 1.0, 1.0, 1.0, 0.7857142857142857, 1.0, 1.0, 0.7857142857142857, 1.0, 0.9285714285714286, 1.0, 0.5, 0.5476190476190476, 1.0, 0.7857142857142857, 0.4285714285714286, 0.5714285714285714, 0.7857142857142857, 0.33333333333333326, 0.2142857142857143, 0.7857142857142857, 0.2142857142857143, 0.4285714285714286, 0.3571428571428571, 0.3571428571428571, 0.49999999999999994, 0.4285714285714285, 0.2142857142857143, -0.0, -0.0, -0.0, 0.2142857142857143, 0.42857142857142855, -0.0, 0.2857142857142858, 0.0714285714285714, -0.0, 0.0, -0.0, -0.0, -0.0, -0.0, -0.0, -0.0, 0.11904761904761918, -0.0, -0.0, -0.0, -0.0, -0.0, 0.1428571428571429, -0.0, -0.0, -0.0, 0.0714285714285714, 0.023809523809523836, -0.0, -0.0, -0.0, -0.0, -0.0, -0.0, -0.0, -0.0, -0.0, -0.0, 0.2142857142857143, -0.0, -0.0, -0.0, -0.0, -0.0, -0.0, -0.0, -0.0]
			Active cut size: 0
W = 100 
H = 100
normalXList.size = 45
normalYList.size = 66
xList.size = 13
yList.size = 37
squareList.size = 42
myConsList.size = 0
当前上界 = 2.2857142857142856
当前上界 = 2.1999999999999997
当前上界 = 2.114285714285714
当前上界 = 2.028571428571428
当前上界 = 1.9428571428571424
当前上界 = 1.8571428571428568
当前上界 = 1.7714285714285711
当前上界 = 1.6857142857142855
当前上界 = 1.5999999999999999
当前上界 = 1.5142857142857142
当前上界 = 1.4285714285714286
最优解：1.4285714285714286
solutionList.size() = 3
pattern.getKey() = 21@37@55@59@71@
用时：0.015 s
--------------------------------------- Price Problem End --------------------------------------------------------
		33 Add column : 1 col:58 	1.531
			Start solve  LP :1.531
			End solve LP obj: 25.50793650793651 t: 0
com.wlj.solver.BBSolver:
--------------------------------------- Price Problem Start --------------------------------------------------------
dualPrice.size = 80 , dualPrice = [1.0, 1.0, 1.0, 1.0, 1.0, 1.0, 1.0, 1.0, 1.0, 0.6984126984126983, 1.0, 1.0, 0.9047619047619047, 1.0, 0.873015873015873, 1.0, 0.5396825396825398, 0.47619047619047616, 1.0, 0.9047619047619047, 0.47619047619047616, 0.5238095238095238, 0.9047619047619047, 0.4126984126984126, 0.09523809523809534, 0.9047619047619047, 0.30158730158730174, 0.36507936507936495, 0.47619047619047616, 0.4920634920634921, 0.46031746031746024, 0.47619047619047616, 0.09523809523809529, -0.0, -0.0, -0.0, 0.09523809523809534, 0.4126984126984126, -0.0, 0.031746031746031744, 0.04761904761904763, -0.0, 0.0, -0.0, -0.0, -0.0, -0.0, -0.0, -0.0, 0.11111111111111127, -0.0, -0.0, -0.0, -0.0, -0.0, 0.04761904761904767, 0.11111111111111122, -0.0, -0.0, -0.0, 0.04761904761904767, -0.0, -0.0, -0.0, -0.0, -0.0, -0.0, -0.0, -0.0, -0.0, -0.0, 0.015873015873015872, -0.0, -0.0, -0.0, 0.07936507936507942, -0.0, -0.0, 0.12698412698412703, -0.0]
			Active cut size: 0
W = 100 
H = 100
normalXList.size = 18
normalYList.size = 97
xList.size = 12
yList.size = 93
squareList.size = 44
myConsList.size = 0
当前上界 = 2.349206349206349
当前上界 = 2.259259259259259
当前上界 = 2.1693121693121693
当前上界 = 2.0793650793650795
当前上界 = 1.9894179894179895
当前上界 = 1.8994708994708995
当前上界 = 1.8095238095238095
当前上界 = 1.7195767195767195
当前上界 = 1.6296296296296295
当前上界 = 1.5396825396825395
当前上界 = 1.4497354497354495
最优解：1.523809523809524
solutionList.size() = 1
pattern.getKey() = 25@26@56@75@78@
用时：0.688 s
--------------------------------------- Price Problem End --------------------------------------------------------
		34 Add column : 1 col:59 	2.219
			Start solve  LP :2.219
			End solve LP obj: 25.503937007874026 t: 15
com.wlj.solver.BBSolver:
--------------------------------------- Price Problem Start --------------------------------------------------------
dualPrice.size = 80 , dualPrice = [1.0, 1.0, 1.0, 1.0, 1.0, 1.0, 1.0, 1.0, 1.0, 0.8503937007874016, 1.0, 1.0, 0.952755905511811, 1.0, 0.937007874015748, 1.0, 0.5196850393700787, 0.4881889763779528, 1.0, 0.6929133858267718, 0.4881889763779528, 0.5118110236220472, 0.952755905511811, 0.45669291338582674, 0.30708661417322825, 0.6929133858267718, 0.14960629921259844, 0.4330708661417323, 0.2362204724409449, 0.49606299212598426, 0.4803149606299213, 0.4881889763779528, 0.04724409448818899, -0.0, -0.0, -0.0, 0.30708661417322825, 0.4566929133858268, -0.0, 0.2677165354330709, 0.023622047244094502, -0.0, 0.0, -0.0, -0.0, -0.0, -0.0, -0.0, -0.0, 0.055118110236220486, -0.0, -0.0, -0.0, -0.0, -0.0, 0.02362204724409449, 0.055118110236220486, -0.0, -0.0, -0.0, 0.023622047244094474, -0.0, -0.0, -0.0, -0.0, -0.0, -0.0, -0.0, -0.0, -0.0, -0.0, 0.007874015748031482, -0.0, -0.0, -0.0, 0.039370078740157466, -0.0, -0.0, 0.06299212598425197, -0.0]
			Active cut size: 0
W = 100 
H = 100
normalXList.size = 18
normalYList.size = 97
xList.size = 12
yList.size = 93
squareList.size = 44
myConsList.size = 0
当前上界 = 2.1653543307086616
当前上界 = 2.087664041994751
当前上界 = 2.0099737532808404
当前上界 = 1.9322834645669296
当前上界 = 1.8545931758530187
当前上界 = 1.776902887139108
当前上界 = 1.6992125984251971
当前上界 = 1.6215223097112863
当前上界 = 1.5438320209973755
当前上界 = 1.4661417322834647
当前上界 = 1.3884514435695539
最优解：1.4015748031496063
solutionList.size() = 1
pattern.getKey() = 14@36@56@75@78@
用时：0.407 s
--------------------------------------- Price Problem End --------------------------------------------------------
		35 Add column : 1 col:60 	2.641
			Start solve  LP :2.641
			End solve LP obj: 25.500000000000007 t: 0
com.wlj.solver.BBSolver:
--------------------------------------- Price Problem Start --------------------------------------------------------
dualPrice.size = 80 , dualPrice = [1.0, 1.0, 1.0, 1.0, 1.0, 1.0, 1.0, 1.0, 1.0, 0.875, 1.0, 1.0, 1.0, 1.0, 0.875, 1.0, 0.5, 0.5, 1.0, 1.0, 0.5, 0.5, 1.0, 0.49999999999999994, 0.25, 0.75, 0.125, 0.5, 0.25, 0.5, 0.5, 0.5, 0.0, -0.0, -0.0, -0.0, 0.0, 0.5, -0.0, 0.25, 0.0, -0.0, 0.0, -0.0, -0.0, -0.0, -0.0, -0.0, -0.0, 0.0, -0.0, -0.0, -0.0, -0.0, -0.0, 0.0, 0.0, -0.0, -0.0, -0.0, -2.7755575615628914E-17, -0.0, -0.0, -0.0, -0.0, -0.0, -0.0, -0.0, -0.0, -0.0, -0.0, -0.0, -0.0, -0.0, -0.0, 0.0, -0.0, -0.0, 0.125, -0.0]
			Active cut size: 0
W = 100 
H = 100
normalXList.size = 15
normalYList.size = 48
xList.size = 10
yList.size = 15
squareList.size = 35
myConsList.size = 0
当前上界 = 2.375
当前上界 = 2.283333333333333
当前上界 = 2.1916666666666664
当前上界 = 2.0999999999999996
当前上界 = 2.008333333333333
当前上界 = 1.9166666666666663
当前上界 = 1.8249999999999997
当前上界 = 1.7333333333333332
当前上界 = 1.6416666666666666
当前上界 = 1.55
当前上界 = 1.4583333333333335
当前上界 = 1.366666666666667
最优解：1.375
solutionList.size() = 4
pattern.getKey() = 30@37@39@78@
用时：0.0 s
--------------------------------------- Price Problem End --------------------------------------------------------
		36 Add column : 1 col:61 	2.641
			Start solve  LP :2.641
			End solve LP obj: 25.500000000000007 t: 0
com.wlj.solver.BBSolver:
--------------------------------------- Price Problem Start --------------------------------------------------------
dualPrice.size = 80 , dualPrice = [1.0, 1.0, 1.0, 1.0, 1.0, 1.0, 1.0, 1.0, 1.0, 1.0, 1.0, 1.0, 1.0, 1.0, 1.0, 1.0, 0.5, 0.5, 1.0, 1.0, 0.5, 0.5, 1.0, 0.49999999999999994, 0.0, 1.0, 0.0, 0.5, 0.5, 0.5, 0.5, 0.5, 0.0, -0.0, -0.0, -0.0, -0.0, 0.5, -0.0, 0.0, 0.0, -0.0, 0.0, -0.0, -0.0, -0.0, -0.0, -0.0, -0.0, 0.0, -0.0, -0.0, -0.0, -0.0, -0.0, 0.0, 0.0, -0.0, -0.0, -0.0, -2.7755575615628914E-17, -0.0, -0.0, -0.0, -0.0, -0.0, -0.0, -0.0, -0.0, -0.0, -0.0, -0.0, -0.0, -0.0, -0.0, 0.0, -0.0, -0.0, 0.0, -0.0]
			Active cut size: 0
W = 100 
H = 100
normalXList.size = 8
normalYList.size = 6
xList.size = 6
yList.size = 5
squareList.size = 31
myConsList.size = 0
当前上界 = 2.5
当前上界 = 2.4
当前上界 = 2.3
当前上界 = 2.1999999999999997
当前上界 = 2.0999999999999996
当前上界 = 1.9999999999999996
当前上界 = 1.8999999999999995
当前上界 = 1.7999999999999994
当前上界 = 1.6999999999999993
当前上界 = 1.5999999999999992
当前上界 = 1.4999999999999991
最优解：1.5
solutionList.size() = 1
pattern.getKey() = 28@29@37@
用时：0.0 s
--------------------------------------- Price Problem End --------------------------------------------------------
		37 Add column : 1 col:62 	2.641
			Start solve  LP :2.641
			End solve LP obj: 25.46428571428571 t: 0
com.wlj.solver.BBSolver:
--------------------------------------- Price Problem Start --------------------------------------------------------
dualPrice.size = 80 , dualPrice = [1.0, 1.0, 1.0, 1.0, 1.0, 1.0, 1.0, 1.0, 1.0, 0.75, 1.0, 1.0, 0.8571428571428571, 1.0, 0.7857142857142857, 1.0, 0.5714285714285714, 0.4642857142857143, 1.0, 0.8571428571428571, 0.5, 0.5, 0.8571428571428571, 0.5357142857142857, 0.3928571428571429, 0.6071428571428571, 0.25, 0.4642857142857143, 0.3214285714285714, 0.3928571428571429, 0.4285714285714286, 0.5, 0.1428571428571429, 0.0, -0.0, -0.0, 0.1428571428571429, 0.2857142857142857, -0.0, 0.2857142857142857, 0.1428571428571429, -0.0, 0.0, -0.0, -0.0, -0.0, -0.0, 0.1071428571428571, -0.0, -0.0, -0.0, -0.0, -0.0, -0.0, -0.0, -0.0, 0.035714285714285726, -0.0, -0.0, 0.1071428571428572, 0.035714285714285726, -0.0, -0.0, -0.0, -0.0, -0.0, -0.0, -0.0, -0.0, -0.0, -0.0, 0.1071428571428572, -0.0, -0.0, -0.0, 0.0357142857142857, -0.0, -0.0, -0.0, -0.0]
			Active cut size: 0
W = 100 
H = 100
normalXList.size = 46
normalYList.size = 74
xList.size = 15
yList.size = 49
squareList.size = 43
myConsList.size = 0
当前上界 = 2.2142857142857144
当前上界 = 2.1333333333333333
当前上界 = 2.052380952380952
当前上界 = 1.9714285714285713
当前上界 = 1.8904761904761904
当前上界 = 1.8095238095238095
当前上界 = 1.7285714285714286
当前上界 = 1.6476190476190478
当前上界 = 1.5666666666666669
当前上界 = 1.485714285714286
当前上界 = 1.404761904761905
当前上界 = 1.3238095238095242
最优解：1.3571428571428572
solutionList.size() = 1
pattern.getKey() = 19@24@71@
用时：0.062 s
--------------------------------------- Price Problem End --------------------------------------------------------
		38 Add column : 1 col:63 	2.703
			Start solve  LP :2.703
			End solve LP obj: 25.41791044776118 t: 0
com.wlj.solver.BBSolver:
--------------------------------------- Price Problem Start --------------------------------------------------------
dualPrice.size = 80 , dualPrice = [1.0, 1.0, 1.0, 1.0, 1.0, 1.0, 1.0, 1.0, 1.0, 0.9253731343283582, 1.0, 1.0, 0.8283582089552238, 1.0, 0.7313432835820894, 1.0, 0.6417910447761194, 0.4402985074626866, 0.8656716417910447, 0.8283582089552238, 0.5, 0.5, 0.8283582089552238, 0.5597014925373134, 0.17164179104477617, 0.8283582089552238, 0.07462686567164178, 0.4402985074626865, 0.5, 0.17910447761194032, 0.35820895522388063, 0.5, 0.17164179104477617, 0.13432835820895528, -0.0, -0.0, 0.17164179104477617, 0.3208955223880597, -0.0, 0.3208955223880597, 0.03731343283582089, -0.0, 0.13432835820895528, -0.0, -0.0, -0.0, -0.0, 0.24626865671641784, -0.0, -0.0, -0.0, -0.0, -0.0, -0.0, -0.0, -0.0, 0.059701492537313494, -0.0, -0.0, 0.022388059701492713, 0.05970149253731343, -0.0, -0.0, -0.0, -0.0, -0.0, -0.0, -0.0, -0.0, -0.0, -0.0, 0.0, -0.0, -0.0, -0.0, 0.03731343283582089, -0.0, -0.0, -0.0, -0.0]
			Active cut size: 0
W = 100 
H = 100
normalXList.size = 49
normalYList.size = 70
xList.size = 17
yList.size = 41
squareList.size = 44
myConsList.size = 0
当前上界 = 2.0373134328358207
当前上界 = 1.9681592039800992
当前上界 = 1.8990049751243778
当前上界 = 1.8298507462686564
当前上界 = 1.760696517412935
当前上界 = 1.6915422885572136
当前上界 = 1.6223880597014921
当前上界 = 1.5532338308457707
当前上界 = 1.4840796019900493
当前上界 = 1.4149253731343279
当前上界 = 1.3457711442786064
当前上界 = 1.276616915422885
最优解：1.3432835820895521
solutionList.size() = 2
pattern.getKey() = 9@36@47@
用时：0.031 s
--------------------------------------- Price Problem End --------------------------------------------------------
		39 Add column : 1 col:64 	2.734
			Start solve  LP :2.734
			End solve LP obj: 25.333333333333332 t: 0
com.wlj.solver.BBSolver:
--------------------------------------- Price Problem Start --------------------------------------------------------
dualPrice.size = 80 , dualPrice = [1.0, 1.0, 1.0, 1.0, 1.0, 1.0, 1.0, 1.0, 1.0, 0.9523809523809523, 1.0, 1.0, 0.9523809523809523, 1.0, 0.9047619047619047, 1.0, 0.6666666666666667, 0.45238095238095233, 0.9523809523809523, 0.9523809523809523, 0.5, 0.5, 0.9523809523809523, 0.5476190476190477, 0.04761904761904767, 0.9523809523809523, -0.0, 0.45238095238095233, 0.5, 0.16666666666666663, 0.3333333333333333, 0.5, 0.04761904761904767, 0.04761904761904767, -0.0, -0.0, 0.04761904761904767, 0.3333333333333333, -0.0, 0.33333333333333337, -0.0, -0.0, 0.04761904761904767, -0.0, -0.0, -0.0, -0.0, -0.0, -0.0, -0.0, -0.0, -0.0, -0.0, -0.0, -0.0, -0.0, 0.04761904761904767, -0.0, -0.0, 0.07142857142857142, 0.047619047619047644, -0.0, -0.0, -0.0, -0.0, -0.0, -0.0, -0.0, -0.0, 0.02380952380952392, -0.0, 0.0, -0.0, -0.0, -0.0, -0.0, -0.0, -0.0, -0.0, -0.0]
			Active cut size: 0
W = 100 
H = 100
normalXList.size = 62
normalYList.size = 48
xList.size = 31
yList.size = 19
squareList.size = 41
myConsList.size = 0
当前上界 = 2.238095238095238
当前上界 = 2.1555555555555554
当前上界 = 2.0730158730158728
当前上界 = 1.9904761904761903
当前上界 = 1.9079365079365078
当前上界 = 1.8253968253968254
当前上界 = 1.7428571428571429
当前上界 = 1.6603174603174604
当前上界 = 1.577777777777778
当前上界 = 1.4952380952380955
当前上界 = 1.412698412698413
当前上界 = 1.3301587301587305
当前上界 = 1.247619047619048
当前上界 = 1.1650793650793656
最优解：1.1666666666666667
solutionList.size() = 3
pattern.getKey() = 23@31@59@60@
用时：0.032 s
--------------------------------------- Price Problem End --------------------------------------------------------
		40 Add column : 1 col:65 	2.766
			Start solve  LP :2.766
			End solve LP obj: 25.333333333333332 t: 0
com.wlj.solver.BBSolver:
--------------------------------------- Price Problem Start --------------------------------------------------------
dualPrice.size = 80 , dualPrice = [1.0, 1.0, 1.0, 1.0, 1.0, 1.0, 1.0, 1.0, 1.0, 1.0, 1.0, 1.0, 1.0, 1.0, 1.0, 1.0, 0.6666666666666667, 0.5, 1.0, 1.0, 0.5, 0.5, 1.0, 0.5, 0.0, 1.0, -0.0, 0.5, 0.5, 0.16666666666666663, 0.3333333333333333, 0.5, 0.0, 0.0, -0.0, -0.0, 0.0, 0.3333333333333333, -0.0, 0.33333333333333337, -0.0, -0.0, 0.0, -0.0, -0.0, -0.0, -0.0, -0.0, -0.0, -0.0, -0.0, -0.0, -0.0, -0.0, -0.0, -0.0, 0.0, -0.0, -0.0, -0.0, 0.0, -0.0, -0.0, -0.0, -0.0, -0.0, -0.0, -0.0, -0.0, 0.0, -0.0, 0.0, -0.0, -0.0, -0.0, -0.0, -0.0, -0.0, -0.0, -0.0]
			Active cut size: 0
W = 100 
H = 100
normalXList.size = 10
normalYList.size = 6
xList.size = 8
yList.size = 5
squareList.size = 32
myConsList.size = 0
当前上界 = 2.3333333333333335
当前上界 = 2.2444444444444445
当前上界 = 2.1555555555555554
当前上界 = 2.0666666666666664
当前上界 = 1.9777777777777776
当前上界 = 1.8888888888888888
当前上界 = 1.8
当前上界 = 1.7111111111111112
当前上界 = 1.6222222222222225
当前上界 = 1.5333333333333337
当前上界 = 1.4444444444444449
当前上界 = 1.355555555555556
当前上界 = 1.2666666666666673
当前上界 = 1.1777777777777785
当前上界 = 1.0888888888888897
当前上界 = 1.0000000000000009
最优解：1.0
solutionList.size() = 20
用时：0.0 s
--------------------------------------- Price Problem End --------------------------------------------------------
		41 Add column : 0 col:66 	2.766
	1 End Add column using column generation : 25.333333333333332 col: 66 cons: 0 cut: 0	2.766
   End add columnAndCut : 25.333333333333332 colGencnt: 1 price: 0 col: 66 cons: 0 cut: 0	2.766

Node lb: 25.333333333333332 ub: 26 : 2.766

Final Found Solution: 26 genNode: 1 extendedNode: 0:2.766
Bin size: 10000
1 : 7700,1357, : 9057
2 : 5800,3572, : 9372
3 : 6390,1564,372, : 8326
4 : 7326,1420, : 8746
5 : 4050,2860,1330, : 8240
6 : 7040,1068,980,624, : 9712
7 : 7644,1805,196, : 9645
8 : 5548,2484,1680,23, : 9735
9 : 3024,2948,2128,376, : 8476
10 : 4620,2170,1690,450, : 8930
11 : 4964,1512, : 6476
12 : 7524,1800, : 9324
13 : 4959,1596,744,432,345,32, : 8108
14 : 6942,1408,627,600, : 9577
15 : 4290,1820,217, : 6327
16 : 3906,2014, : 5920
17 : 5063,2584,249,162, : 8058
18 : 7505,1386,213, : 9104
19 : 6298,2523,268, : 9089
20 : 3828,2419, : 6247
21 : 5184,1863,567, : 7614
22 : 4218,2664, : 6882
23 : 3990,3564,1088, : 8642
24 : 4316,3901,1552,40, : 9809
25 : 2940,2205, : 5145
26 : 4450,3880,675,144, : 9149
----------------------- 1 ---------------------------
canvasWidth:100,
canvasHeight:100,
data:[{x:23,y:0,l:100,w:77},{x:0,y:0,l:59,w:23},],
----------------------- 2 ---------------------------
canvasWidth:100,
canvasHeight:100,
data:[{x:0,y:0,l:58,w:100},{x:6,y:58,l:38,w:94},],
----------------------- 3 ---------------------------
canvasWidth:100,
canvasHeight:100,
data:[{x:96,y:0,l:93,w:4},{x:6,y:0,l:71,w:90},{x:28,y:71,l:23,w:68},],
----------------------- 4 ---------------------------
canvasWidth:100,
canvasHeight:100,
data:[{x:1,y:0,l:74,w:99},{x:29,y:74,l:20,w:71},],
----------------------- 5 ---------------------------
canvasWidth:100,
canvasHeight:100,
data:[{x:55,y:0,l:90,w:45},{x:11,y:0,l:65,w:44},{x:17,y:65,l:35,w:38},],
----------------------- 6 ---------------------------
canvasWidth:100,
canvasHeight:100,
data:[{x:20,y:0,l:88,w:80},{x:0,y:0,l:49,w:20},{x:4,y:49,l:39,w:16},{x:11,y:88,l:12,w:89},],
----------------------- 7 ---------------------------
canvasWidth:100,
canvasHeight:100,
data:[{x:2,y:0,l:78,w:98},{x:2,y:78,l:2,w:98},{x:5,y:80,l:19,w:95},],
----------------------- 8 ---------------------------
canvasWidth:100,
canvasHeight:100,
data:[{x:24,y:0,l:73,w:76},{x:0,y:0,l:70,w:24},{x:1,y:70,l:1,w:23},{x:8,y:73,l:27,w:92},],
----------------------- 9 ---------------------------
canvasWidth:100,
canvasHeight:100,
data:[{x:46,y:0,l:56,w:54},{x:8,y:0,l:56,w:38},{x:0,y:0,l:47,w:8},{x:33,y:56,l:44,w:67},],
----------------------- 10 ---------------------------
canvasWidth:100,
canvasHeight:100,
data:[{x:34,y:0,l:70,w:66},{x:35,y:70,l:26,w:65},{x:3,y:0,l:70,w:31},{x:4,y:70,l:15,w:30},],
----------------------- 11 ---------------------------
canvasWidth:100,
canvasHeight:100,
data:[{x:27,y:0,l:68,w:73},{x:3,y:0,l:63,w:24},],
----------------------- 12 ---------------------------
canvasWidth:100,
canvasHeight:100,
data:[{x:24,y:0,l:99,w:76},{x:0,y:0,l:75,w:24},],
----------------------- 13 ---------------------------
canvasWidth:100,
canvasHeight:100,
data:[{x:92,y:0,l:93,w:8},{x:5,y:0,l:57,w:87},{x:54,y:57,l:42,w:38},{x:60,y:99,l:1,w:32},{x:18,y:57,l:12,w:36},{x:0,y:0,l:69,w:5},],
----------------------- 14 ---------------------------
canvasWidth:100,
canvasHeight:100,
data:[{x:22,y:0,l:89,w:78},{x:40,y:89,l:10,w:60},{x:0,y:0,l:64,w:22},{x:3,y:64,l:33,w:19},],
----------------------- 15 ---------------------------
canvasWidth:100,
canvasHeight:100,
data:[{x:35,y:0,l:66,w:65},{x:0,y:0,l:52,w:35},{x:4,y:52,l:7,w:31},],
----------------------- 16 ---------------------------
canvasWidth:100,
canvasHeight:100,
data:[{x:37,y:0,l:62,w:63},{x:47,y:62,l:38,w:53},],
----------------------- 17 ---------------------------
canvasWidth:100,
canvasHeight:100,
data:[{x:17,y:0,l:61,w:83},{x:17,y:61,l:3,w:83},{x:19,y:64,l:2,w:81},{x:24,y:66,l:34,w:76},],
----------------------- 18 ---------------------------
canvasWidth:100,
canvasHeight:100,
data:[{x:21,y:0,l:95,w:79},{x:29,y:95,l:3,w:71},{x:3,y:0,l:77,w:18},],
----------------------- 19 ---------------------------
canvasWidth:100,
canvasHeight:100,
data:[{x:33,y:0,l:94,w:67},{x:4,y:0,l:87,w:29},{x:0,y:0,l:67,w:4},],
----------------------- 20 ---------------------------
canvasWidth:100,
canvasHeight:100,
data:[{x:34,y:0,l:58,w:66},{x:41,y:58,l:41,w:59},],
----------------------- 21 ---------------------------
canvasWidth:100,
canvasHeight:100,
data:[{x:28,y:0,l:72,w:72},{x:1,y:0,l:69,w:27},{x:37,y:72,l:9,w:63},],
----------------------- 22 ---------------------------
canvasWidth:100,
canvasHeight:100,
data:[{x:26,y:0,l:57,w:74},{x:28,y:57,l:37,w:72},],
----------------------- 23 ---------------------------
canvasWidth:100,
canvasHeight:100,
data:[{x:58,y:0,l:95,w:42},{x:4,y:0,l:66,w:54},{x:24,y:66,l:32,w:34},],
----------------------- 24 ---------------------------
canvasWidth:100,
canvasHeight:100,
data:[{x:48,y:0,l:83,w:52},{x:1,y:0,l:83,w:47},{x:0,y:0,l:40,w:1},{x:3,y:83,l:16,w:97},],
----------------------- 25 ---------------------------
canvasWidth:100,
canvasHeight:100,
data:[{x:40,y:0,l:49,w:60},{x:55,y:49,l:49,w:45},],
----------------------- 26 ---------------------------
canvasWidth:100,
canvasHeight:100,
data:[{x:3,y:0,l:40,w:97},{x:11,y:40,l:50,w:89},{x:25,y:90,l:9,w:75},{x:1,y:90,l:6,w:24},],
