====================================== Class_08.2bp-4 =====================================
Reduced size: 20 usedBin: 0
[4, 8, 12, 13]
[0, 16]
[1, 2, 14, 17]
[3, 5, 15, 18]
[6, 9, 10, 19]
[7, 11]
------------------------------------------------
Best fit used bin number: 6
Found best solution: 6 0.125

   Statrt add columnAndCut col: 6 cons: 0 cut: 0	0.188

	1 Start Add column using column generation  col: 6 cons: 0 cut: 0	0.188
			Start solve  LP :0.188
			End solve LP obj: 6.0 t: 0
	1 End Add column using column generation : 6.0 col: 6 cons: 0 cut: 0	0.188
   End add columnAndCut : 6.0 colGencnt: 1 price: 0 col: 6 cons: 0 cut: 0	0.188

Node lb: 6.0 ub: 6 : 0.188

Final Found Solution: 6 genNode: 1 extendedNode: 0:0.188
Bin size: 10000
1 : 3652,2368,1200,639, : 7859
2 : 5940,414, : 6354
3 : 4554,4059,624,264, : 9501
4 : 3792,3318,582,264, : 7956
5 : 2592,2000,1602,105, : 6299
6 : 2522,1224, : 3746
----------------------- 1 ---------------------------
canvasWidth:100,
canvasHeight:100,
data:[{x:0,y:0,l:12,w:100},{x:17,y:12,l:44,w:83},{x:29,y:56,l:9,w:71},{x:26,y:65,l:32,w:74},],
----------------------- 2 ---------------------------
canvasWidth:100,
canvasHeight:100,
data:[{x:34,y:0,l:90,w:66},{x:54,y:90,l:9,w:46},],
----------------------- 3 ---------------------------
canvasWidth:100,
canvasHeight:100,
data:[{x:1,y:0,l:46,w:99},{x:1,y:46,l:41,w:99},{x:12,y:87,l:3,w:88},{x:22,y:90,l:8,w:78},],
----------------------- 4 ---------------------------
canvasWidth:100,
canvasHeight:100,
data:[{x:3,y:0,l:6,w:97},{x:21,y:6,l:48,w:79},{x:21,y:54,l:42,w:79},{x:34,y:96,l:4,w:66},],
----------------------- 5 ---------------------------
canvasWidth:100,
canvasHeight:100,
data:[{x:4,y:0,l:27,w:96},{x:11,y:27,l:18,w:89},{x:4,y:27,l:15,w:7},{x:20,y:45,l:25,w:80},],
----------------------- 6 ---------------------------
canvasWidth:100,
canvasHeight:100,
data:[{x:3,y:0,l:26,w:97},{x:32,y:26,l:18,w:68},],
