====================================== Class_07.2bp-33 =====================================
Reduced size: 80 usedBin: 0
[17, 34, 49, 61, 73]
[20, 39, 48, 51, 78]
[0, 40, 69]
[5, 15, 50]
[8, 11, 53]
[18, 41, 42, 62]
[19, 30, 36]
[13, 25, 67]
[22, 38, 46, 58, 77, 79]
[4, 7, 71, 75]
[32, 35, 52]
[26, 29, 47, 56]
[21, 24, 59, 60, 65]
[9, 33, 54, 57]
[27, 31, 44, 70]
[10, 37, 55, 66]
[1, 23, 68]
[2, 6, 72]
[12, 16, 63]
[14, 43, 45, 74, 76]
[3, 28, 64]
------------------------------------------------
Best fit used bin number: 21
Found best solution: 21 0.265

   Statrt add columnAndCut col: 21 cons: 0 cut: 0	0.343

	1 Start Add column using column generation  col: 21 cons: 0 cut: 0	0.343
			Start solve  LP :0.343
			End solve LP obj: 21.0 t: 16
	1 End Add column using column generation : 21.0 col: 21 cons: 0 cut: 0	0.359
   End add columnAndCut : 21.0 colGencnt: 1 price: 0 col: 21 cons: 0 cut: 0	0.359

Node lb: 21.0 ub: 21 : 0.359

Final Found Solution: 21 genNode: 1 extendedNode: 0:0.359
Bin size: 10000
1 : 3520,2835,1729,900,260, : 9244
2 : 3344,2695,1953,1679,140, : 9811
3 : 6570,2548,365, : 9483
4 : 4171,3552,1680, : 9403
5 : 4000,3813,1368, : 9181
6 : 3441,2415,2324,891, : 9071
7 : 3384,3135,2728, : 9247
8 : 3735,3283,426, : 7444
9 : 3312,2703,2009,990,155,40, : 9209
10 : 4400,4048,288,172, : 8908
11 : 3040,2772,1540, : 7352
12 : 3243,3150,1975,1078, : 9446
13 : 3337,3300,968,920,470, : 8995
14 : 3901,2911,1107,996, : 8915
15 : 3234,3116,2116,288, : 8754
16 : 3872,2720,1100,445, : 8137
17 : 4802,3312,405, : 8519
18 : 4557,4128,264, : 8949
19 : 3760,3542,651, : 7953
20 : 3600,2160,2025,204,168, : 8157
21 : 4418,3196,516, : 8130
----------------------- 1 ---------------------------
canvasWidth:100,
canvasHeight:100,
data:[{x:19,y:0,l:35,w:81},{x:45,y:35,l:64,w:55},{x:19,y:35,l:10,w:26},{x:20,y:45,l:36,w:25},{x:0,y:0,l:91,w:19},],
----------------------- 2 ---------------------------
canvasWidth:100,
canvasHeight:100,
data:[{x:79,y:0,l:93,w:21},{x:80,y:93,l:7,w:20},{x:44,y:0,l:77,w:35},{x:0,y:0,l:76,w:44},{x:6,y:77,l:23,w:73},],
----------------------- 3 ---------------------------
canvasWidth:100,
canvasHeight:100,
data:[{x:74,y:0,l:98,w:26},{x:1,y:0,l:90,w:73},{x:1,y:90,l:5,w:73},],
----------------------- 4 ---------------------------
canvasWidth:100,
canvasHeight:100,
data:[{x:57,y:0,l:97,w:43},{x:20,y:0,l:96,w:37},{x:0,y:0,l:84,w:20},],
----------------------- 5 ---------------------------
canvasWidth:100,
canvasHeight:100,
data:[{x:60,y:0,l:100,w:40},{x:19,y:0,l:93,w:41},{x:0,y:0,l:72,w:19},],
----------------------- 6 ---------------------------
canvasWidth:100,
canvasHeight:100,
data:[{x:65,y:0,l:69,w:35},{x:67,y:69,l:27,w:33},{x:28,y:0,l:93,w:37},{x:0,y:0,l:83,w:28},],
----------------------- 7 ---------------------------
canvasWidth:100,
canvasHeight:100,
data:[{x:67,y:0,l:95,w:33},{x:31,y:0,l:94,w:36},{x:0,y:0,l:88,w:31},],
----------------------- 8 ---------------------------
canvasWidth:100,
canvasHeight:100,
data:[{x:55,y:0,l:83,w:45},{x:49,y:0,l:71,w:6},{x:0,y:0,l:67,w:49},],
----------------------- 9 ---------------------------
canvasWidth:100,
canvasHeight:100,
data:[{x:8,y:0,l:36,w:92},{x:3,y:0,l:31,w:5},{x:10,y:36,l:11,w:90},{x:0,y:36,l:4,w:10},{x:49,y:47,l:53,w:51},{x:0,y:47,l:41,w:49},],
----------------------- 10 ---------------------------
canvasWidth:100,
canvasHeight:100,
data:[{x:56,y:0,l:92,w:44},{x:6,y:0,l:88,w:50},{x:4,y:0,l:86,w:2},{x:0,y:0,l:72,w:4},],
----------------------- 11 ---------------------------
canvasWidth:100,
canvasHeight:100,
data:[{x:62,y:0,l:80,w:38},{x:42,y:0,l:77,w:20},{x:0,y:0,l:66,w:42},],
----------------------- 12 ---------------------------
canvasWidth:100,
canvasHeight:100,
data:[{x:89,y:0,l:98,w:11},{x:47,y:0,l:75,w:42},{x:0,y:0,l:69,w:47},{x:10,y:75,l:25,w:79},],
----------------------- 13 ---------------------------
canvasWidth:100,
canvasHeight:100,
data:[{x:29,y:0,l:47,w:71},{x:19,y:0,l:47,w:10},{x:34,y:47,l:50,w:66},{x:11,y:47,l:40,w:23},{x:0,y:0,l:88,w:11},],
----------------------- 14 ---------------------------
canvasWidth:100,
canvasHeight:100,
data:[{x:59,y:0,l:71,w:41},{x:59,y:71,l:27,w:41},{x:12,y:0,l:83,w:47},{x:0,y:0,l:83,w:12},],
----------------------- 15 ---------------------------
canvasWidth:100,
canvasHeight:100,
data:[{x:67,y:0,l:98,w:33},{x:64,y:0,l:96,w:3},{x:41,y:0,l:92,w:23},{x:0,y:0,l:76,w:41},],
----------------------- 16 ---------------------------
canvasWidth:100,
canvasHeight:100,
data:[{x:89,y:0,l:100,w:11},{x:84,y:0,l:89,w:5},{x:40,y:0,l:88,w:44},{x:0,y:0,l:68,w:40},],
----------------------- 17 ---------------------------
canvasWidth:100,
canvasHeight:100,
data:[{x:51,y:0,l:98,w:49},{x:46,y:0,l:81,w:5},{x:0,y:0,l:72,w:46},],
----------------------- 18 ---------------------------
canvasWidth:100,
canvasHeight:100,
data:[{x:51,y:0,l:93,w:49},{x:48,y:0,l:88,w:3},{x:0,y:0,l:86,w:48},],
----------------------- 19 ---------------------------
canvasWidth:100,
canvasHeight:100,
data:[{x:93,y:0,l:93,w:7},{x:46,y:0,l:80,w:47},{x:0,y:0,l:77,w:46},],
----------------------- 20 ---------------------------
canvasWidth:100,
canvasHeight:100,
data:[{x:60,y:0,l:90,w:40},{x:58,y:0,l:84,w:2},{x:33,y:0,l:81,w:25},{x:3,y:0,l:72,w:30},{x:0,y:0,l:68,w:3},],
----------------------- 21 ---------------------------
canvasWidth:100,
canvasHeight:100,
data:[{x:53,y:0,l:94,w:47},{x:47,y:0,l:86,w:6},{x:0,y:0,l:68,w:47},],
