====================================== Class_06.2bp-13 =====================================
Reduced size: 40 usedBin: 0
[0, 2, 4, 5, 6, 7, 8, 9, 12, 13, 15, 16, 17, 18, 19, 20, 23, 24, 26, 27, 29, 30, 31, 32, 34, 35, 36, 38, 39]
[1, 3, 10, 11, 14, 21, 22, 25, 28, 33, 37]
------------------------------------------------
Best fit used bin number: 2
Found best solution: 2 0.281

   Statrt add columnAndCut col: 2 cons: 0 cut: 0	0.36

	1 Start Add column using column generation  col: 2 cons: 0 cut: 0	0.36
			Start solve  LP :0.36
			End solve LP obj: 2.0 t: 0
	1 End Add column using column generation : 2.0 col: 2 cons: 0 cut: 0	0.36
   End add columnAndCut : 2.0 colGencnt: 1 price: 0 col: 2 cons: 0 cut: 0	0.36

Node lb: 2.0 ub: 2 : 0.36

Final Found Solution: 2 genNode: 1 extendedNode: 0:0.36
Bin size: 90000
1 : 8928,7392,6864,6216,6204,4950,3485,3072,2822,2809,2574,2120,2112,2077,1974,1850,1660,1584,1221,957,660,648,605,576,440,333,240,80,75, : 74528
2 : 7735,7154,3015,2975,2668,1748,1672,1386,759,504,138, : 29754
----------------------- 1 ---------------------------
canvasWidth:300,
canvasHeight:300,
data:[{x:226,y:0,l:84,w:74},{x:234,y:84,l:75,w:66},{x:230,y:84,l:60,w:4},{x:234,y:159,l:94,w:66},{x:130,y:0,l:93,w:96},{x:34,y:0,l:77,w:96},{x:125,y:77,l:15,w:5},{x:38,y:77,l:11,w:87},{x:192,y:93,l:83,w:34},{x:195,y:176,l:67,w:31},{x:151,y:93,l:85,w:41},{x:131,y:93,l:83,w:20},{x:43,y:93,l:78,w:88},{x:33,y:93,l:44,w:10},{x:34,y:137,l:37,w:9},{x:144,y:178,l:64,w:48},{x:133,y:178,l:55,w:11},{x:140,y:233,l:20,w:4},{x:80,y:178,l:53,w:53},{x:40,y:178,l:53,w:40},{x:258,y:253,l:47,w:42},{x:210,y:253,l:33,w:48},{x:210,y:286,l:12,w:48},{x:195,y:253,l:44,w:15},{x:131,y:253,l:33,w:64},{x:107,y:253,l:27,w:24},{x:33,y:253,l:25,w:74},{x:0,y:0,l:78,w:33},{x:0,y:78,l:37,w:33},],
----------------------- 2 ---------------------------
canvasWidth:300,
canvasHeight:300,
data:[{x:227,y:0,l:98,w:73},{x:142,y:0,l:91,w:85},{x:204,y:91,l:6,w:23},{x:97,y:0,l:67,w:45},{x:109,y:67,l:23,w:33},{x:39,y:0,l:46,w:58},{x:1,y:0,l:46,w:38},{x:53,y:46,l:38,w:44},{x:55,y:84,l:12,w:42},{x:223,y:98,l:18,w:77},{x:215,y:116,l:35,w:85},],
