====================================== Class_01.2bp-21 =====================================
Reduced size: 60 usedBin: 0
[3, 21]
[11, 19, 43, 45]
[10, 20, 39]
[0]
[1]
[2]
[5, 22]
[6, 23]
[8, 26]
[9, 29, 49, 50, 56]
[15, 31, 32, 47, 51]
[4, 36, 37]
[16, 40, 41, 44, 53, 54, 58]
[7, 30, 42]
[13, 35, 38, 59]
[14, 27, 33, 55]
[17, 18, 34]
[12, 28]
[24, 25, 46, 48, 52, 57]
------------------------------------------------
Best fit used bin number: 19
Found best solution: 19 0.14

   Statrt add columnAndCut col: 19 cons: 0 cut: 0	0.219

	1 Start Add column using column generation  col: 19 cons: 0 cut: 0	0.219
			Start solve  LP :0.219
			End solve LP obj: 19.0 t: 0
	1 End Add column using column generation : 19.0 col: 19 cons: 0 cut: 0	0.219
   End add columnAndCut : 19.0 colGencnt: 1 price: 0 col: 19 cons: 0 cut: 0	0.219

Node lb: 19.0 ub: 19 : 0.219

Final Found Solution: 19 genNode: 1 extendedNode: 0:0.219
Bin size: 100
1 : 70,30, : 100
2 : 48,32,10,10, : 100
3 : 50,30,16, : 96
4 : 100, : 100
5 : 100, : 100
6 : 90, : 90
7 : 63,30, : 93
8 : 63,30, : 93
9 : 54,27, : 81
10 : 54,24,8,7,5, : 98
11 : 42,21,21,9,6, : 99
12 : 64,16,16, : 96
13 : 42,16,15,10,6,6,3, : 98
14 : 56,24,14, : 94
15 : 45,18,16,3, : 82
16 : 45,25,20,5, : 95
17 : 42,32,18, : 92
18 : 48,24, : 72
19 : 30,28,10,9,6,4, : 87
----------------------- 1 ---------------------------
canvasWidth:10,
canvasHeight:10,
data:[{x:0,y:0,l:7,w:10},{x:0,y:7,l:3,w:10},],
----------------------- 2 ---------------------------
canvasWidth:10,
canvasHeight:10,
data:[{x:2,y:0,l:6,w:8},{x:2,y:6,l:4,w:8},{x:1,y:0,l:10,w:1},{x:0,y:0,l:10,w:1},],
----------------------- 3 ---------------------------
canvasWidth:10,
canvasHeight:10,
data:[{x:0,y:0,l:5,w:10},{x:4,y:5,l:5,w:6},{x:0,y:5,l:4,w:4},],
----------------------- 4 ---------------------------
canvasWidth:10,
canvasHeight:10,
data:[{x:0,y:0,l:10,w:10},],
----------------------- 5 ---------------------------
canvasWidth:10,
canvasHeight:10,
data:[{x:0,y:0,l:10,w:10},],
----------------------- 6 ---------------------------
canvasWidth:10,
canvasHeight:10,
data:[{x:1,y:0,l:10,w:9},],
----------------------- 7 ---------------------------
canvasWidth:10,
canvasHeight:10,
data:[{x:0,y:0,l:3,w:10},{x:1,y:3,l:7,w:9},],
----------------------- 8 ---------------------------
canvasWidth:10,
canvasHeight:10,
data:[{x:0,y:0,l:3,w:10},{x:1,y:3,l:7,w:9},],
----------------------- 9 ---------------------------
canvasWidth:10,
canvasHeight:10,
data:[{x:1,y:0,l:6,w:9},{x:1,y:6,l:3,w:9},],
----------------------- 10 ---------------------------
canvasWidth:10,
canvasHeight:10,
data:[{x:1,y:0,l:6,w:9},{x:0,y:0,l:5,w:1},{x:8,y:6,l:4,w:2},{x:0,y:6,l:3,w:8},{x:1,y:9,l:1,w:7},],
----------------------- 11 ---------------------------
canvasWidth:10,
canvasHeight:10,
data:[{x:7,y:0,l:7,w:3},{x:7,y:7,l:3,w:3},{x:0,y:0,l:6,w:7},{x:0,y:6,l:3,w:7},{x:1,y:9,l:1,w:6},],
----------------------- 12 ---------------------------
canvasWidth:10,
canvasHeight:10,
data:[{x:2,y:0,l:8,w:8},{x:0,y:0,l:8,w:2},{x:2,y:8,l:2,w:8},],
----------------------- 13 ---------------------------
canvasWidth:10,
canvasHeight:10,
data:[{x:5,y:0,l:3,w:5},{x:4,y:0,l:3,w:1},{x:4,y:3,l:1,w:6},{x:0,y:0,l:4,w:4},{x:3,y:4,l:6,w:7},{x:2,y:4,l:6,w:1},{x:0,y:4,l:5,w:2},],
----------------------- 14 ---------------------------
canvasWidth:10,
canvasHeight:10,
data:[{x:3,y:0,l:8,w:7},{x:0,y:0,l:8,w:3},{x:3,y:8,l:2,w:7},],
----------------------- 15 ---------------------------
canvasWidth:10,
canvasHeight:10,
data:[{x:5,y:0,l:9,w:5},{x:3,y:0,l:9,w:2},{x:1,y:0,l:8,w:2},{x:0,y:0,l:3,w:1},],
----------------------- 16 ---------------------------
canvasWidth:10,
canvasHeight:10,
data:[{x:5,y:0,l:9,w:5},{x:5,y:9,l:1,w:5},{x:0,y:0,l:5,w:5},{x:0,y:5,l:4,w:5},],
----------------------- 17 ---------------------------
canvasWidth:10,
canvasHeight:10,
data:[{x:4,y:0,l:7,w:6},{x:4,y:7,l:3,w:6},{x:0,y:0,l:8,w:4},],
----------------------- 18 ---------------------------
canvasWidth:10,
canvasHeight:10,
data:[{x:4,y:0,l:8,w:6},{x:0,y:0,l:6,w:4},],
----------------------- 19 ---------------------------
canvasWidth:10,
canvasHeight:10,
data:[{x:0,y:0,l:3,w:10},{x:6,y:3,l:7,w:4},{x:3,y:3,l:3,w:3},{x:3,y:6,l:2,w:3},{x:1,y:3,l:5,w:2},{x:0,y:3,l:4,w:1},],
