====================================== Class_09.2bp-38 =====================================
Reduced size: 80 usedBin: 0
[22, 57]
[16]
[6]
[1]
[15, 65, 67, 69, 77]
[14]
[13, 68]
[10]
[29]
[9]
[21, 59]
[2, 66, 75]
[7]
[32, 35]
[3, 76]
[27]
[5]
[23]
[8, 64]
[4]
[39, 42]
[0]
[26]
[11]
[37]
[33]
[18, 58]
[24, 61]
[34]
[53]
[19]
[17]
[49]
[30]
[48]
[28]
[20, 56, 71, 74]
[12, 62, 72]
[43, 54]
[50, 52, 60, 70, 73, 79]
[44]
[36, 51]
[38]
[41, 63]
[46, 47, 55, 78]
[25]
[31]
[45]
[40]
------------------------------------------------
Best fit used bin number: 49
Found best solution: 49 0.125

   Statrt add columnAndCut col: 49 cons: 0 cut: 0	0.187

	1 Start Add column using column generation  col: 49 cons: 0 cut: 0	0.187
			Start solve  LP :0.187
			End solve LP obj: 49.0 t: 16
	1 End Add column using column generation : 49.0 col: 49 cons: 0 cut: 0	0.203
   End add columnAndCut : 49.0 colGencnt: 1 price: 0 col: 49 cons: 0 cut: 0	0.203

Node lb: 49.0 ub: 49 : 0.203

Final Found Solution: 49 genNode: 1 extendedNode: 0:0.203
Bin size: 10000
1 : 5500,2700, : 8200
2 : 6272, : 6272
3 : 7857, : 7857
4 : 9207, : 9207
5 : 6560,960,740,720,96, : 9076
6 : 6916, : 6916
7 : 6966,740, : 7706
8 : 7392, : 7392
9 : 4980, : 4980
10 : 7644, : 7644
11 : 5904,2352, : 8256
12 : 8736,747,282, : 9765
13 : 7722, : 7722
14 : 4836,4608, : 9444
15 : 8526,134, : 8660
16 : 5369, : 5369
17 : 7954, : 7954
18 : 5460, : 5460
19 : 7719,1350, : 9069
20 : 8160, : 8160
21 : 4050,3850, : 7900
22 : 9212, : 9212
23 : 5376, : 5376
24 : 7371, : 7371
25 : 4399, : 4399
26 : 4752, : 4752
27 : 6231,2560, : 8791
28 : 5400,1892, : 7292
29 : 4750, : 4750
30 : 3080, : 3080
31 : 6210, : 6210
32 : 6270, : 6270
33 : 3186, : 3186
34 : 4970, : 4970
35 : 3286, : 3286
36 : 5040, : 5040
37 : 6138,2701,484,364, : 9687
38 : 7347,1869,444, : 9660
39 : 3772,3016, : 6788
40 : 3180,3120,2115,600,396,22, : 9433
41 : 3658, : 3658
42 : 4480,3124, : 7604
43 : 4118, : 4118
44 : 3990,1848, : 5838
45 : 3588,3312,3007,75, : 9982
46 : 5382, : 5382
47 : 4898, : 4898
48 : 3588, : 3588
49 : 4030, : 4030
----------------------- 1 ---------------------------
canvasWidth:100,
canvasHeight:100,
data:[{x:0,y:0,l:55,w:100},{x:0,y:55,l:27,w:100},],
----------------------- 2 ---------------------------
canvasWidth:100,
canvasHeight:100,
data:[{x:2,y:0,l:64,w:98},],
----------------------- 3 ---------------------------
canvasWidth:100,
canvasHeight:100,
data:[{x:19,y:0,l:97,w:81},],
----------------------- 4 ---------------------------
canvasWidth:100,
canvasHeight:100,
data:[{x:7,y:0,l:99,w:93},],
----------------------- 5 ---------------------------
canvasWidth:100,
canvasHeight:100,
data:[{x:20,y:0,l:82,w:80},{x:94,y:82,l:16,w:6},{x:46,y:82,l:15,w:48},{x:0,y:0,l:48,w:20},{x:0,y:48,l:37,w:20},],
----------------------- 6 ---------------------------
canvasWidth:100,
canvasHeight:100,
data:[{x:9,y:0,l:76,w:91},],
----------------------- 7 ---------------------------
canvasWidth:100,
canvasHeight:100,
data:[{x:19,y:0,l:86,w:81},{x:26,y:86,l:10,w:74},],
----------------------- 8 ---------------------------
canvasWidth:100,
canvasHeight:100,
data:[{x:4,y:0,l:77,w:96},],
----------------------- 9 ---------------------------
canvasWidth:100,
canvasHeight:100,
data:[{x:17,y:0,l:60,w:83},],
----------------------- 10 ---------------------------
canvasWidth:100,
canvasHeight:100,
data:[{x:16,y:0,l:91,w:84},],
----------------------- 11 ---------------------------
canvasWidth:100,
canvasHeight:100,
data:[{x:16,y:0,l:28,w:84},{x:18,y:28,l:72,w:82},],
----------------------- 12 ---------------------------
canvasWidth:100,
canvasHeight:100,
data:[{x:9,y:0,l:96,w:91},{x:0,y:0,l:83,w:9},{x:6,y:96,l:3,w:94},],
----------------------- 13 ---------------------------
canvasWidth:100,
canvasHeight:100,
data:[{x:1,y:0,l:78,w:99},],
----------------------- 14 ---------------------------
canvasWidth:100,
canvasHeight:100,
data:[{x:4,y:0,l:48,w:96},{x:7,y:48,l:52,w:93},],
----------------------- 15 ---------------------------
canvasWidth:100,
canvasHeight:100,
data:[{x:13,y:0,l:98,w:87},{x:33,y:98,l:2,w:67},],
----------------------- 16 ---------------------------
canvasWidth:100,
canvasHeight:100,
data:[{x:9,y:0,l:59,w:91},],
----------------------- 17 ---------------------------
canvasWidth:100,
canvasHeight:100,
data:[{x:3,y:0,l:82,w:97},],
----------------------- 18 ---------------------------
canvasWidth:100,
canvasHeight:100,
data:[{x:9,y:0,l:60,w:91},],
----------------------- 19 ---------------------------
canvasWidth:100,
canvasHeight:100,
data:[{x:7,y:0,l:83,w:93},{x:10,y:83,l:15,w:90},],
----------------------- 20 ---------------------------
canvasWidth:100,
canvasHeight:100,
data:[{x:4,y:0,l:85,w:96},],
----------------------- 21 ---------------------------
canvasWidth:100,
canvasHeight:100,
data:[{x:19,y:0,l:50,w:81},{x:23,y:50,l:50,w:77},],
----------------------- 22 ---------------------------
canvasWidth:100,
canvasHeight:100,
data:[{x:2,y:0,l:94,w:98},],
----------------------- 23 ---------------------------
canvasWidth:100,
canvasHeight:100,
data:[{x:4,y:0,l:56,w:96},],
----------------------- 24 ---------------------------
canvasWidth:100,
canvasHeight:100,
data:[{x:9,y:0,l:81,w:91},],
----------------------- 25 ---------------------------
canvasWidth:100,
canvasHeight:100,
data:[{x:17,y:0,l:53,w:83},],
----------------------- 26 ---------------------------
canvasWidth:100,
canvasHeight:100,
data:[{x:28,y:0,l:66,w:72},],
----------------------- 27 ---------------------------
canvasWidth:100,
canvasHeight:100,
data:[{x:33,y:0,l:93,w:67},{x:1,y:0,l:80,w:32},],
----------------------- 28 ---------------------------
canvasWidth:100,
canvasHeight:100,
data:[{x:78,y:0,l:86,w:22},{x:3,y:0,l:72,w:75},],
----------------------- 29 ---------------------------
canvasWidth:100,
canvasHeight:100,
data:[{x:50,y:0,l:95,w:50},],
----------------------- 30 ---------------------------
canvasWidth:100,
canvasHeight:100,
data:[{x:45,y:0,l:56,w:55},],
----------------------- 31 ---------------------------
canvasWidth:100,
canvasHeight:100,
data:[{x:31,y:0,l:90,w:69},],
----------------------- 32 ---------------------------
canvasWidth:100,
canvasHeight:100,
data:[{x:34,y:0,l:95,w:66},],
----------------------- 33 ---------------------------
canvasWidth:100,
canvasHeight:100,
data:[{x:46,y:0,l:59,w:54},],
----------------------- 34 ---------------------------
canvasWidth:100,
canvasHeight:100,
data:[{x:29,y:0,l:70,w:71},],
----------------------- 35 ---------------------------
canvasWidth:100,
canvasHeight:100,
data:[{x:38,y:0,l:53,w:62},],
----------------------- 36 ---------------------------
canvasWidth:100,
canvasHeight:100,
data:[{x:44,y:0,l:90,w:56},],
----------------------- 37 ---------------------------
canvasWidth:100,
canvasHeight:100,
data:[{x:38,y:0,l:99,w:62},{x:1,y:0,l:73,w:37},{x:24,y:73,l:26,w:14},{x:2,y:73,l:22,w:22},],
----------------------- 38 ---------------------------
canvasWidth:100,
canvasHeight:100,
data:[{x:21,y:0,l:93,w:79},{x:26,y:93,l:6,w:74},{x:0,y:0,l:89,w:21},],
----------------------- 39 ---------------------------
canvasWidth:100,
canvasHeight:100,
data:[{x:59,y:0,l:92,w:41},{x:1,y:0,l:52,w:58},],
----------------------- 40 ---------------------------
canvasWidth:100,
canvasHeight:100,
data:[{x:40,y:0,l:53,w:60},{x:53,y:53,l:45,w:47},{x:41,y:53,l:33,w:12},{x:40,y:53,l:22,w:1},{x:0,y:0,l:15,w:40},{x:1,y:15,l:80,w:39},],
----------------------- 41 ---------------------------
canvasWidth:100,
canvasHeight:100,
data:[{x:41,y:0,l:62,w:59},],
----------------------- 42 ---------------------------
canvasWidth:100,
canvasHeight:100,
data:[{x:44,y:0,l:80,w:56},{x:0,y:0,l:71,w:44},],
----------------------- 43 ---------------------------
canvasWidth:100,
canvasHeight:100,
data:[{x:29,y:0,l:58,w:71},],
----------------------- 44 ---------------------------
canvasWidth:100,
canvasHeight:100,
data:[{x:43,y:0,l:70,w:57},{x:15,y:0,l:66,w:28},],
----------------------- 45 ---------------------------
canvasWidth:100,
canvasHeight:100,
data:[{x:48,y:0,l:69,w:52},{x:0,y:0,l:69,w:48},{x:3,y:69,l:31,w:97},{x:0,y:69,l:25,w:3},],
----------------------- 46 ---------------------------
canvasWidth:100,
canvasHeight:100,
data:[{x:31,y:0,l:78,w:69},],
----------------------- 47 ---------------------------
canvasWidth:100,
canvasHeight:100,
data:[{x:21,y:0,l:62,w:79},],
----------------------- 48 ---------------------------
canvasWidth:100,
canvasHeight:100,
data:[{x:31,y:0,l:52,w:69},],
----------------------- 49 ---------------------------
canvasWidth:100,
canvasHeight:100,
data:[{x:35,y:0,l:62,w:65},],
