====================================== Class_02.2bp-32 =====================================
Reduced size: 80 usedBin: 0
[0, 1, 2, 6, 7, 8, 9, 12, 13, 14, 23, 25, 26, 33, 38, 43, 46, 61, 65, 70, 75]
[3, 4, 5, 10, 11, 15, 16, 19, 20, 21, 22, 27, 28, 31, 32, 34, 35, 39, 44, 50, 53, 56, 66, 67, 69, 76, 77, 79]
[17, 18, 24, 29, 30, 36, 37, 40, 41, 42, 45, 47, 48, 49, 51, 52, 54, 55, 57, 58, 59, 60, 62, 63, 64, 68, 71, 72, 73, 74, 78]
------------------------------------------------
Best fit used bin number: 3
Found best solution: 3 0.266

   Statrt add columnAndCut col: 3 cons: 0 cut: 0	0.344

	1 Start Add column using column generation  col: 3 cons: 0 cut: 0	0.344
			Start solve  LP :0.344
			End solve LP obj: 3.0 t: 0
	1 End Add column using column generation : 3.0 col: 3 cons: 0 cut: 0	0.344
   End add columnAndCut : 3.0 colGencnt: 1 price: 0 col: 3 cons: 0 cut: 0	0.344

Node lb: 3.0 ub: 3 : 0.344

Final Found Solution: 3 genNode: 1 extendedNode: 0:0.36
Bin size: 900
1 : 100,90,81,70,60,60,60,54,50,50,36,35,35,30,25,20,18,7,6,4,2, : 893
2 : 81,80,72,56,56,49,48,45,42,40,40,35,35,35,30,28,28,24,20,14,10,8,6,6,4,2,2,2, : 898
3 : 48,48,36,35,35,27,27,24,24,21,18,16,16,16,12,12,10,9,8,8,8,8,7,7,6,6,4,3,3,3,2, : 507
----------------------- 1 ---------------------------
canvasWidth:30,
canvasHeight:30,
data:[{x:20,y:0,l:5,w:10},{x:13,y:0,l:5,w:7},{x:6,y:0,l:5,w:7},{x:1,y:0,l:5,w:5},{x:0,y:0,l:4,w:1},{x:20,y:5,l:10,w:10},{x:20,y:15,l:9,w:10},{x:20,y:24,l:6,w:10},{x:15,y:5,l:10,w:5},{x:13,y:5,l:10,w:2},{x:11,y:5,l:9,w:2},{x:11,y:14,l:1,w:2},{x:11,y:15,l:9,w:9},{x:11,y:24,l:6,w:9},{x:1,y:5,l:7,w:10},{x:0,y:5,l:7,w:1},{x:1,y:12,l:6,w:10},{x:0,y:12,l:6,w:1},{x:5,y:18,l:6,w:6},{x:0,y:18,l:6,w:5},{x:1,y:24,l:6,w:10},],
----------------------- 2 ---------------------------
canvasWidth:30,
canvasHeight:30,
data:[{x:22,y:0,l:7,w:8},{x:15,y:0,l:7,w:7},{x:10,y:0,l:7,w:5},{x:5,y:0,l:7,w:5},{x:0,y:0,l:7,w:5},{x:23,y:7,l:8,w:7},{x:20,y:7,l:8,w:3},{x:22,y:15,l:5,w:8},{x:20,y:15,l:5,w:2},{x:11,y:7,l:9,w:9},{x:13,y:16,l:4,w:7},{x:11,y:16,l:3,w:2},{x:11,y:19,l:1,w:2},{x:22,y:20,l:10,w:8},{x:14,y:20,l:9,w:8},{x:14,y:29,l:1,w:8},{x:11,y:20,l:10,w:3},{x:5,y:7,l:8,w:6},{x:7,y:15,l:7,w:4},{x:7,y:22,l:1,w:4},{x:5,y:15,l:7,w:2},{x:5,y:22,l:1,w:2},{x:5,y:23,l:7,w:6},{x:0,y:7,l:9,w:5},{x:0,y:16,l:8,w:5},{x:0,y:24,l:4,w:5},{x:2,y:28,l:2,w:3},{x:1,y:28,l:2,w:1},],
----------------------- 3 ---------------------------
canvasWidth:30,
canvasHeight:30,
data:[{x:28,y:0,l:8,w:2},{x:28,y:8,l:6,w:2},{x:27,y:0,l:9,w:1},{x:27,y:9,l:3,w:1},{x:27,y:12,l:2,w:1},{x:27,y:14,l:9,w:3},{x:27,y:23,l:7,w:3},{x:19,y:0,l:6,w:8},{x:11,y:0,l:6,w:8},{x:5,y:0,l:6,w:6},{x:1,y:0,l:6,w:4},{x:17,y:6,l:1,w:10},{x:9,y:6,l:1,w:8},{x:1,y:6,l:1,w:8},{x:20,y:7,l:5,w:7},{x:20,y:12,l:5,w:7},{x:21,y:17,l:3,w:6},{x:20,y:17,l:3,w:1},{x:20,y:20,l:1,w:7},{x:21,y:21,l:1,w:6},{x:25,y:22,l:8,w:2},{x:24,y:22,l:8,w:1},{x:23,y:22,l:8,w:1},{x:22,y:22,l:7,w:1},{x:11,y:7,l:3,w:9},{x:3,y:7,l:3,w:8},{x:1,y:7,l:3,w:2},{x:0,y:7,l:3,w:1},{x:16,y:10,l:4,w:4},{x:17,y:14,l:4,w:3},{x:16,y:14,l:4,w:1},],
