====================================== Class_04.2bp-26 =====================================
Reduced size: 60 usedBin: 0
[0, 1, 2, 3, 9, 10, 11, 12, 16, 18, 19, 20, 21, 23, 24, 25, 26, 28, 30, 31, 32, 33, 34, 37, 43, 44, 45, 47, 48, 49, 51, 52, 53, 54, 55, 59]
[4, 5, 6, 7, 8, 13, 14, 15, 17, 22, 27, 29, 35, 36, 38, 39, 40, 41, 42, 46, 50, 56, 57, 58]
------------------------------------------------
Best fit used bin number: 2
Found best solution: 2 0.156

   Statrt add columnAndCut col: 2 cons: 0 cut: 0	0.203

	1 Start Add column using column generation  col: 2 cons: 0 cut: 0	0.203
			Start solve  LP :0.203
			End solve LP obj: 2.0 t: 0
	1 End Add column using column generation : 2.0 col: 2 cons: 0 cut: 0	0.203
   End add columnAndCut : 2.0 colGencnt: 1 price: 0 col: 2 cons: 0 cut: 0	0.203

Node lb: 2.0 ub: 2 : 0.203

Final Found Solution: 2 genNode: 1 extendedNode: 0:0.203
Bin size: 10000
1 : 1023,960,924,783,540,527,522,486,352,306,286,250,224,200,200,192,190,180,147,143,136,133,126,112,66,64,62,60,51,40,30,28,28,28,24,3, : 9426
2 : 735,729,690,660,646,484,420,406,336,208,189,161,125,116,108,104,90,84,84,60,30,20,20,6, : 6511
----------------------- 1 ---------------------------
canvasWidth:100,
canvasHeight:100,
data:[{x:82,y:0,l:29,w:18},{x:82,y:29,l:27,w:18},{x:91,y:56,l:14,w:9},{x:89,y:56,l:14,w:2},{x:89,y:70,l:13,w:11},{x:97,y:83,l:17,w:3},{x:89,y:83,l:14,w:8},{x:82,y:56,l:21,w:7},{x:82,y:77,l:19,w:7},{x:55,y:0,l:20,w:27},{x:45,y:0,l:20,w:10},{x:14,y:0,l:17,w:31},{x:14,y:17,l:2,w:31},{x:0,y:0,l:16,w:14},{x:4,y:16,l:3,w:10},{x:49,y:20,l:28,w:33},{x:50,y:48,l:11,w:32},{x:40,y:20,l:34,w:9},{x:32,y:20,l:24,w:8},{x:34,y:44,l:10,w:6},{x:33,y:54,l:4,w:16},{x:49,y:59,l:31,w:33},{x:32,y:59,l:8,w:17},{x:36,y:67,l:22,w:13},{x:0,y:20,l:30,w:32},{x:3,y:50,l:27,w:29},{x:2,y:50,l:24,w:1},{x:7,y:77,l:8,w:25},{x:3,y:77,l:7,w:4},{x:4,y:84,l:1,w:3},{x:57,y:90,l:10,w:25},{x:38,y:90,l:10,w:19},{x:34,y:90,l:10,w:4},{x:4,y:90,l:6,w:30},{x:12,y:96,l:3,w:22},{x:0,y:90,l:7,w:4},],
----------------------- 2 ---------------------------
canvasWidth:100,
canvasHeight:100,
data:[{x:79,y:0,l:35,w:21},{x:80,y:35,l:33,w:20},{x:92,y:68,l:26,w:8},{x:95,y:94,l:6,w:5},{x:85,y:68,l:27,w:7},{x:79,y:68,l:18,w:6},{x:52,y:0,l:27,w:27},{x:30,y:0,l:22,w:22},{x:31,y:22,l:4,w:21},{x:32,y:26,l:1,w:20},{x:1,y:0,l:14,w:29},{x:0,y:0,l:6,w:1},{x:2,y:14,l:12,w:28},{x:56,y:27,l:30,w:23},{x:56,y:57,l:7,w:23},{x:60,y:64,l:34,w:19},{x:56,y:64,l:29,w:4},{x:69,y:98,l:2,w:10},{x:28,y:27,l:15,w:28},{x:14,y:27,l:6,w:14},{x:15,y:33,l:8,w:13},{x:51,y:42,l:25,w:5},{x:51,y:67,l:18,w:5},{x:51,y:85,l:12,w:5},],
