====================================== Class_03.2bp-30 =====================================
Reduced size: 80 usedBin: 0
[14, 16, 43, 59, 65, 71]
[10, 24, 34, 48]
[17, 20, 35, 41]
[7, 23, 29, 69]
[4, 25, 53, 58, 73, 75, 78, 79]
[6, 21, 50, 57, 68, 74, 76]
[11, 18, 28, 45]
[12, 37, 38, 66]
[9, 22, 47, 61, 67, 70]
[26, 27, 33, 44]
[0, 30, 49, 64, 77]
[8, 15, 51, 52]
[13, 19, 36, 63, 72]
[2, 32, 54]
[1, 31, 39, 60]
[3, 40, 42, 46]
[5, 55, 56, 62]
------------------------------------------------
Best fit used bin number: 17
Found best solution: 17 0.266

   Statrt add columnAndCut col: 17 cons: 0 cut: 0	0.344

	1 Start Add column using column generation  col: 17 cons: 0 cut: 0	0.344
			Start solve  LP :0.344
			End solve LP obj: 17.0 t: 0
	1 End Add column using column generation : 17.0 col: 17 cons: 0 cut: 0	0.344
   End add columnAndCut : 17.0 colGencnt: 1 price: 0 col: 17 cons: 0 cut: 0	0.344

Node lb: 17.0 ub: 17 : 0.344

Final Found Solution: 17 genNode: 1 extendedNode: 0:0.344
Bin size: 1600
1 : 540,506,228,102,84,48, : 1508
2 : 594,378,300,168, : 1440
3 : 504,432,297,245, : 1478
4 : 702,384,350,64, : 1500
5 : 806,377,136,112,30,20,10,10, : 1501
6 : 725,420,160,120,75,24,16, : 1540
7 : 580,440,360,209, : 1589
8 : 576,276,272,80, : 1204
9 : 608,418,171,99,78,50, : 1424
10 : 364,360,322,221, : 1267
11 : 870,341,162,88,12, : 1473
12 : 644,527,150,138, : 1459
13 : 551,437,280,90,33, : 1391
14 : 837,325,135, : 1297
15 : 840,336,270,99, : 1545
16 : 825,253,238,175, : 1491
17 : 806,130,124,90, : 1150
----------------------- 1 ---------------------------
canvasWidth:40,
canvasHeight:40,
data:[{x:10,y:0,l:18,w:30},{x:4,y:0,l:17,w:6},{x:1,y:0,l:16,w:3},{x:17,y:18,l:22,w:23},{x:13,y:18,l:21,w:4},{x:1,y:18,l:19,w:12},],
----------------------- 2 ---------------------------
canvasWidth:40,
canvasHeight:40,
data:[{x:7,y:0,l:18,w:33},{x:22,y:18,l:21,w:18},{x:7,y:18,l:20,w:15},{x:0,y:0,l:24,w:7},],
----------------------- 3 ---------------------------
canvasWidth:40,
canvasHeight:40,
data:[{x:19,y:0,l:24,w:21},{x:1,y:0,l:24,w:18},{x:5,y:24,l:7,w:35},{x:7,y:31,l:9,w:33},],
----------------------- 4 ---------------------------
canvasWidth:40,
canvasHeight:40,
data:[{x:13,y:0,l:26,w:27},{x:15,y:26,l:14,w:25},{x:0,y:0,l:32,w:12},{x:4,y:32,l:8,w:8},],
----------------------- 5 ---------------------------
canvasWidth:40,
canvasHeight:40,
data:[{x:9,y:0,l:26,w:31},{x:20,y:26,l:1,w:20},{x:10,y:26,l:1,w:10},{x:11,y:27,l:13,w:29},{x:5,y:0,l:34,w:4},{x:0,y:0,l:2,w:5},{x:1,y:2,l:28,w:4},{x:2,y:30,l:10,w:3},],
----------------------- 6 ---------------------------
canvasWidth:40,
canvasHeight:40,
data:[{x:8,y:0,l:5,w:32},{x:0,y:0,l:3,w:8},{x:0,y:3,l:2,w:8},{x:15,y:5,l:29,w:25},{x:16,y:34,l:5,w:24},{x:0,y:5,l:28,w:15},{x:0,y:33,l:5,w:15},],
----------------------- 7 ---------------------------
canvasWidth:40,
canvasHeight:40,
data:[{x:20,y:0,l:22,w:20},{x:20,y:22,l:18,w:20},{x:0,y:0,l:29,w:20},{x:1,y:29,l:11,w:19},],
----------------------- 8 ---------------------------
canvasWidth:40,
canvasHeight:40,
data:[{x:24,y:0,l:17,w:16},{x:28,y:17,l:23,w:12},{x:24,y:17,l:20,w:4},{x:0,y:0,l:24,w:24},],
----------------------- 9 ---------------------------
canvasWidth:40,
canvasHeight:40,
data:[{x:8,y:0,l:19,w:32},{x:18,y:19,l:19,w:22},{x:9,y:19,l:19,w:9},{x:5,y:0,l:33,w:3},{x:2,y:0,l:26,w:3},{x:0,y:0,l:25,w:2},],
----------------------- 10 ---------------------------
canvasWidth:40,
canvasHeight:40,
data:[{x:26,y:0,l:23,w:14},{x:27,y:23,l:17,w:13},{x:14,y:0,l:30,w:12},{x:0,y:0,l:26,w:14},],
----------------------- 11 ---------------------------
canvasWidth:40,
canvasHeight:40,
data:[{x:29,y:0,l:31,w:11},{x:0,y:0,l:30,w:29},{x:28,y:31,l:1,w:12},{x:29,y:32,l:8,w:11},{x:0,y:31,l:6,w:27},],
----------------------- 12 ---------------------------
canvasWidth:40,
canvasHeight:40,
data:[{x:17,y:0,l:28,w:23},{x:17,y:28,l:6,w:23},{x:0,y:0,l:31,w:17},{x:10,y:35,l:5,w:30},],
----------------------- 13 ---------------------------
canvasWidth:40,
canvasHeight:40,
data:[{x:21,y:0,l:29,w:19},{x:2,y:0,l:23,w:19},{x:6,y:23,l:6,w:15},{x:7,y:29,l:1,w:33},{x:12,y:30,l:10,w:28},],
----------------------- 14 ---------------------------
canvasWidth:40,
canvasHeight:40,
data:[{x:13,y:0,l:31,w:27},{x:0,y:0,l:25,w:13},{x:25,y:31,l:9,w:15},],
----------------------- 15 ---------------------------
canvasWidth:40,
canvasHeight:40,
data:[{x:10,y:0,l:28,w:30},{x:12,y:28,l:12,w:28},{x:0,y:0,l:27,w:10},{x:1,y:27,l:11,w:9},],
----------------------- 16 ---------------------------
canvasWidth:40,
canvasHeight:40,
data:[{x:7,y:0,l:25,w:33},{x:0,y:0,l:25,w:7},{x:23,y:25,l:14,w:17},{x:0,y:25,l:11,w:23},],
----------------------- 17 ---------------------------
canvasWidth:40,
canvasHeight:40,
data:[{x:36,y:0,l:31,w:4},{x:5,y:0,l:26,w:31},{x:6,y:26,l:3,w:30},{x:0,y:0,l:26,w:5},],
