====================================== Class_01.2bp-36 =====================================
Reduced size: 80 usedBin: 0
[9, 39, 65]
[18, 33, 63]
[10]
[0]
[5]
[2, 48]
[6]
[3, 50]
[32, 44, 47, 64]
[8, 42, 71, 79]
[1, 69]
[13, 45, 59, 74]
[7, 46, 70]
[4, 54]
[14, 73]
[17, 49, 61, 78]
[21, 28, 68, 76]
[30, 34, 51]
[22, 36, 60, 77]
[11, 55, 62]
[15]
[19, 58]
[23, 25]
[20, 56]
[16, 72]
[12, 57, 66]
[29, 35, 53]
[24, 27, 67]
[26, 37, 52, 75]
[40, 43]
[31, 38, 41]
------------------------------------------------
Best fit used bin number: 31
Found best solution: 31 0.25

   Statrt add columnAndCut col: 31 cons: 0 cut: 0	0.312

	1 Start Add column using column generation  col: 31 cons: 0 cut: 0	0.312
			Start solve  LP :0.312
			End solve LP obj: 31.0 t: 0
	1 End Add column using column generation : 31.0 col: 31 cons: 0 cut: 0	0.312
   End add columnAndCut : 31.0 colGencnt: 1 price: 0 col: 31 cons: 0 cut: 0	0.312

Node lb: 31.0 ub: 31 : 0.312

Final Found Solution: 31 genNode: 1 extendedNode: 0:0.312
Bin size: 100
1 : 60,30,10, : 100
2 : 50,35,12, : 97
3 : 60, : 60
4 : 100, : 100
5 : 70, : 70
6 : 80,20, : 100
7 : 70, : 70
8 : 80,20, : 100
9 : 36,24,24,12, : 96
10 : 63,27,7,3, : 100
11 : 81,8, : 89
12 : 56,24,14,4, : 98
13 : 63,24,7, : 94
14 : 72,18, : 90
15 : 54,6, : 60
16 : 54,20,12,3, : 89
17 : 48,40,8,4, : 100
18 : 40,35,20, : 95
19 : 48,32,14,4, : 98
20 : 56,18,12, : 86
21 : 54, : 54
22 : 49,15, : 64
23 : 45,45, : 90
24 : 49,18, : 67
25 : 54,6, : 60
26 : 56,18,10, : 84
27 : 40,35,20, : 95
28 : 45,45,10, : 100
29 : 45,30,20,4, : 99
30 : 30,25, : 55
31 : 40,30,30, : 100
----------------------- 1 ---------------------------
canvasWidth:10,
canvasHeight:10,
data:[{x:4,y:0,l:10,w:6},{x:1,y:0,l:10,w:3},{x:0,y:0,l:10,w:1},],
----------------------- 2 ---------------------------
canvasWidth:10,
canvasHeight:10,
data:[{x:0,y:0,l:5,w:10},{x:3,y:5,l:5,w:7},{x:0,y:5,l:4,w:3},],
----------------------- 3 ---------------------------
canvasWidth:10,
canvasHeight:10,
data:[{x:0,y:0,l:6,w:10},],
----------------------- 4 ---------------------------
canvasWidth:10,
canvasHeight:10,
data:[{x:0,y:0,l:10,w:10},],
----------------------- 5 ---------------------------
canvasWidth:10,
canvasHeight:10,
data:[{x:0,y:0,l:7,w:10},],
----------------------- 6 ---------------------------
canvasWidth:10,
canvasHeight:10,
data:[{x:2,y:0,l:10,w:8},{x:0,y:0,l:10,w:2},],
----------------------- 7 ---------------------------
canvasWidth:10,
canvasHeight:10,
data:[{x:0,y:0,l:7,w:10},],
----------------------- 8 ---------------------------
canvasWidth:10,
canvasHeight:10,
data:[{x:2,y:0,l:10,w:8},{x:0,y:0,l:10,w:2},],
----------------------- 9 ---------------------------
canvasWidth:10,
canvasHeight:10,
data:[{x:4,y:0,l:6,w:6},{x:0,y:0,l:6,w:4},{x:4,y:6,l:4,w:6},{x:1,y:6,l:4,w:3},],
----------------------- 10 ---------------------------
canvasWidth:10,
canvasHeight:10,
data:[{x:3,y:0,l:9,w:7},{x:3,y:9,l:1,w:7},{x:0,y:0,l:9,w:3},{x:0,y:9,l:1,w:3},],
----------------------- 11 ---------------------------
canvasWidth:10,
canvasHeight:10,
data:[{x:1,y:0,l:9,w:9},{x:0,y:0,l:8,w:1},],
----------------------- 12 ---------------------------
canvasWidth:10,
canvasHeight:10,
data:[{x:2,y:0,l:7,w:8},{x:2,y:7,l:3,w:8},{x:0,y:0,l:7,w:2},{x:0,y:7,l:2,w:2},],
----------------------- 13 ---------------------------
canvasWidth:10,
canvasHeight:10,
data:[{x:1,y:0,l:7,w:9},{x:0,y:0,l:7,w:1},{x:2,y:7,l:3,w:8},],
----------------------- 14 ---------------------------
canvasWidth:10,
canvasHeight:10,
data:[{x:1,y:0,l:8,w:9},{x:1,y:8,l:2,w:9},],
----------------------- 15 ---------------------------
canvasWidth:10,
canvasHeight:10,
data:[{x:1,y:0,l:6,w:9},{x:0,y:0,l:6,w:1},],
----------------------- 16 ---------------------------
canvasWidth:10,
canvasHeight:10,
data:[{x:1,y:0,l:6,w:9},{x:5,y:6,l:4,w:5},{x:1,y:6,l:3,w:4},{x:0,y:6,l:3,w:1},],
----------------------- 17 ---------------------------
canvasWidth:10,
canvasHeight:10,
data:[{x:2,y:0,l:6,w:8},{x:0,y:0,l:4,w:2},{x:0,y:4,l:2,w:2},{x:0,y:6,l:4,w:10},],
----------------------- 18 ---------------------------
canvasWidth:10,
canvasHeight:10,
data:[{x:0,y:0,l:2,w:10},{x:5,y:2,l:8,w:5},{x:0,y:2,l:7,w:5},],
----------------------- 19 ---------------------------
canvasWidth:10,
canvasHeight:10,
data:[{x:2,y:0,l:6,w:8},{x:2,y:6,l:4,w:8},{x:0,y:0,l:7,w:2},{x:0,y:7,l:2,w:2},],
----------------------- 20 ---------------------------
canvasWidth:10,
canvasHeight:10,
data:[{x:3,y:0,l:8,w:7},{x:0,y:0,l:6,w:3},{x:4,y:8,l:2,w:6},],
----------------------- 21 ---------------------------
canvasWidth:10,
canvasHeight:10,
data:[{x:4,y:0,l:9,w:6},],
----------------------- 22 ---------------------------
canvasWidth:10,
canvasHeight:10,
data:[{x:3,y:0,l:7,w:7},{x:5,y:7,l:3,w:5},],
----------------------- 23 ---------------------------
canvasWidth:10,
canvasHeight:10,
data:[{x:5,y:0,l:9,w:5},{x:0,y:0,l:9,w:5},],
----------------------- 24 ---------------------------
canvasWidth:10,
canvasHeight:10,
data:[{x:3,y:0,l:7,w:7},{x:0,y:0,l:6,w:3},],
----------------------- 25 ---------------------------
canvasWidth:10,
canvasHeight:10,
data:[{x:4,y:0,l:9,w:6},{x:4,y:9,l:1,w:6},],
----------------------- 26 ---------------------------
canvasWidth:10,
canvasHeight:10,
data:[{x:3,y:0,l:8,w:7},{x:0,y:0,l:6,w:3},{x:5,y:8,l:2,w:5},],
----------------------- 27 ---------------------------
canvasWidth:10,
canvasHeight:10,
data:[{x:8,y:0,l:10,w:2},{x:0,y:0,l:5,w:8},{x:1,y:5,l:5,w:7},],
----------------------- 28 ---------------------------
canvasWidth:10,
canvasHeight:10,
data:[{x:1,y:0,l:5,w:9},{x:1,y:5,l:5,w:9},{x:0,y:0,l:10,w:1},],
----------------------- 29 ---------------------------
canvasWidth:10,
canvasHeight:10,
data:[{x:5,y:0,l:6,w:5},{x:5,y:6,l:4,w:5},{x:0,y:0,l:9,w:5},{x:1,y:9,l:1,w:4},],
----------------------- 30 ---------------------------
canvasWidth:10,
canvasHeight:10,
data:[{x:4,y:0,l:5,w:6},{x:5,y:5,l:5,w:5},],
----------------------- 31 ---------------------------
canvasWidth:10,
canvasHeight:10,
data:[{x:5,y:0,l:6,w:5},{x:0,y:0,l:6,w:5},{x:0,y:6,l:4,w:10},],
