====================================== Class_04.2bp-33 =====================================
Reduced size: 80 usedBin: 0
[0, 1, 2, 5, 10, 14, 15, 17, 18, 22, 23, 31, 36, 39, 45, 53, 56, 58, 59, 62, 64, 66, 67, 69, 71, 73, 76, 78]
[3, 4, 6, 7, 9, 13, 21, 25, 29, 33, 34, 35, 37, 38, 43, 44, 47, 51, 52, 57, 61, 75]
[8, 11, 12, 16, 19, 20, 24, 26, 27, 28, 30, 32, 40, 41, 42, 46, 48, 49, 50, 54, 55, 60, 63, 65, 68, 70, 72, 74, 77, 79]
------------------------------------------------
Best fit used bin number: 3
Found best solution: 3 0.303

   Statrt add columnAndCut col: 3 cons: 0 cut: 0	0.368

	1 Start Add column using column generation  col: 3 cons: 0 cut: 0	0.368
			Start solve  LP :0.369
			End solve LP obj: 3.0 t: 3
	1 End Add column using column generation : 3.0 col: 3 cons: 0 cut: 0	0.372
   End add columnAndCut : 3.0 colGencnt: 1 price: 0 col: 3 cons: 0 cut: 0	0.372

Node lb: 3.0 ub: 3 : 0.372

Final Found Solution: 3 genNode: 1 extendedNode: 0:0.373
Bin size: 10000
1 : 1015,945,840,759,720,612,612,595,589,490,464,341,280,264,231,132,104,93,84,72,68,62,52,46,42,26,21,12, : 9571
2 : 825,812,759,754,728,620,496,448,364,319,304,300,276,266,240,238,198,147,140,99,78,22, : 8433
3 : 729,714,620,600,506,500,462,437,416,396,360,330,252,243,243,224,162,160,152,120,108,84,69,68,51,44,32,22,12,8, : 8124
----------------------- 1 ---------------------------
canvasWidth:100,
canvasHeight:100,
data:[{x:86,y:0,l:35,w:14},{x:89,y:35,l:31,w:11},{x:86,y:35,l:31,w:3},{x:79,y:0,l:33,w:7},{x:79,y:33,l:3,w:7},{x:51,y:0,l:30,w:28},{x:51,y:30,l:3,w:28},{x:53,y:33,l:1,w:26},{x:56,y:34,l:2,w:23},{x:43,y:0,l:33,w:8},{x:45,y:33,l:2,w:6},{x:62,y:36,l:30,w:24},{x:46,y:36,l:29,w:16},{x:43,y:36,l:24,w:3},{x:35,y:0,l:35,w:8},{x:39,y:35,l:26,w:4},{x:37,y:35,l:26,w:2},{x:35,y:35,l:21,w:2},{x:82,y:66,l:34,w:18},{x:80,y:66,l:34,w:2},{x:57,y:66,l:33,w:23},{x:38,y:66,l:31,w:19},{x:36,y:66,l:31,w:2},{x:0,y:0,l:29,w:35},{x:0,y:29,l:27,w:35},{x:0,y:56,l:17,w:35},{x:1,y:73,l:18,w:34},{x:2,y:91,l:4,w:33},],
----------------------- 2 ---------------------------
canvasWidth:100,
canvasHeight:100,
data:[{x:77,y:0,l:33,w:23},{x:74,y:0,l:33,w:3},{x:74,y:33,l:29,w:26},{x:74,y:62,l:28,w:26},{x:76,y:90,l:10,w:24},{x:45,y:0,l:28,w:29},{x:29,y:0,l:28,w:16},{x:15,y:0,l:26,w:14},{x:18,y:26,l:2,w:11},{x:0,y:0,l:19,w:14},{x:40,y:28,l:7,w:34},{x:19,y:28,l:7,w:21},{x:54,y:35,l:31,w:20},{x:49,y:35,l:28,w:5},{x:16,y:35,l:25,w:33},{x:44,y:66,l:10,w:30},{x:45,y:76,l:11,w:29},{x:68,y:87,l:13,w:6},{x:45,y:87,l:12,w:23},{x:28,y:66,l:19,w:16},{x:0,y:28,l:31,w:16},{x:10,y:59,l:33,w:6},],
----------------------- 3 ---------------------------
canvasWidth:100,
canvasHeight:100,
data:[{x:69,y:0,l:20,w:31},{x:75,y:20,l:20,w:25},{x:69,y:20,l:18,w:6},{x:78,y:40,l:21,w:22},{x:69,y:40,l:18,w:9},{x:74,y:61,l:16,w:26},{x:70,y:61,l:11,w:4},{x:97,y:77,l:23,w:3},{x:77,y:77,l:18,w:20},{x:80,y:95,l:4,w:17},{x:77,y:95,l:4,w:3},{x:35,y:0,l:21,w:34},{x:2,y:0,l:12,w:33},{x:0,y:0,l:11,w:2},{x:7,y:12,l:8,w:28},{x:44,y:21,l:24,w:25},{x:29,y:21,l:22,w:15},{x:25,y:21,l:21,w:4},{x:15,y:21,l:16,w:10},{x:17,y:37,l:4,w:8},{x:1,y:21,l:18,w:14},{x:42,y:45,l:27,w:27},{x:42,y:72,l:9,w:27},{x:46,y:81,l:19,w:23},{x:43,y:81,l:17,w:3},{x:15,y:45,l:9,w:27},{x:0,y:45,l:8,w:15},{x:20,y:54,l:23,w:22},{x:1,y:54,l:8,w:19},{x:0,y:54,l:8,w:1},],
