====================================== Class_08.2bp-24 =====================================
Reduced size: 60 usedBin: 0
[3, 16, 32, 47, 52]
[10, 11, 35, 46, 50]
[1, 12, 55, 56]
[4, 9, 45, 49]
[8, 27, 31, 51, 53, 58]
[7, 24, 25, 43]
[15, 18, 26, 44]
[21, 28, 33, 39, 41, 57]
[2, 17, 34, 59]
[0, 48]
[19, 23, 29, 42]
[6, 13, 38, 40]
[5, 14, 36, 54]
[20, 22, 30, 37]
------------------------------------------------
Best fit used bin number: 14
Found best solution: 14 0.278

   Statrt add columnAndCut col: 14 cons: 0 cut: 0	0.356

	1 Start Add column using column generation  col: 14 cons: 0 cut: 0	0.356
			Start solve  LP :0.356
			End solve LP obj: 14.0 t: 16
	1 End Add column using column generation : 14.0 col: 14 cons: 0 cut: 0	0.372
   End add columnAndCut : 14.0 colGencnt: 1 price: 0 col: 14 cons: 0 cut: 0	0.372

Node lb: 14.0 ub: 14 : 0.372

Final Found Solution: 14 genNode: 1 extendedNode: 0:0.372
Bin size: 10000
1 : 4224,2784,1485,800,340, : 9633
2 : 3276,3128,1365,800,484, : 9053
3 : 5723,3104,249,237, : 9313
4 : 4183,3528,825,658, : 9194
5 : 3640,1863,1575,350,294,93, : 7815
6 : 3854,2296,2025,936, : 9111
7 : 2886,2730,1872,840, : 8328
8 : 2430,1848,1458,1131,1092,184, : 8143
9 : 4240,2775,1458,70, : 8543
10 : 8460,680, : 9140
11 : 2613,2376,1836,990, : 7815
12 : 3901,3071,1188,1104, : 9264
13 : 4048,3021,1305,273, : 8647
14 : 2552,2400,1638,1296, : 7886
----------------------- 1 ---------------------------
canvasWidth:100,
canvasHeight:100,
data:[{x:0,y:0,l:8,w:100},{x:1,y:8,l:15,w:99},{x:4,y:23,l:44,w:96},{x:4,y:67,l:29,w:96},{x:15,y:96,l:4,w:85},],
----------------------- 2 ---------------------------
canvasWidth:100,
canvasHeight:100,
data:[{x:92,y:0,l:100,w:8},{x:1,y:0,l:15,w:91},{x:8,y:15,l:39,w:84},{x:24,y:54,l:46,w:68},{x:13,y:54,l:44,w:11},],
----------------------- 3 ---------------------------
canvasWidth:100,
canvasHeight:100,
data:[{x:3,y:0,l:59,w:97},{x:3,y:59,l:32,w:97},{x:17,y:91,l:3,w:83},{x:0,y:0,l:79,w:3},],
----------------------- 4 ---------------------------
canvasWidth:100,
canvasHeight:100,
data:[{x:11,y:0,l:47,w:89},{x:16,y:47,l:42,w:84},{x:25,y:89,l:11,w:75},{x:4,y:0,l:94,w:7},],
----------------------- 5 ---------------------------
canvasWidth:100,
canvasHeight:100,
data:[{x:2,y:0,l:3,w:98},{x:9,y:3,l:40,w:91},{x:25,y:43,l:21,w:75},{x:31,y:64,l:27,w:69},{x:0,y:64,l:3,w:31},{x:30,y:91,l:5,w:70},],
----------------------- 6 ---------------------------
canvasWidth:100,
canvasHeight:100,
data:[{x:18,y:0,l:47,w:82},{x:18,y:47,l:28,w:82},{x:19,y:75,l:25,w:81},{x:6,y:0,l:78,w:12},],
----------------------- 7 ---------------------------
canvasWidth:100,
canvasHeight:100,
data:[{x:22,y:0,l:35,w:78},{x:26,y:35,l:39,w:74},{x:28,y:74,l:26,w:72},{x:12,y:0,l:84,w:10},],
----------------------- 8 ---------------------------
canvasWidth:100,
canvasHeight:100,
data:[{x:8,y:0,l:2,w:92},{x:13,y:2,l:13,w:87},{x:16,y:15,l:13,w:84},{x:19,y:28,l:30,w:81},{x:19,y:58,l:18,w:81},{x:23,y:76,l:24,w:77},],
----------------------- 9 ---------------------------
canvasWidth:100,
canvasHeight:100,
data:[{x:47,y:0,l:80,w:53},{x:10,y:0,l:75,w:37},{x:19,y:80,l:18,w:81},{x:30,y:98,l:1,w:70},],
----------------------- 10 ---------------------------
canvasWidth:100,
canvasHeight:100,
data:[{x:6,y:0,l:90,w:94},{x:32,y:90,l:10,w:68},],
----------------------- 11 ---------------------------
canvasWidth:100,
canvasHeight:100,
data:[{x:76,y:0,l:99,w:24},{x:8,y:0,l:27,w:68},{x:9,y:27,l:39,w:67},{x:10,y:66,l:15,w:66},],
----------------------- 12 ---------------------------
canvasWidth:100,
canvasHeight:100,
data:[{x:88,y:0,l:99,w:12},{x:5,y:0,l:47,w:83},{x:5,y:47,l:37,w:83},{x:19,y:84,l:16,w:69},],
----------------------- 13 ---------------------------
canvasWidth:100,
canvasHeight:100,
data:[{x:56,y:0,l:92,w:44},{x:3,y:0,l:57,w:53},{x:11,y:57,l:29,w:45},{x:61,y:92,l:7,w:39},],
----------------------- 14 ---------------------------
canvasWidth:100,
canvasHeight:100,
data:[{x:4,y:0,l:25,w:96},{x:12,y:25,l:29,w:88},{x:19,y:54,l:16,w:81},{x:22,y:70,l:21,w:78},],
