====================================== Class_06.2bp-11 =====================================
Reduced size: 40 usedBin: 0
[0, 1, 2, 3, 4, 5, 6, 7, 10, 11, 12, 14, 15, 16, 17, 20, 21, 22, 23, 24, 25, 26, 29, 30, 31, 32, 33, 34, 35, 36, 37, 38, 39]
[8, 9, 13, 18, 19, 27, 28]
------------------------------------------------
Best fit used bin number: 2
Found best solution: 2 0.234

   Statrt add columnAndCut col: 2 cons: 0 cut: 0	0.297

	1 Start Add column using column generation  col: 2 cons: 0 cut: 0	0.297
			Start solve  LP :0.297
			End solve LP obj: 2.0 t: 0
com.wlj.solver.BBSolver:
--------------------------------------- Price Problem Start --------------------------------------------------------
dualPrice.size = 40 , dualPrice = [1.0, -0.0, -0.0, -0.0, -0.0, -0.0, -0.0, -0.0, 1.0, -0.0, -0.0, -0.0, -0.0, -0.0, -0.0, -0.0, -0.0, -0.0, -0.0, -0.0, -0.0, -0.0, -0.0, -0.0, -0.0, -0.0, -0.0, -0.0, -0.0, -0.0, -0.0, -0.0, -0.0, -0.0, -0.0, -0.0, -0.0, -0.0, -0.0, -0.0]
			Active cut size: 0
W = 146 
H = 148
normalXList.size = 4
normalYList.size = 4
xList.size = 4
yList.size = 4
squareList.size = 2
myConsList.size = 0
当前上界 = 2.0
最优解：2.0
solutionList.size() = 1
pattern.getKey() = 0@8@
用时：0.0 s
--------------------------------------- Price Problem End --------------------------------------------------------
		1 Add column : 1 col:2 	0.312
			Start solve  LP :0.312
			End solve LP obj: 2.0 t: 0
com.wlj.solver.BBSolver:
--------------------------------------- Price Problem Start --------------------------------------------------------
dualPrice.size = 40 , dualPrice = [0.0, 1.0, -0.0, -0.0, -0.0, -0.0, -0.0, -0.0, 1.0, -0.0, -0.0, -0.0, -0.0, -0.0, -0.0, -0.0, -0.0, -0.0, -0.0, -0.0, -0.0, -0.0, -0.0, -0.0, -0.0, -0.0, -0.0, -0.0, -0.0, -0.0, -0.0, -0.0, -0.0, -0.0, -0.0, -0.0, -0.0, -0.0, -0.0, -0.0]
			Active cut size: 0
W = 150 
H = 140
normalXList.size = 4
normalYList.size = 4
xList.size = 4
yList.size = 4
squareList.size = 2
myConsList.size = 0
当前上界 = 2.0
最优解：2.0
solutionList.size() = 1
pattern.getKey() = 1@8@
用时：0.0 s
--------------------------------------- Price Problem End --------------------------------------------------------
		2 Add column : 1 col:3 	0.312
			Start solve  LP :0.312
			End solve LP obj: 2.0 t: 0
com.wlj.solver.BBSolver:
--------------------------------------- Price Problem Start --------------------------------------------------------
dualPrice.size = 40 , dualPrice = [0.5, 0.5, -0.0, -0.0, -0.0, -0.0, -0.0, -0.0, 0.5, 0.5, -0.0, -0.0, -0.0, -0.0, -0.0, -0.0, -0.0, -0.0, -0.0, -0.0, -0.0, -0.0, -0.0, -0.0, -0.0, -0.0, -0.0, -0.0, -0.0, -0.0, -0.0, -0.0, -0.0, -0.0, -0.0, -0.0, -0.0, -0.0, -0.0, -0.0]
			Active cut size: 0
W = 284 
H = 291
normalXList.size = 16
normalYList.size = 16
xList.size = 16
yList.size = 16
squareList.size = 4
myConsList.size = 0
当前上界 = 2.0
最优解：2.0
solutionList.size() = 1
pattern.getKey() = 0@1@8@9@
用时：0.015 s
--------------------------------------- Price Problem End --------------------------------------------------------
		3 Add column : 1 col:4 	0.343
			Start solve  LP :0.343
			End solve LP obj: 2.0 t: 0
com.wlj.solver.BBSolver:
--------------------------------------- Price Problem Start --------------------------------------------------------
dualPrice.size = 40 , dualPrice = [0.0, 0.0, 1.0, -0.0, -0.0, -0.0, -0.0, -0.0, 1.0, 0.0, -0.0, -0.0, -0.0, -0.0, -0.0, -0.0, -0.0, -0.0, -0.0, -0.0, -0.0, -0.0, -0.0, -0.0, -0.0, -0.0, -0.0, -0.0, -0.0, -0.0, -0.0, -0.0, -0.0, -0.0, -0.0, -0.0, -0.0, -0.0, -0.0, -0.0]
			Active cut size: 0
W = 157 
H = 132
normalXList.size = 4
normalYList.size = 4
xList.size = 4
yList.size = 4
squareList.size = 2
myConsList.size = 0
当前上界 = 2.0
最优解：2.0
solutionList.size() = 1
pattern.getKey() = 2@8@
用时：0.0 s
--------------------------------------- Price Problem End --------------------------------------------------------
		4 Add column : 1 col:5 	0.343
			Start solve  LP :0.343
			End solve LP obj: 2.0 t: 0
com.wlj.solver.BBSolver:
--------------------------------------- Price Problem Start --------------------------------------------------------
dualPrice.size = 40 , dualPrice = [-0.0, 0.0, 1.0, -0.0, -0.0, -0.0, -0.0, -0.0, 0.0, 1.0, -0.0, -0.0, -0.0, -0.0, -0.0, -0.0, -0.0, -0.0, -0.0, -0.0, -0.0, -0.0, -0.0, -0.0, -0.0, -0.0, -0.0, -0.0, -0.0, -0.0, -0.0, -0.0, -0.0, -0.0, -0.0, -0.0, -0.0, -0.0, -0.0, -0.0]
			Active cut size: 0
W = 145 
H = 135
normalXList.size = 4
normalYList.size = 4
xList.size = 4
yList.size = 4
squareList.size = 2
myConsList.size = 0
当前上界 = 2.0
最优解：2.0
solutionList.size() = 1
pattern.getKey() = 2@9@
用时：0.0 s
--------------------------------------- Price Problem End --------------------------------------------------------
		5 Add column : 1 col:6 	0.359
			Start solve  LP :0.359
			End solve LP obj: 2.0 t: 0
com.wlj.solver.BBSolver:
--------------------------------------- Price Problem Start --------------------------------------------------------
dualPrice.size = 40 , dualPrice = [-0.0, 0.33333333333333337, 0.6666666666666666, -0.0, -0.0, -0.0, -0.0, -0.0, 0.33333333333333337, 0.33333333333333337, -0.0, -0.0, -0.0, 0.33333333333333326, -0.0, -0.0, -0.0, -0.0, -0.0, -0.0, -0.0, -0.0, -0.0, -0.0, -0.0, -0.0, -0.0, -0.0, -0.0, -0.0, -0.0, -0.0, -0.0, -0.0, -0.0, -0.0, -0.0, -0.0, -0.0, -0.0]
			Active cut size: 0
W = 300 
H = 275
normalXList.size = 27
normalYList.size = 27
xList.size = 17
yList.size = 20
squareList.size = 5
myConsList.size = 0
当前上界 = 2.0
最优解：2.0
solutionList.size() = 1
pattern.getKey() = 1@2@8@9@13@
用时：0.063 s
--------------------------------------- Price Problem End --------------------------------------------------------
		6 Add column : 1 col:7 	0.422
			Start solve  LP :0.422
			End solve LP obj: 2.0 t: 0
com.wlj.solver.BBSolver:
--------------------------------------- Price Problem Start --------------------------------------------------------
dualPrice.size = 40 , dualPrice = [1.0, -0.0, 0.0, -0.0, -0.0, -0.0, -0.0, -0.0, -0.0, 0.0, -0.0, -0.0, -0.0, 1.0, -0.0, -0.0, -0.0, -0.0, -0.0, -0.0, -0.0, -0.0, -0.0, -0.0, -0.0, -0.0, -0.0, -0.0, -0.0, -0.0, -0.0, -0.0, -0.0, -0.0, -0.0, -0.0, -0.0, -0.0, -0.0, -0.0]
			Active cut size: 0
W = 151 
H = 126
normalXList.size = 4
normalYList.size = 4
xList.size = 4
yList.size = 4
squareList.size = 2
myConsList.size = 0
当前上界 = 2.0
最优解：2.0
solutionList.size() = 1
pattern.getKey() = 0@13@
用时：0.0 s
--------------------------------------- Price Problem End --------------------------------------------------------
		7 Add column : 1 col:8 	0.422
			Start solve  LP :0.437
			End solve LP obj: 2.0 t: 0
com.wlj.solver.BBSolver:
--------------------------------------- Price Problem Start --------------------------------------------------------
dualPrice.size = 40 , dualPrice = [0.6666666666666666, -0.0, 0.33333333333333337, -0.0, -0.0, -0.0, -0.0, -0.0, -0.0, 0.33333333333333337, -0.0, -0.0, -0.0, 0.33333333333333337, -0.0, -0.0, -0.0, -0.0, 0.33333333333333326, -0.0, -0.0, -0.0, -0.0, -0.0, -0.0, -0.0, -0.0, -0.0, -0.0, -0.0, -0.0, -0.0, -0.0, -0.0, -0.0, -0.0, -0.0, -0.0, -0.0, -0.0]
			Active cut size: 0
W = 296 
H = 291
normalXList.size = 23
normalYList.size = 28
xList.size = 16
yList.size = 28
squareList.size = 5
myConsList.size = 0
当前上界 = 2.0
最优解：2.0
solutionList.size() = 1
pattern.getKey() = 0@2@9@13@18@
用时：0.125 s
--------------------------------------- Price Problem End --------------------------------------------------------
		8 Add column : 1 col:9 	0.562
			Start solve  LP :0.562
			End solve LP obj: 2.0 t: 0
com.wlj.solver.BBSolver:
--------------------------------------- Price Problem Start --------------------------------------------------------
dualPrice.size = 40 , dualPrice = [0.0, 1.0, -0.0, -0.0, -0.0, -0.0, -0.0, -0.0, -0.0, -0.0, -0.0, -0.0, -0.0, 0.0, -0.0, -0.0, -0.0, -0.0, 1.0, -0.0, -0.0, -0.0, -0.0, -0.0, -0.0, -0.0, -0.0, -0.0, -0.0, -0.0, -0.0, -0.0, -0.0, -0.0, -0.0, -0.0, -0.0, -0.0, -0.0, -0.0]
			Active cut size: 0
W = 149 
H = 108
normalXList.size = 4
normalYList.size = 4
xList.size = 4
yList.size = 4
squareList.size = 2
myConsList.size = 0
当前上界 = 2.0
最优解：2.0
solutionList.size() = 1
pattern.getKey() = 1@18@
用时：0.0 s
--------------------------------------- Price Problem End --------------------------------------------------------
		9 Add column : 1 col:10 	0.562
			Start solve  LP :0.562
			End solve LP obj: 2.0 t: 0
com.wlj.solver.BBSolver:
--------------------------------------- Price Problem Start --------------------------------------------------------
dualPrice.size = 40 , dualPrice = [0.33333333333333337, 0.6666666666666666, -0.0, -0.0, -0.0, -0.0, -0.0, -0.0, -0.0, -0.0, -0.0, -0.0, -0.0, 0.33333333333333337, -0.0, -0.0, -0.0, -0.0, 0.33333333333333337, 0.33333333333333326, -0.0, -0.0, -0.0, -0.0, -0.0, -0.0, -0.0, -0.0, -0.0, -0.0, -0.0, -0.0, -0.0, -0.0, -0.0, -0.0, -0.0, -0.0, -0.0, -0.0]
			Active cut size: 0
W = 300 
H = 264
normalXList.size = 27
normalYList.size = 24
xList.size = 16
yList.size = 24
squareList.size = 5
myConsList.size = 0
当前上界 = 2.0
最优解：2.0
solutionList.size() = 1
pattern.getKey() = 0@1@13@18@19@
用时：0.094 s
--------------------------------------- Price Problem End --------------------------------------------------------
		10 Add column : 1 col:11 	0.656
			Start solve  LP :0.656
			End solve LP obj: 2.0 t: 0
com.wlj.solver.BBSolver:
--------------------------------------- Price Problem Start --------------------------------------------------------
dualPrice.size = 40 , dualPrice = [-0.0, 0.0, 1.0, -0.0, -0.0, -0.0, -0.0, -0.0, -0.0, -0.0, -0.0, -0.0, -0.0, -0.0, -0.0, -0.0, -0.0, -0.0, 0.0, 1.0, -0.0, -0.0, -0.0, -0.0, -0.0, -0.0, -0.0, -0.0, -0.0, -0.0, -0.0, -0.0, -0.0, -0.0, -0.0, -0.0, -0.0, -0.0, -0.0, -0.0]
			Active cut size: 0
W = 146 
H = 100
normalXList.size = 4
normalYList.size = 4
xList.size = 4
yList.size = 4
squareList.size = 2
myConsList.size = 0
当前上界 = 2.0
最优解：2.0
solutionList.size() = 1
pattern.getKey() = 2@19@
用时：0.0 s
--------------------------------------- Price Problem End --------------------------------------------------------
		11 Add column : 1 col:12 	0.672
			Start solve  LP :0.672
			End solve LP obj: 2.0 t: 0
com.wlj.solver.BBSolver:
--------------------------------------- Price Problem Start --------------------------------------------------------
dualPrice.size = 40 , dualPrice = [-0.0, 0.20000000000000007, 0.6, 0.19999999999999996, -0.0, -0.0, -0.0, -0.0, 0.19999999999999996, -0.0, -0.0, -0.0, -0.0, -0.0, -0.0, -0.0, -0.0, -0.0, 0.3999999999999999, 0.4, -0.0, -0.0, -0.0, -0.0, -0.0, -0.0, -0.0, -0.0, -0.0, -0.0, -0.0, -0.0, -0.0, -0.0, -0.0, -0.0, -0.0, -0.0, -0.0, -0.0]
			Active cut size: 0
W = 300 
H = 293
normalXList.size = 41
normalYList.size = 46
xList.size = 25
yList.size = 32
squareList.size = 6
myConsList.size = 0
当前上界 = 2.0
最优解：2.0
solutionList.size() = 1
pattern.getKey() = 1@2@3@8@18@19@
用时：0.625 s
--------------------------------------- Price Problem End --------------------------------------------------------
		12 Add column : 1 col:13 	1.297
			Start solve  LP :1.297
			End solve LP obj: 2.0 t: 0
com.wlj.solver.BBSolver:
--------------------------------------- Price Problem Start --------------------------------------------------------
dualPrice.size = 40 , dualPrice = [0.6666666666666666, -0.0, 0.33333333333333337, -0.0, -0.0, -0.0, -0.0, -0.0, 0.33333333333333337, -0.0, -0.0, -0.0, -0.0, -0.0, -0.0, -0.0, -0.0, -0.0, -0.0, 0.33333333333333337, -0.0, -0.0, -0.0, -0.0, -0.0, -0.0, -0.0, 0.33333333333333326, -0.0, -0.0, -0.0, -0.0, -0.0, -0.0, -0.0, -0.0, -0.0, -0.0, -0.0, -0.0]
			Active cut size: 0
W = 295 
H = 261
normalXList.size = 25
normalYList.size = 32
xList.size = 16
yList.size = 32
squareList.size = 5
myConsList.size = 0
当前上界 = 2.0
最优解：2.0
solutionList.size() = 1
pattern.getKey() = 0@2@8@19@27@
用时：0.062 s
--------------------------------------- Price Problem End --------------------------------------------------------
		13 Add column : 1 col:14 	1.359
			Start solve  LP :1.359
			End solve LP obj: 2.0 t: 0
com.wlj.solver.BBSolver:
--------------------------------------- Price Problem Start --------------------------------------------------------
dualPrice.size = 40 , dualPrice = [0.0, 1.0, 0.0, -0.0, -0.0, -0.0, -0.0, -0.0, 0.0, -0.0, -0.0, -0.0, -0.0, -0.0, -0.0, -0.0, -0.0, -0.0, -0.0, 0.0, -0.0, -0.0, -0.0, -0.0, -0.0, -0.0, -0.0, 1.0, -0.0, -0.0, -0.0, -0.0, -0.0, -0.0, -0.0, -0.0, -0.0, -0.0, -0.0, -0.0]
			Active cut size: 0
W = 153 
H = 91
normalXList.size = 4
normalYList.size = 4
xList.size = 4
yList.size = 4
squareList.size = 2
myConsList.size = 0
当前上界 = 2.0
最优解：2.0
solutionList.size() = 1
pattern.getKey() = 1@27@
用时：0.0 s
--------------------------------------- Price Problem End --------------------------------------------------------
		14 Add column : 1 col:15 	1.359
			Start solve  LP :1.359
			End solve LP obj: 2.0 t: 0
com.wlj.solver.BBSolver:
--------------------------------------- Price Problem Start --------------------------------------------------------
dualPrice.size = 40 , dualPrice = [0.25000000000000006, 0.6249999999999999, 0.12500000000000006, -0.0, -0.0, -0.0, -0.0, -0.0, 0.12500000000000006, -0.0, -0.0, -0.0, -0.0, -0.0, -0.0, -0.0, -0.0, -0.0, -0.0, 0.12500000000000006, -0.0, -0.0, -0.0, -0.0, -0.0, -0.0, -0.0, 0.3750000000000001, 0.3749999999999999, -0.0, -0.0, -0.0, -0.0, -0.0, -0.0, -0.0, -0.0, -0.0, -0.0, -0.0]
			Active cut size: 0
W = 299 
H = 300
normalXList.size = 78
normalYList.size = 109
xList.size = 36
yList.size = 80
squareList.size = 7
myConsList.size = 0
当前上界 = 2.0
最优解：2.0
solutionList.size() = 1
pattern.getKey() = 0@1@2@8@19@27@28@
用时：5.953 s
--------------------------------------- Price Problem End --------------------------------------------------------
		15 Add column : 1 col:16 	7.312
			Start solve  LP :7.312
			End solve LP obj: 2.0 t: 0
com.wlj.solver.BBSolver:
--------------------------------------- Price Problem Start --------------------------------------------------------
dualPrice.size = 40 , dualPrice = [0.0, 0.0, -0.0, 1.0, -0.0, -0.0, -0.0, -0.0, 0.0, -0.0, -0.0, -0.0, -0.0, -0.0, -0.0, -0.0, -0.0, -0.0, -0.0, -0.0, -0.0, -0.0, -0.0, -0.0, -0.0, -0.0, -0.0, 1.0, 0.0, -0.0, -0.0, -0.0, -0.0, -0.0, -0.0, -0.0, -0.0, -0.0, -0.0, -0.0]
			Active cut size: 0
W = 158 
H = 66
normalXList.size = 4
normalYList.size = 4
xList.size = 4
yList.size = 4
squareList.size = 2
myConsList.size = 0
当前上界 = 2.0
最优解：2.0
solutionList.size() = 1
pattern.getKey() = 3@27@
用时：0.0 s
--------------------------------------- Price Problem End --------------------------------------------------------
		16 Add column : 1 col:17 	7.312
			Start solve  LP :7.312
			End solve LP obj: 2.0 t: 0
com.wlj.solver.BBSolver:
--------------------------------------- Price Problem Start --------------------------------------------------------
dualPrice.size = 40 , dualPrice = [-0.0, 0.0, -0.0, 1.0, -0.0, -0.0, -0.0, -0.0, 0.0, -0.0, -0.0, -0.0, -0.0, -0.0, -0.0, -0.0, -0.0, -0.0, -0.0, -0.0, -0.0, -0.0, -0.0, -0.0, -0.0, -0.0, -0.0, 0.0, 1.0, -0.0, -0.0, -0.0, -0.0, -0.0, -0.0, -0.0, -0.0, -0.0, -0.0, -0.0]
			Active cut size: 0
W = 116 
H = 84
normalXList.size = 4
normalYList.size = 4
xList.size = 4
yList.size = 4
squareList.size = 2
myConsList.size = 0
当前上界 = 2.0
最优解：2.0
solutionList.size() = 1
pattern.getKey() = 3@28@
用时：0.0 s
--------------------------------------- Price Problem End --------------------------------------------------------
		17 Add column : 1 col:18 	7.312
			Start solve  LP :7.312
			End solve LP obj: 2.0 t: 0
com.wlj.solver.BBSolver:
--------------------------------------- Price Problem Start --------------------------------------------------------
dualPrice.size = 40 , dualPrice = [-0.0, -5.551115123125783E-17, -0.0, 0.6666666666666667, 0.33333333333333326, -0.0, -0.0, -0.0, 0.33333333333333337, -0.0, -0.0, -0.0, -0.0, -0.0, -0.0, -0.0, -0.0, -0.0, -0.0, -0.0, -0.0, -0.0, -0.0, -0.0, -0.0, -0.0, -0.0, 0.3333333333333333, 0.3333333333333333, -0.0, -0.0, -0.0, -0.0, -0.0, -0.0, -0.0, -0.0, -0.0, -0.0, -0.0]
			Active cut size: 0
W = 277 
H = 209
normalXList.size = 26
normalYList.size = 32
xList.size = 17
yList.size = 32
squareList.size = 5
myConsList.size = 0
当前上界 = 1.9999999999999998
最优解：2.0
solutionList.size() = 1
pattern.getKey() = 3@4@8@27@28@
用时：0.047 s
--------------------------------------- Price Problem End --------------------------------------------------------
		18 Add column : 1 col:19 	7.359
			Start solve  LP :7.359
			End solve LP obj: 2.0 t: 0
com.wlj.solver.BBSolver:
--------------------------------------- Price Problem Start --------------------------------------------------------
dualPrice.size = 40 , dualPrice = [-0.0, 0.0, -0.0, 1.0, -0.0, -0.0, -0.0, -0.0, -0.0, 1.0, -0.0, -0.0, -0.0, -0.0, -0.0, -0.0, -0.0, -0.0, -0.0, -0.0, -0.0, -0.0, -0.0, -0.0, -0.0, -0.0, -0.0, 0.0, 0.0, -0.0, -0.0, -0.0, -0.0, -0.0, -0.0, -0.0, -0.0, -0.0, -0.0, -0.0]
			Active cut size: 0
W = 143 
H = 118
normalXList.size = 4
normalYList.size = 4
xList.size = 4
yList.size = 4
squareList.size = 2
myConsList.size = 0
当前上界 = 2.0
最优解：2.0
solutionList.size() = 1
pattern.getKey() = 3@9@
用时：0.0 s
--------------------------------------- Price Problem End --------------------------------------------------------
		19 Add column : 1 col:20 	7.359
			Start solve  LP :7.359
			End solve LP obj: 2.0 t: 0
com.wlj.solver.BBSolver:
--------------------------------------- Price Problem Start --------------------------------------------------------
dualPrice.size = 40 , dualPrice = [-0.0, 0.5, -0.0, 0.5, -0.0, -0.0, -0.0, -0.0, -0.0, 0.5, -0.0, -0.0, -0.0, -0.0, -0.0, -0.0, -0.0, -0.0, -0.0, -0.0, -0.0, -0.0, -0.0, -0.0, -0.0, -0.0, -0.0, 0.0, 0.5, -0.0, -0.0, -0.0, -0.0, -0.0, -0.0, -0.0, -0.0, -0.0, -0.0, -0.0]
			Active cut size: 0
W = 254 
H = 227
normalXList.size = 16
normalYList.size = 16
xList.size = 16
yList.size = 16
squareList.size = 4
myConsList.size = 0
当前上界 = 2.0
最优解：2.0
solutionList.size() = 1
pattern.getKey() = 1@3@9@28@
用时：0.016 s
--------------------------------------- Price Problem End --------------------------------------------------------
		20 Add column : 1 col:21 	7.375
			Start solve  LP :7.375
			End solve LP obj: 2.0 t: 0
com.wlj.solver.BBSolver:
--------------------------------------- Price Problem Start --------------------------------------------------------
dualPrice.size = 40 , dualPrice = [0.5, 0.0, -0.0, 0.5, -0.0, -0.0, -0.0, -0.0, -0.0, 0.5, -0.0, -0.0, -0.0, -0.0, -0.0, -0.0, -0.0, -0.0, -0.0, -0.0, -0.0, -0.0, -0.0, -0.0, -0.0, -0.0, -0.0, 0.5, 0.0, -0.0, -0.0, -0.0, -0.0, -0.0, -0.0, -0.0, -0.0, -0.0, -0.0, -0.0]
			Active cut size: 0
W = 292 
H = 217
normalXList.size = 16
normalYList.size = 16
xList.size = 16
yList.size = 16
squareList.size = 4
myConsList.size = 0
当前上界 = 2.0
最优解：2.0
solutionList.size() = 1
pattern.getKey() = 0@3@9@27@
用时：0.0 s
--------------------------------------- Price Problem End --------------------------------------------------------
		21 Add column : 1 col:22 	7.375
			Start solve  LP :7.375
			End solve LP obj: 2.0 t: 0
com.wlj.solver.BBSolver:
--------------------------------------- Price Problem Start --------------------------------------------------------
dualPrice.size = 40 , dualPrice = [0.0, 0.5, -0.0, 0.0, 0.5, -0.0, -0.0, -0.0, -0.0, 0.5, -0.0, -0.0, -0.0, -0.0, -0.0, -0.0, -0.0, -0.0, -0.0, -0.0, -0.0, -0.0, -0.0, -0.0, -0.0, -0.0, -0.0, 0.5, -0.0, -0.0, -0.0, -0.0, -0.0, -0.0, -0.0, -0.0, -0.0, -0.0, -0.0, -0.0]
			Active cut size: 0
W = 299 
H = 206
normalXList.size = 16
normalYList.size = 14
xList.size = 16
yList.size = 14
squareList.size = 4
myConsList.size = 0
当前上界 = 2.0
最优解：2.0
solutionList.size() = 1
pattern.getKey() = 1@4@9@27@
用时：0.015 s
--------------------------------------- Price Problem End --------------------------------------------------------
		22 Add column : 1 col:23 	7.39
			Start solve  LP :7.39
			End solve LP obj: 2.0 t: 0
com.wlj.solver.BBSolver:
--------------------------------------- Price Problem Start --------------------------------------------------------
dualPrice.size = 40 , dualPrice = [0.25, 0.25, -0.0, 0.25, 0.25, -0.0, -0.0, -0.0, 0.25, 0.25, -0.0, -0.0, -0.0, 0.25, -0.0, -0.0, -0.0, -0.0, -0.0, -0.0, -0.0, -0.0, -0.0, -0.0, -0.0, -0.0, -0.0, 0.25, -0.0, -0.0, -0.0, -0.0, -0.0, -0.0, -0.0, -0.0, -0.0, -0.0, -0.0, -0.0]
			Active cut size: 0
W = 299 
H = 299
normalXList.size = 67
normalYList.size = 120
xList.size = 34
yList.size = 55
squareList.size = 8
myConsList.size = 0
当前上界 = 2.0
最优解：2.0
solutionList.size() = 1
pattern.getKey() = 0@1@3@4@8@9@13@27@
用时：3.844 s
--------------------------------------- Price Problem End --------------------------------------------------------
		23 Add column : 1 col:24 	11.234
			Start solve  LP :11.234
			End solve LP obj: 2.0 t: 0
com.wlj.solver.BBSolver:
--------------------------------------- Price Problem Start --------------------------------------------------------
dualPrice.size = 40 , dualPrice = [-0.0, -0.0, 0.5, 0.0, 0.0, -0.0, -0.0, -0.0, 0.0, 0.5, -0.0, -0.0, -0.0, 0.0, -0.0, -0.0, -0.0, -0.0, -0.0, -0.0, -0.0, -0.0, -0.0, -0.0, -0.0, -0.0, -0.0, 0.5, -0.0, -0.0, -0.0, -0.0, -0.0, -0.0, -0.0, -0.0, -0.0, -0.0, -0.0, 0.5]
			Active cut size: 0
W = 225 
H = 152
normalXList.size = 16
normalYList.size = 16
xList.size = 16
yList.size = 16
squareList.size = 4
myConsList.size = 0
当前上界 = 2.0
最优解：2.0
solutionList.size() = 1
pattern.getKey() = 2@9@27@39@
用时：0.0 s
--------------------------------------- Price Problem End --------------------------------------------------------
		24 Add column : 1 col:25 	11.234
			Start solve  LP :11.234
			End solve LP obj: 2.0 t: 0
com.wlj.solver.BBSolver:
--------------------------------------- Price Problem Start --------------------------------------------------------
dualPrice.size = 40 , dualPrice = [-0.0, -0.0, 0.0, -0.0, -0.0, -0.0, -0.0, -0.0, 0.0, -0.0, -0.0, -0.0, -0.0, 1.0, -0.0, -0.0, -0.0, -0.0, -0.0, -0.0, -0.0, -0.0, -0.0, -0.0, -0.0, -0.0, -0.0, 0.0, -0.0, -0.0, -0.0, -0.0, -0.0, -0.0, -0.0, -0.0, -0.0, -0.0, -0.0, 1.0]
			Active cut size: 0
W = 82 
H = 44
normalXList.size = 4
normalYList.size = 4
xList.size = 4
yList.size = 4
squareList.size = 2
myConsList.size = 0
当前上界 = 2.0
最优解：2.0
solutionList.size() = 1
pattern.getKey() = 13@39@
用时：0.0 s
--------------------------------------- Price Problem End --------------------------------------------------------
		25 Add column : 1 col:26 	11.234
			Start solve  LP :11.234
			End solve LP obj: 2.0 t: 0
com.wlj.solver.BBSolver:
--------------------------------------- Price Problem Start --------------------------------------------------------
dualPrice.size = 40 , dualPrice = [-0.0, -0.0, 0.0, -0.0, 0.0, -0.0, -0.0, -0.0, 1.0, -0.0, -0.0, -0.0, -0.0, 0.0, -0.0, -0.0, -0.0, -0.0, -0.0, -0.0, -0.0, -0.0, -0.0, -0.0, -0.0, -0.0, -0.0, 0.0, -0.0, -0.0, -0.0, -0.0, -0.0, -0.0, -0.0, -0.0, -0.0, -0.0, -0.0, 1.0]
			Active cut size: 0
W = 77 
H = 66
normalXList.size = 4
normalYList.size = 4
xList.size = 4
yList.size = 4
squareList.size = 2
myConsList.size = 0
当前上界 = 2.0
最优解：2.0
solutionList.size() = 1
pattern.getKey() = 8@39@
用时：0.0 s
--------------------------------------- Price Problem End --------------------------------------------------------
		26 Add column : 1 col:27 	11.234
			Start solve  LP :11.234
			End solve LP obj: 2.0 t: 0
com.wlj.solver.BBSolver:
--------------------------------------- Price Problem Start --------------------------------------------------------
dualPrice.size = 40 , dualPrice = [-0.0, -0.0, 0.25, -0.0, 0.125, -0.0, -0.0, -0.0, 0.375, -0.0, -0.0, -0.0, -0.0, 0.375, -0.0, -0.0, -0.0, -0.0, 0.125, -0.0, -0.0, -0.0, -0.0, -0.0, -0.0, -0.0, -0.0, 0.125, -0.0, -0.0, -0.0, -0.0, -0.0, -0.0, -0.0, -0.0, -0.0, -0.0, -0.0, 0.625]
			Active cut size: 0
W = 296 
H = 269
normalXList.size = 77
normalYList.size = 112
xList.size = 29
yList.size = 112
squareList.size = 7
myConsList.size = 0
当前上界 = 2.0
最优解：2.0
solutionList.size() = 1
pattern.getKey() = 2@4@8@13@18@27@39@
用时：8.922 s
--------------------------------------- Price Problem End --------------------------------------------------------
		27 Add column : 1 col:28 	20.156
			Start solve  LP :20.156
			End solve LP obj: 2.0 t: 0
com.wlj.solver.BBSolver:
--------------------------------------- Price Problem Start --------------------------------------------------------
dualPrice.size = 40 , dualPrice = [0.0, -0.0, -0.0, -0.0, -0.0, -0.0, -0.0, -0.0, 0.0, -0.0, -0.0, -0.0, -0.0, 0.0, -0.0, -0.0, -0.0, -0.0, -0.0, -0.0, -0.0, -0.0, -0.0, -0.0, -0.0, -0.0, -0.0, -0.0, 1.0, -0.0, -0.0, -0.0, -0.0, -0.0, -0.0, -0.0, -0.0, -0.0, -0.0, 1.0]
			Active cut size: 0
W = 38 
H = 35
normalXList.size = 4
normalYList.size = 4
xList.size = 4
yList.size = 4
squareList.size = 2
myConsList.size = 0
当前上界 = 2.0
最优解：2.0
solutionList.size() = 1
pattern.getKey() = 28@39@
用时：0.0 s
--------------------------------------- Price Problem End --------------------------------------------------------
		28 Add column : 1 col:29 	20.172
			Start solve  LP :20.172
			End solve LP obj: 2.0 t: 0
com.wlj.solver.BBSolver:
--------------------------------------- Price Problem Start --------------------------------------------------------
dualPrice.size = 40 , dualPrice = [0.5, -0.0, -0.0, -0.0, -0.0, -0.0, -0.0, -0.0, 0.0, -0.0, -0.0, -0.0, -0.0, 0.5, -0.0, -0.0, -0.0, -0.0, -0.0, -0.0, -0.0, -0.0, -0.0, -0.0, -0.0, -0.0, -0.0, -0.0, 0.5, -0.0, -0.0, -0.0, -0.0, -0.0, -0.0, -0.0, -0.0, -0.0, -0.0, 0.5]
			Active cut size: 0
W = 189 
H = 161
normalXList.size = 16
normalYList.size = 16
xList.size = 16
yList.size = 16
squareList.size = 4
myConsList.size = 0
当前上界 = 2.0
最优解：2.0
solutionList.size() = 1
pattern.getKey() = 0@13@28@39@
用时：0.0 s
--------------------------------------- Price Problem End --------------------------------------------------------
		29 Add column : 1 col:30 	20.172
			Start solve  LP :20.172
			End solve LP obj: 2.0 t: 0
com.wlj.solver.BBSolver:
--------------------------------------- Price Problem Start --------------------------------------------------------
dualPrice.size = 40 , dualPrice = [0.12499999999999997, -0.0, -0.0, 0.37500000000000006, -0.0, -0.0, -0.0, -0.0, 0.37500000000000006, -0.0, -0.0, -0.0, -0.0, 0.12499999999999997, -0.0, -0.0, -0.0, -0.0, -0.0, 0.25, -0.0, -0.0, -0.0, -0.0, -0.0, -0.0, -0.0, -0.0, 0.24999999999999994, -0.0, -0.0, -0.0, -0.0, -0.0, -0.0, -0.0, -0.0, -0.0, -0.0, 0.49999999999999994]
			Active cut size: 0
W = 296 
H = 276
normalXList.size = 94
normalYList.size = 117
xList.size = 53
yList.size = 72
squareList.size = 7
myConsList.size = 0
当前上界 = 2.0
最优解：2.0
solutionList.size() = 1
pattern.getKey() = 0@3@8@13@19@28@39@
用时：9.772 s
--------------------------------------- Price Problem End --------------------------------------------------------
		30 Add column : 1 col:31 	29.944
			Start solve  LP :29.944
			End solve LP obj: 2.0 t: 1
com.wlj.solver.BBSolver:
--------------------------------------- Price Problem Start --------------------------------------------------------
dualPrice.size = 40 , dualPrice = [-0.0, 0.5, -0.0, -0.0, -0.0, -0.0, -0.0, -0.0, -0.0, 0.5, -0.0, -0.0, -0.0, 0.0, -0.0, -0.0, -0.0, -0.0, -0.0, 0.5, -0.0, -0.0, -0.0, -0.0, -0.0, -0.0, -0.0, -0.0, 0.0, -0.0, -0.0, -0.0, -0.0, -0.0, -0.0, -0.0, -0.0, -0.0, -0.0, 0.5]
			Active cut size: 0
W = 204 
H = 177
normalXList.size = 16
normalYList.size = 16
xList.size = 16
yList.size = 16
squareList.size = 4
myConsList.size = 0
当前上界 = 2.0
最优解：2.0
solutionList.size() = 1
pattern.getKey() = 1@9@19@39@
用时：0.004 s
--------------------------------------- Price Problem End --------------------------------------------------------
		31 Add column : 1 col:32 	29.949
			Start solve  LP :29.949
			End solve LP obj: 2.0 t: 1
com.wlj.solver.BBSolver:
--------------------------------------- Price Problem Start --------------------------------------------------------
dualPrice.size = 40 , dualPrice = [-0.0, 0.2142857142857143, 0.28571428571428575, -0.0, 0.14285714285714274, -0.0, -0.0, -0.0, -0.0, 0.35714285714285704, -0.0, -0.0, -0.0, 0.1428571428571429, -0.0, -0.0, -0.0, -0.0, -0.0, 0.07142857142857145, -0.0, -0.0, -0.0, -0.0, -0.0, -0.0, -0.0, -0.0, 0.42857142857142866, -0.0, -0.0, -0.0, -0.0, -0.0, -0.0, -0.0, -0.0, -0.0, -0.0, 0.3571428571428572]
			Active cut size: 0
W = 300 
H = 299
normalXList.size = 132
normalYList.size = 174
xList.size = 61
yList.size = 122
squareList.size = 8
myConsList.size = 0
当前上界 = 1.9999999999999998
最优解：2.0
solutionList.size() = 1
pattern.getKey() = 1@2@4@9@13@19@28@39@
用时：70.081 s
--------------------------------------- Price Problem End --------------------------------------------------------
		32 Add column : 1 col:33 	100.031
			Start solve  LP :100.031
			End solve LP obj: 2.0 t: 0
com.wlj.solver.BBSolver:
--------------------------------------- Price Problem Start --------------------------------------------------------
dualPrice.size = 40 , dualPrice = [0.2857142857142857, 0.1428571428571429, -0.0, -0.0, -0.0, 0.1428571428571428, -0.0, -0.0, -0.0, 0.1428571428571429, -0.0, -0.0, -0.0, -0.0, -0.0, -0.0, -0.0, -0.0, 0.5714285714285714, -0.0, -0.0, -0.0, -0.0, -0.0, -0.0, -0.0, -0.0, -0.0, 0.2857142857142857, -0.0, -0.0, -0.0, -0.0, -0.0, -0.0, -0.0, -0.0, -0.0, -0.0, 0.4285714285714286]
			Active cut size: 0
W = 298 
H = 298
normalXList.size = 85
normalYList.size = 79
xList.size = 47
yList.size = 54
squareList.size = 7
myConsList.size = 0
当前上界 = 1.9999999999999996
最优解：1.9999999999999996
solutionList.size() = 1
pattern.getKey() = 0@1@5@9@18@28@39@
用时：5.187 s
--------------------------------------- Price Problem End --------------------------------------------------------
		33 Add column : 1 col:34 	105.218
			Start solve  LP :105.218
			End solve LP obj: 2.0 t: 0
com.wlj.solver.BBSolver:
--------------------------------------- Price Problem Start --------------------------------------------------------
dualPrice.size = 40 , dualPrice = [-0.0, -0.0, 0.39999999999999997, 0.3999999999999999, -0.0, 0.20000000000000018, -0.0, -0.0, -0.0, 0.4000000000000001, -0.0, -0.0, -0.0, -0.0, -0.0, -0.0, -0.0, -0.0, 0.2, -0.0, -0.0, -0.0, -0.0, -0.0, -0.0, -0.0, -0.0, 0.19999999999999993, 0.19999999999999993, -0.0, -0.0, -0.0, -0.0, -0.0, -0.0, -0.0, -0.0, -0.0, -0.0, -0.0]
			Active cut size: 0
W = 299 
H = 300
normalXList.size = 56
normalYList.size = 94
xList.size = 33
yList.size = 65
squareList.size = 7
myConsList.size = 0
当前上界 = 2.0
最优解：2.0
solutionList.size() = 1
pattern.getKey() = 2@3@5@9@18@27@28@
用时：4.313 s
--------------------------------------- Price Problem End --------------------------------------------------------
		34 Add column : 1 col:35 	109.531
			Start solve  LP :109.531
			End solve LP obj: 2.0 t: 0
com.wlj.solver.BBSolver:
--------------------------------------- Price Problem Start --------------------------------------------------------
dualPrice.size = 40 , dualPrice = [0.0, -0.0, -0.0, -0.0, -0.0, 1.0, -0.0, -0.0, -0.0, 0.0, -0.0, -0.0, -0.0, 1.0, -0.0, -0.0, -0.0, -0.0, 0.0, -0.0, -0.0, -0.0, -0.0, -0.0, -0.0, -0.0, -0.0, 0.0, 0.0, -0.0, -0.0, -0.0, -0.0, -0.0, -0.0, -0.0, -0.0, -0.0, -0.0, -0.0]
			Active cut size: 0
W = 123 
H = 122
normalXList.size = 4
normalYList.size = 4
xList.size = 4
yList.size = 4
squareList.size = 2
myConsList.size = 0
当前上界 = 2.0
最优解：2.0
solutionList.size() = 1
pattern.getKey() = 5@13@
用时：0.0 s
--------------------------------------- Price Problem End --------------------------------------------------------
		35 Add column : 1 col:36 	109.531
			Start solve  LP :109.531
			End solve LP obj: 2.0 t: 0
com.wlj.solver.BBSolver:
--------------------------------------- Price Problem Start --------------------------------------------------------
dualPrice.size = 40 , dualPrice = [0.2727272727272727, -0.0, 0.09090909090909072, -0.0, -0.0, 0.4545454545454545, 0.1818181818181821, -0.0, -0.0, -0.0, -0.0, -0.0, -0.0, 0.5454545454545455, -0.0, -0.0, -0.0, -0.0, 0.09090909090909105, -0.0, -0.0, -0.0, -0.0, -0.0, -0.0, -0.0, -0.0, 0.18181818181818177, 0.18181818181818177, -0.0, -0.0, -0.0, -0.0, -0.0, -0.0, -0.0, -0.0, -0.0, -0.0, -0.0]
			Active cut size: 0
W = 299 
H = 299
normalXList.size = 103
normalYList.size = 170
xList.size = 53
yList.size = 102
squareList.size = 8
myConsList.size = 0
当前上界 = 2.0
最优解：2.0
solutionList.size() = 1
pattern.getKey() = 0@2@5@6@13@18@27@28@
用时：34.019 s
--------------------------------------- Price Problem End --------------------------------------------------------
		36 Add column : 1 col:37 	143.55
			Start solve  LP :143.55
			End solve LP obj: 2.0 t: 1
com.wlj.solver.BBSolver:
--------------------------------------- Price Problem Start --------------------------------------------------------
dualPrice.size = 40 , dualPrice = [-0.0, 0.0, -0.0, -0.0, -0.0, 1.0, 0.0, -0.0, -0.0, -0.0, -0.0, -0.0, -0.0, 0.0, -0.0, -0.0, -0.0, -0.0, 0.0, 1.0, -0.0, -0.0, -0.0, -0.0, -0.0, -0.0, -0.0, 0.0, 0.0, -0.0, -0.0, -0.0, -0.0, -0.0, -0.0, -0.0, -0.0, -0.0, -0.0, -0.0]
			Active cut size: 0
W = 107 
H = 112
normalXList.size = 4
normalYList.size = 4
xList.size = 4
yList.size = 4
squareList.size = 2
myConsList.size = 0
当前上界 = 2.0
最优解：2.0
solutionList.size() = 1
pattern.getKey() = 5@19@
用时：0.0 s
--------------------------------------- Price Problem End --------------------------------------------------------
		37 Add column : 1 col:38 	143.551
			Start solve  LP :143.552
			End solve LP obj: 2.0 t: 0
com.wlj.solver.BBSolver:
--------------------------------------- Price Problem Start --------------------------------------------------------
dualPrice.size = 40 , dualPrice = [-0.0, 0.25, -0.0, -0.0, -0.0, 0.5, 0.25, -0.0, -0.0, 0.25, -0.0, -0.0, -0.0, 0.0, -0.0, -0.0, -0.0, -0.0, -0.0, 0.5, -0.0, -0.0, -0.0, -0.0, -0.0, -0.0, -0.0, 0.25, -0.0, -0.0, -0.0, -0.0, -0.0, -0.0, -0.0, -0.0, -0.0, -0.0, -0.0, -0.0]
			Active cut size: 0
W = 291 
H = 288
normalXList.size = 30
normalYList.size = 50
xList.size = 18
yList.size = 38
squareList.size = 6
myConsList.size = 0
当前上界 = 2.0
最优解：2.0
solutionList.size() = 1
pattern.getKey() = 1@5@6@9@19@27@
用时：0.212 s
--------------------------------------- Price Problem End --------------------------------------------------------
		38 Add column : 1 col:39 	143.764
			Start solve  LP :143.764
			End solve LP obj: 2.0 t: 0
com.wlj.solver.BBSolver:
--------------------------------------- Price Problem Start --------------------------------------------------------
dualPrice.size = 40 , dualPrice = [-0.0, -0.0, -0.0, 0.5, -0.0, 0.0, 0.0, 0.5, -0.0, 0.5, -0.0, -0.0, -0.0, 0.0, -0.0, -0.0, -0.0, -0.0, -0.0, 0.5, -0.0, -0.0, -0.0, -0.0, -0.0, -0.0, -0.0, 0.0, -0.0, -0.0, -0.0, -0.0, -0.0, -0.0, -0.0, -0.0, -0.0, -0.0, -0.0, -0.0]
			Active cut size: 0
W = 244 
H = 237
normalXList.size = 16
normalYList.size = 16
xList.size = 16
yList.size = 16
squareList.size = 4
myConsList.size = 0
当前上界 = 2.0
最优解：2.0
solutionList.size() = 1
pattern.getKey() = 3@7@9@19@
用时：0.004 s
--------------------------------------- Price Problem End --------------------------------------------------------
		39 Add column : 1 col:40 	143.769
			Start solve  LP :143.769
			End solve LP obj: 2.0 t: 1
com.wlj.solver.BBSolver:
--------------------------------------- Price Problem Start --------------------------------------------------------
dualPrice.size = 40 , dualPrice = [-0.0, -0.0, -0.0, 0.25, -0.0, 0.5, 0.0, 0.25, -0.0, 0.25, -0.0, -0.0, -0.0, 0.5, -0.0, -0.0, -0.0, -0.0, -0.0, 0.25, -0.0, -0.0, -0.0, -0.0, -0.0, -0.0, -0.0, 0.0, -0.0, -0.0, -0.0, -0.0, -0.0, -0.0, -0.0, -0.0, -0.0, -0.0, -0.0, -0.0]
			Active cut size: 0
W = 297 
H = 294
normalXList.size = 37
normalYList.size = 53
xList.size = 30
yList.size = 37
squareList.size = 6
myConsList.size = 0
当前上界 = 2.0
最优解：2.0
solutionList.size() = 1
pattern.getKey() = 3@5@7@9@13@19@
用时：0.409 s
--------------------------------------- Price Problem End --------------------------------------------------------
		40 Add column : 1 col:41 	144.179
			Start solve  LP :144.179
			End solve LP obj: 2.0 t: 1
com.wlj.solver.BBSolver:
--------------------------------------- Price Problem Start --------------------------------------------------------
dualPrice.size = 40 , dualPrice = [-0.0, -0.0, -0.0, 0.0, -0.0, -0.0, 0.0, 1.0, -0.0, -0.0, -0.0, -0.0, -0.0, 0.0, -0.0, -0.0, -0.0, -0.0, -0.0, 0.0, -0.0, -0.0, -0.0, -0.0, -0.0, -0.0, -0.0, 1.0, -0.0, -0.0, -0.0, -0.0, -0.0, -0.0, -0.0, -0.0, -0.0, -0.0, -0.0, -0.0]
			Active cut size: 0
W = 115 
H = 102
normalXList.size = 4
normalYList.size = 4
xList.size = 4
yList.size = 4
squareList.size = 2
myConsList.size = 0
当前上界 = 2.0
最优解：2.0
solutionList.size() = 1
pattern.getKey() = 7@27@
用时：0.0 s
--------------------------------------- Price Problem End --------------------------------------------------------
		41 Add column : 1 col:42 	144.18
			Start solve  LP :144.18
			End solve LP obj: 2.0 t: 1
com.wlj.solver.BBSolver:
--------------------------------------- Price Problem Start --------------------------------------------------------
dualPrice.size = 40 , dualPrice = [-0.0, -0.0, -0.0, 0.16666666666666666, -0.0, -0.0, 0.3333333333333333, 0.5, 0.16666666666666669, -0.0, -0.0, -0.0, -0.0, 0.16666666666666669, -0.0, -0.0, -0.0, -0.0, -0.0, 0.16666666666666666, -0.0, -0.0, -0.0, -0.0, -0.0, -0.0, -0.0, 0.5, -0.0, -0.0, -0.0, -0.0, -0.0, -0.0, -0.0, -0.0, -0.0, -0.0, -0.0, -0.0]
			Active cut size: 0
W = 298 
H = 297
normalXList.size = 64
normalYList.size = 93
xList.size = 29
yList.size = 74
squareList.size = 7
myConsList.size = 0
当前上界 = 2.0
最优解：2.0
solutionList.size() = 1
pattern.getKey() = 3@6@7@8@13@19@27@
用时：4.035 s
--------------------------------------- Price Problem End --------------------------------------------------------
		42 Add column : 1 col:43 	148.216
			Start solve  LP :148.216
			End solve LP obj: 2.0 t: 0
com.wlj.solver.BBSolver:
--------------------------------------- Price Problem Start --------------------------------------------------------
dualPrice.size = 40 , dualPrice = [0.0, -0.0, -0.0, -0.0, -0.0, -0.0, -0.0, 1.0, 0.0, -0.0, -0.0, -0.0, -0.0, -0.0, -0.0, -0.0, -0.0, -0.0, 1.0, 0.0, -0.0, -0.0, -0.0, -0.0, -0.0, -0.0, -0.0, -0.0, -0.0, -0.0, -0.0, -0.0, -0.0, -0.0, -0.0, -0.0, -0.0, -0.0, -0.0, -0.0]
			Active cut size: 0
W = 111 
H = 119
normalXList.size = 4
normalYList.size = 4
xList.size = 4
yList.size = 4
squareList.size = 2
myConsList.size = 0
当前上界 = 2.0
最优解：2.0
solutionList.size() = 1
pattern.getKey() = 7@18@
用时：0.0 s
--------------------------------------- Price Problem End --------------------------------------------------------
		43 Add column : 1 col:44 	148.216
			Start solve  LP :148.216
			End solve LP obj: 2.0 t: 0
com.wlj.solver.BBSolver:
--------------------------------------- Price Problem Start --------------------------------------------------------
dualPrice.size = 40 , dualPrice = [0.5, -0.0, -0.0, -0.0, -0.0, -0.0, -0.0, 0.5, 0.5, -0.0, -0.0, -0.0, -0.0, -0.0, -0.0, -0.0, -0.0, -0.0, 0.5, 0.0, -0.0, -0.0, -0.0, -0.0, -0.0, -0.0, -0.0, 0.0, -0.0, -0.0, -0.0, -0.0, -0.0, -0.0, -0.0, -0.0, -0.0, -0.0, -0.0, -0.0]
			Active cut size: 0
W = 257 
H = 267
normalXList.size = 16
normalYList.size = 16
xList.size = 16
yList.size = 16
squareList.size = 4
myConsList.size = 0
当前上界 = 2.0
最优解：2.0
solutionList.size() = 1
pattern.getKey() = 0@7@8@18@
用时：0.0 s
--------------------------------------- Price Problem End --------------------------------------------------------
		44 Add column : 1 col:45 	148.216
			Start solve  LP :148.216
			End solve LP obj: 2.0 t: 0
com.wlj.solver.BBSolver:
--------------------------------------- Price Problem Start --------------------------------------------------------
dualPrice.size = 40 , dualPrice = [0.0, -0.0, -0.0, -0.0, 0.5, -0.0, -0.0, 0.5, -0.0, -0.0, -0.0, -0.0, -0.0, -0.0, -0.0, -0.0, -0.0, -0.0, 0.5, 0.5, -0.0, -0.0, -0.0, -0.0, -0.0, -0.0, -0.0, 0.0, -0.0, -0.0, -0.0, -0.0, -0.0, -0.0, -0.0, -0.0, -0.0, -0.0, -0.0, -0.0]
			Active cut size: 0
W = 258 
H = 199
normalXList.size = 16
normalYList.size = 12
xList.size = 16
yList.size = 12
squareList.size = 4
myConsList.size = 0
当前上界 = 2.0
最优解：2.0
solutionList.size() = 1
pattern.getKey() = 4@7@18@19@
用时：0.0 s
--------------------------------------- Price Problem End --------------------------------------------------------
		45 Add column : 1 col:46 	148.216
			Start solve  LP :148.216
			End solve LP obj: 2.0 t: 0
com.wlj.solver.BBSolver:
--------------------------------------- Price Problem Start --------------------------------------------------------
dualPrice.size = 40 , dualPrice = [0.33333333333333337, -0.0, -0.0, -0.0, 0.16666666666666663, 0.16666666666666663, -0.0, 0.33333333333333337, -0.0, 0.16666666666666674, -0.0, -0.0, -0.0, -0.0, -0.0, -0.0, -0.0, -0.0, 0.16666666666666663, 0.33333333333333337, -0.0, -0.0, -0.0, -0.0, -0.0, -0.0, -0.0, 0.33333333333333326, -0.0, -0.0, -0.0, -0.0, -0.0, -0.0, -0.0, -0.0, -0.0, -0.0, -0.0, -0.0]
			Active cut size: 0
W = 300 
H = 300
normalXList.size = 89
normalYList.size = 116
xList.size = 47
yList.size = 70
squareList.size = 8
myConsList.size = 0
当前上界 = 2.0
最优解：2.0
solutionList.size() = 1
pattern.getKey() = 0@4@5@7@9@18@19@27@
用时：13.563 s
--------------------------------------- Price Problem End --------------------------------------------------------
		46 Add column : 1 col:47 	161.779
			Start solve  LP :161.779
			End solve LP obj: 2.0 t: 0
com.wlj.solver.BBSolver:
--------------------------------------- Price Problem Start --------------------------------------------------------
dualPrice.size = 40 , dualPrice = [-0.0, 0.0, -0.0, -0.0, -0.0, -0.0, -0.0, 0.0, -0.0, -0.0, 1.0, -0.0, -0.0, -0.0, -0.0, -0.0, -0.0, -0.0, 1.0, 0.0, -0.0, -0.0, -0.0, -0.0, -0.0, -0.0, -0.0, 0.0, -0.0, -0.0, -0.0, -0.0, -0.0, -0.0, -0.0, -0.0, -0.0, -0.0, -0.0, -0.0]
			Active cut size: 0
W = 126 
H = 82
normalXList.size = 4
normalYList.size = 4
xList.size = 4
yList.size = 4
squareList.size = 2
myConsList.size = 0
当前上界 = 2.0
最优解：2.0
solutionList.size() = 1
pattern.getKey() = 10@18@
用时：0.0 s
--------------------------------------- Price Problem End --------------------------------------------------------
		47 Add column : 1 col:48 	161.779
			Start solve  LP :161.779
			End solve LP obj: 2.0 t: 0
com.wlj.solver.BBSolver:
--------------------------------------- Price Problem Start --------------------------------------------------------
dualPrice.size = 40 , dualPrice = [-0.0, 0.5, -0.0, -0.0, -0.0, -0.0, -0.0, 0.0, -0.0, -0.0, 0.5, -0.0, -0.0, -0.0, -0.0, -0.0, -0.0, -0.0, 0.5, 0.0, -0.0, -0.0, -0.0, -0.0, -0.0, -0.0, -0.0, 0.5, -0.0, -0.0, -0.0, -0.0, -0.0, -0.0, -0.0, -0.0, -0.0, -0.0, -0.0, -0.0]
			Active cut size: 0
W = 279 
H = 173
normalXList.size = 16
normalYList.size = 16
xList.size = 16
yList.size = 16
squareList.size = 4
myConsList.size = 0
当前上界 = 2.0
最优解：2.0
solutionList.size() = 1
pattern.getKey() = 1@10@18@27@
用时：0.0 s
--------------------------------------- Price Problem End --------------------------------------------------------
		48 Add column : 1 col:49 	161.779
			Start solve  LP :161.779
			End solve LP obj: 2.0 t: 0
com.wlj.solver.BBSolver:
--------------------------------------- Price Problem Start --------------------------------------------------------
dualPrice.size = 40 , dualPrice = [-0.0, 0.0, -0.0, -0.0, -0.0, -0.0, -0.0, 0.0, -0.0, -0.0, 1.0, -0.0, -0.0, -0.0, -0.0, -0.0, -0.0, -0.0, 0.0, 1.0, -0.0, -0.0, -0.0, -0.0, -0.0, -0.0, -0.0, 0.0, -0.0, -0.0, -0.0, -0.0, -0.0, -0.0, -0.0, -0.0, -0.0, -0.0, -0.0, -0.0]
			Active cut size: 0
W = 116 
H = 82
normalXList.size = 4
normalYList.size = 4
xList.size = 4
yList.size = 4
squareList.size = 2
myConsList.size = 0
当前上界 = 2.0
最优解：2.0
solutionList.size() = 1
pattern.getKey() = 10@19@
用时：0.0 s
--------------------------------------- Price Problem End --------------------------------------------------------
		49 Add column : 1 col:50 	161.779
			Start solve  LP :161.779
			End solve LP obj: 2.0 t: 0
com.wlj.solver.BBSolver:
--------------------------------------- Price Problem Start --------------------------------------------------------
dualPrice.size = 40 , dualPrice = [-0.0, 0.0, -0.0, -0.0, -0.0, -0.0, -0.0, 0.3333333333333333, 0.3333333333333334, -0.0, 0.6666666666666667, -0.0, -0.0, -0.0, -0.0, -0.0, -0.0, -0.0, 0.3333333333333333, 0.3333333333333333, -0.0, -0.0, -0.0, -0.0, -0.0, -0.0, -0.0, 0.0, -0.0, -0.0, -0.0, -0.0, -0.0, -0.0, -0.0, -0.0, -0.0, -0.0, -0.0, -0.0]
			Active cut size: 0
W = 292 
H = 263
normalXList.size = 32
normalYList.size = 24
xList.size = 32
yList.size = 24
squareList.size = 5
myConsList.size = 0
当前上界 = 2.0
最优解：2.0000000000000004
solutionList.size() = 1
pattern.getKey() = 7@8@10@18@19@
用时：0.094 s
--------------------------------------- Price Problem End --------------------------------------------------------
		50 Add column : 1 col:51 	161.873
			Start solve  LP :161.873
			End solve LP obj: 2.0 t: 0
com.wlj.solver.BBSolver:
--------------------------------------- Price Problem Start --------------------------------------------------------
dualPrice.size = 40 , dualPrice = [-0.0, 0.0, -0.0, -0.0, -0.0, -0.0, -0.0, 0.0, 0.0, 1.0, 1.0, -0.0, -0.0, -0.0, -0.0, -0.0, -0.0, -0.0, -0.0, 0.0, -0.0, -0.0, -0.0, -0.0, -0.0, -0.0, -0.0, 0.0, -0.0, -0.0, -0.0, -0.0, -0.0, -0.0, -0.0, -0.0, -0.0, -0.0, -0.0, -0.0]
			Active cut size: 0
W = 115 
H = 117
normalXList.size = 4
normalYList.size = 4
xList.size = 4
yList.size = 4
squareList.size = 2
myConsList.size = 0
当前上界 = 2.0
最优解：2.0
solutionList.size() = 1
pattern.getKey() = 9@10@
用时：0.0 s
--------------------------------------- Price Problem End --------------------------------------------------------
		51 Add column : 1 col:52 	161.873
			Start solve  LP :161.873
			End solve LP obj: 2.0 t: 0
com.wlj.solver.BBSolver:
--------------------------------------- Price Problem Start --------------------------------------------------------
dualPrice.size = 40 , dualPrice = [-0.0, 0.2222222222222222, -0.0, -0.0, -0.0, -0.0, -0.0, 0.2222222222222222, 0.1111111111111111, 0.4444444444444444, 0.5555555555555556, -0.0, -0.0, -0.0, -0.0, -0.0, -0.0, -0.0, -0.0, 0.1111111111111111, -0.0, -0.0, -0.0, -0.0, -0.0, -0.0, -0.0, 0.22222222222222227, 0.11111111111111094, -0.0, -0.0, -0.0, -0.0, -0.0, -0.0, -0.0, -0.0, -0.0, -0.0, -0.0]
			Active cut size: 0
W = 298 
H = 300
normalXList.size = 132
normalYList.size = 148
xList.size = 76
yList.size = 95
squareList.size = 8
myConsList.size = 0
当前上界 = 2.0
最优解：2.0
solutionList.size() = 1
pattern.getKey() = 1@7@8@9@10@19@27@28@
用时：60.227 s
--------------------------------------- Price Problem End --------------------------------------------------------
		52 Add column : 1 col:53 	222.1
			Start solve  LP :222.1
			End solve LP obj: 2.0 t: 0
com.wlj.solver.BBSolver:
--------------------------------------- Price Problem Start --------------------------------------------------------
dualPrice.size = 40 , dualPrice = [0.0, -0.0, -0.0, -0.0, -0.0, -0.0, -0.0, -0.0, 0.0, 1.0, 0.0, 1.0, -0.0, -0.0, -0.0, -0.0, -0.0, -0.0, -0.0, 0.0, -0.0, -0.0, -0.0, -0.0, -0.0, -0.0, -0.0, -0.0, -0.0, -0.0, -0.0, -0.0, -0.0, -0.0, -0.0, -0.0, -0.0, -0.0, -0.0, -0.0]
			Active cut size: 0
W = 88 
H = 154
normalXList.size = 4
normalYList.size = 4
xList.size = 4
yList.size = 4
squareList.size = 2
myConsList.size = 0
当前上界 = 2.0
最优解：2.0
solutionList.size() = 1
pattern.getKey() = 9@11@
用时：0.0 s
--------------------------------------- Price Problem End --------------------------------------------------------
		53 Add column : 1 col:54 	222.1
			Start solve  LP :222.1
			End solve LP obj: 2.0 t: 0
com.wlj.solver.BBSolver:
--------------------------------------- Price Problem Start --------------------------------------------------------
dualPrice.size = 40 , dualPrice = [0.3333333333333333, -0.0, -0.0, -0.0, -0.0, -0.0, -0.0, -0.0, 0.3333333333333333, 0.33333333333333337, 5.551115123125783E-17, 0.6666666666666666, -0.0, -0.0, -0.0, -0.0, -0.0, -0.0, -0.0, 0.3333333333333333, -0.0, -0.0, -0.0, -0.0, -0.0, -0.0, -0.0, -0.0, -0.0, -0.0, -0.0, -0.0, -0.0, -0.0, -0.0, -0.0, -0.0, -0.0, -0.0, -0.0]
			Active cut size: 0
W = 288 
H = 270
normalXList.size = 32
normalYList.size = 25
xList.size = 32
yList.size = 19
squareList.size = 5
myConsList.size = 0
当前上界 = 2.0
最优解：2.0
solutionList.size() = 1
pattern.getKey() = 0@8@9@11@19@
用时：0.063 s
--------------------------------------- Price Problem End --------------------------------------------------------
		54 Add column : 1 col:55 	222.163
			Start solve  LP :222.163
			End solve LP obj: 2.0 t: 0
com.wlj.solver.BBSolver:
--------------------------------------- Price Problem Start --------------------------------------------------------
dualPrice.size = 40 , dualPrice = [0.0, -0.0, -0.0, -0.0, -0.0, -0.0, -0.0, -0.0, 0.0, 0.5, 0.5, 0.5, -0.0, 0.5, -0.0, -0.0, -0.0, -0.0, -0.0, 0.0, -0.0, -0.0, -0.0, -0.0, -0.0, -0.0, -0.0, -0.0, -0.0, -0.0, -0.0, -0.0, -0.0, -0.0, -0.0, -0.0, -0.0, -0.0, -0.0, -0.0]
			Active cut size: 0
W = 220 
H = 246
normalXList.size = 16
normalYList.size = 16
xList.size = 16
yList.size = 16
squareList.size = 4
myConsList.size = 0
当前上界 = 2.0
最优解：2.0
solutionList.size() = 1
pattern.getKey() = 9@10@11@13@
用时：0.0 s
--------------------------------------- Price Problem End --------------------------------------------------------
		55 Add column : 1 col:56 	222.163
			Start solve  LP :222.163
			End solve LP obj: 2.0 t: 0
com.wlj.solver.BBSolver:
--------------------------------------- Price Problem Start --------------------------------------------------------
dualPrice.size = 40 , dualPrice = [0.33333333333333337, -0.0, -0.0, -0.0, -0.0, -0.0, -0.0, -0.0, 0.33333333333333326, 1.1102230246251565E-16, 0.33333333333333337, 0.33333333333333326, -0.0, 0.33333333333333326, -0.0, -0.0, -0.0, -0.0, 0.33333333333333326, 1.1102230246251565E-16, -0.0, -0.0, -0.0, -0.0, -0.0, -0.0, -0.0, -0.0, -0.0, -0.0, -0.0, -0.0, -0.0, -0.0, -0.0, -0.0, -0.0, -0.0, -0.0, -0.0]
			Active cut size: 0
W = 296 
H = 297
normalXList.size = 54
normalYList.size = 52
xList.size = 39
yList.size = 39
squareList.size = 6
myConsList.size = 0
当前上界 = 1.9999999999999996
最优解：1.9999999999999996
solutionList.size() = 1
pattern.getKey() = 0@8@10@11@13@18@
用时：0.547 s
--------------------------------------- Price Problem End --------------------------------------------------------
		56 Add column : 1 col:57 	222.71
			Start solve  LP :222.71
			End solve LP obj: 2.0 t: 0
com.wlj.solver.BBSolver:
--------------------------------------- Price Problem Start --------------------------------------------------------
dualPrice.size = 40 , dualPrice = [-5.551115123125783E-17, -0.0, -0.0, 0.3333333333333334, -0.0, -0.0, -0.0, -0.0, 2.7755575615628914E-17, 0.3333333333333333, 0.33333333333333337, 0.33333333333333337, -0.0, 0.0, -0.0, -0.0, -0.0, -0.0, 0.3333333333333333, 0.3333333333333333, -0.0, -0.0, -0.0, -0.0, -0.0, -0.0, -0.0, -0.0, -0.0, -0.0, -0.0, -0.0, -0.0, -0.0, -0.0, -0.0, -0.0, -0.0, -0.0, -0.0]
			Active cut size: 0
W = 296 
H = 289
normalXList.size = 53
normalYList.size = 45
xList.size = 38
yList.size = 34
squareList.size = 6
myConsList.size = 0
当前上界 = 2.0
最优解：2.0
solutionList.size() = 1
pattern.getKey() = 3@9@10@11@18@19@
用时：0.531 s
--------------------------------------- Price Problem End --------------------------------------------------------
		57 Add column : 1 col:58 	223.241
			Start solve  LP :223.241
			End solve LP obj: 2.0 t: 0
com.wlj.solver.BBSolver:
--------------------------------------- Price Problem Start --------------------------------------------------------
dualPrice.size = 40 , dualPrice = [0.22222222222222227, -0.0, -0.0, 0.11111111111111105, -0.0, -0.0, 0.44444444444444453, -0.0, 0.3333333333333333, 0.3333333333333334, 0.2222222222222222, -0.0, -0.0, -0.0, -0.0, -0.0, -0.0, -0.0, 0.22222222222222227, 0.11111111111111105, -0.0, -0.0, -0.0, -0.0, -0.0, -0.0, -0.0, -0.0, -0.0, -0.0, -0.0, -0.0, -0.0, -0.0, -0.0, -0.0, -0.0, -0.0, -0.0, -0.0]
			Active cut size: 0
W = 300 
H = 296
normalXList.size = 78
normalYList.size = 120
xList.size = 39
yList.size = 49
squareList.size = 8
myConsList.size = 0
当前上界 = 2.0000000000000004
最优解：2.0
solutionList.size() = 1
pattern.getKey() = 0@3@6@8@9@10@18@19@
用时：5.297 s
--------------------------------------- Price Problem End --------------------------------------------------------
		58 Add column : 1 col:59 	228.538
			Start solve  LP :228.538
			End solve LP obj: 2.0 t: 0
com.wlj.solver.BBSolver:
--------------------------------------- Price Problem Start --------------------------------------------------------
dualPrice.size = 40 , dualPrice = [-0.0, 0.2857142857142857, -0.0, -0.0, -0.0, -0.0, 0.21428571428571425, -0.0, -0.0, 0.14285714285714285, 0.3571428571428571, -0.0, 0.14285714285714296, 0.42857142857142855, -0.0, -0.0, -0.0, -0.0, 0.2142857142857143, 0.0714285714285714, -0.0, -0.0, -0.0, -0.0, -0.0, -0.0, -0.0, 0.14285714285714288, -0.0, -0.0, -0.0, -0.0, -0.0, -0.0, -0.0, -0.0, -0.0, -0.0, -0.0, -0.0]
			Active cut size: 0
W = 300 
H = 300
normalXList.size = 124
normalYList.size = 193
xList.size = 69
yList.size = 119
squareList.size = 9
myConsList.size = 0
当前上界 = 1.9999999999999998
最优解：1.9999999999999996
solutionList.size() = 1
pattern.getKey() = 1@6@9@10@12@13@18@19@27@
用时：209.285 s
--------------------------------------- Price Problem End --------------------------------------------------------
		59 Add column : 1 col:60 	437.823
			Start solve  LP :437.823
			End solve LP obj: 2.0 t: 0
com.wlj.solver.BBSolver:
--------------------------------------- Price Problem Start --------------------------------------------------------
dualPrice.size = 40 , dualPrice = [0.0, -0.0, -0.0, -0.0, -0.0, -0.0, -0.0, -0.0, 1.0, 0.0, 0.0, -0.0, 1.0, -0.0, -0.0, -0.0, -0.0, -0.0, 0.0, 0.0, -0.0, -0.0, -0.0, -0.0, -0.0, -0.0, -0.0, -0.0, -0.0, -0.0, -0.0, -0.0, -0.0, -0.0, -0.0, -0.0, -0.0, -0.0, -0.0, -0.0]
			Active cut size: 0
W = 103 
H = 136
normalXList.size = 4
normalYList.size = 4
xList.size = 4
yList.size = 4
squareList.size = 2
myConsList.size = 0
当前上界 = 2.0
最优解：2.0
solutionList.size() = 1
pattern.getKey() = 8@12@
用时：0.0 s
--------------------------------------- Price Problem End --------------------------------------------------------
		60 Add column : 1 col:61 	437.823
			Start solve  LP :437.823
			End solve LP obj: 2.0 t: 0
com.wlj.solver.BBSolver:
--------------------------------------- Price Problem Start --------------------------------------------------------
dualPrice.size = 40 , dualPrice = [0.33333333333333337, -0.0, -0.0, -0.0, -0.0, -0.0, -0.0, -0.0, 0.3333333333333333, -5.551115123125783E-17, -0.0, -0.0, 0.6666666666666667, 0.0, -0.0, -0.0, -0.0, -0.0, 0.33333333333333337, -0.0, -0.0, -0.0, -0.0, -0.0, -0.0, -0.0, -0.0, -0.0, 0.33333333333333337, -0.0, -0.0, -0.0, -0.0, -0.0, -0.0, -0.0, -0.0, -0.0, -0.0, -0.0]
			Active cut size: 0
W = 274 
H = 283
normalXList.size = 28
normalYList.size = 32
xList.size = 28
yList.size = 32
squareList.size = 5
myConsList.size = 0
当前上界 = 2.0
最优解：2.0
solutionList.size() = 1
pattern.getKey() = 0@8@12@18@28@
用时：0.109 s
--------------------------------------- Price Problem End --------------------------------------------------------
		61 Add column : 1 col:62 	437.932
			Start solve  LP :437.932
			End solve LP obj: 2.0 t: 0
com.wlj.solver.BBSolver:
--------------------------------------- Price Problem Start --------------------------------------------------------
dualPrice.size = 40 , dualPrice = [0.0, -0.0, 0.25, 0.25, -0.0, -0.0, -0.0, -0.0, 0.25, 0.25, -0.0, -0.0, 0.5, 0.25, -0.0, -0.0, -0.0, -0.0, -0.0, -0.0, -0.0, -0.0, -0.0, -0.0, -0.0, -0.0, -0.0, -0.0, 0.25, -0.0, -0.0, -0.0, -0.0, -0.0, -0.0, -0.0, -0.0, -0.0, -0.0, -0.0]
			Active cut size: 0
W = 300 
H = 299
normalXList.size = 80
normalYList.size = 84
xList.size = 47
yList.size = 57
squareList.size = 7
myConsList.size = 0
当前上界 = 2.0
最优解：2.0
solutionList.size() = 1
pattern.getKey() = 2@3@8@9@12@13@28@
用时：3.735 s
--------------------------------------- Price Problem End --------------------------------------------------------
		62 Add column : 1 col:63 	441.667
			Start solve  LP :441.667
			End solve LP obj: 2.0 t: 0
com.wlj.solver.BBSolver:
--------------------------------------- Price Problem Start --------------------------------------------------------
dualPrice.size = 40 , dualPrice = [1.1102230246251565E-16, -0.0, 0.0, 0.25000000000000006, -0.0, -0.0, -0.0, 0.4999999999999999, 0.0, -0.0, -0.0, -0.0, 0.24999999999999994, 0.25000000000000006, -0.0, -0.0, -0.0, -0.0, 0.5, -0.0, -0.0, -0.0, -0.0, -0.0, -0.0, -0.0, -0.0, -0.0, 0.24999999999999994, -0.0, -0.0, -0.0, -0.0, -0.0, -0.0, -0.0, -0.0, -0.0, -0.0, -0.0]
			Active cut size: 0
W = 297 
H = 287
normalXList.size = 45
normalYList.size = 58
xList.size = 30
yList.size = 36
squareList.size = 6
myConsList.size = 0
当前上界 = 1.9999999999999998
最优解：2.0
solutionList.size() = 1
pattern.getKey() = 3@7@12@13@18@28@
用时：0.484 s
--------------------------------------- Price Problem End --------------------------------------------------------
		63 Add column : 1 col:64 	442.151
			Start solve  LP :442.151
			End solve LP obj: 2.0 t: 0
com.wlj.solver.BBSolver:
--------------------------------------- Price Problem Start --------------------------------------------------------
dualPrice.size = 40 , dualPrice = [0.25, -0.0, 0.25, 0.0, -0.0, -0.0, -0.0, 0.25, 0.25, -0.0, -0.0, -0.0, 0.25, 0.25, -0.0, -0.0, -0.0, -0.0, 0.25, 0.25, -0.0, -0.0, -0.0, -0.0, -0.0, -0.0, -0.0, -0.0, 0.0, -0.0, -0.0, -0.0, -0.0, -0.0, -0.0, -0.0, -0.0, -0.0, -0.0, -0.0]
			Active cut size: 0
W = 300 
H = 300
normalXList.size = 91
normalYList.size = 99
xList.size = 57
yList.size = 46
squareList.size = 8
myConsList.size = 0
当前上界 = 2.0
最优解：2.0
solutionList.size() = 1
pattern.getKey() = 0@2@7@8@12@13@18@19@
用时：7.078 s
--------------------------------------- Price Problem End --------------------------------------------------------
		64 Add column : 1 col:65 	449.229
			Start solve  LP :449.229
			End solve LP obj: 2.0 t: 0
com.wlj.solver.BBSolver:
--------------------------------------- Price Problem Start --------------------------------------------------------
dualPrice.size = 40 , dualPrice = [-0.0, -0.0, 0.19148936170212771, 0.12765957446808496, -0.0, -0.0, 0.25531914893617014, 0.17021276595744683, 0.021276595744680882, 0.12765957446808512, -0.0, 0.1063829787234043, 0.14893617021276606, -0.0, -0.0, -0.0, -0.0, -0.0, 0.17021276595744683, 0.2978723404255319, -0.0, -0.0, -0.0, -0.0, -0.0, -0.0, -0.0, -0.0, 0.3829787234042553, -0.0, -0.0, -0.0, -0.0, -0.0, -0.0, -0.0, -0.0, -0.0, -0.0, -0.0]
			Active cut size: 0
W = 300 
H = 300
normalXList.size = 181
normalYList.size = 175
xList.size = 119
yList.size = 113
squareList.size = 11
myConsList.size = 0
当前上界 = 2.0
最优解：2.0
solutionList.size() = 1
pattern.getKey() = 2@3@6@7@8@9@11@12@18@19@28@
用时：2192.452 s
--------------------------------------- Price Problem End --------------------------------------------------------
		65 Add column : 1 col:66 	2641.681
			Start solve  LP :2641.681
			End solve LP obj: 2.0 t: 0
com.wlj.solver.BBSolver:
--------------------------------------- Price Problem Start --------------------------------------------------------
dualPrice.size = 40 , dualPrice = [0.0, -0.0, -0.0, -0.0, -0.0, -0.0, -0.0, -0.0, -0.0, 0.0, -0.0, 0.5, -0.0, -0.0, -0.0, -0.0, -0.0, -0.0, 0.0, 0.0, -0.0, -0.0, -0.0, -0.0, -0.0, -0.0, -0.0, 0.5, 0.5, -0.0, -0.0, -0.0, -0.0, -0.0, -0.0, -0.0, -0.0, -0.0, -0.0, 0.5]
			Active cut size: 0
W = 141 
H = 137
normalXList.size = 16
normalYList.size = 16
xList.size = 16
yList.size = 16
squareList.size = 4
myConsList.size = 0
当前上界 = 2.0
最优解：2.0
solutionList.size() = 1
pattern.getKey() = 11@27@28@39@
用时：0.0 s
--------------------------------------- Price Problem End --------------------------------------------------------
		66 Add column : 1 col:67 	2641.681
			Start solve  LP :2641.681
			End solve LP obj: 2.0 t: 0
com.wlj.solver.BBSolver:
--------------------------------------- Price Problem Start --------------------------------------------------------
dualPrice.size = 40 , dualPrice = [0.19999999999999996, -0.0, -0.0, -0.0, -0.0, -0.0, -0.0, -0.0, -0.0, 0.19999999999999996, -0.0, 0.4, -0.0, 0.19999999999999996, -0.0, -0.0, -0.0, -0.0, 0.20000000000000007, 0.20000000000000004, -0.0, -0.0, -0.0, -0.0, -0.0, -0.0, -0.0, 0.19999999999999993, 1.850371707708594E-17, -0.0, -0.0, -0.0, -0.0, -0.0, -0.0, -0.0, -0.0, -0.0, -0.0, 0.4]
			Active cut size: 0
W = 299 
H = 300
normalXList.size = 156
normalYList.size = 160
xList.size = 88
yList.size = 115
squareList.size = 8
myConsList.size = 0
当前上界 = 1.9999999999999998
最优解：1.9999999999999998
solutionList.size() = 1
pattern.getKey() = 0@9@11@13@18@19@27@39@
用时：126.676 s
--------------------------------------- Price Problem End --------------------------------------------------------
		67 Add column : 1 col:68 	2768.357
			Start solve  LP :2768.357
			End solve LP obj: 2.0 t: 0
com.wlj.solver.BBSolver:
--------------------------------------- Price Problem Start --------------------------------------------------------
dualPrice.size = 40 , dualPrice = [-0.0, 0.39999999999999997, -0.0, -0.0, -0.0, -0.0, -0.0, -0.0, -0.0, 0.0, -0.0, 0.39999999999999997, -0.0, 0.2, 0.20000000000000012, -0.0, -0.0, -0.0, 0.2, -0.0, -0.0, -0.0, -0.0, -0.0, -0.0, -0.0, -0.0, 0.2, 0.4000000000000001, -0.0, -0.0, -0.0, -0.0, -0.0, -0.0, -0.0, -0.0, -0.0, -0.0, 0.0]
			Active cut size: 0
W = 296 
H = 295
normalXList.size = 87
normalYList.size = 106
xList.size = 60
yList.size = 52
squareList.size = 7
myConsList.size = 0
当前上界 = 2.0
最优解：2.0000000000000004
solutionList.size() = 1
pattern.getKey() = 1@11@13@14@18@27@28@
用时：6.703 s
--------------------------------------- Price Problem End --------------------------------------------------------
		68 Add column : 1 col:69 	2775.06
			Start solve  LP :2775.06
			End solve LP obj: 2.0 t: 0
com.wlj.solver.BBSolver:
--------------------------------------- Price Problem Start --------------------------------------------------------
dualPrice.size = 40 , dualPrice = [-0.0, -0.0, -0.0, -0.0, -0.0, -0.0, -0.0, -0.0, -0.0, 1.0, -0.0, 0.0, -0.0, 0.0, 1.0, -0.0, -0.0, -0.0, 0.0, -0.0, -0.0, -0.0, -0.0, -0.0, -0.0, -0.0, -0.0, 0.0, 0.0, -0.0, -0.0, -0.0, -0.0, -0.0, -0.0, -0.0, -0.0, -0.0, -0.0, 0.0]
			Active cut size: 0
W = 86 
H = 149
normalXList.size = 4
normalYList.size = 4
xList.size = 4
yList.size = 4
squareList.size = 2
myConsList.size = 0
当前上界 = 2.0
最优解：2.0
solutionList.size() = 1
pattern.getKey() = 9@14@
用时：0.0 s
--------------------------------------- Price Problem End --------------------------------------------------------
		69 Add column : 1 col:70 	2775.06
			Start solve  LP :2775.06
			End solve LP obj: 2.0 t: 0
com.wlj.solver.BBSolver:
--------------------------------------- Price Problem Start --------------------------------------------------------
dualPrice.size = 40 , dualPrice = [-0.0, -0.0, -0.0, -0.0, -0.0, -0.0, -0.0, -0.0, 0.19999999999999996, 0.4, -0.0, 5.551115123125783E-17, -0.0, 0.0, 0.6, -0.0, -0.0, -0.0, 0.0, -0.0, -0.0, -0.0, -0.0, -0.0, -0.0, -0.0, -0.0, 0.2, 0.2, -0.0, -0.0, -0.0, -0.0, -0.0, -0.0, -0.0, -0.0, -0.0, -0.0, 0.39999999999999997]
			Active cut size: 0
W = 257 
H = 259
normalXList.size = 56
normalYList.size = 62
xList.size = 56
yList.size = 62
squareList.size = 6
myConsList.size = 0
当前上界 = 1.9999999999999998
最优解：2.0
solutionList.size() = 1
pattern.getKey() = 8@9@14@27@28@39@
用时：3.578 s
--------------------------------------- Price Problem End --------------------------------------------------------
		70 Add column : 1 col:71 	2778.638
			Start solve  LP :2778.638
			End solve LP obj: 2.0 t: 0
com.wlj.solver.BBSolver:
--------------------------------------- Price Problem Start --------------------------------------------------------
dualPrice.size = 40 , dualPrice = [-0.0, -0.0, 0.04166666666666652, -0.0, 0.3333333333333334, -0.0, -0.0, -0.0, 0.16666666666666674, 0.33333333333333315, -0.0, 0.12499999999999994, -0.0, 0.16666666666666669, 0.45833333333333337, -0.0, -0.0, -0.0, 0.24999999999999994, 0.08333333333333348, -0.0, -0.0, -0.0, -0.0, -0.0, -0.0, -0.0, -0.0, -0.0, -0.0, -0.0, -0.0, -0.0, -0.0, -0.0, -0.0, -0.0, -0.0, -0.0, 0.04166666666666674]
			Active cut size: 0
W = 300 
H = 300
normalXList.size = 205
normalYList.size = 213
xList.size = 131
yList.size = 133
squareList.size = 10
myConsList.size = 0
当前上界 = 2.0
--------------------------------------- Price Problem End --------------------------------------------------------
		71 Add column : 0 col:72 	3000.006
	1 End Add column using column generation : 2.0 col: 72 cons: 0 cut: 0	3000.006
   End add columnAndCut : 2.0 colGencnt: 1 price: 0 col: 72 cons: 0 cut: 0	3000.006

Node lb: 1.7976931348623157E308 ub: 2 : 3000.006

Final Found Solution: 2 genNode: 1 extendedNode: 0:3000.006
Bin size: 90000
1 : 6966,6630,6440,4770,4650,4346,4200,4183,3224,3115,2812,2772,2350,2133,2106,1352,1330,1320,1183,1095,1078,1040,800,752,672,616,546,322,276,261,154,84,48, : 73626
2 : 4030,3445,2800,1920,1620,884,806, : 15505
----------------------- 1 ---------------------------
canvasWidth:300,
canvasHeight:300,
data:[{x:281,y:0,l:70,w:19},{x:187,y:0,l:25,w:94},{x:190,y:25,l:13,w:91},{x:202,y:38,l:27,w:79},{x:94,y:0,l:50,w:93},{x:95,y:50,l:3,w:92},{x:103,y:53,l:8,w:84},{x:10,y:0,l:50,w:84},{x:1,y:0,l:29,w:9},{x:29,y:50,l:16,w:65},{x:7,y:50,l:7,w:22},{x:253,y:70,l:89,w:47},{x:267,y:159,l:84,w:33},{x:255,y:159,l:4,w:12},{x:257,y:163,l:80,w:10},{x:274,y:243,l:52,w:26},{x:172,y:70,l:86,w:81},{x:191,y:156,l:52,w:62},{x:211,y:208,l:13,w:42},{x:175,y:156,l:47,w:16},{x:80,y:70,l:70,w:92},{x:60,y:70,l:66,w:20},{x:53,y:70,l:46,w:7},{x:119,y:140,l:82,w:53},{x:92,y:140,l:78,w:27},{x:98,y:218,l:4,w:21},{x:168,y:222,l:78,w:85},{x:78,y:222,l:53,w:90},{x:38,y:70,l:73,w:15},{x:42,y:143,l:98,w:11},{x:42,y:241,l:56,w:11},{x:0,y:70,l:74,w:38},{x:3,y:144,l:89,w:35},],
----------------------- 2 ---------------------------
canvasWidth:300,
canvasHeight:300,
data:[{x:247,y:0,l:65,w:53},{x:182,y:0,l:62,w:65},{x:112,y:0,l:40,w:70},{x:114,y:40,l:13,w:68},{x:86,y:0,l:31,w:26},{x:22,y:0,l:30,w:64},{x:58,y:32,l:30,w:54},],
