====================================== Class_03.2bp-5 =====================================
Reduced size: 20 usedBin: 0
[2, 3]
[5, 9, 14]
[4, 10, 16]
[6, 7, 8]
[1, 12, 13]
[0, 17, 19]
[11, 15, 18]
------------------------------------------------
Best fit used bin number: 7
Found best solution: 7 0.25

   Statrt add columnAndCut col: 7 cons: 0 cut: 0	0.328

	1 Start Add column using column generation  col: 7 cons: 0 cut: 0	0.328
			Start solve  LP :0.328
			End solve LP obj: 7.0 t: 0
	1 End Add column using column generation : 7.0 col: 7 cons: 0 cut: 0	0.328
   End add columnAndCut : 7.0 colGencnt: 1 price: 0 col: 7 cons: 0 cut: 0	0.328

Node lb: 7.0 ub: 7 : 0.328

Final Found Solution: 7 genNode: 1 extendedNode: 0:0.328
Bin size: 1600
1 : 638,612, : 1250
2 : 594,340,130, : 1064
3 : 600,300,125, : 1025
4 : 525,450,418, : 1393
5 : 660,240,207, : 1107
6 : 1156,125,33, : 1314
7 : 264,128,60, : 452
----------------------- 1 ---------------------------
canvasWidth:40,
canvasHeight:40,
data:[{x:6,y:0,l:18,w:34},{x:11,y:18,l:22,w:29},],
----------------------- 2 ---------------------------
canvasWidth:40,
canvasHeight:40,
data:[{x:6,y:0,l:10,w:34},{x:18,y:13,l:27,w:22},{x:0,y:0,l:26,w:5},],
----------------------- 3 ---------------------------
canvasWidth:40,
canvasHeight:40,
data:[{x:10,y:0,l:20,w:30},{x:15,y:20,l:5,w:25},{x:20,y:25,l:15,w:20},],
----------------------- 4 ---------------------------
canvasWidth:40,
canvasHeight:40,
data:[{x:15,y:0,l:21,w:25},{x:18,y:21,l:19,w:22},{x:0,y:0,l:30,w:15},],
----------------------- 5 ---------------------------
canvasWidth:40,
canvasHeight:40,
data:[{x:10,y:0,l:22,w:30},{x:10,y:22,l:8,w:30},{x:17,y:30,l:9,w:23},],
----------------------- 6 ---------------------------
canvasWidth:40,
canvasHeight:40,
data:[{x:6,y:0,l:34,w:34},{x:5,y:0,l:33,w:1},{x:15,y:34,l:5,w:25},],
----------------------- 7 ---------------------------
canvasWidth:40,
canvasHeight:40,
data:[{x:7,y:0,l:8,w:33},{x:24,y:8,l:8,w:16},{x:4,y:8,l:3,w:20},],
