====================================== Class_03.2bp-40 =====================================
Reduced size: 100 usedBin: 0
[15, 30, 33, 70, 84, 85, 89, 98]
[3, 39, 44]
[1, 41, 52, 88]
[6, 19, 45, 79]
[11, 24, 26, 68]
[12, 16, 34, 94]
[8, 36, 43, 61, 72]
[2, 49, 53, 65]
[4, 38, 47, 55]
[21, 28, 48, 50, 74, 81, 93]
[18, 42, 46, 56, 64, 73, 83]
[17, 25, 35, 63, 67]
[20, 22, 31, 66, 80, 91, 95, 99]
[14, 29, 40, 60, 75, 77]
[0, 57, 59, 82, 97]
[10, 27, 32, 76, 90]
[9, 13, 51, 69]
[7, 23, 58, 71, 78, 92]
[5, 37, 54, 62, 86, 87, 96]
------------------------------------------------
Best fit used bin number: 19
Found best solution: 19 0.172

   Statrt add columnAndCut col: 19 cons: 0 cut: 0	0.235

	1 Start Add column using column generation  col: 19 cons: 0 cut: 0	0.235
			Start solve  LP :0.235
			End solve LP obj: 19.0 t: 0
	1 End Add column using column generation : 19.0 col: 19 cons: 0 cut: 0	0.235
   End add columnAndCut : 19.0 colGencnt: 1 price: 0 col: 19 cons: 0 cut: 0	0.235

Node lb: 19.0 ub: 19 : 0.235

Final Found Solution: 19 genNode: 1 extendedNode: 0:0.235
Bin size: 1600
1 : 528,348,322,120,70,70,46,10, : 1514
2 : 960,288,248, : 1496
3 : 1056,272,196,48, : 1572
4 : 714,475,247,84, : 1520
5 : 624,406,384,120, : 1534
6 : 609,510,315,23, : 1457
7 : 700,300,252,160,114, : 1526
8 : 986,209,189,132, : 1516
9 : 806,288,225,182, : 1501
10 : 442,350,221,207,110,78,27, : 1435
11 : 480,264,228,175,136,112,72, : 1467
12 : 506,391,315,140,128, : 1480
13 : 462,442,330,132,78,42,17,3, : 1506
14 : 589,348,279,162,108,90, : 1576
15 : 1089,175,168,77,14, : 1523
16 : 648,372,324,92,44, : 1480
17 : 672,608,200,120, : 1600
18 : 713,416,170,116,84,36, : 1535
19 : 725,294,189,154,56,52,15, : 1485
----------------------- 1 ---------------------------
canvasWidth:40,
canvasHeight:40,
data:[{x:17,y:0,l:14,w:23},{x:17,y:14,l:2,w:23},{x:18,y:16,l:24,w:22},{x:5,y:0,l:29,w:12},{x:0,y:0,l:24,w:5},{x:0,y:24,l:2,w:5},{x:10,y:29,l:10,w:7},{x:0,y:29,l:7,w:10},],
----------------------- 2 ---------------------------
canvasWidth:40,
canvasHeight:40,
data:[{x:9,y:0,l:8,w:31},{x:10,y:8,l:32,w:30},{x:0,y:0,l:32,w:9},],
----------------------- 3 ---------------------------
canvasWidth:40,
canvasHeight:40,
data:[{x:6,y:0,l:8,w:34},{x:0,y:0,l:8,w:6},{x:7,y:8,l:32,w:33},{x:0,y:8,l:28,w:7},],
----------------------- 4 ---------------------------
canvasWidth:40,
canvasHeight:40,
data:[{x:6,y:0,l:21,w:34},{x:2,y:0,l:21,w:4},{x:15,y:21,l:19,w:25},{x:2,y:21,l:19,w:13},],
----------------------- 5 ---------------------------
canvasWidth:40,
canvasHeight:40,
data:[{x:14,y:0,l:24,w:26},{x:16,y:24,l:16,w:24},{x:0,y:0,l:29,w:14},{x:2,y:29,l:10,w:12},],
----------------------- 6 ---------------------------
canvasWidth:40,
canvasHeight:40,
data:[{x:23,y:0,l:30,w:17},{x:0,y:0,l:1,w:23},{x:2,y:1,l:29,w:21},{x:5,y:30,l:9,w:35},],
----------------------- 7 ---------------------------
canvasWidth:40,
canvasHeight:40,
data:[{x:20,y:0,l:35,w:20},{x:0,y:0,l:15,w:20},{x:1,y:15,l:6,w:19},{x:2,y:21,l:14,w:18},{x:8,y:35,l:5,w:32},],
----------------------- 8 ---------------------------
canvasWidth:40,
canvasHeight:40,
data:[{x:6,y:0,l:29,w:34},{x:0,y:0,l:22,w:6},{x:21,y:29,l:11,w:19},{x:0,y:29,l:9,w:21},],
----------------------- 9 ---------------------------
canvasWidth:40,
canvasHeight:40,
data:[{x:9,y:0,l:26,w:31},{x:0,y:0,l:25,w:9},{x:27,y:26,l:14,w:13},{x:3,y:26,l:12,w:24},],
----------------------- 10 ---------------------------
canvasWidth:40,
canvasHeight:40,
data:[{x:15,y:0,l:14,w:25},{x:31,y:14,l:23,w:9},{x:31,y:37,l:3,w:9},{x:14,y:14,l:13,w:17},{x:25,y:27,l:13,w:6},{x:15,y:27,l:11,w:10},{x:1,y:0,l:34,w:13},],
----------------------- 11 ---------------------------
canvasWidth:40,
canvasHeight:40,
data:[{x:5,y:0,l:5,w:35},{x:16,y:5,l:20,w:24},{x:16,y:25,l:3,w:24},{x:4,y:5,l:19,w:12},{x:7,y:28,l:8,w:33},{x:12,y:36,l:4,w:28},{x:0,y:0,l:34,w:4},],
----------------------- 12 ---------------------------
canvasWidth:40,
canvasHeight:40,
data:[{x:18,y:0,l:23,w:22},{x:1,y:0,l:23,w:17},{x:5,y:23,l:9,w:35},{x:5,y:32,l:4,w:35},{x:8,y:36,l:4,w:32},],
----------------------- 13 ---------------------------
canvasWidth:40,
canvasHeight:40,
data:[{x:18,y:0,l:21,w:22},{x:18,y:21,l:15,w:22},{x:23,y:36,l:1,w:17},{x:26,y:37,l:3,w:14},{x:5,y:0,l:6,w:13},{x:4,y:0,l:3,w:1},{x:5,y:6,l:34,w:13},{x:0,y:0,l:33,w:4},],
----------------------- 14 ---------------------------
canvasWidth:40,
canvasHeight:40,
data:[{x:31,y:0,l:18,w:9},{x:31,y:18,l:12,w:9},{x:31,y:30,l:10,w:9},{x:0,y:0,l:19,w:31},{x:0,y:19,l:9,w:31},{x:2,y:28,l:12,w:29},],
----------------------- 15 ---------------------------
canvasWidth:40,
canvasHeight:40,
data:[{x:7,y:0,l:33,w:33},{x:1,y:0,l:28,w:6},{x:15,y:33,l:7,w:25},{x:4,y:33,l:7,w:11},{x:2,y:33,l:7,w:2},],
----------------------- 16 ---------------------------
canvasWidth:40,
canvasHeight:40,
data:[{x:16,y:0,l:27,w:24},{x:4,y:0,l:27,w:12},{x:0,y:0,l:23,w:4},{x:9,y:27,l:12,w:31},{x:5,y:27,l:11,w:4},],
----------------------- 17 ---------------------------
canvasWidth:40,
canvasHeight:40,
data:[{x:8,y:0,l:21,w:32},{x:8,y:21,l:19,w:32},{x:0,y:0,l:25,w:8},{x:0,y:25,l:15,w:8},],
----------------------- 18 ---------------------------
canvasWidth:40,
canvasHeight:40,
data:[{x:8,y:0,l:13,w:32},{x:9,y:13,l:23,w:31},{x:11,y:36,l:4,w:29},{x:3,y:0,l:34,w:5},{x:0,y:0,l:28,w:3},{x:2,y:34,l:6,w:6},],
----------------------- 19 ---------------------------
canvasWidth:40,
canvasHeight:40,
data:[{x:19,y:0,l:14,w:21},{x:25,y:14,l:1,w:15},{x:8,y:0,l:14,w:11},{x:4,y:0,l:14,w:4},{x:0,y:0,l:13,w:4},{x:11,y:15,l:25,w:29},{x:2,y:15,l:21,w:9},],
