====================================== Class_09.2bp-27 =====================================
Reduced size: 60 usedBin: 0
[7]
[14]
[13]
[32]
[34, 49, 58]
[42]
[43]
[33]
[15]
[19]
[26]
[8]
[31, 57]
[29, 47, 59]
[3]
[23]
[4]
[44]
[18, 45]
[24, 50]
[2, 52]
[46]
[22]
[16]
[10]
[36]
[12]
[9, 54]
[39]
[27]
[11]
[0]
[37]
[30]
[41]
[6, 53]
[21]
[25]
[38]
[35, 51]
[48]
[20, 56]
[17]
[5, 55]
[1]
[40]
[28]
------------------------------------------------
Best fit used bin number: 47
Found best solution: 47 0.265

   Statrt add columnAndCut col: 47 cons: 0 cut: 0	0.344

	1 Start Add column using column generation  col: 47 cons: 0 cut: 0	0.344
			Start solve  LP :0.344
			End solve LP obj: 47.0 t: 0
	1 End Add column using column generation : 47.0 col: 47 cons: 0 cut: 0	0.344
   End add columnAndCut : 47.0 colGencnt: 1 price: 0 col: 47 cons: 0 cut: 0	0.344

Node lb: 47.0 ub: 47 : 0.344

Final Found Solution: 47 genNode: 1 extendedNode: 0:0.359
Bin size: 10000
1 : 7100, : 7100
2 : 6300, : 6300
3 : 6561, : 6561
4 : 4623, : 4623
5 : 4560,1911,64, : 6535
6 : 4015, : 4015
7 : 3816, : 3816
8 : 4600, : 4600
9 : 6006, : 6006
10 : 5780, : 5780
11 : 5141, : 5141
12 : 6888, : 6888
13 : 4830,532, : 5362
14 : 5002,2926,38, : 7966
15 : 7553, : 7553
16 : 5520, : 5520
17 : 7470, : 7470
18 : 3363, : 3363
19 : 5782,3276, : 9058
20 : 5440,1760, : 7200
21 : 8514,1260, : 9774
22 : 3172, : 3172
23 : 5525, : 5525
24 : 5848, : 5848
25 : 6840, : 6840
26 : 4539, : 4539
27 : 6630, : 6630
28 : 6873,792, : 7665
29 : 4233, : 4233
30 : 5133, : 5133
31 : 6693, : 6693
32 : 9212, : 9212
33 : 4374, : 4374
34 : 4884, : 4884
35 : 4029, : 4029
36 : 7128,1032, : 8160
37 : 5643, : 5643
38 : 5251, : 5251
39 : 4368, : 4368
40 : 4556,1474, : 6030
41 : 2808, : 2808
42 : 5695,630, : 6325
43 : 5822, : 5822
44 : 7238,667, : 7905
45 : 8554, : 8554
46 : 4029, : 4029
47 : 5110, : 5110
----------------------- 1 ---------------------------
canvasWidth:100,
canvasHeight:100,
data:[{x:0,y:0,l:71,w:100},],
----------------------- 2 ---------------------------
canvasWidth:100,
canvasHeight:100,
data:[{x:37,y:0,l:100,w:63},],
----------------------- 3 ---------------------------
canvasWidth:100,
canvasHeight:100,
data:[{x:19,y:0,l:81,w:81},],
----------------------- 4 ---------------------------
canvasWidth:100,
canvasHeight:100,
data:[{x:31,y:0,l:67,w:69},],
----------------------- 5 ---------------------------
canvasWidth:100,
canvasHeight:100,
data:[{x:20,y:0,l:57,w:80},{x:51,y:57,l:39,w:49},{x:84,y:96,l:4,w:16},],
----------------------- 6 ---------------------------
canvasWidth:100,
canvasHeight:100,
data:[{x:45,y:0,l:73,w:55},],
----------------------- 7 ---------------------------
canvasWidth:100,
canvasHeight:100,
data:[{x:28,y:0,l:53,w:72},],
----------------------- 8 ---------------------------
canvasWidth:100,
canvasHeight:100,
data:[{x:8,y:0,l:50,w:92},],
----------------------- 9 ---------------------------
canvasWidth:100,
canvasHeight:100,
data:[{x:23,y:0,l:78,w:77},],
----------------------- 10 ---------------------------
canvasWidth:100,
canvasHeight:100,
data:[{x:15,y:0,l:68,w:85},],
----------------------- 11 ---------------------------
canvasWidth:100,
canvasHeight:100,
data:[{x:47,y:0,l:97,w:53},],
----------------------- 12 ---------------------------
canvasWidth:100,
canvasHeight:100,
data:[{x:18,y:0,l:84,w:82},],
----------------------- 13 ---------------------------
canvasWidth:100,
canvasHeight:100,
data:[{x:31,y:0,l:70,w:69},{x:81,y:70,l:28,w:19},],
----------------------- 14 ---------------------------
canvasWidth:100,
canvasHeight:100,
data:[{x:39,y:0,l:82,w:61},{x:1,y:0,l:77,w:38},{x:0,y:0,l:38,w:1},],
----------------------- 15 ---------------------------
canvasWidth:100,
canvasHeight:100,
data:[{x:9,y:0,l:83,w:91},],
----------------------- 16 ---------------------------
canvasWidth:100,
canvasHeight:100,
data:[{x:31,y:0,l:80,w:69},],
----------------------- 17 ---------------------------
canvasWidth:100,
canvasHeight:100,
data:[{x:17,y:0,l:90,w:83},],
----------------------- 18 ---------------------------
canvasWidth:100,
canvasHeight:100,
data:[{x:43,y:0,l:59,w:57},],
----------------------- 19 ---------------------------
canvasWidth:100,
canvasHeight:100,
data:[{x:2,y:0,l:59,w:98},{x:9,y:59,l:36,w:91},],
----------------------- 20 ---------------------------
canvasWidth:100,
canvasHeight:100,
data:[{x:80,y:0,l:88,w:20},{x:0,y:0,l:68,w:80},],
----------------------- 21 ---------------------------
canvasWidth:100,
canvasHeight:100,
data:[{x:14,y:0,l:99,w:86},{x:0,y:0,l:90,w:14},],
----------------------- 22 ---------------------------
canvasWidth:100,
canvasHeight:100,
data:[{x:39,y:0,l:52,w:61},],
----------------------- 23 ---------------------------
canvasWidth:100,
canvasHeight:100,
data:[{x:35,y:0,l:85,w:65},],
----------------------- 24 ---------------------------
canvasWidth:100,
canvasHeight:100,
data:[{x:32,y:0,l:86,w:68},],
----------------------- 25 ---------------------------
canvasWidth:100,
canvasHeight:100,
data:[{x:28,y:0,l:95,w:72},],
----------------------- 26 ---------------------------
canvasWidth:100,
canvasHeight:100,
data:[{x:49,y:0,l:89,w:51},],
----------------------- 27 ---------------------------
canvasWidth:100,
canvasHeight:100,
data:[{x:22,y:0,l:85,w:78},],
----------------------- 28 ---------------------------
canvasWidth:100,
canvasHeight:100,
data:[{x:13,y:0,l:79,w:87},{x:1,y:0,l:66,w:12},],
----------------------- 29 ---------------------------
canvasWidth:100,
canvasHeight:100,
data:[{x:49,y:0,l:83,w:51},],
----------------------- 30 ---------------------------
canvasWidth:100,
canvasHeight:100,
data:[{x:13,y:0,l:59,w:87},],
----------------------- 31 ---------------------------
canvasWidth:100,
canvasHeight:100,
data:[{x:3,y:0,l:69,w:97},],
----------------------- 32 ---------------------------
canvasWidth:100,
canvasHeight:100,
data:[{x:2,y:0,l:94,w:98},],
----------------------- 33 ---------------------------
canvasWidth:100,
canvasHeight:100,
data:[{x:46,y:0,l:81,w:54},],
----------------------- 34 ---------------------------
canvasWidth:100,
canvasHeight:100,
data:[{x:26,y:0,l:66,w:74},],
----------------------- 35 ---------------------------
canvasWidth:100,
canvasHeight:100,
data:[{x:49,y:0,l:79,w:51},],
----------------------- 36 ---------------------------
canvasWidth:100,
canvasHeight:100,
data:[{x:88,y:0,l:86,w:12},{x:0,y:0,l:81,w:88},],
----------------------- 37 ---------------------------
canvasWidth:100,
canvasHeight:100,
data:[{x:1,y:0,l:57,w:99},],
----------------------- 38 ---------------------------
canvasWidth:100,
canvasHeight:100,
data:[{x:41,y:0,l:89,w:59},],
----------------------- 39 ---------------------------
canvasWidth:100,
canvasHeight:100,
data:[{x:48,y:0,l:84,w:52},],
----------------------- 40 ---------------------------
canvasWidth:100,
canvasHeight:100,
data:[{x:32,y:0,l:67,w:68},{x:10,y:0,l:67,w:22},],
----------------------- 41 ---------------------------
canvasWidth:100,
canvasHeight:100,
data:[{x:48,y:0,l:54,w:52},],
----------------------- 42 ---------------------------
canvasWidth:100,
canvasHeight:100,
data:[{x:15,y:0,l:67,w:85},{x:1,y:0,l:45,w:14},],
----------------------- 43 ---------------------------
canvasWidth:100,
canvasHeight:100,
data:[{x:29,y:0,l:82,w:71},],
----------------------- 44 ---------------------------
canvasWidth:100,
canvasHeight:100,
data:[{x:6,y:0,l:77,w:94},{x:71,y:77,l:23,w:29},],
----------------------- 45 ---------------------------
canvasWidth:100,
canvasHeight:100,
data:[{x:6,y:0,l:91,w:94},],
----------------------- 46 ---------------------------
canvasWidth:100,
canvasHeight:100,
data:[{x:21,y:0,l:51,w:79},],
----------------------- 47 ---------------------------
canvasWidth:100,
canvasHeight:100,
data:[{x:30,y:0,l:73,w:70},],
