====================================== Class_06.2bp-19 =====================================
Reduced size: 40 usedBin: 0
[0, 1, 2, 3, 4, 5, 6, 7, 8, 9, 10, 11, 12, 13, 14, 15, 16, 17, 18, 19, 20, 21, 22, 23, 24, 25, 26, 27, 28, 29, 30, 31, 32, 33, 34, 35, 36, 37, 38, 39]
------------------------------------------------
Best fit used bin number: 1
Found best solution: 1 0.252

   Statrt add columnAndCut col: 1 cons: 0 cut: 0	0.299

	1 Start Add column using column generation  col: 1 cons: 0 cut: 0	0.299
			Start solve  LP :0.299
			End solve LP obj: 1.0 t: 15
	1 End Add column using column generation : 1.0 col: 1 cons: 0 cut: 0	0.314
   End add columnAndCut : 1.0 colGencnt: 1 price: 0 col: 1 cons: 0 cut: 0	0.314

Node lb: 1.0 ub: 1 : 0.314

Final Found Solution: 1 genNode: 1 extendedNode: 0:0.314
Bin size: 90000
1 : 5325,4730,4500,4399,4047,4004,3780,3600,3591,3234,3150,3060,3042,3040,2958,2952,2800,2430,2268,2160,2135,1872,1659,1276,1245,1107,900,871,804,740,702,621,450,288,240,234,194,52,38,30, : 84528
----------------------- 1 ---------------------------
canvasWidth:300,
canvasHeight:300,
data:[{x:264,y:0,l:82,w:36},{x:264,y:82,l:63,w:36},{x:265,y:145,l:61,w:35},{x:270,y:206,l:15,w:30},{x:264,y:206,l:5,w:6},{x:274,y:221,l:9,w:26},{x:219,y:0,l:100,w:45},{x:219,y:100,l:54,w:45},{x:224,y:154,l:76,w:40},{x:166,y:0,l:83,w:53},{x:91,y:0,l:71,w:75},{x:99,y:71,l:12,w:67},{x:52,y:0,l:78,w:39},{x:0,y:0,l:77,w:52},{x:156,y:83,l:57,w:63},{x:185,y:140,l:87,w:34},{x:193,y:227,l:2,w:26},{x:156,y:140,l:44,w:29},{x:158,y:184,l:41,w:27},{x:99,y:83,l:71,w:57},{x:102,y:154,l:40,w:54},{x:104,y:194,l:36,w:52},{x:1,y:83,l:33,w:98},{x:2,y:116,l:2,w:97},{x:24,y:118,l:48,w:75},{x:4,y:118,l:37,w:20},{x:32,y:166,l:13,w:67},{x:2,y:166,l:8,w:30},{x:24,y:179,l:42,w:75},{x:15,y:179,l:32,w:9},{x:246,y:230,l:70,w:54},{x:160,y:230,l:55,w:86},{x:163,y:285,l:15,w:83},{x:100,y:230,l:51,w:60},{x:100,y:281,l:15,w:60},{x:122,y:296,l:1,w:38},{x:30,y:230,l:40,w:70},{x:31,y:270,l:9,w:69},{x:3,y:230,l:26,w:27},{x:21,y:279,l:21,w:79},],
