====================================== Class_03.2bp-35 =====================================
Reduced size: 80 usedBin: 0
[14, 19, 43]
[22, 24, 48, 72]
[4, 33, 54, 69, 71]
[11, 25, 46, 63, 79]
[10, 26, 42]
[5, 36, 44, 70, 73, 74]
[8, 20, 53]
[27, 29, 37, 39, 58, 68]
[18, 23, 30, 77]
[1, 49, 51]
[0, 34, 59, 62]
[9, 32]
[17, 21, 35, 65]
[7, 45, 52, 57, 60]
[12, 16, 50]
[2, 41, 56, 66, 76]
[15, 31, 40, 61]
[13, 28]
[3, 55, 64, 75]
[6, 38, 47, 67, 78]
------------------------------------------------
Best fit used bin number: 20
Found best solution: 20 0.297

   Statrt add columnAndCut col: 20 cons: 0 cut: 0	0.375

	1 Start Add column using column generation  col: 20 cons: 0 cut: 0	0.375
			Start solve  LP :0.375
			End solve LP obj: 20.0 t: 0
	1 End Add column using column generation : 20.0 col: 20 cons: 0 cut: 0	0.375
   End add columnAndCut : 20.0 colGencnt: 1 price: 0 col: 20 cons: 0 cut: 0	0.375

Node lb: 20.0 ub: 20 : 0.375

Final Found Solution: 20 genNode: 1 extendedNode: 0:0.375
Bin size: 1600
1 : 620,520,234, : 1374
2 : 493,483,210,33, : 1219
3 : 910,325,169,48,35, : 1487
4 : 676,476,225,84,8, : 1469
5 : 702,462,247, : 1411
6 : 868,310,231,48,29,29, : 1515
7 : 792,512,175, : 1479
8 : 437,380,280,272,126,51, : 1546
9 : 522,484,378,14, : 1398
10 : 952,204,189, : 1345
11 : 980,324,99,84, : 1487
12 : 735,330, : 1065
13 : 552,495,315,66, : 1428
14 : 800,230,184,144,88, : 1446
15 : 660,558,198, : 1416
16 : 945,250,155,65,18, : 1433
17 : 575,368,266,84, : 1293
18 : 624,384, : 1008
19 : 945,168,81,25, : 1219
20 : 868,275,216,55,12, : 1426
----------------------- 1 ---------------------------
canvasWidth:40,
canvasHeight:40,
data:[{x:9,y:0,l:20,w:31},{x:14,y:20,l:20,w:26},{x:0,y:0,l:26,w:9},],
----------------------- 2 ---------------------------
canvasWidth:40,
canvasHeight:40,
data:[{x:17,y:0,l:21,w:23},{x:26,y:21,l:15,w:14},{x:29,y:36,l:3,w:11},{x:0,y:0,l:29,w:17},],
----------------------- 3 ---------------------------
canvasWidth:40,
canvasHeight:40,
data:[{x:15,y:0,l:13,w:25},{x:2,y:0,l:13,w:13},{x:5,y:13,l:26,w:35},{x:3,y:13,l:24,w:2},{x:5,y:39,l:1,w:35},],
----------------------- 4 ---------------------------
canvasWidth:40,
canvasHeight:40,
data:[{x:6,y:0,l:14,w:34},{x:0,y:0,l:14,w:6},{x:14,y:14,l:26,w:26},{x:5,y:14,l:25,w:9},{x:6,y:39,l:1,w:8},],
----------------------- 5 ---------------------------
canvasWidth:40,
canvasHeight:40,
data:[{x:13,y:0,l:26,w:27},{x:0,y:0,l:19,w:13},{x:7,y:26,l:14,w:33},],
----------------------- 6 ---------------------------
canvasWidth:40,
canvasHeight:40,
data:[{x:12,y:0,l:31,w:28},{x:2,y:0,l:31,w:10},{x:0,y:0,l:24,w:2},{x:7,y:31,l:7,w:33},{x:11,y:38,l:1,w:29},{x:11,y:39,l:1,w:29},],
----------------------- 7 ---------------------------
canvasWidth:40,
canvasHeight:40,
data:[{x:16,y:0,l:33,w:24},{x:0,y:0,l:32,w:16},{x:15,y:33,l:7,w:25},],
----------------------- 8 ---------------------------
canvasWidth:40,
canvasHeight:40,
data:[{x:21,y:0,l:23,w:19},{x:24,y:23,l:17,w:16},{x:21,y:23,l:17,w:3},{x:7,y:0,l:20,w:14},{x:0,y:0,l:18,w:7},{x:2,y:20,l:20,w:19},],
----------------------- 9 ---------------------------
canvasWidth:40,
canvasHeight:40,
data:[{x:18,y:0,l:22,w:22},{x:19,y:22,l:18,w:21},{x:18,y:22,l:14,w:1},{x:0,y:0,l:29,w:18},],
----------------------- 10 ---------------------------
canvasWidth:40,
canvasHeight:40,
data:[{x:6,y:0,l:6,w:34},{x:12,y:6,l:34,w:28},{x:5,y:6,l:27,w:7},],
----------------------- 11 ---------------------------
canvasWidth:40,
canvasHeight:40,
data:[{x:5,y:0,l:28,w:35},{x:13,y:28,l:12,w:27},{x:6,y:28,l:12,w:7},{x:2,y:0,l:33,w:3},],
----------------------- 12 ---------------------------
canvasWidth:40,
canvasHeight:40,
data:[{x:5,y:0,l:21,w:35},{x:7,y:21,l:10,w:33},],
----------------------- 13 ---------------------------
canvasWidth:40,
canvasHeight:40,
data:[{x:17,y:0,l:24,w:23},{x:19,y:24,l:15,w:21},{x:2,y:0,l:33,w:15},{x:0,y:0,l:33,w:2},],
----------------------- 14 ---------------------------
canvasWidth:40,
canvasHeight:40,
data:[{x:8,y:0,l:25,w:32},{x:0,y:0,l:23,w:8},{x:17,y:25,l:10,w:23},{x:18,y:35,l:4,w:22},{x:5,y:25,l:12,w:12},],
----------------------- 15 ---------------------------
canvasWidth:40,
canvasHeight:40,
data:[{x:10,y:0,l:22,w:30},{x:1,y:0,l:22,w:9},{x:9,y:22,l:18,w:31},],
----------------------- 16 ---------------------------
canvasWidth:40,
canvasHeight:40,
data:[{x:13,y:0,l:35,w:27},{x:0,y:0,l:5,w:13},{x:3,y:5,l:25,w:10},{x:9,y:35,l:5,w:31},{x:0,y:35,l:2,w:9},],
----------------------- 17 ---------------------------
canvasWidth:40,
canvasHeight:40,
data:[{x:17,y:0,l:25,w:23},{x:1,y:0,l:23,w:16},{x:21,y:25,l:14,w:19},{x:0,y:25,l:4,w:21},],
----------------------- 18 ---------------------------
canvasWidth:40,
canvasHeight:40,
data:[{x:14,y:0,l:24,w:26},{x:16,y:24,l:16,w:24},],
----------------------- 19 ---------------------------
canvasWidth:40,
canvasHeight:40,
data:[{x:13,y:0,l:35,w:27},{x:13,y:35,l:3,w:27},{x:15,y:38,l:1,w:25},{x:5,y:0,l:21,w:8},],
----------------------- 20 ---------------------------
canvasWidth:40,
canvasHeight:40,
data:[{x:12,y:0,l:31,w:28},{x:0,y:0,l:1,w:12},{x:1,y:1,l:25,w:11},{x:1,y:26,l:5,w:11},{x:16,y:31,l:9,w:24},],
