====================================== Class_09.2bp-45 =====================================
Reduced size: 100 usedBin: 0
[12, 84]
[28]
[1, 91, 99]
[3]
[40]
[63, 72, 87, 94]
[13]
[29, 76]
[38]
[48]
[68]
[41, 77]
[46]
[39]
[65, 81]
[10]
[32]
[37]
[21]
[64]
[9]
[27]
[52]
[18]
[6, 92]
[57]
[17]
[59]
[35, 71]
[31]
[26]
[42]
[7]
[25]
[5]
[19, 82, 96]
[61, 95]
[53]
[62, 89]
[74, 85]
[15]
[45]
[16, 80]
[51, 83]
[60]
[23]
[49]
[24]
[58, 69, 97]
[70, 79]
[36]
[34]
[2, 93]
[20, 88]
[50]
[66]
[11]
[0]
[54]
[33]
[4, 90]
[44]
[8]
[14]
[67]
[43]
[55, 75, 86]
[56, 78]
[47]
[22, 73, 98]
[30]
------------------------------------------------
Best fit used bin number: 71
Found best solution: 71 0.265

   Statrt add columnAndCut col: 71 cons: 0 cut: 0	0.343

	1 Start Add column using column generation  col: 71 cons: 0 cut: 0	0.343
			Start solve  LP :0.343
			End solve LP obj: 71.0 t: 0
	1 End Add column using column generation : 71.0 col: 71 cons: 0 cut: 0	0.343
   End add columnAndCut : 71.0 colGencnt: 1 price: 0 col: 71 cons: 0 cut: 0	0.343

Node lb: 71.0 ub: 71 : 0.343

Final Found Solution: 71 genNode: 1 extendedNode: 0:0.343
Bin size: 10000
1 : 7600,1800, : 9400
2 : 5800, : 5800
3 : 8900,902,77, : 9879
4 : 8722, : 8722
5 : 5247, : 5247
6 : 3995,3180,1368,434, : 8977
7 : 7395, : 7395
8 : 5760,2592, : 8352
9 : 5293, : 5293
10 : 4977, : 4977
11 : 3599, : 3599
12 : 5236,2310, : 7546
13 : 5056, : 5056
14 : 5254, : 5254
15 : 3850,2100, : 5950
16 : 7826, : 7826
17 : 5476, : 5476
18 : 5332, : 5332
19 : 6555, : 6555
20 : 3920, : 3920
21 : 8134, : 8134
22 : 5846, : 5846
23 : 4845, : 4845
24 : 7055, : 7055
25 : 8366,759, : 9125
26 : 4400, : 4400
27 : 7084, : 7084
28 : 4180, : 4180
29 : 5368,3393, : 8761
30 : 5561, : 5561
31 : 5859, : 5859
32 : 5148, : 5148
33 : 8217, : 8217
34 : 5888, : 5888
35 : 8428, : 8428
36 : 6840,2040,138, : 9018
37 : 4080,408, : 4488
38 : 4590, : 4590
39 : 4030,1147, : 5177
40 : 2860,1755, : 4615
41 : 7347, : 7347
42 : 5070, : 5070
43 : 7176,2134, : 9310
44 : 4900,1809, : 6709
45 : 4092, : 4092
46 : 6392, : 6392
47 : 4914, : 4914
48 : 6138, : 6138
49 : 4212,3588,135, : 7935
50 : 3400,2162, : 5562
51 : 5360, : 5360
52 : 5412, : 5412
53 : 8820,720, : 9540
54 : 6794,1350, : 8144
55 : 4914, : 4914
56 : 3834, : 3834
57 : 7663, : 7663
58 : 9306, : 9306
59 : 4554, : 4554
60 : 5415, : 5415
61 : 8624,1020, : 9644
62 : 5103, : 5103
63 : 8178, : 8178
64 : 7395, : 7395
65 : 3770, : 3770
66 : 5130, : 5130
67 : 4544,2619,1610, : 8773
68 : 4485,2208, : 6693
69 : 4977, : 4977
70 : 6435,3094,99, : 9628
71 : 5580, : 5580
----------------------- 1 ---------------------------
canvasWidth:100,
canvasHeight:100,
data:[{x:24,y:0,l:100,w:76},{x:6,y:0,l:100,w:18},],
----------------------- 2 ---------------------------
canvasWidth:100,
canvasHeight:100,
data:[{x:0,y:0,l:58,w:100},],
----------------------- 3 ---------------------------
canvasWidth:100,
canvasHeight:100,
data:[{x:11,y:0,l:100,w:89},{x:0,y:0,l:82,w:11},{x:0,y:82,l:7,w:11},],
----------------------- 4 ---------------------------
canvasWidth:100,
canvasHeight:100,
data:[{x:2,y:0,l:89,w:98},],
----------------------- 5 ---------------------------
canvasWidth:100,
canvasHeight:100,
data:[{x:1,y:0,l:53,w:99},],
----------------------- 6 ---------------------------
canvasWidth:100,
canvasHeight:100,
data:[{x:47,y:0,l:60,w:53},{x:62,y:60,l:36,w:38},{x:48,y:60,l:31,w:14},{x:0,y:0,l:85,w:47},],
----------------------- 7 ---------------------------
canvasWidth:100,
canvasHeight:100,
data:[{x:15,y:0,l:87,w:85},],
----------------------- 8 ---------------------------
canvasWidth:100,
canvasHeight:100,
data:[{x:36,y:0,l:90,w:64},{x:0,y:0,l:72,w:36},],
----------------------- 9 ---------------------------
canvasWidth:100,
canvasHeight:100,
data:[{x:21,y:0,l:67,w:79},],
----------------------- 10 ---------------------------
canvasWidth:100,
canvasHeight:100,
data:[{x:21,y:0,l:63,w:79},],
----------------------- 11 ---------------------------
canvasWidth:100,
canvasHeight:100,
data:[{x:39,y:0,l:59,w:61},],
----------------------- 12 ---------------------------
canvasWidth:100,
canvasHeight:100,
data:[{x:23,y:0,l:68,w:77},{x:23,y:68,l:30,w:77},],
----------------------- 13 ---------------------------
canvasWidth:100,
canvasHeight:100,
data:[{x:21,y:0,l:64,w:79},],
----------------------- 14 ---------------------------
canvasWidth:100,
canvasHeight:100,
data:[{x:26,y:0,l:71,w:74},],
----------------------- 15 ---------------------------
canvasWidth:100,
canvasHeight:100,
data:[{x:45,y:0,l:70,w:55},{x:3,y:0,l:50,w:42},],
----------------------- 16 ---------------------------
canvasWidth:100,
canvasHeight:100,
data:[{x:14,y:0,l:91,w:86},],
----------------------- 17 ---------------------------
canvasWidth:100,
canvasHeight:100,
data:[{x:26,y:0,l:74,w:74},],
----------------------- 18 ---------------------------
canvasWidth:100,
canvasHeight:100,
data:[{x:14,y:0,l:62,w:86},],
----------------------- 19 ---------------------------
canvasWidth:100,
canvasHeight:100,
data:[{x:31,y:0,l:95,w:69},],
----------------------- 20 ---------------------------
canvasWidth:100,
canvasHeight:100,
data:[{x:30,y:0,l:56,w:70},],
----------------------- 21 ---------------------------
canvasWidth:100,
canvasHeight:100,
data:[{x:17,y:0,l:98,w:83},],
----------------------- 22 ---------------------------
canvasWidth:100,
canvasHeight:100,
data:[{x:26,y:0,l:79,w:74},],
----------------------- 23 ---------------------------
canvasWidth:100,
canvasHeight:100,
data:[{x:15,y:0,l:57,w:85},],
----------------------- 24 ---------------------------
canvasWidth:100,
canvasHeight:100,
data:[{x:17,y:0,l:85,w:83},],
----------------------- 25 ---------------------------
canvasWidth:100,
canvasHeight:100,
data:[{x:6,y:0,l:89,w:94},{x:31,y:89,l:11,w:69},],
----------------------- 26 ---------------------------
canvasWidth:100,
canvasHeight:100,
data:[{x:45,y:0,l:80,w:55},],
----------------------- 27 ---------------------------
canvasWidth:100,
canvasHeight:100,
data:[{x:8,y:0,l:77,w:92},],
----------------------- 28 ---------------------------
canvasWidth:100,
canvasHeight:100,
data:[{x:45,y:0,l:76,w:55},],
----------------------- 29 ---------------------------
canvasWidth:100,
canvasHeight:100,
data:[{x:12,y:0,l:61,w:88},{x:13,y:61,l:39,w:87},],
----------------------- 30 ---------------------------
canvasWidth:100,
canvasHeight:100,
data:[{x:17,y:0,l:67,w:83},],
----------------------- 31 ---------------------------
canvasWidth:100,
canvasHeight:100,
data:[{x:7,y:0,l:63,w:93},],
----------------------- 32 ---------------------------
canvasWidth:100,
canvasHeight:100,
data:[{x:1,y:0,l:52,w:99},],
----------------------- 33 ---------------------------
canvasWidth:100,
canvasHeight:100,
data:[{x:17,y:0,l:99,w:83},],
----------------------- 34 ---------------------------
canvasWidth:100,
canvasHeight:100,
data:[{x:8,y:0,l:64,w:92},],
----------------------- 35 ---------------------------
canvasWidth:100,
canvasHeight:100,
data:[{x:14,y:0,l:98,w:86},],
----------------------- 36 ---------------------------
canvasWidth:100,
canvasHeight:100,
data:[{x:5,y:0,l:72,w:95},{x:15,y:72,l:24,w:85},{x:9,y:72,l:23,w:6},],
----------------------- 37 ---------------------------
canvasWidth:100,
canvasHeight:100,
data:[{x:49,y:0,l:80,w:51},{x:76,y:80,l:17,w:24},],
----------------------- 38 ---------------------------
canvasWidth:100,
canvasHeight:100,
data:[{x:10,y:0,l:51,w:90},],
----------------------- 39 ---------------------------
canvasWidth:100,
canvasHeight:100,
data:[{x:35,y:0,l:62,w:65},{x:63,y:62,l:31,w:37},],
----------------------- 40 ---------------------------
canvasWidth:100,
canvasHeight:100,
data:[{x:48,y:0,l:55,w:52},{x:61,y:55,l:45,w:39},],
----------------------- 41 ---------------------------
canvasWidth:100,
canvasHeight:100,
data:[{x:21,y:0,l:93,w:79},],
----------------------- 42 ---------------------------
canvasWidth:100,
canvasHeight:100,
data:[{x:35,y:0,l:78,w:65},],
----------------------- 43 ---------------------------
canvasWidth:100,
canvasHeight:100,
data:[{x:3,y:0,l:22,w:97},{x:8,y:22,l:78,w:92},],
----------------------- 44 ---------------------------
canvasWidth:100,
canvasHeight:100,
data:[{x:30,y:0,l:70,w:70},{x:3,y:0,l:67,w:27},],
----------------------- 45 ---------------------------
canvasWidth:100,
canvasHeight:100,
data:[{x:38,y:0,l:66,w:62},],
----------------------- 46 ---------------------------
canvasWidth:100,
canvasHeight:100,
data:[{x:6,y:0,l:68,w:94},],
----------------------- 47 ---------------------------
canvasWidth:100,
canvasHeight:100,
data:[{x:22,y:0,l:63,w:78},],
----------------------- 48 ---------------------------
canvasWidth:100,
canvasHeight:100,
data:[{x:1,y:0,l:62,w:99},],
----------------------- 49 ---------------------------
canvasWidth:100,
canvasHeight:100,
data:[{x:19,y:0,l:52,w:81},{x:22,y:52,l:46,w:78},{x:19,y:52,l:45,w:3},],
----------------------- 50 ---------------------------
canvasWidth:100,
canvasHeight:100,
data:[{x:32,y:0,l:50,w:68},{x:54,y:50,l:47,w:46},],
----------------------- 51 ---------------------------
canvasWidth:100,
canvasHeight:100,
data:[{x:20,y:0,l:67,w:80},],
----------------------- 52 ---------------------------
canvasWidth:100,
canvasHeight:100,
data:[{x:34,y:0,l:82,w:66},],
----------------------- 53 ---------------------------
canvasWidth:100,
canvasHeight:100,
data:[{x:2,y:0,l:90,w:98},{x:20,y:90,l:9,w:80},],
----------------------- 54 ---------------------------
canvasWidth:100,
canvasHeight:100,
data:[{x:14,y:0,l:79,w:86},{x:25,y:79,l:18,w:75},],
----------------------- 55 ---------------------------
canvasWidth:100,
canvasHeight:100,
data:[{x:46,y:0,l:91,w:54},],
----------------------- 56 ---------------------------
canvasWidth:100,
canvasHeight:100,
data:[{x:46,y:0,l:71,w:54},],
----------------------- 57 ---------------------------
canvasWidth:100,
canvasHeight:100,
data:[{x:21,y:0,l:97,w:79},],
----------------------- 58 ---------------------------
canvasWidth:100,
canvasHeight:100,
data:[{x:1,y:0,l:94,w:99},],
----------------------- 59 ---------------------------
canvasWidth:100,
canvasHeight:100,
data:[{x:31,y:0,l:66,w:69},],
----------------------- 60 ---------------------------
canvasWidth:100,
canvasHeight:100,
data:[{x:5,y:0,l:57,w:95},],
----------------------- 61 ---------------------------
canvasWidth:100,
canvasHeight:100,
data:[{x:2,y:0,l:88,w:98},{x:15,y:88,l:12,w:85},],
----------------------- 62 ---------------------------
canvasWidth:100,
canvasHeight:100,
data:[{x:19,y:0,l:63,w:81},],
----------------------- 63 ---------------------------
canvasWidth:100,
canvasHeight:100,
data:[{x:13,y:0,l:94,w:87},],
----------------------- 64 ---------------------------
canvasWidth:100,
canvasHeight:100,
data:[{x:13,y:0,l:85,w:87},],
----------------------- 65 ---------------------------
canvasWidth:100,
canvasHeight:100,
data:[{x:35,y:0,l:58,w:65},],
----------------------- 66 ---------------------------
canvasWidth:100,
canvasHeight:100,
data:[{x:10,y:0,l:57,w:90},],
----------------------- 67 ---------------------------
canvasWidth:100,
canvasHeight:100,
data:[{x:3,y:0,l:27,w:97},{x:36,y:27,l:71,w:64},{x:1,y:27,l:46,w:35},],
----------------------- 68 ---------------------------
canvasWidth:100,
canvasHeight:100,
data:[{x:31,y:0,l:65,w:69},{x:31,y:65,l:32,w:69},],
----------------------- 69 ---------------------------
canvasWidth:100,
canvasHeight:100,
data:[{x:37,y:0,l:79,w:63},],
----------------------- 70 ---------------------------
canvasWidth:100,
canvasHeight:100,
data:[{x:1,y:0,l:1,w:99},{x:35,y:1,l:99,w:65},{x:1,y:1,l:91,w:34},],
----------------------- 71 ---------------------------
canvasWidth:100,
canvasHeight:100,
data:[{x:7,y:0,l:60,w:93},],
