====================================== Class_09.2bp-15 =====================================
Reduced size: 40 usedBin: 0
[10]
[26, 28]
[27]
[25, 35, 39]
[13]
[14, 38]
[30, 32, 36]
[19]
[0, 37]
[6, 34]
[15]
[17]
[9]
[7]
[8]
[3]
[12]
[18]
[2]
[23]
[22]
[11]
[5]
[1]
[4]
[20, 31]
[24, 29]
[21, 33]
[16]
------------------------------------------------
Best fit used bin number: 29
Found best solution: 29 0.26

   Statrt add columnAndCut col: 29 cons: 0 cut: 0	0.334

	1 Start Add column using column generation  col: 29 cons: 0 cut: 0	0.334
			Start solve  LP :0.334
			End solve LP obj: 29.0 t: 2
	1 End Add column using column generation : 29.0 col: 29 cons: 0 cut: 0	0.337
   End add columnAndCut : 29.0 colGencnt: 1 price: 0 col: 29 cons: 0 cut: 0	0.338

Node lb: 29.0 ub: 29 : 0.338

Final Found Solution: 29 genNode: 1 extendedNode: 0:0.338
Bin size: 10000
1 : 6300, : 6300
2 : 4118,3900, : 8018
3 : 4028, : 4028
4 : 4234,1064,40, : 5338
5 : 5418, : 5418
6 : 5330,686, : 6016
7 : 3750,3100,888, : 7738
8 : 4576, : 4576
9 : 8004,748, : 8752
10 : 6557,1953, : 8510
11 : 4958, : 4958
12 : 4620, : 4620
13 : 6320, : 6320
14 : 6438, : 6438
15 : 6435, : 6435
16 : 7326, : 7326
17 : 5561, : 5561
18 : 4582, : 4582
19 : 7857, : 7857
20 : 4356, : 4356
21 : 4428, : 4428
22 : 6142, : 6142
23 : 6723, : 6723
24 : 7938, : 7938
25 : 6789, : 6789
26 : 4550,3500, : 8050
27 : 4293,3825, : 8118
28 : 4539,3082, : 7621
29 : 4760, : 4760
----------------------- 1 ---------------------------
canvasWidth:100,
canvasHeight:100,
data:[{x:37,y:0,l:100,w:63},],
----------------------- 2 ---------------------------
canvasWidth:100,
canvasHeight:100,
data:[{x:61,y:0,l:100,w:39},{x:3,y:0,l:71,w:58},],
----------------------- 3 ---------------------------
canvasWidth:100,
canvasHeight:100,
data:[{x:24,y:0,l:53,w:76},],
----------------------- 4 ---------------------------
canvasWidth:100,
canvasHeight:100,
data:[{x:27,y:0,l:58,w:73},{x:72,y:58,l:38,w:28},{x:90,y:96,l:4,w:10},],
----------------------- 5 ---------------------------
canvasWidth:100,
canvasHeight:100,
data:[{x:37,y:0,l:86,w:63},],
----------------------- 6 ---------------------------
canvasWidth:100,
canvasHeight:100,
data:[{x:93,y:0,l:98,w:7},{x:11,y:0,l:65,w:82},],
----------------------- 7 ---------------------------
canvasWidth:100,
canvasHeight:100,
data:[{x:25,y:0,l:50,w:75},{x:1,y:0,l:37,w:24},{x:38,y:50,l:50,w:62},],
----------------------- 8 ---------------------------
canvasWidth:100,
canvasHeight:100,
data:[{x:12,y:0,l:52,w:88},],
----------------------- 9 ---------------------------
canvasWidth:100,
canvasHeight:100,
data:[{x:13,y:0,l:92,w:87},{x:2,y:0,l:68,w:11},],
----------------------- 10 ---------------------------
canvasWidth:100,
canvasHeight:100,
data:[{x:7,y:0,l:21,w:93},{x:17,y:21,l:79,w:83},],
----------------------- 11 ---------------------------
canvasWidth:100,
canvasHeight:100,
data:[{x:26,y:0,l:67,w:74},],
----------------------- 12 ---------------------------
canvasWidth:100,
canvasHeight:100,
data:[{x:16,y:0,l:55,w:84},],
----------------------- 13 ---------------------------
canvasWidth:100,
canvasHeight:100,
data:[{x:21,y:0,l:80,w:79},],
----------------------- 14 ---------------------------
canvasWidth:100,
canvasHeight:100,
data:[{x:13,y:0,l:74,w:87},],
----------------------- 15 ---------------------------
canvasWidth:100,
canvasHeight:100,
data:[{x:35,y:0,l:99,w:65},],
----------------------- 16 ---------------------------
canvasWidth:100,
canvasHeight:100,
data:[{x:26,y:0,l:99,w:74},],
----------------------- 17 ---------------------------
canvasWidth:100,
canvasHeight:100,
data:[{x:33,y:0,l:83,w:67},],
----------------------- 18 ---------------------------
canvasWidth:100,
canvasHeight:100,
data:[{x:21,y:0,l:58,w:79},],
----------------------- 19 ---------------------------
canvasWidth:100,
canvasHeight:100,
data:[{x:3,y:0,l:81,w:97},],
----------------------- 20 ---------------------------
canvasWidth:100,
canvasHeight:100,
data:[{x:34,y:0,l:66,w:66},],
----------------------- 21 ---------------------------
canvasWidth:100,
canvasHeight:100,
data:[{x:18,y:0,l:54,w:82},],
----------------------- 22 ---------------------------
canvasWidth:100,
canvasHeight:100,
data:[{x:17,y:0,l:74,w:83},],
----------------------- 23 ---------------------------
canvasWidth:100,
canvasHeight:100,
data:[{x:17,y:0,l:81,w:83},],
----------------------- 24 ---------------------------
canvasWidth:100,
canvasHeight:100,
data:[{x:19,y:0,l:98,w:81},],
----------------------- 25 ---------------------------
canvasWidth:100,
canvasHeight:100,
data:[{x:27,y:0,l:93,w:73},],
----------------------- 26 ---------------------------
canvasWidth:100,
canvasHeight:100,
data:[{x:50,y:0,l:91,w:50},{x:0,y:0,l:70,w:50},],
----------------------- 27 ---------------------------
canvasWidth:100,
canvasHeight:100,
data:[{x:55,y:0,l:85,w:45},{x:0,y:0,l:81,w:53},],
----------------------- 28 ---------------------------
canvasWidth:100,
canvasHeight:100,
data:[{x:49,y:0,l:89,w:51},{x:3,y:0,l:67,w:46},],
----------------------- 29 ---------------------------
canvasWidth:100,
canvasHeight:100,
data:[{x:44,y:0,l:85,w:56},],
