====================================== Class_04.2bp-30 =====================================
Reduced size: 80 usedBin: 0
[1, 2, 4, 5, 7, 8, 11, 15, 17, 22, 23, 24, 26, 27, 29, 38, 42, 48, 63, 67, 70, 73, 76]
[0, 3, 6, 9, 10, 12, 13, 14, 25, 28, 31, 32, 35, 36, 40, 41, 45, 50, 51, 52, 55, 59, 62, 69, 72, 74, 77]
[16, 18, 19, 20, 21, 30, 33, 34, 37, 39, 43, 44, 46, 47, 49, 53, 54, 56, 57, 58, 60, 61, 64, 65, 66, 68, 71, 75, 78, 79]
------------------------------------------------
Best fit used bin number: 3
Found best solution: 3 0.313

   Statrt add columnAndCut col: 3 cons: 0 cut: 0	0.375

	1 Start Add column using column generation  col: 3 cons: 0 cut: 0	0.375
			Start solve  LP :0.375
			End solve LP obj: 3.0 t: 0
	1 End Add column using column generation : 3.0 col: 3 cons: 0 cut: 0	0.375
   End add columnAndCut : 3.0 colGencnt: 1 price: 0 col: 3 cons: 0 cut: 0	0.375

Node lb: 3.0 ub: 3 : 0.375

Final Found Solution: 3 genNode: 1 extendedNode: 0:0.375
Bin size: 10000
1 : 840,837,806,806,702,644,580,527,504,418,384,378,364,360,350,272,238,168,90,78,50,30,16, : 9442
2 : 870,825,725,608,594,576,551,540,377,360,336,325,297,280,253,245,209,160,150,138,130,102,90,64,33,24,12, : 8874
3 : 506,440,437,432,420,341,322,300,276,270,228,221,175,171,162,136,135,124,120,112,99,99,88,84,80,75,48,20,10,10, : 5941
----------------------- 1 ---------------------------
canvasWidth:100,
canvasHeight:100,
data:[{x:69,y:0,l:26,w:31},{x:38,y:0,l:26,w:31},{x:11,y:0,l:26,w:27},{x:8,y:0,l:26,w:3},{x:0,y:0,l:2,w:8},{x:1,y:2,l:24,w:7},{x:83,y:26,l:31,w:17},{x:84,y:57,l:17,w:16},{x:86,y:74,l:26,w:14},{x:84,y:74,l:25,w:2},{x:53,y:26,l:28,w:30},{x:30,y:26,l:28,w:23},{x:12,y:26,l:21,w:18},{x:15,y:47,l:6,w:15},{x:56,y:54,l:31,w:27},{x:58,y:85,l:14,w:25},{x:36,y:54,l:29,w:20},{x:39,y:83,l:14,w:17},{x:36,y:83,l:10,w:3},{x:14,y:54,l:19,w:22},{x:15,y:73,l:24,w:21},{x:0,y:26,l:32,w:12},{x:0,y:58,l:30,w:12},],
----------------------- 2 ---------------------------
canvasWidth:100,
canvasHeight:100,
data:[{x:75,y:0,l:29,w:25},{x:76,y:29,l:24,w:24},{x:81,y:53,l:29,w:19},{x:76,y:53,l:26,w:5},{x:80,y:82,l:18,w:20},{x:46,y:0,l:30,w:29},{x:13,y:0,l:18,w:33},{x:13,y:18,l:9,w:33},{x:13,y:27,l:1,w:33},{x:0,y:0,l:25,w:13},{x:42,y:30,l:25,w:33},{x:43,y:55,l:19,w:32},{x:45,y:74,l:3,w:30},{x:46,y:77,l:13,w:29},{x:52,y:90,l:6,w:23},{x:44,y:90,l:3,w:8},{x:12,y:30,l:18,w:30},{x:0,y:30,l:1,w:12},{x:6,y:31,l:17,w:6},{x:19,y:48,l:11,w:23},{x:0,y:48,l:11,w:19},{x:7,y:61,l:7,w:35},{x:14,y:68,l:10,w:28},{x:6,y:68,l:8,w:8},{x:10,y:78,l:5,w:32},{x:12,y:83,l:5,w:30},{x:14,y:88,l:12,w:28},],
----------------------- 3 ---------------------------
canvasWidth:100,
canvasHeight:100,
data:[{x:77,y:0,l:22,w:23},{x:81,y:22,l:23,w:19},{x:77,y:22,l:20,w:4},{x:80,y:45,l:22,w:20},{x:82,y:67,l:24,w:18},{x:85,y:91,l:9,w:15},{x:80,y:91,l:2,w:5},{x:77,y:45,l:33,w:3},{x:50,y:0,l:6,w:27},{x:26,y:0,l:5,w:24},{x:30,y:5,l:1,w:20},{x:11,y:0,l:5,w:15},{x:16,y:5,l:1,w:10},{x:73,y:6,l:34,w:4},{x:73,y:40,l:31,w:4},{x:73,y:71,l:28,w:4},{x:58,y:6,l:28,w:15},{x:58,y:34,l:20,w:15},{x:59,y:54,l:23,w:14},{x:61,y:77,l:23,w:12},{x:47,y:6,l:31,w:11},{x:38,y:6,l:19,w:9},{x:38,y:25,l:11,w:9},{x:28,y:6,l:27,w:10},{x:16,y:6,l:19,w:12},{x:17,y:25,l:8,w:11},{x:3,y:6,l:17,w:13},{x:0,y:6,l:16,w:3},{x:51,y:37,l:25,w:7},{x:54,y:62,l:21,w:4},],
