====================================== Class_01.2bp-35 =====================================
Reduced size: 80 usedBin: 0
[5, 53, 70]
[24, 36]
[17, 33, 44]
[6, 64, 65]
[0]
[38, 39, 49, 54, 74, 77]
[15, 31, 66]
[14, 41, 57, 72]
[28, 42, 45, 68, 75]
[12, 26]
[18, 47, 50, 58]
[21, 30, 59]
[20, 32]
[7, 67]
[19, 40, 43, 73]
[34, 35, 37, 78]
[16, 29]
[13, 46]
[8, 48, 79]
[2]
[1, 51]
[4, 62, 63]
[22, 23, 76]
[9, 55, 56]
[10, 69]
[11, 71]
[25, 27, 52]
[3, 60, 61]
------------------------------------------------
Best fit used bin number: 28
Found best solution: 28 0.125

   Statrt add columnAndCut col: 28 cons: 0 cut: 0	0.203

	1 Start Add column using column generation  col: 28 cons: 0 cut: 0	0.203
			Start solve  LP :0.203
			End solve LP obj: 28.0 t: 0
	1 End Add column using column generation : 28.0 col: 28 cons: 0 cut: 0	0.203
   End add columnAndCut : 28.0 colGencnt: 1 price: 0 col: 28 cons: 0 cut: 0	0.203

Node lb: 28.0 ub: 28 : 0.203

Final Found Solution: 28 genNode: 1 extendedNode: 0:0.203
Bin size: 100
1 : 72,18,7, : 97
2 : 42,28, : 70
3 : 49,30,21, : 100
4 : 72,8,8, : 88
5 : 80, : 80
6 : 25,24,20,16,5,4, : 94
7 : 54,32,8, : 94
8 : 54,24,16,6, : 100
9 : 36,24,21,8,4, : 93
10 : 60,40, : 100
11 : 49,21,20,10, : 100
12 : 45,35,10, : 90
13 : 48,32, : 80
14 : 72,8, : 80
15 : 49,24,21,6, : 100
16 : 30,30,27,3, : 90
17 : 50,35, : 85
18 : 56,21, : 77
19 : 70,21,3, : 94
20 : 80, : 80
21 : 80,20, : 100
22 : 80,9,9, : 98
23 : 45,45,4, : 94
24 : 64,16,16, : 96
25 : 64,7, : 71
26 : 63,7, : 70
27 : 42,40,18, : 100
28 : 80,10,10, : 100
----------------------- 1 ---------------------------
canvasWidth:10,
canvasHeight:10,
data:[{x:1,y:0,l:8,w:9},{x:0,y:0,l:7,w:1},{x:1,y:8,l:2,w:9},],
----------------------- 2 ---------------------------
canvasWidth:10,
canvasHeight:10,
data:[{x:4,y:0,l:7,w:6},{x:0,y:0,l:7,w:4},],
----------------------- 3 ---------------------------
canvasWidth:10,
canvasHeight:10,
data:[{x:3,y:0,l:7,w:7},{x:0,y:0,l:7,w:3},{x:0,y:7,l:3,w:10},],
----------------------- 4 ---------------------------
canvasWidth:10,
canvasHeight:10,
data:[{x:2,y:0,l:9,w:8},{x:2,y:9,l:1,w:8},{x:0,y:0,l:4,w:2},],
----------------------- 5 ---------------------------
canvasWidth:10,
canvasHeight:10,
data:[{x:2,y:0,l:10,w:8},],
----------------------- 6 ---------------------------
canvasWidth:10,
canvasHeight:10,
data:[{x:5,y:0,l:5,w:5},{x:6,y:5,l:5,w:4},{x:5,y:5,l:5,w:1},{x:1,y:0,l:4,w:4},{x:0,y:0,l:4,w:1},{x:1,y:4,l:6,w:4},],
----------------------- 7 ---------------------------
canvasWidth:10,
canvasHeight:10,
data:[{x:2,y:0,l:4,w:8},{x:0,y:0,l:4,w:2},{x:1,y:4,l:6,w:9},],
----------------------- 8 ---------------------------
canvasWidth:10,
canvasHeight:10,
data:[{x:4,y:0,l:9,w:6},{x:4,y:9,l:1,w:6},{x:0,y:0,l:6,w:4},{x:0,y:6,l:4,w:4},],
----------------------- 9 ---------------------------
canvasWidth:10,
canvasHeight:10,
data:[{x:4,y:0,l:6,w:6},{x:4,y:6,l:4,w:6},{x:0,y:0,l:2,w:4},{x:0,y:2,l:1,w:4},{x:1,y:3,l:7,w:3},],
----------------------- 10 ---------------------------
canvasWidth:10,
canvasHeight:10,
data:[{x:0,y:0,l:6,w:10},{x:0,y:6,l:4,w:10},],
----------------------- 11 ---------------------------
canvasWidth:10,
canvasHeight:10,
data:[{x:3,y:0,l:7,w:7},{x:0,y:0,l:7,w:3},{x:0,y:7,l:2,w:10},{x:0,y:9,l:1,w:10},],
----------------------- 12 ---------------------------
canvasWidth:10,
canvasHeight:10,
data:[{x:1,y:0,l:5,w:9},{x:3,y:5,l:5,w:7},{x:1,y:5,l:5,w:2},],
----------------------- 13 ---------------------------
canvasWidth:10,
canvasHeight:10,
data:[{x:2,y:0,l:6,w:8},{x:2,y:6,l:4,w:8},],
----------------------- 14 ---------------------------
canvasWidth:10,
canvasHeight:10,
data:[{x:2,y:0,l:9,w:8},{x:2,y:9,l:1,w:8},],
----------------------- 15 ---------------------------
canvasWidth:10,
canvasHeight:10,
data:[{x:3,y:0,l:7,w:7},{x:3,y:7,l:3,w:7},{x:0,y:0,l:8,w:3},{x:0,y:8,l:2,w:3},],
----------------------- 16 ---------------------------
canvasWidth:10,
canvasHeight:10,
data:[{x:4,y:0,l:5,w:6},{x:4,y:5,l:5,w:6},{x:1,y:0,l:9,w:3},{x:1,y:9,l:1,w:3},],
----------------------- 17 ---------------------------
canvasWidth:10,
canvasHeight:10,
data:[{x:5,y:0,l:10,w:5},{x:0,y:0,l:7,w:5},],
----------------------- 18 ---------------------------
canvasWidth:10,
canvasHeight:10,
data:[{x:2,y:0,l:7,w:8},{x:3,y:7,l:3,w:7},],
----------------------- 19 ---------------------------
canvasWidth:10,
canvasHeight:10,
data:[{x:3,y:0,l:10,w:7},{x:0,y:0,l:7,w:3},{x:0,y:7,l:1,w:3},],
----------------------- 20 ---------------------------
canvasWidth:10,
canvasHeight:10,
data:[{x:2,y:0,l:10,w:8},],
----------------------- 21 ---------------------------
canvasWidth:10,
canvasHeight:10,
data:[{x:0,y:0,l:8,w:10},{x:0,y:8,l:2,w:10},],
----------------------- 22 ---------------------------
canvasWidth:10,
canvasHeight:10,
data:[{x:0,y:0,l:8,w:10},{x:1,y:8,l:1,w:9},{x:1,y:9,l:1,w:9},],
----------------------- 23 ---------------------------
canvasWidth:10,
canvasHeight:10,
data:[{x:5,y:0,l:9,w:5},{x:6,y:9,l:1,w:4},{x:0,y:0,l:9,w:5},],
----------------------- 24 ---------------------------
canvasWidth:10,
canvasHeight:10,
data:[{x:2,y:0,l:8,w:8},{x:2,y:8,l:2,w:8},{x:0,y:0,l:8,w:2},],
----------------------- 25 ---------------------------
canvasWidth:10,
canvasHeight:10,
data:[{x:2,y:0,l:8,w:8},{x:3,y:8,l:1,w:7},],
----------------------- 26 ---------------------------
canvasWidth:10,
canvasHeight:10,
data:[{x:1,y:0,l:7,w:9},{x:0,y:0,l:7,w:1},],
----------------------- 27 ---------------------------
canvasWidth:10,
canvasHeight:10,
data:[{x:3,y:0,l:6,w:7},{x:0,y:0,l:6,w:3},{x:0,y:6,l:4,w:10},],
----------------------- 28 ---------------------------
canvasWidth:10,
canvasHeight:10,
data:[{x:2,y:0,l:10,w:8},{x:1,y:0,l:10,w:1},{x:0,y:0,l:10,w:1},],
