====================================== Class_10.2bp-48 =====================================
Reduced size: 100 usedBin: 0
[6, 13]
[2, 28]
[3, 26, 62]
[1, 52, 64, 77, 94]
[16, 20, 21, 46, 48, 53, 74, 79, 83]
[15, 23, 39, 41, 51, 63, 65, 67, 80, 89, 97]
[0, 76, 92]
[10, 33, 34, 38, 55, 68, 78]
[9, 17, 25, 43, 71]
[14, 27, 40, 42, 45, 57, 69, 72, 84, 87, 88, 90, 93, 98]
[8, 29, 35, 44, 56, 81, 82, 86, 99]
[7, 11, 60, 61, 91]
[18, 30, 31, 32, 37, 50, 73]
[4, 24, 36]
[12, 19, 22, 47, 54, 75, 85, 95, 96]
[5, 49, 58, 59, 66, 70]
------------------------------------------------
Best fit used bin number: 16
Found best solution: 16 0.141

   Statrt add columnAndCut col: 16 cons: 0 cut: 0	0.219

	1 Start Add column using column generation  col: 16 cons: 0 cut: 0	0.219
			Start solve  LP :0.219
			End solve LP obj: 16.0 t: 0
	1 End Add column using column generation : 16.0 col: 16 cons: 0 cut: 0	0.219
   End add columnAndCut : 16.0 colGencnt: 1 price: 0 col: 16 cons: 0 cut: 0	0.219

Node lb: 16.0 ub: 16 : 0.219

Final Found Solution: 16 genNode: 1 extendedNode: 0:0.219
Bin size: 10000
1 : 5950,2940, : 8890
2 : 7623,1748, : 9371
3 : 6216,1775,603, : 8594
4 : 8118,900,561,210,36, : 9825
5 : 2278,1932,1925,1104,1012,897,240,180,126, : 9694
6 : 2528,1886,1254,1230,910,592,540,435,180,69,22, : 9646
7 : 9405,216,48, : 9669
8 : 3906,1410,1395,1292,851,364,189, : 9407
9 : 4032,2068,1804,1200,324, : 9428
10 : 2632,1763,1247,1221,1120,792,360,279,95,78,76,66,40,18, : 9787
11 : 4176,1628,1392,1120,847,176,168,90,12, : 9609
12 : 4902,3440,672,623,63, : 9700
13 : 2058,1628,1580,1440,1316,945,240, : 9207
14 : 6100,1872,1330, : 9302
15 : 3036,1936,1886,1067,868,224,91,24,24, : 9156
16 : 6083,966,748,720,500,357, : 9374
----------------------- 1 ---------------------------
canvasWidth:100,
canvasHeight:100,
data:[{x:2,y:0,l:30,w:98},{x:15,y:30,l:70,w:85},],
----------------------- 2 ---------------------------
canvasWidth:100,
canvasHeight:100,
data:[{x:23,y:0,l:99,w:77},{x:0,y:0,l:76,w:23},],
----------------------- 3 ---------------------------
canvasWidth:100,
canvasHeight:100,
data:[{x:16,y:0,l:74,w:84},{x:29,y:74,l:25,w:71},{x:0,y:0,l:67,w:9},],
----------------------- 4 ---------------------------
canvasWidth:100,
canvasHeight:100,
data:[{x:18,y:0,l:99,w:82},{x:0,y:0,l:50,w:18},{x:0,y:50,l:2,w:18},{x:1,y:52,l:33,w:17},{x:3,y:85,l:14,w:15},],
----------------------- 5 ---------------------------
canvasWidth:100,
canvasHeight:100,
data:[{x:52,y:0,l:23,w:48},{x:6,y:0,l:22,w:46},{x:0,y:0,l:21,w:6},{x:75,y:23,l:77,w:25},{x:8,y:23,l:34,w:67},{x:0,y:23,l:30,w:8},{x:29,y:58,l:42,w:46},{x:6,y:58,l:39,w:23},{x:0,y:58,l:30,w:6},],
----------------------- 6 ---------------------------
canvasWidth:100,
canvasHeight:100,
data:[{x:68,y:0,l:79,w:32},{x:73,y:79,l:20,w:27},{x:78,y:99,l:1,w:22},{x:30,y:0,l:33,w:38},{x:33,y:33,l:26,w:35},{x:30,y:33,l:23,w:3},{x:0,y:0,l:41,w:30},{x:1,y:41,l:15,w:29},{x:22,y:59,l:41,w:46},{x:6,y:59,l:37,w:16},{x:0,y:59,l:30,w:6},],
----------------------- 7 ---------------------------
canvasWidth:100,
canvasHeight:100,
data:[{x:5,y:0,l:99,w:95},{x:2,y:0,l:72,w:3},{x:1,y:0,l:48,w:1},],
----------------------- 8 ---------------------------
canvasWidth:100,
canvasHeight:100,
data:[{x:7,y:0,l:42,w:93},{x:0,y:0,l:27,w:7},{x:69,y:42,l:45,w:31},{x:72,y:87,l:13,w:28},{x:31,y:42,l:34,w:38},{x:32,y:76,l:23,w:37},{x:1,y:42,l:47,w:30},],
----------------------- 9 ---------------------------
canvasWidth:100,
canvasHeight:100,
data:[{x:53,y:0,l:44,w:47},{x:12,y:0,l:44,w:41},{x:3,y:0,l:36,w:9},{x:28,y:44,l:56,w:72},{x:3,y:44,l:48,w:25},],
----------------------- 10 ---------------------------
canvasWidth:100,
canvasHeight:100,
data:[{x:72,y:0,l:94,w:28},{x:74,y:94,l:3,w:26},{x:31,y:0,l:43,w:41},{x:2,y:0,l:43,w:29},{x:0,y:0,l:33,w:2},{x:37,y:43,l:32,w:35},{x:33,y:43,l:19,w:4},{x:33,y:62,l:10,w:4},{x:36,y:75,l:22,w:36},{x:0,y:43,l:37,w:33},{x:3,y:80,l:12,w:30},{x:0,y:80,l:6,w:3},{x:14,y:92,l:5,w:19},{x:7,y:97,l:3,w:93},],
----------------------- 11 ---------------------------
canvasWidth:100,
canvasHeight:100,
data:[{x:13,y:0,l:48,w:87},{x:13,y:48,l:16,w:87},{x:26,y:64,l:22,w:74},{x:15,y:64,l:16,w:11},{x:13,y:64,l:6,w:2},{x:20,y:86,l:14,w:80},{x:5,y:0,l:21,w:8},{x:0,y:0,l:18,w:5},{x:2,y:23,l:77,w:11},],
----------------------- 12 ---------------------------
canvasWidth:100,
canvasHeight:100,
data:[{x:93,y:0,l:89,w:7},{x:93,y:89,l:9,w:7},{x:7,y:0,l:57,w:86},{x:13,y:57,l:43,w:80},{x:0,y:0,l:96,w:7},],
----------------------- 13 ---------------------------
canvasWidth:100,
canvasHeight:100,
data:[{x:58,y:0,l:49,w:42},{x:37,y:0,l:45,w:21},{x:0,y:0,l:44,w:37},{x:21,y:49,l:20,w:79},{x:1,y:49,l:12,w:20},{x:52,y:69,l:30,w:48},{x:5,y:69,l:28,w:47},],
----------------------- 14 ---------------------------
canvasWidth:100,
canvasHeight:100,
data:[{x:0,y:0,l:61,w:100},{x:52,y:61,l:39,w:48},{x:14,y:61,l:35,w:38},],
----------------------- 15 ---------------------------
canvasWidth:100,
canvasHeight:100,
data:[{x:89,y:0,l:97,w:11},{x:92,y:97,l:3,w:8},{x:45,y:0,l:44,w:44},{x:48,y:44,l:46,w:41},{x:76,y:90,l:7,w:13},{x:81,y:97,l:3,w:8},{x:44,y:90,l:7,w:32},{x:0,y:0,l:69,w:44},{x:16,y:69,l:31,w:28},],
----------------------- 16 ---------------------------
canvasWidth:100,
canvasHeight:100,
data:[{x:23,y:0,l:79,w:77},{x:32,y:79,l:11,w:68},{x:50,y:90,l:10,w:50},{x:2,y:0,l:46,w:21},{x:2,y:46,l:17,w:21},{x:3,y:63,l:36,w:20},],
