====================================== Class_10.2bp-36 =====================================
Reduced size: 80 usedBin: 0
[6, 28, 33, 49, 58, 77]
[7, 30, 40, 41, 48, 51, 66, 74, 76]
[3, 17, 63, 69]
[16, 19, 20, 23, 27, 53, 55, 57, 68]
[13, 14, 25, 34, 45, 65, 78]
[10, 21, 35, 38, 39, 43, 50, 67]
[11, 12, 36, 37, 54, 71, 73, 79]
[9, 22, 29, 32, 44, 59, 60, 61, 75]
[8, 18, 24, 26]
[5, 31, 42, 47, 70]
[0]
[2, 46, 52, 62]
[4, 15, 72]
[1, 56, 64]
------------------------------------------------
Best fit used bin number: 14
Found best solution: 14 0.14

   Statrt add columnAndCut col: 14 cons: 0 cut: 0	0.203

	1 Start Add column using column generation  col: 14 cons: 0 cut: 0	0.203
			Start solve  LP :0.203
			End solve LP obj: 14.0 t: 0
	1 End Add column using column generation : 14.0 col: 14 cons: 0 cut: 0	0.203
   End add columnAndCut : 14.0 colGencnt: 1 price: 0 col: 14 cons: 0 cut: 0	0.203

Node lb: 14.0 ub: 14 : 0.203

Final Found Solution: 14 genNode: 1 extendedNode: 0:0.203
Bin size: 10000
1 : 6789,1242,988,504,350,46, : 9919
2 : 5700,1035,720,704,540,450,234,88,52, : 9523
3 : 7238,1980,264,144, : 9626
4 : 2304,1600,1550,1462,1295,440,432,352,217, : 9652
5 : 3267,3040,1400,972,660,238,42, : 9619
6 : 4020,1518,924,770,729,700,480,228, : 9369
7 : 3895,3492,820,819,440,105,96,34, : 9701
8 : 4345,1517,1216,1000,672,328,319,315,72, : 9784
9 : 4800,1800,1452,1376, : 9428
10 : 6794,1029,702,624,128, : 9277
11 : 9212, : 9212
12 : 7980,637,450,297, : 9364
13 : 7081,2470,99, : 9650
14 : 8742,425,246, : 9413
----------------------- 1 ---------------------------
canvasWidth:100,
canvasHeight:100,
data:[{x:27,y:0,l:93,w:73},{x:28,y:93,l:7,w:72},{x:0,y:0,l:46,w:27},{x:1,y:46,l:38,w:26},{x:2,y:84,l:14,w:25},{x:4,y:98,l:2,w:23},],
----------------------- 2 ---------------------------
canvasWidth:100,
canvasHeight:100,
data:[{x:24,y:0,l:75,w:76},{x:0,y:0,l:30,w:24},{x:2,y:30,l:32,w:22},{x:0,y:30,l:26,w:2},{x:6,y:62,l:13,w:18},{x:82,y:75,l:25,w:18},{x:37,y:75,l:23,w:45},{x:38,y:98,l:2,w:44},{x:1,y:75,l:15,w:36},],
----------------------- 3 ---------------------------
canvasWidth:100,
canvasHeight:100,
data:[{x:78,y:0,l:90,w:22},{x:84,y:90,l:9,w:16},{x:1,y:0,l:94,w:77},{x:34,y:94,l:6,w:44},],
----------------------- 4 ---------------------------
canvasWidth:100,
canvasHeight:100,
data:[{x:50,y:0,l:32,w:50},{x:50,y:32,l:31,w:50},{x:65,y:63,l:37,w:35},{x:53,y:63,l:36,w:12},{x:7,y:0,l:34,w:43},{x:0,y:0,l:31,w:7},{x:2,y:34,l:48,w:48},{x:6,y:82,l:10,w:44},{x:6,y:92,l:8,w:44},],
----------------------- 5 ---------------------------
canvasWidth:100,
canvasHeight:100,
data:[{x:1,y:0,l:33,w:99},{x:20,y:33,l:38,w:80},{x:0,y:33,l:33,w:20},{x:13,y:66,l:6,w:7},{x:50,y:72,l:28,w:50},{x:14,y:72,l:27,w:36},{x:0,y:72,l:17,w:14},],
----------------------- 6 ---------------------------
canvasWidth:100,
canvasHeight:100,
data:[{x:54,y:0,l:33,w:46},{x:26,y:0,l:33,w:28},{x:1,y:0,l:28,w:25},{x:40,y:33,l:67,w:60},{x:13,y:33,l:27,w:27},{x:1,y:33,l:19,w:12},{x:5,y:60,l:22,w:35},{x:10,y:82,l:16,w:30},],
----------------------- 7 ---------------------------
canvasWidth:100,
canvasHeight:100,
data:[{x:64,y:0,l:97,w:36},{x:68,y:97,l:3,w:32},{x:23,y:0,l:95,w:41},{x:43,y:95,l:5,w:21},{x:26,y:95,l:2,w:17},{x:1,y:0,l:20,w:22},{x:2,y:20,l:39,w:21},{x:3,y:59,l:41,w:20},],
----------------------- 8 ---------------------------
canvasWidth:100,
canvasHeight:100,
data:[{x:21,y:0,l:55,w:79},{x:59,y:55,l:37,w:41},{x:59,y:92,l:8,w:41},{x:21,y:55,l:32,w:38},{x:30,y:87,l:11,w:29},{x:22,y:87,l:9,w:8},{x:0,y:0,l:32,w:21},{x:0,y:32,l:15,w:21},{x:1,y:47,l:50,w:20},],
----------------------- 9 ---------------------------
canvasWidth:100,
canvasHeight:100,
data:[{x:0,y:0,l:48,w:100},{x:0,y:48,l:18,w:100},{x:56,y:66,l:33,w:44},{x:13,y:66,l:32,w:43},],
----------------------- 10 ---------------------------
canvasWidth:100,
canvasHeight:100,
data:[{x:14,y:0,l:79,w:86},{x:51,y:79,l:21,w:49},{x:12,y:79,l:16,w:39},{x:0,y:0,l:78,w:9},{x:1,y:78,l:16,w:8},],
----------------------- 11 ---------------------------
canvasWidth:100,
canvasHeight:100,
data:[{x:6,y:0,l:98,w:94},],
----------------------- 12 ---------------------------
canvasWidth:100,
canvasHeight:100,
data:[{x:1,y:0,l:3,w:99},{x:16,y:3,l:95,w:84},{x:3,y:3,l:49,w:13},{x:6,y:52,l:45,w:10},],
----------------------- 13 ---------------------------
canvasWidth:100,
canvasHeight:100,
data:[{x:99,y:0,l:99,w:1},{x:2,y:0,l:73,w:97},{x:4,y:73,l:26,w:95},],
----------------------- 14 ---------------------------
canvasWidth:100,
canvasHeight:100,
data:[{x:6,y:0,l:93,w:94},{x:1,y:0,l:85,w:5},{x:59,y:93,l:6,w:41},],
