====================================== Class_02.2bp-20 =====================================
Reduced size: 60 usedBin: 0
[0, 1, 3, 10, 11, 12, 14, 16, 18, 21, 24, 25, 28, 36, 37, 41, 47, 49, 50, 54, 55, 56]
[2, 4, 5, 6, 7, 8, 13, 15, 17, 22, 23, 30, 32, 33, 38, 39, 42, 43, 45, 46, 48, 51, 52, 53, 57, 58, 59]
[9, 19, 20, 26, 27, 29, 31, 34, 35, 40, 44]
------------------------------------------------
Best fit used bin number: 3
Found best solution: 3 0.14

   Statrt add columnAndCut col: 3 cons: 0 cut: 0	0.203

	1 Start Add column using column generation  col: 3 cons: 0 cut: 0	0.203
			Start solve  LP :0.203
			End solve LP obj: 3.0 t: 0
	1 End Add column using column generation : 3.0 col: 3 cons: 0 cut: 0	0.203
   End add columnAndCut : 3.0 colGencnt: 1 price: 0 col: 3 cons: 0 cut: 0	0.203

Node lb: 3.0 ub: 3 : 0.203

Final Found Solution: 3 genNode: 1 extendedNode: 0:0.203
Bin size: 900
1 : 100,90,80,63,60,56,48,42,40,36,32,32,30,20,20,14,8,7,6,5,4,4, : 797
2 : 90,80,72,72,72,72,50,45,40,36,35,28,27,27,18,16,14,12,12,10,8,6,6,5,4,3,2, : 862
3 : 72,40,40,32,30,30,28,24,24,16,12, : 348
----------------------- 1 ---------------------------
canvasWidth:30,
canvasHeight:30,
data:[{x:23,y:0,l:8,w:7},{x:23,y:8,l:6,w:7},{x:23,y:14,l:1,w:7},{x:24,y:15,l:10,w:6},{x:14,y:0,l:7,w:9},{x:17,y:7,l:8,w:6},{x:15,y:7,l:7,w:2},{x:14,y:7,l:6,w:1},{x:15,y:15,l:10,w:8},{x:4,y:0,l:10,w:10},{x:0,y:0,l:10,w:4},{x:4,y:10,l:9,w:10},{x:4,y:19,l:3,w:10},{x:2,y:10,l:10,w:2},{x:0,y:10,l:10,w:2},{x:29,y:25,l:5,w:1},{x:20,y:25,l:4,w:9},{x:25,y:29,l:1,w:4},{x:12,y:25,l:4,w:8},{x:4,y:25,l:4,w:8},{x:2,y:25,l:4,w:2},{x:8,y:29,l:1,w:4},],
----------------------- 2 ---------------------------
canvasWidth:30,
canvasHeight:30,
data:[{x:20,y:0,l:9,w:10},{x:15,y:0,l:9,w:5},{x:10,y:0,l:8,w:5},{x:10,y:8,l:1,w:5},{x:6,y:0,l:9,w:4},{x:3,y:0,l:9,w:3},{x:0,y:0,l:9,w:3},{x:22,y:9,l:10,w:8},{x:22,y:19,l:9,w:8},{x:22,y:28,l:2,w:8},{x:13,y:9,l:8,w:9},{x:17,y:17,l:2,w:5},{x:13,y:17,l:2,w:4},{x:8,y:9,l:10,w:5},{x:3,y:9,l:7,w:5},{x:4,y:16,l:3,w:4},{x:3,y:16,l:3,w:1},{x:1,y:9,l:7,w:2},{x:0,y:9,l:6,w:1},{x:1,y:16,l:3,w:2},{x:13,y:19,l:8,w:9},{x:16,y:27,l:3,w:6},{x:14,y:27,l:2,w:2},{x:14,y:29,l:1,w:2},{x:9,y:19,l:7,w:4},{x:10,y:26,l:4,w:3},{x:0,y:19,l:8,w:9},],
----------------------- 3 ---------------------------
canvasWidth:30,
canvasHeight:30,
data:[{x:22,y:0,l:4,w:8},{x:19,y:0,l:4,w:3},{x:23,y:4,l:4,w:7},{x:19,y:4,l:4,w:4},{x:10,y:0,l:8,w:9},{x:5,y:0,l:8,w:5},{x:0,y:0,l:8,w:5},{x:24,y:8,l:5,w:6},{x:24,y:13,l:4,w:6},{x:24,y:17,l:4,w:6},{x:14,y:8,l:3,w:10},],
