====================================== Class_08.2bp-49 =====================================
Reduced size: 100 usedBin: 0
[46, 49, 68, 72]
[2, 83]
[12, 25, 78]
[6, 62, 79]
[13, 42, 70, 99]
[38, 44, 77]
[16, 45, 71]
[18, 26, 85]
[19, 30]
[33, 52, 73, 89]
[14, 22, 91]
[27, 34, 67]
[53, 56, 58, 69, 95]
[7, 55, 96]
[4]
[20, 35, 64, 88]
[29, 57, 60]
[28, 63, 66, 84, 92, 97]
[1, 74]
[3, 81, 87]
[37, 43, 59, 86]
[11, 47, 65]
[10, 40, 76]
[24, 41, 75, 82]
[23, 31, 61]
[0, 93, 94]
[8, 39]
[5, 90]
[36, 50, 51, 98]
[9, 15]
[32, 48, 54]
[17, 21, 80]
------------------------------------------------
Best fit used bin number: 32
Found best solution: 32 0.141

   Statrt add columnAndCut col: 32 cons: 0 cut: 0	0.203

	1 Start Add column using column generation  col: 32 cons: 0 cut: 0	0.203
			Start solve  LP :0.203
			End solve LP obj: 32.0 t: 0
	1 End Add column using column generation : 32.0 col: 32 cons: 0 cut: 0	0.203
   End add columnAndCut : 32.0 colGencnt: 1 price: 0 col: 32 cons: 0 cut: 0	0.203

Node lb: 32.0 ub: 32 : 0.203

Final Found Solution: 32 genNode: 1 extendedNode: 0:0.203
Bin size: 10000
1 : 2838,2726,1610,1404, : 8578
2 : 7565,880, : 8445
3 : 4500,3450,1100, : 9050
4 : 6630,1892,1092, : 9614
5 : 4277,2945,1496,64, : 8782
6 : 3096,2904,1128, : 7128
7 : 4085,2880,1440, : 8405
8 : 4050,3444,816, : 8310
9 : 4030,3220, : 7250
10 : 3174,2592,1328,582, : 7676
11 : 4230,3772,567, : 8569
12 : 3420,3174,1620, : 8214
13 : 2336,2232,2088,1530,273, : 8459
14 : 6580,2241,204, : 9025
15 : 7425, : 7425
16 : 4000,3157,1767,600, : 9524
17 : 3234,2150,1950, : 7334
18 : 3375,1794,1638,816,550,152, : 8325
19 : 7905,1274, : 9179
20 : 7482,1080,660, : 9222
21 : 3102,2945,2030,679, : 8756
22 : 4550,2800,1738, : 9088
23 : 4656,2960,1152, : 8768
24 : 3649,2952,1246,1056, : 8903
25 : 3724,3201,1914, : 8839
26 : 9025,375,345, : 9745
27 : 5880,3003, : 8883
28 : 6643,568, : 7211
29 : 3135,2720,2697,144, : 8696
30 : 4876,4128, : 9004
31 : 3192,2744,2278, : 8214
32 : 4085,3818,1089, : 8992
----------------------- 1 ---------------------------
canvasWidth:100,
canvasHeight:100,
data:[{x:6,y:0,l:29,w:94},{x:14,y:29,l:33,w:86},{x:61,y:62,l:36,w:39},{x:15,y:62,l:35,w:46},],
----------------------- 2 ---------------------------
canvasWidth:100,
canvasHeight:100,
data:[{x:15,y:0,l:89,w:85},{x:20,y:89,l:11,w:80},],
----------------------- 3 ---------------------------
canvasWidth:100,
canvasHeight:100,
data:[{x:31,y:0,l:50,w:69},{x:9,y:0,l:50,w:22},{x:10,y:50,l:50,w:90},],
----------------------- 4 ---------------------------
canvasWidth:100,
canvasHeight:100,
data:[{x:22,y:0,l:85,w:78},{x:22,y:85,l:14,w:78},{x:0,y:0,l:86,w:22},],
----------------------- 5 ---------------------------
canvasWidth:100,
canvasHeight:100,
data:[{x:5,y:0,l:31,w:95},{x:9,y:31,l:47,w:91},{x:32,y:78,l:22,w:68},{x:0,y:78,l:2,w:32},],
----------------------- 6 ---------------------------
canvasWidth:100,
canvasHeight:100,
data:[{x:6,y:0,l:12,w:94},{x:28,y:12,l:43,w:72},{x:34,y:55,l:44,w:66},],
----------------------- 7 ---------------------------
canvasWidth:100,
canvasHeight:100,
data:[{x:5,y:0,l:43,w:95},{x:10,y:43,l:16,w:90},{x:28,y:59,l:40,w:72},],
----------------------- 8 ---------------------------
canvasWidth:100,
canvasHeight:100,
data:[{x:10,y:0,l:45,w:90},{x:18,y:45,l:42,w:82},{x:32,y:87,l:12,w:68},],
----------------------- 9 ---------------------------
canvasWidth:100,
canvasHeight:100,
data:[{x:8,y:0,l:35,w:92},{x:38,y:35,l:65,w:62},],
----------------------- 10 ---------------------------
canvasWidth:100,
canvasHeight:100,
data:[{x:3,y:0,l:6,w:97},{x:17,y:6,l:16,w:83},{x:19,y:22,l:32,w:81},{x:31,y:54,l:46,w:69},],
----------------------- 11 ---------------------------
canvasWidth:100,
canvasHeight:100,
data:[{x:10,y:0,l:47,w:90},{x:18,y:47,l:46,w:82},{x:19,y:93,l:7,w:81},],
----------------------- 12 ---------------------------
canvasWidth:100,
canvasHeight:100,
data:[{x:5,y:0,l:36,w:95},{x:10,y:36,l:18,w:90},{x:31,y:54,l:46,w:69},],
----------------------- 13 ---------------------------
canvasWidth:100,
canvasHeight:100,
data:[{x:7,y:0,l:24,w:93},{x:9,y:24,l:3,w:91},{x:10,y:27,l:17,w:90},{x:13,y:44,l:24,w:87},{x:27,y:68,l:32,w:73},],
----------------------- 14 ---------------------------
canvasWidth:100,
canvasHeight:100,
data:[{x:30,y:0,l:94,w:70},{x:32,y:94,l:3,w:68},{x:3,y:0,l:83,w:27},],
----------------------- 15 ---------------------------
canvasWidth:100,
canvasHeight:100,
data:[{x:25,y:0,l:99,w:75},],
----------------------- 16 ---------------------------
canvasWidth:100,
canvasHeight:100,
data:[{x:50,y:0,l:80,w:50},{x:9,y:0,l:77,w:41},{x:0,y:0,l:75,w:8},{x:7,y:80,l:19,w:93},],
----------------------- 17 ---------------------------
canvasWidth:100,
canvasHeight:100,
data:[{x:61,y:0,l:50,w:39},{x:11,y:0,l:43,w:50},{x:34,y:50,l:49,w:66},],
----------------------- 18 ---------------------------
canvasWidth:100,
canvasHeight:100,
data:[{x:78,y:0,l:25,w:22},{x:0,y:0,l:23,w:78},{x:2,y:23,l:2,w:76},{x:55,y:25,l:75,w:45},{x:7,y:25,l:17,w:48},{x:13,y:42,l:39,w:42},],
----------------------- 19 ---------------------------
canvasWidth:100,
canvasHeight:100,
data:[{x:7,y:0,l:85,w:93},{x:9,y:85,l:14,w:91},],
----------------------- 20 ---------------------------
canvasWidth:100,
canvasHeight:100,
data:[{x:14,y:0,l:87,w:86},{x:34,y:87,l:10,w:66},{x:0,y:0,l:90,w:12},],
----------------------- 21 ---------------------------
canvasWidth:100,
canvasHeight:100,
data:[{x:3,y:0,l:7,w:97},{x:5,y:7,l:31,w:95},{x:6,y:38,l:33,w:94},{x:30,y:71,l:29,w:70},],
----------------------- 22 ---------------------------
canvasWidth:100,
canvasHeight:100,
data:[{x:0,y:0,l:28,w:100},{x:9,y:28,l:50,w:91},{x:21,y:78,l:22,w:79},],
----------------------- 23 ---------------------------
canvasWidth:100,
canvasHeight:100,
data:[{x:3,y:0,l:48,w:97},{x:4,y:48,l:12,w:96},{x:26,y:60,l:40,w:74},],
----------------------- 24 ---------------------------
canvasWidth:100,
canvasHeight:100,
data:[{x:89,y:0,l:96,w:11},{x:0,y:0,l:41,w:89},{x:0,y:41,l:14,w:89},{x:17,y:55,l:41,w:72},],
----------------------- 25 ---------------------------
canvasWidth:100,
canvasHeight:100,
data:[{x:2,y:0,l:38,w:98},{x:3,y:38,l:33,w:97},{x:34,y:71,l:29,w:66},],
----------------------- 26 ---------------------------
canvasWidth:100,
canvasHeight:100,
data:[{x:5,y:0,l:95,w:95},{x:0,y:0,l:75,w:5},{x:31,y:95,l:5,w:69},],
----------------------- 27 ---------------------------
canvasWidth:100,
canvasHeight:100,
data:[{x:2,y:0,l:60,w:98},{x:23,y:60,l:39,w:77},],
----------------------- 28 ---------------------------
canvasWidth:100,
canvasHeight:100,
data:[{x:27,y:0,l:91,w:73},{x:29,y:91,l:8,w:71},],
----------------------- 29 ---------------------------
canvasWidth:100,
canvasHeight:100,
data:[{x:5,y:0,l:33,w:95},{x:13,y:33,l:31,w:87},{x:20,y:64,l:34,w:80},{x:28,y:98,l:2,w:72},],
----------------------- 30 ---------------------------
canvasWidth:100,
canvasHeight:100,
data:[{x:57,y:0,l:96,w:43},{x:4,y:0,l:92,w:53},],
----------------------- 31 ---------------------------
canvasWidth:100,
canvasHeight:100,
data:[{x:2,y:0,l:28,w:98},{x:16,y:28,l:38,w:84},{x:33,y:66,l:34,w:67},],
----------------------- 32 ---------------------------
canvasWidth:100,
canvasHeight:100,
data:[{x:1,y:0,l:11,w:99},{x:5,y:11,l:43,w:95},{x:17,y:54,l:46,w:83},],
