====================================== Class_04.2bp-31 =====================================
Reduced size: 80 usedBin: 0
[0, 1, 3, 7, 9, 13, 14, 15, 16, 19, 26, 31, 35, 38, 41, 52, 58, 61, 64, 67, 72]
[2, 4, 6, 8, 10, 11, 12, 18, 20, 21, 24, 25, 29, 36, 43, 47, 50, 51, 54, 55, 57, 59, 63, 68, 69, 70, 75, 77, 79]
[5, 17, 22, 23, 27, 28, 30, 32, 33, 34, 37, 39, 40, 42, 44, 45, 46, 48, 49, 53, 56, 60, 62, 65, 66, 71, 73, 74, 76, 78]
------------------------------------------------
Best fit used bin number: 3
Found best solution: 3 0.312

   Statrt add columnAndCut col: 3 cons: 0 cut: 0	0.39

	1 Start Add column using column generation  col: 3 cons: 0 cut: 0	0.39
			Start solve  LP :0.39
			End solve LP obj: 3.0 t: 0
	1 End Add column using column generation : 3.0 col: 3 cons: 0 cut: 0	0.39
   End add columnAndCut : 3.0 colGencnt: 1 price: 0 col: 3 cons: 0 cut: 0	0.39

Node lb: 3.0 ub: 3 : 0.39

Final Found Solution: 3 genNode: 1 extendedNode: 0:0.39
Bin size: 10000
1 : 1122,1122,957,837,759,578,551,522,480,391,360,276,264,240,234,124,100,96,85,75,60, : 9233
2 : 960,918,884,780,720,696,621,450,390,384,364,361,336,255,210,186,170,156,116,108,102,99,90,72,68,64,39,16,12, : 9627
3 : 918,468,384,377,348,336,288,275,266,264,250,240,238,224,204,190,189,180,175,119,108,96,96,80,76,60,50,42,30,14, : 6585
----------------------- 1 ---------------------------
canvasWidth:100,
canvasHeight:100,
data:[{x:69,y:0,l:27,w:31},{x:77,y:27,l:33,w:23},{x:80,y:60,l:24,w:20},{x:77,y:60,l:20,w:3},{x:69,y:27,l:33,w:8},{x:71,y:60,l:16,w:6},{x:36,y:0,l:29,w:33},{x:17,y:0,l:29,w:19},{x:0,y:0,l:23,w:17},{x:0,y:23,l:5,w:17},{x:35,y:29,l:33,w:34},{x:35,y:62,l:17,w:34},{x:54,y:79,l:5,w:15},{x:1,y:29,l:33,w:34},{x:30,y:62,l:20,w:5},{x:1,y:62,l:18,w:29},{x:70,y:84,l:12,w:30},{x:47,y:84,l:12,w:23},{x:27,y:84,l:12,w:20},{x:1,y:84,l:9,w:26},{x:69,y:96,l:4,w:31},],
----------------------- 2 ---------------------------
canvasWidth:100,
canvasHeight:100,
data:[{x:74,y:0,l:30,w:26},{x:50,y:0,l:30,w:24},{x:35,y:0,l:30,w:15},{x:20,y:0,l:17,w:15},{x:23,y:17,l:13,w:12},{x:20,y:17,l:13,w:3},{x:7,y:0,l:30,w:13},{x:0,y:0,l:30,w:7},{x:70,y:30,l:32,w:30},{x:74,y:62,l:34,w:26},{x:82,y:96,l:4,w:18},{x:74,y:96,l:2,w:8},{x:70,y:62,l:27,w:4},{x:65,y:30,l:34,w:5},{x:68,y:64,l:34,w:2},{x:65,y:64,l:33,w:3},{x:41,y:30,l:29,w:24},{x:29,y:30,l:28,w:12},{x:31,y:59,l:27,w:34},{x:39,y:86,l:14,w:26},{x:30,y:86,l:10,w:9},{x:6,y:30,l:27,w:23},{x:10,y:57,l:19,w:19},{x:13,y:76,l:24,w:16},{x:6,y:57,l:29,w:4},{x:0,y:30,l:31,w:6},{x:0,y:61,l:17,w:6},{x:2,y:78,l:16,w:4},{x:4,y:94,l:6,w:2},],
----------------------- 3 ---------------------------
canvasWidth:100,
canvasHeight:100,
data:[{x:66,y:0,l:27,w:34},{x:90,y:27,l:19,w:10},{x:86,y:27,l:19,w:4},{x:66,y:27,l:12,w:20},{x:69,y:39,l:7,w:17},{x:79,y:46,l:16,w:21},{x:67,y:46,l:15,w:12},{x:74,y:62,l:18,w:26},{x:68,y:62,l:18,w:6},{x:73,y:80,l:7,w:27},{x:67,y:80,l:5,w:6},{x:71,y:87,l:13,w:29},{x:50,y:0,l:18,w:16},{x:34,y:0,l:14,w:16},{x:35,y:14,l:4,w:15},{x:20,y:0,l:17,w:14},{x:15,y:0,l:16,w:5},{x:50,y:18,l:24,w:16},{x:55,y:42,l:25,w:11},{x:51,y:42,l:24,w:4},{x:64,y:67,l:21,w:2},{x:50,y:67,l:19,w:14},{x:38,y:18,l:29,w:12},{x:38,y:47,l:8,w:12},{x:39,y:55,l:24,w:11},{x:48,y:79,l:7,w:2},{x:38,y:79,l:5,w:10},{x:28,y:18,l:25,w:10},{x:21,y:18,l:25,w:7},{x:49,y:88,l:12,w:17},],
