====================================== Class_02.2bp-14 =====================================
Reduced size: 40 usedBin: 0
[1, 2, 3, 4, 5, 6, 7, 9, 10, 14, 16, 18, 23, 25, 27, 28, 29, 32, 33, 34, 36, 39]
[0, 8, 11, 12, 13, 15, 17, 19, 20, 21, 22, 24, 26, 30, 31, 35, 37, 38]
------------------------------------------------
Best fit used bin number: 2
Found best solution: 2 0.25

   Statrt add columnAndCut col: 2 cons: 0 cut: 0	0.328

	1 Start Add column using column generation  col: 2 cons: 0 cut: 0	0.328
			Start solve  LP :0.328
			End solve LP obj: 2.0 t: 0
	1 End Add column using column generation : 2.0 col: 2 cons: 0 cut: 0	0.328
   End add columnAndCut : 2.0 colGencnt: 1 price: 0 col: 2 cons: 0 cut: 0	0.328

Node lb: 2.0 ub: 2 : 0.328

Final Found Solution: 2 genNode: 1 extendedNode: 0:0.328
Bin size: 900
1 : 90,80,80,80,80,64,60,50,48,40,32,30,20,18,18,16,16,8,8,7,6,2, : 853
2 : 100,56,45,40,40,35,30,27,25,24,24,20,18,12,12,6,5,4, : 523
----------------------- 1 ---------------------------
canvasWidth:30,
canvasHeight:30,
data:[{x:20,y:0,l:2,w:10},{x:11,y:0,l:2,w:9},{x:8,y:0,l:2,w:3},{x:20,y:2,l:9,w:10},{x:20,y:11,l:8,w:10},{x:20,y:19,l:5,w:10},{x:21,y:24,l:2,w:9},{x:20,y:24,l:2,w:1},{x:10,y:2,l:8,w:10},{x:8,y:2,l:8,w:2},{x:12,y:10,l:8,w:8},{x:8,y:10,l:8,w:4},{x:10,y:18,l:8,w:10},{x:20,y:26,l:4,w:10},{x:18,y:26,l:4,w:2},{x:8,y:26,l:3,w:10},{x:0,y:0,l:10,w:8},{x:0,y:10,l:2,w:8},{x:2,y:12,l:8,w:6},{x:1,y:12,l:8,w:1},{x:0,y:12,l:7,w:1},{x:2,y:20,l:10,w:6},],
----------------------- 2 ---------------------------
canvasWidth:30,
canvasHeight:30,
data:[{x:20,y:0,l:10,w:10},{x:12,y:0,l:7,w:8},{x:12,y:7,l:3,w:8},{x:7,y:0,l:9,w:5},{x:7,y:9,l:1,w:5},{x:5,y:0,l:10,w:2},{x:0,y:0,l:8,w:5},{x:23,y:10,l:5,w:7},{x:25,y:15,l:6,w:5},{x:27,y:21,l:6,w:3},{x:28,y:27,l:3,w:2},{x:15,y:10,l:5,w:8},{x:10,y:10,l:5,w:5},{x:1,y:10,l:3,w:9},{x:4,y:13,l:2,w:6},{x:2,y:13,l:2,w:2},{x:15,y:15,l:3,w:8},{x:9,y:15,l:2,w:6},],
