====================================== Class_01.2bp-45 =====================================
Reduced size: 100 usedBin: 0
[1]
[11, 62]
[0]
[2, 76, 86]
[3]
[25, 43, 72]
[5, 84]
[4]
[18, 46]
[19, 56, 81, 91]
[12, 69, 75]
[20, 33]
[13, 58, 92]
[14, 44]
[21, 49]
[23, 60, 73]
[32, 51, 70, 89, 97]
[26, 50, 63]
[6, 65, 87]
[17, 52, 90, 98]
[36, 39, 61]
[22, 57, 78]
[24, 38, 99]
[16, 45]
[28, 34, 77]
[9, 74, 83, 94]
[15, 71]
[31, 41, 64, 93]
[27, 47, 79, 88]
[29, 40, 66]
[7, 82, 95]
[8, 85]
[10]
[30, 53, 80, 96]
[42, 54, 55, 67]
[35, 37, 68]
[48, 59]
------------------------------------------------
Best fit used bin number: 37
Found best solution: 37 0.281

   Statrt add columnAndCut col: 37 cons: 0 cut: 0	0.359

	1 Start Add column using column generation  col: 37 cons: 0 cut: 0	0.359
			Start solve  LP :0.359
			End solve LP obj: 37.0 t: 0
	1 End Add column using column generation : 37.0 col: 37 cons: 0 cut: 0	0.359
   End add columnAndCut : 37.0 colGencnt: 1 price: 0 col: 37 cons: 0 cut: 0	0.359

Node lb: 37.0 ub: 37 : 0.359

Final Found Solution: 37 genNode: 1 extendedNode: 0:0.359
Bin size: 100
1 : 80, : 80
2 : 70,21, : 91
3 : 100, : 100
4 : 80,12,8, : 100
5 : 80, : 80
6 : 50,30,16, : 96
7 : 80,10, : 90
8 : 80, : 80
9 : 60,28, : 88
10 : 60,24,10,6, : 100
11 : 70,18,12, : 100
12 : 60,40, : 100
13 : 70,24,6, : 100
14 : 70,30, : 100
15 : 54,27, : 81
16 : 54,24,16, : 94
17 : 42,27,18,7,3, : 97
18 : 49,27,21, : 97
19 : 72,20,8, : 100
20 : 63,27,7,2, : 99
21 : 36,32,24, : 92
22 : 54,24,12, : 90
23 : 54,32,2, : 88
24 : 63,30, : 93
25 : 48,40,12, : 100
26 : 72,14,10,4, : 100
27 : 64,16, : 80
28 : 45,30,20,5, : 100
29 : 48,28,12,8, : 96
30 : 48,32,20, : 100
31 : 72,10,4, : 86
32 : 72,8, : 80
33 : 72, : 72
34 : 45,25,12,4, : 86
35 : 30,25,25,20, : 100
36 : 36,36,18, : 90
37 : 28,24, : 52
----------------------- 1 ---------------------------
canvasWidth:10,
canvasHeight:10,
data:[{x:0,y:0,l:8,w:10},],
----------------------- 2 ---------------------------
canvasWidth:10,
canvasHeight:10,
data:[{x:3,y:0,l:10,w:7},{x:0,y:0,l:7,w:3},],
----------------------- 3 ---------------------------
canvasWidth:10,
canvasHeight:10,
data:[{x:0,y:0,l:10,w:10},],
----------------------- 4 ---------------------------
canvasWidth:10,
canvasHeight:10,
data:[{x:2,y:0,l:10,w:8},{x:0,y:0,l:6,w:2},{x:0,y:6,l:4,w:2},],
----------------------- 5 ---------------------------
canvasWidth:10,
canvasHeight:10,
data:[{x:0,y:0,l:8,w:10},],
----------------------- 6 ---------------------------
canvasWidth:10,
canvasHeight:10,
data:[{x:5,y:0,l:10,w:5},{x:0,y:0,l:6,w:5},{x:1,y:6,l:4,w:4},],
----------------------- 7 ---------------------------
canvasWidth:10,
canvasHeight:10,
data:[{x:2,y:0,l:10,w:8},{x:0,y:0,l:5,w:2},],
----------------------- 8 ---------------------------
canvasWidth:10,
canvasHeight:10,
data:[{x:0,y:0,l:8,w:10},],
----------------------- 9 ---------------------------
canvasWidth:10,
canvasHeight:10,
data:[{x:4,y:0,l:10,w:6},{x:0,y:0,l:7,w:4},],
----------------------- 10 ---------------------------
canvasWidth:10,
canvasHeight:10,
data:[{x:0,y:0,l:6,w:10},{x:2,y:6,l:3,w:8},{x:0,y:6,l:3,w:2},{x:0,y:9,l:1,w:10},],
----------------------- 11 ---------------------------
canvasWidth:10,
canvasHeight:10,
data:[{x:3,y:0,l:10,w:7},{x:0,y:0,l:6,w:3},{x:0,y:6,l:4,w:3},],
----------------------- 12 ---------------------------
canvasWidth:10,
canvasHeight:10,
data:[{x:4,y:0,l:10,w:6},{x:0,y:0,l:10,w:4},],
----------------------- 13 ---------------------------
canvasWidth:10,
canvasHeight:10,
data:[{x:3,y:0,l:10,w:7},{x:0,y:0,l:8,w:3},{x:0,y:8,l:2,w:3},],
----------------------- 14 ---------------------------
canvasWidth:10,
canvasHeight:10,
data:[{x:0,y:0,l:7,w:10},{x:0,y:7,l:3,w:10},],
----------------------- 15 ---------------------------
canvasWidth:10,
canvasHeight:10,
data:[{x:1,y:0,l:6,w:9},{x:1,y:6,l:3,w:9},],
----------------------- 16 ---------------------------
canvasWidth:10,
canvasHeight:10,
data:[{x:4,y:0,l:4,w:6},{x:0,y:0,l:4,w:4},{x:1,y:4,l:6,w:9},],
----------------------- 17 ---------------------------
canvasWidth:10,
canvasHeight:10,
data:[{x:3,y:0,l:6,w:7},{x:0,y:0,l:6,w:3},{x:1,y:6,l:3,w:9},{x:0,y:6,l:3,w:1},{x:3,y:9,l:1,w:7},],
----------------------- 18 ---------------------------
canvasWidth:10,
canvasHeight:10,
data:[{x:3,y:0,l:7,w:7},{x:3,y:7,l:3,w:7},{x:0,y:0,l:9,w:3},],
----------------------- 19 ---------------------------
canvasWidth:10,
canvasHeight:10,
data:[{x:2,y:0,l:9,w:8},{x:2,y:9,l:1,w:8},{x:0,y:0,l:10,w:2},],
----------------------- 20 ---------------------------
canvasWidth:10,
canvasHeight:10,
data:[{x:3,y:0,l:9,w:7},{x:3,y:9,l:1,w:7},{x:0,y:0,l:9,w:3},{x:1,y:9,l:1,w:2},],
----------------------- 21 ---------------------------
canvasWidth:10,
canvasHeight:10,
data:[{x:4,y:0,l:6,w:6},{x:4,y:6,l:4,w:6},{x:0,y:0,l:8,w:4},],
----------------------- 22 ---------------------------
canvasWidth:10,
canvasHeight:10,
data:[{x:4,y:0,l:9,w:6},{x:0,y:0,l:6,w:4},{x:0,y:6,l:3,w:4},],
----------------------- 23 ---------------------------
canvasWidth:10,
canvasHeight:10,
data:[{x:1,y:0,l:6,w:9},{x:2,y:6,l:4,w:8},{x:1,y:6,l:2,w:1},],
----------------------- 24 ---------------------------
canvasWidth:10,
canvasHeight:10,
data:[{x:0,y:0,l:3,w:10},{x:1,y:3,l:7,w:9},],
----------------------- 25 ---------------------------
canvasWidth:10,
canvasHeight:10,
data:[{x:4,y:0,l:8,w:6},{x:4,y:8,l:2,w:6},{x:0,y:0,l:10,w:4},],
----------------------- 26 ---------------------------
canvasWidth:10,
canvasHeight:10,
data:[{x:2,y:0,l:9,w:8},{x:0,y:0,l:7,w:2},{x:0,y:7,l:2,w:2},{x:0,y:9,l:1,w:10},],
----------------------- 27 ---------------------------
canvasWidth:10,
canvasHeight:10,
data:[{x:2,y:0,l:8,w:8},{x:0,y:0,l:8,w:2},],
----------------------- 28 ---------------------------
canvasWidth:10,
canvasHeight:10,
data:[{x:4,y:0,l:5,w:6},{x:0,y:0,l:5,w:4},{x:1,y:5,l:5,w:9},{x:0,y:5,l:5,w:1},],
----------------------- 29 ---------------------------
canvasWidth:10,
canvasHeight:10,
data:[{x:8,y:0,l:6,w:2},{x:8,y:6,l:4,w:2},{x:0,y:0,l:6,w:8},{x:1,y:6,l:4,w:7},],
----------------------- 30 ---------------------------
canvasWidth:10,
canvasHeight:10,
data:[{x:2,y:0,l:6,w:8},{x:2,y:6,l:4,w:8},{x:0,y:0,l:10,w:2},],
----------------------- 31 ---------------------------
canvasWidth:10,
canvasHeight:10,
data:[{x:1,y:0,l:8,w:9},{x:5,y:8,l:2,w:5},{x:1,y:8,l:1,w:4},],
----------------------- 32 ---------------------------
canvasWidth:10,
canvasHeight:10,
data:[{x:1,y:0,l:8,w:9},{x:0,y:0,l:8,w:1},],
----------------------- 33 ---------------------------
canvasWidth:10,
canvasHeight:10,
data:[{x:1,y:0,l:8,w:9},],
----------------------- 34 ---------------------------
canvasWidth:10,
canvasHeight:10,
data:[{x:5,y:0,l:9,w:5},{x:6,y:9,l:1,w:4},{x:0,y:0,l:5,w:5},{x:2,y:5,l:4,w:3},],
----------------------- 35 ---------------------------
canvasWidth:10,
canvasHeight:10,
data:[{x:4,y:0,l:5,w:6},{x:0,y:0,l:5,w:4},{x:5,y:5,l:5,w:5},{x:0,y:5,l:5,w:5},],
----------------------- 36 ---------------------------
canvasWidth:10,
canvasHeight:10,
data:[{x:6,y:0,l:9,w:4},{x:2,y:0,l:9,w:4},{x:0,y:0,l:9,w:2},],
----------------------- 37 ---------------------------
canvasWidth:10,
canvasHeight:10,
data:[{x:2,y:0,l:3,w:8},{x:6,y:3,l:7,w:4},],
