====================================== Class_04.2bp-39 =====================================
Reduced size: 80 usedBin: 0
[0, 1, 2, 6, 8, 12, 16, 21, 23, 26, 30, 32, 33, 36, 45, 52, 57, 58, 59, 72, 73]
[3, 4, 5, 7, 9, 10, 13, 14, 18, 20, 22, 24, 27, 31, 37, 48, 50, 56, 61, 71, 76]
[11, 15, 17, 19, 25, 28, 29, 34, 35, 38, 39, 40, 41, 42, 43, 44, 46, 47, 49, 51, 53, 54, 55, 60, 62, 63, 64, 65, 66, 67, 68, 69, 70, 74, 75, 77, 78, 79]
------------------------------------------------
Best fit used bin number: 3
Found best solution: 3 0.156

   Statrt add columnAndCut col: 3 cons: 0 cut: 0	0.219

	1 Start Add column using column generation  col: 3 cons: 0 cut: 0	0.219
			Start solve  LP :0.234
			End solve LP obj: 3.0 t: 0
	1 End Add column using column generation : 3.0 col: 3 cons: 0 cut: 0	0.234
   End add columnAndCut : 3.0 colGencnt: 1 price: 0 col: 3 cons: 0 cut: 0	0.234

Node lb: 3.0 ub: 3 : 0.234

Final Found Solution: 3 genNode: 1 extendedNode: 0:0.234
Bin size: 10000
1 : 1122,1120,1050,840,782,608,544,490,459,420,341,340,320,270,170,120,105,96,90,24,24, : 9335
2 : 957,924,870,832,713,648,600,561,529,527,460,448,408,341,264,132,120,108,88,25,20, : 9575
3 : 625,560,532,528,441,378,345,304,280,260,256,252,240,180,174,170,154,140,126,120,120,115,112,88,84,60,55,54,48,48,33,30,30,24,20,20,17,10, : 7033
----------------------- 1 ---------------------------
canvasWidth:100,
canvasHeight:100,
data:[{x:65,y:0,l:30,w:35},{x:51,y:0,l:30,w:14},{x:48,y:0,l:30,w:3},{x:31,y:0,l:27,w:17},{x:40,y:27,l:3,w:8},{x:30,y:0,l:24,w:1},{x:66,y:30,l:33,w:34},{x:66,y:63,l:23,w:34},{x:68,y:86,l:3,w:32},{x:31,y:30,l:14,w:35},{x:34,y:44,l:35,w:32},{x:35,y:79,l:11,w:31},{x:68,y:90,l:10,w:32},{x:34,y:90,l:5,w:34},{x:47,y:95,l:5,w:21},{x:0,y:0,l:4,w:30},{x:2,y:4,l:30,w:28},{x:11,y:34,l:32,w:19},{x:2,y:34,l:30,w:9},{x:14,y:66,l:34,w:16},{x:4,y:66,l:34,w:10},],
----------------------- 2 ---------------------------
canvasWidth:100,
canvasHeight:100,
data:[{x:72,y:0,l:33,w:28},{x:55,y:0,l:33,w:17},{x:29,y:0,l:32,w:26},{x:35,y:32,l:1,w:20},{x:12,y:0,l:31,w:17},{x:1,y:0,l:31,w:11},{x:0,y:0,l:25,w:1},{x:77,y:33,l:23,w:23},{x:77,y:56,l:20,w:23},{x:78,y:76,l:4,w:22},{x:50,y:33,l:24,w:27},{x:33,y:33,l:24,w:17},{x:46,y:57,l:23,w:31},{x:34,y:57,l:11,w:12},{x:36,y:68,l:12,w:10},{x:70,y:80,l:20,w:30},{x:42,y:80,l:16,w:28},{x:33,y:80,l:12,w:9},{x:0,y:33,l:29,w:33},{x:0,y:62,l:8,w:33},{x:3,y:70,l:29,w:30},],
----------------------- 3 ---------------------------
canvasWidth:100,
canvasHeight:100,
data:[{x:75,y:0,l:25,w:25},{x:42,y:0,l:16,w:33},{x:42,y:16,l:1,w:33},{x:43,y:17,l:8,w:32},{x:28,y:0,l:20,w:14},{x:31,y:20,l:5,w:11},{x:0,y:0,l:19,w:28},{x:5,y:19,l:5,w:23},{x:80,y:25,l:28,w:20},{x:80,y:53,l:13,w:20},{x:82,y:66,l:10,w:18},{x:80,y:66,l:10,w:2},{x:83,y:76,l:10,w:17},{x:81,y:76,l:10,w:2},{x:80,y:76,l:10,w:1},{x:80,y:86,l:6,w:20},{x:89,y:92,l:8,w:11},{x:83,y:92,l:8,w:6},{x:59,y:25,l:21,w:21},{x:59,y:46,l:18,w:21},{x:64,y:64,l:19,w:16},{x:63,y:64,l:17,w:1},{x:61,y:64,l:15,w:2},{x:77,y:83,l:16,w:3},{x:59,y:83,l:14,w:18},{x:36,y:25,l:15,w:23},{x:7,y:25,l:6,w:29},{x:1,y:25,l:5,w:6},{x:14,y:31,l:7,w:22},{x:4,y:31,l:6,w:10},{x:9,y:38,l:2,w:27},{x:51,y:40,l:30,w:8},{x:53,y:70,l:14,w:6},{x:51,y:70,l:12,w:2},{x:46,y:40,l:28,w:5},{x:31,y:40,l:8,w:15},{x:17,y:40,l:8,w:14},{x:28,y:48,l:7,w:18},],
