====================================== Class_05.2bp-28 =====================================
Reduced size: 60 usedBin: 0
[7, 36, 40, 44, 50]
[6, 34, 41, 45]
[5, 16, 57]
[9, 20, 25, 53]
[2, 33, 39]
[4, 28, 35]
[13, 18, 21, 55, 58]
[15, 19, 46, 47, 49, 59]
[11, 27, 32, 37, 56]
[1]
[10, 26, 30, 48]
[8, 22, 42]
[0]
[3, 23]
[12, 17, 31, 43, 54]
[14, 24, 29, 38, 51, 52]
------------------------------------------------
Best fit used bin number: 16
Found best solution: 16 0.265

   Statrt add columnAndCut col: 16 cons: 0 cut: 0	0.343

	1 Start Add column using column generation  col: 16 cons: 0 cut: 0	0.343
			Start solve  LP :0.343
			End solve LP obj: 16.0 t: 0
	1 End Add column using column generation : 16.0 col: 16 cons: 0 cut: 0	0.343
   End add columnAndCut : 16.0 colGencnt: 1 price: 0 col: 16 cons: 0 cut: 0	0.343

Node lb: 16.0 ub: 16 : 0.343

Final Found Solution: 16 genNode: 1 extendedNode: 0:0.343
Bin size: 10000
1 : 5740,1278,952,819,384, : 9173
2 : 6003,1386,949,793, : 9131
3 : 6138,3008,148, : 9294
4 : 4485,2640,1890,189, : 9204
5 : 7400,1470,1067, : 9937
6 : 6336,1729,1365, : 9430
7 : 3720,2755,2479,168,140, : 9262
8 : 3124,2700,735,715,504,84, : 7862
9 : 4108,1763,1501,1190,166, : 8728
10 : 9500, : 9500
11 : 4453,1769,1584,588, : 8394
12 : 5396,2268,935, : 8599
13 : 9900, : 9900
14 : 7008,1971, : 8979
15 : 3977,2793,1550,840,176, : 9336
16 : 3294,1924,1647,1150,210,196, : 8421
----------------------- 1 ---------------------------
canvasWidth:100,
canvasHeight:100,
data:[{x:29,y:0,l:18,w:71},{x:5,y:0,l:16,w:24},{x:30,y:18,l:82,w:70},{x:17,y:18,l:63,w:13},{x:0,y:18,l:56,w:17},],
----------------------- 2 ---------------------------
canvasWidth:100,
canvasHeight:100,
data:[{x:31,y:0,l:87,w:69},{x:13,y:0,l:77,w:18},{x:0,y:0,l:73,w:13},{x:39,y:87,l:13,w:61},],
----------------------- 3 ---------------------------
canvasWidth:100,
canvasHeight:100,
data:[{x:68,y:0,l:94,w:32},{x:2,y:0,l:93,w:66},{x:0,y:0,l:74,w:2},],
----------------------- 4 ---------------------------
canvasWidth:100,
canvasHeight:100,
data:[{x:70,y:0,l:63,w:30},{x:73,y:63,l:7,w:27},{x:0,y:0,l:65,w:69},{x:12,y:70,l:30,w:88},],
----------------------- 5 ---------------------------
canvasWidth:100,
canvasHeight:100,
data:[{x:26,y:0,l:100,w:74},{x:11,y:0,l:98,w:15},{x:0,y:0,l:97,w:11},],
----------------------- 6 ---------------------------
canvasWidth:100,
canvasHeight:100,
data:[{x:1,y:0,l:64,w:99},{x:9,y:64,l:19,w:91},{x:9,y:83,l:15,w:91},],
----------------------- 7 ---------------------------
canvasWidth:100,
canvasHeight:100,
data:[{x:5,y:0,l:29,w:95},{x:63,y:29,l:67,w:37},{x:65,y:96,l:4,w:35},{x:3,y:29,l:62,w:60},{x:0,y:29,l:56,w:3},],
----------------------- 8 ---------------------------
canvasWidth:100,
canvasHeight:100,
data:[{x:85,y:0,l:49,w:15},{x:86,y:49,l:6,w:14},{x:14,y:0,l:44,w:71},{x:20,y:44,l:11,w:65},{x:0,y:0,l:36,w:14},{x:40,y:55,l:45,w:60},],
----------------------- 9 ---------------------------
canvasWidth:100,
canvasHeight:100,
data:[{x:48,y:0,l:79,w:52},{x:5,y:0,l:41,w:43},{x:14,y:41,l:35,w:34},{x:17,y:79,l:2,w:83},{x:21,y:81,l:19,w:79},],
----------------------- 10 ---------------------------
canvasWidth:100,
canvasHeight:100,
data:[{x:5,y:0,l:100,w:95},],
----------------------- 11 ---------------------------
canvasWidth:100,
canvasHeight:100,
data:[{x:27,y:0,l:61,w:73},{x:39,y:61,l:29,w:61},{x:3,y:0,l:66,w:24},{x:6,y:66,l:28,w:21},],
----------------------- 12 ---------------------------
canvasWidth:100,
canvasHeight:100,
data:[{x:29,y:0,l:76,w:71},{x:45,y:76,l:17,w:55},{x:0,y:0,l:81,w:28},],
----------------------- 13 ---------------------------
canvasWidth:100,
canvasHeight:100,
data:[{x:0,y:0,l:99,w:100},],
----------------------- 14 ---------------------------
canvasWidth:100,
canvasHeight:100,
data:[{x:27,y:0,l:96,w:73},{x:0,y:0,l:73,w:27},],
----------------------- 15 ---------------------------
canvasWidth:100,
canvasHeight:100,
data:[{x:3,y:0,l:41,w:97},{x:51,y:41,l:57,w:49},{x:1,y:41,l:31,w:50},{x:43,y:72,l:22,w:8},{x:3,y:72,l:21,w:40},],
----------------------- 16 ---------------------------
canvasWidth:100,
canvasHeight:100,
data:[{x:63,y:0,l:52,w:37},{x:75,y:52,l:46,w:25},{x:70,y:52,l:42,w:5},{x:2,y:0,l:27,w:61},{x:9,y:27,l:61,w:54},{x:5,y:27,l:49,w:4},],
