====================================== Class_04.2bp-15 =====================================
Reduced size: 40 usedBin: 0
[0, 1, 2, 3, 4, 5, 7, 8, 9, 10, 11, 15, 16, 17, 18, 19, 20, 21, 23, 25, 26, 28, 29, 32, 33, 34, 35, 36, 38, 39]
[6, 12, 13, 14, 22, 24, 27, 30, 31, 37]
------------------------------------------------
Best fit used bin number: 2
Found best solution: 2 0.14

   Statrt add columnAndCut col: 2 cons: 0 cut: 0	0.203

	1 Start Add column using column generation  col: 2 cons: 0 cut: 0	0.203
			Start solve  LP :0.203
			End solve LP obj: 2.0 t: 0
	1 End Add column using column generation : 2.0 col: 2 cons: 0 cut: 0	0.203
   End add columnAndCut : 2.0 colGencnt: 1 price: 0 col: 2 cons: 0 cut: 0	0.203

Node lb: 2.0 ub: 2 : 0.203

Final Found Solution: 2 genNode: 1 extendedNode: 0:0.203
Bin size: 10000
1 : 945,899,780,726,700,588,500,460,441,441,391,319,270,253,250,196,180,165,125,90,84,66,64,33,32,26,26,25,18,8, : 9101
2 : 506,384,368,345,144,120,80,46,39,23, : 2055
----------------------- 1 ---------------------------
canvasWidth:100,
canvasHeight:100,
data:[{x:72,y:0,l:21,w:28},{x:57,y:0,l:18,w:15},{x:61,y:18,l:3,w:11},{x:79,y:21,l:21,w:21},{x:58,y:21,l:21,w:21},{x:57,y:21,l:8,w:1},{x:74,y:42,l:30,w:26},{x:67,y:42,l:28,w:7},{x:62,y:42,l:25,w:5},{x:59,y:42,l:22,w:3},{x:28,y:0,l:31,w:29},{x:28,y:31,l:11,w:29},{x:34,y:42,l:17,w:23},{x:28,y:42,l:15,w:6},{x:31,y:59,l:1,w:26},{x:34,y:60,l:11,w:23},{x:1,y:0,l:35,w:27},{x:23,y:35,l:33,w:5},{x:2,y:35,l:4,w:21},{x:3,y:39,l:23,w:20},{x:3,y:62,l:9,w:20},{x:80,y:72,l:25,w:20},{x:70,y:72,l:25,w:10},{x:69,y:72,l:25,w:1},{x:36,y:72,l:22,w:33},{x:37,y:94,l:2,w:32},{x:43,y:96,l:1,w:26},{x:1,y:72,l:20,w:35},{x:0,y:0,l:32,w:1},{x:94,y:97,l:3,w:6},],
----------------------- 2 ---------------------------
canvasWidth:100,
canvasHeight:100,
data:[{x:77,y:0,l:22,w:23},{x:53,y:0,l:16,w:24},{x:54,y:16,l:2,w:23},{x:41,y:0,l:12,w:12},{x:84,y:22,l:23,w:16},{x:85,y:45,l:23,w:15},{x:84,y:45,l:23,w:1},{x:94,y:68,l:20,w:6},{x:90,y:68,l:20,w:4},{x:87,y:68,l:13,w:3},],
