====================================== Class_10.2bp-19 =====================================
Reduced size: 40 usedBin: 0
[7, 10, 19, 23, 33]
[0]
[4, 12]
[6, 9, 21, 25, 37]
[1, 14, 28, 34]
[3, 18, 22, 24, 26]
[2, 11, 30, 31, 36]
[5, 16, 17, 20, 27, 29, 32, 35, 38, 39]
[8, 13, 15]
------------------------------------------------
Best fit used bin number: 9
Found best solution: 9 0.25

   Statrt add columnAndCut col: 9 cons: 0 cut: 0	0.297

	1 Start Add column using column generation  col: 9 cons: 0 cut: 0	0.297
			Start solve  LP :0.297
			End solve LP obj: 9.0 t: 16
	1 End Add column using column generation : 9.0 col: 9 cons: 0 cut: 0	0.313
   End add columnAndCut : 9.0 colGencnt: 1 price: 0 col: 9 cons: 0 cut: 0	0.313

Node lb: 9.0 ub: 9 : 0.313

Final Found Solution: 9 genNode: 1 extendedNode: 0:0.313
Bin size: 10000
1 : 3402,2886,833,612,225, : 7958
2 : 7740, : 7740
3 : 4752,2000, : 6752
4 : 4554,2940,760,558,49, : 8861
5 : 6688,1248,368,216, : 8520
6 : 4959,928,729,560,533, : 7709
7 : 6370,2430,270,240,198, : 9508
8 : 4608,988,960,798,468,342,238,204,44,10, : 8660
9 : 3150,1530,1248, : 5928
----------------------- 1 ---------------------------
canvasWidth:100,
canvasHeight:100,
data:[{x:51,y:0,l:17,w:49},{x:15,y:0,l:17,w:36},{x:63,y:17,l:78,w:37},{x:9,y:17,l:63,w:54},{x:4,y:17,l:45,w:5},],
----------------------- 2 ---------------------------
canvasWidth:100,
canvasHeight:100,
data:[{x:14,y:0,l:90,w:86},],
----------------------- 3 ---------------------------
canvasWidth:100,
canvasHeight:100,
data:[{x:52,y:0,l:99,w:48},{x:2,y:0,l:40,w:50},],
----------------------- 4 ---------------------------
canvasWidth:100,
canvasHeight:100,
data:[{x:2,y:0,l:30,w:98},{x:34,y:30,l:69,w:66},{x:14,y:30,l:38,w:20},{x:16,y:68,l:31,w:18},{x:51,y:99,l:1,w:49},],
----------------------- 5 ---------------------------
canvasWidth:100,
canvasHeight:100,
data:[{x:24,y:0,l:88,w:76},{x:8,y:0,l:78,w:16},{x:0,y:0,l:46,w:8},{x:0,y:46,l:27,w:8},],
----------------------- 6 ---------------------------
canvasWidth:100,
canvasHeight:100,
data:[{x:43,y:0,l:87,w:57},{x:16,y:0,l:27,w:27},{x:11,y:27,l:29,w:32},{x:15,y:56,l:20,w:28},{x:59,y:87,l:13,w:41},],
----------------------- 7 ---------------------------
canvasWidth:100,
canvasHeight:100,
data:[{x:73,y:0,l:90,w:27},{x:70,y:0,l:90,w:3},{x:70,y:90,l:8,w:30},{x:0,y:0,l:91,w:70},{x:37,y:91,l:6,w:33},],
----------------------- 8 ---------------------------
canvasWidth:100,
canvasHeight:100,
data:[{x:36,y:0,l:72,w:64},{x:10,y:0,l:38,w:26},{x:1,y:0,l:38,w:9},{x:0,y:0,l:10,w:1},{x:4,y:38,l:30,w:32},{x:25,y:68,l:4,w:11},{x:66,y:72,l:7,w:34},{x:32,y:72,l:6,w:34},{x:62,y:79,l:21,w:38},{x:36,y:79,l:18,w:26},],
----------------------- 9 ---------------------------
canvasWidth:100,
canvasHeight:100,
data:[{x:55,y:0,l:34,w:45},{x:16,y:0,l:32,w:39},{x:50,y:37,l:63,w:50},],
