====================================== Class_07.2bp-48 =====================================
Reduced size: 100 usedBin: 0
[17, 56, 63, 73, 76, 97, 99]
[0, 90, 98]
[1, 70]
[3, 48, 95]
[24, 42, 44, 59]
[12, 54, 64, 74, 81]
[13, 15, 66, 88, 96]
[14, 55, 60, 82, 87]
[8, 32, 47]
[16, 49, 50, 72, 89]
[6, 20, 92]
[22, 52, 58, 67, 77]
[5, 33, 71]
[4, 69, 83]
[41, 45, 51, 57, 79, 84, 93]
[10, 11, 68, 86]
[23, 29, 31, 80]
[9, 35, 40, 94]
[18, 30, 53, 78]
[25, 26, 34, 85]
[36, 38, 61, 62, 65]
[2, 75]
[7, 27, 46, 91]
[21, 28, 37]
[19, 39, 43]
------------------------------------------------
Best fit used bin number: 25
Found best solution: 25 0.25

   Statrt add columnAndCut col: 25 cons: 0 cut: 0	0.328

	1 Start Add column using column generation  col: 25 cons: 0 cut: 0	0.328
			Start solve  LP :0.328
			End solve LP obj: 25.0 t: 0
	1 End Add column using column generation : 25.0 col: 25 cons: 0 cut: 0	0.328
   End add columnAndCut : 25.0 colGencnt: 1 price: 0 col: 25 cons: 0 cut: 0	0.328

Node lb: 25.0 ub: 25 : 0.328

Final Found Solution: 25 genNode: 1 extendedNode: 0:0.328
Bin size: 10000
1 : 3600,1742,1456,851,672,99,63, : 8483
2 : 9118,216,69, : 9403
3 : 8624,948, : 9572
4 : 7663,1995,156, : 9814
5 : 3036,2240,2130,1610, : 9016
6 : 3977,1800,1452,847,536, : 8612
7 : 3888,3680,1292,292,140, : 9292
8 : 3760,1748,1575,516,357, : 7956
9 : 4324,2755,2037, : 9116
10 : 3650,1936,1932,910,288, : 8716
11 : 5478,3168,178, : 8824
12 : 3159,1804,1628,1067,656, : 8314
13 : 6106,2744,910, : 9760
14 : 7134,972,516, : 8622
15 : 2356,2072,1925,1680,603,480,176, : 9292
16 : 4128,4042,1050,385, : 9605
17 : 3080,2820,2800,588, : 9288
18 : 4200,2632,2380,176, : 9388
19 : 3420,2800,1800,623, : 8643
20 : 3036,3016,2680,435, : 9167
21 : 2627,2475,1501,1491,1311, : 9405
22 : 8463,810, : 9273
23 : 4500,3007,2058,207, : 9772
24 : 3168,2870,2528, : 8566
25 : 3382,2436,2190, : 8008
----------------------- 1 ---------------------------
canvasWidth:100,
canvasHeight:100,
data:[{x:99,y:0,l:99,w:1},{x:92,y:0,l:96,w:7},{x:76,y:0,l:91,w:16},{x:85,y:91,l:9,w:7},{x:26,y:0,l:72,w:50},{x:39,y:72,l:23,w:37},{x:0,y:0,l:67,w:26},],
----------------------- 2 ---------------------------
canvasWidth:100,
canvasHeight:100,
data:[{x:97,y:0,l:72,w:3},{x:97,y:72,l:23,w:3},{x:0,y:0,l:94,w:97},],
----------------------- 3 ---------------------------
canvasWidth:100,
canvasHeight:100,
data:[{x:2,y:0,l:88,w:98},{x:21,y:88,l:12,w:79},],
----------------------- 4 ---------------------------
canvasWidth:100,
canvasHeight:100,
data:[{x:21,y:0,l:97,w:79},{x:22,y:97,l:2,w:78},{x:0,y:0,l:95,w:21},],
----------------------- 5 ---------------------------
canvasWidth:100,
canvasHeight:100,
data:[{x:68,y:0,l:70,w:32},{x:45,y:0,l:70,w:23},{x:1,y:0,l:69,w:44},{x:29,y:70,l:30,w:71},],
----------------------- 6 ---------------------------
canvasWidth:100,
canvasHeight:100,
data:[{x:82,y:0,l:100,w:18},{x:41,y:0,l:97,w:41},{x:30,y:0,l:77,w:11},{x:22,y:0,l:67,w:8},{x:0,y:0,l:66,w:22},],
----------------------- 7 ---------------------------
canvasWidth:100,
canvasHeight:100,
data:[{x:52,y:0,l:81,w:48},{x:6,y:0,l:80,w:46},{x:2,y:0,l:73,w:4},{x:0,y:0,l:70,w:2},{x:32,y:81,l:19,w:68},],
----------------------- 8 ---------------------------
canvasWidth:100,
canvasHeight:100,
data:[{x:60,y:0,l:94,w:40},{x:39,y:0,l:75,w:21},{x:39,y:75,l:17,w:21},{x:33,y:0,l:86,w:6},{x:10,y:0,l:76,w:23},],
----------------------- 9 ---------------------------
canvasWidth:100,
canvasHeight:100,
data:[{x:79,y:0,l:97,w:21},{x:50,y:0,l:95,w:29},{x:4,y:0,l:94,w:46},],
----------------------- 10 ---------------------------
canvasWidth:100,
canvasHeight:100,
data:[{x:50,y:0,l:73,w:50},{x:65,y:73,l:26,w:35},{x:4,y:0,l:42,w:46},{x:6,y:42,l:44,w:44},{x:0,y:0,l:72,w:4},],
----------------------- 11 ---------------------------
canvasWidth:100,
canvasHeight:100,
data:[{x:68,y:0,l:99,w:32},{x:66,y:0,l:89,w:2},{x:0,y:0,l:83,w:66},],
----------------------- 12 ---------------------------
canvasWidth:100,
canvasHeight:100,
data:[{x:89,y:0,l:97,w:11},{x:81,y:0,l:82,w:8},{x:0,y:0,l:39,w:81},{x:44,y:39,l:44,w:37},{x:3,y:39,l:44,w:41},],
----------------------- 13 ---------------------------
canvasWidth:100,
canvasHeight:100,
data:[{x:2,y:0,l:28,w:98},{x:14,y:28,l:71,w:86},{x:0,y:28,l:70,w:13},],
----------------------- 14 ---------------------------
canvasWidth:100,
canvasHeight:100,
data:[{x:18,y:0,l:87,w:82},{x:12,y:0,l:86,w:6},{x:0,y:0,l:81,w:12},],
----------------------- 15 ---------------------------
canvasWidth:100,
canvasHeight:100,
data:[{x:94,y:0,l:80,w:6},{x:69,y:0,l:77,w:25},{x:38,y:0,l:76,w:31},{x:10,y:0,l:74,w:28},{x:1,y:0,l:67,w:9},{x:16,y:80,l:20,w:84},{x:5,y:80,l:16,w:11},],
----------------------- 16 ---------------------------
canvasWidth:100,
canvasHeight:100,
data:[{x:52,y:0,l:86,w:48},{x:5,y:0,l:86,w:47},{x:0,y:0,l:77,w:5},{x:25,y:86,l:14,w:75},],
----------------------- 17 ---------------------------
canvasWidth:100,
canvasHeight:100,
data:[{x:72,y:0,l:100,w:28},{x:42,y:0,l:94,w:30},{x:7,y:0,l:88,w:35},{x:0,y:0,l:84,w:7},],
----------------------- 18 ---------------------------
canvasWidth:100,
canvasHeight:100,
data:[{x:58,y:0,l:100,w:42},{x:30,y:0,l:94,w:28},{x:28,y:0,l:88,w:2},{x:0,y:0,l:85,w:28},],
----------------------- 19 ---------------------------
canvasWidth:100,
canvasHeight:100,
data:[{x:62,y:0,l:90,w:38},{x:42,y:0,l:90,w:20},{x:35,y:0,l:89,w:7},{x:0,y:0,l:80,w:35},],
----------------------- 20 ---------------------------
canvasWidth:100,
canvasHeight:100,
data:[{x:8,y:0,l:33,w:92},{x:60,y:33,l:67,w:40},{x:2,y:33,l:52,w:58},{x:31,y:85,l:15,w:29},],
----------------------- 21 ---------------------------
canvasWidth:100,
canvasHeight:100,
data:[{x:75,y:0,l:99,w:25},{x:4,y:0,l:21,w:71},{x:56,y:21,l:79,w:19},{x:19,y:21,l:71,w:37},{x:0,y:21,l:69,w:19},],
----------------------- 22 ---------------------------
canvasWidth:100,
canvasHeight:100,
data:[{x:9,y:0,l:93,w:91},{x:0,y:0,l:90,w:9},],
----------------------- 23 ---------------------------
canvasWidth:100,
canvasHeight:100,
data:[{x:55,y:0,l:100,w:45},{x:34,y:0,l:98,w:21},{x:3,y:0,l:97,w:31},{x:0,y:0,l:69,w:3},],
----------------------- 24 ---------------------------
canvasWidth:100,
canvasHeight:100,
data:[{x:68,y:0,l:99,w:32},{x:33,y:0,l:82,w:35},{x:0,y:0,l:79,w:32},],
----------------------- 25 ---------------------------
canvasWidth:100,
canvasHeight:100,
data:[{x:62,y:0,l:89,w:38},{x:34,y:0,l:87,w:28},{x:4,y:0,l:73,w:30},],
