====================================== Class_09.2bp-4 =====================================
Reduced size: 20 usedBin: 0
[1, 16]
[14, 17, 19]
[0, 18]
[4]
[5]
[6]
[8]
[9]
[2]
[15]
[13]
[12]
[11]
[10]
[7]
[3]
------------------------------------------------
Best fit used bin number: 16
Found best solution: 16 0.156

   Statrt add columnAndCut col: 16 cons: 0 cut: 0	0.203

	1 Start Add column using column generation  col: 16 cons: 0 cut: 0	0.203
			Start solve  LP :0.203
			End solve LP obj: 16.0 t: 0
	1 End Add column using column generation : 16.0 col: 16 cons: 0 cut: 0	0.203
   End add columnAndCut : 16.0 colGencnt: 1 price: 0 col: 16 cons: 0 cut: 0	0.203

Node lb: 16.0 ub: 16 : 0.203

Final Found Solution: 16 genNode: 1 extendedNode: 0:0.203
Bin size: 10000
1 : 9009,624, : 9633
2 : 3551,414,105, : 4070
3 : 9408,264, : 9672
4 : 6975, : 6975
5 : 6762, : 6762
6 : 6188, : 6188
7 : 5940, : 5940
8 : 5628, : 5628
9 : 7296, : 7296
10 : 3364, : 3364
11 : 4264, : 4264
12 : 5022, : 5022
13 : 5225, : 5225
14 : 5254, : 5254
15 : 6039, : 6039
16 : 7238, : 7238
----------------------- 1 ---------------------------
canvasWidth:99,
canvasHeight:100,
data:[{x:1,y:0,l:91,w:99},{x:22,y:91,l:8,w:78},],
----------------------- 2 ---------------------------
canvasWidth:99,
canvasHeight:100,
data:[{x:47,y:0,l:67,w:53},{x:1,y:0,l:9,w:46},{x:93,y:67,l:15,w:7},],
----------------------- 3 ---------------------------
canvasWidth:99,
canvasHeight:100,
data:[{x:2,y:0,l:96,w:98},{x:34,y:96,l:4,w:66},],
----------------------- 4 ---------------------------
canvasWidth:99,
canvasHeight:100,
data:[{x:25,y:0,l:93,w:75},],
----------------------- 5 ---------------------------
canvasWidth:99,
canvasHeight:100,
data:[{x:31,y:0,l:98,w:69},],
----------------------- 6 ---------------------------
canvasWidth:99,
canvasHeight:100,
data:[{x:32,y:0,l:91,w:68},],
----------------------- 7 ---------------------------
canvasWidth:99,
canvasHeight:100,
data:[{x:34,y:0,l:90,w:66},],
----------------------- 8 ---------------------------
canvasWidth:99,
canvasHeight:100,
data:[{x:16,y:0,l:67,w:84},],
----------------------- 9 ---------------------------
canvasWidth:99,
canvasHeight:100,
data:[{x:4,y:0,l:76,w:96},],
----------------------- 10 ---------------------------
canvasWidth:99,
canvasHeight:100,
data:[{x:42,y:0,l:58,w:58},],
----------------------- 11 ---------------------------
canvasWidth:99,
canvasHeight:100,
data:[{x:18,y:0,l:52,w:82},],
----------------------- 12 ---------------------------
canvasWidth:99,
canvasHeight:100,
data:[{x:38,y:0,l:81,w:62},],
----------------------- 13 ---------------------------
canvasWidth:99,
canvasHeight:100,
data:[{x:5,y:0,l:55,w:95},],
----------------------- 14 ---------------------------
canvasWidth:99,
canvasHeight:100,
data:[{x:29,y:0,l:74,w:71},],
----------------------- 15 ---------------------------
canvasWidth:99,
canvasHeight:100,
data:[{x:1,y:0,l:61,w:99},],
----------------------- 16 ---------------------------
canvasWidth:99,
canvasHeight:100,
data:[{x:6,y:0,l:77,w:94},],
