====================================== Class_02.2bp-16 =====================================
Reduced size: 40 usedBin: 0
[0, 1, 2, 4, 5, 7, 8, 10, 11, 13, 14, 15, 16, 17, 18, 19, 20, 24, 25, 26, 27, 28, 29, 30, 31, 32, 33, 34, 36, 37, 38, 39]
[3, 6, 9, 12, 21, 22, 23, 35]
------------------------------------------------
Best fit used bin number: 2
Found best solution: 2 0.14

   Statrt add columnAndCut col: 2 cons: 0 cut: 0	0.2

	1 Start Add column using column generation  col: 2 cons: 0 cut: 0	0.2
			Start solve  LP :0.2
			End solve LP obj: 2.0 t: 1
	1 End Add column using column generation : 2.0 col: 2 cons: 0 cut: 0	0.201
   End add columnAndCut : 2.0 colGencnt: 1 price: 0 col: 2 cons: 0 cut: 0	0.201

Node lb: 2.0 ub: 2 : 0.202

Final Found Solution: 2 genNode: 1 extendedNode: 0:0.202
Bin size: 900
1 : 100,100,72,60,60,48,40,36,36,30,30,27,20,20,20,20,18,10,10,10,9,9,8,8,8,7,7,6,6,4,3,2, : 844
2 : 63,49,40,36,12,12,12,6, : 230
----------------------- 1 ---------------------------
canvasWidth:30,
canvasHeight:30,
data:[{x:20,y:0,l:1,w:10},{x:20,y:1,l:1,w:10},{x:11,y:0,l:2,w:9},{x:6,y:0,l:2,w:5},{x:3,y:0,l:2,w:3},{x:2,y:0,l:2,w:1},{x:20,y:2,l:10,w:10},{x:20,y:12,l:6,w:10},{x:20,y:18,l:6,w:10},{x:20,y:24,l:4,w:10},{x:20,y:28,l:2,w:10},{x:10,y:2,l:10,w:10},{x:7,y:2,l:10,w:3},{x:4,y:2,l:10,w:3},{x:2,y:2,l:10,w:2},{x:12,y:12,l:9,w:8},{x:12,y:21,l:6,w:8},{x:13,y:27,l:1,w:7},{x:13,y:28,l:1,w:7},{x:14,y:29,l:1,w:6},{x:6,y:12,l:6,w:6},{x:7,y:18,l:4,w:5},{x:2,y:12,l:9,w:4},{x:3,y:22,l:3,w:9},{x:8,y:25,l:5,w:4},{x:5,y:25,l:1,w:3},{x:6,y:26,l:4,w:2},{x:2,y:25,l:3,w:3},{x:0,y:0,l:2,w:2},{x:1,y:2,l:9,w:1},{x:0,y:2,l:8,w:1},{x:1,y:11,l:8,w:1},],
----------------------- 2 ---------------------------
canvasWidth:30,
canvasHeight:30,
data:[{x:23,y:0,l:9,w:7},{x:23,y:9,l:7,w:7},{x:24,y:16,l:6,w:6},{x:23,y:16,l:6,w:1},{x:25,y:22,l:8,w:5},{x:23,y:22,l:6,w:2},{x:19,y:0,l:3,w:4},{x:15,y:0,l:3,w:4},],
