====================================== Class_02.2bp-8 =====================================
Reduced size: 20 usedBin: 0
[0, 1, 2, 3, 4, 5, 6, 7, 8, 9, 10, 11, 12, 13, 14, 15, 16, 17, 18, 19]
------------------------------------------------
Best fit used bin number: 1
Found best solution: 1 0.266

   Statrt add columnAndCut col: 1 cons: 0 cut: 0	0.328

	1 Start Add column using column generation  col: 1 cons: 0 cut: 0	0.328
			Start solve  LP :0.328
			End solve LP obj: 1.0 t: 0
	1 End Add column using column generation : 1.0 col: 1 cons: 0 cut: 0	0.328
   End add columnAndCut : 1.0 colGencnt: 1 price: 0 col: 1 cons: 0 cut: 0	0.328

Node lb: 1.0 ub: 1 : 0.328

Final Found Solution: 1 genNode: 1 extendedNode: 0:0.328
Bin size: 900
1 : 72,63,56,54,50,48,40,28,27,25,24,24,24,20,18,12,12,10,4,4, : 615
----------------------- 1 ---------------------------
canvasWidth:30,
canvasHeight:30,
data:[{x:21,y:0,l:8,w:9},{x:21,y:8,l:7,w:9},{x:22,y:15,l:6,w:8},{x:21,y:15,l:4,w:1},{x:22,y:21,l:7,w:8},{x:11,y:0,l:4,w:10},{x:4,y:0,l:4,w:7},{x:0,y:0,l:3,w:4},{x:0,y:3,l:1,w:4},{x:18,y:4,l:9,w:3},{x:18,y:13,l:8,w:3},{x:16,y:4,l:9,w:2},{x:16,y:13,l:5,w:2},{x:7,y:4,l:6,w:9},{x:3,y:4,l:6,w:4},{x:0,y:4,l:4,w:3},{x:11,y:10,l:10,w:5},{x:12,y:20,l:6,w:4},{x:6,y:10,l:5,w:5},{x:20,y:28,l:2,w:10},],
