====================================== Class_07.2bp-26 =====================================
Reduced size: 60 usedBin: 0
[0, 18]
[5, 21, 24, 57]
[1, 35]
[6, 13, 32]
[3, 36, 40, 43, 47, 54]
[4, 27, 44, 46, 55, 59]
[2, 10, 48]
[19, 20, 22]
[14, 15, 30, 38]
[8, 11, 34, 58]
[7, 9, 37, 56]
[12, 16, 42, 51]
[26, 28, 29]
[17, 25, 31, 41, 45, 50]
[23, 33, 39, 49, 52, 53]
------------------------------------------------
Best fit used bin number: 15
Found best solution: 15 0.14

   Statrt add columnAndCut col: 15 cons: 0 cut: 0	0.203

	1 Start Add column using column generation  col: 15 cons: 0 cut: 0	0.203
			Start solve  LP :0.203
			End solve LP obj: 15.0 t: 0
	1 End Add column using column generation : 15.0 col: 15 cons: 0 cut: 0	0.203
   End add columnAndCut : 15.0 colGencnt: 1 price: 0 col: 15 cons: 0 cut: 0	0.203

Node lb: 15.0 ub: 15 : 0.203

Final Found Solution: 15 genNode: 1 extendedNode: 0:0.203
Bin size: 10000
1 : 6900,2511, : 9411
2 : 4418,2350,2150,182, : 9100
3 : 5390,1365, : 6755
4 : 4370,3135,1548, : 9053
5 : 4512,1248,1188,952,864,480, : 9244
6 : 4503,1971,884,876,462,50, : 8746
7 : 5130,3298,774, : 9202
8 : 2482,2376,2250, : 7108
9 : 3075,2964,1817,1224, : 9080
10 : 3588,3239,1387,97, : 8311
11 : 4050,3306,1230,352, : 8938
12 : 3216,2960,994,700, : 7870
13 : 2046,1920,1848, : 5814
14 : 2590,2108,1656,1001,880,730, : 8965
15 : 2208,1518,1190,756,560,544, : 6776
----------------------- 1 ---------------------------
canvasWidth:100,
canvasHeight:100,
data:[{x:0,y:0,l:69,w:100},{x:7,y:69,l:27,w:93},],
----------------------- 2 ---------------------------
canvasWidth:100,
canvasHeight:100,
data:[{x:53,y:0,l:94,w:47},{x:28,y:0,l:94,w:25},{x:26,y:0,l:91,w:2},{x:1,y:0,l:86,w:25},],
----------------------- 3 ---------------------------
canvasWidth:100,
canvasHeight:100,
data:[{x:2,y:0,l:55,w:98},{x:61,y:55,l:35,w:39},],
----------------------- 4 ---------------------------
canvasWidth:100,
canvasHeight:100,
data:[{x:54,y:0,l:95,w:46},{x:21,y:0,l:95,w:33},{x:3,y:0,l:86,w:18},],
----------------------- 5 ---------------------------
canvasWidth:100,
canvasHeight:100,
data:[{x:88,y:0,l:99,w:12},{x:41,y:0,l:96,w:47},{x:28,y:0,l:96,w:13},{x:19,y:0,l:96,w:9},{x:14,y:0,l:96,w:5},{x:0,y:0,l:68,w:14},],
----------------------- 6 ---------------------------
canvasWidth:100,
canvasHeight:100,
data:[{x:21,y:0,l:57,w:79},{x:27,y:57,l:27,w:73},{x:22,y:57,l:10,w:5},{x:27,y:84,l:12,w:73},{x:15,y:0,l:77,w:6},{x:2,y:0,l:68,w:13},],
----------------------- 7 ---------------------------
canvasWidth:100,
canvasHeight:100,
data:[{x:66,y:0,l:97,w:34},{x:9,y:0,l:90,w:57},{x:0,y:0,l:86,w:9},],
----------------------- 8 ---------------------------
canvasWidth:100,
canvasHeight:100,
data:[{x:70,y:0,l:75,w:30},{x:36,y:0,l:73,w:34},{x:3,y:0,l:72,w:33},],
----------------------- 9 ---------------------------
canvasWidth:100,
canvasHeight:100,
data:[{x:61,y:0,l:76,w:39},{x:20,y:0,l:75,w:41},{x:2,y:0,l:68,w:18},{x:21,y:76,l:23,w:79},],
----------------------- 10 ---------------------------
canvasWidth:100,
canvasHeight:100,
data:[{x:99,y:0,l:97,w:1},{x:60,y:0,l:92,w:39},{x:19,y:0,l:79,w:41},{x:0,y:0,l:73,w:19},],
----------------------- 11 ---------------------------
canvasWidth:100,
canvasHeight:100,
data:[{x:55,y:0,l:90,w:45},{x:56,y:90,l:8,w:44},{x:17,y:0,l:87,w:38},{x:2,y:0,l:82,w:15},],
----------------------- 12 ---------------------------
canvasWidth:100,
canvasHeight:100,
data:[{x:60,y:0,l:74,w:40},{x:50,y:0,l:70,w:10},{x:2,y:0,l:67,w:48},{x:29,y:74,l:14,w:71},],
----------------------- 13 ---------------------------
canvasWidth:100,
canvasHeight:100,
data:[{x:69,y:0,l:66,w:31},{x:41,y:0,l:66,w:28},{x:1,y:0,l:48,w:40},],
----------------------- 14 ---------------------------
canvasWidth:100,
canvasHeight:100,
data:[{x:65,y:0,l:74,w:35},{x:55,y:0,l:73,w:10},{x:31,y:0,l:69,w:24},{x:0,y:0,l:68,w:31},{x:20,y:74,l:11,w:80},{x:9,y:85,l:11,w:91},],
----------------------- 15 ---------------------------
canvasWidth:100,
canvasHeight:100,
data:[{x:30,y:0,l:8,w:70},{x:76,y:8,l:92,w:24},{x:62,y:8,l:85,w:14},{x:53,y:8,l:84,w:9},{x:31,y:8,l:69,w:22},{x:23,y:8,l:68,w:8},],
