====================================== Class_01.2bp-27 =====================================
Reduced size: 60 usedBin: 0
[7, 43]
[0]
[6, 31, 53]
[2]
[12, 17, 55]
[19, 21, 30]
[4, 37]
[13, 29, 32, 58]
[14, 33, 35, 59]
[5, 42, 46]
[10, 38, 40, 52, 57]
[9, 41, 49]
[18, 34, 50, 56]
[15, 24, 44, 47]
[16, 25, 45, 48, 54]
[23, 27, 36]
[3]
[22, 26, 28, 51]
[11, 20]
[1, 39]
[8]
------------------------------------------------
Best fit used bin number: 21
Found best solution: 21 0.154

   Statrt add columnAndCut col: 21 cons: 0 cut: 0	0.224

	1 Start Add column using column generation  col: 21 cons: 0 cut: 0	0.224
			Start solve  LP :0.224
			End solve LP obj: 21.0 t: 2
	1 End Add column using column generation : 21.0 col: 21 cons: 0 cut: 0	0.227
   End add columnAndCut : 21.0 colGencnt: 1 price: 0 col: 21 cons: 0 cut: 0	0.227

Node lb: 21.0 ub: 21 : 0.227

Final Found Solution: 21 genNode: 1 extendedNode: 0:0.228
Bin size: 100
1 : 64,10, : 74
2 : 80, : 80
3 : 70,24,6, : 100
4 : 80, : 80
5 : 50,45,4, : 99
6 : 40,36,24, : 100
7 : 72,20, : 92
8 : 49,27,21,3, : 100
9 : 49,21,21,3, : 94
10 : 72,16,8, : 96
11 : 54,18,16,6,4, : 98
12 : 56,16,7, : 79
13 : 42,21,7,4, : 74
14 : 48,32,10,8, : 98
15 : 45,32,9,8,5, : 99
16 : 35,30,20, : 85
17 : 80, : 80
18 : 35,30,28,7, : 100
19 : 54,40, : 94
20 : 80,18, : 98
21 : 63, : 63
----------------------- 1 ---------------------------
canvasWidth:10,
canvasHeight:10,
data:[{x:0,y:0,l:1,w:10},{x:2,y:1,l:8,w:8},],
----------------------- 2 ---------------------------
canvasWidth:10,
canvasHeight:10,
data:[{x:2,y:0,l:10,w:8},],
----------------------- 3 ---------------------------
canvasWidth:10,
canvasHeight:10,
data:[{x:3,y:0,l:10,w:7},{x:0,y:0,l:8,w:3},{x:0,y:8,l:2,w:3},],
----------------------- 4 ---------------------------
canvasWidth:10,
canvasHeight:10,
data:[{x:2,y:0,l:10,w:8},],
----------------------- 5 ---------------------------
canvasWidth:10,
canvasHeight:10,
data:[{x:5,y:0,l:10,w:5},{x:0,y:0,l:9,w:5},{x:1,y:9,l:1,w:4},],
----------------------- 6 ---------------------------
canvasWidth:10,
canvasHeight:10,
data:[{x:4,y:0,l:6,w:6},{x:0,y:0,l:6,w:4},{x:0,y:6,l:4,w:10},],
----------------------- 7 ---------------------------
canvasWidth:10,
canvasHeight:10,
data:[{x:0,y:0,l:2,w:10},{x:1,y:2,l:8,w:9},],
----------------------- 8 ---------------------------
canvasWidth:10,
canvasHeight:10,
data:[{x:3,y:0,l:7,w:7},{x:3,y:7,l:3,w:7},{x:0,y:0,l:9,w:3},{x:0,y:9,l:1,w:3},],
----------------------- 9 ---------------------------
canvasWidth:10,
canvasHeight:10,
data:[{x:3,y:0,l:7,w:7},{x:3,y:7,l:3,w:7},{x:0,y:0,l:7,w:3},{x:0,y:7,l:1,w:3},],
----------------------- 10 ---------------------------
canvasWidth:10,
canvasHeight:10,
data:[{x:2,y:0,l:9,w:8},{x:2,y:9,l:1,w:8},{x:0,y:0,l:8,w:2},],
----------------------- 11 ---------------------------
canvasWidth:10,
canvasHeight:10,
data:[{x:4,y:0,l:9,w:6},{x:4,y:9,l:1,w:6},{x:0,y:0,l:4,w:4},{x:1,y:4,l:6,w:3},{x:0,y:4,l:4,w:1},],
----------------------- 12 ---------------------------
canvasWidth:10,
canvasHeight:10,
data:[{x:2,y:0,l:7,w:8},{x:2,y:7,l:2,w:8},{x:3,y:9,l:1,w:7},],
----------------------- 13 ---------------------------
canvasWidth:10,
canvasHeight:10,
data:[{x:7,y:0,l:7,w:3},{x:6,y:0,l:7,w:1},{x:6,y:7,l:1,w:4},{x:0,y:0,l:7,w:6},],
----------------------- 14 ---------------------------
canvasWidth:10,
canvasHeight:10,
data:[{x:2,y:0,l:4,w:8},{x:0,y:0,l:4,w:2},{x:2,y:4,l:6,w:8},{x:0,y:4,l:5,w:2},],
----------------------- 15 ---------------------------
canvasWidth:10,
canvasHeight:10,
data:[{x:2,y:0,l:4,w:8},{x:0,y:0,l:4,w:2},{x:1,y:4,l:5,w:9},{x:1,y:9,l:1,w:9},{x:0,y:4,l:5,w:1},],
----------------------- 16 ---------------------------
canvasWidth:10,
canvasHeight:10,
data:[{x:4,y:0,l:5,w:6},{x:0,y:0,l:5,w:4},{x:3,y:5,l:5,w:7},],
----------------------- 17 ---------------------------
canvasWidth:10,
canvasHeight:10,
data:[{x:2,y:0,l:10,w:8},],
----------------------- 18 ---------------------------
canvasWidth:10,
canvasHeight:10,
data:[{x:5,y:0,l:7,w:5},{x:1,y:0,l:7,w:4},{x:0,y:0,l:7,w:1},{x:0,y:7,l:3,w:10},],
----------------------- 19 ---------------------------
canvasWidth:10,
canvasHeight:10,
data:[{x:0,y:0,l:4,w:10},{x:1,y:4,l:6,w:9},],
----------------------- 20 ---------------------------
canvasWidth:10,
canvasHeight:10,
data:[{x:0,y:0,l:8,w:10},{x:1,y:8,l:2,w:9},],
----------------------- 21 ---------------------------
canvasWidth:10,
canvasHeight:10,
data:[{x:1,y:0,l:7,w:9},],
