====================================== Class_09.2bp-22 =====================================
Reduced size: 60 usedBin: 0
[2]
[25]
[5]
[20]
[48]
[15, 58]
[1]
[10]
[37]
[35, 44]
[8]
[9, 55]
[6]
[27]
[36]
[32, 56]
[30]
[41]
[34]
[13]
[42, 59]
[29, 49]
[22]
[14]
[24, 53]
[28, 57]
[26]
[18]
[0]
[43, 46, 52]
[23]
[17]
[40, 47]
[16]
[7, 50]
[3]
[39]
[45]
[4]
[19, 54]
[38]
[21]
[31, 51]
[33]
[12]
[11]
------------------------------------------------
Best fit used bin number: 46
Found best solution: 46 0.25

   Statrt add columnAndCut col: 46 cons: 0 cut: 0	0.313

	1 Start Add column using column generation  col: 46 cons: 0 cut: 0	0.313
			Start solve  LP :0.313
			End solve LP obj: 46.0 t: 15
	1 End Add column using column generation : 46.0 col: 46 cons: 0 cut: 0	0.328
   End add columnAndCut : 46.0 colGencnt: 1 price: 0 col: 46 cons: 0 cut: 0	0.328

Node lb: 46.0 ub: 46 : 0.328

Final Found Solution: 46 genNode: 1 extendedNode: 0:0.328
Bin size: 10000
1 : 8100, : 8100
2 : 5440, : 5440
3 : 7821, : 7821
4 : 5916, : 5916
5 : 3024, : 3024
6 : 6545,539, : 7084
7 : 8742, : 8742
8 : 7290, : 7290
9 : 4543, : 4543
10 : 4850,3500, : 8350
11 : 7315, : 7315
12 : 7308,1344, : 8652
13 : 7584, : 7584
14 : 5254, : 5254
15 : 4760, : 4760
16 : 5110,1311, : 6421
17 : 5168, : 5168
18 : 3922, : 3922
19 : 4928, : 4928
20 : 6790, : 6790
21 : 3774,468, : 4242
22 : 5187,2728, : 7915
23 : 5589, : 5589
24 : 6630, : 6630
25 : 5460,1407, : 6867
26 : 5208,1152, : 6360
27 : 5376, : 5376
28 : 6120, : 6120
29 : 8910, : 8910
30 : 3660,3290,1833, : 8783
31 : 5520, : 5520
32 : 6290, : 6290
33 : 4290,3201, : 7491
34 : 6402, : 6402
35 : 7360,1980, : 9340
36 : 8084, : 8084
37 : 4345, : 4345
38 : 3304, : 3304
39 : 7968, : 7968
40 : 6006,1368, : 7374
41 : 4350, : 4350
42 : 5829, : 5829
43 : 5159,1890, : 7049
44 : 4980, : 4980
45 : 7029, : 7029
46 : 7275, : 7275
----------------------- 1 ---------------------------
canvasWidth:100,
canvasHeight:100,
data:[{x:10,y:0,l:90,w:90},],
----------------------- 2 ---------------------------
canvasWidth:100,
canvasHeight:100,
data:[{x:20,y:0,l:68,w:80},],
----------------------- 3 ---------------------------
canvasWidth:100,
canvasHeight:100,
data:[{x:21,y:0,l:99,w:79},],
----------------------- 4 ---------------------------
canvasWidth:100,
canvasHeight:100,
data:[{x:13,y:0,l:68,w:87},],
----------------------- 5 ---------------------------
canvasWidth:100,
canvasHeight:100,
data:[{x:46,y:0,l:56,w:54},],
----------------------- 6 ---------------------------
canvasWidth:100,
canvasHeight:100,
data:[{x:15,y:0,l:77,w:85},{x:8,y:0,l:77,w:7},],
----------------------- 7 ---------------------------
canvasWidth:100,
canvasHeight:100,
data:[{x:6,y:0,l:93,w:94},],
----------------------- 8 ---------------------------
canvasWidth:100,
canvasHeight:100,
data:[{x:10,y:0,l:81,w:90},],
----------------------- 9 ---------------------------
canvasWidth:100,
canvasHeight:100,
data:[{x:41,y:0,l:77,w:59},],
----------------------- 10 ---------------------------
canvasWidth:100,
canvasHeight:100,
data:[{x:3,y:0,l:50,w:97},{x:30,y:50,l:50,w:70},],
----------------------- 11 ---------------------------
canvasWidth:100,
canvasHeight:100,
data:[{x:5,y:0,l:77,w:95},],
----------------------- 12 ---------------------------
canvasWidth:100,
canvasHeight:100,
data:[{x:13,y:0,l:84,w:87},{x:16,y:84,l:16,w:84},],
----------------------- 13 ---------------------------
canvasWidth:100,
canvasHeight:100,
data:[{x:4,y:0,l:79,w:96},],
----------------------- 14 ---------------------------
canvasWidth:100,
canvasHeight:100,
data:[{x:26,y:0,l:71,w:74},],
----------------------- 15 ---------------------------
canvasWidth:100,
canvasHeight:100,
data:[{x:15,y:0,l:56,w:85},],
----------------------- 16 ---------------------------
canvasWidth:100,
canvasHeight:100,
data:[{x:30,y:0,l:73,w:70},{x:31,y:73,l:19,w:69},],
----------------------- 17 ---------------------------
canvasWidth:100,
canvasHeight:100,
data:[{x:24,y:0,l:68,w:76},],
----------------------- 18 ---------------------------
canvasWidth:100,
canvasHeight:100,
data:[{x:26,y:0,l:53,w:74},],
----------------------- 19 ---------------------------
canvasWidth:100,
canvasHeight:100,
data:[{x:12,y:0,l:56,w:88},],
----------------------- 20 ---------------------------
canvasWidth:100,
canvasHeight:100,
data:[{x:3,y:0,l:70,w:97},],
----------------------- 21 ---------------------------
canvasWidth:100,
canvasHeight:100,
data:[{x:49,y:0,l:74,w:51},{x:82,y:74,l:26,w:18},],
----------------------- 22 ---------------------------
canvasWidth:100,
canvasHeight:100,
data:[{x:43,y:0,l:91,w:57},{x:12,y:0,l:88,w:31},],
----------------------- 23 ---------------------------
canvasWidth:100,
canvasHeight:100,
data:[{x:19,y:0,l:69,w:81},],
----------------------- 24 ---------------------------
canvasWidth:100,
canvasHeight:100,
data:[{x:15,y:0,l:78,w:85},],
----------------------- 25 ---------------------------
canvasWidth:100,
canvasHeight:100,
data:[{x:22,y:0,l:70,w:78},{x:1,y:0,l:67,w:21},],
----------------------- 26 ---------------------------
canvasWidth:100,
canvasHeight:100,
data:[{x:84,y:0,l:72,w:16},{x:0,y:0,l:62,w:84},],
----------------------- 27 ---------------------------
canvasWidth:100,
canvasHeight:100,
data:[{x:44,y:0,l:96,w:56},],
----------------------- 28 ---------------------------
canvasWidth:100,
canvasHeight:100,
data:[{x:28,y:0,l:85,w:72},],
----------------------- 29 ---------------------------
canvasWidth:100,
canvasHeight:100,
data:[{x:10,y:0,l:99,w:90},],
----------------------- 30 ---------------------------
canvasWidth:100,
canvasHeight:100,
data:[{x:6,y:0,l:35,w:94},{x:39,y:35,l:60,w:61},{x:0,y:35,l:47,w:39},],
----------------------- 31 ---------------------------
canvasWidth:100,
canvasHeight:100,
data:[{x:31,y:0,l:80,w:69},],
----------------------- 32 ---------------------------
canvasWidth:100,
canvasHeight:100,
data:[{x:26,y:0,l:85,w:74},],
----------------------- 33 ---------------------------
canvasWidth:100,
canvasHeight:100,
data:[{x:67,y:0,l:97,w:33},{x:0,y:0,l:65,w:66},],
----------------------- 34 ---------------------------
canvasWidth:100,
canvasHeight:100,
data:[{x:3,y:0,l:66,w:97},],
----------------------- 35 ---------------------------
canvasWidth:100,
canvasHeight:100,
data:[{x:80,y:0,l:99,w:20},{x:0,y:0,l:92,w:80},],
----------------------- 36 ---------------------------
canvasWidth:100,
canvasHeight:100,
data:[{x:6,y:0,l:86,w:94},],
----------------------- 37 ---------------------------
canvasWidth:100,
canvasHeight:100,
data:[{x:45,y:0,l:79,w:55},],
----------------------- 38 ---------------------------
canvasWidth:100,
canvasHeight:100,
data:[{x:44,y:0,l:59,w:56},],
----------------------- 39 ---------------------------
canvasWidth:100,
canvasHeight:100,
data:[{x:17,y:0,l:96,w:83},],
----------------------- 40 ---------------------------
canvasWidth:100,
canvasHeight:100,
data:[{x:23,y:0,l:78,w:77},{x:24,y:78,l:18,w:76},],
----------------------- 41 ---------------------------
canvasWidth:100,
canvasHeight:100,
data:[{x:25,y:0,l:58,w:75},],
----------------------- 42 ---------------------------
canvasWidth:100,
canvasHeight:100,
data:[{x:33,y:0,l:87,w:67},],
----------------------- 43 ---------------------------
canvasWidth:100,
canvasHeight:100,
data:[{x:79,y:0,l:90,w:21},{x:0,y:0,l:67,w:77},],
----------------------- 44 ---------------------------
canvasWidth:100,
canvasHeight:100,
data:[{x:40,y:0,l:83,w:60},],
----------------------- 45 ---------------------------
canvasWidth:100,
canvasHeight:100,
data:[{x:29,y:0,l:99,w:71},],
----------------------- 46 ---------------------------
canvasWidth:100,
canvasHeight:100,
data:[{x:3,y:0,l:75,w:97},],
