====================================== Class_06.2bp-36 =====================================
Reduced size: 80 usedBin: 0
[0, 3, 5, 9, 10, 11, 12, 13, 14, 22, 24, 26, 30, 32, 38, 39, 53, 55, 57, 60, 65, 66, 70, 75, 78, 79]
[1, 2, 4, 6, 7, 8, 16, 18, 21, 23, 33, 34, 35, 40, 41, 47, 50, 52, 56, 59, 61, 64, 68, 69, 71, 72, 73, 74, 76]
[15, 17, 19, 20, 25, 27, 28, 29, 31, 36, 37, 42, 43, 44, 45, 46, 48, 49, 51, 54, 58, 62, 63, 67, 77]
------------------------------------------------
Best fit used bin number: 3
Found best solution: 3 0.125

   Statrt add columnAndCut col: 3 cons: 0 cut: 0	0.188

	1 Start Add column using column generation  col: 3 cons: 0 cut: 0	0.188
			Start solve  LP :0.204
			End solve LP obj: 3.0 t: 0
	1 End Add column using column generation : 3.0 col: 3 cons: 0 cut: 0	0.204
   End add columnAndCut : 3.0 colGencnt: 1 price: 0 col: 3 cons: 0 cut: 0	0.204

Node lb: 3.0 ub: 3 : 0.204

Final Found Solution: 3 genNode: 1 extendedNode: 0:0.204
Bin size: 90000
1 : 10000,7372,6006,5152,5037,5015,4982,4840,4800,4136,3816,3690,3350,3192,2700,2496,1404,1320,1239,1050,775,720,340,234,102,96, : 83864
2 : 7830,7623,6300,5913,5742,5185,4623,4536,4176,3910,2990,2862,2816,2450,2378,1843,1656,1536,1276,1178,1000,912,570,559,335,330,320,252,194, : 81295
3 : 4664,4554,4472,4263,3782,3612,3600,3456,3220,2793,2773,2262,2184,2160,2130,2024,1840,1800,1550,1372,1230,960,918,612,156, : 62387
----------------------- 1 ---------------------------
canvasWidth:300,
canvasHeight:300,
data:[{x:231,y:0,l:73,w:69},{x:244,y:73,l:92,w:56},{x:231,y:73,l:18,w:13},{x:234,y:91,l:72,w:10},{x:255,y:165,l:82,w:45},{x:234,y:165,l:59,w:21},{x:238,y:224,l:20,w:17},{x:131,y:0,l:100,w:100},{x:55,y:0,l:97,w:76},{x:97,y:97,l:3,w:34},{x:0,y:0,l:88,w:55},{x:156,y:100,l:64,w:75},{x:189,y:164,l:76,w:42},{x:158,y:164,l:25,w:31},{x:163,y:189,l:54,w:26},{x:71,y:100,l:59,w:85},{x:4,y:100,l:50,w:67},{x:0,y:100,l:24,w:4},{x:109,y:159,l:88,w:47},{x:18,y:159,l:66,w:91},{x:21,y:225,l:15,w:88},{x:3,y:159,l:70,w:15},{x:206,y:247,l:53,w:94},{x:134,y:247,l:53,w:72},{x:80,y:247,l:50,w:54},{x:0,y:247,l:32,w:78},],
----------------------- 2 ---------------------------
canvasWidth:300,
canvasHeight:300,
data:[{x:213,y:0,l:66,w:87},{x:113,y:0,l:63,w:100},{x:41,y:0,l:58,w:72},{x:58,y:58,l:6,w:55},{x:0,y:0,l:58,w:41},{x:210,y:66,l:87,w:90},{x:223,y:153,l:99,w:77},{x:235,y:252,l:46,w:65},{x:221,y:153,l:97,w:2},{x:211,y:153,l:100,w:10},{x:129,y:66,l:73,w:81},{x:66,y:66,l:72,w:63},{x:22,y:66,l:64,w:44},{x:38,y:130,l:9,w:28},{x:0,y:66,l:58,w:22},{x:191,y:139,l:97,w:19},{x:191,y:236,l:62,w:19},{x:166,y:139,l:98,w:25},{x:167,y:237,l:38,w:24},{x:99,y:139,l:69,w:67},{x:102,y:208,l:5,w:64},{x:46,y:139,l:54,w:53},{x:56,y:193,l:13,w:43},{x:105,y:215,l:85,w:61},{x:59,y:215,l:85,w:46},{x:18,y:139,l:96,w:16},{x:24,y:235,l:57,w:10},{x:0,y:139,l:92,w:18},{x:13,y:231,l:67,w:5},],
----------------------- 3 ---------------------------
canvasWidth:300,
canvasHeight:300,
data:[{x:247,y:0,l:88,w:53},{x:221,y:0,l:87,w:26},{x:149,y:0,l:50,w:72},{x:161,y:50,l:36,w:60},{x:63,y:0,l:42,w:86},{x:78,y:42,l:30,w:71},{x:89,y:72,l:16,w:60},{x:76,y:72,l:12,w:13},{x:2,y:0,l:62,w:61},{x:208,y:88,l:35,w:92},{x:181,y:88,l:34,w:27},{x:101,y:88,l:23,w:80},{x:3,y:88,l:14,w:98},{x:204,y:123,l:36,w:96},{x:213,y:159,l:49,w:87},{x:214,y:208,l:52,w:86},{x:255,y:260,l:40,w:45},{x:205,y:260,l:31,w:50},{x:105,y:123,l:46,w:99},{x:165,y:169,l:56,w:39},{x:119,y:169,l:44,w:46},{x:163,y:225,l:30,w:41},{x:186,y:255,l:34,w:18},{x:58,y:123,l:59,w:47},{x:9,y:123,l:57,w:49},],
