====================================== Class_02.2bp-21 =====================================
Reduced size: 60 usedBin: 0
[0, 1, 2, 3, 4, 5, 6, 12, 13, 14, 20, 21, 27, 29, 30, 35, 37, 43, 44, 45, 55, 58]
[7, 8, 9, 10, 11, 15, 16, 17, 18, 19, 22, 23, 24, 25, 26, 28, 31, 32, 33, 34, 36, 38, 39, 40, 41, 42, 46, 47, 48, 49, 50, 51, 52, 53, 54, 56, 57, 59]
------------------------------------------------
Best fit used bin number: 2
Found best solution: 2 0.14

   Statrt add columnAndCut col: 2 cons: 0 cut: 0	0.203

	1 Start Add column using column generation  col: 2 cons: 0 cut: 0	0.203
			Start solve  LP :0.203
			End solve LP obj: 2.0 t: 0
	1 End Add column using column generation : 2.0 col: 2 cons: 0 cut: 0	0.203
   End add columnAndCut : 2.0 colGencnt: 1 price: 0 col: 2 cons: 0 cut: 0	0.203

Node lb: 2.0 ub: 2 : 0.203

Final Found Solution: 2 genNode: 1 extendedNode: 0:0.203
Bin size: 900
1 : 100,100,90,70,64,63,63,48,45,45,30,30,25,24,24,18,16,10,10,10,5,3, : 893
2 : 56,54,54,50,48,42,42,42,32,32,30,30,30,28,27,24,21,21,20,18,16,16,16,16,15,14,10,9,9,8,7,6,6,6,6,5,4,3, : 873
----------------------- 1 ---------------------------
canvasWidth:30,
canvasHeight:30,
data:[{x:20,y:0,l:10,w:10},{x:20,y:10,l:3,w:10},{x:12,y:0,l:8,w:8},{x:12,y:8,l:3,w:8},{x:12,y:11,l:2,w:8},{x:6,y:0,l:8,w:6},{x:6,y:8,l:5,w:6},{x:20,y:13,l:10,w:10},{x:11,y:13,l:10,w:9},{x:6,y:13,l:9,w:5},{x:6,y:22,l:1,w:5},{x:5,y:0,l:10,w:1},{x:5,y:10,l:10,w:1},{x:5,y:20,l:3,w:1},{x:0,y:0,l:9,w:5},{x:0,y:9,l:5,w:5},{x:3,y:14,l:9,w:2},{x:0,y:14,l:8,w:3},{x:20,y:23,l:7,w:10},{x:11,y:23,l:7,w:9},{x:2,y:23,l:7,w:9},{x:0,y:23,l:5,w:2},],
----------------------- 2 ---------------------------
canvasWidth:30,
canvasHeight:30,
data:[{x:23,y:0,l:8,w:7},{x:17,y:0,l:7,w:6},{x:17,y:7,l:1,w:6},{x:12,y:0,l:4,w:5},{x:11,y:0,l:4,w:1},{x:11,y:4,l:3,w:6},{x:11,y:7,l:1,w:6},{x:7,y:0,l:8,w:4},{x:5,y:0,l:8,w:2},{x:3,y:0,l:8,w:2},{x:0,y:0,l:7,w:3},{x:20,y:8,l:5,w:10},{x:23,y:13,l:3,w:7},{x:23,y:16,l:2,w:7},{x:21,y:13,l:5,w:2},{x:20,y:13,l:5,w:1},{x:20,y:18,l:3,w:10},{x:20,y:21,l:3,w:10},{x:20,y:24,l:3,w:10},{x:21,y:27,l:3,w:9},{x:20,y:27,l:3,w:1},{x:11,y:8,l:6,w:9},{x:7,y:8,l:6,w:4},{x:12,y:14,l:6,w:8},{x:12,y:20,l:4,w:8},{x:7,y:14,l:3,w:5},{x:8,y:17,l:7,w:4},{x:7,y:17,l:6,w:1},{x:11,y:24,l:6,w:9},{x:7,y:24,l:4,w:4},{x:0,y:8,l:6,w:7},{x:0,y:14,l:6,w:7},{x:0,y:20,l:1,w:7},{x:3,y:21,l:4,w:4},{x:1,y:21,l:4,w:2},{x:4,y:25,l:3,w:3},{x:4,y:28,l:2,w:3},{x:1,y:25,l:3,w:3},],
