====================================== Class_01.2bp-34 =====================================
Reduced size: 80 usedBin: 0
[9, 41, 58, 72]
[14, 21, 67]
[13, 35, 61, 65]
[1, 51, 74]
[3]
[6, 59, 63, 64]
[12, 25]
[18, 24, 52, 75]
[19, 36]
[26, 27, 43]
[0, 62, 70, 79]
[10, 42, 47]
[20, 38, 53, 54]
[4, 48, 55]
[15, 30]
[5, 56]
[8, 44, 69, 76, 77]
[2, 49, 66]
[7, 46]
[16, 31, 57, 71]
[28, 29, 45, 73]
[11, 32]
[17, 22]
[23, 40, 60, 68, 78]
[33, 34, 50]
[37, 39]
------------------------------------------------
Best fit used bin number: 26
Found best solution: 26 0.141

   Statrt add columnAndCut col: 26 cons: 0 cut: 0	0.203

	1 Start Add column using column generation  col: 26 cons: 0 cut: 0	0.203
			Start solve  LP :0.203
			End solve LP obj: 26.0 t: 0
	1 End Add column using column generation : 26.0 col: 26 cons: 0 cut: 0	0.203
   End add columnAndCut : 26.0 colGencnt: 1 price: 0 col: 26 cons: 0 cut: 0	0.203

Node lb: 26.0 ub: 26 : 0.203

Final Found Solution: 26 genNode: 1 extendedNode: 0:0.203
Bin size: 100
1 : 60,24,12,4, : 100
2 : 50,40,8, : 98
3 : 50,30,12,8, : 100
4 : 80,16,4, : 100
5 : 70, : 70
6 : 63,12,10,9, : 94
7 : 54,36, : 90
8 : 42,40,15,3, : 100
9 : 42,28, : 70
10 : 36,36,24, : 96
11 : 81,10,7,1, : 99
12 : 56,24,20, : 100
13 : 42,28,15,15, : 100
14 : 64,20,14, : 98
15 : 48,32, : 80
16 : 64,14, : 78
17 : 63,24,7,3,3, : 100
18 : 72,20,8, : 100
19 : 63,21, : 84
20 : 48,32,12,6, : 98
21 : 36,36,24,4, : 100
22 : 54,32, : 86
23 : 45,40, : 85
24 : 40,25,12,8,3, : 88
25 : 32,32,18, : 82
26 : 28,28, : 56
----------------------- 1 ---------------------------
canvasWidth:10,
canvasHeight:10,
data:[{x:0,y:0,l:6,w:10},{x:4,y:6,l:4,w:6},{x:1,y:6,l:4,w:3},{x:0,y:6,l:4,w:1},],
----------------------- 2 ---------------------------
canvasWidth:10,
canvasHeight:10,
data:[{x:0,y:0,l:5,w:10},{x:0,y:5,l:4,w:10},{x:2,y:9,l:1,w:8},],
----------------------- 3 ---------------------------
canvasWidth:10,
canvasHeight:10,
data:[{x:5,y:0,l:10,w:5},{x:0,y:0,l:6,w:5},{x:2,y:6,l:4,w:3},{x:0,y:6,l:4,w:2},],
----------------------- 4 ---------------------------
canvasWidth:10,
canvasHeight:10,
data:[{x:2,y:0,l:10,w:8},{x:0,y:0,l:8,w:2},{x:0,y:8,l:2,w:2},],
----------------------- 5 ---------------------------
canvasWidth:10,
canvasHeight:10,
data:[{x:3,y:0,l:10,w:7},],
----------------------- 6 ---------------------------
canvasWidth:10,
canvasHeight:10,
data:[{x:9,y:0,l:10,w:1},{x:0,y:0,l:7,w:9},{x:5,y:7,l:3,w:4},{x:2,y:7,l:3,w:3},],
----------------------- 7 ---------------------------
canvasWidth:10,
canvasHeight:10,
data:[{x:4,y:0,l:9,w:6},{x:0,y:0,l:9,w:4},],
----------------------- 8 ---------------------------
canvasWidth:10,
canvasHeight:10,
data:[{x:3,y:0,l:6,w:7},{x:0,y:0,l:5,w:3},{x:0,y:5,l:1,w:3},{x:0,y:6,l:4,w:10},],
----------------------- 9 ---------------------------
canvasWidth:10,
canvasHeight:10,
data:[{x:4,y:0,l:7,w:6},{x:0,y:0,l:7,w:4},],
----------------------- 10 ---------------------------
canvasWidth:10,
canvasHeight:10,
data:[{x:4,y:0,l:6,w:6},{x:4,y:6,l:4,w:6},{x:0,y:0,l:9,w:4},],
----------------------- 11 ---------------------------
canvasWidth:10,
canvasHeight:10,
data:[{x:0,y:0,l:1,w:10},{x:1,y:1,l:9,w:9},{x:0,y:1,l:7,w:1},{x:0,y:8,l:1,w:1},],
----------------------- 12 ---------------------------
canvasWidth:10,
canvasHeight:10,
data:[{x:2,y:0,l:7,w:8},{x:2,y:7,l:3,w:8},{x:0,y:0,l:10,w:2},],
----------------------- 13 ---------------------------
canvasWidth:10,
canvasHeight:10,
data:[{x:3,y:0,l:6,w:7},{x:3,y:6,l:4,w:7},{x:0,y:0,l:5,w:3},{x:0,y:5,l:5,w:3},],
----------------------- 14 ---------------------------
canvasWidth:10,
canvasHeight:10,
data:[{x:8,y:0,l:10,w:2},{x:0,y:0,l:8,w:8},{x:1,y:8,l:2,w:7},],
----------------------- 15 ---------------------------
canvasWidth:10,
canvasHeight:10,
data:[{x:4,y:0,l:8,w:6},{x:0,y:0,l:8,w:4},],
----------------------- 16 ---------------------------
canvasWidth:10,
canvasHeight:10,
data:[{x:2,y:0,l:8,w:8},{x:3,y:8,l:2,w:7},],
----------------------- 17 ---------------------------
canvasWidth:10,
canvasHeight:10,
data:[{x:3,y:0,l:9,w:7},{x:0,y:0,l:8,w:3},{x:0,y:8,l:1,w:3},{x:3,y:9,l:1,w:7},{x:0,y:9,l:1,w:3},],
----------------------- 18 ---------------------------
canvasWidth:10,
canvasHeight:10,
data:[{x:1,y:0,l:8,w:9},{x:0,y:0,l:8,w:1},{x:0,y:8,l:2,w:10},],
----------------------- 19 ---------------------------
canvasWidth:10,
canvasHeight:10,
data:[{x:1,y:0,l:7,w:9},{x:3,y:7,l:3,w:7},],
----------------------- 20 ---------------------------
canvasWidth:10,
canvasHeight:10,
data:[{x:4,y:0,l:8,w:6},{x:0,y:0,l:8,w:4},{x:4,y:8,l:2,w:6},{x:1,y:8,l:2,w:3},],
----------------------- 21 ---------------------------
canvasWidth:10,
canvasHeight:10,
data:[{x:4,y:0,l:6,w:6},{x:4,y:6,l:4,w:6},{x:0,y:0,l:9,w:4},{x:0,y:9,l:1,w:4},],
----------------------- 22 ---------------------------
canvasWidth:10,
canvasHeight:10,
data:[{x:1,y:0,l:6,w:9},{x:2,y:6,l:4,w:8},],
----------------------- 23 ---------------------------
canvasWidth:10,
canvasHeight:10,
data:[{x:1,y:0,l:5,w:9},{x:2,y:5,l:5,w:8},],
----------------------- 24 ---------------------------
canvasWidth:10,
canvasHeight:10,
data:[{x:2,y:0,l:5,w:8},{x:0,y:0,l:4,w:2},{x:5,y:5,l:5,w:5},{x:1,y:5,l:3,w:4},{x:0,y:5,l:3,w:1},],
----------------------- 25 ---------------------------
canvasWidth:10,
canvasHeight:10,
data:[{x:1,y:0,l:2,w:9},{x:6,y:2,l:8,w:4},{x:2,y:2,l:8,w:4},],
----------------------- 26 ---------------------------
canvasWidth:10,
canvasHeight:10,
data:[{x:6,y:0,l:7,w:4},{x:2,y:0,l:7,w:4},],
