====================================== Class_07.2bp-28 =====================================
Reduced size: 60 usedBin: 0
[5, 11, 40]
[3, 23, 35, 57]
[12, 24, 26, 39, 48]
[1, 25, 32]
[0, 59]
[9, 10, 30, 38]
[18, 22, 34, 36, 42, 51, 52]
[2, 16, 41]
[7, 27, 29, 45, 46]
[6, 8, 55]
[13, 21, 28, 49, 53]
[19, 20, 33, 37, 44, 47, 58]
[14, 17, 31, 50, 56]
[4, 15, 43, 54]
------------------------------------------------
Best fit used bin number: 14
Found best solution: 14 0.141

   Statrt add columnAndCut col: 14 cons: 0 cut: 0	0.203

	1 Start Add column using column generation  col: 14 cons: 0 cut: 0	0.203
			Start solve  LP :0.203
			End solve LP obj: 14.0 t: 0
	1 End Add column using column generation : 14.0 col: 14 cons: 0 cut: 0	0.203
   End add columnAndCut : 14.0 colGencnt: 1 price: 0 col: 14 cons: 0 cut: 0	0.203

Node lb: 14.0 ub: 14 : 0.203

Final Found Solution: 14 genNode: 1 extendedNode: 0:0.203
Bin size: 10000
1 : 4800,3256,1035, : 9091
2 : 4864,2170,1368,292, : 8694
3 : 3234,2075,1782,1053,609, : 8753
4 : 5880,1988,1600, : 9468
5 : 9504,91, : 9595
6 : 3360,3290,1620,1100, : 9370
7 : 2475,2294,1380,1275,994,511,495, : 9424
8 : 5184,3060,1012, : 9256
9 : 4400,1760,1691,864,828, : 9543
10 : 4459,3920,368, : 8747
11 : 3219,2325,1692,553,469, : 8258
12 : 2380,2336,1518,1170,871,675,240, : 9190
13 : 3182,2916,1600,518,350, : 8566
14 : 4802,3108,930,392, : 9232
----------------------- 1 ---------------------------
canvasWidth:100,
canvasHeight:100,
data:[{x:52,y:0,l:100,w:48},{x:15,y:0,l:88,w:37},{x:0,y:0,l:69,w:15},],
----------------------- 2 ---------------------------
canvasWidth:100,
canvasHeight:100,
data:[{x:36,y:0,l:76,w:64},{x:32,y:0,l:73,w:4},{x:1,y:0,l:70,w:31},{x:28,y:76,l:19,w:72},],
----------------------- 3 ---------------------------
canvasWidth:100,
canvasHeight:100,
data:[{x:67,y:0,l:98,w:33},{x:60,y:0,l:87,w:7},{x:35,y:0,l:83,w:25},{x:13,y:0,l:81,w:22},{x:0,y:0,l:81,w:13},],
----------------------- 4 ---------------------------
canvasWidth:100,
canvasHeight:100,
data:[{x:84,y:0,l:100,w:16},{x:0,y:0,l:70,w:84},{x:13,y:70,l:28,w:71},],
----------------------- 5 ---------------------------
canvasWidth:100,
canvasHeight:100,
data:[{x:1,y:0,l:96,w:99},{x:0,y:0,l:91,w:1},],
----------------------- 6 ---------------------------
canvasWidth:100,
canvasHeight:100,
data:[{x:89,y:0,l:100,w:11},{x:54,y:0,l:96,w:35},{x:19,y:0,l:94,w:35},{x:1,y:0,l:90,w:18},],
----------------------- 7 ---------------------------
canvasWidth:100,
canvasHeight:100,
data:[{x:1,y:0,l:25,w:99},{x:83,y:25,l:75,w:17},{x:52,y:25,l:74,w:31},{x:45,y:25,l:73,w:7},{x:31,y:25,l:71,w:14},{x:11,y:25,l:69,w:20},{x:0,y:25,l:45,w:11},],
----------------------- 8 ---------------------------
canvasWidth:100,
canvasHeight:100,
data:[{x:64,y:0,l:85,w:36},{x:0,y:0,l:81,w:64},{x:8,y:89,l:11,w:92},],
----------------------- 9 ---------------------------
canvasWidth:100,
canvasHeight:100,
data:[{x:28,y:0,l:12,w:72},{x:50,y:12,l:88,w:50},{x:28,y:12,l:80,w:22},{x:19,y:0,l:92,w:9},{x:0,y:0,l:89,w:19},],
----------------------- 10 ---------------------------
canvasWidth:100,
canvasHeight:100,
data:[{x:51,y:0,l:91,w:49},{x:54,y:91,l:8,w:46},{x:0,y:0,l:80,w:49},],
----------------------- 11 ---------------------------
canvasWidth:100,
canvasHeight:100,
data:[{x:82,y:0,l:94,w:18},{x:45,y:0,l:87,w:37},{x:38,y:0,l:79,w:7},{x:7,y:0,l:75,w:31},{x:0,y:0,l:67,w:7},],
----------------------- 12 ---------------------------
canvasWidth:100,
canvasHeight:100,
data:[{x:27,y:0,l:32,w:73},{x:65,y:32,l:68,w:35},{x:52,y:32,l:67,w:13},{x:29,y:32,l:66,w:23},{x:24,y:0,l:80,w:3},{x:9,y:0,l:78,w:15},{x:0,y:0,l:75,w:9},],
----------------------- 13 ---------------------------
canvasWidth:100,
canvasHeight:100,
data:[{x:14,y:0,l:37,w:86},{x:0,y:0,l:37,w:14},{x:0,y:37,l:16,w:100},{x:19,y:53,l:36,w:81},{x:9,y:53,l:35,w:10},],
----------------------- 14 ---------------------------
canvasWidth:100,
canvasHeight:100,
data:[{x:51,y:0,l:98,w:49},{x:47,y:0,l:98,w:4},{x:37,y:0,l:93,w:10},{x:0,y:0,l:84,w:37},],
