====================================== Class_09.2bp-40 =====================================
Reduced size: 100 usedBin: 0
[39, 79, 81, 96]
[14]
[7]
[6]
[28, 94, 97]
[0]
[2]
[10]
[8, 92]
[31]
[32]
[5, 82, 95]
[4, 89]
[1]
[36]
[53, 76]
[15, 77]
[18]
[44]
[13, 90]
[26]
[33]
[38]
[20]
[16]
[47, 86]
[3]
[17]
[68, 74]
[43]
[34, 71]
[57]
[45]
[29]
[30, 83]
[27]
[22]
[41]
[48]
[58]
[56]
[52]
[42]
[69]
[37]
[9]
[23]
[55, 62]
[49, 84]
[63]
[66, 85]
[54, 91]
[70]
[72]
[24, 78]
[61]
[11]
[25]
[60, 67]
[50, 88]
[51, 98]
[73]
[46]
[59, 75]
[65]
[64]
[35]
[12, 80, 93, 99]
[21, 87]
[40]
[19]
------------------------------------------------
Best fit used bin number: 71
Found best solution: 71 0.25

   Statrt add columnAndCut col: 71 cons: 0 cut: 0	0.328

	1 Start Add column using column generation  col: 71 cons: 0 cut: 0	0.328
			Start solve  LP :0.328
			End solve LP obj: 71.0 t: 0
	1 End Add column using column generation : 71.0 col: 71 cons: 0 cut: 0	0.328
   End add columnAndCut : 71.0 colGencnt: 1 price: 0 col: 71 cons: 0 cut: 0	0.328

Node lb: 71.0 ub: 71 : 0.328

Final Found Solution: 71 genNode: 1 extendedNode: 0:0.328
Bin size: 10000
1 : 5427,2025,1600,150, : 9202
2 : 6975, : 6975
3 : 7650, : 7650
4 : 7722, : 7722
5 : 6052,414,110, : 6576
6 : 9603, : 9603
7 : 9108, : 9108
8 : 7347, : 7347
9 : 7544,624, : 8168
10 : 5940, : 5940
11 : 5940, : 5940
12 : 7968,1536,264, : 9768
13 : 8190,750, : 8940
14 : 9408, : 9408
15 : 5544, : 5544
16 : 4704,2750, : 7454
17 : 6816,2349, : 9165
18 : 6650, : 6650
19 : 5220, : 5220
20 : 7189,684, : 7873
21 : 6188, : 6188
22 : 5808, : 5808
23 : 5487, : 5487
24 : 6486, : 6486
25 : 6762, : 6762
26 : 5100,1274, : 6374
27 : 9009, : 9009
28 : 6750, : 6750
29 : 3504,3111, : 6615
30 : 5225, : 5225
31 : 5766,3367, : 9133
32 : 4264, : 4264
33 : 5194, : 5194
34 : 6039, : 6039
35 : 6004,1520, : 7524
36 : 6138, : 6138
37 : 6432, : 6432
38 : 5254, : 5254
39 : 5082, : 5082
40 : 4209, : 4209
41 : 4416, : 4416
42 : 4740, : 4740
43 : 5229, : 5229
44 : 3480, : 3480
45 : 5494, : 5494
46 : 7505, : 7505
47 : 6370, : 6370
48 : 4524,3977, : 8501
49 : 5032,1360, : 6392
50 : 3906, : 3906
51 : 3575,1292, : 4867
52 : 4648,680, : 5328
53 : 3392, : 3392
54 : 3364, : 3364
55 : 6298,2079, : 8377
56 : 4026, : 4026
57 : 7296, : 7296
58 : 6232, : 6232
59 : 4042,3551, : 7593
60 : 5022,817, : 5839
61 : 5005,105, : 5110
62 : 3286, : 3286
63 : 5106, : 5106
64 : 4104,3024, : 7128
65 : 3717, : 3717
66 : 3780, : 3780
67 : 5628, : 5628
68 : 7238,1800,588,60, : 9686
69 : 6460,1261, : 7721
70 : 5340, : 5340
71 : 6586, : 6586
----------------------- 1 ---------------------------
canvasWidth:100,
canvasHeight:100,
data:[{x:0,y:0,l:16,w:100},{x:33,y:16,l:81,w:67},{x:3,y:16,l:5,w:30},{x:6,y:21,l:75,w:27},],
----------------------- 2 ---------------------------
canvasWidth:100,
canvasHeight:100,
data:[{x:25,y:0,l:93,w:75},],
----------------------- 3 ---------------------------
canvasWidth:100,
canvasHeight:100,
data:[{x:15,y:0,l:90,w:85},],
----------------------- 4 ---------------------------
canvasWidth:100,
canvasHeight:100,
data:[{x:22,y:0,l:99,w:78},],
----------------------- 5 ---------------------------
canvasWidth:100,
canvasHeight:100,
data:[{x:32,y:0,l:89,w:68},{x:89,y:89,l:10,w:11},{x:43,y:89,l:9,w:46},],
----------------------- 6 ---------------------------
canvasWidth:100,
canvasHeight:100,
data:[{x:3,y:0,l:99,w:97},],
----------------------- 7 ---------------------------
canvasWidth:100,
canvasHeight:100,
data:[{x:1,y:0,l:92,w:99},],
----------------------- 8 ---------------------------
canvasWidth:100,
canvasHeight:100,
data:[{x:21,y:0,l:93,w:79},],
----------------------- 9 ---------------------------
canvasWidth:100,
canvasHeight:100,
data:[{x:18,y:0,l:92,w:82},{x:22,y:92,l:8,w:78},],
----------------------- 10 ---------------------------
canvasWidth:100,
canvasHeight:100,
data:[{x:34,y:0,l:90,w:66},],
----------------------- 11 ---------------------------
canvasWidth:100,
canvasHeight:100,
data:[{x:40,y:0,l:99,w:60},],
----------------------- 12 ---------------------------
canvasWidth:100,
canvasHeight:100,
data:[{x:17,y:0,l:96,w:83},{x:1,y:0,l:96,w:16},{x:34,y:96,l:4,w:66},],
----------------------- 13 ---------------------------
canvasWidth:100,
canvasHeight:100,
data:[{x:10,y:0,l:91,w:90},{x:0,y:0,l:75,w:10},],
----------------------- 14 ---------------------------
canvasWidth:100,
canvasHeight:100,
data:[{x:2,y:0,l:96,w:98},],
----------------------- 15 ---------------------------
canvasWidth:100,
canvasHeight:100,
data:[{x:44,y:0,l:99,w:56},],
----------------------- 16 ---------------------------
canvasWidth:100,
canvasHeight:100,
data:[{x:52,y:0,l:98,w:48},{x:2,y:0,l:55,w:50},],
----------------------- 17 ---------------------------
canvasWidth:100,
canvasHeight:100,
data:[{x:29,y:0,l:96,w:71},{x:2,y:0,l:87,w:27},],
----------------------- 18 ---------------------------
canvasWidth:100,
canvasHeight:100,
data:[{x:30,y:0,l:95,w:70},],
----------------------- 19 ---------------------------
canvasWidth:100,
canvasHeight:100,
data:[{x:42,y:0,l:90,w:58},],
----------------------- 20 ---------------------------
canvasWidth:100,
canvasHeight:100,
data:[{x:21,y:0,l:91,w:79},{x:24,y:91,l:9,w:76},],
----------------------- 21 ---------------------------
canvasWidth:100,
canvasHeight:100,
data:[{x:32,y:0,l:91,w:68},],
----------------------- 22 ---------------------------
canvasWidth:100,
canvasHeight:100,
data:[{x:34,y:0,l:88,w:66},],
----------------------- 23 ---------------------------
canvasWidth:100,
canvasHeight:100,
data:[{x:41,y:0,l:93,w:59},],
----------------------- 24 ---------------------------
canvasWidth:100,
canvasHeight:100,
data:[{x:31,y:0,l:94,w:69},],
----------------------- 25 ---------------------------
canvasWidth:100,
canvasHeight:100,
data:[{x:31,y:0,l:98,w:69},],
----------------------- 26 ---------------------------
canvasWidth:100,
canvasHeight:100,
data:[{x:2,y:0,l:13,w:98},{x:40,y:13,l:85,w:60},],
----------------------- 27 ---------------------------
canvasWidth:100,
canvasHeight:100,
data:[{x:1,y:0,l:91,w:99},],
----------------------- 28 ---------------------------
canvasWidth:100,
canvasHeight:100,
data:[{x:25,y:0,l:90,w:75},],
----------------------- 29 ---------------------------
canvasWidth:100,
canvasHeight:100,
data:[{x:27,y:0,l:48,w:73},{x:39,y:48,l:51,w:61},],
----------------------- 30 ---------------------------
canvasWidth:100,
canvasHeight:100,
data:[{x:5,y:0,l:55,w:95},],
----------------------- 31 ---------------------------
canvasWidth:100,
canvasHeight:100,
data:[{x:7,y:0,l:62,w:93},{x:9,y:62,l:37,w:91},],
----------------------- 32 ---------------------------
canvasWidth:100,
canvasHeight:100,
data:[{x:18,y:0,l:52,w:82},],
----------------------- 33 ---------------------------
canvasWidth:100,
canvasHeight:100,
data:[{x:2,y:0,l:53,w:98},],
----------------------- 34 ---------------------------
canvasWidth:100,
canvasHeight:100,
data:[{x:1,y:0,l:61,w:99},],
----------------------- 35 ---------------------------
canvasWidth:100,
canvasHeight:100,
data:[{x:24,y:0,l:79,w:76},{x:4,y:0,l:76,w:20},],
----------------------- 36 ---------------------------
canvasWidth:100,
canvasHeight:100,
data:[{x:1,y:0,l:62,w:99},],
----------------------- 37 ---------------------------
canvasWidth:100,
canvasHeight:100,
data:[{x:4,y:0,l:67,w:96},],
----------------------- 38 ---------------------------
canvasWidth:100,
canvasHeight:100,
data:[{x:29,y:0,l:74,w:71},],
----------------------- 39 ---------------------------
canvasWidth:100,
canvasHeight:100,
data:[{x:34,y:0,l:77,w:66},],
----------------------- 40 ---------------------------
canvasWidth:100,
canvasHeight:100,
data:[{x:31,y:0,l:61,w:69},],
----------------------- 41 ---------------------------
canvasWidth:100,
canvasHeight:100,
data:[{x:36,y:0,l:69,w:64},],
----------------------- 42 ---------------------------
canvasWidth:100,
canvasHeight:100,
data:[{x:21,y:0,l:60,w:79},],
----------------------- 43 ---------------------------
canvasWidth:100,
canvasHeight:100,
data:[{x:37,y:0,l:83,w:63},],
----------------------- 44 ---------------------------
canvasWidth:100,
canvasHeight:100,
data:[{x:42,y:0,l:60,w:58},],
----------------------- 45 ---------------------------
canvasWidth:100,
canvasHeight:100,
data:[{x:33,y:0,l:82,w:67},],
----------------------- 46 ---------------------------
canvasWidth:100,
canvasHeight:100,
data:[{x:5,y:0,l:79,w:95},],
----------------------- 47 ---------------------------
canvasWidth:100,
canvasHeight:100,
data:[{x:9,y:0,l:70,w:91},],
----------------------- 48 ---------------------------
canvasWidth:100,
canvasHeight:100,
data:[{x:3,y:0,l:41,w:97},{x:22,y:42,l:58,w:78},],
----------------------- 49 ---------------------------
canvasWidth:100,
canvasHeight:100,
data:[{x:26,y:0,l:68,w:74},{x:6,y:0,l:68,w:20},],
----------------------- 50 ---------------------------
canvasWidth:100,
canvasHeight:100,
data:[{x:38,y:0,l:63,w:62},],
----------------------- 51 ---------------------------
canvasWidth:100,
canvasHeight:100,
data:[{x:35,y:0,l:55,w:65},{x:1,y:0,l:38,w:34},],
----------------------- 52 ---------------------------
canvasWidth:100,
canvasHeight:100,
data:[{x:17,y:0,l:56,w:83},{x:0,y:0,l:40,w:17},],
----------------------- 53 ---------------------------
canvasWidth:100,
canvasHeight:100,
data:[{x:36,y:0,l:53,w:64},],
----------------------- 54 ---------------------------
canvasWidth:100,
canvasHeight:100,
data:[{x:42,y:0,l:58,w:58},],
----------------------- 55 ---------------------------
canvasWidth:100,
canvasHeight:100,
data:[{x:6,y:0,l:67,w:94},{x:23,y:67,l:27,w:77},],
----------------------- 56 ---------------------------
canvasWidth:100,
canvasHeight:100,
data:[{x:34,y:0,l:61,w:66},],
----------------------- 57 ---------------------------
canvasWidth:100,
canvasHeight:100,
data:[{x:4,y:0,l:76,w:96},],
----------------------- 58 ---------------------------
canvasWidth:100,
canvasHeight:100,
data:[{x:18,y:0,l:76,w:82},],
----------------------- 59 ---------------------------
canvasWidth:100,
canvasHeight:100,
data:[{x:53,y:0,l:86,w:47},{x:0,y:0,l:67,w:53},],
----------------------- 60 ---------------------------
canvasWidth:100,
canvasHeight:100,
data:[{x:38,y:0,l:81,w:62},{x:57,y:81,l:19,w:43},],
----------------------- 61 ---------------------------
canvasWidth:100,
canvasHeight:100,
data:[{x:9,y:0,l:55,w:91},{x:2,y:0,l:15,w:7},],
----------------------- 62 ---------------------------
canvasWidth:100,
canvasHeight:100,
data:[{x:47,y:0,l:62,w:53},],
----------------------- 63 ---------------------------
canvasWidth:100,
canvasHeight:100,
data:[{x:26,y:0,l:69,w:74},],
----------------------- 64 ---------------------------
canvasWidth:100,
canvasHeight:100,
data:[{x:28,y:0,l:57,w:72},{x:28,y:57,l:42,w:72},],
----------------------- 65 ---------------------------
canvasWidth:100,
canvasHeight:100,
data:[{x:41,y:0,l:63,w:59},],
----------------------- 66 ---------------------------
canvasWidth:100,
canvasHeight:100,
data:[{x:46,y:0,l:70,w:54},],
----------------------- 67 ---------------------------
canvasWidth:100,
canvasHeight:100,
data:[{x:16,y:0,l:67,w:84},],
----------------------- 68 ---------------------------
canvasWidth:100,
canvasHeight:100,
data:[{x:94,y:0,l:98,w:6},{x:0,y:0,l:77,w:94},{x:4,y:77,l:20,w:90},{x:0,y:77,l:15,w:4},],
----------------------- 69 ---------------------------
canvasWidth:100,
canvasHeight:100,
data:[{x:87,y:0,l:97,w:13},{x:2,y:0,l:76,w:85},],
----------------------- 70 ---------------------------
canvasWidth:100,
canvasHeight:100,
data:[{x:11,y:0,l:60,w:89},],
----------------------- 71 ---------------------------
canvasWidth:100,
canvasHeight:100,
data:[{x:11,y:0,l:74,w:89},],
