====================================== Class_01.2bp-33 =====================================
Reduced size: 80 usedBin: 0
[5]
[6, 40]
[17, 28, 60]
[0]
[11, 27]
[7, 34]
[18, 26, 71]
[12, 44]
[1]
[15, 39]
[13, 38, 54, 74, 77]
[3, 45, 62]
[14, 30, 57]
[8, 47, 55]
[19, 48, 56, 64, 66, 76]
[2, 70]
[9, 46, 49]
[10, 50, 63, 65, 79]
[22, 42, 51, 69]
[23, 52]
[24, 36, 37]
[4, 61, 67, 68, 75, 78]
[31, 35, 53]
[33, 41, 43]
[20, 25, 73]
[16, 29, 58]
[21, 32, 59, 72]
------------------------------------------------
Best fit used bin number: 27
Found best solution: 27 0.125

   Statrt add columnAndCut col: 27 cons: 0 cut: 0	0.188

	1 Start Add column using column generation  col: 27 cons: 0 cut: 0	0.188
			Start solve  LP :0.188
			End solve LP obj: 27.0 t: 15
	1 End Add column using column generation : 27.0 col: 27 cons: 0 cut: 0	0.203
   End add columnAndCut : 27.0 colGencnt: 1 price: 0 col: 27 cons: 0 cut: 0	0.203

Node lb: 27.0 ub: 27 : 0.203

Final Found Solution: 27 genNode: 1 extendedNode: 0:0.203
Bin size: 100
1 : 70, : 70
2 : 70,24, : 94
3 : 50,40,9, : 99
4 : 90, : 90
5 : 60,40, : 100
6 : 70,30, : 100
7 : 50,40,5, : 95
8 : 60,21, : 81
9 : 80, : 80
10 : 54,24, : 78
11 : 56,27,12,3,2, : 100
12 : 72,20,8, : 100
13 : 54,36,10, : 100
14 : 64,20,12, : 96
15 : 49,18,12,8,7,3, : 97
16 : 72,6, : 78
17 : 64,20,16, : 100
18 : 63,16,8,8,2, : 97
19 : 42,24,15,6, : 87
20 : 42,15, : 57
21 : 42,30,28, : 100
22 : 72,9,7,7,3,2, : 100
23 : 35,30,15, : 80
24 : 30,24,24, : 78
25 : 45,40,4, : 89
26 : 54,36,10, : 100
27 : 45,32,10,5, : 92
----------------------- 1 ---------------------------
canvasWidth:10,
canvasHeight:10,
data:[{x:3,y:0,l:10,w:7},],
----------------------- 2 ---------------------------
canvasWidth:10,
canvasHeight:10,
data:[{x:0,y:0,l:7,w:10},{x:2,y:7,l:3,w:8},],
----------------------- 3 ---------------------------
canvasWidth:10,
canvasHeight:10,
data:[{x:5,y:0,l:10,w:5},{x:1,y:0,l:10,w:4},{x:0,y:0,l:9,w:1},],
----------------------- 4 ---------------------------
canvasWidth:10,
canvasHeight:10,
data:[{x:0,y:0,l:9,w:10},],
----------------------- 5 ---------------------------
canvasWidth:10,
canvasHeight:10,
data:[{x:0,y:0,l:6,w:10},{x:0,y:6,l:4,w:10},],
----------------------- 6 ---------------------------
canvasWidth:10,
canvasHeight:10,
data:[{x:3,y:0,l:10,w:7},{x:0,y:0,l:10,w:3},],
----------------------- 7 ---------------------------
canvasWidth:10,
canvasHeight:10,
data:[{x:0,y:0,l:5,w:10},{x:2,y:5,l:5,w:8},{x:1,y:5,l:5,w:1},],
----------------------- 8 ---------------------------
canvasWidth:10,
canvasHeight:10,
data:[{x:0,y:0,l:6,w:10},{x:3,y:6,l:3,w:7},],
----------------------- 9 ---------------------------
canvasWidth:10,
canvasHeight:10,
data:[{x:0,y:0,l:8,w:10},],
----------------------- 10 ---------------------------
canvasWidth:10,
canvasHeight:10,
data:[{x:4,y:0,l:9,w:6},{x:0,y:0,l:6,w:4},],
----------------------- 11 ---------------------------
canvasWidth:10,
canvasHeight:10,
data:[{x:2,y:0,l:7,w:8},{x:0,y:0,l:6,w:2},{x:0,y:6,l:1,w:2},{x:1,y:7,l:3,w:9},{x:0,y:7,l:3,w:1},],
----------------------- 12 ---------------------------
canvasWidth:10,
canvasHeight:10,
data:[{x:2,y:0,l:9,w:8},{x:2,y:9,l:1,w:8},{x:0,y:0,l:10,w:2},],
----------------------- 13 ---------------------------
canvasWidth:10,
canvasHeight:10,
data:[{x:1,y:0,l:6,w:9},{x:1,y:6,l:4,w:9},{x:0,y:0,l:10,w:1},],
----------------------- 14 ---------------------------
canvasWidth:10,
canvasHeight:10,
data:[{x:8,y:0,l:10,w:2},{x:0,y:0,l:8,w:8},{x:2,y:8,l:2,w:6},],
----------------------- 15 ---------------------------
canvasWidth:10,
canvasHeight:10,
data:[{x:3,y:0,l:7,w:7},{x:4,y:7,l:3,w:6},{x:3,y:7,l:3,w:1},{x:1,y:0,l:6,w:2},{x:1,y:6,l:4,w:2},{x:0,y:0,l:7,w:1},],
----------------------- 16 ---------------------------
canvasWidth:10,
canvasHeight:10,
data:[{x:1,y:0,l:8,w:9},{x:0,y:0,l:6,w:1},],
----------------------- 17 ---------------------------
canvasWidth:10,
canvasHeight:10,
data:[{x:2,y:0,l:8,w:8},{x:0,y:0,l:8,w:2},{x:0,y:8,l:2,w:10},],
----------------------- 18 ---------------------------
canvasWidth:10,
canvasHeight:10,
data:[{x:3,y:0,l:9,w:7},{x:1,y:0,l:8,w:2},{x:1,y:8,l:1,w:2},{x:0,y:0,l:8,w:1},{x:2,y:9,l:1,w:8},],
----------------------- 19 ---------------------------
canvasWidth:10,
canvasHeight:10,
data:[{x:2,y:0,l:3,w:8},{x:0,y:0,l:3,w:2},{x:3,y:3,l:6,w:7},{x:0,y:3,l:5,w:3},],
----------------------- 20 ---------------------------
canvasWidth:10,
canvasHeight:10,
data:[{x:3,y:0,l:6,w:7},{x:0,y:0,l:5,w:3},],
----------------------- 21 ---------------------------
canvasWidth:10,
canvasHeight:10,
data:[{x:3,y:0,l:6,w:7},{x:3,y:6,l:4,w:7},{x:0,y:0,l:10,w:3},],
----------------------- 22 ---------------------------
canvasWidth:10,
canvasHeight:10,
data:[{x:2,y:0,l:9,w:8},{x:1,y:0,l:9,w:1},{x:0,y:0,l:7,w:1},{x:0,y:7,l:2,w:1},{x:3,y:9,l:1,w:7},{x:0,y:9,l:1,w:3},],
----------------------- 23 ---------------------------
canvasWidth:10,
canvasHeight:10,
data:[{x:5,y:0,l:7,w:5},{x:5,y:7,l:3,w:5},{x:0,y:0,l:6,w:5},],
----------------------- 24 ---------------------------
canvasWidth:10,
canvasHeight:10,
data:[{x:6,y:0,l:6,w:4},{x:0,y:0,l:5,w:6},{x:2,y:6,l:3,w:8},],
----------------------- 25 ---------------------------
canvasWidth:10,
canvasHeight:10,
data:[{x:5,y:0,l:9,w:5},{x:6,y:9,l:1,w:4},{x:0,y:0,l:8,w:5},],
----------------------- 26 ---------------------------
canvasWidth:10,
canvasHeight:10,
data:[{x:4,y:0,l:9,w:6},{x:0,y:0,l:9,w:4},{x:0,y:9,l:1,w:10},],
----------------------- 27 ---------------------------
canvasWidth:10,
canvasHeight:10,
data:[{x:5,y:0,l:9,w:5},{x:5,y:9,l:1,w:5},{x:4,y:0,l:10,w:1},{x:0,y:0,l:8,w:4},],
