====================================== Class_10.2bp-27 =====================================
Reduced size: 60 usedBin: 0
[3, 15, 27, 30, 45, 53, 56, 57]
[2, 20, 21, 28, 38, 50]
[1, 34, 37, 54, 55]
[4, 9, 33]
[6, 11, 13, 48]
[0, 42]
[8, 10, 17, 31, 35, 49, 52]
[7, 14, 18, 25, 39, 51, 59]
[5, 19, 22, 24, 29]
[12, 16, 23, 26, 32, 36, 40, 41, 43, 44, 46, 47, 58]
------------------------------------------------
Best fit used bin number: 10
Found best solution: 10 0.245

   Statrt add columnAndCut col: 10 cons: 0 cut: 0	0.319

	1 Start Add column using column generation  col: 10 cons: 0 cut: 0	0.319
			Start solve  LP :0.32
			End solve LP obj: 10.0 t: 2
	1 End Add column using column generation : 10.0 col: 10 cons: 0 cut: 0	0.322
   End add columnAndCut : 10.0 colGencnt: 1 price: 0 col: 10 cons: 0 cut: 0	0.323

Node lb: 10.0 ub: 10 : 0.323

Final Found Solution: 10 genNode: 1 extendedNode: 0:0.324
Bin size: 10000
1 : 5520,1474,893,726,342,78,58,38, : 9129
2 : 5780,1178,1073,792,532,144, : 9499
3 : 6888,630,560,64,60, : 8202
4 : 5133,3276,650, : 9059
5 : 4600,2160,1813,188, : 8761
6 : 8554,392, : 8946
7 : 3363,2926,1320,703,630,160,88, : 9190
8 : 4233,1760,1260,1032,480,105,15, : 8885
9 : 5110,1188,1050,1035,756, : 9139
10 : 1911,1428,1044,992,667,589,400,399,384,351,323,248,36, : 8772
----------------------- 1 ---------------------------
canvasWidth:100,
canvasHeight:100,
data:[{x:78,y:0,l:67,w:22},{x:78,y:67,l:33,w:22},{x:9,y:0,l:80,w:69},{x:31,y:80,l:19,w:47},{x:2,y:80,l:2,w:29},{x:12,y:82,l:18,w:19},{x:0,y:0,l:39,w:2},{x:1,y:39,l:38,w:1},],
----------------------- 2 ---------------------------
canvasWidth:100,
canvasHeight:100,
data:[{x:15,y:0,l:68,w:85},{x:3,y:0,l:66,w:12},{x:62,y:68,l:31,w:38},{x:25,y:68,l:29,w:37},{x:6,y:68,l:28,w:19},{x:0,y:68,l:24,w:6},],
----------------------- 3 ---------------------------
canvasWidth:100,
canvasHeight:100,
data:[{x:18,y:0,l:84,w:82},{x:2,y:0,l:35,w:16},{x:2,y:35,l:4,w:16},{x:0,y:0,l:30,w:2},{x:4,y:39,l:45,w:14},],
----------------------- 4 ---------------------------
canvasWidth:100,
canvasHeight:100,
data:[{x:13,y:0,l:59,w:87},{x:0,y:0,l:50,w:13},{x:9,y:59,l:36,w:91},],
----------------------- 5 ---------------------------
canvasWidth:100,
canvasHeight:100,
data:[{x:8,y:0,l:50,w:92},{x:63,y:50,l:49,w:37},{x:59,y:50,l:47,w:4},{x:11,y:50,l:45,w:48},],
----------------------- 6 ---------------------------
canvasWidth:100,
canvasHeight:100,
data:[{x:6,y:0,l:91,w:94},{x:51,y:91,l:8,w:49},],
----------------------- 7 ---------------------------
canvasWidth:100,
canvasHeight:100,
data:[{x:43,y:0,l:59,w:57},{x:67,y:59,l:40,w:33},{x:48,y:59,l:37,w:19},{x:43,y:59,l:32,w:5},{x:45,y:96,l:4,w:22},{x:5,y:0,l:77,w:38},{x:8,y:77,l:18,w:35},],
----------------------- 8 ---------------------------
canvasWidth:100,
canvasHeight:100,
data:[{x:49,y:0,l:83,w:51},{x:52,y:83,l:10,w:48},{x:49,y:83,l:5,w:3},{x:35,y:0,l:90,w:14},{x:23,y:0,l:86,w:12},{x:3,y:0,l:88,w:20},{x:0,y:0,l:35,w:3},],
----------------------- 9 ---------------------------
canvasWidth:100,
canvasHeight:100,
data:[{x:30,y:0,l:73,w:70},{x:3,y:0,l:28,w:27},{x:7,y:28,l:45,w:23},{x:56,y:73,l:27,w:44},{x:6,y:73,l:21,w:50},],
----------------------- 10 ---------------------------
canvasWidth:100,
canvasHeight:100,
data:[{x:51,y:0,l:39,w:49},{x:42,y:0,l:39,w:9},{x:68,y:39,l:31,w:32},{x:69,y:70,l:19,w:31},{x:69,y:89,l:8,w:31},{x:43,y:39,l:16,w:25},{x:49,y:55,l:21,w:19},{x:49,y:76,l:17,w:19},{x:0,y:0,l:34,w:42},{x:13,y:34,l:36,w:29},{x:1,y:34,l:32,w:12},{x:1,y:66,l:3,w:12},{x:13,y:70,l:23,w:29},],
