====================================== Class_04.2bp-14 =====================================
Reduced size: 40 usedBin: 0
[0, 1, 2, 7, 9, 10, 11, 12, 13, 14, 16, 18, 19, 20, 21, 26, 28, 30, 32, 33, 34, 35, 37, 38]
[3, 4, 5, 6, 8, 15, 17, 22, 23, 24, 25, 27, 29, 31, 36, 39]
------------------------------------------------
Best fit used bin number: 2
Found best solution: 2 0.282

   Statrt add columnAndCut col: 2 cons: 0 cut: 0	0.344

	1 Start Add column using column generation  col: 2 cons: 0 cut: 0	0.344
			Start solve  LP :0.344
			End solve LP obj: 2.0 t: 0
	1 End Add column using column generation : 2.0 col: 2 cons: 0 cut: 0	0.344
   End add columnAndCut : 2.0 colGencnt: 1 price: 0 col: 2 cons: 0 cut: 0	0.344

Node lb: 2.0 ub: 2 : 0.344

Final Found Solution: 2 genNode: 1 extendedNode: 0:0.344
Bin size: 10000
1 : 1190,990,945,665,595,546,510,459,442,375,342,336,315,288,243,189,147,135,81,69,49,44,36,15, : 9006
2 : 918,918,891,676,648,360,341,234,204,198,196,180,145,133,44,10, : 6096
----------------------- 1 ---------------------------
canvasWidth:100,
canvasHeight:100,
data:[{x:65,y:0,l:34,w:35},{x:65,y:34,l:27,w:35},{x:65,y:61,l:17,w:35},{x:91,y:78,l:4,w:9},{x:32,y:0,l:30,w:33},{x:15,y:0,l:30,w:17},{x:44,y:30,l:26,w:21},{x:44,y:56,l:7,w:21},{x:47,y:63,l:19,w:18},{x:17,y:30,l:17,w:27},{x:25,y:47,l:35,w:19},{x:16,y:47,l:21,w:9},{x:84,y:82,l:18,w:16},{x:49,y:82,l:9,w:35},{x:57,y:91,l:9,w:27},{x:50,y:91,l:7,w:7},{x:15,y:82,l:13,w:34},{x:0,y:0,l:25,w:15},{x:0,y:25,l:1,w:15},{x:3,y:26,l:28,w:12},{x:0,y:26,l:27,w:3},{x:10,y:54,l:27,w:5},{x:11,y:81,l:11,w:4},{x:7,y:54,l:23,w:3},],
----------------------- 2 ---------------------------
canvasWidth:100,
canvasHeight:100,
data:[{x:66,y:0,l:27,w:34},{x:66,y:27,l:27,w:34},{x:94,y:54,l:34,w:6},{x:67,y:54,l:33,w:27},{x:69,y:89,l:11,w:31},{x:40,y:0,l:26,w:26},{x:36,y:0,l:11,w:4},{x:3,y:0,l:6,w:33},{x:7,y:6,l:5,w:29},{x:5,y:6,l:5,w:2},{x:10,y:11,l:6,w:30},{x:14,y:17,l:9,w:26},{x:39,y:26,l:24,w:27},{x:15,y:26,l:15,w:24},{x:11,y:41,l:7,w:28},{x:47,y:50,l:7,w:19},],
