====================================== Class_09.2bp-46 =====================================
Reduced size: 100 usedBin: 0
[57, 70, 73]
[28]
[45, 69]
[54, 89]
[13]
[0, 91]
[42, 62, 90, 98]
[52, 78]
[2, 87]
[44]
[20]
[65, 84, 93]
[22]
[43, 71]
[23, 88]
[34]
[39, 85]
[25, 63, 92, 97, 99]
[67]
[61]
[17]
[19, 77, 96]
[33]
[60, 64]
[3]
[27]
[56]
[58, 59]
[31, 79, 80, 94]
[53]
[40]
[10]
[46]
[14]
[8, 83]
[35]
[55, 82]
[26, 95]
[48, 86]
[16]
[15]
[37, 50]
[49, 76]
[74]
[41]
[4]
[12, 81]
[36]
[47]
[72]
[1]
[68]
[21]
[11, 75]
[7]
[32]
[6]
[29]
[51]
[9]
[30]
[18]
[5]
[38]
[66]
[24]
------------------------------------------------
Best fit used bin number: 66
Found best solution: 66 0.281

   Statrt add columnAndCut col: 66 cons: 0 cut: 0	0.359

	1 Start Add column using column generation  col: 66 cons: 0 cut: 0	0.359
			Start solve  LP :0.359
			End solve LP obj: 66.0 t: 0
	1 End Add column using column generation : 66.0 col: 66 cons: 0 cut: 0	0.359
   End add columnAndCut : 66.0 colGencnt: 1 price: 0 col: 66 cons: 0 cut: 0	0.359

Node lb: 66.0 ub: 66 : 0.359

Final Found Solution: 66 genNode: 1 extendedNode: 0:0.359
Bin size: 10000
1 : 3696,3100,2904, : 9700
2 : 5500, : 5500
3 : 4650,3132, : 7782
4 : 3975,528, : 4503
5 : 6480, : 6480
6 : 9215,350, : 9565
7 : 4823,3542,492,65, : 8922
8 : 4047,2077, : 6124
9 : 8820,720, : 9540
10 : 4740, : 4740
11 : 6175, : 6175
12 : 3348,1470,152, : 4970
13 : 6120, : 6120
14 : 4779,3040, : 7819
15 : 5934,600, : 6534
16 : 5194, : 5194
17 : 5040,1232, : 6272
18 : 5760,3404,288,92,32, : 9576
19 : 3276, : 3276
20 : 3591, : 3591
21 : 6290, : 6290
22 : 6188,2349,108, : 8645
23 : 5292, : 5292
24 : 3599,3362, : 6961
25 : 8439, : 8439
26 : 5568, : 5568
27 : 3705, : 3705
28 : 3686,3658, : 7344
29 : 5382,2059,1716,146, : 9303
30 : 4000, : 4000
31 : 4960, : 4960
32 : 6808, : 6808
33 : 4641, : 4641
34 : 6392, : 6392
35 : 7020,1584, : 8604
36 : 5180, : 5180
37 : 3819,1650, : 5469
38 : 5704,136, : 5840
39 : 4524,912, : 5436
40 : 6298, : 6298
41 : 6320, : 6320
42 : 5130,4171, : 9301
43 : 4392,2408, : 6800
44 : 2756, : 2756
45 : 4940, : 4940
46 : 8372, : 8372
47 : 6675,1656, : 8331
48 : 5168, : 5168
49 : 4560, : 4560
50 : 2968, : 2968
51 : 8900, : 8900
52 : 3224, : 3224
53 : 6141, : 6141
54 : 6693,2700, : 9393
55 : 7068, : 7068
56 : 5293, : 5293
57 : 7968, : 7968
58 : 5395, : 5395
59 : 4118, : 4118
60 : 6966, : 6966
61 : 5394, : 5394
62 : 6256, : 6256
63 : 8190, : 8190
64 : 5100, : 5100
65 : 3328, : 3328
66 : 5859, : 5859
----------------------- 1 ---------------------------
canvasWidth:100,
canvasHeight:100,
data:[{x:0,y:0,l:31,w:100},{x:44,y:31,l:66,w:56},{x:0,y:31,l:66,w:44},],
----------------------- 2 ---------------------------
canvasWidth:100,
canvasHeight:100,
data:[{x:45,y:0,l:100,w:55},],
----------------------- 3 ---------------------------
canvasWidth:100,
canvasHeight:100,
data:[{x:13,y:0,l:36,w:87},{x:25,y:36,l:62,w:75},],
----------------------- 4 ---------------------------
canvasWidth:100,
canvasHeight:100,
data:[{x:25,y:0,l:53,w:75},{x:3,y:0,l:24,w:22},],
----------------------- 5 ---------------------------
canvasWidth:100,
canvasHeight:100,
data:[{x:20,y:0,l:81,w:80},],
----------------------- 6 ---------------------------
canvasWidth:100,
canvasHeight:100,
data:[{x:5,y:0,l:97,w:95},{x:0,y:0,l:70,w:5},],
----------------------- 7 ---------------------------
canvasWidth:100,
canvasHeight:100,
data:[{x:9,y:0,l:53,w:91},{x:23,y:53,l:46,w:77},{x:10,y:53,l:5,w:13},{x:11,y:58,l:41,w:12},],
----------------------- 8 ---------------------------
canvasWidth:100,
canvasHeight:100,
data:[{x:43,y:0,l:71,w:57},{x:12,y:0,l:67,w:31},],
----------------------- 9 ---------------------------
canvasWidth:100,
canvasHeight:100,
data:[{x:10,y:0,l:98,w:90},{x:0,y:0,l:72,w:10},],
----------------------- 10 ---------------------------
canvasWidth:100,
canvasHeight:100,
data:[{x:21,y:0,l:60,w:79},],
----------------------- 11 ---------------------------
canvasWidth:100,
canvasHeight:100,
data:[{x:5,y:0,l:65,w:95},],
----------------------- 12 ---------------------------
canvasWidth:100,
canvasHeight:100,
data:[{x:38,y:0,l:54,w:62},{x:8,y:0,l:49,w:30},{x:0,y:0,l:19,w:8},],
----------------------- 13 ---------------------------
canvasWidth:100,
canvasHeight:100,
data:[{x:32,y:0,l:90,w:68},],
----------------------- 14 ---------------------------
canvasWidth:100,
canvasHeight:100,
data:[{x:41,y:0,l:81,w:59},{x:3,y:0,l:80,w:38},],
----------------------- 15 ---------------------------
canvasWidth:100,
canvasHeight:100,
data:[{x:31,y:0,l:86,w:69},{x:50,y:86,l:12,w:50},],
----------------------- 16 ---------------------------
canvasWidth:100,
canvasHeight:100,
data:[{x:47,y:0,l:98,w:53},],
----------------------- 17 ---------------------------
canvasWidth:100,
canvasHeight:100,
data:[{x:23,y:0,l:16,w:77},{x:40,y:16,l:84,w:60},],
----------------------- 18 ---------------------------
canvasWidth:100,
canvasHeight:100,
data:[{x:97,y:0,l:96,w:3},{x:1,y:0,l:60,w:96},{x:5,y:60,l:37,w:92},{x:1,y:60,l:8,w:4},{x:0,y:0,l:92,w:1},],
----------------------- 19 ---------------------------
canvasWidth:100,
canvasHeight:100,
data:[{x:48,y:0,l:63,w:52},],
----------------------- 20 ---------------------------
canvasWidth:100,
canvasHeight:100,
data:[{x:37,y:0,l:57,w:63},],
----------------------- 21 ---------------------------
canvasWidth:100,
canvasHeight:100,
data:[{x:15,y:0,l:74,w:85},],
----------------------- 22 ---------------------------
canvasWidth:100,
canvasHeight:100,
data:[{x:32,y:0,l:91,w:68},{x:3,y:0,l:81,w:29},{x:20,y:81,l:9,w:12},],
----------------------- 23 ---------------------------
canvasWidth:100,
canvasHeight:100,
data:[{x:2,y:0,l:54,w:98},],
----------------------- 24 ---------------------------
canvasWidth:100,
canvasHeight:100,
data:[{x:18,y:0,l:41,w:82},{x:39,y:41,l:59,w:61},],
----------------------- 25 ---------------------------
canvasWidth:100,
canvasHeight:100,
data:[{x:13,y:0,l:97,w:87},],
----------------------- 26 ---------------------------
canvasWidth:100,
canvasHeight:100,
data:[{x:13,y:0,l:64,w:87},],
----------------------- 27 ---------------------------
canvasWidth:100,
canvasHeight:100,
data:[{x:43,y:0,l:65,w:57},],
----------------------- 28 ---------------------------
canvasWidth:100,
canvasHeight:100,
data:[{x:3,y:0,l:38,w:97},{x:41,y:38,l:62,w:59},],
----------------------- 29 ---------------------------
canvasWidth:100,
canvasHeight:100,
data:[{x:31,y:0,l:78,w:69},{x:29,y:0,l:73,w:2},{x:0,y:0,l:71,w:29},{x:22,y:78,l:22,w:78},],
----------------------- 30 ---------------------------
canvasWidth:100,
canvasHeight:100,
data:[{x:20,y:0,l:50,w:80},],
----------------------- 31 ---------------------------
canvasWidth:100,
canvasHeight:100,
data:[{x:20,y:0,l:62,w:80},],
----------------------- 32 ---------------------------
canvasWidth:100,
canvasHeight:100,
data:[{x:26,y:0,l:92,w:74},],
----------------------- 33 ---------------------------
canvasWidth:100,
canvasHeight:100,
data:[{x:9,y:0,l:51,w:91},],
----------------------- 34 ---------------------------
canvasWidth:100,
canvasHeight:100,
data:[{x:6,y:0,l:68,w:94},],
----------------------- 35 ---------------------------
canvasWidth:100,
canvasHeight:100,
data:[{x:22,y:0,l:90,w:78},{x:0,y:0,l:72,w:22},],
----------------------- 36 ---------------------------
canvasWidth:100,
canvasHeight:100,
data:[{x:26,y:0,l:70,w:74},],
----------------------- 37 ---------------------------
canvasWidth:100,
canvasHeight:100,
data:[{x:43,y:0,l:67,w:57},{x:50,y:67,l:33,w:50},],
----------------------- 38 ---------------------------
canvasWidth:100,
canvasHeight:100,
data:[{x:38,y:0,l:92,w:62},{x:83,y:92,l:8,w:17},],
----------------------- 39 ---------------------------
canvasWidth:100,
canvasHeight:100,
data:[{x:42,y:0,l:78,w:58},{x:52,y:78,l:19,w:48},],
----------------------- 40 ---------------------------
canvasWidth:100,
canvasHeight:100,
data:[{x:6,y:0,l:67,w:94},],
----------------------- 41 ---------------------------
canvasWidth:100,
canvasHeight:100,
data:[{x:20,y:0,l:79,w:80},],
----------------------- 42 ---------------------------
canvasWidth:100,
canvasHeight:100,
data:[{x:57,y:0,l:97,w:43},{x:0,y:0,l:90,w:57},],
----------------------- 43 ---------------------------
canvasWidth:100,
canvasHeight:100,
data:[{x:72,y:0,l:86,w:28},{x:0,y:0,l:61,w:72},],
----------------------- 44 ---------------------------
canvasWidth:100,
canvasHeight:100,
data:[{x:48,y:0,l:53,w:52},],
----------------------- 45 ---------------------------
canvasWidth:100,
canvasHeight:100,
data:[{x:48,y:0,l:95,w:52},],
----------------------- 46 ---------------------------
canvasWidth:100,
canvasHeight:100,
data:[{x:8,y:0,l:91,w:92},],
----------------------- 47 ---------------------------
canvasWidth:100,
canvasHeight:100,
data:[{x:25,y:0,l:89,w:75},{x:1,y:0,l:69,w:24},],
----------------------- 48 ---------------------------
canvasWidth:100,
canvasHeight:100,
data:[{x:24,y:0,l:68,w:76},],
----------------------- 49 ---------------------------
canvasWidth:100,
canvasHeight:100,
data:[{x:24,y:0,l:60,w:76},],
----------------------- 50 ---------------------------
canvasWidth:100,
canvasHeight:100,
data:[{x:47,y:0,l:56,w:53},],
----------------------- 51 ---------------------------
canvasWidth:100,
canvasHeight:100,
data:[{x:0,y:0,l:89,w:100},],
----------------------- 52 ---------------------------
canvasWidth:100,
canvasHeight:100,
data:[{x:38,y:0,l:52,w:62},],
----------------------- 53 ---------------------------
canvasWidth:100,
canvasHeight:100,
data:[{x:31,y:0,l:89,w:69},],
----------------------- 54 ---------------------------
canvasWidth:100,
canvasHeight:100,
data:[{x:0,y:0,l:27,w:100},{x:3,y:27,l:69,w:97},],
----------------------- 55 ---------------------------
canvasWidth:100,
canvasHeight:100,
data:[{x:7,y:0,l:76,w:93},],
----------------------- 56 ---------------------------
canvasWidth:100,
canvasHeight:100,
data:[{x:21,y:0,l:67,w:79},],
----------------------- 57 ---------------------------
canvasWidth:100,
canvasHeight:100,
data:[{x:17,y:0,l:96,w:83},],
----------------------- 58 ---------------------------
canvasWidth:100,
canvasHeight:100,
data:[{x:17,y:0,l:65,w:83},],
----------------------- 59 ---------------------------
canvasWidth:100,
canvasHeight:100,
data:[{x:42,y:0,l:71,w:58},],
----------------------- 60 ---------------------------
canvasWidth:100,
canvasHeight:100,
data:[{x:19,y:0,l:86,w:81},],
----------------------- 61 ---------------------------
canvasWidth:100,
canvasHeight:100,
data:[{x:42,y:0,l:93,w:58},],
----------------------- 62 ---------------------------
canvasWidth:100,
canvasHeight:100,
data:[{x:32,y:0,l:92,w:68},],
----------------------- 63 ---------------------------
canvasWidth:100,
canvasHeight:100,
data:[{x:9,y:0,l:90,w:91},],
----------------------- 64 ---------------------------
canvasWidth:100,
canvasHeight:100,
data:[{x:25,y:0,l:68,w:75},],
----------------------- 65 ---------------------------
canvasWidth:100,
canvasHeight:100,
data:[{x:48,y:0,l:64,w:52},],
----------------------- 66 ---------------------------
canvasWidth:100,
canvasHeight:100,
data:[{x:7,y:0,l:63,w:93},],
