====================================== Class_02.2bp-3 =====================================
Reduced size: 20 usedBin: 0
[0, 1, 2, 3, 4, 5, 6, 7, 8, 9, 10, 11, 12, 13, 14, 15, 16, 17, 18, 19]
------------------------------------------------
Best fit used bin number: 1
Found best solution: 1 0.141

   Statrt add columnAndCut col: 1 cons: 0 cut: 0	0.203

	1 Start Add column using column generation  col: 1 cons: 0 cut: 0	0.203
			Start solve  LP :0.203
			End solve LP obj: 1.0 t: 0
	1 End Add column using column generation : 1.0 col: 1 cons: 0 cut: 0	0.203
   End add columnAndCut : 1.0 colGencnt: 1 price: 0 col: 1 cons: 0 cut: 0	0.203

Node lb: 1.0 ub: 1 : 0.203

Final Found Solution: 1 genNode: 1 extendedNode: 0:0.203
Bin size: 900
1 : 54,49,45,42,42,36,28,24,24,21,18,16,14,12,12,10,9,8,3,3, : 470
----------------------- 1 ---------------------------
canvasWidth:30,
canvasHeight:30,
data:[{x:23,y:0,l:6,w:7},{x:23,y:6,l:2,w:7},{x:22,y:0,l:8,w:1},{x:16,y:0,l:7,w:6},{x:19,y:7,l:1,w:3},{x:9,y:0,l:4,w:7},{x:9,y:4,l:3,w:7},{x:0,y:0,l:6,w:9},{x:25,y:8,l:9,w:5},{x:27,y:17,l:8,w:3},{x:27,y:25,l:4,w:3},{x:27,y:29,l:1,w:3},{x:25,y:17,l:8,w:2},{x:21,y:8,l:9,w:4},{x:23,y:17,l:6,w:2},{x:11,y:8,l:1,w:10},{x:2,y:8,l:1,w:9},{x:13,y:9,l:3,w:8},{x:7,y:9,l:3,w:6},{x:14,y:12,l:7,w:7},],
