====================================== Class_02.2bp-29 =====================================
Reduced size: 60 usedBin: 0
[0, 1, 2, 3, 4, 5, 10, 12, 17, 19, 20, 24, 27, 29, 35, 40, 45, 55, 59]
[6, 7, 8, 9, 11, 13, 14, 15, 18, 23, 26, 28, 30, 31, 32, 33, 42, 47, 49, 50, 52, 53, 54, 57, 58]
[16, 21, 22, 25, 34, 36, 37, 38, 39, 41, 43, 44, 46, 48, 51, 56]
------------------------------------------------
Best fit used bin number: 3
Found best solution: 3 0.125

   Statrt add columnAndCut col: 3 cons: 0 cut: 0	0.187

	1 Start Add column using column generation  col: 3 cons: 0 cut: 0	0.187
			Start solve  LP :0.187
			End solve LP obj: 3.0 t: 0
	1 End Add column using column generation : 3.0 col: 3 cons: 0 cut: 0	0.187
   End add columnAndCut : 3.0 colGencnt: 1 price: 0 col: 3 cons: 0 cut: 0	0.187

Node lb: 3.0 ub: 3 : 0.187

Final Found Solution: 3 genNode: 1 extendedNode: 0:0.187
Bin size: 900
1 : 80,80,80,72,72,70,63,60,48,45,42,32,30,30,25,21,16,8,2, : 876
2 : 70,70,64,63,60,54,54,54,48,36,32,30,30,28,27,27,20,14,12,12,10,10,10,6,4, : 845
3 : 54,40,36,32,27,24,24,24,24,20,18,18,16,12,12,6, : 387
----------------------- 1 ---------------------------
canvasWidth:30,
canvasHeight:30,
data:[{x:20,y:0,l:6,w:10},{x:12,y:0,l:6,w:8},{x:5,y:0,l:6,w:7},{x:0,y:0,l:6,w:5},{x:20,y:6,l:8,w:10},{x:20,y:14,l:8,w:10},{x:21,y:22,l:8,w:9},{x:20,y:22,l:8,w:1},{x:13,y:6,l:10,w:7},{x:13,y:16,l:9,w:7},{x:14,y:25,l:5,w:6},{x:5,y:6,l:10,w:8},{x:0,y:6,l:9,w:5},{x:3,y:15,l:1,w:2},{x:5,y:16,l:9,w:8},{x:5,y:25,l:4,w:8},{x:0,y:16,l:5,w:5},{x:3,y:21,l:8,w:2},{x:0,y:21,l:7,w:3},],
----------------------- 2 ---------------------------
canvasWidth:30,
canvasHeight:30,
data:[{x:23,y:0,l:10,w:7},{x:23,y:10,l:10,w:7},{x:24,y:20,l:10,w:6},{x:15,y:0,l:8,w:8},{x:9,y:0,l:6,w:6},{x:10,y:6,l:2,w:5},{x:0,y:0,l:7,w:9},{x:17,y:8,l:9,w:6},{x:17,y:17,l:8,w:6},{x:17,y:25,l:5,w:6},{x:15,y:8,l:10,w:2},{x:15,y:18,l:6,w:2},{x:12,y:8,l:9,w:3},{x:10,y:8,l:7,w:2},{x:10,y:15,l:2,w:2},{x:11,y:17,l:7,w:4},{x:0,y:8,l:3,w:10},{x:0,y:11,l:1,w:10},{x:0,y:12,l:1,w:10},{x:1,y:13,l:6,w:9},{x:1,y:19,l:3,w:9},{x:4,y:22,l:2,w:6},{x:8,y:24,l:6,w:9},{x:0,y:24,l:4,w:8},{x:5,y:28,l:2,w:3},],
----------------------- 3 ---------------------------
canvasWidth:30,
canvasHeight:30,
data:[{x:21,y:0,l:6,w:9},{x:12,y:0,l:3,w:9},{x:13,y:3,l:3,w:8},{x:4,y:0,l:3,w:8},{x:0,y:0,l:3,w:4},{x:26,y:6,l:10,w:4},{x:26,y:16,l:9,w:4},{x:26,y:25,l:5,w:4},{x:22,y:6,l:8,w:4},{x:22,y:14,l:6,w:4},{x:22,y:20,l:4,w:4},{x:23,y:24,l:6,w:3},{x:19,y:6,l:8,w:3},{x:19,y:14,l:4,w:3},{x:20,y:18,l:9,w:2},{x:20,y:27,l:3,w:2},],
