====================================== Class_04.2bp-35 =====================================
Reduced size: 80 usedBin: 0
[0, 1, 4, 7, 9, 10, 11, 13, 14, 16, 22, 25, 41, 49, 50, 51, 58, 59, 69, 70, 71, 73, 74, 76]
[2, 3, 5, 6, 8, 12, 15, 18, 20, 21, 26, 32, 34, 36, 37, 44, 61, 65, 66, 67, 68, 72, 77]
[17, 19, 23, 24, 27, 28, 29, 30, 31, 33, 35, 38, 39, 40, 42, 43, 45, 46, 47, 48, 52, 53, 54, 55, 56, 57, 60, 62, 63, 64, 75, 78, 79]
------------------------------------------------
Best fit used bin number: 3
Found best solution: 3 0.14

   Statrt add columnAndCut col: 3 cons: 0 cut: 0	0.203

	1 Start Add column using column generation  col: 3 cons: 0 cut: 0	0.203
			Start solve  LP :0.203
			End solve LP obj: 3.0 t: 15
	1 End Add column using column generation : 3.0 col: 3 cons: 0 cut: 0	0.218
   End add columnAndCut : 3.0 colGencnt: 1 price: 0 col: 3 cons: 0 cut: 0	0.218

Node lb: 3.0 ub: 3 : 0.218

Final Found Solution: 3 genNode: 1 extendedNode: 0:0.218
Bin size: 10000
1 : 980,952,910,800,735,702,676,624,620,558,493,476,250,204,198,189,126,99,48,48,35,29,29,18, : 9799
2 : 945,945,868,868,792,660,575,522,512,495,462,330,324,310,280,231,84,66,65,55,51,33,14, : 9487
3 : 552,520,484,483,437,384,380,378,368,325,315,275,272,266,247,234,230,225,216,210,184,175,169,168,155,144,88,84,84,81,25,12,8, : 8178
----------------------- 1 ---------------------------
canvasWidth:100,
canvasHeight:100,
data:[{x:65,y:0,l:28,w:35},{x:74,y:28,l:24,w:26},{x:65,y:28,l:22,w:9},{x:65,y:50,l:2,w:9},{x:65,y:52,l:1,w:35},{x:34,y:0,l:18,w:31},{x:37,y:18,l:34,w:28},{x:34,y:18,l:33,w:3},{x:36,y:52,l:1,w:29},{x:65,y:53,l:21,w:35},{x:34,y:53,l:20,w:31},{x:36,y:73,l:1,w:29},{x:65,y:74,l:26,w:35},{x:39,y:74,l:26,w:26},{x:37,y:74,l:24,w:2},{x:0,y:0,l:14,w:34},{x:0,y:14,l:6,w:34},{x:2,y:20,l:25,w:32},{x:0,y:20,l:24,w:2},{x:17,y:45,l:29,w:17},{x:10,y:45,l:27,w:7},{x:0,y:45,l:25,w:10},{x:7,y:74,l:26,w:27},{x:0,y:74,l:18,w:7},],
----------------------- 2 ---------------------------
canvasWidth:100,
canvasHeight:100,
data:[{x:73,y:0,l:35,w:27},{x:46,y:0,l:35,w:27},{x:28,y:0,l:29,w:18},{x:76,y:35,l:33,w:24},{x:77,y:68,l:25,w:23},{x:79,y:93,l:4,w:21},{x:89,y:97,l:3,w:11},{x:61,y:35,l:33,w:15},{x:62,y:68,l:20,w:14},{x:61,y:68,l:14,w:1},{x:28,y:35,l:14,w:33},{x:28,y:49,l:7,w:33},{x:31,y:56,l:22,w:30},{x:28,y:56,l:17,w:3},{x:34,y:78,l:12,w:27},{x:43,y:90,l:10,w:33},{x:30,y:90,l:5,w:13},{x:32,y:95,l:5,w:11},{x:0,y:0,l:31,w:28},{x:0,y:31,l:31,w:28},{x:26,y:62,l:33,w:2},{x:10,y:62,l:32,w:16},{x:0,y:62,l:31,w:10},],
----------------------- 3 ---------------------------
canvasWidth:100,
canvasHeight:100,
data:[{x:74,y:0,l:20,w:26},{x:49,y:0,l:13,w:25},{x:49,y:13,l:7,w:25},{x:30,y:0,l:20,w:19},{x:17,y:0,l:19,w:13},{x:18,y:19,l:1,w:12},{x:4,y:0,l:13,w:13},{x:77,y:20,l:24,w:23},{x:77,y:44,l:10,w:23},{x:78,y:54,l:22,w:22},{x:81,y:76,l:23,w:19},{x:54,y:20,l:21,w:23},{x:30,y:20,l:16,w:24},{x:32,y:36,l:4,w:22},{x:3,y:20,l:3,w:27},{x:5,y:23,l:1,w:25},{x:11,y:24,l:14,w:19},{x:66,y:41,l:25,w:11},{x:69,y:66,l:21,w:8},{x:69,y:87,l:1,w:8},{x:70,y:88,l:12,w:7},{x:57,y:41,l:26,w:9},{x:58,y:67,l:23,w:8},{x:36,y:41,l:15,w:21},{x:22,y:41,l:15,w:14},{x:16,y:41,l:14,w:6},{x:36,y:56,l:18,w:21},{x:20,y:56,l:17,w:16},{x:26,y:74,l:5,w:31},{x:33,y:79,l:9,w:24},{x:45,y:88,l:12,w:12},{x:0,y:41,l:23,w:16},{x:7,y:64,l:25,w:9},],
