====================================== Class_02.2bp-47 =====================================
Reduced size: 100 usedBin: 0
[0, 1, 4, 5, 7, 9, 14, 15, 18, 25, 30, 33, 62, 69, 70, 72, 84, 88, 96, 97]
[2, 3, 8, 10, 11, 12, 13, 19, 21, 29, 31, 39, 41, 45, 54, 56, 61, 75, 76, 81, 82, 85, 93, 94, 99]
[6, 16, 17, 20, 22, 23, 24, 26, 28, 34, 35, 36, 38, 40, 42, 43, 49, 53, 58, 59, 66, 67, 71, 78, 80, 83, 86, 87, 89, 90, 91, 98]
[27, 32, 37, 44, 46, 47, 48, 50, 51, 52, 55, 57, 60, 63, 64, 65, 68, 73, 74, 77, 79, 92, 95]
------------------------------------------------
Best fit used bin number: 4
Found best solution: 4 0.253

   Statrt add columnAndCut col: 4 cons: 0 cut: 0	0.339

	1 Start Add column using column generation  col: 4 cons: 0 cut: 0	0.339
			Start solve  LP :0.34
			End solve LP obj: 4.0 t: 1
	1 End Add column using column generation : 4.0 col: 4 cons: 0 cut: 0	0.342
   End add columnAndCut : 4.0 colGencnt: 1 price: 0 col: 4 cons: 0 cut: 0	0.342

Node lb: 4.0 ub: 4 : 0.342

Final Found Solution: 4 genNode: 1 extendedNode: 0:0.343
Bin size: 900
1 : 100,100,90,81,80,72,63,60,50,45,36,36,15,12,12,12,7,6,3,3, : 883
2 : 90,90,80,72,70,64,63,50,49,40,36,30,30,27,21,20,16,10,10,8,7,6,4,4,3, : 900
3 : 81,56,54,50,49,48,48,42,40,36,36,35,32,30,30,28,27,24,18,18,14,14,12,9,8,7,6,6,6,5,5,3, : 877
4 : 40,36,35,27,27,27,27,27,25,24,20,20,18,15,15,15,12,12,12,9,9,5,4, : 461
----------------------- 1 ---------------------------
canvasWidth:30,
canvasHeight:30,
data:[{x:24,y:0,l:10,w:6},{x:24,y:10,l:6,w:6},{x:25,y:16,l:3,w:5},{x:24,y:16,l:3,w:1},{x:24,y:19,l:2,w:6},{x:14,y:0,l:10,w:10},{x:5,y:0,l:10,w:9},{x:0,y:0,l:10,w:5},{x:18,y:10,l:6,w:6},{x:18,y:16,l:2,w:6},{x:18,y:18,l:2,w:6},{x:18,y:20,l:1,w:6},{x:10,y:10,l:10,w:8},{x:11,y:20,l:1,w:7},{x:0,y:10,l:10,w:10},{x:21,y:21,l:9,w:9},{x:13,y:21,l:9,w:8},{x:6,y:21,l:9,w:7},{x:1,y:21,l:9,w:5},{x:0,y:21,l:3,w:1},],
----------------------- 2 ---------------------------
canvasWidth:30,
canvasHeight:30,
data:[{x:20,y:0,l:9,w:10},{x:20,y:9,l:9,w:10},{x:20,y:18,l:3,w:10},{x:20,y:21,l:2,w:10},{x:10,y:0,l:8,w:10},{x:12,y:8,l:8,w:8},{x:10,y:8,l:8,w:2},{x:11,y:16,l:4,w:9},{x:10,y:16,l:4,w:1},{x:11,y:20,l:3,w:9},{x:10,y:20,l:3,w:1},{x:2,y:0,l:9,w:8},{x:0,y:0,l:4,w:2},{x:0,y:4,l:3,w:2},{x:0,y:7,l:2,w:2},{x:1,y:9,l:7,w:9},{x:0,y:9,l:7,w:1},{x:3,y:16,l:7,w:7},{x:0,y:16,l:7,w:3},{x:20,y:23,l:7,w:10},{x:10,y:23,l:5,w:10},{x:10,y:28,l:1,w:10},{x:10,y:29,l:1,w:10},{x:0,y:23,l:4,w:10},{x:0,y:27,l:3,w:10},],
----------------------- 3 ---------------------------
canvasWidth:30,
canvasHeight:30,
data:[{x:22,y:0,l:7,w:8},{x:15,y:0,l:7,w:7},{x:9,y:0,l:6,w:6},{x:9,y:6,l:1,w:6},{x:22,y:7,l:5,w:8},{x:13,y:7,l:2,w:9},{x:13,y:9,l:1,w:9},{x:9,y:7,l:3,w:4},{x:13,y:10,l:2,w:9},{x:10,y:10,l:2,w:3},{x:23,y:12,l:6,w:7},{x:23,y:18,l:4,w:7},{x:24,y:22,l:8,w:6},{x:23,y:22,l:7,w:1},{x:15,y:12,l:4,w:8},{x:9,y:12,l:4,w:6},{x:16,y:16,l:2,w:7},{x:9,y:16,l:2,w:7},{x:20,y:18,l:10,w:3},{x:20,y:28,l:2,w:3},{x:14,y:18,l:6,w:6},{x:15,y:24,l:6,w:5},{x:14,y:24,l:5,w:1},{x:9,y:18,l:10,w:5},{x:11,y:28,l:1,w:3},{x:0,y:0,l:9,w:9},{x:0,y:9,l:6,w:9},{x:0,y:15,l:3,w:9},{x:1,y:18,l:6,w:8},{x:0,y:18,l:5,w:1},{x:1,y:24,l:1,w:8},{x:2,y:25,l:5,w:7},],
----------------------- 4 ---------------------------
canvasWidth:30,
canvasHeight:30,
data:[{x:26,y:0,l:9,w:4},{x:27,y:9,l:9,w:3},{x:26,y:9,l:9,w:1},{x:26,y:18,l:5,w:4},{x:27,y:23,l:4,w:3},{x:26,y:23,l:4,w:1},{x:26,y:27,l:3,w:4},{x:21,y:0,l:8,w:5},{x:21,y:8,l:7,w:5},{x:21,y:15,l:5,w:5},{x:21,y:20,l:4,w:5},{x:22,y:24,l:6,w:4},{x:21,y:24,l:5,w:1},{x:16,y:0,l:3,w:5},{x:11,y:0,l:3,w:5},{x:18,y:3,l:9,w:3},{x:18,y:12,l:9,w:3},{x:18,y:21,l:9,w:3},{x:15,y:3,l:9,w:3},{x:15,y:12,l:6,w:3},{x:15,y:18,l:5,w:3},{x:15,y:23,l:4,w:3},{x:15,y:27,l:3,w:3},],
