====================================== Class_09.2bp-2 =====================================
Reduced size: 20 usedBin: 0
[2]
[0]
[8]
[10, 13]
[11, 18]
[9, 14, 19]
[12]
[7]
[5]
[3]
[1]
[6]
[4, 16]
[15, 17]
------------------------------------------------
Best fit used bin number: 14
Found best solution: 14 0.125

   Statrt add columnAndCut col: 14 cons: 0 cut: 0	0.188

	1 Start Add column using column generation  col: 14 cons: 0 cut: 0	0.188
			Start solve  LP :0.188
			End solve LP obj: 14.0 t: 0
	1 End Add column using column generation : 14.0 col: 14 cons: 0 cut: 0	0.188
   End add columnAndCut : 14.0 colGencnt: 1 price: 0 col: 14 cons: 0 cut: 0	0.188

Node lb: 14.0 ub: 14 : 0.188

Final Found Solution: 14 genNode: 1 extendedNode: 0:0.188
Bin size: 10000
1 : 6794, : 6794
2 : 9024, : 9024
3 : 4600, : 4600
4 : 4176,3520, : 7696
5 : 4032,1512, : 5544
6 : 4410,3417,650, : 8477
7 : 3864, : 3864
8 : 5100, : 5100
9 : 6175, : 6175
10 : 6396, : 6396
11 : 8832, : 8832
12 : 5643, : 5643
13 : 6390,2204, : 8594
14 : 3366,1672, : 5038
----------------------- 1 ---------------------------
canvasWidth:100,
canvasHeight:100,
data:[{x:14,y:0,l:79,w:86},],
----------------------- 2 ---------------------------
canvasWidth:100,
canvasHeight:100,
data:[{x:4,y:0,l:94,w:96},],
----------------------- 3 ---------------------------
canvasWidth:100,
canvasHeight:100,
data:[{x:50,y:0,l:92,w:50},],
----------------------- 4 ---------------------------
canvasWidth:100,
canvasHeight:100,
data:[{x:12,y:0,l:40,w:88},{x:28,y:40,l:58,w:72},],
----------------------- 5 ---------------------------
canvasWidth:100,
canvasHeight:100,
data:[{x:37,y:0,l:64,w:63},{x:58,y:64,l:36,w:42},],
----------------------- 6 ---------------------------
canvasWidth:100,
canvasHeight:100,
data:[{x:2,y:0,l:45,w:98},{x:33,y:45,l:51,w:67},{x:7,y:45,l:25,w:26},],
----------------------- 7 ---------------------------
canvasWidth:100,
canvasHeight:100,
data:[{x:44,y:0,l:69,w:56},],
----------------------- 8 ---------------------------
canvasWidth:100,
canvasHeight:100,
data:[{x:25,y:0,l:68,w:75},],
----------------------- 9 ---------------------------
canvasWidth:100,
canvasHeight:100,
data:[{x:5,y:0,l:65,w:95},],
----------------------- 10 ---------------------------
canvasWidth:100,
canvasHeight:100,
data:[{x:18,y:0,l:78,w:82},],
----------------------- 11 ---------------------------
canvasWidth:100,
canvasHeight:100,
data:[{x:8,y:0,l:96,w:92},],
----------------------- 12 ---------------------------
canvasWidth:100,
canvasHeight:100,
data:[{x:43,y:0,l:99,w:57},],
----------------------- 13 ---------------------------
canvasWidth:100,
canvasHeight:100,
data:[{x:29,y:0,l:90,w:71},{x:0,y:0,l:76,w:29},],
----------------------- 14 ---------------------------
canvasWidth:100,
canvasHeight:100,
data:[{x:81,y:0,l:88,w:19},{x:15,y:0,l:51,w:66},],
