====================================== Class_02.2bp-4 =====================================
Reduced size: 20 usedBin: 0
[0, 1, 2, 3, 4, 5, 6, 7, 8, 9, 10, 11, 12, 13, 14, 15, 16, 17, 18, 19]
------------------------------------------------
Best fit used bin number: 1
Found best solution: 1 0.244

   Statrt add columnAndCut col: 1 cons: 0 cut: 0	0.306

	1 Start Add column using column generation  col: 1 cons: 0 cut: 0	0.306
			Start solve  LP :0.307
			End solve LP obj: 1.0 t: 2
	1 End Add column using column generation : 1.0 col: 1 cons: 0 cut: 0	0.309
   End add columnAndCut : 1.0 colGencnt: 1 price: 0 col: 1 cons: 0 cut: 0	0.309

Node lb: 1.0 ub: 1 : 0.309

Final Found Solution: 1 genNode: 1 extendedNode: 0:0.31
Bin size: 900
1 : 100,90,40,36,36,35,30,27,20,20,16,16,15,14,12,8,7,7,4,1, : 534
----------------------- 1 ---------------------------
canvasWidth:30,
canvasHeight:30,
data:[{x:24,y:0,l:5,w:6},{x:26,y:5,l:2,w:4},{x:24,y:5,l:2,w:2},{x:19,y:0,l:7,w:5},{x:17,y:0,l:7,w:2},{x:8,y:0,l:4,w:9},{x:8,y:4,l:3,w:9},{x:3,y:0,l:5,w:3},{x:0,y:0,l:4,w:3},{x:20,y:7,l:10,w:10},{x:20,y:17,l:9,w:10},{x:20,y:26,l:2,w:10},{x:20,y:28,l:2,w:10},{x:16,y:7,l:10,w:4},{x:12,y:7,l:9,w:4},{x:16,y:17,l:4,w:4},{x:8,y:17,l:2,w:8},{x:1,y:17,l:1,w:7},{x:1,y:18,l:1,w:7},{x:0,y:17,l:1,w:1},],
