====================================== Class_02.2bp-22 =====================================
Reduced size: 60 usedBin: 0
[0, 1, 4, 5, 6, 7, 10, 11, 12, 15, 20, 27, 29, 30, 32, 36, 37, 39, 40, 41, 42, 43, 49, 50, 52]
[2, 3, 8, 9, 13, 14, 16, 17, 18, 19, 21, 22, 25, 26, 28, 31, 33, 34, 35, 44, 45, 46, 47, 48, 51, 53, 54, 56, 57, 58, 59]
[23, 24, 38, 55]
------------------------------------------------
Best fit used bin number: 3
Found best solution: 3 0.141

   Statrt add columnAndCut col: 3 cons: 0 cut: 0	0.203

	1 Start Add column using column generation  col: 3 cons: 0 cut: 0	0.203
			Start solve  LP :0.203
			End solve LP obj: 3.0 t: 0
	1 End Add column using column generation : 3.0 col: 3 cons: 0 cut: 0	0.203
   End add columnAndCut : 3.0 colGencnt: 1 price: 0 col: 3 cons: 0 cut: 0	0.203

Node lb: 3.0 ub: 3 : 0.203

Final Found Solution: 3 genNode: 1 extendedNode: 0:0.203
Bin size: 900
1 : 80,72,64,63,56,56,50,50,50,45,40,28,27,25,24,24,20,20,18,18,16,15,10,7,5, : 883
2 : 70,70,54,54,49,48,42,42,42,40,40,32,28,28,28,24,24,24,24,12,12,12,12,10,6,5,5,4,4,3,2, : 850
3 : 30,30,20,4, : 84
----------------------- 1 ---------------------------
canvasWidth:30,
canvasHeight:30,
data:[{x:21,y:0,l:7,w:9},{x:13,y:0,l:7,w:8},{x:5,y:0,l:7,w:8},{x:1,y:0,l:7,w:4},{x:0,y:0,l:7,w:1},{x:22,y:7,l:10,w:8},{x:22,y:17,l:8,w:8},{x:22,y:25,l:3,w:8},{x:22,y:28,l:2,w:8},{x:12,y:7,l:5,w:10},{x:12,y:12,l:2,w:10},{x:12,y:14,l:1,w:10},{x:3,y:7,l:8,w:9},{x:0,y:7,l:8,w:3},{x:17,y:15,l:10,w:5},{x:18,y:25,l:5,w:4},{x:17,y:25,l:5,w:1},{x:12,y:15,l:10,w:5},{x:12,y:25,l:5,w:5},{x:9,y:15,l:9,w:3},{x:9,y:24,l:5,w:3},{x:0,y:15,l:5,w:9},{x:5,y:20,l:10,w:4},{x:3,y:20,l:9,w:2},{x:1,y:20,l:9,w:2},],
----------------------- 2 ---------------------------
canvasWidth:30,
canvasHeight:30,
data:[{x:23,y:0,l:10,w:7},{x:23,y:10,l:10,w:7},{x:23,y:20,l:7,w:7},{x:26,y:27,l:3,w:4},{x:23,y:27,l:2,w:3},{x:23,y:29,l:1,w:3},{x:13,y:0,l:4,w:10},{x:3,y:0,l:4,w:10},{x:0,y:0,l:4,w:3},{x:17,y:4,l:7,w:6},{x:15,y:4,l:5,w:2},{x:15,y:9,l:2,w:2},{x:15,y:11,l:6,w:8},{x:16,y:17,l:4,w:7},{x:15,y:17,l:4,w:1},{x:16,y:21,l:4,w:7},{x:15,y:21,l:2,w:1},{x:22,y:25,l:5,w:1},{x:15,y:25,l:4,w:7},{x:6,y:4,l:6,w:9},{x:2,y:4,l:6,w:4},{x:0,y:4,l:6,w:2},{x:6,y:10,l:6,w:9},{x:2,y:10,l:6,w:4},{x:0,y:10,l:6,w:2},{x:8,y:16,l:6,w:7},{x:1,y:16,l:6,w:7},{x:0,y:16,l:5,w:1},{x:11,y:22,l:8,w:4},{x:7,y:22,l:6,w:4},{x:3,y:22,l:6,w:4},],
----------------------- 3 ---------------------------
canvasWidth:30,
canvasHeight:30,
data:[{x:24,y:0,l:5,w:6},{x:18,y:0,l:5,w:6},{x:13,y:0,l:4,w:5},{x:14,y:4,l:1,w:4},],
