====================================== Class_08.2bp-37 =====================================
Reduced size: 80 usedBin: 0
[25, 37, 46, 50]
[5, 40, 54, 69, 78]
[4, 42, 45, 79]
[27, 28, 55, 60, 71]
[11, 23, 64, 75]
[26, 41, 44, 48, 77]
[1, 61]
[12, 33, 57]
[6, 31, 38]
[7, 24, 63, 72, 73]
[3, 17]
[10, 18, 59, 76]
[9, 21, 70]
[0, 65]
[2, 20]
[14, 51, 66, 67, 68]
[13, 32, 53]
[19, 30, 35, 74]
[34, 36, 43, 56]
[16, 39, 52, 58]
[15, 29, 49, 62]
[8, 22, 47]
------------------------------------------------
Best fit used bin number: 22
Found best solution: 22 0.125

   Statrt add columnAndCut col: 22 cons: 0 cut: 0	0.203

	1 Start Add column using column generation  col: 22 cons: 0 cut: 0	0.203
			Start solve  LP :0.203
			End solve LP obj: 22.0 t: 0
	1 End Add column using column generation : 22.0 col: 22 cons: 0 cut: 0	0.203
   End add columnAndCut : 22.0 colGencnt: 1 price: 0 col: 22 cons: 0 cut: 0	0.203

Node lb: 22.0 ub: 22 : 0.203

Final Found Solution: 22 genNode: 1 extendedNode: 0:0.203
Bin size: 10000
1 : 2886,2312,1975,1800, : 8973
2 : 4814,2241,1600,792,216, : 9663
3 : 4851,2046,2001,69, : 8967
4 : 2688,2604,1476,1215,776, : 8759
5 : 4399,2924,1040,342, : 8705
6 : 2736,2128,2010,1917,288, : 9079
7 : 7742,1125, : 8867
8 : 4216,2442,1305, : 7963
9 : 4704,2457,2304, : 9465
10 : 4590,2886,1089,684,405, : 9654
11 : 4950,3300, : 8250
12 : 4416,3120,1225,324, : 9085
13 : 4459,2964,781, : 8204
14 : 8900,1023, : 9923
15 : 6240,2970, : 9210
16 : 3750,1748,925,840,836, : 8099
17 : 3750,2449,1691, : 7890
18 : 3008,2550,2418,348, : 8324
19 : 2430,2349,2024,1387, : 8190
20 : 3315,2256,1722,1232, : 8525
21 : 3362,2584,1900,1120, : 8966
22 : 4560,2940,1958, : 9458
----------------------- 1 ---------------------------
canvasWidth:100,
canvasHeight:100,
data:[{x:80,y:0,l:90,w:20},{x:1,y:0,l:25,w:79},{x:6,y:25,l:39,w:74},{x:12,y:64,l:34,w:68},],
----------------------- 2 ---------------------------
canvasWidth:100,
canvasHeight:100,
data:[{x:0,y:0,l:16,w:100},{x:88,y:16,l:66,w:12},{x:88,y:82,l:18,w:12},{x:30,y:16,l:83,w:58},{x:3,y:16,l:83,w:27},],
----------------------- 3 ---------------------------
canvasWidth:100,
canvasHeight:100,
data:[{x:7,y:0,l:22,w:93},{x:31,y:22,l:1,w:69},{x:37,y:23,l:77,w:63},{x:0,y:22,l:69,w:29},],
----------------------- 4 ---------------------------
canvasWidth:100,
canvasHeight:100,
data:[{x:3,y:0,l:8,w:97},{x:4,y:8,l:28,w:96},{x:16,y:36,l:31,w:84},{x:18,y:67,l:18,w:82},{x:19,y:85,l:15,w:81},],
----------------------- 5 ---------------------------
canvasWidth:100,
canvasHeight:100,
data:[{x:14,y:0,l:34,w:86},{x:17,y:34,l:53,w:83},{x:20,y:87,l:13,w:80},{x:0,y:0,l:38,w:9},],
----------------------- 6 ---------------------------
canvasWidth:100,
canvasHeight:100,
data:[{x:28,y:0,l:38,w:72},{x:28,y:38,l:4,w:72},{x:29,y:42,l:27,w:71},{x:33,y:69,l:30,w:67},{x:0,y:0,l:76,w:28},],
----------------------- 7 ---------------------------
canvasWidth:100,
canvasHeight:100,
data:[{x:2,y:0,l:79,w:98},{x:25,y:79,l:15,w:75},],
----------------------- 8 ---------------------------
canvasWidth:100,
canvasHeight:100,
data:[{x:85,y:0,l:87,w:15},{x:17,y:0,l:62,w:68},{x:19,y:62,l:37,w:66},],
----------------------- 9 ---------------------------
canvasWidth:100,
canvasHeight:100,
data:[{x:2,y:0,l:48,w:98},{x:4,y:48,l:24,w:96},{x:9,y:72,l:27,w:91},],
----------------------- 10 ---------------------------
canvasWidth:100,
canvasHeight:100,
data:[{x:89,y:0,l:99,w:11},{x:38,y:0,l:90,w:51},{x:44,y:90,l:9,w:45},{x:0,y:0,l:18,w:38},{x:1,y:18,l:78,w:37},],
----------------------- 11 ---------------------------
canvasWidth:100,
canvasHeight:100,
data:[{x:1,y:0,l:50,w:99},{x:34,y:50,l:50,w:66},],
----------------------- 12 ---------------------------
canvasWidth:100,
canvasHeight:100,
data:[{x:8,y:0,l:48,w:92},{x:40,y:48,l:52,w:60},{x:5,y:48,l:35,w:35},{x:13,y:83,l:12,w:27},],
----------------------- 13 ---------------------------
canvasWidth:100,
canvasHeight:100,
data:[{x:9,y:0,l:49,w:91},{x:24,y:49,l:39,w:76},{x:29,y:88,l:11,w:71},],
----------------------- 14 ---------------------------
canvasWidth:100,
canvasHeight:100,
data:[{x:0,y:0,l:89,w:100},{x:7,y:89,l:11,w:93},],
----------------------- 15 ---------------------------
canvasWidth:100,
canvasHeight:100,
data:[{x:4,y:0,l:65,w:96},{x:10,y:65,l:33,w:90},],
----------------------- 16 ---------------------------
canvasWidth:100,
canvasHeight:100,
data:[{x:50,y:0,l:75,w:50},{x:6,y:0,l:19,w:44},{x:8,y:19,l:20,w:42},{x:13,y:39,l:25,w:37},{x:24,y:75,l:23,w:76},],
----------------------- 17 ---------------------------
canvasWidth:100,
canvasHeight:100,
data:[{x:11,y:0,l:19,w:89},{x:21,y:19,l:31,w:79},{x:25,y:50,l:50,w:75},],
----------------------- 18 ---------------------------
canvasWidth:100,
canvasHeight:100,
data:[{x:6,y:0,l:32,w:94},{x:7,y:32,l:26,w:93},{x:13,y:58,l:4,w:87},{x:25,y:66,l:34,w:75},],
----------------------- 19 ---------------------------
canvasWidth:100,
canvasHeight:100,
data:[{x:8,y:0,l:22,w:92},{x:13,y:22,l:27,w:87},{x:19,y:49,l:30,w:81},{x:27,y:79,l:19,w:73},],
----------------------- 20 ---------------------------
canvasWidth:100,
canvasHeight:100,
data:[{x:6,y:0,l:24,w:94},{x:15,y:24,l:39,w:85},{x:18,y:63,l:21,w:82},{x:23,y:84,l:16,w:77},],
----------------------- 21 ---------------------------
canvasWidth:100,
canvasHeight:100,
data:[{x:18,y:0,l:41,w:82},{x:24,y:41,l:34,w:76},{x:24,y:75,l:25,w:76},{x:4,y:0,l:80,w:14},],
----------------------- 22 ---------------------------
canvasWidth:100,
canvasHeight:100,
data:[{x:2,y:0,l:30,w:98},{x:5,y:30,l:48,w:95},{x:11,y:78,l:22,w:89},],
