====================================== Class_06.2bp-17 =====================================
Reduced size: 40 usedBin: 0
[0, 1, 2, 3, 4, 5, 11, 12, 13, 17, 20, 22, 23, 24, 25, 27, 29, 30, 31, 32, 33, 34, 37, 38, 39]
[6, 7, 8, 9, 10, 14, 15, 16, 18, 19, 21, 26, 28, 35, 36]
------------------------------------------------
Best fit used bin number: 2
Found best solution: 2 0.306

   Statrt add columnAndCut col: 2 cons: 0 cut: 0	0.376

	1 Start Add column using column generation  col: 2 cons: 0 cut: 0	0.376
			Start solve  LP :0.376
			End solve LP obj: 2.0 t: 3
	1 End Add column using column generation : 2.0 col: 2 cons: 0 cut: 0	0.379
   End add columnAndCut : 2.0 colGencnt: 1 price: 0 col: 2 cons: 0 cut: 0	0.379

Node lb: 2.0 ub: 2 : 0.379

Final Found Solution: 2 genNode: 1 extendedNode: 0:0.38
Bin size: 90000
1 : 8036,7700,6708,6440,6318,6138,4840,4704,4002,3634,3036,2511,1989,1900,1767,846,712,448,435,392,370,360,120,88,73, : 73567
2 : 5904,5772,5676,5605,4992,3990,3920,3720,3608,3168,2816,1134,780,198,160, : 51443
----------------------- 1 ---------------------------
canvasWidth:300,
canvasHeight:300,
data:[{x:200,y:0,l:77,w:100},{x:212,y:77,l:55,w:88},{x:200,y:77,l:30,w:12},{x:204,y:107,l:11,w:8},{x:205,y:132,l:20,w:95},{x:206,y:152,l:9,w:94},{x:208,y:161,l:33,w:92},{x:222,y:194,l:86,w:78},{x:119,y:0,l:78,w:81},{x:114,y:0,l:74,w:5},{x:22,y:0,l:70,w:92},{x:154,y:78,l:87,w:46},{x:154,y:165,l:79,w:46},{x:161,y:244,l:51,w:39},{x:56,y:78,l:82,w:98},{x:49,y:78,l:64,w:7},{x:73,y:160,l:31,w:81},{x:69,y:160,l:30,w:4},{x:81,y:191,l:1,w:73},{x:88,y:192,l:93,w:66},{x:19,y:160,l:96,w:49},{x:0,y:0,l:93,w:19},{x:15,y:93,l:98,w:4},{x:7,y:93,l:89,w:8},{x:2,y:93,l:87,w:5},],
----------------------- 2 ---------------------------
canvasWidth:300,
canvasHeight:300,
data:[{x:205,y:0,l:59,w:95},{x:226,y:59,l:78,w:74},{x:211,y:59,l:52,w:15},{x:268,y:137,l:88,w:32},{x:278,y:225,l:9,w:22},{x:205,y:137,l:60,w:62},{x:213,y:197,l:21,w:54},{x:139,y:0,l:86,w:66},{x:67,y:0,l:82,w:72},{x:23,y:0,l:82,w:44},{x:165,y:86,l:98,w:40},{x:95,y:86,l:57,w:70},{x:204,y:248,l:52,w:96},{x:132,y:248,l:44,w:72},{x:184,y:292,l:8,w:20},],
