====================================== Class_02.2bp-41 =====================================
Reduced size: 100 usedBin: 0
[0, 1, 2, 3, 4, 6, 8, 9, 17, 29, 37, 55, 58, 60, 68, 78, 80, 83, 84, 94, 96, 99]
[5, 7, 10, 11, 12, 13, 14, 15, 21, 22, 23, 25, 26, 40, 47, 48, 70, 72, 74, 88, 91]
[16, 18, 19, 20, 24, 27, 28, 33, 35, 36, 38, 39, 41, 42, 43, 45, 46, 50, 51, 56, 59, 62, 64, 65, 66, 69, 73, 75, 76, 79, 82, 89, 90, 95, 97, 98]
[30, 31, 32, 34, 44, 49, 52, 53, 54, 57, 61, 63, 67, 71, 77, 81, 85, 86, 87, 92, 93]
------------------------------------------------
Best fit used bin number: 4
Found best solution: 4 0.281

   Statrt add columnAndCut col: 4 cons: 0 cut: 0	0.359

	1 Start Add column using column generation  col: 4 cons: 0 cut: 0	0.359
			Start solve  LP :0.359
			End solve LP obj: 4.0 t: 0
	1 End Add column using column generation : 4.0 col: 4 cons: 0 cut: 0	0.359
   End add columnAndCut : 4.0 colGencnt: 1 price: 0 col: 4 cons: 0 cut: 0	0.359

Node lb: 4.0 ub: 4 : 0.359

Final Found Solution: 4 genNode: 1 extendedNode: 0:0.359
Bin size: 900
1 : 100,90,90,81,80,80,70,70,50,40,30,20,20,18,15,10,9,8,8,2,2,1, : 894
2 : 80,80,70,70,64,60,60,56,48,48,48,42,42,30,24,24,15,12,12,6,4, : 895
3 : 56,50,50,49,45,40,40,35,32,32,30,30,28,27,27,25,25,24,24,20,20,18,16,16,16,15,12,12,12,10,8,6,5,2,2,2, : 861
4 : 36,36,36,32,27,24,21,21,21,20,18,18,16,15,12,9,7,7,6,4,4, : 390
----------------------- 1 ---------------------------
canvasWidth:30,
canvasHeight:30,
data:[{x:20,y:0,l:2,w:10},{x:10,y:0,l:2,w:10},{x:1,y:0,l:2,w:9},{x:0,y:0,l:2,w:1},{x:20,y:2,l:9,w:10},{x:20,y:11,l:5,w:10},{x:20,y:16,l:4,w:10},{x:11,y:2,l:9,w:9},{x:10,y:2,l:8,w:1},{x:10,y:10,l:1,w:1},{x:10,y:11,l:8,w:10},{x:12,y:19,l:1,w:8},{x:10,y:19,l:1,w:2},{x:0,y:2,l:10,w:10},{x:0,y:12,l:7,w:10},{x:1,y:19,l:1,w:9},{x:21,y:20,l:10,w:9},{x:13,y:20,l:10,w:8},{x:6,y:20,l:10,w:7},{x:5,y:20,l:10,w:1},{x:0,y:20,l:6,w:5},{x:0,y:26,l:3,w:5},],
----------------------- 2 ---------------------------
canvasWidth:30,
canvasHeight:30,
data:[{x:24,y:0,l:10,w:6},{x:24,y:10,l:10,w:6},{x:24,y:20,l:8,w:6},{x:24,y:28,l:2,w:6},{x:14,y:0,l:8,w:10},{x:6,y:0,l:8,w:8},{x:0,y:0,l:8,w:6},{x:14,y:8,l:7,w:10},{x:8,y:8,l:7,w:6},{x:14,y:15,l:8,w:10},{x:14,y:23,l:7,w:10},{x:8,y:15,l:7,w:6},{x:8,y:22,l:5,w:6},{x:10,y:27,l:3,w:4},{x:8,y:27,l:2,w:2},{x:0,y:8,l:7,w:8},{x:0,y:15,l:6,w:8},{x:0,y:21,l:3,w:8},{x:0,y:24,l:3,w:8},{x:3,y:27,l:3,w:5},{x:0,y:27,l:2,w:3},],
----------------------- 3 ---------------------------
canvasWidth:30,
canvasHeight:30,
data:[{x:23,y:0,l:8,w:7},{x:21,y:0,l:8,w:2},{x:23,y:8,l:7,w:7},{x:21,y:8,l:6,w:2},{x:21,y:14,l:1,w:2},{x:21,y:15,l:3,w:9},{x:21,y:18,l:2,w:9},{x:22,y:20,l:4,w:8},{x:22,y:24,l:2,w:8},{x:22,y:26,l:4,w:8},{x:16,y:0,l:8,w:5},{x:16,y:8,l:5,w:5},{x:16,y:13,l:1,w:5},{x:12,y:0,l:7,w:4},{x:12,y:7,l:5,w:4},{x:13,y:12,l:2,w:3},{x:12,y:12,l:2,w:1},{x:9,y:0,l:9,w:3},{x:9,y:9,l:5,w:3},{x:7,y:0,l:10,w:2},{x:7,y:10,l:4,w:2},{x:2,y:0,l:5,w:5},{x:0,y:0,l:5,w:2},{x:2,y:5,l:9,w:5},{x:0,y:5,l:8,w:2},{x:11,y:14,l:5,w:10},{x:1,y:14,l:5,w:10},{x:11,y:19,l:3,w:10},{x:1,y:19,l:3,w:10},{x:13,y:22,l:5,w:8},{x:6,y:22,l:5,w:7},{x:0,y:22,l:4,w:6},{x:13,y:27,l:3,w:8},{x:7,y:27,l:2,w:6},{x:6,y:27,l:2,w:1},{x:0,y:27,l:2,w:6},],
----------------------- 4 ---------------------------
canvasWidth:30,
canvasHeight:30,
data:[{x:26,y:0,l:9,w:4},{x:26,y:9,l:8,w:4},{x:27,y:17,l:7,w:3},{x:26,y:17,l:7,w:1},{x:26,y:24,l:6,w:4},{x:22,y:0,l:9,w:4},{x:22,y:9,l:9,w:4},{x:24,y:18,l:10,w:2},{x:24,y:28,l:2,w:2},{x:22,y:18,l:8,w:2},{x:22,y:26,l:2,w:2},{x:19,y:0,l:9,w:3},{x:19,y:9,l:7,w:3},{x:19,y:16,l:7,w:3},{x:19,y:23,l:6,w:3},{x:17,y:0,l:6,w:2},{x:17,y:6,l:3,w:2},{x:16,y:0,l:9,w:1},{x:16,y:9,l:6,w:3},{x:18,y:15,l:7,w:1},{x:13,y:0,l:5,w:3},],
