====================================== Class_09.2bp-20 =====================================
Reduced size: 60 usedBin: 0
[25, 54]
[37]
[3]
[40]
[27, 52]
[19]
[42]
[5]
[14]
[16]
[11]
[34]
[10]
[35]
[31]
[15]
[13]
[26]
[17]
[1]
[41]
[4]
[33]
[6, 55]
[0, 59]
[2]
[24]
[28, 53]
[18]
[21]
[7]
[45, 56]
[9]
[8, 57]
[12, 51]
[36, 48]
[39, 49]
[22]
[29, 44, 58]
[23]
[32]
[38]
[30, 43]
[47]
[50]
[20, 46]
------------------------------------------------
Best fit used bin number: 46
Found best solution: 46 0.125

   Statrt add columnAndCut col: 46 cons: 0 cut: 0	0.187

	1 Start Add column using column generation  col: 46 cons: 0 cut: 0	0.187
			Start solve  LP :0.187
			End solve LP obj: 46.0 t: 16
	1 End Add column using column generation : 46.0 col: 46 cons: 0 cut: 0	0.203
   End add columnAndCut : 46.0 colGencnt: 1 price: 0 col: 46 cons: 0 cut: 0	0.203

Node lb: 46.0 ub: 46 : 0.203

Final Found Solution: 46 genNode: 1 extendedNode: 0:0.203
Bin size: 10000
1 : 5400,1920, : 7320
2 : 4320, : 4320
3 : 8633, : 8633
4 : 4032, : 4032
5 : 5236,2176, : 7412
6 : 5865, : 5865
7 : 3780, : 3780
8 : 7776, : 7776
9 : 6210, : 6210
10 : 6141, : 6141
11 : 6396, : 6396
12 : 4480, : 4480
13 : 6424, : 6424
14 : 4416, : 4416
15 : 4600, : 4600
16 : 6175, : 6175
17 : 6336, : 6336
18 : 5312, : 5312
19 : 6003, : 6003
20 : 9024, : 9024
21 : 3864, : 3864
22 : 7998, : 7998
23 : 4489, : 4489
24 : 7614,1672, : 9286
25 : 9114,152, : 9266
26 : 8832, : 8832
27 : 5440, : 5440
28 : 5100,1972, : 7072
29 : 6003, : 6003
30 : 5643, : 5643
31 : 6794, : 6794
32 : 3534,1512, : 5046
33 : 6732, : 6732
34 : 6776,1445, : 8221
35 : 6390,2204, : 8594
36 : 4410,3417, : 7827
37 : 4140,3366, : 7506
38 : 5643, : 5643
39 : 4950,3600,650, : 9200
40 : 5640, : 5640
41 : 4560, : 4560
42 : 4176, : 4176
43 : 4698,3772, : 8470
44 : 3510, : 3510
45 : 3135, : 3135
46 : 5760,3520, : 9280
----------------------- 1 ---------------------------
canvasWidth:100,
canvasHeight:100,
data:[{x:10,y:0,l:60,w:90},{x:52,y:60,l:40,w:48},],
----------------------- 2 ---------------------------
canvasWidth:100,
canvasHeight:100,
data:[{x:46,y:0,l:80,w:54},],
----------------------- 3 ---------------------------
canvasWidth:100,
canvasHeight:100,
data:[{x:11,y:0,l:97,w:89},],
----------------------- 4 ---------------------------
canvasWidth:100,
canvasHeight:100,
data:[{x:37,y:0,l:64,w:63},],
----------------------- 5 ---------------------------
canvasWidth:100,
canvasHeight:100,
data:[{x:32,y:0,l:77,w:68},{x:0,y:0,l:68,w:32},],
----------------------- 6 ---------------------------
canvasWidth:100,
canvasHeight:100,
data:[{x:31,y:0,l:85,w:69},],
----------------------- 7 ---------------------------
canvasWidth:100,
canvasHeight:100,
data:[{x:40,y:0,l:63,w:60},],
----------------------- 8 ---------------------------
canvasWidth:100,
canvasHeight:100,
data:[{x:4,y:0,l:81,w:96},],
----------------------- 9 ---------------------------
canvasWidth:100,
canvasHeight:100,
data:[{x:10,y:0,l:69,w:90},],
----------------------- 10 ---------------------------
canvasWidth:100,
canvasHeight:100,
data:[{x:31,y:0,l:89,w:69},],
----------------------- 11 ---------------------------
canvasWidth:100,
canvasHeight:100,
data:[{x:18,y:0,l:78,w:82},],
----------------------- 12 ---------------------------
canvasWidth:100,
canvasHeight:100,
data:[{x:44,y:0,l:80,w:56},],
----------------------- 13 ---------------------------
canvasWidth:100,
canvasHeight:100,
data:[{x:27,y:0,l:88,w:73},],
----------------------- 14 ---------------------------
canvasWidth:100,
canvasHeight:100,
data:[{x:31,y:0,l:64,w:69},],
----------------------- 15 ---------------------------
canvasWidth:100,
canvasHeight:100,
data:[{x:50,y:0,l:92,w:50},],
----------------------- 16 ---------------------------
canvasWidth:100,
canvasHeight:100,
data:[{x:5,y:0,l:65,w:95},],
----------------------- 17 ---------------------------
canvasWidth:100,
canvasHeight:100,
data:[{x:34,y:0,l:96,w:66},],
----------------------- 18 ---------------------------
canvasWidth:100,
canvasHeight:100,
data:[{x:17,y:0,l:64,w:83},],
----------------------- 19 ---------------------------
canvasWidth:100,
canvasHeight:100,
data:[{x:13,y:0,l:69,w:87},],
----------------------- 20 ---------------------------
canvasWidth:100,
canvasHeight:100,
data:[{x:4,y:0,l:94,w:96},],
----------------------- 21 ---------------------------
canvasWidth:100,
canvasHeight:100,
data:[{x:44,y:0,l:69,w:56},],
----------------------- 22 ---------------------------
canvasWidth:100,
canvasHeight:100,
data:[{x:7,y:0,l:86,w:93},],
----------------------- 23 ---------------------------
canvasWidth:100,
canvasHeight:100,
data:[{x:33,y:0,l:67,w:67},],
----------------------- 24 ---------------------------
canvasWidth:100,
canvasHeight:100,
data:[{x:19,y:0,l:94,w:81},{x:0,y:0,l:88,w:19},],
----------------------- 25 ---------------------------
canvasWidth:100,
canvasHeight:100,
data:[{x:7,y:0,l:98,w:93},{x:24,y:98,l:2,w:76},],
----------------------- 26 ---------------------------
canvasWidth:100,
canvasHeight:100,
data:[{x:8,y:0,l:96,w:92},],
----------------------- 27 ---------------------------
canvasWidth:100,
canvasHeight:100,
data:[{x:20,y:0,l:68,w:80},],
----------------------- 28 ---------------------------
canvasWidth:100,
canvasHeight:100,
data:[{x:25,y:0,l:68,w:75},{x:32,y:68,l:29,w:68},],
----------------------- 29 ---------------------------
canvasWidth:100,
canvasHeight:100,
data:[{x:13,y:0,l:69,w:87},],
----------------------- 30 ---------------------------
canvasWidth:100,
canvasHeight:100,
data:[{x:43,y:0,l:99,w:57},],
----------------------- 31 ---------------------------
canvasWidth:100,
canvasHeight:100,
data:[{x:14,y:0,l:79,w:86},],
----------------------- 32 ---------------------------
canvasWidth:100,
canvasHeight:100,
data:[{x:43,y:0,l:62,w:57},{x:58,y:62,l:36,w:42},],
----------------------- 33 ---------------------------
canvasWidth:100,
canvasHeight:100,
data:[{x:32,y:0,l:99,w:68},],
----------------------- 34 ---------------------------
canvasWidth:100,
canvasHeight:100,
data:[{x:23,y:0,l:88,w:77},{x:6,y:0,l:85,w:17},],
----------------------- 35 ---------------------------
canvasWidth:100,
canvasHeight:100,
data:[{x:29,y:0,l:90,w:71},{x:0,y:0,l:76,w:29},],
----------------------- 36 ---------------------------
canvasWidth:100,
canvasHeight:100,
data:[{x:2,y:0,l:45,w:98},{x:33,y:45,l:51,w:67},],
----------------------- 37 ---------------------------
canvasWidth:100,
canvasHeight:100,
data:[{x:8,y:0,l:45,w:92},{x:34,y:45,l:51,w:66},],
----------------------- 38 ---------------------------
canvasWidth:100,
canvasHeight:100,
data:[{x:1,y:0,l:57,w:99},],
----------------------- 39 ---------------------------
canvasWidth:100,
canvasHeight:100,
data:[{x:1,y:0,l:50,w:99},{x:28,y:50,l:50,w:72},{x:2,y:50,l:25,w:26},],
----------------------- 40 ---------------------------
canvasWidth:100,
canvasHeight:100,
data:[{x:6,y:0,l:60,w:94},],
----------------------- 41 ---------------------------
canvasWidth:100,
canvasHeight:100,
data:[{x:20,y:0,l:57,w:80},],
----------------------- 42 ---------------------------
canvasWidth:100,
canvasHeight:100,
data:[{x:28,y:0,l:58,w:72},],
----------------------- 43 ---------------------------
canvasWidth:100,
canvasHeight:100,
data:[{x:13,y:0,l:54,w:87},{x:18,y:54,l:46,w:82},],
----------------------- 44 ---------------------------
canvasWidth:100,
canvasHeight:100,
data:[{x:35,y:0,l:54,w:65},],
----------------------- 45 ---------------------------
canvasWidth:100,
canvasHeight:100,
data:[{x:45,y:0,l:57,w:55},],
----------------------- 46 ---------------------------
canvasWidth:100,
canvasHeight:100,
data:[{x:4,y:0,l:60,w:96},{x:12,y:60,l:40,w:88},],
