====================================== Class_01.2bp-40 =====================================
Reduced size: 100 usedBin: 0
[44, 45, 57, 61, 67, 97, 98]
[15, 47, 56, 76]
[3, 80, 82]
[14, 24]
[11, 69, 73, 86]
[16, 40, 71, 77]
[13, 38, 74]
[7, 49, 68, 85]
[32, 33, 50, 58]
[0]
[12, 46, 72, 78]
[25, 31, 52, 81, 92]
[8, 21]
[1]
[2, 83]
[5, 34, 88, 99]
[4, 60]
[19, 43, 59, 62]
[20, 35, 48, 84]
[29, 30, 65, 66]
[18, 28, 79, 89, 90]
[6, 41, 75]
[36, 37, 53, 55]
[17, 39, 70, 87, 94]
[27, 42, 63, 91, 93, 96]
[22, 51, 54, 64]
[9, 23]
[10, 26, 95]
------------------------------------------------
Best fit used bin number: 28
Found best solution: 28 0.141

   Statrt add columnAndCut col: 28 cons: 0 cut: 0	0.219

	1 Start Add column using column generation  col: 28 cons: 0 cut: 0	0.219
			Start solve  LP :0.219
			End solve LP obj: 28.0 t: 0
	1 End Add column using column generation : 28.0 col: 28 cons: 0 cut: 0	0.219
   End add columnAndCut : 28.0 colGencnt: 1 price: 0 col: 28 cons: 0 cut: 0	0.219

Node lb: 28.0 ub: 28 : 0.219

Final Found Solution: 28 genNode: 1 extendedNode: 0:0.219
Bin size: 100
1 : 24,24,18,16,14,2,2, : 100
2 : 49,21,18,9, : 97
3 : 81,8,7, : 96
4 : 54,36, : 90
5 : 56,14,12,6, : 88
6 : 49,27,12,9, : 97
7 : 54,28,12, : 94
8 : 60,20,14,6, : 100
9 : 32,30,20,18, : 100
10 : 100, : 100
11 : 56,24,12,8, : 100
12 : 36,32,20,8,4, : 100
13 : 60,40, : 100
14 : 100, : 100
15 : 90,7, : 97
16 : 63,30,6,1, : 100
17 : 72,18, : 90
18 : 42,24,18,16, : 100
19 : 42,30,21,7, : 100
20 : 35,35,15,15, : 100
21 : 45,35,8,5,5, : 98
22 : 63,27,10, : 100
23 : 30,30,20,20, : 100
24 : 48,28,14,6,4, : 100
25 : 36,27,16,4,4,3, : 90
26 : 40,20,20,16, : 96
27 : 60,40, : 100
28 : 60,36,4, : 100
----------------------- 1 ---------------------------
canvasWidth:10,
canvasHeight:10,
data:[{x:6,y:0,l:6,w:4},{x:2,y:0,l:6,w:4},{x:2,y:6,l:2,w:8},{x:0,y:0,l:7,w:2},{x:0,y:7,l:1,w:2},{x:1,y:8,l:2,w:9},{x:0,y:8,l:2,w:1},],
----------------------- 2 ---------------------------
canvasWidth:10,
canvasHeight:10,
data:[{x:7,y:0,l:7,w:3},{x:7,y:7,l:3,w:3},{x:0,y:0,l:7,w:7},{x:1,y:7,l:3,w:6},],
----------------------- 3 ---------------------------
canvasWidth:10,
canvasHeight:10,
data:[{x:1,y:0,l:9,w:9},{x:0,y:0,l:8,w:1},{x:3,y:9,l:1,w:7},],
----------------------- 4 ---------------------------
canvasWidth:10,
canvasHeight:10,
data:[{x:4,y:0,l:9,w:6},{x:0,y:0,l:9,w:4},],
----------------------- 5 ---------------------------
canvasWidth:10,
canvasHeight:10,
data:[{x:2,y:0,l:7,w:8},{x:0,y:0,l:7,w:2},{x:6,y:7,l:3,w:4},{x:4,y:7,l:3,w:2},],
----------------------- 6 ---------------------------
canvasWidth:10,
canvasHeight:10,
data:[{x:3,y:0,l:7,w:7},{x:0,y:0,l:4,w:3},{x:0,y:4,l:3,w:3},{x:1,y:7,l:3,w:9},],
----------------------- 7 ---------------------------
canvasWidth:10,
canvasHeight:10,
data:[{x:3,y:0,l:4,w:7},{x:0,y:0,l:4,w:3},{x:1,y:4,l:6,w:9},],
----------------------- 8 ---------------------------
canvasWidth:10,
canvasHeight:10,
data:[{x:0,y:0,l:6,w:10},{x:0,y:6,l:2,w:10},{x:3,y:8,l:2,w:7},{x:0,y:8,l:2,w:3},],
----------------------- 9 ---------------------------
canvasWidth:10,
canvasHeight:10,
data:[{x:4,y:0,l:5,w:6},{x:4,y:5,l:3,w:6},{x:0,y:0,l:8,w:4},{x:0,y:8,l:2,w:10},],
----------------------- 10 ---------------------------
canvasWidth:10,
canvasHeight:10,
data:[{x:0,y:0,l:10,w:10},],
----------------------- 11 ---------------------------
canvasWidth:10,
canvasHeight:10,
data:[{x:3,y:0,l:8,w:7},{x:0,y:0,l:8,w:3},{x:4,y:8,l:2,w:6},{x:0,y:8,l:2,w:4},],
----------------------- 12 ---------------------------
canvasWidth:10,
canvasHeight:10,
data:[{x:1,y:0,l:4,w:9},{x:0,y:0,l:4,w:1},{x:2,y:4,l:4,w:8},{x:0,y:4,l:4,w:2},{x:0,y:8,l:2,w:10},],
----------------------- 13 ---------------------------
canvasWidth:10,
canvasHeight:10,
data:[{x:4,y:0,l:10,w:6},{x:0,y:0,l:10,w:4},],
----------------------- 14 ---------------------------
canvasWidth:10,
canvasHeight:10,
data:[{x:0,y:0,l:10,w:10},],
----------------------- 15 ---------------------------
canvasWidth:10,
canvasHeight:10,
data:[{x:0,y:0,l:9,w:10},{x:3,y:9,l:1,w:7},],
----------------------- 16 ---------------------------
canvasWidth:10,
canvasHeight:10,
data:[{x:1,y:0,l:7,w:9},{x:0,y:0,l:6,w:1},{x:0,y:6,l:1,w:1},{x:0,y:7,l:3,w:10},],
----------------------- 17 ---------------------------
canvasWidth:10,
canvasHeight:10,
data:[{x:1,y:0,l:8,w:9},{x:1,y:8,l:2,w:9},],
----------------------- 18 ---------------------------
canvasWidth:10,
canvasHeight:10,
data:[{x:3,y:0,l:6,w:7},{x:0,y:0,l:6,w:3},{x:4,y:6,l:4,w:6},{x:0,y:6,l:4,w:4},],
----------------------- 19 ---------------------------
canvasWidth:10,
canvasHeight:10,
data:[{x:3,y:0,l:6,w:7},{x:3,y:6,l:1,w:7},{x:0,y:0,l:7,w:3},{x:0,y:7,l:3,w:10},],
----------------------- 20 ---------------------------
canvasWidth:10,
canvasHeight:10,
data:[{x:3,y:0,l:5,w:7},{x:0,y:0,l:5,w:3},{x:3,y:5,l:5,w:7},{x:0,y:5,l:5,w:3},],
----------------------- 21 ---------------------------
canvasWidth:10,
canvasHeight:10,
data:[{x:5,y:0,l:9,w:5},{x:5,y:9,l:1,w:5},{x:0,y:0,l:7,w:5},{x:0,y:7,l:1,w:5},{x:1,y:8,l:2,w:4},],
----------------------- 22 ---------------------------
canvasWidth:10,
canvasHeight:10,
data:[{x:1,y:0,l:7,w:9},{x:1,y:7,l:3,w:9},{x:0,y:0,l:10,w:1},],
----------------------- 23 ---------------------------
canvasWidth:10,
canvasHeight:10,
data:[{x:5,y:0,l:4,w:5},{x:0,y:0,l:4,w:5},{x:0,y:4,l:3,w:10},{x:0,y:7,l:3,w:10},],
----------------------- 24 ---------------------------
canvasWidth:10,
canvasHeight:10,
data:[{x:2,y:0,l:6,w:8},{x:3,y:6,l:4,w:7},{x:2,y:6,l:4,w:1},{x:0,y:0,l:7,w:2},{x:0,y:7,l:3,w:2},],
----------------------- 25 ---------------------------
canvasWidth:10,
canvasHeight:10,
data:[{x:6,y:0,l:9,w:4},{x:6,y:9,l:1,w:4},{x:3,y:0,l:9,w:3},{x:3,y:9,l:1,w:3},{x:1,y:0,l:8,w:2},{x:1,y:8,l:2,w:2},],
----------------------- 26 ---------------------------
canvasWidth:10,
canvasHeight:10,
data:[{x:6,y:0,l:10,w:4},{x:4,y:0,l:10,w:2},{x:2,y:0,l:10,w:2},{x:0,y:0,l:8,w:2},],
----------------------- 27 ---------------------------
canvasWidth:10,
canvasHeight:10,
data:[{x:0,y:0,l:6,w:10},{x:0,y:6,l:4,w:10},],
----------------------- 28 ---------------------------
canvasWidth:10,
canvasHeight:10,
data:[{x:0,y:0,l:6,w:10},{x:1,y:6,l:4,w:9},{x:0,y:6,l:4,w:1},],
