====================================== Class_08.2bp-20 =====================================
Reduced size: 60 usedBin: 0
[4, 33, 36]
[1, 39, 45, 58]
[7, 8, 49]
[3, 16]
[0, 47, 59]
[10, 26, 42, 53, 54, 55, 57]
[18, 21, 34, 40, 56]
[9, 11]
[24, 27, 29, 30]
[17, 25, 28, 48, 52]
[5, 13]
[6, 31, 38]
[2, 46]
[14, 15]
[12, 23, 44, 50]
[19, 22, 32, 51]
[20, 35, 37, 41, 43]
------------------------------------------------
Best fit used bin number: 17
Found best solution: 17 0.143

   Statrt add columnAndCut col: 17 cons: 0 cut: 0	0.205

	1 Start Add column using column generation  col: 17 cons: 0 cut: 0	0.205
			Start solve  LP :0.205
			End solve LP obj: 17.0 t: 1
	1 End Add column using column generation : 17.0 col: 17 cons: 0 cut: 0	0.207
   End add columnAndCut : 17.0 colGencnt: 1 price: 0 col: 17 cons: 0 cut: 0	0.208

Node lb: 17.0 ub: 17 : 0.208

Final Found Solution: 17 genNode: 1 extendedNode: 0:0.209
Bin size: 10000
1 : 4560,1729,1577, : 7866
2 : 6776,1445,1078,99, : 9398
3 : 4465,4410,800, : 9675
4 : 5400,3520, : 8920
5 : 7998,949,81, : 9028
6 : 4312,2184,1335,455,304,156,152, : 8898
7 : 3280,2844,1672,1400,154, : 9350
8 : 4324,4140, : 8464
9 : 2523,2176,1972,1920, : 8591
10 : 3479,2204,2139,852,552, : 9226
11 : 4560,3822, : 8382
12 : 4480,1820,1512, : 7812
13 : 6424,1056, : 7480
14 : 3772,3619, : 7391
15 : 3828,2610,1125,729, : 8292
16 : 3081,2772,1767,650, : 8270
17 : 3007,1634,1552,1386,1185, : 8764
----------------------- 1 ---------------------------
canvasWidth:100,
canvasHeight:100,
data:[{x:9,y:0,l:19,w:91},{x:17,y:19,l:19,w:83},{x:20,y:38,l:57,w:80},],
----------------------- 2 ---------------------------
canvasWidth:100,
canvasHeight:100,
data:[{x:1,y:0,l:1,w:99},{x:2,y:1,l:11,w:98},{x:23,y:12,l:88,w:77},{x:6,y:12,l:85,w:17},],
----------------------- 3 ---------------------------
canvasWidth:100,
canvasHeight:100,
data:[{x:0,y:0,l:8,w:100},{x:2,y:8,l:45,w:98},{x:5,y:53,l:47,w:95},],
----------------------- 4 ---------------------------
canvasWidth:100,
canvasHeight:100,
data:[{x:10,y:0,l:60,w:90},{x:12,y:60,l:40,w:88},],
----------------------- 5 ---------------------------
canvasWidth:100,
canvasHeight:100,
data:[{x:7,y:0,l:86,w:93},{x:19,y:86,l:1,w:81},{x:27,y:87,l:13,w:73},],
----------------------- 6 ---------------------------
canvasWidth:100,
canvasHeight:100,
data:[{x:2,y:0,l:44,w:98},{x:9,y:44,l:5,w:91},{x:11,y:49,l:15,w:89},{x:22,y:64,l:28,w:78},{x:22,y:92,l:2,w:78},{x:24,y:94,l:4,w:76},{x:24,y:98,l:2,w:76},],
----------------------- 7 ---------------------------
canvasWidth:100,
canvasHeight:100,
data:[{x:20,y:0,l:41,w:80},{x:21,y:41,l:36,w:79},{x:23,y:77,l:2,w:77},{x:30,y:79,l:20,w:70},{x:1,y:0,l:88,w:19},],
----------------------- 8 ---------------------------
canvasWidth:100,
canvasHeight:100,
data:[{x:8,y:0,l:47,w:92},{x:8,y:47,l:45,w:92},],
----------------------- 9 ---------------------------
canvasWidth:100,
canvasHeight:100,
data:[{x:13,y:0,l:29,w:87},{x:68,y:29,l:68,w:32},{x:0,y:29,l:29,w:68},{x:20,y:58,l:40,w:48},],
----------------------- 10 ---------------------------
canvasWidth:100,
canvasHeight:100,
data:[{x:29,y:0,l:49,w:71},{x:29,y:49,l:12,w:71},{x:31,y:61,l:31,w:69},{x:31,y:92,l:8,w:69},{x:0,y:0,l:76,w:29},],
----------------------- 11 ---------------------------
canvasWidth:100,
canvasHeight:100,
data:[{x:5,y:0,l:48,w:95},{x:22,y:48,l:49,w:78},],
----------------------- 12 ---------------------------
canvasWidth:100,
canvasHeight:100,
data:[{x:9,y:0,l:20,w:91},{x:44,y:20,l:80,w:56},{x:2,y:20,l:36,w:42},],
----------------------- 13 ---------------------------
canvasWidth:100,
canvasHeight:100,
data:[{x:4,y:0,l:11,w:96},{x:27,y:11,l:88,w:73},],
----------------------- 14 ---------------------------
canvasWidth:100,
canvasHeight:100,
data:[{x:18,y:0,l:46,w:82},{x:23,y:46,l:47,w:77},],
----------------------- 15 ---------------------------
canvasWidth:100,
canvasHeight:100,
data:[{x:10,y:0,l:29,w:90},{x:13,y:29,l:44,w:87},{x:19,y:73,l:9,w:81},{x:25,y:82,l:15,w:75},],
----------------------- 16 ---------------------------
canvasWidth:100,
canvasHeight:100,
data:[{x:7,y:0,l:19,w:93},{x:34,y:19,l:42,w:66},{x:8,y:19,l:25,w:26},{x:21,y:61,l:39,w:79},],
----------------------- 17 ---------------------------
canvasWidth:100,
canvasHeight:100,
data:[{x:3,y:0,l:31,w:97},{x:3,y:31,l:16,w:97},{x:14,y:47,l:19,w:86},{x:21,y:66,l:15,w:79},{x:23,y:81,l:18,w:77},],
