====================================== Class_07.2bp-24 =====================================
Reduced size: 60 usedBin: 0
[15, 20, 23, 44, 57]
[6, 17, 36, 45, 48]
[1]
[0, 50]
[8, 12, 47, 59]
[3, 16, 27]
[4, 5, 43]
[10, 11, 19, 56]
[7, 24, 33]
[2, 18, 37, 49]
[9, 14, 35, 40, 58]
[13, 26, 34, 53, 54]
[21, 25, 28, 32, 52, 55]
[22, 30, 31, 38, 39, 46, 51]
[29, 41, 42]
------------------------------------------------
Best fit used bin number: 15
Found best solution: 15 0.266

   Statrt add columnAndCut col: 15 cons: 0 cut: 0	0.328

	1 Start Add column using column generation  col: 15 cons: 0 cut: 0	0.328
			Start solve  LP :0.328
			End solve LP obj: 15.0 t: 0
	1 End Add column using column generation : 15.0 col: 15 cons: 0 cut: 0	0.328
   End add columnAndCut : 15.0 colGencnt: 1 price: 0 col: 15 cons: 0 cut: 0	0.328

Node lb: 15.0 ub: 15 : 0.328

Final Found Solution: 15 genNode: 1 extendedNode: 0:0.328
Bin size: 10000
1 : 2775,2548,2366,800,237, : 8726
2 : 3854,2613,1394,800,484, : 9145
3 : 5723, : 5723
4 : 8460,420, : 8880
5 : 3652,3149,552,76, : 7429
6 : 4128,2752,1978, : 8858
7 : 4048,3915,830, : 8793
8 : 3348,3332,2565,252, : 9497
9 : 3740,2294,1675, : 7709
10 : 4240,2574,1305,462, : 8581
11 : 3648,2850,1575,1022,93, : 9188
12 : 3021,1998,1638,340,288, : 7285
13 : 2392,2040,1909,1694,380,273, : 8688
14 : 2376,1716,1710,1188,1116,658,388, : 9152
15 : 1748,936,840, : 3524
----------------------- 1 ---------------------------
canvasWidth:100,
canvasHeight:100,
data:[{x:92,y:0,l:100,w:8},{x:66,y:0,l:98,w:26},{x:40,y:0,l:91,w:26},{x:37,y:0,l:79,w:3},{x:0,y:0,l:75,w:37},],
----------------------- 2 ---------------------------
canvasWidth:100,
canvasHeight:100,
data:[{x:0,y:0,l:8,w:100},{x:18,y:8,l:47,w:82},{x:89,y:55,l:44,w:11},{x:22,y:55,l:39,w:67},{x:1,y:8,l:82,w:17},],
----------------------- 3 ---------------------------
canvasWidth:100,
canvasHeight:100,
data:[{x:3,y:0,l:59,w:97},],
----------------------- 4 ---------------------------
canvasWidth:100,
canvasHeight:100,
data:[{x:6,y:0,l:90,w:94},{x:1,y:0,l:84,w:5},],
----------------------- 5 ---------------------------
canvasWidth:100,
canvasHeight:100,
data:[{x:56,y:0,l:83,w:44},{x:55,y:0,l:76,w:1},{x:47,y:0,l:69,w:8},{x:0,y:0,l:67,w:47},],
----------------------- 6 ---------------------------
canvasWidth:100,
canvasHeight:100,
data:[{x:57,y:0,l:96,w:43},{x:25,y:0,l:86,w:32},{x:2,y:0,l:86,w:23},],
----------------------- 7 ---------------------------
canvasWidth:100,
canvasHeight:100,
data:[{x:56,y:0,l:92,w:44},{x:11,y:0,l:87,w:45},{x:1,y:0,l:83,w:10},],
----------------------- 8 ---------------------------
canvasWidth:100,
canvasHeight:100,
data:[{x:66,y:0,l:98,w:34},{x:39,y:0,l:95,w:27},{x:3,y:0,l:93,w:36},{x:0,y:0,l:84,w:3},],
----------------------- 9 ---------------------------
canvasWidth:100,
canvasHeight:100,
data:[{x:56,y:0,l:85,w:44},{x:25,y:0,l:74,w:31},{x:0,y:0,l:67,w:25},],
----------------------- 10 ---------------------------
canvasWidth:100,
canvasHeight:100,
data:[{x:61,y:0,l:66,w:39},{x:54,y:0,l:66,w:7},{x:55,y:66,l:29,w:45},{x:0,y:0,l:80,w:53},],
----------------------- 11 ---------------------------
canvasWidth:100,
canvasHeight:100,
data:[{x:52,y:0,l:76,w:48},{x:14,y:0,l:75,w:38},{x:0,y:0,l:73,w:14},{x:25,y:76,l:21,w:75},{x:69,y:97,l:3,w:31},],
----------------------- 12 ---------------------------
canvasWidth:100,
canvasHeight:100,
data:[{x:15,y:0,l:4,w:85},{x:22,y:4,l:21,w:78},{x:73,y:25,l:74,w:27},{x:69,y:25,l:72,w:4},{x:16,y:25,l:57,w:53},],
----------------------- 13 ---------------------------
canvasWidth:100,
canvasHeight:100,
data:[{x:74,y:0,l:92,w:26},{x:51,y:0,l:83,w:23},{x:29,y:0,l:77,w:22},{x:24,y:0,l:76,w:5},{x:35,y:83,l:7,w:39},{x:0,y:0,l:85,w:24},],
----------------------- 14 ---------------------------
canvasWidth:100,
canvasHeight:100,
data:[{x:76,y:0,l:99,w:24},{x:64,y:0,l:99,w:12},{x:60,y:0,l:97,w:4},{x:53,y:0,l:94,w:7},{x:41,y:0,l:93,w:12},{x:22,y:0,l:90,w:19},{x:0,y:0,l:78,w:22},],
----------------------- 15 ---------------------------
canvasWidth:100,
canvasHeight:100,
data:[{x:90,y:0,l:84,w:10},{x:78,y:0,l:78,w:12},{x:55,y:0,l:76,w:23},],
