====================================== Class_04.2bp-34 =====================================
Reduced size: 80 usedBin: 0
[1, 3, 6, 9, 15, 17, 18, 19, 21, 22, 23, 25, 30, 33, 39, 44, 46, 48, 51, 52, 60, 63, 66, 69, 70, 74, 75, 79]
[0, 2, 4, 5, 7, 8, 10, 12, 14, 26, 28, 32, 42, 43, 45, 47, 53, 56, 57, 61, 62, 64, 68, 71, 73, 76]
[11, 13, 16, 20, 24, 27, 29, 31, 34, 35, 36, 37, 38, 40, 41, 49, 50, 54, 55, 58, 59, 65, 67, 72, 77, 78]
------------------------------------------------
Best fit used bin number: 3
Found best solution: 3 0.156

   Statrt add columnAndCut col: 3 cons: 0 cut: 0	0.218

	1 Start Add column using column generation  col: 3 cons: 0 cut: 0	0.218
			Start solve  LP :0.218
			End solve LP obj: 3.0 t: 0
	1 End Add column using column generation : 3.0 col: 3 cons: 0 cut: 0	0.234
   End add columnAndCut : 3.0 colGencnt: 1 price: 0 col: 3 cons: 0 cut: 0	0.234

Node lb: 3.0 ub: 3 : 0.234

Final Found Solution: 3 genNode: 1 extendedNode: 0:0.234
Bin size: 10000
1 : 870,768,693,638,544,486,475,462,440,420,408,405,378,351,286,234,192,180,160,150,108,88,69,44,34,27,20,4, : 8934
2 : 980,837,728,726,682,675,621,560,551,392,380,372,266,252,224,182,140,126,120,91,90,84,52,34,27,16, : 9208
3 : 589,558,500,459,406,392,378,377,350,312,306,304,299,286,270,176,160,135,130,120,112,75,66,33,14,9, : 6816
----------------------- 1 ---------------------------
canvasWidth:100,
canvasHeight:100,
data:[{x:68,y:0,l:24,w:32},{x:68,y:24,l:5,w:32},{x:73,y:29,l:13,w:27},{x:69,y:29,l:11,w:4},{x:71,y:40,l:2,w:2},{x:71,y:42,l:22,w:29},{x:78,y:64,l:21,w:22},{x:69,y:64,l:12,w:9},{x:35,y:0,l:21,w:33},{x:49,y:21,l:25,w:19},{x:36,y:21,l:22,w:13},{x:39,y:46,l:30,w:29},{x:44,y:76,l:8,w:24},{x:17,y:0,l:27,w:18},{x:3,y:0,l:27,w:14},{x:0,y:0,l:23,w:3},{x:1,y:27,l:16,w:34},{x:5,y:43,l:6,w:30},{x:1,y:43,l:5,w:4},{x:8,y:49,l:15,w:27},{x:0,y:49,l:11,w:8},{x:8,y:64,l:1,w:27},{x:13,y:65,l:20,w:22},{x:90,y:85,l:15,w:10},{x:56,y:85,l:12,w:34},{x:56,y:97,l:1,w:34},{x:21,y:85,l:12,w:35},{x:3,y:85,l:13,w:18},],
----------------------- 2 ---------------------------
canvasWidth:100,
canvasHeight:100,
data:[{x:69,y:0,l:27,w:31},{x:42,y:0,l:25,w:27},{x:22,y:0,l:19,w:20},{x:40,y:19,l:8,w:2},{x:19,y:19,l:6,w:21},{x:78,y:27,l:31,w:22},{x:86,y:58,l:28,w:14},{x:79,y:58,l:26,w:7},{x:81,y:86,l:14,w:19},{x:50,y:27,l:35,w:28},{x:50,y:62,l:8,w:28},{x:29,y:27,l:12,w:21},{x:19,y:27,l:9,w:10},{x:20,y:36,l:3,w:9},{x:28,y:39,l:33,w:22},{x:21,y:39,l:13,w:7},{x:21,y:52,l:12,w:7},{x:52,y:72,l:28,w:26},{x:25,y:72,l:23,w:27},{x:28,y:95,l:5,w:24},{x:0,y:0,l:29,w:19},{x:3,y:29,l:35,w:16},{x:2,y:29,l:34,w:1},{x:0,y:29,l:26,w:2},{x:15,y:64,l:35,w:4},{x:3,y:64,l:31,w:12},],
----------------------- 3 ---------------------------
canvasWidth:100,
canvasHeight:100,
data:[{x:69,y:0,l:19,w:31},{x:69,y:19,l:18,w:31},{x:87,y:37,l:29,w:13},{x:87,y:66,l:10,w:13},{x:89,y:76,l:6,w:11},{x:91,y:82,l:1,w:9},{x:70,y:37,l:18,w:17},{x:73,y:55,l:28,w:14},{x:49,y:0,l:25,w:20},{x:55,y:25,l:29,w:14},{x:55,y:54,l:8,w:14},{x:50,y:25,l:32,w:5},{x:37,y:0,l:26,w:12},{x:38,y:26,l:16,w:11},{x:38,y:42,l:3,w:11},{x:27,y:0,l:27,w:10},{x:28,y:27,l:15,w:9},{x:14,y:0,l:23,w:13},{x:0,y:0,l:1,w:14},{x:1,y:1,l:22,w:13},{x:33,y:46,l:19,w:16},{x:9,y:46,l:5,w:24},{x:48,y:65,l:18,w:21},{x:73,y:83,l:17,w:27},{x:48,y:83,l:14,w:25},{x:48,y:97,l:3,w:25},],
