====================================== Class_06.2bp-27 =====================================
Reduced size: 60 usedBin: 0
[0, 1, 2, 5, 6, 9, 10, 11, 12, 16, 17, 20, 21, 22, 25, 26, 29, 37, 42, 44, 46, 49, 52, 53, 56, 58, 59]
[3, 4, 7, 8, 13, 14, 15, 18, 19, 23, 24, 27, 28, 30, 31, 32, 33, 34, 35, 36, 38, 39, 40, 41, 43, 45, 47, 48, 50, 51, 54, 55, 57]
------------------------------------------------
Best fit used bin number: 2
Found best solution: 2 0.141

   Statrt add columnAndCut col: 2 cons: 0 cut: 0	0.203

	1 Start Add column using column generation  col: 2 cons: 0 cut: 0	0.203
			Start solve  LP :0.203
			End solve LP obj: 2.0 t: 0
	1 End Add column using column generation : 2.0 col: 2 cons: 0 cut: 0	0.203
   End add columnAndCut : 2.0 colGencnt: 1 price: 0 col: 2 cons: 0 cut: 0	0.203

Node lb: 2.0 ub: 2 : 0.203

Final Found Solution: 2 genNode: 1 extendedNode: 0:0.203
Bin size: 90000
1 : 7700,7524,7505,6390,6298,4964,4959,4450,4316,3906,3901,3564,3024,2948,2664,2584,2170,1420,1068,675,624,450,268,217,144,32,23, : 83788
2 : 7326,7040,5548,5063,4290,4218,3990,3880,3572,2940,2860,2523,2484,2128,1863,1800,1690,1596,1564,1552,1408,1386,1357,1330,980,627,600,567,376,345,196,162,40, : 77301
----------------------- 1 ---------------------------
canvasWidth:300,
canvasHeight:300,
data:[{x:233,y:0,l:94,w:67},{x:233,y:94,l:44,w:67},{x:156,y:0,l:100,w:77},{x:161,y:100,l:37,w:72},{x:77,y:0,l:95,w:79},{x:80,y:95,l:34,w:76},{x:81,y:129,l:9,w:75},{x:0,y:0,l:68,w:73},{x:19,y:68,l:66,w:54},{x:3,y:68,l:39,w:16},{x:237,y:138,l:62,w:63},{x:148,y:138,l:50,w:89},{x:148,y:188,l:12,w:89},{x:54,y:138,l:57,w:87},{x:0,y:138,l:56,w:54},{x:224,y:200,l:99,w:76},{x:193,y:200,l:70,w:31},{x:193,y:270,l:7,w:31},{x:194,y:277,l:15,w:30},{x:200,y:292,l:6,w:24},{x:201,y:298,l:1,w:23},{x:103,y:200,l:71,w:90},{x:122,y:271,l:20,w:71},{x:51,y:200,l:83,w:52},{x:4,y:200,l:83,w:47},{x:0,y:200,l:67,w:4},{x:268,y:299,l:1,w:32},],
----------------------- 2 ---------------------------
canvasWidth:300,
canvasHeight:300,
data:[{x:201,y:0,l:74,w:99},{x:203,y:74,l:16,w:97},{x:220,y:90,l:88,w:80},{x:202,y:90,l:77,w:18},{x:224,y:178,l:73,w:76},{x:201,y:178,l:59,w:23},{x:240,y:251,l:49,w:60},{x:202,y:251,l:42,w:38},{x:201,y:251,l:40,w:1},{x:172,y:0,l:87,w:29},{x:177,y:87,l:75,w:24},{x:172,y:87,l:69,w:5},{x:174,y:162,l:69,w:27},{x:179,y:231,l:64,w:22},{x:89,y:0,l:61,w:83},{x:8,y:0,l:2,w:81},{x:15,y:2,l:57,w:74},{x:7,y:2,l:47,w:8},{x:130,y:61,l:95,w:42},{x:65,y:61,l:66,w:65},{x:65,y:127,l:26,w:65},{x:45,y:61,l:49,w:20},{x:46,y:110,l:33,w:19},{x:0,y:61,l:65,w:44},{x:78,y:156,l:38,w:94},{x:40,y:156,l:35,w:38},{x:74,y:194,l:2,w:98},{x:75,y:196,l:40,w:97},{x:80,y:236,l:27,w:92},{x:104,y:263,l:23,w:68},{x:109,y:286,l:9,w:63},{x:44,y:263,l:10,w:60},{x:0,y:156,l:56,w:38},],
