====================================== Class_05.2bp-10 =====================================
Reduced size: 40 usedBin: 0
[10, 11, 12, 14, 37]
[1, 20, 25, 27, 29, 31]
[5, 6, 26]
[2, 9, 23, 24, 34, 39]
[0, 15, 21, 28, 32, 35]
[4, 8, 17]
[7, 18, 19, 22, 30, 33]
[3, 13, 16, 36, 38]
------------------------------------------------
Best fit used bin number: 8
Found best solution: 8 0.125

   Statrt add columnAndCut col: 8 cons: 0 cut: 0	0.188

	1 Start Add column using column generation  col: 8 cons: 0 cut: 0	0.188
			Start solve  LP :0.188
			End solve LP obj: 8.0 t: 0
	1 End Add column using column generation : 8.0 col: 8 cons: 0 cut: 0	0.188
   End add columnAndCut : 8.0 colGencnt: 1 price: 0 col: 8 cons: 0 cut: 0	0.188

Node lb: 8.0 ub: 8 : 0.188

Final Found Solution: 8 genNode: 1 extendedNode: 0:0.203
Bin size: 10000
1 : 2680,2400,2046,1911,72, : 9109
2 : 5330,1140,792,448,288,198, : 8196
3 : 3916,3888,595, : 8399
4 : 5049,2820,851,800,148,9, : 9677
5 : 5751,1875,1027,304,192,130, : 9279
6 : 4140,3626,1440, : 9206
7 : 3672,1300,1184,896,210,168, : 7430
8 : 4488,1920,1701,89,25, : 8223
----------------------- 1 ---------------------------
canvasWidth:100,
canvasHeight:100,
data:[{x:68,y:0,l:75,w:32},{x:82,y:75,l:4,w:18},{x:1,y:0,l:40,w:67},{x:6,y:40,l:33,w:62},{x:9,y:79,l:21,w:91},],
----------------------- 2 ---------------------------
canvasWidth:100,
canvasHeight:100,
data:[{x:88,y:0,l:95,w:12},{x:81,y:0,l:64,w:7},{x:82,y:64,l:33,w:6},{x:16,y:0,l:82,w:65},{x:65,y:82,l:18,w:16},{x:4,y:0,l:66,w:12},],
----------------------- 3 ---------------------------
canvasWidth:100,
canvasHeight:100,
data:[{x:56,y:0,l:89,w:44},{x:8,y:0,l:81,w:48},{x:15,y:89,l:7,w:85},],
----------------------- 4 ---------------------------
canvasWidth:100,
canvasHeight:100,
data:[{x:49,y:0,l:99,w:51},{x:91,y:99,l:1,w:9},{x:2,y:0,l:60,w:47},{x:29,y:60,l:40,w:20},{x:6,y:60,l:37,w:23},{x:2,y:60,l:37,w:4},],
----------------------- 5 ---------------------------
canvasWidth:100,
canvasHeight:100,
data:[{x:29,y:0,l:81,w:71},{x:4,y:0,l:75,w:25},{x:0,y:0,l:65,w:2},{x:84,y:81,l:19,w:16},{x:5,y:81,l:13,w:79},{x:36,y:94,l:4,w:48},],
----------------------- 6 ---------------------------
canvasWidth:100,
canvasHeight:100,
data:[{x:63,y:0,l:98,w:37},{x:17,y:0,l:90,w:46},{x:1,y:0,l:90,w:16},],
----------------------- 7 ---------------------------
canvasWidth:100,
canvasHeight:100,
data:[{x:28,y:0,l:51,w:72},{x:68,y:51,l:37,w:32},{x:76,y:88,l:7,w:24},{x:36,y:51,l:28,w:32},{x:54,y:79,l:15,w:14},{x:3,y:0,l:52,w:25},],
----------------------- 8 ---------------------------
canvasWidth:100,
canvasHeight:100,
data:[{x:11,y:0,l:1,w:89},{x:12,y:1,l:51,w:88},{x:11,y:1,l:25,w:1},{x:19,y:52,l:21,w:81},{x:20,y:73,l:24,w:80},],
