====================================== Class_03.2bp-20 =====================================
Reduced size: 60 usedBin: 0
[11, 23, 35, 52]
[4, 32, 42, 55]
[6, 17, 39, 59]
[9, 28, 40, 54]
[1, 30, 43, 51]
[7, 31, 36, 46]
[5, 25, 38, 53]
[2, 24, 37]
[10, 16, 47, 57]
[15, 22, 29, 33, 50, 56]
[12, 14, 34, 48]
[19, 20, 26, 41, 45, 58]
[13, 18, 27, 49]
[8]
[0]
[3, 21, 44]
------------------------------------------------
Best fit used bin number: 16
Found best solution: 16 0.281

   Statrt add columnAndCut col: 16 cons: 0 cut: 0	0.375

	1 Start Add column using column generation  col: 16 cons: 0 cut: 0	0.375
			Start solve  LP :0.375
			End solve LP obj: 16.0 t: 0
	1 End Add column using column generation : 16.0 col: 16 cons: 0 cut: 0	0.375
   End add columnAndCut : 16.0 colGencnt: 1 price: 0 col: 16 cons: 0 cut: 0	0.375

Node lb: 16.0 ub: 16 : 0.375

Final Found Solution: 16 genNode: 1 extendedNode: 0:0.375
Bin size: 1600
1 : 638,364,232,30, : 1264
2 : 864,299,144,22, : 1329
3 : 832,434,196,12, : 1474
4 : 780,312,154,23, : 1269
5 : 1023,306,138,48, : 1515
6 : 812,300,210,88, : 1410
7 : 837,351,198,24, : 1410
8 : 957,352,210, : 1519
9 : 700,435,80,19, : 1234
10 : 440,374,306,280,56,21, : 1477
11 : 598,561,234,70, : 1463
12 : 416,400,338,154,110,16, : 1434
13 : 588,420,330,64, : 1402
14 : 812, : 812
15 : 1156, : 1156
16 : 891,396,112, : 1399
----------------------- 1 ---------------------------
canvasWidth:40,
canvasHeight:40,
data:[{x:11,y:0,l:22,w:29},{x:12,y:22,l:13,w:28},{x:3,y:0,l:29,w:8},{x:0,y:0,l:10,w:3},],
----------------------- 2 ---------------------------
canvasWidth:40,
canvasHeight:40,
data:[{x:27,y:0,l:23,w:13},{x:28,y:23,l:12,w:12},{x:29,y:35,l:2,w:11},{x:0,y:0,l:32,w:27},],
----------------------- 3 ---------------------------
canvasWidth:40,
canvasHeight:40,
data:[{x:14,y:0,l:32,w:26},{x:0,y:0,l:31,w:14},{x:2,y:31,l:1,w:12},{x:12,y:32,l:7,w:28},],
----------------------- 4 ---------------------------
canvasWidth:40,
canvasHeight:40,
data:[{x:29,y:0,l:14,w:11},{x:5,y:0,l:13,w:24},{x:6,y:13,l:1,w:23},{x:10,y:14,l:26,w:30},],
----------------------- 5 ---------------------------
canvasWidth:40,
canvasHeight:40,
data:[{x:6,y:0,l:9,w:34},{x:0,y:0,l:8,w:6},{x:7,y:9,l:31,w:33},{x:1,y:9,l:23,w:6},],
----------------------- 6 ---------------------------
canvasWidth:40,
canvasHeight:40,
data:[{x:11,y:0,l:28,w:29},{x:32,y:28,l:11,w:8},{x:11,y:28,l:10,w:21},{x:1,y:0,l:30,w:10},],
----------------------- 7 ---------------------------
canvasWidth:40,
canvasHeight:40,
data:[{x:34,y:0,l:33,w:6},{x:36,y:33,l:6,w:4},{x:3,y:0,l:27,w:31},{x:7,y:27,l:13,w:27},],
----------------------- 8 ---------------------------
canvasWidth:40,
canvasHeight:40,
data:[{x:7,y:0,l:29,w:33},{x:8,y:29,l:11,w:32},{x:1,y:0,l:35,w:6},],
----------------------- 9 ---------------------------
canvasWidth:40,
canvasHeight:40,
data:[{x:20,y:0,l:35,w:20},{x:16,y:0,l:20,w:4},{x:15,y:0,l:19,w:1},{x:0,y:0,l:29,w:15},],
----------------------- 10 ---------------------------
canvasWidth:40,
canvasHeight:40,
data:[{x:23,y:0,l:22,w:17},{x:1,y:0,l:20,w:22},{x:22,y:22,l:17,w:18},{x:2,y:22,l:14,w:20},{x:8,y:36,l:4,w:14},{x:1,y:36,l:3,w:7},],
----------------------- 11 ---------------------------
canvasWidth:40,
canvasHeight:40,
data:[{x:17,y:0,l:26,w:23},{x:35,y:26,l:14,w:5},{x:17,y:26,l:13,w:18},{x:0,y:0,l:33,w:17},],
----------------------- 12 ---------------------------
canvasWidth:40,
canvasHeight:40,
data:[{x:24,y:0,l:26,w:16},{x:8,y:0,l:25,w:16},{x:8,y:25,l:1,w:16},{x:3,y:0,l:22,w:5},{x:14,y:26,l:13,w:26},{x:0,y:26,l:11,w:14},],
----------------------- 13 ---------------------------
canvasWidth:40,
canvasHeight:40,
data:[{x:19,y:0,l:28,w:21},{x:4,y:0,l:28,w:15},{x:0,y:0,l:16,w:4},{x:7,y:28,l:10,w:33},],
----------------------- 14 ---------------------------
canvasWidth:40,
canvasHeight:40,
data:[{x:11,y:0,l:28,w:29},],
----------------------- 15 ---------------------------
canvasWidth:40,
canvasHeight:40,
data:[{x:6,y:0,l:34,w:34},],
----------------------- 16 ---------------------------
canvasWidth:40,
canvasHeight:40,
data:[{x:13,y:0,l:33,w:27},{x:24,y:33,l:7,w:16},{x:1,y:0,l:33,w:12},],
