====================================== Class_03.2bp-37 =====================================
Reduced size: 80 usedBin: 0
[9, 29, 36, 69]
[6, 40, 53, 62]
[0, 65]
[3]
[5, 35]
[2, 54, 76]
[7, 32, 61, 73]
[1, 47, 72]
[14, 25, 43, 55, 67]
[18, 23, 44]
[11, 41, 52, 74]
[12, 22, 51, 56, 75]
[8, 31, 59, 78]
[16, 33, 68, 70]
[17, 30, 38, 48, 77]
[10, 39, 46, 60]
[15, 21, 49, 58, 64, 71]
[27, 28, 37, 42, 57, 66]
[26, 34, 45, 63, 79]
[13, 20]
[19, 24, 50]
[4]
------------------------------------------------
Best fit used bin number: 22
Found best solution: 22 0.281

   Statrt add columnAndCut col: 22 cons: 0 cut: 0	0.359

	1 Start Add column using column generation  col: 22 cons: 0 cut: 0	0.359
			Start solve  LP :0.359
			End solve LP obj: 22.0 t: 0
	1 End Add column using column generation : 22.0 col: 22 cons: 0 cut: 0	0.359
   End add columnAndCut : 22.0 colGencnt: 1 price: 0 col: 22 cons: 0 cut: 0	0.359

Node lb: 22.0 ub: 22 : 0.359

Final Found Solution: 22 genNode: 1 extendedNode: 0:0.359
Bin size: 1600
1 : 783,385,312,44, : 1524
2 : 957,264,168,98, : 1487
3 : 1190,66, : 1256
4 : 1085, : 1085
5 : 980,324, : 1304
6 : 1088,138,18, : 1244
7 : 864,360,104,28, : 1356
8 : 1120,216,32, : 1368
9 : 672,418,252,136,56, : 1534
10 : 576,432,252, : 1260
11 : 756,264,176,24, : 1220
12 : 726,432,189,120,21, : 1488
13 : 850,360,112,8, : 1330
14 : 594,350,52,40, : 1036
15 : 588,380,306,200,18, : 1492
16 : 783,275,232,110, : 1400
17 : 627,448,198,114,72,33, : 1492
18 : 391,391,308,256,114,63, : 1523
19 : 406,336,250,90,8, : 1090
20 : 680,510, : 1190
21 : 522,418,190, : 1130
22 : 1054, : 1054
----------------------- 1 ---------------------------
canvasWidth:40,
canvasHeight:40,
data:[{x:5,y:0,l:11,w:35},{x:1,y:0,l:11,w:4},{x:13,y:11,l:29,w:27},{x:0,y:11,l:24,w:13},],
----------------------- 2 ---------------------------
canvasWidth:40,
canvasHeight:40,
data:[{x:16,y:0,l:7,w:24},{x:2,y:0,l:7,w:14},{x:11,y:7,l:33,w:29},{x:0,y:7,l:24,w:11},],
----------------------- 3 ---------------------------
canvasWidth:40,
canvasHeight:40,
data:[{x:6,y:0,l:35,w:34},{x:18,y:35,l:3,w:22},],
----------------------- 4 ---------------------------
canvasWidth:40,
canvasHeight:40,
data:[{x:5,y:0,l:31,w:35},],
----------------------- 5 ---------------------------
canvasWidth:40,
canvasHeight:40,
data:[{x:12,y:0,l:35,w:28},{x:0,y:0,l:27,w:12},],
----------------------- 6 ---------------------------
canvasWidth:40,
canvasHeight:40,
data:[{x:6,y:0,l:32,w:34},{x:0,y:0,l:23,w:6},{x:0,y:23,l:3,w:6},],
----------------------- 7 ---------------------------
canvasWidth:40,
canvasHeight:40,
data:[{x:27,y:0,l:8,w:13},{x:28,y:8,l:30,w:12},{x:27,y:8,l:28,w:1},{x:0,y:0,l:32,w:27},],
----------------------- 8 ---------------------------
canvasWidth:40,
canvasHeight:40,
data:[{x:8,y:0,l:35,w:32},{x:0,y:0,l:27,w:8},{x:0,y:27,l:4,w:8},],
----------------------- 9 ---------------------------
canvasWidth:40,
canvasHeight:40,
data:[{x:19,y:0,l:32,w:21},{x:23,y:32,l:8,w:17},{x:0,y:0,l:22,w:19},{x:5,y:22,l:18,w:14},{x:1,y:22,l:14,w:4},],
----------------------- 10 ---------------------------
canvasWidth:40,
canvasHeight:40,
data:[{x:13,y:0,l:16,w:27},{x:16,y:16,l:24,w:24},{x:4,y:0,l:28,w:9},],
----------------------- 11 ---------------------------
canvasWidth:40,
canvasHeight:40,
data:[{x:29,y:0,l:24,w:11},{x:28,y:0,l:24,w:1},{x:29,y:24,l:16,w:11},{x:0,y:0,l:28,w:27},],
----------------------- 12 ---------------------------
canvasWidth:40,
canvasHeight:40,
data:[{x:7,y:0,l:22,w:33},{x:16,y:22,l:18,w:24},{x:8,y:22,l:15,w:8},{x:9,y:37,l:3,w:7},{x:0,y:0,l:27,w:7},],
----------------------- 13 ---------------------------
canvasWidth:40,
canvasHeight:40,
data:[{x:6,y:0,l:25,w:34},{x:16,y:25,l:15,w:24},{x:8,y:25,l:14,w:8},{x:8,y:39,l:1,w:8},],
----------------------- 14 ---------------------------
canvasWidth:40,
canvasHeight:40,
data:[{x:18,y:0,l:27,w:22},{x:16,y:0,l:26,w:2},{x:2,y:0,l:25,w:14},{x:0,y:0,l:20,w:2},],
----------------------- 15 ---------------------------
canvasWidth:40,
canvasHeight:40,
data:[{x:19,y:0,l:28,w:21},{x:20,y:28,l:10,w:20},{x:22,y:38,l:1,w:18},{x:0,y:0,l:20,w:19},{x:1,y:20,l:17,w:18},],
----------------------- 16 ---------------------------
canvasWidth:40,
canvasHeight:40,
data:[{x:13,y:0,l:29,w:27},{x:15,y:29,l:11,w:25},{x:3,y:0,l:11,w:10},{x:5,y:11,l:29,w:8},],
----------------------- 17 ---------------------------
canvasWidth:40,
canvasHeight:40,
data:[{x:7,y:0,l:19,w:33},{x:1,y:0,l:19,w:6},{x:29,y:19,l:18,w:11},{x:29,y:37,l:3,w:11},{x:0,y:19,l:16,w:28},{x:4,y:35,l:3,w:24},],
----------------------- 18 ---------------------------
canvasWidth:40,
canvasHeight:40,
data:[{x:26,y:0,l:22,w:14},{x:3,y:0,l:17,w:23},{x:7,y:17,l:6,w:19},{x:0,y:0,l:21,w:3},{x:17,y:23,l:17,w:23},{x:1,y:23,l:16,w:16},],
----------------------- 19 ---------------------------
canvasWidth:40,
canvasHeight:40,
data:[{x:16,y:0,l:14,w:24},{x:1,y:0,l:6,w:15},{x:30,y:14,l:25,w:10},{x:32,y:39,l:1,w:8},{x:1,y:14,l:14,w:29},],
----------------------- 20 ---------------------------
canvasWidth:40,
canvasHeight:40,
data:[{x:6,y:0,l:20,w:34},{x:6,y:20,l:15,w:34},],
----------------------- 21 ---------------------------
canvasWidth:40,
canvasHeight:40,
data:[{x:22,y:0,l:29,w:18},{x:0,y:0,l:19,w:22},{x:12,y:19,l:19,w:10},],
----------------------- 22 ---------------------------
canvasWidth:40,
canvasHeight:40,
data:[{x:6,y:0,l:31,w:34},],
