====================================== Class_04.2bp-32 =====================================
Reduced size: 80 usedBin: 0
[0, 5, 6, 9, 10, 12, 13, 14, 15, 17, 30, 32, 35, 37, 40, 43, 45, 48, 53, 54, 56, 59, 62, 63, 66, 68, 70, 76]
[1, 2, 3, 4, 7, 8, 11, 18, 20, 27, 33, 34, 36, 38, 41, 46, 50, 51, 52, 57, 58, 64, 65, 67, 71, 72, 74, 75, 77, 78, 79]
[16, 19, 21, 22, 23, 24, 25, 26, 28, 29, 31, 39, 42, 44, 47, 49, 55, 60, 61, 69, 73]
------------------------------------------------
Best fit used bin number: 3
Found best solution: 3 0.156

   Statrt add columnAndCut col: 3 cons: 0 cut: 0	0.219

	1 Start Add column using column generation  col: 3 cons: 0 cut: 0	0.219
			Start solve  LP :0.219
			End solve LP obj: 3.0 t: 0
	1 End Add column using column generation : 3.0 col: 3 cons: 0 cut: 0	0.219
   End add columnAndCut : 3.0 colGencnt: 1 price: 0 col: 3 cons: 0 cut: 0	0.219

Node lb: 3.0 ub: 3 : 0.219

Final Found Solution: 3 genNode: 1 extendedNode: 0:0.219
Bin size: 10000
1 : 1156,780,726,680,672,595,588,551,544,500,350,340,312,270,247,198,186,162,108,90,80,64,54,46,32,26,25,14, : 9396
2 : 1054,992,945,899,700,700,648,496,460,384,330,319,297,253,232,180,143,125,120,70,66,39,33,30,24,23,18,16,11,8,6, : 9621
3 : 506,468,442,441,441,408,405,391,384,368,345,250,216,196,165,144,84,56,56,26,21, : 5813
----------------------- 1 ---------------------------
canvasWidth:100,
canvasHeight:100,
data:[{x:94,y:0,l:31,w:6},{x:94,y:31,l:27,w:6},{x:94,y:58,l:15,w:6},{x:96,y:73,l:27,w:4},{x:95,y:73,l:25,w:1},{x:65,y:0,l:19,w:29},{x:30,y:0,l:17,w:35},{x:38,y:17,l:2,w:27},{x:31,y:17,l:2,w:7},{x:15,y:0,l:18,w:15},{x:60,y:19,l:20,w:34},{x:43,y:19,l:20,w:17},{x:60,y:39,l:34,w:34},{x:43,y:39,l:32,w:17},{x:42,y:39,l:32,w:1},{x:61,y:73,l:22,w:33},{x:62,y:95,l:2,w:32},{x:68,y:97,l:1,w:26},{x:71,y:98,l:2,w:23},{x:41,y:73,l:25,w:20},{x:13,y:19,l:24,w:28},{x:13,y:43,l:21,w:28},{x:15,y:64,l:30,w:26},{x:0,y:0,l:24,w:13},{x:0,y:24,l:19,w:13},{x:4,y:43,l:22,w:9},{x:0,y:43,l:20,w:4},{x:3,y:65,l:35,w:10},],
----------------------- 2 ---------------------------
canvasWidth:100,
canvasHeight:100,
data:[{x:66,y:0,l:31,w:34},{x:34,y:0,l:31,w:32},{x:5,y:0,l:31,w:29},{x:0,y:0,l:25,w:5},{x:4,y:25,l:6,w:1},{x:0,y:25,l:4,w:4},{x:73,y:31,l:35,w:27},{x:80,y:66,l:23,w:20},{x:74,y:66,l:20,w:6},{x:74,y:86,l:3,w:6},{x:73,y:66,l:23,w:1},{x:73,y:89,l:11,w:27},{x:38,y:31,l:20,w:35},{x:49,y:51,l:27,w:24},{x:50,y:78,l:11,w:23},{x:49,y:78,l:11,w:1},{x:41,y:51,l:29,w:8},{x:38,y:51,l:22,w:3},{x:48,y:80,l:8,w:1},{x:38,y:80,l:7,w:10},{x:44,y:89,l:11,w:29},{x:3,y:31,l:20,w:35},{x:0,y:31,l:10,w:3},{x:0,y:41,l:8,w:3},{x:14,y:51,l:16,w:24},{x:3,y:51,l:13,w:11},{x:3,y:64,l:3,w:11},{x:0,y:51,l:13,w:3},{x:22,y:67,l:31,w:16},{x:0,y:67,l:15,w:22},{x:2,y:82,l:9,w:20},],
----------------------- 3 ---------------------------
canvasWidth:100,
canvasHeight:100,
data:[{x:77,y:0,l:22,w:23},{x:53,y:0,l:17,w:24},{x:56,y:17,l:4,w:21},{x:27,y:0,l:18,w:26},{x:1,y:0,l:17,w:26},{x:1,y:17,l:1,w:26},{x:79,y:22,l:21,w:21},{x:79,y:43,l:21,w:21},{x:84,y:64,l:24,w:16},{x:88,y:88,l:12,w:12},{x:79,y:64,l:33,w:5},{x:56,y:22,l:17,w:23},{x:38,y:22,l:12,w:18},{x:64,y:39,l:27,w:15},{x:64,y:66,l:23,w:15},{x:72,y:89,l:8,w:7},{x:72,y:97,l:3,w:7},{x:65,y:89,l:8,w:7},{x:48,y:39,l:23,w:16},{x:54,y:62,l:25,w:10},{x:41,y:39,l:28,w:7},],
