====================================== Class_08.2bp-18 =====================================
Reduced size: 40 usedBin: 0
[0, 3, 33]
[4, 18, 21, 27, 30]
[5, 6, 31]
[11, 17, 19, 28, 32]
[8, 13, 15]
[7, 12, 24, 29, 34, 39]
[1, 2, 36, 38]
[10, 14, 16, 25, 35]
[9, 20, 22, 23, 26, 37]
------------------------------------------------
Best fit used bin number: 9
Found best solution: 9 0.266

   Statrt add columnAndCut col: 9 cons: 0 cut: 0	0.328

	1 Start Add column using column generation  col: 9 cons: 0 cut: 0	0.328
			Start solve  LP :0.328
			End solve LP obj: 9.0 t: 0
	1 End Add column using column generation : 9.0 col: 9 cons: 0 cut: 0	0.328
   End add columnAndCut : 9.0 colGencnt: 1 price: 0 col: 9 cons: 0 cut: 0	0.328

Node lb: 9.0 ub: 9 : 0.328

Final Found Solution: 9 genNode: 1 extendedNode: 0:0.328
Bin size: 10000
1 : 4275,3807,456, : 8538
2 : 3690,2002,1824,1032,800, : 9348
3 : 3645,3403,640, : 7688
4 : 2730,2016,1968,984,504, : 8202
5 : 3168,2548,2322, : 8038
6 : 3344,2590,1562,836,420,96, : 8848
7 : 3995,3995,152,148, : 8290
8 : 2788,2418,2047,1128,392, : 8773
9 : 2808,1896,1817,1575,1104,150, : 9350
----------------------- 1 ---------------------------
canvasWidth:100,
canvasHeight:100,
data:[{x:5,y:0,l:45,w:95},{x:19,y:45,l:47,w:81},{x:7,y:45,l:38,w:12},],
----------------------- 2 ---------------------------
canvasWidth:100,
canvasHeight:100,
data:[{x:4,y:0,l:19,w:96},{x:90,y:19,l:80,w:10},{x:0,y:19,l:41,w:90},{x:4,y:60,l:12,w:86},{x:13,y:72,l:26,w:77},],
----------------------- 3 ---------------------------
canvasWidth:100,
canvasHeight:100,
data:[{x:59,y:0,l:83,w:41},{x:14,y:0,l:81,w:45},{x:6,y:0,l:80,w:8},],
----------------------- 4 ---------------------------
canvasWidth:100,
canvasHeight:100,
data:[{x:79,y:0,l:96,w:21},{x:73,y:0,l:84,w:6},{x:3,y:0,l:39,w:70},{x:32,y:39,l:48,w:41},{x:8,y:39,l:41,w:24},],
----------------------- 5 ---------------------------
canvasWidth:100,
canvasHeight:100,
data:[{x:1,y:0,l:32,w:99},{x:9,y:32,l:28,w:91},{x:14,y:60,l:27,w:86},],
----------------------- 6 ---------------------------
canvasWidth:100,
canvasHeight:100,
data:[{x:24,y:0,l:44,w:76},{x:56,y:44,l:19,w:44},{x:26,y:44,l:14,w:30},{x:32,y:58,l:4,w:24},{x:30,y:63,l:37,w:70},{x:2,y:0,l:71,w:22},],
----------------------- 7 ---------------------------
canvasWidth:100,
canvasHeight:100,
data:[{x:15,y:0,l:47,w:85},{x:15,y:47,l:47,w:85},{x:24,y:94,l:2,w:76},{x:26,y:96,l:2,w:74},],
----------------------- 8 ---------------------------
canvasWidth:100,
canvasHeight:100,
data:[{x:6,y:0,l:12,w:94},{x:18,y:12,l:34,w:82},{x:4,y:12,l:28,w:14},{x:11,y:46,l:23,w:89},{x:22,y:69,l:31,w:78},],
----------------------- 9 ---------------------------
canvasWidth:100,
canvasHeight:100,
data:[{x:21,y:0,l:24,w:79},{x:21,y:24,l:23,w:79},{x:22,y:47,l:36,w:78},{x:31,y:83,l:16,w:69},{x:0,y:0,l:75,w:21},{x:6,y:75,l:10,w:15},],
