====================================== Class_05.2bp-26 =====================================
Reduced size: 60 usedBin: 0
[11, 12, 34, 45]
[10, 26, 28, 30, 47, 51, 58]
[15, 17, 20, 44, 49, 54, 55]
[4, 27, 29, 57]
[3, 33, 38, 41]
[9, 14, 25]
[2, 24, 50]
[13, 16, 19]
[0, 43, 46, 48, 52]
[1]
[6, 23, 39, 42, 53]
[8, 22, 32, 35, 37]
[5, 21, 36, 40]
[7, 18, 31, 56, 59]
------------------------------------------------
Best fit used bin number: 14
Found best solution: 14 0.157

   Statrt add columnAndCut col: 14 cons: 0 cut: 0	0.219

	1 Start Add column using column generation  col: 14 cons: 0 cut: 0	0.219
			Start solve  LP :0.219
			End solve LP obj: 14.0 t: 0
	1 End Add column using column generation : 14.0 col: 14 cons: 0 cut: 0	0.219
   End add columnAndCut : 14.0 colGencnt: 1 price: 0 col: 14 cons: 0 cut: 0	0.219

Node lb: 14.0 ub: 14 : 0.219

Final Found Solution: 14 genNode: 1 extendedNode: 0:0.219
Bin size: 10000
1 : 3969,3800,966,440, : 9175
2 : 4089,1458,1360,1050,384,210,16, : 8567
3 : 3240,2639,1960,448,319,180,168, : 8954
4 : 5852,1407,1320,134, : 8713
5 : 6075,980,814,720, : 8589
6 : 4446,3318,1463, : 9227
7 : 7332,1512,240, : 9084
8 : 3782,2686,2257, : 8725
9 : 7998,488,435,329,208, : 9458
10 : 7820, : 7820
11 : 5590,1533,810,580,190, : 8703
12 : 5088,1568,1014,954,840, : 9464
13 : 5684,1800,850,750, : 9084
14 : 5452,2352,1044,162,14, : 9024
----------------------- 1 ---------------------------
canvasWidth:100,
canvasHeight:100,
data:[{x:50,y:0,l:76,w:50},{x:54,y:76,l:21,w:46},{x:1,y:0,l:81,w:49},{x:6,y:90,l:10,w:44},],
----------------------- 2 ---------------------------
canvasWidth:100,
canvasHeight:100,
data:[{x:15,y:0,l:16,w:85},{x:14,y:0,l:16,w:1},{x:0,y:0,l:15,w:14},{x:13,y:16,l:47,w:87},{x:70,y:63,l:35,w:30},{x:58,y:63,l:32,w:12},{x:4,y:63,l:27,w:54},],
----------------------- 3 ---------------------------
canvasWidth:100,
canvasHeight:100,
data:[{x:9,y:0,l:29,w:91},{x:0,y:0,l:20,w:9},{x:30,y:29,l:28,w:70},{x:44,y:57,l:3,w:56},{x:16,y:29,l:29,w:11},{x:0,y:29,l:28,w:16},{x:19,y:60,l:40,w:81},],
----------------------- 4 ---------------------------
canvasWidth:100,
canvasHeight:100,
data:[{x:23,y:0,l:76,w:77},{x:2,y:0,l:67,w:21},{x:0,y:0,l:67,w:2},{x:34,y:76,l:20,w:66},],
----------------------- 5 ---------------------------
canvasWidth:100,
canvasHeight:100,
data:[{x:19,y:0,l:75,w:81},{x:5,y:0,l:70,w:14},{x:63,y:75,l:22,w:37},{x:23,y:75,l:18,w:40},],
----------------------- 6 ---------------------------
canvasWidth:100,
canvasHeight:100,
data:[{x:21,y:0,l:42,w:79},{x:22,y:42,l:57,w:78},{x:0,y:0,l:77,w:19},],
----------------------- 7 ---------------------------
canvasWidth:100,
canvasHeight:100,
data:[{x:6,y:0,l:78,w:94},{x:0,y:0,l:40,w:6},{x:28,y:78,l:21,w:72},],
----------------------- 8 ---------------------------
canvasWidth:100,
canvasHeight:100,
data:[{x:63,y:0,l:61,w:37},{x:2,y:0,l:62,w:61},{x:21,y:66,l:34,w:79},],
----------------------- 9 ---------------------------
canvasWidth:100,
canvasHeight:100,
data:[{x:7,y:0,l:86,w:93},{x:13,y:86,l:5,w:87},{x:39,y:91,l:8,w:61},{x:13,y:91,l:8,w:26},{x:0,y:0,l:47,w:7},],
----------------------- 10 ---------------------------
canvasWidth:100,
canvasHeight:100,
data:[{x:8,y:0,l:85,w:92},],
----------------------- 11 ---------------------------
canvasWidth:100,
canvasHeight:100,
data:[{x:35,y:0,l:86,w:65},{x:42,y:86,l:10,w:58},{x:14,y:0,l:73,w:21},{x:4,y:0,l:81,w:10},{x:4,y:81,l:19,w:10},],
----------------------- 12 ---------------------------
canvasWidth:100,
canvasHeight:100,
data:[{x:47,y:0,l:96,w:53},{x:19,y:0,l:56,w:28},{x:1,y:0,l:53,w:18},{x:26,y:56,l:40,w:21},{x:0,y:56,l:39,w:26},],
----------------------- 13 ---------------------------
canvasWidth:100,
canvasHeight:100,
data:[{x:42,y:0,l:98,w:58},{x:2,y:0,l:45,w:40},{x:25,y:45,l:50,w:17},{x:10,y:45,l:50,w:15},],
----------------------- 14 ---------------------------
canvasWidth:100,
canvasHeight:100,
data:[{x:76,y:0,l:98,w:24},{x:93,y:98,l:2,w:7},{x:18,y:0,l:94,w:58},{x:49,y:94,l:6,w:27},{x:0,y:0,l:58,w:18},],
