====================================== Class_03.2bp-23 =====================================
Reduced size: 60 usedBin: 0
[10, 20, 25, 47, 49, 54, 59]
[6, 7, 39]
[5, 9, 44, 52]
[4, 32, 36, 42, 53, 55, 56]
[8, 27, 34, 45]
[3, 35, 41, 57]
[14, 22, 31, 33]
[11, 18, 40]
[12, 15, 30]
[16, 17, 26]
[13, 24, 29, 38, 43, 50]
[2, 28, 46, 48, 58]
[1]
[0, 37, 51]
[19, 21, 23]
------------------------------------------------
Best fit used bin number: 15
Found best solution: 15 0.297

   Statrt add columnAndCut col: 15 cons: 0 cut: 0	0.375

	1 Start Add column using column generation  col: 15 cons: 0 cut: 0	0.375
			Start solve  LP :0.375
			End solve LP obj: 15.0 t: 0
	1 End Add column using column generation : 15.0 col: 15 cons: 0 cut: 0	0.375
   End add columnAndCut : 15.0 colGencnt: 1 price: 0 col: 15 cons: 0 cut: 0	0.375

Node lb: 15.0 ub: 15 : 0.375

Final Found Solution: 15 genNode: 1 extendedNode: 0:0.375
Bin size: 1600
1 : 588,408,350,54,39,25,8, : 1472
2 : 700,680,125, : 1505
3 : 726,595,80,26, : 1427
4 : 780,250,180,90,26,24,23, : 1373
5 : 672,319,198,66, : 1255
6 : 899,196,108,21, : 1224
7 : 496,391,253,216, : 1356
8 : 551,441,120, : 1112
9 : 506,468,270, : 1244
10 : 460,442,345, : 1247
11 : 500,368,297,144,84,33, : 1426
12 : 945,312,64,46,18, : 1385
13 : 1054, : 1054
14 : 1156,165,32, : 1353
15 : 441,405,384, : 1230
----------------------- 1 ---------------------------
canvasWidth:40,
canvasHeight:40,
data:[{x:12,y:0,l:21,w:28},{x:13,y:21,l:2,w:27},{x:16,y:23,l:17,w:24},{x:13,y:23,l:13,w:3},{x:2,y:0,l:35,w:10},{x:1,y:0,l:25,w:1},{x:1,y:25,l:8,w:1},],
----------------------- 2 ---------------------------
canvasWidth:40,
canvasHeight:40,
data:[{x:5,y:0,l:20,w:35},{x:6,y:20,l:20,w:34},{x:0,y:0,l:25,w:5},],
----------------------- 3 ---------------------------
canvasWidth:40,
canvasHeight:40,
data:[{x:7,y:0,l:22,w:33},{x:3,y:0,l:20,w:4},{x:5,y:22,l:17,w:35},{x:14,y:39,l:1,w:26},],
----------------------- 4 ---------------------------
canvasWidth:40,
canvasHeight:40,
data:[{x:14,y:0,l:30,w:26},{x:14,y:30,l:1,w:26},{x:20,y:31,l:9,w:20},{x:17,y:31,l:8,w:3},{x:4,y:0,l:25,w:10},{x:3,y:0,l:23,w:1},{x:8,y:25,l:15,w:6},],
----------------------- 5 ---------------------------
canvasWidth:40,
canvasHeight:40,
data:[{x:12,y:0,l:24,w:28},{x:3,y:0,l:22,w:9},{x:0,y:0,l:22,w:3},{x:11,y:24,l:11,w:29},],
----------------------- 6 ---------------------------
canvasWidth:40,
canvasHeight:40,
data:[{x:11,y:0,l:31,w:29},{x:4,y:0,l:28,w:7},{x:4,y:28,l:3,w:7},{x:0,y:0,l:27,w:4},],
----------------------- 7 ---------------------------
canvasWidth:40,
canvasHeight:40,
data:[{x:17,y:0,l:17,w:23},{x:17,y:17,l:11,w:23},{x:22,y:28,l:12,w:18},{x:0,y:0,l:31,w:16},],
----------------------- 8 ---------------------------
canvasWidth:40,
canvasHeight:40,
data:[{x:11,y:0,l:19,w:29},{x:19,y:19,l:21,w:21},{x:13,y:19,l:20,w:6},],
----------------------- 9 ---------------------------
canvasWidth:40,
canvasHeight:40,
data:[{x:17,y:0,l:22,w:23},{x:2,y:0,l:18,w:15},{x:14,y:22,l:18,w:26},],
----------------------- 10 ---------------------------
canvasWidth:40,
canvasHeight:40,
data:[{x:20,y:0,l:23,w:20},{x:5,y:0,l:23,w:15},{x:14,y:23,l:17,w:26},],
----------------------- 11 ---------------------------
canvasWidth:40,
canvasHeight:40,
data:[{x:13,y:0,l:11,w:27},{x:19,y:11,l:4,w:21},{x:1,y:0,l:12,w:12},{x:2,y:12,l:3,w:11},{x:20,y:15,l:25,w:20},{x:4,y:15,l:23,w:16},],
----------------------- 12 ---------------------------
canvasWidth:40,
canvasHeight:40,
data:[{x:13,y:0,l:35,w:27},{x:0,y:0,l:24,w:13},{x:34,y:35,l:3,w:6},{x:2,y:35,l:2,w:32},{x:17,y:38,l:2,w:23},],
----------------------- 13 ---------------------------
canvasWidth:40,
canvasHeight:40,
data:[{x:6,y:0,l:31,w:34},],
----------------------- 14 ---------------------------
canvasWidth:40,
canvasHeight:40,
data:[{x:6,y:0,l:34,w:34},{x:1,y:0,l:33,w:5},{x:0,y:0,l:32,w:1},],
----------------------- 15 ---------------------------
canvasWidth:40,
canvasHeight:40,
data:[{x:16,y:0,l:16,w:24},{x:19,y:16,l:21,w:21},{x:0,y:0,l:27,w:15},],
