====================================== Class_08.2bp-2 =====================================
Reduced size: 20 usedBin: 0
[4, 5, 10, 16]
[2, 3, 12]
[1, 8, 11, 19]
[0, 7, 15]
[6, 9, 13, 14, 17, 18]
------------------------------------------------
Best fit used bin number: 5
Found best solution: 5 0.156

   Statrt add columnAndCut col: 5 cons: 0 cut: 0	0.219

	1 Start Add column using column generation  col: 5 cons: 0 cut: 0	0.219
			Start solve  LP :0.219
			End solve LP obj: 5.0 t: 0
	1 End Add column using column generation : 5.0 col: 5 cons: 0 cut: 0	0.219
   End add columnAndCut : 5.0 colGencnt: 1 price: 0 col: 5 cons: 0 cut: 0	0.219

Node lb: 5.0 ub: 5 : 0.219

Final Found Solution: 5 genNode: 1 extendedNode: 0:0.219
Bin size: 10000
1 : 3479,3280,1672,729, : 9160
2 : 4312,3520,1552, : 9384
3 : 4410,2523,1577,154, : 8664
4 : 4465,2610,1125, : 8200
5 : 2772,2204,1512,1400,650,156, : 8694
----------------------- 1 ---------------------------
canvasWidth:100,
canvasHeight:100,
data:[{x:19,y:0,l:9,w:81},{x:20,y:9,l:41,w:80},{x:29,y:50,l:49,w:71},{x:0,y:0,l:88,w:19},],
----------------------- 2 ---------------------------
canvasWidth:100,
canvasHeight:100,
data:[{x:2,y:0,l:44,w:98},{x:3,y:44,l:16,w:97},{x:12,y:60,l:40,w:88},],
----------------------- 3 ---------------------------
canvasWidth:100,
canvasHeight:100,
data:[{x:2,y:0,l:45,w:98},{x:13,y:45,l:29,w:87},{x:23,y:74,l:2,w:77},{x:17,y:81,l:19,w:83},],
----------------------- 4 ---------------------------
canvasWidth:100,
canvasHeight:100,
data:[{x:5,y:0,l:47,w:95},{x:10,y:47,l:29,w:90},{x:25,y:76,l:15,w:75},],
----------------------- 5 ---------------------------
canvasWidth:100,
canvasHeight:100,
data:[{x:30,y:0,l:20,w:70},{x:34,y:20,l:42,w:66},{x:58,y:62,l:36,w:42},{x:32,y:62,l:25,w:26},{x:0,y:0,l:76,w:29},{x:22,y:98,l:2,w:78},],
