====================================== Class_07.2bp-42 =====================================
Reduced size: 100 usedBin: 0
[0, 78, 86, 97]
[16, 28, 57, 77, 79]
[1, 72, 85]
[17, 40, 67, 69]
[2, 29]
[14, 23, 93]
[5, 12, 87]
[3, 66, 90]
[11, 56, 63, 82, 94]
[7, 9, 70]
[4, 10, 80, 96]
[6, 22, 58]
[8, 15, 84, 91]
[35, 36, 50, 54]
[24, 34, 41, 59]
[13, 19, 32, 95]
[18, 20, 31]
[26, 33, 38]
[27, 30, 42]
[21, 25, 68]
[44, 49, 52, 73, 81, 98]
[37, 39, 43, 46, 89, 92]
[45, 47, 48, 53, 83, 88, 99]
[51, 55, 60, 61, 65, 71]
[62, 64, 74, 75, 76]
------------------------------------------------
Best fit used bin number: 25
Found best solution: 25 0.25

   Statrt add columnAndCut col: 25 cons: 0 cut: 0	0.312

	1 Start Add column using column generation  col: 25 cons: 0 cut: 0	0.312
			Start solve  LP :0.312
			End solve LP obj: 25.0 t: 0
	1 End Add column using column generation : 25.0 col: 25 cons: 0 cut: 0	0.312
   End add columnAndCut : 25.0 colGencnt: 1 price: 0 col: 25 cons: 0 cut: 0	0.312

Node lb: 25.0 ub: 25 : 0.312

Final Found Solution: 25 genNode: 1 extendedNode: 0:0.312
Bin size: 10000
1 : 8460,800,420,76, : 9756
2 : 3500,2716,1638,800,784, : 9438
3 : 8091,1053,438, : 9582
4 : 3478,2128,1222,1188, : 8016
5 : 5723,2613, : 8336
6 : 3652,3021,237, : 6910
7 : 4550,3740,388, : 8678
8 : 5688,1224,288, : 7200
9 : 3854,1638,1305,484,210, : 7491
10 : 4128,3915,1116, : 9159
11 : 4656,3915,658,93, : 9322
12 : 4240,3149,1598, : 8987
13 : 4048,3648,462,273, : 8431
14 : 2392,2376,1716,1675, : 8159
15 : 2850,2400,2100,1575, : 8925
16 : 3724,3332,2548,166, : 9770
17 : 3348,3330,2565, : 9243
18 : 2752,2484,2294, : 7530
19 : 2738,2574,2040, : 7352
20 : 3330,2775,1190, : 7295
21 : 1998,1728,1700,1022,552,50, : 7050
22 : 2366,2150,2001,1932,340,252, : 9041
23 : 1978,1909,1748,1694,483,380,42, : 8234
24 : 1710,1672,1539,1394,1230,1056, : 8601
25 : 1330,1235,936,840,830, : 5171
----------------------- 1 ---------------------------
canvasWidth:100,
canvasHeight:100,
data:[{x:0,y:0,l:8,w:100},{x:6,y:8,l:90,w:94},{x:1,y:8,l:84,w:5},{x:0,y:8,l:76,w:1},],
----------------------- 2 ---------------------------
canvasWidth:100,
canvasHeight:100,
data:[{x:65,y:0,l:100,w:35},{x:57,y:0,l:100,w:8},{x:49,y:0,l:98,w:8},{x:21,y:0,l:97,w:28},{x:0,y:0,l:78,w:21},],
----------------------- 3 ---------------------------
canvasWidth:100,
canvasHeight:100,
data:[{x:13,y:0,l:93,w:87},{x:0,y:0,l:81,w:13},{x:27,y:93,l:6,w:73},],
----------------------- 4 ---------------------------
canvasWidth:100,
canvasHeight:100,
data:[{x:88,y:0,l:99,w:12},{x:75,y:0,l:94,w:13},{x:47,y:0,l:76,w:28},{x:0,y:0,l:74,w:47},],
----------------------- 5 ---------------------------
canvasWidth:100,
canvasHeight:100,
data:[{x:3,y:0,l:59,w:97},{x:33,y:59,l:39,w:67},],
----------------------- 6 ---------------------------
canvasWidth:100,
canvasHeight:100,
data:[{x:56,y:0,l:83,w:44},{x:53,y:0,l:79,w:3},{x:0,y:0,l:57,w:53},],
----------------------- 7 ---------------------------
canvasWidth:100,
canvasHeight:100,
data:[{x:96,y:0,l:97,w:4},{x:46,y:0,l:91,w:50},{x:2,y:0,l:85,w:44},],
----------------------- 8 ---------------------------
canvasWidth:100,
canvasHeight:100,
data:[{x:21,y:0,l:72,w:79},{x:4,y:0,l:72,w:17},{x:0,y:0,l:72,w:4},],
----------------------- 9 ---------------------------
canvasWidth:100,
canvasHeight:100,
data:[{x:18,y:0,l:47,w:82},{x:7,y:0,l:44,w:11},{x:22,y:47,l:21,w:78},{x:30,y:68,l:3,w:70},{x:55,y:71,l:29,w:45},],
----------------------- 10 ---------------------------
canvasWidth:100,
canvasHeight:100,
data:[{x:57,y:0,l:96,w:43},{x:45,y:0,l:93,w:12},{x:0,y:0,l:87,w:45},],
----------------------- 11 ---------------------------
canvasWidth:100,
canvasHeight:100,
data:[{x:52,y:0,l:97,w:48},{x:69,y:97,l:3,w:31},{x:45,y:0,l:94,w:7},{x:0,y:0,l:87,w:45},],
----------------------- 12 ---------------------------
canvasWidth:100,
canvasHeight:100,
data:[{x:6,y:0,l:17,w:94},{x:47,y:17,l:80,w:53},{x:0,y:17,l:67,w:47},],
----------------------- 13 ---------------------------
canvasWidth:100,
canvasHeight:100,
data:[{x:56,y:0,l:92,w:44},{x:61,y:92,l:7,w:39},{x:8,y:0,l:76,w:48},{x:1,y:0,l:66,w:7},],
----------------------- 14 ---------------------------
canvasWidth:100,
canvasHeight:100,
data:[{x:76,y:0,l:99,w:24},{x:50,y:0,l:92,w:26},{x:28,y:0,l:78,w:22},{x:3,y:0,l:67,w:25},],
----------------------- 15 ---------------------------
canvasWidth:100,
canvasHeight:100,
data:[{x:62,y:0,l:75,w:38},{x:30,y:0,l:75,w:32},{x:0,y:0,l:70,w:30},{x:25,y:75,l:21,w:75},],
----------------------- 16 ---------------------------
canvasWidth:100,
canvasHeight:100,
data:[{x:62,y:0,l:98,w:38},{x:28,y:0,l:98,w:34},{x:2,y:0,l:98,w:26},{x:0,y:0,l:83,w:2},],
----------------------- 17 ---------------------------
canvasWidth:100,
canvasHeight:100,
data:[{x:73,y:0,l:95,w:27},{x:37,y:0,l:93,w:36},{x:0,y:0,l:90,w:37},],
----------------------- 18 ---------------------------
canvasWidth:100,
canvasHeight:100,
data:[{x:68,y:0,l:86,w:32},{x:37,y:0,l:74,w:31},{x:0,y:0,l:69,w:36},],
----------------------- 19 ---------------------------
canvasWidth:100,
canvasHeight:100,
data:[{x:76,y:0,l:85,w:24},{x:39,y:0,l:74,w:37},{x:0,y:0,l:66,w:39},],
----------------------- 20 ---------------------------
canvasWidth:100,
canvasHeight:100,
data:[{x:63,y:0,l:75,w:37},{x:18,y:0,l:74,w:45},{x:4,y:0,l:85,w:14},],
----------------------- 21 ---------------------------
canvasWidth:100,
canvasHeight:100,
data:[{x:73,y:0,l:74,w:27},{x:59,y:0,l:73,w:14},{x:35,y:0,l:72,w:24},{x:27,y:0,l:69,w:8},{x:2,y:0,l:68,w:25},{x:0,y:0,l:25,w:2},],
----------------------- 22 ---------------------------
canvasWidth:100,
canvasHeight:100,
data:[{x:74,y:0,l:91,w:26},{x:51,y:0,l:87,w:23},{x:26,y:0,l:86,w:25},{x:3,y:0,l:84,w:23},{x:0,y:0,l:84,w:3},{x:15,y:91,l:4,w:85},],
----------------------- 23 ---------------------------
canvasWidth:100,
canvasHeight:100,
data:[{x:77,y:0,l:76,w:23},{x:77,y:76,l:21,w:23},{x:54,y:0,l:86,w:23},{x:49,y:0,l:76,w:5},{x:52,y:76,l:21,w:2},{x:26,y:0,l:83,w:23},{x:4,y:0,l:77,w:22},],
----------------------- 24 ---------------------------
canvasWidth:100,
canvasHeight:100,
data:[{x:89,y:0,l:96,w:11},{x:70,y:0,l:90,w:19},{x:51,y:0,l:88,w:19},{x:34,y:0,l:82,w:17},{x:19,y:0,l:82,w:15},{x:0,y:0,l:81,w:19},],
----------------------- 25 ---------------------------
canvasWidth:100,
canvasHeight:100,
data:[{x:87,y:0,l:95,w:13},{x:77,y:0,l:84,w:10},{x:67,y:0,l:83,w:10},{x:55,y:0,l:78,w:12},{x:36,y:0,l:70,w:19},],
