====================================== Class_08.2bp-30 =====================================
Reduced size: 80 usedBin: 0
[7, 9]
[3, 11]
[8, 18, 64, 66, 69]
[1, 26, 71, 74, 79]
[33, 40, 41, 65, 70, 76]
[5, 19]
[23, 29, 43, 68]
[10, 16, 42]
[6, 50, 58, 62, 73]
[0, 72]
[4, 27]
[12, 20, 63, 77]
[2, 46, 57]
[14, 31, 78]
[15, 21, 49]
[37, 44, 48, 51, 56]
[25, 30, 39, 61]
[17, 35]
[28, 45, 47, 54, 59]
[36, 52, 53, 55, 60, 75]
[32, 34, 38, 67]
[13, 22, 24]
------------------------------------------------
Best fit used bin number: 22
Found best solution: 22 0.14

   Statrt add columnAndCut col: 22 cons: 0 cut: 0	0.203

	1 Start Add column using column generation  col: 22 cons: 0 cut: 0	0.203
			Start solve  LP :0.203
			End solve LP obj: 22.0 t: 0
	1 End Add column using column generation : 22.0 col: 22 cons: 0 cut: 0	0.203
   End add columnAndCut : 22.0 colGencnt: 1 price: 0 col: 22 cons: 0 cut: 0	0.203

Node lb: 22.0 ub: 22 : 0.203

Final Found Solution: 22 genNode: 1 extendedNode: 0:0.203
Bin size: 10000
1 : 4290,4092, : 8382
2 : 5487,3772, : 9259
3 : 4140,3234,704,578,490, : 9146
4 : 5916,2673,442,279,24, : 9334
5 : 2407,2106,2070,640,480,243, : 7946
6 : 5445,3168, : 8613
7 : 2774,2552,1924,560, : 7810
8 : 4048,3430,2016, : 9494
9 : 5330,1640,1190,869,308, : 9337
10 : 8455,370, : 8825
11 : 5478,2604, : 8082
12 : 3750,2982,806,196, : 7734
13 : 5700,1752,1245, : 8697
14 : 3550,2516,140, : 6206
15 : 3528,2862,1645, : 8035
16 : 2324,1824,1692,1638,1320, : 8798
17 : 2720,2520,2112,1050, : 8402
18 : 3300,2376, : 5676
19 : 2556,1817,1704,1452,1188, : 8717
20 : 2349,1548,1458,1343,1184,258, : 8140
21 : 2475,2400,2320,570, : 7765
22 : 3552,2856,2726, : 9134
----------------------- 1 ---------------------------
canvasWidth:100,
canvasHeight:100,
data:[{x:56,y:0,l:93,w:44},{x:1,y:0,l:78,w:55},],
----------------------- 2 ---------------------------
canvasWidth:100,
canvasHeight:100,
data:[{x:7,y:0,l:59,w:93},{x:8,y:59,l:41,w:92},],
----------------------- 3 ---------------------------
canvasWidth:100,
canvasHeight:100,
data:[{x:2,y:0,l:5,w:98},{x:8,y:5,l:45,w:92},{x:23,y:50,l:42,w:77},{x:6,y:50,l:34,w:17},{x:12,y:92,l:8,w:88},],
----------------------- 4 ---------------------------
canvasWidth:100,
canvasHeight:100,
data:[{x:1,y:0,l:27,w:99},{x:0,y:0,l:24,w:1},{x:13,y:27,l:68,w:87},{x:0,y:27,l:34,w:13},{x:7,y:95,l:3,w:93},],
----------------------- 5 ---------------------------
canvasWidth:100,
canvasHeight:100,
data:[{x:22,y:0,l:27,w:78},{x:13,y:0,l:27,w:9},{x:17,y:27,l:29,w:83},{x:20,y:56,l:8,w:80},{x:20,y:64,l:6,w:80},{x:31,y:70,l:30,w:69},],
----------------------- 6 ---------------------------
canvasWidth:100,
canvasHeight:100,
data:[{x:45,y:0,l:99,w:55},{x:9,y:0,l:88,w:36},],
----------------------- 7 ---------------------------
canvasWidth:100,
canvasHeight:100,
data:[{x:12,y:0,l:29,w:88},{x:20,y:29,l:7,w:80},{x:26,y:36,l:26,w:74},{x:27,y:62,l:38,w:73},],
----------------------- 8 ---------------------------
canvasWidth:100,
canvasHeight:100,
data:[{x:2,y:0,l:35,w:98},{x:4,y:35,l:21,w:96},{x:8,y:56,l:44,w:92},],
----------------------- 9 ---------------------------
canvasWidth:100,
canvasHeight:100,
data:[{x:18,y:0,l:65,w:82},{x:18,y:65,l:20,w:82},{x:21,y:85,l:11,w:79},{x:23,y:96,l:4,w:77},{x:4,y:0,l:85,w:14},],
----------------------- 10 ---------------------------
canvasWidth:100,
canvasHeight:100,
data:[{x:11,y:0,l:95,w:89},{x:26,y:95,l:5,w:74},],
----------------------- 11 ---------------------------
canvasWidth:100,
canvasHeight:100,
data:[{x:69,y:0,l:84,w:31},{x:3,y:0,l:83,w:66},],
----------------------- 12 ---------------------------
canvasWidth:100,
canvasHeight:100,
data:[{x:2,y:0,l:2,w:98},{x:29,y:2,l:42,w:71},{x:3,y:2,l:31,w:26},{x:25,y:44,l:50,w:75},],
----------------------- 13 ---------------------------
canvasWidth:100,
canvasHeight:100,
data:[{x:25,y:0,l:76,w:75},{x:27,y:76,l:24,w:73},{x:10,y:0,l:83,w:15},],
----------------------- 14 ---------------------------
canvasWidth:100,
canvasHeight:100,
data:[{x:29,y:0,l:50,w:71},{x:30,y:50,l:2,w:70},{x:32,y:52,l:37,w:68},],
----------------------- 15 ---------------------------
canvasWidth:100,
canvasHeight:100,
data:[{x:16,y:0,l:42,w:84},{x:47,y:42,l:54,w:53},{x:12,y:42,l:47,w:35},],
----------------------- 16 ---------------------------
canvasWidth:100,
canvasHeight:100,
data:[{x:4,y:0,l:19,w:96},{x:6,y:19,l:18,w:94},{x:9,y:37,l:18,w:91},{x:12,y:55,l:15,w:88},{x:17,y:70,l:28,w:83},],
----------------------- 17 ---------------------------
canvasWidth:100,
canvasHeight:100,
data:[{x:30,y:0,l:36,w:70},{x:0,y:0,l:35,w:30},{x:12,y:36,l:24,w:88},{x:32,y:60,l:40,w:68},],
----------------------- 18 ---------------------------
canvasWidth:100,
canvasHeight:100,
data:[{x:28,y:0,l:33,w:72},{x:34,y:33,l:50,w:66},],
----------------------- 19 ---------------------------
canvasWidth:100,
canvasHeight:100,
data:[{x:29,y:0,l:36,w:71},{x:29,y:36,l:24,w:71},{x:34,y:60,l:22,w:66},{x:34,y:82,l:18,w:66},{x:6,y:0,l:79,w:23},],
----------------------- 20 ---------------------------
canvasWidth:100,
canvasHeight:100,
data:[{x:13,y:0,l:27,w:87},{x:14,y:27,l:18,w:86},{x:14,y:45,l:3,w:86},{x:19,y:48,l:18,w:81},{x:21,y:66,l:17,w:79},{x:26,y:84,l:16,w:74},],
----------------------- 21 ---------------------------
canvasWidth:100,
canvasHeight:100,
data:[{x:5,y:0,l:6,w:95},{x:20,y:6,l:29,w:80},{x:25,y:35,l:33,w:75},{x:25,y:68,l:32,w:75},],
----------------------- 22 ---------------------------
canvasWidth:100,
canvasHeight:100,
data:[{x:4,y:0,l:37,w:96},{x:6,y:37,l:29,w:94},{x:16,y:66,l:34,w:84},],
