====================================== Class_08.2bp-45 =====================================
Reduced size: 100 usedBin: 0
[7, 21, 80]
[5, 36, 52, 97]
[1]
[6, 9, 98]
[4, 23]
[3, 25, 79]
[0, 76]
[32, 35, 44, 90, 96]
[2, 28, 81]
[15, 40, 51, 83]
[14, 53, 65, 72, 89]
[8, 12, 92]
[10, 19]
[24, 30]
[16, 17, 42]
[11, 13, 63]
[22, 29, 71]
[18, 20, 70, 99]
[26, 27, 34]
[31, 33, 39, 57, 93]
[37, 38, 46, 74]
[43, 48, 54, 58, 91]
[47, 50, 60, 61, 62]
[45, 49, 59, 64]
[55, 66, 67, 75, 78]
[68, 73, 77, 82, 84, 85, 86, 88, 94, 95]
[41, 56, 69, 87]
------------------------------------------------
Best fit used bin number: 27
Found best solution: 27 0.266

   Statrt add columnAndCut col: 27 cons: 0 cut: 0	0.328

	1 Start Add column using column generation  col: 27 cons: 0 cut: 0	0.328
			Start solve  LP :0.328
			End solve LP obj: 27.0 t: 0
com.wlj.solver.BBSolver:
--------------------------------------- Price Problem Start --------------------------------------------------------
dualPrice.size = 100 , dualPrice = [1.0, 1.0, 1.0, 1.0, 1.0, 1.0, 1.0, 1.0, 1.0, -0.0, 1.0, 1.0, -0.0, -0.0, 1.0, 1.0, 1.0, -0.0, 1.0, -0.0, -0.0, -0.0, 1.0, -0.0, 1.0, -0.0, 1.0, -0.0, -0.0, -0.0, -0.0, 1.0, 1.0, -0.0, -0.0, -0.0, -0.0, 1.0, -0.0, -0.0, -0.0, 1.0, -0.0, 1.0, -0.0, 1.0, -0.0, 1.0, -0.0, -0.0, -0.0, -0.0, -0.0, -0.0, -0.0, 1.0, -0.0, -0.0, -0.0, -0.0, -0.0, -0.0, -0.0, -0.0, -0.0, -0.0, -0.0, -0.0, 1.0, -0.0, -0.0, -0.0, -0.0, -0.0, -0.0, -0.0, -0.0, -0.0, -0.0, -0.0, -0.0, -0.0, -0.0, -0.0, -0.0, -0.0, -0.0, -0.0, -0.0, -0.0, -0.0, -0.0, -0.0, -0.0, -0.0, -0.0, -0.0, -0.0, -0.0, -0.0]
			Active cut size: 0
W = 100 
H = 100
normalXList.size = 4
normalYList.size = 48
xList.size = 3
yList.size = 27
squareList.size = 27
myConsList.size = 0
当前上界 = 5.0
当前上界 = 4.733333333333333
当前上界 = 4.466666666666667
当前上界 = 4.2
当前上界 = 3.9333333333333336
最优解：4.0
solutionList.size() = 31
pattern.getKey() = 31@32@37@68@
用时：0.032 s
--------------------------------------- Price Problem End --------------------------------------------------------
		1 Add column : 1 col:27 	0.36
			Start solve  LP :0.36
			End solve LP obj: 27.0 t: 0
com.wlj.solver.BBSolver:
--------------------------------------- Price Problem Start --------------------------------------------------------
dualPrice.size = 100 , dualPrice = [1.0, 1.0, 1.0, 1.0, 1.0, 1.0, 1.0, 1.0, 1.0, -0.0, 1.0, 1.0, -0.0, -0.0, 1.0, 1.0, 1.0, -0.0, 1.0, -0.0, -0.0, -0.0, 1.0, -0.0, 1.0, -0.0, 1.0, -0.0, -0.0, -0.0, -0.0, -0.0, -0.0, 1.0, -0.0, 1.0, -0.0, 0.0, 1.0, -0.0, -0.0, 1.0, -0.0, 1.0, -0.0, 1.0, -0.0, 1.0, -0.0, -0.0, -0.0, -0.0, -0.0, -0.0, -0.0, 1.0, -0.0, -0.0, -0.0, -0.0, -0.0, -0.0, -0.0, -0.0, -0.0, -0.0, -0.0, -0.0, 1.0, -0.0, -0.0, -0.0, -0.0, -0.0, -0.0, -0.0, -0.0, -0.0, -0.0, -0.0, -0.0, -0.0, -0.0, -0.0, -0.0, -0.0, -0.0, -0.0, -0.0, -0.0, -0.0, -0.0, -0.0, -0.0, -0.0, -0.0, -0.0, -0.0, -0.0, -0.0]
			Active cut size: 0
W = 100 
H = 100
normalXList.size = 5
normalYList.size = 51
xList.size = 3
yList.size = 29
squareList.size = 27
myConsList.size = 0
当前上界 = 5.0
当前上界 = 4.733333333333333
当前上界 = 4.466666666666667
当前上界 = 4.2
当前上界 = 3.9333333333333336
最优解：4.0
solutionList.size() = 18
pattern.getKey() = 26@33@55@68@
用时：0.0 s
--------------------------------------- Price Problem End --------------------------------------------------------
		2 Add column : 1 col:28 	0.36
			Start solve  LP :0.36
			End solve LP obj: 27.0 t: 0
com.wlj.solver.BBSolver:
--------------------------------------- Price Problem Start --------------------------------------------------------
dualPrice.size = 100 , dualPrice = [1.0, 1.0, 1.0, 1.0, 1.0, 1.0, 1.0, 1.0, 1.0, -0.0, 1.0, 1.0, -0.0, -0.0, 1.0, 1.0, 1.0, -0.0, 1.0, -0.0, -0.0, -0.0, 1.0, -0.0, 1.0, -0.0, -0.0, 1.0, -0.0, -0.0, -0.0, 1.0, -0.0, 0.0, -0.0, 1.0, -0.0, -0.0, 1.0, -0.0, -0.0, 1.0, -0.0, 1.0, -0.0, 1.0, -0.0, 1.0, -0.0, -0.0, -0.0, -0.0, -0.0, -0.0, -0.0, 1.0, -0.0, -0.0, -0.0, -0.0, -0.0, -0.0, -0.0, -0.0, -0.0, -0.0, -0.0, -0.0, 0.0, -0.0, -0.0, -0.0, -0.0, 1.0, -0.0, -0.0, -0.0, -0.0, -0.0, -0.0, -0.0, -0.0, -0.0, -0.0, -0.0, -0.0, -0.0, -0.0, -0.0, -0.0, -0.0, -0.0, -0.0, -0.0, -0.0, -0.0, -0.0, -0.0, -0.0, -0.0]
			Active cut size: 0
W = 100 
H = 100
normalXList.size = 5
normalYList.size = 48
xList.size = 3
yList.size = 27
squareList.size = 27
myConsList.size = 0
当前上界 = 5.0
当前上界 = 4.733333333333333
当前上界 = 4.466666666666667
当前上界 = 4.2
当前上界 = 3.9333333333333336
最优解：4.0
solutionList.size() = 18
pattern.getKey() = 27@31@55@73@
用时：0.015 s
--------------------------------------- Price Problem End --------------------------------------------------------
		3 Add column : 1 col:29 	0.375
			Start solve  LP :0.375
			End solve LP obj: 27.0 t: 0
com.wlj.solver.BBSolver:
--------------------------------------- Price Problem Start --------------------------------------------------------
dualPrice.size = 100 , dualPrice = [1.0, 1.0, 1.0, 1.0, 1.0, 1.0, 1.0, 1.0, 1.0, -0.0, 1.0, 1.0, -0.0, -0.0, 1.0, 1.0, 1.0, -0.0, 1.0, -0.0, -0.0, -0.0, 1.0, -0.0, 1.0, -0.0, -0.0, 0.0, -0.0, -0.0, -0.0, 0.5, -0.0, 0.5, 1.0, 1.0, -0.0, -0.0, 1.0, -0.0, -0.0, 1.0, -0.0, 1.0, -0.0, 1.0, -0.0, 1.0, -0.0, -0.0, -0.0, -0.0, -0.0, -0.0, -0.0, -0.0, -0.0, -0.0, -0.0, -0.0, -0.0, -0.0, -0.0, -0.0, -0.0, -0.0, 1.0, -0.0, 0.5, -0.0, -0.0, -0.0, -0.0, 0.5, -0.0, -0.0, -0.0, -0.0, -0.0, -0.0, -0.0, -0.0, -0.0, -0.0, -0.0, -0.0, -0.0, -0.0, -0.0, -0.0, -0.0, -0.0, -0.0, -0.0, -0.0, -0.0, -0.0, -0.0, -0.0, -0.0]
			Active cut size: 0
W = 100 
H = 100
normalXList.size = 5
normalYList.size = 53
xList.size = 3
yList.size = 31
squareList.size = 29
myConsList.size = 0
当前上界 = 5.0
当前上界 = 4.733333333333333
当前上界 = 4.466666666666667
当前上界 = 4.2
当前上界 = 3.9333333333333336
当前上界 = 3.666666666666667
当前上界 = 3.4000000000000004
最优解：3.5
solutionList.size() = 24
pattern.getKey() = 34@38@66@73@
用时：0.016 s
--------------------------------------- Price Problem End --------------------------------------------------------
		4 Add column : 1 col:30 	0.391
			Start solve  LP :0.391
			End solve LP obj: 27.0 t: 0
com.wlj.solver.BBSolver:
--------------------------------------- Price Problem Start --------------------------------------------------------
dualPrice.size = 100 , dualPrice = [1.0, 1.0, 1.0, 1.0, 1.0, 1.0, 1.0, 1.0, 1.0, -0.0, 1.0, 1.0, -0.0, -0.0, 1.0, 1.0, 1.0, -0.0, 1.0, -0.0, -0.0, -0.0, 1.0, -0.0, 1.0, -0.0, 0.0, 1.0, -0.0, -0.0, -0.0, -0.0, -0.0, 1.0, 0.0, 1.0, -0.0, 1.0, 0.0, -0.0, -0.0, 1.0, -0.0, 1.0, -0.0, 1.0, -0.0, 1.0, -0.0, -0.0, -0.0, -0.0, -0.0, -0.0, -0.0, -0.0, -0.0, -0.0, -0.0, -0.0, -0.0, -0.0, -0.0, -0.0, -0.0, -0.0, 1.0, -0.0, -0.0, -0.0, -0.0, -0.0, -0.0, -0.0, -0.0, -0.0, -0.0, 1.0, -0.0, -0.0, -0.0, -0.0, -0.0, -0.0, -0.0, -0.0, -0.0, -0.0, -0.0, -0.0, -0.0, -0.0, -0.0, -0.0, -0.0, -0.0, -0.0, -0.0, -0.0, -0.0]
			Active cut size: 0
W = 100 
H = 100
normalXList.size = 5
normalYList.size = 54
xList.size = 3
yList.size = 29
squareList.size = 27
myConsList.size = 0
当前上界 = 5.0
当前上界 = 4.733333333333333
当前上界 = 4.466666666666667
当前上界 = 4.2
当前上界 = 3.9333333333333336
最优解：4.0
solutionList.size() = 33
pattern.getKey() = 33@37@66@77@
用时：0.0 s
--------------------------------------- Price Problem End --------------------------------------------------------
		5 Add column : 1 col:31 	0.391
			Start solve  LP :0.391
			End solve LP obj: 27.0 t: 0
com.wlj.solver.BBSolver:
--------------------------------------- Price Problem Start --------------------------------------------------------
dualPrice.size = 100 , dualPrice = [1.0, 1.0, 1.0, 1.0, 1.0, 1.0, 1.0, 1.0, 1.0, -0.0, 1.0, 1.0, -0.0, -0.0, 1.0, 1.0, 1.0, -0.0, 1.0, -0.0, -0.0, -0.0, 1.0, -0.0, 1.0, -0.0, 0.5, 0.5, -0.0, -0.0, -0.0, -0.0, -0.0, -0.0, -0.0, 1.0, -0.0, 0.0, 1.0, 1.0, -0.0, 1.0, -0.0, 1.0, -0.0, 1.0, -0.0, 1.0, -0.0, -0.0, -0.0, -0.0, -0.0, -0.0, -0.0, 0.5, -0.0, -0.0, -0.0, -0.0, -0.0, -0.0, -0.0, -0.0, -0.0, -0.0, 0.0, 0.5, -0.0, -0.0, -0.0, -0.0, -0.0, -0.0, -0.0, -0.0, -0.0, 1.0, -0.0, -0.0, -0.0, -0.0, -0.0, -0.0, -0.0, -0.0, -0.0, -0.0, -0.0, -0.0, -0.0, -0.0, -0.0, -0.0, -0.0, -0.0, -0.0, -0.0, -0.0, -0.0]
			Active cut size: 0
W = 100 
H = 100
normalXList.size = 5
normalYList.size = 57
xList.size = 3
yList.size = 37
squareList.size = 29
myConsList.size = 0
当前上界 = 5.0
当前上界 = 4.733333333333333
当前上界 = 4.466666666666667
当前上界 = 4.2
当前上界 = 3.9333333333333336
最优解：4.0
solutionList.size() = 9
pattern.getKey() = 38@39@47@77@
用时：0.015 s
--------------------------------------- Price Problem End --------------------------------------------------------
		6 Add column : 1 col:32 	0.406
			Start solve  LP :0.406
			End solve LP obj: 27.0 t: 0
com.wlj.solver.BBSolver:
--------------------------------------- Price Problem Start --------------------------------------------------------
dualPrice.size = 100 , dualPrice = [1.0, 1.0, 1.0, 1.0, 1.0, 1.0, 1.0, 1.0, 1.0, -0.0, 1.0, 1.0, -0.0, -0.0, 1.0, 1.0, 1.0, -0.0, 1.0, -0.0, -0.0, -0.0, 1.0, -0.0, 1.0, -0.0, -0.0, 0.25, -0.0, -0.0, -0.0, 0.5, -0.0, 0.5, 0.75, 1.0, -0.0, -0.0, -0.0, 0.0, -0.0, 1.0, -0.0, 1.0, -0.0, 1.0, 1.0, 1.0, -0.0, -0.0, -0.0, -0.0, -0.0, -0.0, -0.0, -0.0, -0.0, -0.0, -0.0, -0.0, -0.0, -0.0, -0.0, -0.0, -0.0, -0.0, -0.0, 1.0, 0.5, -0.0, -0.0, -0.0, -0.0, 0.25, -0.0, -0.0, -0.0, -0.0, -0.0, -0.0, -0.0, -0.0, -0.0, -0.0, -0.0, -0.0, -0.0, -0.0, -0.0, -0.0, -0.0, -0.0, -0.0, -0.0, 0.25, -0.0, -0.0, -0.0, -0.0, -0.0]
			Active cut size: 0
W = 100 
H = 100
normalXList.size = 5
normalYList.size = 75
xList.size = 3
yList.size = 53
squareList.size = 31
myConsList.size = 0
当前上界 = 5.25
当前上界 = 4.966666666666667
当前上界 = 4.683333333333334
当前上界 = 4.4
当前上界 = 4.116666666666667
当前上界 = 3.833333333333334
最优解：4.0
solutionList.size() = 3
pattern.getKey() = 43@46@67@68@73@94@
用时：0.032 s
--------------------------------------- Price Problem End --------------------------------------------------------
		7 Add column : 1 col:33 	0.438
			Start solve  LP :0.438
			End solve LP obj: 27.0 t: 0
com.wlj.solver.BBSolver:
--------------------------------------- Price Problem Start --------------------------------------------------------
dualPrice.size = 100 , dualPrice = [1.0, 1.0, 1.0, 1.0, 1.0, 1.0, 1.0, 1.0, 1.0, -0.0, 1.0, 1.0, -0.0, -0.0, 1.0, 1.0, 1.0, -0.0, 1.0, -0.0, -0.0, -0.0, 1.0, -0.0, 1.0, -0.0, -0.0, -0.0, -0.0, -0.0, -0.0, 0.0, -0.0, 0.0, 1.0, 1.0, -0.0, 1.0, -0.0, 1.0, -0.0, 1.0, -0.0, -0.0, -0.0, 1.0, 0.0, 0.0, 1.0, -0.0, 1.0, -0.0, -0.0, -0.0, -0.0, 1.0, -0.0, -0.0, -0.0, -0.0, -0.0, -0.0, -0.0, -0.0, -0.0, -0.0, -0.0, 0.0, -0.0, -0.0, -0.0, -0.0, -0.0, -0.0, -0.0, -0.0, -0.0, -0.0, -0.0, -0.0, -0.0, -0.0, -0.0, -0.0, -0.0, -0.0, -0.0, -0.0, -0.0, -0.0, -0.0, -0.0, -0.0, -0.0, 1.0, -0.0, -0.0, -0.0, -0.0, -0.0]
			Active cut size: 0
W = 100 
H = 100
normalXList.size = 5
normalYList.size = 73
xList.size = 3
yList.size = 49
squareList.size = 27
myConsList.size = 0
当前上界 = 6.0
当前上界 = 5.666666666666667
当前上界 = 5.333333333333334
当前上界 = 5.000000000000001
最优解：5.0
solutionList.size() = 11
pattern.getKey() = 34@39@50@55@94@
用时：0.015 s
--------------------------------------- Price Problem End --------------------------------------------------------
		8 Add column : 1 col:34 	0.453
			Start solve  LP :0.453
			End solve LP obj: 27.0 t: 16
com.wlj.solver.BBSolver:
--------------------------------------- Price Problem Start --------------------------------------------------------
dualPrice.size = 100 , dualPrice = [1.0, 1.0, 1.0, 1.0, 1.0, 1.0, 1.0, 1.0, 1.0, -0.0, 1.0, 1.0, -0.0, -0.0, 1.0, 1.0, 1.0, -0.0, 1.0, -0.0, -0.0, -0.0, 1.0, -0.0, 1.0, -0.0, -0.0, -0.0, -0.0, -0.0, -0.0, 0.5, -0.0, 0.5, 1.0, 1.0, -0.0, 0.5, -0.0, -0.0, -0.0, 1.0, -0.0, -0.0, -0.0, 1.0, 0.0, 1.0, 1.0, -0.0, 0.0, -0.0, -0.0, -0.0, -0.0, 0.0, -0.0, -0.0, -0.0, -0.0, -0.0, -0.0, -0.0, -0.0, -0.0, -0.0, -0.0, 1.0, -0.0, -0.0, -0.0, -0.0, -0.0, -0.0, 0.5, -0.0, -0.0, -0.0, -0.0, -0.0, -0.0, -0.0, 1.0, -0.0, -0.0, -0.0, -0.0, -0.0, -0.0, -0.0, -0.0, -0.0, -0.0, -0.0, -0.0, -0.0, -0.0, -0.0, -0.0, -0.0]
			Active cut size: 0
W = 100 
H = 100
normalXList.size = 5
normalYList.size = 62
xList.size = 3
yList.size = 43
squareList.size = 29
myConsList.size = 0
当前上界 = 5.5
当前上界 = 5.2
当前上界 = 4.9
当前上界 = 4.6000000000000005
当前上界 = 4.300000000000001
最优解：4.5
solutionList.size() = 3
pattern.getKey() = 34@48@67@74@82@
用时：0.0 s
--------------------------------------- Price Problem End --------------------------------------------------------
		9 Add column : 1 col:35 	0.469
			Start solve  LP :0.469
			End solve LP obj: 27.0 t: 0
com.wlj.solver.BBSolver:
--------------------------------------- Price Problem Start --------------------------------------------------------
dualPrice.size = 100 , dualPrice = [1.0, 1.0, 1.0, 1.0, 1.0, 1.0, 1.0, 1.0, 1.0, -0.0, 1.0, 1.0, -0.0, -0.0, 1.0, 1.0, 1.0, -0.0, 1.0, -0.0, -0.0, -0.0, 1.0, -0.0, 1.0, -0.0, 1.0, 0.0, -0.0, -0.0, -0.0, 1.0, -0.0, 0.0, -0.0, 1.0, -0.0, 0.0, 0.0, -0.0, -0.0, 1.0, -0.0, -0.0, -0.0, 1.0, 1.0, 1.0, 1.0, -0.0, 0.0, -0.0, -0.0, -0.0, -0.0, 0.0, -0.0, -0.0, -0.0, -0.0, -0.0, -0.0, -0.0, -0.0, -0.0, -0.0, 1.0, -0.0, -0.0, -0.0, -0.0, -0.0, -0.0, 0.0, -0.0, -0.0, -0.0, -0.0, -0.0, -0.0, -0.0, -0.0, 0.0, -0.0, -0.0, -0.0, -0.0, -0.0, -0.0, -0.0, -0.0, -0.0, -0.0, -0.0, -0.0, 1.0, -0.0, -0.0, -0.0, -0.0]
			Active cut size: 0
W = 100 
H = 100
normalXList.size = 5
normalYList.size = 71
xList.size = 3
yList.size = 43
squareList.size = 27
myConsList.size = 0
当前上界 = 6.0
当前上界 = 5.666666666666667
当前上界 = 5.333333333333334
当前上界 = 5.000000000000001
最优解：5.0
solutionList.size() = 3
pattern.getKey() = 31@46@48@66@95@
用时：0.0 s
--------------------------------------- Price Problem End --------------------------------------------------------
		10 Add column : 1 col:36 	0.485
			Start solve  LP :0.485
			End solve LP obj: 27.0 t: 0
com.wlj.solver.BBSolver:
--------------------------------------- Price Problem Start --------------------------------------------------------
dualPrice.size = 100 , dualPrice = [1.0, 1.0, 1.0, 1.0, 1.0, 1.0, 1.0, 1.0, 1.0, -0.0, 1.0, 1.0, -0.0, -0.0, 1.0, 1.0, 1.0, -0.0, 1.0, -0.0, -0.0, -0.0, 1.0, -0.0, 1.0, -0.0, 0.5, 0.5, -0.0, -0.0, -0.0, 0.5, -0.0, 0.5, -0.0, 1.0, -0.0, 0.5, 0.5, -0.0, -0.0, 1.0, -0.0, 0.75, -0.0, 1.0, -0.0, 0.5, 0.25, -0.0, 0.5, -0.0, -0.0, -0.0, -0.0, 0.0, -0.0, -0.0, -0.0, -0.0, -0.0, -0.0, -0.0, -0.0, -0.0, -0.0, -0.0, -0.0, -0.0, -0.0, -0.0, -0.0, -0.0, -0.0, -0.0, 1.0, -0.0, -0.0, -0.0, -0.0, -0.0, -0.0, 0.75, -0.0, -0.0, -0.0, -0.0, -0.0, -0.0, -0.0, -0.0, -0.0, -0.0, -0.0, -0.0, 0.25, -0.0, -0.0, -0.0, -0.0]
			Active cut size: 0
W = 100 
H = 100
normalXList.size = 6
normalYList.size = 79
xList.size = 3
yList.size = 59
squareList.size = 33
myConsList.size = 0
当前上界 = 5.0
当前上界 = 4.733333333333333
当前上界 = 4.466666666666667
当前上界 = 4.2
当前上界 = 3.9333333333333336
最优解：4.0
solutionList.size() = 4
pattern.getKey() = 14@41@75@82@95@
用时：0.047 s
--------------------------------------- Price Problem End --------------------------------------------------------
		11 Add column : 1 col:37 	0.532
			Start solve  LP :0.532
			End solve LP obj: 27.0 t: 0
com.wlj.solver.BBSolver:
--------------------------------------- Price Problem Start --------------------------------------------------------
dualPrice.size = 100 , dualPrice = [1.0, 1.0, 1.0, 1.0, 1.0, 1.0, 1.0, 1.0, 1.0, -0.0, 1.0, 1.0, -0.0, -0.0, -0.0, 1.0, 1.0, -0.0, 1.0, -0.0, -0.0, -0.0, 1.0, -0.0, 1.0, -0.0, 0.5, 0.5, -0.0, -0.0, -0.0, 0.5, -0.0, 0.5, -0.0, 1.0, -0.0, 0.25, 0.75, -0.0, -0.0, -0.0, -0.0, 0.75, -0.0, 1.0, -0.0, 0.25, 0.25, -0.0, 0.75, -0.0, -0.0, 1.0, -0.0, 0.0, 1.0, -0.0, -0.0, -0.0, -0.0, -0.0, -0.0, -0.0, -0.0, -0.0, 0.25, 0.25, -0.0, -0.0, -0.0, -0.0, -0.0, -0.0, -0.0, 0.5, -0.0, -0.0, -0.0, -0.0, -0.0, -0.0, 0.5, -0.0, 0.5, -0.0, -0.0, -0.0, -0.0, -0.0, -0.0, -0.0, -0.0, -0.0, -0.0, -0.0, -0.0, -0.0, -0.0, -0.0]
			Active cut size: 0
W = 100 
H = 100
normalXList.size = 6
normalYList.size = 73
xList.size = 3
yList.size = 59
squareList.size = 35
myConsList.size = 0
当前上界 = 5.25
当前上界 = 4.966666666666667
当前上界 = 4.683333333333334
当前上界 = 4.4
当前上界 = 4.116666666666667
当前上界 = 3.833333333333334
最优解：4.0
solutionList.size() = 1
pattern.getKey() = 45@53@56@82@84@
用时：0.015 s
--------------------------------------- Price Problem End --------------------------------------------------------
		12 Add column : 1 col:38 	0.547
			Start solve  LP :0.547
			End solve LP obj: 27.0 t: 0
com.wlj.solver.BBSolver:
--------------------------------------- Price Problem Start --------------------------------------------------------
dualPrice.size = 100 , dualPrice = [1.0, 1.0, 1.0, 1.0, 1.0, 1.0, 1.0, 1.0, 1.0, -0.0, 1.0, 1.0, -0.0, -0.0, -0.0, 1.0, 1.0, -0.0, 1.0, -0.0, -0.0, -0.0, 1.0, -0.0, 1.0, -0.0, 0.3333333333333333, 0.6666666666666667, -0.0, -0.0, -0.0, 0.3333333333333333, -0.0, 0.6666666666666666, -0.0, 1.0, -0.0, 0.16666666666666669, 0.8333333333333333, -0.0, -0.0, 0.6666666666666667, -0.0, 0.5, -0.0, -0.0, -0.0, 0.16666666666666674, 0.5, 1.0, 0.8333333333333333, -0.0, -0.0, -0.0, -0.0, 5.551115123125783E-17, 0.0, -0.0, -0.0, -0.0, -0.0, -0.0, -0.0, -0.0, -0.0, 1.0, 0.16666666666666669, 0.5, -0.0, 0.33333333333333326, -0.0, -0.0, -0.0, -0.0, -0.0, 0.33333333333333326, -0.0, -0.0, -0.0, -0.0, -0.0, -0.0, -0.0, -0.0, 1.0, -0.0, -0.0, -0.0, -0.0, -0.0, -0.0, -0.0, -0.0, -0.0, -0.0, -0.0, -0.0, -0.0, -0.0, -0.0]
			Active cut size: 0
W = 100 
H = 100
normalXList.size = 6
normalYList.size = 74
xList.size = 3
yList.size = 61
squareList.size = 35
myConsList.size = 0
当前上界 = 5.333333333333333
当前上界 = 5.044444444444444
当前上界 = 4.7555555555555555
当前上界 = 4.466666666666667
当前上界 = 4.177777777777778
当前上界 = 3.8888888888888893
最优解：4.166666666666666
solutionList.size() = 3
pattern.getKey() = 49@50@65@75@84@
pattern.getKey() = 41@49@65@67@84@
用时：0.141 s
--------------------------------------- Price Problem End --------------------------------------------------------
		13 Add column : 1 col:39 	0.688
			Start solve  LP :0.688
			End solve LP obj: 27.0 t: 0
com.wlj.solver.BBSolver:
--------------------------------------- Price Problem Start --------------------------------------------------------
dualPrice.size = 100 , dualPrice = [1.0, 1.0, 1.0, 1.0, 1.0, 1.0, 1.0, 1.0, 1.0, -0.0, 1.0, 1.0, -0.0, -0.0, 0.0, 1.0, 1.0, -0.0, 1.0, -0.0, -0.0, -0.0, 1.0, -0.0, 1.0, -0.0, -0.0, 0.7, -0.0, -0.0, -0.0, 0.30000000000000004, -0.0, 0.6, 0.30000000000000004, 1.0, -0.0, 0.30000000000000004, 0.7, 0.09999999999999998, -0.0, -0.0, -0.0, 0.30000000000000004, -0.0, 0.5, -0.0, -0.0, 0.7, 0.5, 0.6, -0.0, -0.0, -0.0, -0.0, -0.0, -0.0, -0.0, -0.0, -0.0, 0.4, -0.0, -0.0, -0.0, -0.0, -0.0, -0.0, -0.0, 0.4, 1.0, -0.0, -0.0, 1.0, -0.0, -0.0, 1.0, -0.0, 0.09999999999999998, -0.0, -0.0, -0.0, -0.0, -0.0, -0.0, 0.5, -0.0, -0.0, -0.0, -0.0, -0.0, -0.0, -0.0, -0.0, -0.0, -0.0, -0.0, -0.0, -0.0, -0.0, -0.0]
			Active cut size: 0
W = 100 
H = 100
normalXList.size = 4
normalYList.size = 81
xList.size = 3
yList.size = 75
squareList.size = 36
myConsList.size = 0
当前上界 = 5.300000000000001
当前上界 = 5.013333333333334
当前上界 = 4.726666666666667
当前上界 = 4.4399999999999995
最优解：4.5
solutionList.size() = 1
pattern.getKey() = 50@68@69@72@75@84@
用时：0.281 s
--------------------------------------- Price Problem End --------------------------------------------------------
		14 Add column : 1 col:40 	0.969
			Start solve  LP :0.969
			End solve LP obj: 27.0 t: 0
com.wlj.solver.BBSolver:
--------------------------------------- Price Problem Start --------------------------------------------------------
dualPrice.size = 100 , dualPrice = [1.0, 1.0, 1.0, 1.0, 1.0, 1.0, 1.0, 1.0, 1.0, -0.0, 1.0, 1.0, -0.0, -0.0, 1.0, 1.0, 1.0, -0.0, 1.0, -0.0, -0.0, -0.0, 1.0, -0.0, 1.0, -0.0, -0.0, 0.5, -0.0, -0.0, -0.0, 0.5, -0.0, 0.25, 0.5, 1.0, -0.0, 0.5, 0.5, 0.25, -0.0, -0.0, -0.0, 0.5, -0.0, 0.0, -0.0, -0.0, 0.5, 1.0, -0.0, -0.0, -0.0, -0.0, -0.0, -0.0, -0.0, -0.0, -0.0, -0.0, 1.0, -0.0, -0.0, -0.0, -0.0, -0.0, -0.0, -0.0, -0.0, 1.0, -0.0, -0.0, -0.0, -0.0, -0.0, -0.0, -0.0, 0.25, 1.0, -0.0, -0.0, -0.0, -0.0, -0.0, 0.0, 0.75, -0.0, -0.0, -0.0, -0.0, -0.0, -0.0, -0.0, -0.0, -0.0, -0.0, -0.0, -0.0, -0.0, -0.0]
			Active cut size: 0
W = 100 
H = 100
normalXList.size = 4
normalYList.size = 76
xList.size = 3
yList.size = 65
squareList.size = 33
myConsList.size = 0
当前上界 = 6.0
当前上界 = 5.666666666666667
当前上界 = 5.333333333333334
当前上界 = 5.000000000000001
最优解：5.0
solutionList.size() = 2
pattern.getKey() = 49@60@69@77@78@85@
用时：0.141 s
--------------------------------------- Price Problem End --------------------------------------------------------
		15 Add column : 1 col:41 	1.11
			Start solve  LP :1.11
			End solve LP obj: 27.0 t: 0
com.wlj.solver.BBSolver:
--------------------------------------- Price Problem Start --------------------------------------------------------
dualPrice.size = 100 , dualPrice = [1.0, 1.0, 1.0, 1.0, 1.0, 1.0, 1.0, 1.0, 1.0, -0.0, 1.0, 1.0, -0.0, -0.0, 0.0, 1.0, 1.0, -0.0, 1.0, -0.0, -0.0, -0.0, 1.0, -0.0, 1.0, -0.0, -0.0, 0.5, -0.0, -0.0, -0.0, 0.5, -0.0, 0.5, 0.5, 1.0, -0.0, 0.5, -0.0, -0.0, -0.0, 1.0, -0.0, 0.75, -0.0, -0.0, 0.25, 1.0, 0.25, -0.0, -0.0, -0.0, -0.0, 1.0, -0.0, 0.0, -0.0, -0.0, -0.0, 1.0, -0.0, 0.0, -0.0, -0.0, -0.0, 0.0, -0.0, -0.0, -0.0, 0.0, -0.0, -0.0, -0.0, -0.0, 0.25, -0.0, -0.0, -0.0, 1.0, -0.0, -0.0, -0.0, -0.0, -0.0, 0.0, -0.0, 1.0, -0.0, -0.0, -0.0, -0.0, -0.0, -0.0, -0.0, -0.0, -0.0, -0.0, -0.0, -0.0, -0.0]
			Active cut size: 0
W = 100 
H = 100
normalXList.size = 5
normalYList.size = 73
xList.size = 3
yList.size = 61
squareList.size = 32
myConsList.size = 0
当前上界 = 6.0
当前上界 = 5.666666666666667
当前上界 = 5.333333333333334
当前上界 = 5.000000000000001
最优解：5.0
solutionList.size() = 2
pattern.getKey() = 41@47@53@78@86@
用时：0.031 s
--------------------------------------- Price Problem End --------------------------------------------------------
		16 Add column : 1 col:42 	1.141
			Start solve  LP :1.141
			End solve LP obj: 27.0 t: 0
com.wlj.solver.BBSolver:
--------------------------------------- Price Problem Start --------------------------------------------------------
dualPrice.size = 100 , dualPrice = [1.0, 1.0, 1.0, 1.0, 1.0, 1.0, 1.0, 1.0, 1.0, -0.0, 1.0, 1.0, -0.0, -0.0, 0.6666666666666666, 1.0, 1.0, -0.0, 1.0, -0.0, -0.0, -0.0, 1.0, -0.0, 1.0, -0.0, 0.5, 0.33333333333333337, -0.0, -0.0, -0.0, 0.3333333333333333, -0.0, 0.16666666666666666, 0.16666666666666666, 1.0, -0.0, 0.16666666666666666, -0.0, 0.5000000000000001, -0.0, 0.33333333333333337, -0.0, 1.0, -0.0, -0.0, -0.0, -0.0, 0.0, -0.0, -0.0, -0.0, -0.0, -0.0, -0.0, 0.3333333333333333, -0.0, -0.0, -0.0, 1.0, -0.0, 1.0, -0.0, -0.0, -0.0, 0.33333333333333337, 0.6666666666666667, -0.0, -0.0, 0.6666666666666667, -0.0, -0.0, -0.0, -0.0, 0.8333333333333334, -0.0, -0.0, -0.0, -1.1102230246251565E-16, -0.0, -0.0, -0.0, -0.0, -0.0, 0.3333333333333333, -0.0, 0.6666666666666667, -0.0, -0.0, -0.0, -0.0, -0.0, -0.0, -0.0, -0.0, -0.0, -0.0, -0.0, -0.0, -0.0]
			Active cut size: 0
W = 100 
H = 100
normalXList.size = 6
normalYList.size = 80
xList.size = 3
yList.size = 73
squareList.size = 36
myConsList.size = 0
当前上界 = 5.833333333333334
当前上界 = 5.511111111111112
当前上界 = 5.18888888888889
当前上界 = 4.866666666666668
当前上界 = 4.544444444444446
最优解：4.833333333333334
solutionList.size() = 2
pattern.getKey() = 59@61@66@69@74@86@
用时：0.172 s
--------------------------------------- Price Problem End --------------------------------------------------------
		17 Add column : 1 col:43 	1.313
			Start solve  LP :1.313
			End solve LP obj: 27.0 t: 0
com.wlj.solver.BBSolver:
--------------------------------------- Price Problem Start --------------------------------------------------------
dualPrice.size = 100 , dualPrice = [1.0, 1.0, 1.0, 1.0, 1.0, 1.0, 1.0, 1.0, 1.0, -0.0, 1.0, 1.0, -0.0, -0.0, 0.75, 1.0, 1.0, -0.0, 1.0, -0.0, -0.0, -0.0, 1.0, -0.0, 1.0, -0.0, 0.5, -0.0, -0.0, -0.0, -0.0, 0.0, -0.0, -0.0, 0.5, 1.0, -0.0, 1.0, 0.0, -0.0, -0.0, 0.0, -0.0, 0.75, -0.0, -0.0, -0.0, 1.0, 0.25, -0.0, -0.0, -0.0, -0.0, -0.0, -0.0, 0.5, 1.0, 1.0, -0.0, 1.0, -0.0, 0.0, -0.0, -0.0, -0.0, 0.25, -0.0, 0.25, -0.0, -0.0, -0.0, -0.0, -0.0, -0.0, -0.0, 0.25, -0.0, -0.0, -0.0, -0.0, -0.0, -0.0, -0.0, -0.0, 0.0, 1.0, -0.0, -0.0, -0.0, -0.0, -0.0, -0.0, -0.0, -0.0, -0.0, -0.0, -0.0, -0.0, -0.0, -0.0]
			Active cut size: 0
W = 100 
H = 100
normalXList.size = 7
normalYList.size = 72
xList.size = 3
yList.size = 57
squareList.size = 32
myConsList.size = 0
当前上界 = 6.0
当前上界 = 5.666666666666667
当前上界 = 5.333333333333334
当前上界 = 5.000000000000001
当前上界 = 4.666666666666668
当前上界 = 4.333333333333335
最优解：4.5
solutionList.size() = 2
pattern.getKey() = 37@55@57@59@85@
用时：0.031 s
--------------------------------------- Price Problem End --------------------------------------------------------
		18 Add column : 1 col:44 	1.344
			Start solve  LP :1.344
			End solve LP obj: 27.0 t: 0
com.wlj.solver.BBSolver:
--------------------------------------- Price Problem Start --------------------------------------------------------
dualPrice.size = 100 , dualPrice = [1.0, 1.0, 1.0, 1.0, 1.0, 1.0, 1.0, 1.0, 1.0, -0.0, 1.0, 1.0, -0.0, -0.0, 0.0, 1.0, 1.0, -0.0, 1.0, -0.0, -0.0, -0.0, 1.0, -0.0, 1.0, -0.0, 1.0, -0.0, -0.0, -0.0, -0.0, 1.0, -0.0, -0.0, 0.0, 1.0, -0.0, -0.0, 1.0, -0.0, -0.0, 0.0, -0.0, 1.0, -0.0, -0.0, -0.0, 0.0, 0.0, -0.0, -0.0, -0.0, -0.0, -0.0, -0.0, 0.0, 1.0, 0.0, -0.0, -0.0, -0.0, 1.0, -0.0, -0.0, 1.0, 1.0, -0.0, 0.0, -0.0, -0.0, -0.0, -0.0, -0.0, -0.0, -0.0, 1.0, -0.0, -0.0, -0.0, -0.0, -0.0, -0.0, -0.0, -0.0, 0.0, 1.0, -0.0, -0.0, -0.0, -0.0, -0.0, -0.0, -0.0, -0.0, -0.0, -0.0, -0.0, -0.0, -0.0, -0.0]
			Active cut size: 0
W = 100 
H = 100
normalXList.size = 6
normalYList.size = 65
xList.size = 3
yList.size = 43
squareList.size = 27
myConsList.size = 0
当前上界 = 7.0
当前上界 = 6.6
当前上界 = 6.199999999999999
当前上界 = 5.799999999999999
当前上界 = 5.399999999999999
当前上界 = 4.999999999999998
最优解：5.0
solutionList.size() = 21
pattern.getKey() = 31@43@65@75@85@
用时：0.0 s
--------------------------------------- Price Problem End --------------------------------------------------------
		19 Add column : 1 col:45 	1.344
			Start solve  LP :1.36
			End solve LP obj: 27.0 t: 0
com.wlj.solver.BBSolver:
--------------------------------------- Price Problem Start --------------------------------------------------------
dualPrice.size = 100 , dualPrice = [1.0, 1.0, 1.0, 1.0, 1.0, 1.0, 1.0, 1.0, 1.0, -0.0, 1.0, 1.0, -0.0, -0.0, 0.75, 1.0, 1.0, -0.0, 1.0, -0.0, -0.0, -0.0, 1.0, -0.0, 1.0, -0.0, 1.0, -0.0, -0.0, -0.0, -0.0, 0.0, -0.0, -0.0, -0.0, 1.0, -0.0, -0.0, 1.0, -0.0, -0.0, -0.0, -0.0, 0.5, -0.0, -0.0, -0.0, -0.0, 0.5, -0.0, 0.75, -0.0, -0.0, -0.0, -0.0, 0.0, 1.0, 1.0, -0.0, -0.0, -0.0, 0.25, -0.0, -0.0, 1.0, 0.25, -0.0, 0.5, -0.0, -0.0, -0.0, -0.0, -0.0, -0.0, -0.0, 0.25, -0.0, 0.0, 0.25, -0.0, -0.0, -0.0, -0.0, -0.0, 0.0, 0.0, 0.75, -0.0, 0.25, -0.0, -0.0, -0.0, -0.0, -0.0, -0.0, -0.0, -0.0, -0.0, -0.0, -0.0]
			Active cut size: 0
W = 100 
H = 100
normalXList.size = 7
normalYList.size = 75
xList.size = 3
yList.size = 65
squareList.size = 33
myConsList.size = 0
当前上界 = 5.5
当前上界 = 5.2
当前上界 = 4.9
当前上界 = 4.6000000000000005
当前上界 = 4.300000000000001
最优解：4.5
solutionList.size() = 1
pattern.getKey() = 38@50@57@64@86@
用时：0.093 s
--------------------------------------- Price Problem End --------------------------------------------------------
		20 Add column : 1 col:46 	1.453
			Start solve  LP :1.453
			End solve LP obj: 27.0 t: 0
com.wlj.solver.BBSolver:
--------------------------------------- Price Problem Start --------------------------------------------------------
dualPrice.size = 100 , dualPrice = [1.0, 1.0, 1.0, 1.0, 1.0, 1.0, 1.0, 1.0, 1.0, -0.0, 1.0, 1.0, -0.0, -0.0, 1.0, 1.0, 1.0, -0.0, 1.0, -0.0, -0.0, -0.0, 1.0, -0.0, 1.0, -0.0, 0.5, 0.5, -0.0, -0.0, -0.0, 0.5, -0.0, 0.5, -0.0, 1.0, -0.0, 0.5, 0.5, -0.0, -0.0, 0.0, -0.0, 0.5, -0.0, 0.0, 0.0, -0.0, 0.5, 0.5, -0.0, -0.0, -0.0, -0.0, -0.0, -0.0, 1.0, -0.0, -0.0, -0.0, -0.0, 1.0, -0.0, -0.0, 0.5, -0.0, -0.0, 0.5, -0.0, -0.0, -0.0, -0.0, -0.0, -0.0, -0.0, -0.0, -0.0, -0.0, 0.5, -0.0, -0.0, -0.0, -0.0, -0.0, -0.0, -0.0, -0.0, -0.0, 1.0, -0.0, -0.0, -0.0, -0.0, -0.0, -0.0, -0.0, -0.0, -0.0, -0.0, -0.0]
			Active cut size: 0
W = 100 
H = 100
normalXList.size = 5
normalYList.size = 73
xList.size = 3
yList.size = 61
squareList.size = 33
myConsList.size = 0
当前上界 = 5.5
当前上界 = 5.2
当前上界 = 4.9
当前上界 = 4.6000000000000005
当前上界 = 4.300000000000001
当前上界 = 4.000000000000001
最优解：4.0
solutionList.size() = 10
pattern.getKey() = 18@61@67@78@88@
用时：0.094 s
--------------------------------------- Price Problem End --------------------------------------------------------
		21 Add column : 1 col:47 	1.547
			Start solve  LP :1.547
			End solve LP obj: 27.0 t: 0
com.wlj.solver.BBSolver:
--------------------------------------- Price Problem Start --------------------------------------------------------
dualPrice.size = 100 , dualPrice = [1.0, 1.0, 1.0, 1.0, 1.0, 1.0, 1.0, 1.0, 1.0, -0.0, 1.0, 1.0, -0.0, -0.0, 1.0, 1.0, 1.0, -0.0, -0.0, -0.0, 1.0, -0.0, 1.0, -0.0, 1.0, -0.0, 0.5, 0.5, -0.0, -0.0, -0.0, -0.0, -0.0, -0.0, -0.0, 1.0, -0.0, 0.5, 0.25, -0.0, -0.0, -0.0, -0.0, 0.75, -0.0, 0.0, 0.25, 0.75, 0.25, 0.5, 0.25, -0.0, -0.0, -0.0, -0.0, 0.5, 1.0, -0.0, -0.0, -0.0, -0.0, -0.0, -0.0, -0.0, 0.5, -0.0, 0.5, -0.0, -0.0, -0.0, -0.0, -0.0, -0.0, -0.0, -0.0, -0.0, -0.0, -0.0, 0.0, -0.0, -0.0, -0.0, -0.0, -0.0, -0.0, -0.0, -0.0, -0.0, 1.0, -0.0, -0.0, -0.0, -0.0, 1.0, -0.0, -0.0, -0.0, -0.0, -0.0, -0.0]
			Active cut size: 0
W = 100 
H = 100
normalXList.size = 5
normalYList.size = 82
xList.size = 3
yList.size = 67
squareList.size = 34
myConsList.size = 0
当前上界 = 5.75
当前上界 = 5.433333333333334
当前上界 = 5.116666666666667
当前上界 = 4.800000000000001
当前上界 = 4.483333333333334
当前上界 = 4.166666666666668
最优解：4.25
solutionList.size() = 6
pattern.getKey() = 16@43@66@88@93@
用时：0.344 s
--------------------------------------- Price Problem End --------------------------------------------------------
		22 Add column : 1 col:48 	1.891
			Start solve  LP :1.891
			End solve LP obj: 27.0 t: 0
com.wlj.solver.BBSolver:
--------------------------------------- Price Problem Start --------------------------------------------------------
dualPrice.size = 100 , dualPrice = [1.0, 1.0, 1.0, 1.0, 1.0, 1.0, 1.0, 1.0, 1.0, -0.0, 1.0, 1.0, -0.0, -0.0, 0.33333333333333337, 1.0, -0.0, 1.0, -0.0, -0.0, 1.0, -0.0, 1.0, -0.0, 1.0, -0.0, 0.3333333333333333, 0.6666666666666667, -0.0, -0.0, -0.0, -0.0, -0.0, -0.0, -0.0, 1.0, -0.0, 0.6666666666666667, -0.0, -0.0, -0.0, -0.0, -0.0, -0.0, -0.0, 0.0, 0.33333333333333326, 0.6666666666666666, 0.3333333333333335, 0.3333333333333333, 0.3333333333333333, -0.0, -0.0, -0.0, 0.6666666666666665, 0.3333333333333333, 1.0, -0.0, -0.0, -0.0, -0.0, -0.0, -0.0, -0.0, 0.6666666666666667, 0.6666666666666666, 0.0, -0.0, 0.33333333333333337, -0.0, -0.0, -0.0, -0.0, -0.0, -0.0, 0.33333333333333337, -0.0, 0.33333333333333337, 0.33333333333333337, -0.0, -0.0, -0.0, -0.0, -0.0, -0.0, -0.0, -0.0, -0.0, -0.0, -0.0, -0.0, -0.0, -0.0, 1.0, -0.0, 0.33333333333333326, -0.0, -0.0, -0.0, -0.0]
			Active cut size: 0
W = 100 
H = 100
normalXList.size = 7
normalYList.size = 90
xList.size = 3
yList.size = 81
squareList.size = 37
myConsList.size = 0
当前上界 = 5.333333333333334
当前上界 = 5.044444444444445
当前上界 = 4.755555555555556
当前上界 = 4.466666666666668
当前上界 = 4.177777777777779
最优解：4.333333333333333
solutionList.size() = 9
pattern.getKey() = 54@56@64@65@93@95@
pattern.getKey() = 56@64@65@77@78@93@95@
用时：2.156 s
--------------------------------------- Price Problem End --------------------------------------------------------
		23 Add column : 1 col:49 	4.047
			Start solve  LP :4.047
			End solve LP obj: 27.0 t: 0
com.wlj.solver.BBSolver:
--------------------------------------- Price Problem Start --------------------------------------------------------
dualPrice.size = 100 , dualPrice = [1.0, 1.0, 1.0, 1.0, 1.0, 1.0, 1.0, 1.0, 1.0, -0.0, 1.0, 1.0, -0.0, -0.0, 0.75, 1.0, -0.0, 1.0, -0.0, -0.0, 1.0, -0.0, 1.0, -0.0, 1.0, -0.0, 0.25, 0.75, -0.0, -0.0, -0.0, -0.0, -0.0, 0.5, -0.0, 1.0, -0.0, 0.25, -0.0, -0.0, -0.0, -0.0, -0.0, -0.0, -0.0, 0.5, 0.75, 0.75, -0.0, 0.5, 0.25, -0.0, -0.0, -0.0, 1.0, 0.25, 0.5, 0.5, -0.0, -0.0, -0.0, -0.0, -0.0, -0.0, -0.0, 0.25, 0.25, 0.25, 0.0, 0.5, -0.0, -0.0, -0.0, -0.0, -0.0, 0.25, -0.0, 0.0, -0.0, -0.0, -0.0, -0.0, -0.0, -0.0, -0.0, -0.0, 0.25, -0.0, 0.75, -0.0, -0.0, -0.0, -0.0, -0.0, -0.0, -0.0, -0.0, -0.0, -0.0, -0.0]
			Active cut size: 0
W = 100 
H = 100
normalXList.size = 7
normalYList.size = 75
xList.size = 3
yList.size = 65
squareList.size = 38
myConsList.size = 0
当前上界 = 4.5
当前上界 = 4.266666666666667
当前上界 = 4.033333333333333
当前上界 = 3.8
当前上界 = 3.5666666666666664
最优解：3.75
solutionList.size() = 2
pattern.getKey() = 46@54@57@69@86@88@
用时：0.047 s
--------------------------------------- Price Problem End --------------------------------------------------------
		24 Add column : 1 col:50 	4.094
			Start solve  LP :4.094
			End solve LP obj: 27.0 t: 0
com.wlj.solver.BBSolver:
--------------------------------------- Price Problem Start --------------------------------------------------------
dualPrice.size = 100 , dualPrice = [1.0, 1.0, 1.0, 1.0, 1.0, 1.0, 1.0, 1.0, 1.0, -0.0, 1.0, 1.0, -0.0, -0.0, 0.8019801980198019, 1.0, -0.0, 1.0, -0.0, -0.0, 1.0, -0.0, 1.0, -0.0, 1.0, -0.0, -0.0, 0.6534653465346535, -0.0, -0.0, -0.0, 0.3465346534653465, -0.0, 0.40594059405940597, 0.3465346534653465, 1.0, -0.0, 0.36633663366336633, 0.4257425742574258, -0.0, -0.0, -0.0, -0.0, 0.2970297029702973, -0.0, -0.0, 0.06930693069306915, 0.5742574257425742, -0.0, 0.36633663366336633, 0.4257425742574258, -0.0, -0.0, -0.0, 0.7029702970297027, -0.0, -0.0, -0.0, -0.0, 0.6336633663366337, -0.0, -0.0, -0.0, -0.0, -0.0, -0.0, 0.2277227722772277, 0.3465346534653465, 0.28712871287128716, -0.0, -0.0, -0.0, -0.0, -0.0, 0.13861386138613863, -0.0, -0.0, -0.0, 0.4257425742574258, -0.0, -0.0, -0.0, -0.0, -0.0, 0.28712871287128705, -0.0, -0.0, 1.0, 0.2277227722772277, 0.19801980198019808, -0.0, -0.0, -0.0, 0.24752475247524752, -0.0, 0.19801980198019808, -0.0, -0.0, -0.0, -0.0]
			Active cut size: 0
W = 100 
H = 100
normalXList.size = 25
normalYList.size = 96
xList.size = 7
yList.size = 93
squareList.size = 42
myConsList.size = 0
当前上界 = 4.920792079207922
当前上界 = 4.65940594059406
当前上界 = 4.398019801980198
当前上界 = 4.136633663366337
最优解：4.207920792079207
solutionList.size() = 1
pattern.getKey() = 54@59@68@78@84@87@88@89@93@95@
用时：14.922 s
--------------------------------------- Price Problem End --------------------------------------------------------
		25 Add column : 1 col:51 	19.016
			Start solve  LP :19.016
			End solve LP obj: 27.0 t: 0
com.wlj.solver.BBSolver:
--------------------------------------- Price Problem Start --------------------------------------------------------
dualPrice.size = 100 , dualPrice = [1.0, 1.0, 1.0, 1.0, 1.0, 1.0, 1.0, 1.0, 1.0, -0.0, 1.0, 1.0, -0.0, -0.0, 1.0, 1.0, -0.0, 1.0, -0.0, -0.0, 1.0, -0.0, 1.0, -0.0, 1.0, -0.0, -0.0, 1.0, -0.0, -0.0, -0.0, -0.0, -0.0, 0.6666666666666666, -0.0, 1.0, -0.0, -0.0, 0.33333333333333337, 0.33333333333333337, -0.0, 0.0, -0.0, -0.0, -0.0, 1.0, 0.33333333333333326, 0.33333333333333337, -0.0, -0.0, 0.6666666666666666, -0.0, -0.0, -0.0, -0.0, 0.0, -0.0, -0.0, 1.0, -0.0, -0.0, -0.0, -0.0, -0.0, -0.0, -0.0, 0.33333333333333337, 0.6666666666666666, 0.0, -0.0, -0.0, -0.0, -0.0, -0.0, 0.33333333333333337, 0.0, -0.0, -0.0, 0.0, -0.0, -0.0, -0.0, -0.0, -0.0, -0.0, 1.0, -0.0, 1.0, -0.0, -0.0, -0.0, -0.0, -0.0, -0.0, -0.0, -0.0, -0.0, -0.0, -0.0, -0.0]
			Active cut size: 0
W = 100 
H = 100
normalXList.size = 4
normalYList.size = 79
xList.size = 3
yList.size = 71
squareList.size = 32
myConsList.size = 0
当前上界 = 5.666666666666667
当前上界 = 5.355555555555556
当前上界 = 5.044444444444445
当前上界 = 4.733333333333334
当前上界 = 4.422222222222223
最优解：4.666666666666666
solutionList.size() = 23
pattern.getKey() = 27@58@67@85@87@
pattern.getKey() = 33@58@66@67@85@87@
用时：0.172 s
--------------------------------------- Price Problem End --------------------------------------------------------
		26 Add column : 1 col:52 	19.188
			Start solve  LP :19.188
			End solve LP obj: 27.0 t: 0
com.wlj.solver.BBSolver:
--------------------------------------- Price Problem Start --------------------------------------------------------
dualPrice.size = 100 , dualPrice = [1.0, 1.0, 1.0, 1.0, 1.0, 1.0, 1.0, 1.0, 1.0, -0.0, 1.0, 1.0, -0.0, -0.0, 0.19999999999999996, 1.0, -0.0, 1.0, -0.0, -0.0, 1.0, -0.0, 1.0, -0.0, 1.0, -0.0, 0.7333333333333332, 0.2666666666666668, -0.0, -0.0, -0.0, 0.46666666666666645, -0.0, -0.0, -0.0, 1.0, -0.0, 0.20000000000000018, -0.0, -0.0, -0.0, 0.6000000000000001, -0.0, 0.3333333333333333, -0.0, 0.6, -0.0, 0.19999999999999996, -0.0, -0.0, -0.0, -0.0, -0.0, -0.0, -0.0, 0.2666666666666668, 0.4, 0.5333333333333335, 0.6666666666666667, -0.0, 0.8, -0.0, -0.0, -0.0, 0.4, -0.0, 0.20000000000000018, 0.13333333333333314, -0.0, -0.0, -0.0, -0.0, 0.8, -0.0, 0.7999999999999998, 0.19999999999999996, -0.0, -0.0, 0.19999999999999996, -0.0, -0.0, -0.0, -0.0, -0.0, -0.0, -0.0, -0.0, -0.0, 0.46666666666666645, -0.0, -0.0, -0.0, -0.0, -0.0, 0.5333333333333335, -0.0, -0.0, -0.0, -0.0, -0.0]
			Active cut size: 0
W = 100 
H = 100
normalXList.size = 7
normalYList.size = 89
xList.size = 3
yList.size = 81
squareList.size = 40
myConsList.size = 0
当前上界 = 5.266666666666667
当前上界 = 4.982222222222222
当前上界 = 4.697777777777778
当前上界 = 4.413333333333333
最优解：4.6
solutionList.size() = 1
pattern.getKey() = 57@58@60@72@74@88@94@
用时：0.234 s
--------------------------------------- Price Problem End --------------------------------------------------------
		27 Add column : 1 col:53 	19.422
			Start solve  LP :19.422
			End solve LP obj: 27.0 t: 0
com.wlj.solver.BBSolver:
--------------------------------------- Price Problem Start --------------------------------------------------------
dualPrice.size = 100 , dualPrice = [1.0, 1.0, 1.0, 1.0, 1.0, 1.0, 1.0, 1.0, 1.0, -0.0, 1.0, 1.0, -0.0, -0.0, -0.0, 1.0, -0.0, 1.0, -0.0, -0.0, 1.0, -0.0, 1.0, -0.0, 1.0, -0.0, 1.0000000000000002, -2.220446049250313E-16, -0.0, -0.0, -0.0, 0.2500000000000002, -0.0, -2.498001805406602E-16, -0.0, 1.0, -0.0, 0.7499999999999998, -0.0, 0.75, -0.0, 0.5000000000000004, -0.0, -0.0, -0.0, 0.5, 0.0, 0.25, 0.49999999999999956, -0.0, 0.25, -0.0, -0.0, -0.0, -0.0, -0.0, 0.5, -0.0, 0.24999999999999972, -0.0, 0.5, -0.0, -0.0, -0.0, 0.5, -0.0, 0.2500000000000002, 0.2500000000000002, -0.0, -4.440892098500626E-16, -0.0, -0.0, -0.0, 0.7499999999999998, 0.2500000000000002, 0.49999999999999956, -0.0, -0.0, -0.0, -0.0, -0.0, -0.0, -0.0, -0.0, -0.0, 0.2500000000000002, -0.0, -0.0, -0.0, 1.0, -0.0, 0.25000000000000067, -0.0, 0.0, -0.0, -0.0, -0.0, -0.0, -0.0, -0.0]
			Active cut size: 0
W = 100 
H = 100
normalXList.size = 30
normalYList.size = 84
xList.size = 9
yList.size = 77
squareList.size = 38
myConsList.size = 0
当前上界 = 4.750000000000001
当前上界 = 4.500000000000001
当前上界 = 4.250000000000001
最优解：4.250000000000001
solutionList.size() = 4
pattern.getKey() = 37@39@60@73@85@89@91@
用时：0.891 s
--------------------------------------- Price Problem End --------------------------------------------------------
		28 Add column : 1 col:54 	20.313
			Start solve  LP :20.313
			End solve LP obj: 27.0 t: 0
com.wlj.solver.BBSolver:
--------------------------------------- Price Problem Start --------------------------------------------------------
dualPrice.size = 100 , dualPrice = [1.0, 1.0, 1.0, 1.0, 1.0, 1.0, 1.0, 1.0, 1.0, -0.0, 1.0, 1.0, -0.0, -0.0, 0.5000000000000001, 1.0, -0.0, 1.0, -0.0, -0.0, 1.0, -0.0, 1.0, -0.0, 1.0, -0.0, 0.4444444444444444, 0.5555555555555556, -0.0, -0.0, -0.0, -0.0, -0.0, 0.27777777777777785, -0.0, 1.0, -0.0, -0.0, 0.6666666666666667, 0.27777777777777757, -0.0, -0.0, -0.0, -0.0, -0.0, 1.0, 0.16666666666666663, -0.0, 0.611111111111111, -0.0, -0.0, -0.0, -0.0, -0.0, -0.0, 0.2777777777777778, -0.0, -0.0, -0.0, -0.0, 0.16666666666666696, -0.0, 0.833333333333333, -0.0, 0.0, 0.4999999999999999, -0.0, 0.22222222222222227, -0.0, 0.5000000000000001, -0.0, -0.0, -0.0, 0.16666666666666652, 0.16666666666666663, 0.4999999999999999, -0.0, 0.05555555555555569, -0.0, -0.0, -0.0, -0.0, -0.0, -0.0, -0.0, -0.0, 0.33333333333333326, 0.4999999999999999, -0.0, -0.0, -0.0, 0.38888888888888895, -0.0, 0.44444444444444453, 0.4444444444444446, -0.0, -0.0, -0.0, -0.0, -0.0]
			Active cut size: 0
W = 100 
H = 100
normalXList.size = 6
normalYList.size = 91
xList.size = 3
yList.size = 85
squareList.size = 41
myConsList.size = 0
当前上界 = 5.444444444444445
当前上界 = 5.148148148148148
当前上界 = 4.851851851851851
当前上界 = 4.5555555555555545
当前上界 = 4.259259259259258
最优解：4.444444444444445
solutionList.size() = 3
pattern.getKey() = 45@62@69@86@87@91@93@94@
用时：9.39 s
--------------------------------------- Price Problem End --------------------------------------------------------
		29 Add column : 1 col:55 	29.703
			Start solve  LP :29.703
			End solve LP obj: 27.0 t: 0
com.wlj.solver.BBSolver:
--------------------------------------- Price Problem Start --------------------------------------------------------
dualPrice.size = 100 , dualPrice = [1.0, 1.0, 1.0, 1.0, 1.0, 1.0, 1.0, 1.0, 1.0, -0.0, 1.0, 1.0, -0.0, -0.0, 0.4833333333333334, 1.0, -0.0, 1.0, -0.0, -0.0, 1.0, -0.0, 1.0, -0.0, 1.0, -0.0, 0.3833333333333333, 0.6166666666666667, -0.0, -0.0, -0.0, -0.0, -0.0, 0.4666666666666667, -0.0, 1.0, -0.0, 0.31666666666666665, 0.5499999999999999, 0.45000000000000007, -0.0, -0.0, -0.0, 0.35, -0.0, 0.04166666666666674, 0.13333333333333341, -0.0, 0.65, 0.9416666666666667, -0.0, -0.0, -0.0, 0.033333333333333215, -0.0, 0.14999999999999997, 0.925, 0.08333333333333326, -0.0, -0.0, -0.0, 0.45, 0.55, -0.0, 0.016666666666666607, -0.0, 0.21666666666666667, 0.05833333333333335, -0.0, -0.0, -0.0, -0.0, 0.4833333333333334, 0.2333333333333334, -0.0, 0.5166666666666666, -0.0, -0.0, 0.05833333333333335, -0.0, -0.0, -0.0, -0.0, -0.0, -0.0, -0.0, 0.3333333333333333, 0.07499999999999996, 0.43333333333333335, -0.0, -0.0, -0.0, -0.0, -0.0, -0.0, -0.0, -0.0, -0.0, -0.0, -0.0]
			Active cut size: 0
W = 100 
H = 100
normalXList.size = 7
normalYList.size = 78
xList.size = 3
yList.size = 71
squareList.size = 45
myConsList.size = 0
当前上界 = 4.633333333333333
当前上界 = 4.391111111111111
当前上界 = 4.148888888888889
当前上界 = 3.9066666666666667
当前上界 = 3.6644444444444444
当前上界 = 3.422222222222222
当前上界 = 3.1799999999999997
最优解：3.3916666666666666
solutionList.size() = 1
pattern.getKey() = 48@49@62@72@86@88@
用时：0.266 s
--------------------------------------- Price Problem End --------------------------------------------------------
		30 Add column : 1 col:56 	29.969
			Start solve  LP :29.969
			End solve LP obj: 27.0 t: 0
com.wlj.solver.BBSolver:
--------------------------------------- Price Problem Start --------------------------------------------------------
dualPrice.size = 100 , dualPrice = [1.0, 1.0, 1.0, 1.0, 1.0, 1.0, 1.0, 1.0, 1.0, -0.0, 1.0, 1.0, -0.0, -0.0, 0.17090069284064646, 1.0, -0.0, 1.0, -0.0, -0.0, 1.0, -0.0, 1.0, -0.0, 1.0, -0.0, 0.724018475750577, 0.27598152424942296, -0.0, -0.0, -0.0, 0.3048498845265586, -0.0, 0.024249422632794504, -0.0, 1.0, -0.0, 0.45496535796766735, 0.277136258660508, 0.3383371824480371, -0.0, 0.20092378752886836, -0.0, -0.0, -0.0, -0.0, 0.2678983833718247, 0.03695150115473428, 0.3475750577367206, 0.6524249422632794, 0.042725173210161616, -0.0, -0.0, 0.7621247113163974, 0.3995381062355655, 0.21247113163972292, 0.23787528868360264, 0.3325635103926098, 0.2528868360277139, -0.0, -0.0, 0.9203233256351041, -0.0, -0.0, 0.3475750577367206, 0.06697459584295617, 0.0796766743648959, 0.0796766743648959, 0.039260969976905535, -0.0, -0.0, -0.0, -0.0, 0.20669745958429553, -0.0, 0.6281755196304852, -0.0, 0.3475750577367206, -0.0, -0.0, -0.0, -0.0, -0.0, -0.0, -0.0, -0.0, -0.0, 0.5612009237875291, -0.0, -0.0, -0.0, -0.0, -0.0, -0.0, 0.40646651270207834, -0.0, -0.0, -0.0, -0.0, -0.0]
			Active cut size: 0
W = 100 
H = 100
normalXList.size = 9
normalYList.size = 87
xList.size = 3
yList.size = 77
squareList.size = 48
myConsList.size = 0
当前上界 = 4.930715935334874
当前上界 = 4.668668206312549
当前上界 = 4.4066204772902235
当前上界 = 4.1445727482678985
当前上界 = 3.8825250192455734
当前上界 = 3.6204772902232483
最优解：3.8325635103926103
solutionList.size() = 1
pattern.getKey() = 53@61@73@75@77@87@94@
用时：0.969 s
--------------------------------------- Price Problem End --------------------------------------------------------
		31 Add column : 1 col:57 	30.938
			Start solve  LP :30.938
			End solve LP obj: 26.96831484766876 t: 0
com.wlj.solver.BBSolver:
--------------------------------------- Price Problem Start --------------------------------------------------------
dualPrice.size = 100 , dualPrice = [1.0, 1.0, 1.0, 1.0, 1.0, 1.0, 1.0, 1.0, 1.0, -0.0, 1.0, 1.0, -0.0, -0.0, 0.5960722749067209, 1.0, -0.0, 1.0, -0.0, -0.0, 1.0, -0.0, 1.0, -0.0, 1.0, -0.0, 0.24584657536577792, 0.3851697745557271, -0.0, -0.0, -0.0, 0.40845447931690265, -0.0, 0.340608474049871, 0.368983650078495, 1.0, -0.0, 0.3843763162261165, 0.3560011401974925, 0.018364412223938253, -0.0, 0.16698787901994086, -0.0, 0.17793037137253417, -0.0, 0.15762379439005825, 0.07641875880143129, 0.6256344475785692, 0.24011155215765365, 0.5064455194067568, 0.07549553919003413, -0.0, -0.0, 0.13340948831510277, 0.31327351550966354, 0.20637574612737025, 0.5901011287104279, 0.23257263440928844, -0.0, -0.0, -0.0, 0.2988700132313966, -0.0, -0.0, 0.33593068620318495, -0.0, 0.2750152097240125, 0.20770101298889163, 0.2071692044569809, 0.24291099226963125, -0.0, -0.0, 0.11861882942560467, -0.0, 0.18320378477495972, 0.23693984607333834, -0.0, -0.0, 0.07396818508638717, -0.0, -0.0, -0.0, -0.0, -0.0, 0.11886558858441074, 0.17667530323722488, -0.0, -0.0, 0.13482409900998496, 0.15189940735257182, -0.0, 0.2686845609601486, -0.0, -0.0, 0.33078065238016197, -0.0, -0.0, -0.0, -0.0, -0.0]
			Active cut size: 0
W = 100 
H = 100
normalXList.size = 35
normalYList.size = 93
xList.size = 11
yList.size = 89
squareList.size = 55
myConsList.size = 0
当前上界 = 3.650221019625861
当前上界 = 3.4735396183174703
当前上界 = 3.2968582170090794
当前上界 = 3.1201768157006886
当前上界 = 2.943495414392298
当前上界 = 2.766814013083907
最优解：2.9280399239301076
solutionList.size() = 1
pattern.getKey() = 17@20@85@89@91@94@
用时：29.638 s
--------------------------------------- Price Problem End --------------------------------------------------------
		32 Add column : 1 col:58 	60.576
			Start solve  LP :60.576
			End solve LP obj: 26.968314847668747 t: 0
com.wlj.solver.BBSolver:
--------------------------------------- Price Problem Start --------------------------------------------------------
dualPrice.size = 100 , dualPrice = [1.0, 1.0, 1.0, 1.0, 1.0, 1.0, 1.0, 1.0, 1.0, -0.0, 1.0, 1.0, -0.0, -0.0, 0.5960722749067207, 1.0, 0.4122303198934682, -0.0, 0.28463668968333966, -0.0, 0.07196007606989246, -0.0, 1.0, -0.0, 1.0, -0.0, 0.24584657536577773, 0.38516977455572743, -0.0, -0.0, -0.0, 0.4084544793169025, -0.0, 0.34060847404987105, 0.36898365007849493, 1.0, -0.0, 0.38437631622611645, 0.35600114019749257, 0.018364412223938295, -0.0, 0.166987879019941, 0.5877696801065317, 0.17793037137253415, -0.0, 0.15762379439005836, 0.07641875880143117, 0.6256344475785691, 0.24011155215765384, 0.5064455194067566, 0.0754955391900343, -0.0, -0.0, 0.13340948831510313, 0.31327351550966387, 0.20637574612737017, 0.5901011287104279, 0.23257263440928844, -0.0, -0.0, -0.0, 0.2988700132313966, -0.0, -0.0, 0.335930686203185, -0.0, 0.2750152097240125, 0.2077010129888915, 0.20716920445698106, 0.24291099226963117, 0.6434032342467679, -0.0, 0.11861882942560428, -0.0, 0.1832037847749598, 0.2369398460733384, -0.0, -0.0, 0.07396818508638714, -0.0, -0.0, -0.0, -0.0, -0.0, 0.11886558858441093, 0.17667530323722497, -0.0, -0.0, 0.1348240990099852, 0.151899407352572, -0.0, 0.26868456096014814, -0.0, -0.0, 0.33078065238016235, -0.0, -0.0, -0.0, -0.0, -0.0]
			Active cut size: 0
W = 100 
H = 100
normalXList.size = 35
normalYList.size = 93
xList.size = 11
yList.size = 89
squareList.size = 58
myConsList.size = 0
当前上界 = 3.984868983650078
当前上界 = 3.7858777180734062
当前上界 = 3.5868864524967345
当前上界 = 3.387895186920063
当前上界 = 3.188903921343391
当前上界 = 2.9899126557667195
最优解：3.159212838283407
solutionList.size() = 1
pattern.getKey() = 22@42@70@85@89@91@94@
用时：56.207 s
--------------------------------------- Price Problem End --------------------------------------------------------
		33 Add column : 1 col:59 	116.783
			Start solve  LP :116.783
			End solve LP obj: 26.968222598285013 t: 0
com.wlj.solver.BBSolver:
--------------------------------------- Price Problem Start --------------------------------------------------------
dualPrice.size = 100 , dualPrice = [1.0, 1.0, 1.0, 1.0, 1.0, 1.0, 1.0, 1.0, 1.0, -0.0, 1.0, 1.0, -0.0, -0.0, 0.6203464118149422, 1.0, 0.45045384726119386, 0.27477307636940307, 0.14008391701362338, -0.0, -0.0, -0.0, -0.0, -0.0, 1.0, -0.0, 0.4252938509129501, 0.27854979521460205, -0.0, 1.0, -0.0, 0.4521996543781041, -0.0, 0.30303490729351984, 0.2961563538724479, 1.0, -0.0, 0.4553155175684656, 0.3721299343223434, 0.07046098243034726, -0.0, 0.21581663694398934, 0.27477307636940307, 0.19276978158742164, -0.0, 0.27778728606093117, 0.01949178862029005, 0.5574090832473093, 0.2866589818635913, 0.3817757938199423, 0.11312868966050121, -0.0, -0.0, 0.0755691247029438, 0.4152515211874168, 0.17918641374009975, 0.5083579247751161, 0.17430445589802884, -0.0, -0.0, -0.0, 0.3294622270921895, -0.0, -0.0, 0.3404369201191265, -0.0, 0.2416495751380146, 0.2641219047750598, 0.09248482805343028, 0.27582543828089456, -0.0, -0.0, 0.21643842830309645, 0.09006413666719415, 0.1530627594889009, 0.16383695124106842, -0.0, -0.0, 0.1512051551057574, -0.0, -0.0, -0.0, -0.0, -0.0, 0.13828566446100896, 0.1911936127934058, -0.0, -0.0, 0.11512679601336992, 0.08764603517901687, -0.0, 0.10531971536157025, -0.0, -0.0, 0.341067560296604, -0.0, -0.0, -0.0, -0.0, 0.8599160829863766]
			Active cut size: 0
W = 100 
H = 100
normalXList.size = 46
normalYList.size = 95
xList.size = 19
yList.size = 93
squareList.size = 59
myConsList.size = 0
当前上界 = 4.372070366666977
当前上界 = 4.147265675555845
当前上界 = 3.9224609844447134
当前上界 = 3.6976562933335817
当前上界 = 3.47285160222245
最优解：3.618108955716412
solutionList.size() = 1
pattern.getKey() = 11@29@84@85@89@94@99@
用时：2839.846 s
--------------------------------------- Price Problem End --------------------------------------------------------
		34 Add column : 1 col:60 	2956.629
			Start solve  LP :2956.629
			End solve LP obj: 26.95595652524384 t: 0
com.wlj.solver.BBSolver:
--------------------------------------- Price Problem Start --------------------------------------------------------
dualPrice.size = 100 , dualPrice = [1.0, 1.0, 1.0, 1.0, 1.0, 1.0, 1.0, 1.0, 1.0, -0.0, 1.0, -0.0, -0.0, 1.0, 0.7405418808658696, 1.0, 0.335157937250175, 0.11106468636941391, 0.16626385920324294, -0.0, 0.44271269001099733, -0.0, -0.0, -0.0, 1.0, -0.0, 0.581887247566629, 0.14554621389341293, -0.0, -0.0, -0.0, 0.47944259442778536, -0.0, 0.23412992053838322, 0.27256653853995805, 1.0, -0.0, 0.5205574055722146, 0.2910924277868253, 0.1123942996491458, -0.0, 0.13525767916517967, 0.553777376380411, 0.2749303884551519, -0.0, 0.2537753960459689, -0.0, 0.5965132725640289, 0.2752447316828125, 0.38355647425718686, 0.16085364129114443, -0.0, -0.0, 0.07421094131990104, 0.357663740885232, 0.18398283189498776, 0.45466637919276576, 0.17403318538468562, 0.03756778113009043, -0.0, -0.0, 0.2426330861448267, -0.0, -0.0, 0.36266812969684425, -0.0, 0.24531267388940214, 0.2638385631362694, -0.0, 0.31235145748431115, -0.0, 1.0, 0.18524717781422936, 0.1910283597838145, 0.18835016664096005, 0.12420043996895075, -0.0, -0.0, 0.18266549111038996, -0.0, -0.0, -0.0, -0.0, -0.0, 0.21734728344136428, 0.12142657714811202, 0.011352615840500284, 0.09772448415774279, 0.14459900040527096, -0.0, -0.0, 0.05459335784671282, -0.0, -0.0, 0.270202688624764, -0.0, -0.0, -0.0, -0.0, 0.39102345078575973]
			Active cut size: 0
W = 100 
H = 100
normalXList.size = 37
normalYList.size = 95
xList.size = 7
yList.size = 93
squareList.size = 60
myConsList.size = 0
当前上界 = 4.333239802044653
当前上界 = 4.111023815241676
当前上界 = 3.8888078284386993
--------------------------------------- Price Problem End --------------------------------------------------------
		35 Add column : 0 col:61 	3000.007
	1 End Add column using column generation : 26.95595652524384 col: 61 cons: 0 cut: 0	3000.007
   End add columnAndCut : 26.95595652524384 colGencnt: 1 price: 0 col: 61 cons: 0 cut: 0	3000.007

Node lb: 1.7976931348623157E308 ub: 27 : 3000.007

Final Found Solution: 27 genNode: 1 extendedNode: 0:3000.007
Bin size: 10000
1 : 4500,3588,900, : 8988
2 : 5056,2460,1800,135, : 9451
3 : 8428, : 8428
4 : 4650,4312,99, : 9061
5 : 5332,3420, : 8752
6 : 5368,3393,902, : 9663
7 : 8624,1045, : 9669
8 : 2632,2592,2100,408,138, : 7870
9 : 5412,3094,776, : 9282
10 : 3920,2208,1809,748, : 8685
11 : 3995,1755,1368,1204,434, : 8756
12 : 4361,4042,396, : 8799
13 : 4200,3724, : 7924
14 : 3400,2788, : 6188
15 : 3861,3744,2134, : 9739
16 : 4059,4004,1425, : 9488
17 : 3555,3000,1218, : 7773
18 : 3731,3698,1264,77, : 8770
19 : 3185,3115,2610, : 8910
20 : 2660,2619,2231,1596,297, : 9403
21 : 2310,2250,2040,1184, : 7784
22 : 2128,1968,1722,1575,402, : 7795
23 : 2010,1824,1496,1462,1462, : 8254
24 : 2070,1863,1496,1380, : 6809
25 : 1659,1350,1343,1147,912, : 6411
26 : 1330,1190,1020,759,744,720,720,657,261,186, : 7587
27 : 2162,1610,1287,684, : 5743
----------------------- 1 ---------------------------
canvasWidth:100,
canvasHeight:100,
data:[{x:0,y:0,l:45,w:100},{x:0,y:45,l:9,w:100},{x:22,y:54,l:46,w:78},],
----------------------- 2 ---------------------------
canvasWidth:100,
canvasHeight:100,
data:[{x:82,y:0,l:100,w:18},{x:0,y:0,l:30,w:82},{x:3,y:30,l:64,w:79},{x:0,y:30,l:45,w:3},],
----------------------- 3 ---------------------------
canvasWidth:100,
canvasHeight:100,
data:[{x:14,y:0,l:98,w:86},],
----------------------- 4 ---------------------------
canvasWidth:100,
canvasHeight:100,
data:[{x:1,y:0,l:1,w:99},{x:7,y:1,l:50,w:93},{x:12,y:51,l:49,w:88},],
----------------------- 5 ---------------------------
canvasWidth:100,
canvasHeight:100,
data:[{x:10,y:0,l:38,w:90},{x:14,y:38,l:62,w:86},],
----------------------- 6 ---------------------------
canvasWidth:100,
canvasHeight:100,
data:[{x:12,y:0,l:61,w:88},{x:13,y:61,l:39,w:87},{x:1,y:0,l:82,w:11},],
----------------------- 7 ---------------------------
canvasWidth:100,
canvasHeight:100,
data:[{x:2,y:0,l:88,w:98},{x:5,y:88,l:11,w:95},],
----------------------- 8 ---------------------------
canvasWidth:100,
canvasHeight:100,
data:[{x:6,y:0,l:28,w:94},{x:0,y:0,l:23,w:6},{x:64,y:28,l:72,w:36},{x:22,y:28,l:50,w:42},{x:40,y:78,l:17,w:24},],
----------------------- 9 ---------------------------
canvasWidth:100,
canvasHeight:100,
data:[{x:3,y:0,l:8,w:97},{x:66,y:8,l:91,w:34},{x:0,y:8,l:82,w:66},],
----------------------- 10 ---------------------------
canvasWidth:100,
canvasHeight:100,
data:[{x:30,y:0,l:56,w:70},{x:31,y:56,l:32,w:69},{x:32,y:88,l:11,w:68},{x:3,y:0,l:67,w:27},],
----------------------- 11 ---------------------------
canvasWidth:100,
canvasHeight:100,
data:[{x:53,y:0,l:85,w:47},{x:15,y:0,l:36,w:38},{x:1,y:0,l:31,w:14},{x:14,y:40,l:45,w:39},{x:14,y:85,l:14,w:86},],
----------------------- 12 ---------------------------
canvasWidth:100,
canvasHeight:100,
data:[{x:1,y:0,l:4,w:99},{x:11,y:4,l:49,w:89},{x:14,y:53,l:47,w:86},],
----------------------- 13 ---------------------------
canvasWidth:100,
canvasHeight:100,
data:[{x:16,y:0,l:50,w:84},{x:24,y:50,l:49,w:76},],
----------------------- 14 ---------------------------
canvasWidth:100,
canvasHeight:100,
data:[{x:32,y:0,l:50,w:68},{x:32,y:50,l:41,w:68},],
----------------------- 15 ---------------------------
canvasWidth:100,
canvasHeight:100,
data:[{x:1,y:0,l:39,w:99},{x:3,y:39,l:22,w:97},{x:4,y:61,l:39,w:96},],
----------------------- 16 ---------------------------
canvasWidth:100,
canvasHeight:100,
data:[{x:1,y:0,l:41,w:99},{x:5,y:41,l:15,w:95},{x:9,y:56,l:44,w:91},],
----------------------- 17 ---------------------------
canvasWidth:100,
canvasHeight:100,
data:[{x:13,y:0,l:14,w:87},{x:21,y:14,l:45,w:79},{x:25,y:59,l:40,w:75},],
----------------------- 18 ---------------------------
canvasWidth:100,
canvasHeight:100,
data:[{x:9,y:0,l:41,w:91},{x:14,y:41,l:43,w:86},{x:21,y:84,l:16,w:79},{x:10,y:84,l:7,w:11},],
----------------------- 19 ---------------------------
canvasWidth:100,
canvasHeight:100,
data:[{x:9,y:0,l:35,w:91},{x:10,y:35,l:29,w:90},{x:11,y:64,l:35,w:89},],
----------------------- 20 ---------------------------
canvasWidth:100,
canvasHeight:100,
data:[{x:1,y:0,l:3,w:99},{x:3,y:3,l:27,w:97},{x:3,y:30,l:23,w:97},{x:5,y:53,l:28,w:95},{x:16,y:81,l:19,w:84},],
----------------------- 21 ---------------------------
canvasWidth:100,
canvasHeight:100,
data:[{x:15,y:0,l:24,w:85},{x:23,y:24,l:30,w:77},{x:25,y:54,l:30,w:75},{x:26,y:84,l:16,w:74},],
----------------------- 22 ---------------------------
canvasWidth:100,
canvasHeight:100,
data:[{x:18,y:0,l:24,w:82},{x:18,y:24,l:21,w:82},{x:24,y:45,l:28,w:76},{x:25,y:73,l:21,w:75},{x:33,y:94,l:6,w:67},],
----------------------- 23 ---------------------------
canvasWidth:100,
canvasHeight:100,
data:[{x:4,y:0,l:19,w:96},{x:12,y:19,l:17,w:88},{x:14,y:36,l:17,w:86},{x:14,y:53,l:17,w:86},{x:33,y:70,l:30,w:67},],
----------------------- 24 ---------------------------
canvasWidth:100,
canvasHeight:100,
data:[{x:31,y:0,l:30,w:69},{x:31,y:30,l:27,w:69},{x:31,y:57,l:20,w:69},{x:32,y:77,l:22,w:68},],
----------------------- 25 ---------------------------
canvasWidth:100,
canvasHeight:100,
data:[{x:21,y:0,l:21,w:79},{x:21,y:21,l:17,w:79},{x:24,y:38,l:12,w:76},{x:25,y:50,l:18,w:75},{x:63,y:68,l:31,w:37},],
----------------------- 26 ---------------------------
canvasWidth:100,
canvasHeight:100,
data:[{x:5,y:0,l:14,w:95},{x:7,y:14,l:8,w:93},{x:7,y:22,l:2,w:93},{x:10,y:24,l:8,w:90},{x:13,y:32,l:3,w:87},{x:15,y:35,l:14,w:85},{x:15,y:49,l:12,w:85},{x:20,y:61,l:9,w:80},{x:27,y:70,l:9,w:73},{x:31,y:79,l:11,w:69},],
----------------------- 27 ---------------------------
canvasWidth:100,
canvasHeight:100,
data:[{x:1,y:0,l:13,w:99},{x:54,y:13,l:47,w:46},{x:19,y:13,l:46,w:35},{x:24,y:60,l:9,w:76},],
