====================================== Class_08.2bp-14 =====================================
Reduced size: 40 usedBin: 0
[2, 5, 12]
[6, 7, 38]
[4, 10, 25, 32, 39]
[0, 19, 26, 34]
[14, 15, 16, 33, 37]
[1, 3, 20, 35]
[8, 9, 11]
[13, 17, 21, 22, 23]
[18, 24, 27, 28, 29, 30, 31, 36]
------------------------------------------------
Best fit used bin number: 9
Found best solution: 9 0.188

   Statrt add columnAndCut col: 9 cons: 0 cut: 0	0.266

	1 Start Add column using column generation  col: 9 cons: 0 cut: 0	0.266
			Start solve  LP :0.266
			End solve LP obj: 9.0 t: 0
	1 End Add column using column generation : 9.0 col: 9 cons: 0 cut: 0	0.266
   End add columnAndCut : 9.0 colGencnt: 1 price: 0 col: 9 cons: 0 cut: 0	0.266

Node lb: 9.0 ub: 9 : 0.266

Final Found Solution: 9 genNode: 1 extendedNode: 0:0.266
Bin size: 10000
1 : 3762,3500,2400, : 9662
2 : 3400,3384,142, : 6926
3 : 3608,2652,1035,546,80, : 7921
4 : 4599,1776,975,444, : 7794
5 : 2211,2107,1872,469,252, : 6911
6 : 3861,3705,1656,392, : 9614
7 : 2880,2822,2580, : 8282
8 : 2322,1863,1638,1349,1183, : 8355
9 : 1782,1104,930,888,880,648,558,355, : 7145
----------------------- 1 ---------------------------
canvasWidth:100,
canvasHeight:100,
data:[{x:0,y:0,l:35,w:100},{x:0,y:35,l:24,w:100},{x:1,y:59,l:38,w:99},],
----------------------- 2 ---------------------------
canvasWidth:100,
canvasHeight:100,
data:[{x:28,y:0,l:47,w:72},{x:32,y:47,l:50,w:68},{x:26,y:0,l:71,w:2},],
----------------------- 3 ---------------------------
canvasWidth:100,
canvasHeight:100,
data:[{x:18,y:0,l:44,w:82},{x:5,y:0,l:42,w:13},{x:20,y:44,l:1,w:80},{x:31,y:45,l:15,w:69},{x:32,y:60,l:39,w:68},],
----------------------- 4 ---------------------------
canvasWidth:100,
canvasHeight:100,
data:[{x:52,y:0,l:37,w:48},{x:13,y:0,l:25,w:39},{x:15,y:25,l:12,w:37},{x:27,y:37,l:63,w:73},],
----------------------- 5 ---------------------------
canvasWidth:100,
canvasHeight:100,
data:[{x:28,y:0,l:26,w:72},{x:67,y:26,l:67,w:33},{x:24,y:26,l:49,w:43},{x:25,y:75,l:6,w:42},{x:33,y:93,l:7,w:67},],
----------------------- 6 ---------------------------
canvasWidth:100,
canvasHeight:100,
data:[{x:1,y:0,l:39,w:99},{x:2,y:39,l:4,w:98},{x:5,y:43,l:39,w:95},{x:8,y:82,l:18,w:92},],
----------------------- 7 ---------------------------
canvasWidth:100,
canvasHeight:100,
data:[{x:14,y:0,l:30,w:86},{x:17,y:30,l:34,w:83},{x:20,y:64,l:36,w:80},],
----------------------- 8 ---------------------------
canvasWidth:100,
canvasHeight:100,
data:[{x:14,y:0,l:27,w:86},{x:9,y:27,l:18,w:91},{x:9,y:45,l:13,w:91},{x:29,y:58,l:19,w:71},{x:19,y:77,l:23,w:81},],
----------------------- 9 ---------------------------
canvasWidth:100,
canvasHeight:100,
data:[{x:1,y:0,l:18,w:99},{x:7,y:18,l:10,w:93},{x:7,y:28,l:6,w:93},{x:12,y:34,l:10,w:88},{x:26,y:44,l:12,w:74},{x:28,y:56,l:9,w:72},{x:29,y:65,l:5,w:71},{x:31,y:70,l:16,w:69},],
