====================================== Class_10.2bp-24 =====================================
Reduced size: 60 usedBin: 0
[6, 8, 16, 18, 27, 30, 41, 59]
[5, 7, 9, 32, 33, 44, 51, 52, 56]
[0, 17]
[2, 13, 21, 23, 48, 55]
[1, 24, 29, 45]
[3, 20, 22, 26, 38, 39, 40, 46, 53, 57]
[4, 10, 15, 28, 31, 36, 42, 47, 54]
[11, 12, 14, 19, 25, 34, 35, 37, 43, 49, 50, 58]
------------------------------------------------
Best fit used bin number: 8
Found best solution: 8 0.141

   Statrt add columnAndCut col: 8 cons: 0 cut: 0	0.203

	1 Start Add column using column generation  col: 8 cons: 0 cut: 0	0.203
			Start solve  LP :0.203
			End solve LP obj: 8.0 t: 0
	1 End Add column using column generation : 8.0 col: 8 cons: 0 cut: 0	0.203
   End add columnAndCut : 8.0 colGencnt: 1 price: 0 col: 8 cons: 0 cut: 0	0.203

Node lb: 8.0 ub: 8 : 0.203

Final Found Solution: 8 genNode: 1 extendedNode: 0:0.203
Bin size: 10000
1 : 2775,2376,1222,1128,800,575,294,7, : 9177
2 : 3104,2430,2296,470,468,237,93,81,40, : 9219
3 : 7654,1188, : 8842
4 : 5780,1365,1014,962,135,75, : 9331
5 : 7084,936,658,184, : 8862
6 : 4539,1092,990,840,396,396,368,154,80,40, : 8895
7 : 4048,1892,1276,720,484,400,273,141,78, : 9312
8 : 1800,1598,1305,1100,928,408,403,399,260,120,116,32, : 8469
----------------------- 1 ---------------------------
canvasWidth:100,
canvasHeight:100,
data:[{x:92,y:0,l:100,w:8},{x:68,y:0,l:99,w:24},{x:85,y:99,l:1,w:7},{x:31,y:0,l:75,w:37},{x:45,y:75,l:25,w:23},{x:31,y:75,l:21,w:14},{x:5,y:0,l:47,w:26},{x:7,y:47,l:47,w:24},],
----------------------- 2 ---------------------------
canvasWidth:100,
canvasHeight:100,
data:[{x:3,y:0,l:32,w:97},{x:88,y:32,l:39,w:12},{x:7,y:32,l:30,w:81},{x:41,y:62,l:10,w:47},{x:10,y:62,l:3,w:31},{x:3,y:32,l:10,w:4},{x:4,y:42,l:27,w:3},{x:18,y:72,l:28,w:82},{x:0,y:0,l:79,w:3},],
----------------------- 3 ---------------------------
canvasWidth:100,
canvasHeight:100,
data:[{x:88,y:0,l:99,w:12},{x:2,y:0,l:89,w:86},],
----------------------- 4 ---------------------------
canvasWidth:100,
canvasHeight:100,
data:[{x:32,y:0,l:85,w:68},{x:6,y:0,l:37,w:26},{x:1,y:0,l:27,w:5},{x:6,y:37,l:39,w:26},{x:7,y:76,l:3,w:25},{x:9,y:85,l:15,w:91},],
----------------------- 5 ---------------------------
canvasWidth:100,
canvasHeight:100,
data:[{x:93,y:0,l:94,w:7},{x:16,y:0,l:92,w:77},{x:4,y:0,l:78,w:12},{x:0,y:0,l:46,w:4},],
----------------------- 6 ---------------------------
canvasWidth:100,
canvasHeight:100,
data:[{x:11,y:0,l:51,w:89},{x:16,y:51,l:13,w:84},{x:34,y:64,l:15,w:66},{x:20,y:64,l:11,w:14},{x:78,y:79,l:18,w:22},{x:56,y:79,l:18,w:22},{x:33,y:79,l:16,w:23},{x:48,y:95,l:5,w:8},{x:1,y:0,l:84,w:10},{x:6,y:84,l:16,w:5},],
----------------------- 7 ---------------------------
canvasWidth:100,
canvasHeight:100,
data:[{x:56,y:0,l:92,w:44},{x:13,y:0,l:44,w:43},{x:2,y:0,l:44,w:11},{x:0,y:0,l:39,w:2},{x:8,y:44,l:15,w:48},{x:9,y:59,l:3,w:47},{x:12,y:63,l:29,w:44},{x:50,y:92,l:8,w:50},{x:11,y:92,l:7,w:39},],
----------------------- 8 ---------------------------
canvasWidth:100,
canvasHeight:100,
data:[{x:55,y:0,l:29,w:45},{x:11,y:0,l:25,w:44},{x:26,y:25,l:4,w:29},{x:1,y:0,l:26,w:10},{x:66,y:29,l:47,w:34},{x:81,y:76,l:21,w:19},{x:21,y:29,l:40,w:45},{x:17,y:29,l:30,w:4},{x:17,y:59,l:8,w:4},{x:0,y:29,l:24,w:17},{x:34,y:69,l:29,w:32},{x:3,y:69,l:13,w:31},],
