====================================== Class_01.2bp-3 =====================================
Reduced size: 20 usedBin: 0
[2, 5, 15]
[1, 8, 9, 18, 19]
[3, 6, 13, 14]
[0, 10, 16]
[4, 7]
[11, 12, 17]
------------------------------------------------
Best fit used bin number: 6
Found best solution: 6 0.141

   Statrt add columnAndCut col: 6 cons: 0 cut: 0	0.203

	1 Start Add column using column generation  col: 6 cons: 0 cut: 0	0.203
			Start solve  LP :0.203
			End solve LP obj: 6.0 t: 0
	1 End Add column using column generation : 6.0 col: 6 cons: 0 cut: 0	0.203
   End add columnAndCut : 6.0 colGencnt: 1 price: 0 col: 6 cons: 0 cut: 0	0.203

Node lb: 6.0 ub: 6 : 0.203

Final Found Solution: 6 genNode: 1 extendedNode: 0:0.203
Bin size: 100
1 : 45,36,10, : 91
2 : 49,24,21,3,3, : 100
3 : 42,28,12,12, : 94
4 : 54,18,9, : 81
5 : 42,24, : 66
6 : 16,14,8, : 38
----------------------- 1 ---------------------------
canvasWidth:10,
canvasHeight:10,
data:[{x:0,y:0,l:1,w:10},{x:5,y:1,l:9,w:5},{x:1,y:1,l:9,w:4},],
----------------------- 2 ---------------------------
canvasWidth:10,
canvasHeight:10,
data:[{x:3,y:0,l:7,w:7},{x:3,y:7,l:3,w:7},{x:0,y:0,l:8,w:3},{x:0,y:8,l:1,w:3},{x:0,y:9,l:1,w:3},],
----------------------- 3 ---------------------------
canvasWidth:10,
canvasHeight:10,
data:[{x:3,y:0,l:4,w:7},{x:0,y:0,l:4,w:3},{x:3,y:4,l:6,w:7},{x:1,y:4,l:6,w:2},],
----------------------- 4 ---------------------------
canvasWidth:10,
canvasHeight:10,
data:[{x:1,y:0,l:6,w:9},{x:1,y:6,l:1,w:9},{x:4,y:7,l:3,w:6},],
----------------------- 5 ---------------------------
canvasWidth:10,
canvasHeight:10,
data:[{x:2,y:0,l:3,w:8},{x:4,y:3,l:7,w:6},],
----------------------- 6 ---------------------------
canvasWidth:10,
canvasHeight:10,
data:[{x:8,y:0,l:8,w:2},{x:7,y:0,l:8,w:1},{x:0,y:0,l:2,w:7},],
