====================================== Class_04.2bp-38 =====================================
Reduced size: 80 usedBin: 0
[1, 2, 6, 7, 10, 14, 16, 17, 24, 27, 35, 38, 45, 47, 49, 53, 55, 60, 65, 69, 70]
[0, 3, 4, 5, 8, 12, 15, 19, 23, 33, 34, 36, 43, 44, 57, 58, 59, 63, 66, 67, 72, 73, 75, 79]
[9, 11, 13, 18, 20, 21, 25, 26, 28, 29, 30, 31, 32, 37, 40, 41, 46, 51, 54, 61, 62, 64, 68, 71, 74, 77, 78]
[22, 39, 42, 48, 50, 52, 56, 76]
------------------------------------------------
Best fit used bin number: 4
Found best solution: 4 0.14

   Statrt add columnAndCut col: 4 cons: 0 cut: 0	0.203

	1 Start Add column using column generation  col: 4 cons: 0 cut: 0	0.203
			Start solve  LP :0.203
			End solve LP obj: 4.0 t: 0
com.wlj.solver.BBSolver:
--------------------------------------- Price Problem Start --------------------------------------------------------
dualPrice.size = 80 , dualPrice = [1.0, 1.0, -0.0, -0.0, -0.0, -0.0, -0.0, -0.0, -0.0, 1.0, -0.0, -0.0, -0.0, -0.0, -0.0, -0.0, -0.0, -0.0, -0.0, -0.0, -0.0, -0.0, 1.0, -0.0, -0.0, -0.0, -0.0, -0.0, -0.0, -0.0, -0.0, -0.0, -0.0, -0.0, -0.0, -0.0, -0.0, -0.0, -0.0, -0.0, -0.0, -0.0, -0.0, -0.0, -0.0, -0.0, -0.0, -0.0, -0.0, -0.0, -0.0, -0.0, -0.0, -0.0, -0.0, -0.0, -0.0, -0.0, -0.0, -0.0, -0.0, -0.0, -0.0, -0.0, -0.0, -0.0, -0.0, -0.0, -0.0, -0.0, -0.0, -0.0, -0.0, -0.0, -0.0, -0.0, -0.0, -0.0, -0.0, -0.0]
			Active cut size: 0
W = 88 
H = 100
normalXList.size = 13
normalYList.size = 12
xList.size = 12
yList.size = 10
squareList.size = 4
myConsList.size = 0
当前上界 = 4.0
最优解：4.0
solutionList.size() = 1
pattern.getKey() = 0@1@9@22@
用时：0.016 s
--------------------------------------- Price Problem End --------------------------------------------------------
		1 Add column : 1 col:4 	0.219
			Start solve  LP :0.219
			End solve LP obj: 4.0 t: 0
com.wlj.solver.BBSolver:
--------------------------------------- Price Problem Start --------------------------------------------------------
dualPrice.size = 80 , dualPrice = [-0.0, -0.0, 1.0, -0.0, -0.0, -0.0, -0.0, -0.0, -0.0, 0.0, -0.0, -0.0, -0.0, -0.0, -0.0, -0.0, -0.0, -0.0, -0.0, -0.0, -0.0, -0.0, 1.0, -0.0, -0.0, -0.0, -0.0, -0.0, -0.0, -0.0, -0.0, -0.0, -0.0, -0.0, -0.0, -0.0, -0.0, -0.0, -0.0, -0.0, -0.0, -0.0, -0.0, -0.0, -0.0, -0.0, -0.0, -0.0, -0.0, -0.0, -0.0, -0.0, -0.0, -0.0, -0.0, -0.0, -0.0, -0.0, -0.0, -0.0, -0.0, -0.0, -0.0, -0.0, -0.0, -0.0, -0.0, -0.0, -0.0, -0.0, -0.0, -0.0, -0.0, -0.0, -0.0, -0.0, -0.0, -0.0, 1.0, 1.0]
			Active cut size: 0
W = 55 
H = 72
normalXList.size = 16
normalYList.size = 16
xList.size = 16
yList.size = 16
squareList.size = 4
myConsList.size = 0
当前上界 = 4.0
最优解：4.0
solutionList.size() = 1
pattern.getKey() = 2@22@78@79@
用时：0.015 s
--------------------------------------- Price Problem End --------------------------------------------------------
		2 Add column : 1 col:5 	0.234
			Start solve  LP :0.234
			End solve LP obj: 4.0 t: 0
com.wlj.solver.BBSolver:
--------------------------------------- Price Problem Start --------------------------------------------------------
dualPrice.size = 80 , dualPrice = [-0.0, -0.0, 1.0, 1.0, -0.0, -0.0, -0.0, -0.0, -0.0, 1.0, -0.0, -0.0, -0.0, -0.0, -0.0, -0.0, -0.0, -0.0, -0.0, -0.0, -0.0, -0.0, -0.0, -0.0, -0.0, -0.0, -0.0, -0.0, -0.0, -0.0, -0.0, -0.0, -0.0, -0.0, -0.0, -0.0, -0.0, -0.0, -0.0, 1.0, -0.0, -0.0, -0.0, -0.0, -0.0, -0.0, -0.0, -0.0, -0.0, -0.0, -0.0, -0.0, -0.0, -0.0, -0.0, -0.0, -0.0, -0.0, -0.0, -0.0, -0.0, -0.0, -0.0, -0.0, -0.0, -0.0, -0.0, -0.0, -0.0, -0.0, -0.0, -0.0, -0.0, -0.0, -0.0, -0.0, -0.0, -0.0, 0.0, 0.0]
			Active cut size: 0
W = 90 
H = 95
normalXList.size = 11
normalYList.size = 11
xList.size = 8
yList.size = 9
squareList.size = 4
myConsList.size = 0
当前上界 = 4.0
最优解：4.0
solutionList.size() = 1
pattern.getKey() = 2@3@9@39@
用时：0.0 s
--------------------------------------- Price Problem End --------------------------------------------------------
		3 Add column : 1 col:6 	0.25
			Start solve  LP :0.25
			End solve LP obj: 4.0 t: 0
com.wlj.solver.BBSolver:
--------------------------------------- Price Problem Start --------------------------------------------------------
dualPrice.size = 80 , dualPrice = [0.0, 1.0, -0.0, 1.0, -0.0, -0.0, -0.0, -0.0, -0.0, -0.0, -0.0, -0.0, -0.0, -0.0, -0.0, -0.0, -0.0, -0.0, -0.0, -0.0, -0.0, -0.0, -0.0, -0.0, -0.0, -0.0, -0.0, -0.0, -0.0, -0.0, -0.0, -0.0, -0.0, -0.0, -0.0, -0.0, -0.0, -0.0, -0.0, 0.0, -0.0, -0.0, -0.0, -0.0, -0.0, -0.0, -0.0, -0.0, -0.0, -0.0, -0.0, -0.0, -0.0, -0.0, -0.0, -0.0, -0.0, -0.0, -0.0, -0.0, -0.0, -0.0, -0.0, -0.0, -0.0, -0.0, -0.0, -0.0, -0.0, -0.0, -0.0, -0.0, -0.0, -0.0, -0.0, -0.0, 1.0, -0.0, 1.0, 0.0]
			Active cut size: 0
W = 63 
H = 87
normalXList.size = 14
normalYList.size = 16
xList.size = 14
yList.size = 16
squareList.size = 4
myConsList.size = 0
当前上界 = 4.0
最优解：4.0
solutionList.size() = 1
pattern.getKey() = 1@3@76@78@
用时：0.015 s
--------------------------------------- Price Problem End --------------------------------------------------------
		4 Add column : 1 col:7 	0.265
			Start solve  LP :0.265
			End solve LP obj: 4.0 t: 0
com.wlj.solver.BBSolver:
--------------------------------------- Price Problem Start --------------------------------------------------------
dualPrice.size = 80 , dualPrice = [1.0, 0.0, -0.0, 0.0, -0.0, -0.0, 1.0, -0.0, -0.0, -0.0, -0.0, -0.0, -0.0, -0.0, -0.0, -0.0, -0.0, -0.0, -0.0, -0.0, -0.0, -0.0, -0.0, -0.0, -0.0, -0.0, -0.0, -0.0, -0.0, -0.0, -0.0, -0.0, -0.0, -0.0, -0.0, -0.0, -0.0, -0.0, -0.0, 1.0, -0.0, -0.0, -0.0, -0.0, -0.0, -0.0, -0.0, -0.0, -0.0, -0.0, -0.0, -0.0, -0.0, -0.0, -0.0, -0.0, -0.0, -0.0, -0.0, -0.0, -0.0, -0.0, -0.0, -0.0, -0.0, -0.0, -0.0, -0.0, -0.0, -0.0, -0.0, -0.0, -0.0, -0.0, -0.0, -0.0, 0.0, -0.0, 1.0, 0.0]
			Active cut size: 0
W = 91 
H = 82
normalXList.size = 12
normalYList.size = 16
xList.size = 12
yList.size = 16
squareList.size = 4
myConsList.size = 0
当前上界 = 4.0
最优解：4.0
solutionList.size() = 1
pattern.getKey() = 0@6@39@78@
用时：0.016 s
--------------------------------------- Price Problem End --------------------------------------------------------
		5 Add column : 1 col:8 	0.281
			Start solve  LP :0.281
			End solve LP obj: 4.0 t: 0
com.wlj.solver.BBSolver:
--------------------------------------- Price Problem Start --------------------------------------------------------
dualPrice.size = 80 , dualPrice = [0.0, 0.0, -0.0, 0.0, -0.0, -0.0, 1.0, -0.0, -0.0, 1.0, -0.0, -0.0, -0.0, -0.0, -0.0, -0.0, -0.0, -0.0, -0.0, -0.0, -0.0, -0.0, -0.0, -0.0, -0.0, -0.0, -0.0, -0.0, -0.0, -0.0, -0.0, -0.0, -0.0, -0.0, -0.0, -0.0, -0.0, -0.0, -0.0, 0.0, -0.0, -0.0, -0.0, -0.0, -0.0, -0.0, -0.0, -0.0, -0.0, -0.0, -0.0, -0.0, -0.0, -0.0, -0.0, -0.0, -0.0, -0.0, -0.0, -0.0, -0.0, -0.0, -0.0, -0.0, -0.0, -0.0, -0.0, -0.0, -0.0, -0.0, -0.0, -0.0, -0.0, -0.0, -0.0, -0.0, 1.0, -0.0, 0.0, 1.0]
			Active cut size: 0
W = 57 
H = 80
normalXList.size = 14
normalYList.size = 16
xList.size = 14
yList.size = 16
squareList.size = 4
myConsList.size = 0
当前上界 = 4.0
最优解：4.0
solutionList.size() = 1
pattern.getKey() = 6@9@76@79@
用时：0.0 s
--------------------------------------- Price Problem End --------------------------------------------------------
		6 Add column : 1 col:9 	0.281
			Start solve  LP :0.281
			End solve LP obj: 4.0 t: 0
com.wlj.solver.BBSolver:
--------------------------------------- Price Problem Start --------------------------------------------------------
dualPrice.size = 80 , dualPrice = [0.0, 1.0, -0.0, 0.0, -0.0, -0.0, 0.0, -0.0, -0.0, 0.0, -0.0, 1.0, -0.0, -0.0, -0.0, -0.0, -0.0, -0.0, -0.0, -0.0, -0.0, -0.0, -0.0, -0.0, -0.0, -0.0, -0.0, -0.0, -0.0, -0.0, -0.0, -0.0, -0.0, -0.0, -0.0, -0.0, -0.0, -0.0, -0.0, 1.0, -0.0, -0.0, -0.0, -0.0, -0.0, -0.0, -0.0, -0.0, -0.0, -0.0, -0.0, -0.0, -0.0, -0.0, -0.0, -0.0, -0.0, -0.0, -0.0, -0.0, -0.0, -0.0, -0.0, -0.0, -0.0, -0.0, -0.0, -0.0, -0.0, -0.0, -0.0, -0.0, -0.0, -0.0, -0.0, -0.0, 0.0, -0.0, 0.0, 1.0]
			Active cut size: 0
W = 95 
H = 70
normalXList.size = 14
normalYList.size = 15
xList.size = 14
yList.size = 15
squareList.size = 4
myConsList.size = 0
当前上界 = 4.0
最优解：4.0
solutionList.size() = 1
pattern.getKey() = 1@11@39@79@
用时：0.016 s
--------------------------------------- Price Problem End --------------------------------------------------------
		7 Add column : 1 col:10 	0.297
			Start solve  LP :0.297
			End solve LP obj: 4.0 t: 0
com.wlj.solver.BBSolver:
--------------------------------------- Price Problem Start --------------------------------------------------------
dualPrice.size = 80 , dualPrice = [1.0, 0.0, 1.0, 0.0, -0.0, -0.0, 0.0, -0.0, -0.0, 0.0, -0.0, 1.0, -0.0, -0.0, -0.0, -0.0, -0.0, -0.0, -0.0, -0.0, -0.0, -0.0, -0.0, -0.0, -0.0, -0.0, -0.0, -0.0, -0.0, -0.0, -0.0, -0.0, -0.0, -0.0, -0.0, -0.0, -0.0, -0.0, -0.0, 0.0, -0.0, -0.0, -0.0, -0.0, -0.0, -0.0, -0.0, -0.0, -0.0, -0.0, -0.0, -0.0, -0.0, -0.0, -0.0, -0.0, -0.0, -0.0, -0.0, -0.0, -0.0, -0.0, -0.0, -0.0, -0.0, -0.0, -0.0, -0.0, -0.0, -0.0, -0.0, -0.0, -0.0, -0.0, -0.0, -0.0, 1.0, -0.0, -0.0, 0.0]
			Active cut size: 0
W = 99 
H = 88
normalXList.size = 10
normalYList.size = 14
xList.size = 10
yList.size = 12
squareList.size = 4
myConsList.size = 0
当前上界 = 4.0
最优解：4.0
solutionList.size() = 1
pattern.getKey() = 0@2@11@76@
用时：0.015 s
--------------------------------------- Price Problem End --------------------------------------------------------
		8 Add column : 1 col:11 	0.312
			Start solve  LP :0.312
			End solve LP obj: 4.0 t: 0
com.wlj.solver.BBSolver:
--------------------------------------- Price Problem Start --------------------------------------------------------
dualPrice.size = 80 , dualPrice = [0.0, 0.0, 0.0, 1.0, -0.0, -0.0, 1.0, -0.0, -0.0, 0.0, -0.0, 1.0, -0.0, -0.0, -0.0, -0.0, -0.0, -0.0, -0.0, -0.0, -0.0, -0.0, 1.0, -0.0, -0.0, -0.0, -0.0, -0.0, -0.0, -0.0, -0.0, -0.0, -0.0, -0.0, -0.0, -0.0, -0.0, -0.0, -0.0, 0.0, -0.0, -0.0, -0.0, -0.0, -0.0, -0.0, -0.0, -0.0, -0.0, -0.0, -0.0, -0.0, -0.0, -0.0, -0.0, -0.0, -0.0, -0.0, -0.0, -0.0, -0.0, -0.0, -0.0, -0.0, -0.0, -0.0, -0.0, -0.0, -0.0, -0.0, -0.0, -0.0, -0.0, -0.0, -0.0, -0.0, 0.0, -0.0, -0.0, 0.0]
			Active cut size: 0
W = 89 
H = 97
normalXList.size = 13
normalYList.size = 9
xList.size = 12
yList.size = 6
squareList.size = 4
myConsList.size = 0
当前上界 = 4.0
最优解：4.0
solutionList.size() = 1
pattern.getKey() = 3@6@11@22@
用时：0.0 s
--------------------------------------- Price Problem End --------------------------------------------------------
		9 Add column : 1 col:12 	0.312
			Start solve  LP :0.312
			End solve LP obj: 4.0 t: 0
com.wlj.solver.BBSolver:
--------------------------------------- Price Problem Start --------------------------------------------------------
dualPrice.size = 80 , dualPrice = [0.33333333333333337, 0.33333333333333337, 0.33333333333333326, 0.33333333333333326, -0.0, -0.0, 0.33333333333333337, -0.0, -0.0, 1.1102230246251565E-16, -0.0, 1.6653345369377348E-16, -0.0, 0.9999999999999998, -0.0, -0.0, -0.0, -0.0, -0.0, -0.0, -0.0, -0.0, 0.33333333333333337, -0.0, -0.0, -0.0, -0.0, -0.0, -0.0, -0.0, -0.0, -0.0, -0.0, -0.0, -0.0, -0.0, -0.0, -0.0, -0.0, 0.3333333333333333, -0.0, -0.0, -0.0, -0.0, -0.0, -0.0, -0.0, -0.0, -0.0, -0.0, -0.0, -0.0, -0.0, -0.0, -0.0, -0.0, -0.0, -0.0, -0.0, -0.0, -0.0, -0.0, -0.0, -0.0, -0.0, -0.0, -0.0, -0.0, -0.0, -0.0, -0.0, -0.0, -0.0, -0.0, -0.0, -0.0, 0.33333333333333337, -0.0, -0.0, 0.3333333333333332]
			Active cut size: 0
W = 100 
H = 100
normalXList.size = 75
normalYList.size = 72
xList.size = 49
yList.size = 47
squareList.size = 10
myConsList.size = 0
当前上界 = 4.0
最优解：4.0
solutionList.size() = 1
pattern.getKey() = 0@1@2@3@6@13@22@39@76@79@
用时：13.547 s
--------------------------------------- Price Problem End --------------------------------------------------------
		10 Add column : 1 col:13 	13.859
			Start solve  LP :13.859
			End solve LP obj: 4.0 t: 0
com.wlj.solver.BBSolver:
--------------------------------------- Price Problem Start --------------------------------------------------------
dualPrice.size = 80 , dualPrice = [-0.0, 0.0, 0.5, -0.0, 1.0, -0.0, 0.5, -0.0, -0.0, 0.5, -0.0, 0.5, -0.0, -0.0, -0.0, -0.0, -0.0, -0.0, -0.0, -0.0, -0.0, -0.0, 0.0, -0.0, -0.0, -0.0, -0.0, -0.0, -0.0, -0.0, -0.0, -0.0, -0.0, -0.0, -0.0, -0.0, -0.0, -0.0, -0.0, -0.0, -0.0, -0.0, 1.0, -0.0, -0.0, -0.0, -0.0, -0.0, -0.0, -0.0, -0.0, -0.0, -0.0, -0.0, -0.0, -0.0, -0.0, -0.0, -0.0, -0.0, -0.0, -0.0, -0.0, -0.0, -0.0, -0.0, -0.0, -0.0, -0.0, -0.0, -0.0, -0.0, -0.0, -0.0, -0.0, -0.0, 0.0, -0.0, -0.0, -0.0]
			Active cut size: 0
W = 98 
H = 96
normalXList.size = 32
normalYList.size = 13
xList.size = 16
yList.size = 5
squareList.size = 6
myConsList.size = 0
当前上界 = 4.0
最优解：4.0
solutionList.size() = 1
pattern.getKey() = 2@4@6@9@11@42@
用时：0.016 s
--------------------------------------- Price Problem End --------------------------------------------------------
		11 Add column : 1 col:14 	13.875
			Start solve  LP :13.875
			End solve LP obj: 4.0 t: 0
com.wlj.solver.BBSolver:
--------------------------------------- Price Problem Start --------------------------------------------------------
dualPrice.size = 80 , dualPrice = [-0.0, -0.0, -0.0, -0.0, -1.1102230246251565E-16, 1.0, -0.0, 1.0, -0.0, 0.33333333333333337, -0.0, 0.33333333333333337, -0.0, 0.33333333333333337, -0.0, -0.0, -0.0, -0.0, -0.0, -0.0, -0.0, -0.0, -0.0, -0.0, -0.0, -0.0, -0.0, -0.0, -0.0, -0.0, -0.0, -0.0, -0.0, -0.0, -0.0, -0.0, -0.0, -0.0, -0.0, -0.0, -0.0, -0.0, 0.33333333333333337, -0.0, -0.0, -0.0, -0.0, -0.0, -0.0, -0.0, -0.0, -0.0, -0.0, -0.0, -0.0, -0.0, -0.0, -0.0, -0.0, -0.0, -0.0, -0.0, -0.0, -0.0, -0.0, -0.0, -0.0, -0.0, -0.0, -0.0, -0.0, -0.0, -0.0, -0.0, -0.0, -0.0, 0.6666666666666666, -0.0, -0.0, -0.0]
			Active cut size: 0
W = 100 
H = 100
normalXList.size = 59
normalYList.size = 45
xList.size = 40
yList.size = 30
squareList.size = 7
myConsList.size = 0
当前上界 = 4.0
最优解：4.0
solutionList.size() = 1
pattern.getKey() = 5@7@9@11@13@42@76@
用时：0.703 s
--------------------------------------- Price Problem End --------------------------------------------------------
		12 Add column : 1 col:15 	14.578
			Start solve  LP :14.578
			End solve LP obj: 4.0 t: 0
com.wlj.solver.BBSolver:
--------------------------------------- Price Problem Start --------------------------------------------------------
dualPrice.size = 80 , dualPrice = [-0.0, -0.0, -0.0, -0.0, 1.0, -0.0, -0.0, 1.0, -0.0, -0.0, -0.0, -0.0, -0.0, -0.0, -0.0, -0.0, -0.0, -0.0, 1.0, -0.0, -0.0, -0.0, 1.0, -0.0, -0.0, -0.0, -0.0, -0.0, -0.0, -0.0, -0.0, -0.0, -0.0, -0.0, -0.0, -0.0, -0.0, -0.0, -0.0, -0.0, -0.0, -0.0, -0.0, -0.0, -0.0, -0.0, -0.0, -0.0, -0.0, -0.0, -0.0, -0.0, -0.0, -0.0, -0.0, -0.0, -0.0, -0.0, -0.0, -0.0, -0.0, -0.0, -0.0, -0.0, -0.0, -0.0, -0.0, -0.0, -0.0, -0.0, -0.0, -0.0, -0.0, -0.0, -0.0, -0.0, 0.0, -0.0, -0.0, -0.0]
			Active cut size: 0
W = 93 
H = 94
normalXList.size = 12
normalYList.size = 9
xList.size = 12
yList.size = 8
squareList.size = 4
myConsList.size = 0
当前上界 = 4.0
最优解：4.0
solutionList.size() = 1
pattern.getKey() = 4@7@18@22@
用时：0.0 s
--------------------------------------- Price Problem End --------------------------------------------------------
		13 Add column : 1 col:16 	14.578
			Start solve  LP :14.578
			End solve LP obj: 4.0 t: 0
com.wlj.solver.BBSolver:
--------------------------------------- Price Problem Start --------------------------------------------------------
dualPrice.size = 80 , dualPrice = [0.0, 1.0, -0.0, -0.0, 0.0, 1.0, -0.0, 0.0, -0.0, -0.0, -0.0, -0.0, -0.0, -0.0, -0.0, -0.0, -0.0, -0.0, 1.0, -0.0, -0.0, -0.0, -0.0, -0.0, -0.0, -0.0, -0.0, -0.0, -0.0, -0.0, -0.0, -0.0, -0.0, -0.0, -0.0, -0.0, -0.0, -0.0, -0.0, -0.0, -0.0, -0.0, -0.0, -0.0, -0.0, -0.0, -0.0, -0.0, 1.0, -0.0, -0.0, -0.0, -0.0, -0.0, -0.0, -0.0, -0.0, -0.0, -0.0, -0.0, -0.0, -0.0, -0.0, -0.0, -0.0, -0.0, -0.0, -0.0, -0.0, -0.0, -0.0, -0.0, -0.0, -0.0, -0.0, -0.0, -0.0, -0.0, -0.0, -0.0]
			Active cut size: 0
W = 97 
H = 98
normalXList.size = 16
normalYList.size = 15
xList.size = 16
yList.size = 11
squareList.size = 4
myConsList.size = 0
当前上界 = 4.0
最优解：4.0
solutionList.size() = 1
pattern.getKey() = 1@5@18@48@
用时：0.016 s
--------------------------------------- Price Problem End --------------------------------------------------------
		14 Add column : 1 col:17 	14.594
			Start solve  LP :14.594
			End solve LP obj: 4.0 t: 0
com.wlj.solver.BBSolver:
--------------------------------------- Price Problem Start --------------------------------------------------------
dualPrice.size = 80 , dualPrice = [0.5, -0.0, -0.0, -0.0, 0.5, -0.0, -0.0, 0.0, -0.0, 0.5, 1.0, -0.0, -0.0, 0.5, -0.0, -0.0, -0.0, -0.0, 0.0, -0.0, -0.0, -0.0, -0.0, -0.0, -0.0, -0.0, -0.0, -0.0, -0.0, -0.0, -0.0, -0.0, -0.0, -0.0, -0.0, -0.0, -0.0, -0.0, -0.0, -0.0, -0.0, -0.0, -0.0, -0.0, -0.0, -0.0, -0.0, -0.0, 1.0, -0.0, -0.0, -0.0, -0.0, -0.0, -0.0, -0.0, -0.0, -0.0, -0.0, -0.0, -0.0, -0.0, -0.0, -0.0, -0.0, -0.0, -0.0, -0.0, -0.0, -0.0, -0.0, -0.0, -0.0, -0.0, -0.0, -0.0, -0.0, -0.0, -0.0, -0.0]
			Active cut size: 0
W = 99 
H = 100
normalXList.size = 31
normalYList.size = 31
xList.size = 17
yList.size = 14
squareList.size = 6
myConsList.size = 0
当前上界 = 4.0
最优解：4.0
solutionList.size() = 1
pattern.getKey() = 0@4@9@10@13@48@
用时：0.015 s
--------------------------------------- Price Problem End --------------------------------------------------------
		15 Add column : 1 col:18 	14.609
			Start solve  LP :14.609
			End solve LP obj: 4.0 t: 0
com.wlj.solver.BBSolver:
--------------------------------------- Price Problem Start --------------------------------------------------------
dualPrice.size = 80 , dualPrice = [-0.0, 0.4375000000000001, -0.0, -0.0, -0.0, -0.0, -0.0, 0.375, 1.0, 0.3125, 0.1874999999999999, -0.0, -0.0, 0.31250000000000006, -0.0, -0.0, -0.0, -0.0, 0.375, -0.0, -0.0, -0.0, 0.2499999999999999, -0.0, -0.0, -0.0, -0.0, -0.0, -0.0, -0.0, -0.0, -0.0, -0.0, -0.0, -0.0, -0.0, -0.0, -0.0, -0.0, -0.0, -0.0, -0.0, -0.0, -0.0, -0.0, -0.0, -0.0, -0.0, 0.1874999999999999, -0.0, 0.5625000000000002, -0.0, -0.0, -0.0, -0.0, -0.0, -0.0, -0.0, -0.0, -0.0, -0.0, -0.0, -0.0, -0.0, -0.0, -0.0, -0.0, -0.0, -0.0, -0.0, -0.0, -0.0, -0.0, -0.0, -0.0, -0.0, -0.0, -0.0, -0.0, -0.0]
			Active cut size: 0
W = 100 
H = 100
normalXList.size = 64
normalYList.size = 53
xList.size = 55
yList.size = 34
squareList.size = 10
myConsList.size = 0
当前上界 = 4.0
最优解：4.0
solutionList.size() = 1
pattern.getKey() = 1@7@8@9@10@13@18@22@48@50@
用时：7.156 s
--------------------------------------- Price Problem End --------------------------------------------------------
		16 Add column : 1 col:19 	21.765
			Start solve  LP :21.765
			End solve LP obj: 4.0 t: 0
com.wlj.solver.BBSolver:
--------------------------------------- Price Problem Start --------------------------------------------------------
dualPrice.size = 80 , dualPrice = [0.0, -0.0, -0.0, -0.0, 0.5, -0.0, -0.0, 0.0, -0.0, -0.0, 0.5, 0.5, -0.0, -0.0, 0.5, -0.0, -0.0, -0.0, -0.0, -0.0, -0.0, -0.0, -0.0, -0.0, -0.0, -0.0, -0.0, -0.0, -0.0, -0.0, -0.0, -0.0, -0.0, -0.0, -0.0, -0.0, -0.0, -0.0, -0.0, -0.0, -0.0, -0.0, -0.0, -0.0, -0.0, -0.0, -0.0, -0.0, -0.0, -0.0, 0.5, -0.0, -0.0, -0.0, -0.0, -0.0, -0.0, -0.0, -0.0, -0.0, -0.0, -0.0, -0.0, -0.0, -0.0, -0.0, -0.0, -0.0, -0.0, -0.0, -0.0, -0.0, -0.0, -0.0, -0.0, -0.0, 0.5, -0.0, 0.5, 0.5]
			Active cut size: 0
W = 100 
H = 100
normalXList.size = 94
normalYList.size = 84
xList.size = 87
yList.size = 69
squareList.size = 8
myConsList.size = 0
当前上界 = 4.0
最优解：4.0
solutionList.size() = 1
pattern.getKey() = 4@10@11@14@50@76@78@79@
用时：35.951 s
--------------------------------------- Price Problem End --------------------------------------------------------
		17 Add column : 1 col:20 	57.716
			Start solve  LP :57.716
			End solve LP obj: 4.0 t: 0
com.wlj.solver.BBSolver:
--------------------------------------- Price Problem Start --------------------------------------------------------
dualPrice.size = 80 , dualPrice = [0.6666666666666666, -0.0, -0.0, -0.0, 0.33333333333333337, -0.0, -0.0, 0.6666666666666666, -0.0, -0.0, -0.0, -0.0, -0.0, -0.0, 0.33333333333333337, -0.0, -0.0, -0.0, -0.0, -0.0, 1.0, -0.0, -0.0, -0.0, -0.0, -0.0, -0.0, -0.0, -0.0, -0.0, -0.0, -0.0, -0.0, -0.0, -0.0, -0.0, -0.0, -0.0, -0.0, 0.33333333333333337, -0.0, -0.0, 0.33333333333333326, -0.0, -0.0, -0.0, -0.0, -0.0, -0.0, -0.0, 0.33333333333333337, -0.0, -0.0, -0.0, -0.0, -0.0, -0.0, -0.0, -0.0, -0.0, -0.0, -0.0, -0.0, -0.0, -0.0, -0.0, -0.0, -0.0, -0.0, -0.0, -0.0, -0.0, -0.0, -0.0, -0.0, -0.0, -0.0, -0.0, -0.0, -0.0]
			Active cut size: 0
W = 100 
H = 100
normalXList.size = 57
normalYList.size = 60
xList.size = 39
yList.size = 39
squareList.size = 8
myConsList.size = 0
当前上界 = 4.0
最优解：4.0
solutionList.size() = 1
pattern.getKey() = 0@4@7@14@20@39@42@50@
用时：1.468 s
--------------------------------------- Price Problem End --------------------------------------------------------
		18 Add column : 1 col:21 	59.184
			Start solve  LP :59.184
			End solve LP obj: 4.0 t: 0
com.wlj.solver.BBSolver:
--------------------------------------- Price Problem Start --------------------------------------------------------
dualPrice.size = 80 , dualPrice = [-0.0, -0.0, 1.0, -0.0, -0.0, 1.0, -0.0, -0.0, -0.0, -0.0, -0.0, -0.0, -0.0, -0.0, 0.0, -0.0, -0.0, -0.0, -0.0, -0.0, 1.0, -0.0, -0.0, -0.0, -0.0, -0.0, -0.0, -0.0, -0.0, -0.0, -0.0, -0.0, -0.0, -0.0, -0.0, -0.0, -0.0, -0.0, -0.0, -0.0, -0.0, -0.0, -0.0, -0.0, -0.0, -0.0, -0.0, -0.0, -0.0, -0.0, -0.0, -0.0, 1.0, -0.0, -0.0, -0.0, -0.0, -0.0, -0.0, -0.0, -0.0, -0.0, -0.0, -0.0, -0.0, -0.0, -0.0, -0.0, -0.0, -0.0, -0.0, -0.0, -0.0, -0.0, -0.0, -0.0, -0.0, -0.0, -0.0, 0.0]
			Active cut size: 0
W = 89 
H = 94
normalXList.size = 12
normalYList.size = 15
xList.size = 8
yList.size = 11
squareList.size = 4
myConsList.size = 0
当前上界 = 4.0
最优解：4.0
solutionList.size() = 1
pattern.getKey() = 2@5@20@52@
用时：0.0 s
--------------------------------------- Price Problem End --------------------------------------------------------
		19 Add column : 1 col:22 	59.184
			Start solve  LP :59.184
			End solve LP obj: 4.0 t: 0
com.wlj.solver.BBSolver:
--------------------------------------- Price Problem Start --------------------------------------------------------
dualPrice.size = 80 , dualPrice = [0.33333333333333326, -0.0, -0.0, 0.33333333333333337, -0.0, 0.0, 0.33333333333333337, -0.0, -0.0, 0.6666666666666666, -0.0, -0.0, -0.0, 1.1102230246251565E-16, 0.6666666666666666, -0.0, -0.0, -0.0, -0.0, -0.0, -0.0, -0.0, -0.0, -0.0, -0.0, -0.0, -0.0, -0.0, -0.0, -0.0, -0.0, -0.0, -0.0, -0.0, -0.0, -0.0, -0.0, -0.0, -0.0, -0.0, -0.0, -0.0, -0.0, -0.0, -0.0, -0.0, -0.0, -0.0, -0.0, -0.0, -0.0, -0.0, 1.0, -0.0, -0.0, -0.0, -0.0, -0.0, -0.0, -0.0, -0.0, -0.0, -0.0, -0.0, -0.0, -0.0, -0.0, -0.0, -0.0, -0.0, -0.0, -0.0, -0.0, -0.0, -0.0, 0.33333333333333337, -0.0, -0.0, 0.33333333333333337, 0.0]
			Active cut size: 0
W = 100 
H = 100
normalXList.size = 63
normalYList.size = 55
xList.size = 37
yList.size = 31
squareList.size = 8
myConsList.size = 0
当前上界 = 4.0
最优解：4.0
solutionList.size() = 1
pattern.getKey() = 0@3@6@9@14@52@75@78@
用时：1.407 s
--------------------------------------- Price Problem End --------------------------------------------------------
		20 Add column : 1 col:23 	60.591
			Start solve  LP :60.591
			End solve LP obj: 4.0 t: 0
com.wlj.solver.BBSolver:
--------------------------------------- Price Problem Start --------------------------------------------------------
dualPrice.size = 80 , dualPrice = [-0.0, -0.0, -0.0, -0.0, -0.0, 0.3333333333333333, -0.0, -0.0, -0.0, -0.0, -0.0, -0.0, -0.0, 0.33333333333333337, -0.0, -0.0, 1.0, -0.0, -0.0, -0.0, -0.0, -0.0, -0.0, -0.0, -0.0, -0.0, -0.0, -0.0, -0.0, -0.0, -0.0, -0.0, -0.0, -0.0, -0.0, -0.0, -0.0, -0.0, -0.0, -0.0, -0.0, -0.0, 0.33333333333333337, -0.0, -0.0, -0.0, -0.0, -0.0, -0.0, -0.0, -0.0, -0.0, 0.6666666666666666, -0.0, -0.0, -0.0, -0.0, -0.0, -0.0, -0.0, -0.0, -0.0, -0.0, -0.0, -0.0, -0.0, -0.0, -0.0, -0.0, -0.0, -0.0, -0.0, -0.0, -0.0, -0.0, 0.0, -0.0, 0.33333333333333326, 0.33333333333333337, 0.6666666666666666]
			Active cut size: 0
W = 100 
H = 100
normalXList.size = 82
normalYList.size = 92
xList.size = 69
yList.size = 85
squareList.size = 8
myConsList.size = 0
当前上界 = 4.0
最优解：4.0
solutionList.size() = 1
pattern.getKey() = 5@13@16@42@52@77@78@79@
用时：46.406 s
--------------------------------------- Price Problem End --------------------------------------------------------
		21 Add column : 1 col:24 	106.997
			Start solve  LP :106.997
			End solve LP obj: 4.0 t: 0
com.wlj.solver.BBSolver:
--------------------------------------- Price Problem Start --------------------------------------------------------
dualPrice.size = 80 , dualPrice = [-0.0, 0.33333333333333337, -0.0, -0.0, -0.0, -0.0, -0.0, 0.33333333333333337, -0.0, -0.0, -0.0, -0.0, -0.0, -0.0, 0.0, -0.0, -0.0, 0.33333333333333326, -0.0, -0.0, -0.0, -0.0, -0.0, -0.0, -0.0, -0.0, -0.0, -0.0, -0.0, -0.0, -0.0, -0.0, -0.0, -0.0, -0.0, -0.0, -0.0, -0.0, -0.0, -0.0, -0.0, -0.0, 0.0, -0.0, -0.0, -0.0, -0.0, -0.0, 0.33333333333333337, -0.0, -0.0, -0.0, -0.0, -0.0, -0.0, -0.0, -0.0, -0.0, -0.0, -0.0, -0.0, -0.0, -0.0, -0.0, -0.0, -0.0, -0.0, -0.0, -0.0, -0.0, -0.0, -0.0, -0.0, -0.0, -0.0, 1.0, 0.6666666666666666, 1.0, -0.0, -0.0]
			Active cut size: 0
W = 97 
H = 100
normalXList.size = 57
normalYList.size = 57
xList.size = 40
yList.size = 45
squareList.size = 7
myConsList.size = 0
当前上界 = 4.0
最优解：4.0
solutionList.size() = 1
pattern.getKey() = 1@7@17@48@75@76@77@
用时：2.656 s
--------------------------------------- Price Problem End --------------------------------------------------------
		22 Add column : 1 col:25 	109.653
			Start solve  LP :109.653
			End solve LP obj: 4.0 t: 0
com.wlj.solver.BBSolver:
--------------------------------------- Price Problem Start --------------------------------------------------------
dualPrice.size = 80 , dualPrice = [-0.0, -0.0, -0.0, -0.0, 0.20000000000000007, 0.29999999999999993, -0.0, -0.0, 0.20000000000000007, -0.0, -0.0, -0.0, -0.0, -0.0, 0.3999999999999999, -0.0, -0.0, 0.6000000000000001, 0.7000000000000001, -0.0, -0.0, -0.0, 0.09999999999999987, -0.0, -0.0, -0.0, -0.0, -0.0, -0.0, -0.0, -0.0, -0.0, -0.0, -0.0, -0.0, -0.0, -0.0, -0.0, -0.0, -0.0, -0.0, -0.0, 0.4, -0.0, -0.0, -0.0, -0.0, -0.0, -0.0, -0.0, -0.0, -0.0, -0.0, -0.0, -0.0, -0.0, 0.40000000000000013, -0.0, -0.0, -0.0, -0.0, -0.0, -0.0, -0.0, -0.0, -0.0, -0.0, -0.0, -0.0, -0.0, -0.0, -0.0, -0.0, -0.0, -0.0, 0.29999999999999993, 0.09999999999999998, -0.0, 0.30000000000000004, -0.0]
			Active cut size: 0
W = 100 
H = 100
normalXList.size = 92
normalYList.size = 91
xList.size = 83
yList.size = 81
squareList.size = 12
myConsList.size = 0
当前上界 = 4.000000000000001
最优解：4.0
solutionList.size() = 1
pattern.getKey() = 4@5@8@14@17@18@22@42@56@75@76@78@
用时：1778.006 s
--------------------------------------- Price Problem End --------------------------------------------------------
		23 Add column : 1 col:26 	1887.659
			Start solve  LP :1887.659
			End solve LP obj: 4.0 t: 0
com.wlj.solver.BBSolver:
--------------------------------------- Price Problem Start --------------------------------------------------------
dualPrice.size = 80 , dualPrice = [0.0, 1.0, -0.0, -0.0, -0.0, 0.0, -0.0, -0.0, 0.0, 0.0, -0.0, 0.0, 1.0, -0.0, -0.0, -0.0, -0.0, 0.0, -0.0, -0.0, 1.0, -0.0, -0.0, -0.0, -0.0, -0.0, -0.0, -0.0, -0.0, -0.0, -0.0, -0.0, -0.0, -0.0, -0.0, -0.0, -0.0, -0.0, -0.0, -0.0, -0.0, -0.0, -0.0, -0.0, -0.0, -0.0, -0.0, -0.0, -0.0, -0.0, -0.0, -0.0, -0.0, -0.0, -0.0, -0.0, 1.0, -0.0, -0.0, -0.0, -0.0, -0.0, -0.0, -0.0, -0.0, -0.0, -0.0, -0.0, -0.0, -0.0, -0.0, -0.0, -0.0, -0.0, -0.0, -0.0, -0.0, -0.0, -0.0, -0.0]
			Active cut size: 0
W = 82 
H = 93
normalXList.size = 12
normalYList.size = 14
xList.size = 9
yList.size = 14
squareList.size = 4
myConsList.size = 0
当前上界 = 4.0
最优解：4.0
solutionList.size() = 1
pattern.getKey() = 1@12@20@56@
用时：0.0 s
--------------------------------------- Price Problem End --------------------------------------------------------
		24 Add column : 1 col:27 	1887.659
			Start solve  LP :1887.659
			End solve LP obj: 4.0 t: 0
com.wlj.solver.BBSolver:
--------------------------------------- Price Problem Start --------------------------------------------------------
dualPrice.size = 80 , dualPrice = [0.19999999999999996, -0.0, -0.0, -0.0, -0.0, -0.0, -0.0, -0.0, -0.0, 0.3999999999999999, 0.20000000000000007, 0.3999999999999999, 0.8, -0.0, -0.0, -0.0, -0.0, 0.7999999999999999, -0.0, -0.0, 0.19999999999999996, -0.0, 0.19999999999999984, -0.0, -0.0, -0.0, -0.0, -0.0, -0.0, -0.0, -0.0, -0.0, -0.0, -0.0, -0.0, -0.0, -0.0, -0.0, -0.0, 0.6000000000000001, -0.0, -0.0, -0.0, -0.0, -0.0, -0.0, -0.0, -0.0, 0.20000000000000007, -0.0, -0.0, -0.0, -0.0, -0.0, -0.0, -0.0, -0.0, -0.0, -0.0, -0.0, -0.0, -0.0, -0.0, -0.0, -0.0, -0.0, -0.0, -0.0, -0.0, -0.0, -0.0, -0.0, -0.0, -0.0, -0.0, -0.0, -0.0, -0.0, -0.0, -0.0]
			Active cut size: 0
W = 100 
H = 100
normalXList.size = 62
normalYList.size = 62
xList.size = 53
yList.size = 43
squareList.size = 10
myConsList.size = 0
当前上界 = 4.0
最优解：4.0
solutionList.size() = 1
pattern.getKey() = 0@9@10@11@12@17@20@22@39@48@
用时：9.546 s
--------------------------------------- Price Problem End --------------------------------------------------------
		25 Add column : 1 col:28 	1897.205
			Start solve  LP :1897.205
			End solve LP obj: 4.0 t: 0
com.wlj.solver.BBSolver:
--------------------------------------- Price Problem Start --------------------------------------------------------
dualPrice.size = 80 , dualPrice = [-0.0, 0.5, -0.0, 0.5, -0.0, -0.0, -0.0, -0.0, -0.0, -0.0, 0.5, -0.0, 0.5, 0.0, -0.0, -0.0, -0.0, 0.0, -0.0, -0.0, -0.0, 1.0, -0.0, -0.0, -0.0, -0.0, -0.0, -0.0, -0.0, -0.0, -0.0, -0.0, -0.0, -0.0, -0.0, -0.0, -0.0, -0.0, -0.0, -0.0, -0.0, -0.0, 1.0, -0.0, -0.0, -0.0, -0.0, -0.0, 0.0, -0.0, -0.0, -0.0, -0.0, -0.0, -0.0, -0.0, -0.0, -0.0, -0.0, -0.0, -0.0, -0.0, -0.0, -0.0, -0.0, -0.0, -0.0, -0.0, -0.0, -0.0, -0.0, -0.0, -0.0, -0.0, -0.0, -0.0, -0.0, -0.0, -0.0, -0.0]
			Active cut size: 0
W = 96 
H = 100
normalXList.size = 36
normalYList.size = 18
xList.size = 20
yList.size = 11
squareList.size = 6
myConsList.size = 0
当前上界 = 4.0
最优解：4.0
solutionList.size() = 1
pattern.getKey() = 1@3@10@12@21@42@
用时：0.016 s
--------------------------------------- Price Problem End --------------------------------------------------------
		26 Add column : 1 col:29 	1897.222
			Start solve  LP :1897.222
			End solve LP obj: 4.0 t: 0
com.wlj.solver.BBSolver:
--------------------------------------- Price Problem Start --------------------------------------------------------
dualPrice.size = 80 , dualPrice = [-0.0, -0.0, 1.0, 0.0, -0.0, -0.0, -0.0, -0.0, -0.0, -0.0, 0.0, -0.0, 0.0, 0.0, -0.0, 1.0, -0.0, 0.0, -0.0, -0.0, -0.0, 1.0, -0.0, -0.0, -0.0, -0.0, -0.0, -0.0, -0.0, -0.0, -0.0, -0.0, -0.0, -0.0, -0.0, -0.0, -0.0, -0.0, -0.0, -0.0, -0.0, -0.0, 0.0, -0.0, -0.0, -0.0, -0.0, -0.0, 1.0, -0.0, -0.0, -0.0, -0.0, -0.0, -0.0, -0.0, -0.0, -0.0, -0.0, -0.0, -0.0, -0.0, -0.0, -0.0, -0.0, -0.0, -0.0, -0.0, -0.0, -0.0, -0.0, -0.0, -0.0, -0.0, -0.0, -0.0, -0.0, -0.0, -0.0, -0.0]
			Active cut size: 0
W = 87 
H = 88
normalXList.size = 12
normalYList.size = 16
xList.size = 9
yList.size = 16
squareList.size = 4
myConsList.size = 0
当前上界 = 4.0
最优解：4.0
solutionList.size() = 1
pattern.getKey() = 2@15@21@48@
用时：0.001 s
--------------------------------------- Price Problem End --------------------------------------------------------
		27 Add column : 1 col:30 	1897.224
			Start solve  LP :1897.225
			End solve LP obj: 4.0 t: 0
com.wlj.solver.BBSolver:
--------------------------------------- Price Problem Start --------------------------------------------------------
dualPrice.size = 80 , dualPrice = [-0.0, -0.0, 0.0, 0.5, -0.0, -0.0, -0.0, -0.0, -0.0, -0.0, -0.0, -0.0, 0.0, 0.5, -0.0, 0.5, -0.0, 1.0, -0.0, -0.0, -0.0, 0.5, -0.0, -0.0, -0.0, -0.0, -0.0, -0.0, -0.0, -0.0, -0.0, -0.0, -0.0, -0.0, -0.0, -0.0, -0.0, -0.0, -0.0, -0.0, -0.0, -0.0, -0.0, -0.0, -0.0, -0.0, -0.0, -0.0, -0.0, -0.0, 0.5, -0.0, 0.5, -0.0, -0.0, -0.0, -0.0, -0.0, -0.0, -0.0, -0.0, -0.0, -0.0, -0.0, -0.0, -0.0, -0.0, -0.0, -0.0, -0.0, -0.0, -0.0, -0.0, -0.0, -0.0, -0.0, -0.0, -0.0, -0.0, -0.0]
			Active cut size: 0
W = 99 
H = 100
normalXList.size = 37
normalYList.size = 53
xList.size = 24
yList.size = 40
squareList.size = 7
myConsList.size = 0
当前上界 = 4.0
最优解：4.0
solutionList.size() = 1
pattern.getKey() = 3@13@15@17@21@50@52@
用时：0.447 s
--------------------------------------- Price Problem End --------------------------------------------------------
		28 Add column : 1 col:31 	1897.672
			Start solve  LP :1897.672
			End solve LP obj: 4.0 t: 0
com.wlj.solver.BBSolver:
--------------------------------------- Price Problem Start --------------------------------------------------------
dualPrice.size = 80 , dualPrice = [-0.0, -0.0, 1.0, 0.0, -0.0, -0.0, -0.0, -0.0, -0.0, -0.0, -0.0, -0.0, 1.0, 0.0, -0.0, 0.0, -0.0, 0.0, -0.0, -0.0, -0.0, 0.0, -0.0, -0.0, -0.0, 1.0, -0.0, -0.0, -0.0, -0.0, -0.0, -0.0, -0.0, -0.0, -0.0, -0.0, -0.0, -0.0, -0.0, -0.0, -0.0, -0.0, 0.0, -0.0, -0.0, -0.0, -0.0, -0.0, -0.0, -0.0, 1.0, -0.0, 0.0, -0.0, -0.0, -0.0, -0.0, -0.0, -0.0, -0.0, -0.0, -0.0, -0.0, -0.0, -0.0, -0.0, -0.0, -0.0, -0.0, -0.0, -0.0, -0.0, -0.0, -0.0, -0.0, -0.0, -0.0, -0.0, -0.0, -0.0]
			Active cut size: 0
W = 96 
H = 100
normalXList.size = 13
normalYList.size = 16
xList.size = 13
yList.size = 16
squareList.size = 4
myConsList.size = 0
当前上界 = 4.0
最优解：4.0
solutionList.size() = 1
pattern.getKey() = 2@12@25@50@
用时：0.0 s
--------------------------------------- Price Problem End --------------------------------------------------------
		29 Add column : 1 col:32 	1897.672
			Start solve  LP :1897.672
			End solve LP obj: 4.0 t: 0
com.wlj.solver.BBSolver:
--------------------------------------- Price Problem Start --------------------------------------------------------
dualPrice.size = 80 , dualPrice = [-0.0, 0.4545454545454546, -0.0, -0.0, -0.0, 0.2727272727272727, 0.4545454545454545, -0.0, -0.0, -0.0, -0.0, -0.0, -0.0, -0.0, -0.0, 0.7272727272727273, -0.0, 0.09090909090909094, -0.0, -0.0, -0.0, -0.0, 0.09090909090909094, -0.0, -0.0, 1.0, -0.0, -0.0, -0.0, -0.0, -0.0, -0.0, -0.0, -0.0, -0.0, -0.0, -0.0, -0.0, -0.0, -0.0, -0.0, -0.0, 0.5454545454545454, -0.0, -0.0, -0.0, -0.0, -0.0, 0.2727272727272727, -0.0, -0.0, -0.0, 0.09090909090909094, -0.0, -0.0, -0.0, -0.0, -0.0, -0.0, -0.0, -0.0, -0.0, -0.0, -0.0, -0.0, -0.0, -0.0, -0.0, -0.0, -0.0, -0.0, -0.0, -0.0, -0.0, -0.0, -0.0, -0.0, -0.0, -0.0, -0.0]
			Active cut size: 0
W = 100 
H = 100
normalXList.size = 67
normalYList.size = 66
xList.size = 55
yList.size = 45
squareList.size = 10
myConsList.size = 0
当前上界 = 3.999999999999999
最优解：3.9999999999999996
solutionList.size() = 1
pattern.getKey() = 1@5@6@15@17@22@25@42@48@52@
用时：15.188 s
--------------------------------------- Price Problem End --------------------------------------------------------
		30 Add column : 1 col:33 	1912.875
			Start solve  LP :1912.875
			End solve LP obj: 4.0 t: 0
com.wlj.solver.BBSolver:
--------------------------------------- Price Problem Start --------------------------------------------------------
dualPrice.size = 80 , dualPrice = [-0.0, -0.0, -0.0, 0.3999999999999999, -0.0, -0.0, -0.0, -0.0, -0.0, -0.0, 0.40000000000000013, -0.0, -0.0, -0.0, -0.0, 0.40000000000000013, -0.0, -0.0, -0.0, -0.0, -0.0, -0.0, -0.0, -0.0, 0.5999999999999999, 0.3999999999999999, -0.0, -0.0, -0.0, -0.0, -0.0, -0.0, -0.0, -0.0, -0.0, -0.0, -0.0, -0.0, -0.0, -0.0, -0.0, -0.0, -0.0, -0.0, -0.0, -0.0, -0.0, -0.0, -0.0, -0.0, -0.0, -0.0, 0.19999999999999996, -0.0, -0.0, -0.0, 0.40000000000000013, -0.0, -0.0, -0.0, -0.0, -0.0, -0.0, -0.0, -0.0, -0.0, -0.0, -0.0, -0.0, -0.0, -0.0, -0.0, -0.0, -0.0, -0.0, -0.0, 0.3999999999999999, 0.6000000000000001, -0.0, 0.19999999999999996]
			Active cut size: 0
W = 100 
H = 100
normalXList.size = 94
normalYList.size = 92
xList.size = 87
yList.size = 85
squareList.size = 10
myConsList.size = 0
当前上界 = 4.0
最优解：4.0
solutionList.size() = 1
pattern.getKey() = 3@10@15@24@25@52@56@76@77@79@
用时：441.426 s
--------------------------------------- Price Problem End --------------------------------------------------------
		31 Add column : 1 col:34 	2354.301
			Start solve  LP :2354.301
			End solve LP obj: 4.0 t: 0
com.wlj.solver.BBSolver:
--------------------------------------- Price Problem Start --------------------------------------------------------
dualPrice.size = 80 , dualPrice = [-0.0, -0.0, -0.0, -0.0, -0.0, 1.0, -0.0, -0.0, -0.0, 0.0, -0.0, -0.0, -0.0, -0.0, -0.0, 0.0, -0.0, -0.0, -0.0, -0.0, -0.0, -0.0, 0.0, -0.0, 1.0, -0.0, -0.0, -0.0, -0.0, -0.0, -0.0, -0.0, -0.0, -0.0, -0.0, -0.0, -0.0, -0.0, -0.0, 1.0, -0.0, -0.0, -0.0, -0.0, -0.0, -0.0, -0.0, -0.0, -0.0, -0.0, 0.0, -0.0, -0.0, -0.0, -0.0, -0.0, -0.0, -0.0, -0.0, -0.0, -0.0, -0.0, -0.0, -0.0, -0.0, -0.0, -0.0, -0.0, -0.0, -0.0, -0.0, -0.0, -0.0, -0.0, 1.0, -0.0, -0.0, -0.0, 0.0, -0.0]
			Active cut size: 0
W = 71 
H = 96
normalXList.size = 14
normalYList.size = 15
xList.size = 14
yList.size = 11
squareList.size = 4
myConsList.size = 0
当前上界 = 4.0
最优解：4.0
solutionList.size() = 1
pattern.getKey() = 5@24@39@74@
用时：0.015 s
--------------------------------------- Price Problem End --------------------------------------------------------
		32 Add column : 1 col:35 	2354.316
			Start solve  LP :2354.316
			End solve LP obj: 4.0 t: 0
com.wlj.solver.BBSolver:
--------------------------------------- Price Problem Start --------------------------------------------------------
dualPrice.size = 80 , dualPrice = [0.2666666666666667, -0.0, 0.4666666666666667, -0.0, -0.0, 0.3333333333333333, 0.26666666666666666, 0.13333333333333341, -0.0, 0.2666666666666666, -0.0, -0.0, -0.0, -0.0, -0.0, 0.4, -0.0, -0.0, -0.0, -0.0, -0.0, -0.0, -0.0, -0.0, 0.1333333333333333, -0.0, -0.0, -0.0, -0.0, -0.0, -0.0, -0.0, -0.0, -0.0, -0.0, -0.0, -0.0, -0.0, -0.0, -0.0, -0.0, -0.0, -0.0, -0.0, -0.0, -0.0, -0.0, -0.0, -0.0, -0.0, 0.5333333333333333, -0.0, -0.0, -0.0, -0.0, -0.0, 0.4666666666666667, -0.0, -0.0, -0.0, -0.0, -0.0, -0.0, -0.0, -0.0, -0.0, -0.0, -0.0, -0.0, -0.0, -0.0, -0.0, -0.0, -0.0, 0.5333333333333334, -0.0, -0.0, -0.0, 0.2, -0.0]
			Active cut size: 0
W = 100 
H = 100
normalXList.size = 88
normalYList.size = 77
xList.size = 75
yList.size = 61
squareList.size = 12
myConsList.size = 0
当前上界 = 4.000000000000001
最优解：3.9999999999999996
solutionList.size() = 1
pattern.getKey() = 0@2@5@6@7@9@15@24@50@56@74@78@
用时：249.131 s
--------------------------------------- Price Problem End --------------------------------------------------------
		33 Add column : 1 col:36 	2603.447
			Start solve  LP :2603.447
			End solve LP obj: 4.0 t: 0
com.wlj.solver.BBSolver:
--------------------------------------- Price Problem Start --------------------------------------------------------
dualPrice.size = 80 , dualPrice = [-0.0, 0.3333333333333333, -0.0, -0.0, 0.44444444444444453, -0.0, -0.0, -0.0, -0.0, -0.0, -0.0, -0.0, 0.5555555555555555, -0.0, -0.0, -0.0, 0.4444444444444443, -0.0, -0.0, -0.0, -0.0, -0.0, 0.22222222222222238, -0.0, 0.22222222222222243, -0.0, -0.0, -0.0, -0.0, -0.0, -0.0, -0.0, -0.0, -0.0, -0.0, -0.0, -0.0, -0.0, -0.0, 0.22222222222222215, -0.0, -0.0, 0.11111111111111116, -0.0, -0.0, -0.0, -0.0, -0.0, -0.0, -0.0, 0.22222222222222215, -0.0, -0.0, -0.0, -0.0, -0.0, -0.0, -0.0, -0.0, -0.0, -0.0, -0.0, -0.0, -0.0, -0.0, -0.0, -0.0, -0.0, -0.0, -0.0, -0.0, -0.0, -0.0, -0.0, 0.5555555555555554, -0.0, 0.22222222222222215, 0.4444444444444446, -0.0, -0.0]
			Active cut size: 0
W = 100 
H = 100
normalXList.size = 88
normalYList.size = 78
xList.size = 75
yList.size = 65
squareList.size = 12
myConsList.size = 0
当前上界 = 4.0
--------------------------------------- Price Problem End --------------------------------------------------------
		34 Add column : 0 col:37 	3000.004
	1 End Add column using column generation : 4.0 col: 37 cons: 0 cut: 0	3000.004
   End add columnAndCut : 4.0 colGencnt: 1 price: 0 col: 37 cons: 0 cut: 0	3000.004

Node lb: 1.7976931348623157E308 ub: 4 : 3000.004

Final Found Solution: 4 genNode: 1 extendedNode: 0:3000.004
Bin size: 10000
1 : 1085,1056,896,841,726,630,612,609,525,483,350,315,270,260,245,217,168,102,72,36,32, : 9530
2 : 1122,928,928,918,825,690,620,540,528,378,374,340,280,279,140,132,110,90,70,60,30,28,22,8, : 9440
3 : 744,704,640,551,532,529,522,495,432,418,406,391,384,315,308,300,264,238,184,99,95,88,48,32,27,12,10, : 8768
4 : 528,308,288,260,240,232,147,15, : 2018
----------------------- 1 ---------------------------
canvasWidth:100,
canvasHeight:100,
data:[{x:82,y:0,l:34,w:18},{x:79,y:0,l:34,w:3},{x:79,y:34,l:30,w:21},{x:79,y:64,l:23,w:21},{x:80,y:87,l:13,w:20},{x:48,y:0,l:35,w:31},{x:38,y:0,l:35,w:10},{x:29,y:0,l:35,w:9},{x:58,y:35,l:29,w:21},{x:61,y:64,l:4,w:18},{x:29,y:35,l:29,w:29},{x:49,y:64,l:4,w:9},{x:41,y:64,l:4,w:8},{x:7,y:0,l:33,w:22},{x:14,y:33,l:35,w:15},{x:7,y:33,l:31,w:7},{x:46,y:68,l:32,w:33},{x:18,y:68,l:32,w:28},{x:9,y:68,l:30,w:9},{x:0,y:0,l:35,w:7},{x:0,y:35,l:24,w:7},],
----------------------- 2 ---------------------------
canvasWidth:100,
canvasHeight:100,
data:[{x:67,y:0,l:34,w:33},{x:40,y:0,l:34,w:27},{x:5,y:0,l:8,w:35},{x:5,y:8,l:2,w:35},{x:6,y:10,l:11,w:34},{x:6,y:21,l:10,w:34},{x:10,y:31,l:2,w:30},{x:6,y:31,l:2,w:4},{x:18,y:33,l:1,w:22},{x:0,y:0,l:22,w:5},{x:71,y:34,l:32,w:29},{x:71,y:66,l:32,w:29},{x:86,y:98,l:2,w:14},{x:38,y:34,l:25,w:33},{x:38,y:59,l:4,w:33},{x:41,y:63,l:23,w:30},{x:44,y:86,l:14,w:27},{x:7,y:34,l:20,w:31},{x:0,y:34,l:20,w:7},{x:8,y:54,l:18,w:30},{x:2,y:54,l:15,w:6},{x:0,y:54,l:15,w:2},{x:5,y:72,l:16,w:33},{x:7,y:88,l:9,w:31},],
----------------------- 3 ---------------------------
canvasWidth:100,
canvasHeight:100,
data:[{x:68,y:0,l:20,w:32},{x:46,y:0,l:12,w:22},{x:42,y:0,l:12,w:4},{x:45,y:12,l:8,w:23},{x:43,y:12,l:6,w:2},{x:22,y:0,l:15,w:20},{x:0,y:0,l:14,w:22},{x:83,y:20,l:23,w:17},{x:64,y:20,l:22,w:19},{x:47,y:20,l:14,w:17},{x:53,y:34,l:9,w:11},{x:51,y:34,l:5,w:2},{x:81,y:43,l:28,w:19},{x:65,y:43,l:27,w:16},{x:81,y:71,l:29,w:19},{x:67,y:71,l:29,w:14},{x:66,y:71,l:27,w:1},{x:47,y:43,l:29,w:18},{x:50,y:72,l:21,w:15},{x:32,y:20,l:33,w:15},{x:35,y:53,l:32,w:12},{x:34,y:53,l:32,w:1},{x:36,y:85,l:8,w:11},{x:0,y:20,l:22,w:32},{x:9,y:42,l:23,w:23},{x:4,y:42,l:19,w:5},{x:8,y:65,l:31,w:24},],
----------------------- 4 ---------------------------
canvasWidth:100,
canvasHeight:100,
data:[{x:84,y:0,l:33,w:16},{x:85,y:33,l:16,w:15},{x:84,y:33,l:15,w:1},{x:88,y:49,l:24,w:12},{x:55,y:0,l:8,w:29},{x:34,y:0,l:7,w:21},{x:56,y:8,l:11,w:28},{x:64,y:19,l:13,w:20},],
