====================================== Class_05.2bp-39 =====================================
Reduced size: 80 usedBin: 0
[17, 27, 51, 60, 77]
[25, 26, 40, 64, 70]
[13, 30, 71]
[10, 38, 46, 59, 68]
[4, 66]
[3, 50, 63]
[14, 23, 52]
[7, 39]
[5, 42, 47, 74]
[22, 37, 49, 53, 55, 67, 75, 79]
[2, 45, 76]
[19, 31, 48, 56, 65]
[6, 62]
[9, 29]
[15, 34, 41, 54]
[0]
[20, 28, 35, 72, 78]
[18, 24]
[8, 33, 58, 73]
[12, 16]
[21, 36, 43, 61]
[11, 32, 44, 69]
[1, 57]
------------------------------------------------
Best fit used bin number: 23
Found best solution: 23 0.156

   Statrt add columnAndCut col: 23 cons: 0 cut: 0	0.234

	1 Start Add column using column generation  col: 23 cons: 0 cut: 0	0.234
			Start solve  LP :0.234
			End solve LP obj: 23.0 t: 0
	1 End Add column using column generation : 23.0 col: 23 cons: 0 cut: 0	0.234
   End add columnAndCut : 23.0 colGencnt: 1 price: 0 col: 23 cons: 0 cut: 0	0.234

Node lb: 23.0 ub: 23 : 0.234

Final Found Solution: 23 genNode: 1 extendedNode: 0:0.234
Bin size: 10000
1 : 4312,3216,924,630,67, : 9149
2 : 3422,3276,1950,390,170, : 9208
3 : 4902,2688,168, : 7758
4 : 5092,2064,1240,696,221, : 9313
5 : 7440,304, : 7744
6 : 7452,969,448, : 8869
7 : 4410,3572,924, : 8906
8 : 6408,1955, : 8363
9 : 6885,1394,1040,140, : 9459
10 : 3648,2088,1020,891,792,258,108,28, : 8833
11 : 8514,1261,92, : 9867
12 : 4225,2592,1020,780,352, : 8969
13 : 6880,585, : 7465
14 : 5720,2816, : 8536
15 : 4368,2332,1890,858, : 9448
16 : 8930, : 8930
17 : 4140,3068,2145,165,49, : 9567
18 : 4266,3432, : 7698
19 : 6144,2548,712,162, : 9566
20 : 4914,4324, : 9238
21 : 4000,2116,1350,610, : 8076
22 : 5041,2552,1296,184, : 9073
23 : 8918,756, : 9674
----------------------- 1 ---------------------------
canvasWidth:100,
canvasHeight:100,
data:[{x:51,y:0,l:88,w:49},{x:3,y:0,l:67,w:48},{x:2,y:0,l:67,w:1},{x:21,y:67,l:21,w:30},{x:16,y:88,l:11,w:84},],
----------------------- 2 ---------------------------
canvasWidth:100,
canvasHeight:100,
data:[{x:61,y:0,l:84,w:39},{x:70,y:84,l:13,w:30},{x:2,y:0,l:58,w:59},{x:11,y:58,l:39,w:50},{x:6,y:58,l:34,w:5},],
----------------------- 3 ---------------------------
canvasWidth:100,
canvasHeight:100,
data:[{x:14,y:0,l:57,w:86},{x:36,y:57,l:42,w:64},{x:32,y:57,l:42,w:4},],
----------------------- 4 ---------------------------
canvasWidth:100,
canvasHeight:100,
data:[{x:24,y:0,l:67,w:76},{x:83,y:67,l:13,w:17},{x:25,y:67,l:12,w:58},{x:38,y:80,l:20,w:62},{x:0,y:0,l:86,w:24},],
----------------------- 5 ---------------------------
canvasWidth:100,
canvasHeight:100,
data:[{x:20,y:0,l:93,w:80},{x:24,y:93,l:4,w:76},],
----------------------- 6 ---------------------------
canvasWidth:100,
canvasHeight:100,
data:[{x:8,y:0,l:81,w:92},{x:43,y:81,l:17,w:57},{x:15,y:81,l:16,w:28},],
----------------------- 7 ---------------------------
canvasWidth:100,
canvasHeight:100,
data:[{x:55,y:0,l:98,w:45},{x:8,y:0,l:76,w:47},{x:13,y:76,l:22,w:42},],
----------------------- 8 ---------------------------
canvasWidth:100,
canvasHeight:100,
data:[{x:77,y:0,l:85,w:23},{x:5,y:0,l:89,w:72},],
----------------------- 9 ---------------------------
canvasWidth:100,
canvasHeight:100,
data:[{x:15,y:0,l:81,w:85},{x:18,y:81,l:17,w:82},{x:2,y:0,l:80,w:13},{x:0,y:0,l:70,w:2},],
----------------------- 10 ---------------------------
canvasWidth:100,
canvasHeight:100,
data:[{x:36,y:0,l:57,w:64},{x:94,y:57,l:43,w:6},{x:36,y:57,l:36,w:58},{x:2,y:0,l:30,w:34},{x:1,y:0,l:28,w:1},{x:12,y:30,l:33,w:24},{x:8,y:30,l:27,w:4},{x:9,y:63,l:33,w:27},],
----------------------- 11 ---------------------------
canvasWidth:100,
canvasHeight:100,
data:[{x:1,y:0,l:86,w:99},{x:3,y:86,l:13,w:97},{x:8,y:99,l:1,w:92},],
----------------------- 12 ---------------------------
canvasWidth:100,
canvasHeight:100,
data:[{x:73,y:0,l:96,w:27},{x:8,y:0,l:65,w:65},{x:8,y:65,l:12,w:65},{x:57,y:77,l:22,w:16},{x:6,y:77,l:20,w:51},],
----------------------- 13 ---------------------------
canvasWidth:100,
canvasHeight:100,
data:[{x:20,y:0,l:86,w:80},{x:5,y:0,l:39,w:15},],
----------------------- 14 ---------------------------
canvasWidth:100,
canvasHeight:100,
data:[{x:12,y:0,l:65,w:88},{x:12,y:65,l:32,w:88},],
----------------------- 15 ---------------------------
canvasWidth:100,
canvasHeight:100,
data:[{x:44,y:0,l:78,w:56},{x:0,y:0,l:53,w:44},{x:5,y:53,l:22,w:39},{x:10,y:78,l:21,w:90},],
----------------------- 16 ---------------------------
canvasWidth:100,
canvasHeight:100,
data:[{x:5,y:0,l:94,w:95},],
----------------------- 17 ---------------------------
canvasWidth:100,
canvasHeight:100,
data:[{x:61,y:0,l:55,w:39},{x:2,y:0,l:52,w:59},{x:6,y:52,l:3,w:55},{x:1,y:0,l:49,w:1},{x:8,y:55,l:45,w:92},],
----------------------- 18 ---------------------------
canvasWidth:100,
canvasHeight:100,
data:[{x:21,y:0,l:54,w:79},{x:22,y:54,l:44,w:78},],
----------------------- 19 ---------------------------
canvasWidth:100,
canvasHeight:100,
data:[{x:9,y:0,l:28,w:91},{x:3,y:0,l:27,w:6},{x:4,y:28,l:64,w:96},{x:11,y:92,l:8,w:89},],
----------------------- 20 ---------------------------
canvasWidth:100,
canvasHeight:100,
data:[{x:54,y:0,l:94,w:46},{x:0,y:0,l:91,w:54},],
----------------------- 21 ---------------------------
canvasWidth:100,
canvasHeight:100,
data:[{x:0,y:0,l:40,w:100},{x:8,y:40,l:23,w:92},{x:39,y:63,l:10,w:61},{x:50,y:73,l:27,w:50},],
----------------------- 22 ---------------------------
canvasWidth:100,
canvasHeight:100,
data:[{x:71,y:0,l:88,w:29},{x:77,y:88,l:8,w:23},{x:0,y:0,l:71,w:71},{x:23,y:71,l:27,w:48},],
----------------------- 23 ---------------------------
canvasWidth:100,
canvasHeight:100,
data:[{x:9,y:0,l:98,w:91},{x:0,y:0,l:84,w:9},],
