====================================== Class_09.2bp-5 =====================================
Reduced size: 20 usedBin: 0
[10, 16]
[6]
[7]
[0]
[2]
[5, 19]
[3]
[4]
[12, 15]
[13, 14, 17, 18]
[8]
[11]
[1]
[9]
------------------------------------------------
Best fit used bin number: 14
Found best solution: 14 0.156

   Statrt add columnAndCut col: 14 cons: 0 cut: 0	0.234

	1 Start Add column using column generation  col: 14 cons: 0 cut: 0	0.234
			Start solve  LP :0.234
			End solve LP obj: 14.0 t: 0
	1 End Add column using column generation : 14.0 col: 14 cons: 0 cut: 0	0.25
   End add columnAndCut : 14.0 colGencnt: 1 price: 0 col: 14 cons: 0 cut: 0	0.25

Node lb: 14.0 ub: 14 : 0.25

Final Found Solution: 14 genNode: 1 extendedNode: 0:0.25
Bin size: 10000
1 : 5460,1716, : 7176
2 : 6111, : 6111
3 : 5720, : 5720
4 : 9405, : 9405
5 : 7440, : 7440
6 : 6156,352, : 6508
7 : 7350, : 7350
8 : 7128, : 7128
9 : 4851,3000, : 7851
10 : 3654,3136,1161,615, : 8566
11 : 5673, : 5673
12 : 5265, : 5265
13 : 7912, : 7912
14 : 5624, : 5624
----------------------- 1 ---------------------------
canvasWidth:100,
canvasHeight:100,
data:[{x:22,y:0,l:22,w:78},{x:30,y:22,l:78,w:70},],
----------------------- 2 ---------------------------
canvasWidth:100,
canvasHeight:100,
data:[{x:37,y:0,l:97,w:63},],
----------------------- 3 ---------------------------
canvasWidth:100,
canvasHeight:100,
data:[{x:35,y:0,l:88,w:65},],
----------------------- 4 ---------------------------
canvasWidth:100,
canvasHeight:100,
data:[{x:5,y:0,l:99,w:95},],
----------------------- 5 ---------------------------
canvasWidth:100,
canvasHeight:100,
data:[{x:20,y:0,l:93,w:80},],
----------------------- 6 ---------------------------
canvasWidth:100,
canvasHeight:100,
data:[{x:19,y:0,l:76,w:81},{x:8,y:0,l:32,w:11},],
----------------------- 7 ---------------------------
canvasWidth:100,
canvasHeight:100,
data:[{x:2,y:0,l:75,w:98},],
----------------------- 8 ---------------------------
canvasWidth:100,
canvasHeight:100,
data:[{x:19,y:0,l:88,w:81},],
----------------------- 9 ---------------------------
canvasWidth:100,
canvasHeight:100,
data:[{x:1,y:0,l:49,w:99},{x:40,y:49,l:50,w:60},],
----------------------- 10 ---------------------------
canvasWidth:100,
canvasHeight:100,
data:[{x:58,y:0,l:87,w:42},{x:2,y:0,l:56,w:56},{x:43,y:56,l:41,w:15},{x:0,y:56,l:27,w:43},],
----------------------- 11 ---------------------------
canvasWidth:100,
canvasHeight:100,
data:[{x:7,y:0,l:61,w:93},],
----------------------- 12 ---------------------------
canvasWidth:100,
canvasHeight:100,
data:[{x:35,y:0,l:81,w:65},],
----------------------- 13 ---------------------------
canvasWidth:100,
canvasHeight:100,
data:[{x:8,y:0,l:86,w:92},],
----------------------- 14 ---------------------------
canvasWidth:100,
canvasHeight:100,
data:[{x:24,y:0,l:74,w:76},],
