====================================== Class_10.2bp-21 =====================================
Reduced size: 60 usedBin: 0
[8, 12, 27, 34, 49, 56]
[2, 43, 45]
[7, 21, 22, 28, 32]
[3, 19, 46, 47, 48, 52, 53, 57]
[11, 20, 24, 26, 29, 35, 40, 50, 51]
[5, 13, 41]
[4, 18, 38, 54, 58]
[9, 10, 39, 42]
[1, 31, 33, 55]
[0]
[15, 17, 23, 25, 30, 36, 37]
[6, 14, 16, 44, 59]
------------------------------------------------
Best fit used bin number: 12
Found best solution: 12 0.157

   Statrt add columnAndCut col: 12 cons: 0 cut: 0	0.219

	1 Start Add column using column generation  col: 12 cons: 0 cut: 0	0.219
			Start solve  LP :0.219
			End solve LP obj: 12.0 t: 0
	1 End Add column using column generation : 12.0 col: 12 cons: 0 cut: 0	0.219
   End add columnAndCut : 12.0 colGencnt: 1 price: 0 col: 12 cons: 0 cut: 0	0.219

Node lb: 12.0 ub: 12 : 0.219

Final Found Solution: 12 genNode: 1 extendedNode: 0:0.219
Bin size: 10000
1 : 4346,2925,1100,624,190,26, : 9211
2 : 6688,432,408, : 7528
3 : 4800,1474,1400,1095,837, : 9606
4 : 6688,1716,352,282,264,72,52,13, : 9439
5 : 3050,1512,1209,1161,992,624,496,154,72, : 9270
6 : 5984,2520,495, : 8999
7 : 6545,1800,546,49,11, : 8951
8 : 4346,3654,516,460, : 8976
9 : 7350,950,675,44, : 9019
10 : 9506, : 9506
11 : 2205,1920,1290,1200,950,615,588, : 8768
12 : 4851,2400,2009,423,4, : 9687
----------------------- 1 ---------------------------
canvasWidth:100,
canvasHeight:100,
data:[{x:18,y:0,l:53,w:82},{x:5,y:0,l:48,w:13},{x:0,y:0,l:38,w:5},{x:3,y:38,l:13,w:2},{x:75,y:53,l:44,w:25},{x:0,y:53,l:39,w:75},],
----------------------- 2 ---------------------------
canvasWidth:100,
canvasHeight:100,
data:[{x:12,y:0,l:76,w:88},{x:83,y:76,l:24,w:17},{x:56,y:76,l:16,w:27},],
----------------------- 3 ---------------------------
canvasWidth:100,
canvasHeight:100,
data:[{x:52,y:0,l:100,w:48},{x:38,y:0,l:100,w:14},{x:23,y:0,l:73,w:15},{x:1,y:0,l:67,w:22},{x:7,y:73,l:27,w:31},],
----------------------- 4 ---------------------------
canvasWidth:100,
canvasHeight:100,
data:[{x:12,y:0,l:76,w:88},{x:22,y:76,l:22,w:78},{x:74,y:98,l:2,w:26},{x:1,y:0,l:32,w:11},{x:0,y:0,l:13,w:1},{x:6,y:32,l:44,w:6},{x:6,y:76,l:12,w:6},{x:0,y:32,l:47,w:6},],
----------------------- 5 ---------------------------
canvasWidth:100,
canvasHeight:100,
data:[{x:50,y:0,l:61,w:50},{x:69,y:61,l:39,w:31},{x:53,y:61,l:39,w:16},{x:7,y:0,l:27,w:43},{x:0,y:0,l:22,w:7},{x:34,y:27,l:31,w:16},{x:38,y:58,l:6,w:12},{x:3,y:27,l:32,w:31},{x:8,y:64,l:36,w:42},],
----------------------- 6 ---------------------------
canvasWidth:100,
canvasHeight:100,
data:[{x:12,y:0,l:68,w:88},{x:1,y:0,l:45,w:11},{x:10,y:68,l:28,w:90},],
----------------------- 7 ---------------------------
canvasWidth:100,
canvasHeight:100,
data:[{x:23,y:0,l:85,w:77},{x:61,y:85,l:14,w:39},{x:89,y:99,l:1,w:11},{x:3,y:0,l:90,w:20},{x:16,y:90,l:7,w:7},],
----------------------- 8 ---------------------------
canvasWidth:100,
canvasHeight:100,
data:[{x:8,y:0,l:5,w:92},{x:47,y:5,l:82,w:53},{x:57,y:87,l:12,w:43},{x:5,y:5,l:87,w:42},],
----------------------- 9 ---------------------------
canvasWidth:100,
canvasHeight:100,
data:[{x:2,y:0,l:75,w:98},{x:0,y:0,l:22,w:2},{x:73,y:75,l:25,w:27},{x:23,y:75,l:19,w:50},],
----------------------- 10 ---------------------------
canvasWidth:100,
canvasHeight:100,
data:[{x:2,y:0,l:97,w:98},],
----------------------- 11 ---------------------------
canvasWidth:100,
canvasHeight:100,
data:[{x:55,y:0,l:49,w:45},{x:40,y:0,l:41,w:15},{x:75,y:49,l:48,w:25},{x:45,y:49,l:43,w:30},{x:0,y:0,l:48,w:40},{x:21,y:48,l:50,w:19},{x:0,y:48,l:28,w:21},],
----------------------- 12 ---------------------------
canvasWidth:100,
canvasHeight:100,
data:[{x:1,y:0,l:49,w:99},{x:51,y:49,l:41,w:49},{x:53,y:90,l:9,w:47},{x:52,y:90,l:4,w:1},{x:1,y:49,l:48,w:50},],
