====================================== Class_06.2bp-22 =====================================
Reduced size: 60 usedBin: 0
[0, 1, 2, 3, 4, 5, 6, 8, 9, 11, 16, 19, 22, 24, 30, 35, 37, 41, 42, 47, 49, 50, 51, 57, 58]
[7, 10, 12, 13, 14, 15, 17, 18, 20, 21, 23, 25, 26, 27, 28, 29, 31, 32, 33, 34, 36, 38, 39, 40, 43, 44, 45, 46, 48, 52, 53, 54, 55, 56, 59]
------------------------------------------------
Best fit used bin number: 2
Found best solution: 2 0.157

   Statrt add columnAndCut col: 2 cons: 0 cut: 0	0.204

	1 Start Add column using column generation  col: 2 cons: 0 cut: 0	0.204
			Start solve  LP :0.204
			End solve LP obj: 2.0 t: 0
	1 End Add column using column generation : 2.0 col: 2 cons: 0 cut: 0	0.204
   End add columnAndCut : 2.0 colGencnt: 1 price: 0 col: 2 cons: 0 cut: 0	0.204

Node lb: 2.0 ub: 2 : 0.219

Final Found Solution: 2 genNode: 1 extendedNode: 0:0.219
Bin size: 90000
1 : 7332,6497,6072,6006,6004,5440,5250,4950,4760,4650,3835,3355,2923,2523,2109,1908,1825,1328,1157,638,390,384,328,100,92, : 79856
2 : 4964,4752,4602,4455,4171,3948,3760,3570,3267,3104,2640,2418,2312,2255,2205,2196,2100,2016,1998,1940,1872,1677,1496,1344,1050,1001,972,900,585,288,280,258,244,156,28, : 74824
----------------------- 1 ---------------------------
canvasWidth:300,
canvasHeight:300,
data:[{x:263,y:0,l:79,w:37},{x:263,y:79,l:57,w:37},{x:275,y:136,l:73,w:25},{x:275,y:209,l:4,w:25},{x:264,y:136,l:58,w:11},{x:271,y:213,l:87,w:29},{x:178,y:0,l:64,w:85},{x:197,y:64,l:91,w:66},{x:184,y:64,l:89,w:13},{x:184,y:155,l:76,w:79},{x:89,y:0,l:73,w:89},{x:14,y:0,l:70,w:75},{x:112,y:73,l:92,w:66},{x:113,y:165,l:59,w:65},{x:44,y:73,l:70,w:68},{x:8,y:73,l:53,w:36},{x:34,y:144,l:94,w:78},{x:18,y:144,l:83,w:16},{x:20,y:238,l:1,w:92},{x:208,y:239,l:61,w:55},{x:118,y:239,l:55,w:90},{x:25,y:239,l:50,w:93},{x:79,y:289,l:10,w:39},{x:0,y:0,l:48,w:8},{x:0,y:48,l:41,w:8},],
----------------------- 2 ---------------------------
canvasWidth:300,
canvasHeight:300,
data:[{x:252,y:0,l:99,w:48},{x:257,y:99,l:39,w:43},{x:253,y:99,l:39,w:4},{x:257,y:138,l:97,w:43},{x:253,y:138,l:61,w:4},{x:286,y:235,l:20,w:14},{x:287,y:255,l:45,w:13},{x:252,y:235,l:44,w:34},{x:158,y:0,l:40,w:94},{x:96,y:0,l:39,w:62},{x:35,y:0,l:36,w:61},{x:5,y:0,l:35,w:30},{x:179,y:40,l:68,w:73},{x:102,y:40,l:13,w:77},{x:109,y:53,l:51,w:70},{x:5,y:40,l:32,w:97},{x:5,y:72,l:20,w:97},{x:168,y:108,l:47,w:84},{x:174,y:155,l:59,w:78},{x:168,y:155,l:43,w:6},{x:172,y:198,l:14,w:2},{x:171,y:214,l:55,w:81},{x:178,y:269,l:27,w:74},{x:108,y:108,l:44,w:60},{x:60,y:108,l:42,w:48},{x:5,y:108,l:41,w:55},{x:132,y:152,l:52,w:36},{x:133,y:204,l:60,w:35},{x:99,y:152,l:99,w:33},{x:108,y:251,l:12,w:24},{x:64,y:152,l:63,w:35},{x:71,y:215,l:48,w:28},{x:46,y:152,l:54,w:18},{x:100,y:266,l:34,w:68},{x:64,y:266,l:25,w:36},],
