====================================== Class_07.2bp-35 =====================================
Reduced size: 80 usedBin: 0
[14, 35, 52]
[12, 33, 45]
[0, 31]
[9, 13, 42]
[16, 32, 49]
[2, 53]
[34, 36, 47]
[5, 30, 48]
[11, 23]
[1, 54]
[4, 27, 58, 74]
[18, 25, 40]
[7, 37, 70, 79]
[3, 55]
[26, 41, 44, 59, 62, 78]
[10, 24, 66]
[8, 43, 56, 63, 73]
[22, 50, 51, 57, 64, 77]
[17, 19, 75]
[15, 46, 67]
[20, 29, 60, 61, 65]
[28, 38, 39, 72, 76]
[6, 21, 68, 69, 71]
------------------------------------------------
Best fit used bin number: 23
Found best solution: 23 0.157

   Statrt add columnAndCut col: 23 cons: 0 cut: 0	0.219

	1 Start Add column using column generation  col: 23 cons: 0 cut: 0	0.219
			Start solve  LP :0.219
			End solve LP obj: 23.0 t: 0
	1 End Add column using column generation : 23.0 col: 23 cons: 0 cut: 0	0.219
   End add columnAndCut : 23.0 colGencnt: 1 price: 0 col: 23 cons: 0 cut: 0	0.219

Node lb: 23.0 ub: 23 : 0.219

Final Found Solution: 23 genNode: 1 extendedNode: 0:0.235
Bin size: 10000
1 : 3738,2730,1496, : 7964
2 : 3900,2816,1925, : 8641
3 : 6693,2852, : 9545
4 : 4029,3822,2100, : 9951
5 : 3504,2848,1720, : 8072
6 : 6561,1482, : 8043
7 : 2736,2730,1890, : 7356
8 : 4560,2886,1760, : 9206
9 : 3950,3192, : 7142
10 : 6630,1474, : 8104
11 : 5141,3069,1260,222, : 9692
12 : 3478,3102,2291, : 8871
13 : 4455,2673,532,38, : 7698
14 : 5440,1463, : 6903
15 : 3072,2231,1943,1044,868,64, : 9222
16 : 4015,3145,640, : 7800
17 : 4136,2044,1440,828,267, : 8715
18 : 3234,1640,1520,1300,792,174, : 8660
19 : 3479,3456,207, : 7142
20 : 3696,1911,630, : 6237
21 : 3276,2926,1032,897,667, : 8798
22 : 3024,2574,2295,435,178, : 8506
23 : 4459,3268,576,572,520, : 9395
----------------------- 1 ---------------------------
canvasWidth:100,
canvasHeight:100,
data:[{x:58,y:0,l:89,w:42},{x:23,y:0,l:78,w:35},{x:1,y:0,l:68,w:22},],
----------------------- 2 ---------------------------
canvasWidth:100,
canvasHeight:100,
data:[{x:61,y:0,l:100,w:39},{x:29,y:0,l:88,w:32},{x:4,y:0,l:77,w:25},],
----------------------- 3 ---------------------------
canvasWidth:100,
canvasHeight:100,
data:[{x:3,y:0,l:69,w:97},{x:8,y:69,l:31,w:92},],
----------------------- 4 ---------------------------
canvasWidth:100,
canvasHeight:100,
data:[{x:0,y:0,l:21,w:100},{x:49,y:21,l:79,w:51},{x:0,y:21,l:78,w:49},],
----------------------- 5 ---------------------------
canvasWidth:100,
canvasHeight:100,
data:[{x:68,y:0,l:89,w:32},{x:48,y:0,l:86,w:20},{x:0,y:0,l:73,w:48},],
----------------------- 6 ---------------------------
canvasWidth:100,
canvasHeight:100,
data:[{x:19,y:0,l:81,w:81},{x:0,y:0,l:78,w:19},],
----------------------- 7 ---------------------------
canvasWidth:100,
canvasHeight:100,
data:[{x:65,y:0,l:78,w:35},{x:27,y:0,l:72,w:38},{x:0,y:0,l:70,w:27},],
----------------------- 8 ---------------------------
canvasWidth:100,
canvasHeight:100,
data:[{x:20,y:0,l:57,w:80},{x:22,y:57,l:37,w:78},{x:0,y:0,l:88,w:20},],
----------------------- 9 ---------------------------
canvasWidth:100,
canvasHeight:100,
data:[{x:50,y:0,l:79,w:50},{x:8,y:0,l:76,w:42},],
----------------------- 10 ---------------------------
canvasWidth:100,
canvasHeight:100,
data:[{x:22,y:0,l:85,w:78},{x:0,y:0,l:67,w:22},],
----------------------- 11 ---------------------------
canvasWidth:100,
canvasHeight:100,
data:[{x:47,y:0,l:97,w:53},{x:14,y:0,l:93,w:33},{x:0,y:0,l:90,w:14},{x:26,y:97,l:3,w:74},],
----------------------- 12 ---------------------------
canvasWidth:100,
canvasHeight:100,
data:[{x:63,y:0,l:94,w:37},{x:30,y:0,l:94,w:33},{x:1,y:0,l:79,w:29},],
----------------------- 13 ---------------------------
canvasWidth:100,
canvasHeight:100,
data:[{x:1,y:0,l:45,w:99},{x:0,y:0,l:38,w:1},{x:19,y:45,l:33,w:81},{x:0,y:45,l:28,w:19},],
----------------------- 14 ---------------------------
canvasWidth:100,
canvasHeight:100,
data:[{x:81,y:0,l:77,w:19},{x:0,y:0,l:68,w:80},],
----------------------- 15 ---------------------------
canvasWidth:100,
canvasHeight:100,
data:[{x:68,y:0,l:96,w:32},{x:84,y:96,l:4,w:16},{x:45,y:0,l:97,w:23},{x:16,y:0,l:67,w:29},{x:17,y:67,l:31,w:28},{x:4,y:0,l:87,w:12},],
----------------------- 16 ---------------------------
canvasWidth:100,
canvasHeight:100,
data:[{x:63,y:0,l:85,w:37},{x:55,y:0,l:80,w:8},{x:0,y:0,l:73,w:55},],
----------------------- 17 ---------------------------
canvasWidth:100,
canvasHeight:100,
data:[{x:56,y:0,l:94,w:44},{x:47,y:0,l:92,w:9},{x:31,y:0,l:90,w:16},{x:28,y:0,l:89,w:3},{x:0,y:0,l:73,w:28},],
----------------------- 18 ---------------------------
canvasWidth:100,
canvasHeight:100,
data:[{x:87,y:0,l:100,w:13},{x:54,y:0,l:98,w:33},{x:52,y:0,l:87,w:2},{x:33,y:0,l:80,w:19},{x:13,y:0,l:82,w:20},{x:0,y:0,l:66,w:12},],
----------------------- 19 ---------------------------
canvasWidth:100,
canvasHeight:100,
data:[{x:52,y:0,l:72,w:48},{x:3,y:0,l:71,w:49},{x:0,y:0,l:69,w:3},],
----------------------- 20 ---------------------------
canvasWidth:100,
canvasHeight:100,
data:[{x:56,y:0,l:84,w:44},{x:7,y:0,l:39,w:49},{x:42,y:39,l:45,w:14},],
----------------------- 21 ---------------------------
canvasWidth:100,
canvasHeight:100,
data:[{x:62,y:0,l:77,w:38},{x:71,y:77,l:23,w:29},{x:26,y:0,l:91,w:36},{x:14,y:0,l:86,w:12},{x:1,y:0,l:69,w:13},],
----------------------- 22 ---------------------------
canvasWidth:100,
canvasHeight:100,
data:[{x:98,y:0,l:89,w:2},{x:93,y:0,l:87,w:5},{x:66,y:0,l:85,w:27},{x:0,y:0,l:39,w:66},{x:10,y:39,l:54,w:56},],
----------------------- 23 ---------------------------
canvasWidth:100,
canvasHeight:100,
data:[{x:9,y:0,l:49,w:91},{x:14,y:49,l:38,w:86},{x:56,y:87,l:13,w:44},{x:16,y:87,l:13,w:40},{x:1,y:0,l:72,w:8},],
