====================================== Class_02.2bp-13 =====================================
Reduced size: 40 usedBin: 0
[0, 1, 2, 5, 6, 7, 8, 9, 10, 11, 12, 15, 16, 20, 22, 24, 25, 26, 28, 30, 34, 35, 36, 37, 38, 39]
[3, 4, 13, 14, 17, 18, 19, 21, 23, 27, 29, 31, 32, 33]
------------------------------------------------
Best fit used bin number: 2
Found best solution: 2 0.141

   Statrt add columnAndCut col: 2 cons: 0 cut: 0	0.203

	1 Start Add column using column generation  col: 2 cons: 0 cut: 0	0.203
			Start solve  LP :0.203
			End solve LP obj: 2.0 t: 0
	1 End Add column using column generation : 2.0 col: 2 cons: 0 cut: 0	0.203
   End add columnAndCut : 2.0 colGencnt: 1 price: 0 col: 2 cons: 0 cut: 0	0.203

Node lb: 2.0 ub: 2 : 0.203

Final Found Solution: 2 genNode: 1 extendedNode: 0:0.203
Bin size: 900
1 : 100,90,80,72,70,56,45,36,36,36,35,30,28,24,20,18,18,16,12,10,6,5,4,3,2,2, : 854
2 : 80,72,35,32,28,25,24,20,20,16,12,10,10,9, : 393
----------------------- 1 ---------------------------
canvasWidth:30,
canvasHeight:30,
data:[{x:20,y:0,l:10,w:10},{x:12,y:0,l:10,w:8},{x:5,y:0,l:8,w:7},{x:7,y:8,l:2,w:5},{x:6,y:8,l:2,w:1},{x:5,y:8,l:2,w:1},{x:4,y:0,l:6,w:1},{x:4,y:6,l:4,w:1},{x:0,y:0,l:9,w:4},{x:1,y:9,l:1,w:3},{x:21,y:10,l:10,w:9},{x:23,y:20,l:10,w:7},{x:21,y:20,l:9,w:2},{x:16,y:10,l:9,w:5},{x:16,y:19,l:7,w:5},{x:8,y:10,l:9,w:8},{x:8,y:19,l:3,w:8},{x:9,y:22,l:4,w:7},{x:2,y:10,l:6,w:6},{x:2,y:16,l:5,w:6},{x:7,y:21,l:5,w:1},{x:2,y:21,l:4,w:5},{x:0,y:10,l:6,w:2},{x:12,y:26,l:4,w:9},{x:3,y:26,l:2,w:9},{x:4,y:28,l:2,w:8},],
----------------------- 2 ---------------------------
canvasWidth:30,
canvasHeight:30,
data:[{x:20,y:0,l:8,w:10},{x:11,y:0,l:8,w:9},{x:7,y:0,l:8,w:4},{x:3,y:0,l:7,w:4},{x:0,y:0,l:3,w:3},{x:1,y:3,l:5,w:2},{x:25,y:8,l:7,w:5},{x:25,y:15,l:5,w:5},{x:25,y:20,l:4,w:5},{x:25,y:24,l:2,w:5},{x:26,y:26,l:4,w:4},{x:21,y:8,l:6,w:4},{x:21,y:14,l:5,w:4},{x:21,y:19,l:3,w:4},],
