====================================== Class_09.2bp-29 =====================================
Reduced size: 60 usedBin: 0
[0]
[8, 51]
[34, 52, 53]
[6, 58]
[43]
[21]
[24]
[37, 50]
[29]
[2]
[20]
[12]
[14]
[18]
[7]
[41]
[44, 49]
[19]
[28, 46]
[26]
[11, 54]
[15]
[23]
[39, 45]
[32, 47, 59]
[3, 55]
[40]
[25]
[33, 56]
[30]
[1]
[5]
[42]
[16]
[35, 48]
[9]
[31]
[22]
[38]
[10]
[13, 57]
[17]
[4]
[36]
[27]
------------------------------------------------
Best fit used bin number: 45
Found best solution: 45 0.141

   Statrt add columnAndCut col: 45 cons: 0 cut: 0	0.203

	1 Start Add column using column generation  col: 45 cons: 0 cut: 0	0.203
			Start solve  LP :0.203
			End solve LP obj: 45.0 t: 0
	1 End Add column using column generation : 45.0 col: 45 cons: 0 cut: 0	0.203
   End add columnAndCut : 45.0 colGencnt: 1 price: 0 col: 45 cons: 0 cut: 0	0.203

Node lb: 45.0 ub: 45 : 0.203

Final Found Solution: 45 genNode: 1 extendedNode: 0:0.203
Bin size: 10000
1 : 8900, : 8900
2 : 7600,1800, : 9400
3 : 4590,1755,1610, : 7955
4 : 8217,99, : 8316
5 : 3770, : 3770
6 : 5476, : 5476
7 : 5368, : 5368
8 : 4180,2040, : 6220
9 : 5070, : 5070
10 : 8722, : 8722
11 : 5760, : 5760
12 : 7055, : 7055
13 : 6555, : 6555
14 : 5859, : 5859
15 : 8178, : 8178
16 : 3850, : 3850
17 : 3180,2162, : 5342
18 : 5846, : 5846
19 : 5236,2619, : 7855
20 : 5254, : 5254
21 : 7084,1350, : 8434
22 : 6435, : 6435
23 : 5412, : 5412
24 : 3995,2860, : 6855
25 : 4914,2310,77, : 7301
26 : 8624,1020, : 9644
27 : 3920, : 3920
28 : 5332, : 5332
29 : 4900,759, : 5659
30 : 5056, : 5056
31 : 8820, : 8820
32 : 8366, : 8366
33 : 3834, : 3834
34 : 6392, : 6392
35 : 4485,2208, : 6693
36 : 7395, : 7395
37 : 4977, : 4977
38 : 5415, : 5415
39 : 4030, : 4030
40 : 7176, : 7176
41 : 6794,434, : 7228
42 : 5888, : 5888
43 : 8428, : 8428
44 : 4212, : 4212
45 : 5247, : 5247
----------------------- 1 ---------------------------
canvasWidth:100,
canvasHeight:100,
data:[{x:11,y:0,l:100,w:89},],
----------------------- 2 ---------------------------
canvasWidth:100,
canvasHeight:100,
data:[{x:24,y:0,l:100,w:76},{x:6,y:0,l:100,w:18},],
----------------------- 3 ---------------------------
canvasWidth:100,
canvasHeight:100,
data:[{x:10,y:0,l:51,w:90},{x:65,y:51,l:46,w:35},{x:26,y:51,l:45,w:39},],
----------------------- 4 ---------------------------
canvasWidth:100,
canvasHeight:100,
data:[{x:1,y:0,l:1,w:99},{x:17,y:1,l:99,w:83},],
----------------------- 5 ---------------------------
canvasWidth:100,
canvasHeight:100,
data:[{x:35,y:0,l:58,w:65},],
----------------------- 6 ---------------------------
canvasWidth:100,
canvasHeight:100,
data:[{x:26,y:0,l:74,w:74},],
----------------------- 7 ---------------------------
canvasWidth:100,
canvasHeight:100,
data:[{x:12,y:0,l:61,w:88},],
----------------------- 8 ---------------------------
canvasWidth:100,
canvasHeight:100,
data:[{x:15,y:0,l:24,w:85},{x:45,y:24,l:76,w:55},],
----------------------- 9 ---------------------------
canvasWidth:100,
canvasHeight:100,
data:[{x:35,y:0,l:78,w:65},],
----------------------- 10 ---------------------------
canvasWidth:100,
canvasHeight:100,
data:[{x:2,y:0,l:89,w:98},],
----------------------- 11 ---------------------------
canvasWidth:100,
canvasHeight:100,
data:[{x:36,y:0,l:90,w:64},],
----------------------- 12 ---------------------------
canvasWidth:100,
canvasHeight:100,
data:[{x:17,y:0,l:85,w:83},],
----------------------- 13 ---------------------------
canvasWidth:100,
canvasHeight:100,
data:[{x:31,y:0,l:95,w:69},],
----------------------- 14 ---------------------------
canvasWidth:100,
canvasHeight:100,
data:[{x:7,y:0,l:63,w:93},],
----------------------- 15 ---------------------------
canvasWidth:100,
canvasHeight:100,
data:[{x:13,y:0,l:94,w:87},],
----------------------- 16 ---------------------------
canvasWidth:100,
canvasHeight:100,
data:[{x:45,y:0,l:70,w:55},],
----------------------- 17 ---------------------------
canvasWidth:100,
canvasHeight:100,
data:[{x:47,y:0,l:60,w:53},{x:1,y:0,l:47,w:46},],
----------------------- 18 ---------------------------
canvasWidth:100,
canvasHeight:100,
data:[{x:26,y:0,l:79,w:74},],
----------------------- 19 ---------------------------
canvasWidth:100,
canvasHeight:100,
data:[{x:3,y:0,l:27,w:97},{x:23,y:27,l:68,w:77},],
----------------------- 20 ---------------------------
canvasWidth:100,
canvasHeight:100,
data:[{x:26,y:0,l:71,w:74},],
----------------------- 21 ---------------------------
canvasWidth:100,
canvasHeight:100,
data:[{x:8,y:0,l:77,w:92},{x:25,y:77,l:18,w:75},],
----------------------- 22 ---------------------------
canvasWidth:100,
canvasHeight:100,
data:[{x:35,y:0,l:99,w:65},],
----------------------- 23 ---------------------------
canvasWidth:100,
canvasHeight:100,
data:[{x:34,y:0,l:82,w:66},],
----------------------- 24 ---------------------------
canvasWidth:100,
canvasHeight:100,
data:[{x:53,y:0,l:85,w:47},{x:1,y:0,l:55,w:52},],
----------------------- 25 ---------------------------
canvasWidth:100,
canvasHeight:100,
data:[{x:22,y:0,l:63,w:78},{x:23,y:63,l:30,w:77},{x:89,y:93,l:7,w:11},],
----------------------- 26 ---------------------------
canvasWidth:100,
canvasHeight:100,
data:[{x:2,y:0,l:88,w:98},{x:15,y:88,l:12,w:85},],
----------------------- 27 ---------------------------
canvasWidth:100,
canvasHeight:100,
data:[{x:30,y:0,l:56,w:70},],
----------------------- 28 ---------------------------
canvasWidth:100,
canvasHeight:100,
data:[{x:14,y:0,l:62,w:86},],
----------------------- 29 ---------------------------
canvasWidth:100,
canvasHeight:100,
data:[{x:30,y:0,l:70,w:70},{x:31,y:70,l:11,w:69},],
----------------------- 30 ---------------------------
canvasWidth:100,
canvasHeight:100,
data:[{x:21,y:0,l:64,w:79},],
----------------------- 31 ---------------------------
canvasWidth:100,
canvasHeight:100,
data:[{x:2,y:0,l:90,w:98},],
----------------------- 32 ---------------------------
canvasWidth:100,
canvasHeight:100,
data:[{x:6,y:0,l:89,w:94},],
----------------------- 33 ---------------------------
canvasWidth:100,
canvasHeight:100,
data:[{x:46,y:0,l:71,w:54},],
----------------------- 34 ---------------------------
canvasWidth:100,
canvasHeight:100,
data:[{x:6,y:0,l:68,w:94},],
----------------------- 35 ---------------------------
canvasWidth:100,
canvasHeight:100,
data:[{x:31,y:0,l:65,w:69},{x:31,y:65,l:32,w:69},],
----------------------- 36 ---------------------------
canvasWidth:100,
canvasHeight:100,
data:[{x:15,y:0,l:87,w:85},],
----------------------- 37 ---------------------------
canvasWidth:100,
canvasHeight:100,
data:[{x:37,y:0,l:79,w:63},],
----------------------- 38 ---------------------------
canvasWidth:100,
canvasHeight:100,
data:[{x:5,y:0,l:57,w:95},],
----------------------- 39 ---------------------------
canvasWidth:100,
canvasHeight:100,
data:[{x:35,y:0,l:62,w:65},],
----------------------- 40 ---------------------------
canvasWidth:100,
canvasHeight:100,
data:[{x:8,y:0,l:78,w:92},],
----------------------- 41 ---------------------------
canvasWidth:100,
canvasHeight:100,
data:[{x:14,y:0,l:79,w:86},{x:0,y:0,l:31,w:14},],
----------------------- 42 ---------------------------
canvasWidth:100,
canvasHeight:100,
data:[{x:8,y:0,l:64,w:92},],
----------------------- 43 ---------------------------
canvasWidth:100,
canvasHeight:100,
data:[{x:14,y:0,l:98,w:86},],
----------------------- 44 ---------------------------
canvasWidth:100,
canvasHeight:100,
data:[{x:19,y:0,l:52,w:81},],
----------------------- 45 ---------------------------
canvasWidth:100,
canvasHeight:100,
data:[{x:1,y:0,l:53,w:99},],
