====================================== Class_10.2bp-49 =====================================
Reduced size: 100 usedBin: 0
[6, 12, 56, 62, 91]
[7, 27, 34, 35, 52, 74, 89]
[17, 22, 33, 36, 39, 63, 64, 84, 99]
[19, 24, 30, 38, 48, 49, 86, 94, 96, 97]
[10, 28, 32, 41, 55, 76]
[11, 15, 16, 68, 69]
[21, 23, 26, 43, 44, 45, 77, 85, 90]
[13, 20, 40, 54, 65, 71, 73, 82]
[0, 47, 67, 70]
[3, 14, 50, 80, 81, 83, 88, 92, 95, 98]
[5, 8, 57, 66, 75, 78]
[1, 46, 79]
[2, 25, 42, 58, 87]
[9, 18, 29, 37, 61, 72, 93]
[4, 31, 51, 53, 59, 60]
------------------------------------------------
Best fit used bin number: 15
Found best solution: 15 0.265

   Statrt add columnAndCut col: 15 cons: 0 cut: 0	0.328

	1 Start Add column using column generation  col: 15 cons: 0 cut: 0	0.328
			Start solve  LP :0.328
			End solve LP obj: 15.0 t: 15
	1 End Add column using column generation : 15.0 col: 15 cons: 0 cut: 0	0.343
   End add columnAndCut : 15.0 colGencnt: 1 price: 0 col: 15 cons: 0 cut: 0	0.343

Node lb: 15.0 ub: 15 : 0.343

Final Found Solution: 15 genNode: 1 extendedNode: 0:0.343
Bin size: 10000
1 : 4000,3157,816,648,88, : 8709
2 : 3420,1794,1406,1404,984,440,108, : 9556
3 : 2241,1892,1548,1386,1302,600,595,231,10, : 9805
4 : 2150,1849,1638,1328,1026,1015,192,64,25,20, : 9307
5 : 3286,1786,1575,1274,924,410, : 9255
6 : 3201,2800,2744,528,528, : 9801
7 : 1950,1850,1800,1150,1104,1100,400,230,98, : 9682
8 : 3135,2025,1302,960,560,492,480,270, : 9224
9 : 7565,1056,528,518, : 9667
10 : 4277,2904,1008,315,300,232,161,72,29,12, : 9310
11 : 4128,3375,744,550,430,384, : 9611
12 : 7553,1080,375, : 9008
13 : 5184,1806,1218,741,168, : 9117
14 : 3315,2208,1645,1365,663,490,68, : 9754
15 : 4221,1610,990,961,714,704, : 9200
----------------------- 1 ---------------------------
canvasWidth:100,
canvasHeight:100,
data:[{x:59,y:0,l:77,w:41},{x:96,y:77,l:22,w:4},{x:60,y:77,l:18,w:36},{x:9,y:0,l:80,w:50},{x:11,y:80,l:17,w:48},],
----------------------- 2 ---------------------------
canvasWidth:100,
canvasHeight:100,
data:[{x:22,y:0,l:23,w:78},{x:2,y:0,l:22,w:20},{x:76,y:23,l:41,w:24},{x:39,y:23,l:38,w:37},{x:40,y:61,l:3,w:36},{x:0,y:23,l:36,w:39},{x:5,y:64,l:36,w:95},],
----------------------- 3 ---------------------------
canvasWidth:100,
canvasHeight:100,
data:[{x:57,y:0,l:36,w:43},{x:58,y:36,l:33,w:42},{x:58,y:69,l:31,w:42},{x:22,y:0,l:17,w:35},{x:30,y:17,l:83,w:27},{x:22,y:17,l:75,w:8},{x:0,y:0,l:86,w:22},{x:1,y:86,l:11,w:21},{x:0,y:86,l:10,w:1},],
----------------------- 4 ---------------------------
canvasWidth:100,
canvasHeight:100,
data:[{x:17,y:0,l:16,w:83},{x:5,y:0,l:16,w:12},{x:0,y:0,l:5,w:5},{x:50,y:16,l:43,w:50},{x:7,y:16,l:43,w:43},{x:58,y:59,l:39,w:42},{x:68,y:98,l:2,w:32},{x:58,y:98,l:2,w:10},{x:31,y:59,l:38,w:27},{x:2,y:59,l:35,w:29},],
----------------------- 5 ---------------------------
canvasWidth:100,
canvasHeight:100,
data:[{x:47,y:0,l:62,w:53},{x:53,y:62,l:38,w:47},{x:12,y:0,l:45,w:35},{x:2,y:0,l:41,w:10},{x:21,y:45,l:49,w:26},{x:0,y:45,l:44,w:21},],
----------------------- 6 ---------------------------
canvasWidth:100,
canvasHeight:100,
data:[{x:0,y:0,l:28,w:100},{x:2,y:28,l:28,w:98},{x:3,y:56,l:33,w:97},{x:52,y:89,l:11,w:48},{x:4,y:89,l:11,w:48},],
----------------------- 7 ---------------------------
canvasWidth:100,
canvasHeight:100,
data:[{x:63,y:0,l:50,w:37},{x:27,y:0,l:50,w:36},{x:5,y:0,l:50,w:22},{x:0,y:0,l:46,w:5},{x:61,y:50,l:50,w:39},{x:59,y:50,l:49,w:2},{x:34,y:50,l:46,w:25},{x:10,y:50,l:46,w:24},{x:0,y:50,l:40,w:10},],
----------------------- 8 ---------------------------
canvasWidth:100,
canvasHeight:100,
data:[{x:5,y:0,l:33,w:95},{x:58,y:33,l:31,w:42},{x:59,y:64,l:12,w:41},{x:60,y:76,l:24,w:40},{x:12,y:33,l:45,w:45},{x:12,y:78,l:6,w:45},{x:22,y:84,l:16,w:35},{x:0,y:33,l:40,w:12},],
----------------------- 9 ---------------------------
canvasWidth:100,
canvasHeight:100,
data:[{x:11,y:0,l:85,w:89},{x:63,y:85,l:14,w:37},{x:19,y:85,l:12,w:44},{x:0,y:0,l:96,w:11},],
----------------------- 10 ---------------------------
canvasWidth:100,
canvasHeight:100,
data:[{x:9,y:0,l:47,w:91},{x:1,y:0,l:29,w:8},{x:0,y:0,l:29,w:1},{x:0,y:29,l:8,w:9},{x:94,y:47,l:50,w:6},{x:96,y:97,l:3,w:4},{x:28,y:47,l:44,w:66},{x:49,y:91,l:7,w:45},{x:26,y:91,l:7,w:23},{x:0,y:47,l:42,w:24},],
----------------------- 11 ---------------------------
canvasWidth:100,
canvasHeight:100,
data:[{x:55,y:0,l:75,w:45},{x:43,y:0,l:32,w:12},{x:45,y:32,l:43,w:10},{x:78,y:75,l:25,w:22},{x:47,y:75,l:24,w:31},{x:0,y:0,l:96,w:43},],
----------------------- 12 ---------------------------
canvasWidth:100,
canvasHeight:100,
data:[{x:17,y:0,l:91,w:83},{x:5,y:0,l:90,w:12},{x:0,y:0,l:75,w:5},],
----------------------- 13 ---------------------------
canvasWidth:100,
canvasHeight:100,
data:[{x:46,y:0,l:96,w:54},{x:4,y:0,l:43,w:42},{x:0,y:0,l:42,w:4},{x:4,y:43,l:29,w:42},{x:7,y:72,l:19,w:39},],
----------------------- 14 ---------------------------
canvasWidth:100,
canvasHeight:100,
data:[{x:65,y:0,l:47,w:35},{x:65,y:47,l:39,w:35},{x:65,y:86,l:14,w:35},{x:0,y:0,l:51,w:65},{x:19,y:51,l:48,w:46},{x:2,y:51,l:39,w:17},{x:0,y:51,l:34,w:2},],
----------------------- 15 ---------------------------
canvasWidth:100,
canvasHeight:100,
data:[{x:33,y:0,l:63,w:67},{x:54,y:63,l:35,w:46},{x:33,y:63,l:34,w:21},{x:2,y:0,l:31,w:31},{x:3,y:31,l:33,w:30},{x:11,y:65,l:32,w:22},],
