====================================== Class_01.2bp-11 =====================================
Reduced size: 40 usedBin: 0
[5, 20, 24, 30]
[4, 19, 23, 36]
[2, 14]
[1, 27, 39]
[0, 33, 34]
[8, 18, 31, 32, 35, 38]
[3, 15]
[6, 16, 22, 37]
[9, 17, 29]
[10, 13, 21]
[7, 11]
[12, 25, 26, 28]
------------------------------------------------
Best fit used bin number: 12
Found best solution: 12 0.141

   Statrt add columnAndCut col: 12 cons: 0 cut: 0	0.203

	1 Start Add column using column generation  col: 12 cons: 0 cut: 0	0.203
			Start solve  LP :0.203
			End solve LP obj: 12.0 t: 0
	1 End Add column using column generation : 12.0 col: 12 cons: 0 cut: 0	0.203
   End add columnAndCut : 12.0 colGencnt: 1 price: 0 col: 12 cons: 0 cut: 0	0.203

Node lb: 12.0 ub: 12 : 0.203

Final Found Solution: 12 genNode: 1 extendedNode: 0:0.203
Bin size: 100
1 : 50,20,14,10, : 94
2 : 54,20,16,3, : 93
3 : 70,30, : 100
4 : 72,14,2, : 88
5 : 81,9,8, : 98
6 : 45,21,10,10,5,3, : 94
7 : 54,28, : 82
8 : 49,24,18,3, : 94
9 : 42,24,12, : 78
10 : 42,32,18, : 92
11 : 45,36, : 81
12 : 36,14,14,12, : 76
----------------------- 1 ---------------------------
canvasWidth:10,
canvasHeight:10,
data:[{x:0,y:0,l:5,w:10},{x:0,y:5,l:2,w:10},{x:0,y:7,l:1,w:10},{x:3,y:8,l:2,w:7},],
----------------------- 2 ---------------------------
canvasWidth:10,
canvasHeight:10,
data:[{x:8,y:0,l:10,w:2},{x:2,y:0,l:9,w:6},{x:5,y:9,l:1,w:3},{x:0,y:0,l:8,w:2},],
----------------------- 3 ---------------------------
canvasWidth:10,
canvasHeight:10,
data:[{x:0,y:0,l:7,w:10},{x:0,y:7,l:3,w:10},],
----------------------- 4 ---------------------------
canvasWidth:10,
canvasHeight:10,
data:[{x:1,y:0,l:8,w:9},{x:3,y:8,l:2,w:7},{x:1,y:8,l:1,w:2},],
----------------------- 5 ---------------------------
canvasWidth:10,
canvasHeight:10,
data:[{x:1,y:0,l:9,w:9},{x:1,y:9,l:1,w:9},{x:0,y:0,l:8,w:1},],
----------------------- 6 ---------------------------
canvasWidth:10,
canvasHeight:10,
data:[{x:1,y:0,l:5,w:9},{x:0,y:0,l:5,w:1},{x:8,y:5,l:5,w:2},{x:1,y:5,l:3,w:7},{x:0,y:5,l:3,w:1},{x:3,y:8,l:2,w:5},],
----------------------- 7 ---------------------------
canvasWidth:10,
canvasHeight:10,
data:[{x:1,y:0,l:6,w:9},{x:3,y:6,l:4,w:7},],
----------------------- 8 ---------------------------
canvasWidth:10,
canvasHeight:10,
data:[{x:3,y:0,l:7,w:7},{x:0,y:0,l:6,w:3},{x:0,y:6,l:1,w:3},{x:2,y:7,l:3,w:8},],
----------------------- 9 ---------------------------
canvasWidth:10,
canvasHeight:10,
data:[{x:7,y:0,l:8,w:3},{x:0,y:0,l:6,w:7},{x:4,y:6,l:4,w:3},],
----------------------- 10 ---------------------------
canvasWidth:10,
canvasHeight:10,
data:[{x:4,y:0,l:7,w:6},{x:4,y:7,l:3,w:6},{x:0,y:0,l:8,w:4},],
----------------------- 11 ---------------------------
canvasWidth:10,
canvasHeight:10,
data:[{x:5,y:0,l:9,w:5},{x:1,y:0,l:9,w:4},],
----------------------- 12 ---------------------------
canvasWidth:10,
canvasHeight:10,
data:[{x:6,y:0,l:9,w:4},{x:4,y:0,l:7,w:2},{x:2,y:0,l:7,w:2},{x:0,y:0,l:6,w:2},],
