====================================== Class_08.2bp-32 =====================================
Reduced size: 80 usedBin: 0
[13, 24, 25]
[12, 21, 52]
[17, 20]
[11, 16, 42]
[0, 55, 65]
[2]
[3, 30, 76]
[1, 31, 64, 75]
[14]
[4, 5, 67]
[8, 22, 72]
[10, 19, 58, 60]
[7, 9, 68]
[15, 18, 49, 77]
[6, 34, 37]
[23, 29, 32, 51]
[26, 28, 53, 54, 66]
[27, 33, 35, 69, 74]
[36, 38, 44, 48, 50, 56]
[39, 40, 43, 46, 47, 57, 63, 79]
[41, 45, 59, 61, 62, 70, 71, 73, 78]
------------------------------------------------
Best fit used bin number: 21
Found best solution: 21 0.156

   Statrt add columnAndCut col: 21 cons: 0 cut: 0	0.219

	1 Start Add column using column generation  col: 21 cons: 0 cut: 0	0.219
			Start solve  LP :0.219
			End solve LP obj: 21.0 t: 0
com.wlj.solver.BBSolver:
--------------------------------------- Price Problem Start --------------------------------------------------------
dualPrice.size = 80 , dualPrice = [1.0, 1.0, 1.0, 1.0, 1.0, -0.0, 1.0, 1.0, 1.0, -0.0, 1.0, 1.0, 1.0, 1.0, 1.0, 1.0, -0.0, 1.0, -0.0, -0.0, -0.0, -0.0, -0.0, 1.0, -0.0, -0.0, 1.0, 1.0, -0.0, -0.0, -0.0, -0.0, -0.0, -0.0, -0.0, -0.0, 1.0, -0.0, -0.0, 1.0, -0.0, 1.0, -0.0, -0.0, -0.0, -0.0, -0.0, -0.0, -0.0, -0.0, -0.0, -0.0, -0.0, -0.0, -0.0, -0.0, -0.0, -0.0, -0.0, -0.0, -0.0, -0.0, -0.0, -0.0, -0.0, -0.0, -0.0, -0.0, -0.0, -0.0, -0.0, -0.0, -0.0, -0.0, -0.0, -0.0, -0.0, -0.0, -0.0, -0.0]
			Active cut size: 0
W = 100 
H = 100
normalXList.size = 4
normalYList.size = 37
xList.size = 3
yList.size = 21
squareList.size = 21
myConsList.size = 0
当前上界 = 4.0
当前上界 = 3.8
当前上界 = 3.5999999999999996
当前上界 = 3.3999999999999995
当前上界 = 3.1999999999999993
当前上界 = 2.999999999999999
最优解：3.0
solutionList.size() = 62
pattern.getKey() = 17@23@41@
用时：0.016 s
--------------------------------------- Price Problem End --------------------------------------------------------
		1 Add column : 1 col:21 	0.235
			Start solve  LP :0.235
			End solve LP obj: 21.0 t: 0
com.wlj.solver.BBSolver:
--------------------------------------- Price Problem Start --------------------------------------------------------
dualPrice.size = 80 , dualPrice = [1.0, 1.0, 1.0, 1.0, 1.0, -0.0, 1.0, 1.0, 1.0, -0.0, 1.0, 1.0, 1.0, 1.0, 1.0, 1.0, -0.0, -0.0, -0.0, -0.0, 1.0, -0.0, -0.0, 0.0, -0.0, -0.0, 1.0, 1.0, -0.0, 1.0, -0.0, -0.0, -0.0, -0.0, -0.0, -0.0, 1.0, -0.0, -0.0, 1.0, -0.0, 1.0, -0.0, -0.0, -0.0, -0.0, -0.0, -0.0, -0.0, -0.0, -0.0, -0.0, -0.0, -0.0, -0.0, -0.0, -0.0, -0.0, -0.0, -0.0, -0.0, -0.0, -0.0, -0.0, -0.0, -0.0, -0.0, -0.0, -0.0, -0.0, -0.0, -0.0, -0.0, -0.0, -0.0, -0.0, -0.0, -0.0, -0.0, -0.0]
			Active cut size: 0
W = 100 
H = 100
normalXList.size = 5
normalYList.size = 38
xList.size = 5
yList.size = 21
squareList.size = 21
myConsList.size = 0
当前上界 = 4.0
当前上界 = 3.8
当前上界 = 3.5999999999999996
当前上界 = 3.3999999999999995
当前上界 = 3.1999999999999993
当前上界 = 2.999999999999999
最优解：3.0
solutionList.size() = 44
pattern.getKey() = 13@26@41@
用时：0.015 s
--------------------------------------- Price Problem End --------------------------------------------------------
		2 Add column : 1 col:22 	0.25
			Start solve  LP :0.25
			End solve LP obj: 21.0 t: 0
com.wlj.solver.BBSolver:
--------------------------------------- Price Problem Start --------------------------------------------------------
dualPrice.size = 80 , dualPrice = [1.0, 1.0, 1.0, 1.0, 1.0, -0.0, 1.0, 1.0, 1.0, -0.0, 1.0, 1.0, 1.0, -0.0, 1.0, 1.0, -0.0, -0.0, -0.0, -0.0, 1.0, -0.0, -0.0, 0.0, 1.0, -0.0, 0.0, 1.0, 1.0, 1.0, -0.0, -0.0, -0.0, -0.0, -0.0, -0.0, 1.0, -0.0, -0.0, 1.0, -0.0, 1.0, -0.0, -0.0, -0.0, -0.0, -0.0, -0.0, -0.0, -0.0, -0.0, -0.0, -0.0, -0.0, -0.0, -0.0, -0.0, -0.0, -0.0, -0.0, -0.0, -0.0, -0.0, -0.0, -0.0, -0.0, -0.0, -0.0, -0.0, -0.0, -0.0, -0.0, -0.0, -0.0, -0.0, -0.0, -0.0, -0.0, -0.0, -0.0]
			Active cut size: 0
W = 100 
H = 100
normalXList.size = 5
normalYList.size = 41
xList.size = 5
yList.size = 23
squareList.size = 21
myConsList.size = 0
当前上界 = 4.0
当前上界 = 3.8
当前上界 = 3.5999999999999996
当前上界 = 3.3999999999999995
当前上界 = 3.1999999999999993
当前上界 = 2.999999999999999
最优解：3.0
solutionList.size() = 60
pattern.getKey() = 24@27@41@
用时：0.0 s
--------------------------------------- Price Problem End --------------------------------------------------------
		3 Add column : 1 col:23 	0.25
			Start solve  LP :0.25
			End solve LP obj: 21.0 t: 0
com.wlj.solver.BBSolver:
--------------------------------------- Price Problem Start --------------------------------------------------------
dualPrice.size = 80 , dualPrice = [1.0, 1.0, 1.0, 1.0, 1.0, -0.0, 1.0, 1.0, 1.0, -0.0, 1.0, 1.0, 1.0, 1.0, 1.0, 1.0, -0.0, -0.0, -0.0, -0.0, 1.0, -0.0, -0.0, 1.0, 0.0, -0.0, -0.0, 1.0, 1.0, 0.0, -0.0, -0.0, -0.0, -0.0, -0.0, -0.0, 1.0, -0.0, -0.0, 1.0, -0.0, 0.0, -0.0, -0.0, -0.0, 1.0, -0.0, -0.0, -0.0, -0.0, -0.0, -0.0, -0.0, -0.0, -0.0, -0.0, -0.0, -0.0, -0.0, -0.0, -0.0, -0.0, -0.0, -0.0, -0.0, -0.0, -0.0, -0.0, -0.0, -0.0, -0.0, -0.0, -0.0, -0.0, -0.0, -0.0, -0.0, -0.0, -0.0, -0.0]
			Active cut size: 0
W = 100 
H = 100
normalXList.size = 5
normalYList.size = 33
xList.size = 5
yList.size = 19
squareList.size = 21
myConsList.size = 0
当前上界 = 4.0
当前上界 = 3.8
当前上界 = 3.5999999999999996
当前上界 = 3.3999999999999995
当前上界 = 3.1999999999999993
当前上界 = 2.999999999999999
最优解：3.0
solutionList.size() = 56
pattern.getKey() = 11@13@45@
用时：0.0 s
--------------------------------------- Price Problem End --------------------------------------------------------
		4 Add column : 1 col:24 	0.266
			Start solve  LP :0.266
			End solve LP obj: 21.0 t: 0
com.wlj.solver.BBSolver:
--------------------------------------- Price Problem Start --------------------------------------------------------
dualPrice.size = 80 , dualPrice = [1.0, 1.0, 1.0, 1.0, 1.0, -0.0, 1.0, 1.0, 1.0, -0.0, 1.0, -0.0, 1.0, 0.0, 1.0, 1.0, 1.0, -0.0, -0.0, -0.0, 1.0, -0.0, -0.0, 1.0, -0.0, 1.0, -0.0, 1.0, 1.0, 0.0, -0.0, -0.0, -0.0, -0.0, -0.0, -0.0, 1.0, -0.0, -0.0, 1.0, -0.0, 0.0, -0.0, -0.0, -0.0, 1.0, -0.0, -0.0, -0.0, -0.0, -0.0, -0.0, -0.0, -0.0, -0.0, -0.0, -0.0, -0.0, -0.0, -0.0, -0.0, -0.0, -0.0, -0.0, -0.0, -0.0, -0.0, -0.0, -0.0, -0.0, -0.0, -0.0, -0.0, -0.0, -0.0, -0.0, -0.0, -0.0, -0.0, -0.0]
			Active cut size: 0
W = 98 
H = 100
normalXList.size = 5
normalYList.size = 34
xList.size = 5
yList.size = 19
squareList.size = 21
myConsList.size = 0
当前上界 = 4.0
当前上界 = 3.8
当前上界 = 3.5999999999999996
当前上界 = 3.3999999999999995
当前上界 = 3.1999999999999993
当前上界 = 2.999999999999999
最优解：3.0
solutionList.size() = 66
pattern.getKey() = 23@25@45@
用时：0.0 s
--------------------------------------- Price Problem End --------------------------------------------------------
		5 Add column : 1 col:25 	0.266
			Start solve  LP :0.266
			End solve LP obj: 21.0 t: 0
com.wlj.solver.BBSolver:
--------------------------------------- Price Problem Start --------------------------------------------------------
dualPrice.size = 80 , dualPrice = [1.0, 1.0, 1.0, 1.0, 1.0, -0.0, 1.0, 1.0, 1.0, -0.0, 1.0, -0.0, 1.0, 0.5, 1.0, 1.0, 1.0, -0.0, -0.0, -0.0, 1.0, -0.0, -0.0, -0.0, -0.0, 0.5, -0.0, 0.5, 1.0, 1.0, -0.0, -0.0, -0.0, 0.5, -0.0, -0.0, 1.0, -0.0, -0.0, 1.0, -0.0, 0.5, -0.0, -0.0, -0.0, 0.5, -0.0, -0.0, -0.0, -0.0, -0.0, -0.0, -0.0, -0.0, -0.0, -0.0, -0.0, -0.0, -0.0, -0.0, -0.0, -0.0, -0.0, -0.0, -0.0, -0.0, -0.0, -0.0, -0.0, -0.0, -0.0, -0.0, -0.0, -0.0, -0.0, -0.0, -0.0, -0.0, -0.0, -0.0]
			Active cut size: 0
W = 100 
H = 100
normalXList.size = 5
normalYList.size = 44
xList.size = 5
yList.size = 29
squareList.size = 24
myConsList.size = 0
当前上界 = 4.0
当前上界 = 3.8
当前上界 = 3.5999999999999996
当前上界 = 3.3999999999999995
当前上界 = 3.1999999999999993
当前上界 = 2.999999999999999
最优解：3.0
solutionList.size() = 12
pattern.getKey() = 16@36@39@
用时：0.015 s
--------------------------------------- Price Problem End --------------------------------------------------------
		6 Add column : 1 col:26 	0.281
			Start solve  LP :0.281
			End solve LP obj: 21.0 t: 0
com.wlj.solver.BBSolver:
--------------------------------------- Price Problem Start --------------------------------------------------------
dualPrice.size = 80 , dualPrice = [1.0, 1.0, 1.0, 1.0, 1.0, -0.0, 1.0, 1.0, 1.0, -0.0, 1.0, 1.0, 1.0, -0.0, 1.0, 1.0, 0.0, -0.0, -0.0, -0.0, 1.0, -0.0, -0.0, -0.0, -0.0, 1.0, -0.0, 0.0, 1.0, 1.0, -0.0, -0.0, -0.0, 1.0, -0.0, -0.0, 1.0, -0.0, -0.0, 0.0, -0.0, 1.0, -0.0, -0.0, -0.0, -0.0, -0.0, -0.0, -0.0, -0.0, -0.0, -0.0, -0.0, -0.0, -0.0, -0.0, -0.0, -0.0, -0.0, 0.0, -0.0, -0.0, -0.0, -0.0, -0.0, -0.0, -0.0, -0.0, -0.0, -0.0, -0.0, -0.0, -0.0, -0.0, -0.0, -0.0, -0.0, -0.0, -0.0, 1.0]
			Active cut size: 0
W = 99 
H = 100
normalXList.size = 31
normalYList.size = 57
xList.size = 7
yList.size = 31
squareList.size = 21
myConsList.size = 0
当前上界 = 5.0
当前上界 = 4.733333333333333
当前上界 = 4.466666666666667
当前上界 = 4.2
当前上界 = 3.9333333333333336
最优解：4.0
solutionList.size() = 24
pattern.getKey() = 25@28@41@79@
用时：0.016 s
--------------------------------------- Price Problem End --------------------------------------------------------
		7 Add column : 1 col:27 	0.297
			Start solve  LP :0.297
			End solve LP obj: 21.0 t: 0
com.wlj.solver.BBSolver:
--------------------------------------- Price Problem Start --------------------------------------------------------
dualPrice.size = 80 , dualPrice = [1.0, 1.0, 1.0, 1.0, 1.0, -0.0, 1.0, 1.0, 1.0, -0.0, 1.0, 1.0, 1.0, -0.0, 1.0, 1.0, 0.0, -0.0, -0.0, -0.0, 1.0, -0.0, -0.0, -0.0, 1.0, -0.0, 1.0, 0.0, 0.0, 1.0, -0.0, -0.0, -0.0, 1.0, -0.0, -0.0, 1.0, -0.0, -0.0, 0.0, -0.0, -0.0, -0.0, -0.0, -0.0, -0.0, -0.0, -0.0, -0.0, -0.0, -0.0, -0.0, -0.0, -0.0, -0.0, -0.0, -0.0, -0.0, -0.0, 1.0, -0.0, -0.0, -0.0, -0.0, -0.0, -0.0, -0.0, -0.0, -0.0, -0.0, -0.0, -0.0, -0.0, -0.0, -0.0, -0.0, -0.0, -0.0, -0.0, 1.0]
			Active cut size: 0
W = 100 
H = 100
normalXList.size = 30
normalYList.size = 58
xList.size = 7
yList.size = 35
squareList.size = 21
myConsList.size = 0
当前上界 = 5.0
当前上界 = 4.733333333333333
当前上界 = 4.466666666666667
当前上界 = 4.2
当前上界 = 3.9333333333333336
最优解：4.0
solutionList.size() = 48
pattern.getKey() = 11@26@59@79@
用时：0.031 s
--------------------------------------- Price Problem End --------------------------------------------------------
		8 Add column : 1 col:28 	0.328
			Start solve  LP :0.328
			End solve LP obj: 21.0 t: 0
com.wlj.solver.BBSolver:
--------------------------------------- Price Problem Start --------------------------------------------------------
dualPrice.size = 80 , dualPrice = [1.0, 1.0, 1.0, 1.0, 1.0, -0.0, 1.0, 1.0, 1.0, -0.0, 1.0, 1.0, 1.0, -0.0, 1.0, 1.0, 0.0, -0.0, -0.0, -0.0, 1.0, -0.0, -0.0, -0.0, 1.0, -0.0, -0.0, 0.0, 1.0, 1.0, -0.0, -0.0, -0.0, 1.0, -0.0, -0.0, -0.0, -0.0, 1.0, 1.0, -0.0, -0.0, -0.0, -0.0, -0.0, -0.0, -0.0, -0.0, -0.0, -0.0, -0.0, -0.0, -0.0, -0.0, -0.0, -0.0, -0.0, -0.0, -0.0, 0.0, -0.0, -0.0, -0.0, -0.0, -0.0, -0.0, -0.0, -0.0, -0.0, -0.0, -0.0, -0.0, -0.0, -0.0, -0.0, -0.0, -0.0, -0.0, 1.0, 0.0]
			Active cut size: 0
W = 100 
H = 100
normalXList.size = 25
normalYList.size = 61
xList.size = 9
yList.size = 31
squareList.size = 21
myConsList.size = 0
当前上界 = 5.0
当前上界 = 4.733333333333333
当前上界 = 4.466666666666667
当前上界 = 4.2
当前上界 = 3.9333333333333336
最优解：4.0
solutionList.size() = 34
pattern.getKey() = 24@28@39@78@
用时：0.016 s
--------------------------------------- Price Problem End --------------------------------------------------------
		9 Add column : 1 col:29 	0.344
			Start solve  LP :0.344
			End solve LP obj: 21.0 t: 0
com.wlj.solver.BBSolver:
--------------------------------------- Price Problem Start --------------------------------------------------------
dualPrice.size = 80 , dualPrice = [1.0, 1.0, 1.0, 1.0, 1.0, -0.0, 1.0, 1.0, 1.0, -0.0, 1.0, -0.0, 1.0, 1.0, 1.0, 1.0, 1.0, -0.0, -0.0, -0.0, 1.0, -0.0, -0.0, -0.0, 0.0, -0.0, -0.0, 1.0, 1.0, 1.0, -0.0, -0.0, -0.0, 0.0, -0.0, -0.0, -0.0, -0.0, 1.0, -0.0, 1.0, -0.0, -0.0, -0.0, -0.0, -0.0, -0.0, -0.0, -0.0, -0.0, -0.0, -0.0, -0.0, -0.0, -0.0, -0.0, -0.0, -0.0, -0.0, 1.0, -0.0, -0.0, -0.0, -0.0, -0.0, -0.0, -0.0, -0.0, -0.0, -0.0, -0.0, -0.0, -0.0, -0.0, -0.0, -0.0, -0.0, -0.0, -0.0, 0.0]
			Active cut size: 0
W = 100 
H = 100
normalXList.size = 5
normalYList.size = 55
xList.size = 5
yList.size = 27
squareList.size = 21
myConsList.size = 0
当前上界 = 5.0
当前上界 = 4.733333333333333
当前上界 = 4.466666666666667
当前上界 = 4.2
当前上界 = 3.9333333333333336
最优解：4.0
solutionList.size() = 6
pattern.getKey() = 27@38@40@59@
用时：0.0 s
--------------------------------------- Price Problem End --------------------------------------------------------
		10 Add column : 1 col:30 	0.344
			Start solve  LP :0.344
			End solve LP obj: 21.0 t: 0
com.wlj.solver.BBSolver:
--------------------------------------- Price Problem Start --------------------------------------------------------
dualPrice.size = 80 , dualPrice = [1.0, 1.0, 1.0, 1.0, 1.0, -0.0, 1.0, 1.0, 1.0, -0.0, 1.0, -0.0, 1.0, 1.0, 1.0, 1.0, 1.0, -0.0, -0.0, -0.0, 1.0, -0.0, -0.0, -0.0, 0.0, -0.0, 0.0, -0.0, 0.0, 1.0, -0.0, -0.0, -0.0, 1.0, -0.0, -0.0, -0.0, -0.0, 1.0, -0.0, 0.0, -0.0, -0.0, -0.0, -0.0, -0.0, -0.0, -0.0, -0.0, -0.0, -0.0, -0.0, -0.0, 1.0, -0.0, -0.0, -0.0, -0.0, -0.0, 0.0, -0.0, -0.0, -0.0, -0.0, -0.0, -0.0, -0.0, -0.0, -0.0, -0.0, -0.0, -0.0, -0.0, -0.0, -0.0, -0.0, -0.0, -0.0, 1.0, 1.0]
			Active cut size: 0
W = 100 
H = 100
normalXList.size = 44
normalYList.size = 69
xList.size = 13
yList.size = 43
squareList.size = 21
myConsList.size = 0
当前上界 = 6.0
当前上界 = 5.666666666666667
当前上界 = 5.333333333333334
当前上界 = 5.000000000000001
最优解：5.0
solutionList.size() = 34
pattern.getKey() = 16@29@53@78@79@
用时：0.359 s
--------------------------------------- Price Problem End --------------------------------------------------------
		11 Add column : 1 col:31 	0.703
			Start solve  LP :0.703
			End solve LP obj: 21.0 t: 0
com.wlj.solver.BBSolver:
--------------------------------------- Price Problem Start --------------------------------------------------------
dualPrice.size = 80 , dualPrice = [1.0, 1.0, 1.0, 1.0, 1.0, -0.0, 1.0, 1.0, 1.0, -0.0, 1.0, -0.0, 1.0, 0.0, 1.0, 1.0, 0.0, -0.0, -0.0, -0.0, 1.0, -0.0, -0.0, -0.0, 1.0, -0.0, 1.0, -0.0, 0.0, 1.0, -0.0, -0.0, -0.0, 1.0, -0.0, -0.0, 1.0, -0.0, 0.0, -0.0, 1.0, 0.0, 1.0, -0.0, -0.0, 1.0, -0.0, -0.0, -0.0, -0.0, -0.0, -0.0, -0.0, -0.0, -0.0, -0.0, -0.0, -0.0, -0.0, -0.0, -0.0, -0.0, -0.0, -0.0, -0.0, -0.0, -0.0, -0.0, -0.0, -0.0, -0.0, -0.0, -0.0, -0.0, -0.0, -0.0, -0.0, -0.0, 0.0, 0.0]
			Active cut size: 0
W = 100 
H = 100
normalXList.size = 5
normalYList.size = 45
xList.size = 5
yList.size = 29
squareList.size = 21
myConsList.size = 0
当前上界 = 5.0
当前上界 = 4.733333333333333
当前上界 = 4.466666666666667
当前上界 = 4.2
当前上界 = 3.9333333333333336
最优解：4.0
solutionList.size() = 3
pattern.getKey() = 24@40@42@45@
用时：0.0 s
--------------------------------------- Price Problem End --------------------------------------------------------
		12 Add column : 1 col:32 	0.703
			Start solve  LP :0.703
			End solve LP obj: 21.0 t: 0
com.wlj.solver.BBSolver:
--------------------------------------- Price Problem Start --------------------------------------------------------
dualPrice.size = 80 , dualPrice = [1.0, 1.0, 1.0, 1.0, 1.0, -0.0, 1.0, 1.0, 1.0, -0.0, 1.0, 0.19999999999999996, 1.0, 0.6000000000000001, 1.0, 1.0, -0.0, -0.0, -0.0, -0.0, 1.0, -0.0, -0.0, 0.3999999999999999, -0.0, 0.4, 0.3999999999999999, -0.0, 0.6000000000000001, 0.6000000000000001, -0.0, -0.0, -0.0, 1.0, -0.0, -0.0, 1.0, -0.0, 0.0, -0.0, -0.0, 0.0, 0.8, 1.0, -0.0, 0.19999999999999996, -0.0, -0.0, -0.0, -0.0, -0.0, -0.0, -0.0, -0.0, -0.0, -0.0, -0.0, -0.0, -0.0, 0.40000000000000013, -0.0, -0.0, -0.0, -0.0, -0.0, -0.0, -0.0, -0.0, -0.0, -0.0, -0.0, -0.0, -0.0, -0.0, -0.0, -0.0, -0.0, -0.0, 0.3999999999999999, -0.0]
			Active cut size: 0
W = 100 
H = 100
normalXList.size = 30
normalYList.size = 75
xList.size = 9
yList.size = 55
squareList.size = 27
myConsList.size = 0
当前上界 = 4.8
当前上界 = 4.546666666666667
当前上界 = 4.293333333333334
当前上界 = 4.040000000000001
当前上界 = 3.7866666666666675
最优解：3.8
solutionList.size() = 1
pattern.getKey() = 33@36@43@59@78@
用时：0.125 s
--------------------------------------- Price Problem End --------------------------------------------------------
		13 Add column : 1 col:33 	0.828
			Start solve  LP :0.828
			End solve LP obj: 21.0 t: 0
com.wlj.solver.BBSolver:
--------------------------------------- Price Problem Start --------------------------------------------------------
dualPrice.size = 80 , dualPrice = [1.0, 1.0, 1.0, 1.0, 1.0, -0.0, 1.0, 1.0, 1.0, -0.0, 1.0, 0.3333333333333333, 1.0, 0.33333333333333337, 1.0, 1.0, -0.0, -0.0, -0.0, -0.0, 1.0, -0.0, -0.0, -0.0, -0.0, 0.6666666666666666, 0.6666666666666666, -0.0, 0.33333333333333337, 1.0, -0.0, -0.0, -0.0, 0.0, -0.0, 1.0, 0.0, -0.0, 1.0, -0.0, -0.0, 0.0, 0.6666666666666667, 1.0, -0.0, 0.3333333333333333, -0.0, -0.0, -0.0, -0.0, -0.0, -0.0, -0.0, -0.0, -0.0, -0.0, -0.0, -0.0, -0.0, -0.0, -0.0, 0.6666666666666667, -0.0, -0.0, -0.0, -0.0, -0.0, -0.0, -0.0, -0.0, -0.0, -0.0, -0.0, -0.0, -0.0, -0.0, -0.0, -0.0, -0.0, -0.0]
			Active cut size: 0
W = 100 
H = 100
normalXList.size = 5
normalYList.size = 68
xList.size = 5
yList.size = 51
squareList.size = 25
myConsList.size = 0
当前上界 = 4.666666666666667
当前上界 = 4.4222222222222225
当前上界 = 4.177777777777778
最优解：4.333333333333334
solutionList.size() = 1
pattern.getKey() = 35@38@42@43@61@
用时：0.016 s
--------------------------------------- Price Problem End --------------------------------------------------------
		14 Add column : 1 col:34 	0.844
			Start solve  LP :0.844
			End solve LP obj: 21.0 t: 0
com.wlj.solver.BBSolver:
--------------------------------------- Price Problem Start --------------------------------------------------------
dualPrice.size = 80 , dualPrice = [1.0, 1.0, 1.0, 1.0, 1.0, -0.0, 1.0, 1.0, 1.0, -0.0, 1.0, 0.5, 1.0, 0.24999999999999994, 1.0, 1.0, 0.0, -0.0, -0.0, -0.0, 1.0, -0.0, -0.0, -0.0, 2.7755575615628914E-17, 0.75, 0.5, -0.0, -2.7755575615628914E-17, 1.0, -0.0, -0.0, -0.0, 1.0, -0.0, -0.0, 0.0, -0.0, -0.0, 1.0, -0.0, 0.25, 0.5, -0.0, 1.0, 0.24999999999999997, -0.0, -0.0, -0.0, -0.0, -0.0, -0.0, -0.0, -0.0, 0.5, -0.0, -0.0, -0.0, -0.0, -0.0, -0.0, 0.5, -0.0, -0.0, -0.0, -0.0, -0.0, -0.0, -0.0, -0.0, -0.0, -0.0, -0.0, -0.0, -0.0, -0.0, -0.0, -0.0, -0.0, -0.0]
			Active cut size: 0
W = 100 
H = 100
normalXList.size = 15
normalYList.size = 69
xList.size = 7
yList.size = 53
squareList.size = 26
myConsList.size = 0
当前上界 = 4.5
当前上界 = 4.266666666666667
当前上界 = 4.033333333333333
当前上界 = 3.8
最优解：4.0
solutionList.size() = 7
pattern.getKey() = 29@33@44@54@61@
用时：0.016 s
--------------------------------------- Price Problem End --------------------------------------------------------
		15 Add column : 1 col:35 	0.86
			Start solve  LP :0.86
			End solve LP obj: 21.0 t: 0
com.wlj.solver.BBSolver:
--------------------------------------- Price Problem Start --------------------------------------------------------
dualPrice.size = 80 , dualPrice = [1.0, 1.0, 1.0, 1.0, 1.0, -0.0, 1.0, 1.0, 1.0, -0.0, 1.0, 0.5, 1.0, 0.5, 1.0, 1.0, -0.0, -0.0, -0.0, -0.0, 1.0, -0.0, -0.0, 0.5, -0.0, 0.5, 0.5, 1.0, 0.5, 0.5, -0.0, -0.0, -0.0, -0.0, -0.0, 0.0, 0.5, -0.0, -0.0, 0.5, -0.0, -0.0, 0.5, 0.5, 0.5, 0.0, -0.0, -0.0, -0.0, -0.0, -0.0, -0.0, -0.0, -0.0, -0.0, -0.0, -0.0, -0.0, -0.0, -0.0, -0.0, -0.0, 1.0, -0.0, -0.0, -0.0, -0.0, -0.0, -0.0, -0.0, -0.0, -0.0, -0.0, -0.0, -0.0, -0.0, -0.0, -0.0, -0.0, -0.0]
			Active cut size: 0
W = 100 
H = 100
normalXList.size = 5
normalYList.size = 66
xList.size = 5
yList.size = 49
squareList.size = 27
myConsList.size = 0
当前上界 = 4.0
当前上界 = 3.8
当前上界 = 3.5999999999999996
当前上界 = 3.3999999999999995
最优解：3.5
solutionList.size() = 1
pattern.getKey() = 27@39@43@44@62@
用时：0.015 s
--------------------------------------- Price Problem End --------------------------------------------------------
		16 Add column : 1 col:36 	0.875
			Start solve  LP :0.875
			End solve LP obj: 21.0 t: 0
com.wlj.solver.BBSolver:
--------------------------------------- Price Problem Start --------------------------------------------------------
dualPrice.size = 80 , dualPrice = [1.0, 1.0, 1.0, 1.0, 1.0, -0.0, 1.0, 1.0, 1.0, -0.0, 1.0, 0.5, 1.0, 0.5, 1.0, 1.0, 0.25, -0.0, -0.0, -0.0, 1.0, -0.0, -0.0, 0.5, -0.0, 0.5, 0.5, -0.0, 0.5, 0.5, -0.0, -0.0, -0.0, 0.25, -0.0, 0.75, 0.75, -0.0, -0.0, -0.0, 0.75, -0.0, 0.25, -0.0, 0.0, -0.0, 0.25, -0.0, 0.25, -0.0, -0.0, -0.0, -0.0, -0.0, -0.0, -0.0, -0.0, -0.0, -0.0, -0.0, -0.0, -0.0, 1.0, -0.0, -0.0, -0.0, -0.0, -0.0, -0.0, -0.0, -0.0, -0.0, -0.0, -0.0, -0.0, -0.0, -0.0, -0.0, -0.0, -0.0]
			Active cut size: 0
W = 100 
H = 100
normalXList.size = 5
normalYList.size = 68
xList.size = 5
yList.size = 53
squareList.size = 29
myConsList.size = 0
当前上界 = 3.75
当前上界 = 3.566666666666667
当前上界 = 3.3833333333333337
最优解：3.5
solutionList.size() = 3
pattern.getKey() = 35@36@40@48@62@
用时：0.016 s
--------------------------------------- Price Problem End --------------------------------------------------------
		17 Add column : 1 col:37 	0.891
			Start solve  LP :0.891
			End solve LP obj: 21.0 t: 0
com.wlj.solver.BBSolver:
--------------------------------------- Price Problem Start --------------------------------------------------------
dualPrice.size = 80 , dualPrice = [1.0, 1.0, 1.0, 1.0, 1.0, -0.0, 1.0, 1.0, 1.0, -0.0, 1.0, -0.0, 1.0, 0.6666666666666667, 1.0, 1.0, 0.5555555555555556, -0.0, -0.0, -0.0, 1.0, -0.0, -0.0, 0.5555555555555556, 0.2222222222222222, 0.11111111111111116, 0.2222222222222222, 0.6296296296296297, 0.7777777777777778, 0.4444444444444445, -0.0, -0.0, -0.0, 0.37037037037037035, -0.0, -0.0, 0.25925925925925924, -0.0, -0.0, -0.0, -0.0, 0.1111111111111111, 0.4444444444444445, -0.0, 0.18518518518518517, 0.3333333333333333, 1.0, -0.0, 0.5555555555555556, -0.0, -0.0, -0.0, -0.0, -0.0, -0.0, -0.0, -0.0, -0.0, -0.0, 0.37037037037037035, -0.0, -0.0, 0.18518518518518517, -0.0, -0.0, -0.0, -0.0, -0.0, -0.0, -0.0, -0.0, -0.0, -0.0, -0.0, -0.0, -0.0, -0.0, -0.0, -0.0, -0.0]
			Active cut size: 0
W = 100 
H = 100
normalXList.size = 5
normalYList.size = 74
xList.size = 5
yList.size = 65
squareList.size = 32
myConsList.size = 0
当前上界 = 3.7037037037037037
当前上界 = 3.523456790123457
当前上界 = 3.34320987654321
当前上界 = 3.162962962962963
当前上界 = 2.982716049382716
最优解：3.1481481481481484
solutionList.size() = 1
pattern.getKey() = 28@42@46@48@59@
用时：0.078 s
--------------------------------------- Price Problem End --------------------------------------------------------
		18 Add column : 1 col:38 	0.969
			Start solve  LP :0.969
			End solve LP obj: 21.0 t: 0
com.wlj.solver.BBSolver:
--------------------------------------- Price Problem Start --------------------------------------------------------
dualPrice.size = 80 , dualPrice = [1.0, 1.0, 1.0, 1.0, 1.0, -0.0, 1.0, 1.0, 1.0, -0.0, 1.0, 0.4, 1.0, 0.19999999999999996, 1.0, 1.0, 0.6, -0.0, -0.0, -0.0, 1.0, -0.0, -0.0, -0.0, 0.19999999999999996, 0.6, -0.0, 0.4, -0.0, -0.0, -0.0, -0.0, 1.0, 0.6, -0.0, -0.0, 0.4, -0.0, 0.19999999999999996, -0.0, -0.0, 0.4, 0.0, -0.0, 0.4, 0.4, 1.0, -0.0, -0.0, -0.0, -0.0, -0.0, -0.0, -0.0, -0.0, -0.0, -0.0, -0.0, -0.0, -0.0, -0.0, -0.0, 0.19999999999999996, -0.0, -0.0, -0.0, 1.0, -0.0, -0.0, -0.0, -0.0, -0.0, -0.0, -0.0, -0.0, -0.0, -0.0, -0.0, -0.0, -0.0]
			Active cut size: 0
W = 100 
H = 100
normalXList.size = 5
normalYList.size = 78
xList.size = 5
yList.size = 65
squareList.size = 29
myConsList.size = 0
当前上界 = 4.4
当前上界 = 4.173333333333334
当前上界 = 3.946666666666667
最优解：4.0
solutionList.size() = 6
pattern.getKey() = 25@32@44@46@66@
用时：0.062 s
--------------------------------------- Price Problem End --------------------------------------------------------
		19 Add column : 1 col:39 	1.031
			Start solve  LP :1.031
			End solve LP obj: 21.0 t: 0
com.wlj.solver.BBSolver:
--------------------------------------- Price Problem Start --------------------------------------------------------
dualPrice.size = 80 , dualPrice = [1.0, 1.0, 1.0, 1.0, 1.0, -0.0, 1.0, 1.0, 1.0, -0.0, 1.0, 0.5, 1.0, 0.5, 1.0, 1.0, 0.5, -0.0, -0.0, -0.0, 1.0, -0.0, -0.0, 1.0, 0.5, -0.0, -0.0, 0.0, 0.5, -0.0, -0.0, -0.0, -0.0, 1.0, -0.0, -0.0, 0.0, -0.0, 1.0, -0.0, -0.0, 0.0, 0.0, -0.0, -0.0, 0.0, 0.5, -0.0, -0.0, -0.0, -0.0, -0.0, -0.0, -0.0, -0.0, -0.0, -0.0, -0.0, -0.0, -0.0, -0.0, -0.0, 1.0, -0.0, -0.0, -0.0, 0.5, -0.0, -0.0, 0.0, -0.0, -0.0, -0.0, -0.0, -0.0, -0.0, -0.0, -0.0, -0.0, 0.5]
			Active cut size: 0
W = 100 
H = 100
normalXList.size = 32
normalYList.size = 75
xList.size = 7
yList.size = 59
squareList.size = 25
myConsList.size = 0
当前上界 = 5.0
当前上界 = 4.733333333333333
当前上界 = 4.466666666666667
最优解：4.5
solutionList.size() = 3
pattern.getKey() = 23@33@46@62@66@79@
用时：0.094 s
--------------------------------------- Price Problem End --------------------------------------------------------
		20 Add column : 1 col:40 	1.125
			Start solve  LP :1.125
			End solve LP obj: 21.0 t: 0
com.wlj.solver.BBSolver:
--------------------------------------- Price Problem Start --------------------------------------------------------
dualPrice.size = 80 , dualPrice = [1.0, 1.0, 1.0, 1.0, 1.0, -0.0, 1.0, 1.0, 1.0, -0.0, 1.0, 0.5, 1.0, 0.25, 1.0, 1.0, 0.2499999999999999, -0.0, -0.0, -0.0, 1.0, -0.0, -0.0, -0.0, 0.25, 0.5, 0.5, -0.0, 0.2500000000000001, 0.7500000000000001, -0.0, -0.0, 0.2499999999999999, -0.0, -0.0, -0.0, 0.2500000000000001, -0.0, 0.7499999999999999, 0.5, 0.2499999999999999, 0.25, 0.2500000000000001, -0.0, -0.0, 0.25, 0.2500000000000001, -0.0, -0.0, -0.0, -0.0, -0.0, -0.0, -0.0, 0.2499999999999999, -0.0, -0.0, -0.0, -0.0, -0.0, -0.0, -0.0, 0.5, -0.0, -0.0, -0.0, -0.0, -0.0, -0.0, 1.0, -0.0, -0.0, -0.0, -0.0, -0.0, -0.0, -0.0, -0.0, -0.0, -0.0]
			Active cut size: 0
W = 100 
H = 100
normalXList.size = 16
normalYList.size = 78
xList.size = 7
yList.size = 63
squareList.size = 33
myConsList.size = 0
当前上界 = 4.0
当前上界 = 3.8
当前上界 = 3.5999999999999996
最优解：3.75
solutionList.size() = 1
pattern.getKey() = 29@38@39@54@62@69@
用时：0.031 s
--------------------------------------- Price Problem End --------------------------------------------------------
		21 Add column : 1 col:41 	1.156
			Start solve  LP :1.156
			End solve LP obj: 21.0 t: 0
com.wlj.solver.BBSolver:
--------------------------------------- Price Problem Start --------------------------------------------------------
dualPrice.size = 80 , dualPrice = [1.0, 1.0, 1.0, 1.0, 1.0, -0.0, 1.0, 1.0, 1.0, -0.0, 1.0, -0.0, 1.0, 0.7222222222222223, 1.0, 1.0, 1.0, -0.0, -0.0, -0.0, 1.0, -0.0, -0.0, 0.44444444444444453, -0.0, 0.2777777777777779, 0.2777777777777778, 0.38888888888888884, 0.7222222222222222, -0.0, -0.0, -0.0, 0.5555555555555555, -0.0, -0.0, -0.0, 0.0, -0.0, -0.0, -0.0, 0.6111111111111112, -1.1102230246251565E-16, -0.0, 0.22222222222222232, -0.0, 0.2777777777777777, 0.16666666666666663, -0.0, -0.0, -0.0, 1.0, -0.0, -0.0, 0.0, 0.0, -0.0, -0.0, -0.0, -0.0, -0.0, -0.0, 0.3333333333333335, 0.38888888888888884, -0.0, -0.0, -0.0, -0.0, -0.0, -0.0, 0.6111111111111112, -0.0, -0.0, -0.0, -0.0, -0.0, -0.0, -0.0, -0.0, -0.0, -0.0]
			Active cut size: 0
W = 100 
H = 100
normalXList.size = 5
normalYList.size = 87
xList.size = 5
yList.size = 81
squareList.size = 29
myConsList.size = 0
当前上界 = 4.222222222222222
当前上界 = 4.007407407407407
当前上界 = 3.7925925925925923
最优解：3.9444444444444446
solutionList.size() = 1
pattern.getKey() = 16@40@50@61@62@69@
用时：0.188 s
--------------------------------------- Price Problem End --------------------------------------------------------
		22 Add column : 1 col:42 	1.344
			Start solve  LP :1.344
			End solve LP obj: 21.0 t: 0
com.wlj.solver.BBSolver:
--------------------------------------- Price Problem Start --------------------------------------------------------
dualPrice.size = 80 , dualPrice = [1.0, 1.0, 1.0, 1.0, 1.0, -0.0, 1.0, 1.0, 1.0, -0.0, 1.0, 0.5, 1.0, 0.5, 1.0, 1.0, 0.0, -0.0, -0.0, -0.0, 1.0, -0.0, -0.0, 0.5, -0.0, 0.5, -0.0, 0.5, 0.0, -0.0, -0.0, -0.0, 0.5, -0.0, -0.0, -0.0, 1.0, -0.0, -0.0, -0.0, -0.0, 0.5, 0.5, -0.0, -0.0, -2.7755575615628914E-17, -0.0, 1.0, -0.0, -0.0, 0.0, -0.0, -0.0, 1.0, -0.0, -0.0, -0.0, -0.0, -0.0, -0.0, -0.0, 0.5, -0.0, -0.0, -0.0, -0.0, -0.0, -0.0, -0.0, 0.5, -0.0, -0.0, -0.0, -0.0, -0.0, -0.0, -0.0, -0.0, -0.0, -0.0]
			Active cut size: 0
W = 100 
H = 100
normalXList.size = 5
normalYList.size = 80
xList.size = 5
yList.size = 67
squareList.size = 26
myConsList.size = 0
当前上界 = 5.0
当前上界 = 4.733333333333333
当前上界 = 4.466666666666667
最优解：4.5
solutionList.size() = 2
pattern.getKey() = 36@42@47@53@61@69@
用时：0.062 s
--------------------------------------- Price Problem End --------------------------------------------------------
		23 Add column : 1 col:43 	1.406
			Start solve  LP :1.406
			End solve LP obj: 21.0 t: 0
com.wlj.solver.BBSolver:
--------------------------------------- Price Problem Start --------------------------------------------------------
dualPrice.size = 80 , dualPrice = [1.0, 1.0, 1.0, 1.0, 1.0, -0.0, 1.0, 1.0, 1.0, -0.0, 1.0, 0.5, 1.0, 0.5, 1.0, 1.0, 0.5, -0.0, -0.0, -0.0, 1.0, -0.0, -0.0, 0.5, -0.0, 0.5, 0.5, 0.5, 0.5, -0.0, -0.0, -0.0, 0.5, -0.0, -0.0, 0.5, 0.0, -0.0, 0.5, -0.0, -0.0, -0.0, -0.0, -0.0, -0.0, -0.0, -0.0, 1.0, -0.0, -0.0, 0.5, -0.0, -0.0, 0.0, -0.0, -0.0, -0.0, -0.0, -0.0, -0.0, -0.0, -0.0, -0.0, -0.0, -0.0, -0.0, -0.0, -0.0, -0.0, -0.0, 1.0, -0.0, -0.0, -0.0, -0.0, -0.0, -0.0, -0.0, -0.0, -0.0]
			Active cut size: 0
W = 100 
H = 100
normalXList.size = 5
normalYList.size = 74
xList.size = 5
yList.size = 55
squareList.size = 27
myConsList.size = 0
当前上界 = 4.5
当前上界 = 4.266666666666667
当前上界 = 4.033333333333333
当前上界 = 3.8
当前上界 = 3.5666666666666664
当前上界 = 3.333333333333333
最优解：3.5
solutionList.size() = 54
pattern.getKey() = 26@35@47@50@70@
用时：0.032 s
--------------------------------------- Price Problem End --------------------------------------------------------
		24 Add column : 1 col:44 	1.438
			Start solve  LP :1.438
			End solve LP obj: 21.0 t: 0
com.wlj.solver.BBSolver:
--------------------------------------- Price Problem Start --------------------------------------------------------
dualPrice.size = 80 , dualPrice = [1.0, 1.0, 1.0, 1.0, 1.0, -0.0, 1.0, 1.0, 1.0, -0.0, 1.0, 0.6666666666666666, 1.0, 0.33333333333333337, 1.0, 1.0, 0.33333333333333337, -0.0, -0.0, -0.0, 1.0, -0.0, -0.0, 0.49999999999999994, 0.33333333333333337, 0.3333333333333333, -0.0, 0.6666666666666666, 0.6666666666666666, -0.0, -0.0, -0.0, 0.5, 0.33333333333333337, -0.0, 0.0, 0.6666666666666666, -0.0, 0.33333333333333337, -0.0, -0.0, -0.0, -0.0, 0.0, -0.0, -0.0, 0.16666666666666669, -0.0, -0.0, -0.0, -0.0, -0.0, -0.0, 0.33333333333333337, -0.0, -0.0, -0.0, 0.8333333333333333, -0.0, -0.0, -0.0, -0.0, -0.0, -0.0, -0.0, -0.0, -0.0, -0.0, -0.0, -0.0, 1.0, -0.0, -0.0, -0.0, -0.0, -0.0, -0.0, -0.0, -0.0, -0.0]
			Active cut size: 0
W = 100 
H = 100
normalXList.size = 5
normalYList.size = 78
xList.size = 5
yList.size = 63
squareList.size = 29
myConsList.size = 0
当前上界 = 4.166666666666666
当前上界 = 3.955555555555555
当前上界 = 3.7444444444444436
当前上界 = 3.5333333333333323
当前上界 = 3.322222222222221
最优解：3.5
solutionList.size() = 22
pattern.getKey() = 7@36@57@70@
用时：0.328 s
--------------------------------------- Price Problem End --------------------------------------------------------
		25 Add column : 1 col:45 	1.766
			Start solve  LP :1.766
			End solve LP obj: 21.0 t: 0
com.wlj.solver.BBSolver:
--------------------------------------- Price Problem Start --------------------------------------------------------
dualPrice.size = 80 , dualPrice = [1.0, 1.0, 1.0, 1.0, 1.0, -0.0, 1.0, 0.375, 1.0, 0.625, 1.0, 0.625, 1.0, 0.375, 1.0, 1.0, 0.375, -0.0, -0.0, -0.0, 1.0, -0.0, -0.0, 0.25, 0.625, -0.0, 0.25, -0.0, 0.125, -0.0, -0.0, -0.0, 0.75, 0.5, -0.0, 0.12500000000000008, -0.0, -0.0, 0.3749999999999999, 0.25, -0.0, 0.375, -0.0, 0.5, -0.0, -0.0, 0.25, -0.0, 0.6250000000000001, -0.0, -0.0, -0.0, -0.0, 0.625, -0.0, -0.0, -0.0, -0.0, -0.0, -0.0, -0.0, -0.0, -0.0, -0.0, -0.0, -0.0, -0.0, -0.0, -0.0, 0.375, 0.625, -0.0, -0.0, -0.0, -0.0, -0.0, -0.0, -0.0, -0.0, -0.0]
			Active cut size: 0
W = 100 
H = 100
normalXList.size = 5
normalYList.size = 84
xList.size = 5
yList.size = 75
squareList.size = 33
myConsList.size = 0
当前上界 = 4.125
当前上界 = 3.9166666666666665
当前上界 = 3.708333333333333
最优解：3.75
solutionList.size() = 2
pattern.getKey() = 10@43@48@53@69@70@
用时：0.218 s
--------------------------------------- Price Problem End --------------------------------------------------------
		26 Add column : 1 col:46 	1.984
			Start solve  LP :1.984
			End solve LP obj: 21.0 t: 0
com.wlj.solver.BBSolver:
--------------------------------------- Price Problem Start --------------------------------------------------------
dualPrice.size = 80 , dualPrice = [1.0, 1.0, 1.0, 1.0, 1.0, -0.0, 1.0, -0.0, 1.0, 1.0, -0.0, -0.0, 1.0, 0.5, 1.0, 1.0, 0.8750000000000001, -0.0, -0.0, 1.0, 1.0, -0.0, -0.0, 0.2499999999999999, 0.2500000000000001, 0.2499999999999999, 0.12499999999999994, 0.3749999999999997, 0.3750000000000005, -0.0, -0.0, -0.0, 0.7500000000000001, 0.6250000000000002, -0.0, -0.0, -0.0, -0.0, 0.5000000000000003, 0.12499999999999988, 0.125, 0.37500000000000006, 0.12499999999999988, -0.0, -0.0, 0.5, -0.0, 0.7500000000000001, 0.49999999999999967, -0.0, -0.0, -0.0, -0.0, 0.12499999999999988, 0.3749999999999997, -0.0, -0.0, -0.0, -0.0, -0.0, -0.0, -0.0, -0.0, -0.0, -0.0, -0.0, -0.0, -0.0, -0.0, -0.0, 0.125, -0.0, -0.0, -0.0, -0.0, -0.0, -0.0, -0.0, -0.0, -0.0]
			Active cut size: 0
W = 100 
H = 100
normalXList.size = 15
normalYList.size = 81
xList.size = 7
yList.size = 69
squareList.size = 34
myConsList.size = 0
当前上界 = 3.5
当前上界 = 3.3333333333333335
当前上界 = 3.166666666666667
当前上界 = 3.0000000000000004
最优解：2.9999999999999996
solutionList.size() = 4
pattern.getKey() = 32@45@47@48@53@54@
pattern.getKey() = 32@33@47@48@54@
用时：0.032 s
--------------------------------------- Price Problem End --------------------------------------------------------
		27 Add column : 1 col:47 	2.016
			Start solve  LP :2.016
			End solve LP obj: 21.0 t: 0
com.wlj.solver.BBSolver:
--------------------------------------- Price Problem Start --------------------------------------------------------
dualPrice.size = 80 , dualPrice = [1.0, 1.0, 1.0, 1.0, 1.0, -0.0, 1.0, -0.0, 1.0, 1.0, -0.0, 0.42857142857142855, 1.0, 0.5714285714285714, 1.0, 1.0, 0.5238095238095238, -0.0, -0.0, 1.0, 1.0, -0.0, -0.0, 0.7301587301587302, 0.15873015873015872, 0.2698412698412698, 0.17460317460317454, -0.0, 0.36507936507936506, -0.0, -0.0, -0.0, 0.2698412698412698, 0.2698412698412698, -0.0, 0.5555555555555556, -0.0, -0.0, 0.3492063492063492, 0.47619047619047616, 0.25396825396825395, -0.0, 0.047619047619047616, -0.0, 0.46031746031746035, -0.0, -0.0, 0.2698412698412699, 0.19047619047619044, -0.0, -0.0, -0.0, -0.0, 0.46031746031746035, -0.0, -0.0, -0.0, -0.0, -0.0, 0.39682539682539686, -0.0, 0.04761904761904767, -0.0, -0.0, -0.0, -0.0, -0.0, -0.0, -0.0, 0.17460317460317465, -0.0, 0.5555555555555555, -0.0, -0.0, -0.0, -0.0, -0.0, -0.0, -0.0, -0.0]
			Active cut size: 0
W = 100 
H = 100
normalXList.size = 5
normalYList.size = 90
xList.size = 5
yList.size = 85
squareList.size = 36
myConsList.size = 0
当前上界 = 3.6031746031746033
当前上界 = 3.4296296296296296
当前上界 = 3.256084656084656
当前上界 = 3.0825396825396822
最优解：3.2539682539682544
solutionList.size() = 1
pattern.getKey() = 23@39@44@53@59@69@71@
用时：1.625 s
--------------------------------------- Price Problem End --------------------------------------------------------
		28 Add column : 1 col:48 	3.641
			Start solve  LP :3.641
			End solve LP obj: 21.0 t: 0
com.wlj.solver.BBSolver:
--------------------------------------- Price Problem Start --------------------------------------------------------
dualPrice.size = 80 , dualPrice = [1.0, 1.0, 1.0, 1.0, 1.0, -0.0, 1.0, -0.0, 1.0, 1.0, -0.0, 0.5, 1.0, 0.5, 1.0, 1.0, 0.5, -0.0, -0.0, 1.0, 1.0, -0.0, -0.0, 0.0, -0.0, 0.5, 0.5, -0.0, 0.5, 0.2857142857142858, -0.0, -0.0, -0.0, 0.6428571428571428, -0.0, 0.2857142857142858, -0.0, -0.0, 0.6428571428571428, -0.0, 0.3571428571428572, -0.0, -0.0, -0.0, 0.0, -0.0, -0.0, -0.0, 0.3571428571428572, -0.0, -0.0, 0.7142857142857142, -0.0, -0.0, -0.0, -0.0, -0.0, 0.6428571428571428, -0.0, -0.0, -0.0, 0.0714285714285714, -0.0, -0.0, -0.0, -0.0, -0.0, -0.0, -0.0, 0.0714285714285714, -0.0, 0.9285714285714286, -0.0, -0.0, -0.0, -0.0, -0.0, -0.0, -0.0, -0.0]
			Active cut size: 0
W = 100 
H = 100
normalXList.size = 11
normalYList.size = 83
xList.size = 7
yList.size = 71
squareList.size = 30
myConsList.size = 0
当前上界 = 4.357142857142858
当前上界 = 4.133333333333334
当前上界 = 3.90952380952381
最优解：3.9999999999999996
solutionList.size() = 3
pattern.getKey() = 19@33@51@57@69@71@
用时：0.25 s
--------------------------------------- Price Problem End --------------------------------------------------------
		29 Add column : 1 col:49 	3.891
			Start solve  LP :3.891
			End solve LP obj: 21.0 t: 0
com.wlj.solver.BBSolver:
--------------------------------------- Price Problem Start --------------------------------------------------------
dualPrice.size = 80 , dualPrice = [1.0, 1.0, 1.0, 1.0, 1.0, -0.0, 1.0, -0.0, 1.0, 1.0, 1.0, 0.5, 1.0, 0.5, 1.0, 1.0, 0.5, -0.0, -0.0, -0.0, 1.0, -0.0, -0.0, 0.5, -0.0, 0.5, 0.5, 1.0, 0.5, 0.5, -0.0, -0.0, -0.0, -0.0, -0.0, 0.0, 0.0, -0.0, 0.0, -0.0, -0.0, 0.0, -0.0, -0.0, 0.0, -0.0, -0.0, 0.5, 0.0, -0.0, -0.0, -0.0, -0.0, -0.0, -0.0, -0.0, 1.0, 0.5, -0.0, -0.0, -0.0, 0.5, -0.0, -0.0, -0.0, -0.0, -0.0, -0.0, -0.0, -0.0, -0.0, 0.5, -0.0, -0.0, -0.0, -0.0, -0.0, -0.0, -0.0, -0.0]
			Active cut size: 0
W = 100 
H = 100
normalXList.size = 10
normalYList.size = 77
xList.size = 7
yList.size = 59
squareList.size = 27
myConsList.size = 0
当前上界 = 4.5
当前上界 = 4.266666666666667
当前上界 = 4.033333333333333
当前上界 = 3.8
最优解：4.0
solutionList.size() = 3
pattern.getKey() = 26@27@56@57@61@71@
用时：0.047 s
--------------------------------------- Price Problem End --------------------------------------------------------
		30 Add column : 1 col:50 	3.938
			Start solve  LP :3.938
			End solve LP obj: 21.0 t: 0
com.wlj.solver.BBSolver:
--------------------------------------- Price Problem Start --------------------------------------------------------
dualPrice.size = 80 , dualPrice = [1.0, 1.0, 1.0, 1.0, 1.0, -0.0, 1.0, -0.0, 1.0, 1.0, 1.0, 0.25, 1.0, 0.75, 1.0, 1.0, 0.75, -0.0, -0.0, -0.0, 1.0, -0.0, -0.0, 0.75, -0.0, 0.25, 0.0, 0.5, 0.75, 0.25, -0.0, -0.0, -0.0, -0.0, -0.0, 0.5, 0.25, -0.0, 0.5, -0.0, -0.0, -0.0, -0.0, -0.0, 0.25, -0.0, -0.0, 0.5, 0.0, -0.0, -0.0, -0.0, -0.0, -0.0, 0.25, -0.0, 0.0, 0.5, -0.0, -0.0, -0.0, -0.0, -0.0, -0.0, -0.0, -0.0, -0.0, -0.0, -0.0, -0.0, -0.0, -0.0, -0.0, 1.0, -0.0, -0.0, -0.0, -0.0, -0.0, -0.0]
			Active cut size: 0
W = 100 
H = 100
normalXList.size = 14
normalYList.size = 77
xList.size = 7
yList.size = 59
squareList.size = 29
myConsList.size = 0
当前上界 = 4.0
当前上界 = 3.8
当前上界 = 3.5999999999999996
最优解：3.75
solutionList.size() = 1
pattern.getKey() = 23@28@47@54@57@73@
用时：0.015 s
--------------------------------------- Price Problem End --------------------------------------------------------
		31 Add column : 1 col:51 	3.953
			Start solve  LP :3.953
			End solve LP obj: 21.0 t: 0
com.wlj.solver.BBSolver:
--------------------------------------- Price Problem Start --------------------------------------------------------
dualPrice.size = 80 , dualPrice = [1.0, 1.0, 1.0, 1.0, 1.0, -0.0, 1.0, -0.0, 1.0, 1.0, 1.0, 0.4, 1.0, 0.6, 1.0, 1.0, 0.2000000000000003, -0.0, -0.0, -0.0, 1.0, -0.0, -0.0, -0.0, -0.0, 0.4, 0.19999999999999996, 0.65, 0.20000000000000007, -0.0, -0.0, -0.0, -0.0, -0.0, -0.0, 0.35, 0.44999999999999973, -0.0, 0.25000000000000033, 0.35, 0.09999999999999964, -0.0, 0.3999999999999997, -0.0, -0.0, -0.0, -0.0, 0.15000000000000036, 0.0, -0.0, 0.29999999999999993, 1.0, -0.0, -0.0, -0.0, -0.0, -0.0, 0.0, -0.0, -0.0, -0.0, -0.0, -0.0, -0.0, -0.0, -0.0, 0.6, -0.0, -0.0, -0.0, -0.0, -0.0, -0.0, 0.6000000000000003, -0.0, -0.0, -0.0, -0.0, 0.3999999999999997, 0.4]
			Active cut size: 0
W = 100 
H = 100
normalXList.size = 52
normalYList.size = 90
xList.size = 17
yList.size = 85
squareList.size = 33
myConsList.size = 0
当前上界 = 5.049999999999999
当前上界 = 4.779999999999999
当前上界 = 4.51
当前上界 = 4.24
最优解：4.499999999999998
solutionList.size() = 3
pattern.getKey() = 36@39@42@50@51@66@73@78@79@
pattern.getKey() = 27@36@42@51@66@73@78@79@
用时：19.844 s
--------------------------------------- Price Problem End --------------------------------------------------------
		32 Add column : 1 col:52 	23.797
			Start solve  LP :23.797
			End solve LP obj: 21.0 t: 0
com.wlj.solver.BBSolver:
--------------------------------------- Price Problem Start --------------------------------------------------------
dualPrice.size = 80 , dualPrice = [1.0, 1.0, 1.0, 1.0, 1.0, -0.0, 1.0, -0.0, 1.0, 1.0, 0.6, 0.6, 1.0, 0.4, 1.0, 1.0, 0.4, -0.0, -0.0, -0.0, 1.0, -0.0, -0.0, 0.19999999999999996, 0.4, 0.19999999999999996, -0.0, -0.0, 0.19999999999999998, 0.6000000000000001, -0.0, -0.0, -0.0, -0.0, -0.0, 0.29999999999999993, -0.0, -0.0, 0.3, 0.09999999999999998, 0.3, 0.6, -0.0, -0.0, -0.0, 0.0, -0.0, 0.40000000000000013, 0.4, -0.0, 0.29999999999999993, 0.19999999999999996, -0.0, -0.0, -0.0, -0.0, -0.0, 0.19999999999999996, 0.4, 0.4, -0.0, -0.0, -0.0, -0.0, -0.0, -0.0, 0.8, -0.0, -0.0, -0.0, -0.0, -0.0, -0.0, -0.0, 0.7000000000000001, -0.0, -0.0, -0.0, -0.0, -0.0]
			Active cut size: 0
W = 100 
H = 100
normalXList.size = 26
normalYList.size = 87
xList.size = 10
yList.size = 83
squareList.size = 35
myConsList.size = 0
当前上界 = 4.6
当前上界 = 4.359999999999999
当前上界 = 4.119999999999999
最优解：4.199999999999999
solutionList.size() = 1
pattern.getKey() = 41@47@48@50@57@58@59@66@74@
用时：2.196 s
--------------------------------------- Price Problem End --------------------------------------------------------
		33 Add column : 1 col:53 	25.993
			Start solve  LP :25.993
			End solve LP obj: 21.0 t: 0
com.wlj.solver.BBSolver:
--------------------------------------- Price Problem Start --------------------------------------------------------
dualPrice.size = 80 , dualPrice = [1.0, 1.0, 1.0, 1.0, 1.0, -0.0, 1.0, -0.0, 1.0, 1.0, 1.0, 0.22222222222222232, 1.0, 0.2222222222222222, 1.0, 1.0, 0.6666666666666666, -0.0, -0.0, -0.0, 1.0, -0.0, -0.0, -0.0, 0.33333333333333337, 0.4444444444444444, 0.4444444444444444, -0.0, 0.5555555555555556, 0.2222222222222222, -0.0, -0.0, -0.0, -0.0, -0.0, -0.0, -0.0, -0.0, 0.5555555555555556, -1.1102230246251565E-16, -0.0, 0.0, 0.11111111111111105, -0.0, 0.4444444444444444, 0.5555555555555556, -0.0, -0.0, -0.0, -0.0, -0.0, 0.7777777777777778, -0.0, -0.0, -0.0, -0.0, -0.0, -0.0, 0.0, -0.0, -0.0, 0.33333333333333337, -0.0, 1.0, -0.0, -0.0, -0.0, -0.0, -0.0, -0.0, -0.0, -0.0, -0.0, -0.0, 1.0, -0.0, -0.0, -0.0, 0.11111111111111116, -0.0]
			Active cut size: 0
W = 100 
H = 100
normalXList.size = 56
normalYList.size = 81
xList.size = 33
yList.size = 67
squareList.size = 30
myConsList.size = 0
当前上界 = 5.333333333333332
当前上界 = 5.044444444444443
当前上界 = 4.755555555555555
最优解：4.888888888888889
solutionList.size() = 1
pattern.getKey() = 20@44@45@51@63@74@78@
用时：0.526 s
--------------------------------------- Price Problem End --------------------------------------------------------
		34 Add column : 1 col:54 	26.52
			Start solve  LP :26.52
			End solve LP obj: 21.0 t: 1
com.wlj.solver.BBSolver:
--------------------------------------- Price Problem Start --------------------------------------------------------
dualPrice.size = 80 , dualPrice = [1.0, 1.0, 1.0, 1.0, 1.0, -0.0, 1.0, -0.0, 1.0, 1.0, 1.0, 0.5, 1.0, 0.5, 1.0, 1.0, 0.5, 1.0, -0.0, -0.0, -0.0, -0.0, -0.0, -0.0, 0.5, -0.0, -0.0, 0.0, 0.5, 0.5, -0.0, -0.0, 0.5, 0.5, -0.0, 0.5, 0.0, -0.0, -0.0, -0.0, 0.5, 0.0, -0.0, -0.0, -0.0, 0.0, -0.0, -0.0, -0.0, -0.0, 0.0, -0.0, -0.0, -0.0, -0.0, -0.0, 1.0, -0.0, 0.0, 0.5, -0.0, -0.0, -0.0, 0.5, -0.0, -0.0, 0.5, -0.0, -0.0, -0.0, -0.0, -0.0, -0.0, 0.5, -0.0, -0.0, -0.0, -0.0, -0.0, -0.0]
			Active cut size: 0
W = 100 
H = 100
normalXList.size = 29
normalYList.size = 78
xList.size = 8
yList.size = 61
squareList.size = 28
myConsList.size = 0
当前上界 = 4.5
当前上界 = 4.266666666666667
当前上界 = 4.033333333333333
当前上界 = 3.8
最优解：4.0
solutionList.size() = 13
pattern.getKey() = 17@29@56@59@66@73@
用时：0.107 s
--------------------------------------- Price Problem End --------------------------------------------------------
		35 Add column : 1 col:55 	26.628
			Start solve  LP :26.628
			End solve LP obj: 21.0 t: 1
com.wlj.solver.BBSolver:
--------------------------------------- Price Problem Start --------------------------------------------------------
dualPrice.size = 80 , dualPrice = [1.0, 1.0, 1.0, 1.0, 1.0, -0.0, 1.0, -0.0, 1.0, 1.0, 0.6066666666666667, 0.8666666666666666, 1.0, 0.13333333333333341, 1.0, 1.0, 0.02000000000000013, 0.6133333333333335, -0.0, -0.0, 0.3866666666666665, -0.0, -0.0, 0.23999999999999994, 0.5133333333333333, 0.3533333333333334, 0.11999999999999994, 0.3000000000000001, 0.4866666666666667, 0.1133333333333334, -0.0, -0.0, 0.6466666666666666, 0.3533333333333334, -0.0, 0.3466666666666665, 0.2800000000000002, -0.0, 0.3266666666666666, -0.0, 0.37333333333333335, 0.1466666666666665, 0.11333333333333334, -0.0, -0.0, -0.0, -0.0, -0.0, -0.0, -0.0, 0.39333333333333315, -0.0, -0.0, 0.3933333333333333, -0.0, -0.0, -0.0, -0.0, 0.3933333333333333, -0.0, -0.0, 0.21333333333333343, -0.0, 0.6133333333333335, -0.0, -0.0, -0.0, -0.0, -0.0, -0.0, -0.0, 0.3666666666666667, -0.0, 0.2733333333333334, -0.0, -0.0, -0.0, -0.0, -0.0, 0.013333333333333142]
			Active cut size: 0
W = 100 
H = 100
normalXList.size = 49
normalYList.size = 89
xList.size = 12
yList.size = 83
squareList.size = 40
myConsList.size = 0
当前上界 = 3.8200000000000003
当前上界 = 3.632
当前上界 = 3.444
最优解：3.4666666666666663
solutionList.size() = 1
pattern.getKey() = 32@40@50@53@58@63@71@73@79@
用时：5.072 s
--------------------------------------- Price Problem End --------------------------------------------------------
		36 Add column : 1 col:56 	31.701
			Start solve  LP :31.701
			End solve LP obj: 21.0 t: 0
com.wlj.solver.BBSolver:
--------------------------------------- Price Problem Start --------------------------------------------------------
dualPrice.size = 80 , dualPrice = [1.0, 1.0, 1.0, 1.0, 1.0, -0.0, 1.0, -0.0, 1.0, 1.0, 0.5151515151515145, 0.4545454545454545, 1.0, 0.5454545454545455, 1.0, 1.0, 0.5454545454545455, 0.5757575757575766, -0.0, 0.48484848484848553, 0.4242424242424234, -0.0, -0.0, 0.21212121212121246, 0.33333333333333337, 0.12121212121212122, 0.24242424242424254, 0.4545454545454547, 0.6666666666666669, 0.3333333333333328, -0.0, -0.0, 0.4545454545454546, 0.36363636363636376, -0.0, 0.15151515151515127, 0.4545454545454547, -0.0, 0.5454545454545453, -2.220446049250313E-16, -0.0, 0.21212121212121193, -0.0, -0.0, -0.0, -0.0, 0.33333333333333315, 0.12121212121212069, -0.0, -0.0, -0.0, -0.0, -0.0, -0.0, -0.0, -0.0, -0.0, -0.0, -0.0, -0.0, -0.0, 0.3030303030303034, -0.0, 0.5454545454545463, -0.0, -0.0, 0.0909090909090906, -0.0, -0.0, -0.0, 0.48484848484848553, -8.881784197001252E-16, -0.0, -0.0, 0.030303030303030276, -0.0, -0.0, -0.0, -0.0, -0.0]
			Active cut size: 0
W = 100 
H = 100
normalXList.size = 39
normalYList.size = 86
xList.size = 12
yList.size = 79
squareList.size = 38
myConsList.size = 0
当前上界 = 3.4242424242424265
当前上界 = 3.2626262626262648
当前上界 = 3.101010101010103
当前上界 = 2.9393939393939412
最优解：3.0303030303030325
solutionList.size() = 2
pattern.getKey() = 6@28@61@63@70@74@
用时：0.532 s
--------------------------------------- Price Problem End --------------------------------------------------------
		37 Add column : 1 col:57 	32.233
			Start solve  LP :32.233
			End solve LP obj: 21.0 t: 0
com.wlj.solver.BBSolver:
--------------------------------------- Price Problem Start --------------------------------------------------------
dualPrice.size = 80 , dualPrice = [1.0, 1.0, 1.0, 1.0, 1.0, -0.0, 0.6005325273459987, -0.0, 1.0, 1.0, 0.27389176741508303, 0.5541882556131261, 1.0, 0.4005469199769718, 1.0, 1.0, 0.4458117443868739, 0.2298503166378814, -0.0, 0.726108232584917, 0.7701496833621186, -0.0, -0.0, 0.4155152561888313, 0.2838226827864134, 0.3156303972366148, 0.24481865284974094, 0.36154289004029927, 0.3297351755900979, 0.1864565342544618, -0.0, -0.0, 0.39802820955670687, 0.16429188255613147, 0.3994674726540013, 0.4741652274035692, -0.0, -0.0, 0.2230857800805986, 0.20185664939550935, 0.20905296488198044, 0.3546344271732873, -0.0, 0.3027489925158322, -0.0, 0.045264824409902094, 0.28634139320667806, -0.0, 0.18293033966609107, -0.0, 0.21128382268278642, -0.0, -0.0, 0.17069660333909034, 0.2547495682210708, -0.0, 0.3827000575705237, -0.0, -0.0, 0.20099309153713296, -0.0, -0.0, 0.13385146804835923, -0.0, -0.0, -0.0, -0.0, -0.0, -0.0, -0.0, 0.06973229706390341, 0.010938399539436094, -0.0, -0.0, -0.0, -0.0, -0.0, -0.0, 0.18458549222797932, -0.0]
			Active cut size: 0
W = 100 
H = 100
normalXList.size = 39
normalYList.size = 90
xList.size = 15
yList.size = 85
squareList.size = 46
myConsList.size = 0
当前上界 = 2.9021301093839953
当前上界 = 2.775321435425062
当前上界 = 2.648512761466129
当前上界 = 2.521704087507196
最优解：2.592184801381692
solutionList.size() = 1
pattern.getKey() = 12@20@54@56@78@
用时：0.843 s
--------------------------------------- Price Problem End --------------------------------------------------------
		38 Add column : 1 col:58 	33.076
			Start solve  LP :33.076
			End solve LP obj: 21.0 t: 0
com.wlj.solver.BBSolver:
--------------------------------------- Price Problem Start --------------------------------------------------------
dualPrice.size = 80 , dualPrice = [1.0, 1.0, 1.0, 1.0, 1.0, -0.0, -0.0, -0.0, 1.0, 1.0, 0.30448222565687777, 0.5409582689335395, 0.4327666151468317, 0.17774343122102, 1.0, 1.0, 0.4590417310664605, 0.6136012364760434, -0.0, 0.6955177743431222, 0.38639876352395663, 0.5672333848531683, -0.0, 0.3693972179289027, 0.5502318392581144, 0.27202472952086565, 0.3693972179289027, 0.3910355486862441, 0.44976816074188564, 0.2967542503863988, -0.0, -0.0, 0.3338485316846985, 0.06491499227202463, 1.0, 0.2117465224111283, 0.4080370942812985, -0.0, 0.35085007727975265, -0.0, 0.16846986089644506, -0.0, -0.0, 0.43740340030911906, -0.0, 0.2812982998454406, 0.3941267387944359, -0.0, 0.04018547140649148, -0.0, 0.2009273570324573, -0.0, -0.0, -0.0, 0.1808346213292117, -0.0, -0.0, -0.0, -0.0, 0.08964451313755784, -0.0, -0.0, 0.17156105100463687, -0.0, -0.0, -0.0, -0.0, -0.0, -0.0, -0.0, 0.2179289026275116, 0.2395672333848532, -0.0, -0.0, 0.33230293663060273, -0.0, -0.0, -0.0, -0.0, -0.0]
			Active cut size: 0
W = 100 
H = 100
normalXList.size = 33
normalYList.size = 89
xList.size = 12
yList.size = 83
squareList.size = 43
myConsList.size = 0
当前上界 = 3.6213292117465223
当前上界 = 3.446573930963421
当前上界 = 3.2718186501803195
当前上界 = 3.097063369397218
最优解：3.2272024729520865
solutionList.size() = 1
pattern.getKey() = 9@34@43@70@71@74@
用时：1.297 s
--------------------------------------- Price Problem End --------------------------------------------------------
		39 Add column : 1 col:59 	34.373
			Start solve  LP :34.373
			End solve LP obj: 21.0 t: 0
com.wlj.solver.BBSolver:
--------------------------------------- Price Problem Start --------------------------------------------------------
dualPrice.size = 80 , dualPrice = [1.0, 1.0, 1.0, 1.0, 1.0, -0.0, 0.5737450137284361, 0.7610216028596588, 1.0, 0.23897839714034125, 0.2575247370875007, 0.4171372325545244, -0.0, 0.29363311402372594, 1.0, 1.0, 0.5828627674454756, 0.3913381339688151, -0.0, 0.7424752629124993, 0.6086618660311849, 1.0, -0.0, 0.3949645132880886, 0.3905610526861124, 0.3158058332901617, 0.4926695332331778, 0.39574159457079133, 0.20126405221986313, 0.2683520696264837, -0.0, -0.0, 0.299176293840336, 0.22001761384240898, 0.42625498627156383, 0.3196394342848254, 0.19017769258664524, -0.0, 0.3474071387867179, 0.2269595399678792, 0.166658032430193, 0.21369735274309626, -0.0, 0.2213645547324255, -0.0, 0.28922965342174967, 0.38501787286950234, -0.0, 0.3235248406983363, -0.0, 0.13889032792830047, 0.037507123245091645, -0.0, 0.14878516292804064, 0.1572812516189187, -0.0, -0.0, -0.0, -0.0, 0.0901932342122978, -0.0, 0.11158887219603082, -0.0, -0.0, -0.0, -0.0, -0.0, -0.0, -0.0, -0.0, 0.048800704553696006, -0.0, -0.0, 0.24649018287312957, 0.06460135730197386, -0.0, -0.0, -0.0, -0.0, -0.0]
			Active cut size: 0
W = 100 
H = 100
normalXList.size = 37
normalYList.size = 89
xList.size = 14
yList.size = 83
squareList.size = 48
myConsList.size = 0
当前上界 = 2.9550328964409682
当前上界 = 2.8246973700115703
当前上界 = 2.6943618435821723
当前上界 = 2.5640263171527744
当前上界 = 2.4336907907233765
当前上界 = 2.3033552642939785
最优解：2.3598922447287993
solutionList.size() = 1
pattern.getKey() = 14@21@70@73@74@
用时：2.844 s
--------------------------------------- Price Problem End --------------------------------------------------------
		40 Add column : 1 col:60 	37.217
			Start solve  LP :37.217
			End solve LP obj: 21.0 t: 16
com.wlj.solver.BBSolver:
--------------------------------------- Price Problem Start --------------------------------------------------------
dualPrice.size = 80 , dualPrice = [1.0, 1.0, 1.0, 1.0, 1.0, -0.0, 0.4692862472021886, 0.6548122357622483, 1.0, 0.34518776423775166, 0.8092514299925393, 0.5259885600596865, 0.2350161651330509, 0.3175826908729172, 1.0, 1.0, 0.4740114399403135, 0.46729669236508314, -0.0, 0.1907485700074607, 0.5327033076349168, 0.0, -0.0, 0.14648097488187034, 0.44391942302909726, 0.2384978860979856, 0.2961949763740364, 0.16985824421785628, 0.3752797811489679, 0.2603829893061428, -0.0, -0.0, 0.3145983586172594, 0.40661526983337465, 0.5307137527978114, 0.4235264859487692, 0.34518776423775166, -0.0, 0.4210395424023873, 0.18080079582193492, 0.23128574981347916, 0.3862223327530465, -0.0, -0.0, -0.0, 0.1564287490673963, 0.446903755284755, 0.1410096990798309, -0.0, -0.0, 0.13926883859736383, 0.2785376771947275, 0.7649838348669491, 0.1907485700074607, 0.13777667246953507, -0.0, 0.09450385476249723, -0.0, -0.0, 0.17781646356627706, -0.0, 0.1554339716488436, -0.0, -0.0, -0.0, -0.0, -0.0, -0.0, -0.0, -0.0, -0.0, 0.12409848296443687, -0.0, -0.0, -0.0, -0.0, -0.0, -0.0, -0.0, -0.0]
			Active cut size: 0
W = 100 
H = 100
normalXList.size = 25
normalYList.size = 87
xList.size = 14
yList.size = 79
squareList.size = 47
myConsList.size = 0
当前上界 = 3.211887590151704
当前上界 = 3.0644284174749234
当前上界 = 2.916969244798143
当前上界 = 2.7695100721213626
当前上界 = 2.622050899444582
最优解：2.6301914946530722
solutionList.size() = 1
pattern.getKey() = 15@45@46@52@54@71@
用时：0.953 s
--------------------------------------- Price Problem End --------------------------------------------------------
		41 Add column : 1 col:61 	38.186
			Start solve  LP :38.186
			End solve LP obj: 21.0 t: 0
com.wlj.solver.BBSolver:
--------------------------------------- Price Problem Start --------------------------------------------------------
dualPrice.size = 80 , dualPrice = [1.0, 1.0, 1.0, 1.0, 1.0, -0.0, 0.0, 0.3250641573994868, 1.0, -0.0, 0.8220701454234387, 0.5072711719418306, 0.5209580838323356, 0.34388366124893066, 1.0, -0.0, 0.4927288280581694, 0.5209580838323356, 1.0, 0.17792985457656124, 0.47904191616766445, -0.0, -0.0, 0.04704875962360988, 0.4533789563729683, 0.20273738237810102, 0.34046193327630453, 0.23096663815226692, 0.48160821214713423, 0.3293413173652693, -0.0, -0.0, 0.4285714285714285, 0.4011976047904192, 1.0, 0.36783575705731386, 0.4491017964071856, -0.0, 0.42942686056458523, 0.05816937553464496, -0.0, 0.31565440547476475, -0.0, -0.0, -0.0, 0.14884516680923876, 0.3686911890504706, 0.17023096663815224, -0.0, -0.0, 0.12147134302822915, 0.1950384944396924, 0.47904191616766445, 0.17792985457656124, -0.0, -0.0, -0.0, 0.2258340461933276, -0.0, 0.14970059880239517, -0.0, 0.2027373823781009, 0.18306244653550052, 0.17707442258340456, -0.0, -0.0, -0.0, -0.0, 0.6749358426005132, -0.0, 0.0, -0.0, -0.0, -0.0, -0.0, -0.0, -0.0, -0.0, -0.0, -0.0]
			Active cut size: 0
W = 100 
H = 100
normalXList.size = 41
normalYList.size = 88
xList.size = 16
yList.size = 83
squareList.size = 45
myConsList.size = 0
当前上界 = 3.777587681779299
当前上界 = 3.5924151696606788
当前上界 = 3.4072426575420587
当前上界 = 3.2220701454234386
最优解：3.2805816937553463
solutionList.size() = 2
pattern.getKey() = 4@34@57@61@63@68@
用时：5.609 s
--------------------------------------- Price Problem End --------------------------------------------------------
		42 Add column : 1 col:62 	43.795
			Start solve  LP :43.795
			End solve LP obj: 21.0 t: 0
com.wlj.solver.BBSolver:
--------------------------------------- Price Problem Start --------------------------------------------------------
dualPrice.size = 80 , dualPrice = [1.0, 1.0, 1.0, 1.0, 0.37329700272479593, 0.6267029972752041, 0.2425068119891004, 0.711171662125341, 1.0, -0.0, 0.6866485013623979, 0.5340599455040873, 0.2643051771117163, 0.4659400544959127, 1.0, -0.0, 0.4659400544959127, 0.5149863760217983, 1.0, 0.31335149863760214, 0.48501362397820175, -0.0, -0.0, 0.18256130790190744, 0.29155313351498646, 0.24250681198910085, 0.23160762942779295, 0.337874659400545, 0.45504087193460496, -0.0, -0.0, -0.0, 0.47683923705722064, 0.2343324250681197, -0.0, 0.4277929155313352, 0.25340599455040863, 0.7574931880108996, 0.4277929155313352, 0.2534059945504086, -0.0, 0.3024523160762943, -0.0, -0.0, 0.016348773841961928, -0.0, 0.2643051771117163, 0.2888283378746596, -0.0, -0.0, 0.051771117166212244, 0.3405994550408719, 0.7356948228882837, 0.31335149863760214, -0.0, -0.0, 0.250681198910082, 0.03542234332425048, -0.0, 0.23433242506811977, -0.0, 0.1444141689373296, 0.3188010899182563, 0.15803814713896497, -0.0, -0.0, -0.0, -0.0, 0.288828337874659, -0.0, 0.0, -0.0, -0.0, -0.0, -0.0, -0.0, -0.0, -0.0, -0.0, -0.0]
			Active cut size: 0
W = 100 
H = 100
normalXList.size = 45
normalYList.size = 88
xList.size = 20
yList.size = 83
squareList.size = 47
myConsList.size = 0
当前上界 = 3.7547683923705724
当前上界 = 3.571117166212534
当前上界 = 3.3874659400544957
当前上界 = 3.2038147138964574
最优解：3.294277929155314
solutionList.size() = 1
pattern.getKey() = 37@47@51@52@53@56@62@68@
用时：1.453 s
--------------------------------------- Price Problem End --------------------------------------------------------
		43 Add column : 1 col:63 	45.248
			Start solve  LP :45.248
			End solve LP obj: 21.000000000000004 t: 0
com.wlj.solver.BBSolver:
--------------------------------------- Price Problem Start --------------------------------------------------------
dualPrice.size = 80 , dualPrice = [1.0, 1.0, 1.0, 1.0, -0.0, 1.0, 0.6194636573231396, 0.609028030578814, 1.0, 0.3310884601383327, 0.3619099623832047, 0.38326659385997, 0.5742021599320462, 0.27545200825142546, 1.0, -0.0, 0.5340978036646024, 0.5742021599320462, 1.0, 0.22363790802087213, 0.4257978400679539, -0.0, -0.0, 0.13772600412571318, 0.38745297900740144, 0.3370950127411731, 0.4364761558063338, 0.32447518505035783, 0.36427618007523277, 0.25609756097561076, -0.0, -0.0, 0.42634389030457365, 0.37374105084334475, 0.38053634267686043, 0.3017837641062974, 0.2176313554180319, -0.0, 0.36039315617036677, 0.24827084091736573, 0.14543137968693237, 0.28807183594224073, 0.08263560247542767, 0.23892731464628023, 0.05308821744933914, 0.34128139788860457, 0.18347287950491498, -0.0, 0.1999150588520816, -0.0, 0.1689722121101806, 0.17983254459410242, 0.4257978400679539, 0.19924766411843342, -0.0, -0.0, -0.0, 0.17334061400315404, -0.0, 0.16970027909234311, 0.41445212959592315, 0.01626016260162766, 0.13523844193665702, -0.0, -0.0, -0.0, -0.0, -0.0, 0.05988350928285324, -0.0, -0.0, 0.04944788253852661, -0.0, 0.0, -0.0, -0.0, -0.0, -0.0, -0.0, 0.010556971241353463]
			Active cut size: 0
W = 100 
H = 100
normalXList.size = 57
normalYList.size = 92
xList.size = 25
yList.size = 89
squareList.size = 53
myConsList.size = 0
当前上界 = 3.0241475549083847
当前上界 = 2.8892043845811592
当前上界 = 2.7542612142539338
当前上界 = 2.6193180439267083
当前上界 = 2.484374873599483
最优解：2.5950127411721855
solutionList.size() = 1
pattern.getKey() = 18@45@52@57@59@60@68@79@
用时：1.719 s
--------------------------------------- Price Problem End --------------------------------------------------------
		44 Add column : 1 col:64 	46.967
			Start solve  LP :46.967
			End solve LP obj: 20.97123896386488 t: 0
com.wlj.solver.BBSolver:
--------------------------------------- Price Problem Start --------------------------------------------------------
dualPrice.size = 80 , dualPrice = [1.0, 1.0, 1.0, 1.0, -0.0, 1.0, 0.49194192116437785, 0.6809567291496921, 1.0, 0.3190432708503079, 0.48779735704288507, 0.4253376651589751, 0.4636577521026679, 0.29020233843561893, 1.0, -0.0, 0.38830802866046454, 0.4733051170982623, -0.0, 0.5122026429571149, 0.5266948829017377, 0.0, -0.0, 0.24155569427873164, 0.33172344545247656, 0.37807421611190445, 0.42465847294137493, 0.3831373659245173, 0.3367865952650894, 0.3297826008941601, -0.0, -0.0, 0.3526765032130561, 0.3567141451415601, 0.5080580788356222, 0.2601484889339226, 0.289849377052696, -0.0, 0.2693965202142755, 0.3218425942868395, 0.19746225196155726, 0.2851391886230061, 0.18635430618056015, 0.1469945338244082, 0.06904722135951011, 0.284459996405406, 0.15329363920760058, 0.11704775419828395, 0.1735615974470999, 1.0, 0.1981452839264185, 0.07598520161405231, 0.5363422478973321, 0.1916465116856068, -0.0, -0.0, -0.0, 0.02919389379761192, -0.0, 0.15000386189964995, -0.0, 0.13710615084683364, 0.07897828460472489, 0.03416533272369909, -0.0, -0.0, 0.046908420107928894, -0.0, -0.0, -0.0, -0.0, 0.02590411648966216, -0.0, -0.0, -0.0, -0.0, -0.0, -0.0, 0.009647364995594376, -0.0]
			Active cut size: 0
W = 100 
H = 100
normalXList.size = 59
normalYList.size = 91
xList.size = 37
yList.size = 87
squareList.size = 54
myConsList.size = 0
当前上界 = 3.5459896128929267
当前上界 = 3.3762569720333984
当前上界 = 3.20652433117387
当前上界 = 3.0367916903143417
当前上界 = 2.8670590494548134
最优解：2.8672649583631094
solutionList.size() = 1
pattern.getKey() = 8@49@52@59@61@63@78@
用时：5.234 s
--------------------------------------- Price Problem End --------------------------------------------------------
		45 Add column : 1 col:65 	52.201
			Start solve  LP :52.201
			End solve LP obj: 20.97123896386488 t: 0
com.wlj.solver.BBSolver:
--------------------------------------- Price Problem Start --------------------------------------------------------
dualPrice.size = 80 , dualPrice = [1.0, 1.0, 1.0, 1.0, -0.0, 1.0, 0.49194192116437785, 0.6809567291496921, -0.0, 0.3190432708503079, 0.48779735704288507, 0.4253376651589751, 0.4636577521026679, 0.29020233843561893, 1.0, -0.0, 0.38830802866046454, 0.4733051170982623, -0.0, 0.5122026429571149, 0.5266948829017377, 0.0, 1.0, 0.24155569427873164, 0.33172344545247656, 0.37807421611190445, 0.42465847294137493, 0.3831373659245173, 0.3367865952650894, 0.3297826008941601, -0.0, -0.0, 0.3526765032130561, 0.3567141451415601, 0.5080580788356222, 0.2601484889339226, 0.289849377052696, -0.0, 0.2693965202142755, 0.3218425942868395, 0.19746225196155726, 0.2851391886230061, 0.18635430618056015, 0.1469945338244082, 0.06904722135951011, 0.284459996405406, 0.15329363920760058, 0.11704775419828395, 0.1735615974470999, 0.13273504163689087, 0.1981452839264185, 0.07598520161405231, 0.5363422478973321, 0.1916465116856068, -0.0, -0.0, -0.0, 0.02919389379761192, -0.0, 0.15000386189964995, -0.0, 0.13710615084683364, 0.07897828460472489, 0.03416533272369909, -0.0, -0.0, 0.046908420107928894, -0.0, -0.0, -0.0, -0.0, 0.02590411648966216, -0.0, -0.0, -0.0, -0.0, -0.0, 0.8672649583631091, 0.009647364995594376, -0.0]
			Active cut size: 0
W = 100 
H = 100
normalXList.size = 59
normalYList.size = 98
xList.size = 37
yList.size = 95
squareList.size = 55
myConsList.size = 0
当前上界 = 3.8030463668680614
当前上界 = 3.6161766090768572
当前上界 = 3.429306851285653
当前上界 = 3.242437093494449
当前上界 = 3.0555673357032447
--------------------------------------- Price Problem End --------------------------------------------------------
		46 Add column : 0 col:66 	3000.007
	1 End Add column using column generation : 20.97123896386488 col: 66 cons: 0 cut: 0	3000.007
   End add columnAndCut : 20.97123896386488 colGencnt: 1 price: 0 col: 66 cons: 0 cut: 0	3000.007

Node lb: 1.7976931348623157E308 ub: 21 : 3000.007

Final Found Solution: 21 genNode: 1 extendedNode: 0:3000.007
Bin size: 10000
1 : 3900,2900,2816, : 9616
2 : 3900,3082,924, : 7906
3 : 3680,3480, : 7160
4 : 3920,3724,1562, : 9206
5 : 8004,840,584, : 9428
6 : 6435, : 6435
7 : 5934,2580,83, : 8597
8 : 6468,2574,616,96, : 9754
9 : 3825, : 3825
10 : 4576,4464,492, : 9532
11 : 4028,3066,355, : 7449
12 : 4005,3564,770,748, : 9087
13 : 4140,4018,445, : 8603
14 : 3750,3648,1170,74, : 8642
15 : 4176,2275,2106, : 8557
16 : 3038,2613,2552,1064, : 9267
17 : 2706,2664,923,888,522, : 7703
18 : 2700,2450,2112,440,288, : 7990
19 : 2108,2000,1408,1204,1066,840, : 8626
20 : 1953,1840,1411,1377,1232,774,686,8, : 9281
21 : 1760,1386,750,729,720,385,368,348,40, : 6486
----------------------- 1 ---------------------------
canvasWidth:100,
canvasHeight:100,
data:[{x:0,y:0,l:39,w:100},{x:0,y:39,l:29,w:100},{x:12,y:68,l:32,w:88},],
----------------------- 2 ---------------------------
canvasWidth:100,
canvasHeight:100,
data:[{x:61,y:0,l:100,w:39},{x:15,y:0,l:67,w:46},{x:28,y:67,l:28,w:33},],
----------------------- 3 ---------------------------
canvasWidth:100,
canvasHeight:100,
data:[{x:8,y:0,l:40,w:92},{x:42,y:40,l:60,w:58},],
----------------------- 4 ---------------------------
canvasWidth:100,
canvasHeight:100,
data:[{x:2,y:0,l:40,w:98},{x:2,y:40,l:38,w:98},{x:29,y:78,l:22,w:71},],
----------------------- 5 ---------------------------
canvasWidth:100,
canvasHeight:100,
data:[{x:13,y:0,l:92,w:87},{x:3,y:0,l:84,w:10},{x:27,y:92,l:8,w:73},],
----------------------- 6 ---------------------------
canvasWidth:100,
canvasHeight:100,
data:[{x:35,y:0,l:99,w:65},],
----------------------- 7 ---------------------------
canvasWidth:100,
canvasHeight:100,
data:[{x:14,y:0,l:69,w:86},{x:14,y:69,l:30,w:86},{x:17,y:99,l:1,w:83},],
----------------------- 8 ---------------------------
canvasWidth:100,
canvasHeight:100,
data:[{x:2,y:0,l:66,w:98},{x:22,y:66,l:33,w:78},{x:0,y:66,l:28,w:22},{x:4,y:99,l:1,w:96},],
----------------------- 9 ---------------------------
canvasWidth:100,
canvasHeight:100,
data:[{x:55,y:0,l:85,w:45},],
----------------------- 10 ---------------------------
canvasWidth:100,
canvasHeight:100,
data:[{x:7,y:0,l:48,w:93},{x:12,y:48,l:52,w:88},{x:1,y:0,l:82,w:6},],
----------------------- 11 ---------------------------
canvasWidth:100,
canvasHeight:100,
data:[{x:24,y:0,l:53,w:76},{x:27,y:53,l:42,w:73},{x:29,y:95,l:5,w:71},],
----------------------- 12 ---------------------------
canvasWidth:100,
canvasHeight:100,
data:[{x:11,y:0,l:45,w:89},{x:19,y:45,l:44,w:81},{x:30,y:89,l:11,w:70},{x:0,y:0,l:68,w:11},],
----------------------- 13 ---------------------------
canvasWidth:100,
canvasHeight:100,
data:[{x:10,y:0,l:46,w:90},{x:11,y:46,l:5,w:89},{x:18,y:51,l:49,w:82},],
----------------------- 14 ---------------------------
canvasWidth:100,
canvasHeight:100,
data:[{x:24,y:0,l:48,w:76},{x:25,y:48,l:50,w:75},{x:26,y:98,l:1,w:74},{x:9,y:0,l:78,w:15},],
----------------------- 15 ---------------------------
canvasWidth:100,
canvasHeight:100,
data:[{x:9,y:0,l:25,w:91},{x:13,y:25,l:48,w:87},{x:22,y:73,l:27,w:78},],
----------------------- 16 ---------------------------
canvasWidth:100,
canvasHeight:100,
data:[{x:2,y:0,l:31,w:98},{x:33,y:31,l:39,w:67},{x:5,y:31,l:38,w:28},{x:12,y:71,l:29,w:88},],
----------------------- 17 ---------------------------
canvasWidth:100,
canvasHeight:100,
data:[{x:28,y:0,l:37,w:72},{x:4,y:0,l:37,w:24},{x:13,y:37,l:6,w:87},{x:29,y:43,l:13,w:71},{x:34,y:56,l:41,w:66},],
----------------------- 18 ---------------------------
canvasWidth:100,
canvasHeight:100,
data:[{x:12,y:0,l:24,w:88},{x:0,y:0,l:24,w:12},{x:12,y:24,l:5,w:88},{x:25,y:29,l:36,w:75},{x:30,y:65,l:35,w:70},],
----------------------- 19 ---------------------------
canvasWidth:100,
canvasHeight:100,
data:[{x:32,y:0,l:31,w:68},{x:2,y:0,l:28,w:30},{x:12,y:31,l:16,w:88},{x:14,y:47,l:14,w:86},{x:18,y:61,l:13,w:82},{x:20,y:74,l:25,w:80},],
----------------------- 20 ---------------------------
canvasWidth:100,
canvasHeight:100,
data:[{x:93,y:0,l:98,w:7},{x:0,y:0,l:21,w:93},{x:1,y:21,l:20,w:92},{x:0,y:21,l:8,w:1},{x:7,y:41,l:9,w:86},{x:10,y:50,l:17,w:83},{x:12,y:67,l:17,w:81},{x:16,y:84,l:16,w:77},],
----------------------- 21 ---------------------------
canvasWidth:100,
canvasHeight:100,
data:[{x:13,y:0,l:4,w:87},{x:3,y:0,l:4,w:10},{x:8,y:4,l:4,w:92},{x:12,y:8,l:20,w:88},{x:19,y:28,l:9,w:81},{x:23,y:37,l:5,w:77},{x:25,y:42,l:10,w:75},{x:28,y:52,l:10,w:72},{x:34,y:62,l:21,w:66},],
