====================================== Class_08.2bp-19 =====================================
Reduced size: 40 usedBin: 0
[7, 19, 25, 30]
[6, 16, 24]
[11, 18, 21, 31]
[3, 26]
[1, 35, 36]
[2, 28, 34]
[5, 10, 29, 37]
[0, 27]
[4, 39]
[8, 20, 22, 38]
[9, 15, 23]
[12, 14, 33]
[13, 17, 32]
------------------------------------------------
Best fit used bin number: 13
Found best solution: 13 0.133

   Statrt add columnAndCut col: 13 cons: 0 cut: 0	0.191

	1 Start Add column using column generation  col: 13 cons: 0 cut: 0	0.191
			Start solve  LP :0.191
			End solve LP obj: 13.0 t: 1
	1 End Add column using column generation : 13.0 col: 13 cons: 0 cut: 0	0.192
   End add columnAndCut : 13.0 colGencnt: 1 price: 0 col: 13 cons: 0 cut: 0	0.192

Node lb: 13.0 ub: 13 : 0.195

Final Found Solution: 13 genNode: 1 extendedNode: 0:0.195
Bin size: 10000
1 : 4000,2610,1700,1222, : 9532
2 : 4389,2886,1932, : 9207
3 : 3220,2698,2430,952, : 9300
4 : 5168,1672, : 6840
5 : 7298,623,528, : 8449
6 : 5313,1463,660, : 7436
7 : 4648,3237,1248,292, : 9425
8 : 7885,1530, : 9415
9 : 4752,99, : 4851
10 : 3640,2523,2418,270, : 8851
11 : 3280,2940,2268, : 8488
12 : 3154,3002,688, : 6844
13 : 3060,2736,924, : 6720
----------------------- 1 ---------------------------
canvasWidth:100,
canvasHeight:100,
data:[{x:0,y:0,l:40,w:100},{x:0,y:40,l:17,w:100},{x:6,y:57,l:13,w:94},{x:13,y:70,l:30,w:87},],
----------------------- 2 ---------------------------
canvasWidth:100,
canvasHeight:100,
data:[{x:63,y:0,l:78,w:37},{x:6,y:0,l:77,w:57},{x:8,y:78,l:21,w:92},],
----------------------- 3 ---------------------------
canvasWidth:100,
canvasHeight:100,
data:[{x:29,y:0,l:38,w:71},{x:30,y:38,l:46,w:70},{x:32,y:84,l:14,w:68},{x:0,y:0,l:90,w:27},],
----------------------- 4 ---------------------------
canvasWidth:100,
canvasHeight:100,
data:[{x:24,y:0,l:68,w:76},{x:24,y:68,l:22,w:76},],
----------------------- 5 ---------------------------
canvasWidth:100,
canvasHeight:100,
data:[{x:11,y:0,l:82,w:89},{x:11,y:82,l:7,w:89},{x:12,y:89,l:6,w:88},],
----------------------- 6 ---------------------------
canvasWidth:100,
canvasHeight:100,
data:[{x:23,y:0,l:69,w:77},{x:23,y:69,l:19,w:77},{x:34,y:88,l:10,w:66},],
----------------------- 7 ---------------------------
canvasWidth:100,
canvasHeight:100,
data:[{x:17,y:0,l:56,w:83},{x:17,y:56,l:39,w:83},{x:27,y:95,l:4,w:73},{x:1,y:0,l:78,w:16},],
----------------------- 8 ---------------------------
canvasWidth:100,
canvasHeight:100,
data:[{x:5,y:0,l:83,w:95},{x:10,y:83,l:17,w:90},],
----------------------- 9 ---------------------------
canvasWidth:100,
canvasHeight:100,
data:[{x:1,y:0,l:1,w:99},{x:52,y:1,l:99,w:48},],
----------------------- 10 ---------------------------
canvasWidth:100,
canvasHeight:100,
data:[{x:9,y:0,l:40,w:91},{x:13,y:40,l:29,w:87},{x:22,y:69,l:31,w:78},{x:6,y:0,l:90,w:3},],
----------------------- 11 ---------------------------
canvasWidth:100,
canvasHeight:100,
data:[{x:2,y:0,l:30,w:98},{x:16,y:30,l:27,w:84},{x:20,y:57,l:41,w:80},],
----------------------- 12 ---------------------------
canvasWidth:100,
canvasHeight:100,
data:[{x:14,y:0,l:8,w:86},{x:17,y:8,l:38,w:83},{x:21,y:46,l:38,w:79},],
----------------------- 13 ---------------------------
canvasWidth:100,
canvasHeight:100,
data:[{x:28,y:0,l:38,w:72},{x:32,y:38,l:45,w:68},{x:34,y:83,l:14,w:66},],
