====================================== Class_09.2bp-48 =====================================
Reduced size: 100 usedBin: 0
[34]
[30]
[25, 72]
[1]
[37]
[70]
[11]
[48, 65, 86, 87]
[32, 76]
[36, 93]
[24, 71]
[52]
[43, 55]
[39, 63]
[13, 80, 96, 98]
[38]
[8, 82, 97]
[41]
[53]
[2, 91, 99]
[54]
[33]
[5]
[57]
[31, 79]
[42]
[9, 95]
[44]
[19]
[22]
[23]
[26, 89]
[4]
[51]
[21]
[20, 88]
[15]
[0]
[3]
[17]
[18]
[29, 92]
[10]
[16]
[61, 74]
[27]
[60]
[28, 78]
[50, 66, 81]
[14, 83]
[47, 73]
[67, 77]
[6, 90]
[7]
[12, 84, 85]
[35]
[62]
[64]
[46]
[40]
[69, 75]
[49, 94]
[58]
[45]
[56, 68]
[59]
------------------------------------------------
Best fit used bin number: 66
Found best solution: 66 0.14

   Statrt add columnAndCut col: 66 cons: 0 cut: 0	0.219

	1 Start Add column using column generation  col: 66 cons: 0 cut: 0	0.219
			Start solve  LP :0.219
			End solve LP obj: 66.0 t: 15
	1 End Add column using column generation : 66.0 col: 66 cons: 0 cut: 0	0.234
   End add columnAndCut : 66.0 colGencnt: 1 price: 0 col: 66 cons: 0 cut: 0	0.234

Node lb: 66.0 ub: 66 : 0.234

Final Found Solution: 66 genNode: 1 extendedNode: 0:0.234
Bin size: 10000
1 : 5900, : 5900
2 : 6100, : 6100
3 : 6700,2528, : 9228
4 : 9118, : 9118
5 : 5313, : 5313
6 : 2856, : 2856
7 : 7600, : 7600
8 : 4256,3036,910,851, : 9053
9 : 5950,1925, : 7875
10 : 5478,435, : 5913
11 : 6745,2632, : 9377
12 : 4032, : 4032
13 : 4617,3906, : 8523
14 : 4902,3440, : 8342
15 : 7469,1628,216,69, : 9382
16 : 4988, : 4988
17 : 7840,1580,176, : 9596
18 : 4880, : 4880
19 : 4032, : 4032
20 : 9108,623,63, : 9794
21 : 3952, : 3952
22 : 5950, : 5950
23 : 8624, : 8624
24 : 3672, : 3672
25 : 6083,1748, : 7831
26 : 4774, : 4774
27 : 7663,279, : 7942
28 : 4503, : 4503
29 : 7154, : 7154
30 : 6816, : 6816
31 : 6816, : 6816
32 : 6424,748, : 7172
33 : 8736, : 8736
34 : 4047, : 4047
35 : 6888, : 6888
36 : 7134,847, : 7981
37 : 7350, : 7350
38 : 9405, : 9405
39 : 8736, : 8736
40 : 7216, : 7216
41 : 7189, : 7189
42 : 6106,603, : 6709
43 : 7623, : 7623
44 : 7254, : 7254
45 : 3472,1936, : 5408
46 : 6318, : 6318
47 : 3600, : 3600
48 : 6216,1775, : 7991
49 : 4176,3016,1628, : 8820
50 : 7392,1392, : 8784
51 : 4270,2278, : 6548
52 : 3016,1804, : 4820
53 : 8463,672, : 9135
54 : 8118, : 8118
55 : 7480,1120,1067, : 9667
56 : 5655, : 5655
57 : 3468, : 3468
58 : 3127, : 3127
59 : 4345, : 4345
60 : 4900, : 4900
61 : 2860,1932, : 4792
62 : 4182,357, : 4539
63 : 3618, : 3618
64 : 4400, : 4400
65 : 3850,2940, : 6790
66 : 3604, : 3604
----------------------- 1 ---------------------------
canvasWidth:100,
canvasHeight:100,
data:[{x:0,y:0,l:59,w:100},],
----------------------- 2 ---------------------------
canvasWidth:100,
canvasHeight:100,
data:[{x:0,y:0,l:61,w:100},],
----------------------- 3 ---------------------------
canvasWidth:100,
canvasHeight:100,
data:[{x:33,y:0,l:100,w:67},{x:1,y:0,l:79,w:32},],
----------------------- 4 ---------------------------
canvasWidth:100,
canvasHeight:100,
data:[{x:3,y:0,l:94,w:97},],
----------------------- 5 ---------------------------
canvasWidth:100,
canvasHeight:100,
data:[{x:23,y:0,l:69,w:77},],
----------------------- 6 ---------------------------
canvasWidth:100,
canvasHeight:100,
data:[{x:49,y:0,l:56,w:51},],
----------------------- 7 ---------------------------
canvasWidth:100,
canvasHeight:100,
data:[{x:20,y:0,l:95,w:80},],
----------------------- 8 ---------------------------
canvasWidth:100,
canvasHeight:100,
data:[{x:44,y:0,l:76,w:56},{x:63,y:76,l:23,w:37},{x:0,y:0,l:69,w:44},{x:9,y:69,l:26,w:35},],
----------------------- 9 ---------------------------
canvasWidth:100,
canvasHeight:100,
data:[{x:30,y:0,l:85,w:70},{x:5,y:0,l:77,w:25},],
----------------------- 10 ---------------------------
canvasWidth:100,
canvasHeight:100,
data:[{x:34,y:0,l:83,w:66},{x:71,y:83,l:15,w:29},],
----------------------- 11 ---------------------------
canvasWidth:100,
canvasHeight:100,
data:[{x:29,y:0,l:95,w:71},{x:1,y:0,l:94,w:28},],
----------------------- 12 ---------------------------
canvasWidth:100,
canvasHeight:100,
data:[{x:28,y:0,l:56,w:72},],
----------------------- 13 ---------------------------
canvasWidth:100,
canvasHeight:100,
data:[{x:7,y:0,l:42,w:93},{x:19,y:43,l:57,w:81},],
----------------------- 14 ---------------------------
canvasWidth:100,
canvasHeight:100,
data:[{x:14,y:0,l:57,w:86},{x:20,y:57,l:43,w:80},],
----------------------- 15 ---------------------------
canvasWidth:100,
canvasHeight:100,
data:[{x:97,y:0,l:72,w:3},{x:97,y:72,l:23,w:3},{x:0,y:0,l:77,w:97},{x:23,y:77,l:22,w:74},],
----------------------- 16 ---------------------------
canvasWidth:100,
canvasHeight:100,
data:[{x:42,y:0,l:86,w:58},],
----------------------- 17 ---------------------------
canvasWidth:100,
canvasHeight:100,
data:[{x:2,y:0,l:80,w:98},{x:21,y:80,l:20,w:79},{x:10,y:80,l:16,w:11},],
----------------------- 18 ---------------------------
canvasWidth:100,
canvasHeight:100,
data:[{x:20,y:0,l:61,w:80},],
----------------------- 19 ---------------------------
canvasWidth:100,
canvasHeight:100,
data:[{x:36,y:0,l:63,w:64},],
----------------------- 20 ---------------------------
canvasWidth:100,
canvasHeight:100,
data:[{x:8,y:0,l:99,w:92},{x:1,y:0,l:89,w:7},{x:1,y:89,l:9,w:7},],
----------------------- 21 ---------------------------
canvasWidth:100,
canvasHeight:100,
data:[{x:24,y:0,l:52,w:76},],
----------------------- 22 ---------------------------
canvasWidth:100,
canvasHeight:100,
data:[{x:15,y:0,l:70,w:85},],
----------------------- 23 ---------------------------
canvasWidth:100,
canvasHeight:100,
data:[{x:2,y:0,l:88,w:98},],
----------------------- 24 ---------------------------
canvasWidth:100,
canvasHeight:100,
data:[{x:32,y:0,l:54,w:68},],
----------------------- 25 ---------------------------
canvasWidth:100,
canvasHeight:100,
data:[{x:23,y:0,l:79,w:77},{x:0,y:0,l:76,w:23},],
----------------------- 26 ---------------------------
canvasWidth:100,
canvasHeight:100,
data:[{x:23,y:0,l:62,w:77},],
----------------------- 27 ---------------------------
canvasWidth:100,
canvasHeight:100,
data:[{x:7,y:0,l:3,w:93},{x:21,y:3,l:97,w:79},],
----------------------- 28 ---------------------------
canvasWidth:100,
canvasHeight:100,
data:[{x:43,y:0,l:79,w:57},],
----------------------- 29 ---------------------------
canvasWidth:100,
canvasHeight:100,
data:[{x:2,y:0,l:73,w:98},],
----------------------- 30 ---------------------------
canvasWidth:100,
canvasHeight:100,
data:[{x:29,y:0,l:96,w:71},],
----------------------- 31 ---------------------------
canvasWidth:100,
canvasHeight:100,
data:[{x:4,y:0,l:71,w:96},],
----------------------- 32 ---------------------------
canvasWidth:100,
canvasHeight:100,
data:[{x:27,y:0,l:88,w:73},{x:32,y:88,l:11,w:68},],
----------------------- 33 ---------------------------
canvasWidth:100,
canvasHeight:100,
data:[{x:4,y:0,l:91,w:96},],
----------------------- 34 ---------------------------
canvasWidth:100,
canvasHeight:100,
data:[{x:43,y:0,l:71,w:57},],
----------------------- 35 ---------------------------
canvasWidth:100,
canvasHeight:100,
data:[{x:16,y:0,l:82,w:84},],
----------------------- 36 ---------------------------
canvasWidth:100,
canvasHeight:100,
data:[{x:18,y:0,l:87,w:82},{x:7,y:0,l:77,w:11},],
----------------------- 37 ---------------------------
canvasWidth:100,
canvasHeight:100,
data:[{x:25,y:0,l:98,w:75},],
----------------------- 38 ---------------------------
canvasWidth:100,
canvasHeight:100,
data:[{x:5,y:0,l:99,w:95},],
----------------------- 39 ---------------------------
canvasWidth:100,
canvasHeight:100,
data:[{x:9,y:0,l:96,w:91},],
----------------------- 40 ---------------------------
canvasWidth:100,
canvasHeight:100,
data:[{x:12,y:0,l:82,w:88},],
----------------------- 41 ---------------------------
canvasWidth:100,
canvasHeight:100,
data:[{x:21,y:0,l:91,w:79},],
----------------------- 42 ---------------------------
canvasWidth:100,
canvasHeight:100,
data:[{x:14,y:0,l:71,w:86},{x:5,y:0,l:67,w:9},],
----------------------- 43 ---------------------------
canvasWidth:100,
canvasHeight:100,
data:[{x:23,y:0,l:99,w:77},],
----------------------- 44 ---------------------------
canvasWidth:100,
canvasHeight:100,
data:[{x:22,y:0,l:93,w:78},],
----------------------- 45 ---------------------------
canvasWidth:100,
canvasHeight:100,
data:[{x:38,y:0,l:56,w:62},{x:56,y:56,l:44,w:44},],
----------------------- 46 ---------------------------
canvasWidth:100,
canvasHeight:100,
data:[{x:22,y:0,l:81,w:78},],
----------------------- 47 ---------------------------
canvasWidth:100,
canvasHeight:100,
data:[{x:28,y:0,l:50,w:72},],
----------------------- 48 ---------------------------
canvasWidth:100,
canvasHeight:100,
data:[{x:16,y:0,l:74,w:84},{x:29,y:74,l:25,w:71},],
----------------------- 49 ---------------------------
canvasWidth:100,
canvasHeight:100,
data:[{x:42,y:0,l:52,w:58},{x:5,y:0,l:44,w:37},{x:13,y:52,l:48,w:87},],
----------------------- 50 ---------------------------
canvasWidth:100,
canvasHeight:100,
data:[{x:12,y:0,l:84,w:88},{x:13,y:84,l:16,w:87},],
----------------------- 51 ---------------------------
canvasWidth:100,
canvasHeight:100,
data:[{x:30,y:0,l:61,w:70},{x:33,y:61,l:34,w:67},],
----------------------- 52 ---------------------------
canvasWidth:100,
canvasHeight:100,
data:[{x:42,y:0,l:52,w:58},{x:1,y:0,l:44,w:41},],
----------------------- 53 ---------------------------
canvasWidth:100,
canvasHeight:100,
data:[{x:93,y:0,l:96,w:7},{x:2,y:0,l:93,w:91},],
----------------------- 54 ---------------------------
canvasWidth:100,
canvasHeight:100,
data:[{x:18,y:0,l:99,w:82},],
----------------------- 55 ---------------------------
canvasWidth:100,
canvasHeight:100,
data:[{x:12,y:0,l:85,w:88},{x:20,y:85,l:14,w:80},{x:1,y:0,l:97,w:11},],
----------------------- 56 ---------------------------
canvasWidth:100,
canvasHeight:100,
data:[{x:35,y:0,l:87,w:65},],
----------------------- 57 ---------------------------
canvasWidth:100,
canvasHeight:100,
data:[{x:32,y:0,l:51,w:68},],
----------------------- 58 ---------------------------
canvasWidth:100,
canvasHeight:100,
data:[{x:47,y:0,l:59,w:53},],
----------------------- 59 ---------------------------
canvasWidth:100,
canvasHeight:100,
data:[{x:45,y:0,l:79,w:55},],
----------------------- 60 ---------------------------
canvasWidth:100,
canvasHeight:100,
data:[{x:50,y:0,l:98,w:50},],
----------------------- 61 ---------------------------
canvasWidth:100,
canvasHeight:100,
data:[{x:48,y:0,l:55,w:52},{x:54,y:55,l:42,w:46},],
----------------------- 62 ---------------------------
canvasWidth:100,
canvasHeight:100,
data:[{x:49,y:0,l:82,w:51},{x:79,y:82,l:17,w:21},],
----------------------- 63 ---------------------------
canvasWidth:100,
canvasHeight:100,
data:[{x:46,y:0,l:67,w:54},],
----------------------- 64 ---------------------------
canvasWidth:100,
canvasHeight:100,
data:[{x:45,y:0,l:80,w:55},],
----------------------- 65 ---------------------------
canvasWidth:100,
canvasHeight:100,
data:[{x:2,y:0,l:30,w:98},{x:45,y:30,l:70,w:55},],
----------------------- 66 ---------------------------
canvasWidth:100,
canvasHeight:100,
data:[{x:47,y:0,l:68,w:53},],
