====================================== Class_10.2bp-28 =====================================
Reduced size: 60 usedBin: 0
[0, 4, 38, 39]
[1, 11, 31, 35, 43, 48, 49, 56]
[2, 15, 19, 36, 37]
[8, 16, 17, 22, 28, 46, 53, 57]
[3, 14, 20, 21, 47]
[5, 12, 18, 29, 58, 59]
[6, 7, 24, 44]
[10, 13, 26, 27, 32, 33, 34, 41, 50, 54]
[9, 23, 25, 30, 40, 42, 45, 51, 52, 55]
------------------------------------------------
Best fit used bin number: 9
Found best solution: 9 0.125

   Statrt add columnAndCut col: 9 cons: 0 cut: 0	0.188

	1 Start Add column using column generation  col: 9 cons: 0 cut: 0	0.188
			Start solve  LP :0.188
			End solve LP obj: 9.0 t: 0
com.wlj.solver.BBSolver:
--------------------------------------- Price Problem Start --------------------------------------------------------
dualPrice.size = 60 , dualPrice = [1.0, 1.0, 1.0, 1.0, -0.0, 1.0, 1.0, -0.0, 1.0, 1.0, 1.0, -0.0, -0.0, -0.0, -0.0, -0.0, -0.0, -0.0, -0.0, -0.0, -0.0, -0.0, -0.0, -0.0, -0.0, -0.0, -0.0, -0.0, -0.0, -0.0, -0.0, -0.0, -0.0, -0.0, -0.0, -0.0, -0.0, -0.0, -0.0, -0.0, -0.0, -0.0, -0.0, -0.0, -0.0, -0.0, -0.0, -0.0, -0.0, -0.0, -0.0, -0.0, -0.0, -0.0, -0.0, -0.0, -0.0, -0.0, -0.0, -0.0]
			Active cut size: 0
W = 100 
H = 100
normalXList.size = 3
normalYList.size = 9
xList.size = 3
yList.size = 7
squareList.size = 9
myConsList.size = 0
当前上界 = 3.0
当前上界 = 2.8666666666666667
当前上界 = 2.7333333333333334
当前上界 = 2.6
当前上界 = 2.466666666666667
当前上界 = 2.3333333333333335
当前上界 = 2.2
当前上界 = 2.066666666666667
当前上界 = 1.9333333333333336
最优解：2.0
solutionList.size() = 10
pattern.getKey() = 5@10@
用时：0.015 s
--------------------------------------- Price Problem End --------------------------------------------------------
		1 Add column : 1 col:9 	0.203
			Start solve  LP :0.203
			End solve LP obj: 9.0 t: 0
com.wlj.solver.BBSolver:
--------------------------------------- Price Problem Start --------------------------------------------------------
dualPrice.size = 60 , dualPrice = [1.0, 1.0, 1.0, 1.0, -0.0, 0.0, 1.0, -0.0, 1.0, 1.0, 1.0, -0.0, 1.0, -0.0, -0.0, -0.0, -0.0, -0.0, -0.0, -0.0, -0.0, -0.0, -0.0, -0.0, -0.0, -0.0, -0.0, -0.0, -0.0, -0.0, -0.0, -0.0, -0.0, -0.0, -0.0, -0.0, -0.0, -0.0, -0.0, -0.0, -0.0, -0.0, -0.0, -0.0, -0.0, -0.0, -0.0, -0.0, -0.0, -0.0, -0.0, -0.0, -0.0, -0.0, -0.0, -0.0, -0.0, -0.0, -0.0, -0.0]
			Active cut size: 0
W = 100 
H = 100
normalXList.size = 3
normalYList.size = 9
xList.size = 3
yList.size = 7
squareList.size = 9
myConsList.size = 0
当前上界 = 3.0
当前上界 = 2.8666666666666667
当前上界 = 2.7333333333333334
当前上界 = 2.6
当前上界 = 2.466666666666667
当前上界 = 2.3333333333333335
当前上界 = 2.2
当前上界 = 2.066666666666667
当前上界 = 1.9333333333333336
最优解：2.0
solutionList.size() = 14
pattern.getKey() = 1@12@
用时：0.0 s
--------------------------------------- Price Problem End --------------------------------------------------------
		2 Add column : 1 col:10 	0.203
			Start solve  LP :0.203
			End solve LP obj: 9.0 t: 0
com.wlj.solver.BBSolver:
--------------------------------------- Price Problem Start --------------------------------------------------------
dualPrice.size = 60 , dualPrice = [1.0, 0.0, 1.0, 1.0, -0.0, 0.0, 1.0, -0.0, 1.0, 1.0, 1.0, 1.0, 1.0, -0.0, -0.0, -0.0, -0.0, -0.0, -0.0, -0.0, -0.0, -0.0, -0.0, -0.0, -0.0, -0.0, -0.0, -0.0, -0.0, -0.0, -0.0, -0.0, -0.0, -0.0, -0.0, -0.0, -0.0, -0.0, -0.0, -0.0, -0.0, -0.0, -0.0, -0.0, -0.0, -0.0, -0.0, -0.0, -0.0, -0.0, -0.0, -0.0, -0.0, -0.0, -0.0, -0.0, -0.0, -0.0, -0.0, -0.0]
			Active cut size: 0
W = 100 
H = 100
normalXList.size = 3
normalYList.size = 9
xList.size = 3
yList.size = 7
squareList.size = 9
myConsList.size = 0
当前上界 = 3.0
当前上界 = 2.8666666666666667
当前上界 = 2.7333333333333334
当前上界 = 2.6
当前上界 = 2.466666666666667
当前上界 = 2.3333333333333335
当前上界 = 2.2
当前上界 = 2.066666666666667
当前上界 = 1.9333333333333336
最优解：2.0
solutionList.size() = 17
pattern.getKey() = 6@11@
用时：0.016 s
--------------------------------------- Price Problem End --------------------------------------------------------
		3 Add column : 1 col:11 	0.219
			Start solve  LP :0.219
			End solve LP obj: 9.0 t: 0
com.wlj.solver.BBSolver:
--------------------------------------- Price Problem Start --------------------------------------------------------
dualPrice.size = 60 , dualPrice = [1.0, 0.0, 1.0, 1.0, -0.0, 0.0, 0.0, 1.0, 1.0, 1.0, 1.0, 1.0, 1.0, -0.0, -0.0, -0.0, -0.0, -0.0, -0.0, -0.0, -0.0, -0.0, -0.0, -0.0, -0.0, -0.0, -0.0, -0.0, -0.0, -0.0, -0.0, -0.0, -0.0, -0.0, -0.0, -0.0, -0.0, -0.0, -0.0, -0.0, -0.0, -0.0, -0.0, -0.0, -0.0, -0.0, -0.0, -0.0, -0.0, -0.0, -0.0, -0.0, -0.0, -0.0, -0.0, -0.0, -0.0, -0.0, -0.0, -0.0]
			Active cut size: 0
W = 100 
H = 100
normalXList.size = 6
normalYList.size = 8
xList.size = 5
yList.size = 5
squareList.size = 9
myConsList.size = 0
当前上界 = 3.0
当前上界 = 2.8666666666666667
当前上界 = 2.7333333333333334
当前上界 = 2.6
当前上界 = 2.466666666666667
当前上界 = 2.3333333333333335
当前上界 = 2.2
当前上界 = 2.066666666666667
当前上界 = 1.9333333333333336
最优解：2.0
solutionList.size() = 16
pattern.getKey() = 0@11@
用时：0.0 s
--------------------------------------- Price Problem End --------------------------------------------------------
		4 Add column : 1 col:12 	0.219
			Start solve  LP :0.219
			End solve LP obj: 9.0 t: 0
com.wlj.solver.BBSolver:
--------------------------------------- Price Problem Start --------------------------------------------------------
dualPrice.size = 60 , dualPrice = [0.0, 0.0, 1.0, 1.0, 1.0, 0.0, 0.0, 1.0, 1.0, 1.0, 1.0, 1.0, 1.0, -0.0, -0.0, -0.0, -0.0, -0.0, -0.0, -0.0, -0.0, -0.0, -0.0, -0.0, -0.0, -0.0, -0.0, -0.0, -0.0, -0.0, -0.0, -0.0, -0.0, -0.0, -0.0, -0.0, -0.0, -0.0, -0.0, -0.0, -0.0, -0.0, -0.0, -0.0, -0.0, -0.0, -0.0, -0.0, -0.0, -0.0, -0.0, -0.0, -0.0, -0.0, -0.0, -0.0, -0.0, -0.0, -0.0, -0.0]
			Active cut size: 0
W = 99 
H = 100
normalXList.size = 6
normalYList.size = 8
xList.size = 4
yList.size = 5
squareList.size = 9
myConsList.size = 0
当前上界 = 3.0
当前上界 = 2.8666666666666667
当前上界 = 2.7333333333333334
当前上界 = 2.6
当前上界 = 2.466666666666667
当前上界 = 2.3333333333333335
当前上界 = 2.2
当前上界 = 2.066666666666667
当前上界 = 1.9333333333333336
最优解：2.0
solutionList.size() = 17
pattern.getKey() = 4@11@
用时：0.0 s
--------------------------------------- Price Problem End --------------------------------------------------------
		5 Add column : 1 col:13 	0.219
			Start solve  LP :0.219
			End solve LP obj: 9.0 t: 0
com.wlj.solver.BBSolver:
--------------------------------------- Price Problem Start --------------------------------------------------------
dualPrice.size = 60 , dualPrice = [0.5, 0.5, 1.0, 1.0, 0.5, 0.5, 0.5, 0.5, 1.0, 1.0, 0.5, 0.5, 0.5, 0.5, -0.0, -0.0, -0.0, -0.0, -0.0, -0.0, -0.0, -0.0, -0.0, -0.0, -0.0, -0.0, -0.0, -0.0, -0.0, -0.0, -0.0, -0.0, -0.0, -0.0, -0.0, -0.0, -0.0, -0.0, -0.0, -0.0, -0.0, -0.0, -0.0, -0.0, -0.0, -0.0, -0.0, -0.0, -0.0, -0.0, -0.0, -0.0, -0.0, -0.0, -0.0, -0.0, -0.0, -0.0, -0.0, -0.0]
			Active cut size: 0
W = 100 
H = 100
normalXList.size = 9
normalYList.size = 12
xList.size = 5
yList.size = 7
squareList.size = 14
myConsList.size = 0
当前上界 = 3.0
当前上界 = 2.8666666666666667
当前上界 = 2.7333333333333334
当前上界 = 2.6
当前上界 = 2.466666666666667
当前上界 = 2.3333333333333335
当前上界 = 2.2
当前上界 = 2.066666666666667
当前上界 = 1.9333333333333336
最优解：2.0
solutionList.size() = 2
pattern.getKey() = 7@8@13@
用时：0.0 s
--------------------------------------- Price Problem End --------------------------------------------------------
		6 Add column : 1 col:14 	0.219
			Start solve  LP :0.219
			End solve LP obj: 9.0 t: 0
com.wlj.solver.BBSolver:
--------------------------------------- Price Problem Start --------------------------------------------------------
dualPrice.size = 60 , dualPrice = [0.5, 0.5, 1.0, 1.0, 0.5, 0.5, 0.5, 0.5, 0.0, 1.0, 0.5, 0.5, 0.5, 0.5, -0.0, -0.0, 1.0, -0.0, -0.0, -0.0, -0.0, -0.0, -0.0, -0.0, -0.0, -0.0, -0.0, -0.0, -0.0, -0.0, -0.0, -0.0, -0.0, -0.0, -0.0, -0.0, -0.0, -0.0, -0.0, -0.0, -0.0, -0.0, -0.0, -0.0, -0.0, -0.0, -0.0, -0.0, -0.0, -0.0, -0.0, -0.0, -0.0, -0.0, -0.0, -0.0, -0.0, -0.0, -0.0, -0.0]
			Active cut size: 0
W = 100 
H = 100
normalXList.size = 12
normalYList.size = 11
xList.size = 7
yList.size = 5
squareList.size = 14
myConsList.size = 0
当前上界 = 3.0
当前上界 = 2.8666666666666667
当前上界 = 2.7333333333333334
当前上界 = 2.6
当前上界 = 2.466666666666667
当前上界 = 2.3333333333333335
当前上界 = 2.2
当前上界 = 2.066666666666667
当前上界 = 1.9333333333333336
最优解：2.0
solutionList.size() = 11
pattern.getKey() = 10@11@16@
用时：0.0 s
--------------------------------------- Price Problem End --------------------------------------------------------
		7 Add column : 1 col:15 	0.219
			Start solve  LP :0.219
			End solve LP obj: 9.0 t: 0
com.wlj.solver.BBSolver:
--------------------------------------- Price Problem Start --------------------------------------------------------
dualPrice.size = 60 , dualPrice = [0.0, 1.0, 1.0, 1.0, 1.0, 1.0, 1.0, 0.0, 0.0, 1.0, 0.0, 0.0, -0.0, 1.0, -0.0, -0.0, 1.0, -0.0, -0.0, -0.0, -0.0, -0.0, -0.0, -0.0, -0.0, -0.0, -0.0, -0.0, -0.0, -0.0, -0.0, -0.0, -0.0, -0.0, -0.0, -0.0, -0.0, -0.0, -0.0, -0.0, -0.0, -0.0, -0.0, -0.0, -0.0, -0.0, -0.0, -0.0, -0.0, -0.0, -0.0, -0.0, -0.0, -0.0, -0.0, -0.0, -0.0, -0.0, -0.0, -0.0]
			Active cut size: 0
W = 99 
H = 97
normalXList.size = 8
normalYList.size = 7
xList.size = 4
yList.size = 4
squareList.size = 9
myConsList.size = 0
当前上界 = 3.0
最优解：3.0
solutionList.size() = 2
pattern.getKey() = 5@13@16@
用时：0.0 s
--------------------------------------- Price Problem End --------------------------------------------------------
		8 Add column : 1 col:16 	0.219
			Start solve  LP :0.219
			End solve LP obj: 9.0 t: 0
com.wlj.solver.BBSolver:
--------------------------------------- Price Problem Start --------------------------------------------------------
dualPrice.size = 60 , dualPrice = [0.0, 1.0, 1.0, 1.0, 1.0, 0.33333333333333326, 1.0, 0.0, 0.6666666666666666, 1.0, 0.6666666666666667, 0.0, 0.0, 0.33333333333333337, -0.0, -0.0, 0.33333333333333337, -0.0, 0.6666666666666667, -0.0, -0.0, -0.0, -0.0, -0.0, -0.0, -0.0, -0.0, -0.0, -0.0, -0.0, -0.0, -0.0, -0.0, -0.0, -0.0, -0.0, -0.0, -0.0, -0.0, -0.0, -0.0, -0.0, -0.0, -0.0, -0.0, -0.0, -0.0, -0.0, -0.0, -0.0, -0.0, -0.0, -0.0, -0.0, -0.0, -0.0, -0.0, -0.0, -0.0, -0.0]
			Active cut size: 0
W = 100 
H = 100
normalXList.size = 13
normalYList.size = 10
xList.size = 7
yList.size = 8
squareList.size = 12
myConsList.size = 0
当前上界 = 2.666666666666667
最优解：2.666666666666667
solutionList.size() = 2
pattern.getKey() = 6@9@18@
用时：0.016 s
--------------------------------------- Price Problem End --------------------------------------------------------
		9 Add column : 1 col:17 	0.235
			Start solve  LP :0.235
			End solve LP obj: 9.0 t: 0
com.wlj.solver.BBSolver:
--------------------------------------- Price Problem Start --------------------------------------------------------
dualPrice.size = 60 , dualPrice = [0.33333333333333337, 0.6666666666666666, 1.0, 1.0, 0.6666666666666666, 0.6666666666666666, 0.0, 1.0, 0.0, 1.0, 0.33333333333333337, 0.33333333333333337, 0.33333333333333337, -0.0, -0.0, -0.0, 0.33333333333333337, 0.6666666666666666, -0.0, -0.0, -0.0, -0.0, -0.0, -0.0, -0.0, -0.0, 0.6666666666666666, -0.0, -0.0, -0.0, -0.0, -0.0, -0.0, -0.0, -0.0, -0.0, -0.0, -0.0, -0.0, -0.0, -0.0, -0.0, -0.0, -0.0, -0.0, -0.0, -0.0, -0.0, -0.0, -0.0, -0.0, -0.0, -0.0, -0.0, -0.0, -0.0, -0.0, -0.0, -0.0, -0.0]
			Active cut size: 0
W = 100 
H = 100
normalXList.size = 16
normalYList.size = 28
xList.size = 11
yList.size = 11
squareList.size = 14
myConsList.size = 0
当前上界 = 3.333333333333333
当前上界 = 3.1777777777777776
当前上界 = 3.022222222222222
当前上界 = 2.8666666666666667
当前上界 = 2.7111111111111112
当前上界 = 2.555555555555556
最优解：2.6666666666666665
solutionList.size() = 4
pattern.getKey() = 7@16@17@26@
用时：0.0 s
--------------------------------------- Price Problem End --------------------------------------------------------
		10 Add column : 1 col:18 	0.235
			Start solve  LP :0.235
			End solve LP obj: 9.0 t: 0
com.wlj.solver.BBSolver:
--------------------------------------- Price Problem Start --------------------------------------------------------
dualPrice.size = 60 , dualPrice = [0.4, 0.6, 1.0, 1.0, 0.6, 0.6, 0.6, 0.19999999999999996, 0.8, 0.4, 0.4, 0.4, 0.4, -0.0, -0.0, -0.0, 0.2, -0.0, -0.0, -0.0, -0.0, -0.0, -0.0, 0.6, 0.20000000000000007, -0.0, 0.6, -0.0, -0.0, -0.0, -0.0, -0.0, -0.0, -0.0, -0.0, -0.0, -0.0, -0.0, -0.0, -0.0, -0.0, -0.0, -0.0, -0.0, -0.0, -0.0, -0.0, -0.0, -0.0, -0.0, -0.0, -0.0, -0.0, -0.0, -0.0, -0.0, -0.0, -0.0, -0.0, -0.0]
			Active cut size: 0
W = 100 
H = 100
normalXList.size = 17
normalYList.size = 41
xList.size = 9
yList.size = 21
squareList.size = 17
myConsList.size = 0
当前上界 = 3.2
当前上界 = 3.0533333333333337
当前上界 = 2.906666666666667
当前上界 = 2.7600000000000007
当前上界 = 2.613333333333334
当前上界 = 2.4666666666666677
当前上界 = 2.320000000000001
最优解：2.4
solutionList.size() = 2
pattern.getKey() = 3@23@24@26@
pattern.getKey() = 2@23@24@26@
用时：0.015 s
--------------------------------------- Price Problem End --------------------------------------------------------
		11 Add column : 1 col:19 	0.25
			Start solve  LP :0.25
			End solve LP obj: 9.0 t: 0
com.wlj.solver.BBSolver:
--------------------------------------- Price Problem Start --------------------------------------------------------
dualPrice.size = 60 , dualPrice = [0.5, 0.5, 0.5, 1.0, 0.5, 0.5, 0.5, 0.5, 0.5, 0.5, 0.0, 0.5, 0.5, -0.0, -0.0, 0.5, 0.5, -0.0, -0.0, -0.0, -0.0, -0.0, -0.0, 0.5, 0.0, -0.0, -0.0, 1.0, -0.0, -0.0, -0.0, -0.0, -0.0, -0.0, -0.0, -0.0, -0.0, -0.0, -0.0, -0.0, -0.0, -0.0, -0.0, -0.0, -0.0, -0.0, -0.0, -0.0, -0.0, -0.0, -0.0, -0.0, -0.0, -0.0, -0.0, -0.0, -0.0, -0.0, -0.0, -0.0]
			Active cut size: 0
W = 100 
H = 100
normalXList.size = 28
normalYList.size = 21
xList.size = 13
yList.size = 13
squareList.size = 16
myConsList.size = 0
当前上界 = 3.5
当前上界 = 3.3333333333333335
当前上界 = 3.166666666666667
当前上界 = 3.0000000000000004
最优解：3.0
solutionList.size() = 1
pattern.getKey() = 3@16@23@27@
用时：0.0 s
--------------------------------------- Price Problem End --------------------------------------------------------
		12 Add column : 1 col:20 	0.25
			Start solve  LP :0.25
			End solve LP obj: 9.0 t: 0
com.wlj.solver.BBSolver:
--------------------------------------- Price Problem Start --------------------------------------------------------
dualPrice.size = 60 , dualPrice = [0.5, 0.5, -0.0, 0.5, 0.5, 0.5, -0.0, -0.0, 1.0, 1.0, 0.5, 0.5, 0.5, -0.0, 0.5, 1.0, 0.0, -0.0, -0.0, -0.0, -0.0, -0.0, -0.0, -0.0, 1.0, 0.0, -0.0, 0.5, -0.0, -0.0, -0.0, -0.0, -0.0, -0.0, -0.0, -0.0, -0.0, -0.0, -0.0, -0.0, -0.0, -0.0, -0.0, -0.0, -0.0, -0.0, -0.0, -0.0, -0.0, -0.0, -0.0, -0.0, -0.0, -0.0, -0.0, -0.0, -0.0, -0.0, -0.0, -0.0]
			Active cut size: 0
W = 100 
H = 100
normalXList.size = 14
normalYList.size = 29
xList.size = 7
yList.size = 13
squareList.size = 14
myConsList.size = 0
当前上界 = 4.0
当前上界 = 3.8
当前上界 = 3.5999999999999996
当前上界 = 3.3999999999999995
最优解：3.5
solutionList.size() = 2
pattern.getKey() = 9@15@24@27@
用时：0.016 s
--------------------------------------- Price Problem End --------------------------------------------------------
		13 Add column : 1 col:21 	0.266
			Start solve  LP :0.266
			End solve LP obj: 9.0 t: 0
com.wlj.solver.BBSolver:
--------------------------------------- Price Problem Start --------------------------------------------------------
dualPrice.size = 60 , dualPrice = [0.4, 0.6, 0.8, 0.20000000000000007, 0.6, 0.6, 0.6, 0.19999999999999996, 0.8, -0.0, 0.4, 0.4, 0.4, -0.0, 0.7999999999999999, 0.2, 0.2, -0.0, -0.0, -0.0, -0.0, -0.0, -0.0, -0.0, 0.2, 1.0, -0.0, 0.6, -0.0, -0.0, -0.0, -0.0, -0.0, -0.0, -0.0, -0.0, -0.0, -0.0, -0.0, -0.0, -0.0, -0.0, -0.0, -0.0, -0.0, -0.0, -0.0, -0.0, -0.0, -0.0, -0.0, -0.0, -0.0, -0.0, -0.0, -0.0, -0.0, -0.0, -0.0, -0.0]
			Active cut size: 0
W = 100 
H = 100
normalXList.size = 30
normalYList.size = 31
xList.size = 15
yList.size = 15
squareList.size = 18
myConsList.size = 0
当前上界 = 3.4
当前上界 = 3.2399999999999998
当前上界 = 3.0799999999999996
当前上界 = 2.9199999999999995
最优解：3.0
solutionList.size() = 4
pattern.getKey() = 4@14@25@27@
用时：0.016 s
--------------------------------------- Price Problem End --------------------------------------------------------
		14 Add column : 1 col:22 	0.282
			Start solve  LP :0.282
			End solve LP obj: 9.0 t: 0
com.wlj.solver.BBSolver:
--------------------------------------- Price Problem Start --------------------------------------------------------
dualPrice.size = 60 , dualPrice = [1.0, 1.0, 1.0, 1.0, 0.0, 1.0, 1.0, -0.0, 1.0, -0.0, 0.0, 0.0, 0.0, -0.0, 0.0, 0.0, 0.0, -0.0, -0.0, -0.0, -0.0, -0.0, -0.0, -0.0, 0.0, 1.0, -0.0, -0.0, -0.0, -0.0, -0.0, -0.0, 1.0, -0.0, -0.0, -0.0, -0.0, -0.0, -0.0, -0.0, -0.0, -0.0, -0.0, -0.0, -0.0, -0.0, -0.0, -0.0, -0.0, -0.0, -0.0, -0.0, -0.0, -0.0, -0.0, -0.0, -0.0, -0.0, -0.0, -0.0]
			Active cut size: 0
W = 100 
H = 99
normalXList.size = 19
normalYList.size = 10
xList.size = 9
yList.size = 6
squareList.size = 9
myConsList.size = 0
当前上界 = 4.0
当前上界 = 3.8
当前上界 = 3.5999999999999996
当前上界 = 3.3999999999999995
当前上界 = 3.1999999999999993
当前上界 = 2.999999999999999
最优解：3.0
solutionList.size() = 7
pattern.getKey() = 3@25@32@
用时：0.0 s
--------------------------------------- Price Problem End --------------------------------------------------------
		15 Add column : 1 col:23 	0.282
			Start solve  LP :0.282
			End solve LP obj: 9.0 t: 0
com.wlj.solver.BBSolver:
--------------------------------------- Price Problem Start --------------------------------------------------------
dualPrice.size = 60 , dualPrice = [0.6666666666666666, 0.6666666666666666, 0.6666666666666667, 0.33333333333333337, 0.33333333333333337, 0.6666666666666666, 0.6666666666666666, -0.0, 1.0, 0.33333333333333337, 0.33333333333333337, 0.33333333333333337, 0.33333333333333337, -0.0, 0.6666666666666666, 0.3333333333333333, 0.0, -0.0, -0.0, -0.0, -0.0, -0.0, -0.0, -0.0, 0.3333333333333333, 0.0, -0.0, -0.0, -0.0, -0.0, 0.6666666666666666, -0.0, 0.6666666666666666, -0.0, -0.0, -0.0, -0.0, -0.0, -0.0, -0.0, -0.0, -0.0, -0.0, -0.0, -0.0, -0.0, -0.0, -0.0, -0.0, -0.0, -0.0, -0.0, -0.0, -0.0, -0.0, -0.0, -0.0, -0.0, -0.0, -0.0]
			Active cut size: 0
W = 100 
H = 100
normalXList.size = 28
normalYList.size = 31
xList.size = 11
yList.size = 15
squareList.size = 17
myConsList.size = 0
当前上界 = 3.3333333333333335
当前上界 = 3.177777777777778
当前上界 = 3.0222222222222226
当前上界 = 2.866666666666667
当前上界 = 2.7111111111111117
当前上界 = 2.5555555555555562
最优解：2.6666666666666665
solutionList.size() = 13
pattern.getKey() = 1@15@24@30@32@
pattern.getKey() = 3@14@24@30@32@
用时：0.015 s
--------------------------------------- Price Problem End --------------------------------------------------------
		16 Add column : 1 col:24 	0.297
			Start solve  LP :0.297
			End solve LP obj: 9.0 t: 0
com.wlj.solver.BBSolver:
--------------------------------------- Price Problem Start --------------------------------------------------------
dualPrice.size = 60 , dualPrice = [0.6, 0.6, 0.3999999999999999, 0.6, 0.4, 0.6, 0.6000000000000001, 0.19999999999999996, 0.8, 0.3999999999999999, 0.4, 0.4, 0.4, -0.0, 0.19999999999999996, 0.6000000000000001, 0.19999999999999996, -0.0, -0.0, -0.0, 0.20000000000000007, -0.0, -0.0, -0.0, -0.0, 0.4, 0.6000000000000001, -0.0, -0.0, -0.0, 0.20000000000000007, -0.0, -0.0, -0.0, -0.0, -0.0, -0.0, -0.0, -0.0, -0.0, -0.0, -0.0, -0.0, -0.0, 0.19999999999999996, -0.0, -0.0, -0.0, -0.0, -0.0, -0.0, -0.0, -0.0, -0.0, -0.0, -0.0, -0.0, -0.0, -0.0, -0.0]
			Active cut size: 0
W = 100 
H = 100
normalXList.size = 47
normalYList.size = 51
xList.size = 19
yList.size = 33
squareList.size = 21
myConsList.size = 0
当前上界 = 3.0
当前上界 = 2.8666666666666667
当前上界 = 2.7333333333333334
当前上界 = 2.6
当前上界 = 2.466666666666667
当前上界 = 2.3333333333333335
最优解：2.4000000000000004
solutionList.size() = 10
pattern.getKey() = 8@20@25@26@30@44@
用时：0.172 s
--------------------------------------- Price Problem End --------------------------------------------------------
		17 Add column : 1 col:25 	0.469
			Start solve  LP :0.469
			End solve LP obj: 9.0 t: 0
com.wlj.solver.BBSolver:
--------------------------------------- Price Problem Start --------------------------------------------------------
dualPrice.size = 60 , dualPrice = [0.5, 0.5, 1.0, 0.5, 0.5, 0.5, 0.0, 0.5, 0.5, 1.0, 0.0, 0.5, 0.5, -0.0, 0.5, 0.0, 0.5, -0.0, -0.0, -0.0, -0.0, -0.0, -0.0, -0.0, -0.0, 0.0, -0.0, -0.0, -0.0, -0.0, -0.0, -0.0, -0.0, 1.0, -0.0, -0.0, -0.0, -0.0, -0.0, -0.0, -0.0, -0.0, -0.0, -0.0, 0.5, -0.0, -0.0, -0.0, -0.0, -0.0, -0.0, -0.0, -0.0, -0.0, -0.0, -0.0, -0.0, -0.0, -0.0, -0.0]
			Active cut size: 0
W = 100 
H = 100
normalXList.size = 43
normalYList.size = 12
xList.size = 23
yList.size = 5
squareList.size = 15
myConsList.size = 0
当前上界 = 3.5
当前上界 = 3.3333333333333335
当前上界 = 3.166666666666667
当前上界 = 3.0000000000000004
最优解：3.0
solutionList.size() = 8
pattern.getKey() = 11@14@16@33@44@
用时：0.016 s
--------------------------------------- Price Problem End --------------------------------------------------------
		18 Add column : 1 col:26 	0.485
			Start solve  LP :0.485
			End solve LP obj: 9.0 t: 0
com.wlj.solver.BBSolver:
--------------------------------------- Price Problem Start --------------------------------------------------------
dualPrice.size = 60 , dualPrice = [0.5, 0.5, 0.5, 0.75, 0.5, 0.5, 0.5, 0.5, 0.5, 0.5, 0.5, 0.5, 0.5, -0.0, 0.0, 0.5, -0.0, 0.5, -0.0, -0.0, 0.25, -0.0, -0.0, 0.25, -0.0, 0.25, -0.0, -0.0, -0.0, -0.0, -0.0, -0.0, -0.0, 0.5, -0.0, -0.0, -0.0, -0.0, -0.0, -0.0, -0.0, -0.0, -0.0, -0.0, 0.0, -0.0, -0.0, -0.0, -0.0, -0.0, -0.0, -0.0, -0.0, -0.0, -0.0, -0.0, -0.0, -0.0, -0.0, -0.0]
			Active cut size: 0
W = 100 
H = 100
normalXList.size = 39
normalYList.size = 29
xList.size = 19
yList.size = 19
squareList.size = 19
myConsList.size = 0
当前上界 = 2.5
当前上界 = 2.4
当前上界 = 2.3
当前上界 = 2.1999999999999997
最优解：2.25
solutionList.size() = 2
pattern.getKey() = 3@17@23@25@33@
用时：0.015 s
--------------------------------------- Price Problem End --------------------------------------------------------
		19 Add column : 1 col:27 	0.5
			Start solve  LP :0.5
			End solve LP obj: 9.0 t: 0
com.wlj.solver.BBSolver:
--------------------------------------- Price Problem Start --------------------------------------------------------
dualPrice.size = 60 , dualPrice = [0.5, 0.5, 0.8333333333333333, 0.16666666666666674, 0.5, 0.5, 0.16666666666666674, 0.8333333333333333, 0.16666666666666674, 0.8333333333333333, 0.5, 0.5, 0.5, -0.0, 0.0, 0.16666666666666674, -0.0, 0.16666666666666674, -0.0, -0.0, 0.8333333333333333, -0.0, 0.6666666666666665, 0.16666666666666674, -0.0, 0.0, -0.0, -0.0, -0.0, -0.0, -0.0, -0.0, -0.0, 0.5, -0.0, -0.0, -0.0, -0.0, -0.0, -0.0, -0.0, -0.0, -0.0, -0.0, -0.0, -0.0, -0.0, -0.0, -0.0, -0.0, -0.0, -0.0, -0.0, -0.0, -0.0, -0.0, -0.0, -0.0, -0.0, -0.0]
			Active cut size: 0
W = 100 
H = 100
normalXList.size = 43
normalYList.size = 28
xList.size = 23
yList.size = 19
squareList.size = 19
myConsList.size = 0
当前上界 = 3.6666666666666665
当前上界 = 3.488888888888889
当前上界 = 3.3111111111111113
当前上界 = 3.1333333333333337
当前上界 = 2.955555555555556
最优解：3.0
solutionList.size() = 4
pattern.getKey() = 9@20@22@23@33@
用时：0.032 s
--------------------------------------- Price Problem End --------------------------------------------------------
		20 Add column : 1 col:28 	0.532
			Start solve  LP :0.532
			End solve LP obj: 9.0 t: 0
com.wlj.solver.BBSolver:
--------------------------------------- Price Problem Start --------------------------------------------------------
dualPrice.size = 60 , dualPrice = [0.5, 0.5, 0.5, -0.0, 0.5, 0.5, 0.5, 0.5, 0.33333333333333337, 0.5, 0.5, 0.5, 0.5, 0.16666666666666663, 0.0, 0.5, -0.0, 0.33333333333333326, -0.0, -0.0, -0.0, 1.0, 0.33333333333333337, -0.0, -0.0, 0.5, 0.16666666666666663, -0.0, -0.0, -0.0, -0.0, -0.0, -0.0, 0.16666666666666674, -0.0, -0.0, -0.0, -0.0, -0.0, -0.0, -0.0, -0.0, -0.0, -0.0, -0.0, -0.0, -0.0, -0.0, -0.0, -0.0, -0.0, -0.0, -0.0, -0.0, -0.0, -0.0, -0.0, -0.0, -0.0, -0.0]
			Active cut size: 0
W = 100 
H = 100
normalXList.size = 39
normalYList.size = 42
xList.size = 21
yList.size = 25
squareList.size = 20
myConsList.size = 0
当前上界 = 3.1666666666666665
当前上界 = 3.022222222222222
当前上界 = 2.8777777777777778
当前上界 = 2.7333333333333334
最优解：2.8333333333333335
solutionList.size() = 4
pattern.getKey() = 7@17@21@22@25@33@
用时：0.046 s
--------------------------------------- Price Problem End --------------------------------------------------------
		21 Add column : 1 col:29 	0.578
			Start solve  LP :0.578
			End solve LP obj: 9.0 t: 0
com.wlj.solver.BBSolver:
--------------------------------------- Price Problem Start --------------------------------------------------------
dualPrice.size = 60 , dualPrice = [0.75, 0.75, 0.25, -0.0, 0.25, 0.75, 0.75, 0.25, 0.5, 0.25, 0.25, 0.25, 0.25, 0.25, 0.75, 0.75, -0.0, 0.25, -0.0, -0.0, -0.0, 0.25, 0.25, -0.0, -0.0, -0.0, 0.5, -0.0, -0.0, -0.0, -0.0, -0.0, -0.0, -0.0, -0.0, -0.0, -0.0, -0.0, -0.0, -0.0, 0.75, -0.0, -0.0, -0.0, -0.0, -0.0, -0.0, -0.0, -0.0, -0.0, -0.0, -0.0, -0.0, -0.0, -0.0, -0.0, -0.0, -0.0, -0.0, -0.0]
			Active cut size: 0
W = 100 
H = 100
normalXList.size = 37
normalYList.size = 47
xList.size = 19
yList.size = 25
squareList.size = 20
myConsList.size = 0
当前上界 = 3.5
当前上界 = 3.3333333333333335
当前上界 = 3.166666666666667
最优解：3.25
solutionList.size() = 2
pattern.getKey() = 14@15@21@22@26@40@
用时：0.016 s
--------------------------------------- Price Problem End --------------------------------------------------------
		22 Add column : 1 col:30 	0.594
			Start solve  LP :0.594
			End solve LP obj: 9.0 t: 0
com.wlj.solver.BBSolver:
--------------------------------------- Price Problem Start --------------------------------------------------------
dualPrice.size = 60 , dualPrice = [1.0, 1.0, 1.0, 1.0, 0.0, 0.0, 1.0, 0.0, 1.0, 0.0, 1.0, 0.0, 0.0, 0.0, 0.0, 0.0, -0.0, 0.0, -0.0, -0.0, -0.0, 0.0, -0.0, -0.0, -0.0, -0.0, -0.0, -0.0, -0.0, 1.0, -0.0, -0.0, -0.0, -0.0, -0.0, -0.0, -0.0, -0.0, -0.0, -0.0, 1.0, -0.0, -0.0, -0.0, -0.0, -0.0, -0.0, -0.0, -0.0, -0.0, -0.0, -0.0, -0.0, -0.0, -0.0, -0.0, -0.0, -0.0, -0.0, -0.0]
			Active cut size: 0
W = 100 
H = 100
normalXList.size = 18
normalYList.size = 13
xList.size = 9
yList.size = 9
squareList.size = 9
myConsList.size = 0
当前上界 = 4.0
最优解：4.0
solutionList.size() = 2
pattern.getKey() = 6@10@29@40@
用时：0.0 s
--------------------------------------- Price Problem End --------------------------------------------------------
		23 Add column : 1 col:31 	0.594
			Start solve  LP :0.594
			End solve LP obj: 9.0 t: 0
com.wlj.solver.BBSolver:
--------------------------------------- Price Problem Start --------------------------------------------------------
dualPrice.size = 60 , dualPrice = [0.5, 0.5, 0.875, 0.5625, 0.5, 0.5, 0.25, 0.125, 0.375, 0.75, 0.5, 0.5, 0.5, 0.5, -0.0, 0.125, -0.0, 0.4375, -0.0, -0.0, -0.0, 0.4375, -0.0, -0.0, 0.125, -0.0, -0.0, -0.0, 0.1875, 0.0, -0.0, -0.0, -0.0, -0.0, -0.0, -0.0, -0.0, -0.0, -0.0, -0.0, 0.25, -0.0, -0.0, -0.0, 0.5, -0.0, -0.0, -0.0, -0.0, -0.0, -0.0, -0.0, -0.0, -0.0, -0.0, -0.0, -0.0, -0.0, -0.0, -0.0]
			Active cut size: 0
W = 100 
H = 100
normalXList.size = 51
normalYList.size = 42
xList.size = 25
yList.size = 26
squareList.size = 21
myConsList.size = 0
当前上界 = 3.0625
当前上界 = 2.925
当前上界 = 2.7874999999999996
当前上界 = 2.6499999999999995
当前上界 = 2.5124999999999993
当前上界 = 2.374999999999999
最优解：2.5
solutionList.size() = 1
pattern.getKey() = 8@9@21@28@40@44@
用时：0.125 s
--------------------------------------- Price Problem End --------------------------------------------------------
		24 Add column : 1 col:32 	0.719
			Start solve  LP :0.719
			End solve LP obj: 9.0 t: 0
com.wlj.solver.BBSolver:
--------------------------------------- Price Problem Start --------------------------------------------------------
dualPrice.size = 60 , dualPrice = [0.5, 0.5, 0.9999999999999998, 0.5, 0.5, 0.5, 0.4999999999999999, 0.5, -0.0, 0.5000000000000001, 0.5, 0.5, 0.5, 0.5, -0.0, 2.220446049250313E-16, -0.0, 0.5, -0.0, -0.0, 0.4999999999999999, 0.0, -0.0, -0.0, 2.220446049250313E-16, -0.0, -0.0, -0.0, 0.5, 0.0, 0.4999999999999998, -0.0, -0.0, -0.0, -0.0, -0.0, -0.0, -0.0, -0.0, -0.0, 1.1102230246251565E-16, -0.0, -0.0, -0.0, -2.220446049250313E-16, -0.0, -0.0, -0.0, -0.0, -0.0, -0.0, -0.0, -0.0, -0.0, -0.0, -0.0, -0.0, -0.0, -0.0, -0.0]
			Active cut size: 0
W = 100 
H = 100
normalXList.size = 20
normalYList.size = 32
xList.size = 13
yList.size = 19
squareList.size = 17
myConsList.size = 0
当前上界 = 2.9999999999999996
当前上界 = 2.8666666666666663
当前上界 = 2.733333333333333
当前上界 = 2.5999999999999996
当前上界 = 2.4666666666666663
最优解：2.5
solutionList.size() = 14
pattern.getKey() = 7@13@20@28@30@
用时：0.0 s
--------------------------------------- Price Problem End --------------------------------------------------------
		25 Add column : 1 col:33 	0.719
			Start solve  LP :0.719
			End solve LP obj: 9.0 t: 0
com.wlj.solver.BBSolver:
--------------------------------------- Price Problem Start --------------------------------------------------------
dualPrice.size = 60 , dualPrice = [0.5, 0.5, 0.5, 0.5, 0.5, 0.5, 0.5, -0.0, -0.0, 0.0, 0.5, 0.5, 0.5, 0.5, -0.0, 0.5, -0.0, 0.5, -0.0, -0.0, 0.0, 0.5, -0.0, -0.0, 0.5, -0.0, -0.0, -0.0, 0.5, 0.0, -0.0, -0.0, -0.0, -0.0, -0.0, -0.0, -0.0, -0.0, -0.0, -0.0, -0.0, -0.0, 1.0, -0.0, 0.0, -0.0, -0.0, -0.0, -0.0, -0.0, -0.0, -0.0, -0.0, -0.0, -0.0, -0.0, -0.0, -0.0, -0.0, -0.0]
			Active cut size: 0
W = 100 
H = 100
normalXList.size = 20
normalYList.size = 45
xList.size = 11
yList.size = 24
squareList.size = 17
myConsList.size = 0
当前上界 = 4.0
当前上界 = 3.8
当前上界 = 3.5999999999999996
当前上界 = 3.3999999999999995
最优解：3.5
solutionList.size() = 7
pattern.getKey() = 12@17@21@24@28@42@
用时：0.016 s
--------------------------------------- Price Problem End --------------------------------------------------------
		26 Add column : 1 col:34 	0.735
			Start solve  LP :0.735
			End solve LP obj: 9.0 t: 0
com.wlj.solver.BBSolver:
--------------------------------------- Price Problem Start --------------------------------------------------------
dualPrice.size = 60 , dualPrice = [0.40000000000000013, 0.5999999999999999, 0.8, 0.8, 0.5999999999999999, 0.5, 0.40000000000000013, -0.0, -0.0, 0.6000000000000001, 0.5, 0.40000000000000013, 0.40000000000000013, 0.5, -0.0, 0.19999999999999996, -0.0, -0.0, -0.0, -0.0, 0.19999999999999996, -0.0, -0.0, -0.0, 0.19999999999999996, -0.0, -0.0, -0.0, -0.0, 0.09999999999999987, -0.0, -0.0, -0.0, -0.0, -0.0, -0.0, -0.0, -0.0, -0.0, -0.0, -0.0, -0.0, 0.3999999999999999, -0.0, 0.3999999999999999, -0.0, 1.0, -0.0, -0.0, -0.0, -0.0, -0.0, -0.0, -0.0, -0.0, -0.0, -0.0, -0.0, -0.0, -0.0]
			Active cut size: 0
W = 100 
H = 100
normalXList.size = 47
normalYList.size = 57
xList.size = 23
yList.size = 38
squareList.size = 19
myConsList.size = 0
当前上界 = 3.6000000000000005
当前上界 = 3.426666666666667
当前上界 = 3.253333333333334
当前上界 = 3.0800000000000005
最优解：3.1999999999999993
solutionList.size() = 7
pattern.getKey() = 4@13@24@29@42@44@46@
pattern.getKey() = 4@13@20@29@42@44@46@
pattern.getKey() = 9@13@24@29@42@44@46@
用时：0.5 s
--------------------------------------- Price Problem End --------------------------------------------------------
		27 Add column : 1 col:35 	1.235
			Start solve  LP :1.235
			End solve LP obj: 9.0 t: 0
com.wlj.solver.BBSolver:
--------------------------------------- Price Problem Start --------------------------------------------------------
dualPrice.size = 60 , dualPrice = [0.6666666666666667, 0.6666666666666667, 0.6666666666666666, 0.6666666666666667, 0.3333333333333333, 0.6666666666666667, 0.6666666666666667, 0.33333333333333326, 0.6666666666666667, 0.33333333333333326, 0.3333333333333333, 0.3333333333333333, 0.3333333333333333, -0.0, 0.3333333333333333, 0.33333333333333337, -0.0, 0.16666666666666663, -0.0, -0.0, -5.551115123125783E-17, -0.0, -0.0, -0.0, -0.0, -0.0, 0.33333333333333337, 0.3333333333333333, -0.0, -0.0, -0.0, -0.0, -0.0, -0.0, -0.0, -0.0, -0.0, -0.0, -0.0, -0.0, -0.0, -0.0, 0.5, -0.0, -0.0, 0.16666666666666674, 0.16666666666666663, -0.0, -0.0, -0.0, -0.0, -0.0, -0.0, -0.0, -0.0, -0.0, -0.0, -0.0, -0.0, -0.0]
			Active cut size: 0
W = 100 
H = 100
normalXList.size = 53
normalYList.size = 59
xList.size = 33
yList.size = 39
squareList.size = 21
myConsList.size = 0
当前上界 = 2.833333333333334
当前上界 = 2.7111111111111117
当前上界 = 2.5888888888888895
当前上界 = 2.4666666666666672
最优解：2.5
solutionList.size() = 1
pattern.getKey() = 3@14@26@27@42@45@46@
用时：0.312 s
--------------------------------------- Price Problem End --------------------------------------------------------
		28 Add column : 1 col:36 	1.547
			Start solve  LP :1.547
			End solve LP obj: 9.0 t: 0
com.wlj.solver.BBSolver:
--------------------------------------- Price Problem Start --------------------------------------------------------
dualPrice.size = 60 , dualPrice = [0.5, 0.5, 1.0, 0.0, 0.5, 0.5, 0.5, 0.5, 0.5, 0.5, 0.5, 0.5, 0.5, -0.0, 0.5, -0.0, -0.0, 0.5, 0.0, -0.0, 0.5, -0.0, -0.0, -0.0, 0.0, -0.0, -0.0, 0.0, -0.0, -0.0, -0.0, -0.0, 0.5, -0.0, -0.0, -0.0, -0.0, -0.0, -0.0, -0.0, -0.0, -0.0, -0.0, -0.0, -0.0, 0.5, 0.0, -0.0, -0.0, -0.0, -0.0, -0.0, -0.0, -0.0, -0.0, -0.0, -0.0, -0.0, -0.0, -0.0]
			Active cut size: 0
W = 100 
H = 100
normalXList.size = 37
normalYList.size = 30
xList.size = 19
yList.size = 17
squareList.size = 17
myConsList.size = 0
当前上界 = 3.0
当前上界 = 2.8666666666666667
当前上界 = 2.7333333333333334
当前上界 = 2.6
当前上界 = 2.466666666666667
最优解：2.5
solutionList.size() = 28
pattern.getKey() = 2@14@32@45@
用时：0.016 s
--------------------------------------- Price Problem End --------------------------------------------------------
		29 Add column : 1 col:37 	1.563
			Start solve  LP :1.563
			End solve LP obj: 9.0 t: 0
com.wlj.solver.BBSolver:
--------------------------------------- Price Problem Start --------------------------------------------------------
dualPrice.size = 60 , dualPrice = [0.5, 0.5, 0.5, -0.0, 0.5, 0.5, 0.5, 0.5, 0.5, 0.5, 0.5, 0.5, 0.5, -0.0, -0.0, -0.0, -0.0, 0.5, 0.0, 0.5, 0.5, -0.0, -0.0, -0.0, -0.0, -0.0, -0.0, 0.5, -0.0, -0.0, -0.0, -0.0, -0.0, -0.0, -0.0, -0.0, -0.0, -0.0, -0.0, -0.0, -0.0, -0.0, -0.0, -0.0, -0.0, 0.5, 0.0, 0.5, -0.0, -0.0, -0.0, -0.0, -0.0, -0.0, -0.0, -0.0, -0.0, -0.0, -0.0, -0.0]
			Active cut size: 0
W = 100 
H = 100
normalXList.size = 54
normalYList.size = 37
xList.size = 31
yList.size = 23
squareList.size = 18
myConsList.size = 0
当前上界 = 3.5
当前上界 = 3.3333333333333335
当前上界 = 3.166666666666667
当前上界 = 3.0000000000000004
最优解：3.0
solutionList.size() = 23
pattern.getKey() = 8@17@20@27@45@47@
用时：0.109 s
--------------------------------------- Price Problem End --------------------------------------------------------
		30 Add column : 1 col:38 	1.672
			Start solve  LP :1.672
			End solve LP obj: 9.0 t: 0
com.wlj.solver.BBSolver:
--------------------------------------- Price Problem Start --------------------------------------------------------
dualPrice.size = 60 , dualPrice = [0.0, 1.0, 0.0, -0.0, 1.0, 0.0, 0.0, 1.0, 0.0, 0.0, 1.0, 0.0, 0.0, -0.0, -0.0, -0.0, -0.0, 0.0, 1.0, 1.0, -0.0, -0.0, -0.0, 1.0, -0.0, -0.0, -0.0, 0.0, -0.0, -0.0, -0.0, -0.0, -0.0, -0.0, -0.0, -0.0, -0.0, -0.0, -0.0, -0.0, -0.0, -0.0, -0.0, -0.0, -0.0, 0.0, 1.0, 1.0, -0.0, -0.0, -0.0, -0.0, -0.0, -0.0, -0.0, -0.0, -0.0, -0.0, -0.0, -0.0]
			Active cut size: 0
W = 100 
H = 100
normalXList.size = 26
normalYList.size = 24
xList.size = 15
yList.size = 14
squareList.size = 9
myConsList.size = 0
当前上界 = 6.0
当前上界 = 5.666666666666667
当前上界 = 5.333333333333334
当前上界 = 5.000000000000001
最优解：5.0
solutionList.size() = 13
pattern.getKey() = 7@19@23@46@47@
用时：0.016 s
--------------------------------------- Price Problem End --------------------------------------------------------
		31 Add column : 1 col:39 	1.688
			Start solve  LP :1.688
			End solve LP obj: 9.0 t: 0
com.wlj.solver.BBSolver:
--------------------------------------- Price Problem Start --------------------------------------------------------
dualPrice.size = 60 , dualPrice = [0.75, 0.75, 0.75, 0.5, 0.25, 0.75, 0.5, 0.5, 0.5, 0.5, 0.25, 0.25, 0.25, -0.0, 0.25, 0.25, 0.25, -0.0, -0.0, -0.0, -0.0, -0.0, -0.0, -0.0, -0.0, 0.5, -0.0, -0.0, -0.0, -0.0, -0.0, -0.0, -0.0, -0.0, 0.75, -0.0, -0.0, -0.0, -0.0, -0.0, -0.0, -0.0, -0.0, -0.0, -0.0, -0.0, 0.25, 0.25, -0.0, -0.0, -0.0, -0.0, -0.0, -0.0, -0.0, -0.0, -0.0, -0.0, -0.0, -0.0]
			Active cut size: 0
W = 100 
H = 100
normalXList.size = 60
normalYList.size = 45
xList.size = 35
yList.size = 25
squareList.size = 20
myConsList.size = 0
当前上界 = 3.0
最优解：3.0
solutionList.size() = 1
pattern.getKey() = 5@7@25@34@46@47@
用时：0.047 s
--------------------------------------- Price Problem End --------------------------------------------------------
		32 Add column : 1 col:40 	1.735
			Start solve  LP :1.735
			End solve LP obj: 9.0 t: 0
com.wlj.solver.BBSolver:
--------------------------------------- Price Problem Start --------------------------------------------------------
dualPrice.size = 60 , dualPrice = [0.5384615384615384, 0.5384615384615384, 0.23076923076923084, 0.3846153846153846, 0.46153846153846156, 0.07692307692307687, 0.5384615384615384, -0.0, 0.6153846153846154, -0.0, 0.46153846153846156, 0.46153846153846156, 0.46153846153846156, -0.0, 0.23076923076923084, 0.7692307692307692, 0.0, -0.0, 0.46153846153846156, -0.0, -0.0, -0.0, -0.0, 0.6153846153846154, 0.15384615384615385, -0.0, -0.0, -0.0, -0.0, -0.0, -0.0, -0.0, -0.0, -0.0, 0.5384615384615384, -0.0, -0.0, -0.0, -0.0, -0.0, -0.0, -0.0, 0.3846153846153846, -0.0, 0.3076923076923077, -0.0, -0.0, 0.3846153846153846, -0.0, -0.0, -0.0, -0.0, -0.0, 0.3846153846153846, -0.0, -0.0, -0.0, -0.0, -0.0, -0.0]
			Active cut size: 0
W = 100 
H = 100
normalXList.size = 70
normalYList.size = 59
xList.size = 51
yList.size = 39
squareList.size = 21
myConsList.size = 0
当前上界 = 4.461538461538461
当前上界 = 4.23076923076923
当前上界 = 3.999999999999999
最优解：4.0
solutionList.size() = 1
pattern.getKey() = 15@18@23@24@34@42@44@47@53@
用时：5.125 s
--------------------------------------- Price Problem End --------------------------------------------------------
		33 Add column : 1 col:41 	6.86
			Start solve  LP :6.86
			End solve LP obj: 9.0 t: 0
com.wlj.solver.BBSolver:
--------------------------------------- Price Problem Start --------------------------------------------------------
dualPrice.size = 60 , dualPrice = [0.666666666666667, 0.666666666666667, 1.0, 0.6666666666666667, 0.33333333333333304, 0.3333333333333335, -0.0, 0.6666666666666664, 0.3333333333333332, -0.0, 0.6666666666666665, 0.33333333333333304, 0.33333333333333304, 3.885780586188048E-16, -0.0, -0.0, 3.8233305410528824E-16, -0.0, -0.0, 0.0, 0.3333333333333332, -0.0, -0.0, -0.0, 0.0, -0.0, -0.0, 0.3333333333333328, -0.0, 0.3333333333333335, -0.0, -0.0, -0.0, -0.0, 2.6922908347160044E-16, -0.0, -0.0, -0.0, -0.0, -0.0, -0.0, -0.0, -0.0, -0.0, 0.3333333333333336, -0.0, -0.0, -0.0, -0.0, -0.0, -0.0, 1.0, -0.0, 0.6666666666666665, -0.0, -0.0, -0.0, -0.0, -0.0, -0.0]
			Active cut size: 0
W = 100 
H = 100
normalXList.size = 82
normalYList.size = 39
xList.size = 69
yList.size = 23
squareList.size = 17
myConsList.size = 0
当前上界 = 4.333333333333333
当前上界 = 4.111111111111111
当前上界 = 3.8888888888888884
最优解：3.9999999999999996
solutionList.size() = 1
pattern.getKey() = 2@20@27@29@44@51@53@
用时：0.931 s
--------------------------------------- Price Problem End --------------------------------------------------------
		34 Add column : 1 col:42 	7.791
			Start solve  LP :7.791
			End solve LP obj: 9.0 t: 1
com.wlj.solver.BBSolver:
--------------------------------------- Price Problem Start --------------------------------------------------------
dualPrice.size = 60 , dualPrice = [0.6666666666666666, 0.6666666666666666, -0.0, 0.6666666666666666, 0.33333333333333337, 0.3333333333333335, 0.6666666666666666, 0.0, 0.6666666666666667, -0.0, 0.33333333333333337, 0.33333333333333337, 0.33333333333333337, 0.33333333333333326, -0.0, -0.0, 0.33333333333333326, -0.0, 0.33333333333333315, 1.0, 0.0, 0.3333333333333333, -0.0, -0.0, 0.33333333333333337, -0.0, -0.0, -0.0, -0.0, -0.0, -0.0, -0.0, -0.0, -0.0, 0.33333333333333337, -0.0, -0.0, -0.0, -0.0, -0.0, -0.0, -0.0, -0.0, -0.0, -0.0, -0.0, -0.0, -0.0, -0.0, -0.0, -0.0, 1.0, -0.0, -0.0, -0.0, -0.0, -0.0, -0.0, -0.0, -0.0]
			Active cut size: 0
W = 100 
H = 100
normalXList.size = 52
normalYList.size = 39
xList.size = 24
yList.size = 24
squareList.size = 18
myConsList.size = 0
当前上界 = 4.000000000000001
当前上界 = 3.8000000000000007
当前上界 = 3.6000000000000005
最优解：3.666666666666667
solutionList.size() = 7
pattern.getKey() = 16@18@19@21@24@34@51@
用时：0.034 s
--------------------------------------- Price Problem End --------------------------------------------------------
		35 Add column : 1 col:43 	7.826
			Start solve  LP :7.827
			End solve LP obj: 9.0 t: 0
com.wlj.solver.BBSolver:
--------------------------------------- Price Problem Start --------------------------------------------------------
dualPrice.size = 60 , dualPrice = [0.5522151898734178, 0.5522151898734178, -0.0, 0.7088607594936709, 0.4477848101265822, 0.5332278481012658, 0.5522151898734178, 0.2768987341772153, 0.36075949367088594, 0.40506329113924067, 0.4477848101265823, 0.4477848101265823, 0.4477848101265823, 0.3623417721518988, -0.0, 0.5221518987341772, 0.10443037974683549, 0.1930379746835444, 0.018987341772152, 0.4778481012658228, 0.1550632911392404, 0.13607594936708867, 0.3417721518987341, 0.09810126582278465, 0.0727848101265821, -0.0, -0.0, -0.0, -0.0, -0.0, 0.2056962025316456, -0.0, -0.0, -0.0, 0.18987341772151897, -0.0, -0.0, -0.0, -0.0, -0.0, -0.0, -0.0, -0.0, -0.0, 0.09810126582278485, 0.29113924050632906, -0.0, -0.0, -0.0, -0.0, -0.0, -0.0, -0.0, -0.0, -0.0, -0.0, -0.0, -0.0, -0.0, -0.0]
			Active cut size: 0
W = 100 
H = 100
normalXList.size = 64
normalYList.size = 48
xList.size = 45
yList.size = 36
squareList.size = 27
myConsList.size = 0
当前上界 = 2.7373417721518987
当前上界 = 2.621518987341772
当前上界 = 2.505696202531645
当前上界 = 2.3898734177215184
最优解：2.411392405063291
solutionList.size() = 1
pattern.getKey() = 3@19@22@23@30@34@44@45@
用时：0.825 s
--------------------------------------- Price Problem End --------------------------------------------------------
		36 Add column : 1 col:44 	8.652
			Start solve  LP :8.653
			End solve LP obj: 9.0 t: 0
com.wlj.solver.BBSolver:
--------------------------------------- Price Problem Start --------------------------------------------------------
dualPrice.size = 60 , dualPrice = [0.5624999999999999, 0.5624999999999999, -0.0, 0.6875000000000002, 0.4375000000000001, 0.375, 0.5624999999999999, 0.4375000000000001, 0.062499999999999556, 0.25, 0.4375000000000001, 0.4375000000000001, 0.4375000000000001, 0.5000000000000003, -0.0, 0.75, 0.12499999999999967, 0.3124999999999998, 0.1874999999999999, 0.25, 0.062499999999999556, 0.2500000000000002, -0.0, -0.0, -0.0, -0.0, -0.0, -0.0, -0.0, -0.0, -0.0, -0.0, -0.0, -0.0, 0.062499999999999556, -0.0, -0.0, -0.0, -0.0, -0.0, -0.0, -0.0, -0.0, -0.0, -0.0, -0.0, -0.0, -0.0, -0.0, -0.0, -0.0, -0.0, 0.75, -0.0, -0.0, -0.0, -0.0, 0.500000000000001, -0.0, -0.0]
			Active cut size: 0
W = 100 
H = 100
normalXList.size = 58
normalYList.size = 70
xList.size = 35
yList.size = 43
squareList.size = 23
myConsList.size = 0
当前上界 = 3.4375000000000018
当前上界 = 3.2750000000000017
当前上界 = 3.1125000000000016
当前上界 = 2.9500000000000015
当前上界 = 2.7875000000000014
最优解：2.9375000000000013
solutionList.size() = 1
pattern.getKey() = 7@13@15@52@57@
用时：1.032 s
--------------------------------------- Price Problem End --------------------------------------------------------
		37 Add column : 1 col:45 	9.685
			Start solve  LP :9.685
			End solve LP obj: 9.0 t: 1
com.wlj.solver.BBSolver:
--------------------------------------- Price Problem Start --------------------------------------------------------
dualPrice.size = 60 , dualPrice = [0.7058823529411765, 0.7058823529411765, 0.6176470588235294, 0.49999999999999994, 0.2941176470588235, 0.5294117647058824, 0.47058823529411764, 0.29411764705882354, 0.3235294117647059, 0.5294117647058824, 0.47058823529411764, 0.2941176470588235, 0.2941176470588235, 0.23529411764705882, -0.0, -0.0, 0.23529411764705882, 0.3235294117647059, -0.0, 0.38235294117647056, 0.35294117647058826, 0.14705882352941177, 0.11764705882352944, -0.0, 0.23529411764705882, -0.0, 0.14705882352941174, -0.0, -0.0, -0.0, -0.0, -0.0, 0.1470588235294118, -0.0, -0.0, -0.0, -0.0, -0.0, -0.0, -0.0, -0.0, -0.0, -0.0, -0.0, -0.0, -0.0, -0.0, -0.0, -0.0, -0.0, -0.0, -0.0, 0.47058823529411764, -0.0, -0.0, -0.0, -0.0, -0.0, 0.17647058823529416, -0.0]
			Active cut size: 0
W = 100 
H = 100
normalXList.size = 67
normalYList.size = 75
xList.size = 49
yList.size = 53
squareList.size = 25
myConsList.size = 0
当前上界 = 2.764705882352941
当前上界 = 2.6470588235294117
当前上界 = 2.5294117647058822
当前上界 = 2.411764705882353
最优解：2.4705882352941178
solutionList.size() = 1
pattern.getKey() = 1@19@20@24@32@52@58@
用时：2.385 s
--------------------------------------- Price Problem End --------------------------------------------------------
		38 Add column : 1 col:46 	12.071
			Start solve  LP :12.071
			End solve LP obj: 9.0 t: 1
com.wlj.solver.BBSolver:
--------------------------------------- Price Problem Start --------------------------------------------------------
dualPrice.size = 60 , dualPrice = [0.7058823529411764, -0.0, 0.7352941176470589, 0.6470588235294118, 0.2941176470588236, 0.0, 0.5882352941176471, 0.4117647058823529, 0.5882352941176471, 0.4117647058823529, 0.4117647058823529, 0.2941176470588236, 1.0, -0.0, -0.0, 0.02941176470588225, 0.2941176470588235, -0.0, -0.0, 0.23529411764705888, -0.0, -0.0, 0.11764705882352944, -0.0, -0.0, 0.08823529411764702, 0.2647058823529412, 0.05882352941176472, -0.0, -0.0, -0.0, 0.7058823529411764, 0.2647058823529412, -0.0, -0.0, -0.0, -0.0, -0.0, -0.0, -0.0, -0.0, -0.0, -0.0, -0.0, -0.0, -0.0, -0.0, 0.3529411764705882, -0.0, -0.0, -0.0, -0.0, 0.5, -0.0, -0.0, -0.0, -0.0, -0.0, -0.0, -0.0]
			Active cut size: 0
W = 100 
H = 100
normalXList.size = 72
normalYList.size = 51
xList.size = 59
yList.size = 31
squareList.size = 22
myConsList.size = 0
当前上界 = 3.911764705882353
当前上界 = 3.717647058823529
当前上界 = 3.5235294117647054
当前上界 = 3.3294117647058816
最优解：3.4999999999999996
solutionList.size() = 3
pattern.getKey() = 12@19@22@26@27@31@32@47@52@
pattern.getKey() = 8@12@25@31@32@47@52@
用时：3.938 s
--------------------------------------- Price Problem End --------------------------------------------------------
		39 Add column : 1 col:47 	16.01
			Start solve  LP :16.01
			End solve LP obj: 9.0 t: 0
com.wlj.solver.BBSolver:
--------------------------------------- Price Problem Start --------------------------------------------------------
dualPrice.size = 60 , dualPrice = [0.6470588235294118, -0.0, 0.8235294117647058, 0.7058823529411764, 0.3529411764705882, 0.6470588235294118, 0.6470588235294118, 0.3529411764705882, -0.0, 0.11764705882352927, 0.3529411764705882, 0.3529411764705882, -0.0, 0.05882352941176466, -0.0, -0.0, 0.29411764705882354, -0.0, -0.0, 0.17647058823529416, -0.0, 0.29411764705882354, 0.1176470588235294, -0.0, -0.0, -0.0, 0.17647058823529416, -0.0, 0.5882352941176472, -0.0, -0.0, 0.6470588235294118, 0.17647058823529416, 0.23529411764705888, -0.0, -0.0, -0.0, -0.0, -0.0, -0.0, -0.0, -0.0, -0.0, -0.0, -0.0, -0.0, -0.0, -0.0, -0.0, -0.0, -0.0, -0.0, 0.17647058823529405, -0.0, -0.0, 0.7058823529411766, -0.0, -0.0, 0.3529411764705882, -0.0]
			Active cut size: 0
W = 100 
H = 100
normalXList.size = 79
normalYList.size = 75
xList.size = 73
yList.size = 53
squareList.size = 23
myConsList.size = 0
当前上界 = 4.23529411764706
当前上界 = 4.019607843137256
当前上界 = 3.8039215686274517
最优解：3.9411764705882355
solutionList.size() = 2
pattern.getKey() = 6@21@22@28@31@32@33@52@55@58@
用时：97.903 s
--------------------------------------- Price Problem End --------------------------------------------------------
		40 Add column : 1 col:48 	113.913
			Start solve  LP :113.913
			End solve LP obj: 9.0 t: 0
com.wlj.solver.BBSolver:
--------------------------------------- Price Problem Start --------------------------------------------------------
dualPrice.size = 60 , dualPrice = [0.6720475785896346, 0.4579439252336448, 0.5446049277824977, 0.37723024638912517, 0.3279524214103654, 0.4579439252336448, 0.4316057774001698, 0.4596431605777401, 0.14613423959218336, 0.5683942225998302, 0.45284621920135926, 0.3279524214103654, 0.5420560747663552, 0.32285471537807986, 0.45284621920135926, 0.11979609175870862, 0.21920135938827534, 0.17926932880203877, -0.0, 0.33559898045879366, -0.0, 0.16992353440951558, -0.0, 0.20475785896346627, 0.10875106202209009, -0.0, 0.14188615123194578, -0.0, -0.0, -0.0, -0.0, 0.2141036533559898, -0.0, -0.0, 0.08241291418861513, -0.0, -0.0, -0.0, -0.0, -0.0, 0.11554800339847093, -0.0, -0.0, -0.0, -0.0, -0.0, -0.0, -0.0, -0.0, -0.0, -0.0, -0.0, 0.09770603228547148, 0.4553950722175023, -0.0, 0.013593882752761077, -0.0, -0.0, -0.0, -0.0]
			Active cut size: 0
W = 100 
H = 100
normalXList.size = 78
normalYList.size = 66
xList.size = 67
yList.size = 53
squareList.size = 29
myConsList.size = 0
当前上界 = 2.573491928632116
当前上界 = 2.468592466723308
当前上界 = 2.3636930048145004
最优解：2.381478334749363
solutionList.size() = 1
pattern.getKey() = 9@12@21@23@31@40@52@53@55@
用时：48.808 s
--------------------------------------- Price Problem End --------------------------------------------------------
		41 Add column : 1 col:49 	162.721
			Start solve  LP :162.721
			End solve LP obj: 9.0 t: 0
com.wlj.solver.BBSolver:
--------------------------------------- Price Problem Start --------------------------------------------------------
dualPrice.size = 60 , dualPrice = [0.7692307692307692, 0.7692307692307692, 0.6538461538461539, 0.5, 0.23076923076923084, 0.46153846153846156, 0.4615384615384615, 0.34615384615384615, 0.34615384615384615, 0.23076923076923073, 0.5384615384615384, 0.2307692307692308, 0.23076923076923073, 0.30769230769230765, 0.30769230769230765, 0.34615384615384615, 0.2307692307692308, 0.423076923076923, 0.3076923076923077, -0.0, 0.19230769230769232, -0.0, -0.0, -0.0, 0.03846153846153849, 0.038461538461538436, -0.0, -0.0, -0.0, -0.0, 0.15384615384615383, -0.0, -0.0, -0.0, 0.15384615384615385, -0.0, -0.0, -0.0, -0.0, -0.0, 5.551115123125783E-17, -0.0, -0.0, -0.0, 0.1538461538461538, 0.03846153846153849, -0.0, -0.0, -0.0, -0.0, -0.0, -0.0, -0.0, -0.0, -0.0, 0.5384615384615385, -0.0, -0.0, -0.0, -0.0]
			Active cut size: 0
W = 100 
H = 100
normalXList.size = 62
normalYList.size = 59
xList.size = 41
yList.size = 39
squareList.size = 27
myConsList.size = 0
当前上界 = 2.5384615384615383
当前上界 = 2.4358974358974357
当前上界 = 2.333333333333333
当前上界 = 2.2307692307692304
最优解：2.3076923076923075
solutionList.size() = 1
pattern.getKey() = 10@13@17@30@34@44@45@55@
用时：2.0 s
--------------------------------------- Price Problem End --------------------------------------------------------
		42 Add column : 1 col:50 	164.721
			Start solve  LP :164.721
			End solve LP obj: 9.0 t: 0
com.wlj.solver.BBSolver:
--------------------------------------- Price Problem Start --------------------------------------------------------
dualPrice.size = 60 , dualPrice = [0.7075718015665797, 0.7075718015665797, 0.6997389033942559, 0.608355091383812, 0.29242819843342027, 0.412532637075718, 0.4569190600522192, 0.3420365535248043, 0.46214099216710175, 0.24804177545691913, 0.3159268929503917, 0.2924281984334203, 0.2924281984334203, 0.19582245430809403, 0.2532637075718015, 0.30026109660574407, 0.391644908616188, 0.14621409921671025, 0.2950391644908617, -0.0, 0.13838120104438645, -0.0, -0.0, -0.0, 0.13838120104438645, 0.24543080939947776, 0.09138381201044388, -0.0, -0.0, -0.0, -0.0, -0.0, -0.0, -0.0, -0.0, -0.0, -0.0, -0.0, -0.0, -0.0, 0.22715404699738911, 0.3968668407310704, -0.0, -0.0, 0.06266318537859006, 0.04699738903394257, -0.0, -0.0, -0.0, -0.0, -0.0, -0.0, -0.0, -0.0, -0.0, 0.23237597911227148, -0.0, -0.0, -0.0, -0.0]
			Active cut size: 0
W = 100 
H = 100
normalXList.size = 69
normalYList.size = 64
xList.size = 55
yList.size = 49
squareList.size = 28
myConsList.size = 0
当前上界 = 2.5065274151436028
当前上界 = 2.406092254134029
当前上界 = 2.3056570931244553
当前上界 = 2.2052219321148816
最优解：2.2819843342036554
solutionList.size() = 1
pattern.getKey() = 3@18@20@24@25@40@41@55@
用时：18.527 s
--------------------------------------- Price Problem End --------------------------------------------------------
		43 Add column : 1 col:51 	183.248
			Start solve  LP :183.248
			End solve LP obj: 9.0 t: 0
com.wlj.solver.BBSolver:
--------------------------------------- Price Problem Start --------------------------------------------------------
dualPrice.size = 60 , dualPrice = [0.5925925925925926, 0.5925925925925926, 0.5185185185185185, 0.4814814814814815, 0.40740740740740744, 0.5925925925925926, 0.5555555555555555, 0.3333333333333334, 0.4444444444444445, 0.44444444444444453, 0.40740740740740744, 0.40740740740740744, 0.40740740740740744, 0.2222222222222221, 0.40740740740740744, 0.4444444444444445, 0.18518518518518512, 0.3703703703703704, -0.0, 0.03703703703703709, -0.0, 0.11111111111111105, -0.0, -0.0, 0.11111111111111102, 0.07407407407407401, 0.037037037037037035, -0.0, -0.0, -0.0, -0.0, -0.0, -0.0, -0.0, -0.0, -0.0, -0.0, -0.0, -0.0, -0.0, -0.0, 0.3333333333333334, -0.0, -0.0, -0.0, -0.0, -0.0, -0.0, -0.0, -0.0, -0.0, 0.4814814814814815, -0.0, -0.0, -0.0, -0.0, -0.0, -0.0, -0.0, -0.0]
			Active cut size: 0
W = 100 
H = 100
normalXList.size = 69
normalYList.size = 52
xList.size = 43
yList.size = 33
squareList.size = 25
myConsList.size = 0
当前上界 = 2.481481481481482
当前上界 = 2.3827160493827164
当前上界 = 2.283950617283951
当前上界 = 2.1851851851851856
当前上界 = 2.08641975308642
最优解：2.1481481481481484
solutionList.size() = 3
pattern.getKey() = 6@11@17@41@51@
用时：0.213 s
--------------------------------------- Price Problem End --------------------------------------------------------
		44 Add column : 1 col:52 	183.462
			Start solve  LP :183.462
			End solve LP obj: 9.0 t: 0
com.wlj.solver.BBSolver:
--------------------------------------- Price Problem Start --------------------------------------------------------
dualPrice.size = 60 , dualPrice = [1.0000000000000004, 0.5555555555555557, 0.5555555555555559, 0.4444444444444432, -4.440892098500626E-16, 0.4444444444444443, 0.4444444444444443, 0.44444444444444453, 0.4444444444444443, 0.5555555555555557, 0.5555555555555557, -5.551115123125783E-16, 0.4444444444444443, 0.11111111111111083, 0.4444444444444463, 0.33333333333333315, 0.44444444444444486, -2.983724378680108E-16, -0.0, 0.11111111111111097, 0.11111111111111056, -8.180590707764312E-17, 0.11111111111111116, -0.0, 0.11111111111111113, 0.11111111111111127, 0.11111111111111048, -0.0, -0.0, -0.0, -0.0, -0.0, -0.0, -0.0, -0.0, 0.44444444444444475, -0.0, -0.0, -0.0, -0.0, -0.0, 0.22222222222222374, -0.0, -0.0, -0.0, -0.0, -0.0, -0.0, -0.0, -0.0, -0.0, 0.33333333333333304, -0.0, -0.0, -0.0, -0.0, -0.0, -0.0, 0.11111111111111138, -0.0]
			Active cut size: 0
W = 100 
H = 100
normalXList.size = 76
normalYList.size = 73
xList.size = 57
yList.size = 49
squareList.size = 25
myConsList.size = 0
当前上界 = 2.7777777777777803
当前上界 = 2.6592592592592617
最优解：2.666666666666669
solutionList.size() = 1
pattern.getKey() = 0@10@35@41@51@58@
用时：1.281 s
--------------------------------------- Price Problem End --------------------------------------------------------
		45 Add column : 1 col:53 	184.743
			Start solve  LP :184.743
			End solve LP obj: 9.0 t: 0
com.wlj.solver.BBSolver:
--------------------------------------- Price Problem Start --------------------------------------------------------
dualPrice.size = 60 , dualPrice = [0.4556213017751477, 0.562130177514793, 0.6449704142011832, 0.6035502958579881, 0.5443786982248523, 0.378698224852071, 0.437869822485207, 0.4497041420118344, 0.3254437869822484, 0.562130177514793, -0.0, 0.31952662721893493, 0.437869822485207, 0.2248520710059172, 0.2840236686390532, 0.3254437869822484, 0.39644970414201186, -0.0, -0.0, 0.02958579881656842, 0.11242603550295865, -0.0, 0.27810650887573973, -0.0, 0.11242603550295857, 0.17159763313609455, -0.0, -0.0, -0.0, -0.0, -0.0, -0.0, -0.0, -0.0, -0.0, 0.11834319526627207, -0.0, -0.0, -0.0, -0.0, -0.0, -0.0, 0.023668639053254448, -0.0, -0.0, -0.0, -0.0, -0.0, -0.0, -0.0, 0.7751479289940828, 0.24260355029585806, -0.0, -0.0, -0.0, -0.0, -0.0, -0.0, 0.183431952662722, -0.0]
			Active cut size: 0
W = 100 
H = 100
normalXList.size = 72
normalYList.size = 79
xList.size = 49
yList.size = 61
squareList.size = 26
myConsList.size = 0
当前上界 = 2.994082840236687
当前上界 = 2.861143984220908
当前上界 = 2.728205128205129
当前上界 = 2.5952662721893502
最优解：2.680473372781065
solutionList.size() = 1
pattern.getKey() = 9@15@22@25@35@42@50@51@58@
用时：27.672 s
--------------------------------------- Price Problem End --------------------------------------------------------
		46 Add column : 1 col:54 	212.415
			Start solve  LP :212.415
			End solve LP obj: 9.0 t: 0
com.wlj.solver.BBSolver:
--------------------------------------- Price Problem Start --------------------------------------------------------
dualPrice.size = 60 , dualPrice = [0.3533834586466166, 0.6466165413533834, 0.8270676691729324, 0.4511278195488724, 0.6466165413533834, 0.3872180451127819, 0.6466165413533834, 0.3533834586466166, 0.432330827067669, -0.0, -0.0, 0.3533834586466166, 0.3533834586466166, 0.2142857142857144, 0.17293233082706766, -0.0, 0.3984962406015038, 0.0, 0.19924812030075179, 0.17293233082706766, 0.05639097744360902, 0.2293233082706766, -0.0, -0.0, -0.0, -0.0, -0.0, -0.0, -0.0, 0.06015037593984973, 0.37593984962406, -0.0, -0.0, -0.0, -0.0, -0.0, -0.0, -0.0, -0.0, -0.0, 0.29323308270676685, -0.0, 0.20676691729323315, -0.0, -0.0, -0.0, 0.1691729323308272, 0.09022556390977421, -0.0, -0.0, 0.7857142857142856, -0.0, 0.12406015037593998, -0.0, -0.0, -0.0, -0.0, -0.0, -0.0, -0.0]
			Active cut size: 0
W = 100 
H = 100
normalXList.size = 64
normalYList.size = 73
xList.size = 45
yList.size = 57
squareList.size = 26
myConsList.size = 0
当前上界 = 3.428571428571429
当前上界 = 3.266666666666667
最优解：3.274436090225564
solutionList.size() = 1
pattern.getKey() = 2@19@21@30@40@42@46@47@50@52@
用时：45.428 s
--------------------------------------- Price Problem End --------------------------------------------------------
		47 Add column : 1 col:55 	257.843
			Start solve  LP :257.843
			End solve LP obj: 9.0 t: 0
com.wlj.solver.BBSolver:
--------------------------------------- Price Problem Start --------------------------------------------------------
dualPrice.size = 60 , dualPrice = [1.0, 1.0, -0.0, 0.0, 0.0, 1.0, 1.0, 0.0, 1.0, -0.0, -0.0, 0.0, 0.0, 0.0, 1.0, -0.0, 0.0, 0.0, 0.0, -0.0, 0.0, -0.0, -0.0, 1.0, -0.0, -0.0, -0.0, -0.0, -0.0, 0.0, 0.0, -0.0, -0.0, -0.0, -0.0, -0.0, 1.0, -0.0, -0.0, -0.0, 0.0, -0.0, 0.0, -0.0, -0.0, -0.0, -0.0, 0.0, -0.0, -0.0, 1.0, -0.0, -0.0, -0.0, -0.0, -0.0, -0.0, -0.0, -0.0, -0.0]
			Active cut size: 0
W = 100 
H = 100
normalXList.size = 19
normalYList.size = 30
xList.size = 12
yList.size = 11
squareList.size = 9
myConsList.size = 0
当前上界 = 5.0
最优解：5.0
solutionList.size() = 1
pattern.getKey() = 0@14@23@36@50@
用时：0.0 s
--------------------------------------- Price Problem End --------------------------------------------------------
		48 Add column : 1 col:56 	257.843
			Start solve  LP :257.843
			End solve LP obj: 9.0 t: 0
com.wlj.solver.BBSolver:
--------------------------------------- Price Problem Start --------------------------------------------------------
dualPrice.size = 60 , dualPrice = [-0.0, 0.8333333333333334, -0.0, 0.6666666666666666, 1.0, 0.5, 0.6666666666666667, 0.3333333333333333, 0.5, 0.2499999999999999, -0.0, 0.0, 0.16666666666666663, 0.16666666666666669, -0.0, -0.0, 0.33333333333333337, 0.16666666666666663, 0.08333333333333343, -0.0, 0.16666666666666663, -0.0, -0.0, 0.0, -0.0, -0.0, -0.0, -0.0, -0.0, 0.25, 0.33333333333333337, 0.16666666666666663, -0.0, -0.0, -0.0, -0.0, 1.0, -0.0, -0.0, -0.0, 0.08333333333333331, -0.0, 0.33333333333333337, -0.0, -0.0, -0.0, -0.0, 0.16666666666666674, -0.0, -0.0, -0.0, -0.0, -0.0, -0.0, 0.8333333333333333, -0.0, -0.0, -0.0, -0.0, -0.0]
			Active cut size: 0
W = 100 
H = 100
normalXList.size = 70
normalYList.size = 63
xList.size = 55
yList.size = 47
squareList.size = 22
myConsList.size = 0
当前上界 = 4.583333333333334
当前上界 = 4.344444444444445
当前上界 = 4.105555555555556
最优解：4.333333333333333
solutionList.size() = 1
pattern.getKey() = 4@20@29@30@31@36@40@42@47@54@
用时：19.922 s
--------------------------------------- Price Problem End --------------------------------------------------------
		49 Add column : 1 col:57 	277.765
			Start solve  LP :277.765
			End solve LP obj: 9.0 t: 0
com.wlj.solver.BBSolver:
--------------------------------------- Price Problem Start --------------------------------------------------------
dualPrice.size = 60 , dualPrice = [-0.0, 0.7320525783619818, 0.648129423660263, 0.6825075834175934, -0.0, 0.46208291203235574, 0.36905965621840237, 0.5379170879676443, 0.46208291203235574, 0.36097067745197164, -0.0, 0.26794742163801827, 0.2679474216380182, -0.0, 0.21031344792719942, 0.21739130434782594, 0.31749241658240657, 0.08088978766430735, 0.269969666329626, -0.0, -0.0, 0.10717896865520715, 0.13953488372093037, -0.0, 0.02325581395348847, -0.0, -0.0, -0.0, -0.0, -0.0, -0.0, -0.0, -0.0, 0.13447927199191095, -0.0, -0.0, 0.134479271991911, -0.0, 1.0, -0.0, -0.0, -0.0, -0.0, -0.0, 0.06976744186046491, 0.10717896865520715, -0.0, -0.0, -0.0, -0.0, -0.0, 0.282103134479272, 0.2446916076845298, -0.0, 0.865520728008089, 0.005055611729019416, -0.0, -0.0, -0.0, -0.0]
			Active cut size: 0
W = 100 
H = 100
normalXList.size = 86
normalYList.size = 64
xList.size = 77
yList.size = 49
squareList.size = 27
myConsList.size = 0
当前上界 = 4.11324570273003
当前上界 = 3.9056959892146943
最优解：3.929221435793731
solutionList.size() = 2
pattern.getKey() = 3@7@36@38@44@45@51@52@54@55@
用时：895.732 s
--------------------------------------- Price Problem End --------------------------------------------------------
		50 Add column : 1 col:58 	1173.497
			Start solve  LP :1173.497
			End solve LP obj: 9.0 t: 0
com.wlj.solver.BBSolver:
--------------------------------------- Price Problem Start --------------------------------------------------------
dualPrice.size = 60 , dualPrice = [-0.0, 0.6666666666666666, 0.3999999999999999, -0.0, -0.0, -0.0, 0.5333333333333334, 0.4666666666666665, 0.5333333333333334, 0.39999999999999997, 0.46666666666666656, -0.0, 5.551115123125783E-17, 5.551115123125783E-17, 0.6000000000000001, -0.0, 0.3999999999999999, -0.0, -0.0, -0.0, 0.33333333333333337, 0.06666666666666665, 0.06666666666666676, 0.2, -0.0, 0.06666666666666676, 0.06666666666666671, -0.0, -0.0, -0.0, -0.0, 0.33333333333333337, -0.0, -0.0, 0.46666666666666673, -0.0, -0.0, 0.6000000000000001, 0.5333333333333334, 0.46666666666666656, -0.0, -0.0, 0.33333333333333326, -0.0, -0.0, -0.0, -0.0, -0.0, -0.0, -0.0, -0.0, -0.0, -0.0, -0.0, -0.0, -0.0, -0.0, -0.0, -0.0, 1.0]
			Active cut size: 0
W = 100 
H = 100
normalXList.size = 65
normalYList.size = 90
xList.size = 41
yList.size = 83
squareList.size = 22
myConsList.size = 0
当前上界 = 5.266666666666666
当前上界 = 4.982222222222221
当前上界 = 4.697777777777777
最优解：4.933333333333334
solutionList.size() = 5
pattern.getKey() = 14@20@23@25@31@34@37@38@39@42@59@
用时：164.339 s
--------------------------------------- Price Problem End --------------------------------------------------------
		51 Add column : 1 col:59 	1337.836
			Start solve  LP :1337.836
			End solve LP obj: 9.0 t: 0
com.wlj.solver.BBSolver:
--------------------------------------- Price Problem Start --------------------------------------------------------
dualPrice.size = 60 , dualPrice = [0.6909090909090909, 0.7388429752066116, -0.0, 0.4413223140495868, -0.0, 0.5305785123966943, 0.5933884297520661, 0.09256198347107439, -0.0, 0.40661157024793393, 0.16363636363636358, 0.2611570247933884, 0.2611570247933884, 0.07107438016528937, -0.0, 0.3090909090909091, 0.3983471074380166, -0.0, -0.0, -0.0, -0.0, 0.18181818181818188, -0.0, -0.0, 0.2611570247933884, -0.0, 0.509090909090909, -0.0, 0.07438016528925617, 0.20826446280991728, 0.2975206611570248, -0.0, -0.0, -0.0, -0.0, -0.0, -0.0, 0.6909090909090909, -0.0, 0.3090909090909091, -0.0, -0.0, -0.0, -0.0, 0.052892561983471184, -0.0, -0.0, 0.37685950413223135, -0.0, -0.0, 0.13884297520661149, 0.1454545454545455, -0.0, -0.0, 0.11735537190082657, 0.15041322314049588, -0.0, 0.5272727272727272, -0.0, -0.0]
			Active cut size: 0
W = 100 
H = 100
normalXList.size = 84
normalYList.size = 95
xList.size = 73
yList.size = 91
squareList.size = 28
myConsList.size = 0
当前上界 = 4.523966942148761
--------------------------------------- Price Problem End --------------------------------------------------------
		52 Add column : 0 col:60 	3000.001
	1 End Add column using column generation : 9.0 col: 60 cons: 0 cut: 0	3000.001
   End add columnAndCut : 9.0 colGencnt: 1 price: 0 col: 60 cons: 0 cut: 0	3000.001

Node lb: 1.7976931348623157E308 ub: 9 : 3000.001

Final Found Solution: 9 genNode: 1 extendedNode: 0:3000.001
Bin size: 10000
1 : 4800,3663,434,418, : 9315
2 : 4505,2808,646,495,368,224,221,112, : 9379
3 : 4400,2254,1435,480,474, : 9043
4 : 3233,2075,1760,1073,792,270,133,46, : 9382
5 : 3692,2400,1200,1147,252, : 8691
6 : 3575,2808,1540,756,39,21, : 8739
7 : 3420,3234,1029,350, : 8033
8 : 2880,2442,800,800,550,518,506,384,217,126, : 9223
9 : 3003,1036,1008,714,390,372,299,188,171,120, : 7301
----------------------- 1 ---------------------------
canvasWidth:100,
canvasHeight:100,
data:[{x:0,y:0,l:48,w:100},{x:1,y:48,l:37,w:99},{x:69,y:85,l:14,w:31},{x:31,y:85,l:11,w:38},],
----------------------- 2 ---------------------------
canvasWidth:100,
canvasHeight:100,
data:[{x:15,y:0,l:53,w:85},{x:1,y:0,l:8,w:14},{x:4,y:8,l:45,w:11},{x:81,y:53,l:34,w:19},{x:83,y:87,l:13,w:17},{x:9,y:53,l:39,w:72},{x:35,y:92,l:8,w:46},{x:2,y:53,l:32,w:7},],
----------------------- 3 ---------------------------
canvasWidth:100,
canvasHeight:100,
data:[{x:50,y:0,l:88,w:50},{x:1,y:0,l:46,w:49},{x:15,y:46,l:41,w:35},{x:0,y:46,l:32,w:15},{x:21,y:88,l:6,w:79},],
----------------------- 4 ---------------------------
canvasWidth:100,
canvasHeight:100,
data:[{x:78,y:0,l:80,w:22},{x:93,y:80,l:19,w:7},{x:78,y:80,l:18,w:15},{x:25,y:0,l:61,w:53},{x:49,y:61,l:37,w:29},{x:55,y:98,l:2,w:23},{x:27,y:61,l:36,w:22},{x:0,y:0,l:83,w:25},],
----------------------- 5 ---------------------------
canvasWidth:100,
canvasHeight:100,
data:[{x:48,y:0,l:71,w:52},{x:52,y:71,l:25,w:48},{x:0,y:0,l:50,w:48},{x:11,y:50,l:31,w:37},{x:2,y:50,l:28,w:9},],
----------------------- 6 ---------------------------
canvasWidth:100,
canvasHeight:100,
data:[{x:35,y:0,l:55,w:65},{x:0,y:0,l:44,w:35},{x:87,y:55,l:3,w:13},{x:80,y:55,l:3,w:7},{x:82,y:58,l:42,w:18},{x:0,y:55,l:36,w:78},],
----------------------- 7 ---------------------------
canvasWidth:100,
canvasHeight:100,
data:[{x:67,y:0,l:98,w:33},{x:10,y:0,l:60,w:57},{x:18,y:60,l:21,w:49},{x:0,y:0,l:35,w:10},],
----------------------- 8 ---------------------------
canvasWidth:100,
canvasHeight:100,
data:[{x:28,y:0,l:40,w:72},{x:78,y:40,l:23,w:22},{x:28,y:40,l:16,w:50},{x:47,y:56,l:7,w:31},{x:34,y:63,l:37,w:66},{x:12,y:0,l:50,w:16},{x:1,y:0,l:50,w:11},{x:16,y:50,l:32,w:12},{x:19,y:82,l:14,w:9},{x:2,y:50,l:37,w:14},],
----------------------- 9 ---------------------------
canvasWidth:100,
canvasHeight:100,
data:[{x:9,y:0,l:33,w:91},{x:64,y:33,l:28,w:36},{x:66,y:61,l:21,w:34},{x:69,y:82,l:12,w:31},{x:27,y:33,l:28,w:37},{x:14,y:33,l:23,w:13},{x:49,y:61,l:26,w:15},{x:54,y:87,l:12,w:10},{x:0,y:0,l:19,w:9},{x:5,y:19,l:47,w:4},],
