====================================== Class_02.2bp-24 =====================================
Reduced size: 60 usedBin: 0
[0, 1, 2, 3, 4, 5, 7, 10, 11, 16, 18, 23, 25, 28, 31, 33, 35, 37, 44, 46, 51, 53, 55, 56]
[6, 8, 9, 12, 13, 14, 15, 17, 19, 20, 21, 22, 24, 26, 27, 29, 30, 32, 34, 36, 38, 39, 40, 41, 42, 43, 45, 47, 48, 49, 50, 52, 54, 57, 58, 59]
------------------------------------------------
Best fit used bin number: 2
Found best solution: 2 0.266

   Statrt add columnAndCut col: 2 cons: 0 cut: 0	0.328

	1 Start Add column using column generation  col: 2 cons: 0 cut: 0	0.328
			Start solve  LP :0.328
			End solve LP obj: 2.0 t: 16
	1 End Add column using column generation : 2.0 col: 2 cons: 0 cut: 0	0.344
   End add columnAndCut : 2.0 colGencnt: 1 price: 0 col: 2 cons: 0 cut: 0	0.344

Node lb: 2.0 ub: 2 : 0.344

Final Found Solution: 2 genNode: 1 extendedNode: 0:0.344
Bin size: 900
1 : 81,80,72,70,64,60,54,50,50,40,36,27,24,21,20,20,18,18,10,10,6,6,5,3, : 845
2 : 54,54,54,49,45,42,40,36,32,30,28,28,24,24,24,20,20,20,18,18,16,16,15,15,12,10,10,9,8,7,7,6,6,3,2,2, : 804
----------------------- 1 ---------------------------
canvasWidth:30,
canvasHeight:30,
data:[{x:20,y:0,l:5,w:10},{x:20,y:5,l:2,w:10},{x:20,y:7,l:2,w:10},{x:11,y:0,l:9,w:9},{x:7,y:0,l:9,w:4},{x:4,y:0,l:9,w:3},{x:2,y:0,l:9,w:2},{x:0,y:0,l:9,w:2},{x:24,y:9,l:10,w:6},{x:24,y:19,l:1,w:6},{x:25,y:20,l:10,w:5},{x:17,y:9,l:10,w:7},{x:11,y:9,l:9,w:6},{x:11,y:18,l:1,w:6},{x:1,y:9,l:1,w:10},{x:1,y:10,l:1,w:10},{x:2,y:11,l:8,w:9},{x:16,y:19,l:8,w:8},{x:17,y:27,l:3,w:7},{x:16,y:27,l:3,w:1},{x:6,y:19,l:8,w:10},{x:8,y:27,l:3,w:8},{x:0,y:19,l:8,w:5},{x:0,y:27,l:1,w:5},],
----------------------- 2 ---------------------------
canvasWidth:30,
canvasHeight:30,
data:[{x:24,y:0,l:9,w:6},{x:24,y:9,l:9,w:6},{x:24,y:18,l:6,w:6},{x:25,y:24,l:6,w:5},{x:15,y:0,l:6,w:9},{x:7,y:0,l:5,w:8},{x:7,y:5,l:1,w:8},{x:0,y:0,l:1,w:7},{x:4,y:1,l:5,w:3},{x:1,y:1,l:5,w:3},{x:0,y:1,l:2,w:1},{x:17,y:6,l:7,w:7},{x:10,y:6,l:6,w:7},{x:9,y:6,l:6,w:1},{x:10,y:12,l:1,w:7},{x:0,y:6,l:5,w:9},{x:0,y:11,l:1,w:9},{x:3,y:12,l:1,w:6},{x:20,y:13,l:7,w:4},{x:20,y:20,l:7,w:4},{x:20,y:27,l:3,w:4},{x:12,y:13,l:4,w:8},{x:6,y:13,l:4,w:6},{x:2,y:13,l:4,w:4},{x:14,y:17,l:4,w:6},{x:14,y:21,l:3,w:6},{x:15,y:24,l:2,w:5},{x:14,y:24,l:2,w:1},{x:15,y:26,l:4,w:5},{x:6,y:17,l:3,w:8},{x:9,y:20,l:4,w:5},{x:9,y:24,l:4,w:5},{x:9,y:28,l:2,w:5},{x:3,y:20,l:3,w:6},{x:2,y:20,l:3,w:1},{x:0,y:13,l:8,w:2},],
