====================================== Class_06.2bp-46 =====================================
Reduced size: 100 usedBin: 0
[0, 4, 12, 13, 15, 16, 21, 22, 23, 24, 25, 28, 31, 32, 33, 34, 38, 41, 44, 45, 49, 52, 55, 64, 69, 72, 76, 77, 78, 87, 89, 92, 93, 94, 95]
[1, 3, 5, 6, 7, 8, 9, 10, 11, 14, 27, 29, 30, 35, 36, 37, 56, 63, 80, 82, 83, 84, 91, 98, 99]
[2, 17, 18, 19, 20, 26, 39, 40, 42, 43, 46, 47, 48, 50, 51, 53, 54, 57, 58, 59, 60, 61, 62, 65, 66, 67, 68, 70, 71, 73, 74, 75, 79, 81, 85, 86, 88, 90, 96, 97]
------------------------------------------------
Best fit used bin number: 3
Found best solution: 3 0.266

   Statrt add columnAndCut col: 3 cons: 0 cut: 0	0.328

	1 Start Add column using column generation  col: 3 cons: 0 cut: 0	0.328
			Start solve  LP :0.328
			End solve LP obj: 3.0 t: 0
	1 End Add column using column generation : 3.0 col: 3 cons: 0 cut: 0	0.328
   End add columnAndCut : 3.0 colGencnt: 1 price: 0 col: 3 cons: 0 cut: 0	0.328

Node lb: 3.0 ub: 3 : 0.328

Final Found Solution: 3 genNode: 1 extendedNode: 0:0.328
Bin size: 90000
1 : 8366,7332,5856,5723,4560,4420,4015,3731,3726,3540,3304,3003,2856,2820,2738,2352,2184,1995,1862,1850,1435,1300,1264,880,700,615,540,528,456,160,129,92,91,60,39, : 84522
2 : 7800,7584,7298,6972,6888,6750,6600,6200,6006,5451,3034,2952,2880,2277,2277,2190,1200,920,440,361,258,248,122,20,10, : 86738
3 : 7650,4272,4131,4100,4092,3168,2125,2046,1944,1887,1752,1617,1520,1377,1326,1292,1287,1190,1178,1161,1026,1000,938,850,840,820,705,693,621,592,570,559,440,429,176,168,145,125,35,28, : 59875
----------------------- 1 ---------------------------
canvasWidth:300,
canvasHeight:300,
data:[{x:240,y:0,l:59,w:60},{x:240,y:59,l:1,w:60},{x:193,y:0,l:60,w:47},{x:137,y:0,l:59,w:56},{x:86,y:0,l:56,w:51},{x:1,y:0,l:52,w:85},{x:263,y:60,l:74,w:37},{x:263,y:134,l:50,w:37},{x:276,y:184,l:91,w:24},{x:266,y:184,l:88,w:10},{x:263,y:184,l:43,w:3},{x:272,y:275,l:25,w:28},{x:264,y:275,l:20,w:8},{x:174,y:60,l:94,w:89},{x:96,y:60,l:94,w:78},{x:55,y:60,l:91,w:41},{x:49,y:60,l:90,w:6},{x:33,y:60,l:79,w:16},{x:215,y:154,l:95,w:48},{x:222,y:249,l:15,w:41},{x:224,y:264,l:1,w:39},{x:215,y:249,l:13,w:7},{x:222,y:265,l:35,w:41},{x:156,y:154,l:97,w:59},{x:166,y:251,l:38,w:49},{x:167,y:289,l:11,w:48},{x:150,y:154,l:76,w:6},{x:95,y:154,l:73,w:55},{x:102,y:231,l:69,w:54},{x:33,y:154,l:96,w:61},{x:37,y:250,l:35,w:57},{x:33,y:250,l:23,w:4},{x:0,y:60,l:91,w:33},{x:5,y:151,l:84,w:28},{x:7,y:235,l:50,w:26},],
----------------------- 2 ---------------------------
canvasWidth:300,
canvasHeight:300,
data:[{x:200,y:0,l:78,w:100},{x:200,y:78,l:66,w:100},{x:200,y:144,l:62,w:100},{x:290,y:206,l:92,w:10},{x:295,y:298,l:2,w:5},{x:200,y:206,l:75,w:90},{x:210,y:281,l:15,w:80},{x:116,y:0,l:82,w:84},{x:79,y:0,l:82,w:37},{x:111,y:82,l:82,w:89},{x:81,y:82,l:73,w:30},{x:79,y:82,l:61,w:2},{x:79,y:143,l:10,w:2},{x:80,y:155,l:8,w:31},{x:116,y:164,l:83,w:84},{x:80,y:164,l:80,w:36},{x:101,y:247,l:23,w:99},{x:81,y:247,l:22,w:20},{x:101,y:270,l:23,w:99},{x:157,y:293,l:6,w:43},{x:82,y:270,l:19,w:19},{x:0,y:0,l:96,w:79},{x:0,y:96,l:69,w:79},{x:7,y:165,l:41,w:72},{x:13,y:209,l:91,w:66},],
----------------------- 3 ---------------------------
canvasWidth:300,
canvasHeight:300,
data:[{x:215,y:0,l:90,w:85},{x:165,y:0,l:82,w:50},{x:99,y:0,l:48,w:66},{x:99,y:48,l:31,w:66},{x:93,y:48,l:28,w:6},{x:0,y:0,l:44,w:93},{x:11,y:44,l:10,w:82},{x:16,y:54,l:21,w:77},{x:275,y:90,l:85,w:25},{x:275,y:175,l:34,w:25},{x:275,y:209,l:5,w:25},{x:276,y:214,l:81,w:24},{x:186,y:90,l:48,w:89},{x:224,y:138,l:37,w:51},{x:186,y:138,l:34,w:38},{x:194,y:175,l:51,w:81},{x:202,y:226,l:24,w:73},{x:260,y:250,l:47,w:15},{x:261,y:297,l:2,w:14},{x:220,y:250,l:40,w:38},{x:186,y:250,l:39,w:34},{x:179,y:90,l:99,w:7},{x:181,y:189,l:88,w:5},{x:166,y:90,l:99,w:13},{x:123,y:90,l:27,w:43},{x:81,y:90,l:20,w:42},{x:94,y:110,l:5,w:29},{x:14,y:90,l:14,w:67},{x:38,y:104,l:13,w:43},{x:139,y:117,l:51,w:27},{x:149,y:168,l:70,w:17},{x:140,y:168,l:69,w:9},{x:147,y:238,l:62,w:19},{x:121,y:117,l:57,w:18},{x:123,y:174,l:37,w:16},{x:124,y:211,l:38,w:15},{x:134,y:249,l:7,w:5},{x:135,y:256,l:44,w:4},{x:121,y:249,l:33,w:13},{x:101,y:117,l:50,w:20},],
