====================================== Class_06.2bp-29 =====================================
Reduced size: 60 usedBin: 0
[0, 1, 5, 6, 11, 16, 18, 19, 21, 23, 26, 27, 28, 30, 31, 32, 34, 37, 47, 48, 49, 52, 54, 55, 56]
[2, 3, 4, 7, 8, 9, 10, 12, 13, 14, 15, 25, 35, 36, 38, 39, 40, 43, 44, 50, 51, 53, 59]
[17, 20, 22, 24, 29, 33, 41, 42, 45, 46, 57, 58]
------------------------------------------------
Best fit used bin number: 3
Found best solution: 3 0.141

   Statrt add columnAndCut col: 3 cons: 0 cut: 0	0.203

	1 Start Add column using column generation  col: 3 cons: 0 cut: 0	0.203
			Start solve  LP :0.203
			End solve LP obj: 3.0 t: 0
	1 End Add column using column generation : 3.0 col: 3 cons: 0 cut: 0	0.203
   End add columnAndCut : 3.0 colGencnt: 1 price: 0 col: 3 cons: 0 cut: 0	0.203

Node lb: 3.0 ub: 3 : 0.203

Final Found Solution: 3 genNode: 1 extendedNode: 0:0.203
Bin size: 90000
1 : 7900,7488,6624,6402,5170,4565,4248,4002,3528,3040,2700,2632,2544,2304,2295,2280,2240,2016,1064,970,784,708,517,486,459, : 76966
2 : 7125,6800,6776,6370,6160,5264,5254,5103,4988,4950,4648,2832,2212,2145,1950,1848,1650,1440,1424,768,768,583,130, : 81188
3 : 4312,3990,3364,3024,2480,2263,1640,1541,1330,1152,176,142, : 25414
----------------------- 1 ---------------------------
canvasWidth:300,
canvasHeight:300,
data:[{x:234,y:0,l:97,w:66},{x:245,y:97,l:94,w:55},{x:262,y:191,l:60,w:38},{x:234,y:191,l:38,w:28},{x:155,y:0,l:100,w:79},{x:96,y:0,l:72,w:59},{x:96,y:72,l:12,w:59},{x:165,y:100,l:96,w:69},{x:178,y:196,l:47,w:56},{x:129,y:100,l:98,w:36},{x:101,y:100,l:80,w:28},{x:102,y:180,l:18,w:27},{x:117,y:198,l:48,w:48},{x:100,y:198,l:27,w:17},{x:0,y:0,l:78,w:96},{x:0,y:78,l:21,w:96},{x:50,y:99,l:87,w:46},{x:3,y:99,l:11,w:47},{x:10,y:110,l:76,w:40},{x:13,y:186,l:55,w:83},{x:247,y:252,l:48,w:53},{x:150,y:252,l:10,w:97},{x:162,y:262,l:27,w:85},{x:52,y:252,l:8,w:98},{x:60,y:260,l:30,w:90},],
----------------------- 2 ---------------------------
canvasWidth:300,
canvasHeight:300,
data:[{x:205,y:0,l:75,w:95},{x:220,y:75,l:85,w:80},{x:207,y:75,l:10,w:13},{x:208,y:85,l:64,w:12},{x:212,y:160,l:77,w:88},{x:111,y:0,l:56,w:94},{x:81,y:0,l:55,w:30},{x:70,y:0,l:53,w:11},{x:122,y:56,l:56,w:83},{x:126,y:112,l:28,w:79},{x:130,y:140,l:26,w:75},{x:107,y:56,l:96,w:15},{x:91,y:56,l:89,w:16},{x:70,y:56,l:88,w:21},{x:131,y:166,l:71,w:74},{x:98,y:166,l:65,w:33},{x:219,y:237,l:63,w:81},{x:171,y:237,l:59,w:48},{x:85,y:237,l:58,w:86},{x:0,y:0,l:91,w:70},{x:0,y:91,l:88,w:70},{x:15,y:179,l:90,w:55},{x:38,y:269,l:24,w:32},],
----------------------- 3 ---------------------------
canvasWidth:300,
canvasHeight:300,
data:[{x:223,y:0,l:56,w:77},{x:227,y:56,l:31,w:73},{x:264,y:87,l:84,w:36},{x:248,y:87,l:72,w:16},{x:248,y:159,l:11,w:16},{x:246,y:87,l:71,w:2},{x:223,y:87,l:67,w:23},{x:230,y:171,l:57,w:70},{x:242,y:228,l:58,w:58},{x:143,y:0,l:31,w:80},{x:183,y:31,l:41,w:40},{x:148,y:31,l:38,w:35},],
