====================================== Class_09.2bp-23 =====================================
Reduced size: 60 usedBin: 0
[13]
[36, 38]
[40]
[34]
[27]
[1, 56]
[31]
[8]
[25]
[41, 47]
[37, 52]
[26]
[15]
[23]
[9]
[21]
[35]
[3, 50]
[24]
[2, 57]
[6]
[5, 49]
[18]
[32]
[19]
[7]
[20]
[4]
[10, 53]
[0, 54]
[14]
[17]
[11]
[30]
[12, 55, 59]
[42]
[28, 44]
[33, 48]
[43]
[46]
[45, 51]
[16]
[22]
[29, 39, 58]
------------------------------------------------
Best fit used bin number: 44
Found best solution: 44 0.156

   Statrt add columnAndCut col: 44 cons: 0 cut: 0	0.219

	1 Start Add column using column generation  col: 44 cons: 0 cut: 0	0.219
			Start solve  LP :0.219
			End solve LP obj: 44.0 t: 0
	1 End Add column using column generation : 44.0 col: 44 cons: 0 cut: 0	0.219
   End add columnAndCut : 44.0 colGencnt: 1 price: 0 col: 44 cons: 0 cut: 0	0.219

Node lb: 44.0 ub: 44 : 0.219

Final Found Solution: 44 genNode: 1 extendedNode: 0:0.235
Bin size: 10000
1 : 6300, : 6300
2 : 4118,3900, : 8018
3 : 3776, : 3776
4 : 4293, : 4293
5 : 4576, : 4576
6 : 8004,492, : 8496
7 : 4428, : 4428
8 : 6723, : 6723
9 : 4620, : 4620
10 : 3750,3100, : 6850
11 : 4028,888, : 4916
12 : 4582, : 4582
13 : 5561, : 5561
14 : 4752, : 4752
15 : 6557, : 6557
16 : 4958, : 4958
17 : 4234, : 4234
18 : 7885,1170, : 9055
19 : 4717, : 4717
20 : 7938,96, : 8034
21 : 7326, : 7326
22 : 7722,1953, : 9675
23 : 5330, : 5330
24 : 4356, : 4356
25 : 5236, : 5236
26 : 6789, : 6789
27 : 5180, : 5180
28 : 7857, : 7857
29 : 6438,748, : 7186
30 : 8820,686, : 9506
31 : 6142, : 6142
32 : 5418, : 5418
33 : 6435, : 6435
34 : 4455, : 4455
35 : 6320,584,8, : 6912
36 : 3591, : 3591
37 : 4550,3500, : 8050
38 : 4293,3082, : 7375
39 : 3540, : 3540
40 : 3132, : 3132
41 : 3480,1064, : 4544
42 : 5520, : 5520
43 : 4760, : 4760
44 : 4539,3825,40, : 8404
----------------------- 1 ---------------------------
canvasWidth:100,
canvasHeight:100,
data:[{x:37,y:0,l:100,w:63},],
----------------------- 2 ---------------------------
canvasWidth:100,
canvasHeight:100,
data:[{x:61,y:0,l:100,w:39},{x:3,y:0,l:71,w:58},],
----------------------- 3 ---------------------------
canvasWidth:100,
canvasHeight:100,
data:[{x:36,y:0,l:59,w:64},],
----------------------- 4 ---------------------------
canvasWidth:100,
canvasHeight:100,
data:[{x:19,y:0,l:53,w:81},],
----------------------- 5 ---------------------------
canvasWidth:100,
canvasHeight:100,
data:[{x:12,y:0,l:52,w:88},],
----------------------- 6 ---------------------------
canvasWidth:100,
canvasHeight:100,
data:[{x:13,y:0,l:92,w:87},{x:7,y:0,l:82,w:6},],
----------------------- 7 ---------------------------
canvasWidth:100,
canvasHeight:100,
data:[{x:18,y:0,l:54,w:82},],
----------------------- 8 ---------------------------
canvasWidth:100,
canvasHeight:100,
data:[{x:17,y:0,l:81,w:83},],
----------------------- 9 ---------------------------
canvasWidth:100,
canvasHeight:100,
data:[{x:16,y:0,l:55,w:84},],
----------------------- 10 ---------------------------
canvasWidth:100,
canvasHeight:100,
data:[{x:25,y:0,l:50,w:75},{x:38,y:50,l:50,w:62},],
----------------------- 11 ---------------------------
canvasWidth:100,
canvasHeight:100,
data:[{x:24,y:0,l:53,w:76},{x:0,y:0,l:37,w:24},],
----------------------- 12 ---------------------------
canvasWidth:100,
canvasHeight:100,
data:[{x:21,y:0,l:58,w:79},],
----------------------- 13 ---------------------------
canvasWidth:100,
canvasHeight:100,
data:[{x:33,y:0,l:83,w:67},],
----------------------- 14 ---------------------------
canvasWidth:100,
canvasHeight:100,
data:[{x:28,y:0,l:66,w:72},],
----------------------- 15 ---------------------------
canvasWidth:100,
canvasHeight:100,
data:[{x:17,y:0,l:79,w:83},],
----------------------- 16 ---------------------------
canvasWidth:100,
canvasHeight:100,
data:[{x:26,y:0,l:67,w:74},],
----------------------- 17 ---------------------------
canvasWidth:100,
canvasHeight:100,
data:[{x:27,y:0,l:58,w:73},],
----------------------- 18 ---------------------------
canvasWidth:100,
canvasHeight:100,
data:[{x:17,y:0,l:95,w:83},{x:2,y:0,l:78,w:15},],
----------------------- 19 ---------------------------
canvasWidth:100,
canvasHeight:100,
data:[{x:11,y:0,l:53,w:89},],
----------------------- 20 ---------------------------
canvasWidth:100,
canvasHeight:100,
data:[{x:4,y:0,l:1,w:96},{x:19,y:1,l:98,w:81},],
----------------------- 21 ---------------------------
canvasWidth:100,
canvasHeight:100,
data:[{x:26,y:0,l:99,w:74},],
----------------------- 22 ---------------------------
canvasWidth:100,
canvasHeight:100,
data:[{x:1,y:0,l:78,w:99},{x:7,y:78,l:21,w:93},],
----------------------- 23 ---------------------------
canvasWidth:100,
canvasHeight:100,
data:[{x:18,y:0,l:65,w:82},],
----------------------- 24 ---------------------------
canvasWidth:100,
canvasHeight:100,
data:[{x:34,y:0,l:66,w:66},],
----------------------- 25 ---------------------------
canvasWidth:100,
canvasHeight:100,
data:[{x:32,y:0,l:77,w:68},],
----------------------- 26 ---------------------------
canvasWidth:100,
canvasHeight:100,
data:[{x:27,y:0,l:93,w:73},],
----------------------- 27 ---------------------------
canvasWidth:100,
canvasHeight:100,
data:[{x:30,y:0,l:74,w:70},],
----------------------- 28 ---------------------------
canvasWidth:100,
canvasHeight:100,
data:[{x:3,y:0,l:81,w:97},],
----------------------- 29 ---------------------------
canvasWidth:100,
canvasHeight:100,
data:[{x:13,y:0,l:74,w:87},{x:2,y:0,l:68,w:11},],
----------------------- 30 ---------------------------
canvasWidth:100,
canvasHeight:100,
data:[{x:10,y:0,l:98,w:90},{x:3,y:0,l:98,w:7},],
----------------------- 31 ---------------------------
canvasWidth:100,
canvasHeight:100,
data:[{x:17,y:0,l:74,w:83},],
----------------------- 32 ---------------------------
canvasWidth:100,
canvasHeight:100,
data:[{x:37,y:0,l:86,w:63},],
----------------------- 33 ---------------------------
canvasWidth:100,
canvasHeight:100,
data:[{x:35,y:0,l:99,w:65},],
----------------------- 34 ---------------------------
canvasWidth:100,
canvasHeight:100,
data:[{x:19,y:0,l:55,w:81},],
----------------------- 35 ---------------------------
canvasWidth:100,
canvasHeight:100,
data:[{x:21,y:0,l:80,w:79},{x:27,y:80,l:8,w:73},{x:26,y:80,l:8,w:1},],
----------------------- 36 ---------------------------
canvasWidth:100,
canvasHeight:100,
data:[{x:43,y:0,l:63,w:57},],
----------------------- 37 ---------------------------
canvasWidth:100,
canvasHeight:100,
data:[{x:50,y:0,l:91,w:50},{x:0,y:0,l:70,w:50},],
----------------------- 38 ---------------------------
canvasWidth:100,
canvasHeight:100,
data:[{x:47,y:0,l:81,w:53},{x:1,y:0,l:67,w:46},],
----------------------- 39 ---------------------------
canvasWidth:100,
canvasHeight:100,
data:[{x:41,y:0,l:60,w:59},],
----------------------- 40 ---------------------------
canvasWidth:100,
canvasHeight:100,
data:[{x:42,y:0,l:54,w:58},],
----------------------- 41 ---------------------------
canvasWidth:100,
canvasHeight:100,
data:[{x:42,y:0,l:60,w:58},{x:72,y:60,l:38,w:28},],
----------------------- 42 ---------------------------
canvasWidth:100,
canvasHeight:100,
data:[{x:40,y:0,l:92,w:60},],
----------------------- 43 ---------------------------
canvasWidth:100,
canvasHeight:100,
data:[{x:44,y:0,l:85,w:56},],
----------------------- 44 ---------------------------
canvasWidth:100,
canvasHeight:100,
data:[{x:49,y:0,l:89,w:51},{x:4,y:0,l:85,w:45},{x:39,y:85,l:4,w:10},],
