====================================== Class_08.2bp-47 =====================================
Reduced size: 100 usedBin: 0
[22, 29, 57, 91]
[12, 32, 79]
[5, 37, 98]
[28, 33, 81]
[19, 50, 66, 78, 84]
[11, 27, 64, 90]
[41, 43, 58, 75, 92]
[2, 49]
[0, 73]
[1, 62]
[21, 30, 77]
[17, 45, 76, 80, 89]
[4, 65, 70, 83, 93]
[16, 24, 56]
[26, 34, 52, 95]
[20, 40, 42]
[7, 13]
[3, 25, 96]
[38, 47, 54, 88]
[6, 67, 68, 74]
[36, 60, 63, 69, 85, 97]
[8, 46, 59]
[15, 39, 72]
[18, 53, 61, 82]
[35, 44, 51, 87, 94]
[14, 31, 55]
[23, 48, 71, 86, 99]
[9, 10]
------------------------------------------------
Best fit used bin number: 28
Found best solution: 28 0.187

   Statrt add columnAndCut col: 28 cons: 0 cut: 0	0.265

	1 Start Add column using column generation  col: 28 cons: 0 cut: 0	0.265
			Start solve  LP :0.265
			End solve LP obj: 28.0 t: 0
	1 End Add column using column generation : 28.0 col: 28 cons: 0 cut: 0	0.265
   End add columnAndCut : 28.0 colGencnt: 1 price: 0 col: 28 cons: 0 cut: 0	0.265

Node lb: 28.0 ub: 28 : 0.265

Final Found Solution: 28 genNode: 1 extendedNode: 0:0.265
Bin size: 10000
1 : 3621,3360,1900,301, : 9182
2 : 4300,3266,880, : 8446
3 : 5760,2880,83, : 8723
4 : 3388,3239,840, : 7467
5 : 3854,2240,1190,980,781, : 9045
6 : 4410,3400,1280,420, : 9510
7 : 2580,2542,1863,1078,272, : 8335
8 : 6402,2244, : 8646
9 : 7719,1122, : 8841
10 : 7614,1482, : 9096
11 : 3696,3344,984, : 8024
12 : 4018,2494,1068,870,462, : 8912
13 : 5822,1232,1188,792,264, : 9298
14 : 4056,3600,2046, : 9702
15 : 3483,3168,2208,144, : 9003
16 : 3784,2784,2548, : 9116
17 : 4940,4176, : 9116
18 : 5824,3492,98, : 9414
19 : 2870,2464,2136,497, : 7967
20 : 5440,1190,1190,1080, : 8900
21 : 2925,1660,1335,1190,680,96, : 7886
22 : 4828,2490,1848, : 9166
23 : 4100,2788,1148, : 8036
24 : 3864,2162,1521,792, : 8339
25 : 2945,2508,2212,570,176, : 8411
26 : 4116,3312,2090, : 9518
27 : 3612,2310,1155,679,45, : 7801
28 : 4753,4488, : 9241
----------------------- 1 ---------------------------
canvasWidth:100,
canvasHeight:100,
data:[{x:5,y:0,l:20,w:95},{x:58,y:20,l:80,w:42},{x:7,y:20,l:71,w:51},{x:0,y:20,l:43,w:7},],
----------------------- 2 ---------------------------
canvasWidth:100,
canvasHeight:100,
data:[{x:0,y:0,l:43,w:100},{x:20,y:43,l:11,w:80},{x:29,y:54,l:46,w:71},],
----------------------- 3 ---------------------------
canvasWidth:100,
canvasHeight:100,
data:[{x:40,y:0,l:96,w:60},{x:0,y:0,l:72,w:40},{x:17,y:96,l:1,w:83},],
----------------------- 4 ---------------------------
canvasWidth:100,
canvasHeight:100,
data:[{x:23,y:0,l:44,w:77},{x:21,y:44,l:41,w:79},{x:30,y:88,l:12,w:70},],
----------------------- 5 ---------------------------
canvasWidth:100,
canvasHeight:100,
data:[{x:18,y:0,l:47,w:82},{x:20,y:47,l:28,w:80},{x:29,y:75,l:11,w:71},{x:30,y:86,l:14,w:70},{x:4,y:0,l:85,w:14},],
----------------------- 6 ---------------------------
canvasWidth:100,
canvasHeight:100,
data:[{x:2,y:0,l:45,w:98},{x:32,y:45,l:50,w:68},{x:0,y:45,l:40,w:32},{x:16,y:95,l:5,w:84},],
----------------------- 7 ---------------------------
canvasWidth:100,
canvasHeight:100,
data:[{x:14,y:0,l:30,w:86},{x:83,y:30,l:16,w:17},{x:6,y:30,l:14,w:77},{x:18,y:46,l:31,w:82},{x:19,y:77,l:23,w:81},],
----------------------- 8 ---------------------------
canvasWidth:100,
canvasHeight:100,
data:[{x:3,y:0,l:66,w:97},{x:34,y:66,l:34,w:66},],
----------------------- 9 ---------------------------
canvasWidth:100,
canvasHeight:100,
data:[{x:7,y:0,l:83,w:93},{x:34,y:83,l:17,w:66},],
----------------------- 10 ---------------------------
canvasWidth:100,
canvasHeight:100,
data:[{x:6,y:0,l:81,w:94},{x:22,y:81,l:19,w:78},],
----------------------- 11 ---------------------------
canvasWidth:100,
canvasHeight:100,
data:[{x:16,y:0,l:44,w:84},{x:18,y:44,l:12,w:82},{x:24,y:56,l:44,w:76},],
----------------------- 12 ---------------------------
canvasWidth:100,
canvasHeight:100,
data:[{x:2,y:0,l:41,w:98},{x:11,y:41,l:12,w:89},{x:13,y:53,l:10,w:87},{x:14,y:63,l:29,w:86},{x:34,y:92,l:7,w:66},],
----------------------- 13 ---------------------------
canvasWidth:100,
canvasHeight:100,
data:[{x:18,y:0,l:71,w:82},{x:28,y:71,l:11,w:72},{x:34,y:82,l:18,w:66},{x:3,y:0,l:88,w:14},{x:0,y:0,l:88,w:3},],
----------------------- 14 ---------------------------
canvasWidth:100,
canvasHeight:100,
data:[{x:22,y:0,l:52,w:78},{x:25,y:52,l:48,w:75},{x:0,y:0,l:93,w:22},],
----------------------- 15 ---------------------------
canvasWidth:100,
canvasHeight:100,
data:[{x:8,y:0,l:24,w:92},{x:0,y:0,l:18,w:8},{x:4,y:24,l:33,w:96},{x:19,y:57,l:43,w:81},],
----------------------- 16 ---------------------------
canvasWidth:100,
canvasHeight:100,
data:[{x:4,y:0,l:29,w:96},{x:9,y:29,l:28,w:91},{x:12,y:57,l:43,w:88},],
----------------------- 17 ---------------------------
canvasWidth:100,
canvasHeight:100,
data:[{x:5,y:0,l:52,w:95},{x:13,y:52,l:48,w:87},],
----------------------- 18 ---------------------------
canvasWidth:100,
canvasHeight:100,
data:[{x:2,y:0,l:1,w:98},{x:64,y:1,l:97,w:36},{x:0,y:1,l:91,w:64},],
----------------------- 19 ---------------------------
canvasWidth:100,
canvasHeight:100,
data:[{x:11,y:0,l:24,w:89},{x:12,y:24,l:28,w:88},{x:29,y:52,l:7,w:71},{x:30,y:59,l:41,w:70},],
----------------------- 20 ---------------------------
canvasWidth:100,
canvasHeight:100,
data:[{x:36,y:0,l:85,w:64},{x:22,y:0,l:85,w:14},{x:5,y:0,l:70,w:17},{x:28,y:85,l:15,w:72},],
----------------------- 21 ---------------------------
canvasWidth:100,
canvasHeight:100,
data:[{x:4,y:0,l:1,w:96},{x:11,y:1,l:15,w:89},{x:15,y:16,l:8,w:85},{x:17,y:24,l:20,w:83},{x:25,y:44,l:39,w:75},{x:30,y:83,l:17,w:70},],
----------------------- 22 ---------------------------
canvasWidth:100,
canvasHeight:100,
data:[{x:29,y:0,l:68,w:71},{x:1,y:0,l:66,w:28},{x:17,y:70,l:30,w:83},],
----------------------- 23 ---------------------------
canvasWidth:100,
canvasHeight:100,
data:[{x:18,y:0,l:50,w:82},{x:18,y:50,l:34,w:82},{x:18,y:84,l:14,w:82},],
----------------------- 24 ---------------------------
canvasWidth:100,
canvasHeight:100,
data:[{x:1,y:0,l:8,w:99},{x:16,y:8,l:46,w:84},{x:53,y:54,l:46,w:47},{x:14,y:54,l:39,w:39},],
----------------------- 25 ---------------------------
canvasWidth:100,
canvasHeight:100,
data:[{x:5,y:0,l:31,w:95},{x:5,y:31,l:6,w:95},{x:12,y:37,l:2,w:88},{x:21,y:39,l:28,w:79},{x:24,y:67,l:33,w:76},],
----------------------- 26 ---------------------------
canvasWidth:100,
canvasHeight:100,
data:[{x:2,y:0,l:42,w:98},{x:5,y:42,l:22,w:95},{x:8,y:64,l:36,w:92},],
----------------------- 27 ---------------------------
canvasWidth:100,
canvasHeight:100,
data:[{x:3,y:0,l:7,w:97},{x:16,y:7,l:43,w:84},{x:23,y:50,l:15,w:77},{x:14,y:50,l:5,w:9},{x:34,y:65,l:35,w:66},],
----------------------- 28 ---------------------------
canvasWidth:100,
canvasHeight:100,
data:[{x:3,y:0,l:49,w:97},{x:12,y:49,l:51,w:88},],
