====================================== Class_04.2bp-37 =====================================
Reduced size: 80 usedBin: 0
[8, 9, 11, 12, 14, 18, 19, 20, 22, 24, 26, 27, 30, 31, 37, 46, 47, 48, 52, 53, 56, 58, 60, 64, 71, 74, 75, 76, 78, 79]
[1, 2, 3, 4, 5, 6, 7, 15, 32, 34, 36, 39, 40, 59, 66, 67, 68]
[0, 10, 13, 16, 17, 21, 23, 25, 28, 29, 33, 35, 38, 41, 42, 43, 44, 45, 49, 50, 51, 54, 55, 57, 61, 62, 63, 65, 69, 70, 72, 73, 77]
------------------------------------------------
Best fit used bin number: 3
Found best solution: 3 0.172

   Statrt add columnAndCut col: 3 cons: 0 cut: 0	0.25

	1 Start Add column using column generation  col: 3 cons: 0 cut: 0	0.25
			Start solve  LP :0.25
			End solve LP obj: 3.0 t: 0
	1 End Add column using column generation : 3.0 col: 3 cons: 0 cut: 0	0.25
   End add columnAndCut : 3.0 colGencnt: 1 price: 0 col: 3 cons: 0 cut: 0	0.25

Node lb: 3.0 ub: 3 : 0.25

Final Found Solution: 3 genNode: 1 extendedNode: 0:0.25
Bin size: 10000
1 : 850,783,756,726,672,576,522,510,432,418,406,391,380,360,308,232,216,200,176,168,120,114,110,72,33,24,21,18,8,8, : 9610
2 : 1120,1088,1085,1054,980,957,864,627,360,336,312,275,264,112,63,56,52, : 9605
3 : 1190,783,680,594,588,448,432,418,391,385,350,324,306,264,256,252,252,250,198,190,189,138,136,114,104,98,90,66,44,40,32,28,18, : 9648
----------------------- 1 ---------------------------
canvasWidth:100,
canvasHeight:100,
data:[{x:79,y:0,l:32,w:21},{x:61,y:0,l:29,w:18},{x:68,y:29,l:3,w:11},{x:62,y:29,l:3,w:6},{x:76,y:32,l:24,w:24},{x:75,y:32,l:24,w:1},{x:61,y:32,l:22,w:14},{x:92,y:56,l:29,w:8},{x:84,y:56,l:27,w:8},{x:84,y:83,l:1,w:8},{x:84,y:84,l:1,w:8},{x:62,y:56,l:19,w:22},{x:64,y:75,l:10,w:20},{x:27,y:0,l:25,w:34},{x:38,y:25,l:17,w:23},{x:27,y:25,l:16,w:11},{x:28,y:42,l:22,w:33},{x:42,y:64,l:20,w:19},{x:36,y:64,l:19,w:6},{x:28,y:64,l:15,w:8},{x:66,y:85,l:15,w:34},{x:37,y:85,l:14,w:29},{x:27,y:85,l:11,w:10},{x:30,y:96,l:3,w:7},{x:0,y:0,l:29,w:27},{x:0,y:29,l:28,w:27},{x:3,y:57,l:18,w:24},{x:3,y:75,l:15,w:24},{x:3,y:90,l:7,w:24},{x:3,y:97,l:3,w:24},],
----------------------- 2 ---------------------------
canvasWidth:100,
canvasHeight:100,
data:[{x:68,y:0,l:35,w:32},{x:40,y:0,l:35,w:28},{x:27,y:0,l:24,w:13},{x:16,y:0,l:24,w:11},{x:12,y:0,l:14,w:4},{x:15,y:24,l:11,w:25},{x:0,y:0,l:30,w:12},{x:66,y:35,l:32,w:34},{x:39,y:35,l:32,w:27},{x:36,y:35,l:21,w:3},{x:71,y:67,l:33,w:29},{x:37,y:67,l:31,w:34},{x:35,y:67,l:26,w:2},{x:0,y:35,l:31,w:35},{x:2,y:66,l:19,w:33},{x:11,y:85,l:14,w:24},{x:3,y:85,l:14,w:8},],
----------------------- 3 ---------------------------
canvasWidth:100,
canvasHeight:100,
data:[{x:91,y:0,l:28,w:9},{x:90,y:0,l:28,w:1},{x:90,y:28,l:25,w:10},{x:90,y:53,l:19,w:10},{x:63,y:0,l:29,w:27},{x:63,y:29,l:16,w:27},{x:35,y:0,l:16,w:28},{x:42,y:16,l:28,w:21},{x:34,y:16,l:4,w:8},{x:36,y:20,l:23,w:6},{x:34,y:20,l:20,w:2},{x:68,y:45,l:27,w:22},{x:56,y:45,l:27,w:12},{x:49,y:45,l:27,w:7},{x:34,y:45,l:6,w:15},{x:35,y:51,l:18,w:14},{x:81,y:72,l:22,w:19},{x:81,y:94,l:6,w:19},{x:46,y:72,l:11,w:35},{x:63,y:83,l:17,w:18},{x:45,y:83,l:1,w:18},{x:47,y:84,l:16,w:16},{x:34,y:72,l:24,w:11},{x:0,y:0,l:35,w:34},{x:0,y:35,l:20,w:34},{x:11,y:55,l:17,w:23},{x:12,y:72,l:3,w:22},{x:0,y:55,l:18,w:11},{x:20,y:75,l:25,w:14},{x:3,y:75,l:8,w:17},{x:6,y:83,l:7,w:14},{x:7,y:90,l:8,w:13},{x:0,y:83,l:11,w:4},],
