====================================== Class_08.2bp-36 =====================================
Reduced size: 80 usedBin: 0
[25, 29, 48, 57]
[6, 14, 54]
[5, 10, 65]
[12, 16, 46, 72, 79]
[4, 18, 63]
[0, 33]
[2, 20, 75]
[3, 49, 66]
[1, 67]
[8, 26, 60, 62]
[7, 37, 45, 70, 77]
[15, 24, 59, 64, 76]
[9, 31, 40]
[11, 23, 58, 71]
[27, 32, 38, 74, 78]
[13, 35, 43, 73]
[17, 19, 50]
[22, 34, 51]
[28, 30, 53]
[21, 41, 42]
[36, 44, 47, 55]
[39, 52, 56, 61, 68, 69]
------------------------------------------------
Best fit used bin number: 22
Found best solution: 22 0.25

   Statrt add columnAndCut col: 22 cons: 0 cut: 0	0.328

	1 Start Add column using column generation  col: 22 cons: 0 cut: 0	0.328
			Start solve  LP :0.328
			End solve LP obj: 22.0 t: 0
	1 End Add column using column generation : 22.0 col: 22 cons: 0 cut: 0	0.328
   End add columnAndCut : 22.0 colGencnt: 1 price: 0 col: 22 cons: 0 cut: 0	0.328

Node lb: 22.0 ub: 22 : 0.328

Final Found Solution: 22 genNode: 1 extendedNode: 0:0.328
Bin size: 10000
1 : 3200,3100,1800,1162, : 9262
2 : 4800,3723,1242, : 9765
3 : 5005,4005,702, : 9712
4 : 3895,3492,1980,297,34, : 9698
5 : 5170,3478,752, : 9400
6 : 5874,2805, : 8679
7 : 5525,3267,192, : 8984
8 : 5200,1716,684, : 7600
9 : 5822,639, : 6461
10 : 4608,3168,960,768, : 9504
11 : 4752,2470,2079,430,99, : 9830
12 : 3626,3201,1014,704,105, : 8650
13 : 4224,3040,2352, : 9616
14 : 3950,3230,1136,425, : 8741
15 : 3154,2944,2460,217,42, : 8817
16 : 3740,2639,2231,264, : 8874
17 : 3483,3293,1620, : 8396
18 : 3239,2664,1406, : 7309
19 : 3120,3040,1275, : 7435
20 : 3240,2324,2268, : 7832
21 : 2607,2184,1958,1241, : 7990
22 : 2430,1400,1200,946,504,450, : 6930
----------------------- 1 ---------------------------
canvasWidth:100,
canvasHeight:100,
data:[{x:0,y:0,l:32,w:100},{x:0,y:32,l:31,w:100},{x:0,y:63,l:18,w:100},{x:17,y:81,l:14,w:83},],
----------------------- 2 ---------------------------
canvasWidth:100,
canvasHeight:100,
data:[{x:0,y:0,l:48,w:100},{x:27,y:48,l:51,w:73},{x:0,y:48,l:46,w:27},],
----------------------- 3 ---------------------------
canvasWidth:100,
canvasHeight:100,
data:[{x:9,y:0,l:55,w:91},{x:11,y:55,l:45,w:89},{x:0,y:0,l:78,w:9},],
----------------------- 4 ---------------------------
canvasWidth:100,
canvasHeight:100,
data:[{x:1,y:0,l:3,w:99},{x:64,y:3,l:97,w:36},{x:23,y:3,l:95,w:41},{x:47,y:98,l:2,w:17},{x:1,y:3,l:90,w:22},],
----------------------- 5 ---------------------------
canvasWidth:100,
canvasHeight:100,
data:[{x:6,y:0,l:55,w:94},{x:6,y:55,l:37,w:94},{x:6,y:92,l:8,w:94},],
----------------------- 6 ---------------------------
canvasWidth:100,
canvasHeight:100,
data:[{x:11,y:0,l:66,w:89},{x:15,y:66,l:33,w:85},],
----------------------- 7 ---------------------------
canvasWidth:100,
canvasHeight:100,
data:[{x:1,y:0,l:33,w:99},{x:4,y:33,l:2,w:96},{x:15,y:35,l:65,w:85},],
----------------------- 8 ---------------------------
canvasWidth:100,
canvasHeight:100,
data:[{x:20,y:0,l:65,w:80},{x:24,y:65,l:9,w:76},{x:34,y:74,l:26,w:66},],
----------------------- 9 ---------------------------
canvasWidth:100,
canvasHeight:100,
data:[{x:29,y:0,l:82,w:71},{x:29,y:82,l:9,w:71},],
----------------------- 10 ---------------------------
canvasWidth:100,
canvasHeight:100,
data:[{x:4,y:0,l:48,w:96},{x:4,y:48,l:33,w:96},{x:4,y:81,l:10,w:96},{x:4,y:91,l:8,w:96},],
----------------------- 11 ---------------------------
canvasWidth:100,
canvasHeight:100,
data:[{x:99,y:0,l:99,w:1},{x:0,y:0,l:48,w:99},{x:0,y:48,l:21,w:99},{x:4,y:69,l:26,w:95},{x:13,y:95,l:5,w:86},],
----------------------- 12 ---------------------------
canvasWidth:100,
canvasHeight:100,
data:[{x:3,y:0,l:33,w:97},{x:26,y:33,l:49,w:74},{x:4,y:33,l:32,w:22},{x:22,y:82,l:13,w:78},{x:1,y:82,l:5,w:21},],
----------------------- 13 ---------------------------
canvasWidth:100,
canvasHeight:100,
data:[{x:2,y:0,l:24,w:98},{x:4,y:24,l:44,w:96},{x:5,y:68,l:32,w:95},],
----------------------- 14 ---------------------------
canvasWidth:100,
canvasHeight:100,
data:[{x:5,y:0,l:34,w:95},{x:21,y:34,l:50,w:79},{x:29,y:84,l:16,w:71},{x:0,y:0,l:85,w:5},],
----------------------- 15 ---------------------------
canvasWidth:100,
canvasHeight:100,
data:[{x:8,y:0,l:32,w:92},{x:17,y:32,l:38,w:83},{x:10,y:32,l:31,w:7},{x:10,y:63,l:6,w:7},{x:18,y:70,l:30,w:82},],
----------------------- 16 ---------------------------
canvasWidth:100,
canvasHeight:100,
data:[{x:3,y:0,l:23,w:97},{x:9,y:23,l:29,w:91},{x:12,y:52,l:3,w:88},{x:15,y:55,l:44,w:85},],
----------------------- 17 ---------------------------
canvasWidth:100,
canvasHeight:100,
data:[{x:11,y:0,l:37,w:89},{x:19,y:37,l:43,w:81},{x:19,y:80,l:20,w:81},],
----------------------- 18 ---------------------------
canvasWidth:100,
canvasHeight:100,
data:[{x:21,y:0,l:41,w:79},{x:26,y:41,l:36,w:74},{x:26,y:77,l:19,w:74},],
----------------------- 19 ---------------------------
canvasWidth:100,
canvasHeight:100,
data:[{x:20,y:0,l:39,w:80},{x:20,y:39,l:38,w:80},{x:25,y:77,l:17,w:75},],
----------------------- 20 ---------------------------
canvasWidth:100,
canvasHeight:100,
data:[{x:16,y:0,l:27,w:84},{x:17,y:27,l:28,w:83},{x:28,y:55,l:45,w:72},],
----------------------- 21 ---------------------------
canvasWidth:100,
canvasHeight:100,
data:[{x:11,y:0,l:22,w:89},{x:16,y:22,l:26,w:84},{x:21,y:48,l:33,w:79},{x:27,y:81,l:17,w:73},],
----------------------- 22 ---------------------------
canvasWidth:100,
canvasHeight:100,
data:[{x:10,y:0,l:27,w:90},{x:14,y:27,l:11,w:86},{x:20,y:38,l:15,w:80},{x:28,y:53,l:7,w:72},{x:50,y:60,l:28,w:50},{x:32,y:60,l:25,w:18},],
