====================================== Class_10.2bp-22 =====================================
Reduced size: 60 usedBin: 0
[3, 20, 21, 42, 59]
[10, 14, 16, 25, 33, 35]
[0, 50, 52]
[8, 11, 28, 29, 45, 53, 57, 58]
[5, 15, 27, 47]
[2, 12, 49]
[6, 17, 32, 37, 43, 44, 55, 56]
[9, 13, 19, 22, 26, 51, 54]
[4, 30, 31, 39, 48]
[7, 18, 23, 34, 36, 38, 46]
[1, 24, 40, 41]
------------------------------------------------
Best fit used bin number: 11
Found best solution: 11 0.266

   Statrt add columnAndCut col: 11 cons: 0 cut: 0	0.344

	1 Start Add column using column generation  col: 11 cons: 0 cut: 0	0.344
			Start solve  LP :0.344
			End solve LP obj: 11.0 t: 0
	1 End Add column using column generation : 11.0 col: 11 cons: 0 cut: 0	0.344
   End add columnAndCut : 11.0 colGencnt: 1 price: 0 col: 11 cons: 0 cut: 0	0.344

Node lb: 11.0 ub: 11 : 0.344

Final Found Solution: 11 genNode: 1 extendedNode: 0:0.344
Bin size: 10000
1 : 6006,1407,1368,504,20, : 9305
2 : 3201,1890,1665,1260,840,770, : 9626
3 : 8742,273,245, : 9260
4 : 3774,2728,1175,1152,480,225,47,35, : 9616
5 : 5376,1833,1258,455, : 8922
6 : 7029,1980,336, : 9345
7 : 4543,1600,940,620,504,486,132,70, : 8895
8 : 3290,1960,1470,1344,1260,256,174, : 9754
9 : 5916,1044,980,588,374, : 8902
10 : 3922,1518,1334,799,629,600,468, : 9270
11 : 7290,1311,558,539, : 9698
----------------------- 1 ---------------------------
canvasWidth:100,
canvasHeight:100,
data:[{x:23,y:0,l:78,w:77},{x:2,y:0,l:67,w:21},{x:76,y:78,l:21,w:24},{x:80,y:99,l:1,w:20},{x:0,y:78,l:18,w:76},],
----------------------- 2 ---------------------------
canvasWidth:100,
canvasHeight:100,
data:[{x:76,y:0,l:35,w:24},{x:54,y:0,l:35,w:22},{x:55,y:35,l:37,w:45},{x:55,y:72,l:28,w:45},{x:21,y:0,l:97,w:33},{x:0,y:0,l:90,w:21},],
----------------------- 3 ---------------------------
canvasWidth:100,
canvasHeight:100,
data:[{x:6,y:0,l:93,w:94},{x:61,y:93,l:7,w:39},{x:26,y:93,l:7,w:35},],
----------------------- 4 ---------------------------
canvasWidth:100,
canvasHeight:100,
data:[{x:69,y:0,l:88,w:31},{x:75,y:88,l:9,w:25},{x:70,y:88,l:7,w:5},{x:18,y:0,l:74,w:51},{x:2,y:0,l:72,w:16},{x:22,y:74,l:25,w:47},{x:22,y:99,l:1,w:47},{x:2,y:74,l:24,w:20},],
----------------------- 5 ---------------------------
canvasWidth:100,
canvasHeight:100,
data:[{x:61,y:0,l:47,w:39},{x:63,y:47,l:34,w:37},{x:65,y:81,l:13,w:35},{x:5,y:0,l:96,w:56},],
----------------------- 6 ---------------------------
canvasWidth:100,
canvasHeight:100,
data:[{x:29,y:0,l:99,w:71},{x:9,y:0,l:99,w:20},{x:1,y:0,l:42,w:8},],
----------------------- 7 ---------------------------
canvasWidth:100,
canvasHeight:100,
data:[{x:41,y:0,l:77,w:59},{x:53,y:77,l:20,w:47},{x:0,y:0,l:40,w:40},{x:9,y:40,l:20,w:31},{x:2,y:40,l:10,w:7},{x:13,y:60,l:18,w:27},{x:1,y:60,l:11,w:12},{x:12,y:82,l:18,w:28},],
----------------------- 8 ---------------------------
canvasWidth:100,
canvasHeight:100,
data:[{x:16,y:0,l:16,w:84},{x:0,y:0,l:16,w:16},{x:6,y:16,l:35,w:94},{x:0,y:16,l:29,w:6},{x:60,y:51,l:49,w:40},{x:30,y:51,l:49,w:30},{x:0,y:51,l:42,w:30},],
----------------------- 9 ---------------------------
canvasWidth:100,
canvasHeight:100,
data:[{x:13,y:0,l:68,w:87},{x:2,y:0,l:34,w:11},{x:64,y:68,l:29,w:36},{x:29,y:68,l:28,w:35},{x:0,y:68,l:21,w:28},],
----------------------- 10 ---------------------------
canvasWidth:100,
canvasHeight:100,
data:[{x:67,y:0,l:46,w:33},{x:20,y:0,l:17,w:47},{x:21,y:17,l:29,w:46},{x:26,y:47,l:53,w:74},{x:0,y:0,l:30,w:20},{x:2,y:30,l:26,w:18},{x:3,y:56,l:37,w:17},],
----------------------- 11 ---------------------------
canvasWidth:100,
canvasHeight:100,
data:[{x:31,y:0,l:19,w:69},{x:0,y:0,l:18,w:31},{x:10,y:19,l:81,w:90},{x:3,y:19,l:77,w:7},],
