====================================== Class_03.2bp-36 =====================================
Reduced size: 80 usedBin: 0
[19, 21, 43, 53, 79]
[12, 29, 32, 72, 76]
[4, 20, 64, 68, 77]
[27, 30, 44, 52, 57]
[5, 28, 60, 70]
[23, 26, 38, 63]
[1, 47, 48, 75]
[9, 14]
[2, 41, 66, 78]
[13, 33, 46, 59]
[6, 39, 42, 73, 74]
[0, 54, 61]
[7, 16, 55]
[10, 35, 37, 56]
[17, 22, 65]
[8, 34, 50, 62]
[11, 25, 40, 71]
[18, 24, 45]
[15, 31, 36, 67, 69]
[3, 49, 51, 58]
------------------------------------------------
Best fit used bin number: 20
Found best solution: 20 0.281

   Statrt add columnAndCut col: 20 cons: 0 cut: 0	0.375

	1 Start Add column using column generation  col: 20 cons: 0 cut: 0	0.375
			Start solve  LP :0.375
			End solve LP obj: 20.0 t: 15
	1 End Add column using column generation : 20.0 col: 20 cons: 0 cut: 0	0.39
   End add columnAndCut : 20.0 colGencnt: 1 price: 0 col: 20 cons: 0 cut: 0	0.39

Node lb: 20.0 ub: 20 : 0.39

Final Found Solution: 20 genNode: 1 extendedNode: 0:0.39
Bin size: 1600
1 : 570,546,280,190,12, : 1598
2 : 624,442,405,42,30, : 1543
3 : 770,558,117,80,20, : 1545
4 : 464,432,275,198,165, : 1534
5 : 768,450,150,48, : 1416
6 : 484,468,340,120, : 1412
7 : 992,252,238,34, : 1516
8 : 640,620, : 1260
9 : 945,310,99,18, : 1372
10 : 621,391,256,154, : 1422
11 : 754,336,306,40,38, : 1474
12 : 1225,175,140, : 1540
13 : 713,595,168, : 1476
14 : 630,361,342,168, : 1501
15 : 589,527,104, : 1220
16 : 660,368,224,126, : 1378
17 : 627,475,315,46, : 1463
18 : 576,480,273, : 1329
19 : 598,416,357,84,75, : 1530
20 : 918,231,204,155, : 1508
----------------------- 1 ---------------------------
canvasWidth:40,
canvasHeight:40,
data:[{x:10,y:0,l:19,w:30},{x:0,y:0,l:19,w:10},{x:14,y:19,l:21,w:26},{x:0,y:19,l:20,w:14},{x:2,y:39,l:1,w:12},],
----------------------- 2 ---------------------------
canvasWidth:40,
canvasHeight:40,
data:[{x:6,y:0,l:13,w:34},{x:0,y:0,l:7,w:6},{x:1,y:7,l:6,w:5},{x:25,y:13,l:27,w:15},{x:1,y:13,l:26,w:24},],
----------------------- 3 ---------------------------
canvasWidth:40,
canvasHeight:40,
data:[{x:5,y:0,l:22,w:35},{x:1,y:0,l:20,w:4},{x:9,y:22,l:18,w:31},{x:0,y:22,l:13,w:9},{x:4,y:35,l:4,w:5},],
----------------------- 4 ---------------------------
canvasWidth:40,
canvasHeight:40,
data:[{x:15,y:0,l:11,w:25},{x:0,y:0,l:11,w:15},{x:24,y:11,l:29,w:16},{x:0,y:11,l:18,w:24},{x:6,y:29,l:11,w:18},],
----------------------- 5 ---------------------------
canvasWidth:40,
canvasHeight:40,
data:[{x:8,y:0,l:24,w:32},{x:10,y:24,l:15,w:30},{x:2,y:0,l:25,w:6},{x:0,y:0,l:24,w:2},],
----------------------- 6 ---------------------------
canvasWidth:40,
canvasHeight:40,
data:[{x:18,y:0,l:22,w:22},{x:1,y:0,l:20,w:17},{x:14,y:22,l:18,w:26},{x:4,y:22,l:12,w:10},],
----------------------- 7 ---------------------------
canvasWidth:40,
canvasHeight:40,
data:[{x:8,y:0,l:31,w:32},{x:12,y:31,l:9,w:28},{x:1,y:0,l:34,w:7},{x:0,y:0,l:34,w:1},],
----------------------- 8 ---------------------------
canvasWidth:40,
canvasHeight:40,
data:[{x:20,y:0,l:32,w:20},{x:0,y:0,l:31,w:20},],
----------------------- 9 ---------------------------
canvasWidth:40,
canvasHeight:40,
data:[{x:13,y:0,l:35,w:27},{x:2,y:0,l:9,w:11},{x:0,y:0,l:9,w:2},{x:3,y:9,l:31,w:10},],
----------------------- 10 ---------------------------
canvasWidth:40,
canvasHeight:40,
data:[{x:17,y:0,l:17,w:23},{x:1,y:0,l:16,w:16},{x:13,y:17,l:23,w:27},{x:6,y:17,l:22,w:7},],
----------------------- 11 ---------------------------
canvasWidth:40,
canvasHeight:40,
data:[{x:11,y:0,l:26,w:29},{x:12,y:26,l:12,w:28},{x:21,y:38,l:2,w:19},{x:1,y:0,l:4,w:10},{x:2,y:4,l:34,w:9},],
----------------------- 12 ---------------------------
canvasWidth:40,
canvasHeight:40,
data:[{x:5,y:0,l:35,w:35},{x:5,y:35,l:5,w:35},{x:1,y:0,l:35,w:4},],
----------------------- 13 ---------------------------
canvasWidth:40,
canvasHeight:40,
data:[{x:9,y:0,l:23,w:31},{x:1,y:0,l:21,w:8},{x:5,y:23,l:17,w:35},],
----------------------- 14 ---------------------------
canvasWidth:40,
canvasHeight:40,
data:[{x:10,y:0,l:21,w:30},{x:2,y:0,l:21,w:8},{x:21,y:21,l:19,w:19},{x:2,y:21,l:18,w:19},],
----------------------- 15 ---------------------------
canvasWidth:40,
canvasHeight:40,
data:[{x:21,y:0,l:31,w:19},{x:4,y:0,l:31,w:17},{x:0,y:0,l:26,w:4},],
----------------------- 16 ---------------------------
canvasWidth:40,
canvasHeight:40,
data:[{x:24,y:0,l:23,w:16},{x:24,y:23,l:14,w:16},{x:2,y:0,l:30,w:22},{x:3,y:30,l:6,w:21},],
----------------------- 17 ---------------------------
canvasWidth:40,
canvasHeight:40,
data:[{x:25,y:0,l:21,w:15},{x:0,y:0,l:19,w:25},{x:2,y:19,l:2,w:23},{x:7,y:21,l:19,w:33},],
----------------------- 18 ---------------------------
canvasWidth:40,
canvasHeight:40,
data:[{x:16,y:0,l:24,w:24},{x:19,y:24,l:13,w:21},{x:0,y:0,l:30,w:16},],
----------------------- 19 ---------------------------
canvasWidth:40,
canvasHeight:40,
data:[{x:17,y:0,l:26,w:23},{x:0,y:0,l:21,w:17},{x:2,y:21,l:5,w:15},{x:8,y:26,l:13,w:32},{x:1,y:26,l:12,w:7},],
----------------------- 20 ---------------------------
canvasWidth:40,
canvasHeight:40,
data:[{x:13,y:0,l:34,w:27},{x:7,y:0,l:34,w:6},{x:0,y:0,l:33,w:7},{x:9,y:35,l:5,w:31},],
