====================================== Class_06.2bp-42 =====================================
Reduced size: 100 usedBin: 0
[0, 2, 3, 4, 6, 9, 11, 13, 25, 26, 28, 30, 31, 33, 34, 38, 43, 45, 46, 56, 59, 65, 67, 68, 70, 72, 73, 77, 83, 87, 88, 91, 92, 96]
[1, 5, 7, 8, 10, 12, 14, 15, 16, 18, 20, 21, 29, 32, 37, 39, 42, 44, 52, 64, 66, 69, 71, 75, 80, 81, 82, 84, 85, 93, 98, 99]
[17, 19, 22, 23, 24, 27, 35, 36, 40, 41, 47, 48, 49, 50, 51, 53, 54, 55, 57, 58, 60, 61, 62, 63, 74, 76, 78, 79, 86, 89, 90, 94, 95, 97]
------------------------------------------------
Best fit used bin number: 3
Found best solution: 3 0.266

   Statrt add columnAndCut col: 3 cons: 0 cut: 0	0.329

	1 Start Add column using column generation  col: 3 cons: 0 cut: 0	0.329
			Start solve  LP :0.344
			End solve LP obj: 3.0 t: 0
	1 End Add column using column generation : 3.0 col: 3 cons: 0 cut: 0	0.344
   End add columnAndCut : 3.0 colGencnt: 1 price: 0 col: 3 cons: 0 cut: 0	0.344

Node lb: 3.0 ub: 3 : 0.344

Final Found Solution: 3 genNode: 1 extendedNode: 0:0.344
Bin size: 90000
1 : 7488,7100,6674,6600,5734,5175,5049,4950,3315,3280,2886,2754,2688,2646,2553,2048,1860,1785,1716,1358,1274,912,700,700,682,624,616,470,279,190,182,126,114,78, : 84606
2 : 7387,6231,5688,5225,5162,4959,4950,4940,4770,4644,4400,4371,2800,2655,2162,2028,1860,1848,1500,979,812,700,660,581,336,324,312,264,232,114,46,26, : 82966
3 : 4656,4452,4216,3920,3760,3045,2400,2175,2024,1998,1702,1584,1551,1540,1500,1426,1404,1368,1323,1302,1148,1120,1053,1029,600,494,456,413,231,168,150,112,105,60, : 54485
----------------------- 1 ---------------------------
canvasWidth:300,
canvasHeight:300,
data:[{x:206,y:0,l:71,w:94},{x:206,y:71,l:61,w:94},{x:212,y:132,l:75,w:88},{x:206,y:132,l:19,w:6},{x:206,y:151,l:13,w:6},{x:207,y:164,l:38,w:5},{x:207,y:207,l:20,w:93},{x:131,y:0,l:69,w:75},{x:135,y:69,l:100,w:71},{x:158,y:169,l:56,w:48},{x:132,y:169,l:49,w:26},{x:80,y:0,l:99,w:51},{x:80,y:99,l:35,w:51},{x:81,y:134,l:14,w:50},{x:43,y:0,l:69,w:37},{x:1,y:0,l:63,w:42},{x:39,y:69,l:80,w:41},{x:7,y:69,l:64,w:32},{x:30,y:133,l:14,w:9},{x:35,y:149,l:78,w:96},{x:13,y:149,l:78,w:22},{x:235,y:227,l:51,w:65},{x:181,y:227,l:51,w:54},{x:82,y:227,l:50,w:99},{x:4,y:227,l:37,w:78},{x:4,y:264,l:8,w:78},{x:269,y:278,l:22,w:31},{x:241,y:278,l:22,w:28},{x:193,y:278,l:19,w:48},{x:96,y:278,l:14,w:97},{x:100,y:292,l:3,w:93},{x:102,y:295,l:2,w:91},{x:2,y:278,l:5,w:94},{x:26,y:283,l:10,w:70},],
----------------------- 2 ---------------------------
canvasWidth:300,
canvasHeight:300,
data:[{x:211,y:0,l:58,w:89},{x:123,y:0,l:50,w:88},{x:128,y:50,l:7,w:83},{x:117,y:0,l:54,w:6},{x:87,y:0,l:50,w:30},{x:246,y:58,l:86,w:54},{x:248,y:144,l:95,w:52},{x:255,y:239,l:59,w:45},{x:191,y:58,l:90,w:55},{x:207,y:148,l:52,w:39},{x:193,y:148,l:50,w:14},{x:144,y:58,l:93,w:47},{x:91,y:58,l:90,w:53},{x:88,y:58,l:88,w:3},{x:97,y:151,l:23,w:94},{x:95,y:151,l:23,w:2},{x:89,y:151,l:19,w:6},{x:131,y:174,l:31,w:60},{x:103,y:174,l:29,w:28},{x:118,y:203,l:2,w:13},{x:191,y:205,l:95,w:55},{x:119,y:205,l:79,w:72},{x:125,y:284,l:10,w:66},{x:133,y:294,l:4,w:58},{x:98,y:205,l:88,w:21},{x:0,y:0,l:57,w:87},{x:4,y:57,l:89,w:83},{x:0,y:57,l:78,w:4},{x:20,y:146,l:93,w:67},{x:31,y:239,l:50,w:56},{x:39,y:289,l:7,w:48},{x:0,y:146,l:89,w:11},],
----------------------- 3 ---------------------------
canvasWidth:300,
canvasHeight:300,
data:[{x:252,y:0,l:97,w:48},{x:205,y:0,l:80,w:47},{x:245,y:80,l:16,w:7},{x:205,y:80,l:15,w:40},{x:152,y:0,l:84,w:53},{x:167,y:84,l:13,w:38},{x:138,y:0,l:93,w:14},{x:125,y:0,l:81,w:13},{x:128,y:81,l:15,w:10},{x:90,y:0,l:87,w:35},{x:22,y:0,l:62,w:68},{x:46,y:62,l:35,w:44},{x:220,y:97,l:49,w:80},{x:250,y:146,l:48,w:50},{x:222,y:146,l:41,w:28},{x:220,y:146,l:30,w:2},{x:235,y:187,l:7,w:15},{x:256,y:194,l:36,w:44},{x:221,y:194,l:32,w:35},{x:243,y:230,l:24,w:57},{x:236,y:230,l:24,w:7},{x:256,y:254,l:46,w:44},{x:200,y:97,l:75,w:20},{x:153,y:97,l:33,w:47},{x:76,y:97,l:3,w:77},{x:78,y:100,l:29,w:75},{x:0,y:97,l:27,w:74},{x:146,y:130,l:26,w:54},{x:72,y:130,l:23,w:74},{x:23,y:130,l:21,w:49},{x:154,y:156,l:31,w:46},{x:91,y:156,l:21,w:63},{x:95,y:177,l:7,w:59},{x:34,y:156,l:8,w:57},],
