====================================== Class_07.2bp-15 =====================================
Reduced size: 40 usedBin: 0
[4, 9, 22]
[10, 11, 21, 32]
[13, 23, 25, 27, 29]
[3, 7, 31]
[12, 17, 20]
[2, 16, 30, 36, 39]
[0, 34, 37]
[5, 18, 28, 33]
[6, 19, 24]
[8, 14, 26, 35, 38]
[1, 15]
------------------------------------------------
Best fit used bin number: 11
Found best solution: 11 0.141

   Statrt add columnAndCut col: 11 cons: 0 cut: 0	0.204

	1 Start Add column using column generation  col: 11 cons: 0 cut: 0	0.204
			Start solve  LP :0.204
			End solve LP obj: 11.0 t: 0
	1 End Add column using column generation : 11.0 col: 11 cons: 0 cut: 0	0.204
   End add columnAndCut : 11.0 colGencnt: 1 price: 0 col: 11 cons: 0 cut: 0	0.204

Node lb: 11.0 ub: 11 : 0.204

Final Found Solution: 11 genNode: 1 extendedNode: 0:0.204
Bin size: 10000
1 : 3900,3168,2059, : 9127
2 : 3082,3038,2208,858, : 9186
3 : 2871,1925,1633,1386,1216, : 9031
4 : 4028,3564,888, : 8480
5 : 3034,2580,2432, : 8046
6 : 4576,2706,1064,445,40, : 8831
7 : 8004,720,348, : 9072
8 : 3825,2475,1260,748, : 8308
9 : 3750,2450,1650, : 7850
10 : 3200,2838,1602,686,186, : 8512
11 : 6435,2706, : 9141
----------------------- 1 ---------------------------
canvasWidth:100,
canvasHeight:100,
data:[{x:61,y:0,l:100,w:39},{x:29,y:0,l:99,w:32},{x:0,y:0,l:71,w:29},],
----------------------- 2 ---------------------------
canvasWidth:100,
canvasHeight:100,
data:[{x:2,y:0,l:31,w:98},{x:68,y:31,l:69,w:32},{x:22,y:31,l:67,w:46},{x:9,y:31,l:66,w:13},],
----------------------- 3 ---------------------------
canvasWidth:100,
canvasHeight:100,
data:[{x:34,y:0,l:21,w:66},{x:75,y:21,l:77,w:25},{x:59,y:21,l:76,w:16},{x:36,y:21,l:71,w:23},{x:1,y:0,l:87,w:33},],
----------------------- 4 ---------------------------
canvasWidth:100,
canvasHeight:100,
data:[{x:24,y:0,l:53,w:76},{x:0,y:0,l:37,w:24},{x:19,y:56,l:44,w:81},],
----------------------- 5 ---------------------------
canvasWidth:100,
canvasHeight:100,
data:[{x:70,y:0,l:86,w:30},{x:32,y:0,l:82,w:37},{x:0,y:0,l:76,w:32},],
----------------------- 6 ---------------------------
canvasWidth:100,
canvasHeight:100,
data:[{x:11,y:0,l:5,w:89},{x:1,y:0,l:4,w:10},{x:12,y:5,l:52,w:88},{x:34,y:57,l:41,w:66},{x:6,y:57,l:38,w:28},],
----------------------- 7 ---------------------------
canvasWidth:100,
canvasHeight:100,
data:[{x:13,y:0,l:92,w:87},{x:9,y:0,l:87,w:4},{x:0,y:0,l:80,w:9},],
----------------------- 8 ---------------------------
canvasWidth:100,
canvasHeight:100,
data:[{x:75,y:0,l:99,w:25},{x:61,y:0,l:90,w:14},{x:16,y:0,l:85,w:45},{x:5,y:0,l:68,w:11},],
----------------------- 9 ---------------------------
canvasWidth:100,
canvasHeight:100,
data:[{x:25,y:0,l:50,w:75},{x:30,y:50,l:35,w:70},{x:0,y:0,l:66,w:25},],
----------------------- 10 ---------------------------
canvasWidth:100,
canvasHeight:100,
data:[{x:93,y:0,l:98,w:7},{x:91,y:0,l:93,w:2},{x:73,y:0,l:89,w:18},{x:40,y:0,l:86,w:33},{x:0,y:0,l:80,w:40},],
----------------------- 11 ---------------------------
canvasWidth:100,
canvasHeight:100,
data:[{x:35,y:0,l:99,w:65},{x:2,y:0,l:82,w:33},],
