====================================== Class_06.2bp-37 =====================================
Reduced size: 80 usedBin: 0
[0, 5, 7, 12, 13, 16, 18, 19, 20, 24, 26, 30, 33, 35, 38, 45, 46, 48, 49, 51, 55, 60, 62, 64, 65, 69, 70, 71, 74, 77, 79]
[1, 2, 3, 4, 6, 8, 9, 10, 14, 21, 36, 43, 44, 52, 53, 57, 63, 72, 76, 78]
[11, 15, 17, 22, 23, 25, 27, 28, 29, 31, 32, 34, 37, 39, 40, 41, 42, 47, 50, 54, 56, 58, 59, 61, 66, 67, 68, 73, 75]
------------------------------------------------
Best fit used bin number: 3
Found best solution: 3 0.125

   Statrt add columnAndCut col: 3 cons: 0 cut: 0	0.188

	1 Start Add column using column generation  col: 3 cons: 0 cut: 0	0.188
			Start solve  LP :0.188
			End solve LP obj: 3.0 t: 0
	1 End Add column using column generation : 3.0 col: 3 cons: 0 cut: 0	0.188
   End add columnAndCut : 3.0 colGencnt: 1 price: 0 col: 3 cons: 0 cut: 0	0.188

Node lb: 3.0 ub: 3 : 0.188

Final Found Solution: 3 genNode: 1 extendedNode: 0:0.188
Bin size: 90000
1 : 9500,7722,6930,5985,5520,4720,4692,4264,3936,3294,3168,2968,2688,2548,2379,1911,1826,1500,1485,1395,1056,795,741,612,434,330,270,237,152,102,22, : 83182
2 : 9000,8730,8712,8352,7626,6790,6474,6232,5472,3520,2546,1950,1936,1368,1292,901,697,231,128,46, : 82003
3 : 6006,4982,4712,3388,3348,3283,3159,3120,3055,2967,2840,2660,2479,2139,2088,2077,2040,1725,1458,1105,903,840,798,777,429,406,370,217,136, : 63507
----------------------- 1 ---------------------------
canvasWidth:300,
canvasHeight:300,
data:[{x:268,y:0,l:84,w:32},{x:246,y:0,l:83,w:22},{x:246,y:83,l:1,w:22},{x:246,y:84,l:61,w:54},{x:248,y:145,l:82,w:52},{x:252,y:227,l:22,w:48},{x:169,y:0,l:90,w:77},{x:74,y:0,l:63,w:95},{x:114,y:63,l:27,w:55},{x:75,y:63,l:19,w:39},{x:6,y:0,l:9,w:68},{x:15,y:9,l:80,w:59},{x:12,y:9,l:79,w:3},{x:168,y:90,l:99,w:78},{x:207,y:189,l:61,w:39},{x:177,y:189,l:50,w:30},{x:168,y:189,l:30,w:9},{x:73,y:90,l:100,w:95},{x:115,y:190,l:56,w:53},{x:109,y:190,l:55,w:6},{x:78,y:190,l:45,w:31},{x:4,y:90,l:68,w:69},{x:13,y:159,l:92,w:60},{x:248,y:251,l:49,w:52},{x:209,y:251,l:49,w:39},{x:113,y:251,l:41,w:96},{x:190,y:292,l:8,w:19},{x:128,y:292,l:7,w:62},{x:14,y:251,l:32,w:99},{x:60,y:283,l:15,w:53},{x:62,y:298,l:2,w:51},],
----------------------- 2 ---------------------------
canvasWidth:300,
canvasHeight:300,
data:[{x:218,y:0,l:93,w:82},{x:121,y:0,l:90,w:97},{x:22,y:0,l:88,w:99},{x:1,y:0,l:11,w:21},{x:4,y:11,l:76,w:18},{x:204,y:93,l:87,w:96},{x:204,y:180,l:57,w:96},{x:220,y:237,l:44,w:80},{x:232,y:281,l:19,w:68},{x:107,y:93,l:70,w:97},{x:90,y:93,l:53,w:17},{x:91,y:146,l:8,w:16},{x:128,y:163,l:82,w:76},{x:103,y:163,l:78,w:25},{x:105,y:241,l:2,w:23},{x:137,y:245,l:38,w:67},{x:163,y:283,l:17,w:41},{x:93,y:245,l:44,w:44},{x:0,y:93,l:100,w:90},{x:12,y:193,l:83,w:78},],
----------------------- 3 ---------------------------
canvasWidth:300,
canvasHeight:300,
data:[{x:223,y:0,l:78,w:77},{x:183,y:0,l:71,w:40},{x:192,y:71,l:7,w:31},{x:121,y:0,l:76,w:62},{x:86,y:0,l:76,w:35},{x:63,y:0,l:75,w:23},{x:33,y:0,l:68,w:30},{x:31,y:0,l:68,w:2},{x:0,y:0,l:67,w:31},{x:206,y:78,l:53,w:94},{x:231,y:131,l:43,w:69},{x:210,y:131,l:43,w:21},{x:238,y:174,l:54,w:62},{x:211,y:174,l:54,w:27},{x:233,y:228,l:49,w:67},{x:263,y:277,l:21,w:37},{x:212,y:228,l:38,w:21},{x:169,y:78,l:67,w:37},{x:177,y:145,l:72,w:29},{x:189,y:217,l:65,w:17},{x:170,y:145,l:58,w:7},{x:172,y:203,l:74,w:5},{x:92,y:78,l:44,w:77},{x:11,y:78,l:39,w:81},{x:0,y:78,l:39,w:11},{x:100,y:122,l:31,w:69},{x:72,y:122,l:30,w:28},{x:104,y:153,l:47,w:65},{x:104,y:200,l:48,w:65},],
