====================================== Class_08.2bp-48 =====================================
Reduced size: 100 usedBin: 0
[3, 76, 92]
[26, 30, 44, 70]
[27, 36, 54, 75]
[13, 33, 63, 95]
[7, 58, 67, 68, 90]
[45, 49, 55, 56, 87, 98]
[50, 57, 65, 74, 82, 84, 86]
[9, 35, 42, 91]
[2, 81, 85, 99]
[16, 17, 78]
[6, 51, 72]
[5, 40, 83]
[18, 29, 59]
[20, 22, 73]
[0, 89, 93, 97]
[23, 32, 43]
[1, 71]
[10, 12, 96]
[15, 19, 66]
[21, 41, 61]
[8, 11]
[25, 34, 62, 69, 80, 94]
[14, 38, 53]
[37, 46, 47, 52, 88]
[24, 39, 60, 64, 79]
[4, 77]
[28, 31, 48]
------------------------------------------------
Best fit used bin number: 27
Found best solution: 27 0.172

   Statrt add columnAndCut col: 27 cons: 0 cut: 0	0.25

	1 Start Add column using column generation  col: 27 cons: 0 cut: 0	0.25
			Start solve  LP :0.25
			End solve LP obj: 27.0 t: 16
	1 End Add column using column generation : 27.0 col: 27 cons: 0 cut: 0	0.266
   End add columnAndCut : 27.0 colGencnt: 1 price: 0 col: 27 cons: 0 cut: 0	0.266

Node lb: 27.0 ub: 27 : 0.266

Final Found Solution: 27 genNode: 1 extendedNode: 0:0.266
Bin size: 10000
1 : 7663,847,249, : 8759
2 : 3128,2970,2156,1050, : 9304
3 : 3036,2635,1804,851, : 8326
4 : 3984,2844,1392,176, : 8396
5 : 4850,1628,1120,1105,357, : 9060
6 : 2136,1936,1775,1748,408,69, : 8072
7 : 1932,1680,1242,910,609,567,435, : 7375
8 : 4324,2744,2277,279, : 9624
9 : 8463,623,518,63, : 9667
10 : 3906,3900,728, : 8534
11 : 5478,1925,1000, : 8403
12 : 6106,2436,603, : 9145
13 : 3680,3016,1628, : 8324
14 : 3600,3440,948, : 7988
15 : 9118,390,216,81, : 9805
16 : 3220,2848,2178, : 8246
17 : 8624,1032, : 9656
18 : 4312,4165,156, : 8633
19 : 3915,3655,1200, : 8770
20 : 3526,2278,1491, : 7295
21 : 4655,4176, : 8831
22 : 3159,2812,1449,1067,672,213, : 9372
23 : 3977,2592,1890, : 8459
24 : 2632,2130,2070,1890,402, : 9124
25 : 3168,2528,1580,1292,680, : 9248
26 : 7134,748, : 7882
27 : 3036,2940,2070, : 8046
----------------------- 1 ---------------------------
canvasWidth:100,
canvasHeight:100,
data:[{x:17,y:0,l:3,w:83},{x:21,y:3,l:97,w:79},{x:0,y:0,l:77,w:11},],
----------------------- 2 ---------------------------
canvasWidth:100,
canvasHeight:100,
data:[{x:1,y:0,l:30,w:99},{x:2,y:30,l:22,w:98},{x:8,y:52,l:34,w:92},{x:25,y:86,l:14,w:75},],
----------------------- 3 ---------------------------
canvasWidth:100,
canvasHeight:100,
data:[{x:15,y:0,l:31,w:85},{x:56,y:31,l:69,w:44},{x:15,y:31,l:44,w:41},{x:19,y:75,l:23,w:37},],
----------------------- 4 ---------------------------
canvasWidth:100,
canvasHeight:100,
data:[{x:13,y:0,l:16,w:87},{x:2,y:0,l:16,w:11},{x:17,y:16,l:48,w:83},{x:21,y:64,l:36,w:79},],
----------------------- 5 ---------------------------
canvasWidth:100,
canvasHeight:100,
data:[{x:3,y:0,l:50,w:97},{x:26,y:50,l:22,w:74},{x:5,y:50,l:17,w:21},{x:15,y:72,l:13,w:85},{x:20,y:85,l:14,w:80},],
----------------------- 6 ---------------------------
canvasWidth:100,
canvasHeight:100,
data:[{x:11,y:0,l:24,w:89},{x:77,y:24,l:76,w:23},{x:6,y:24,l:25,w:71},{x:3,y:24,l:23,w:3},{x:9,y:49,l:6,w:68},{x:33,y:55,l:44,w:44},],
----------------------- 7 ---------------------------
canvasWidth:100,
canvasHeight:100,
data:[{x:31,y:0,l:18,w:69},{x:2,y:0,l:15,w:29},{x:13,y:18,l:7,w:87},{x:16,y:25,l:20,w:84},{x:19,y:45,l:7,w:81},{x:54,y:52,l:42,w:46},{x:19,y:52,l:26,w:35},],
----------------------- 8 ---------------------------
canvasWidth:100,
canvasHeight:100,
data:[{x:2,y:0,l:28,w:98},{x:1,y:28,l:23,w:99},{x:6,y:51,l:46,w:94},{x:7,y:97,l:3,w:93},],
----------------------- 9 ---------------------------
canvasWidth:100,
canvasHeight:100,
data:[{x:9,y:0,l:93,w:91},{x:26,y:93,l:7,w:74},{x:2,y:0,l:89,w:7},{x:2,y:89,l:9,w:7},],
----------------------- 10 ---------------------------
canvasWidth:100,
canvasHeight:100,
data:[{x:7,y:0,l:42,w:93},{x:9,y:42,l:8,w:91},{x:22,y:50,l:50,w:78},],
----------------------- 11 ---------------------------
canvasWidth:100,
canvasHeight:100,
data:[{x:0,y:0,l:10,w:100},{x:34,y:10,l:83,w:66},{x:9,y:10,l:77,w:25},],
----------------------- 12 ---------------------------
canvasWidth:100,
canvasHeight:100,
data:[{x:14,y:0,l:71,w:86},{x:5,y:0,l:67,w:9},{x:16,y:71,l:29,w:84},],
----------------------- 13 ---------------------------
canvasWidth:100,
canvasHeight:100,
data:[{x:42,y:0,l:52,w:58},{x:5,y:0,l:44,w:37},{x:20,y:54,l:46,w:80},],
----------------------- 14 ---------------------------
canvasWidth:100,
canvasHeight:100,
data:[{x:20,y:0,l:45,w:80},{x:20,y:45,l:43,w:80},{x:21,y:88,l:12,w:79},],
----------------------- 15 ---------------------------
canvasWidth:100,
canvasHeight:100,
data:[{x:3,y:0,l:94,w:97},{x:0,y:0,l:72,w:3},{x:19,y:94,l:1,w:81},{x:22,y:95,l:5,w:78},],
----------------------- 16 ---------------------------
canvasWidth:100,
canvasHeight:100,
data:[{x:8,y:0,l:35,w:92},{x:11,y:35,l:32,w:89},{x:34,y:67,l:33,w:66},],
----------------------- 17 ---------------------------
canvasWidth:100,
canvasHeight:100,
data:[{x:2,y:0,l:88,w:98},{x:14,y:88,l:12,w:86},],
----------------------- 18 ---------------------------
canvasWidth:100,
canvasHeight:100,
data:[{x:12,y:0,l:49,w:88},{x:15,y:49,l:49,w:85},{x:22,y:98,l:2,w:78},],
----------------------- 19 ---------------------------
canvasWidth:100,
canvasHeight:100,
data:[{x:0,y:0,l:12,w:100},{x:13,y:12,l:45,w:87},{x:15,y:57,l:43,w:85},],
----------------------- 20 ---------------------------
canvasWidth:100,
canvasHeight:100,
data:[{x:14,y:0,l:41,w:86},{x:29,y:41,l:21,w:71},{x:33,y:62,l:34,w:67},],
----------------------- 21 ---------------------------
canvasWidth:100,
canvasHeight:100,
data:[{x:5,y:0,l:49,w:95},{x:13,y:49,l:48,w:87},],
----------------------- 22 ---------------------------
canvasWidth:100,
canvasHeight:100,
data:[{x:89,y:0,l:97,w:11},{x:82,y:0,l:96,w:7},{x:1,y:0,l:39,w:81},{x:6,y:39,l:37,w:76},{x:11,y:76,l:3,w:71},{x:13,y:79,l:21,w:69},],
----------------------- 23 ---------------------------
canvasWidth:100,
canvasHeight:100,
data:[{x:3,y:0,l:41,w:97},{x:10,y:41,l:21,w:90},{x:28,y:64,l:36,w:72},],
----------------------- 24 ---------------------------
canvasWidth:100,
canvasHeight:100,
data:[{x:72,y:0,l:94,w:28},{x:1,y:0,l:30,w:71},{x:2,y:30,l:27,w:70},{x:3,y:57,l:30,w:69},{x:5,y:87,l:6,w:67},],
----------------------- 25 ---------------------------
canvasWidth:100,
canvasHeight:100,
data:[{x:68,y:0,l:79,w:32},{x:0,y:0,l:19,w:68},{x:0,y:19,l:10,w:68},{x:2,y:29,l:48,w:66},{x:21,y:79,l:20,w:79},],
----------------------- 26 ---------------------------
canvasWidth:100,
canvasHeight:100,
data:[{x:18,y:0,l:87,w:82},{x:32,y:87,l:11,w:68},],
----------------------- 27 ---------------------------
canvasWidth:100,
canvasHeight:100,
data:[{x:2,y:0,l:30,w:98},{x:8,y:30,l:33,w:92},{x:31,y:63,l:30,w:69},],
