====================================== Class_09.2bp-42 =====================================
Reduced size: 100 usedBin: 0
[2, 80]
[4, 87, 90]
[26]
[36, 53]
[14]
[11]
[18]
[25]
[21]
[3, 88]
[0, 93]
[1, 89]
[6, 78, 94]
[63]
[58, 61, 95]
[7, 85, 99]
[32, 91, 98]
[15]
[17, 82]
[33, 73, 97]
[42]
[46, 77]
[23, 84]
[50, 71]
[24]
[20]
[8, 83, 86, 96]
[56]
[13]
[29]
[22]
[41]
[68]
[5, 81]
[39, 92]
[9]
[28]
[43, 67]
[27]
[45]
[65]
[31]
[62]
[37]
[38]
[44]
[48]
[35]
[40, 76]
[60]
[54]
[70]
[34]
[49]
[10]
[16, 75]
[51, 72]
[30]
[12]
[19, 74]
[52, 79]
[69]
[64]
[57]
[55]
[47]
[66]
[59]
------------------------------------------------
Best fit used bin number: 68
Found best solution: 68 0.25

   Statrt add columnAndCut col: 68 cons: 0 cut: 0	0.328

	1 Start Add column using column generation  col: 68 cons: 0 cut: 0	0.328
			Start solve  LP :0.328
			End solve LP obj: 68.0 t: 0
	1 End Add column using column generation : 68.0 col: 68 cons: 0 cut: 0	0.328
   End add columnAndCut : 68.0 colGencnt: 1 price: 0 col: 68 cons: 0 cut: 0	0.328

Node lb: 68.0 ub: 68 : 0.328

Final Found Solution: 68 genNode: 1 extendedNode: 0:0.328
Bin size: 10000
1 : 8700,1248, : 9948
2 : 8091,800,602, : 9493
3 : 5700, : 5700
4 : 5044,4324, : 9368
5 : 6975, : 6975
6 : 7254, : 7254
7 : 6272, : 6272
8 : 5723, : 5723
9 : 5917, : 5917
10 : 8460,770, : 9230
11 : 9310,450, : 9760
12 : 8742,658, : 9400
13 : 7695,1365,332, : 9392
14 : 3780, : 3780
15 : 4048,3876,273, : 8197
16 : 7654,936,42, : 8632
17 : 5394,484,50, : 5928
18 : 6688, : 6688
19 : 6478,1188, : 7666
20 : 5184,2574,93, : 7851
21 : 4760, : 4760
22 : 4672,2214, : 6886
23 : 5780,990, : 6770
24 : 4500,2800, : 7300
25 : 5760, : 5760
26 : 5920, : 5920
27 : 7482,1092,840,237, : 9651
28 : 4134, : 4134
29 : 7081, : 7081
30 : 5518, : 5518
31 : 5796, : 5796
32 : 4818, : 4818
33 : 3078, : 3078
34 : 8051,1222, : 9273
35 : 4992,483, : 5475
36 : 7315, : 7315
37 : 5640, : 5640
38 : 4760,3104, : 7864
39 : 5688, : 5688
40 : 4680, : 4680
41 : 3355, : 3355
42 : 5472, : 5472
43 : 3864, : 3864
44 : 5037, : 5037
45 : 5022, : 5022
46 : 4757, : 4757
47 : 4539, : 4539
48 : 5070, : 5070
49 : 4896,2296, : 7192
50 : 3900, : 3900
51 : 4307, : 4307
52 : 2964, : 2964
53 : 5088, : 5088
54 : 4536, : 4536
55 : 7275, : 7275
56 : 6612,2376, : 8988
57 : 4425,2775, : 7200
58 : 5475, : 5475
59 : 7084, : 7084
60 : 6097,2430, : 8527
61 : 4410,1305, : 5715
62 : 3021, : 3021
63 : 3510, : 3510
64 : 4104, : 4104
65 : 4240, : 4240
66 : 4539, : 4539
67 : 3127, : 3127
68 : 4004, : 4004
----------------------- 1 ---------------------------
canvasWidth:100,
canvasHeight:100,
data:[{x:0,y:0,l:87,w:100},{x:4,y:87,l:13,w:96},],
----------------------- 2 ---------------------------
canvasWidth:100,
canvasHeight:100,
data:[{x:92,y:0,l:100,w:8},{x:5,y:0,l:93,w:87},{x:6,y:93,l:7,w:86},],
----------------------- 3 ---------------------------
canvasWidth:100,
canvasHeight:100,
data:[{x:0,y:0,l:57,w:100},],
----------------------- 4 ---------------------------
canvasWidth:100,
canvasHeight:100,
data:[{x:3,y:0,l:52,w:97},{x:8,y:52,l:47,w:92},],
----------------------- 5 ---------------------------
canvasWidth:100,
canvasHeight:100,
data:[{x:7,y:0,l:75,w:93},],
----------------------- 6 ---------------------------
canvasWidth:100,
canvasHeight:100,
data:[{x:7,y:0,l:78,w:93},],
----------------------- 7 ---------------------------
canvasWidth:100,
canvasHeight:100,
data:[{x:2,y:0,l:64,w:98},],
----------------------- 8 ---------------------------
canvasWidth:100,
canvasHeight:100,
data:[{x:3,y:0,l:59,w:97},],
----------------------- 9 ---------------------------
canvasWidth:100,
canvasHeight:100,
data:[{x:3,y:0,l:61,w:97},],
----------------------- 10 ---------------------------
canvasWidth:100,
canvasHeight:100,
data:[{x:6,y:0,l:90,w:94},{x:23,y:90,l:10,w:77},],
----------------------- 11 ---------------------------
canvasWidth:100,
canvasHeight:100,
data:[{x:2,y:0,l:95,w:98},{x:10,y:95,l:5,w:90},],
----------------------- 12 ---------------------------
canvasWidth:100,
canvasHeight:100,
data:[{x:7,y:0,l:94,w:93},{x:0,y:0,l:94,w:7},],
----------------------- 13 ---------------------------
canvasWidth:100,
canvasHeight:100,
data:[{x:5,y:0,l:81,w:95},{x:9,y:81,l:15,w:91},{x:17,y:96,l:4,w:83},],
----------------------- 14 ---------------------------
canvasWidth:100,
canvasHeight:100,
data:[{x:37,y:0,l:60,w:63},],
----------------------- 15 ---------------------------
canvasWidth:100,
canvasHeight:100,
data:[{x:56,y:0,l:92,w:44},{x:5,y:0,l:76,w:51},{x:17,y:76,l:7,w:39},],
----------------------- 16 ---------------------------
canvasWidth:100,
canvasHeight:100,
data:[{x:14,y:0,l:89,w:86},{x:2,y:0,l:78,w:12},{x:0,y:0,l:21,w:2},],
----------------------- 17 ---------------------------
canvasWidth:100,
canvasHeight:100,
data:[{x:13,y:0,l:62,w:87},{x:2,y:0,l:44,w:11},{x:0,y:0,l:25,w:2},],
----------------------- 18 ---------------------------
canvasWidth:100,
canvasHeight:100,
data:[{x:24,y:0,l:88,w:76},],
----------------------- 19 ---------------------------
canvasWidth:100,
canvasHeight:100,
data:[{x:88,y:0,l:99,w:12},{x:6,y:0,l:79,w:82},],
----------------------- 20 ---------------------------
canvasWidth:100,
canvasHeight:100,
data:[{x:19,y:0,l:64,w:81},{x:22,y:64,l:33,w:78},{x:69,y:97,l:3,w:31},],
----------------------- 21 ---------------------------
canvasWidth:100,
canvasHeight:100,
data:[{x:32,y:0,l:70,w:68},],
----------------------- 22 ---------------------------
canvasWidth:100,
canvasHeight:100,
data:[{x:18,y:0,l:27,w:82},{x:36,y:27,l:73,w:64},],
----------------------- 23 ---------------------------
canvasWidth:100,
canvasHeight:100,
data:[{x:32,y:0,l:85,w:68},{x:34,y:85,l:15,w:66},],
----------------------- 24 ---------------------------
canvasWidth:100,
canvasHeight:100,
data:[{x:10,y:0,l:50,w:90},{x:44,y:50,l:50,w:56},],
----------------------- 25 ---------------------------
canvasWidth:100,
canvasHeight:100,
data:[{x:28,y:0,l:80,w:72},],
----------------------- 26 ---------------------------
canvasWidth:100,
canvasHeight:100,
data:[{x:26,y:0,l:80,w:74},],
----------------------- 27 ---------------------------
canvasWidth:100,
canvasHeight:100,
data:[{x:13,y:0,l:86,w:87},{x:3,y:0,l:84,w:10},{x:0,y:0,l:79,w:3},{x:16,y:86,l:13,w:84},],
----------------------- 28 ---------------------------
canvasWidth:100,
canvasHeight:100,
data:[{x:22,y:0,l:53,w:78},],
----------------------- 29 ---------------------------
canvasWidth:100,
canvasHeight:100,
data:[{x:27,y:0,l:97,w:73},],
----------------------- 30 ---------------------------
canvasWidth:100,
canvasHeight:100,
data:[{x:38,y:0,l:89,w:62},],
----------------------- 31 ---------------------------
canvasWidth:100,
canvasHeight:100,
data:[{x:37,y:0,l:92,w:63},],
----------------------- 32 ---------------------------
canvasWidth:100,
canvasHeight:100,
data:[{x:34,y:0,l:73,w:66},],
----------------------- 33 ---------------------------
canvasWidth:100,
canvasHeight:100,
data:[{x:43,y:0,l:54,w:57},],
----------------------- 34 ---------------------------
canvasWidth:100,
canvasHeight:100,
data:[{x:17,y:0,l:97,w:83},{x:4,y:0,l:94,w:13},],
----------------------- 35 ---------------------------
canvasWidth:100,
canvasHeight:100,
data:[{x:36,y:0,l:78,w:64},{x:77,y:78,l:21,w:23},],
----------------------- 36 ---------------------------
canvasWidth:100,
canvasHeight:100,
data:[{x:23,y:0,l:95,w:77},],
----------------------- 37 ---------------------------
canvasWidth:100,
canvasHeight:100,
data:[{x:40,y:0,l:94,w:60},],
----------------------- 38 ---------------------------
canvasWidth:100,
canvasHeight:100,
data:[{x:3,y:0,l:32,w:97},{x:30,y:32,l:68,w:70},],
----------------------- 39 ---------------------------
canvasWidth:100,
canvasHeight:100,
data:[{x:21,y:0,l:72,w:79},],
----------------------- 40 ---------------------------
canvasWidth:100,
canvasHeight:100,
data:[{x:28,y:0,l:65,w:72},],
----------------------- 41 ---------------------------
canvasWidth:100,
canvasHeight:100,
data:[{x:39,y:0,l:55,w:61},],
----------------------- 42 ---------------------------
canvasWidth:100,
canvasHeight:100,
data:[{x:43,y:0,l:96,w:57},],
----------------------- 43 ---------------------------
canvasWidth:100,
canvasHeight:100,
data:[{x:31,y:0,l:56,w:69},],
----------------------- 44 ---------------------------
canvasWidth:100,
canvasHeight:100,
data:[{x:31,y:0,l:73,w:69},],
----------------------- 45 ---------------------------
canvasWidth:100,
canvasHeight:100,
data:[{x:19,y:0,l:62,w:81},],
----------------------- 46 ---------------------------
canvasWidth:100,
canvasHeight:100,
data:[{x:29,y:0,l:67,w:71},],
----------------------- 47 ---------------------------
canvasWidth:100,
canvasHeight:100,
data:[{x:11,y:0,l:51,w:89},],
----------------------- 48 ---------------------------
canvasWidth:100,
canvasHeight:100,
data:[{x:22,y:0,l:65,w:78},],
----------------------- 49 ---------------------------
canvasWidth:100,
canvasHeight:100,
data:[{x:18,y:0,l:28,w:82},{x:28,y:28,l:68,w:72},],
----------------------- 50 ---------------------------
canvasWidth:100,
canvasHeight:100,
data:[{x:25,y:0,l:52,w:75},],
----------------------- 51 ---------------------------
canvasWidth:100,
canvasHeight:100,
data:[{x:27,y:0,l:59,w:73},],
----------------------- 52 ---------------------------
canvasWidth:100,
canvasHeight:100,
data:[{x:43,y:0,l:52,w:57},],
----------------------- 53 ---------------------------
canvasWidth:100,
canvasHeight:100,
data:[{x:47,y:0,l:96,w:53},],
----------------------- 54 ---------------------------
canvasWidth:100,
canvasHeight:100,
data:[{x:37,y:0,l:72,w:63},],
----------------------- 55 ---------------------------
canvasWidth:100,
canvasHeight:100,
data:[{x:25,y:0,l:97,w:75},],
----------------------- 56 ---------------------------
canvasWidth:100,
canvasHeight:100,
data:[{x:76,y:0,l:99,w:24},{x:0,y:0,l:87,w:76},],
----------------------- 57 ---------------------------
canvasWidth:100,
canvasHeight:100,
data:[{x:41,y:0,l:75,w:59},{x:4,y:0,l:75,w:37},],
----------------------- 58 ---------------------------
canvasWidth:100,
canvasHeight:100,
data:[{x:27,y:0,l:75,w:73},],
----------------------- 59 ---------------------------
canvasWidth:100,
canvasHeight:100,
data:[{x:23,y:0,l:92,w:77},],
----------------------- 60 ---------------------------
canvasWidth:100,
canvasHeight:100,
data:[{x:9,y:0,l:67,w:91},{x:19,y:67,l:30,w:81},],
----------------------- 61 ---------------------------
canvasWidth:100,
canvasHeight:100,
data:[{x:37,y:0,l:70,w:63},{x:55,y:70,l:29,w:45},],
----------------------- 62 ---------------------------
canvasWidth:100,
canvasHeight:100,
data:[{x:47,y:0,l:57,w:53},],
----------------------- 63 ---------------------------
canvasWidth:100,
canvasHeight:100,
data:[{x:46,y:0,l:65,w:54},],
----------------------- 64 ---------------------------
canvasWidth:100,
canvasHeight:100,
data:[{x:46,y:0,l:76,w:54},],
----------------------- 65 ---------------------------
canvasWidth:100,
canvasHeight:100,
data:[{x:47,y:0,l:80,w:53},],
----------------------- 66 ---------------------------
canvasWidth:100,
canvasHeight:100,
data:[{x:49,y:0,l:89,w:51},],
----------------------- 67 ---------------------------
canvasWidth:100,
canvasHeight:100,
data:[{x:47,y:0,l:59,w:53},],
----------------------- 68 ---------------------------
canvasWidth:100,
canvasHeight:100,
data:[{x:48,y:0,l:77,w:52},],
