====================================== Class_02.2bp-40 =====================================
Reduced size: 100 usedBin: 0
[0, 2, 3, 4, 7, 9, 13, 18, 19, 21, 24, 28, 32, 34, 49, 51, 59, 63, 65, 80, 82, 86, 92, 97]
[1, 5, 6, 8, 10, 11, 12, 14, 23, 29, 30, 33, 35, 36, 37, 50, 52, 56, 61, 66, 67, 68, 76, 83, 94, 96, 99]
[15, 16, 17, 20, 22, 25, 26, 27, 31, 38, 39, 40, 41, 42, 43, 44, 45, 46, 47, 48, 53, 54, 55, 57, 60, 62, 64, 69, 70, 71, 74, 75, 78, 79, 81, 85, 87, 88, 91, 95, 98]
[58, 72, 73, 77, 84, 89, 90, 93]
------------------------------------------------
Best fit used bin number: 4
Found best solution: 4 0.14

   Statrt add columnAndCut col: 4 cons: 0 cut: 0	0.203

	1 Start Add column using column generation  col: 4 cons: 0 cut: 0	0.203
			Start solve  LP :0.203
			End solve LP obj: 4.0 t: 16
	1 End Add column using column generation : 4.0 col: 4 cons: 0 cut: 0	0.219
   End add columnAndCut : 4.0 colGencnt: 1 price: 0 col: 4 cons: 0 cut: 0	0.219

Node lb: 4.0 ub: 4 : 0.219

Final Found Solution: 4 genNode: 1 extendedNode: 0:0.219
Bin size: 900
1 : 100,90,81,72,60,60,54,45,42,40,36,35,32,30,20,20,18,16,15,8,7,6,4,2, : 893
2 : 100,63,63,60,60,56,56,54,40,35,35,30,30,30,30,20,20,18,16,15,14,14,9,7,4,3,1, : 883
3 : 49,49,48,42,40,36,36,36,32,28,28,27,27,27,24,24,24,24,21,21,20,20,20,18,18,16,16,14,14,12,12,10,8,8,8,6,6,6,4,4,2, : 885
4 : 18,12,12,9,7,5,5,4, : 72
----------------------- 1 ---------------------------
canvasWidth:30,
canvasHeight:30,
data:[{x:20,y:0,l:6,w:10},{x:10,y:0,l:6,w:10},{x:3,y:0,l:6,w:7},{x:0,y:0,l:6,w:3},{x:25,y:6,l:9,w:5},{x:26,y:15,l:8,w:4},{x:25,y:15,l:8,w:1},{x:25,y:23,l:7,w:5},{x:16,y:6,l:9,w:9},{x:16,y:15,l:8,w:9},{x:16,y:23,l:6,w:9},{x:18,y:29,l:1,w:7},{x:12,y:6,l:10,w:4},{x:12,y:16,l:9,w:4},{x:13,y:25,l:5,w:3},{x:12,y:25,l:4,w:1},{x:2,y:6,l:10,w:10},{x:0,y:6,l:10,w:2},{x:2,y:16,l:9,w:10},{x:0,y:16,l:8,w:2},{x:0,y:24,l:1,w:2},{x:2,y:25,l:3,w:10},{x:0,y:25,l:3,w:2},{x:2,y:28,l:2,w:10},],
----------------------- 2 ---------------------------
canvasWidth:30,
canvasHeight:30,
data:[{x:20,y:0,l:10,w:10},{x:20,y:10,l:6,w:10},{x:20,y:16,l:4,w:10},{x:20,y:20,l:3,w:10},{x:20,y:23,l:3,w:10},{x:20,y:26,l:2,w:10},{x:20,y:28,l:2,w:10},{x:13,y:0,l:8,w:7},{x:3,y:0,l:3,w:10},{x:0,y:0,l:3,w:3},{x:7,y:3,l:5,w:6},{x:0,y:3,l:2,w:7},{x:1,y:5,l:3,w:6},{x:14,y:8,l:10,w:6},{x:6,y:8,l:7,w:8},{x:6,y:15,l:2,w:8},{x:7,y:17,l:1,w:7},{x:0,y:8,l:9,w:6},{x:3,y:17,l:1,w:3},{x:11,y:18,l:7,w:9},{x:9,y:18,l:7,w:2},{x:13,y:25,l:5,w:7},{x:10,y:25,l:5,w:3},{x:9,y:25,l:4,w:1},{x:9,y:29,l:1,w:1},{x:0,y:18,l:7,w:9},{x:2,y:25,l:5,w:7},],
----------------------- 3 ---------------------------
canvasWidth:30,
canvasHeight:30,
data:[{x:26,y:0,l:10,w:4},{x:24,y:0,l:10,w:2},{x:23,y:0,l:10,w:1},{x:23,y:10,l:7,w:7},{x:23,y:17,l:7,w:7},{x:20,y:0,l:8,w:3},{x:20,y:8,l:7,w:3},{x:20,y:15,l:7,w:3},{x:20,y:22,l:2,w:3},{x:18,y:0,l:8,w:2},{x:18,y:8,l:7,w:2},{x:18,y:15,l:7,w:2},{x:18,y:22,l:2,w:2},{x:10,y:0,l:4,w:8},{x:4,y:0,l:4,w:6},{x:9,y:4,l:4,w:9},{x:4,y:4,l:4,w:5},{x:11,y:8,l:4,w:7},{x:4,y:8,l:4,w:7},{x:13,y:12,l:4,w:5},{x:9,y:12,l:4,w:4},{x:6,y:12,l:4,w:3},{x:4,y:12,l:4,w:2},{x:9,y:16,l:2,w:9},{x:5,y:16,l:2,w:4},{x:4,y:16,l:2,w:1},{x:9,y:18,l:4,w:9},{x:6,y:18,l:4,w:3},{x:5,y:18,l:4,w:1},{x:9,y:22,l:2,w:9},{x:5,y:22,l:2,w:4},{x:0,y:0,l:9,w:4},{x:0,y:9,l:6,w:4},{x:1,y:15,l:9,w:3},{x:0,y:15,l:6,w:1},{x:22,y:24,l:6,w:8},{x:15,y:24,l:6,w:7},{x:11,y:24,l:6,w:4},{x:2,y:24,l:3,w:9},{x:0,y:24,l:3,w:2},{x:2,y:27,l:3,w:9},],
----------------------- 4 ---------------------------
canvasWidth:30,
canvasHeight:30,
data:[{x:24,y:0,l:3,w:6},{x:20,y:0,l:3,w:4},{x:17,y:0,l:3,w:3},{x:11,y:0,l:2,w:6},{x:4,y:0,l:1,w:7},{x:0,y:0,l:1,w:4},{x:6,y:1,l:1,w:5},{x:6,y:2,l:1,w:5},],
