====================================== Class_10.2bp-7 =====================================
Reduced size: 20 usedBin: 0
[1, 4, 5, 6, 7, 9, 11, 13, 15, 17]
[0, 2, 8, 10, 14, 16, 18, 19]
[3, 12]
------------------------------------------------
Best fit used bin number: 3
Found best solution: 3 0.249

   Statrt add columnAndCut col: 3 cons: 0 cut: 0	0.312

	1 Start Add column using column generation  col: 3 cons: 0 cut: 0	0.312
			Start solve  LP :0.312
			End solve LP obj: 3.0 t: 2
	1 End Add column using column generation : 3.0 col: 3 cons: 0 cut: 0	0.315
   End add columnAndCut : 3.0 colGencnt: 1 price: 0 col: 3 cons: 0 cut: 0	0.315

Node lb: 3.0 ub: 3 : 0.315

Final Found Solution: 3 genNode: 1 extendedNode: 0:0.315
Bin size: 10000
1 : 3234,1978,1443,782,768,418,351,215,138,84, : 9411
2 : 3888,2268,667,357,198,110,72,38, : 7598
3 : 2133,272, : 2405
----------------------- 1 ---------------------------
canvasWidth:100,
canvasHeight:100,
data:[{x:67,y:0,l:98,w:33},{x:24,y:0,l:46,w:43},{x:24,y:46,l:5,w:43},{x:25,y:51,l:2,w:42},{x:28,y:53,l:37,w:39},{x:28,y:90,l:9,w:39},{x:0,y:0,l:32,w:24},{x:1,y:32,l:34,w:23},{x:1,y:66,l:6,w:23},{x:2,y:72,l:19,w:22},],
----------------------- 2 ---------------------------
canvasWidth:100,
canvasHeight:100,
data:[{x:16,y:0,l:27,w:84},{x:11,y:0,l:22,w:5},{x:19,y:27,l:48,w:81},{x:13,y:27,l:33,w:6},{x:13,y:60,l:12,w:6},{x:71,y:75,l:23,w:29},{x:81,y:98,l:2,w:19},{x:54,y:75,l:21,w:17},],
----------------------- 3 ---------------------------
canvasWidth:100,
canvasHeight:100,
data:[{x:21,y:0,l:27,w:79},{x:4,y:0,l:16,w:17},],
