====================================== Class_06.2bp-18 =====================================
Reduced size: 40 usedBin: 0
[0, 1, 2, 3, 4, 5, 6, 7, 8, 9, 10, 11, 12, 13, 14, 15, 16, 17, 18, 19, 20, 21, 22, 23, 24, 25, 26, 27, 28, 29, 30, 31, 32, 33, 34, 35, 36, 37, 38, 39]
------------------------------------------------
Best fit used bin number: 1
Found best solution: 1 0.262

   Statrt add columnAndCut col: 1 cons: 0 cut: 0	0.324

	1 Start Add column using column generation  col: 1 cons: 0 cut: 0	0.324
			Start solve  LP :0.325
			End solve LP obj: 1.0 t: 2
	1 End Add column using column generation : 1.0 col: 1 cons: 0 cut: 0	0.327
   End add columnAndCut : 1.0 colGencnt: 1 price: 0 col: 1 cons: 0 cut: 0	0.327

Node lb: 1.0 ub: 1 : 0.328

Final Found Solution: 1 genNode: 1 extendedNode: 0:0.329
Bin size: 90000
1 : 6006,5950,4899,4512,3916,3888,3696,3534,3520,3441,3404,3220,2726,2552,2232,1944,1909,1824,1820,1740,1702,1620,1584,1476,1360,1334,1148,1131,901,888,832,784,714,534,440,242,186,155,120,96, : 83980
----------------------- 1 ---------------------------
canvasWidth:300,
canvasHeight:300,
data:[{x:223,y:0,l:78,w:77},{x:129,y:0,l:48,w:94},{x:129,y:48,l:29,w:94},{x:65,y:0,l:13,w:64},{x:93,y:13,l:62,w:36},{x:63,y:13,l:4,w:30},{x:64,y:17,l:60,w:29},{x:230,y:78,l:85,w:70},{x:276,y:163,l:76,w:24},{x:276,y:239,l:4,w:24},{x:230,y:163,l:74,w:46},{x:236,y:245,l:55,w:64},{x:137,y:78,l:37,w:93},{x:137,y:115,l:2,w:93},{x:141,y:117,l:44,w:89},{x:114,y:78,l:74,w:23},{x:60,y:78,l:36,w:54},{x:63,y:114,l:14,w:51},{x:73,y:128,l:28,w:41},{x:83,y:156,l:5,w:31},{x:160,y:161,l:46,w:70},{x:159,y:207,l:69,w:71},{x:68,y:161,l:6,w:89},{x:128,y:167,l:88,w:29},{x:135,y:255,l:11,w:22},{x:87,y:167,l:36,w:41},{x:88,y:203,l:34,w:40},{x:99,y:237,l:39,w:29},{x:68,y:167,l:88,w:18},{x:60,y:161,l:98,w:8},{x:147,y:277,l:23,w:83},{x:89,y:277,l:23,w:58},{x:0,y:0,l:27,w:60},{x:12,y:27,l:81,w:48},{x:0,y:27,l:74,w:12},{x:22,y:108,l:93,w:38},{x:2,y:108,l:91,w:20},{x:18,y:201,l:88,w:42},{x:1,y:201,l:53,w:17},{x:8,y:254,l:44,w:10},],
