====================================== Class_08.2bp-35 =====================================
Reduced size: 80 usedBin: 0
[6, 37, 73]
[22, 32, 58, 65, 72]
[12, 16, 48]
[28, 35, 51]
[17, 19, 50, 68]
[21, 23, 39, 67]
[11, 24, 49]
[15, 38, 44]
[25, 30, 47, 61]
[4, 46, 57, 59, 76]
[10, 40, 43]
[0, 27]
[8, 45, 52, 60, 69, 79]
[7, 9, 75, 78]
[1, 53, 66, 71, 74]
[26, 34, 55, 70]
[29, 33, 36]
[13, 20, 54, 64]
[5, 14]
[2, 56, 77]
[18, 31, 42, 62]
[3, 41, 63]
------------------------------------------------
Best fit used bin number: 22
Found best solution: 22 0.141

   Statrt add columnAndCut col: 22 cons: 0 cut: 0	0.219

	1 Start Add column using column generation  col: 22 cons: 0 cut: 0	0.219
			Start solve  LP :0.219
			End solve LP obj: 22.0 t: 0
	1 End Add column using column generation : 22.0 col: 22 cons: 0 cut: 0	0.219
   End add columnAndCut : 22.0 colGencnt: 1 price: 0 col: 22 cons: 0 cut: 0	0.219

Node lb: 22.0 ub: 22 : 0.219

Final Found Solution: 22 genNode: 1 extendedNode: 0:0.219
Bin size: 10000
1 : 4560,2345,444, : 7349
2 : 3024,2592,1089,792,520, : 8017
3 : 3936,3731,1620, : 9287
4 : 2808,2368,1562, : 6738
5 : 3645,3276,1615,630, : 9166
6 : 3196,2992,2208,667, : 9063
7 : 4015,2926,1620, : 8561
8 : 3738,2278,1896, : 7912
9 : 2904,2660,1659,935, : 8158
10 : 5141,1760,1260,1032,222, : 9415
11 : 4029,2100,1911, : 8040
12 : 6693,2852, : 9545
13 : 4455,1782,1520,980,588,38, : 9363
14 : 4459,4136,324,64, : 8983
15 : 6630,1474,700,532,335, : 9671
16 : 2886,2370,1343,572, : 7171
17 : 2673,2574,2352, : 7599
18 : 3784,3268,1404,792, : 9248
19 : 4600,3750, : 8350
20 : 6561,1328,172, : 8061
21 : 3520,2639,2000,910, : 9069
22 : 5440,2077,868, : 8385
----------------------- 1 ---------------------------
canvasWidth:100,
canvasHeight:100,
data:[{x:20,y:0,l:57,w:80},{x:26,y:57,l:6,w:74},{x:33,y:63,l:35,w:67},],
----------------------- 2 ---------------------------
canvasWidth:100,
canvasHeight:100,
data:[{x:1,y:0,l:11,w:99},{x:1,y:11,l:8,w:99},{x:4,y:19,l:27,w:96},{x:44,y:46,l:54,w:56},{x:4,y:46,l:13,w:40},],
----------------------- 3 ---------------------------
canvasWidth:100,
canvasHeight:100,
data:[{x:4,y:0,l:41,w:96},{x:9,y:41,l:41,w:91},{x:10,y:82,l:18,w:90},],
----------------------- 4 ---------------------------
canvasWidth:100,
canvasHeight:100,
data:[{x:26,y:0,l:32,w:74},{x:28,y:32,l:39,w:72},{x:29,y:71,l:22,w:71},],
----------------------- 5 ---------------------------
canvasWidth:100,
canvasHeight:100,
data:[{x:19,y:0,l:45,w:81},{x:5,y:0,l:45,w:14},{x:9,y:45,l:36,w:91},{x:15,y:81,l:19,w:85},],
----------------------- 6 ---------------------------
canvasWidth:100,
canvasHeight:100,
data:[{x:6,y:0,l:34,w:94},{x:31,y:34,l:32,w:69},{x:2,y:34,l:23,w:29},{x:12,y:66,l:34,w:88},],
----------------------- 7 ---------------------------
canvasWidth:100,
canvasHeight:100,
data:[{x:10,y:0,l:18,w:90},{x:62,y:18,l:77,w:38},{x:7,y:18,l:73,w:55},],
----------------------- 8 ---------------------------
canvasWidth:100,
canvasHeight:100,
data:[{x:11,y:0,l:42,w:89},{x:21,y:42,l:24,w:79},{x:33,y:66,l:34,w:67},],
----------------------- 9 ---------------------------
canvasWidth:100,
canvasHeight:100,
data:[{x:12,y:0,l:33,w:88},{x:15,y:33,l:11,w:85},{x:21,y:44,l:21,w:79},{x:24,y:65,l:35,w:76},],
----------------------- 10 ---------------------------
canvasWidth:100,
canvasHeight:100,
data:[{x:47,y:0,l:97,w:53},{x:33,y:0,l:90,w:14},{x:13,y:0,l:88,w:20},{x:1,y:0,l:86,w:12},{x:26,y:97,l:3,w:74},],
----------------------- 11 ---------------------------
canvasWidth:100,
canvasHeight:100,
data:[{x:0,y:0,l:21,w:100},{x:49,y:21,l:79,w:51},{x:0,y:21,l:39,w:49},],
----------------------- 12 ---------------------------
canvasWidth:100,
canvasHeight:100,
data:[{x:3,y:0,l:69,w:97},{x:8,y:69,l:31,w:92},],
----------------------- 13 ---------------------------
canvasWidth:100,
canvasHeight:100,
data:[{x:1,y:0,l:45,w:99},{x:0,y:0,l:38,w:1},{x:1,y:45,l:18,w:99},{x:2,y:63,l:10,w:98},{x:5,y:73,l:16,w:95},{x:16,y:89,l:7,w:84},],
----------------------- 14 ---------------------------
canvasWidth:100,
canvasHeight:100,
data:[{x:19,y:0,l:4,w:81},{x:3,y:0,l:4,w:16},{x:9,y:4,l:49,w:91},{x:12,y:53,l:47,w:88},],
----------------------- 15 ---------------------------
canvasWidth:100,
canvasHeight:100,
data:[{x:22,y:0,l:85,w:78},{x:30,y:85,l:10,w:70},{x:33,y:95,l:5,w:67},{x:0,y:0,l:67,w:22},{x:3,y:67,l:28,w:19},],
----------------------- 16 ---------------------------
canvasWidth:100,
canvasHeight:100,
data:[{x:21,y:0,l:30,w:79},{x:21,y:30,l:17,w:79},{x:22,y:47,l:37,w:78},{x:56,y:84,l:13,w:44},],
----------------------- 17 ---------------------------
canvasWidth:100,
canvasHeight:100,
data:[{x:16,y:0,l:28,w:84},{x:19,y:28,l:33,w:81},{x:34,y:61,l:39,w:66},],
----------------------- 18 ---------------------------
canvasWidth:100,
canvasHeight:100,
data:[{x:12,y:0,l:43,w:88},{x:14,y:43,l:38,w:86},{x:22,y:81,l:18,w:78},{x:0,y:0,l:66,w:12},],
----------------------- 19 ---------------------------
canvasWidth:100,
canvasHeight:100,
data:[{x:8,y:0,l:50,w:92},{x:25,y:50,l:50,w:75},],
----------------------- 20 ---------------------------
canvasWidth:100,
canvasHeight:100,
data:[{x:14,y:0,l:2,w:86},{x:19,y:2,l:81,w:81},{x:17,y:83,l:16,w:83},],
----------------------- 21 ---------------------------
canvasWidth:100,
canvasHeight:100,
data:[{x:0,y:0,l:20,w:100},{x:9,y:20,l:10,w:91},{x:12,y:30,l:40,w:88},{x:9,y:70,l:29,w:91},],
----------------------- 22 ---------------------------
canvasWidth:100,
canvasHeight:100,
data:[{x:33,y:0,l:31,w:67},{x:5,y:0,l:31,w:28},{x:20,y:31,l:68,w:80},],
