====================================== Class_09.2bp-36 =====================================
Reduced size: 80 usedBin: 0
[3]
[4]
[45, 51]
[15]
[48, 68]
[59, 67, 75]
[39, 72]
[14]
[11]
[8]
[2, 71]
[40]
[47]
[52, 60]
[20]
[18]
[56]
[9]
[22]
[28, 69]
[25]
[41]
[34, 55, 76]
[42, 63]
[36]
[49]
[7]
[16, 64]
[57]
[27]
[29]
[35]
[12, 65]
[37]
[31]
[50]
[30]
[13, 70]
[54, 62]
[23]
[19]
[32]
[10, 66, 78]
[33]
[53]
[26]
[44]
[1, 73]
[0, 79]
[5, 74]
[43]
[24]
[38]
[61]
[17, 77]
[6]
[21]
[46]
[58]
------------------------------------------------
Best fit used bin number: 59
Found best solution: 59 0.14

   Statrt add columnAndCut col: 59 cons: 0 cut: 0	0.203

	1 Start Add column using column generation  col: 59 cons: 0 cut: 0	0.218
			Start solve  LP :0.218
			End solve LP obj: 59.0 t: 0
	1 End Add column using column generation : 59.0 col: 59 cons: 0 cut: 0	0.218
   End add columnAndCut : 59.0 colGencnt: 1 price: 0 col: 59 cons: 0 cut: 0	0.218

Node lb: 59.0 ub: 59 : 0.218

Final Found Solution: 59 genNode: 1 extendedNode: 0:0.218
Bin size: 10000
1 : 8100, : 8100
2 : 8000, : 8000
3 : 4800,4264, : 9064
4 : 7000, : 7000
5 : 4550,1242, : 5792
6 : 3705,1400,217, : 5322
7 : 5200,450, : 5650
8 : 7081, : 7081
9 : 7308, : 7308
10 : 7802, : 7802
11 : 8742,504, : 9246
12 : 5187, : 5187
13 : 4725, : 4725
14 : 4221,3492, : 7713
15 : 6612, : 6612
16 : 6794, : 6794
17 : 3876, : 3876
18 : 7728, : 7728
19 : 6474, : 6474
20 : 5852,704, : 6556
21 : 6138, : 6138
22 : 5170, : 5170
23 : 5605,3895,105, : 9605
24 : 5005,3040, : 8045
25 : 5525, : 5525
26 : 4345, : 4345
27 : 7826, : 7826
28 : 6935,2470, : 9405
29 : 3770, : 3770
30 : 5874, : 5874
31 : 5822, : 5822
32 : 5546, : 5546
33 : 7238,1980, : 9218
34 : 5358, : 5358
35 : 5775, : 5775
36 : 4284, : 4284
37 : 5810, : 5810
38 : 7216,702, : 7918
39 : 4020,3267, : 7287
40 : 6279, : 6279
41 : 6789, : 6789
42 : 5767, : 5767
43 : 7544,1800,42, : 9386
44 : 5700, : 5700
45 : 4148, : 4148
46 : 5964, : 5964
47 : 4819, : 4819
48 : 9212,425, : 9637
49 : 9604,34, : 9638
50 : 7980,297, : 8277
51 : 4968, : 4968
52 : 6160, : 6160
53 : 5246, : 5246
54 : 3363, : 3363
55 : 6930,99, : 7029
56 : 7968, : 7968
57 : 6536, : 6536
58 : 4794, : 4794
59 : 3723, : 3723
----------------------- 1 ---------------------------
canvasWidth:100,
canvasHeight:100,
data:[{x:0,y:0,l:81,w:100},],
----------------------- 2 ---------------------------
canvasWidth:100,
canvasHeight:100,
data:[{x:0,y:0,l:80,w:100},],
----------------------- 3 ---------------------------
canvasWidth:100,
canvasHeight:100,
data:[{x:0,y:0,l:48,w:100},{x:18,y:48,l:52,w:82},],
----------------------- 4 ---------------------------
canvasWidth:100,
canvasHeight:100,
data:[{x:30,y:0,l:100,w:70},],
----------------------- 5 ---------------------------
canvasWidth:100,
canvasHeight:100,
data:[{x:30,y:0,l:65,w:70},{x:3,y:0,l:46,w:27},],
----------------------- 6 ---------------------------
canvasWidth:100,
canvasHeight:100,
data:[{x:43,y:0,l:65,w:57},{x:93,y:65,l:31,w:7},{x:43,y:65,l:28,w:50},],
----------------------- 7 ---------------------------
canvasWidth:100,
canvasHeight:100,
data:[{x:20,y:0,l:65,w:80},{x:2,y:0,l:25,w:18},],
----------------------- 8 ---------------------------
canvasWidth:100,
canvasHeight:100,
data:[{x:3,y:0,l:73,w:97},],
----------------------- 9 ---------------------------
canvasWidth:100,
canvasHeight:100,
data:[{x:16,y:0,l:87,w:84},],
----------------------- 10 ---------------------------
canvasWidth:100,
canvasHeight:100,
data:[{x:6,y:0,l:83,w:94},],
----------------------- 11 ---------------------------
canvasWidth:100,
canvasHeight:100,
data:[{x:6,y:0,l:93,w:94},{x:28,y:93,l:7,w:72},],
----------------------- 12 ---------------------------
canvasWidth:100,
canvasHeight:100,
data:[{x:9,y:0,l:57,w:91},],
----------------------- 13 ---------------------------
canvasWidth:100,
canvasHeight:100,
data:[{x:25,y:0,l:63,w:75},],
----------------------- 14 ---------------------------
canvasWidth:100,
canvasHeight:100,
data:[{x:64,y:0,l:97,w:36},{x:1,y:0,l:67,w:63},],
----------------------- 15 ---------------------------
canvasWidth:100,
canvasHeight:100,
data:[{x:24,y:0,l:87,w:76},],
----------------------- 16 ---------------------------
canvasWidth:100,
canvasHeight:100,
data:[{x:14,y:0,l:79,w:86},],
----------------------- 17 ---------------------------
canvasWidth:100,
canvasHeight:100,
data:[{x:49,y:0,l:76,w:51},],
----------------------- 18 ---------------------------
canvasWidth:100,
canvasHeight:100,
data:[{x:8,y:0,l:84,w:92},],
----------------------- 19 ---------------------------
canvasWidth:100,
canvasHeight:100,
data:[{x:22,y:0,l:83,w:78},],
----------------------- 20 ---------------------------
canvasWidth:100,
canvasHeight:100,
data:[{x:24,y:0,l:77,w:76},{x:2,y:0,l:32,w:22},],
----------------------- 21 ---------------------------
canvasWidth:100,
canvasHeight:100,
data:[{x:38,y:0,l:99,w:62},],
----------------------- 22 ---------------------------
canvasWidth:100,
canvasHeight:100,
data:[{x:6,y:0,l:55,w:94},],
----------------------- 23 ---------------------------
canvasWidth:100,
canvasHeight:100,
data:[{x:41,y:0,l:95,w:59},{x:79,y:95,l:5,w:21},{x:0,y:0,l:95,w:41},],
----------------------- 24 ---------------------------
canvasWidth:100,
canvasHeight:100,
data:[{x:9,y:0,l:55,w:91},{x:20,y:55,l:38,w:80},],
----------------------- 25 ---------------------------
canvasWidth:100,
canvasHeight:100,
data:[{x:15,y:0,l:65,w:85},],
----------------------- 26 ---------------------------
canvasWidth:100,
canvasHeight:100,
data:[{x:21,y:0,l:55,w:79},],
----------------------- 27 ---------------------------
canvasWidth:100,
canvasHeight:100,
data:[{x:9,y:0,l:86,w:91},],
----------------------- 28 ---------------------------
canvasWidth:100,
canvasHeight:100,
data:[{x:5,y:0,l:73,w:95},{x:5,y:73,l:26,w:95},],
----------------------- 29 ---------------------------
canvasWidth:100,
canvasHeight:100,
data:[{x:35,y:0,l:58,w:65},],
----------------------- 30 ---------------------------
canvasWidth:100,
canvasHeight:100,
data:[{x:11,y:0,l:66,w:89},],
----------------------- 31 ---------------------------
canvasWidth:100,
canvasHeight:100,
data:[{x:29,y:0,l:82,w:71},],
----------------------- 32 ---------------------------
canvasWidth:100,
canvasHeight:100,
data:[{x:6,y:0,l:59,w:94},],
----------------------- 33 ---------------------------
canvasWidth:100,
canvasHeight:100,
data:[{x:23,y:0,l:94,w:77},{x:1,y:0,l:90,w:22},],
----------------------- 34 ---------------------------
canvasWidth:100,
canvasHeight:100,
data:[{x:6,y:0,l:57,w:94},],
----------------------- 35 ---------------------------
canvasWidth:100,
canvasHeight:100,
data:[{x:25,y:0,l:77,w:75},],
----------------------- 36 ---------------------------
canvasWidth:100,
canvasHeight:100,
data:[{x:32,y:0,l:63,w:68},],
----------------------- 37 ---------------------------
canvasWidth:100,
canvasHeight:100,
data:[{x:30,y:0,l:83,w:70},],
----------------------- 38 ---------------------------
canvasWidth:100,
canvasHeight:100,
data:[{x:12,y:0,l:82,w:88},{x:3,y:0,l:78,w:9},],
----------------------- 39 ---------------------------
canvasWidth:100,
canvasHeight:100,
data:[{x:1,y:0,l:33,w:99},{x:40,y:33,l:67,w:60},],
----------------------- 40 ---------------------------
canvasWidth:100,
canvasHeight:100,
data:[{x:31,y:0,l:91,w:69},],
----------------------- 41 ---------------------------
canvasWidth:100,
canvasHeight:100,
data:[{x:27,y:0,l:93,w:73},],
----------------------- 42 ---------------------------
canvasWidth:100,
canvasHeight:100,
data:[{x:27,y:0,l:79,w:73},],
----------------------- 43 ---------------------------
canvasWidth:100,
canvasHeight:100,
data:[{x:0,y:0,l:18,w:100},{x:8,y:18,l:82,w:92},{x:1,y:18,l:6,w:7},],
----------------------- 44 ---------------------------
canvasWidth:100,
canvasHeight:100,
data:[{x:24,y:0,l:75,w:76},],
----------------------- 45 ---------------------------
canvasWidth:100,
canvasHeight:100,
data:[{x:39,y:0,l:68,w:61},],
----------------------- 46 ---------------------------
canvasWidth:100,
canvasHeight:100,
data:[{x:16,y:0,l:71,w:84},],
----------------------- 47 ---------------------------
canvasWidth:100,
canvasHeight:100,
data:[{x:21,y:0,l:61,w:79},],
----------------------- 48 ---------------------------
canvasWidth:100,
canvasHeight:100,
data:[{x:6,y:0,l:98,w:94},{x:1,y:0,l:85,w:5},],
----------------------- 49 ---------------------------
canvasWidth:100,
canvasHeight:100,
data:[{x:2,y:0,l:98,w:98},{x:83,y:98,l:2,w:17},],
----------------------- 50 ---------------------------
canvasWidth:100,
canvasHeight:100,
data:[{x:1,y:0,l:3,w:99},{x:16,y:3,l:95,w:84},],
----------------------- 51 ---------------------------
canvasWidth:100,
canvasHeight:100,
data:[{x:28,y:0,l:69,w:72},],
----------------------- 52 ---------------------------
canvasWidth:100,
canvasHeight:100,
data:[{x:30,y:0,l:88,w:70},],
----------------------- 53 ---------------------------
canvasWidth:100,
canvasHeight:100,
data:[{x:39,y:0,l:86,w:61},],
----------------------- 54 ---------------------------
canvasWidth:100,
canvasHeight:100,
data:[{x:43,y:0,l:59,w:57},],
----------------------- 55 ---------------------------
canvasWidth:100,
canvasHeight:100,
data:[{x:99,y:0,l:99,w:1},{x:0,y:0,l:70,w:99},],
----------------------- 56 ---------------------------
canvasWidth:100,
canvasHeight:100,
data:[{x:4,y:0,l:83,w:96},],
----------------------- 57 ---------------------------
canvasWidth:100,
canvasHeight:100,
data:[{x:14,y:0,l:76,w:86},],
----------------------- 58 ---------------------------
canvasWidth:100,
canvasHeight:100,
data:[{x:6,y:0,l:51,w:94},],
----------------------- 59 ---------------------------
canvasWidth:100,
canvasHeight:100,
data:[{x:27,y:0,l:51,w:73},],
