====================================== Class_01.2bp-22 =====================================
Reduced size: 60 usedBin: 0
[4, 49, 55]
[25, 31, 33]
[6, 40]
[12, 15, 52]
[2]
[13]
[23, 27, 39]
[3, 29, 58]
[20, 24, 30, 53]
[17, 38, 43]
[10, 11]
[16, 34, 44, 45, 56]
[7, 36, 41]
[8, 19, 54]
[22, 35, 42, 46, 57, 59]
[18, 26, 32, 51]
[1, 37, 50]
[9, 28]
[14, 21, 48]
[0, 47]
[5]
------------------------------------------------
Best fit used bin number: 21
Found best solution: 21 0.25

   Statrt add columnAndCut col: 21 cons: 0 cut: 0	0.328

	1 Start Add column using column generation  col: 21 cons: 0 cut: 0	0.328
			Start solve  LP :0.328
			End solve LP obj: 21.0 t: 0
	1 End Add column using column generation : 21.0 col: 21 cons: 0 cut: 0	0.328
   End add columnAndCut : 21.0 colGencnt: 1 price: 0 col: 21 cons: 0 cut: 0	0.328

Node lb: 21.0 ub: 21 : 0.328

Final Found Solution: 21 genNode: 1 extendedNode: 0:0.328
Bin size: 100
1 : 64,10,4, : 78
2 : 28,24,24, : 76
3 : 56,18, : 74
4 : 50,45,5, : 100
5 : 70, : 70
6 : 49, : 49
7 : 30,28,20, : 78
8 : 70,27,3, : 100
9 : 40,30,25,5, : 100
10 : 42,20,15, : 77
11 : 50,50, : 100
12 : 42,24,12,12,4, : 94
13 : 56,24,18, : 98
14 : 54,40,5, : 99
15 : 32,24,16,12,4,2, : 90
16 : 42,28,24,6, : 100
17 : 72,20,7, : 99
18 : 54,28, : 82
19 : 48,40,10, : 98
20 : 80,12, : 92
21 : 63, : 63
----------------------- 1 ---------------------------
canvasWidth:10,
canvasHeight:10,
data:[{x:0,y:0,l:1,w:10},{x:2,y:1,l:8,w:8},{x:6,y:9,l:1,w:4},],
----------------------- 2 ---------------------------
canvasWidth:10,
canvasHeight:10,
data:[{x:6,y:0,l:6,w:4},{x:2,y:0,l:6,w:4},{x:3,y:6,l:4,w:7},],
----------------------- 3 ---------------------------
canvasWidth:10,
canvasHeight:10,
data:[{x:8,y:0,l:9,w:2},{x:0,y:0,l:7,w:8},],
----------------------- 4 ---------------------------
canvasWidth:10,
canvasHeight:10,
data:[{x:0,y:0,l:5,w:10},{x:1,y:5,l:5,w:9},{x:0,y:5,l:5,w:1},],
----------------------- 5 ---------------------------
canvasWidth:10,
canvasHeight:10,
data:[{x:3,y:0,l:10,w:7},],
----------------------- 6 ---------------------------
canvasWidth:10,
canvasHeight:10,
data:[{x:3,y:0,l:7,w:7},],
----------------------- 7 ---------------------------
canvasWidth:10,
canvasHeight:10,
data:[{x:4,y:0,l:5,w:6},{x:6,y:5,l:5,w:4},{x:0,y:0,l:7,w:4},],
----------------------- 8 ---------------------------
canvasWidth:10,
canvasHeight:10,
data:[{x:3,y:0,l:10,w:7},{x:0,y:0,l:9,w:3},{x:0,y:9,l:1,w:3},],
----------------------- 9 ---------------------------
canvasWidth:10,
canvasHeight:10,
data:[{x:5,y:0,l:5,w:5},{x:4,y:0,l:5,w:1},{x:4,y:5,l:5,w:6},{x:0,y:0,l:10,w:4},],
----------------------- 10 ---------------------------
canvasWidth:10,
canvasHeight:10,
data:[{x:3,y:0,l:6,w:7},{x:5,y:6,l:4,w:5},{x:0,y:0,l:5,w:3},],
----------------------- 11 ---------------------------
canvasWidth:10,
canvasHeight:10,
data:[{x:5,y:0,l:10,w:5},{x:0,y:0,l:10,w:5},],
----------------------- 12 ---------------------------
canvasWidth:10,
canvasHeight:10,
data:[{x:6,y:0,l:6,w:4},{x:7,y:6,l:4,w:3},{x:6,y:6,l:4,w:1},{x:0,y:0,l:7,w:6},{x:2,y:7,l:3,w:4},],
----------------------- 13 ---------------------------
canvasWidth:10,
canvasHeight:10,
data:[{x:2,y:0,l:7,w:8},{x:2,y:7,l:3,w:8},{x:0,y:0,l:9,w:2},],
----------------------- 14 ---------------------------
canvasWidth:10,
canvasHeight:10,
data:[{x:0,y:0,l:4,w:10},{x:1,y:4,l:6,w:9},{x:0,y:4,l:5,w:1},],
----------------------- 15 ---------------------------
canvasWidth:10,
canvasHeight:10,
data:[{x:2,y:0,l:2,w:8},{x:0,y:0,l:2,w:2},{x:6,y:2,l:8,w:4},{x:4,y:2,l:6,w:2},{x:5,y:8,l:2,w:1},{x:0,y:2,l:6,w:4},],
----------------------- 16 ---------------------------
canvasWidth:10,
canvasHeight:10,
data:[{x:3,y:0,l:6,w:7},{x:3,y:6,l:4,w:7},{x:0,y:0,l:8,w:3},{x:0,y:8,l:2,w:3},],
----------------------- 17 ---------------------------
canvasWidth:10,
canvasHeight:10,
data:[{x:0,y:0,l:2,w:10},{x:1,y:2,l:8,w:9},{x:0,y:2,l:7,w:1},],
----------------------- 18 ---------------------------
canvasWidth:10,
canvasHeight:10,
data:[{x:1,y:0,l:6,w:9},{x:3,y:6,l:4,w:7},],
----------------------- 19 ---------------------------
canvasWidth:10,
canvasHeight:10,
data:[{x:0,y:0,l:4,w:10},{x:2,y:4,l:6,w:8},{x:0,y:4,l:5,w:2},],
----------------------- 20 ---------------------------
canvasWidth:10,
canvasHeight:10,
data:[{x:2,y:0,l:10,w:8},{x:0,y:0,l:6,w:2},],
----------------------- 21 ---------------------------
canvasWidth:10,
canvasHeight:10,
data:[{x:1,y:0,l:7,w:9},],
