====================================== Class_06.2bp-1 =====================================
Reduced size: 20 usedBin: 0
[0, 1, 2, 3, 4, 5, 6, 7, 8, 9, 10, 11, 12, 13, 14, 15, 16, 17, 18, 19]
------------------------------------------------
Best fit used bin number: 1
Found best solution: 1 0.156

   Statrt add columnAndCut col: 1 cons: 0 cut: 0	0.203

	1 Start Add column using column generation  col: 1 cons: 0 cut: 0	0.203
			Start solve  LP :0.203
			End solve LP obj: 1.0 t: 0
	1 End Add column using column generation : 1.0 col: 1 cons: 0 cut: 0	0.203
   End add columnAndCut : 1.0 colGencnt: 1 price: 0 col: 1 cons: 0 cut: 0	0.203

Node lb: 1.0 ub: 1 : 0.203

Final Found Solution: 1 genNode: 1 extendedNode: 0:0.203
Bin size: 90000
1 : 5751,5330,3888,3672,2400,2046,1911,1440,1300,1140,896,800,595,304,288,192,168,148,89,9, : 32367
----------------------- 1 ---------------------------
canvasWidth:300,
canvasHeight:300,
data:[{x:228,y:0,l:51,w:72},{x:208,y:0,l:40,w:20},{x:176,y:0,l:28,w:32},{x:184,y:28,l:7,w:24},{x:114,y:0,l:33,w:62},{x:23,y:0,l:21,w:91},{x:7,y:0,l:18,w:16},{x:25,y:21,l:1,w:89},{x:16,y:21,l:1,w:9},{x:143,y:44,l:7,w:85},{x:229,y:51,l:81,w:71},{x:284,y:132,l:90,w:16},{x:236,y:132,l:81,w:48},{x:232,y:132,l:37,w:4},{x:236,y:213,l:4,w:48},{x:268,y:225,l:75,w:32},{x:243,y:225,l:52,w:25},{x:252,y:277,l:19,w:16},{x:217,y:51,l:95,w:12},{x:152,y:51,l:82,w:65},],
