====================================== Class_03.2bp-48 =====================================
Reduced size: 100 usedBin: 0
[16, 17, 54, 71, 97]
[8, 50, 51, 58, 88, 99]
[0, 53, 64, 90, 94]
[5, 40, 46, 65, 93]
[14, 21, 47, 81, 96]
[12, 18, 59, 77]
[13, 32, 36, 66]
[27, 30, 34, 38, 78, 95]
[29, 31, 37, 44, 56]
[15, 28, 55, 68, 85, 87, 89, 91]
[4, 42, 69, 82, 84]
[23, 25, 35, 67, 86]
[3, 39, 61, 79]
[7, 57, 60, 74]
[11, 19, 70, 73]
[10, 48, 49, 72]
[20, 26, 62, 75]
[9, 22]
[6]
[2, 41, 80, 83]
[1, 43, 52]
[24, 33, 45, 63, 76, 92, 98]
------------------------------------------------
Best fit used bin number: 22
Found best solution: 22 0.172

   Statrt add columnAndCut col: 22 cons: 0 cut: 0	0.25

	1 Start Add column using column generation  col: 22 cons: 0 cut: 0	0.25
			Start solve  LP :0.25
			End solve LP obj: 22.0 t: 0
	1 End Add column using column generation : 22.0 col: 22 cons: 0 cut: 0	0.25
   End add columnAndCut : 22.0 colGencnt: 1 price: 0 col: 22 cons: 0 cut: 0	0.25

Node lb: 22.0 ub: 22 : 0.25

Final Found Solution: 22 genNode: 1 extendedNode: 0:0.25
Bin size: 1600
1 : 612,609,180,102,10, : 1513
2 : 896,204,203,165,45,4, : 1517
3 : 1122,186,140,35,24, : 1507
4 : 928,260,224,126,26, : 1564
5 : 667,544,220,70,15, : 1516
6 : 704,595,161,80, : 1540
7 : 693,360,304,126, : 1483
8 : 418,380,323,285,80,16, : 1502
9 : 390,368,294,234,180, : 1466
10 : 630,400,180,120,56,48,45,32, : 1511
11 : 986,250,116,60,56, : 1468
12 : 455,440,308,124,54, : 1381
13 : 992,280,156,75, : 1503
14 : 899,168,160,88, : 1315
15 : 726,595,110,90, : 1521
16 : 868,216,216,96, : 1396
17 : 580,432,150,84, : 1246
18 : 875,525, : 1400
19 : 924, : 924
20 : 1015,256,70,60, : 1401
21 : 1089,245,189, : 1523
22 : 450,351,234,147,84,30,8, : 1304
----------------------- 1 ---------------------------
canvasWidth:40,
canvasHeight:40,
data:[{x:23,y:0,l:6,w:17},{x:21,y:0,l:5,w:2},{x:22,y:6,l:34,w:18},{x:0,y:0,l:29,w:21},{x:1,y:29,l:9,w:20},],
----------------------- 2 ---------------------------
canvasWidth:40,
canvasHeight:40,
data:[{x:8,y:0,l:28,w:32},{x:23,y:28,l:12,w:17},{x:8,y:28,l:11,w:15},{x:1,y:0,l:29,w:7},{x:3,y:29,l:9,w:5},{x:6,y:38,l:2,w:2},],
----------------------- 3 ---------------------------
canvasWidth:40,
canvasHeight:40,
data:[{x:6,y:0,l:33,w:34},{x:1,y:0,l:28,w:5},{x:35,y:33,l:7,w:5},{x:4,y:33,l:6,w:31},{x:0,y:33,l:6,w:4},],
----------------------- 4 ---------------------------
canvasWidth:40,
canvasHeight:40,
data:[{x:8,y:0,l:29,w:32},{x:0,y:0,l:28,w:8},{x:14,y:29,l:10,w:26},{x:14,y:39,l:1,w:26},{x:0,y:29,l:9,w:14},],
----------------------- 5 ---------------------------
canvasWidth:40,
canvasHeight:40,
data:[{x:11,y:0,l:23,w:29},{x:1,y:0,l:22,w:10},{x:6,y:23,l:16,w:34},{x:1,y:23,l:14,w:5},{x:1,y:37,l:3,w:5},],
----------------------- 6 ---------------------------
canvasWidth:40,
canvasHeight:40,
data:[{x:23,y:0,l:35,w:17},{x:24,y:35,l:5,w:16},{x:0,y:0,l:7,w:23},{x:1,y:7,l:32,w:22},],
----------------------- 7 ---------------------------
canvasWidth:40,
canvasHeight:40,
data:[{x:7,y:0,l:21,w:33},{x:1,y:0,l:21,w:6},{x:20,y:21,l:18,w:20},{x:0,y:21,l:16,w:19},],
----------------------- 8 ---------------------------
canvasWidth:40,
canvasHeight:40,
data:[{x:36,y:0,l:20,w:4},{x:19,y:0,l:19,w:17},{x:20,y:19,l:1,w:16},{x:21,y:20,l:20,w:19},{x:0,y:0,l:22,w:19},{x:0,y:22,l:15,w:19},],
----------------------- 9 ---------------------------
canvasWidth:40,
canvasHeight:40,
data:[{x:26,y:0,l:21,w:14},{x:27,y:21,l:18,w:13},{x:0,y:0,l:15,w:26},{x:10,y:15,l:23,w:16},{x:1,y:15,l:20,w:9},],
----------------------- 10 ---------------------------
canvasWidth:40,
canvasHeight:40,
data:[{x:10,y:0,l:21,w:30},{x:8,y:0,l:16,w:2},{x:0,y:0,l:15,w:8},{x:1,y:16,l:5,w:9},{x:15,y:21,l:16,w:25},{x:16,y:37,l:2,w:24},{x:0,y:21,l:12,w:15},{x:1,y:33,l:4,w:14},],
----------------------- 11 ---------------------------
canvasWidth:40,
canvasHeight:40,
data:[{x:11,y:0,l:34,w:29},{x:11,y:34,l:4,w:29},{x:12,y:38,l:2,w:28},{x:1,y:0,l:25,w:10},{x:7,y:25,l:15,w:4},],
----------------------- 12 ---------------------------
canvasWidth:40,
canvasHeight:40,
data:[{x:27,y:0,l:35,w:13},{x:7,y:0,l:22,w:20},{x:1,y:0,l:9,w:6},{x:5,y:22,l:14,w:22},{x:9,y:36,l:4,w:31},],
----------------------- 13 ---------------------------
canvasWidth:40,
canvasHeight:40,
data:[{x:8,y:0,l:31,w:32},{x:14,y:31,l:6,w:26},{x:15,y:37,l:3,w:25},{x:0,y:0,l:35,w:8},],
----------------------- 14 ---------------------------
canvasWidth:40,
canvasHeight:40,
data:[{x:11,y:0,l:31,w:29},{x:1,y:0,l:16,w:10},{x:3,y:16,l:11,w:8},{x:19,y:31,l:8,w:21},],
----------------------- 15 ---------------------------
canvasWidth:40,
canvasHeight:40,
data:[{x:22,y:0,l:5,w:18},{x:23,y:5,l:35,w:17},{x:0,y:0,l:33,w:22},{x:0,y:33,l:5,w:22},],
----------------------- 16 ---------------------------
canvasWidth:40,
canvasHeight:40,
data:[{x:9,y:0,l:28,w:31},{x:22,y:28,l:12,w:18},{x:14,y:28,l:12,w:8},{x:0,y:0,l:24,w:9},],
----------------------- 17 ---------------------------
canvasWidth:40,
canvasHeight:40,
data:[{x:24,y:0,l:27,w:16},{x:25,y:27,l:10,w:15},{x:4,y:0,l:29,w:20},{x:0,y:0,l:21,w:4},],
----------------------- 18 ---------------------------
canvasWidth:40,
canvasHeight:40,
data:[{x:5,y:0,l:25,w:35},{x:5,y:25,l:15,w:35},],
----------------------- 19 ---------------------------
canvasWidth:40,
canvasHeight:40,
data:[{x:12,y:0,l:33,w:28},],
----------------------- 20 ---------------------------
canvasWidth:40,
canvasHeight:40,
data:[{x:11,y:0,l:35,w:29},{x:3,y:0,l:32,w:8},{x:5,y:35,l:2,w:35},{x:20,y:37,l:3,w:20},],
----------------------- 21 ---------------------------
canvasWidth:40,
canvasHeight:40,
data:[{x:7,y:0,l:33,w:33},{x:13,y:33,l:7,w:27},{x:0,y:0,l:35,w:7},],
----------------------- 22 ---------------------------
canvasWidth:40,
canvasHeight:40,
data:[{x:22,y:0,l:13,w:18},{x:27,y:13,l:27,w:13},{x:23,y:13,l:21,w:4},{x:21,y:0,l:8,w:1},{x:0,y:0,l:7,w:21},{x:7,y:8,l:30,w:15},{x:7,y:38,l:2,w:15},],
