====================================== Class_04.2bp-17 =====================================
Reduced size: 40 usedBin: 0
[0, 1, 2, 3, 4, 6, 8, 12, 19, 20, 22, 23, 24, 26, 27, 28, 29, 30, 31, 32, 33, 34, 36]
[5, 7, 9, 10, 11, 13, 14, 15, 16, 17, 18, 21, 25, 35, 37, 38, 39]
------------------------------------------------
Best fit used bin number: 2
Found best solution: 2 0.313

   Statrt add columnAndCut col: 2 cons: 0 cut: 0	0.375

	1 Start Add column using column generation  col: 2 cons: 0 cut: 0	0.375
			Start solve  LP :0.375
			End solve LP obj: 2.0 t: 0
	1 End Add column using column generation : 2.0 col: 2 cons: 0 cut: 0	0.375
   End add columnAndCut : 2.0 colGencnt: 1 price: 0 col: 2 cons: 0 cut: 0	0.375

Node lb: 2.0 ub: 2 : 0.375

Final Found Solution: 2 genNode: 1 extendedNode: 0:0.375
Bin size: 10000
1 : 1015,945,840,825,812,754,720,612,416,396,319,252,238,152,132,108,93,69,68,62,52,44,26, : 8950
2 : 759,728,714,620,612,500,496,490,464,462,448,341,231,32,22,21,12, : 6952
----------------------- 1 ---------------------------
canvasWidth:100,
canvasHeight:100,
data:[{x:67,y:0,l:25,w:33},{x:67,y:25,l:12,w:33},{x:67,y:37,l:4,w:33},{x:71,y:41,l:28,w:29},{x:67,y:41,l:11,w:4},{x:72,y:69,l:30,w:28},{x:74,y:99,l:1,w:26},{x:65,y:0,l:34,w:2},{x:65,y:34,l:31,w:2},{x:65,y:65,l:26,w:2},{x:30,y:0,l:29,w:35},{x:4,y:0,l:29,w:26},{x:41,y:29,l:30,w:24},{x:38,y:29,l:23,w:3},{x:39,y:59,l:16,w:26},{x:3,y:29,l:27,w:35},{x:32,y:56,l:18,w:6},{x:3,y:56,l:11,w:29},{x:13,y:67,l:8,w:19},{x:31,y:75,l:18,w:34},{x:17,y:75,l:18,w:14},{x:31,y:93,l:7,w:34},{x:0,y:0,l:31,w:3},],
----------------------- 2 ---------------------------
canvasWidth:100,
canvasHeight:100,
data:[{x:66,y:0,l:21,w:34},{x:77,y:21,l:33,w:23},{x:66,y:21,l:31,w:11},{x:69,y:54,l:20,w:31},{x:66,y:54,l:4,w:3},{x:67,y:58,l:11,w:2},{x:75,y:74,l:20,w:25},{x:52,y:0,l:35,w:14},{x:36,y:0,l:31,w:16},{x:44,y:31,l:4,w:8},{x:37,y:31,l:3,w:7},{x:18,y:0,l:34,w:18},{x:40,y:35,l:28,w:26},{x:24,y:35,l:28,w:16},{x:50,y:63,l:29,w:16},{x:28,y:63,l:21,w:22},{x:0,y:0,l:33,w:7},],
