====================================== Class_04.2bp-27 =====================================
Reduced size: 60 usedBin: 0
[3, 6, 9, 10, 11, 12, 14, 16, 17, 22, 23, 24, 25, 26, 29, 30, 35, 37, 38, 41, 43, 44, 45, 49, 51, 54]
[0, 1, 2, 4, 5, 7, 8, 13, 15, 18, 19, 20, 27, 36, 40, 42, 46, 47, 48, 53, 55, 57, 58]
[21, 28, 31, 32, 33, 34, 39, 50, 52, 56, 59]
------------------------------------------------
Best fit used bin number: 3
Found best solution: 3 0.141

   Statrt add columnAndCut col: 3 cons: 0 cut: 0	0.203

	1 Start Add column using column generation  col: 3 cons: 0 cut: 0	0.203
			Start solve  LP :0.203
			End solve LP obj: 3.0 t: 0
	1 End Add column using column generation : 3.0 col: 3 cons: 0 cut: 0	0.203
   End add columnAndCut : 3.0 colGencnt: 1 price: 0 col: 3 cons: 0 cut: 0	0.203

Node lb: 3.0 ub: 3 : 0.203

Final Found Solution: 3 genNode: 1 extendedNode: 0:0.203
Bin size: 10000
1 : 910,792,624,620,558,552,520,493,484,380,378,368,330,325,280,275,210,189,184,168,126,88,84,55,48,33, : 9074
2 : 952,945,945,868,800,702,660,522,495,476,462,437,324,204,169,155,84,84,81,35,29,14,12, : 9455
3 : 384,310,250,234,230,216,175,51,48,18,8, : 1924
----------------------- 1 ---------------------------
canvasWidth:100,
canvasHeight:100,
data:[{x:69,y:0,l:20,w:31},{x:43,y:0,l:20,w:26},{x:24,y:0,l:20,w:19},{x:10,y:0,l:20,w:14},{x:76,y:20,l:33,w:24},{x:77,y:53,l:24,w:23},{x:79,y:77,l:4,w:21},{x:50,y:20,l:24,w:26},{x:48,y:20,l:24,w:2},{x:32,y:20,l:23,w:16},{x:41,y:44,l:26,w:35},{x:43,y:70,l:10,w:33},{x:30,y:44,l:25,w:11},{x:30,y:69,l:5,w:11},{x:30,y:74,l:3,w:11},{x:8,y:20,l:22,w:22},{x:8,y:42,l:4,w:22},{x:13,y:46,l:29,w:17},{x:0,y:0,l:23,w:8},{x:0,y:23,l:21,w:8},{x:1,y:44,l:27,w:7},{x:69,y:82,l:18,w:31},{x:48,y:82,l:18,w:21},{x:41,y:82,l:18,w:7},{x:27,y:82,l:15,w:14},{x:0,y:82,l:13,w:25},],
----------------------- 2 ---------------------------
canvasWidth:100,
canvasHeight:100,
data:[{x:73,y:0,l:35,w:27},{x:73,y:35,l:35,w:27},{x:73,y:70,l:26,w:27},{x:73,y:96,l:3,w:27},{x:45,y:0,l:34,w:28},{x:30,y:0,l:33,w:15},{x:33,y:33,l:1,w:12},{x:0,y:0,l:22,w:30},{x:3,y:22,l:12,w:27},{x:45,y:34,l:31,w:28},{x:13,y:34,l:25,w:32},{x:14,y:59,l:5,w:31},{x:16,y:64,l:1,w:29},{x:0,y:34,l:13,w:13},{x:7,y:47,l:14,w:6},{x:0,y:47,l:12,w:7},{x:39,y:65,l:14,w:34},{x:38,y:65,l:14,w:1},{x:38,y:79,l:1,w:35},{x:39,y:80,l:6,w:34},{x:40,y:86,l:14,w:33},{x:19,y:65,l:29,w:18},{x:0,y:65,l:23,w:19},],
----------------------- 3 ---------------------------
canvasWidth:100,
canvasHeight:100,
data:[{x:76,y:0,l:16,w:24},{x:76,y:16,l:9,w:24},{x:77,y:25,l:10,w:23},{x:91,y:35,l:26,w:9},{x:81,y:35,l:25,w:10},{x:83,y:60,l:1,w:8},{x:79,y:35,l:24,w:2},{x:76,y:35,l:17,w:3},{x:90,y:61,l:31,w:10},{x:91,y:92,l:2,w:9},{x:51,y:0,l:7,w:25},],
