====================================== Class_01.2bp-16 =====================================
Reduced size: 40 usedBin: 0
[4, 17, 20]
[2, 24, 28, 29]
[0]
[3, 13, 32]
[10, 11, 16]
[5, 8]
[1]
[7, 22, 33, 34, 35, 36, 37, 38]
[9, 14, 19, 26]
[6, 21, 23, 27, 30, 31, 39]
[12, 15, 18, 25]
------------------------------------------------
Best fit used bin number: 11
Found best solution: 11 0.25

   Statrt add columnAndCut col: 11 cons: 0 cut: 0	0.312

	1 Start Add column using column generation  col: 11 cons: 0 cut: 0	0.312
			Start solve  LP :0.328
			End solve LP obj: 11.0 t: 0
	1 End Add column using column generation : 11.0 col: 11 cons: 0 cut: 0	0.328
   End add columnAndCut : 11.0 colGencnt: 1 price: 0 col: 11 cons: 0 cut: 0	0.328

Node lb: 11.0 ub: 11 : 0.328

Final Found Solution: 11 genNode: 1 extendedNode: 0:0.328
Bin size: 100
1 : 60,20,18, : 98
2 : 72,10,9,8, : 99
3 : 100, : 100
4 : 63,30,7, : 100
5 : 36,36,20, : 92
6 : 60,40, : 100
7 : 100, : 100
8 : 48,12,7,6,6,6,4,3, : 92
9 : 40,30,20,10, : 100
10 : 49,12,12,9,8,8,2, : 100
11 : 36,27,20,10, : 93
----------------------- 1 ---------------------------
canvasWidth:10,
canvasHeight:10,
data:[{x:0,y:0,l:6,w:10},{x:0,y:6,l:2,w:10},{x:1,y:8,l:2,w:9},],
----------------------- 2 ---------------------------
canvasWidth:10,
canvasHeight:10,
data:[{x:0,y:0,l:1,w:10},{x:2,y:1,l:9,w:8},{x:1,y:1,l:9,w:1},{x:0,y:1,l:8,w:1},],
----------------------- 3 ---------------------------
canvasWidth:10,
canvasHeight:10,
data:[{x:0,y:0,l:10,w:10},],
----------------------- 4 ---------------------------
canvasWidth:10,
canvasHeight:10,
data:[{x:3,y:0,l:9,w:7},{x:3,y:9,l:1,w:7},{x:0,y:0,l:10,w:3},],
----------------------- 5 ---------------------------
canvasWidth:10,
canvasHeight:10,
data:[{x:4,y:0,l:6,w:6},{x:5,y:6,l:4,w:5},{x:0,y:0,l:9,w:4},],
----------------------- 6 ---------------------------
canvasWidth:10,
canvasHeight:10,
data:[{x:0,y:0,l:6,w:10},{x:0,y:6,l:4,w:10},],
----------------------- 7 ---------------------------
canvasWidth:10,
canvasHeight:10,
data:[{x:0,y:0,l:10,w:10},],
----------------------- 8 ---------------------------
canvasWidth:10,
canvasHeight:10,
data:[{x:3,y:0,l:1,w:7},{x:0,y:0,l:1,w:3},{x:6,y:1,l:3,w:4},{x:0,y:1,l:1,w:6},{x:3,y:2,l:2,w:3},{x:1,y:2,l:2,w:2},{x:2,y:4,l:6,w:8},{x:1,y:4,l:6,w:1},],
----------------------- 9 ---------------------------
canvasWidth:10,
canvasHeight:10,
data:[{x:5,y:0,l:8,w:5},{x:5,y:8,l:2,w:5},{x:2,y:0,l:10,w:3},{x:0,y:0,l:10,w:2},],
----------------------- 10 ---------------------------
canvasWidth:10,
canvasHeight:10,
data:[{x:3,y:0,l:7,w:7},{x:6,y:7,l:3,w:4},{x:3,y:7,l:3,w:3},{x:1,y:0,l:6,w:2},{x:1,y:6,l:4,w:2},{x:0,y:0,l:8,w:1},{x:0,y:8,l:2,w:1},],
----------------------- 11 ---------------------------
canvasWidth:10,
canvasHeight:10,
data:[{x:0,y:0,l:1,w:10},{x:4,y:1,l:6,w:6},{x:0,y:1,l:5,w:4},{x:1,y:7,l:3,w:9},],
