====================================== Class_08.2bp-42 =====================================
Reduced size: 100 usedBin: 0
[39, 40, 55, 67, 69, 97]
[22, 38, 48, 51, 79]
[4, 14, 76, 88]
[12, 42, 56]
[3, 47, 63, 75, 87]
[1, 81]
[0, 77]
[11, 24, 61]
[20, 43, 52, 90]
[7, 10, 91]
[5, 6, 82]
[13, 21, 65, 83, 86, 92]
[8, 28, 62, 64]
[17, 23, 33, 93]
[9, 15, 66]
[19, 31, 71]
[18, 36, 58, 59, 80, 94]
[16, 27, 54]
[30, 32, 50, 72, 73, 74]
[34, 35, 37, 70, 95]
[44, 46, 49, 68, 96, 98]
[41, 45, 53, 57, 84, 85, 89, 99]
[25, 29, 60]
[2, 26, 78]
------------------------------------------------
Best fit used bin number: 24
Found best solution: 24 0.281

   Statrt add columnAndCut col: 24 cons: 0 cut: 0	0.359

	1 Start Add column using column generation  col: 24 cons: 0 cut: 0	0.359
			Start solve  LP :0.359
			End solve LP obj: 24.0 t: 0
	1 End Add column using column generation : 24.0 col: 24 cons: 0 cut: 0	0.359
   End add columnAndCut : 24.0 colGencnt: 1 price: 0 col: 24 cons: 0 cut: 0	0.359

Node lb: 24.0 ub: 24 : 0.359

Final Found Solution: 24 genNode: 1 extendedNode: 0:0.359
Bin size: 10000
1 : 2296,2214,1485,1131,1092,70, : 8288
2 : 3108,2376,1748,1628,680, : 9540
3 : 4500,3800,800,340, : 9440
4 : 3854,2025,1458, : 7337
5 : 5688,1817,1222,800,350, : 9877
6 : 8091,602, : 8693
7 : 8460,770, : 9230
8 : 3901,3071,1296, : 8268
9 : 3212,1872,1598,294, : 6976
10 : 4240,4048,273, : 8561
11 : 4455,4324,553, : 9332
12 : 3825,3128,1188,484,438,249, : 9312
13 : 4224,2784,1248,1218, : 9474
14 : 3276,3104,2552,237, : 9169
15 : 4183,3640,1176, : 8999
16 : 3266,2613,990, : 6869
17 : 3276,2430,1365,1360,658,210, : 9299
18 : 3528,2886,1520, : 7934
19 : 2730,2574,1638,936,840,825, : 9543
20 : 2511,2460,2400,1092,184, : 8647
21 : 1863,1836,1742,1104,93,50, : 6688
22 : 2100,1848,1575,1458,483,450,332,42, : 8288
23 : 3021,2775,1305, : 7101
24 : 5723,3007,738, : 9468
----------------------- 1 ---------------------------
canvasWidth:100,
canvasHeight:100,
data:[{x:1,y:0,l:15,w:99},{x:13,y:15,l:13,w:87},{x:18,y:28,l:28,w:82},{x:18,y:56,l:27,w:82},{x:30,y:83,l:1,w:70},{x:16,y:84,l:13,w:84},],
----------------------- 2 ---------------------------
canvasWidth:100,
canvasHeight:100,
data:[{x:76,y:0,l:99,w:24},{x:0,y:0,l:23,w:76},{x:2,y:23,l:42,w:74},{x:2,y:65,l:22,w:74},{x:8,y:87,l:10,w:68},],
----------------------- 3 ---------------------------
canvasWidth:100,
canvasHeight:100,
data:[{x:0,y:0,l:38,w:100},{x:0,y:38,l:8,w:100},{x:10,y:46,l:50,w:90},{x:15,y:96,l:4,w:85},],
----------------------- 4 ---------------------------
canvasWidth:100,
canvasHeight:100,
data:[{x:18,y:0,l:47,w:82},{x:19,y:47,l:25,w:81},{x:19,y:72,l:18,w:81},],
----------------------- 5 ---------------------------
canvasWidth:100,
canvasHeight:100,
data:[{x:92,y:0,l:100,w:8},{x:13,y:0,l:72,w:79},{x:13,y:72,l:23,w:79},{x:22,y:95,l:5,w:70},{x:0,y:0,l:94,w:13},],
----------------------- 6 ---------------------------
canvasWidth:100,
canvasHeight:100,
data:[{x:13,y:0,l:93,w:87},{x:14,y:93,l:7,w:86},],
----------------------- 7 ---------------------------
canvasWidth:100,
canvasHeight:100,
data:[{x:6,y:0,l:90,w:94},{x:23,y:90,l:10,w:77},],
----------------------- 8 ---------------------------
canvasWidth:100,
canvasHeight:100,
data:[{x:17,y:0,l:47,w:83},{x:17,y:47,l:37,w:83},{x:19,y:84,l:16,w:81},],
----------------------- 9 ---------------------------
canvasWidth:100,
canvasHeight:100,
data:[{x:2,y:0,l:3,w:98},{x:6,y:3,l:17,w:94},{x:27,y:20,l:44,w:73},{x:28,y:64,l:26,w:72},],
----------------------- 10 ---------------------------
canvasWidth:100,
canvasHeight:100,
data:[{x:56,y:0,l:92,w:44},{x:61,y:92,l:7,w:39},{x:3,y:0,l:80,w:53},],
----------------------- 11 ---------------------------
canvasWidth:100,
canvasHeight:100,
data:[{x:1,y:0,l:45,w:99},{x:8,y:45,l:47,w:92},{x:21,y:92,l:7,w:79},],
----------------------- 12 ---------------------------
canvasWidth:100,
canvasHeight:100,
data:[{x:88,y:0,l:99,w:12},{x:3,y:0,l:45,w:85},{x:5,y:45,l:3,w:83},{x:20,y:48,l:46,w:68},{x:9,y:48,l:44,w:11},{x:15,y:94,l:6,w:73},],
----------------------- 13 ---------------------------
canvasWidth:100,
canvasHeight:100,
data:[{x:4,y:0,l:44,w:96},{x:4,y:44,l:29,w:96},{x:4,y:73,l:13,w:96},{x:13,y:86,l:14,w:87},],
----------------------- 14 ---------------------------
canvasWidth:100,
canvasHeight:100,
data:[{x:3,y:0,l:32,w:97},{x:12,y:32,l:29,w:88},{x:16,y:61,l:39,w:84},{x:0,y:0,l:79,w:3},],
----------------------- 15 ---------------------------
canvasWidth:100,
canvasHeight:100,
data:[{x:2,y:0,l:12,w:98},{x:9,y:12,l:40,w:91},{x:11,y:52,l:47,w:89},],
----------------------- 16 ---------------------------
canvasWidth:100,
canvasHeight:100,
data:[{x:29,y:0,l:46,w:71},{x:33,y:46,l:39,w:67},{x:34,y:85,l:15,w:66},],
----------------------- 17 ---------------------------
canvasWidth:100,
canvasHeight:100,
data:[{x:9,y:0,l:36,w:91},{x:9,y:36,l:15,w:91},{x:15,y:51,l:16,w:85},{x:19,y:67,l:30,w:81},{x:30,y:97,l:3,w:70},{x:2,y:0,l:94,w:7},],
----------------------- 18 ---------------------------
canvasWidth:100,
canvasHeight:100,
data:[{x:16,y:0,l:42,w:84},{x:20,y:42,l:19,w:80},{x:26,y:61,l:39,w:74},],
----------------------- 19 ---------------------------
canvasWidth:100,
canvasHeight:100,
data:[{x:22,y:0,l:35,w:78},{x:22,y:35,l:33,w:78},{x:22,y:68,l:21,w:78},{x:25,y:89,l:11,w:75},{x:12,y:0,l:84,w:10},{x:0,y:0,l:78,w:12},],
----------------------- 20 ---------------------------
canvasWidth:100,
canvasHeight:100,
data:[{x:4,y:0,l:25,w:96},{x:8,y:25,l:2,w:92},{x:9,y:27,l:12,w:91},{x:18,y:39,l:30,w:82},{x:19,y:69,l:31,w:81},],
----------------------- 21 ---------------------------
canvasWidth:100,
canvasHeight:100,
data:[{x:31,y:0,l:27,w:69},{x:31,y:27,l:16,w:69},{x:33,y:43,l:26,w:67},{x:31,y:43,l:25,w:2},{x:32,y:69,l:27,w:68},{x:69,y:96,l:3,w:31},],
----------------------- 22 ---------------------------
canvasWidth:100,
canvasHeight:100,
data:[{x:25,y:0,l:21,w:75},{x:2,y:0,l:21,w:23},{x:0,y:0,l:21,w:2},{x:10,y:21,l:5,w:90},{x:17,y:26,l:4,w:83},{x:19,y:30,l:18,w:81},{x:23,y:48,l:24,w:77},{x:25,y:72,l:28,w:75},],
----------------------- 23 ---------------------------
canvasWidth:100,
canvasHeight:100,
data:[{x:47,y:0,l:57,w:53},{x:55,y:57,l:29,w:45},{x:10,y:0,l:75,w:37},],
----------------------- 24 ---------------------------
canvasWidth:100,
canvasHeight:100,
data:[{x:3,y:0,l:59,w:97},{x:3,y:59,l:31,w:97},{x:18,y:90,l:9,w:82},],
