====================================== Class_09.2bp-32 =====================================
Reduced size: 80 usedBin: 0
[25, 50]
[19]
[5]
[8]
[36]
[17]
[16]
[13, 63, 72]
[26]
[3]
[1]
[9]
[42, 49, 76]
[7]
[18]
[14]
[24]
[12, 65]
[6, 75]
[2]
[11]
[10]
[0, 69]
[4, 74]
[29]
[23]
[21, 71]
[40]
[20]
[43, 70]
[31]
[33, 66]
[27]
[15]
[28]
[22]
[35]
[34]
[48]
[41]
[53, 61, 68, 79]
[55]
[46]
[45]
[37]
[52]
[59]
[44, 51, 64, 77, 78]
[56]
[54]
[38, 57]
[32]
[60]
[58]
[39, 62]
[47, 67, 73]
[30]
------------------------------------------------
Best fit used bin number: 57
Found best solution: 57 0.25

   Statrt add columnAndCut col: 57 cons: 0 cut: 0	0.312

	1 Start Add column using column generation  col: 57 cons: 0 cut: 0	0.328
			Start solve  LP :0.328
			End solve LP obj: 57.0 t: 0
	1 End Add column using column generation : 57.0 col: 57 cons: 0 cut: 0	0.328
   End add columnAndCut : 57.0 colGencnt: 1 price: 0 col: 57 cons: 0 cut: 0	0.328

Node lb: 57.0 ub: 57 : 0.328

Final Found Solution: 57 genNode: 1 extendedNode: 0:0.328
Bin size: 10000
1 : 5520,3900, : 9420
2 : 6300, : 6300
3 : 7938, : 7938
4 : 7857, : 7857
5 : 4582, : 4582
6 : 6320, : 6320
7 : 6435, : 6435
8 : 6557,1953,686, : 9196
9 : 5418, : 5418
10 : 8075, : 8075
11 : 8811, : 8811
12 : 7722, : 7722
13 : 4428,3920,288, : 8636
14 : 7885, : 7885
15 : 6305, : 6305
16 : 6468, : 6468
17 : 5561, : 5561
18 : 6723,1170, : 7893
19 : 7920,492, : 8412
20 : 8439, : 8439
21 : 6789, : 6789
22 : 7326, : 7326
23 : 8820,840, : 9660
24 : 8004,584, : 8588
25 : 5180, : 5180
26 : 5658, : 5658
27 : 6072,748, : 6820
28 : 4526, : 4526
29 : 6142, : 6142
30 : 4356,840, : 5196
31 : 4958, : 4958
32 : 4752,1064, : 5816
33 : 5330, : 5330
34 : 6438, : 6438
35 : 5236, : 5236
36 : 5934, : 5934
37 : 4620, : 4620
38 : 4717, : 4717
39 : 4028, : 4028
40 : 4455, : 4455
41 : 3750,3100,888,8, : 7746
42 : 3564, : 3564
43 : 4234, : 4234
44 : 4293, : 4293
45 : 4576, : 4576
46 : 3776, : 3776
47 : 3360, : 3360
48 : 4293,3825,1204,96,40, : 9458
49 : 3540, : 3540
50 : 3591, : 3591
51 : 4550,3500, : 8050
52 : 4760, : 4760
53 : 3132, : 3132
54 : 3480, : 3480
55 : 4539,3082, : 7621
56 : 4118,924,616, : 5658
57 : 5046, : 5046
----------------------- 1 ---------------------------
canvasWidth:100,
canvasHeight:100,
data:[{x:61,y:0,l:100,w:39},{x:1,y:0,l:92,w:60},],
----------------------- 2 ---------------------------
canvasWidth:100,
canvasHeight:100,
data:[{x:37,y:0,l:100,w:63},],
----------------------- 3 ---------------------------
canvasWidth:100,
canvasHeight:100,
data:[{x:19,y:0,l:98,w:81},],
----------------------- 4 ---------------------------
canvasWidth:100,
canvasHeight:100,
data:[{x:3,y:0,l:81,w:97},],
----------------------- 5 ---------------------------
canvasWidth:100,
canvasHeight:100,
data:[{x:21,y:0,l:58,w:79},],
----------------------- 6 ---------------------------
canvasWidth:100,
canvasHeight:100,
data:[{x:21,y:0,l:80,w:79},],
----------------------- 7 ---------------------------
canvasWidth:100,
canvasHeight:100,
data:[{x:35,y:0,l:99,w:65},],
----------------------- 8 ---------------------------
canvasWidth:100,
canvasHeight:100,
data:[{x:93,y:0,l:98,w:7},{x:0,y:0,l:21,w:93},{x:10,y:21,l:79,w:83},],
----------------------- 9 ---------------------------
canvasWidth:100,
canvasHeight:100,
data:[{x:37,y:0,l:86,w:63},],
----------------------- 10 ---------------------------
canvasWidth:100,
canvasHeight:100,
data:[{x:15,y:0,l:95,w:85},],
----------------------- 11 ---------------------------
canvasWidth:100,
canvasHeight:100,
data:[{x:1,y:0,l:89,w:99},],
----------------------- 12 ---------------------------
canvasWidth:100,
canvasHeight:100,
data:[{x:1,y:0,l:78,w:99},],
----------------------- 13 ---------------------------
canvasWidth:100,
canvasHeight:100,
data:[{x:2,y:0,l:40,w:98},{x:18,y:40,l:54,w:82},{x:6,y:40,l:24,w:12},],
----------------------- 14 ---------------------------
canvasWidth:100,
canvasHeight:100,
data:[{x:17,y:0,l:95,w:83},],
----------------------- 15 ---------------------------
canvasWidth:100,
canvasHeight:100,
data:[{x:35,y:0,l:97,w:65},],
----------------------- 16 ---------------------------
canvasWidth:100,
canvasHeight:100,
data:[{x:2,y:0,l:66,w:98},],
----------------------- 17 ---------------------------
canvasWidth:100,
canvasHeight:100,
data:[{x:33,y:0,l:83,w:67},],
----------------------- 18 ---------------------------
canvasWidth:100,
canvasHeight:100,
data:[{x:17,y:0,l:81,w:83},{x:2,y:0,l:78,w:15},],
----------------------- 19 ---------------------------
canvasWidth:100,
canvasHeight:100,
data:[{x:12,y:0,l:90,w:88},{x:6,y:0,l:82,w:6},],
----------------------- 20 ---------------------------
canvasWidth:100,
canvasHeight:100,
data:[{x:3,y:0,l:87,w:97},],
----------------------- 21 ---------------------------
canvasWidth:100,
canvasHeight:100,
data:[{x:27,y:0,l:93,w:73},],
----------------------- 22 ---------------------------
canvasWidth:100,
canvasHeight:100,
data:[{x:26,y:0,l:99,w:74},],
----------------------- 23 ---------------------------
canvasWidth:100,
canvasHeight:100,
data:[{x:10,y:0,l:98,w:90},{x:0,y:0,l:84,w:10},],
----------------------- 24 ---------------------------
canvasWidth:100,
canvasHeight:100,
data:[{x:13,y:0,l:92,w:87},{x:27,y:92,l:8,w:73},],
----------------------- 25 ---------------------------
canvasWidth:100,
canvasHeight:100,
data:[{x:30,y:0,l:74,w:70},],
----------------------- 26 ---------------------------
canvasWidth:100,
canvasHeight:100,
data:[{x:18,y:0,l:69,w:82},],
----------------------- 27 ---------------------------
canvasWidth:100,
canvasHeight:100,
data:[{x:12,y:0,l:69,w:88},{x:1,y:0,l:68,w:11},],
----------------------- 28 ---------------------------
canvasWidth:100,
canvasHeight:100,
data:[{x:27,y:0,l:62,w:73},],
----------------------- 29 ---------------------------
canvasWidth:100,
canvasHeight:100,
data:[{x:17,y:0,l:74,w:83},],
----------------------- 30 ---------------------------
canvasWidth:100,
canvasHeight:100,
data:[{x:34,y:0,l:66,w:66},{x:4,y:0,l:28,w:30},],
----------------------- 31 ---------------------------
canvasWidth:100,
canvasHeight:100,
data:[{x:26,y:0,l:67,w:74},],
----------------------- 32 ---------------------------
canvasWidth:100,
canvasHeight:100,
data:[{x:28,y:0,l:66,w:72},{x:0,y:0,l:38,w:28},],
----------------------- 33 ---------------------------
canvasWidth:100,
canvasHeight:100,
data:[{x:18,y:0,l:65,w:82},],
----------------------- 34 ---------------------------
canvasWidth:100,
canvasHeight:100,
data:[{x:13,y:0,l:74,w:87},],
----------------------- 35 ---------------------------
canvasWidth:100,
canvasHeight:100,
data:[{x:32,y:0,l:77,w:68},],
----------------------- 36 ---------------------------
canvasWidth:100,
canvasHeight:100,
data:[{x:14,y:0,l:69,w:86},],
----------------------- 37 ---------------------------
canvasWidth:100,
canvasHeight:100,
data:[{x:16,y:0,l:55,w:84},],
----------------------- 38 ---------------------------
canvasWidth:100,
canvasHeight:100,
data:[{x:11,y:0,l:53,w:89},],
----------------------- 39 ---------------------------
canvasWidth:100,
canvasHeight:100,
data:[{x:24,y:0,l:53,w:76},],
----------------------- 40 ---------------------------
canvasWidth:100,
canvasHeight:100,
data:[{x:19,y:0,l:55,w:81},],
----------------------- 41 ---------------------------
canvasWidth:100,
canvasHeight:100,
data:[{x:25,y:0,l:50,w:75},{x:1,y:0,l:37,w:24},{x:0,y:0,l:8,w:1},{x:38,y:50,l:50,w:62},],
----------------------- 42 ---------------------------
canvasWidth:100,
canvasHeight:100,
data:[{x:34,y:0,l:54,w:66},],
----------------------- 43 ---------------------------
canvasWidth:100,
canvasHeight:100,
data:[{x:27,y:0,l:58,w:73},],
----------------------- 44 ---------------------------
canvasWidth:100,
canvasHeight:100,
data:[{x:19,y:0,l:53,w:81},],
----------------------- 45 ---------------------------
canvasWidth:100,
canvasHeight:100,
data:[{x:12,y:0,l:52,w:88},],
----------------------- 46 ---------------------------
canvasWidth:100,
canvasHeight:100,
data:[{x:36,y:0,l:59,w:64},],
----------------------- 47 ---------------------------
canvasWidth:100,
canvasHeight:100,
data:[{x:44,y:0,l:60,w:56},],
----------------------- 48 ---------------------------
canvasWidth:100,
canvasHeight:100,
data:[{x:4,y:0,l:1,w:96},{x:55,y:1,l:85,w:45},{x:2,y:1,l:81,w:53},{x:45,y:82,l:4,w:10},{x:14,y:86,l:14,w:86},],
----------------------- 49 ---------------------------
canvasWidth:100,
canvasHeight:100,
data:[{x:41,y:0,l:60,w:59},],
----------------------- 50 ---------------------------
canvasWidth:100,
canvasHeight:100,
data:[{x:43,y:0,l:63,w:57},],
----------------------- 51 ---------------------------
canvasWidth:100,
canvasHeight:100,
data:[{x:50,y:0,l:91,w:50},{x:0,y:0,l:70,w:50},],
----------------------- 52 ---------------------------
canvasWidth:100,
canvasHeight:100,
data:[{x:44,y:0,l:85,w:56},],
----------------------- 53 ---------------------------
canvasWidth:100,
canvasHeight:100,
data:[{x:42,y:0,l:54,w:58},],
----------------------- 54 ---------------------------
canvasWidth:100,
canvasHeight:100,
data:[{x:42,y:0,l:60,w:58},],
----------------------- 55 ---------------------------
canvasWidth:100,
canvasHeight:100,
data:[{x:49,y:0,l:89,w:51},{x:3,y:0,l:67,w:46},],
----------------------- 56 ---------------------------
canvasWidth:100,
canvasHeight:100,
data:[{x:42,y:0,l:71,w:58},{x:67,y:71,l:28,w:33},{x:45,y:71,l:28,w:22},],
----------------------- 57 ---------------------------
canvasWidth:100,
canvasHeight:100,
data:[{x:42,y:0,l:87,w:58},],
