====================================== Class_05.2bp-49 =====================================
Reduced size: 100 usedBin: 0
[6, 82, 88]
[7, 66, 73, 81]
[1]
[0]
[26, 32, 71]
[13, 54, 69, 89, 91, 98]
[2, 87]
[33, 48, 58, 78]
[23]
[16]
[25, 47, 70]
[24, 41]
[31, 49, 51, 92]
[29, 35, 90]
[9, 57]
[3, 72]
[10, 64, 95]
[14, 55, 76, 83]
[15, 45, 85]
[27, 38, 74]
[8, 65, 68]
[18, 52, 56]
[17, 79]
[4, 61]
[21, 42]
[5, 67, 86]
[11, 63]
[28, 30, 75]
[12, 60, 77, 84, 96, 99]
[20, 46, 94]
[19, 62, 97]
[34, 43, 53, 80, 93]
[37, 50, 59]
[36, 39, 44]
[22, 40]
------------------------------------------------
Best fit used bin number: 35
Found best solution: 35 0.156

   Statrt add columnAndCut col: 35 cons: 0 cut: 0	0.219

	1 Start Add column using column generation  col: 35 cons: 0 cut: 0	0.219
			Start solve  LP :0.219
			End solve LP obj: 35.0 t: 0
	1 End Add column using column generation : 35.0 col: 35 cons: 0 cut: 0	0.219
   End add columnAndCut : 35.0 colGencnt: 1 price: 0 col: 35 cons: 0 cut: 0	0.219

Node lb: 35.0 ub: 35 : 0.219

Final Found Solution: 35 genNode: 1 extendedNode: 0:0.234
Bin size: 10000
1 : 7224,500,294, : 8018
2 : 6975,1120,817,500, : 9412
3 : 9600, : 9600
4 : 9800, : 9800
5 : 4731,3999,833, : 9563
6 : 6272,1870,945,280,192,36, : 9595
7 : 7802,330, : 8132
8 : 3933,2262,1674,682, : 8551
9 : 5251, : 5251
10 : 5850, : 5850
11 : 4872,2268,870, : 8010
12 : 5040,2754, : 7794
13 : 4028,2200,1974,165, : 8367
14 : 4410,3807,228, : 8445
15 : 6688,1680, : 8368
16 : 7743,819, : 8562
17 : 6557,1273,57, : 7887
18 : 6035,1827,712,464, : 9038
19 : 6006,2380,437, : 8823
20 : 4674,3225,760, : 8659
21 : 6806,1224,1003, : 9033
22 : 5616,1971,1700, : 9287
23 : 5829,603, : 6432
24 : 7735,1410, : 9145
25 : 5390,2610, : 8000
26 : 7395,1078,360, : 8833
27 : 6510,1350, : 7860
28 : 4416,4032,712, : 9160
29 : 6278,1638,684,455,54,31, : 9140
30 : 5412,2346,128, : 7886
31 : 5478,1408,43, : 6929
32 : 3900,2475,1960,506,150, : 8991
33 : 3233,2016,1650, : 6899
34 : 3630,3094,2451, : 9175
35 : 5264,2760, : 8024
----------------------- 1 ---------------------------
canvasWidth:100,
canvasHeight:100,
data:[{x:95,y:0,l:100,w:5},{x:92,y:0,l:98,w:3},{x:8,y:0,l:86,w:84},],
----------------------- 2 ---------------------------
canvasWidth:100,
canvasHeight:100,
data:[{x:0,y:0,l:5,w:100},{x:44,y:5,l:20,w:56},{x:1,y:5,l:19,w:43},{x:7,y:25,l:75,w:93},],
----------------------- 3 ---------------------------
canvasWidth:100,
canvasHeight:100,
data:[{x:0,y:0,l:96,w:100},],
----------------------- 4 ---------------------------
canvasWidth:100,
canvasHeight:100,
data:[{x:2,y:0,l:100,w:98},],
----------------------- 5 ---------------------------
canvasWidth:100,
canvasHeight:100,
data:[{x:17,y:0,l:57,w:83},{x:0,y:0,l:49,w:17},{x:7,y:57,l:43,w:93},],
----------------------- 6 ---------------------------
canvasWidth:100,
canvasHeight:100,
data:[{x:2,y:0,l:64,w:98},{x:45,y:64,l:34,w:55},{x:10,y:64,l:27,w:35},{x:2,y:64,l:24,w:8},{x:9,y:91,l:1,w:36},{x:10,y:92,l:8,w:35},],
----------------------- 7 ---------------------------
canvasWidth:100,
canvasHeight:100,
data:[{x:6,y:0,l:83,w:94},{x:1,y:0,l:66,w:5},],
----------------------- 8 ---------------------------
canvasWidth:100,
canvasHeight:100,
data:[{x:78,y:0,l:31,w:22},{x:0,y:0,l:29,w:78},{x:43,y:31,l:69,w:57},{x:16,y:31,l:62,w:27},],
----------------------- 9 ---------------------------
canvasWidth:100,
canvasHeight:100,
data:[{x:41,y:0,l:89,w:59},],
----------------------- 10 ---------------------------
canvasWidth:100,
canvasHeight:100,
data:[{x:35,y:0,l:90,w:65},],
----------------------- 11 ---------------------------
canvasWidth:100,
canvasHeight:100,
data:[{x:16,y:0,l:58,w:84},{x:1,y:0,l:58,w:15},{x:46,y:58,l:42,w:54},],
----------------------- 12 ---------------------------
canvasWidth:100,
canvasHeight:100,
data:[{x:19,y:0,l:34,w:81},{x:20,y:34,l:63,w:80},],
----------------------- 13 ---------------------------
canvasWidth:100,
canvasHeight:100,
data:[{x:6,y:0,l:21,w:94},{x:47,y:21,l:76,w:53},{x:3,y:21,l:50,w:44},{x:45,y:97,l:3,w:55},],
----------------------- 14 ---------------------------
canvasWidth:100,
canvasHeight:100,
data:[{x:51,y:0,l:90,w:49},{x:4,y:0,l:81,w:47},{x:0,y:0,l:57,w:4},],
----------------------- 15 ---------------------------
canvasWidth:100,
canvasHeight:100,
data:[{x:24,y:0,l:88,w:76},{x:0,y:0,l:70,w:24},],
----------------------- 16 ---------------------------
canvasWidth:100,
canvasHeight:100,
data:[{x:91,y:0,l:91,w:9},{x:4,y:0,l:89,w:87},],
----------------------- 17 ---------------------------
canvasWidth:100,
canvasHeight:100,
data:[{x:21,y:0,l:83,w:79},{x:2,y:0,l:67,w:19},{x:2,y:67,l:3,w:19},],
----------------------- 18 ---------------------------
canvasWidth:100,
canvasHeight:100,
data:[{x:15,y:0,l:71,w:85},{x:37,y:71,l:29,w:63},{x:21,y:71,l:29,w:16},{x:7,y:0,l:89,w:8},],
----------------------- 19 ---------------------------
canvasWidth:100,
canvasHeight:100,
data:[{x:9,y:0,l:66,w:91},{x:30,y:66,l:34,w:70},{x:7,y:66,l:19,w:23},],
----------------------- 20 ---------------------------
canvasWidth:100,
canvasHeight:100,
data:[{x:57,y:0,l:75,w:43},{x:60,y:75,l:19,w:40},{x:0,y:0,l:82,w:57},],
----------------------- 21 ---------------------------
canvasWidth:100,
canvasHeight:100,
data:[{x:18,y:0,l:83,w:82},{x:41,y:83,l:17,w:59},{x:1,y:0,l:72,w:17},],
----------------------- 22 ---------------------------
canvasWidth:100,
canvasHeight:100,
data:[{x:22,y:0,l:72,w:78},{x:27,y:72,l:27,w:73},{x:2,y:0,l:85,w:20},],
----------------------- 23 ---------------------------
canvasWidth:100,
canvasHeight:100,
data:[{x:33,y:0,l:87,w:67},{x:33,y:87,l:9,w:67},],
----------------------- 24 ---------------------------
canvasWidth:100,
canvasHeight:100,
data:[{x:85,y:0,l:94,w:15},{x:0,y:0,l:91,w:85},],
----------------------- 25 ---------------------------
canvasWidth:100,
canvasHeight:100,
data:[{x:10,y:0,l:29,w:90},{x:23,y:30,l:70,w:77},],
----------------------- 26 ---------------------------
canvasWidth:100,
canvasHeight:100,
data:[{x:15,y:0,l:87,w:85},{x:28,y:87,l:5,w:72},{x:1,y:0,l:77,w:14},],
----------------------- 27 ---------------------------
canvasWidth:100,
canvasHeight:100,
data:[{x:30,y:0,l:93,w:70},{x:3,y:0,l:50,w:27},],
----------------------- 28 ---------------------------
canvasWidth:100,
canvasHeight:100,
data:[{x:52,y:0,l:92,w:48},{x:4,y:0,l:84,w:48},{x:11,y:92,l:8,w:89},],
----------------------- 29 ---------------------------
canvasWidth:100,
canvasHeight:100,
data:[{x:14,y:0,l:73,w:86},{x:2,y:0,l:57,w:12},{x:91,y:73,l:6,w:9},{x:0,y:73,l:5,w:91},{x:60,y:78,l:1,w:31},{x:22,y:79,l:21,w:78},],
----------------------- 30 ---------------------------
canvasWidth:100,
canvasHeight:100,
data:[{x:34,y:0,l:82,w:66},{x:0,y:0,l:69,w:34},{x:2,y:69,l:4,w:32},],
----------------------- 31 ---------------------------
canvasWidth:100,
canvasHeight:100,
data:[{x:34,y:0,l:83,w:66},{x:2,y:0,l:44,w:32},{x:1,y:0,l:43,w:1},],
----------------------- 32 ---------------------------
canvasWidth:100,
canvasHeight:100,
data:[{x:40,y:0,l:65,w:60},{x:0,y:0,l:49,w:40},{x:25,y:65,l:33,w:75},{x:25,y:98,l:2,w:75},{x:2,y:65,l:22,w:23},],
----------------------- 33 ---------------------------
canvasWidth:100,
canvasHeight:100,
data:[{x:4,y:0,l:21,w:96},{x:39,y:21,l:53,w:61},{x:6,y:21,l:50,w:33},],
----------------------- 34 ---------------------------
canvasWidth:100,
canvasHeight:100,
data:[{x:34,y:0,l:55,w:66},{x:43,y:55,l:43,w:57},{x:0,y:0,l:91,w:34},],
----------------------- 35 ---------------------------
canvasWidth:100,
canvasHeight:100,
data:[{x:6,y:0,l:56,w:94},{x:31,y:56,l:40,w:69},],
