====================================== Class_07.2bp-43 =====================================
Reduced size: 100 usedBin: 0
[5, 60, 96]
[3, 40]
[11, 35, 49, 93]
[2, 34]
[17, 18, 66, 99]
[0, 69, 94]
[1, 62, 68]
[7, 9]
[12, 31, 55]
[13, 19]
[10, 26, 64, 88, 91]
[23]
[4, 54, 56]
[20, 30, 67]
[8, 28]
[6, 37, 58, 92]
[14, 16, 78, 98]
[15, 25, 48]
[22, 24, 50, 90, 97]
[21, 32, 39, 86, 95]
[29, 33, 70, 84, 89]
[38, 41, 46, 57, 87]
[42, 45, 61, 63, 65]
[36, 52, 71, 74, 75, 79, 82, 83]
[27, 44, 72, 77, 85]
[43, 53, 73, 81]
[47, 51, 59, 76, 80]
------------------------------------------------
Best fit used bin number: 27
Found best solution: 27 0.25

   Statrt add columnAndCut col: 27 cons: 0 cut: 0	0.312

	1 Start Add column using column generation  col: 27 cons: 0 cut: 0	0.312
			Start solve  LP :0.312
			End solve LP obj: 27.0 t: 16
	1 End Add column using column generation : 27.0 col: 27 cons: 0 cut: 0	0.328
   End add columnAndCut : 27.0 colGencnt: 1 price: 0 col: 27 cons: 0 cut: 0	0.328

Node lb: 27.0 ub: 27 : 0.328

Final Found Solution: 27 genNode: 1 extendedNode: 0:0.328
Bin size: 10000
1 : 5292,1288,94, : 6674
2 : 5980,2418, : 8398
3 : 4650,2538,1974,154, : 9316
4 : 6816,2565, : 9381
5 : 4018,3956,1164,66, : 9204
6 : 7885,1022,112, : 9019
7 : 7298,1260,1056, : 9614
8 : 5044,4752, : 9796
9 : 4648,2772,1581, : 9001
10 : 4389,3854, : 8243
11 : 4675,3040,1245,300,219, : 9479
12 : 3381, : 3381
13 : 5313,1694,1566, : 8573
14 : 3773,2772,1155, : 7700
15 : 4992,2976, : 7968
16 : 5168,2523,1407,201, : 9299
17 : 4140,4048,783,72, : 9043
18 : 4074,3182,1995, : 9251
19 : 3441,3354,1860,270,75, : 9000
20 : 3762,2752,2425,480,99, : 9518
21 : 2886,2574,912,584,300, : 7256
22 : 2430,2392,2150,1530,368, : 8870
23 : 2392,2268,1264,1248,1215, : 8387
24 : 2538,1840,864,837,819,776,736,680, : 9090
25 : 3034,2277,864,801,546, : 7522
26 : 2380,1742,840,748, : 5710
27 : 2130,1846,1296,814,756, : 6842
----------------------- 1 ---------------------------
canvasWidth:100,
canvasHeight:100,
data:[{x:86,y:0,l:92,w:14},{x:2,y:0,l:63,w:84},{x:0,y:0,l:47,w:2},],
----------------------- 2 ---------------------------
canvasWidth:100,
canvasHeight:100,
data:[{x:8,y:0,l:65,w:92},{x:22,y:65,l:31,w:78},],
----------------------- 3 ---------------------------
canvasWidth:100,
canvasHeight:100,
data:[{x:73,y:0,l:94,w:27},{x:52,y:0,l:94,w:21},{x:2,y:0,l:93,w:50},{x:0,y:0,l:77,w:2},],
----------------------- 4 ---------------------------
canvasWidth:100,
canvasHeight:100,
data:[{x:29,y:0,l:96,w:71},{x:2,y:0,l:95,w:27},],
----------------------- 5 ---------------------------
canvasWidth:100,
canvasHeight:100,
data:[{x:59,y:0,l:98,w:41},{x:67,y:98,l:2,w:33},{x:47,y:0,l:97,w:12},{x:1,y:0,l:86,w:46},],
----------------------- 6 ---------------------------
canvasWidth:100,
canvasHeight:100,
data:[{x:5,y:0,l:83,w:95},{x:93,y:83,l:16,w:7},{x:20,y:83,l:14,w:73},],
----------------------- 7 ---------------------------
canvasWidth:100,
canvasHeight:100,
data:[{x:11,y:0,l:82,w:89},{x:30,y:82,l:18,w:70},{x:0,y:0,l:96,w:11},],
----------------------- 8 ---------------------------
canvasWidth:100,
canvasHeight:100,
data:[{x:52,y:0,l:99,w:48},{x:0,y:0,l:97,w:52},],
----------------------- 9 ---------------------------
canvasWidth:100,
canvasHeight:100,
data:[{x:83,y:0,l:93,w:17},{x:0,y:0,l:56,w:83},{x:17,y:56,l:42,w:66},],
----------------------- 10 ---------------------------
canvasWidth:100,
canvasHeight:100,
data:[{x:59,y:0,l:94,w:41},{x:2,y:0,l:77,w:57},],
----------------------- 11 ---------------------------
canvasWidth:100,
canvasHeight:100,
data:[{x:45,y:0,l:85,w:55},{x:7,y:0,l:80,w:38},{x:3,y:0,l:75,w:4},{x:0,y:0,l:73,w:3},{x:17,y:85,l:15,w:83},],
----------------------- 12 ---------------------------
canvasWidth:100,
canvasHeight:100,
data:[{x:31,y:0,l:49,w:69},],
----------------------- 13 ---------------------------
canvasWidth:100,
canvasHeight:100,
data:[{x:23,y:0,l:69,w:77},{x:23,y:69,l:22,w:77},{x:5,y:0,l:87,w:18},],
----------------------- 14 ---------------------------
canvasWidth:100,
canvasHeight:100,
data:[{x:51,y:0,l:77,w:49},{x:15,y:0,l:77,w:36},{x:0,y:0,l:77,w:15},],
----------------------- 15 ---------------------------
canvasWidth:100,
canvasHeight:100,
data:[{x:69,y:0,l:96,w:31},{x:5,y:0,l:78,w:64},],
----------------------- 16 ---------------------------
canvasWidth:100,
canvasHeight:100,
data:[{x:24,y:0,l:68,w:76},{x:3,y:0,l:67,w:21},{x:0,y:0,l:67,w:3},{x:13,y:68,l:29,w:87},],
----------------------- 17 ---------------------------
canvasWidth:100,
canvasHeight:100,
data:[{x:56,y:0,l:92,w:44},{x:10,y:0,l:90,w:46},{x:1,y:0,l:87,w:9},{x:0,y:0,l:72,w:1},],
----------------------- 18 ---------------------------
canvasWidth:100,
canvasHeight:100,
data:[{x:58,y:0,l:97,w:42},{x:37,y:0,l:95,w:21},{x:0,y:0,l:86,w:37},],
----------------------- 19 ---------------------------
canvasWidth:100,
canvasHeight:100,
data:[{x:63,y:0,l:93,w:37},{x:43,y:0,l:93,w:20},{x:40,y:0,l:90,w:3},{x:1,y:0,l:86,w:39},{x:0,y:0,l:75,w:1},],
----------------------- 20 ---------------------------
canvasWidth:100,
canvasHeight:100,
data:[{x:1,y:0,l:1,w:99},{x:62,y:1,l:99,w:38},{x:37,y:1,l:97,w:25},{x:32,y:1,l:96,w:5},{x:0,y:1,l:86,w:32},],
----------------------- 21 ---------------------------
canvasWidth:100,
canvasHeight:100,
data:[{x:63,y:0,l:78,w:37},{x:51,y:0,l:76,w:12},{x:47,y:0,l:75,w:4},{x:39,y:0,l:73,w:8},{x:0,y:0,l:66,w:39},],
----------------------- 22 ---------------------------
canvasWidth:100,
canvasHeight:100,
data:[{x:74,y:0,l:92,w:26},{x:70,y:0,l:92,w:4},{x:43,y:0,l:90,w:27},{x:18,y:0,l:86,w:25},{x:0,y:0,l:85,w:18},],
----------------------- 23 ---------------------------
canvasWidth:100,
canvasHeight:100,
data:[{x:74,y:0,l:92,w:26},{x:47,y:0,l:84,w:27},{x:32,y:0,l:81,w:15},{x:16,y:0,l:79,w:16},{x:0,y:0,l:78,w:16},],
----------------------- 24 ---------------------------
canvasWidth:100,
canvasHeight:100,
data:[{x:92,y:0,l:97,w:8},{x:83,y:0,l:96,w:9},{x:56,y:0,l:94,w:27},{x:47,y:0,l:93,w:9},{x:27,y:0,l:92,w:20},{x:19,y:0,l:92,w:8},{x:10,y:0,l:91,w:9},{x:2,y:0,l:85,w:8},],
----------------------- 25 ---------------------------
canvasWidth:100,
canvasHeight:100,
data:[{x:91,y:0,l:96,w:9},{x:85,y:0,l:91,w:6},{x:76,y:0,l:89,w:9},{x:35,y:0,l:74,w:41},{x:2,y:0,l:69,w:33},],
----------------------- 26 ---------------------------
canvasWidth:100,
canvasHeight:100,
data:[{x:66,y:0,l:70,w:34},{x:54,y:0,l:70,w:12},{x:43,y:0,l:68,w:11},{x:17,y:0,l:67,w:26},],
----------------------- 27 ---------------------------
canvasWidth:100,
canvasHeight:100,
data:[{x:70,y:0,l:71,w:30},{x:72,y:71,l:27,w:28},{x:59,y:0,l:74,w:11},{x:41,y:0,l:72,w:18},{x:15,y:0,l:71,w:26},],
