====================================== Class_01.2bp-13 =====================================
Reduced size: 40 usedBin: 0
[2, 32]
[12, 17, 20, 35]
[3, 26]
[15, 16, 21, 33, 37]
[10, 19, 22, 27, 36]
[0]
[13, 14, 29, 34]
[5, 25]
[1]
[6]
[11, 18, 23, 30]
[7, 24, 28, 38, 39]
[8, 9]
[4, 31]
------------------------------------------------
Best fit used bin number: 14
Found best solution: 14 0.141

   Statrt add columnAndCut col: 14 cons: 0 cut: 0	0.203

	1 Start Add column using column generation  col: 14 cons: 0 cut: 0	0.203
			Start solve  LP :0.203
			End solve LP obj: 14.0 t: 0
	1 End Add column using column generation : 14.0 col: 14 cons: 0 cut: 0	0.203
   End add columnAndCut : 14.0 colGencnt: 1 price: 0 col: 14 cons: 0 cut: 0	0.203

Node lb: 14.0 ub: 14 : 0.203

Final Found Solution: 14 genNode: 1 extendedNode: 0:0.203
Bin size: 100
1 : 80,10, : 90
2 : 35,28,24,5, : 92
3 : 80,16, : 96
4 : 30,28,20,9,3, : 90
5 : 36,24,20,16,4, : 100
6 : 100, : 100
7 : 35,32,12,6, : 85
8 : 72,18, : 90
9 : 90, : 90
10 : 70, : 70
11 : 36,25,20,10, : 91
12 : 56,18,12,2,2, : 90
13 : 45,36, : 81
14 : 72,10, : 82
----------------------- 1 ---------------------------
canvasWidth:10,
canvasHeight:10,
data:[{x:2,y:0,l:10,w:8},{x:0,y:0,l:5,w:2},],
----------------------- 2 ---------------------------
canvasWidth:10,
canvasHeight:10,
data:[{x:5,y:0,l:7,w:5},{x:1,y:0,l:7,w:4},{x:0,y:0,l:5,w:1},{x:2,y:7,l:3,w:8},],
----------------------- 3 ---------------------------
canvasWidth:10,
canvasHeight:10,
data:[{x:0,y:0,l:8,w:10},{x:2,y:8,l:2,w:8},],
----------------------- 4 ---------------------------
canvasWidth:10,
canvasHeight:10,
data:[{x:4,y:0,l:5,w:6},{x:0,y:0,l:5,w:4},{x:3,y:5,l:4,w:7},{x:7,y:9,l:1,w:3},{x:0,y:5,l:3,w:3},],
----------------------- 5 ---------------------------
canvasWidth:10,
canvasHeight:10,
data:[{x:4,y:0,l:6,w:6},{x:5,y:6,l:4,w:5},{x:4,y:6,l:4,w:1},{x:0,y:0,l:6,w:4},{x:0,y:6,l:4,w:4},],
----------------------- 6 ---------------------------
canvasWidth:10,
canvasHeight:10,
data:[{x:0,y:0,l:10,w:10},],
----------------------- 7 ---------------------------
canvasWidth:10,
canvasHeight:10,
data:[{x:5,y:0,l:7,w:5},{x:4,y:0,l:6,w:1},{x:6,y:7,l:3,w:4},{x:0,y:0,l:8,w:4},],
----------------------- 8 ---------------------------
canvasWidth:10,
canvasHeight:10,
data:[{x:2,y:0,l:9,w:8},{x:0,y:0,l:9,w:2},],
----------------------- 9 ---------------------------
canvasWidth:10,
canvasHeight:10,
data:[{x:1,y:0,l:10,w:9},],
----------------------- 10 ---------------------------
canvasWidth:10,
canvasHeight:10,
data:[{x:3,y:0,l:10,w:7},],
----------------------- 11 ---------------------------
canvasWidth:10,
canvasHeight:10,
data:[{x:5,y:0,l:4,w:5},{x:5,y:4,l:2,w:5},{x:0,y:0,l:5,w:5},{x:1,y:6,l:4,w:9},],
----------------------- 12 ---------------------------
canvasWidth:10,
canvasHeight:10,
data:[{x:3,y:0,l:8,w:7},{x:1,y:0,l:6,w:2},{x:2,y:6,l:2,w:1},{x:1,y:6,l:2,w:1},{x:1,y:8,l:2,w:9},],
----------------------- 13 ---------------------------
canvasWidth:10,
canvasHeight:10,
data:[{x:5,y:0,l:9,w:5},{x:1,y:0,l:9,w:4},],
----------------------- 14 ---------------------------
canvasWidth:10,
canvasHeight:10,
data:[{x:1,y:0,l:8,w:9},{x:5,y:8,l:2,w:5},],
