====================================== Class_06.2bp-35 =====================================
Reduced size: 80 usedBin: 0
[0, 2, 3, 6, 7, 9, 13, 18, 21, 22, 23, 27, 31, 33, 41, 44, 50, 53, 54, 56, 59, 61, 66, 68, 73, 74, 76, 77, 78]
[1, 4, 5, 8, 10, 11, 12, 15, 17, 20, 24, 25, 28, 29, 34, 35, 38, 40, 43, 46, 62, 63, 70, 71, 72, 75, 79]
[14, 16, 19, 26, 30, 32, 36, 37, 39, 42, 45, 47, 48, 49, 51, 52, 55, 57, 58, 60, 64, 65, 67, 69]
------------------------------------------------
Best fit used bin number: 3
Found best solution: 3 0.266

   Statrt add columnAndCut col: 3 cons: 0 cut: 0	0.344

	1 Start Add column using column generation  col: 3 cons: 0 cut: 0	0.344
			Start solve  LP :0.344
			End solve LP obj: 3.0 t: 0
	1 End Add column using column generation : 3.0 col: 3 cons: 0 cut: 0	0.344
   End add columnAndCut : 3.0 colGencnt: 1 price: 0 col: 3 cons: 0 cut: 0	0.344

Node lb: 3.0 ub: 3 : 0.344

Final Found Solution: 3 genNode: 1 extendedNode: 0:0.344
Bin size: 90000
1 : 7700,7524,7505,6942,6390,5800,4964,4290,3990,3906,3901,3564,2860,2584,1863,1800,1512,1386,1357,1088,744,627,432,372,213,196,144,40,32, : 83726
2 : 7644,7326,7040,6298,5548,5184,5063,4620,4316,4050,3880,3828,3024,2948,2523,2484,2170,2014,1805,1680,624,600,268,249,217,162,23, : 85588
3 : 4959,4450,4218,3572,2940,2664,2419,2205,2128,1820,1690,1596,1564,1552,1420,1408,1330,1068,980,675,567,450,376,345, : 46396
----------------------- 1 ---------------------------
canvasWidth:300,
canvasHeight:300,
data:[{x:227,y:0,l:68,w:73},{x:162,y:0,l:66,w:65},{x:108,y:0,l:66,w:54},{x:64,y:0,l:65,w:44},{x:1,y:0,l:62,w:63},{x:64,y:66,l:2,w:98},{x:221,y:68,l:95,w:79},{x:224,y:163,l:34,w:76},{x:229,y:197,l:3,w:71},{x:144,y:68,l:100,w:77},{x:202,y:168,l:33,w:19},{x:168,y:168,l:32,w:34},{x:170,y:200,l:1,w:32},{x:54,y:68,l:71,w:90},{x:30,y:68,l:63,w:24},{x:30,y:131,l:6,w:24},{x:44,y:139,l:58,w:100},{x:224,y:201,l:99,w:76},{x:182,y:201,l:95,w:42},{x:178,y:201,l:93,w:4},{x:131,y:201,l:83,w:47},{x:142,y:284,l:12,w:36},{x:53,y:201,l:89,w:78},{x:29,y:201,l:75,w:24},{x:0,y:68,l:69,w:27},{x:19,y:137,l:93,w:8},{x:1,y:137,l:77,w:18},{x:0,y:137,l:40,w:1},{x:4,y:230,l:59,w:23},],
----------------------- 2 ---------------------------
canvasWidth:300,
canvasHeight:300,
data:[{x:202,y:0,l:78,w:98},{x:171,y:0,l:70,w:31},{x:171,y:70,l:7,w:31},{x:179,y:77,l:1,w:23},{x:72,y:0,l:74,w:99},{x:88,y:74,l:3,w:83},{x:0,y:0,l:72,w:72},{x:220,y:78,l:88,w:80},{x:255,y:166,l:90,w:45},{x:226,y:166,l:87,w:29},{x:222,y:166,l:67,w:4},{x:233,y:256,l:44,w:67},{x:153,y:78,l:94,w:67},{x:77,y:78,l:73,w:76},{x:53,y:78,l:70,w:24},{x:58,y:151,l:19,w:95},{x:72,y:170,l:2,w:81},{x:0,y:78,l:83,w:52},{x:154,y:172,l:70,w:66},{x:154,y:242,l:58,w:66},{x:57,y:172,l:40,w:97},{x:4,y:172,l:38,w:53},{x:71,y:212,l:61,w:83},{x:17,y:212,l:56,w:54},{x:1,y:212,l:39,w:16},{x:62,y:273,l:27,w:92},{x:2,y:273,l:10,w:60},],
----------------------- 3 ---------------------------
canvasWidth:300,
canvasHeight:300,
data:[{x:211,y:0,l:50,w:89},{x:151,y:0,l:49,w:60},{x:106,y:0,l:49,w:45},{x:47,y:0,l:41,w:59},{x:9,y:0,l:35,w:38},{x:206,y:50,l:38,w:94},{x:117,y:50,l:12,w:89},{x:141,y:62,l:26,w:65},{x:20,y:50,l:16,w:97},{x:42,y:66,l:9,w:75},{x:54,y:75,l:9,w:63},{x:226,y:88,l:57,w:74},{x:228,y:145,l:37,w:72},{x:229,y:182,l:20,w:71},{x:232,y:202,l:23,w:68},{x:295,y:225,l:69,w:5},{x:273,y:225,l:64,w:22},{x:139,y:88,l:57,w:87},{x:101,y:88,l:56,w:38},{x:63,y:88,l:42,w:38},{x:71,y:130,l:15,w:30},{x:28,y:88,l:52,w:35},{x:8,y:88,l:49,w:20},{x:0,y:88,l:47,w:8},],
