====================================== Class_03.2bp-44 =====================================
Reduced size: 100 usedBin: 0
[5, 42, 45, 84]
[8, 14, 71]
[19, 22, 46, 67]
[23, 28, 39, 85]
[9, 21, 65, 82]
[1, 47, 55, 78, 90]
[0, 58, 62, 96]
[12, 17, 56, 87]
[18, 29, 53, 60, 89]
[4, 33, 64]
[24, 31, 49, 73, 74, 91, 92]
[13, 34, 41, 72]
[36, 43, 50, 59, 81, 93, 98]
[7, 38, 54, 83]
[11, 20, 52, 66]
[3, 48, 57]
[6, 40, 61, 75]
[2, 37, 76]
[16, 35, 51, 69, 70, 97]
[10, 30, 44, 77, 80, 95]
[26, 27, 32, 79, 86, 88, 99]
[15, 25, 63, 68, 94]
------------------------------------------------
Best fit used bin number: 22
Found best solution: 22 0.312

   Statrt add columnAndCut col: 22 cons: 0 cut: 0	0.39

	1 Start Add column using column generation  col: 22 cons: 0 cut: 0	0.39
			Start solve  LP :0.39
			End solve LP obj: 22.0 t: 0
	1 End Add column using column generation : 22.0 col: 22 cons: 0 cut: 0	0.39
   End add columnAndCut : 22.0 colGencnt: 1 price: 0 col: 22 cons: 0 cut: 0	0.39

Node lb: 22.0 ub: 22 : 0.39

Final Found Solution: 22 genNode: 1 extendedNode: 0:0.39
Bin size: 1600
1 : 812,348,315,64, : 1539
2 : 759,595,119, : 1473
3 : 558,484,308,135, : 1485
4 : 462,455,368,64, : 1349
5 : 750,510,176,70, : 1506
6 : 868,306,270,81,48, : 1573
7 : 896,253,182,22, : 1353
8 : 608,576,264,58, : 1506
9 : 567,455,273,198,50, : 1543
10 : 825,420,180, : 1425
11 : 462,448,288,104,99,45,44, : 1490
12 : 598,420,360,110, : 1488
13 : 396,336,285,240,70,40,5, : 1372
14 : 783,374,273,66, : 1496
15 : 609,532,275,143, : 1559
16 : 832,290,264, : 1386
17 : 810,360,189,90, : 1449
18 : 840,377,87, : 1304
19 : 580,400,280,126,120,12, : 1518
20 : 625,448,315,84,75,24, : 1571
21 : 462,456,441,80,60,54,3, : 1556
22 : 588,462,180,128,28, : 1386
----------------------- 1 ---------------------------
canvasWidth:40,
canvasHeight:40,
data:[{x:11,y:0,l:28,w:29},{x:11,y:28,l:12,w:29},{x:2,y:0,l:35,w:9},{x:0,y:0,l:32,w:2},],
----------------------- 2 ---------------------------
canvasWidth:40,
canvasHeight:40,
data:[{x:17,y:0,l:33,w:23},{x:23,y:33,l:7,w:17},{x:0,y:0,l:35,w:17},],
----------------------- 3 ---------------------------
canvasWidth:40,
canvasHeight:40,
data:[{x:22,y:0,l:31,w:18},{x:25,y:31,l:9,w:15},{x:0,y:0,l:22,w:22},{x:0,y:22,l:14,w:22},],
----------------------- 4 ---------------------------
canvasWidth:40,
canvasHeight:40,
data:[{x:5,y:0,l:13,w:35},{x:24,y:13,l:23,w:16},{x:24,y:36,l:4,w:16},{x:0,y:13,l:21,w:22},],
----------------------- 5 ---------------------------
canvasWidth:40,
canvasHeight:40,
data:[{x:15,y:0,l:30,w:25},{x:18,y:30,l:8,w:22},{x:0,y:0,l:34,w:15},{x:5,y:38,l:2,w:35},],
----------------------- 6 ---------------------------
canvasWidth:40,
canvasHeight:40,
data:[{x:31,y:0,l:34,w:9},{x:32,y:34,l:6,w:8},{x:0,y:0,l:28,w:31},{x:1,y:28,l:9,w:30},{x:4,y:37,l:3,w:27},],
----------------------- 7 ---------------------------
canvasWidth:40,
canvasHeight:40,
data:[{x:8,y:0,l:28,w:32},{x:17,y:28,l:11,w:23},{x:1,y:0,l:26,w:7},{x:0,y:0,l:22,w:1},],
----------------------- 8 ---------------------------
canvasWidth:40,
canvasHeight:40,
data:[{x:21,y:0,l:32,w:19},{x:3,y:0,l:32,w:18},{x:1,y:0,l:29,w:2},{x:7,y:32,l:8,w:33},],
----------------------- 9 ---------------------------
canvasWidth:40,
canvasHeight:40,
data:[{x:19,y:0,l:27,w:21},{x:19,y:27,l:13,w:21},{x:6,y:0,l:35,w:13},{x:9,y:35,l:5,w:10},{x:0,y:0,l:33,w:6},],
----------------------- 10 ---------------------------
canvasWidth:40,
canvasHeight:40,
data:[{x:7,y:0,l:25,w:33},{x:12,y:25,l:15,w:28},{x:1,y:0,l:30,w:6},],
----------------------- 11 ---------------------------
canvasWidth:40,
canvasHeight:40,
data:[{x:38,y:0,l:22,w:2},{x:16,y:0,l:21,w:22},{x:24,y:22,l:18,w:16},{x:16,y:22,l:13,w:8},{x:0,y:0,l:28,w:16},{x:5,y:28,l:9,w:11},{x:0,y:28,l:9,w:5},],
----------------------- 12 ---------------------------
canvasWidth:40,
canvasHeight:40,
data:[{x:26,y:0,l:30,w:14},{x:29,y:30,l:10,w:11},{x:0,y:0,l:23,w:26},{x:2,y:23,l:15,w:24},],
----------------------- 13 ---------------------------
canvasWidth:40,
canvasHeight:40,
data:[{x:28,y:0,l:33,w:12},{x:30,y:33,l:7,w:10},{x:29,y:33,l:5,w:1},{x:12,y:0,l:21,w:16},{x:10,y:0,l:20,w:2},{x:13,y:21,l:19,w:15},{x:0,y:0,l:24,w:10},],
----------------------- 14 ---------------------------
canvasWidth:40,
canvasHeight:40,
data:[{x:6,y:0,l:11,w:34},{x:0,y:0,l:11,w:6},{x:13,y:11,l:29,w:27},{x:0,y:11,l:21,w:13},],
----------------------- 15 ---------------------------
canvasWidth:40,
canvasHeight:40,
data:[{x:19,y:0,l:29,w:21},{x:0,y:0,l:28,w:19},{x:15,y:29,l:11,w:25},{x:2,y:29,l:11,w:13},],
----------------------- 16 ---------------------------
canvasWidth:40,
canvasHeight:40,
data:[{x:14,y:0,l:32,w:26},{x:4,y:0,l:29,w:10},{x:7,y:32,l:8,w:33},],
----------------------- 17 ---------------------------
canvasWidth:40,
canvasHeight:40,
data:[{x:13,y:0,l:30,w:27},{x:1,y:0,l:30,w:12},{x:10,y:30,l:3,w:30},{x:13,y:33,l:7,w:27},],
----------------------- 18 ---------------------------
canvasWidth:40,
canvasHeight:40,
data:[{x:5,y:0,l:24,w:35},{x:11,y:24,l:13,w:29},{x:11,y:37,l:3,w:29},],
----------------------- 19 ---------------------------
canvasWidth:40,
canvasHeight:40,
data:[{x:20,y:0,l:20,w:20},{x:6,y:0,l:20,w:14},{x:0,y:0,l:20,w:6},{x:11,y:20,l:20,w:29},{x:4,y:20,l:18,w:7},{x:5,y:38,l:2,w:6},],
----------------------- 20 ---------------------------
canvasWidth:40,
canvasHeight:40,
data:[{x:25,y:0,l:21,w:15},{x:25,y:21,l:5,w:15},{x:0,y:0,l:25,w:25},{x:1,y:25,l:1,w:24},{x:8,y:26,l:14,w:32},{x:1,y:26,l:12,w:7},],
----------------------- 21 ---------------------------
canvasWidth:40,
canvasHeight:40,
data:[{x:21,y:0,l:24,w:19},{x:0,y:0,l:21,w:21},{x:3,y:21,l:3,w:18},{x:35,y:24,l:16,w:5},{x:2,y:24,l:14,w:33},{x:5,y:38,l:2,w:30},{x:2,y:38,l:1,w:3},],
----------------------- 22 ---------------------------
canvasWidth:40,
canvasHeight:40,
data:[{x:19,y:0,l:28,w:21},{x:18,y:0,l:28,w:1},{x:20,y:28,l:9,w:20},{x:4,y:0,l:33,w:14},{x:0,y:0,l:32,w:4},],
