====================================== Class_01.2bp-14 =====================================
Reduced size: 40 usedBin: 0
[14, 18, 19]
[2, 28, 38]
[4, 29]
[3, 25]
[7, 26]
[5, 30, 36, 39]
[0]
[1]
[9, 12, 32]
[11, 13, 37]
[8, 21, 24]
[6, 31, 33, 34]
[10, 16, 23]
[15, 22, 27, 35]
[17, 20]
------------------------------------------------
Best fit used bin number: 15
Found best solution: 15 0.25

   Statrt add columnAndCut col: 15 cons: 0 cut: 0	0.328

	1 Start Add column using column generation  col: 15 cons: 0 cut: 0	0.328
			Start solve  LP :0.328
			End solve LP obj: 15.0 t: 0
	1 End Add column using column generation : 15.0 col: 15 cons: 0 cut: 0	0.328
   End add columnAndCut : 15.0 colGencnt: 1 price: 0 col: 15 cons: 0 cut: 0	0.328

Node lb: 15.0 ub: 15 : 0.328

Final Found Solution: 15 genNode: 1 extendedNode: 0:0.328
Bin size: 100
1 : 40,30,27, : 97
2 : 80,16,4, : 100
3 : 80,16, : 96
4 : 80,18, : 98
5 : 60,18, : 78
6 : 80,12,6,2, : 100
7 : 100, : 100
8 : 90, : 90
9 : 50,40,8, : 98
10 : 45,40,5, : 90
11 : 56,24,20, : 100
12 : 64,12,8,7, : 91
13 : 48,32,20, : 100
14 : 35,24,18,6, : 83
15 : 30,25, : 55
----------------------- 1 ---------------------------
canvasWidth:10,
canvasHeight:10,
data:[{x:0,y:0,l:4,w:10},{x:0,y:4,l:3,w:10},{x:1,y:7,l:3,w:9},],
----------------------- 2 ---------------------------
canvasWidth:10,
canvasHeight:10,
data:[{x:0,y:0,l:8,w:10},{x:2,y:8,l:2,w:8},{x:0,y:8,l:2,w:2},],
----------------------- 3 ---------------------------
canvasWidth:10,
canvasHeight:10,
data:[{x:2,y:0,l:10,w:8},{x:0,y:0,l:8,w:2},],
----------------------- 4 ---------------------------
canvasWidth:10,
canvasHeight:10,
data:[{x:0,y:0,l:8,w:10},{x:1,y:8,l:2,w:9},],
----------------------- 5 ---------------------------
canvasWidth:10,
canvasHeight:10,
data:[{x:4,y:0,l:10,w:6},{x:1,y:0,l:6,w:3},],
----------------------- 6 ---------------------------
canvasWidth:10,
canvasHeight:10,
data:[{x:0,y:0,l:8,w:10},{x:4,y:8,l:2,w:6},{x:1,y:8,l:2,w:3},{x:0,y:8,l:2,w:1},],
----------------------- 7 ---------------------------
canvasWidth:10,
canvasHeight:10,
data:[{x:0,y:0,l:10,w:10},],
----------------------- 8 ---------------------------
canvasWidth:10,
canvasHeight:10,
data:[{x:0,y:0,l:9,w:10},],
----------------------- 9 ---------------------------
canvasWidth:10,
canvasHeight:10,
data:[{x:0,y:0,l:5,w:10},{x:2,y:5,l:5,w:8},{x:0,y:5,l:4,w:2},],
----------------------- 10 ---------------------------
canvasWidth:10,
canvasHeight:10,
data:[{x:5,y:0,l:9,w:5},{x:0,y:0,l:8,w:5},{x:0,y:8,l:1,w:5},],
----------------------- 11 ---------------------------
canvasWidth:10,
canvasHeight:10,
data:[{x:2,y:0,l:7,w:8},{x:2,y:7,l:3,w:8},{x:0,y:0,l:10,w:2},],
----------------------- 12 ---------------------------
canvasWidth:10,
canvasHeight:10,
data:[{x:2,y:0,l:8,w:8},{x:4,y:8,l:2,w:6},{x:1,y:0,l:8,w:1},{x:0,y:0,l:7,w:1},],
----------------------- 13 ---------------------------
canvasWidth:10,
canvasHeight:10,
data:[{x:4,y:0,l:8,w:6},{x:0,y:0,l:8,w:4},{x:0,y:8,l:2,w:10},],
----------------------- 14 ---------------------------
canvasWidth:10,
canvasHeight:10,
data:[{x:2,y:0,l:3,w:8},{x:0,y:0,l:3,w:2},{x:1,y:3,l:2,w:9},{x:3,y:5,l:5,w:7},],
----------------------- 15 ---------------------------
canvasWidth:10,
canvasHeight:10,
data:[{x:5,y:0,l:6,w:5},{x:0,y:0,l:5,w:5},],
