====================================== Class_08.2bp-26 =====================================
Reduced size: 60 usedBin: 0
[4, 19, 21]
[6, 7, 38, 56]
[1, 39, 42, 46, 49, 51]
[8, 18, 22, 54, 55, 57]
[13, 16, 43, 47]
[9, 15, 41, 53]
[11, 20, 25]
[24, 26, 31, 44, 48]
[5, 10, 29, 58]
[3, 27, 35, 40, 50]
[2, 12, 52, 59]
[14, 23, 30, 36, 45]
[0, 17]
[28, 32, 33, 34, 37]
------------------------------------------------
Best fit used bin number: 14
Found best solution: 14 0.235

   Statrt add columnAndCut col: 14 cons: 0 cut: 0	0.329

	1 Start Add column using column generation  col: 14 cons: 0 cut: 0	0.329
			Start solve  LP :0.329
			End solve LP obj: 14.0 t: 0
	1 End Add column using column generation : 14.0 col: 14 cons: 0 cut: 0	0.329
   End add columnAndCut : 14.0 colGencnt: 1 price: 0 col: 14 cons: 0 cut: 0	0.329

Node lb: 14.0 ub: 14 : 0.329

Final Found Solution: 14 genNode: 1 extendedNode: 0:0.329
Bin size: 10000
1 : 4214,2511,2310, : 9035
2 : 4018,3784,1116,297, : 9215
3 : 5390,1001,880,792,492,405, : 8960
4 : 3626,2546,2208,300,300,284, : 9264
5 : 3124,3036,880,700, : 7740
6 : 3588,3036,979,312, : 7915
7 : 3403,2407,2088, : 7898
8 : 2100,1971,1817,876,560, : 7324
9 : 4171,3492,1880,87, : 9630
10 : 4503,1944,1248,994,462, : 9151
11 : 5130,3298,352,50, : 8830
12 : 3075,2108,1848,1204,858, : 9093
13 : 6900,2852, : 9752
14 : 1920,1725,1472,1365,1170, : 7652
----------------------- 1 ---------------------------
canvasWidth:100,
canvasHeight:100,
data:[{x:2,y:0,l:43,w:98},{x:7,y:43,l:27,w:93},{x:23,y:70,l:30,w:77},],
----------------------- 2 ---------------------------
canvasWidth:100,
canvasHeight:100,
data:[{x:1,y:0,l:3,w:99},{x:2,y:3,l:41,w:98},{x:7,y:44,l:12,w:93},{x:12,y:56,l:43,w:88},],
----------------------- 3 ---------------------------
canvasWidth:100,
canvasHeight:100,
data:[{x:2,y:0,l:55,w:98},{x:18,y:55,l:6,w:82},{x:20,y:61,l:11,w:80},{x:9,y:73,l:11,w:91},{x:19,y:84,l:5,w:81},{x:28,y:89,l:11,w:72},],
----------------------- 4 ---------------------------
canvasWidth:100,
canvasHeight:100,
data:[{x:76,y:0,l:92,w:24},{x:2,y:0,l:49,w:74},{x:5,y:49,l:4,w:71},{x:9,y:53,l:38,w:67},{x:25,y:92,l:4,w:75},{x:25,y:96,l:4,w:75},],
----------------------- 5 ---------------------------
canvasWidth:100,
canvasHeight:100,
data:[{x:12,y:0,l:10,w:88},{x:29,y:10,l:44,w:71},{x:34,y:54,l:46,w:66},{x:0,y:0,l:70,w:10},],
----------------------- 6 ---------------------------
canvasWidth:100,
canvasHeight:100,
data:[{x:8,y:0,l:39,w:92},{x:11,y:39,l:11,w:89},{x:22,y:50,l:4,w:78},{x:31,y:54,l:44,w:69},],
----------------------- 7 ---------------------------
canvasWidth:100,
canvasHeight:100,
data:[{x:17,y:0,l:41,w:83},{x:17,y:41,l:29,w:83},{x:28,y:70,l:29,w:72},],
----------------------- 8 ---------------------------
canvasWidth:100,
canvasHeight:100,
data:[{x:21,y:0,l:23,w:79},{x:25,y:23,l:28,w:75},{x:27,y:51,l:27,w:73},{x:27,y:78,l:12,w:73},{x:30,y:90,l:8,w:70},],
----------------------- 9 ---------------------------
canvasWidth:100,
canvasHeight:100,
data:[{x:3,y:0,l:43,w:97},{x:3,y:43,l:36,w:97},{x:6,y:79,l:20,w:94},{x:13,y:99,l:1,w:87},],
----------------------- 10 ---------------------------
canvasWidth:100,
canvasHeight:100,
data:[{x:87,y:0,l:96,w:13},{x:8,y:0,l:57,w:79},{x:15,y:57,l:27,w:72},{x:16,y:84,l:14,w:71},{x:2,y:0,l:77,w:6},],
----------------------- 11 ---------------------------
canvasWidth:100,
canvasHeight:100,
data:[{x:43,y:0,l:90,w:57},{x:95,y:90,l:10,w:5},{x:51,y:90,l:8,w:44},{x:9,y:0,l:97,w:34},],
----------------------- 12 ---------------------------
canvasWidth:100,
canvasHeight:100,
data:[{x:59,y:0,l:75,w:41},{x:28,y:0,l:68,w:31},{x:0,y:0,l:66,w:28},{x:14,y:75,l:14,w:86},{x:22,y:89,l:11,w:78},],
----------------------- 13 ---------------------------
canvasWidth:100,
canvasHeight:100,
data:[{x:0,y:0,l:69,w:100},{x:8,y:69,l:31,w:92},],
----------------------- 14 ---------------------------
canvasWidth:100,
canvasHeight:100,
data:[{x:8,y:0,l:16,w:92},{x:10,y:16,l:13,w:90},{x:25,y:29,l:23,w:75},{x:60,y:52,l:48,w:40},{x:21,y:52,l:35,w:39},],
