====================================== Class_09.2bp-13 =====================================
Reduced size: 40 usedBin: 0
[10]
[31, 32]
[15]
[17, 39]
[7]
[16]
[11]
[4, 38]
[9, 33]
[19, 34]
[24]
[12]
[18, 27]
[8]
[20]
[5]
[25]
[14]
[26]
[0]
[30]
[1]
[6]
[3]
[21]
[13, 35]
[28]
[23]
[22]
[2, 36]
[29, 37]
------------------------------------------------
Best fit used bin number: 31
Found best solution: 31 0.268

   Statrt add columnAndCut col: 31 cons: 0 cut: 0	0.335

	1 Start Add column using column generation  col: 31 cons: 0 cut: 0	0.335
			Start solve  LP :0.335
			End solve LP obj: 31.0 t: 2
	1 End Add column using column generation : 31.0 col: 31 cons: 0 cut: 0	0.338
   End add columnAndCut : 31.0 colGencnt: 1 price: 0 col: 31 cons: 0 cut: 0	0.339

Node lb: 31.0 ub: 31 : 0.339

Final Found Solution: 31 genNode: 1 extendedNode: 0:0.339
Bin size: 10000
1 : 5796, : 5796
2 : 3312,3243, : 6555
3 : 4968, : 4968
4 : 4818,418, : 5236
5 : 6068, : 6068
6 : 4851, : 4851
7 : 5488, : 5488
8 : 8004,648, : 8652
9 : 5829,3234, : 9063
10 : 4620,2268, : 6888
11 : 4015, : 4015
12 : 5340, : 5340
13 : 4641,3888, : 8529
14 : 6048, : 6048
15 : 4565, : 4565
16 : 7654, : 7654
17 : 3905, : 3905
18 : 5104, : 5104
19 : 3888, : 3888
20 : 9603, : 9603
21 : 3355, : 3355
22 : 8924, : 8924
23 : 6188, : 6188
24 : 8722, : 8722
25 : 4290, : 4290
26 : 5214,2133, : 7347
27 : 3843, : 3843
28 : 4125, : 4125
29 : 4248, : 4248
30 : 8832,792, : 9624
31 : 3468,667, : 4135
----------------------- 1 ---------------------------
canvasWidth:100,
canvasHeight:100,
data:[{x:31,y:0,l:84,w:69},],
----------------------- 2 ---------------------------
canvasWidth:100,
canvasHeight:100,
data:[{x:52,y:0,l:69,w:48},{x:5,y:0,l:69,w:47},],
----------------------- 3 ---------------------------
canvasWidth:100,
canvasHeight:100,
data:[{x:8,y:0,l:54,w:92},],
----------------------- 4 ---------------------------
canvasWidth:100,
canvasHeight:100,
data:[{x:27,y:0,l:66,w:73},{x:5,y:0,l:19,w:22},],
----------------------- 5 ---------------------------
canvasWidth:100,
canvasHeight:100,
data:[{x:26,y:0,l:82,w:74},],
----------------------- 6 ---------------------------
canvasWidth:100,
canvasHeight:100,
data:[{x:23,y:0,l:63,w:77},],
----------------------- 7 ---------------------------
canvasWidth:100,
canvasHeight:100,
data:[{x:44,y:0,l:98,w:56},],
----------------------- 8 ---------------------------
canvasWidth:100,
canvasHeight:100,
data:[{x:13,y:0,l:92,w:87},{x:19,y:92,l:8,w:81},],
----------------------- 9 ---------------------------
canvasWidth:100,
canvasHeight:100,
data:[{x:67,y:0,l:98,w:33},{x:0,y:0,l:87,w:67},],
----------------------- 10 ---------------------------
canvasWidth:100,
canvasHeight:100,
data:[{x:16,y:0,l:27,w:84},{x:34,y:30,l:70,w:66},],
----------------------- 11 ---------------------------
canvasWidth:100,
canvasHeight:100,
data:[{x:27,y:0,l:55,w:73},],
----------------------- 12 ---------------------------
canvasWidth:100,
canvasHeight:100,
data:[{x:11,y:0,l:60,w:89},],
----------------------- 13 ---------------------------
canvasWidth:100,
canvasHeight:100,
data:[{x:9,y:0,l:51,w:91},{x:19,y:52,l:48,w:81},],
----------------------- 14 ---------------------------
canvasWidth:100,
canvasHeight:100,
data:[{x:28,y:0,l:84,w:72},],
----------------------- 15 ---------------------------
canvasWidth:100,
canvasHeight:100,
data:[{x:45,y:0,l:83,w:55},],
----------------------- 16 ---------------------------
canvasWidth:100,
canvasHeight:100,
data:[{x:11,y:0,l:86,w:89},],
----------------------- 17 ---------------------------
canvasWidth:100,
canvasHeight:100,
data:[{x:29,y:0,l:55,w:71},],
----------------------- 18 ---------------------------
canvasWidth:100,
canvasHeight:100,
data:[{x:12,y:0,l:58,w:88},],
----------------------- 19 ---------------------------
canvasWidth:100,
canvasHeight:100,
data:[{x:46,y:0,l:72,w:54},],
----------------------- 20 ---------------------------
canvasWidth:100,
canvasHeight:100,
data:[{x:1,y:0,l:97,w:99},],
----------------------- 21 ---------------------------
canvasWidth:100,
canvasHeight:100,
data:[{x:45,y:0,l:61,w:55},],
----------------------- 22 ---------------------------
canvasWidth:100,
canvasHeight:100,
data:[{x:3,y:0,l:92,w:97},],
----------------------- 23 ---------------------------
canvasWidth:100,
canvasHeight:100,
data:[{x:9,y:0,l:68,w:91},],
----------------------- 24 ---------------------------
canvasWidth:100,
canvasHeight:100,
data:[{x:2,y:0,l:89,w:98},],
----------------------- 25 ---------------------------
canvasWidth:100,
canvasHeight:100,
data:[{x:34,y:0,l:65,w:66},],
----------------------- 26 ---------------------------
canvasWidth:100,
canvasHeight:100,
data:[{x:21,y:0,l:66,w:79},{x:21,y:66,l:27,w:79},],
----------------------- 27 ---------------------------
canvasWidth:100,
canvasHeight:100,
data:[{x:39,y:0,l:63,w:61},],
----------------------- 28 ---------------------------
canvasWidth:100,
canvasHeight:100,
data:[{x:25,y:0,l:55,w:75},],
----------------------- 29 ---------------------------
canvasWidth:100,
canvasHeight:100,
data:[{x:41,y:0,l:72,w:59},],
----------------------- 30 ---------------------------
canvasWidth:100,
canvasHeight:100,
data:[{x:92,y:0,l:99,w:8},{x:0,y:0,l:96,w:92},],
----------------------- 31 ---------------------------
canvasWidth:100,
canvasHeight:100,
data:[{x:32,y:0,l:51,w:68},{x:3,y:0,l:23,w:29},],
