====================================== Class_02.2bp-26 =====================================
Reduced size: 60 usedBin: 0
[0, 1, 2, 3, 6, 7, 8, 10, 11, 14, 17, 18, 19, 21, 22, 24, 32, 33, 35, 38, 39, 41, 43, 44, 51, 56, 57]
[4, 5, 9, 12, 13, 15, 16, 20, 23, 25, 26, 27, 28, 29, 30, 31, 34, 36, 37, 40, 42, 45, 46, 47, 48, 49, 50, 52, 53, 54, 55, 58, 59]
------------------------------------------------
Best fit used bin number: 2
Found best solution: 2 0.25

   Statrt add columnAndCut col: 2 cons: 0 cut: 0	0.312

	1 Start Add column using column generation  col: 2 cons: 0 cut: 0	0.312
			Start solve  LP :0.312
			End solve LP obj: 2.0 t: 0
	1 End Add column using column generation : 2.0 col: 2 cons: 0 cut: 0	0.328
   End add columnAndCut : 2.0 colGencnt: 1 price: 0 col: 2 cons: 0 cut: 0	0.328

Node lb: 2.0 ub: 2 : 0.328

Final Found Solution: 2 genNode: 1 extendedNode: 0:0.328
Bin size: 900
1 : 90,90,80,72,60,60,60,48,45,40,30,30,28,24,21,20,12,12,12,10,10,9,8,7,5,2,2, : 887
2 : 64,63,49,45,40,36,32,24,21,18,18,18,16,15,14,14,12,12,12,9,8,7,6,6,6,6,5,4,4,3,3,2,1, : 593
----------------------- 1 ---------------------------
canvasWidth:30,
canvasHeight:30,
data:[{x:20,y:0,l:3,w:10},{x:12,y:0,l:3,w:8},{x:5,y:0,l:3,w:7},{x:1,y:0,l:3,w:4},{x:0,y:0,l:2,w:1},{x:22,y:3,l:6,w:8},{x:27,y:9,l:4,w:3},{x:24,y:9,l:4,w:3},{x:22,y:9,l:4,w:2},{x:16,y:3,l:10,w:6},{x:10,y:3,l:10,w:6},{x:4,y:3,l:10,w:6},{x:20,y:13,l:9,w:10},{x:15,y:13,l:9,w:5},{x:14,y:13,l:9,w:1},{x:20,y:22,l:8,w:10},{x:15,y:22,l:8,w:5},{x:14,y:22,l:7,w:1},{x:4,y:13,l:9,w:10},{x:5,y:22,l:8,w:9},{x:4,y:22,l:5,w:1},{x:4,y:27,l:2,w:1},{x:0,y:3,l:7,w:4},{x:0,y:10,l:5,w:4},{x:2,y:15,l:5,w:2},{x:0,y:15,l:5,w:2},{x:1,y:20,l:10,w:3},],
----------------------- 2 ---------------------------
canvasWidth:30,
canvasHeight:30,
data:[{x:21,y:0,l:5,w:9},{x:21,y:5,l:4,w:9},{x:21,y:9,l:1,w:9},{x:23,y:10,l:7,w:7},{x:21,y:10,l:6,w:2},{x:22,y:17,l:8,w:8},{x:21,y:17,l:4,w:1},{x:22,y:25,l:4,w:8},{x:23,y:29,l:1,w:7},{x:14,y:0,l:2,w:7},{x:15,y:2,l:1,w:6},{x:14,y:2,l:1,w:1},{x:8,y:0,l:3,w:6},{x:12,y:3,l:2,w:9},{x:8,y:3,l:2,w:4},{x:0,y:0,l:5,w:8},{x:14,y:5,l:9,w:7},{x:11,y:5,l:8,w:3},{x:11,y:13,l:1,w:3},{x:9,y:5,l:7,w:2},{x:9,y:12,l:2,w:2},{x:7,y:5,l:6,w:2},{x:7,y:11,l:3,w:2},{x:5,y:5,l:8,w:2},{x:0,y:5,l:3,w:5},{x:2,y:8,l:4,w:3},{x:18,y:14,l:7,w:3},{x:18,y:21,l:6,w:3},{x:19,y:27,l:3,w:2},{x:18,y:27,l:2,w:1},{x:12,y:14,l:1,w:6},{x:7,y:14,l:1,w:5},{x:4,y:14,l:1,w:3},],
