====================================== Class_03.2bp-14 =====================================
Reduced size: 40 usedBin: 0
[7, 14, 23, 38]
[2, 13, 35]
[5, 18, 25, 34]
[0, 24, 32, 36, 39]
[1, 19]
[6, 22]
[9, 16, 20]
[8, 15, 26, 33]
[10, 11, 28, 31]
[3, 21, 37]
[4, 17, 30]
[12, 27, 29]
------------------------------------------------
Best fit used bin number: 12
Found best solution: 12 0.141

   Statrt add columnAndCut col: 12 cons: 0 cut: 0	0.219

	1 Start Add column using column generation  col: 12 cons: 0 cut: 0	0.219
			Start solve  LP :0.219
			End solve LP obj: 12.0 t: 0
	1 End Add column using column generation : 12.0 col: 12 cons: 0 cut: 0	0.219
   End add columnAndCut : 12.0 colGencnt: 1 price: 0 col: 12 cons: 0 cut: 0	0.219

Node lb: 12.0 ub: 12 : 0.219

Final Found Solution: 12 genNode: 1 extendedNode: 0:0.219
Bin size: 1600
1 : 665,375,204,15, : 1259
2 : 945,442,44, : 1431
3 : 891,336,196,49, : 1472
4 : 1190,198,81,44,10, : 1523
5 : 990,315, : 1305
6 : 676,234, : 910
7 : 595,342,288, : 1225
8 : 648,360,189,69, : 1266
9 : 546,510,147,133, : 1336
10 : 918,243,36, : 1197
11 : 918,341,135, : 1394
12 : 459,180,145, : 784
----------------------- 1 ---------------------------
canvasWidth:40,
canvasHeight:40,
data:[{x:21,y:0,l:35,w:19},{x:15,y:0,l:34,w:6},{x:0,y:0,l:25,w:15},{x:0,y:25,l:1,w:15},],
----------------------- 2 ---------------------------
canvasWidth:40,
canvasHeight:40,
data:[{x:6,y:0,l:13,w:34},{x:2,y:0,l:11,w:4},{x:5,y:13,l:27,w:35},],
----------------------- 3 ---------------------------
canvasWidth:40,
canvasHeight:40,
data:[{x:13,y:0,l:33,w:27},{x:1,y:0,l:28,w:12},{x:12,y:33,l:7,w:28},{x:5,y:33,l:7,w:7},],
----------------------- 4 ---------------------------
canvasWidth:40,
canvasHeight:40,
data:[{x:5,y:0,l:34,w:35},{x:7,y:34,l:6,w:33},{x:5,y:34,l:5,w:2},{x:1,y:0,l:11,w:4},{x:2,y:13,l:27,w:3},],
----------------------- 5 ---------------------------
canvasWidth:40,
canvasHeight:40,
data:[{x:7,y:0,l:30,w:33},{x:5,y:30,l:9,w:35},],
----------------------- 6 ---------------------------
canvasWidth:40,
canvasHeight:40,
data:[{x:14,y:0,l:26,w:26},{x:14,y:26,l:9,w:26},],
----------------------- 7 ---------------------------
canvasWidth:40,
canvasHeight:40,
data:[{x:5,y:0,l:17,w:35},{x:22,y:17,l:19,w:18},{x:5,y:17,l:18,w:16},],
----------------------- 8 ---------------------------
canvasWidth:40,
canvasHeight:40,
data:[{x:13,y:0,l:24,w:27},{x:10,y:0,l:23,w:3},{x:1,y:0,l:21,w:9},{x:16,y:24,l:15,w:24},],
----------------------- 9 ---------------------------
canvasWidth:40,
canvasHeight:40,
data:[{x:19,y:0,l:26,w:21},{x:19,y:26,l:7,w:21},{x:21,y:33,l:7,w:19},{x:2,y:0,l:30,w:17},],
----------------------- 10 ---------------------------
canvasWidth:40,
canvasHeight:40,
data:[{x:6,y:0,l:27,w:34},{x:13,y:27,l:9,w:27},{x:31,y:36,l:4,w:9},],
----------------------- 11 ---------------------------
canvasWidth:40,
canvasHeight:40,
data:[{x:6,y:0,l:27,w:34},{x:1,y:0,l:27,w:5},{x:9,y:27,l:11,w:31},],
----------------------- 12 ---------------------------
canvasWidth:40,
canvasHeight:40,
data:[{x:10,y:0,l:6,w:30},{x:11,y:6,l:5,w:29},{x:13,y:11,l:17,w:27},],
