====================================== Class_05.2bp-40 =====================================
Reduced size: 100 usedBin: 0
[8, 24, 72]
[17, 26, 57, 74, 89]
[20, 34, 48, 70, 78, 98]
[15, 44, 50, 79, 84]
[6, 45, 47, 95]
[13, 40, 46, 63]
[21, 29, 43, 73, 77]
[5, 56, 58, 71, 92]
[19, 27, 38, 93]
[1, 83]
[16, 25, 59, 67]
[11, 31, 65, 76, 85]
[7, 30, 82, 86]
[12, 33, 41]
[23, 39, 54, 61, 75, 90, 94, 99]
[18, 22, 37]
[3, 60]
[4, 36, 80]
[9, 32, 62]
[14, 49, 52, 69, 81, 96, 97]
[10, 35, 55, 64]
[0, 88]
[28, 42, 51, 53, 68, 87]
[2, 66, 91]
------------------------------------------------
Best fit used bin number: 24
Found best solution: 24 0.344

   Statrt add columnAndCut col: 24 cons: 0 cut: 0	0.438

	1 Start Add column using column generation  col: 24 cons: 0 cut: 0	0.438
			Start solve  LP :0.438
			End solve LP obj: 24.0 t: 0
	1 End Add column using column generation : 24.0 col: 24 cons: 0 cut: 0	0.438
   End add columnAndCut : 24.0 colGencnt: 1 price: 0 col: 24 cons: 0 cut: 0	0.438

Node lb: 24.0 ub: 24 : 0.438

Final Found Solution: 24 genNode: 1 extendedNode: 0:0.438
Bin size: 10000
1 : 5504,3185,864, : 9553
2 : 3968,3080,1330,832,324, : 9534
3 : 3762,2408,1728,882,646,56, : 9482
4 : 4216,1872,1566,632,540, : 8826
5 : 5664,1862,1764,123, : 9413
6 : 4752,2175,1848,1116, : 9891
7 : 3589,2709,1890,840,675, : 9703
8 : 5810,1343,1330,880,272, : 9635
9 : 3763,3036,2314,192, : 9305
10 : 8463,544, : 9007
11 : 4080,3154,1274,966, : 9474
12 : 4824,2673,1037,693,513, : 9740
13 : 5586,2706,558,400, : 9250
14 : 4784,2548,2016, : 9348
15 : 3185,2244,1450,1250,816,310,168,7, : 9430
16 : 3780,3420,2340, : 9540
17 : 7650,1261, : 8911
18 : 6424,2352,590, : 9366
19 : 5428,2640,1200, : 9268
20 : 4698,1580,1540,884,576,95,92, : 9465
21 : 5100,2400,1400,1078, : 9978
22 : 8836,325, : 9161
23 : 2808,1932,1560,1508,902,378, : 9088
24 : 8036,990,273, : 9299
----------------------- 1 ---------------------------
canvasWidth:100,
canvasHeight:100,
data:[{x:91,y:0,l:96,w:9},{x:0,y:0,l:35,w:91},{x:5,y:35,l:64,w:86},],
----------------------- 2 ---------------------------
canvasWidth:100,
canvasHeight:100,
data:[{x:38,y:0,l:64,w:62},{x:3,y:0,l:38,w:35},{x:6,y:38,l:26,w:32},{x:91,y:64,l:36,w:9},{x:3,y:64,l:35,w:88},],
----------------------- 3 ---------------------------
canvasWidth:100,
canvasHeight:100,
data:[{x:34,y:0,l:57,w:66},{x:2,y:0,l:54,w:32},{x:44,y:57,l:43,w:56},{x:27,y:57,l:38,w:17},{x:30,y:95,l:4,w:14},{x:6,y:57,l:42,w:21},],
----------------------- 4 ---------------------------
canvasWidth:100,
canvasHeight:100,
data:[{x:38,y:0,l:68,w:62},{x:46,y:68,l:29,w:54},{x:12,y:0,l:72,w:26},{x:11,y:72,l:20,w:27},{x:0,y:0,l:79,w:8},],
----------------------- 5 ---------------------------
canvasWidth:100,
canvasHeight:100,
data:[{x:4,y:0,l:59,w:96},{x:51,y:59,l:38,w:49},{x:59,y:97,l:3,w:41},{x:0,y:59,l:36,w:49},],
----------------------- 6 ---------------------------
canvasWidth:100,
canvasHeight:100,
data:[{x:12,y:0,l:54,w:88},{x:12,y:54,l:21,w:88},{x:13,y:75,l:25,w:87},{x:0,y:0,l:93,w:12},],
----------------------- 7 ---------------------------
canvasWidth:100,
canvasHeight:100,
data:[{x:37,y:0,l:43,w:63},{x:72,y:43,l:30,w:28},{x:75,y:73,l:27,w:25},{x:37,y:43,l:54,w:35},{x:0,y:0,l:97,w:37},],
----------------------- 8 ---------------------------
canvasWidth:100,
canvasHeight:100,
data:[{x:17,y:0,l:70,w:83},{x:20,y:70,l:11,w:80},{x:0,y:0,l:79,w:17},{x:30,y:81,l:19,w:70},{x:14,y:81,l:17,w:16},],
----------------------- 9 ---------------------------
canvasWidth:100,
canvasHeight:100,
data:[{x:29,y:0,l:53,w:71},{x:31,y:53,l:44,w:69},{x:36,y:97,l:3,w:64},{x:3,y:0,l:89,w:26},],
----------------------- 10 ---------------------------
canvasWidth:100,
canvasHeight:100,
data:[{x:7,y:0,l:91,w:93},{x:32,y:91,l:8,w:68},],
----------------------- 11 ---------------------------
canvasWidth:100,
canvasHeight:100,
data:[{x:52,y:0,l:85,w:48},{x:14,y:0,l:83,w:38},{x:0,y:0,l:69,w:14},{x:9,y:86,l:14,w:91},],
----------------------- 12 ---------------------------
canvasWidth:100,
canvasHeight:100,
data:[{x:28,y:0,l:67,w:72},{x:17,y:0,l:63,w:11},{x:0,y:0,l:61,w:17},{x:19,y:67,l:33,w:81},{x:0,y:67,l:27,w:19},],
----------------------- 13 ---------------------------
canvasWidth:100,
canvasHeight:100,
data:[{x:43,y:0,l:98,w:57},{x:10,y:0,l:82,w:33},{x:0,y:0,l:40,w:10},{x:12,y:82,l:18,w:31},],
----------------------- 14 ---------------------------
canvasWidth:100,
canvasHeight:100,
data:[{x:2,y:0,l:26,w:98},{x:8,y:26,l:52,w:92},{x:4,y:78,l:21,w:96},],
----------------------- 15 ---------------------------
canvasWidth:100,
canvasHeight:100,
data:[{x:34,y:0,l:34,w:66},{x:10,y:0,l:34,w:24},{x:0,y:0,l:31,w:10},{x:51,y:35,l:65,w:49},{x:26,y:35,l:58,w:25},{x:27,y:93,l:7,w:24},{x:26,y:93,l:7,w:1},{x:1,y:35,l:50,w:25},],
----------------------- 16 ---------------------------
canvasWidth:100,
canvasHeight:100,
data:[{x:37,y:0,l:60,w:63},{x:40,y:60,l:39,w:60},{x:0,y:0,l:95,w:36},],
----------------------- 17 ---------------------------
canvasWidth:100,
canvasHeight:100,
data:[{x:87,y:0,l:97,w:13},{x:2,y:0,l:90,w:85},],
----------------------- 18 ---------------------------
canvasWidth:100,
canvasHeight:100,
data:[{x:2,y:0,l:24,w:98},{x:12,y:24,l:73,w:88},{x:2,y:24,l:59,w:10},],
----------------------- 19 ---------------------------
canvasWidth:100,
canvasHeight:100,
data:[{x:34,y:0,l:40,w:66},{x:4,y:0,l:40,w:30},{x:8,y:40,l:59,w:92},],
----------------------- 20 ---------------------------
canvasWidth:100,
canvasHeight:100,
data:[{x:42,y:0,l:81,w:58},{x:22,y:0,l:79,w:20},{x:0,y:0,l:70,w:22},{x:95,y:81,l:19,w:5},{x:43,y:81,l:17,w:52},{x:49,y:98,l:2,w:46},{x:7,y:81,l:16,w:36},],
----------------------- 21 ---------------------------
canvasWidth:100,
canvasHeight:100,
data:[{x:32,y:0,l:75,w:68},{x:0,y:0,l:75,w:32},{x:0,y:75,l:14,w:100},{x:2,y:89,l:11,w:98},],
----------------------- 22 ---------------------------
canvasWidth:100,
canvasHeight:100,
data:[{x:6,y:0,l:94,w:94},{x:35,y:94,l:5,w:65},],
----------------------- 23 ---------------------------
canvasWidth:100,
canvasHeight:100,
data:[{x:76,y:0,l:65,w:24},{x:18,y:0,l:26,w:58},{x:0,y:0,l:21,w:18},{x:4,y:26,l:39,w:72},{x:8,y:65,l:21,w:92},{x:18,y:86,l:11,w:82},],
----------------------- 24 ---------------------------
canvasWidth:100,
canvasHeight:100,
data:[{x:2,y:0,l:82,w:98},{x:10,y:82,l:11,w:90},{x:61,y:93,l:7,w:39},],
