====================================== Class_10.2bp-16 =====================================
Reduced size: 40 usedBin: 0
[4, 5, 19, 20]
[1, 12, 18, 23, 26, 32, 36]
[0, 9, 15, 27, 28, 38]
[3, 8, 22, 29, 37]
[2, 10, 17, 25]
[7, 11, 13, 16, 24, 31, 34, 39]
[6, 14, 21, 30, 33, 35]
------------------------------------------------
Best fit used bin number: 7
Found best solution: 7 0.234

   Statrt add columnAndCut col: 7 cons: 0 cut: 0	0.297

	1 Start Add column using column generation  col: 7 cons: 0 cut: 0	0.297
			Start solve  LP :0.297
			End solve LP obj: 7.0 t: 0
	1 End Add column using column generation : 7.0 col: 7 cons: 0 cut: 0	0.297
   End add columnAndCut : 7.0 colGencnt: 1 price: 0 col: 7 cons: 0 cut: 0	0.297

Node lb: 7.0 ub: 7 : 0.297

Final Found Solution: 7 genNode: 1 extendedNode: 0:0.297
Bin size: 10000
1 : 4140,3952,800,800, : 9692
2 : 4692,1972,850,720,462,172,96, : 8964
3 : 5194,2350,1394,396,360,36, : 9730
4 : 4368,2960,747,255,80, : 8410
5 : 4620,2291,874,522, : 8307
6 : 3198,2200,1666,1372,550,178,160,34, : 9358
7 : 3549,1530,799,231,165,99, : 6373
----------------------- 1 ---------------------------
canvasWidth:100,
canvasHeight:100,
data:[{x:0,y:0,l:8,w:100},{x:55,y:8,l:92,w:45},{x:3,y:8,l:76,w:52},{x:5,y:84,l:16,w:50},],
----------------------- 2 ---------------------------
canvasWidth:100,
canvasHeight:100,
data:[{x:31,y:0,l:68,w:69},{x:32,y:68,l:29,w:68},{x:52,y:97,l:2,w:48},{x:6,y:0,l:34,w:25},{x:9,y:34,l:21,w:22},{x:15,y:55,l:45,w:16},{x:11,y:55,l:43,w:4},],
----------------------- 3 ---------------------------
canvasWidth:100,
canvasHeight:100,
data:[{x:2,y:0,l:53,w:98},{x:50,y:53,l:47,w:50},{x:42,y:53,l:45,w:8},{x:1,y:53,l:34,w:41},{x:9,y:87,l:12,w:33},{x:0,y:53,l:36,w:1},],
----------------------- 4 ---------------------------
canvasWidth:100,
canvasHeight:100,
data:[{x:16,y:0,l:52,w:84},{x:17,y:52,l:9,w:83},{x:20,y:61,l:37,w:80},{x:20,y:98,l:1,w:80},{x:13,y:0,l:85,w:3},],
----------------------- 5 ---------------------------
canvasWidth:100,
canvasHeight:100,
data:[{x:30,y:0,l:66,w:70},{x:1,y:0,l:18,w:29},{x:7,y:18,l:38,w:23},{x:21,y:66,l:29,w:79},],
----------------------- 6 ---------------------------
canvasWidth:100,
canvasHeight:100,
data:[{x:59,y:0,l:78,w:41},{x:15,y:0,l:50,w:44},{x:4,y:0,l:50,w:11},{x:0,y:0,l:40,w:4},{x:10,y:50,l:28,w:49},{x:2,y:78,l:17,w:98},{x:11,y:95,l:2,w:89},{x:0,y:78,l:17,w:2},],
----------------------- 7 ---------------------------
canvasWidth:100,
canvasHeight:100,
data:[{x:61,y:0,l:91,w:39},{x:89,y:91,l:9,w:11},{x:14,y:0,l:17,w:47},{x:3,y:0,l:15,w:11},{x:16,y:17,l:34,w:45},{x:5,y:17,l:21,w:11},],
