====================================== Class_06.2bp-32 =====================================
Reduced size: 80 usedBin: 0
[0, 2, 3, 7, 8, 12, 14, 15, 19, 21, 23, 26, 31, 33, 34, 36, 40, 41, 44, 47, 55, 58, 59, 61, 62, 68, 69, 70, 71, 72, 75, 76, 77, 79]
[1, 4, 5, 6, 9, 10, 11, 13, 16, 17, 20, 22, 28, 30, 32, 37, 38, 39, 43, 51, 52, 54, 57, 60, 64, 67, 73, 74, 78]
[18, 24, 25, 27, 29, 35, 42, 45, 46, 48, 49, 50, 53, 56, 63, 65, 66]
------------------------------------------------
Best fit used bin number: 3
Found best solution: 3 0.266

   Statrt add columnAndCut col: 3 cons: 0 cut: 0	0.328

	1 Start Add column using column generation  col: 3 cons: 0 cut: 0	0.328
			Start solve  LP :0.328
			End solve LP obj: 3.0 t: 0
	1 End Add column using column generation : 3.0 col: 3 cons: 0 cut: 0	0.328
   End add columnAndCut : 3.0 colGencnt: 1 price: 0 col: 3 cons: 0 cut: 0	0.328

Node lb: 3.0 ub: 3 : 0.328

Final Found Solution: 3 genNode: 1 extendedNode: 0:0.328
Bin size: 90000
1 : 9216,7920,7700,5586,5586,4704,4399,4277,3774,3626,3480,3128,2673,2501,2430,2280,1944,1743,1449,1209,580,496,455,380,378,153,147,144,142,140,100,72,63,16, : 82891
2 : 8439,7047,6375,5766,5320,5304,5082,4680,4095,4002,3705,3481,3082,2744,2624,2050,2016,1984,1600,980,935,731,532,399,260,180,128,110,31, : 83682
3 : 3905,3381,3157,3120,2880,2310,1666,1425,1392,1155,1088,1080,780,560,296,224,196, : 28615
----------------------- 1 ---------------------------
canvasWidth:300,
canvasHeight:300,
data:[{x:204,y:0,l:96,w:96},{x:183,y:0,l:83,w:21},{x:180,y:0,l:21,w:3},{x:181,y:21,l:71,w:2},{x:217,y:96,l:53,w:83},{x:224,y:149,l:5,w:76},{x:181,y:96,l:54,w:36},{x:223,y:154,l:100,w:77},{x:196,y:154,l:99,w:27},{x:183,y:154,l:93,w:13},{x:82,y:0,l:57,w:98},{x:82,y:57,l:57,w:98},{x:82,y:114,l:48,w:98},{x:90,y:162,l:88,w:90},{x:108,y:250,l:2,w:72},{x:108,y:252,l:1,w:72},{x:8,y:0,l:51,w:74},{x:8,y:51,l:49,w:74},{x:35,y:100,l:91,w:47},{x:17,y:100,l:21,w:18},{x:10,y:100,l:21,w:7},{x:9,y:100,l:16,w:1},{x:12,y:121,l:63,w:23},{x:15,y:184,l:7,w:20},{x:22,y:191,l:58,w:60},{x:232,y:254,l:46,w:68},{x:171,y:254,l:41,w:61},{x:95,y:254,l:30,w:76},{x:113,y:284,l:10,w:58},{x:96,y:284,l:9,w:17},{x:141,y:295,l:5,w:91},{x:121,y:295,l:5,w:20},{x:8,y:254,l:30,w:81},{x:0,y:0,l:62,w:8},],
----------------------- 2 ---------------------------
canvasWidth:300,
canvasHeight:300,
data:[{x:219,y:0,l:87,w:81},{x:173,y:0,l:87,w:46},{x:98,y:0,l:85,w:75},{x:205,y:87,l:56,w:95},{x:156,y:87,l:56,w:49},{x:115,y:87,l:50,w:41},{x:98,y:87,l:43,w:17},{x:105,y:130,l:11,w:10},{x:235,y:143,l:63,w:65},{x:236,y:206,l:31,w:64},{x:235,y:206,l:31,w:1},{x:235,y:237,l:4,w:65},{x:241,y:241,l:59,w:59},{x:169,y:143,l:77,w:66},{x:215,y:220,l:80,w:20},{x:169,y:220,l:67,w:46},{x:141,y:143,l:72,w:28},{x:141,y:215,l:19,w:28},{x:139,y:143,l:90,w:2},{x:98,y:143,l:64,w:41},{x:112,y:235,l:65,w:57},{x:0,y:0,l:87,w:97},{x:19,y:87,l:60,w:78},{x:2,y:87,l:55,w:17},{x:4,y:147,l:62,w:93},{x:78,y:209,l:21,w:19},{x:83,y:230,l:70,w:14},{x:81,y:230,l:64,w:2},{x:0,y:209,l:68,w:78},],
----------------------- 3 ---------------------------
canvasWidth:300,
canvasHeight:300,
data:[{x:259,y:0,l:77,w:41},{x:194,y:0,l:48,w:65},{x:252,y:48,l:28,w:7},{x:195,y:48,l:25,w:57},{x:139,y:0,l:71,w:55},{x:104,y:0,l:66,w:35},{x:59,y:0,l:64,w:45},{x:10,y:0,l:34,w:49},{x:25,y:34,l:32,w:34},{x:27,y:66,l:7,w:32},{x:231,y:77,l:49,w:69},{x:290,y:126,l:78,w:10},{x:290,y:204,l:56,w:10},{x:274,y:126,l:87,w:16},{x:282,y:213,l:37,w:8},{x:259,y:126,l:77,w:15},{x:270,y:264,l:36,w:30},],
