====================================== Class_01.2bp-48 =====================================
Reduced size: 100 usedBin: 0
[0]
[7, 75, 76]
[2, 80]
[26, 28, 79, 83, 98]
[12, 54, 94]
[34, 36, 63, 65, 90]
[42, 50, 51, 68, 70, 74]
[14, 53, 55, 97]
[4]
[6, 81]
[24, 56, 59, 69, 88]
[9, 60]
[13, 44, 84, 87]
[39, 46, 47, 66]
[19, 22]
[16, 61, 67, 93]
[18, 32, 64]
[25, 33, 58, 89]
[11, 40, 85]
[10, 48]
[30, 38, 41, 72]
[8, 49]
[31, 43, 45, 73, 96, 99]
[1]
[29, 35, 52, 78]
[5]
[3, 77]
[15, 57, 71, 82, 86]
[17, 27, 91]
[20, 37, 62, 95]
[21, 23, 92]
------------------------------------------------
Best fit used bin number: 31
Found best solution: 31 0.25

   Statrt add columnAndCut col: 31 cons: 0 cut: 0	0.344

	1 Start Add column using column generation  col: 31 cons: 0 cut: 0	0.344
			Start solve  LP :0.344
			End solve LP obj: 31.0 t: 0
	1 End Add column using column generation : 31.0 col: 31 cons: 0 cut: 0	0.344
   End add columnAndCut : 31.0 colGencnt: 1 price: 0 col: 31 cons: 0 cut: 0	0.344

Node lb: 31.0 ub: 31 : 0.344

Final Found Solution: 31 genNode: 1 extendedNode: 0:0.344
Bin size: 100
1 : 100, : 100
2 : 80,10,10, : 100
3 : 90,8, : 98
4 : 40,40,10,8,2, : 100
5 : 63,18,4, : 85
6 : 30,30,15,15,5, : 95
7 : 24,20,20,12,12,12, : 100
8 : 60,18,18,2, : 98
9 : 90, : 90
10 : 81,8, : 89
11 : 42,18,18,12,6, : 96
12 : 72,16, : 88
13 : 63,24,7,6, : 100
14 : 27,21,21,14, : 83
15 : 50,50, : 100
16 : 54,16,14,4, : 88
17 : 50,35,15, : 100
18 : 42,32,18,6, : 98
19 : 70,24,6, : 100
20 : 70,21, : 91
21 : 36,28,24,12, : 100
22 : 80,20, : 100
23 : 36,24,24,12,3,1, : 100
24 : 100, : 100
25 : 40,30,20,10, : 100
26 : 90, : 90
27 : 90,10, : 100
28 : 54,18,12,8,6, : 98
29 : 54,40,5, : 99
30 : 50,30,16,4, : 100
31 : 50,45,5, : 100
----------------------- 1 ---------------------------
canvasWidth:10,
canvasHeight:10,
data:[{x:0,y:0,l:10,w:10},],
----------------------- 2 ---------------------------
canvasWidth:10,
canvasHeight:10,
data:[{x:0,y:0,l:8,w:10},{x:5,y:8,l:2,w:5},{x:0,y:8,l:2,w:5},],
----------------------- 3 ---------------------------
canvasWidth:10,
canvasHeight:10,
data:[{x:0,y:0,l:9,w:10},{x:2,y:9,l:1,w:8},],
----------------------- 4 ---------------------------
canvasWidth:10,
canvasHeight:10,
data:[{x:2,y:0,l:5,w:8},{x:2,y:5,l:5,w:8},{x:0,y:0,l:5,w:2},{x:0,y:5,l:4,w:2},{x:0,y:9,l:1,w:2},],
----------------------- 5 ---------------------------
canvasWidth:10,
canvasHeight:10,
data:[{x:1,y:0,l:7,w:9},{x:4,y:7,l:3,w:6},{x:0,y:7,l:1,w:4},],
----------------------- 6 ---------------------------
canvasWidth:10,
canvasHeight:10,
data:[{x:4,y:0,l:5,w:6},{x:1,y:0,l:5,w:3},{x:0,y:0,l:5,w:1},{x:4,y:5,l:5,w:6},{x:1,y:5,l:5,w:3},],
----------------------- 7 ---------------------------
canvasWidth:10,
canvasHeight:10,
data:[{x:4,y:0,l:4,w:6},{x:4,y:4,l:2,w:6},{x:2,y:0,l:6,w:2},{x:0,y:0,l:6,w:2},{x:5,y:6,l:4,w:5},{x:0,y:6,l:4,w:5},],
----------------------- 8 ---------------------------
canvasWidth:10,
canvasHeight:10,
data:[{x:0,y:0,l:6,w:10},{x:1,y:6,l:2,w:9},{x:0,y:6,l:2,w:1},{x:1,y:8,l:2,w:9},],
----------------------- 9 ---------------------------
canvasWidth:10,
canvasHeight:10,
data:[{x:1,y:0,l:10,w:9},],
----------------------- 10 ---------------------------
canvasWidth:10,
canvasHeight:10,
data:[{x:1,y:0,l:9,w:9},{x:2,y:9,l:1,w:8},],
----------------------- 11 ---------------------------
canvasWidth:10,
canvasHeight:10,
data:[{x:4,y:0,l:3,w:6},{x:0,y:0,l:3,w:4},{x:4,y:3,l:7,w:6},{x:1,y:3,l:6,w:3},{x:0,y:3,l:6,w:1},],
----------------------- 12 ---------------------------
canvasWidth:10,
canvasHeight:10,
data:[{x:1,y:0,l:8,w:9},{x:2,y:8,l:2,w:8},],
----------------------- 13 ---------------------------
canvasWidth:10,
canvasHeight:10,
data:[{x:3,y:0,l:9,w:7},{x:3,y:9,l:1,w:7},{x:0,y:0,l:8,w:3},{x:0,y:8,l:2,w:3},],
----------------------- 14 ---------------------------
canvasWidth:10,
canvasHeight:10,
data:[{x:7,y:0,l:9,w:3},{x:0,y:0,l:2,w:7},{x:4,y:2,l:7,w:3},{x:1,y:2,l:7,w:3},],
----------------------- 15 ---------------------------
canvasWidth:10,
canvasHeight:10,
data:[{x:0,y:0,l:5,w:10},{x:0,y:5,l:5,w:10},],
----------------------- 16 ---------------------------
canvasWidth:10,
canvasHeight:10,
data:[{x:1,y:0,l:6,w:9},{x:3,y:6,l:2,w:7},{x:1,y:6,l:2,w:2},{x:2,y:8,l:2,w:8},],
----------------------- 17 ---------------------------
canvasWidth:10,
canvasHeight:10,
data:[{x:5,y:0,l:10,w:5},{x:0,y:0,l:7,w:5},{x:0,y:7,l:3,w:5},],
----------------------- 18 ---------------------------
canvasWidth:10,
canvasHeight:10,
data:[{x:4,y:0,l:7,w:6},{x:4,y:7,l:1,w:6},{x:0,y:0,l:8,w:4},{x:1,y:8,l:2,w:9},],
----------------------- 19 ---------------------------
canvasWidth:10,
canvasHeight:10,
data:[{x:0,y:0,l:7,w:10},{x:2,y:7,l:3,w:8},{x:0,y:7,l:3,w:2},],
----------------------- 20 ---------------------------
canvasWidth:10,
canvasHeight:10,
data:[{x:3,y:0,l:10,w:7},{x:0,y:0,l:7,w:3},],
----------------------- 21 ---------------------------
canvasWidth:10,
canvasHeight:10,
data:[{x:4,y:0,l:6,w:6},{x:0,y:0,l:6,w:4},{x:3,y:6,l:4,w:7},{x:0,y:6,l:4,w:3},],
----------------------- 22 ---------------------------
canvasWidth:10,
canvasHeight:10,
data:[{x:2,y:0,l:10,w:8},{x:0,y:0,l:10,w:2},],
----------------------- 23 ---------------------------
canvasWidth:10,
canvasHeight:10,
data:[{x:4,y:0,l:6,w:6},{x:0,y:0,l:6,w:4},{x:4,y:6,l:4,w:6},{x:1,y:6,l:4,w:3},{x:0,y:6,l:3,w:1},{x:0,y:9,l:1,w:1},],
----------------------- 24 ---------------------------
canvasWidth:10,
canvasHeight:10,
data:[{x:0,y:0,l:10,w:10},],
----------------------- 25 ---------------------------
canvasWidth:10,
canvasHeight:10,
data:[{x:5,y:0,l:6,w:5},{x:5,y:6,l:4,w:5},{x:0,y:0,l:8,w:5},{x:0,y:8,l:2,w:5},],
----------------------- 26 ---------------------------
canvasWidth:10,
canvasHeight:10,
data:[{x:1,y:0,l:10,w:9},],
----------------------- 27 ---------------------------
canvasWidth:10,
canvasHeight:10,
data:[{x:0,y:0,l:9,w:10},{x:0,y:9,l:1,w:10},],
----------------------- 28 ---------------------------
canvasWidth:10,
canvasHeight:10,
data:[{x:4,y:0,l:9,w:6},{x:2,y:0,l:9,w:2},{x:0,y:0,l:6,w:2},{x:0,y:6,l:3,w:2},{x:2,y:9,l:1,w:8},],
----------------------- 29 ---------------------------
canvasWidth:10,
canvasHeight:10,
data:[{x:6,y:0,l:10,w:4},{x:0,y:0,l:9,w:6},{x:1,y:9,l:1,w:5},],
----------------------- 30 ---------------------------
canvasWidth:10,
canvasHeight:10,
data:[{x:5,y:0,l:10,w:5},{x:2,y:0,l:10,w:3},{x:0,y:0,l:8,w:2},{x:0,y:8,l:2,w:2},],
----------------------- 31 ---------------------------
canvasWidth:10,
canvasHeight:10,
data:[{x:5,y:0,l:10,w:5},{x:0,y:0,l:9,w:5},{x:0,y:9,l:1,w:5},],
