====================================== Class_05.2bp-5 =====================================
Reduced size: 20 usedBin: 0
[7, 16]
[3]
[1, 17]
[0, 19]
[8, 10]
[4, 11]
[5, 12, 15]
[2, 9, 18]
[6, 13, 14]
------------------------------------------------
Best fit used bin number: 9
Found best solution: 9 0.135

   Statrt add columnAndCut col: 9 cons: 0 cut: 0	0.201

	1 Start Add column using column generation  col: 9 cons: 0 cut: 0	0.201
			Start solve  LP :0.201
			End solve LP obj: 9.0 t: 2
	1 End Add column using column generation : 9.0 col: 9 cons: 0 cut: 0	0.203
   End add columnAndCut : 9.0 colGencnt: 1 price: 0 col: 9 cons: 0 cut: 0	0.203

Node lb: 9.0 ub: 9 : 0.203

Final Found Solution: 9 genNode: 1 extendedNode: 0:0.204
Bin size: 10000
1 : 3528,945, : 4473
2 : 4902, : 4902
3 : 5208,864, : 6072
4 : 9312,92, : 9404
5 : 3286,2296, : 5582
6 : 4800,2046, : 6846
7 : 4774,1978,962, : 7714
8 : 5166,2813,392, : 8371
9 : 4260,1600,966, : 6826
----------------------- 1 ---------------------------
canvasWidth:100,
canvasHeight:100,
data:[{x:58,y:0,l:84,w:42},{x:13,y:0,l:21,w:45},],
----------------------- 2 ---------------------------
canvasWidth:100,
canvasHeight:100,
data:[{x:14,y:0,l:57,w:86},],
----------------------- 3 ---------------------------
canvasWidth:100,
canvasHeight:100,
data:[{x:16,y:0,l:62,w:84},{x:28,y:62,l:12,w:72},],
----------------------- 4 ---------------------------
canvasWidth:100,
canvasHeight:100,
data:[{x:4,y:0,l:97,w:96},{x:3,y:0,l:92,w:1},],
----------------------- 5 ---------------------------
canvasWidth:100,
canvasHeight:100,
data:[{x:38,y:0,l:53,w:62},{x:44,y:53,l:41,w:56},],
----------------------- 6 ---------------------------
canvasWidth:100,
canvasHeight:100,
data:[{x:4,y:0,l:50,w:96},{x:7,y:50,l:22,w:93},],
----------------------- 7 ---------------------------
canvasWidth:100,
canvasHeight:100,
data:[{x:14,y:0,l:23,w:86},{x:38,y:23,l:77,w:62},{x:25,y:23,l:74,w:13},],
----------------------- 8 ---------------------------
canvasWidth:100,
canvasHeight:100,
data:[{x:3,y:0,l:29,w:97},{x:18,y:29,l:63,w:82},{x:44,y:92,l:7,w:56},],
----------------------- 9 ---------------------------
canvasWidth:100,
canvasHeight:100,
data:[{x:29,y:0,l:60,w:71},{x:31,y:60,l:14,w:69},{x:36,y:74,l:25,w:64},],
