====================================== Class_10.2bp-14 =====================================
Reduced size: 40 usedBin: 0
[2, 10, 11, 16, 20, 23, 39]
[0, 14, 25, 29, 31, 36]
[1, 7, 13, 19, 33, 34]
[8, 15, 17, 21, 22, 26, 27, 35, 37]
[3, 6, 12, 18, 24]
[4, 5, 9, 28, 30, 32, 38]
------------------------------------------------
Best fit used bin number: 6
Found best solution: 6 0.125

   Statrt add columnAndCut col: 6 cons: 0 cut: 0	0.188

	1 Start Add column using column generation  col: 6 cons: 0 cut: 0	0.188
			Start solve  LP :0.188
			End solve LP obj: 6.0 t: 0
	1 End Add column using column generation : 6.0 col: 6 cons: 0 cut: 0	0.188
   End add columnAndCut : 6.0 colGencnt: 1 price: 0 col: 6 cons: 0 cut: 0	0.188

Node lb: 6.0 ub: 6 : 0.188

Final Found Solution: 6 genNode: 1 extendedNode: 0:0.188
Bin size: 10000
1 : 3762,1776,1750,975,684,529,21, : 9497
2 : 6320,1104,470,336,260,142, : 8632
3 : 3944,2211,1200,810,250,234, : 8649
4 : 2107,1100,864,684,546,444,400,156,90, : 6391
5 : 3132,2652,1638,850,481, : 8753
6 : 2880,2856,1872,392,330,252,90, : 8672
----------------------- 1 ---------------------------
canvasWidth:100,
canvasHeight:100,
data:[{x:1,y:0,l:38,w:99},{x:52,y:38,l:37,w:48},{x:2,y:38,l:35,w:50},{x:61,y:75,l:25,w:39},{x:38,y:75,l:23,w:23},{x:40,y:98,l:1,w:21},{x:0,y:75,l:18,w:38},],
----------------------- 2 ---------------------------
canvasWidth:100,
canvasHeight:100,
data:[{x:20,y:0,l:79,w:80},{x:10,y:0,l:47,w:10},{x:10,y:47,l:26,w:10},{x:8,y:0,l:71,w:2},{x:31,y:79,l:16,w:69},{x:7,y:79,l:14,w:24},],
----------------------- 3 ---------------------------
canvasWidth:100,
canvasHeight:100,
data:[{x:42,y:0,l:68,w:58},{x:9,y:0,l:67,w:33},{x:4,y:0,l:50,w:5},{x:50,y:68,l:24,w:50},{x:61,y:92,l:6,w:39},{x:20,y:68,l:27,w:30},],
----------------------- 4 ---------------------------
canvasWidth:100,
canvasHeight:100,
data:[{x:57,y:0,l:49,w:43},{x:32,y:0,l:44,w:25},{x:19,y:0,l:42,w:13},{x:52,y:49,l:18,w:48},{x:62,y:67,l:18,w:38},{x:94,y:85,l:15,w:6},{x:54,y:85,l:10,w:40},{x:15,y:49,l:12,w:37},{x:2,y:49,l:12,w:13},],
----------------------- 5 ---------------------------
canvasWidth:100,
canvasHeight:100,
data:[{x:42,y:0,l:54,w:58},{x:0,y:0,l:39,w:42},{x:5,y:39,l:13,w:37},{x:32,y:54,l:39,w:68},{x:7,y:54,l:34,w:25},],
----------------------- 6 ---------------------------
canvasWidth:100,
canvasHeight:100,
data:[{x:49,y:0,l:56,w:51},{x:1,y:0,l:39,w:48},{x:16,y:39,l:10,w:33},{x:6,y:39,l:9,w:10},{x:7,y:49,l:6,w:42},{x:20,y:56,l:36,w:80},{x:2,y:92,l:4,w:98},],
