====================================== Class_08.2bp-15 =====================================
Reduced size: 40 usedBin: 0
[15, 19, 20, 29, 37]
[8, 12, 30, 31, 36]
[9, 18, 21]
[22, 25, 27, 28, 33]
[0, 35, 39]
[4, 11, 26, 32]
[10, 17]
[2, 3, 34]
[13, 14, 24, 38]
[6, 7]
[1]
[5, 16, 23]
------------------------------------------------
Best fit used bin number: 12
Found best solution: 12 0.125

   Statrt add columnAndCut col: 12 cons: 0 cut: 0	0.204

	1 Start Add column using column generation  col: 12 cons: 0 cut: 0	0.204
			Start solve  LP :0.204
			End solve LP obj: 12.0 t: 0
	1 End Add column using column generation : 12.0 col: 12 cons: 0 cut: 0	0.204
   End add columnAndCut : 12.0 colGencnt: 1 price: 0 col: 12 cons: 0 cut: 0	0.204

Node lb: 12.0 ub: 12 : 0.204

Final Found Solution: 12 genNode: 1 extendedNode: 0:0.204
Bin size: 10000
1 : 2613,2450,2275,1064,83, : 8485
2 : 3750,2816,888,774,440, : 8668
3 : 3564,2552,2112, : 8228
4 : 2108,1411,1386,1232,729, : 6866
5 : 8004,445,40, : 8489
6 : 4028,3038,1408,748, : 9222
7 : 3082,2574, : 5656
8 : 4576,4176,686, : 9438
9 : 2706,2700,1562,74, : 7042
10 : 3900,3825, : 7725
11 : 6435, : 6435
12 : 4018,2580,1953, : 8551
----------------------- 1 ---------------------------
canvasWidth:100,
canvasHeight:100,
data:[{x:33,y:0,l:39,w:67},{x:5,y:0,l:38,w:28},{x:9,y:39,l:25,w:91},{x:17,y:64,l:1,w:83},{x:30,y:65,l:35,w:70},],
----------------------- 2 ---------------------------
canvasWidth:100,
canvasHeight:100,
data:[{x:25,y:0,l:50,w:75},{x:1,y:0,l:37,w:24},{x:12,y:50,l:32,w:88},{x:12,y:82,l:5,w:88},{x:14,y:87,l:9,w:86},],
----------------------- 3 ---------------------------
canvasWidth:100,
canvasHeight:100,
data:[{x:12,y:0,l:29,w:88},{x:12,y:29,l:24,w:88},{x:19,y:53,l:44,w:81},],
----------------------- 4 ---------------------------
canvasWidth:100,
canvasHeight:100,
data:[{x:17,y:0,l:17,w:83},{x:19,y:17,l:9,w:81},{x:23,y:26,l:16,w:77},{x:32,y:42,l:31,w:68},{x:34,y:73,l:21,w:66},],
----------------------- 5 ---------------------------
canvasWidth:100,
canvasHeight:100,
data:[{x:11,y:0,l:5,w:89},{x:1,y:0,l:4,w:10},{x:13,y:5,l:92,w:87},],
----------------------- 6 ---------------------------
canvasWidth:100,
canvasHeight:100,
data:[{x:2,y:0,l:31,w:98},{x:89,y:31,l:68,w:11},{x:1,y:31,l:16,w:88},{x:13,y:47,l:53,w:76},],
----------------------- 7 ---------------------------
canvasWidth:100,
canvasHeight:100,
data:[{x:22,y:0,l:33,w:78},{x:54,y:33,l:67,w:46},],
----------------------- 8 ---------------------------
canvasWidth:100,
canvasHeight:100,
data:[{x:12,y:0,l:52,w:88},{x:13,y:52,l:48,w:87},{x:5,y:0,l:98,w:7},],
----------------------- 9 ---------------------------
canvasWidth:100,
canvasHeight:100,
data:[{x:25,y:0,l:36,w:75},{x:26,y:36,l:1,w:74},{x:29,y:37,l:22,w:71},{x:34,y:59,l:41,w:66},],
----------------------- 10 ---------------------------
canvasWidth:100,
canvasHeight:100,
data:[{x:61,y:0,l:100,w:39},{x:16,y:0,l:85,w:45},],
----------------------- 11 ---------------------------
canvasWidth:100,
canvasHeight:100,
data:[{x:35,y:0,l:99,w:65},],
----------------------- 12 ---------------------------
canvasWidth:100,
canvasHeight:100,
data:[{x:7,y:0,l:21,w:93},{x:14,y:21,l:30,w:86},{x:18,y:51,l:49,w:82},],
