====================================== Class_10.2bp-11 =====================================
Reduced size: 40 usedBin: 0
[6, 8, 22, 25, 27, 36]
[2, 10, 16, 32, 38]
[1, 14, 28, 33, 37]
[4, 7, 23, 31]
[0]
[5, 9, 12, 20, 24, 39]
[3, 15, 17, 19, 26, 29, 35]
[11, 13, 18, 21, 30, 34]
------------------------------------------------
Best fit used bin number: 8
Found best solution: 8 0.281

   Statrt add columnAndCut col: 8 cons: 0 cut: 0	0.359

	1 Start Add column using column generation  col: 8 cons: 0 cut: 0	0.359
			Start solve  LP :0.359
			End solve LP obj: 8.0 t: 0
com.wlj.solver.BBSolver:
--------------------------------------- Price Problem Start --------------------------------------------------------
dualPrice.size = 40 , dualPrice = [1.0, 1.0, 1.0, 1.0, 1.0, 1.0, 1.0, -0.0, -0.0, -0.0, -0.0, 1.0, -0.0, -0.0, -0.0, -0.0, -0.0, -0.0, -0.0, -0.0, -0.0, -0.0, -0.0, -0.0, -0.0, -0.0, -0.0, -0.0, -0.0, -0.0, -0.0, -0.0, -0.0, -0.0, -0.0, -0.0, -0.0, -0.0, -0.0, -0.0]
			Active cut size: 0
W = 99 
H = 95
normalXList.size = 6
normalYList.size = 3
xList.size = 4
yList.size = 3
squareList.size = 8
myConsList.size = 0
当前上界 = 2.0
最优解：2.0
solutionList.size() = 3
pattern.getKey() = 3@11@
用时：0.0 s
--------------------------------------- Price Problem End --------------------------------------------------------
		1 Add column : 1 col:8 	0.375
			Start solve  LP :0.375
			End solve LP obj: 8.0 t: 0
com.wlj.solver.BBSolver:
--------------------------------------- Price Problem Start --------------------------------------------------------
dualPrice.size = 40 , dualPrice = [1.0, 1.0, 1.0, 1.0, 1.0, 1.0, 1.0, -0.0, -0.0, -0.0, -0.0, 0.0, -0.0, 1.0, -0.0, -0.0, -0.0, -0.0, -0.0, -0.0, -0.0, -0.0, -0.0, -0.0, -0.0, -0.0, -0.0, -0.0, -0.0, -0.0, -0.0, -0.0, -0.0, -0.0, -0.0, -0.0, -0.0, -0.0, -0.0, -0.0]
			Active cut size: 0
W = 97 
H = 95
normalXList.size = 7
normalYList.size = 3
xList.size = 4
yList.size = 3
squareList.size = 8
myConsList.size = 0
当前上界 = 2.0
最优解：2.0
solutionList.size() = 4
pattern.getKey() = 3@13@
用时：0.0 s
--------------------------------------- Price Problem End --------------------------------------------------------
		2 Add column : 1 col:9 	0.375
			Start solve  LP :0.375
			End solve LP obj: 8.0 t: 15
com.wlj.solver.BBSolver:
--------------------------------------- Price Problem Start --------------------------------------------------------
dualPrice.size = 40 , dualPrice = [1.0, 1.0, 1.0, 0.5, 1.0, 1.0, 1.0, -0.0, -0.0, -0.0, -0.0, 0.5, -0.0, 0.5, -0.0, 0.5, -0.0, -0.0, -0.0, -0.0, -0.0, -0.0, -0.0, -0.0, -0.0, -0.0, -0.0, -0.0, -0.0, -0.0, -0.0, -0.0, -0.0, -0.0, -0.0, -0.0, -0.0, -0.0, -0.0, -0.0]
			Active cut size: 0
W = 99 
H = 95
normalXList.size = 9
normalYList.size = 6
xList.size = 8
yList.size = 5
squareList.size = 10
myConsList.size = 0
当前上界 = 2.5
当前上界 = 2.4
当前上界 = 2.3
当前上界 = 2.1999999999999997
当前上界 = 2.0999999999999996
当前上界 = 1.9999999999999996
最优解：2.0
solutionList.size() = 4
pattern.getKey() = 6@11@13@
用时：0.0 s
--------------------------------------- Price Problem End --------------------------------------------------------
		3 Add column : 1 col:10 	0.39
			Start solve  LP :0.39
			End solve LP obj: 8.0 t: 0
com.wlj.solver.BBSolver:
--------------------------------------- Price Problem Start --------------------------------------------------------
dualPrice.size = 40 , dualPrice = [1.0, 1.0, 1.0, 0.5, 1.0, 1.0, 0.0, -0.0, 1.0, -0.0, -0.0, 0.5, -0.0, 0.5, -0.0, 0.5, -0.0, -0.0, -0.0, -0.0, -0.0, -0.0, -0.0, -0.0, -0.0, -0.0, -0.0, -0.0, -0.0, -0.0, -0.0, -0.0, -0.0, -0.0, -0.0, -0.0, -0.0, -0.0, -0.0, -0.0]
			Active cut size: 0
W = 99 
H = 95
normalXList.size = 10
normalYList.size = 6
xList.size = 10
yList.size = 5
squareList.size = 10
myConsList.size = 0
当前上界 = 2.5
当前上界 = 2.4
当前上界 = 2.3
当前上界 = 2.1999999999999997
当前上界 = 2.0999999999999996
当前上界 = 1.9999999999999996
最优解：2.0
solutionList.size() = 6
pattern.getKey() = 8@11@13@
用时：0.0 s
--------------------------------------- Price Problem End --------------------------------------------------------
		4 Add column : 1 col:11 	0.39
			Start solve  LP :0.39
			End solve LP obj: 8.0 t: 0
com.wlj.solver.BBSolver:
--------------------------------------- Price Problem Start --------------------------------------------------------
dualPrice.size = 40 , dualPrice = [1.0, 1.0, 1.0, 0.75, 1.0, 1.0, 0.5, -0.0, 0.5, -0.0, -0.0, 0.25, -0.0, 0.25, -0.0, 0.25, -0.0, -0.0, 0.5, -0.0, -0.0, -0.0, -0.0, -0.0, -0.0, -0.0, -0.0, -0.0, -0.0, -0.0, -0.0, -0.0, -0.0, -0.0, -0.0, -0.0, -0.0, -0.0, -0.0, -0.0]
			Active cut size: 0
W = 99 
H = 99
normalXList.size = 11
normalYList.size = 11
xList.size = 10
yList.size = 7
squareList.size = 12
myConsList.size = 0
当前上界 = 2.5
当前上界 = 2.4
当前上界 = 2.3
当前上界 = 2.1999999999999997
当前上界 = 2.0999999999999996
当前上界 = 1.9999999999999996
最优解：2.0
solutionList.size() = 1
pattern.getKey() = 5@8@18@
用时：0.0 s
--------------------------------------- Price Problem End --------------------------------------------------------
		5 Add column : 1 col:12 	0.39
			Start solve  LP :0.39
			End solve LP obj: 8.0 t: 0
com.wlj.solver.BBSolver:
--------------------------------------- Price Problem Start --------------------------------------------------------
dualPrice.size = 40 , dualPrice = [1.0, 1.0, 1.0, 0.75, 1.0, 0.0, 0.5, -0.0, 0.5, 1.0, -0.0, 0.25, -0.0, 0.25, -0.0, 0.25, -0.0, -0.0, 0.5, -0.0, -0.0, -0.0, -0.0, -0.0, -0.0, -0.0, -0.0, -0.0, -0.0, -0.0, -0.0, -0.0, -0.0, -0.0, -0.0, -0.0, -0.0, -0.0, -0.0, -0.0]
			Active cut size: 0
W = 99 
H = 99
normalXList.size = 11
normalYList.size = 12
xList.size = 10
yList.size = 9
squareList.size = 12
myConsList.size = 0
当前上界 = 2.75
当前上界 = 2.6333333333333333
当前上界 = 2.5166666666666666
当前上界 = 2.4
当前上界 = 2.283333333333333
当前上界 = 2.1666666666666665
当前上界 = 2.05
当前上界 = 1.9333333333333331
最优解：2.0
solutionList.size() = 3
pattern.getKey() = 9@13@15@18@
用时：0.0 s
--------------------------------------- Price Problem End --------------------------------------------------------
		6 Add column : 1 col:13 	0.406
			Start solve  LP :0.406
			End solve LP obj: 8.0 t: 0
com.wlj.solver.BBSolver:
--------------------------------------- Price Problem Start --------------------------------------------------------
dualPrice.size = 40 , dualPrice = [1.0, 1.0, 1.0, 0.75, 1.0, 0.5, 0.5, -0.0, 0.5, 0.5, -0.0, 0.25, -0.0, 0.25, -0.0, 0.25, -0.0, -0.0, 0.0, -0.0, -0.0, 0.5, -0.0, -0.0, -0.0, -0.0, -0.0, -0.0, -0.0, -0.0, -0.0, -0.0, -0.0, -0.0, -0.0, -0.0, -0.0, -0.0, -0.0, -0.0]
			Active cut size: 0
W = 99 
H = 99
normalXList.size = 13
normalYList.size = 17
xList.size = 10
yList.size = 10
squareList.size = 13
myConsList.size = 0
当前上界 = 2.25
当前上界 = 2.1666666666666665
当前上界 = 2.083333333333333
当前上界 = 1.9999999999999998
当前上界 = 1.9166666666666665
当前上界 = 1.8333333333333333
当前上界 = 1.75
最优解：1.75
solutionList.size() = 4
pattern.getKey() = 4@15@21@
用时：0.0 s
--------------------------------------- Price Problem End --------------------------------------------------------
		7 Add column : 1 col:14 	0.406
			Start solve  LP :0.406
			End solve LP obj: 8.0 t: 0
com.wlj.solver.BBSolver:
--------------------------------------- Price Problem Start --------------------------------------------------------
dualPrice.size = 40 , dualPrice = [1.0, 1.0, 1.0, 0.75, 0.625, 0.375, 0.5, 0.375, 0.5, 0.625, -0.0, 0.25, -0.0, 0.25, -0.0, -0.0, -0.0, 0.25, 0.125, -0.0, -0.0, 0.375, -0.0, -0.0, -0.0, -0.0, -0.0, -0.0, -0.0, -0.0, -0.0, -0.0, -0.0, -0.0, -0.0, -0.0, -0.0, -0.0, -0.0, -0.0]
			Active cut size: 0
W = 99 
H = 99
normalXList.size = 13
normalYList.size = 28
xList.size = 10
yList.size = 15
squareList.size = 15
myConsList.size = 0
当前上界 = 2.25
当前上界 = 2.1666666666666665
当前上界 = 2.083333333333333
当前上界 = 1.9999999999999998
当前上界 = 1.9166666666666665
当前上界 = 1.8333333333333333
当前上界 = 1.75
最优解：1.75
solutionList.size() = 2
pattern.getKey() = 2@13@18@21@
用时：0.016 s
--------------------------------------- Price Problem End --------------------------------------------------------
		8 Add column : 1 col:15 	0.422
			Start solve  LP :0.422
			End solve LP obj: 8.0 t: 0
com.wlj.solver.BBSolver:
--------------------------------------- Price Problem Start --------------------------------------------------------
dualPrice.size = 40 , dualPrice = [1.0, 1.0, 0.5, 0.5, 0.75, 0.25, 0.5, 0.25, 0.5, 0.75, 0.5, 0.5, -0.0, -0.0, -0.0, -0.0, -0.0, 0.5, 0.25, -0.0, -0.0, 0.25, -0.0, -0.0, -0.0, -0.0, -0.0, -0.0, -0.0, -0.0, -0.0, -0.0, -0.0, -0.0, -0.0, -0.0, -0.0, -0.0, -0.0, -0.0]
			Active cut size: 0
W = 100 
H = 99
normalXList.size = 19
normalYList.size = 24
xList.size = 13
yList.size = 15
squareList.size = 15
myConsList.size = 0
当前上界 = 2.75
当前上界 = 2.6333333333333333
当前上界 = 2.5166666666666666
当前上界 = 2.4
当前上界 = 2.283333333333333
当前上界 = 2.1666666666666665
最优解：2.25
solutionList.size() = 4
pattern.getKey() = 9@10@11@18@21@
用时：0.031 s
--------------------------------------- Price Problem End --------------------------------------------------------
		9 Add column : 1 col:16 	0.453
			Start solve  LP :0.453
			End solve LP obj: 8.0 t: 0
com.wlj.solver.BBSolver:
--------------------------------------- Price Problem Start --------------------------------------------------------
dualPrice.size = 40 , dualPrice = [1.0, 1.0, 1.0, 0.5, 1.0, 0.5, 0.5, 0.0, 0.5, 0.5, 0.0, 0.5, -0.0, -0.0, -0.0, -0.0, -0.0, 0.5, -0.0, -0.0, -0.0, 0.0, -0.0, -0.0, -0.0, -0.0, -0.0, -0.0, -0.0, -0.0, 0.5, -0.0, -0.0, -0.0, -0.0, -0.0, -0.0, -0.0, -0.0, -0.0]
			Active cut size: 0
W = 99 
H = 99
normalXList.size = 15
normalYList.size = 23
xList.size = 10
yList.size = 11
squareList.size = 12
myConsList.size = 0
当前上界 = 2.5
当前上界 = 2.4
当前上界 = 2.3
当前上界 = 2.1999999999999997
当前上界 = 2.0999999999999996
当前上界 = 1.9999999999999996
最优解：2.0
solutionList.size() = 10
pattern.getKey() = 4@17@30@
用时：0.015 s
--------------------------------------- Price Problem End --------------------------------------------------------
		10 Add column : 1 col:17 	0.468
			Start solve  LP :0.468
			End solve LP obj: 8.0 t: 0
com.wlj.solver.BBSolver:
--------------------------------------- Price Problem Start --------------------------------------------------------
dualPrice.size = 40 , dualPrice = [1.0, 1.0, 0.5, 1.0, 0.5, 1.0, 1.0, 0.5, 0.0, 0.0, 0.5, 0.0, -0.0, -0.0, -0.0, -0.0, -0.0, 0.0, -0.0, -0.0, -0.0, 0.5, -0.0, -0.0, -0.0, -0.0, -0.0, -0.0, -0.0, -0.0, 0.5, -0.0, -0.0, -0.0, -0.0, -0.0, -0.0, -0.0, -0.0, -0.0]
			Active cut size: 0
W = 100 
H = 100
normalXList.size = 16
normalYList.size = 21
xList.size = 11
yList.size = 10
squareList.size = 11
myConsList.size = 0
当前上界 = 3.0
当前上界 = 2.8666666666666667
当前上界 = 2.7333333333333334
当前上界 = 2.6
当前上界 = 2.466666666666667
最优解：2.5
solutionList.size() = 3
pattern.getKey() = 6@10@21@30@
用时：0.0 s
--------------------------------------- Price Problem End --------------------------------------------------------
		11 Add column : 1 col:18 	0.468
			Start solve  LP :0.468
			End solve LP obj: 8.0 t: 0
com.wlj.solver.BBSolver:
--------------------------------------- Price Problem Start --------------------------------------------------------
dualPrice.size = 40 , dualPrice = [1.0, 1.0, 1.0, 0.5, 0.0, 0.5, 0.5, 1.0, 0.5, 0.5, 0.0, 0.5, -0.0, -0.0, -0.0, -0.0, -0.0, 0.5, -0.0, -0.0, -0.0, -0.0, -0.0, -0.0, -0.0, -0.0, -0.0, -0.0, -0.0, -0.0, 0.5, -0.0, -0.0, -0.0, -0.0, -0.0, -0.0, -0.0, -0.0, -0.0]
			Active cut size: 0
W = 99 
H = 99
normalXList.size = 16
normalYList.size = 26
xList.size = 10
yList.size = 12
squareList.size = 12
myConsList.size = 0
当前上界 = 3.0
当前上界 = 2.8666666666666667
当前上界 = 2.7333333333333334
当前上界 = 2.6
当前上界 = 2.466666666666667
最优解：2.5
solutionList.size() = 1
pattern.getKey() = 7@11@17@30@
用时：0.016 s
--------------------------------------- Price Problem End --------------------------------------------------------
		12 Add column : 1 col:19 	0.484
			Start solve  LP :0.484
			End solve LP obj: 8.0 t: 0
com.wlj.solver.BBSolver:
--------------------------------------- Price Problem Start --------------------------------------------------------
dualPrice.size = 40 , dualPrice = [1.0, 1.0, 0.8333333333333334, 0.6666666666666667, 0.6666666666666667, 0.6666666666666667, 0.6666666666666667, 0.3333333333333333, 0.33333333333333326, 0.33333333333333326, 0.16666666666666666, 0.3333333333333333, -0.0, -0.0, -0.0, -0.0, -0.0, 0.3333333333333333, -0.0, -0.0, -0.0, 0.16666666666666666, -0.0, -0.0, -0.0, -0.0, -0.0, -0.0, -0.0, -0.0, 0.0, -0.0, -0.0, -0.0, 0.5000000000000001, -0.0, -0.0, -0.0, -0.0, -0.0]
			Active cut size: 0
W = 100 
H = 99
normalXList.size = 28
normalYList.size = 41
xList.size = 17
yList.size = 21
squareList.size = 15
myConsList.size = 0
当前上界 = 2.3333333333333335
当前上界 = 2.2444444444444445
当前上界 = 2.1555555555555554
当前上界 = 2.0666666666666664
当前上界 = 1.9777777777777776
最优解：2.0
solutionList.size() = 3
pattern.getKey() = 1@17@21@34@
用时：0.063 s
--------------------------------------- Price Problem End --------------------------------------------------------
		13 Add column : 1 col:20 	0.547
			Start solve  LP :0.547
			End solve LP obj: 8.0 t: 0
com.wlj.solver.BBSolver:
--------------------------------------- Price Problem Start --------------------------------------------------------
dualPrice.size = 40 , dualPrice = [1.0, 0.7500000000000001, 0.9166666666666666, 0.6666666666666666, 0.6666666666666666, 0.5, 0.5833333333333334, 0.33333333333333337, 0.41666666666666663, 0.49999999999999994, 0.08333333333333334, 0.33333333333333337, -0.0, -0.0, 0.2499999999999999, 0.33333333333333337, -0.0, -0.0, 0.08333333333333334, -0.0, -0.0, -0.0, -0.0, -0.0, -0.0, -0.0, -0.0, -0.0, -0.0, -0.0, 0.3333333333333333, -0.0, -0.0, -0.0, 0.2499999999999999, -0.0, -0.0, -0.0, -0.0, -0.0]
			Active cut size: 0
W = 100 
H = 100
normalXList.size = 30
normalYList.size = 59
xList.size = 15
yList.size = 38
squareList.size = 17
myConsList.size = 0
当前上界 = 2.3333333333333335
当前上界 = 2.2444444444444445
当前上界 = 2.1555555555555554
当前上界 = 2.0666666666666664
当前上界 = 1.9777777777777776
最优解：2.0
solutionList.size() = 1
pattern.getKey() = 9@11@14@15@30@34@
用时：0.218 s
--------------------------------------- Price Problem End --------------------------------------------------------
		14 Add column : 1 col:21 	0.765
			Start solve  LP :0.765
			End solve LP obj: 8.0 t: 0
com.wlj.solver.BBSolver:
--------------------------------------- Price Problem Start --------------------------------------------------------
dualPrice.size = 40 , dualPrice = [1.0, 1.0, 0.6666666666666666, 0.6666666666666666, 0.6666666666666666, -1.1102230246251565E-16, 0.33333333333333326, 0.33333333333333337, 0.6666666666666667, 0.0, 0.33333333333333337, 0.3333333333333333, 1.0, -0.0, 0.0, 0.33333333333333337, -0.0, -0.0, 0.33333333333333337, -0.0, -0.0, -0.0, -0.0, -0.0, -0.0, -0.0, -0.0, -0.0, -0.0, -0.0, 0.33333333333333337, -0.0, -0.0, -0.0, 0.0, -0.0, -0.0, -0.0, -0.0, -0.0]
			Active cut size: 0
W = 100 
H = 99
normalXList.size = 28
normalYList.size = 29
xList.size = 15
yList.size = 13
squareList.size = 14
myConsList.size = 0
当前上界 = 3.0000000000000004
当前上界 = 2.866666666666667
当前上界 = 2.733333333333334
当前上界 = 2.6000000000000005
最优解：2.666666666666667
solutionList.size() = 6
pattern.getKey() = 10@11@12@15@18@30@
用时：0.016 s
--------------------------------------- Price Problem End --------------------------------------------------------
		15 Add column : 1 col:22 	0.781
			Start solve  LP :0.781
			End solve LP obj: 8.0 t: 0
com.wlj.solver.BBSolver:
--------------------------------------- Price Problem Start --------------------------------------------------------
dualPrice.size = 40 , dualPrice = [1.0, 0.3999999999999999, 0.8, 0.8, 1.0, 0.6000000000000001, 0.8, -0.0, 0.19999999999999996, -0.0, 0.2, 0.19999999999999996, 0.39999999999999997, -0.0, 0.19999999999999996, -0.0, -0.0, -0.0, 0.2, 0.19999999999999996, -0.0, -0.0, -0.0, -0.0, -0.0, -0.0, -0.0, -0.0, 0.40000000000000013, -0.0, 0.0, -0.0, -0.0, -0.0, 0.6000000000000001, -0.0, -0.0, -0.0, -0.0, -0.0]
			Active cut size: 0
W = 100 
H = 100
normalXList.size = 55
normalYList.size = 48
xList.size = 25
yList.size = 24
squareList.size = 16
myConsList.size = 0
当前上界 = 3.000000000000001
当前上界 = 2.8666666666666676
当前上界 = 2.7333333333333343
当前上界 = 2.600000000000001
最优解：2.6
solutionList.size() = 7
pattern.getKey() = 6@12@14@19@28@34@
用时：0.25 s
--------------------------------------- Price Problem End --------------------------------------------------------
		16 Add column : 1 col:23 	1.031
			Start solve  LP :1.031
			End solve LP obj: 8.0 t: 0
com.wlj.solver.BBSolver:
--------------------------------------- Price Problem Start --------------------------------------------------------
dualPrice.size = 40 , dualPrice = [1.0, 0.8999999999999999, 0.7, 0.7, 0.7, 0.6000000000000001, 0.3999999999999999, 0.30000000000000004, 0.39999999999999997, 0.3, 0.3, 0.3, 0.09999999999999998, 0.3, -0.0, -0.0, -0.0, -0.0, -0.0, 0.3, -0.0, -0.0, 0.20000000000000012, -0.0, -0.0, -0.0, -0.0, -0.0, 0.10000000000000003, -0.0, 0.30000000000000004, -0.0, -0.0, -0.0, 0.10000000000000003, -0.0, -0.0, -0.0, -0.0, -0.0]
			Active cut size: 0
W = 100 
H = 100
normalXList.size = 69
normalYList.size = 58
xList.size = 47
yList.size = 36
squareList.size = 19
myConsList.size = 0
当前上界 = 2.3000000000000003
当前上界 = 2.2133333333333334
当前上界 = 2.1266666666666665
当前上界 = 2.0399999999999996
当前上界 = 1.953333333333333
最优解：2.0000000000000004
solutionList.size() = 9
pattern.getKey() = 3@13@19@22@28@30@34@
用时：1.469 s
--------------------------------------- Price Problem End --------------------------------------------------------
		17 Add column : 1 col:24 	2.5
			Start solve  LP :2.5
			End solve LP obj: 8.0 t: 0
com.wlj.solver.BBSolver:
--------------------------------------- Price Problem Start --------------------------------------------------------
dualPrice.size = 40 , dualPrice = [1.0, 0.5, 0.33333333333333337, 0.6666666666666666, 0.33333333333333326, 0.5, 0.5, 0.6666666666666667, 0.5, 0.16666666666666666, -0.0, 0.33333333333333337, 0.33333333333333337, 0.16666666666666666, -0.0, 0.16666666666666674, 0.6666666666666666, -0.0, -0.0, 0.16666666666666663, -0.0, 0.5, -0.0, -0.0, -0.0, -0.0, -0.0, -0.0, -0.0, -0.0, -0.0, -0.0, -0.0, 0.5, -0.0, -0.0, -0.0, -0.0, -0.0, -0.0]
			Active cut size: 0
W = 100 
H = 100
normalXList.size = 56
normalYList.size = 30
xList.size = 27
yList.size = 18
squareList.size = 18
myConsList.size = 0
当前上界 = 3.166666666666667
当前上界 = 3.0222222222222226
当前上界 = 2.877777777777778
当前上界 = 2.733333333333334
最优解：2.8333333333333335
solutionList.size() = 4
pattern.getKey() = 7@12@16@19@21@33@
用时：0.047 s
--------------------------------------- Price Problem End --------------------------------------------------------
		18 Add column : 1 col:25 	2.547
			Start solve  LP :2.547
			End solve LP obj: 8.0 t: 0
com.wlj.solver.BBSolver:
--------------------------------------- Price Problem Start --------------------------------------------------------
dualPrice.size = 40 , dualPrice = [1.0, 0.9230769230769231, 0.6153846153846154, 0.6153846153846154, 0.7692307692307692, 0.3846153846153846, 0.46153846153846156, 0.23076923076923078, 0.46153846153846156, 0.3846153846153846, -0.0, 0.3846153846153846, 0.2307692307692308, 0.15384615384615383, -0.0, -0.0, 0.38461538461538464, -0.0, 0.15384615384615385, -0.0, -0.0, 0.07692307692307693, -0.0, -0.0, -0.0, 0.07692307692307687, 0.3846153846153846, -0.0, -0.0, -0.0, 0.23076923076923078, -0.0, -0.0, 0.07692307692307693, -0.0, -0.0, -0.0, -0.0, -0.0, -0.0]
			Active cut size: 0
W = 100 
H = 100
normalXList.size = 69
normalYList.size = 62
xList.size = 47
yList.size = 45
squareList.size = 20
myConsList.size = 0
当前上界 = 2.461538461538462
当前上界 = 2.3641025641025646
当前上界 = 2.266666666666667
当前上界 = 2.1692307692307695
最优解：2.2307692307692304
solutionList.size() = 3
pattern.getKey() = 9@11@12@16@21@25@26@30@33@
pattern.getKey() = 8@11@16@18@21@25@26@30@33@
用时：2.343 s
--------------------------------------- Price Problem End --------------------------------------------------------
		19 Add column : 1 col:26 	4.89
			Start solve  LP :4.89
			End solve LP obj: 8.0 t: 0
com.wlj.solver.BBSolver:
--------------------------------------- Price Problem Start --------------------------------------------------------
dualPrice.size = 40 , dualPrice = [1.0, 1.0, 0.5, 0.5, 1.0, 1.0, 0.0, 0.0, -0.0, 0.0, 0.5, 0.5, 0.0, 0.5, -0.0, -0.0, -0.0, -0.0, -0.0, -0.0, -0.0, -0.0, -0.0, -0.0, -0.0, -0.0, 0.5, 1.0, -0.0, -0.0, 0.0, -0.0, -0.0, 0.0, -0.0, -0.0, -0.0, -0.0, -0.0, -0.0]
			Active cut size: 0
W = 99 
H = 100
normalXList.size = 26
normalYList.size = 22
xList.size = 13
yList.size = 9
squareList.size = 11
myConsList.size = 0
当前上界 = 3.5
当前上界 = 3.3333333333333335
当前上界 = 3.166666666666667
当前上界 = 3.0000000000000004
最优解：3.0
solutionList.size() = 3
pattern.getKey() = 10@11@13@26@27@
用时：0.016 s
--------------------------------------- Price Problem End --------------------------------------------------------
		20 Add column : 1 col:27 	4.906
			Start solve  LP :4.906
			End solve LP obj: 8.0 t: 0
com.wlj.solver.BBSolver:
--------------------------------------- Price Problem Start --------------------------------------------------------
dualPrice.size = 40 , dualPrice = [1.0, 0.8333333333333333, 0.49999999999999994, 0.6666666666666667, 0.5, 0.8333333333333334, 0.5, 0.5, -0.0, 0.16666666666666663, -0.0, 0.3333333333333333, -0.0, 0.16666666666666669, -0.0, 0.33333333333333326, -0.0, -0.0, 0.16666666666666663, -0.0, -0.0, 0.16666666666666674, -0.0, -0.0, -0.0, -0.0, -0.0, 0.5, -0.0, -0.0, 0.16666666666666666, -0.0, 0.5, 0.16666666666666674, -0.0, -0.0, -0.0, -0.0, -0.0, -0.0]
			Active cut size: 0
W = 100 
H = 100
normalXList.size = 64
normalYList.size = 65
xList.size = 39
yList.size = 45
squareList.size = 18
myConsList.size = 0
当前上界 = 3.1666666666666665
当前上界 = 3.022222222222222
当前上界 = 2.8777777777777778
当前上界 = 2.7333333333333334
当前上界 = 2.588888888888889
最优解：2.666666666666667
solutionList.size() = 6
pattern.getKey() = 5@13@18@21@27@30@32@33@
用时：5.016 s
--------------------------------------- Price Problem End --------------------------------------------------------
		21 Add column : 1 col:28 	9.922
			Start solve  LP :9.922
			End solve LP obj: 8.0 t: 0
com.wlj.solver.BBSolver:
--------------------------------------- Price Problem Start --------------------------------------------------------
dualPrice.size = 40 , dualPrice = [1.0, 0.6666666666666666, 0.6666666666666666, 0.6666666666666666, 1.0, -1.1102230246251565E-16, 0.6666666666666666, -0.0, 0.0, 0.33333333333333337, -0.0, 0.3333333333333333, -0.0, -0.0, -0.0, -0.0, -0.0, 0.0, 0.33333333333333337, -0.0, 0.6666666666666667, -0.0, -0.0, -0.0, -0.0, -0.0, 0.33333333333333337, 0.33333333333333337, -0.0, -0.0, -0.0, -0.0, 0.33333333333333337, -0.0, 0.33333333333333337, -0.0, -0.0, 0.33333333333333337, -0.0, -0.0]
			Active cut size: 0
W = 100 
H = 100
normalXList.size = 74
normalYList.size = 72
xList.size = 49
yList.size = 55
squareList.size = 15
myConsList.size = 0
当前上界 = 4.000000000000001
当前上界 = 3.8000000000000007
当前上界 = 3.6000000000000005
最优解：3.6666666666666674
solutionList.size() = 3
pattern.getKey() = 4@18@20@26@27@32@34@37@
用时：13.265 s
--------------------------------------- Price Problem End --------------------------------------------------------
		22 Add column : 1 col:29 	23.187
			Start solve  LP :23.187
			End solve LP obj: 8.0 t: 0
com.wlj.solver.BBSolver:
--------------------------------------- Price Problem Start --------------------------------------------------------
dualPrice.size = 40 , dualPrice = [1.0, 0.7, 1.0, 0.5, -0.0, 0.7, 0.5, 0.30000000000000004, 0.3, -0.0, 0.0, 0.5, -0.0, -0.0, -0.0, -0.0, -0.0, -0.0, 5.551115123125783E-17, -0.0, 0.30000000000000004, -0.0, -0.0, 0.7, -0.0, -0.0, -0.0, 0.09999999999999992, -0.0, 0.5, 0.2, -0.0, -0.0, -0.0, 0.3, -0.0, 0.10000000000000009, 0.3, -0.0, -0.0]
			Active cut size: 0
W = 100 
H = 100
normalXList.size = 81
normalYList.size = 88
xList.size = 63
yList.size = 77
squareList.size = 17
myConsList.size = 0
当前上界 = 4.0
当前上界 = 3.8
当前上界 = 3.5999999999999996
最优解：3.6999999999999997
solutionList.size() = 1
pattern.getKey() = 2@11@23@27@29@30@34@36@37@
用时：93.41 s
--------------------------------------- Price Problem End --------------------------------------------------------
		23 Add column : 1 col:30 	116.597
			Start solve  LP :116.597
			End solve LP obj: 8.0 t: 0
com.wlj.solver.BBSolver:
--------------------------------------- Price Problem Start --------------------------------------------------------
dualPrice.size = 40 , dualPrice = [1.0, 0.7999999999999998, -0.0, 0.8, -0.0, 0.19999999999999996, 0.6, 0.8, -0.0, 0.19999999999999996, -0.0, 0.19999999999999998, -0.0, 0.2, 0.20000000000000018, -0.0, -0.0, -0.0, 0.3999999999999999, -0.0, 0.6000000000000001, 0.20000000000000018, 0.0, 0.19999999999999998, -0.0, -0.0, -0.0, -0.0, -0.0, 0.19999999999999998, -0.0, -0.0, -0.0, -0.0, -0.0, -0.0, 0.4, -0.0, 1.0, -0.0]
			Active cut size: 0
W = 100 
H = 100
normalXList.size = 59
normalYList.size = 88
xList.size = 31
yList.size = 77
squareList.size = 17
myConsList.size = 0
当前上界 = 4.200000000000001
当前上界 = 3.9866666666666677
最优解：4.0
solutionList.size() = 3
pattern.getKey() = 7@14@18@20@21@23@29@36@38@
用时：9.33 s
--------------------------------------- Price Problem End --------------------------------------------------------
		24 Add column : 1 col:31 	125.927
			Start solve  LP :125.927
			End solve LP obj: 8.0 t: 0
com.wlj.solver.BBSolver:
--------------------------------------- Price Problem Start --------------------------------------------------------
dualPrice.size = 40 , dualPrice = [1.0, 0.8, 0.4, 0.2, 0.6, 0.4, 0.2, 0.4, 0.2, 0.4, -0.0, 0.2, 0.19999999999999996, 0.6, -0.0, -0.0, -0.0, -0.0, -0.0, -0.0, -0.0, -0.0, -0.0, -0.0, -0.0, 0.6000000000000001, -0.0, -0.0, -0.0, -0.0, -0.0, -0.0, -0.0, -0.0, 0.2, 0.8, -0.0, 0.2, 0.6, -0.0]
			Active cut size: 0
W = 100 
H = 100
normalXList.size = 92
normalYList.size = 63
xList.size = 85
yList.size = 40
squareList.size = 18
myConsList.size = 0
当前上界 = 4.0
当前上界 = 3.8
最优解：3.8000000000000003
solutionList.size() = 1
pattern.getKey() = 5@9@13@25@34@35@37@38@
用时：13.375 s
--------------------------------------- Price Problem End --------------------------------------------------------
		25 Add column : 1 col:32 	139.302
			Start solve  LP :139.302
			End solve LP obj: 8.0 t: 0
com.wlj.solver.BBSolver:
--------------------------------------- Price Problem Start --------------------------------------------------------
dualPrice.size = 40 , dualPrice = [1.0, 0.75, 0.5, 0.5, 0.5, -0.0, 0.5, 0.5, 0.5, -0.0, 0.5, 0.25, 0.0, 0.25, 0.25, -0.0, -0.0, -0.0, 0.25, -0.0, -0.0, -0.0, -0.0, -0.0, 1.0, 0.0, -0.0, -0.0, -0.0, -0.0, -0.0, -0.0, -0.0, -0.0, 0.25, 0.5, -0.0, -0.0, 0.0, -0.0]
			Active cut size: 0
W = 100 
H = 100
normalXList.size = 60
normalYList.size = 55
xList.size = 31
yList.size = 31
squareList.size = 16
myConsList.size = 0
当前上界 = 3.5
当前上界 = 3.3333333333333335
当前上界 = 3.166666666666667
最优解：3.25
solutionList.size() = 7
pattern.getKey() = 8@10@13@18@24@34@35@
用时：0.25 s
--------------------------------------- Price Problem End --------------------------------------------------------
		26 Add column : 1 col:33 	139.552
			Start solve  LP :139.552
			End solve LP obj: 8.0 t: 0
com.wlj.solver.BBSolver:
--------------------------------------- Price Problem Start --------------------------------------------------------
dualPrice.size = 40 , dualPrice = [1.0, 0.7, 0.20000000000000012, 0.4, 0.3000000000000001, -0.0, 0.29999999999999993, -0.0, -0.0, -0.0, -0.0, 0.6, 0.4, 0.09999999999999998, 0.30000000000000004, -0.0, -0.0, -0.0, -0.0, -0.0, -0.0, 0.30000000000000004, 0.5000000000000001, -0.0, 0.4, -0.0, 0.09999999999999998, 0.1999999999999999, -0.0, -0.0, -0.0, 0.7, 0.39999999999999997, -0.0, -0.0, 0.5, -0.0, -0.0, 0.3999999999999999, 0.19999999999999996]
			Active cut size: 0
W = 100 
H = 100
normalXList.size = 96
normalYList.size = 92
xList.size = 95
yList.size = 85
squareList.size = 20
myConsList.size = 0
当前上界 = 5.099999999999999
当前上界 = 4.826666666666665
--------------------------------------- Price Problem End --------------------------------------------------------
		27 Add column : 0 col:34 	3000.007
	1 End Add column using column generation : 8.0 col: 34 cons: 0 cut: 0	3000.007
   End add columnAndCut : 8.0 colGencnt: 1 price: 0 col: 34 cons: 0 cut: 0	3000.007

Node lb: 1.7976931348623157E308 ub: 8 : 3000.007

Final Found Solution: 8 genNode: 1 extendedNode: 0:3000.007
Bin size: 10000
1 : 3600,2604,675,442,338,92, : 7751
2 : 5280,1817,1245,176,20, : 8538
3 : 6580,1638,294,168,36, : 8716
4 : 4731,3234,561,192, : 8718
5 : 8455, : 8455
6 : 4030,2376,1672,754,480,12, : 9324
7 : 4770,1628,1218,792,430,258,111, : 9207
8 : 1794,1645,837,703,220,147, : 5346
----------------------- 1 ---------------------------
canvasWidth:100,
canvasHeight:100,
data:[{x:50,y:0,l:72,w:50},{x:75,y:72,l:27,w:25},{x:62,y:72,l:26,w:13},{x:0,y:0,l:2,w:46},{x:15,y:2,l:84,w:31},{x:2,y:2,l:34,w:13},],
----------------------- 2 ---------------------------
canvasWidth:100,
canvasHeight:100,
data:[{x:40,y:0,l:88,w:60},{x:17,y:0,l:79,w:23},{x:18,y:79,l:8,w:22},{x:2,y:0,l:83,w:15},{x:13,y:83,l:5,w:4},],
----------------------- 3 ---------------------------
canvasWidth:100,
canvasHeight:100,
data:[{x:6,y:0,l:70,w:94},{x:9,y:70,l:18,w:91},{x:7,y:70,l:18,w:2},{x:0,y:0,l:49,w:6},{x:0,y:49,l:28,w:6},],
----------------------- 4 ---------------------------
canvasWidth:100,
canvasHeight:100,
data:[{x:17,y:0,l:57,w:83},{x:0,y:0,l:33,w:17},{x:9,y:33,l:24,w:8},{x:23,y:58,l:42,w:77},],
----------------------- 5 ---------------------------
canvasWidth:100,
canvasHeight:100,
data:[{x:11,y:0,l:95,w:89},],
----------------------- 6 ---------------------------
canvasWidth:100,
canvasHeight:100,
data:[{x:38,y:0,l:65,w:62},{x:0,y:0,l:44,w:38},{x:6,y:44,l:15,w:32},{x:28,y:65,l:33,w:72},{x:94,y:98,l:2,w:6},{x:2,y:65,l:29,w:26},],
----------------------- 7 ---------------------------
canvasWidth:100,
canvasHeight:100,
data:[{x:47,y:0,l:90,w:53},{x:3,y:0,l:37,w:44},{x:0,y:0,l:37,w:3},{x:5,y:37,l:29,w:42},{x:14,y:66,l:24,w:33},{x:57,y:90,l:10,w:43},{x:14,y:90,l:6,w:43},],
----------------------- 8 ---------------------------
canvasWidth:100,
canvasHeight:100,
data:[{x:61,y:0,l:46,w:39},{x:30,y:0,l:27,w:31},{x:65,y:46,l:47,w:35},{x:79,y:93,l:7,w:21},{x:28,y:46,l:19,w:37},{x:8,y:46,l:11,w:20},],
