====================================== Class_08.2bp-43 =====================================
Reduced size: 100 usedBin: 0
[16, 24, 62]
[6, 68, 70, 79]
[26, 29, 71, 80]
[30, 43, 54, 82]
[28, 32, 72]
[11, 33]
[4, 55, 66, 97]
[2, 91]
[25, 38, 58]
[27, 57, 61]
[37, 49, 75]
[41, 47, 65, 90]
[14, 40, 63]
[31, 42, 51, 74]
[13, 60, 83, 84, 88, 89, 98]
[1, 86, 87]
[3, 73, 76, 85]
[17, 23, 77]
[18, 39, 52]
[5, 50]
[19, 34, 78, 94]
[20, 56, 59]
[22, 45, 67, 95]
[12, 35, 81]
[10, 15, 92, 93, 99]
[8, 64]
[0, 69]
[21, 44, 48]
[36, 46, 53]
[7, 9, 96]
------------------------------------------------
Best fit used bin number: 30
Found best solution: 30 0.172

   Statrt add columnAndCut col: 30 cons: 0 cut: 0	0.25

	1 Start Add column using column generation  col: 30 cons: 0 cut: 0	0.25
			Start solve  LP :0.25
			End solve LP obj: 30.0 t: 16
	1 End Add column using column generation : 30.0 col: 30 cons: 0 cut: 0	0.266
   End add columnAndCut : 30.0 colGencnt: 1 price: 0 col: 30 cons: 0 cut: 0	0.266

Node lb: 30.0 ub: 30 : 0.266

Final Found Solution: 30 genNode: 1 extendedNode: 0:0.266
Bin size: 10000
1 : 4000,3440,1700, : 9140
2 : 5168,1407,1260,924, : 8759
3 : 3381,3237,1248,876, : 8742
4 : 3220,2772,2430,804, : 9226
5 : 3280,3168,1245, : 7693
6 : 4648,3168, : 7816
7 : 5313,2418,1530,94, : 9355
8 : 6816,292, : 7108
9 : 3395,3002,2268, : 8665
10 : 3285,2414,1932, : 7631
11 : 3060,2584,1139, : 6783
12 : 2850,2698,1530,518, : 7596
13 : 4389,2886,1694, : 8969
14 : 3212,2840,2538,1168, : 9758
15 : 4418,2059,780,756,623,528,92, : 9256
16 : 7298,664,660, : 8622
17 : 5980,1222,1022,688, : 8912
18 : 3915,3444,952, : 8311
19 : 3854,2940,2523, : 9317
20 : 5292,2553, : 7845
21 : 3818,3154,952,168, : 8092
22 : 3648,2418,2201, : 8267
23 : 3612,2736,1463,112, : 7923
24 : 4508,3081,852, : 8441
25 : 4675,4074,270,201,66, : 9286
26 : 4992,1672, : 6664
27 : 7885,1292, : 9177
28 : 3640,2760,2610, : 9010
29 : 3080,2730,2460, : 8270
30 : 5044,4752,99, : 9895
----------------------- 1 ---------------------------
canvasWidth:100,
canvasHeight:100,
data:[{x:0,y:0,l:40,w:100},{x:0,y:40,l:17,w:100},{x:20,y:57,l:43,w:80},],
----------------------- 2 ---------------------------
canvasWidth:100,
canvasHeight:100,
data:[{x:24,y:0,l:68,w:76},{x:30,y:68,l:18,w:70},{x:34,y:86,l:14,w:66},{x:0,y:0,l:67,w:21},],
----------------------- 3 ---------------------------
canvasWidth:100,
canvasHeight:100,
data:[{x:17,y:0,l:39,w:83},{x:27,y:39,l:12,w:73},{x:31,y:51,l:49,w:69},{x:1,y:0,l:78,w:16},],
----------------------- 4 ---------------------------
canvasWidth:100,
canvasHeight:100,
data:[{x:30,y:0,l:46,w:70},{x:33,y:46,l:12,w:67},{x:34,y:58,l:42,w:66},{x:0,y:0,l:90,w:27},],
----------------------- 5 ---------------------------
canvasWidth:100,
canvasHeight:100,
data:[{x:17,y:0,l:15,w:83},{x:20,y:15,l:41,w:80},{x:28,y:56,l:44,w:72},],
----------------------- 6 ---------------------------
canvasWidth:100,
canvasHeight:100,
data:[{x:17,y:0,l:56,w:83},{x:28,y:56,l:44,w:72},],
----------------------- 7 ---------------------------
canvasWidth:100,
canvasHeight:100,
data:[{x:22,y:0,l:31,w:78},{x:23,y:31,l:69,w:77},{x:2,y:0,l:85,w:18},{x:0,y:0,l:47,w:2},],
----------------------- 8 ---------------------------
canvasWidth:100,
canvasHeight:100,
data:[{x:27,y:0,l:4,w:73},{x:29,y:4,l:96,w:71},],
----------------------- 9 ---------------------------
canvasWidth:100,
canvasHeight:100,
data:[{x:3,y:0,l:35,w:97},{x:16,y:35,l:27,w:84},{x:21,y:62,l:38,w:79},],
----------------------- 10 ---------------------------
canvasWidth:100,
canvasHeight:100,
data:[{x:8,y:0,l:21,w:92},{x:27,y:21,l:45,w:73},{x:29,y:66,l:34,w:71},],
----------------------- 11 ---------------------------
canvasWidth:100,
canvasHeight:100,
data:[{x:32,y:0,l:45,w:68},{x:32,y:45,l:38,w:68},{x:33,y:83,l:17,w:67},],
----------------------- 12 ---------------------------
canvasWidth:100,
canvasHeight:100,
data:[{x:10,y:0,l:17,w:90},{x:25,y:17,l:38,w:75},{x:26,y:55,l:7,w:74},{x:29,y:62,l:38,w:71},],
----------------------- 13 ---------------------------
canvasWidth:100,
canvasHeight:100,
data:[{x:63,y:0,l:78,w:37},{x:6,y:0,l:77,w:57},{x:23,y:78,l:22,w:77},],
----------------------- 14 ---------------------------
canvasWidth:100,
canvasHeight:100,
data:[{x:27,y:0,l:44,w:73},{x:27,y:44,l:16,w:73},{x:29,y:60,l:40,w:71},{x:0,y:0,l:94,w:27},],
----------------------- 15 ---------------------------
canvasWidth:100,
canvasHeight:100,
data:[{x:29,y:0,l:29,w:71},{x:1,y:0,l:27,w:28},{x:6,y:29,l:47,w:94},{x:8,y:76,l:1,w:92},{x:11,y:77,l:7,w:89},{x:12,y:84,l:6,w:88},{x:22,y:90,l:10,w:78},],
----------------------- 16 ---------------------------
canvasWidth:100,
canvasHeight:100,
data:[{x:11,y:0,l:82,w:89},{x:17,y:82,l:8,w:83},{x:34,y:90,l:10,w:66},],
----------------------- 17 ---------------------------
canvasWidth:100,
canvasHeight:100,
data:[{x:6,y:0,l:13,w:94},{x:8,y:13,l:65,w:92},{x:14,y:78,l:8,w:86},{x:27,y:86,l:14,w:73},],
----------------------- 18 ---------------------------
canvasWidth:100,
canvasHeight:100,
data:[{x:13,y:0,l:45,w:87},{x:16,y:45,l:41,w:84},{x:32,y:86,l:14,w:68},],
----------------------- 19 ---------------------------
canvasWidth:100,
canvasHeight:100,
data:[{x:2,y:0,l:30,w:98},{x:6,y:30,l:41,w:94},{x:13,y:71,l:29,w:87},],
----------------------- 20 ---------------------------
canvasWidth:100,
canvasHeight:100,
data:[{x:16,y:0,l:63,w:84},{x:31,y:63,l:37,w:69},],
----------------------- 21 ---------------------------
canvasWidth:100,
canvasHeight:100,
data:[{x:16,y:0,l:2,w:84},{x:17,y:2,l:46,w:83},{x:17,y:48,l:38,w:83},{x:32,y:86,l:14,w:68},],
----------------------- 22 ---------------------------
canvasWidth:100,
canvasHeight:100,
data:[{x:4,y:0,l:38,w:96},{x:22,y:38,l:31,w:78},{x:29,y:69,l:31,w:71},],
----------------------- 23 ---------------------------
canvasWidth:100,
canvasHeight:100,
data:[{x:16,y:0,l:43,w:84},{x:23,y:43,l:19,w:77},{x:16,y:43,l:16,w:7},{x:28,y:62,l:38,w:72},],
----------------------- 24 ---------------------------
canvasWidth:100,
canvasHeight:100,
data:[{x:8,y:0,l:49,w:92},{x:21,y:49,l:39,w:79},{x:29,y:88,l:12,w:71},],
----------------------- 25 ---------------------------
canvasWidth:100,
canvasHeight:100,
data:[{x:58,y:0,l:97,w:42},{x:55,y:0,l:90,w:3},{x:0,y:0,l:85,w:55},{x:33,y:97,l:3,w:67},{x:0,y:97,l:2,w:33},],
----------------------- 26 ---------------------------
canvasWidth:100,
canvasHeight:100,
data:[{x:24,y:0,l:22,w:76},{x:36,y:22,l:78,w:64},],
----------------------- 27 ---------------------------
canvasWidth:100,
canvasHeight:100,
data:[{x:5,y:0,l:83,w:95},{x:24,y:83,l:17,w:76},],
----------------------- 28 ---------------------------
canvasWidth:100,
canvasHeight:100,
data:[{x:8,y:0,l:30,w:92},{x:9,y:30,l:40,w:91},{x:13,y:70,l:30,w:87},],
----------------------- 29 ---------------------------
canvasWidth:100,
canvasHeight:100,
data:[{x:9,y:0,l:30,w:91},{x:18,y:30,l:30,w:82},{x:23,y:60,l:40,w:77},],
----------------------- 30 ---------------------------
canvasWidth:100,
canvasHeight:100,
data:[{x:1,y:0,l:1,w:99},{x:52,y:1,l:99,w:48},{x:0,y:1,l:97,w:52},],
