====================================== Class_10.2bp-9 =====================================
Reduced size: 20 usedBin: 0
[2, 3, 4, 5, 8, 12, 14, 15, 16, 19]
[1, 6, 7, 9, 10, 11, 13, 17, 18]
[0]
------------------------------------------------
Best fit used bin number: 3
Found best solution: 3 0.263

   Statrt add columnAndCut col: 3 cons: 0 cut: 0	0.324

	1 Start Add column using column generation  col: 3 cons: 0 cut: 0	0.324
			Start solve  LP :0.325
			End solve LP obj: 3.0 t: 2
	1 End Add column using column generation : 3.0 col: 3 cons: 0 cut: 0	0.328
   End add columnAndCut : 3.0 colGencnt: 1 price: 0 col: 3 cons: 0 cut: 0	0.328

Node lb: 3.0 ub: 3 : 0.328

Final Found Solution: 3 genNode: 1 extendedNode: 0:0.328
Bin size: 10000
1 : 2107,1776,1638,1200,975,481,260,252,156,21, : 8866
2 : 2856,1104,1100,864,850,546,400,90,90, : 7900
3 : 2880, : 2880
----------------------- 1 ---------------------------
canvasWidth:100,
canvasHeight:100,
data:[{x:50,y:0,l:24,w:50},{x:63,y:24,l:13,w:37},{x:50,y:24,l:12,w:13},{x:90,y:37,l:26,w:10},{x:51,y:37,l:25,w:39},{x:69,y:62,l:1,w:21},{x:52,y:63,l:37,w:48},{x:7,y:0,l:49,w:43},{x:8,y:49,l:39,w:42},{x:8,y:88,l:6,w:42},],
----------------------- 2 ---------------------------
canvasWidth:100,
canvasHeight:100,
data:[{x:31,y:0,l:16,w:69},{x:49,y:16,l:56,w:51},{x:36,y:16,l:42,w:13},{x:39,y:58,l:9,w:10},{x:52,y:72,l:18,w:48},{x:60,y:90,l:10,w:40},{x:6,y:0,l:34,w:25},{x:0,y:0,l:15,w:6},{x:6,y:34,l:44,w:25},],
----------------------- 3 ---------------------------
canvasWidth:100,
canvasHeight:100,
data:[{x:20,y:0,l:36,w:80},],
