====================================== Class_10.2bp-25 =====================================
Reduced size: 60 usedBin: 0
[13, 14, 26, 47, 50, 54]
[1, 39, 45, 49]
[4, 16, 30, 51]
[2, 15, 38]
[3, 27, 59]
[5, 32, 36, 40, 44]
[0, 19]
[6, 25]
[10, 11, 28, 29, 33]
[8, 21, 48, 57]
[7, 20, 31, 42, 52]
[12, 17, 23, 24, 34, 46, 55, 56]
[9, 18, 22, 35, 37, 41, 43, 53, 58]
------------------------------------------------
Best fit used bin number: 13
Found best solution: 13 0.266

   Statrt add columnAndCut col: 13 cons: 0 cut: 0	0.328

	1 Start Add column using column generation  col: 13 cons: 0 cut: 0	0.328
			Start solve  LP :0.328
			End solve LP obj: 13.0 t: 0
	1 End Add column using column generation : 13.0 col: 13 cons: 0 cut: 0	0.328
   End add columnAndCut : 13.0 colGencnt: 1 price: 0 col: 13 cons: 0 cut: 0	0.328

Node lb: 13.0 ub: 13 : 0.328

Final Found Solution: 13 genNode: 1 extendedNode: 0:0.328
Bin size: 10000
1 : 3344,2937,984,348,220,136, : 7969
2 : 7954,486,392,222, : 9054
3 : 6210,2016,800,196, : 9222
4 : 6853,2047,504, : 9404
5 : 6699,936,24, : 7659
6 : 6160,779,558,480,399, : 8376
7 : 8019,1824, : 9843
8 : 5320,1081, : 6401
9 : 3645,3575,836,816,667, : 9539
10 : 5037,1562,273,81, : 6953
11 : 5220,1575,792,442,150, : 8179
12 : 3403,1968,1363,1316,648,380,96,86, : 9260
13 : 3956,1935,1435,640,504,456,420,143,30, : 9519
----------------------- 1 ---------------------------
canvasWidth:100,
canvasHeight:100,
data:[{x:11,y:0,l:33,w:89},{x:1,y:0,l:22,w:10},{x:24,y:33,l:44,w:76},{x:71,y:77,l:12,w:29},{x:0,y:33,l:41,w:24},{x:83,y:92,l:8,w:17},],
----------------------- 2 ---------------------------
canvasWidth:100,
canvasHeight:100,
data:[{x:18,y:0,l:97,w:82},{x:0,y:0,l:27,w:18},{x:4,y:27,l:28,w:14},{x:12,y:55,l:37,w:6},],
----------------------- 3 ---------------------------
canvasWidth:100,
canvasHeight:100,
data:[{x:79,y:0,l:96,w:21},{x:10,y:0,l:90,w:69},{x:0,y:0,l:80,w:10},{x:51,y:96,l:4,w:49},],
----------------------- 4 ---------------------------
canvasWidth:100,
canvasHeight:100,
data:[{x:11,y:0,l:77,w:89},{x:11,y:77,l:23,w:89},{x:5,y:0,l:84,w:6},],
----------------------- 5 ---------------------------
canvasWidth:100,
canvasHeight:100,
data:[{x:13,y:0,l:77,w:87},{x:0,y:0,l:72,w:13},{x:1,y:72,l:2,w:12},],
----------------------- 6 ---------------------------
canvasWidth:100,
canvasHeight:100,
data:[{x:20,y:0,l:77,w:80},{x:0,y:0,l:24,w:20},{x:1,y:24,l:21,w:19},{x:2,y:46,l:31,w:18},{x:59,y:77,l:19,w:41},],
----------------------- 7 ---------------------------
canvasWidth:100,
canvasHeight:100,
data:[{x:1,y:0,l:81,w:99},{x:4,y:81,l:19,w:96},],
----------------------- 8 ---------------------------
canvasWidth:100,
canvasHeight:100,
data:[{x:24,y:0,l:70,w:76},{x:1,y:0,l:47,w:23},],
----------------------- 9 ---------------------------
canvasWidth:100,
canvasHeight:100,
data:[{x:55,y:0,l:81,w:45},{x:56,y:81,l:19,w:44},{x:0,y:0,l:65,w:55},{x:31,y:65,l:34,w:24},{x:2,y:65,l:23,w:29},],
----------------------- 10 ---------------------------
canvasWidth:100,
canvasHeight:100,
data:[{x:31,y:0,l:73,w:69},{x:9,y:0,l:71,w:22},{x:0,y:0,l:9,w:9},{x:2,y:9,l:39,w:7},],
----------------------- 11 ---------------------------
canvasWidth:100,
canvasHeight:100,
data:[{x:40,y:0,l:87,w:60},{x:19,y:0,l:75,w:21},{x:25,y:75,l:10,w:15},{x:2,y:0,l:26,w:17},{x:28,y:87,l:11,w:72},],
----------------------- 12 ---------------------------
canvasWidth:100,
canvasHeight:100,
data:[{x:71,y:0,l:47,w:29},{x:43,y:0,l:47,w:28},{x:41,y:0,l:43,w:2},{x:59,y:47,l:48,w:41},{x:76,y:95,l:4,w:24},{x:41,y:47,l:36,w:18},{x:0,y:0,l:83,w:41},{x:3,y:83,l:10,w:38},],
----------------------- 13 ---------------------------
canvasWidth:100,
canvasHeight:100,
data:[{x:8,y:0,l:43,w:92},{x:57,y:43,l:45,w:43},{x:58,y:88,l:12,w:42},{x:22,y:43,l:41,w:35},{x:10,y:43,l:38,w:12},{x:27,y:84,l:14,w:30},{x:42,y:98,l:2,w:15},{x:14,y:84,l:11,w:13},{x:0,y:0,l:80,w:8},],
