====================================== Class_07.2bp-47 =====================================
Reduced size: 100 usedBin: 0
[10, 43, 44, 89]
[21, 31, 82, 94]
[15, 17, 70]
[9, 32, 68, 93, 96]
[8, 41, 71, 84]
[2, 45]
[11, 13]
[1, 88]
[0, 79, 87, 91]
[4, 57, 77, 98]
[12, 18, 81, 97]
[5, 25]
[6, 37]
[3, 22]
[16, 20, 76, 80]
[14, 30, 63, 99]
[7, 19, 90]
[42, 46, 48, 50]
[36, 40, 51, 86]
[24, 28]
[23, 26, 69]
[27, 47, 52]
[29, 56, 66, 73]
[34, 35, 78]
[33, 49]
[39, 53, 62, 85, 92, 95]
[54, 58, 61, 65]
[38, 55, 59, 72]
[60, 64, 67, 74, 75, 83]
------------------------------------------------
Best fit used bin number: 29
Found best solution: 29 0.234

   Statrt add columnAndCut col: 29 cons: 0 cut: 0	0.313

	1 Start Add column using column generation  col: 29 cons: 0 cut: 0	0.313
			Start solve  LP :0.313
			End solve LP obj: 29.0 t: 0
	1 End Add column using column generation : 29.0 col: 29 cons: 0 cut: 0	0.328
   End add columnAndCut : 29.0 colGencnt: 1 price: 0 col: 29 cons: 0 cut: 0	0.328

Node lb: 29.0 ub: 29 : 0.328

Final Found Solution: 29 genNode: 1 extendedNode: 0:0.328
Bin size: 10000
1 : 4600,2400,2254,400, : 9654
2 : 3621,3108,760,156, : 7645
3 : 4056,3864,1320, : 9240
4 : 4750,3038,1404,176,90, : 9458
5 : 4828,2580,1302,630, : 9340
6 : 6402,2244, : 8646
7 : 4488,4410, : 8898
8 : 7614,444, : 8058
9 : 7719,1190,525,272, : 9706
10 : 5822,1863,1190,70, : 8945
11 : 4465,3698,882,77, : 9122
12 : 5760,3420, : 9180
13 : 5440,2805, : 8245
14 : 5824,3492, : 9316
15 : 3872,3654,1190,1068, : 9784
16 : 4324,3135,1700,45, : 9204
17 : 4940,3696,301, : 8937
18 : 2565,2236,2185,2136, : 9122
19 : 2880,2580,2088,564, : 8112
20 : 3479,3220, : 6699
21 : 3483,3397,1386, : 8266
22 : 3360,2232,2046, : 7638
23 : 3198,1870,1521,1280, : 7869
24 : 2904,2898,1190, : 6992
25 : 3036,2162, : 5198
26 : 2625,1988,1716,584,264,144, : 7321
27 : 1975,1863,1752,1533, : 7123
28 : 2788,1880,1848,1292, : 7808
29 : 1800,1632,1440,1275,1232,730, : 8109
----------------------- 1 ---------------------------
canvasWidth:100,
canvasHeight:100,
data:[{x:54,y:0,l:100,w:46},{x:30,y:0,l:100,w:24},{x:26,y:0,l:100,w:4},{x:3,y:0,l:98,w:23},],
----------------------- 2 ---------------------------
canvasWidth:100,
canvasHeight:100,
data:[{x:63,y:0,l:84,w:37},{x:61,y:0,l:78,w:2},{x:51,y:0,l:76,w:10},{x:0,y:0,l:71,w:51},],
----------------------- 3 ---------------------------
canvasWidth:100,
canvasHeight:100,
data:[{x:16,y:0,l:46,w:84},{x:22,y:46,l:52,w:78},{x:1,y:0,l:88,w:15},],
----------------------- 4 ---------------------------
canvasWidth:100,
canvasHeight:100,
data:[{x:69,y:0,l:98,w:31},{x:19,y:0,l:95,w:50},{x:18,y:0,l:90,w:1},{x:0,y:0,l:78,w:18},{x:12,y:98,l:2,w:88},],
----------------------- 5 ---------------------------
canvasWidth:100,
canvasHeight:100,
data:[{x:14,y:0,l:30,w:86},{x:91,y:30,l:70,w:9},{x:20,y:30,l:68,w:71},{x:0,y:0,l:93,w:14},],
----------------------- 6 ---------------------------
canvasWidth:100,
canvasHeight:100,
data:[{x:3,y:0,l:66,w:97},{x:34,y:66,l:34,w:66},],
----------------------- 7 ---------------------------
canvasWidth:100,
canvasHeight:100,
data:[{x:2,y:0,l:45,w:98},{x:12,y:45,l:51,w:88},],
----------------------- 8 ---------------------------
canvasWidth:100,
canvasHeight:100,
data:[{x:6,y:0,l:81,w:94},{x:0,y:0,l:74,w:6},],
----------------------- 9 ---------------------------
canvasWidth:100,
canvasHeight:100,
data:[{x:7,y:0,l:83,w:93},{x:30,y:83,l:17,w:70},{x:13,y:83,l:16,w:17},{x:0,y:0,l:75,w:7},],
----------------------- 10 ---------------------------
canvasWidth:100,
canvasHeight:100,
data:[{x:18,y:0,l:71,w:82},{x:1,y:0,l:70,w:17},{x:0,y:0,l:70,w:1},{x:19,y:71,l:23,w:81},],
----------------------- 11 ---------------------------
canvasWidth:100,
canvasHeight:100,
data:[{x:91,y:0,l:98,w:9},{x:90,y:0,l:77,w:1},{x:43,y:0,l:95,w:47},{x:0,y:0,l:86,w:43},],
----------------------- 12 ---------------------------
canvasWidth:100,
canvasHeight:100,
data:[{x:40,y:0,l:96,w:60},{x:2,y:0,l:90,w:38},],
----------------------- 13 ---------------------------
canvasWidth:100,
canvasHeight:100,
data:[{x:36,y:0,l:85,w:64},{x:3,y:0,l:85,w:33},],
----------------------- 14 ---------------------------
canvasWidth:100,
canvasHeight:100,
data:[{x:64,y:0,l:97,w:36},{x:0,y:0,l:91,w:64},],
----------------------- 15 ---------------------------
canvasWidth:100,
canvasHeight:100,
data:[{x:56,y:0,l:88,w:44},{x:14,y:0,l:87,w:42},{x:0,y:0,l:85,w:14},{x:11,y:88,l:12,w:89},],
----------------------- 16 ---------------------------
canvasWidth:100,
canvasHeight:100,
data:[{x:67,y:0,l:95,w:33},{x:91,y:95,l:5,w:9},{x:21,y:0,l:94,w:46},{x:1,y:0,l:85,w:20},],
----------------------- 17 ---------------------------
canvasWidth:100,
canvasHeight:100,
data:[{x:5,y:0,l:52,w:95},{x:16,y:52,l:44,w:84},{x:9,y:52,l:43,w:7},],
----------------------- 18 ---------------------------
canvasWidth:100,
canvasHeight:100,
data:[{x:73,y:0,l:95,w:27},{x:50,y:0,l:95,w:23},{x:26,y:0,l:89,w:24},{x:0,y:0,l:86,w:26},],
----------------------- 19 ---------------------------
canvasWidth:100,
canvasHeight:100,
data:[{x:94,y:0,l:94,w:6},{x:70,y:0,l:87,w:24},{x:40,y:0,l:86,w:30},{x:0,y:0,l:72,w:40},],
----------------------- 20 ---------------------------
canvasWidth:100,
canvasHeight:100,
data:[{x:51,y:0,l:71,w:49},{x:5,y:0,l:70,w:46},],
----------------------- 21 ---------------------------
canvasWidth:100,
canvasHeight:100,
data:[{x:86,y:0,l:99,w:14},{x:43,y:0,l:81,w:43},{x:0,y:0,l:79,w:43},],
----------------------- 22 ---------------------------
canvasWidth:100,
canvasHeight:100,
data:[{x:78,y:0,l:93,w:22},{x:36,y:0,l:80,w:42},{x:5,y:0,l:72,w:31},],
----------------------- 23 ---------------------------
canvasWidth:100,
canvasHeight:100,
data:[{x:78,y:0,l:85,w:22},{x:39,y:0,l:82,w:39},{x:0,y:0,l:39,w:39},{x:7,y:39,l:40,w:32},],
----------------------- 24 ---------------------------
canvasWidth:100,
canvasHeight:100,
data:[{x:86,y:0,l:85,w:14},{x:44,y:0,l:69,w:42},{x:0,y:0,l:66,w:44},],
----------------------- 25 ---------------------------
canvasWidth:100,
canvasHeight:100,
data:[{x:54,y:0,l:66,w:46},{x:7,y:0,l:46,w:47},],
----------------------- 26 ---------------------------
canvasWidth:100,
canvasHeight:100,
data:[{x:92,y:0,l:73,w:8},{x:92,y:73,l:18,w:8},{x:89,y:0,l:88,w:3},{x:54,y:0,l:75,w:35},{x:26,y:0,l:71,w:28},{x:0,y:0,l:66,w:26},],
----------------------- 27 ---------------------------
canvasWidth:100,
canvasHeight:100,
data:[{x:75,y:0,l:79,w:25},{x:51,y:0,l:73,w:24},{x:30,y:0,l:73,w:21},{x:3,y:0,l:69,w:27},],
----------------------- 28 ---------------------------
canvasWidth:100,
canvasHeight:100,
data:[{x:80,y:0,l:94,w:20},{x:46,y:0,l:82,w:34},{x:29,y:0,l:76,w:17},{x:1,y:0,l:66,w:28},],
----------------------- 29 ---------------------------
canvasWidth:100,
canvasHeight:100,
data:[{x:83,y:0,l:96,w:17},{x:68,y:0,l:96,w:15},{x:54,y:0,l:88,w:14},{x:30,y:0,l:75,w:24},{x:13,y:0,l:75,w:17},{x:3,y:0,l:73,w:10},],
