====================================== Class_02.2bp-25 =====================================
Reduced size: 60 usedBin: 0
[0, 1, 2, 3, 4, 6, 7, 12, 13, 14, 15, 16, 17, 21, 23, 26, 31, 34, 44, 48, 49, 50, 51, 54, 55, 56]
[5, 8, 9, 10, 11, 18, 19, 20, 22, 24, 25, 27, 28, 29, 30, 32, 33, 35, 36, 37, 38, 39, 40, 41, 42, 43, 45, 46, 47, 52, 53, 57, 58, 59]
------------------------------------------------
Best fit used bin number: 2
Found best solution: 2 0.328

   Statrt add columnAndCut col: 2 cons: 0 cut: 0	0.406

	1 Start Add column using column generation  col: 2 cons: 0 cut: 0	0.406
			Start solve  LP :0.406
			End solve LP obj: 2.0 t: 0
	1 End Add column using column generation : 2.0 col: 2 cons: 0 cut: 0	0.406
   End add columnAndCut : 2.0 colGencnt: 1 price: 0 col: 2 cons: 0 cut: 0	0.406

Node lb: 2.0 ub: 2 : 0.406

Final Found Solution: 2 genNode: 1 extendedNode: 0:0.406
Bin size: 900
1 : 90,90,64,63,60,56,50,42,40,40,40,36,35,30,28,27,20,18,12,10,10,9,9,5,4,3, : 891
2 : 60,50,45,45,45,35,35,35,30,28,27,24,24,24,20,20,20,18,18,18,18,16,16,15,14,14,12,12,12,6,5,3,2,2, : 768
----------------------- 1 ---------------------------
canvasWidth:30,
canvasHeight:30,
data:[{x:24,y:0,l:10,w:6},{x:23,y:0,l:10,w:1},{x:23,y:10,l:9,w:7},{x:23,y:19,l:6,w:7},{x:23,y:25,l:5,w:7},{x:13,y:0,l:1,w:10},{x:4,y:0,l:1,w:9},{x:0,y:0,l:1,w:4},{x:14,y:1,l:10,w:9},{x:5,y:1,l:10,w:9},{x:1,y:1,l:10,w:4},{x:0,y:1,l:9,w:1},{x:14,y:11,l:4,w:9},{x:14,y:15,l:3,w:9},{x:6,y:11,l:7,w:8},{x:2,y:11,l:7,w:4},{x:0,y:11,l:6,w:2},{x:13,y:18,l:5,w:10},{x:13,y:23,l:3,w:10},{x:8,y:18,l:8,w:5},{x:13,y:26,l:4,w:10},{x:8,y:26,l:4,w:5},{x:0,y:18,l:8,w:8},{x:3,y:26,l:1,w:5},{x:0,y:26,l:1,w:3},{x:2,y:27,l:3,w:6},],
----------------------- 2 ---------------------------
canvasWidth:30,
canvasHeight:30,
data:[{x:24,y:0,l:10,w:6},{x:21,y:0,l:10,w:3},{x:21,y:10,l:5,w:9},{x:25,y:15,l:10,w:5},{x:23,y:15,l:10,w:2},{x:21,y:15,l:9,w:2},{x:23,y:25,l:5,w:7},{x:22,y:25,l:5,w:1},{x:16,y:0,l:9,w:5},{x:11,y:0,l:9,w:5},{x:8,y:0,l:9,w:3},{x:5,y:0,l:8,w:3},{x:5,y:8,l:1,w:3},{x:2,y:0,l:6,w:3},{x:2,y:6,l:2,w:3},{x:0,y:0,l:8,w:2},{x:16,y:9,l:7,w:5},{x:16,y:16,l:7,w:5},{x:17,y:23,l:7,w:4},{x:12,y:9,l:5,w:4},{x:12,y:14,l:4,w:4},{x:13,y:18,l:4,w:3},{x:12,y:18,l:2,w:1},{x:13,y:22,l:8,w:3},{x:6,y:9,l:4,w:6},{x:1,y:9,l:4,w:5},{x:0,y:9,l:2,w:1},{x:6,y:13,l:3,w:6},{x:1,y:13,l:3,w:5},{x:5,y:16,l:2,w:7},{x:6,y:18,l:2,w:6},{x:10,y:20,l:7,w:2},{x:7,y:20,l:6,w:3},{x:5,y:20,l:6,w:2},],
