====================================== Class_03.2bp-39 =====================================
Reduced size: 80 usedBin: 0
[15, 20, 37, 66, 68, 70]
[13, 17, 50, 56, 60, 74]
[5, 32, 52, 61, 63, 65]
[8, 24]
[3, 30, 75]
[0, 46, 49]
[9, 21, 58, 67, 78]
[6, 36, 44, 54, 57, 59]
[7, 26, 39]
[18, 23, 33, 51, 73]
[12, 25, 28, 53, 76]
[4, 31, 43, 72]
[1, 41, 45, 69]
[10, 19, 48, 62]
[14, 22, 34]
[2, 42, 47, 55]
[16, 27, 29, 79]
[11, 35, 38, 40, 64, 71, 77]
------------------------------------------------
Best fit used bin number: 18
Found best solution: 18 0.276

   Statrt add columnAndCut col: 18 cons: 0 cut: 0	0.339

	1 Start Add column using column generation  col: 18 cons: 0 cut: 0	0.339
			Start solve  LP :0.339
			End solve LP obj: 18.0 t: 15
	1 End Add column using column generation : 18.0 col: 18 cons: 0 cut: 0	0.354
   End add columnAndCut : 18.0 colGencnt: 1 price: 0 col: 18 cons: 0 cut: 0	0.354

Node lb: 18.0 ub: 18 : 0.354

Final Found Solution: 18 genNode: 1 extendedNode: 0:0.354
Bin size: 1600
1 : 560,527,264,48,33,30, : 1462
2 : 600,532,120,108,88,24, : 1472
3 : 870,340,120,88,60,54, : 1532
4 : 782,448, : 1230
5 : 957,341,20, : 1318
6 : 1122,154,126, : 1402
7 : 713,490,96,48,17, : 1364
8 : 840,270,170,115,105,90, : 1590
9 : 832,420,256, : 1508
10 : 529,459,320,120,24, : 1452
11 : 608,441,378,120,20, : 1567
12 : 924,341,174,24, : 1463
13 : 1120,240,170,30, : 1560
14 : 648,528,132,84, : 1392
15 : 561,460,304, : 1325
16 : 1050,180,140,112, : 1482
17 : 544,408,345,10, : 1307
18 : 625,280,260,252,55,25,20, : 1517
----------------------- 1 ---------------------------
canvasWidth:40,
canvasHeight:40,
data:[{x:7,y:0,l:8,w:33},{x:7,y:8,l:1,w:33},{x:1,y:0,l:8,w:6},{x:23,y:9,l:31,w:17},{x:3,y:9,l:28,w:20},{x:1,y:9,l:15,w:2},],
----------------------- 2 ---------------------------
canvasWidth:40,
canvasHeight:40,
data:[{x:12,y:0,l:19,w:28},{x:3,y:0,l:12,w:9},{x:1,y:0,l:12,w:2},{x:1,y:12,l:8,w:11},{x:10,y:20,l:20,w:30},{x:0,y:20,l:12,w:10},],
----------------------- 3 ---------------------------
canvasWidth:40,
canvasHeight:40,
data:[{x:30,y:0,l:34,w:10},{x:30,y:34,l:6,w:10},{x:0,y:0,l:29,w:30},{x:0,y:29,l:4,w:30},{x:3,y:33,l:2,w:27},{x:8,y:35,l:4,w:22},],
----------------------- 4 ---------------------------
canvasWidth:40,
canvasHeight:40,
data:[{x:6,y:0,l:23,w:34},{x:12,y:23,l:16,w:28},],
----------------------- 5 ---------------------------
canvasWidth:40,
canvasHeight:40,
data:[{x:7,y:0,l:29,w:33},{x:9,y:29,l:11,w:31},{x:7,y:29,l:10,w:2},],
----------------------- 6 ---------------------------
canvasWidth:40,
canvasHeight:40,
data:[{x:18,y:0,l:7,w:22},{x:0,y:0,l:7,w:18},{x:6,y:7,l:33,w:34},],
----------------------- 7 ---------------------------
canvasWidth:40,
canvasHeight:40,
data:[{x:39,y:0,l:17,w:1},{x:4,y:0,l:14,w:35},{x:7,y:14,l:3,w:32},{x:1,y:0,l:16,w:3},{x:9,y:17,l:23,w:31},],
----------------------- 8 ---------------------------
canvasWidth:40,
canvasHeight:40,
data:[{x:12,y:0,l:30,w:28},{x:3,y:0,l:30,w:9},{x:0,y:0,l:30,w:3},{x:23,y:30,l:10,w:17},{x:0,y:30,l:5,w:23},{x:2,y:35,l:5,w:21},],
----------------------- 9 ---------------------------
canvasWidth:40,
canvasHeight:40,
data:[{x:14,y:0,l:32,w:26},{x:0,y:0,l:30,w:14},{x:8,y:32,l:8,w:32},],
----------------------- 10 ---------------------------
canvasWidth:40,
canvasHeight:40,
data:[{x:23,y:0,l:27,w:17},{x:32,y:27,l:3,w:8},{x:0,y:0,l:23,w:23},{x:3,y:23,l:6,w:20},{x:8,y:30,l:10,w:32},],
----------------------- 11 ---------------------------
canvasWidth:40,
canvasHeight:40,
data:[{x:19,y:0,l:21,w:21},{x:19,y:21,l:18,w:21},{x:20,y:39,l:1,w:20},{x:0,y:0,l:32,w:19},{x:4,y:32,l:8,w:15},],
----------------------- 12 ---------------------------
canvasWidth:40,
canvasHeight:40,
data:[{x:11,y:0,l:6,w:29},{x:12,y:6,l:33,w:28},{x:11,y:6,l:24,w:1},{x:0,y:0,l:31,w:11},],
----------------------- 13 ---------------------------
canvasWidth:40,
canvasHeight:40,
data:[{x:6,y:0,l:5,w:34},{x:0,y:0,l:5,w:6},{x:8,y:5,l:35,w:32},{x:0,y:5,l:30,w:8},],
----------------------- 14 ---------------------------
canvasWidth:40,
canvasHeight:40,
data:[{x:7,y:0,l:16,w:33},{x:1,y:0,l:14,w:6},{x:13,y:16,l:24,w:27},{x:1,y:16,l:11,w:12},],
----------------------- 15 ---------------------------
canvasWidth:40,
canvasHeight:40,
data:[{x:17,y:0,l:20,w:23},{x:24,y:20,l:19,w:16},{x:0,y:0,l:33,w:17},],
----------------------- 16 ---------------------------
canvasWidth:40,
canvasHeight:40,
data:[{x:5,y:0,l:30,w:35},{x:0,y:0,l:28,w:5},{x:22,y:30,l:10,w:18},{x:8,y:30,l:8,w:14},],
----------------------- 17 ---------------------------
canvasWidth:40,
canvasHeight:40,
data:[{x:24,y:0,l:34,w:16},{x:1,y:0,l:15,w:23},{x:0,y:0,l:10,w:1},{x:7,y:15,l:24,w:17},],
----------------------- 18 ---------------------------
canvasWidth:40,
canvasHeight:40,
data:[{x:15,y:0,l:25,w:25},{x:14,y:0,l:25,w:1},{x:0,y:0,l:20,w:14},{x:3,y:20,l:5,w:11},{x:22,y:25,l:14,w:18},{x:2,y:25,l:13,w:20},{x:0,y:25,l:10,w:2},],
