====================================== Class_05.2bp-31 =====================================
Reduced size: 80 usedBin: 0
[27, 28, 32, 41, 78]
[0]
[4]
[11, 30, 48]
[5, 75]
[15, 17, 57, 60]
[7, 53, 54]
[12, 39, 51, 59, 73]
[21, 22, 61]
[3, 52, 63, 79]
[16, 31, 42, 44, 68]
[2, 56, 62]
[14, 20, 70]
[13, 25, 58, 66, 74]
[6, 37, 64]
[9, 29, 77]
[10, 43, 67, 69, 71]
[23, 36, 46, 49, 72]
[1]
[18, 19, 40, 65]
[24, 33, 38, 45]
[26, 34, 35, 50]
[8, 47, 55, 76]
------------------------------------------------
Best fit used bin number: 23
Found best solution: 23 0.156

   Statrt add columnAndCut col: 23 cons: 0 cut: 0	0.219

	1 Start Add column using column generation  col: 23 cons: 0 cut: 0	0.219
			Start solve  LP :0.219
			End solve LP obj: 23.0 t: 0
	1 End Add column using column generation : 23.0 col: 23 cons: 0 cut: 0	0.219
   End add columnAndCut : 23.0 colGencnt: 1 price: 0 col: 23 cons: 0 cut: 0	0.219

Node lb: 23.0 ub: 23 : 0.219

Final Found Solution: 23 genNode: 1 extendedNode: 0:0.219
Bin size: 10000
1 : 2809,2668,2120,1748,80, : 9425
2 : 9021, : 9021
3 : 7448, : 7448
4 : 5508,2304,1386, : 9198
5 : 7392,240, : 7632
6 : 4067,3672,768,690, : 9197
7 : 6864,912,836, : 8612
8 : 4950,1850,1221,759,351, : 9131
9 : 3036,3015,690, : 6741
10 : 7719,957,651,75, : 9402
11 : 3685,2250,1672,1584,504, : 9695
12 : 7735,784,660, : 9179
13 : 4374,3060,480, : 7914
14 : 4656,2886,765,600,333, : 9240
15 : 7154,1917,648, : 9719
16 : 6204,2574,138, : 8916
17 : 5780,1660,576,495,440, : 8951
18 : 2997,1974,1394,1330,420, : 8115
19 : 8928, : 8928
20 : 3485,3072,1848,605, : 9010
21 : 2975,2112,1856,1566, : 8509
22 : 2822,2077,2046,1248, : 8193
23 : 6216,1392,810,195, : 8613
----------------------- 1 ---------------------------
canvasWidth:100,
canvasHeight:100,
data:[{x:42,y:0,l:46,w:58},{x:4,y:0,l:46,w:38},{x:0,y:0,l:20,w:4},{x:47,y:46,l:53,w:53},{x:7,y:46,l:53,w:40},],
----------------------- 2 ---------------------------
canvasWidth:100,
canvasHeight:100,
data:[{x:3,y:0,l:93,w:97},],
----------------------- 3 ---------------------------
canvasWidth:100,
canvasHeight:100,
data:[{x:2,y:0,l:76,w:98},],
----------------------- 4 ---------------------------
canvasWidth:100,
canvasHeight:100,
data:[{x:32,y:0,l:81,w:68},{x:0,y:0,l:72,w:32},{x:23,y:81,l:18,w:77},],
----------------------- 5 ---------------------------
canvasWidth:100,
canvasHeight:100,
data:[{x:4,y:0,l:77,w:96},{x:0,y:0,l:60,w:4},],
----------------------- 6 ---------------------------
canvasWidth:100,
canvasHeight:100,
data:[{x:17,y:0,l:49,w:83},{x:1,y:0,l:48,w:16},{x:28,y:49,l:51,w:72},{x:13,y:49,l:46,w:15},],
----------------------- 7 ---------------------------
canvasWidth:100,
canvasHeight:100,
data:[{x:12,y:0,l:78,w:88},{x:1,y:0,l:76,w:11},{x:52,y:78,l:19,w:48},],
----------------------- 8 ---------------------------
canvasWidth:100,
canvasHeight:100,
data:[{x:34,y:0,l:75,w:66},{x:1,y:0,l:37,w:33},{x:1,y:37,l:23,w:33},{x:7,y:60,l:13,w:27},{x:26,y:75,l:25,w:74},],
----------------------- 9 ---------------------------
canvasWidth:100,
canvasHeight:100,
data:[{x:56,y:0,l:69,w:44},{x:46,y:0,l:69,w:10},{x:1,y:0,l:67,w:45},],
----------------------- 10 ---------------------------
canvasWidth:100,
canvasHeight:100,
data:[{x:7,y:0,l:83,w:93},{x:95,y:83,l:15,w:5},{x:8,y:83,l:11,w:87},{x:0,y:0,l:93,w:7},],
----------------------- 11 ---------------------------
canvasWidth:100,
canvasHeight:100,
data:[{x:55,y:0,l:50,w:45},{x:56,y:50,l:38,w:44},{x:58,y:88,l:12,w:42},{x:0,y:0,l:67,w:55},{x:7,y:67,l:33,w:48},],
----------------------- 12 ---------------------------
canvasWidth:100,
canvasHeight:100,
data:[{x:85,y:0,l:44,w:15},{x:86,y:44,l:56,w:14},{x:0,y:0,l:91,w:85},],
----------------------- 13 ---------------------------
canvasWidth:100,
canvasHeight:100,
data:[{x:95,y:0,l:96,w:5},{x:59,y:0,l:85,w:36},{x:5,y:0,l:81,w:54},],
----------------------- 14 ---------------------------
canvasWidth:100,
canvasHeight:100,
data:[{x:3,y:0,l:48,w:97},{x:85,y:48,l:51,w:15},{x:11,y:48,l:39,w:74},{x:35,y:87,l:12,w:50},{x:2,y:48,l:37,w:9},],
----------------------- 15 ---------------------------
canvasWidth:100,
canvasHeight:100,
data:[{x:27,y:0,l:98,w:73},{x:0,y:0,l:71,w:27},{x:3,y:71,l:27,w:24},],
----------------------- 16 ---------------------------
canvasWidth:100,
canvasHeight:100,
data:[{x:34,y:0,l:94,w:66},{x:77,y:94,l:6,w:23},{x:1,y:0,l:78,w:33},],
----------------------- 17 ---------------------------
canvasWidth:100,
canvasHeight:100,
data:[{x:32,y:0,l:85,w:68},{x:52,y:85,l:12,w:48},{x:12,y:0,l:83,w:20},{x:2,y:0,l:44,w:10},{x:3,y:45,l:55,w:9},],
----------------------- 18 ---------------------------
canvasWidth:100,
canvasHeight:100,
data:[{x:19,y:0,l:37,w:81},{x:58,y:37,l:47,w:42},{x:24,y:37,l:41,w:34},{x:58,y:90,l:10,w:42},{x:0,y:0,l:70,w:19},],
----------------------- 19 ---------------------------
canvasWidth:100,
canvasHeight:100,
data:[{x:4,y:0,l:93,w:96},],
----------------------- 20 ---------------------------
canvasWidth:100,
canvasHeight:100,
data:[{x:44,y:0,l:33,w:56},{x:52,y:33,l:64,w:48},{x:41,y:33,l:55,w:11},{x:0,y:0,l:85,w:41},],
----------------------- 21 ---------------------------
canvasWidth:100,
canvasHeight:100,
data:[{x:36,y:0,l:33,w:64},{x:42,y:33,l:32,w:58},{x:7,y:0,l:54,w:29},{x:15,y:65,l:35,w:85},],
----------------------- 22 ---------------------------
canvasWidth:100,
canvasHeight:100,
data:[{x:87,y:0,l:96,w:13},{x:65,y:0,l:93,w:22},{x:31,y:0,l:83,w:34},{x:0,y:0,l:67,w:31},],
----------------------- 23 ---------------------------
canvasWidth:100,
canvasHeight:100,
data:[{x:84,y:0,l:87,w:16},{x:85,y:87,l:13,w:15},{x:10,y:0,l:84,w:74},{x:0,y:0,l:81,w:10},],
