====================================== Class_01.2bp-39 =====================================
Reduced size: 80 usedBin: 0
[9, 43, 45]
[30, 32, 41, 46]
[12, 31, 64, 71]
[21, 35, 49, 52]
[11, 37]
[0]
[10, 36, 72]
[15, 33, 44]
[23, 40, 51, 63, 76]
[13, 47, 54, 73, 75]
[17, 34, 57, 59]
[5, 67]
[2, 58]
[25, 38, 53, 55, 65, 77, 78]
[4, 60, 61]
[6]
[3]
[19, 39, 42, 68]
[18, 26]
[7, 62]
[14, 16]
[24, 29, 56, 66, 69]
[1]
[27, 28, 48]
[20, 22]
[8, 50, 70, 74, 79]
------------------------------------------------
Best fit used bin number: 26
Found best solution: 26 0.14

   Statrt add columnAndCut col: 26 cons: 0 cut: 0	0.203

	1 Start Add column using column generation  col: 26 cons: 0 cut: 0	0.203
			Start solve  LP :0.203
			End solve LP obj: 26.0 t: 0
	1 End Add column using column generation : 26.0 col: 26 cons: 0 cut: 0	0.203
   End add columnAndCut : 26.0 colGencnt: 1 price: 0 col: 26 cons: 0 cut: 0	0.203

Node lb: 26.0 ub: 26 : 0.203

Final Found Solution: 26 genNode: 1 extendedNode: 0:0.203
Bin size: 100
1 : 64,18,16, : 98
2 : 35,30,20,15, : 100
3 : 56,30,7,5, : 98
4 : 42,27,14,12, : 95
5 : 60,27, : 87
6 : 100, : 100
7 : 63,27,5, : 95
8 : 50,30,18, : 98
9 : 40,24,12,8,3, : 87
10 : 54,15,12,5,4, : 90
11 : 49,30,12,9, : 100
12 : 80,6, : 86
13 : 90,10, : 100
14 : 36,27,12,12,7,3,3, : 100
15 : 81,9,9, : 99
16 : 72, : 72
17 : 90, : 90
18 : 48,24,20,6, : 98
19 : 48,36, : 84
20 : 72,8, : 80
21 : 50,50, : 100
22 : 40,35,12,7,6, : 100
23 : 100, : 100
24 : 36,36,15, : 87
25 : 45,40, : 85
26 : 70,14,6,4,3, : 97
----------------------- 1 ---------------------------
canvasWidth:10,
canvasHeight:10,
data:[{x:2,y:0,l:8,w:8},{x:0,y:0,l:8,w:2},{x:1,y:8,l:2,w:9},],
----------------------- 2 ---------------------------
canvasWidth:10,
canvasHeight:10,
data:[{x:5,y:0,l:7,w:5},{x:5,y:7,l:3,w:5},{x:0,y:0,l:6,w:5},{x:0,y:6,l:4,w:5},],
----------------------- 3 ---------------------------
canvasWidth:10,
canvasHeight:10,
data:[{x:0,y:0,l:3,w:10},{x:2,y:3,l:7,w:8},{x:1,y:3,l:7,w:1},{x:0,y:3,l:5,w:1},],
----------------------- 4 ---------------------------
canvasWidth:10,
canvasHeight:10,
data:[{x:3,y:0,l:6,w:7},{x:3,y:6,l:2,w:7},{x:4,y:8,l:2,w:6},{x:0,y:0,l:9,w:3},],
----------------------- 5 ---------------------------
canvasWidth:10,
canvasHeight:10,
data:[{x:4,y:0,l:10,w:6},{x:1,y:0,l:9,w:3},],
----------------------- 6 ---------------------------
canvasWidth:10,
canvasHeight:10,
data:[{x:0,y:0,l:10,w:10},],
----------------------- 7 ---------------------------
canvasWidth:10,
canvasHeight:10,
data:[{x:1,y:0,l:7,w:9},{x:1,y:7,l:3,w:9},{x:0,y:0,l:5,w:1},],
----------------------- 8 ---------------------------
canvasWidth:10,
canvasHeight:10,
data:[{x:0,y:0,l:5,w:10},{x:0,y:5,l:3,w:10},{x:1,y:8,l:2,w:9},],
----------------------- 9 ---------------------------
canvasWidth:10,
canvasHeight:10,
data:[{x:4,y:0,l:4,w:6},{x:1,y:0,l:4,w:3},{x:0,y:0,l:3,w:1},{x:2,y:4,l:5,w:8},{x:0,y:4,l:4,w:2},],
----------------------- 10 ---------------------------
canvasWidth:10,
canvasHeight:10,
data:[{x:1,y:0,l:6,w:9},{x:5,y:6,l:3,w:5},{x:1,y:6,l:3,w:4},{x:0,y:0,l:5,w:1},{x:0,y:5,l:4,w:1},],
----------------------- 11 ---------------------------
canvasWidth:10,
canvasHeight:10,
data:[{x:3,y:0,l:7,w:7},{x:6,y:7,l:3,w:4},{x:3,y:7,l:3,w:3},{x:0,y:0,l:10,w:3},],
----------------------- 12 ---------------------------
canvasWidth:10,
canvasHeight:10,
data:[{x:2,y:0,l:10,w:8},{x:0,y:0,l:3,w:2},],
----------------------- 13 ---------------------------
canvasWidth:10,
canvasHeight:10,
data:[{x:0,y:0,l:9,w:10},{x:0,y:9,l:1,w:10},],
----------------------- 14 ---------------------------
canvasWidth:10,
canvasHeight:10,
data:[{x:4,y:0,l:6,w:6},{x:4,y:6,l:2,w:6},{x:4,y:8,l:2,w:6},{x:1,y:0,l:9,w:3},{x:1,y:9,l:1,w:3},{x:0,y:0,l:7,w:1},{x:0,y:7,l:3,w:1},],
----------------------- 15 ---------------------------
canvasWidth:10,
canvasHeight:10,
data:[{x:1,y:0,l:9,w:9},{x:1,y:9,l:1,w:9},{x:0,y:0,l:9,w:1},],
----------------------- 16 ---------------------------
canvasWidth:10,
canvasHeight:10,
data:[{x:2,y:0,l:9,w:8},],
----------------------- 17 ---------------------------
canvasWidth:10,
canvasHeight:10,
data:[{x:0,y:0,l:9,w:10},],
----------------------- 18 ---------------------------
canvasWidth:10,
canvasHeight:10,
data:[{x:0,y:0,l:2,w:10},{x:4,y:2,l:8,w:6},{x:0,y:2,l:6,w:4},{x:1,y:8,l:2,w:3},],
----------------------- 19 ---------------------------
canvasWidth:10,
canvasHeight:10,
data:[{x:1,y:0,l:4,w:9},{x:2,y:4,l:6,w:8},],
----------------------- 20 ---------------------------
canvasWidth:10,
canvasHeight:10,
data:[{x:2,y:0,l:9,w:8},{x:2,y:9,l:1,w:8},],
----------------------- 21 ---------------------------
canvasWidth:10,
canvasHeight:10,
data:[{x:5,y:0,l:10,w:5},{x:0,y:0,l:10,w:5},],
----------------------- 22 ---------------------------
canvasWidth:10,
canvasHeight:10,
data:[{x:3,y:0,l:5,w:7},{x:3,y:5,l:1,w:7},{x:0,y:0,l:4,w:3},{x:0,y:4,l:2,w:3},{x:0,y:6,l:4,w:10},],
----------------------- 23 ---------------------------
canvasWidth:10,
canvasHeight:10,
data:[{x:0,y:0,l:10,w:10},],
----------------------- 24 ---------------------------
canvasWidth:10,
canvasHeight:10,
data:[{x:6,y:0,l:9,w:4},{x:0,y:0,l:6,w:6},{x:1,y:6,l:3,w:5},],
----------------------- 25 ---------------------------
canvasWidth:10,
canvasHeight:10,
data:[{x:5,y:0,l:9,w:5},{x:0,y:0,l:8,w:5},],
----------------------- 26 ---------------------------
canvasWidth:10,
canvasHeight:10,
data:[{x:0,y:0,l:7,w:10},{x:9,y:7,l:3,w:1},{x:2,y:7,l:2,w:7},{x:3,y:9,l:1,w:6},{x:0,y:7,l:2,w:2},],
