====================================== Class_02.2bp-30 =====================================
Reduced size: 80 usedBin: 0
[0, 1, 2, 4, 7, 8, 10, 12, 25, 27, 28, 29, 36, 37, 39, 41, 43, 48, 51, 58, 61, 66, 67, 72, 77]
[3, 5, 6, 9, 11, 13, 14, 15, 16, 17, 18, 22, 26, 30, 32, 40, 45, 47, 53, 54, 57, 60, 63, 65, 69, 75, 76, 78, 79]
[19, 20, 21, 23, 24, 31, 33, 34, 35, 38, 42, 44, 46, 49, 50, 52, 55, 56, 59, 62, 64, 68, 70, 71, 73, 74]
------------------------------------------------
Best fit used bin number: 3
Found best solution: 3 0.171

   Statrt add columnAndCut col: 3 cons: 0 cut: 0	0.234

	1 Start Add column using column generation  col: 3 cons: 0 cut: 0	0.234
			Start solve  LP :0.234
			End solve LP obj: 3.0 t: 0
	1 End Add column using column generation : 3.0 col: 3 cons: 0 cut: 0	0.234
   End add columnAndCut : 3.0 colGencnt: 1 price: 0 col: 3 cons: 0 cut: 0	0.234

Node lb: 3.0 ub: 3 : 0.234

Final Found Solution: 3 genNode: 1 extendedNode: 0:0.234
Bin size: 900
1 : 81,72,72,72,64,56,54,50,36,36,32,32,27,25,24,21,20,18,16,12,10,9,9,6,3, : 857
2 : 72,72,70,54,54,49,49,45,45,42,42,40,36,30,28,24,20,18,14,14,12,10,10,9,8,3,3,3,2, : 878
3 : 42,42,42,36,36,30,28,28,28,24,20,20,20,18,16,15,14,14,12,10,10,9,8,8,5,4, : 539
----------------------- 1 ---------------------------
canvasWidth:30,
canvasHeight:30,
data:[{x:27,y:0,l:9,w:3},{x:27,y:9,l:8,w:3},{x:27,y:17,l:6,w:3},{x:27,y:23,l:3,w:3},{x:27,y:26,l:3,w:3},{x:18,y:0,l:9,w:9},{x:10,y:0,l:9,w:8},{x:0,y:0,l:5,w:10},{x:0,y:5,l:2,w:10},{x:2,y:7,l:2,w:8},{x:19,y:9,l:8,w:8},{x:12,y:9,l:8,w:7},{x:6,y:9,l:6,w:6},{x:7,y:15,l:2,w:5},{x:19,y:17,l:9,w:8},{x:20,y:26,l:3,w:7},{x:19,y:26,l:3,w:1},{x:10,y:17,l:8,w:9},{x:11,y:25,l:4,w:8},{x:6,y:17,l:8,w:4},{x:7,y:25,l:4,w:3},{x:0,y:9,l:9,w:6},{x:0,y:18,l:6,w:6},{x:1,y:24,l:5,w:5},{x:24,y:29,l:1,w:6},],
----------------------- 2 ---------------------------
canvasWidth:30,
canvasHeight:30,
data:[{x:21,y:0,l:6,w:9},{x:14,y:0,l:6,w:7},{x:10,y:0,l:6,w:4},{x:24,y:6,l:7,w:6},{x:24,y:13,l:3,w:6},{x:19,y:6,l:8,w:5},{x:19,y:14,l:2,w:5},{x:24,y:16,l:9,w:6},{x:19,y:16,l:9,w:5},{x:10,y:6,l:8,w:9},{x:12,y:14,l:7,w:7},{x:10,y:14,l:7,w:2},{x:12,y:21,l:4,w:7},{x:1,y:0,l:8,w:9},{x:0,y:0,l:8,w:1},{x:0,y:8,l:7,w:10},{x:0,y:15,l:2,w:10},{x:0,y:17,l:1,w:10},{x:3,y:18,l:7,w:7},{x:0,y:18,l:1,w:3},{x:1,y:19,l:6,w:2},{x:20,y:25,l:3,w:10},{x:23,y:28,l:2,w:7},{x:20,y:28,l:1,w:3},{x:20,y:29,l:1,w:3},{x:11,y:25,l:5,w:9},{x:2,y:25,l:1,w:9},{x:0,y:25,l:1,w:2},{x:2,y:26,l:4,w:9},],
----------------------- 3 ---------------------------
canvasWidth:30,
canvasHeight:30,
data:[{x:24,y:0,l:7,w:6},{x:18,y:0,l:7,w:6},{x:12,y:0,l:7,w:6},{x:8,y:0,l:7,w:4},{x:4,y:0,l:7,w:4},{x:0,y:0,l:7,w:4},{x:26,y:7,l:9,w:4},{x:26,y:16,l:9,w:4},{x:26,y:25,l:5,w:4},{x:21,y:7,l:6,w:5},{x:21,y:13,l:4,w:5},{x:21,y:17,l:3,w:5},{x:25,y:20,l:9,w:1},{x:23,y:20,l:8,w:2},{x:21,y:20,l:7,w:2},{x:22,y:29,l:1,w:4},{x:19,y:7,l:10,w:2},{x:20,y:17,l:8,w:1},{x:20,y:25,l:5,w:1},{x:19,y:17,l:10,w:1},{x:11,y:7,l:3,w:8},{x:2,y:7,l:2,w:9},{x:17,y:10,l:6,w:2},{x:17,y:16,l:5,w:2},{x:18,y:21,l:8,w:1},{x:10,y:10,l:2,w:7},],
