====================================== Class_08.2bp-39 =====================================
Reduced size: 80 usedBin: 0
[18, 37, 62, 68]
[32, 35, 42]
[4, 23, 75]
[31, 47, 48, 64, 72, 77]
[16, 17]
[12, 36, 41]
[15, 19, 60]
[5, 49, 56, 66]
[9, 46, 53, 69, 79]
[2, 55, 71]
[33, 34, 52]
[29, 40, 43]
[6, 38, 51, 78]
[3, 39, 57]
[11, 14]
[20, 27, 50]
[7, 8]
[0, 59, 76]
[10, 26, 65]
[22, 28, 58, 73]
[21, 24, 61, 74]
[13, 25, 54]
[30, 44, 63, 70]
[1, 45, 67]
------------------------------------------------
Best fit used bin number: 24
Found best solution: 24 0.265

   Statrt add columnAndCut col: 24 cons: 0 cut: 0	0.328

	1 Start Add column using column generation  col: 24 cons: 0 cut: 0	0.328
			Start solve  LP :0.344
			End solve LP obj: 24.0 t: 0
	1 End Add column using column generation : 24.0 col: 24 cons: 0 cut: 0	0.344
   End add columnAndCut : 24.0 colGencnt: 1 price: 0 col: 24 cons: 0 cut: 0	0.344

Node lb: 24.0 ub: 24 : 0.344

Final Found Solution: 24 genNode: 1 extendedNode: 0:0.344
Bin size: 10000
1 : 3784,2548,1122,840, : 8294
2 : 2945,2788,2310, : 8043
3 : 5760,3492,264, : 9516
4 : 3168,2136,2090,1078,570,98, : 9140
5 : 3864,3854, : 7718
6 : 4116,2580,2464, : 9160
7 : 4018,3696,1155, : 8869
8 : 5440,2046,1190,980, : 9656
9 : 4410,2162,1521,792,83, : 8968
10 : 5824,1232,680, : 7736
11 : 2925,2870,1660, : 7455
12 : 3312,2490,2244, : 8046
13 : 4828,2542,1848,96, : 9314
14 : 5822,2494,1190, : 9506
15 : 4176,4056, : 8232
16 : 3621,3360,1900, : 8881
17 : 4753,4488, : 9241
18 : 7614,1190,176, : 8980
19 : 4300,3388,1068, : 8756
20 : 3600,3344,1190,497, : 8631
21 : 3612,3483,1148,301, : 8544
22 : 4100,3400,1280, : 8780
23 : 3266,2212,1080,781, : 7339
24 : 6402,2208,870, : 9480
----------------------- 1 ---------------------------
canvasWidth:100,
canvasHeight:100,
data:[{x:9,y:0,l:28,w:91},{x:12,y:28,l:43,w:88},{x:30,y:71,l:12,w:70},{x:34,y:83,l:17,w:66},],
----------------------- 2 ---------------------------
canvasWidth:100,
canvasHeight:100,
data:[{x:5,y:0,l:31,w:95},{x:18,y:31,l:34,w:82},{x:34,y:65,l:35,w:66},],
----------------------- 3 ---------------------------
canvasWidth:100,
canvasHeight:100,
data:[{x:64,y:0,l:97,w:36},{x:4,y:0,l:96,w:60},{x:0,y:0,l:88,w:3},],
----------------------- 4 ---------------------------
canvasWidth:100,
canvasHeight:100,
data:[{x:2,y:0,l:1,w:98},{x:4,y:1,l:33,w:96},{x:5,y:34,l:22,w:95},{x:5,y:56,l:6,w:95},{x:11,y:62,l:24,w:89},{x:23,y:86,l:14,w:77},],
----------------------- 5 ---------------------------
canvasWidth:100,
canvasHeight:100,
data:[{x:16,y:0,l:46,w:84},{x:18,y:46,l:47,w:82},],
----------------------- 6 ---------------------------
canvasWidth:100,
canvasHeight:100,
data:[{x:2,y:0,l:42,w:98},{x:12,y:42,l:28,w:88},{x:14,y:70,l:30,w:86},],
----------------------- 7 ---------------------------
canvasWidth:100,
canvasHeight:100,
data:[{x:2,y:0,l:41,w:98},{x:16,y:41,l:44,w:84},{x:23,y:85,l:15,w:77},],
----------------------- 8 ---------------------------
canvasWidth:100,
canvasHeight:100,
data:[{x:36,y:0,l:85,w:64},{x:22,y:0,l:85,w:14},{x:30,y:85,l:14,w:70},{x:0,y:0,l:93,w:22},],
----------------------- 9 ---------------------------
canvasWidth:100,
canvasHeight:100,
data:[{x:1,y:0,l:8,w:99},{x:2,y:8,l:45,w:98},{x:17,y:53,l:1,w:83},{x:53,y:54,l:46,w:47},{x:14,y:54,l:39,w:39},],
----------------------- 10 ---------------------------
canvasWidth:100,
canvasHeight:100,
data:[{x:15,y:0,l:8,w:85},{x:36,y:8,l:91,w:64},{x:22,y:8,l:88,w:14},],
----------------------- 11 ---------------------------
canvasWidth:100,
canvasHeight:100,
data:[{x:17,y:0,l:20,w:83},{x:25,y:20,l:39,w:75},{x:30,y:59,l:41,w:70},],
----------------------- 12 ---------------------------
canvasWidth:100,
canvasHeight:100,
data:[{x:8,y:0,l:36,w:92},{x:17,y:36,l:30,w:83},{x:34,y:66,l:34,w:66},],
----------------------- 13 ---------------------------
canvasWidth:100,
canvasHeight:100,
data:[{x:29,y:0,l:68,w:71},{x:1,y:0,l:66,w:28},{x:4,y:68,l:1,w:96},{x:18,y:69,l:31,w:82},],
----------------------- 14 ---------------------------
canvasWidth:100,
canvasHeight:100,
data:[{x:18,y:0,l:71,w:82},{x:1,y:0,l:70,w:17},{x:14,y:71,l:29,w:86},],
----------------------- 15 ---------------------------
canvasWidth:100,
canvasHeight:100,
data:[{x:13,y:0,l:48,w:87},{x:22,y:48,l:52,w:78},],
----------------------- 16 ---------------------------
canvasWidth:100,
canvasHeight:100,
data:[{x:5,y:0,l:20,w:95},{x:58,y:20,l:80,w:42},{x:7,y:20,l:71,w:51},],
----------------------- 17 ---------------------------
canvasWidth:100,
canvasHeight:100,
data:[{x:3,y:0,l:49,w:97},{x:12,y:49,l:51,w:88},],
----------------------- 18 ---------------------------
canvasWidth:100,
canvasHeight:100,
data:[{x:6,y:0,l:81,w:94},{x:12,y:81,l:2,w:88},{x:30,y:83,l:17,w:70},],
----------------------- 19 ---------------------------
canvasWidth:100,
canvasHeight:100,
data:[{x:0,y:0,l:43,w:100},{x:11,y:43,l:12,w:89},{x:23,y:55,l:44,w:77},],
----------------------- 20 ---------------------------
canvasWidth:100,
canvasHeight:100,
data:[{x:24,y:0,l:44,w:76},{x:25,y:44,l:48,w:75},{x:29,y:92,l:7,w:71},{x:10,y:0,l:85,w:14},],
----------------------- 21 ---------------------------
canvasWidth:100,
canvasHeight:100,
data:[{x:16,y:0,l:43,w:84},{x:9,y:0,l:43,w:7},{x:18,y:43,l:14,w:82},{x:19,y:57,l:43,w:81},],
----------------------- 22 ---------------------------
canvasWidth:100,
canvasHeight:100,
data:[{x:32,y:0,l:50,w:68},{x:0,y:0,l:40,w:32},{x:18,y:50,l:50,w:82},],
----------------------- 23 ---------------------------
canvasWidth:100,
canvasHeight:100,
data:[{x:21,y:0,l:28,w:79},{x:28,y:28,l:15,w:72},{x:29,y:43,l:46,w:71},{x:29,y:89,l:11,w:71},],
----------------------- 24 ---------------------------
canvasWidth:100,
canvasHeight:100,
data:[{x:3,y:0,l:66,w:97},{x:8,y:66,l:24,w:92},{x:13,y:90,l:10,w:87},],
