====================================== Class_09.2bp-14 =====================================
Reduced size: 40 usedBin: 0
[3]
[13]
[1]
[28]
[23, 27, 31]
[0]
[9]
[8]
[7, 33]
[10, 35]
[6]
[2, 37]
[20, 34, 38]
[15]
[11]
[5, 39]
[4]
[19]
[14, 29]
[24]
[18]
[21, 30, 32, 36]
[22, 26]
[12]
[16]
[17]
[25]
------------------------------------------------
Best fit used bin number: 27
Found best solution: 27 0.13

   Statrt add columnAndCut col: 27 cons: 0 cut: 0	0.189

	1 Start Add column using column generation  col: 27 cons: 0 cut: 0	0.189
			Start solve  LP :0.189
			End solve LP obj: 27.0 t: 1
	1 End Add column using column generation : 27.0 col: 27 cons: 0 cut: 0	0.19
   End add columnAndCut : 27.0 colGencnt: 1 price: 0 col: 27 cons: 0 cut: 0	0.191

Node lb: 27.0 ub: 27 : 0.191

Final Found Solution: 27 genNode: 1 extendedNode: 0:0.191
Bin size: 10000
1 : 7400, : 7400
2 : 5400, : 5400
3 : 8500, : 8500
4 : 2856, : 2856
5 : 3520,2880,2107, : 8507
6 : 8624, : 8624
7 : 5984, : 5984
8 : 6160, : 6160
9 : 6216,1104, : 7320
10 : 5829,546, : 6375
11 : 6320, : 6320
12 : 8188,392, : 8580
13 : 3944,975,252, : 5171
14 : 5256, : 5256
15 : 5723, : 5723
16 : 6664,142, : 6806
17 : 6956, : 6956
18 : 4484, : 4484
19 : 5310,2652, : 7962
20 : 3500, : 3500
21 : 4599, : 4599
22 : 3782,2211,1776,444, : 8213
23 : 3762,3132, : 6894
24 : 5418, : 5418
25 : 4984, : 4984
26 : 4838, : 4838
27 : 3422, : 3422
----------------------- 1 ---------------------------
canvasWidth:100,
canvasHeight:100,
data:[{x:0,y:0,l:74,w:100},],
----------------------- 2 ---------------------------
canvasWidth:100,
canvasHeight:100,
data:[{x:46,y:0,l:100,w:54},],
----------------------- 3 ---------------------------
canvasWidth:100,
canvasHeight:100,
data:[{x:0,y:0,l:85,w:100},],
----------------------- 4 ---------------------------
canvasWidth:100,
canvasHeight:100,
data:[{x:49,y:0,l:56,w:51},],
----------------------- 5 ---------------------------
canvasWidth:100,
canvasHeight:100,
data:[{x:45,y:0,l:64,w:55},{x:2,y:0,l:49,w:43},{x:20,y:64,l:36,w:80},],
----------------------- 6 ---------------------------
canvasWidth:100,
canvasHeight:100,
data:[{x:2,y:0,l:88,w:98},],
----------------------- 7 ---------------------------
canvasWidth:100,
canvasHeight:100,
data:[{x:12,y:0,l:68,w:88},],
----------------------- 8 ---------------------------
canvasWidth:100,
canvasHeight:100,
data:[{x:20,y:0,l:77,w:80},],
----------------------- 9 ---------------------------
canvasWidth:100,
canvasHeight:100,
data:[{x:26,y:0,l:84,w:74},{x:31,y:84,l:16,w:69},],
----------------------- 10 ---------------------------
canvasWidth:100,
canvasHeight:100,
data:[{x:13,y:0,l:67,w:87},{x:0,y:0,l:42,w:13},],
----------------------- 11 ---------------------------
canvasWidth:100,
canvasHeight:100,
data:[{x:20,y:0,l:79,w:80},],
----------------------- 12 ---------------------------
canvasWidth:100,
canvasHeight:100,
data:[{x:2,y:0,l:4,w:98},{x:8,y:4,l:89,w:92},],
----------------------- 13 ---------------------------
canvasWidth:100,
canvasHeight:100,
data:[{x:42,y:0,l:68,w:58},{x:61,y:68,l:25,w:39},{x:58,y:93,l:6,w:42},],
----------------------- 14 ---------------------------
canvasWidth:100,
canvasHeight:100,
data:[{x:28,y:0,l:73,w:72},],
----------------------- 15 ---------------------------
canvasWidth:100,
canvasHeight:100,
data:[{x:41,y:0,l:97,w:59},],
----------------------- 16 ---------------------------
canvasWidth:100,
canvasHeight:100,
data:[{x:98,y:0,l:71,w:2},{x:0,y:0,l:68,w:98},],
----------------------- 17 ---------------------------
canvasWidth:100,
canvasHeight:100,
data:[{x:26,y:0,l:94,w:74},],
----------------------- 18 ---------------------------
canvasWidth:100,
canvasHeight:100,
data:[{x:41,y:0,l:76,w:59},],
----------------------- 19 ---------------------------
canvasWidth:100,
canvasHeight:100,
data:[{x:10,y:0,l:59,w:90},{x:32,y:59,l:39,w:68},],
----------------------- 20 ---------------------------
canvasWidth:100,
canvasHeight:100,
data:[{x:30,y:0,l:50,w:70},],
----------------------- 21 ---------------------------
canvasWidth:100,
canvasHeight:100,
data:[{x:27,y:0,l:63,w:73},],
----------------------- 22 ---------------------------
canvasWidth:100,
canvasHeight:100,
data:[{x:38,y:0,l:61,w:62},{x:52,y:61,l:37,w:48},{x:1,y:0,l:12,w:37},{x:5,y:12,l:67,w:33},],
----------------------- 23 ---------------------------
canvasWidth:100,
canvasHeight:100,
data:[{x:1,y:0,l:38,w:99},{x:42,y:38,l:54,w:58},],
----------------------- 24 ---------------------------
canvasWidth:100,
canvasHeight:100,
data:[{x:14,y:0,l:63,w:86},],
----------------------- 25 ---------------------------
canvasWidth:100,
canvasHeight:100,
data:[{x:11,y:0,l:56,w:89},],
----------------------- 26 ---------------------------
canvasWidth:100,
canvasHeight:100,
data:[{x:18,y:0,l:59,w:82},],
----------------------- 27 ---------------------------
canvasWidth:100,
canvasHeight:100,
data:[{x:41,y:0,l:58,w:59},],
