====================================== Class_09.2bp-49 =====================================
Reduced size: 100 usedBin: 0
[61, 80]
[3]
[42, 62]
[2, 94]
[43]
[46]
[9]
[15, 96]
[65, 66]
[23]
[33, 83, 91]
[12]
[25, 86]
[30, 87, 97]
[50, 69]
[58]
[34]
[21]
[27]
[20]
[8, 93]
[4]
[48]
[56, 74]
[26]
[1, 98]
[13]
[35]
[10]
[17]
[7]
[22]
[6]
[55]
[5]
[18]
[11]
[14]
[53, 95]
[28]
[0]
[41]
[16]
[19]
[24]
[52]
[51]
[54, 92]
[78, 79, 99]
[63]
[72, 90]
[60]
[59, 76, 85]
[49]
[39]
[67, 82]
[77, 88]
[64, 89]
[45]
[31]
[47]
[40, 73]
[36]
[32, 68]
[29]
[37]
[44]
[71]
[38, 75]
[81]
[57]
[70, 84]
------------------------------------------------
Best fit used bin number: 72
Found best solution: 72 0.14

   Statrt add columnAndCut col: 72 cons: 0 cut: 0	0.203

	1 Start Add column using column generation  col: 72 cons: 0 cut: 0	0.203
			Start solve  LP :0.203
			End solve LP obj: 72.0 t: 15
	1 End Add column using column generation : 72.0 col: 72 cons: 0 cut: 0	0.218
   End add columnAndCut : 72.0 colGencnt: 1 price: 0 col: 72 cons: 0 cut: 0	0.218

Node lb: 72.0 ub: 72 : 0.218

Final Found Solution: 72 genNode: 1 extendedNode: 0:0.218
Bin size: 10000
1 : 4221,2800, : 7021
2 : 8600, : 8600
3 : 5500,4128, : 9628
4 : 8700,1056, : 9756
5 : 5490, : 5490
6 : 5369, : 5369
7 : 7905, : 7905
8 : 7452,600, : 8052
9 : 4000,3900, : 7900
10 : 6643, : 6643
11 : 5880,2241,1328, : 9449
12 : 7565, : 7565
13 : 6630,1892, : 8522
14 : 5920,1794,550, : 8264
15 : 5184,3375, : 8559
16 : 4284, : 4284
17 : 5874, : 5874
18 : 6808, : 6808
19 : 6570, : 6570
20 : 7098, : 7098
21 : 8075,1080, : 9155
22 : 8556, : 8556
23 : 5310, : 5310
24 : 4503,3157, : 7660
25 : 6580, : 6580
26 : 9025,375, : 9400
27 : 7553, : 7553
28 : 5832, : 5832
29 : 7636, : 7636
30 : 7360, : 7360
31 : 8245, : 8245
32 : 6688, : 6688
33 : 8536, : 8536
34 : 4876, : 4876
35 : 8556, : 8556
36 : 7104, : 7104
37 : 7565, : 7565
38 : 7482, : 7482
39 : 5002,816, : 5818
40 : 6480, : 6480
41 : 9310, : 9310
42 : 5520, : 5520
43 : 7425, : 7425
44 : 7104, : 7104
45 : 6640, : 6640
46 : 5049, : 5049
47 : 5184, : 5184
48 : 4970,1100, : 6070
49 : 2916,2904,64, : 5884
50 : 4088, : 4088
51 : 3286,1404, : 4690
52 : 4260, : 4260
53 : 4277,3009,1950, : 9236
54 : 5292, : 5292
55 : 5551, : 5551
56 : 3763,2744, : 6507
57 : 2950,1638, : 4588
58 : 4030,1610, : 5640
59 : 5415, : 5415
60 : 5880, : 5880
61 : 5320, : 5320
62 : 5525,3201, : 8726
63 : 5734, : 5734
64 : 5880,3420, : 9300
65 : 6052, : 6052
66 : 5695, : 5695
67 : 5418, : 5418
68 : 3306, : 3306
69 : 5610,3135, : 8745
70 : 2756, : 2756
71 : 4472, : 4472
72 : 3315,2150, : 5465
----------------------- 1 ---------------------------
canvasWidth:100,
canvasHeight:100,
data:[{x:0,y:0,l:28,w:100},{x:33,y:28,l:63,w:67},],
----------------------- 2 ---------------------------
canvasWidth:100,
canvasHeight:100,
data:[{x:14,y:0,l:100,w:86},],
----------------------- 3 ---------------------------
canvasWidth:100,
canvasHeight:100,
data:[{x:45,y:0,l:100,w:55},{x:2,y:0,l:96,w:43},],
----------------------- 4 ---------------------------
canvasWidth:100,
canvasHeight:100,
data:[{x:13,y:0,l:100,w:87},{x:2,y:0,l:96,w:11},],
----------------------- 5 ---------------------------
canvasWidth:100,
canvasHeight:100,
data:[{x:39,y:0,l:90,w:61},],
----------------------- 6 ---------------------------
canvasWidth:100,
canvasHeight:100,
data:[{x:41,y:0,l:91,w:59},],
----------------------- 7 ---------------------------
canvasWidth:100,
canvasHeight:100,
data:[{x:7,y:0,l:85,w:93},],
----------------------- 8 ---------------------------
canvasWidth:100,
canvasHeight:100,
data:[{x:8,y:0,l:81,w:92},{x:0,y:0,l:75,w:8},],
----------------------- 9 ---------------------------
canvasWidth:100,
canvasHeight:100,
data:[{x:50,y:0,l:80,w:50},{x:0,y:0,l:78,w:50},],
----------------------- 10 ---------------------------
canvasWidth:100,
canvasHeight:100,
data:[{x:27,y:0,l:91,w:73},],
----------------------- 11 ---------------------------
canvasWidth:100,
canvasHeight:100,
data:[{x:30,y:0,l:84,w:70},{x:3,y:0,l:83,w:27},{x:17,y:84,l:16,w:83},],
----------------------- 12 ---------------------------
canvasWidth:100,
canvasHeight:100,
data:[{x:15,y:0,l:89,w:85},],
----------------------- 13 ---------------------------
canvasWidth:100,
canvasHeight:100,
data:[{x:78,y:0,l:86,w:22},{x:0,y:0,l:85,w:78},],
----------------------- 14 ---------------------------
canvasWidth:100,
canvasHeight:100,
data:[{x:78,y:0,l:25,w:22},{x:0,y:0,l:23,w:78},{x:20,y:26,l:74,w:80},],
----------------------- 15 ---------------------------
canvasWidth:100,
canvasHeight:100,
data:[{x:46,y:0,l:96,w:54},{x:1,y:0,l:75,w:45},],
----------------------- 16 ---------------------------
canvasWidth:100,
canvasHeight:100,
data:[{x:49,y:0,l:84,w:51},],
----------------------- 17 ---------------------------
canvasWidth:100,
canvasHeight:100,
data:[{x:34,y:0,l:89,w:66},],
----------------------- 18 ---------------------------
canvasWidth:100,
canvasHeight:100,
data:[{x:26,y:0,l:92,w:74},],
----------------------- 19 ---------------------------
canvasWidth:100,
canvasHeight:100,
data:[{x:10,y:0,l:73,w:90},],
----------------------- 20 ---------------------------
canvasWidth:100,
canvasHeight:100,
data:[{x:9,y:0,l:78,w:91},],
----------------------- 21 ---------------------------
canvasWidth:100,
canvasHeight:100,
data:[{x:15,y:0,l:95,w:85},{x:3,y:0,l:90,w:12},],
----------------------- 22 ---------------------------
canvasWidth:100,
canvasHeight:100,
data:[{x:8,y:0,l:93,w:92},],
----------------------- 23 ---------------------------
canvasWidth:100,
canvasHeight:100,
data:[{x:41,y:0,l:90,w:59},],
----------------------- 24 ---------------------------
canvasWidth:100,
canvasHeight:100,
data:[{x:43,y:0,l:79,w:57},{x:2,y:0,l:77,w:41},],
----------------------- 25 ---------------------------
canvasWidth:100,
canvasHeight:100,
data:[{x:30,y:0,l:94,w:70},],
----------------------- 26 ---------------------------
canvasWidth:100,
canvasHeight:100,
data:[{x:5,y:0,l:95,w:95},{x:0,y:0,l:75,w:5},],
----------------------- 27 ---------------------------
canvasWidth:100,
canvasHeight:100,
data:[{x:17,y:0,l:91,w:83},],
----------------------- 28 ---------------------------
canvasWidth:100,
canvasHeight:100,
data:[{x:28,y:0,l:81,w:72},],
----------------------- 29 ---------------------------
canvasWidth:100,
canvasHeight:100,
data:[{x:8,y:0,l:83,w:92},],
----------------------- 30 ---------------------------
canvasWidth:100,
canvasHeight:100,
data:[{x:8,y:0,l:80,w:92},],
----------------------- 31 ---------------------------
canvasWidth:100,
canvasHeight:100,
data:[{x:15,y:0,l:97,w:85},],
----------------------- 32 ---------------------------
canvasWidth:100,
canvasHeight:100,
data:[{x:24,y:0,l:88,w:76},],
----------------------- 33 ---------------------------
canvasWidth:100,
canvasHeight:100,
data:[{x:3,y:0,l:88,w:97},],
----------------------- 34 ---------------------------
canvasWidth:100,
canvasHeight:100,
data:[{x:47,y:0,l:92,w:53},],
----------------------- 35 ---------------------------
canvasWidth:100,
canvasHeight:100,
data:[{x:8,y:0,l:93,w:92},],
----------------------- 36 ---------------------------
canvasWidth:100,
canvasHeight:100,
data:[{x:26,y:0,l:96,w:74},],
----------------------- 37 ---------------------------
canvasWidth:100,
canvasHeight:100,
data:[{x:11,y:0,l:85,w:89},],
----------------------- 38 ---------------------------
canvasWidth:100,
canvasHeight:100,
data:[{x:14,y:0,l:87,w:86},],
----------------------- 39 ---------------------------
canvasWidth:100,
canvasHeight:100,
data:[{x:39,y:0,l:82,w:61},{x:52,y:82,l:17,w:48},],
----------------------- 40 ---------------------------
canvasWidth:100,
canvasHeight:100,
data:[{x:19,y:0,l:80,w:81},],
----------------------- 41 ---------------------------
canvasWidth:100,
canvasHeight:100,
data:[{x:5,y:0,l:98,w:95},],
----------------------- 42 ---------------------------
canvasWidth:100,
canvasHeight:100,
data:[{x:40,y:0,l:92,w:60},],
----------------------- 43 ---------------------------
canvasWidth:100,
canvasHeight:100,
data:[{x:25,y:0,l:99,w:75},],
----------------------- 44 ---------------------------
canvasWidth:100,
canvasHeight:100,
data:[{x:26,y:0,l:96,w:74},],
----------------------- 45 ---------------------------
canvasWidth:100,
canvasHeight:100,
data:[{x:20,y:0,l:83,w:80},],
----------------------- 46 ---------------------------
canvasWidth:100,
canvasHeight:100,
data:[{x:49,y:0,l:99,w:51},],
----------------------- 47 ---------------------------
canvasWidth:100,
canvasHeight:100,
data:[{x:46,y:0,l:96,w:54},],
----------------------- 48 ---------------------------
canvasWidth:100,
canvasHeight:100,
data:[{x:30,y:0,l:71,w:70},{x:8,y:0,l:50,w:22},],
----------------------- 49 ---------------------------
canvasWidth:100,
canvasHeight:100,
data:[{x:34,y:0,l:44,w:66},{x:46,y:44,l:54,w:54},{x:68,y:98,l:2,w:32},],
----------------------- 50 ---------------------------
canvasWidth:100,
canvasHeight:100,
data:[{x:27,y:0,l:56,w:73},],
----------------------- 51 ---------------------------
canvasWidth:100,
canvasHeight:100,
data:[{x:47,y:0,l:62,w:53},{x:61,y:62,l:36,w:39},],
----------------------- 52 ---------------------------
canvasWidth:100,
canvasHeight:100,
data:[{x:29,y:0,l:60,w:71},],
----------------------- 53 ---------------------------
canvasWidth:100,
canvasHeight:100,
data:[{x:41,y:0,l:51,w:59},{x:2,y:0,l:50,w:39},{x:9,y:53,l:47,w:91},],
----------------------- 54 ---------------------------
canvasWidth:100,
canvasHeight:100,
data:[{x:16,y:0,l:63,w:84},],
----------------------- 55 ---------------------------
canvasWidth:100,
canvasHeight:100,
data:[{x:9,y:0,l:61,w:91},],
----------------------- 56 ---------------------------
canvasWidth:100,
canvasHeight:100,
data:[{x:2,y:0,l:28,w:98},{x:47,y:28,l:71,w:53},],
----------------------- 57 ---------------------------
canvasWidth:100,
canvasHeight:100,
data:[{x:50,y:0,l:59,w:50},{x:58,y:59,l:39,w:42},],
----------------------- 58 ---------------------------
canvasWidth:100,
canvasHeight:100,
data:[{x:38,y:0,l:65,w:62},{x:54,y:65,l:35,w:46},],
----------------------- 59 ---------------------------
canvasWidth:100,
canvasHeight:100,
data:[{x:5,y:0,l:57,w:95},],
----------------------- 60 ---------------------------
canvasWidth:100,
canvasHeight:100,
data:[{x:2,y:0,l:60,w:98},],
----------------------- 61 ---------------------------
canvasWidth:100,
canvasHeight:100,
data:[{x:5,y:0,l:56,w:95},],
----------------------- 62 ---------------------------
canvasWidth:100,
canvasHeight:100,
data:[{x:3,y:0,l:33,w:97},{x:15,y:33,l:65,w:85},],
----------------------- 63 ---------------------------
canvasWidth:100,
canvasHeight:100,
data:[{x:6,y:0,l:61,w:94},],
----------------------- 64 ---------------------------
canvasWidth:100,
canvasHeight:100,
data:[{x:2,y:0,l:60,w:98},{x:5,y:60,l:36,w:95},],
----------------------- 65 ---------------------------
canvasWidth:100,
canvasHeight:100,
data:[{x:11,y:0,l:68,w:89},],
----------------------- 66 ---------------------------
canvasWidth:100,
canvasHeight:100,
data:[{x:15,y:0,l:67,w:85},],
----------------------- 67 ---------------------------
canvasWidth:100,
canvasHeight:100,
data:[{x:14,y:0,l:63,w:86},],
----------------------- 68 ---------------------------
canvasWidth:100,
canvasHeight:100,
data:[{x:42,y:0,l:57,w:58},],
----------------------- 69 ---------------------------
canvasWidth:100,
canvasHeight:100,
data:[{x:5,y:0,l:33,w:95},{x:15,y:34,l:66,w:85},],
----------------------- 70 ---------------------------
canvasWidth:100,
canvasHeight:100,
data:[{x:47,y:0,l:52,w:53},],
----------------------- 71 ---------------------------
canvasWidth:100,
canvasHeight:100,
data:[{x:14,y:0,l:52,w:86},],
----------------------- 72 ---------------------------
canvasWidth:100,
canvasHeight:100,
data:[{x:35,y:0,l:51,w:65},{x:50,y:51,l:43,w:50},],
