====================================== Class_05.2bp-36 =====================================
Reduced size: 80 usedBin: 0
[0]
[4, 31]
[1, 61]
[12, 17]
[5, 55, 76]
[9, 41, 58]
[25, 45, 52, 72]
[7, 39, 66]
[11, 44, 60, 67]
[21, 56]
[10, 42, 62, 77]
[15, 22]
[14, 29, 57]
[8, 43, 54]
[13, 26]
[6, 47, 48]
[3, 59, 64, 78]
[2, 50, 71]
[23, 36, 51, 69, 79]
[20, 30, 65, 70, 75]
[24, 33]
[19, 27, 73]
[28, 38, 63, 74]
[34, 37, 46, 49]
[32, 35, 68]
[18, 53]
[16, 40]
------------------------------------------------
Best fit used bin number: 27
Found best solution: 27 0.164

   Statrt add columnAndCut col: 27 cons: 0 cut: 0	0.236

	1 Start Add column using column generation  col: 27 cons: 0 cut: 0	0.236
			Start solve  LP :0.237
			End solve LP obj: 27.0 t: 1
	1 End Add column using column generation : 27.0 col: 27 cons: 0 cut: 0	0.239
   End add columnAndCut : 27.0 colGencnt: 1 price: 0 col: 27 cons: 0 cut: 0	0.239

Node lb: 27.0 ub: 27 : 0.239

Final Found Solution: 27 genNode: 1 extendedNode: 0:0.239
Bin size: 10000
1 : 10000, : 10000
2 : 6300,3220, : 9520
3 : 7830,1000, : 8830
4 : 4982,4554, : 9536
5 : 6006,1320,194, : 7520
6 : 5152,2378,1230, : 8760
7 : 3782,2130,1536,330, : 7778
8 : 5742,2496,720, : 8958
9 : 5015,2160,1050,612, : 8837
10 : 4176,1276, : 5452
11 : 5037,2262,960,156, : 8415
12 : 4664,4136, : 8800
13 : 4800,3456,1239, : 9495
14 : 5185,2184,1372, : 8741
15 : 4840,3690, : 8530
16 : 5913,1843,1840, : 9596
17 : 7372,1178,912,102, : 9564
18 : 7623,1656,335, : 9614
19 : 3910,2793,1550,559,96, : 8908
20 : 4263,3350,775,340,234, : 8962
21 : 3816,2990, : 6806
22 : 4472,3612,320, : 8404
23 : 3600,2700,918,252, : 7470
24 : 2862,2773,2024,1800, : 9459
25 : 3192,2816,570, : 6578
26 : 4536,1404, : 5940
27 : 4623,2450, : 7073
----------------------- 1 ---------------------------
canvasWidth:100,
canvasHeight:100,
data:[{x:0,y:0,l:100,w:100},],
----------------------- 2 ---------------------------
canvasWidth:100,
canvasHeight:100,
data:[{x:0,y:0,l:63,w:100},{x:8,y:63,l:35,w:92},],
----------------------- 3 ---------------------------
canvasWidth:100,
canvasHeight:100,
data:[{x:90,y:0,l:100,w:10},{x:0,y:0,l:87,w:90},],
----------------------- 4 ---------------------------
canvasWidth:100,
canvasHeight:100,
data:[{x:1,y:0,l:46,w:99},{x:6,y:46,l:53,w:94},],
----------------------- 5 ---------------------------
canvasWidth:100,
canvasHeight:100,
data:[{x:98,y:0,l:97,w:2},{x:7,y:0,l:66,w:91},{x:10,y:66,l:15,w:88},],
----------------------- 6 ---------------------------
canvasWidth:100,
canvasHeight:100,
data:[{x:44,y:0,l:92,w:56},{x:3,y:0,l:58,w:41},{x:3,y:58,l:30,w:41},],
----------------------- 7 ---------------------------
canvasWidth:100,
canvasHeight:100,
data:[{x:84,y:0,l:96,w:16},{x:13,y:0,l:30,w:71},{x:23,y:30,l:62,w:61},{x:29,y:92,l:6,w:55},],
----------------------- 8 ---------------------------
canvasWidth:100,
canvasHeight:100,
data:[{x:13,y:0,l:66,w:87},{x:22,y:66,l:32,w:78},{x:3,y:0,l:72,w:10},],
----------------------- 9 ---------------------------
canvasWidth:100,
canvasHeight:100,
data:[{x:15,y:0,l:59,w:85},{x:40,y:59,l:36,w:60},{x:22,y:59,l:34,w:18},{x:0,y:0,l:70,w:15},],
----------------------- 10 ---------------------------
canvasWidth:100,
canvasHeight:100,
data:[{x:28,y:0,l:58,w:72},{x:6,y:0,l:58,w:22},],
----------------------- 11 ---------------------------
canvasWidth:100,
canvasHeight:100,
data:[{x:74,y:0,l:87,w:26},{x:87,y:87,l:12,w:13},{x:5,y:0,l:73,w:69},{x:14,y:73,l:16,w:60},],
----------------------- 12 ---------------------------
canvasWidth:100,
canvasHeight:100,
data:[{x:47,y:0,l:88,w:53},{x:0,y:0,l:88,w:47},],
----------------------- 13 ---------------------------
canvasWidth:100,
canvasHeight:100,
data:[{x:4,y:0,l:36,w:96},{x:25,y:36,l:64,w:75},{x:4,y:36,l:59,w:21},],
----------------------- 14 ---------------------------
canvasWidth:100,
canvasHeight:100,
data:[{x:2,y:0,l:14,w:98},{x:39,y:14,l:85,w:61},{x:0,y:14,l:56,w:39},],
----------------------- 15 ---------------------------
canvasWidth:100,
canvasHeight:100,
data:[{x:45,y:0,l:88,w:55},{x:0,y:0,l:82,w:45},],
----------------------- 16 ---------------------------
canvasWidth:100,
canvasHeight:100,
data:[{x:81,y:0,l:97,w:19},{x:0,y:0,l:73,w:81},{x:1,y:73,l:23,w:80},],
----------------------- 17 ---------------------------
canvasWidth:100,
canvasHeight:100,
data:[{x:24,y:0,l:97,w:76},{x:66,y:97,l:3,w:34},{x:0,y:0,l:38,w:24},{x:5,y:38,l:62,w:19},],
----------------------- 18 ---------------------------
canvasWidth:100,
canvasHeight:100,
data:[{x:23,y:0,l:99,w:77},{x:5,y:0,l:92,w:18},{x:0,y:0,l:67,w:5},],
----------------------- 19 ---------------------------
canvasWidth:100,
canvasHeight:100,
data:[{x:54,y:0,l:85,w:46},{x:57,y:85,l:13,w:43},{x:4,y:0,l:31,w:50},{x:0,y:0,l:24,w:4},{x:5,y:31,l:57,w:49},],
----------------------- 20 ---------------------------
canvasWidth:100,
canvasHeight:100,
data:[{x:13,y:0,l:49,w:87},{x:0,y:0,l:18,w:13},{x:33,y:49,l:50,w:67},{x:2,y:49,l:25,w:31},{x:16,y:74,l:20,w:17},],
----------------------- 21 ---------------------------
canvasWidth:100,
canvasHeight:100,
data:[{x:28,y:0,l:53,w:72},{x:35,y:53,l:46,w:65},],
----------------------- 22 ---------------------------
canvasWidth:100,
canvasHeight:100,
data:[{x:14,y:0,l:52,w:86},{x:14,y:52,l:42,w:86},{x:36,y:94,l:5,w:64},],
----------------------- 23 ---------------------------
canvasWidth:100,
canvasHeight:100,
data:[{x:28,y:0,l:50,w:72},{x:0,y:0,l:9,w:28},{x:1,y:9,l:34,w:27},{x:46,y:50,l:50,w:54},],
----------------------- 24 ---------------------------
canvasWidth:100,
canvasHeight:100,
data:[{x:53,y:0,l:59,w:47},{x:55,y:59,l:40,w:45},{x:0,y:0,l:54,w:53},{x:7,y:54,l:44,w:46},],
----------------------- 25 ---------------------------
canvasWidth:100,
canvasHeight:100,
data:[{x:58,y:0,l:76,w:42},{x:14,y:0,l:64,w:44},{x:4,y:0,l:57,w:10},],
----------------------- 26 ---------------------------
canvasWidth:100,
canvasHeight:100,
data:[{x:37,y:0,l:72,w:63},{x:11,y:0,l:54,w:26},],
----------------------- 27 ---------------------------
canvasWidth:100,
canvasHeight:100,
data:[{x:75,y:0,l:98,w:25},{x:8,y:0,l:69,w:67},],
