====================================== Class_09.2bp-41 =====================================
Reduced size: 100 usedBin: 0
[38]
[3]
[14]
[24]
[7]
[11]
[51, 60]
[17]
[5, 84]
[49, 75]
[19, 87]
[13]
[33]
[18]
[44]
[8]
[36, 73, 92]
[21]
[40]
[26, 95, 99]
[27, 64]
[0, 91]
[52]
[6, 86]
[31, 88]
[35]
[53, 72, 76]
[30]
[25, 85]
[2, 98]
[9]
[12]
[34, 81]
[29]
[57]
[1]
[58, 83]
[16]
[22, 82, 97]
[20]
[45, 80, 93]
[61]
[15]
[37]
[23]
[10]
[32]
[43]
[4, 89, 96]
[65]
[59, 78]
[68, 74]
[54, 55]
[50]
[47, 69]
[41]
[28]
[42, 63]
[39, 94]
[48, 62]
[46]
[71, 77]
[56, 70]
[66, 67, 79, 90]
------------------------------------------------
Best fit used bin number: 64
Found best solution: 64 0.265

   Statrt add columnAndCut col: 64 cons: 0 cut: 0	0.343

	1 Start Add column using column generation  col: 64 cons: 0 cut: 0	0.343
			Start solve  LP :0.343
			End solve LP obj: 64.0 t: 0
	1 End Add column using column generation : 64.0 col: 64 cons: 0 cut: 0	0.343
   End add columnAndCut : 64.0 colGencnt: 1 price: 0 col: 64 cons: 0 cut: 0	0.343

Node lb: 64.0 ub: 64 : 0.343

Final Found Solution: 64 genNode: 1 extendedNode: 0:0.343
Bin size: 10000
1 : 5400, : 5400
2 : 8500, : 8500
3 : 7000, : 7000
4 : 6200, : 6200
5 : 7800, : 7800
6 : 7400, : 7400
7 : 4526,3762, : 8288
8 : 6708, : 6708
9 : 8010,783, : 8793
10 : 4599,2484, : 7083
11 : 6643,576, : 7219
12 : 7029, : 7029
13 : 5723, : 5723
14 : 6664, : 6664
15 : 4920, : 4920
16 : 7663, : 7663
17 : 5460,2730,363, : 8553
18 : 6320, : 6320
19 : 5256, : 5256
20 : 6138,252,42, : 6432
21 : 6048,3430, : 9478
22 : 9024,392, : 9416
23 : 4484, : 4484
24 : 7832,581, : 8413
25 : 5829,546, : 6375
26 : 5481, : 5481
27 : 4480,2790,2211, : 9481
28 : 5984, : 5984
29 : 6160,621, : 6781
30 : 8624,142, : 8766
31 : 7614, : 7614
32 : 7200, : 7200
33 : 5628,1344, : 6972
34 : 5985, : 5985
35 : 4118, : 4118
36 : 8910, : 8910
37 : 3944,975, : 4919
38 : 6930, : 6930
39 : 6320,1104,200, : 7624
40 : 6560, : 6560
41 : 4899,1488,360, : 6747
42 : 3520, : 3520
43 : 6956, : 6956
44 : 5418, : 5418
45 : 6216, : 6216
46 : 7469, : 7469
47 : 5733, : 5733
48 : 4940, : 4940
49 : 8188,528,230, : 8946
50 : 3422, : 3422
51 : 3782,1776, : 5558
52 : 3050,2652, : 5702
53 : 4399,4371, : 8770
54 : 4575, : 4575
55 : 4838,2880, : 7718
56 : 5076, : 5076
57 : 6014, : 6014
58 : 4984,3480, : 8464
59 : 5310,280, : 5590
60 : 4650,3500, : 8150
61 : 4845, : 4845
62 : 2808,2107, : 4915
63 : 4128,2856, : 6984
64 : 3318,3132,1496,444, : 8390
----------------------- 1 ---------------------------
canvasWidth:100,
canvasHeight:100,
data:[{x:46,y:0,l:100,w:54},],
----------------------- 2 ---------------------------
canvasWidth:100,
canvasHeight:100,
data:[{x:0,y:0,l:85,w:100},],
----------------------- 3 ---------------------------
canvasWidth:100,
canvasHeight:100,
data:[{x:30,y:0,l:100,w:70},],
----------------------- 4 ---------------------------
canvasWidth:100,
canvasHeight:100,
data:[{x:38,y:0,l:100,w:62},],
----------------------- 5 ---------------------------
canvasWidth:100,
canvasHeight:100,
data:[{x:0,y:0,l:78,w:100},],
----------------------- 6 ---------------------------
canvasWidth:100,
canvasHeight:100,
data:[{x:0,y:0,l:74,w:100},],
----------------------- 7 ---------------------------
canvasWidth:100,
canvasHeight:100,
data:[{x:1,y:0,l:38,w:99},{x:27,y:38,l:62,w:73},],
----------------------- 8 ---------------------------
canvasWidth:100,
canvasHeight:100,
data:[{x:14,y:0,l:78,w:86},],
----------------------- 9 ---------------------------
canvasWidth:100,
canvasHeight:100,
data:[{x:11,y:0,l:90,w:89},{x:2,y:0,l:87,w:9},],
----------------------- 10 ---------------------------
canvasWidth:100,
canvasHeight:100,
data:[{x:27,y:0,l:63,w:73},{x:31,y:63,l:36,w:69},],
----------------------- 11 ---------------------------
canvasWidth:100,
canvasHeight:100,
data:[{x:27,y:0,l:91,w:73},{x:28,y:91,l:8,w:72},],
----------------------- 12 ---------------------------
canvasWidth:100,
canvasHeight:100,
data:[{x:1,y:0,l:71,w:99},],
----------------------- 13 ---------------------------
canvasWidth:100,
canvasHeight:100,
data:[{x:41,y:0,l:97,w:59},],
----------------------- 14 ---------------------------
canvasWidth:100,
canvasHeight:100,
data:[{x:2,y:0,l:68,w:98},],
----------------------- 15 ---------------------------
canvasWidth:100,
canvasHeight:100,
data:[{x:40,y:0,l:82,w:60},],
----------------------- 16 ---------------------------
canvasWidth:100,
canvasHeight:100,
data:[{x:3,y:0,l:79,w:97},],
----------------------- 17 ---------------------------
canvasWidth:100,
canvasHeight:100,
data:[{x:22,y:0,l:35,w:78},{x:11,y:0,l:33,w:11},{x:16,y:35,l:65,w:84},],
----------------------- 18 ---------------------------
canvasWidth:100,
canvasHeight:100,
data:[{x:20,y:0,l:79,w:80},],
----------------------- 19 ---------------------------
canvasWidth:100,
canvasHeight:100,
data:[{x:28,y:0,l:73,w:72},],
----------------------- 20 ---------------------------
canvasWidth:100,
canvasHeight:100,
data:[{x:34,y:0,l:93,w:66},{x:94,y:93,l:7,w:6},{x:52,y:93,l:6,w:42},],
----------------------- 21 ---------------------------
canvasWidth:100,
canvasHeight:100,
data:[{x:65,y:0,l:98,w:35},{x:2,y:0,l:96,w:63},],
----------------------- 22 ---------------------------
canvasWidth:100,
canvasHeight:100,
data:[{x:2,y:0,l:4,w:98},{x:6,y:4,l:96,w:94},],
----------------------- 23 ---------------------------
canvasWidth:100,
canvasHeight:100,
data:[{x:41,y:0,l:76,w:59},],
----------------------- 24 ---------------------------
canvasWidth:100,
canvasHeight:100,
data:[{x:12,y:0,l:89,w:88},{x:17,y:89,l:7,w:83},],
----------------------- 25 ---------------------------
canvasWidth:100,
canvasHeight:100,
data:[{x:13,y:0,l:67,w:87},{x:0,y:0,l:42,w:13},],
----------------------- 26 ---------------------------
canvasWidth:100,
canvasHeight:100,
data:[{x:13,y:0,l:63,w:87},],
----------------------- 27 ---------------------------
canvasWidth:100,
canvasHeight:100,
data:[{x:36,y:0,l:70,w:64},{x:3,y:0,l:67,w:33},{x:7,y:70,l:30,w:93},],
----------------------- 28 ---------------------------
canvasWidth:100,
canvasHeight:100,
data:[{x:12,y:0,l:68,w:88},],
----------------------- 29 ---------------------------
canvasWidth:100,
canvasHeight:100,
data:[{x:20,y:0,l:77,w:80},{x:11,y:0,l:69,w:9},],
----------------------- 30 ---------------------------
canvasWidth:100,
canvasHeight:100,
data:[{x:2,y:0,l:88,w:98},{x:0,y:0,l:71,w:2},],
----------------------- 31 ---------------------------
canvasWidth:100,
canvasHeight:100,
data:[{x:19,y:0,l:94,w:81},],
----------------------- 32 ---------------------------
canvasWidth:100,
canvasHeight:100,
data:[{x:25,y:0,l:96,w:75},],
----------------------- 33 ---------------------------
canvasWidth:100,
canvasHeight:100,
data:[{x:16,y:0,l:16,w:84},{x:33,y:16,l:84,w:67},],
----------------------- 34 ---------------------------
canvasWidth:100,
canvasHeight:100,
data:[{x:37,y:0,l:95,w:63},],
----------------------- 35 ---------------------------
canvasWidth:100,
canvasHeight:100,
data:[{x:42,y:0,l:71,w:58},],
----------------------- 36 ---------------------------
canvasWidth:100,
canvasHeight:100,
data:[{x:1,y:0,l:90,w:99},],
----------------------- 37 ---------------------------
canvasWidth:100,
canvasHeight:100,
data:[{x:42,y:0,l:68,w:58},{x:61,y:68,l:25,w:39},],
----------------------- 38 ---------------------------
canvasWidth:100,
canvasHeight:100,
data:[{x:30,y:0,l:99,w:70},],
----------------------- 39 ---------------------------
canvasWidth:100,
canvasHeight:100,
data:[{x:20,y:0,l:79,w:80},{x:90,y:79,l:20,w:10},{x:21,y:79,l:16,w:69},],
----------------------- 40 ---------------------------
canvasWidth:100,
canvasHeight:100,
data:[{x:20,y:0,l:82,w:80},],
----------------------- 41 ---------------------------
canvasWidth:100,
canvasHeight:100,
data:[{x:31,y:0,l:71,w:69},{x:0,y:0,l:48,w:31},{x:7,y:48,l:15,w:24},],
----------------------- 42 ---------------------------
canvasWidth:100,
canvasHeight:100,
data:[{x:45,y:0,l:64,w:55},],
----------------------- 43 ---------------------------
canvasWidth:100,
canvasHeight:100,
data:[{x:26,y:0,l:94,w:74},],
----------------------- 44 ---------------------------
canvasWidth:100,
canvasHeight:100,
data:[{x:14,y:0,l:63,w:86},],
----------------------- 45 ---------------------------
canvasWidth:100,
canvasHeight:100,
data:[{x:26,y:0,l:84,w:74},],
----------------------- 46 ---------------------------
canvasWidth:100,
canvasHeight:100,
data:[{x:23,y:0,l:97,w:77},],
----------------------- 47 ---------------------------
canvasWidth:100,
canvasHeight:100,
data:[{x:9,y:0,l:63,w:91},],
----------------------- 48 ---------------------------
canvasWidth:100,
canvasHeight:100,
data:[{x:48,y:0,l:95,w:52},],
----------------------- 49 ---------------------------
canvasWidth:100,
canvasHeight:100,
data:[{x:8,y:0,l:89,w:92},{x:52,y:89,l:11,w:48},{x:29,y:89,l:10,w:23},],
----------------------- 50 ---------------------------
canvasWidth:100,
canvasHeight:100,
data:[{x:41,y:0,l:58,w:59},],
----------------------- 51 ---------------------------
canvasWidth:100,
canvasHeight:100,
data:[{x:38,y:0,l:61,w:62},{x:52,y:61,l:37,w:48},],
----------------------- 52 ---------------------------
canvasWidth:100,
canvasHeight:100,
data:[{x:32,y:0,l:39,w:68},{x:50,y:39,l:61,w:50},],
----------------------- 53 ---------------------------
canvasWidth:100,
canvasHeight:100,
data:[{x:7,y:0,l:47,w:93},{x:17,y:47,l:53,w:83},],
----------------------- 54 ---------------------------
canvasWidth:100,
canvasHeight:100,
data:[{x:25,y:0,l:61,w:75},],
----------------------- 55 ---------------------------
canvasWidth:100,
canvasHeight:100,
data:[{x:18,y:0,l:59,w:82},{x:20,y:59,l:36,w:80},],
----------------------- 56 ---------------------------
canvasWidth:100,
canvasHeight:100,
data:[{x:6,y:0,l:54,w:94},],
----------------------- 57 ---------------------------
canvasWidth:100,
canvasHeight:100,
data:[{x:3,y:0,l:62,w:97},],
----------------------- 58 ---------------------------
canvasWidth:100,
canvasHeight:100,
data:[{x:11,y:0,l:56,w:89},{x:13,y:56,l:40,w:87},],
----------------------- 59 ---------------------------
canvasWidth:100,
canvasHeight:100,
data:[{x:10,y:0,l:59,w:90},{x:0,y:0,l:28,w:10},],
----------------------- 60 ---------------------------
canvasWidth:100,
canvasHeight:100,
data:[{x:7,y:0,l:50,w:93},{x:30,y:50,l:50,w:70},],
----------------------- 61 ---------------------------
canvasWidth:100,
canvasHeight:100,
data:[{x:5,y:0,l:51,w:95},],
----------------------- 62 ---------------------------
canvasWidth:100,
canvasHeight:100,
data:[{x:46,y:0,l:52,w:54},{x:3,y:0,l:49,w:43},],
----------------------- 63 ---------------------------
canvasWidth:100,
canvasHeight:100,
data:[{x:4,y:0,l:43,w:96},{x:49,y:44,l:56,w:51},],
----------------------- 64 ---------------------------
canvasWidth:100,
canvasHeight:100,
data:[{x:58,y:0,l:79,w:42},{x:63,y:79,l:12,w:37},{x:0,y:0,l:54,w:58},{x:24,y:54,l:44,w:34},],
