====================================== Class_01.2bp-31 =====================================
Reduced size: 80 usedBin: 0
[9, 31]
[4, 44]
[2, 65]
[0]
[1]
[5]
[3]
[6, 58]
[14, 17, 73]
[7, 50, 66]
[15, 32, 53]
[18, 33, 37]
[8, 52, 76]
[10, 48, 67, 77]
[19, 23, 47]
[12, 39, 59, 61]
[11, 49, 69]
[13, 27]
[16, 24, 74]
[20, 21, 36]
[25, 26, 55]
[29, 30, 34, 72, 78]
[35, 38, 41, 45]
[22, 28, 46, 68]
[40, 42, 54, 56, 64, 79]
[43, 51, 57, 60, 62, 63, 70, 71, 75]
------------------------------------------------
Best fit used bin number: 26
Found best solution: 26 0.25

   Statrt add columnAndCut col: 26 cons: 0 cut: 0	0.313

	1 Start Add column using column generation  col: 26 cons: 0 cut: 0	0.313
			Start solve  LP :0.329
			End solve LP obj: 26.0 t: 0
	1 End Add column using column generation : 26.0 col: 26 cons: 0 cut: 0	0.329
   End add columnAndCut : 26.0 colGencnt: 1 price: 0 col: 26 cons: 0 cut: 0	0.329

Node lb: 26.0 ub: 26 : 0.329

Final Found Solution: 26 genNode: 1 extendedNode: 0:0.329
Bin size: 100
1 : 70,30, : 100
2 : 80,20, : 100
3 : 90,10, : 100
4 : 100, : 100
5 : 100, : 100
6 : 80, : 80
7 : 90, : 90
8 : 80,10, : 90
9 : 50,45,5, : 100
10 : 72,16,10, : 98
11 : 48,28,14, : 90
12 : 42,28,24, : 94
13 : 72,16,4, : 92
14 : 63,18,9,3, : 93
15 : 36,36,18, : 90
16 : 56,24,10,10, : 100
17 : 63,18,7, : 88
18 : 54,32, : 86
19 : 45,35,5, : 85
20 : 36,36,24, : 96
21 : 35,35,12, : 82
22 : 32,30,25,6,2, : 95
23 : 25,24,20,20, : 89
24 : 36,32,18,9, : 95
25 : 24,20,12,12,10,2, : 80
26 : 20,16,12,10,10,10,6,6,4, : 94
----------------------- 1 ---------------------------
canvasWidth:10,
canvasHeight:10,
data:[{x:3,y:0,l:10,w:7},{x:0,y:0,l:10,w:3},],
----------------------- 2 ---------------------------
canvasWidth:10,
canvasHeight:10,
data:[{x:2,y:0,l:10,w:8},{x:0,y:0,l:10,w:2},],
----------------------- 3 ---------------------------
canvasWidth:10,
canvasHeight:10,
data:[{x:1,y:0,l:10,w:9},{x:0,y:0,l:10,w:1},],
----------------------- 4 ---------------------------
canvasWidth:10,
canvasHeight:10,
data:[{x:0,y:0,l:10,w:10},],
----------------------- 5 ---------------------------
canvasWidth:10,
canvasHeight:10,
data:[{x:0,y:0,l:10,w:10},],
----------------------- 6 ---------------------------
canvasWidth:10,
canvasHeight:10,
data:[{x:0,y:0,l:8,w:10},],
----------------------- 7 ---------------------------
canvasWidth:10,
canvasHeight:10,
data:[{x:0,y:0,l:9,w:10},],
----------------------- 8 ---------------------------
canvasWidth:10,
canvasHeight:10,
data:[{x:0,y:0,l:8,w:10},{x:5,y:8,l:2,w:5},],
----------------------- 9 ---------------------------
canvasWidth:10,
canvasHeight:10,
data:[{x:0,y:0,l:5,w:10},{x:1,y:5,l:5,w:9},{x:0,y:5,l:5,w:1},],
----------------------- 10 ---------------------------
canvasWidth:10,
canvasHeight:10,
data:[{x:9,y:0,l:10,w:1},{x:0,y:0,l:8,w:9},{x:1,y:8,l:2,w:8},],
----------------------- 11 ---------------------------
canvasWidth:10,
canvasHeight:10,
data:[{x:2,y:0,l:6,w:8},{x:3,y:6,l:4,w:7},{x:0,y:0,l:7,w:2},],
----------------------- 12 ---------------------------
canvasWidth:10,
canvasHeight:10,
data:[{x:4,y:0,l:7,w:6},{x:0,y:0,l:7,w:4},{x:2,y:7,l:3,w:8},],
----------------------- 13 ---------------------------
canvasWidth:10,
canvasHeight:10,
data:[{x:8,y:0,l:8,w:2},{x:8,y:8,l:2,w:2},{x:0,y:0,l:9,w:8},],
----------------------- 14 ---------------------------
canvasWidth:10,
canvasHeight:10,
data:[{x:7,y:0,l:6,w:3},{x:7,y:6,l:3,w:3},{x:7,y:9,l:1,w:3},{x:0,y:0,l:9,w:7},],
----------------------- 15 ---------------------------
canvasWidth:10,
canvasHeight:10,
data:[{x:6,y:0,l:9,w:4},{x:2,y:0,l:9,w:4},{x:0,y:0,l:9,w:2},],
----------------------- 16 ---------------------------
canvasWidth:10,
canvasHeight:10,
data:[{x:3,y:0,l:8,w:7},{x:0,y:0,l:8,w:3},{x:5,y:8,l:2,w:5},{x:0,y:8,l:2,w:5},],
----------------------- 17 ---------------------------
canvasWidth:10,
canvasHeight:10,
data:[{x:3,y:0,l:9,w:7},{x:1,y:0,l:9,w:2},{x:0,y:0,l:7,w:1},],
----------------------- 18 ---------------------------
canvasWidth:10,
canvasHeight:10,
data:[{x:4,y:0,l:9,w:6},{x:0,y:0,l:8,w:4},],
----------------------- 19 ---------------------------
canvasWidth:10,
canvasHeight:10,
data:[{x:5,y:0,l:9,w:5},{x:5,y:9,l:1,w:5},{x:0,y:0,l:7,w:5},],
----------------------- 20 ---------------------------
canvasWidth:10,
canvasHeight:10,
data:[{x:4,y:0,l:6,w:6},{x:0,y:0,l:6,w:4},{x:1,y:6,l:4,w:9},],
----------------------- 21 ---------------------------
canvasWidth:10,
canvasHeight:10,
data:[{x:5,y:0,l:7,w:5},{x:6,y:7,l:3,w:4},{x:0,y:0,l:7,w:5},],
----------------------- 22 ---------------------------
canvasWidth:10,
canvasHeight:10,
data:[{x:6,y:0,l:8,w:4},{x:7,y:8,l:2,w:3},{x:6,y:8,l:2,w:1},{x:0,y:0,l:5,w:6},{x:1,y:5,l:5,w:5},],
----------------------- 23 ---------------------------
canvasWidth:10,
canvasHeight:10,
data:[{x:5,y:0,l:5,w:5},{x:1,y:0,l:5,w:4},{x:6,y:5,l:5,w:4},{x:0,y:5,l:4,w:6},],
----------------------- 24 ---------------------------
canvasWidth:10,
canvasHeight:10,
data:[{x:1,y:0,l:4,w:9},{x:1,y:4,l:2,w:9},{x:2,y:6,l:4,w:8},{x:0,y:0,l:9,w:1},],
----------------------- 25 ---------------------------
canvasWidth:10,
canvasHeight:10,
data:[{x:4,y:0,l:4,w:6},{x:5,y:4,l:2,w:5},{x:4,y:4,l:2,w:1},{x:5,y:6,l:4,w:5},{x:2,y:0,l:6,w:2},{x:0,y:0,l:6,w:2},],
----------------------- 26 ---------------------------
canvasWidth:10,
canvasHeight:10,
data:[{x:5,y:0,l:4,w:5},{x:1,y:0,l:4,w:4},{x:0,y:0,l:4,w:1},{x:8,y:4,l:6,w:2},{x:7,y:4,l:6,w:1},{x:6,y:4,l:6,w:1},{x:4,y:4,l:5,w:2},{x:2,y:4,l:5,w:2},{x:0,y:4,l:5,w:2},],
