====================================== Class_08.2bp-16 =====================================
Reduced size: 40 usedBin: 0
[8, 21, 22, 24, 39]
[4, 6]
[1, 10, 38]
[3, 17, 30, 37]
[16, 20, 26, 28]
[12, 15, 29, 31, 32]
[2, 5, 35]
[0, 23, 33, 36]
[13, 14, 19]
[9, 11, 18, 34]
[7, 25, 27]
------------------------------------------------
Best fit used bin number: 11
Found best solution: 11 0.127

   Statrt add columnAndCut col: 11 cons: 0 cut: 0	0.184

	1 Start Add column using column generation  col: 11 cons: 0 cut: 0	0.184
			Start solve  LP :0.184
			End solve LP obj: 11.0 t: 1
	1 End Add column using column generation : 11.0 col: 11 cons: 0 cut: 0	0.185
   End add columnAndCut : 11.0 colGencnt: 1 price: 0 col: 11 cons: 0 cut: 0	0.185

Node lb: 11.0 ub: 11 : 0.187

Final Found Solution: 11 genNode: 1 extendedNode: 0:0.188
Bin size: 10000
1 : 3420,1701,1666,1600,80, : 8467
2 : 3840,3549, : 7389
3 : 5415,3198,96, : 8709
4 : 4140,2350,800,172, : 7462
5 : 2376,1809,1422,1139, : 6746
6 : 3116,2720,1068,747,522, : 8173
7 : 4800,3650,255, : 8705
8 : 7623,1666,396,178, : 9863
9 : 2960,2788,1972, : 7720
10 : 3264,3196,2291,267, : 9018
11 : 3480,1533,1360, : 6373
----------------------- 1 ---------------------------
canvasWidth:100,
canvasHeight:100,
data:[{x:0,y:0,l:16,w:100},{x:2,y:16,l:17,w:98},{x:19,y:33,l:21,w:81},{x:20,y:54,l:1,w:80},{x:24,y:55,l:45,w:76},],
----------------------- 2 ---------------------------
canvasWidth:100,
canvasHeight:100,
data:[{x:61,y:0,l:91,w:39},{x:0,y:0,l:64,w:60},],
----------------------- 3 ---------------------------
canvasWidth:100,
canvasHeight:100,
data:[{x:43,y:0,l:95,w:57},{x:52,y:95,l:2,w:48},{x:0,y:0,l:78,w:41},],
----------------------- 4 ---------------------------
canvasWidth:100,
canvasHeight:100,
data:[{x:0,y:0,l:8,w:100},{x:55,y:8,l:92,w:45},{x:5,y:8,l:47,w:50},{x:1,y:8,l:43,w:4},],
----------------------- 5 ---------------------------
canvasWidth:100,
canvasHeight:100,
data:[{x:21,y:0,l:18,w:79},{x:33,y:18,l:27,w:67},{x:33,y:45,l:17,w:67},{x:34,y:62,l:36,w:66},],
----------------------- 6 ---------------------------
canvasWidth:100,
canvasHeight:100,
data:[{x:11,y:0,l:12,w:89},{x:17,y:12,l:9,w:83},{x:18,y:21,l:38,w:82},{x:32,y:59,l:40,w:68},{x:3,y:59,l:18,w:29},],
----------------------- 7 ---------------------------
canvasWidth:100,
canvasHeight:100,
data:[{x:4,y:0,l:50,w:96},{x:27,y:50,l:50,w:73},{x:1,y:0,l:85,w:3},],
----------------------- 8 ---------------------------
canvasWidth:100,
canvasHeight:100,
data:[{x:1,y:0,l:77,w:99},{x:1,y:77,l:4,w:99},{x:2,y:81,l:17,w:98},{x:11,y:98,l:2,w:89},],
----------------------- 9 ---------------------------
canvasWidth:100,
canvasHeight:100,
data:[{x:18,y:0,l:34,w:82},{x:20,y:34,l:37,w:80},{x:32,y:71,l:29,w:68},],
----------------------- 10 ---------------------------
canvasWidth:100,
canvasHeight:100,
data:[{x:4,y:0,l:34,w:96},{x:6,y:34,l:34,w:94},{x:11,y:68,l:3,w:89},{x:21,y:71,l:29,w:79},],
----------------------- 11 ---------------------------
canvasWidth:100,
canvasHeight:100,
data:[{x:20,y:0,l:17,w:80},{x:27,y:17,l:21,w:73},{x:40,y:38,l:58,w:60},],
