====================================== Class_04.2bp-45 =====================================
Reduced size: 100 usedBin: 0
[0, 1, 3, 4, 10, 11, 15, 26, 32, 37, 42, 44, 53, 54, 58, 65, 78, 87, 91, 93]
[2, 5, 6, 7, 9, 12, 14, 16, 17, 18, 39, 41, 49, 70, 77, 85]
[8, 13, 19, 20, 21, 22, 23, 24, 27, 29, 30, 31, 34, 45, 47, 52, 56, 66, 69, 84, 92, 97, 98]
[25, 28, 33, 35, 36, 38, 40, 43, 46, 48, 50, 51, 55, 57, 59, 60, 61, 62, 63, 64, 67, 68, 71, 72, 73, 74, 75, 76, 79, 80, 81, 82, 83, 86, 88, 89, 90, 94, 95, 96, 99]
------------------------------------------------
Best fit used bin number: 4
Found best solution: 4 0.172

   Statrt add columnAndCut col: 4 cons: 0 cut: 0	0.234

	1 Start Add column using column generation  col: 4 cons: 0 cut: 0	0.234
			Start solve  LP :0.234
			End solve LP obj: 4.0 t: 0
	1 End Add column using column generation : 4.0 col: 4 cons: 0 cut: 0	0.234
   End add columnAndCut : 4.0 colGencnt: 1 price: 0 col: 4 cons: 0 cut: 0	0.234

Node lb: 4.0 ub: 4 : 0.234

Final Found Solution: 4 genNode: 1 extendedNode: 0:0.234
Bin size: 10000
1 : 1056,980,952,918,806,800,770,578,455,378,340,322,272,270,248,204,102,68,44,28, : 9591
2 : 980,850,840,837,816,782,775,693,660,660,352,340,286,176,105,72, : 9224
3 : 832,780,650,638,630,608,600,600,540,527,525,500,441,308,294,276,255,192,180,75,28,20,13, : 9512
4 : 580,532,450,416,390,357,348,323,300,289,280,280,264,252,247,240,234,230,220,210,192,182,156,140,140,140,136,132,100,99,92,91,76,70,60,60,45,25,24,24,8, : 8434
----------------------- 1 ---------------------------
canvasWidth:100,
canvasHeight:100,
data:[{x:66,y:0,l:28,w:34},{x:66,y:28,l:10,w:34},{x:72,y:38,l:35,w:28},{x:66,y:38,l:34,w:6},{x:32,y:0,l:8,w:34},{x:41,y:8,l:32,w:25},{x:32,y:8,l:30,w:9},{x:40,y:40,l:31,w:26},{x:44,y:71,l:2,w:22},{x:32,y:40,l:31,w:8},{x:0,y:0,l:33,w:32},{x:19,y:33,l:35,w:13},{x:2,y:33,l:34,w:17},{x:66,y:73,l:27,w:34},{x:52,y:73,l:27,w:14},{x:17,y:73,l:22,w:35},{x:18,y:95,l:3,w:34},{x:24,y:98,l:1,w:28},{x:0,y:73,l:4,w:17},{x:3,y:77,l:23,w:14},],
----------------------- 2 ---------------------------
canvasWidth:100,
canvasHeight:100,
data:[{x:75,y:0,l:34,w:25},{x:51,y:0,l:34,w:24},{x:23,y:0,l:30,w:28},{x:27,y:30,l:3,w:24},{x:79,y:34,l:33,w:21},{x:79,y:67,l:5,w:21},{x:48,y:34,l:27,w:31},{x:53,y:61,l:11,w:26},{x:23,y:34,l:31,w:25},{x:0,y:0,l:34,w:23},{x:3,y:34,l:33,w:20},{x:65,y:72,l:28,w:35},{x:33,y:72,l:11,w:32},{x:45,y:83,l:17,w:20},{x:34,y:83,l:16,w:11},{x:0,y:72,l:20,w:33},],
----------------------- 3 ---------------------------
canvasWidth:100,
canvasHeight:100,
data:[{x:70,y:0,l:21,w:30},{x:49,y:0,l:21,w:21},{x:35,y:0,l:21,w:14},{x:26,y:0,l:20,w:9},{x:81,y:21,l:32,w:19},{x:87,y:53,l:1,w:13},{x:64,y:21,l:31,w:17},{x:67,y:52,l:2,w:14},{x:58,y:21,l:32,w:6},{x:70,y:54,l:26,w:30},{x:58,y:54,l:23,w:12},{x:26,y:21,l:26,w:32},{x:29,y:47,l:22,w:29},{x:30,y:69,l:11,w:28},{x:0,y:0,l:25,w:26},{x:5,y:25,l:25,w:21},{x:0,y:25,l:15,w:5},{x:0,y:40,l:4,w:5},{x:2,y:50,l:25,w:24},{x:70,y:80,l:20,w:30},{x:43,y:80,l:20,w:27},{x:18,y:80,l:20,w:25},{x:1,y:80,l:15,w:17},],
----------------------- 4 ---------------------------
canvasWidth:100,
canvasHeight:100,
data:[{x:87,y:0,l:32,w:13},{x:87,y:32,l:30,w:13},{x:89,y:62,l:9,w:11},{x:90,y:71,l:28,w:10},{x:59,y:0,l:19,w:28},{x:25,y:0,l:4,w:34},{x:29,y:4,l:15,w:30},{x:4,y:0,l:12,w:21},{x:75,y:19,l:29,w:12},{x:75,y:48,l:11,w:12},{x:76,y:59,l:20,w:11},{x:45,y:19,l:10,w:30},{x:47,y:29,l:10,w:28},{x:45,y:29,l:4,w:2},{x:49,y:39,l:9,w:26},{x:69,y:48,l:26,w:6},{x:68,y:48,l:25,w:1},{x:69,y:74,l:4,w:6},{x:45,y:48,l:10,w:23},{x:63,y:58,l:20,w:5},{x:46,y:58,l:17,w:17},{x:26,y:19,l:13,w:19},{x:35,y:32,l:14,w:10},{x:35,y:46,l:7,w:10},{x:29,y:32,l:10,w:6},{x:26,y:32,l:8,w:3},{x:28,y:43,l:13,w:7},{x:37,y:56,l:24,w:8},{x:27,y:56,l:14,w:10},{x:9,y:19,l:21,w:17},{x:12,y:40,l:15,w:14},{x:9,y:40,l:15,w:3},{x:11,y:55,l:16,w:15},{x:4,y:19,l:12,w:5},{x:58,y:80,l:20,w:29},{x:39,y:80,l:17,w:19},{x:26,y:80,l:14,w:13},{x:4,y:80,l:12,w:22},{x:0,y:0,l:35,w:4},{x:0,y:35,l:23,w:4},{x:0,y:58,l:19,w:4},],
