====================================== Class_08.2bp-8 =====================================
Reduced size: 20 usedBin: 0
[1, 12, 14, 17]
[5, 8, 9]
[0, 10, 15, 18]
[2, 3, 16]
[7]
[4, 6, 19]
[11, 13]
------------------------------------------------
Best fit used bin number: 7
Found best solution: 7 0.156

   Statrt add columnAndCut col: 7 cons: 0 cut: 0	0.218

	1 Start Add column using column generation  col: 7 cons: 0 cut: 0	0.218
			Start solve  LP :0.218
			End solve LP obj: 7.0 t: 0
	1 End Add column using column generation : 7.0 col: 7 cons: 0 cut: 0	0.218
   End add columnAndCut : 7.0 colGencnt: 1 price: 0 col: 7 cons: 0 cut: 0	0.218

Node lb: 7.0 ub: 7 : 0.218

Final Found Solution: 7 genNode: 1 extendedNode: 0:0.218
Bin size: 10000
1 : 4214,1729,1512,539, : 7994
2 : 3552,3094,2716, : 9362
3 : 5440,1980,1368,483, : 9271
4 : 4128,3920,630, : 8678
5 : 3201, : 3201
6 : 3612,3220,468, : 7300
7 : 1785,1722, : 3507
----------------------- 1 ---------------------------
canvasWidth:100,
canvasHeight:100,
data:[{x:9,y:0,l:19,w:91},{x:14,y:19,l:49,w:86},{x:16,y:68,l:18,w:84},{x:2,y:0,l:77,w:7},],
----------------------- 2 ---------------------------
canvasWidth:100,
canvasHeight:100,
data:[{x:3,y:0,l:28,w:97},{x:4,y:28,l:37,w:96},{x:9,y:65,l:34,w:91},],
----------------------- 3 ---------------------------
canvasWidth:100,
canvasHeight:100,
data:[{x:80,y:0,l:99,w:20},{x:0,y:0,l:68,w:80},{x:4,y:68,l:18,w:76},{x:11,y:86,l:7,w:69},],
----------------------- 4 ---------------------------
canvasWidth:100,
canvasHeight:100,
data:[{x:4,y:0,l:43,w:96},{x:10,y:43,l:7,w:90},{x:20,y:50,l:49,w:80},],
----------------------- 5 ---------------------------
canvasWidth:100,
canvasHeight:100,
data:[{x:67,y:0,l:97,w:33},],
----------------------- 6 ---------------------------
canvasWidth:100,
canvasHeight:100,
data:[{x:30,y:0,l:46,w:70},{x:12,y:0,l:26,w:18},{x:14,y:46,l:42,w:86},],
----------------------- 7 ---------------------------
canvasWidth:100,
canvasHeight:100,
data:[{x:15,y:0,l:21,w:85},{x:18,y:21,l:21,w:82},],
