====================================== Class_06.2bp-23 =====================================
Reduced size: 60 usedBin: 0
[1, 2, 3, 4, 5, 7, 9, 10, 13, 18, 19, 20, 21, 25, 28, 34, 37, 38, 39, 40, 41, 42, 43, 44, 46, 47, 48, 50, 51, 52, 54, 55, 56, 58]
[0, 6, 8, 11, 12, 14, 15, 16, 17, 22, 23, 24, 26, 27, 29, 30, 31, 32, 33, 35, 36, 45, 49, 53, 57, 59]
------------------------------------------------
Best fit used bin number: 2
Found best solution: 2 0.141

   Statrt add columnAndCut col: 2 cons: 0 cut: 0	0.188

	1 Start Add column using column generation  col: 2 cons: 0 cut: 0	0.188
			Start solve  LP :0.188
			End solve LP obj: 2.0 t: 0
	1 End Add column using column generation : 2.0 col: 2 cons: 0 cut: 0	0.188
   End add columnAndCut : 2.0 colGencnt: 1 price: 0 col: 2 cons: 0 cut: 0	0.203

Node lb: 2.0 ub: 2 : 0.203

Final Found Solution: 2 genNode: 1 extendedNode: 0:0.203
Bin size: 90000
1 : 8439,7700,7047,6375,5766,5320,4704,4680,4002,3481,3480,3381,3157,2673,2310,1600,1209,1088,980,935,780,731,580,560,455,380,296,224,180,153,144,142,140,72, : 83164
2 : 9216,5586,5304,4399,4095,3905,3774,3705,3626,3128,3120,2880,2624,2430,2280,2050,2016,1984,1666,1449,1425,496,260,147,128,63, : 71756
----------------------- 1 ---------------------------
canvasWidth:300,
canvasHeight:300,
data:[{x:222,y:0,l:60,w:78},{x:163,y:0,l:59,w:59},{x:94,y:0,l:49,w:69},{x:77,y:0,l:43,w:17},{x:105,y:49,l:10,w:58},{x:88,y:49,l:9,w:17},{x:203,y:60,l:87,w:97},{x:183,y:60,l:80,w:20},{x:183,y:140,l:7,w:20},{x:169,y:60,l:70,w:14},{x:219,y:147,l:87,w:81},{x:224,y:234,l:5,w:76},{x:228,y:239,l:1,w:72},{x:173,y:147,l:87,w:46},{x:187,y:234,l:7,w:32},{x:171,y:147,l:90,w:2},{x:75,y:60,l:62,w:93},{x:77,y:122,l:5,w:91},{x:91,y:127,l:100,w:77},{x:78,y:127,l:93,w:13},{x:0,y:0,l:85,w:75},{x:48,y:85,l:99,w:27},{x:65,y:184,l:56,w:10},{x:48,y:184,l:55,w:17},{x:7,y:85,l:77,w:41},{x:38,y:162,l:78,w:10},{x:36,y:162,l:71,w:2},{x:1,y:162,l:66,w:35},{x:240,y:242,l:58,w:60},{x:145,y:242,l:56,w:95},{x:168,y:298,l:2,w:72},{x:47,y:242,l:48,w:98},{x:13,y:242,l:32,w:34},{x:5,y:242,l:37,w:8},],
----------------------- 2 ---------------------------
canvasWidth:300,
canvasHeight:300,
data:[{x:204,y:0,l:96,w:96},{x:139,y:0,l:63,w:65},{x:140,y:63,l:31,w:64},{x:84,y:0,l:71,w:55},{x:6,y:0,l:68,w:78},{x:243,y:96,l:65,w:57},{x:243,y:161,l:25,w:57},{x:251,y:186,l:34,w:49},{x:244,y:186,l:21,w:7},{x:255,y:220,l:64,w:45},{x:247,y:220,l:62,w:8},{x:162,y:96,l:30,w:81},{x:86,y:96,l:30,w:76},{x:160,y:126,l:53,w:83},{x:86,y:126,l:49,w:74},{x:95,y:175,l:4,w:65},{x:215,y:179,l:72,w:28},{x:174,y:179,l:64,w:41},{x:172,y:179,l:64,w:2},{x:178,y:252,l:48,w:65},{x:74,y:179,l:57,w:98},{x:131,y:236,l:50,w:41},{x:108,y:236,l:63,w:23},{x:0,y:96,l:51,w:74},{x:6,y:147,l:46,w:68},{x:3,y:147,l:21,w:3},],
