====================================== Class_04.2bp-8 =====================================
Reduced size: 20 usedBin: 0
[0, 1, 2, 3, 4, 5, 6, 7, 8, 9, 10, 11, 12, 13, 14, 15, 16, 17, 18, 19]
------------------------------------------------
Best fit used bin number: 1
Found best solution: 1 0.265

   Statrt add columnAndCut col: 1 cons: 0 cut: 0	0.344

	1 Start Add column using column generation  col: 1 cons: 0 cut: 0	0.344
			Start solve  LP :0.344
			End solve LP obj: 1.0 t: 0
	1 End Add column using column generation : 1.0 col: 1 cons: 0 cut: 0	0.344
   End add columnAndCut : 1.0 colGencnt: 1 price: 0 col: 1 cons: 0 cut: 0	0.344

Node lb: 1.0 ub: 1 : 0.344

Final Found Solution: 1 genNode: 1 extendedNode: 0:0.344
Bin size: 10000
1 : 806,690,675,608,588,510,408,341,286,260,255,247,238,234,160,143,117,80,56,28, : 6730
----------------------- 1 ---------------------------
canvasWidth:100,
canvasHeight:100,
data:[{x:69,y:0,l:26,w:31},{x:35,y:0,l:12,w:34},{x:35,y:12,l:7,w:34},{x:13,y:0,l:13,w:22},{x:24,y:13,l:13,w:11},{x:85,y:26,l:34,w:15},{x:87,y:60,l:19,w:13},{x:85,y:60,l:14,w:2},{x:87,y:80,l:20,w:13},{x:55,y:26,l:23,w:30},{x:23,y:26,l:19,w:32},{x:41,y:45,l:4,w:14},{x:58,y:49,l:25,w:27},{x:68,y:74,l:15,w:17},{x:72,y:89,l:9,w:13},{x:30,y:49,l:21,w:28},{x:25,y:49,l:16,w:5},{x:9,y:26,l:31,w:11},{x:0,y:0,l:26,w:9},{x:4,y:26,l:32,w:5},],
