====================================== Class_01.2bp-29 =====================================
Reduced size: 60 usedBin: 0
[11, 21]
[12, 30, 52]
[0]
[2]
[5, 45, 55, 57]
[1, 43, 59]
[6, 40]
[7, 33]
[10, 38]
[3, 49]
[17, 36, 42]
[19, 29, 48]
[18, 25]
[9, 32]
[4, 53]
[13, 39, 56]
[8, 47, 50, 58]
[14, 22]
[15, 24]
[16, 26]
[23, 37]
[20, 34, 44, 54]
[27, 28, 41, 46]
[31, 35, 51]
------------------------------------------------
Best fit used bin number: 24
Found best solution: 24 0.25

   Statrt add columnAndCut col: 24 cons: 0 cut: 0	0.312

	1 Start Add column using column generation  col: 24 cons: 0 cut: 0	0.312
			Start solve  LP :0.312
			End solve LP obj: 24.0 t: 0
	1 End Add column using column generation : 24.0 col: 24 cons: 0 cut: 0	0.328
   End add columnAndCut : 24.0 colGencnt: 1 price: 0 col: 24 cons: 0 cut: 0	0.328

Node lb: 24.0 ub: 24 : 0.328

Final Found Solution: 24 genNode: 1 extendedNode: 0:0.328
Bin size: 100
1 : 60,40, : 100
2 : 60,30,10, : 100
3 : 80, : 80
4 : 80, : 80
5 : 70,16,8,6, : 100
6 : 80,18,2, : 100
7 : 70,21, : 91
8 : 70,27, : 97
9 : 63,24, : 87
10 : 72,12, : 84
11 : 48,24,20, : 92
12 : 45,30,12, : 87
13 : 48,32, : 80
14 : 63,27, : 90
15 : 72,10, : 82
16 : 54,24,6, : 84
17 : 64,14,12,4, : 94
18 : 54,36, : 90
19 : 54,32, : 86
20 : 54,32, : 86
21 : 36,24, : 60
22 : 42,27,18,10, : 97
23 : 30,30,20,16, : 96
24 : 28,25,12, : 65
----------------------- 1 ---------------------------
canvasWidth:10,
canvasHeight:10,
data:[{x:4,y:0,l:10,w:6},{x:0,y:0,l:10,w:4},],
----------------------- 2 ---------------------------
canvasWidth:10,
canvasHeight:10,
data:[{x:0,y:0,l:6,w:10},{x:0,y:6,l:3,w:10},{x:0,y:9,l:1,w:10},],
----------------------- 3 ---------------------------
canvasWidth:10,
canvasHeight:10,
data:[{x:0,y:0,l:8,w:10},],
----------------------- 4 ---------------------------
canvasWidth:10,
canvasHeight:10,
data:[{x:0,y:0,l:8,w:10},],
----------------------- 5 ---------------------------
canvasWidth:10,
canvasHeight:10,
data:[{x:3,y:0,l:10,w:7},{x:1,y:0,l:8,w:2},{x:0,y:0,l:8,w:1},{x:0,y:8,l:2,w:3},],
----------------------- 6 ---------------------------
canvasWidth:10,
canvasHeight:10,
data:[{x:2,y:0,l:10,w:8},{x:0,y:0,l:9,w:2},{x:0,y:9,l:1,w:2},],
----------------------- 7 ---------------------------
canvasWidth:10,
canvasHeight:10,
data:[{x:3,y:0,l:10,w:7},{x:0,y:0,l:7,w:3},],
----------------------- 8 ---------------------------
canvasWidth:10,
canvasHeight:10,
data:[{x:3,y:0,l:10,w:7},{x:0,y:0,l:9,w:3},],
----------------------- 9 ---------------------------
canvasWidth:10,
canvasHeight:10,
data:[{x:3,y:0,l:9,w:7},{x:0,y:0,l:8,w:3},],
----------------------- 10 ---------------------------
canvasWidth:10,
canvasHeight:10,
data:[{x:2,y:0,l:9,w:8},{x:0,y:0,l:6,w:2},],
----------------------- 11 ---------------------------
canvasWidth:10,
canvasHeight:10,
data:[{x:8,y:0,l:10,w:2},{x:0,y:0,l:6,w:8},{x:0,y:6,l:3,w:8},],
----------------------- 12 ---------------------------
canvasWidth:10,
canvasHeight:10,
data:[{x:5,y:0,l:9,w:5},{x:0,y:0,l:6,w:5},{x:2,y:6,l:4,w:3},],
----------------------- 13 ---------------------------
canvasWidth:10,
canvasHeight:10,
data:[{x:4,y:0,l:8,w:6},{x:0,y:0,l:8,w:4},],
----------------------- 14 ---------------------------
canvasWidth:10,
canvasHeight:10,
data:[{x:1,y:0,l:7,w:9},{x:1,y:7,l:3,w:9},],
----------------------- 15 ---------------------------
canvasWidth:10,
canvasHeight:10,
data:[{x:1,y:0,l:8,w:9},{x:5,y:8,l:2,w:5},],
----------------------- 16 ---------------------------
canvasWidth:10,
canvasHeight:10,
data:[{x:2,y:0,l:3,w:8},{x:0,y:0,l:3,w:2},{x:1,y:3,l:6,w:9},],
----------------------- 17 ---------------------------
canvasWidth:10,
canvasHeight:10,
data:[{x:2,y:0,l:8,w:8},{x:4,y:8,l:2,w:6},{x:2,y:8,l:2,w:2},{x:0,y:0,l:7,w:2},],
----------------------- 18 ---------------------------
canvasWidth:10,
canvasHeight:10,
data:[{x:4,y:0,l:9,w:6},{x:0,y:0,l:9,w:4},],
----------------------- 19 ---------------------------
canvasWidth:10,
canvasHeight:10,
data:[{x:1,y:0,l:6,w:9},{x:2,y:6,l:4,w:8},],
----------------------- 20 ---------------------------
canvasWidth:10,
canvasHeight:10,
data:[{x:1,y:0,l:6,w:9},{x:2,y:6,l:4,w:8},],
----------------------- 21 ---------------------------
canvasWidth:10,
canvasHeight:10,
data:[{x:4,y:0,l:6,w:6},{x:0,y:0,l:6,w:4},],
----------------------- 22 ---------------------------
canvasWidth:10,
canvasHeight:10,
data:[{x:3,y:0,l:6,w:7},{x:0,y:0,l:6,w:3},{x:0,y:6,l:1,w:10},{x:1,y:7,l:3,w:9},],
----------------------- 23 ---------------------------
canvasWidth:10,
canvasHeight:10,
data:[{x:4,y:0,l:5,w:6},{x:0,y:0,l:5,w:4},{x:4,y:5,l:5,w:6},{x:0,y:5,l:4,w:4},],
----------------------- 24 ---------------------------
canvasWidth:10,
canvasHeight:10,
data:[{x:6,y:0,l:7,w:4},{x:6,y:7,l:3,w:4},{x:0,y:0,l:5,w:5},],
