====================================== Class_06.2bp-38 =====================================
Reduced size: 80 usedBin: 0
[4, 5, 7, 11, 12, 14, 17, 22, 26, 29, 31, 34, 35, 36, 37, 43, 47, 51, 52, 60, 62, 63, 65, 66, 68, 71, 74, 75, 76, 77]
[0, 1, 2, 3, 6, 9, 13, 16, 19, 23, 24, 25, 32, 44, 49, 55, 58, 59, 67, 69, 70, 72, 73, 78]
[8, 10, 15, 18, 20, 21, 27, 28, 30, 33, 38, 39, 40, 41, 42, 45, 46, 48, 50, 53, 54, 56, 57, 61, 64, 79]
------------------------------------------------
Best fit used bin number: 3
Found best solution: 3 0.266

   Statrt add columnAndCut col: 3 cons: 0 cut: 0	0.328

	1 Start Add column using column generation  col: 3 cons: 0 cut: 0	0.328
			Start solve  LP :0.328
			End solve LP obj: 3.0 t: 0
	1 End Add column using column generation : 3.0 col: 3 cons: 0 cut: 0	0.328
   End add columnAndCut : 3.0 colGencnt: 1 price: 0 col: 3 cons: 0 cut: 0	0.328

Node lb: 3.0 ub: 3 : 0.328

Final Found Solution: 3 genNode: 1 extendedNode: 0:0.328
Bin size: 90000
1 : 7462,7462,6724,5642,5610,5015,4814,4160,4018,3280,3120,2842,2755,2646,2548,2150,2052,1862,1782,776,656,636,612,490,363,200,156,90,85,72, : 80080
2 : 8832,8526,8460,7469,7110,5890,5060,4850,4275,4092,4059,4042,3003,2100,1900,1273,1083,793,430,275,210,186,164,56, : 84138
3 : 6532,5829,4872,4399,4250,4160,3840,3420,3233,2964,2451,2419,2400,2379,2312,2100,2074,1960,1892,1760,1386,1140,1121,775,630,43, : 70341
----------------------- 1 ---------------------------
canvasWidth:300,
canvasHeight:300,
data:[{x:209,y:0,l:62,w:91},{x:214,y:62,l:25,w:86},{x:209,y:62,l:17,w:5},{x:160,y:0,l:82,w:49},{x:158,y:0,l:78,w:2},{x:197,y:82,l:6,w:12},{x:157,y:82,l:5,w:40},{x:218,y:89,l:91,w:82},{x:217,y:89,l:90,w:1},{x:159,y:89,l:83,w:58},{x:75,y:0,l:91,w:82},{x:76,y:91,l:22,w:81},{x:92,y:113,l:64,w:65},{x:80,y:113,l:53,w:12},{x:218,y:180,l:82,w:82},{x:178,y:180,l:82,w:40},{x:93,y:180,l:66,w:85},{x:127,y:246,l:12,w:51},{x:16,y:0,l:85,w:59},{x:46,y:85,l:98,w:29},{x:20,y:85,l:98,w:26},{x:27,y:183,l:65,w:48},{x:16,y:183,l:33,w:11},{x:0,y:0,l:41,w:16},{x:8,y:41,l:97,w:8},{x:251,y:262,l:38,w:49},{x:194,y:262,l:36,w:57},{x:95,y:262,l:27,w:98},{x:95,y:289,l:5,w:98},{x:0,y:262,l:29,w:95},],
----------------------- 2 ---------------------------
canvasWidth:300,
canvasHeight:300,
data:[{x:213,y:0,l:98,w:87},{x:151,y:0,l:95,w:62},{x:151,y:95,l:3,w:62},{x:126,y:0,l:84,w:25},{x:126,y:84,l:11,w:25},{x:82,y:0,l:93,w:44},{x:208,y:98,l:96,w:92},{x:175,y:98,l:91,w:33},{x:81,y:98,l:90,w:94},{x:257,y:194,l:94,w:43},{x:279,y:288,l:10,w:21},{x:207,y:194,l:97,w:50},{x:194,y:194,l:61,w:13},{x:102,y:194,l:55,w:92},{x:108,y:249,l:5,w:86},{x:83,y:194,l:57,w:19},{x:79,y:194,l:41,w:4},{x:79,y:235,l:14,w:4},{x:112,y:255,l:45,w:95},{x:0,y:0,l:90,w:79},{x:2,y:90,l:97,w:77},{x:60,y:187,l:100,w:19},{x:19,y:187,l:99,w:41},{x:0,y:187,l:67,w:19},],
----------------------- 3 ---------------------------
canvasWidth:300,
canvasHeight:300,
data:[{x:208,y:0,l:71,w:92},{x:213,y:71,l:56,w:87},{x:215,y:127,l:50,w:85},{x:280,y:177,l:88,w:20},{x:213,y:177,l:87,w:67},{x:220,y:270,l:30,w:80},{x:108,y:0,l:21,w:100},{x:42,y:0,l:21,w:66},{x:12,y:0,l:21,w:30},{x:155,y:21,l:83,w:53},{x:95,y:21,l:64,w:60},{x:96,y:85,l:19,w:59},{x:43,y:21,l:80,w:52},{x:2,y:21,l:59,w:41},{x:132,y:104,l:39,w:76},{x:71,y:104,l:39,w:61},{x:10,y:104,l:34,w:61},{x:163,y:143,l:76,w:45},{x:165,y:219,l:44,w:43},{x:164,y:219,l:43,w:1},{x:177,y:263,l:25,w:31},{x:106,y:143,l:43,w:57},{x:50,y:143,l:35,w:56},{x:129,y:186,l:68,w:34},{x:76,y:186,l:61,w:53},{x:113,y:288,l:12,w:95},],
