====================================== Class_03.2bp-43 =====================================
Reduced size: 100 usedBin: 0
[28, 35, 39, 40, 77, 91, 97]
[5, 18, 65, 94]
[11, 15, 57, 62]
[21, 23, 38, 70, 72, 83]
[13, 24, 45, 60]
[25, 33, 41, 42, 87]
[0, 55, 59, 90, 99]
[12, 16, 56, 66, 92]
[22, 32, 49, 50, 63, 89, 95]
[3, 36, 54, 76, 93]
[9, 43, 61, 69, 74, 88]
[1, 47, 71, 78]
[27, 30, 34, 48, 86, 96, 98]
[8, 14, 58, 75]
[10, 29, 46, 64]
[17, 19, 73, 79, 80, 82]
[6, 26, 31, 84]
[2, 51, 52, 68, 81]
[7, 20, 53, 67]
[4, 37, 44, 85]
------------------------------------------------
Best fit used bin number: 20
Found best solution: 20 0.149

   Statrt add columnAndCut col: 20 cons: 0 cut: 0	0.217

	1 Start Add column using column generation  col: 20 cons: 0 cut: 0	0.218
			Start solve  LP :0.218
			End solve LP obj: 20.0 t: 1
	1 End Add column using column generation : 20.0 col: 20 cons: 0 cut: 0	0.219
   End add columnAndCut : 20.0 colGencnt: 1 price: 0 col: 20 cons: 0 cut: 0	0.219

Node lb: 20.0 ub: 20 : 0.219

Final Found Solution: 20 genNode: 1 extendedNode: 0:0.22
Bin size: 1600
1 : 406,377,319,312,88,33,13, : 1548
2 : 768,544,140,20, : 1472
3 : 648,560,192,160, : 1560
4 : 480,462,350,120,120,57, : 1589
5 : 621,459,286,176, : 1542
6 : 440,378,306,304,46, : 1474
7 : 1088,217,180,34,4, : 1523
8 : 638,558,200,135,27, : 1558
9 : 475,380,266,252,152,34,16, : 1575
10 : 868,372,224,90,27, : 1581
11 : 682,299,160,126,108,44, : 1419
12 : 980,270,120,84, : 1454
13 : 408,392,378,270,52,14,9, : 1523
14 : 693,589,182,91, : 1555
15 : 675,405,286,150, : 1516
16 : 551,500,112,80,75,66, : 1384
17 : 728,420,392,55, : 1595
18 : 870,240,240,130,69, : 1549
19 : 726,486,234,132, : 1578
20 : 837,351,288,54, : 1530
----------------------- 1 ---------------------------
canvasWidth:40,
canvasHeight:40,
data:[{x:26,y:0,l:29,w:14},{x:13,y:0,l:29,w:13},{x:1,y:0,l:26,w:12},{x:0,y:0,l:13,w:1},{x:2,y:26,l:3,w:11},{x:11,y:29,l:11,w:29},{x:3,y:29,l:11,w:8},],
----------------------- 2 ---------------------------
canvasWidth:40,
canvasHeight:40,
data:[{x:36,y:0,l:35,w:4},{x:36,y:35,l:5,w:4},{x:2,y:0,l:16,w:34},{x:4,y:16,l:24,w:32},],
----------------------- 3 ---------------------------
canvasWidth:40,
canvasHeight:40,
data:[{x:16,y:0,l:27,w:24},{x:16,y:27,l:8,w:24},{x:0,y:0,l:35,w:16},{x:8,y:35,l:5,w:32},],
----------------------- 4 ---------------------------
canvasWidth:40,
canvasHeight:40,
data:[{x:25,y:0,l:32,w:15},{x:25,y:32,l:8,w:15},{x:0,y:0,l:14,w:25},{x:3,y:14,l:21,w:22},{x:0,y:14,l:19,w:3},{x:1,y:35,l:5,w:24},],
----------------------- 5 ---------------------------
canvasWidth:40,
canvasHeight:40,
data:[{x:13,y:0,l:23,w:27},{x:13,y:23,l:17,w:27},{x:0,y:0,l:22,w:13},{x:2,y:22,l:16,w:11},],
----------------------- 6 ---------------------------
canvasWidth:40,
canvasHeight:40,
data:[{x:19,y:0,l:18,w:21},{x:2,y:0,l:18,w:17},{x:17,y:18,l:2,w:23},{x:18,y:20,l:20,w:22},{x:0,y:18,l:19,w:16},],
----------------------- 7 ---------------------------
canvasWidth:40,
canvasHeight:40,
data:[{x:8,y:0,l:34,w:32},{x:10,y:34,l:6,w:30},{x:8,y:34,l:2,w:2},{x:7,y:0,l:34,w:1},{x:0,y:0,l:31,w:7},],
----------------------- 8 ---------------------------
canvasWidth:40,
canvasHeight:40,
data:[{x:9,y:0,l:18,w:31},{x:0,y:0,l:15,w:9},{x:0,y:15,l:3,w:9},{x:11,y:18,l:22,w:29},{x:1,y:18,l:20,w:10},],
----------------------- 9 ---------------------------
canvasWidth:40,
canvasHeight:40,
data:[{x:21,y:0,l:25,w:19},{x:21,y:25,l:14,w:19},{x:0,y:0,l:12,w:21},{x:2,y:12,l:8,w:19},{x:0,y:12,l:8,w:2},{x:1,y:20,l:19,w:20},{x:6,y:39,l:1,w:34},],
----------------------- 10 ---------------------------
canvasWidth:40,
canvasHeight:40,
data:[{x:12,y:0,l:31,w:28},{x:0,y:0,l:31,w:12},{x:30,y:31,l:9,w:10},{x:2,y:31,l:8,w:28},{x:3,y:39,l:1,w:27},],
----------------------- 11 ---------------------------
canvasWidth:40,
canvasHeight:40,
data:[{x:18,y:0,l:31,w:22},{x:19,y:31,l:6,w:21},{x:5,y:0,l:23,w:13},{x:9,y:23,l:12,w:9},{x:5,y:23,l:11,w:4},{x:0,y:0,l:32,w:5},],
----------------------- 12 ---------------------------
canvasWidth:40,
canvasHeight:40,
data:[{x:12,y:0,l:35,w:28},{x:16,y:35,l:5,w:24},{x:2,y:0,l:27,w:10},{x:5,y:27,l:12,w:7},],
----------------------- 13 ---------------------------
canvasWidth:40,
canvasHeight:40,
data:[{x:26,y:0,l:28,w:14},{x:12,y:0,l:27,w:14},{x:12,y:27,l:1,w:14},{x:2,y:0,l:27,w:10},{x:3,y:27,l:1,w:9},{x:0,y:0,l:26,w:2},{x:6,y:28,l:12,w:34},],
----------------------- 14 ---------------------------
canvasWidth:40,
canvasHeight:40,
data:[{x:33,y:0,l:26,w:7},{x:33,y:26,l:13,w:7},{x:0,y:0,l:21,w:33},{x:2,y:21,l:19,w:31},],
----------------------- 15 ---------------------------
canvasWidth:40,
canvasHeight:40,
data:[{x:13,y:0,l:25,w:27},{x:13,y:25,l:15,w:27},{x:0,y:0,l:22,w:13},{x:3,y:22,l:15,w:10},],
----------------------- 16 ---------------------------
canvasWidth:40,
canvasHeight:40,
data:[{x:21,y:0,l:29,w:19},{x:1,y:0,l:25,w:20},{x:1,y:25,l:4,w:20},{x:15,y:29,l:3,w:25},{x:26,y:32,l:8,w:14},{x:15,y:32,l:6,w:11},],
----------------------- 17 ---------------------------
canvasWidth:40,
canvasHeight:40,
data:[{x:14,y:0,l:28,w:26},{x:0,y:0,l:28,w:14},{x:5,y:28,l:12,w:35},{x:0,y:28,l:11,w:5},],
----------------------- 18 ---------------------------
canvasWidth:40,
canvasHeight:40,
data:[{x:11,y:0,l:30,w:29},{x:3,y:0,l:30,w:8},{x:0,y:0,l:23,w:3},{x:16,y:30,l:10,w:24},{x:3,y:30,l:10,w:13},],
----------------------- 19 ---------------------------
canvasWidth:40,
canvasHeight:40,
data:[{x:22,y:0,l:27,w:18},{x:22,y:27,l:13,w:18},{x:0,y:0,l:33,w:22},{x:0,y:33,l:6,w:22},],
----------------------- 20 ---------------------------
canvasWidth:40,
canvasHeight:40,
data:[{x:9,y:0,l:27,w:31},{x:13,y:27,l:13,w:27},{x:0,y:0,l:32,w:9},{x:0,y:32,l:6,w:9},],
