====================================== Class_05.2bp-20 =====================================
Reduced size: 60 usedBin: 0
[4, 39]
[24, 29, 31, 42]
[14, 20]
[15, 18, 33, 50, 58, 59]
[5, 49, 52]
[22, 30, 40, 41, 47]
[11, 26, 48, 57]
[13, 16]
[2]
[12, 21, 56]
[10, 19]
[0]
[17, 28, 34, 45]
[1]
[3, 35, 53]
[9, 36, 44]
[23, 25, 27, 46]
[6, 37, 43, 51, 54]
[7, 32]
[8, 38, 55]
------------------------------------------------
Best fit used bin number: 20
Found best solution: 20 0.281

   Statrt add columnAndCut col: 20 cons: 0 cut: 0	0.343

	1 Start Add column using column generation  col: 20 cons: 0 cut: 0	0.343
			Start solve  LP :0.343
			End solve LP obj: 20.0 t: 0
	1 End Add column using column generation : 20.0 col: 20 cons: 0 cut: 0	0.343
   End add columnAndCut : 20.0 colGencnt: 1 price: 0 col: 20 cons: 0 cut: 0	0.343

Node lb: 20.0 ub: 20 : 0.343

Final Found Solution: 20 genNode: 1 extendedNode: 0:0.343
Bin size: 10000
1 : 6930,1395, : 8325
2 : 2759,2448,2418,1160, : 8785
3 : 4416,3124, : 7540
4 : 3534,3306,2223,418,102,44, : 9627
5 : 6853,460,216, : 7529
6 : 2961,2442,1225,1170,513, : 8311
7 : 5002,2664,507,130, : 8303
8 : 4524,3402, : 7926
9 : 7885, : 7885
10 : 4810,3069,155, : 8034
11 : 5700,3280, : 8980
12 : 9215, : 9215
13 : 3330,2499,1887,810, : 8526
14 : 8004, : 8004
15 : 7332,1782,180, : 9294
16 : 6278,1593,854, : 8725
17 : 2844,2695,2522,736, : 8797
18 : 6640,1580,1088,336,180, : 9824
19 : 6552,2268, : 8820
20 : 6480,1568,162, : 8210
----------------------- 1 ---------------------------
canvasWidth:100,
canvasHeight:100,
data:[{x:85,y:0,l:93,w:15},{x:8,y:0,l:90,w:77},],
----------------------- 2 ---------------------------
canvasWidth:100,
canvasHeight:100,
data:[{x:7,y:0,l:26,w:93},{x:71,y:26,l:40,w:29},{x:3,y:26,l:36,w:68},{x:11,y:66,l:31,w:89},],
----------------------- 3 ---------------------------
canvasWidth:100,
canvasHeight:100,
data:[{x:52,y:0,l:92,w:48},{x:8,y:0,l:71,w:44},],
----------------------- 4 ---------------------------
canvasWidth:100,
canvasHeight:100,
data:[{x:62,y:0,l:87,w:38},{x:62,y:87,l:11,w:38},{x:0,y:0,l:57,w:62},{x:5,y:57,l:39,w:57},{x:18,y:96,l:1,w:44},{x:28,y:97,l:3,w:34},],
----------------------- 5 ---------------------------
canvasWidth:100,
canvasHeight:100,
data:[{x:11,y:0,l:77,w:89},{x:1,y:0,l:46,w:10},{x:3,y:46,l:27,w:8},],
----------------------- 6 ---------------------------
canvasWidth:100,
canvasHeight:100,
data:[{x:53,y:0,l:63,w:47},{x:65,y:63,l:35,w:35},{x:16,y:0,l:66,w:37},{x:7,y:0,l:57,w:9},{x:14,y:66,l:30,w:39},],
----------------------- 7 ---------------------------
canvasWidth:100,
canvasHeight:100,
data:[{x:18,y:0,l:61,w:82},{x:28,y:61,l:37,w:72},{x:35,y:98,l:2,w:65},{x:5,y:0,l:39,w:13},],
----------------------- 8 ---------------------------
canvasWidth:100,
canvasHeight:100,
data:[{x:58,y:0,l:81,w:42},{x:0,y:0,l:78,w:58},],
----------------------- 9 ---------------------------
canvasWidth:100,
canvasHeight:100,
data:[{x:5,y:0,l:83,w:95},],
----------------------- 10 ---------------------------
canvasWidth:100,
canvasHeight:100,
data:[{x:67,y:0,l:93,w:33},{x:69,y:93,l:5,w:31},{x:0,y:0,l:74,w:65},],
----------------------- 11 ---------------------------
canvasWidth:100,
canvasHeight:100,
data:[{x:43,y:0,l:100,w:57},{x:2,y:0,l:80,w:41},],
----------------------- 12 ---------------------------
canvasWidth:100,
canvasHeight:100,
data:[{x:3,y:0,l:95,w:97},],
----------------------- 13 ---------------------------
canvasWidth:100,
canvasHeight:100,
data:[{x:55,y:0,l:74,w:45},{x:55,y:74,l:18,w:45},{x:4,y:0,l:49,w:51},{x:4,y:49,l:37,w:51},],
----------------------- 14 ---------------------------
canvasWidth:100,
canvasHeight:100,
data:[{x:8,y:0,l:87,w:92},],
----------------------- 15 ---------------------------
canvasWidth:100,
canvasHeight:100,
data:[{x:22,y:0,l:94,w:78},{x:0,y:0,l:81,w:22},{x:2,y:81,l:9,w:20},],
----------------------- 16 ---------------------------
canvasWidth:100,
canvasHeight:100,
data:[{x:14,y:0,l:73,w:86},{x:0,y:0,l:61,w:14},{x:41,y:73,l:27,w:59},],
----------------------- 17 ---------------------------
canvasWidth:100,
canvasHeight:100,
data:[{x:23,y:0,l:35,w:77},{x:0,y:0,l:32,w:23},{x:3,y:35,l:26,w:97},{x:21,y:61,l:36,w:79},],
----------------------- 18 ---------------------------
canvasWidth:100,
canvasHeight:100,
data:[{x:17,y:0,l:80,w:83},{x:21,y:80,l:20,w:79},{x:0,y:0,l:64,w:17},{x:1,y:64,l:21,w:16},{x:5,y:85,l:15,w:12},],
----------------------- 19 ---------------------------
canvasWidth:100,
canvasHeight:100,
data:[{x:28,y:0,l:91,w:72},{x:1,y:0,l:84,w:27},],
----------------------- 20 ---------------------------
canvasWidth:100,
canvasHeight:100,
data:[{x:84,y:0,l:98,w:16},{x:3,y:0,l:80,w:81},{x:0,y:0,l:54,w:3},],
