====================================== Class_03.2bp-29 =====================================
Reduced size: 60 usedBin: 0
[0, 38, 48, 52, 58]
[17, 20, 21]
[3, 30, 36]
[7, 18, 49, 51]
[8, 24, 57]
[5]
[6, 23, 37]
[14, 19, 45]
[4, 29, 44]
[10, 16, 42, 53]
[2, 35, 43, 50, 56]
[13, 32, 47, 54]
[11, 31, 33, 41, 55, 59]
[1, 26, 46]
[12, 27, 28, 40]
[22, 25]
[9]
[15, 34, 39]
------------------------------------------------
Best fit used bin number: 18
Found best solution: 18 0.266

   Statrt add columnAndCut col: 18 cons: 0 cut: 0	0.344

	1 Start Add column using column generation  col: 18 cons: 0 cut: 0	0.344
			Start solve  LP :0.344
			End solve LP obj: 18.0 t: 0
	1 End Add column using column generation : 18.0 col: 18 cons: 0 cut: 0	0.344
   End add columnAndCut : 18.0 colGencnt: 1 price: 0 col: 18 cons: 0 cut: 0	0.344

Node lb: 18.0 ub: 18 : 0.344

Final Found Solution: 18 genNode: 1 extendedNode: 0:0.344
Bin size: 1600
1 : 980,248,136,92,24, : 1480
2 : 540,500,455, : 1495
3 : 840,300,276, : 1416
4 : 782,527,105,99, : 1513
5 : 775,378,25, : 1178
6 : 816, : 816
7 : 800,390,272, : 1462
8 : 608,525,182, : 1315
9 : 837,308,192, : 1337
10 : 660,580,204,76, : 1520
11 : 918,280,192,102,60, : 1552
12 : 630,289,140,70, : 1129
13 : 650,294,286,210,68,20, : 1528
14 : 952,352,156, : 1460
15 : 638,340,323,220, : 1521
16 : 441,357, : 798
17 : 660, : 660
18 : 600,280,234, : 1114
----------------------- 1 ---------------------------
canvasWidth:40,
canvasHeight:40,
data:[{x:12,y:0,l:35,w:28},{x:4,y:0,l:31,w:8},{x:0,y:0,l:23,w:4},{x:6,y:35,l:4,w:34},{x:0,y:35,l:4,w:6},],
----------------------- 2 ---------------------------
canvasWidth:40,
canvasHeight:40,
data:[{x:13,y:0,l:20,w:27},{x:15,y:20,l:20,w:25},{x:0,y:0,l:35,w:13},],
----------------------- 3 ---------------------------
canvasWidth:40,
canvasHeight:40,
data:[{x:12,y:0,l:30,w:28},{x:0,y:0,l:23,w:12},{x:10,y:30,l:10,w:30},],
----------------------- 4 ---------------------------
canvasWidth:40,
canvasHeight:40,
data:[{x:17,y:0,l:34,w:23},{x:19,y:34,l:5,w:21},{x:0,y:0,l:31,w:17},{x:6,y:31,l:9,w:11},],
----------------------- 5 ---------------------------
canvasWidth:40,
canvasHeight:40,
data:[{x:15,y:0,l:31,w:25},{x:1,y:0,l:27,w:14},{x:0,y:0,l:25,w:1},],
----------------------- 6 ---------------------------
canvasWidth:40,
canvasHeight:40,
data:[{x:16,y:0,l:34,w:24},],
----------------------- 7 ---------------------------
canvasWidth:40,
canvasHeight:40,
data:[{x:15,y:0,l:32,w:25},{x:2,y:0,l:30,w:13},{x:6,y:32,l:8,w:34},],
----------------------- 8 ---------------------------
canvasWidth:40,
canvasHeight:40,
data:[{x:19,y:0,l:25,w:21},{x:27,y:25,l:14,w:13},{x:0,y:0,l:32,w:19},],
----------------------- 9 ---------------------------
canvasWidth:40,
canvasHeight:40,
data:[{x:9,y:0,l:27,w:31},{x:12,y:27,l:11,w:28},{x:1,y:0,l:24,w:8},],
----------------------- 10 ---------------------------
canvasWidth:40,
canvasHeight:40,
data:[{x:7,y:0,l:20,w:33},{x:11,y:20,l:20,w:29},{x:7,y:20,l:19,w:4},{x:1,y:0,l:34,w:6},],
----------------------- 11 ---------------------------
canvasWidth:40,
canvasHeight:40,
data:[{x:6,y:0,l:27,w:34},{x:12,y:27,l:10,w:28},{x:6,y:27,l:10,w:6},{x:6,y:37,l:3,w:34},{x:0,y:0,l:32,w:6},],
----------------------- 12 ---------------------------
canvasWidth:40,
canvasHeight:40,
data:[{x:10,y:0,l:21,w:30},{x:0,y:0,l:14,w:10},{x:0,y:14,l:7,w:10},{x:23,y:21,l:17,w:17},],
----------------------- 13 ---------------------------
canvasWidth:40,
canvasHeight:40,
data:[{x:14,y:0,l:25,w:26},{x:0,y:0,l:21,w:14},{x:9,y:21,l:4,w:5},{x:26,y:25,l:15,w:14},{x:0,y:25,l:11,w:26},{x:9,y:36,l:4,w:17},],
----------------------- 14 ---------------------------
canvasWidth:40,
canvasHeight:40,
data:[{x:6,y:0,l:28,w:34},{x:8,y:28,l:11,w:32},{x:0,y:0,l:26,w:6},],
----------------------- 15 ---------------------------
canvasWidth:40,
canvasHeight:40,
data:[{x:11,y:0,l:22,w:29},{x:0,y:0,l:20,w:11},{x:21,y:22,l:17,w:19},{x:1,y:22,l:17,w:20},],
----------------------- 16 ---------------------------
canvasWidth:40,
canvasHeight:40,
data:[{x:19,y:0,l:21,w:21},{x:2,y:0,l:21,w:17},],
----------------------- 17 ---------------------------
canvasWidth:40,
canvasHeight:40,
data:[{x:20,y:0,l:33,w:20},],
----------------------- 18 ---------------------------
canvasWidth:40,
canvasHeight:40,
data:[{x:30,y:0,l:28,w:10},{x:0,y:0,l:20,w:30},{x:4,y:20,l:9,w:26},],
