====================================== Class_08.2bp-27 =====================================
Reduced size: 60 usedBin: 0
[4, 18, 56]
[1, 36, 47, 54]
[19, 29, 38, 42]
[21, 22, 41, 46]
[5, 12]
[0, 20]
[13, 26, 43, 52]
[3, 28, 44]
[17, 31, 32, 45, 53, 58]
[14, 16, 35, 57]
[15, 24, 30, 51]
[8, 27, 37, 55, 59]
[2, 39, 48]
[9, 33, 34]
[10, 25, 40]
[6, 23, 49]
[7, 11, 50]
------------------------------------------------
Best fit used bin number: 17
Found best solution: 17 0.141

   Statrt add columnAndCut col: 17 cons: 0 cut: 0	0.203

	1 Start Add column using column generation  col: 17 cons: 0 cut: 0	0.203
			Start solve  LP :0.203
			End solve LP obj: 17.0 t: 0
	1 End Add column using column generation : 17.0 col: 17 cons: 0 cut: 0	0.203
   End add columnAndCut : 17.0 colGencnt: 1 price: 0 col: 17 cons: 0 cut: 0	0.203

Node lb: 17.0 ub: 17 : 0.203

Final Found Solution: 17 genNode: 1 extendedNode: 0:0.203
Bin size: 10000
1 : 5141,2926,222, : 8289
2 : 6630,1760,910,335, : 9635
3 : 2886,2352,1620,1343, : 8201
4 : 2808,2673,1404,980, : 7865
5 : 4600,3750, : 8350
6 : 6693,2852, : 9545
7 : 3645,2574,1328,630, : 8177
8 : 5440,2368,1260, : 9068
9 : 2992,2278,2208,1032,532,64, : 9106
10 : 3520,3196,1896,172, : 8784
11 : 3276,2639,2345,667, : 8927
12 : 4455,2370,1659,324,38, : 8846
13 : 6561,1620,792, : 8973
14 : 4029,2100,1911, : 8040
15 : 4015,2592,1474, : 8081
16 : 4560,2660,792, : 8012
17 : 4459,3936,700, : 9095
----------------------- 1 ---------------------------
canvasWidth:100,
canvasHeight:100,
data:[{x:47,y:0,l:97,w:53},{x:9,y:0,l:77,w:38},{x:26,y:97,l:3,w:74},],
----------------------- 2 ---------------------------
canvasWidth:100,
canvasHeight:100,
data:[{x:80,y:0,l:88,w:20},{x:2,y:0,l:85,w:78},{x:13,y:85,l:5,w:67},{x:9,y:90,l:10,w:91},],
----------------------- 3 ---------------------------
canvasWidth:100,
canvasHeight:100,
data:[{x:10,y:0,l:18,w:90},{x:16,y:18,l:28,w:84},{x:21,y:46,l:17,w:79},{x:22,y:63,l:37,w:78},],
----------------------- 4 ---------------------------
canvasWidth:100,
canvasHeight:100,
data:[{x:2,y:0,l:10,w:98},{x:19,y:10,l:33,w:81},{x:22,y:43,l:18,w:78},{x:28,y:61,l:39,w:72},],
----------------------- 5 ---------------------------
canvasWidth:100,
canvasHeight:100,
data:[{x:8,y:0,l:50,w:92},{x:25,y:50,l:50,w:75},],
----------------------- 6 ---------------------------
canvasWidth:100,
canvasHeight:100,
data:[{x:3,y:0,l:69,w:97},{x:8,y:69,l:31,w:92},],
----------------------- 7 ---------------------------
canvasWidth:100,
canvasHeight:100,
data:[{x:19,y:0,l:45,w:81},{x:5,y:0,l:45,w:14},{x:17,y:45,l:16,w:83},{x:34,y:61,l:39,w:66},],
----------------------- 8 ---------------------------
canvasWidth:100,
canvasHeight:100,
data:[{x:20,y:0,l:68,w:80},{x:26,y:68,l:32,w:74},{x:0,y:0,l:90,w:14},],
----------------------- 9 ---------------------------
canvasWidth:100,
canvasHeight:100,
data:[{x:12,y:0,l:34,w:88},{x:31,y:34,l:32,w:69},{x:12,y:34,l:28,w:19},{x:15,y:62,l:4,w:16},{x:33,y:66,l:34,w:67},{x:0,y:0,l:86,w:12},],
----------------------- 10 ---------------------------
canvasWidth:100,
canvasHeight:100,
data:[{x:6,y:0,l:34,w:94},{x:12,y:34,l:40,w:88},{x:14,y:74,l:2,w:86},{x:21,y:76,l:24,w:79},],
----------------------- 11 ---------------------------
canvasWidth:100,
canvasHeight:100,
data:[{x:9,y:0,l:36,w:91},{x:9,y:36,l:29,w:91},{x:33,y:65,l:35,w:67},{x:4,y:65,l:23,w:29},],
----------------------- 12 ---------------------------
canvasWidth:100,
canvasHeight:100,
data:[{x:1,y:0,l:45,w:99},{x:0,y:0,l:38,w:1},{x:19,y:45,l:4,w:81},{x:21,y:49,l:30,w:79},{x:21,y:79,l:21,w:79},],
----------------------- 13 ---------------------------
canvasWidth:100,
canvasHeight:100,
data:[{x:19,y:0,l:81,w:81},{x:7,y:0,l:66,w:12},{x:10,y:81,l:18,w:90},],
----------------------- 14 ---------------------------
canvasWidth:100,
canvasHeight:100,
data:[{x:0,y:0,l:21,w:100},{x:49,y:21,l:79,w:51},{x:0,y:21,l:39,w:49},],
----------------------- 15 ---------------------------
canvasWidth:100,
canvasHeight:100,
data:[{x:4,y:0,l:27,w:96},{x:45,y:27,l:73,w:55},{x:23,y:27,l:67,w:22},],
----------------------- 16 ---------------------------
canvasWidth:100,
canvasHeight:100,
data:[{x:1,y:0,l:8,w:99},{x:20,y:8,l:57,w:80},{x:24,y:65,l:35,w:76},],
----------------------- 17 ---------------------------
canvasWidth:100,
canvasHeight:100,
data:[{x:4,y:0,l:41,w:96},{x:9,y:41,l:49,w:91},{x:30,y:90,l:10,w:70},],
