====================================== Class_05.2bp-32 =====================================
Reduced size: 80 usedBin: 0
[3, 41, 71]
[26, 40, 46, 51, 67, 74]
[15, 30, 42, 59, 76, 77]
[16, 39, 44, 50, 56]
[20, 32, 34, 61, 62, 73, 78]
[0, 64]
[13, 52]
[4, 48, 60]
[19, 21, 47, 63]
[18, 29, 65]
[22, 25, 45, 55, 79]
[6, 66]
[11, 38, 75]
[23, 35, 49]
[12, 37]
[5, 43, 72]
[10, 36, 70]
[9]
[2, 53]
[7, 33]
[8]
[1]
[14, 54, 68]
[17, 28, 57, 58, 69]
[24, 27, 31]
------------------------------------------------
Best fit used bin number: 25
Found best solution: 25 0.266

   Statrt add columnAndCut col: 25 cons: 0 cut: 0	0.344

	1 Start Add column using column generation  col: 25 cons: 0 cut: 0	0.344
			Start solve  LP :0.344
			End solve LP obj: 25.0 t: 0
com.wlj.solver.BBSolver:
--------------------------------------- Price Problem Start --------------------------------------------------------
dualPrice.size = 80 , dualPrice = [1.0, 1.0, 1.0, 1.0, 1.0, 1.0, 1.0, 1.0, 1.0, 1.0, 1.0, 1.0, 1.0, 1.0, 1.0, 1.0, 1.0, 1.0, 1.0, 1.0, 1.0, -0.0, 1.0, 1.0, 1.0, -0.0, 1.0, -0.0, -0.0, -0.0, -0.0, -0.0, -0.0, -0.0, -0.0, -0.0, -0.0, -0.0, -0.0, -0.0, -0.0, -0.0, -0.0, -0.0, -0.0, -0.0, -0.0, -0.0, -0.0, -0.0, -0.0, -0.0, -0.0, -0.0, -0.0, -0.0, -0.0, -0.0, -0.0, -0.0, -0.0, -0.0, -0.0, -0.0, -0.0, -0.0, -0.0, -0.0, -0.0, -0.0, -0.0, -0.0, -0.0, -0.0, -0.0, -0.0, -0.0, -0.0, -0.0, -0.0]
			Active cut size: 0
W = 98 
H = 100
normalXList.size = 4
normalYList.size = 7
xList.size = 3
yList.size = 6
squareList.size = 25
myConsList.size = 0
当前上界 = 2.0
最优解：2.0
solutionList.size() = 8
pattern.getKey() = 19@26@
用时：0.016 s
--------------------------------------- Price Problem End --------------------------------------------------------
		1 Add column : 1 col:25 	0.36
			Start solve  LP :0.36
			End solve LP obj: 25.0 t: 0
com.wlj.solver.BBSolver:
--------------------------------------- Price Problem Start --------------------------------------------------------
dualPrice.size = 80 , dualPrice = [1.0, 1.0, 1.0, 1.0, 1.0, 1.0, 1.0, 1.0, 1.0, 1.0, 1.0, 1.0, 1.0, 1.0, 1.0, 1.0, 1.0, 1.0, 1.0, 0.0, 1.0, 1.0, 1.0, 1.0, 1.0, -0.0, 1.0, -0.0, -0.0, -0.0, -0.0, -0.0, -0.0, -0.0, -0.0, -0.0, -0.0, -0.0, -0.0, -0.0, -0.0, -0.0, -0.0, -0.0, -0.0, -0.0, -0.0, -0.0, -0.0, -0.0, -0.0, -0.0, -0.0, -0.0, -0.0, -0.0, -0.0, -0.0, -0.0, -0.0, -0.0, -0.0, -0.0, -0.0, -0.0, -0.0, -0.0, -0.0, -0.0, -0.0, -0.0, -0.0, -0.0, -0.0, -0.0, -0.0, -0.0, -0.0, -0.0, -0.0]
			Active cut size: 0
W = 98 
H = 100
normalXList.size = 4
normalYList.size = 6
xList.size = 3
yList.size = 5
squareList.size = 25
myConsList.size = 0
当前上界 = 2.0
最优解：2.0
solutionList.size() = 8
pattern.getKey() = 21@26@
用时：0.0 s
--------------------------------------- Price Problem End --------------------------------------------------------
		2 Add column : 1 col:26 	0.36
			Start solve  LP :0.36
			End solve LP obj: 25.0 t: 0
com.wlj.solver.BBSolver:
--------------------------------------- Price Problem Start --------------------------------------------------------
dualPrice.size = 80 , dualPrice = [1.0, 1.0, 1.0, 1.0, 1.0, 1.0, 1.0, 1.0, 1.0, 1.0, 1.0, 1.0, 1.0, 1.0, 1.0, 1.0, 1.0, 1.0, 1.0, 0.5, 1.0, 0.5, 1.0, 1.0, 1.0, -0.0, 0.5, -0.0, -0.0, -0.0, -0.0, -0.0, -0.0, -0.0, -0.0, -0.0, -0.0, -0.0, -0.0, -0.0, 0.5, -0.0, -0.0, -0.0, -0.0, -0.0, -0.0, -0.0, -0.0, -0.0, -0.0, -0.0, -0.0, -0.0, -0.0, -0.0, -0.0, -0.0, -0.0, -0.0, -0.0, -0.0, -0.0, -0.0, -0.0, -0.0, -0.0, -0.0, -0.0, -0.0, -0.0, -0.0, -0.0, -0.0, -0.0, -0.0, -0.0, -0.0, -0.0, -0.0]
			Active cut size: 0
W = 98 
H = 100
normalXList.size = 9
normalYList.size = 8
xList.size = 5
yList.size = 6
squareList.size = 27
myConsList.size = 0
当前上界 = 2.5
当前上界 = 2.4
当前上界 = 2.3
当前上界 = 2.1999999999999997
当前上界 = 2.0999999999999996
当前上界 = 1.9999999999999996
最优解：2.0
solutionList.size() = 2
pattern.getKey() = 12@24@
用时：0.0 s
--------------------------------------- Price Problem End --------------------------------------------------------
		3 Add column : 1 col:27 	0.36
			Start solve  LP :0.36
			End solve LP obj: 25.0 t: 15
com.wlj.solver.BBSolver:
--------------------------------------- Price Problem Start --------------------------------------------------------
dualPrice.size = 80 , dualPrice = [1.0, 1.0, 1.0, 1.0, 1.0, 1.0, 1.0, 1.0, 1.0, 1.0, 1.0, 1.0, 1.0, 1.0, 1.0, 1.0, 1.0, 1.0, 1.0, 0.5, 1.0, 0.5, 1.0, 1.0, 0.0, -0.0, 0.5, 1.0, -0.0, -0.0, -0.0, -0.0, -0.0, -0.0, -0.0, -0.0, -0.0, -0.0, -0.0, -0.0, 0.5, -0.0, -0.0, -0.0, -0.0, -0.0, -0.0, -0.0, -0.0, -0.0, -0.0, -0.0, -0.0, -0.0, -0.0, -0.0, -0.0, -0.0, -0.0, -0.0, -0.0, -0.0, -0.0, -0.0, -0.0, -0.0, -0.0, -0.0, -0.0, -0.0, -0.0, -0.0, -0.0, -0.0, -0.0, -0.0, -0.0, -0.0, -0.0, -0.0]
			Active cut size: 0
W = 98 
H = 100
normalXList.size = 9
normalYList.size = 8
xList.size = 5
yList.size = 6
squareList.size = 27
myConsList.size = 0
当前上界 = 2.5
当前上界 = 2.4
当前上界 = 2.3
当前上界 = 2.1999999999999997
当前上界 = 2.0999999999999996
当前上界 = 1.9999999999999996
最优解：2.0
solutionList.size() = 2
pattern.getKey() = 12@27@
用时：0.0 s
--------------------------------------- Price Problem End --------------------------------------------------------
		4 Add column : 1 col:28 	0.375
			Start solve  LP :0.375
			End solve LP obj: 25.0 t: 0
com.wlj.solver.BBSolver:
--------------------------------------- Price Problem Start --------------------------------------------------------
dualPrice.size = 80 , dualPrice = [1.0, 1.0, 1.0, 1.0, 1.0, 1.0, 1.0, 1.0, 1.0, 1.0, 1.0, 1.0, 0.5, 1.0, 1.0, 1.0, 1.0, 1.0, 1.0, 0.5, 1.0, 0.5, 1.0, 1.0, 0.5, -0.0, 0.5, 0.5, -0.0, -0.0, -0.0, -0.0, -0.0, -0.0, -0.0, -0.0, -0.0, 0.5, -0.0, -0.0, 0.5, -0.0, -0.0, -0.0, -0.0, -0.0, -0.0, -0.0, -0.0, -0.0, -0.0, -0.0, -0.0, -0.0, -0.0, -0.0, -0.0, -0.0, -0.0, -0.0, -0.0, -0.0, -0.0, -0.0, -0.0, -0.0, -0.0, -0.0, -0.0, -0.0, -0.0, -0.0, -0.0, -0.0, -0.0, -0.0, -0.0, -0.0, -0.0, -0.0]
			Active cut size: 0
W = 100 
H = 100
normalXList.size = 10
normalYList.size = 9
xList.size = 7
yList.size = 7
squareList.size = 29
myConsList.size = 0
当前上界 = 2.5
当前上界 = 2.4
当前上界 = 2.3
当前上界 = 2.1999999999999997
当前上界 = 2.0999999999999996
当前上界 = 1.9999999999999996
最优解：2.0
solutionList.size() = 1
pattern.getKey() = 15@17@
用时：0.0 s
--------------------------------------- Price Problem End --------------------------------------------------------
		5 Add column : 1 col:29 	0.375
			Start solve  LP :0.375
			End solve LP obj: 25.0 t: 0
com.wlj.solver.BBSolver:
--------------------------------------- Price Problem Start --------------------------------------------------------
dualPrice.size = 80 , dualPrice = [1.0, 1.0, 1.0, 1.0, 1.0, 1.0, 1.0, 1.0, 1.0, 1.0, 1.0, 1.0, 0.5, 1.0, 1.0, 1.0, 1.0, 0.0, 1.0, 0.5, 1.0, 0.5, 1.0, 1.0, 0.5, -0.0, 0.5, 0.5, 1.0, -0.0, -0.0, -0.0, -0.0, -0.0, -0.0, -0.0, -0.0, 0.5, -0.0, -0.0, 0.5, -0.0, -0.0, -0.0, -0.0, -0.0, -0.0, -0.0, -0.0, -0.0, -0.0, -0.0, -0.0, -0.0, -0.0, -0.0, -0.0, -0.0, -0.0, -0.0, -0.0, -0.0, -0.0, -0.0, -0.0, -0.0, -0.0, -0.0, -0.0, -0.0, -0.0, -0.0, -0.0, -0.0, -0.0, -0.0, -0.0, -0.0, -0.0, -0.0]
			Active cut size: 0
W = 100 
H = 100
normalXList.size = 10
normalYList.size = 9
xList.size = 7
yList.size = 7
squareList.size = 29
myConsList.size = 0
当前上界 = 2.5
当前上界 = 2.4
当前上界 = 2.3
当前上界 = 2.1999999999999997
当前上界 = 2.0999999999999996
当前上界 = 1.9999999999999996
最优解：2.0
solutionList.size() = 1
pattern.getKey() = 15@28@
用时：0.0 s
--------------------------------------- Price Problem End --------------------------------------------------------
		6 Add column : 1 col:30 	0.375
			Start solve  LP :0.375
			End solve LP obj: 25.0 t: 0
com.wlj.solver.BBSolver:
--------------------------------------- Price Problem Start --------------------------------------------------------
dualPrice.size = 80 , dualPrice = [1.0, 1.0, 1.0, 1.0, 1.0, 1.0, 1.0, 1.0, 1.0, 1.0, 1.0, 1.0, 0.5, 1.0, 1.0, 0.5, 1.0, 0.5, 1.0, 0.5, 1.0, 0.5, 1.0, 1.0, 0.5, -0.0, 0.5, 0.5, 0.5, -0.0, 0.5, -0.0, -0.0, -0.0, -0.0, -0.0, -0.0, 0.5, -0.0, -0.0, 0.5, -0.0, -0.0, -0.0, -0.0, -0.0, -0.0, -0.0, -0.0, -0.0, -0.0, -0.0, -0.0, -0.0, -0.0, -0.0, -0.0, -0.0, -0.0, -0.0, -0.0, -0.0, -0.0, -0.0, -0.0, -0.0, -0.0, -0.0, -0.0, -0.0, -0.0, -0.0, -0.0, -0.0, -0.0, -0.0, -0.0, -0.0, -0.0, -0.0]
			Active cut size: 0
W = 100 
H = 100
normalXList.size = 11
normalYList.size = 9
xList.size = 7
yList.size = 7
squareList.size = 31
myConsList.size = 0
当前上界 = 2.5
当前上界 = 2.4
当前上界 = 2.3
当前上界 = 2.1999999999999997
当前上界 = 2.0999999999999996
当前上界 = 1.9999999999999996
当前上界 = 1.8999999999999995
当前上界 = 1.7999999999999994
当前上界 = 1.6999999999999993
当前上界 = 1.5999999999999992
当前上界 = 1.4999999999999991
最优解：1.5
solutionList.size() = 9
pattern.getKey() = 22@37@
用时：0.016 s
--------------------------------------- Price Problem End --------------------------------------------------------
		7 Add column : 1 col:31 	0.391
			Start solve  LP :0.391
			End solve LP obj: 25.0 t: 0
com.wlj.solver.BBSolver:
--------------------------------------- Price Problem Start --------------------------------------------------------
dualPrice.size = 80 , dualPrice = [1.0, 1.0, 1.0, 1.0, 1.0, 1.0, 1.0, 1.0, 1.0, 1.0, 1.0, 1.0, 0.5, 1.0, 1.0, 0.5, 1.0, 0.5, 1.0, 0.5, 1.0, 0.5, 0.5, 1.0, 0.5, 0.5, 0.5, 0.5, 0.5, -0.0, 0.5, -0.0, -0.0, -0.0, -0.0, -0.0, -0.0, 0.5, -0.0, -0.0, 0.5, -0.0, -0.0, -0.0, -0.0, -0.0, -0.0, -0.0, -0.0, -0.0, -0.0, -0.0, -0.0, -0.0, -0.0, -0.0, -0.0, -0.0, -0.0, -0.0, -0.0, -0.0, -0.0, -0.0, -0.0, -0.0, -0.0, -0.0, -0.0, -0.0, -0.0, -0.0, -0.0, -0.0, -0.0, -0.0, -0.0, -0.0, -0.0, -0.0]
			Active cut size: 0
W = 100 
H = 100
normalXList.size = 11
normalYList.size = 9
xList.size = 7
yList.size = 7
squareList.size = 32
myConsList.size = 0
当前上界 = 2.5
当前上界 = 2.4
当前上界 = 2.3
当前上界 = 2.1999999999999997
当前上界 = 2.0999999999999996
当前上界 = 1.9999999999999996
当前上界 = 1.8999999999999995
当前上界 = 1.7999999999999994
当前上界 = 1.6999999999999993
当前上界 = 1.5999999999999992
当前上界 = 1.4999999999999991
最优解：1.5
solutionList.size() = 9
pattern.getKey() = 20@25@
用时：0.0 s
--------------------------------------- Price Problem End --------------------------------------------------------
		8 Add column : 1 col:32 	0.391
			Start solve  LP :0.391
			End solve LP obj: 25.0 t: 0
com.wlj.solver.BBSolver:
--------------------------------------- Price Problem Start --------------------------------------------------------
dualPrice.size = 80 , dualPrice = [1.0, 1.0, 1.0, 1.0, 1.0, 1.0, 1.0, 1.0, 1.0, 1.0, 1.0, 1.0, 0.5, 1.0, 1.0, 0.5, 1.0, 0.5, 1.0, 0.5, 0.5, 0.5, 0.5, 1.0, 0.5, 0.5, 0.5, 0.5, 0.5, -0.0, 0.5, -0.0, 0.5, -0.0, -0.0, -0.0, -0.0, 0.5, -0.0, -0.0, 0.5, -0.0, -0.0, -0.0, -0.0, -0.0, -0.0, -0.0, -0.0, -0.0, -0.0, -0.0, -0.0, -0.0, -0.0, -0.0, -0.0, -0.0, -0.0, -0.0, -0.0, -0.0, -0.0, -0.0, -0.0, -0.0, -0.0, -0.0, -0.0, -0.0, -0.0, -0.0, -0.0, -0.0, -0.0, -0.0, -0.0, -0.0, -0.0, -0.0]
			Active cut size: 0
W = 100 
H = 100
normalXList.size = 11
normalYList.size = 9
xList.size = 7
yList.size = 7
squareList.size = 33
myConsList.size = 0
当前上界 = 2.5
当前上界 = 2.4
当前上界 = 2.3
当前上界 = 2.1999999999999997
当前上界 = 2.0999999999999996
当前上界 = 1.9999999999999996
当前上界 = 1.8999999999999995
当前上界 = 1.7999999999999994
当前上界 = 1.6999999999999993
当前上界 = 1.5999999999999992
当前上界 = 1.4999999999999991
最优解：1.5
solutionList.size() = 7
pattern.getKey() = 18@25@
用时：0.0 s
--------------------------------------- Price Problem End --------------------------------------------------------
		9 Add column : 1 col:33 	0.391
			Start solve  LP :0.391
			End solve LP obj: 25.0 t: 0
com.wlj.solver.BBSolver:
--------------------------------------- Price Problem Start --------------------------------------------------------
dualPrice.size = 80 , dualPrice = [1.0, 1.0, 1.0, 1.0, 1.0, 1.0, 1.0, 1.0, 1.0, 1.0, 1.0, 1.0, 0.5, 1.0, 1.0, 0.5, 1.0, 0.5, 0.5, 0.5, 0.5, 0.5, 0.5, 1.0, 0.5, 0.5, 0.5, 0.5, 0.5, 0.5, 0.5, -0.0, 0.5, -0.0, -0.0, -0.0, -0.0, 0.5, -0.0, -0.0, 0.5, -0.0, -0.0, -0.0, -0.0, -0.0, -0.0, -0.0, -0.0, -0.0, -0.0, -0.0, -0.0, -0.0, -0.0, -0.0, -0.0, -0.0, -0.0, -0.0, -0.0, -0.0, -0.0, -0.0, -0.0, -0.0, -0.0, -0.0, -0.0, -0.0, -0.0, -0.0, -0.0, -0.0, -0.0, -0.0, -0.0, -0.0, -0.0, -0.0]
			Active cut size: 0
W = 100 
H = 100
normalXList.size = 12
normalYList.size = 9
xList.size = 9
yList.size = 7
squareList.size = 34
myConsList.size = 0
当前上界 = 2.5
当前上界 = 2.4
当前上界 = 2.3
当前上界 = 2.1999999999999997
当前上界 = 2.0999999999999996
当前上界 = 1.9999999999999996
当前上界 = 1.8999999999999995
当前上界 = 1.7999999999999994
当前上界 = 1.6999999999999993
当前上界 = 1.5999999999999992
当前上界 = 1.4999999999999991
最优解：1.5
solutionList.size() = 3
pattern.getKey() = 23@40@
用时：0.016 s
--------------------------------------- Price Problem End --------------------------------------------------------
		10 Add column : 1 col:34 	0.407
			Start solve  LP :0.407
			End solve LP obj: 25.0 t: 0
com.wlj.solver.BBSolver:
--------------------------------------- Price Problem Start --------------------------------------------------------
dualPrice.size = 80 , dualPrice = [1.0, 1.0, 1.0, 1.0, 1.0, 1.0, 1.0, 1.0, 1.0, 1.0, 1.0, 1.0, 0.5, 1.0, 1.0, 0.5, 1.0, 0.5, 0.5, 0.5, 0.5, 0.5, 0.5, 0.5, 0.5, 0.5, 0.5, 0.5, 0.5, 0.5, 0.5, -0.0, 0.5, -0.0, -0.0, 0.5, -0.0, 0.5, -0.0, -0.0, 0.5, -0.0, -0.0, -0.0, -0.0, -0.0, -0.0, -0.0, -0.0, -0.0, -0.0, -0.0, -0.0, -0.0, -0.0, -0.0, -0.0, -0.0, -0.0, -0.0, -0.0, -0.0, -0.0, -0.0, -0.0, -0.0, -0.0, -0.0, -0.0, -0.0, -0.0, -0.0, -0.0, -0.0, -0.0, -0.0, -0.0, -0.0, -0.0, -0.0]
			Active cut size: 0
W = 100 
H = 100
normalXList.size = 14
normalYList.size = 9
xList.size = 11
yList.size = 7
squareList.size = 35
myConsList.size = 0
当前上界 = 2.0
当前上界 = 1.9333333333333333
当前上界 = 1.8666666666666667
当前上界 = 1.8
当前上界 = 1.7333333333333334
当前上界 = 1.6666666666666667
当前上界 = 1.6
当前上界 = 1.5333333333333334
当前上界 = 1.4666666666666668
最优解：1.5
solutionList.size() = 4
pattern.getKey() = 14@26@
用时：0.0 s
--------------------------------------- Price Problem End --------------------------------------------------------
		11 Add column : 1 col:35 	0.407
			Start solve  LP :0.407
			End solve LP obj: 25.0 t: 0
com.wlj.solver.BBSolver:
--------------------------------------- Price Problem Start --------------------------------------------------------
dualPrice.size = 80 , dualPrice = [1.0, 1.0, 1.0, 1.0, 1.0, 1.0, 1.0, 1.0, 1.0, 1.0, 1.0, 1.0, 0.5, 1.0, 1.0, 0.5, 1.0, 0.5, 0.5, 0.0, 0.5, 1.0, 0.5, 0.0, 0.5, 0.5, 0.0, 0.5, 0.5, 0.5, 0.5, -0.0, 0.5, -0.0, -0.0, 1.0, -0.0, 0.5, -0.0, -0.0, 1.0, -0.0, -0.0, -0.0, -0.0, -0.0, -0.0, -0.0, -0.0, -0.0, -0.0, -0.0, -0.0, -0.0, -0.0, -0.0, -0.0, -0.0, -0.0, -0.0, -0.0, -0.0, -0.0, -0.0, -0.0, -0.0, -0.0, -0.0, -0.0, -0.0, -0.0, -0.0, -0.0, -0.0, -0.0, -0.0, -0.0, -0.0, -0.0, -0.0]
			Active cut size: 0
W = 100 
H = 100
normalXList.size = 13
normalYList.size = 5
xList.size = 9
yList.size = 3
squareList.size = 32
myConsList.size = 0
当前上界 = 3.5
当前上界 = 3.3333333333333335
当前上界 = 3.166666666666667
当前上界 = 3.0000000000000004
当前上界 = 2.833333333333334
当前上界 = 2.6666666666666674
当前上界 = 2.500000000000001
当前上界 = 2.3333333333333344
当前上界 = 2.166666666666668
当前上界 = 2.0000000000000013
最优解：2.0
solutionList.size() = 3
pattern.getKey() = 35@40@
用时：0.0 s
--------------------------------------- Price Problem End --------------------------------------------------------
		12 Add column : 1 col:36 	0.407
			Start solve  LP :0.407
			End solve LP obj: 25.0 t: 0
com.wlj.solver.BBSolver:
--------------------------------------- Price Problem Start --------------------------------------------------------
dualPrice.size = 80 , dualPrice = [1.0, 1.0, 1.0, 1.0, 1.0, 1.0, 1.0, 1.0, 1.0, 1.0, 1.0, 1.0, 0.5, 1.0, 1.0, 0.5, 1.0, 0.5, 0.5, 0.0, 0.5, 1.0, 0.5, 0.5, 0.5, 0.5, 0.0, 0.5, 0.5, 0.5, 0.5, -0.0, 0.5, -0.0, -0.0, 0.5, -0.0, 0.5, -0.0, -0.0, 0.5, -0.0, -0.0, -0.0, -0.0, -0.0, 0.5, -0.0, -0.0, -0.0, -0.0, -0.0, -0.0, -0.0, -0.0, -0.0, -0.0, -0.0, -0.0, -0.0, -0.0, -0.0, -0.0, -0.0, -0.0, -0.0, -0.0, -0.0, -0.0, -0.0, -0.0, -0.0, -0.0, -0.0, -0.0, -0.0, -0.0, -0.0, -0.0, -0.0]
			Active cut size: 0
W = 100 
H = 100
normalXList.size = 34
normalYList.size = 5
xList.size = 16
yList.size = 3
squareList.size = 34
myConsList.size = 0
当前上界 = 2.5
当前上界 = 2.4
当前上界 = 2.3
当前上界 = 2.1999999999999997
当前上界 = 2.0999999999999996
当前上界 = 1.9999999999999996
最优解：2.0
solutionList.size() = 3
pattern.getKey() = 21@27@46@
用时：0.0 s
--------------------------------------- Price Problem End --------------------------------------------------------
		13 Add column : 1 col:37 	0.407
			Start solve  LP :0.407
			End solve LP obj: 25.0 t: 0
com.wlj.solver.BBSolver:
--------------------------------------- Price Problem Start --------------------------------------------------------
dualPrice.size = 80 , dualPrice = [1.0, 1.0, 1.0, 1.0, 1.0, 1.0, 1.0, 1.0, 1.0, 1.0, 1.0, 1.0, 0.5, 1.0, 1.0, 0.5, 1.0, 0.5, 0.5, 1.0, 0.5, 0.0, 0.5, 0.5, 0.5, 0.5, 0.0, 0.5, 0.5, 0.5, 0.5, -0.0, 0.5, -0.0, -0.0, 0.5, -0.0, 0.5, -0.0, -0.0, 0.5, -0.0, -0.0, -0.0, -0.0, -0.0, 0.5, -0.0, -0.0, -0.0, -0.0, -0.0, -0.0, -0.0, -0.0, -0.0, -0.0, -0.0, -0.0, -0.0, -0.0, -0.0, -0.0, -0.0, -0.0, -0.0, -0.0, -0.0, -0.0, -0.0, -0.0, -0.0, -0.0, -0.0, -0.0, -0.0, -0.0, -0.0, -0.0, -0.0]
			Active cut size: 0
W = 100 
H = 100
normalXList.size = 34
normalYList.size = 6
xList.size = 16
yList.size = 5
squareList.size = 34
myConsList.size = 0
当前上界 = 2.5
当前上界 = 2.4
当前上界 = 2.3
当前上界 = 2.1999999999999997
当前上界 = 2.0999999999999996
当前上界 = 1.9999999999999996
最优解：2.0
solutionList.size() = 2
pattern.getKey() = 19@27@46@
用时：0.015 s
--------------------------------------- Price Problem End --------------------------------------------------------
		14 Add column : 1 col:38 	0.422
			Start solve  LP :0.422
			End solve LP obj: 25.0 t: 0
com.wlj.solver.BBSolver:
--------------------------------------- Price Problem Start --------------------------------------------------------
dualPrice.size = 80 , dualPrice = [1.0, 1.0, 1.0, 1.0, 1.0, 1.0, 1.0, 1.0, 1.0, 1.0, 1.0, 1.0, 0.0, 1.0, 1.0, 0.5, 1.0, 0.5, 0.0, 0.5, 0.0, 0.5, 0.0, 0.5, 1.0, 1.0, 0.0, 0.0, 0.5, 1.0, 0.5, -0.0, 1.0, -0.0, -0.0, 0.5, -0.0, 1.0, -0.0, -0.0, 0.5, -0.0, -0.0, -0.0, -0.0, -0.0, 0.5, -0.0, -0.0, -0.0, -0.0, -0.0, -0.0, -0.0, -0.0, -0.0, -0.0, -0.0, -0.0, -0.0, -0.0, -0.0, -0.0, -0.0, -0.0, -0.0, -0.0, -0.0, -0.0, -0.0, -0.0, -0.0, -0.0, -0.0, -0.0, -0.0, -0.0, -0.0, -0.0, -0.0]
			Active cut size: 0
W = 100 
H = 100
normalXList.size = 31
normalYList.size = 5
xList.size = 14
yList.size = 5
squareList.size = 30
myConsList.size = 0
当前上界 = 3.5
当前上界 = 3.3333333333333335
当前上界 = 3.166666666666667
当前上界 = 3.0000000000000004
当前上界 = 2.833333333333334
当前上界 = 2.6666666666666674
当前上界 = 2.500000000000001
最优解：2.5
solutionList.size() = 4
pattern.getKey() = 24@37@46@
用时：0.0 s
--------------------------------------- Price Problem End --------------------------------------------------------
		15 Add column : 1 col:39 	0.422
			Start solve  LP :0.422
			End solve LP obj: 25.0 t: 0
com.wlj.solver.BBSolver:
--------------------------------------- Price Problem Start --------------------------------------------------------
dualPrice.size = 80 , dualPrice = [1.0, 1.0, 1.0, 1.0, 1.0, 1.0, 1.0, 1.0, 1.0, 1.0, 1.0, 1.0, 0.5, 1.0, 1.0, 0.5, 1.0, 0.5, 0.5, 0.5, 0.5, 0.5, 0.5, 0.5, 0.5, 0.5, 0.0, 0.5, 0.5, 0.5, 0.5, -0.0, 0.5, -0.0, -0.0, 0.5, -0.0, 0.5, -0.0, -0.0, 0.5, -0.0, -0.0, -0.0, -0.0, -0.0, 0.0, -0.0, -0.0, -0.0, -0.0, 0.5, -0.0, -0.0, -0.0, -0.0, -0.0, -0.0, -0.0, -0.0, -0.0, -0.0, -0.0, -0.0, -0.0, -0.0, -0.0, -0.0, -0.0, -0.0, -0.0, -0.0, -0.0, -0.0, -0.0, -0.0, -0.0, -0.0, -0.0, -0.0]
			Active cut size: 0
W = 100 
H = 100
normalXList.size = 35
normalYList.size = 6
xList.size = 13
yList.size = 5
squareList.size = 35
myConsList.size = 0
当前上界 = 2.5
当前上界 = 2.4
当前上界 = 2.3
当前上界 = 2.1999999999999997
当前上界 = 2.0999999999999996
当前上界 = 1.9999999999999996
当前上界 = 1.8999999999999995
当前上界 = 1.7999999999999994
当前上界 = 1.6999999999999993
当前上界 = 1.5999999999999992
当前上界 = 1.4999999999999991
最优解：1.5
solutionList.size() = 42
pattern.getKey() = 30@35@51@
用时：0.0 s
--------------------------------------- Price Problem End --------------------------------------------------------
		16 Add column : 1 col:40 	0.422
			Start solve  LP :0.422
			End solve LP obj: 25.0 t: 0
com.wlj.solver.BBSolver:
--------------------------------------- Price Problem Start --------------------------------------------------------
dualPrice.size = 80 , dualPrice = [1.0, 1.0, 1.0, 1.0, 1.0, 1.0, 1.0, 1.0, 1.0, 1.0, 1.0, 1.0, 0.5, 1.0, 1.0, 0.5, 1.0, 0.5, 0.5, 0.5, 0.5, 0.5, 0.5, 0.5, 0.5, 0.5, 0.0, 0.5, 0.5, 0.5, 0.0, -0.0, 0.5, -0.0, -0.0, 0.5, -0.0, 0.5, -0.0, -0.0, 0.5, -0.0, 0.5, -0.0, -0.0, -0.0, 0.0, -0.0, -0.0, -0.0, -0.0, 0.5, -0.0, -0.0, -0.0, -0.0, -0.0, -0.0, -0.0, -0.0, -0.0, -0.0, -0.0, -0.0, -0.0, -0.0, -0.0, -0.0, -0.0, -0.0, -0.0, -0.0, -0.0, -0.0, -0.0, -0.0, -0.0, -0.0, -0.0, -0.0]
			Active cut size: 0
W = 100 
H = 100
normalXList.size = 35
normalYList.size = 19
xList.size = 13
yList.size = 7
squareList.size = 35
myConsList.size = 0
当前上界 = 2.5
当前上界 = 2.4
当前上界 = 2.3
当前上界 = 2.1999999999999997
当前上界 = 2.0999999999999996
当前上界 = 1.9999999999999996
最优解：2.0
solutionList.size() = 14
pattern.getKey() = 14@42@51@
用时：0.0 s
--------------------------------------- Price Problem End --------------------------------------------------------
		17 Add column : 1 col:41 	0.422
			Start solve  LP :0.422
			End solve LP obj: 25.0 t: 0
com.wlj.solver.BBSolver:
--------------------------------------- Price Problem Start --------------------------------------------------------
dualPrice.size = 80 , dualPrice = [1.0, 1.0, 1.0, 1.0, 1.0, 1.0, 1.0, 1.0, 1.0, 1.0, 1.0, 1.0, 0.5, 1.0, 0.6666666666666667, 0.5, 1.0, 0.5, 0.5, 0.5, 0.5, 0.5, 0.5, 0.5, 0.5, 0.5, 0.3333333333333333, 0.5, 0.5, 0.5, 0.33333333333333337, -0.0, 0.5, -0.0, -0.0, 0.5, -0.0, 0.5, -0.0, -0.0, 0.5, -0.0, 0.16666666666666666, -0.0, -0.0, -0.0, 0.0, -0.0, -0.0, -0.0, -0.0, 0.16666666666666666, -0.0, -0.0, 0.33333333333333326, -0.0, -0.0, -0.0, -0.0, -0.0, -0.0, -0.0, -0.0, -0.0, -0.0, -0.0, -0.0, -0.0, -0.0, -0.0, -0.0, -0.0, -0.0, -0.0, -0.0, -0.0, -0.0, -0.0, -0.0, -0.0]
			Active cut size: 0
W = 100 
H = 100
normalXList.size = 45
normalYList.size = 21
xList.size = 19
yList.size = 11
squareList.size = 38
myConsList.size = 0
当前上界 = 2.4999999999999996
当前上界 = 2.3999999999999995
当前上界 = 2.2999999999999994
当前上界 = 2.1999999999999993
当前上界 = 2.099999999999999
当前上界 = 1.9999999999999993
当前上界 = 1.8999999999999995
当前上界 = 1.7999999999999996
最优解：1.8333333333333333
solutionList.size() = 2
pattern.getKey() = 27@35@37@54@
用时：0.031 s
--------------------------------------- Price Problem End --------------------------------------------------------
		18 Add column : 1 col:42 	0.453
			Start solve  LP :0.453
			End solve LP obj: 25.0 t: 0
com.wlj.solver.BBSolver:
--------------------------------------- Price Problem Start --------------------------------------------------------
dualPrice.size = 80 , dualPrice = [1.0, 1.0, 1.0, 1.0, 1.0, 1.0, 1.0, 1.0, 1.0, 1.0, 1.0, 1.0, 0.6923076923076923, 1.0, 0.9230769230769231, 0.5, 1.0, 0.5, 0.6923076923076923, 0.5, 0.6923076923076923, 0.5, 0.6923076923076923, 0.5, 0.30769230769230765, 0.3076923076923077, 0.07692307692307687, 0.11538461538461534, 0.5, 0.3076923076923077, 0.46153846153846156, 0.5769230769230771, 0.3076923076923077, -0.0, -0.0, 0.5, -0.0, 0.30769230769230765, -0.0, -0.0, 0.5, -0.0, 0.038461538461538436, -0.0, -0.0, -0.0, 0.3846153846153847, -0.0, -0.0, -0.0, -0.0, 0.038461538461538436, -0.0, -0.0, 0.07692307692307693, -0.0, -0.0, -0.0, -0.0, -0.0, -0.0, -0.0, -0.0, -0.0, -0.0, -0.0, -0.0, -0.0, -0.0, -0.0, -0.0, -0.0, -0.0, -0.0, -0.0, -0.0, -0.0, -0.0, -0.0, -0.0]
			Active cut size: 0
W = 100 
H = 100
normalXList.size = 52
normalYList.size = 21
xList.size = 29
yList.size = 11
squareList.size = 40
myConsList.size = 0
当前上界 = 2.3846153846153846
当前上界 = 2.292307692307692
当前上界 = 2.1999999999999997
当前上界 = 2.1076923076923073
当前上界 = 2.015384615384615
当前上界 = 1.9230769230769227
当前上界 = 1.8307692307692305
当前上界 = 1.7384615384615383
当前上界 = 1.646153846153846
最优解：1.6923076923076925
solutionList.size() = 1
pattern.getKey() = 20@31@42@46@
用时：0.016 s
--------------------------------------- Price Problem End --------------------------------------------------------
		19 Add column : 1 col:43 	0.469
			Start solve  LP :0.469
			End solve LP obj: 25.0 t: 0
com.wlj.solver.BBSolver:
--------------------------------------- Price Problem Start --------------------------------------------------------
dualPrice.size = 80 , dualPrice = [1.0, 1.0, 1.0, 1.0, 1.0, 1.0, 1.0, 1.0, 1.0, 1.0, 1.0, 1.0, 0.6923076923076923, 1.0, 0.9230769230769231, 0.5, 1.0, 0.5, -2.220446049250313E-16, 0.5, -2.220446049250313E-16, 0.5, -2.220446049250313E-16, 0.5, 0.30769230769230765, 1.0000000000000002, 0.07692307692307687, 0.11538461538461534, 0.5, 1.0000000000000002, 0.46153846153846156, 0.5769230769230771, 1.0000000000000002, -0.0, -0.0, 0.5, -0.0, 0.30769230769230765, -0.0, -0.0, 0.5, -0.0, 0.038461538461538436, -0.0, -0.0, -0.0, 0.3846153846153847, -0.0, -0.0, -0.0, -0.0, 0.038461538461538436, -0.0, -0.0, 0.07692307692307693, -0.0, -0.0, -0.0, -0.0, -0.0, -0.0, -0.0, -0.0, -0.0, -0.0, -0.0, -0.0, -0.0, -0.0, -0.0, -0.0, -0.0, -0.0, -0.0, -0.0, -0.0, -0.0, -0.0, -0.0, -0.0]
			Active cut size: 0
W = 100 
H = 100
normalXList.size = 52
normalYList.size = 19
xList.size = 29
yList.size = 11
squareList.size = 37
myConsList.size = 0
当前上界 = 3.076923076923078
当前上界 = 2.9384615384615396
当前上界 = 2.800000000000001
当前上界 = 2.6615384615384627
当前上界 = 2.5230769230769243
当前上界 = 2.384615384615386
最优解：2.384615384615385
solutionList.size() = 1
pattern.getKey() = 25@32@46@
用时：0.016 s
--------------------------------------- Price Problem End --------------------------------------------------------
		20 Add column : 1 col:44 	0.485
			Start solve  LP :0.485
			End solve LP obj: 25.0 t: 0
com.wlj.solver.BBSolver:
--------------------------------------- Price Problem Start --------------------------------------------------------
dualPrice.size = 80 , dualPrice = [1.0, 1.0, 1.0, 1.0, 1.0, 1.0, 1.0, 1.0, 1.0, 1.0, 1.0, 1.0, 0.7142857142857143, 1.0, 0.5714285714285714, 0.5, 1.0, 0.5, 0.7142857142857143, 0.5714285714285715, 0.4285714285714286, 0.4285714285714285, 0.7142857142857143, 1.0, 0.2857142857142857, 0.2857142857142857, 0.4285714285714286, 0.2857142857142857, 0.5, 0.2857142857142857, 0.5, 0.4285714285714286, 0.5714285714285714, -0.0, -0.0, -0.0, -0.0, 0.2857142857142857, -0.0, -0.0, 0.0, -0.0, -0.0, -0.0, -0.0, -0.0, 0.14285714285714285, -0.0, -0.0, -0.0, -0.0, 0.4285714285714286, -0.0, -0.0, 0.4285714285714286, -0.0, -0.0, -0.0, -0.0, -0.0, -0.0, -0.0, -0.0, -0.0, -0.0, -0.0, -0.0, -0.0, -0.0, -0.0, -0.0, -0.0, -0.0, -0.0, -0.0, -0.0, -0.0, -0.0, -0.0, -0.0]
			Active cut size: 0
W = 100 
H = 100
normalXList.size = 45
normalYList.size = 11
xList.size = 21
yList.size = 9
squareList.size = 37
myConsList.size = 0
当前上界 = 2.8571428571428577
当前上界 = 2.733333333333334
当前上界 = 2.60952380952381
当前上界 = 2.485714285714286
当前上界 = 2.3619047619047624
当前上界 = 2.2380952380952386
当前上界 = 2.1142857142857148
当前上界 = 1.990476190476191
当前上界 = 1.8666666666666671
当前上界 = 1.7428571428571433
最优解：1.8571428571428572
solutionList.size() = 6
pattern.getKey() = 23@51@54@
用时：0.015 s
--------------------------------------- Price Problem End --------------------------------------------------------
		21 Add column : 1 col:45 	0.5
			Start solve  LP :0.5
			End solve LP obj: 25.0 t: 0
com.wlj.solver.BBSolver:
--------------------------------------- Price Problem Start --------------------------------------------------------
dualPrice.size = 80 , dualPrice = [1.0, 1.0, 1.0, 1.0, 1.0, 1.0, 1.0, 1.0, 1.0, 1.0, 1.0, 1.0, 0.6666666666666666, 1.0, 0.7916666666666666, 0.5, 1.0, 0.5, 0.6666666666666666, 0.5, 0.5, 0.5, 0.6666666666666666, 0.5833333333333333, 0.33333333333333337, 0.33333333333333337, 0.20833333333333337, 0.33333333333333337, 0.5, 0.33333333333333337, 0.5, 0.33333333333333326, 0.5, -0.0, -0.0, -0.0, -0.0, 0.33333333333333337, -0.0, -0.0, 0.4166666666666667, -0.0, -0.0, -0.0, -0.0, -0.0, 0.16666666666666666, -0.0, -0.0, 0.41666666666666674, -0.0, 0.20833333333333334, -0.0, -0.0, 0.20833333333333334, -0.0, -0.0, -0.0, -0.0, -0.0, -0.0, -0.0, -0.0, -0.0, -0.0, -0.0, -0.0, -0.0, -0.0, -0.0, -0.0, -0.0, -0.0, -0.0, -0.0, -0.0, -0.0, -0.0, -0.0, -0.0]
			Active cut size: 0
W = 100 
H = 100
normalXList.size = 54
normalYList.size = 22
xList.size = 33
yList.size = 11
squareList.size = 39
myConsList.size = 0
当前上界 = 2.416666666666667
当前上界 = 2.3222222222222224
当前上界 = 2.227777777777778
当前上界 = 2.1333333333333333
当前上界 = 2.0388888888888888
当前上界 = 1.9444444444444442
当前上界 = 1.8499999999999996
当前上界 = 1.755555555555555
最优解：1.8333333333333335
solutionList.size() = 1
pattern.getKey() = 16@49@51@54@
用时：0.032 s
--------------------------------------- Price Problem End --------------------------------------------------------
		22 Add column : 1 col:46 	0.532
			Start solve  LP :0.532
			End solve LP obj: 25.0 t: 0
com.wlj.solver.BBSolver:
--------------------------------------- Price Problem Start --------------------------------------------------------
dualPrice.size = 80 , dualPrice = [1.0, 1.0, 1.0, 1.0, 1.0, 1.0, 1.0, 1.0, 1.0, 1.0, 1.0, 1.0, 0.75, 1.0, 1.0, 0.5, 1.0, 0.5, 0.75, 0.625, 0.375, 0.375, 0.75, 0.5, 0.25, 0.25, 0.0, 0.25, 0.5, 0.25, 0.5, 0.5, 0.625, -0.0, -0.0, 0.5, -0.0, 0.25, -0.0, -0.0, 0.5, -0.0, -0.0, -0.0, -0.0, -0.0, 0.125, -0.0, -0.0, 0.0, -0.0, 0.0, -0.0, -0.0, 0.0, -0.0, -0.0, -0.0, -0.0, -0.0, -0.0, -0.0, -0.0, -0.0, -0.0, -0.0, -0.0, 0.375, -0.0, -0.0, -0.0, -0.0, -0.0, -0.0, -0.0, -0.0, -0.0, -0.0, -0.0, -0.0]
			Active cut size: 0
W = 100 
H = 100
normalXList.size = 64
normalYList.size = 6
xList.size = 34
yList.size = 5
squareList.size = 37
myConsList.size = 0
当前上界 = 2.625
当前上界 = 2.5166666666666666
当前上界 = 2.408333333333333
当前上界 = 2.3
当前上界 = 2.1916666666666664
当前上界 = 2.083333333333333
当前上界 = 1.9749999999999996
当前上界 = 1.8666666666666663
最优解：1.875
solutionList.size() = 3
pattern.getKey() = 16@31@67@
用时：0.015 s
--------------------------------------- Price Problem End --------------------------------------------------------
		23 Add column : 1 col:47 	0.547
			Start solve  LP :0.547
			End solve LP obj: 25.0 t: 0
com.wlj.solver.BBSolver:
--------------------------------------- Price Problem Start --------------------------------------------------------
dualPrice.size = 80 , dualPrice = [1.0, 1.0, 1.0, 1.0, 1.0, 1.0, 1.0, 1.0, 1.0, 1.0, 1.0, 1.0, 0.6666666666666667, 1.0, 1.0, 0.5, 0.5555555555555556, 0.5, 0.6666666666666667, 0.5, 0.5, 0.5, 0.6666666666666667, 0.2777777777777778, 0.33333333333333326, 0.33333333333333326, -0.0, 0.3333333333333333, 0.5, 0.33333333333333326, 0.5, 0.33333333333333337, 0.5, -0.0, -0.0, 0.2777777777777778, -0.0, 0.33333333333333326, -0.0, 0.4444444444444444, 0.7222222222222222, -0.0, -0.0, -0.0, -0.0, -0.0, 0.16666666666666669, -0.0, -0.0, 0.4444444444444445, -0.0, 0.0, -0.0, -0.0, -0.0, -0.0, -0.0, -0.0, -0.0, -0.0, -0.0, -0.0, -0.0, -0.0, -0.0, -0.0, -0.0, 0.11111111111111109, 0.0, -0.0, -0.0, -0.0, -0.0, -0.0, -0.0, -0.0, -0.0, -0.0, -0.0, -0.0]
			Active cut size: 0
W = 100 
H = 100
normalXList.size = 66
normalYList.size = 22
xList.size = 37
yList.size = 7
squareList.size = 39
myConsList.size = 0
当前上界 = 2.7222222222222228
当前上界 = 2.607407407407408
当前上界 = 2.4925925925925934
当前上界 = 2.3777777777777787
最优解：2.3888888888888893
solutionList.size() = 1
pattern.getKey() = 22@39@40@49@67@
用时：0.0 s
--------------------------------------- Price Problem End --------------------------------------------------------
		24 Add column : 1 col:48 	0.547
			Start solve  LP :0.547
			End solve LP obj: 25.0 t: 0
com.wlj.solver.BBSolver:
--------------------------------------- Price Problem Start --------------------------------------------------------
dualPrice.size = 80 , dualPrice = [1.0, 1.0, 1.0, 1.0, 1.0, 1.0, 1.0, 1.0, 1.0, 1.0, 1.0, 1.0, 0.6, 1.0, 0.4999999999999999, 0.5, 0.8, 0.5, 0.6, 0.5, 0.5, 0.5, 0.6, 0.8, 0.4, 0.4, 0.5000000000000001, 0.4, 0.5, 0.4, 0.5, 0.19999999999999996, 0.5, -0.0, -0.0, 0.19999999999999996, -0.0, 0.4, -0.0, 0.19999999999999996, 0.19999999999999996, -0.0, -0.0, -0.0, -0.0, -0.0, 0.09999999999999998, -0.0, -0.0, 0.0, -0.0, 0.19999999999999996, -0.0, -0.0, -0.0, -0.0, -0.0, -0.0, -0.0, -0.0, -0.0, -0.0, -0.0, -0.0, -0.0, -0.0, -0.0, -0.0, 0.5000000000000001, -0.0, -0.0, -0.0, -0.0, -0.0, -0.0, -0.0, -0.0, -0.0, -0.0, -0.0]
			Active cut size: 0
W = 100 
H = 100
normalXList.size = 52
normalYList.size = 46
xList.size = 29
yList.size = 13
squareList.size = 40
myConsList.size = 0
当前上界 = 2.5
当前上界 = 2.4
当前上界 = 2.3
当前上界 = 2.1999999999999997
当前上界 = 2.0999999999999996
当前上界 = 1.9999999999999996
当前上界 = 1.8999999999999995
最优解：1.9
solutionList.size() = 2
pattern.getKey() = 13@39@51@68@
用时：0.047 s
--------------------------------------- Price Problem End --------------------------------------------------------
		25 Add column : 1 col:49 	0.594
			Start solve  LP :0.594
			End solve LP obj: 25.0 t: 0
com.wlj.solver.BBSolver:
--------------------------------------- Price Problem Start --------------------------------------------------------
dualPrice.size = 80 , dualPrice = [1.0, 1.0, 1.0, 1.0, 1.0, 1.0, 1.0, 1.0, 1.0, 1.0, 1.0, 1.0, 0.5833333333333333, 0.41666666666666663, 0.6666666666666666, 0.5, 0.75, 0.5, 0.5833333333333334, 0.5, 0.5833333333333334, 0.5, 0.5833333333333333, 0.75, 0.4166666666666667, 0.41666666666666663, 0.33333333333333337, 0.33333333333333337, 0.5, 0.41666666666666663, 0.5, 0.25, 0.41666666666666663, -0.0, -0.0, 0.24999999999999994, -0.0, 0.4166666666666667, -0.0, -0.0, 0.25, -0.0, -0.0, -0.0, 0.25, 1.1102230246251565E-16, 0.16666666666666666, -0.0, -0.0, -0.0, -0.0, 0.25, 0.5833333333333334, -0.0, -0.0, -0.0, -0.0, -0.0, -0.0, -0.0, -0.0, -0.0, -0.0, -0.0, -0.0, -0.0, -0.0, -0.0, 0.33333333333333337, -0.0, -0.0, -0.0, -0.0, -0.0, -0.0, -0.0, -0.0, -0.0, -0.0, -0.0]
			Active cut size: 0
W = 100 
H = 100
normalXList.size = 61
normalYList.size = 39
xList.size = 47
yList.size = 9
squareList.size = 41
myConsList.size = 0
当前上界 = 2.666666666666667
当前上界 = 2.555555555555556
当前上界 = 2.4444444444444446
当前上界 = 2.3333333333333335
当前上界 = 2.2222222222222223
当前上界 = 2.111111111111111
最优解：2.166666666666667
solutionList.size() = 1
pattern.getKey() = 11@51@52@68@
用时：0.078 s
--------------------------------------- Price Problem End --------------------------------------------------------
		26 Add column : 1 col:50 	0.672
			Start solve  LP :0.672
			End solve LP obj: 25.0 t: 0
com.wlj.solver.BBSolver:
--------------------------------------- Price Problem Start --------------------------------------------------------
dualPrice.size = 80 , dualPrice = [1.0, 1.0, 1.0, 1.0, 1.0, 1.0, 1.0, 1.0, 1.0, 1.0, 1.0, 1.0, 0.6428571428571428, 1.0, 0.9523809523809523, 0.5, 0.5714285714285714, 0.5, 1.0, 0.5, 0.2857142857142857, 0.5, -0.0, 0.33333333333333337, 0.35714285714285715, -0.0, 0.04761904761904767, 0.21428571428571427, 0.5, 0.0, 0.5, 0.4285714285714286, 0.7142857142857143, -0.0, -0.0, 0.33333333333333337, -0.0, 0.35714285714285715, -0.0, -0.0, 0.6666666666666666, -0.0, -0.0, -0.0, 0.4285714285714286, 1.0, 0.2857142857142857, -0.0, -0.0, 0.3333333333333333, -0.0, 0.0, 0.0, -0.0, 0.04761904761904767, -0.0, -0.0, -0.0, -0.0, -0.0, -0.0, -0.0, -0.0, -0.0, -0.0, -0.0, -0.0, -0.0, -0.0, -0.0, -0.0, -0.0, -0.0, -0.0, -0.0, -0.0, -0.0, -0.0, -0.0, -0.0]
			Active cut size: 0
W = 100 
H = 100
normalXList.size = 52
normalYList.size = 27
xList.size = 33
yList.size = 13
squareList.size = 38
myConsList.size = 0
当前上界 = 3.4285714285714284
当前上界 = 3.2666666666666666
当前上界 = 3.104761904761905
最优解：3.1428571428571432
solutionList.size() = 1
pattern.getKey() = 32@40@44@45@49@
用时：0.016 s
--------------------------------------- Price Problem End --------------------------------------------------------
		27 Add column : 1 col:51 	0.688
			Start solve  LP :0.688
			End solve LP obj: 25.0 t: 0
com.wlj.solver.BBSolver:
--------------------------------------- Price Problem Start --------------------------------------------------------
dualPrice.size = 80 , dualPrice = [1.0, 1.0, 1.0, 1.0, 1.0, 1.0, 1.0, 1.0, 1.0, 1.0, 1.0, 1.0, 0.5, 1.0, 1.0, 0.5, 1.0, 0.5, 1.0, 0.5, 1.0, 0.5, -0.0, 1.0, 0.5, -0.0, 0.0, 0.5, 0.5, 0.0, 0.5, 0.0, -0.0, -0.0, -0.0, 0.0, -0.0, 0.5, -0.0, -0.0, 0.0, -0.0, -0.0, -0.0, 0.0, 1.0, 0.0, -0.0, -0.0, -0.0, -0.0, 0.0, 0.0, -0.0, 0.0, -0.0, -0.0, -0.0, -0.0, -0.0, -0.0, -0.0, -0.0, -0.0, -0.0, -0.0, -0.0, -0.0, -0.0, -0.0, -0.0, -0.0, -0.0, -0.0, 1.0, -0.0, -0.0, -0.0, -0.0, -0.0]
			Active cut size: 0
W = 100 
H = 100
normalXList.size = 31
normalYList.size = 40
xList.size = 8
yList.size = 11
squareList.size = 30
myConsList.size = 0
当前上界 = 4.0
当前上界 = 3.8
当前上界 = 3.5999999999999996
当前上界 = 3.3999999999999995
最优解：3.5
solutionList.size() = 2
pattern.getKey() = 18@37@45@74@
用时：0.0 s
--------------------------------------- Price Problem End --------------------------------------------------------
		28 Add column : 1 col:52 	0.688
			Start solve  LP :0.688
			End solve LP obj: 25.0 t: 0
com.wlj.solver.BBSolver:
--------------------------------------- Price Problem Start --------------------------------------------------------
dualPrice.size = 80 , dualPrice = [1.0, 1.0, 1.0, 1.0, 1.0, 1.0, 1.0, 1.0, 1.0, 1.0, 1.0, 1.0, 0.6499999999999999, 1.0, 0.8500000000000001, 0.5, 0.7000000000000001, 0.5, -0.0, 0.5, 0.55, 0.5, 0.6499999999999999, 0.8500000000000001, 0.3500000000000001, -0.0, 0.14999999999999997, 0.35000000000000003, 0.5, 1.0, 0.5, 0.29999999999999993, 0.4499999999999999, -0.0, -0.0, 0.14999999999999997, -0.0, 0.35000000000000003, -0.0, -0.0, 0.14999999999999997, -0.0, -0.0, -0.0, 0.29999999999999993, 0.10000000000000026, 0.14999999999999997, -0.0, -0.0, -0.0, -0.0, 0.0, 0.0, -0.0, 0.14999999999999997, -0.0, -0.0, -0.0, -0.0, -0.0, -0.0, -0.0, -0.0, -0.0, -0.0, -0.0, -0.0, -0.0, -0.0, -0.0, -0.0, -0.0, -0.0, -0.0, 0.55, -0.0, -0.0, -0.0, -0.0, 0.24999999999999978]
			Active cut size: 0
W = 100 
H = 100
normalXList.size = 80
normalYList.size = 51
xList.size = 59
yList.size = 23
squareList.size = 40
myConsList.size = 0
当前上界 = 3.3000000000000003
当前上界 = 3.146666666666667
当前上界 = 2.9933333333333336
当前上界 = 2.8400000000000003
当前上界 = 2.686666666666667
当前上界 = 2.5333333333333337
当前上界 = 2.3800000000000003
最优解：2.5
solutionList.size() = 1
pattern.getKey() = 29@31@44@45@74@79@
用时：1.64 s
--------------------------------------- Price Problem End --------------------------------------------------------
		29 Add column : 1 col:53 	2.328
			Start solve  LP :2.328
			End solve LP obj: 25.0 t: 0
com.wlj.solver.BBSolver:
--------------------------------------- Price Problem Start --------------------------------------------------------
dualPrice.size = 80 , dualPrice = [1.0, 1.0, 1.0, 1.0, 1.0, 1.0, 1.0, 1.0, 1.0, 1.0, 1.0, 1.0, 0.75, 1.0, 0.75, 0.5, 0.25, 0.5, 0.75, 0.5, 0.25, 0.5, 0.5, 0.75, 0.25, -0.0, 0.25, 0.25, 0.5, 0.25, 0.5, 0.5, 0.75, -0.0, -0.0, 0.25, -0.0, 0.25, -0.0, -0.0, 0.25, -0.0, -0.0, -0.0, -0.0, -0.0, 0.25, -0.0, -0.0, -0.0, 0.75, 0.0, 0.0, -0.0, 0.25, 0.25, -0.0, -0.0, -0.0, -0.0, -0.0, -0.0, -0.0, -0.0, -0.0, -0.0, -0.0, 0.25, -0.0, -0.0, -0.0, -0.0, -0.0, -0.0, -0.0, -0.0, -0.0, -0.0, -0.0, 0.25]
			Active cut size: 0
W = 100 
H = 100
normalXList.size = 82
normalYList.size = 50
xList.size = 63
yList.size = 19
squareList.size = 41
myConsList.size = 0
当前上界 = 3.5
当前上界 = 3.3333333333333335
当前上界 = 3.166666666666667
当前上界 = 3.0000000000000004
最优解：3.0
solutionList.size() = 2
pattern.getKey() = 31@32@50@54@55@67@79@
用时：0.282 s
--------------------------------------- Price Problem End --------------------------------------------------------
		30 Add column : 1 col:54 	2.61
			Start solve  LP :2.61
			End solve LP obj: 25.0 t: 0
com.wlj.solver.BBSolver:
--------------------------------------- Price Problem Start --------------------------------------------------------
dualPrice.size = 80 , dualPrice = [1.0, 1.0, 1.0, 1.0, 1.0, 1.0, 1.0, 1.0, 1.0, 1.0, 1.0, -0.0, 0.4999999999999999, 0.5, 0.49999999999999967, 0.5, 0.7499999999999998, 0.5, 0.24999999999999978, 0.5, 1.0000000000000004, 0.5, 0.4999999999999999, 1.0000000000000004, 0.5000000000000001, -0.0, 0.5000000000000003, 0.5000000000000002, 0.5, 0.7500000000000002, 0.5, -3.3306690738754696E-16, -5.551115123125783E-16, -0.0, -0.0, -3.3306690738754696E-16, -0.0, 0.5000000000000001, 1.0, -0.0, -4.440892098500626E-16, -0.0, -0.0, -0.0, -0.0, -0.0, -2.220446049250313E-16, -0.0, -0.0, -0.0, 0.2500000000000002, -3.3306690738754696E-16, 0.5, -0.0, -0.0, 0.5000000000000001, -0.0, -0.0, -0.0, -0.0, -0.0, -0.0, -0.0, -0.0, -0.0, -0.0, -0.0, 0.25000000000000056, 0.5000000000000003, -0.0, -0.0, -0.0, -0.0, -0.0, 0.2500000000000001, -0.0, -0.0, -0.0, -0.0, -0.0]
			Active cut size: 0
W = 100 
H = 100
normalXList.size = 71
normalYList.size = 55
xList.size = 44
yList.size = 25
squareList.size = 37
myConsList.size = 0
当前上界 = 4.500000000000002
当前上界 = 4.266666666666668
当前上界 = 4.033333333333335
当前上界 = 3.8000000000000016
当前上界 = 3.566666666666668
最优解：3.750000000000001
solutionList.size() = 2
pattern.getKey() = 37@38@50@52@55@67@68@74@
用时：0.812 s
--------------------------------------- Price Problem End --------------------------------------------------------
		31 Add column : 1 col:55 	3.422
			Start solve  LP :3.422
			End solve LP obj: 25.0 t: 0
com.wlj.solver.BBSolver:
--------------------------------------- Price Problem Start --------------------------------------------------------
dualPrice.size = 80 , dualPrice = [1.0, 1.0, 1.0, 1.0, 1.0, 1.0, 1.0, 1.0, 1.0, 1.0, 1.0, 0.16666666666666663, 0.8333333333333334, 1.0, 0.6666666666666667, 0.5, 0.33333333333333326, 0.5, 0.6666666666666669, 0.5, -0.0, 0.5, 0.6666666666666669, 0.6666666666666667, 0.16666666666666666, 0.33333333333333315, 0.3333333333333333, 0.16666666666666666, 0.5, 0.33333333333333326, 0.5, 0.6666666666666667, 0.0, -0.0, 1.0, 0.33333333333333337, -0.0, 0.16666666666666663, 0.8333333333333334, -0.0, 0.3333333333333333, -0.0, -0.0, -0.0, -0.0, -0.0, 0.33333333333333337, -0.0, -0.0, -1.1102230246251565E-16, -0.0, -0.0, 0.0, -0.0, 0.3333333333333333, -0.0, 0.6666666666666667, -0.0, -0.0, -0.0, -0.0, -0.0, -0.0, -0.0, -0.0, -1.1102230246251565E-16, -0.0, -0.0, -0.0, -0.0, -0.0, -0.0, -0.0, -0.0, -0.0, -0.0, -0.0, -0.0, -0.0, -0.0]
			Active cut size: 0
W = 100 
H = 100
normalXList.size = 60
normalYList.size = 22
xList.size = 38
yList.size = 11
squareList.size = 39
myConsList.size = 0
当前上界 = 3.833333333333334
当前上界 = 3.644444444444445
当前上界 = 3.4555555555555557
当前上界 = 3.2666666666666666
当前上界 = 3.0777777777777775
当前上界 = 2.8888888888888884
最优解：3.0
solutionList.size() = 2
pattern.getKey() = 13@34@54@56@
用时：0.016 s
--------------------------------------- Price Problem End --------------------------------------------------------
		32 Add column : 1 col:56 	3.438
			Start solve  LP :3.453
			End solve LP obj: 25.0 t: 0
com.wlj.solver.BBSolver:
--------------------------------------- Price Problem Start --------------------------------------------------------
dualPrice.size = 80 , dualPrice = [1.0, 1.0, 1.0, 1.0, 1.0, 1.0, 1.0, 1.0, 1.0, 1.0, 1.0, 0.9166666666666666, 0.625, 0.9583333333333333, 0.9583333333333333, 0.5, 0.75, 0.5, 0.125, 0.5, 0.625, 0.5, 0.625, 0.7083333333333334, 0.375, 0.375, 0.0416666666666667, 0.375, 0.5, -0.0, 0.5, 0.25, 0.375, -0.0, -0.0, 0.20833333333333326, -0.0, 0.375, 0.0833333333333334, -0.0, 0.29166666666666663, -0.0, -0.0, -0.0, 0.25, -0.0, 0.125, -0.0, -0.0, 0.08333333333333337, -0.0, 0.0416666666666667, 0.041666666666666706, -0.0, 0.041666666666666706, -0.0, -0.0, -0.0, -0.0, -0.0, -0.0, -0.0, -0.0, -0.0, -0.0, 0.875, -0.0, -0.0, -3.469446951953614E-18, -0.0, -0.0, -0.0, -0.0, -0.0, 0.5, -0.0, -0.0, -0.0, -0.0, -0.0]
			Active cut size: 0
W = 100 
H = 100
normalXList.size = 72
normalYList.size = 54
xList.size = 61
yList.size = 19
squareList.size = 44
myConsList.size = 0
当前上界 = 3.2916666666666665
当前上界 = 3.138888888888889
当前上界 = 2.986111111111111
当前上界 = 2.8333333333333335
当前上界 = 2.680555555555556
当前上界 = 2.527777777777778
最优解：2.625
solutionList.size() = 2
pattern.getKey() = 5@44@65@74@
用时：2.172 s
--------------------------------------- Price Problem End --------------------------------------------------------
		33 Add column : 1 col:57 	5.625
			Start solve  LP :5.625
			End solve LP obj: 25.0 t: 0
com.wlj.solver.BBSolver:
--------------------------------------- Price Problem Start --------------------------------------------------------
dualPrice.size = 80 , dualPrice = [1.0, 1.0, 1.0, 1.0, 1.0, 1.0, 1.0, 1.0, 1.0, 1.0, 1.0, 0.31182795698924737, 0.6075268817204301, 0.6559139784946237, 0.8172043010752688, 0.5, 0.6774193548387097, 0.5, 0.4623655913978495, 0.5, 0.4623655913978495, 0.5, 0.4623655913978495, 0.5806451612903226, 0.3924731182795699, 0.5376344086021505, 0.18279569892473124, 0.2849462365591398, 0.5, 0.5376344086021505, 0.5, 0.3225806451612903, 0.24731182795698925, -0.0, -0.0, 0.30107526881720426, -0.0, 0.3924731182795699, 0.10215053763440873, -0.0, 0.4193548387096774, -0.0, -0.0, -0.0, 0.0, -0.0, 0.2150537634408602, -0.0, -0.0, 0.11827956989247312, -0.0, 0.18279569892473121, 0.34408602150537626, -0.0, 0.021505376344086058, -0.0, 0.3225806451612903, -0.0, -0.0, -0.0, -0.0, 0.29032258064516125, -0.0, -0.0, -0.0, -0.0, -0.0, -0.0, 0.16129032258064516, -0.0, -0.0, -0.0, -0.0, -0.0, -0.0, 0.5860215053763439, -0.0, -0.0, -0.0, -0.0]
			Active cut size: 0
W = 100 
H = 100
normalXList.size = 70
normalYList.size = 61
xList.size = 57
yList.size = 29
squareList.size = 46
myConsList.size = 0
当前上界 = 3.236559139784946
当前上界 = 3.0874551971326163
当前上界 = 2.9383512544802866
当前上界 = 2.789247311827957
当前上界 = 2.640143369175627
最优解：2.6612903225806446
solutionList.size() = 2
pattern.getKey() = 40@46@49@51@52@54@56@61@68@75@
pattern.getKey() = 25@46@51@52@54@56@61@68@75@
用时：5.61 s
--------------------------------------- Price Problem End --------------------------------------------------------
		34 Add column : 1 col:58 	11.235
			Start solve  LP :11.235
			End solve LP obj: 25.0 t: 0
com.wlj.solver.BBSolver:
--------------------------------------- Price Problem Start --------------------------------------------------------
dualPrice.size = 80 , dualPrice = [1.0, 1.0, 1.0, 1.0, 1.0, -0.0, 1.0, 1.0, 1.0, 1.0, 1.0, 0.9770114942528739, 0.603448275862069, 0.9885057471264369, 0.9885057471264369, 0.5, 0.689655172413793, 0.5, 0.2413793103448274, 0.5, 0.482758620689655, 0.5, 0.482758620689655, 0.5919540229885055, 0.396551724137931, 0.517241379310345, 0.011494252873563038, 0.293103448275862, 0.5, 0.22413793103448276, 0.5, 0.31034482758620696, 0.275862068965517, -0.0, -0.0, 0.298850574712644, -0.0, 0.396551724137931, 0.022988505747126076, -0.0, 0.4080459770114945, -0.0, -0.0, 1.0, 0.10344827586206862, -0.0, 0.20689655172413798, -0.0, -0.0, 0.1091954022988505, 0.20689655172413834, 0.011494252873563038, 0.011494252873563038, -0.0, 0.011494252873563038, -0.0, 0.0, -0.0, -0.0, -0.0, -0.0, 0.24137931034482796, -0.0, -0.0, -0.0, 0.5344827586206898, -0.0, -0.0, -0.0, -0.0, -0.0, -0.0, -0.0, -0.0, 0.36206896551724155, -0.0, -0.0, -0.0, -0.0, -0.0]
			Active cut size: 0
W = 100 
H = 100
normalXList.size = 73
normalYList.size = 66
xList.size = 63
yList.size = 39
squareList.size = 47
myConsList.size = 0
当前上界 = 3.7413793103448287
当前上界 = 3.5586206896551733
当前上界 = 3.375862068965518
当前上界 = 3.1931034482758625
最优解：3.2701149425287372
solutionList.size() = 1
pattern.getKey() = 25@40@43@50@61@65@74@
用时：3.203 s
--------------------------------------- Price Problem End --------------------------------------------------------
		35 Add column : 1 col:59 	14.438
			Start solve  LP :14.438
			End solve LP obj: 25.0 t: 0
com.wlj.solver.BBSolver:
--------------------------------------- Price Problem Start --------------------------------------------------------
dualPrice.size = 80 , dualPrice = [1.0, 1.0, 1.0, 1.0, 1.0, 0.4285714285714286, 1.0, 1.0, 1.0, 1.0, 1.0, 0.7142857142857143, 0.7142857142857143, 0.8571428571428572, 0.8571428571428571, 0.5, 0.5714285714285714, 0.5, 0.7142857142857143, 0.2857142857142858, -0.0, 0.2857142857142858, 0.7142857142857143, 0.7142857142857143, 0.2857142857142857, -0.0, 0.1428571428571429, 0.2857142857142857, 0.5, 0.1428571428571428, 0.5, 0.4285714285714286, 0.1428571428571428, -0.0, -0.0, 0.2857142857142857, -0.0, 0.2857142857142857, 0.2857142857142857, -0.0, 0.2857142857142857, -0.0, -0.0, 0.5714285714285714, 0.4285714285714286, -0.0, 0.4285714285714285, 0.4285714285714284, -0.0, -0.0, -0.0, 0.14285714285714285, 0.14285714285714285, -0.0, 0.1428571428571429, 0.2857142857142857, -1.1102230246251565E-16, -0.0, -0.0, -0.0, -0.0, -0.0, 0.8571428571428572, -0.0, -0.0, 0.1428571428571429, -0.0, -0.0, -0.0, -0.0, -0.0, -0.0, -0.0, -0.0, -0.0, -0.0, -0.0, -0.0, -0.0, -0.0]
			Active cut size: 0
W = 100 
H = 100
normalXList.size = 70
normalYList.size = 56
xList.size = 63
yList.size = 23
squareList.size = 45
myConsList.size = 0
当前上界 = 3.642857142857142
当前上界 = 3.466666666666666
当前上界 = 3.29047619047619
最优解：3.428571428571428
solutionList.size() = 2
pattern.getKey() = 31@43@44@46@47@55@62@
用时：0.625 s
--------------------------------------- Price Problem End --------------------------------------------------------
		36 Add column : 1 col:60 	15.063
			Start solve  LP :15.063
			End solve LP obj: 25.0 t: 0
com.wlj.solver.BBSolver:
--------------------------------------- Price Problem Start --------------------------------------------------------
dualPrice.size = 80 , dualPrice = [1.0, 1.0, 1.0, 1.0, 1.0, 0.15853658536585413, 1.0, 1.0, 1.0, 1.0, 1.0, 0.6341463414634145, 0.6463414634146342, 0.8170731707317074, 0.8902439024390244, 0.5, 0.7073170731707317, 0.5, 0.46341463414634154, 0.35365853658536583, 0.41463414634146334, 0.35365853658536583, 0.6463414634146342, 0.6951219512195121, 0.35365853658536583, -0.0, 0.10975609756097558, 0.35365853658536583, 0.5, 0.024390243902439046, 0.5, 0.29268292682926833, 0.31707317073170715, -0.0, -0.0, 0.2560975609756099, -0.0, 0.35365853658536583, 0.20731707317073178, -0.0, 0.30487804878048785, -0.0, -0.0, -0.0, 0.14634146341463383, -0.0, 0.29268292682926833, -0.0, -0.0, 0.04878048780487798, -0.0, 0.10975609756097558, 0.18292682926829268, -0.0, 0.036585365853658486, -0.0, 0.1463414634146342, -0.0, -0.0, -0.0, -0.0, -0.0, 0.2682926829268295, 0.29268292682926833, -0.0, 0.5121951219512194, -0.0, -0.0, 0.0731707317073171, -0.0, -0.0, -0.0, 0.8414634146341459, -0.0, 0.18292682926829268, 0.1585365853658537, -0.0, -0.0, -0.0, 0.35365853658536583]
			Active cut size: 0
W = 100 
H = 100
normalXList.size = 93
normalYList.size = 80
xList.size = 85
yList.size = 67
squareList.size = 51
myConsList.size = 0
当前上界 = 4.414634146341463
当前上界 = 4.186991869918699
--------------------------------------- Price Problem End --------------------------------------------------------
		37 Add column : 0 col:61 	3000.002
	1 End Add column using column generation : 25.0 col: 61 cons: 0 cut: 0	3000.002
   End add columnAndCut : 25.0 colGencnt: 1 price: 0 col: 61 cons: 0 cut: 0	3000.002

Node lb: 1.7976931348623157E308 ub: 25 : 3000.002

Final Found Solution: 25 genNode: 1 extendedNode: 0:3000.002
Bin size: 10000
1 : 7700,1743,142, : 9585
2 : 3128,1944,1392,980,180,110, : 7734
3 : 4277,2744,1666,455,72,63, : 9277
4 : 4095,1984,1449,1080,560, : 9168
5 : 3705,2624,2430,380,378,128,31, : 9676
6 : 9216,260, : 9476
7 : 4680,935, : 5615
8 : 7047,1155,399, : 8601
9 : 3774,3626,1209,296, : 8905
10 : 3905,2880,224, : 7009
11 : 3481,3157,1425,580,16, : 8659
12 : 5766,196, : 5962
13 : 5082,2016,100, : 7198
14 : 3480,2310,1088, : 6878
15 : 4704,2050, : 6754
16 : 6375,1600,140, : 8115
17 : 5304,2280,144, : 7728
18 : 5320, : 5320
19 : 7920,780, : 8700
20 : 5586,2501, : 8087
21 : 5586, : 5586
22 : 8439, : 8439
23 : 4399,731,153, : 5283
24 : 4002,3082,532,496,147, : 8259
25 : 3381,3120,2673, : 9174
----------------------- 1 ---------------------------
canvasWidth:100,
canvasHeight:100,
data:[{x:23,y:0,l:100,w:77},{x:2,y:0,l:83,w:21},{x:0,y:0,l:71,w:2},],
----------------------- 2 ---------------------------
canvasWidth:100,
canvasHeight:100,
data:[{x:84,y:0,l:87,w:16},{x:90,y:87,l:11,w:10},{x:82,y:0,l:90,w:2},{x:14,y:0,l:46,w:68},{x:46,y:46,l:54,w:36},{x:0,y:0,l:70,w:14},],
----------------------- 3 ---------------------------
canvasWidth:100,
canvasHeight:100,
data:[{x:53,y:0,l:91,w:47},{x:4,y:0,l:56,w:49},{x:1,y:0,l:21,w:3},{x:4,y:56,l:34,w:49},{x:9,y:91,l:5,w:91},{x:28,y:96,l:1,w:72},],
----------------------- 4 ---------------------------
canvasWidth:100,
canvasHeight:100,
data:[{x:35,y:0,l:63,w:65},{x:12,y:0,l:63,w:23},{x:2,y:0,l:56,w:10},{x:70,y:63,l:36,w:30},{x:6,y:63,l:31,w:64},],
----------------------- 5 ---------------------------
canvasWidth:100,
canvasHeight:100,
data:[{x:43,y:0,l:65,w:57},{x:2,y:0,l:64,w:41},{x:0,y:0,l:64,w:2},{x:19,y:65,l:30,w:81},{x:24,y:95,l:5,w:76},{x:18,y:65,l:31,w:1},{x:0,y:65,l:21,w:18},],
----------------------- 6 ---------------------------
canvasWidth:100,
canvasHeight:100,
data:[{x:4,y:0,l:96,w:96},{x:35,y:96,l:4,w:65},],
----------------------- 7 ---------------------------
canvasWidth:100,
canvasHeight:100,
data:[{x:22,y:0,l:60,w:78},{x:5,y:0,l:55,w:17},],
----------------------- 8 ---------------------------
canvasWidth:100,
canvasHeight:100,
data:[{x:19,y:0,l:87,w:81},{x:0,y:0,l:21,w:19},{x:4,y:21,l:77,w:15},],
----------------------- 9 ---------------------------
canvasWidth:100,
canvasHeight:100,
data:[{x:26,y:0,l:51,w:74},{x:26,y:51,l:49,w:74},{x:13,y:0,l:93,w:13},{x:5,y:0,l:37,w:8},],
----------------------- 10 ---------------------------
canvasWidth:100,
canvasHeight:100,
data:[{x:45,y:0,l:71,w:55},{x:0,y:0,l:64,w:45},{x:13,y:64,l:7,w:32},],
----------------------- 11 ---------------------------
canvasWidth:100,
canvasHeight:100,
data:[{x:41,y:0,l:59,w:59},{x:43,y:59,l:25,w:57},{x:99,y:84,l:16,w:1},{x:41,y:84,l:10,w:58},{x:0,y:0,l:77,w:41},],
----------------------- 12 ---------------------------
canvasWidth:100,
canvasHeight:100,
data:[{x:7,y:0,l:62,w:93},{x:0,y:0,l:28,w:7},],
----------------------- 13 ---------------------------
canvasWidth:100,
canvasHeight:100,
data:[{x:34,y:0,l:77,w:66},{x:6,y:0,l:72,w:28},{x:14,y:72,l:5,w:20},],
----------------------- 14 ---------------------------
canvasWidth:100,
canvasHeight:100,
data:[{x:65,y:0,l:66,w:35},{x:66,y:66,l:32,w:34},{x:0,y:0,l:58,w:60},],
----------------------- 15 ---------------------------
canvasWidth:100,
canvasHeight:100,
data:[{x:2,y:0,l:48,w:98},{x:59,y:48,l:50,w:41},],
----------------------- 16 ---------------------------
canvasWidth:100,
canvasHeight:100,
data:[{x:80,y:0,l:80,w:20},{x:80,y:80,l:7,w:20},{x:5,y:0,l:85,w:75},],
----------------------- 17 ---------------------------
canvasWidth:100,
canvasHeight:100,
data:[{x:22,y:0,l:68,w:78},{x:24,y:68,l:30,w:76},{x:28,y:98,l:2,w:72},],
----------------------- 18 ---------------------------
canvasWidth:100,
canvasHeight:100,
data:[{x:5,y:0,l:56,w:95},],
----------------------- 19 ---------------------------
canvasWidth:100,
canvasHeight:100,
data:[{x:10,y:0,l:88,w:90},{x:0,y:0,l:78,w:10},],
----------------------- 20 ---------------------------
canvasWidth:100,
canvasHeight:100,
data:[{x:2,y:0,l:57,w:98},{x:39,y:57,l:41,w:61},],
----------------------- 21 ---------------------------
canvasWidth:100,
canvasHeight:100,
data:[{x:2,y:0,l:57,w:98},],
----------------------- 22 ---------------------------
canvasWidth:100,
canvasHeight:100,
data:[{x:3,y:0,l:87,w:97},],
----------------------- 23 ---------------------------
canvasWidth:100,
canvasHeight:100,
data:[{x:17,y:0,l:53,w:83},{x:0,y:0,l:43,w:17},{x:0,y:43,l:9,w:17},],
----------------------- 24 ---------------------------
canvasWidth:100,
canvasHeight:100,
data:[{x:54,y:0,l:87,w:46},{x:46,y:0,l:62,w:8},{x:47,y:62,l:21,w:7},{x:0,y:0,l:67,w:46},{x:18,y:67,l:19,w:28},],
----------------------- 25 ---------------------------
canvasWidth:100,
canvasHeight:100,
data:[{x:73,y:0,l:99,w:27},{x:4,y:0,l:49,w:69},{x:8,y:49,l:48,w:65},],
