====================================== Class_02.2bp-43 =====================================
Reduced size: 100 usedBin: 0
[0, 1, 2, 3, 4, 5, 11, 16, 17, 18, 25, 28, 56, 57, 58, 77, 78, 81, 82, 86, 91, 98]
[6, 8, 10, 13, 15, 19, 21, 23, 26, 29, 31, 32, 34, 35, 37, 43, 45, 46, 48, 50, 59, 61, 62, 71, 79, 80, 95, 99]
[7, 9, 12, 14, 20, 22, 24, 27, 30, 33, 36, 40, 41, 47, 51, 52, 53, 54, 60, 63, 64, 65, 66, 72, 73, 74, 75, 83, 84, 88, 89, 90, 93, 94, 96]
[38, 39, 42, 44, 49, 55, 67, 68, 69, 70, 76, 85, 87, 92, 97]
------------------------------------------------
Best fit used bin number: 4
Found best solution: 4 0.156

   Statrt add columnAndCut col: 4 cons: 0 cut: 0	0.219

	1 Start Add column using column generation  col: 4 cons: 0 cut: 0	0.219
			Start solve  LP :0.219
			End solve LP obj: 4.0 t: 0
	1 End Add column using column generation : 4.0 col: 4 cons: 0 cut: 0	0.219
   End add columnAndCut : 4.0 colGencnt: 1 price: 0 col: 4 cons: 0 cut: 0	0.219

Node lb: 4.0 ub: 4 : 0.219

Final Found Solution: 4 genNode: 1 extendedNode: 0:0.219
Bin size: 900
1 : 90,81,80,72,72,70,60,50,50,50,40,40,20,20,20,10,10,8,8,7,4,3, : 865
2 : 64,63,63,56,54,48,45,42,40,36,36,36,36,32,32,28,27,27,24,24,18,18,18,12,9,8,3,1, : 900
3 : 64,63,56,54,48,42,42,40,36,36,32,30,28,25,24,24,24,21,18,16,15,15,15,12,12,12,12,8,8,6,6,6,4,4,3, : 861
4 : 32,32,28,28,24,21,15,14,14,14,12,7,7,4,3, : 255
----------------------- 1 ---------------------------
canvasWidth:30,
canvasHeight:30,
data:[{x:21,y:0,l:10,w:9},{x:14,y:0,l:10,w:7},{x:9,y:0,l:10,w:5},{x:4,y:0,l:10,w:5},{x:2,y:0,l:10,w:2},{x:1,y:0,l:10,w:1},{x:0,y:0,l:7,w:1},{x:0,y:7,l:3,w:1},{x:20,y:10,l:4,w:10},{x:10,y:10,l:4,w:10},{x:9,y:10,l:4,w:1},{x:21,y:14,l:8,w:9},{x:20,y:14,l:8,w:1},{x:20,y:22,l:5,w:10},{x:20,y:27,l:2,w:10},{x:20,y:29,l:1,w:10},{x:12,y:14,l:9,w:8},{x:12,y:23,l:1,w:8},{x:10,y:14,l:10,w:2},{x:10,y:24,l:6,w:10},{x:0,y:10,l:9,w:9},{x:1,y:19,l:10,w:8},],
----------------------- 2 ---------------------------
canvasWidth:30,
canvasHeight:30,
data:[{x:21,y:0,l:5,w:9},{x:21,y:5,l:4,w:9},{x:24,y:9,l:3,w:6},{x:21,y:9,l:3,w:3},{x:13,y:0,l:8,w:8},{x:15,y:8,l:4,w:6},{x:13,y:8,l:4,w:2},{x:6,y:0,l:8,w:7},{x:6,y:8,l:4,w:7},{x:0,y:0,l:8,w:6},{x:0,y:8,l:4,w:6},{x:21,y:12,l:7,w:9},{x:21,y:19,l:2,w:9},{x:14,y:12,l:9,w:7},{x:8,y:12,l:9,w:6},{x:4,y:12,l:9,w:4},{x:0,y:12,l:9,w:4},{x:22,y:21,l:5,w:8},{x:22,y:26,l:4,w:8},{x:16,y:21,l:7,w:6},{x:16,y:28,l:2,w:6},{x:12,y:21,l:9,w:4},{x:8,y:21,l:8,w:4},{x:9,y:29,l:1,w:3},{x:8,y:29,l:1,w:1},{x:5,y:21,l:9,w:3},{x:2,y:21,l:9,w:3},{x:0,y:21,l:9,w:2},],
----------------------- 3 ---------------------------
canvasWidth:30,
canvasHeight:30,
data:[{x:21,y:0,l:6,w:9},{x:14,y:0,l:6,w:7},{x:7,y:0,l:6,w:7},{x:1,y:0,l:6,w:6},{x:0,y:0,l:6,w:1},{x:27,y:6,l:5,w:3},{x:27,y:11,l:5,w:3},{x:24,y:6,l:8,w:3},{x:24,y:14,l:2,w:3},{x:24,y:16,l:6,w:6},{x:18,y:6,l:8,w:6},{x:16,y:6,l:8,w:2},{x:16,y:14,l:5,w:8},{x:17,y:19,l:3,w:7},{x:12,y:6,l:7,w:4},{x:13,y:13,l:4,w:3},{x:12,y:13,l:4,w:1},{x:8,y:6,l:8,w:4},{x:8,y:14,l:3,w:4},{x:5,y:6,l:6,w:3},{x:5,y:12,l:5,w:3},{x:0,y:6,l:6,w:5},{x:2,y:12,l:2,w:3},{x:0,y:12,l:2,w:2},{x:1,y:14,l:3,w:4},{x:11,y:17,l:5,w:5},{x:8,y:17,l:4,w:3},{x:8,y:21,l:1,w:3},{x:2,y:17,l:4,w:6},{x:0,y:17,l:4,w:2},{x:22,y:22,l:8,w:8},{x:19,y:22,l:8,w:3},{x:10,y:22,l:7,w:9},{x:2,y:22,l:7,w:8},{x:0,y:22,l:4,w:2},],
----------------------- 4 ---------------------------
canvasWidth:30,
canvasHeight:30,
data:[{x:22,y:0,l:3,w:8},{x:15,y:0,l:2,w:7},{x:15,y:2,l:1,w:7},{x:8,y:0,l:2,w:7},{x:8,y:2,l:1,w:7},{x:1,y:0,l:2,w:7},{x:26,y:3,l:8,w:4},{x:22,y:3,l:8,w:4},{x:18,y:3,l:7,w:4},{x:18,y:10,l:1,w:4},{x:14,y:3,l:7,w:4},{x:15,y:10,l:1,w:3},{x:7,y:3,l:3,w:7},{x:8,y:6,l:2,w:6},{x:9,y:8,l:3,w:5},],
