====================================== Class_02.2bp-27 =====================================
Reduced size: 60 usedBin: 0
[0, 1, 2, 3, 5, 6, 8, 11, 16, 19, 26, 29, 31, 33, 34, 37, 38, 39, 43, 45, 49, 50, 52, 53, 55, 58]
[4, 7, 9, 10, 12, 13, 14, 15, 17, 18, 20, 22, 23, 24, 25, 28, 30, 36, 40, 41, 42, 44, 46, 47, 48, 51, 54, 56, 57, 59]
[21, 27, 32, 35]
------------------------------------------------
Best fit used bin number: 3
Found best solution: 3 0.25

   Statrt add columnAndCut col: 3 cons: 0 cut: 0	0.329

	1 Start Add column using column generation  col: 3 cons: 0 cut: 0	0.329
			Start solve  LP :0.329
			End solve LP obj: 3.0 t: 0
	1 End Add column using column generation : 3.0 col: 3 cons: 0 cut: 0	0.329
   End add columnAndCut : 3.0 colGencnt: 1 price: 0 col: 3 cons: 0 cut: 0	0.329

Node lb: 3.0 ub: 3 : 0.329

Final Found Solution: 3 genNode: 1 extendedNode: 0:0.329
Bin size: 900
1 : 80,80,80,80,72,70,63,54,45,40,30,27,24,21,21,20,18,18,10,9,7,7,6,6,4,3, : 895
2 : 72,64,56,54,50,49,49,48,45,42,40,35,35,32,32,28,24,20,16,16,16,10,8,8,8,7,5,4,4,3, : 880
3 : 36,30,21,21, : 108
----------------------- 1 ---------------------------
canvasWidth:30,
canvasHeight:30,
data:[{x:20,y:0,l:1,w:10},{x:11,y:0,l:1,w:9},{x:4,y:0,l:1,w:7},{x:0,y:0,l:1,w:4},{x:27,y:1,l:9,w:3},{x:27,y:10,l:7,w:3},{x:27,y:17,l:7,w:3},{x:27,y:24,l:6,w:3},{x:19,y:1,l:10,w:8},{x:19,y:11,l:9,w:8},{x:9,y:1,l:8,w:10},{x:9,y:9,l:4,w:10},{x:9,y:13,l:2,w:10},{x:0,y:1,l:7,w:9},{x:0,y:8,l:6,w:9},{x:3,y:14,l:1,w:6},{x:0,y:14,l:1,w:3},{x:10,y:15,l:5,w:9},{x:0,y:15,l:3,w:10},{x:1,y:18,l:2,w:9},{x:19,y:20,l:10,w:8},{x:11,y:20,l:10,w:8},{x:4,y:20,l:10,w:7},{x:1,y:20,l:8,w:3},{x:0,y:20,l:7,w:1},{x:1,y:28,l:2,w:3},],
----------------------- 2 ---------------------------
canvasWidth:30,
canvasHeight:30,
data:[{x:25,y:0,l:10,w:5},{x:21,y:0,l:5,w:4},{x:21,y:5,l:4,w:4},{x:21,y:9,l:1,w:4},{x:21,y:10,l:8,w:9},{x:25,y:18,l:7,w:5},{x:21,y:18,l:7,w:4},{x:23,y:25,l:5,w:7},{x:21,y:25,l:5,w:2},{x:14,y:0,l:7,w:7},{x:7,y:0,l:7,w:7},{x:1,y:0,l:7,w:6},{x:0,y:0,l:7,w:1},{x:11,y:7,l:4,w:10},{x:3,y:7,l:4,w:8},{x:1,y:7,l:4,w:2},{x:0,y:7,l:4,w:1},{x:13,y:11,l:8,w:8},{x:13,y:19,l:1,w:8},{x:15,y:20,l:9,w:6},{x:13,y:20,l:8,w:2},{x:18,y:29,l:1,w:3},{x:5,y:11,l:7,w:8},{x:5,y:18,l:2,w:8},{x:0,y:11,l:9,w:5},{x:5,y:20,l:6,w:8},{x:5,y:26,l:4,w:8},{x:1,y:20,l:6,w:4},{x:0,y:20,l:5,w:1},{x:3,y:26,l:4,w:2},],
----------------------- 3 ---------------------------
canvasWidth:30,
canvasHeight:30,
data:[{x:24,y:0,l:6,w:6},{x:24,y:6,l:5,w:6},{x:17,y:0,l:3,w:7},{x:10,y:0,l:3,w:7},],
