====================================== Class_02.2bp-1 =====================================
Reduced size: 20 usedBin: 0
[0, 1, 2, 3, 4, 5, 6, 7, 8, 9, 10, 11, 12, 13, 14, 15, 16, 17, 18, 19]
------------------------------------------------
Best fit used bin number: 1
Found best solution: 1 0.125

   Statrt add columnAndCut col: 1 cons: 0 cut: 0	0.187

	1 Start Add column using column generation  col: 1 cons: 0 cut: 0	0.187
			Start solve  LP :0.187
			End solve LP obj: 1.0 t: 0
	1 End Add column using column generation : 1.0 col: 1 cons: 0 cut: 0	0.187
   End add columnAndCut : 1.0 colGencnt: 1 price: 0 col: 1 cons: 0 cut: 0	0.187

Node lb: 1.0 ub: 1 : 0.187

Final Found Solution: 1 genNode: 1 extendedNode: 0:0.187
Bin size: 900
1 : 72,63,48,45,32,30,28,20,18,18,12,9,9,8,5,4,4,4,3,1, : 433
----------------------- 1 ---------------------------
canvasWidth:30,
canvasHeight:30,
data:[{x:22,y:0,l:6,w:8},{x:23,y:6,l:4,w:7},{x:22,y:6,l:4,w:1},{x:18,y:0,l:8,w:4},{x:20,y:8,l:2,w:2},{x:18,y:8,l:2,w:2},{x:16,y:0,l:10,w:2},{x:9,y:0,l:9,w:7},{x:11,y:9,l:1,w:5},{x:10,y:9,l:1,w:1},{x:4,y:0,l:9,w:5},{x:0,y:0,l:3,w:4},{x:1,y:3,l:6,w:3},{x:1,y:9,l:1,w:3},{x:20,y:10,l:3,w:10},{x:11,y:10,l:1,w:9},{x:11,y:11,l:1,w:9},{x:28,y:13,l:9,w:2},{x:28,y:22,l:4,w:2},{x:20,y:13,l:9,w:8},],
