====================================== Class_02.2bp-12 =====================================
Reduced size: 40 usedBin: 0
[0, 1, 4, 7, 8, 11, 12, 13, 15, 17, 18, 20, 21, 22, 24, 25, 27, 28, 29, 30, 32, 33, 34, 35, 37, 38]
[2, 3, 5, 6, 9, 10, 14, 16, 19, 23, 26, 31, 36, 39]
------------------------------------------------
Best fit used bin number: 2
Found best solution: 2 0.125

   Statrt add columnAndCut col: 2 cons: 0 cut: 0	0.188

	1 Start Add column using column generation  col: 2 cons: 0 cut: 0	0.188
			Start solve  LP :0.188
			End solve LP obj: 2.0 t: 0
	1 End Add column using column generation : 2.0 col: 2 cons: 0 cut: 0	0.188
   End add columnAndCut : 2.0 colGencnt: 1 price: 0 col: 2 cons: 0 cut: 0	0.188

Node lb: 2.0 ub: 2 : 0.188

Final Found Solution: 2 genNode: 1 extendedNode: 0:0.188
Bin size: 900
1 : 100,100,64,56,54,48,45,42,32,30,30,28,27,25,21,20,16,16,16,16,14,10,8,6,5,3, : 832
2 : 90,70,63,63,54,50,42,30,30,24,18,15,6,3, : 558
----------------------- 1 ---------------------------
canvasWidth:30,
canvasHeight:30,
data:[{x:20,y:0,l:3,w:10},{x:10,y:0,l:3,w:10},{x:1,y:0,l:3,w:9},{x:21,y:3,l:6,w:9},{x:13,y:3,l:6,w:8},{x:6,y:3,l:3,w:7},{x:5,y:3,l:3,w:1},{x:5,y:6,l:2,w:8},{x:7,y:8,l:1,w:6},{x:23,y:9,l:8,w:7},{x:25,y:17,l:4,w:5},{x:23,y:17,l:4,w:2},{x:25,y:21,l:9,w:5},{x:23,y:21,l:8,w:2},{x:13,y:9,l:10,w:10},{x:13,y:19,l:10,w:10},{x:18,y:29,l:1,w:5},{x:5,y:9,l:8,w:8},{x:6,y:17,l:6,w:7},{x:6,y:23,l:2,w:7},{x:8,y:25,l:5,w:5},{x:1,y:3,l:8,w:4},{x:1,y:11,l:7,w:4},{x:1,y:18,l:4,w:4},{x:3,y:22,l:8,w:2},{x:0,y:3,l:10,w:1},],
----------------------- 2 ---------------------------
canvasWidth:30,
canvasHeight:30,
data:[{x:21,y:0,l:10,w:9},{x:21,y:10,l:7,w:9},{x:21,y:17,l:6,w:9},{x:24,y:23,l:5,w:6},{x:11,y:0,l:7,w:10},{x:2,y:0,l:7,w:9},{x:11,y:7,l:5,w:10},{x:11,y:12,l:3,w:10},{x:15,y:15,l:3,w:6},{x:14,y:15,l:3,w:1},{x:11,y:15,l:2,w:3},{x:4,y:7,l:6,w:7},{x:0,y:7,l:6,w:4},{x:6,y:13,l:3,w:5},],
