====================================== Class_08.2bp-7 =====================================
Reduced size: 20 usedBin: 0
[5, 8, 9, 12, 17]
[6, 7, 10, 11, 14, 19]
[1, 4, 18]
[0, 13, 16]
[2, 3, 15]
------------------------------------------------
Best fit used bin number: 5
Found best solution: 5 0.25

   Statrt add columnAndCut col: 5 cons: 0 cut: 0	0.297

	1 Start Add column using column generation  col: 5 cons: 0 cut: 0	0.297
			Start solve  LP :0.297
			End solve LP obj: 5.0 t: 15
	1 End Add column using column generation : 5.0 col: 5 cons: 0 cut: 0	0.312
   End add columnAndCut : 5.0 colGencnt: 1 price: 0 col: 5 cons: 0 cut: 0	0.312

Node lb: 5.0 ub: 5 : 0.312

Final Found Solution: 5 genNode: 1 extendedNode: 0:0.312
Bin size: 10000
1 : 2754,2133,1617,840,418, : 7762
2 : 2624,2268,1518,1232,667,156, : 8465
3 : 4565,3234,188, : 7987
4 : 7654,828,475, : 8957
5 : 4370,3888,492, : 8750
----------------------- 1 ---------------------------
canvasWidth:100,
canvasHeight:100,
data:[{x:23,y:0,l:21,w:77},{x:1,y:0,l:19,w:22},{x:19,y:21,l:34,w:81},{x:21,y:55,l:27,w:79},{x:30,y:82,l:12,w:70},],
----------------------- 2 ---------------------------
canvasWidth:100,
canvasHeight:100,
data:[{x:71,y:0,l:23,w:29},{x:2,y:0,l:22,w:69},{x:16,y:23,l:27,w:84},{x:18,y:50,l:32,w:82},{x:22,y:82,l:2,w:78},{x:23,y:84,l:16,w:77},],
----------------------- 3 ---------------------------
canvasWidth:100,
canvasHeight:100,
data:[{x:6,y:0,l:2,w:94},{x:67,y:2,l:98,w:33},{x:12,y:2,l:83,w:55},],
----------------------- 4 ---------------------------
canvasWidth:100,
canvasHeight:100,
data:[{x:5,y:0,l:5,w:95},{x:8,y:5,l:9,w:92},{x:11,y:14,l:86,w:89},],
----------------------- 5 ---------------------------
canvasWidth:100,
canvasHeight:100,
data:[{x:5,y:0,l:46,w:95},{x:18,y:46,l:6,w:82},{x:19,y:52,l:48,w:81},],
