====================================== Class_09.2bp-26 =====================================
Reduced size: 60 usedBin: 0
[6]
[35]
[18]
[19, 39]
[17]
[4, 55]
[28, 53]
[3, 52, 58]
[10, 45, 56]
[11, 54]
[38, 48]
[32]
[21, 47, 59]
[34, 51]
[16]
[9]
[30]
[20, 49]
[24]
[2]
[43]
[22]
[23]
[13]
[15]
[1]
[12]
[27]
[33]
[29, 44]
[31, 36]
[7, 46]
[0]
[5, 50]
[26]
[40, 42]
[8]
[14]
[25, 57]
[37]
[41]
------------------------------------------------
Best fit used bin number: 41
Found best solution: 41 0.156

   Statrt add columnAndCut col: 41 cons: 0 cut: 0	0.218

	1 Start Add column using column generation  col: 41 cons: 0 cut: 0	0.218
			Start solve  LP :0.218
			End solve LP obj: 41.0 t: 0
	1 End Add column using column generation : 41.0 col: 41 cons: 0 cut: 0	0.218
   End add columnAndCut : 41.0 colGencnt: 1 price: 0 col: 41 cons: 0 cut: 0	0.218

Node lb: 41.0 ub: 41 : 0.218

Final Found Solution: 41 genNode: 1 extendedNode: 0:0.218
Bin size: 10000
1 : 6900, : 6900
2 : 3648, : 3648
3 : 5076, : 5076
4 : 5056,3492, : 8548
5 : 5096, : 5096
6 : 7040,462, : 7502
7 : 4437,1170, : 5607
8 : 7719,1248,284, : 9251
9 : 5874,2407,405, : 8686
10 : 5490,700, : 6190
11 : 3540,1920, : 5460
12 : 4070, : 4070
13 : 4992,2108,50, : 7150
14 : 3721,1365, : 5086
15 : 5130, : 5130
16 : 6039, : 6039
17 : 4200, : 4200
18 : 5040,1848, : 6888
19 : 4800, : 4800
20 : 8827, : 8827
21 : 3249, : 3249
22 : 4980, : 4980
23 : 4980, : 4980
24 : 5390, : 5390
25 : 5220, : 5220
26 : 8832, : 8832
27 : 5452, : 5452
28 : 4503, : 4503
29 : 4000, : 4000
30 : 4408,3075, : 7483
31 : 4148,3588, : 7736
32 : 6660,2208, : 8868
33 : 9021, : 9021
34 : 6930,1725, : 8655
35 : 4620, : 4620
36 : 3339,3298, : 6637
37 : 6370, : 6370
38 : 5360, : 5360
39 : 4661,352, : 5013
40 : 3551, : 3551
41 : 3339, : 3339
----------------------- 1 ---------------------------
canvasWidth:100,
canvasHeight:100,
data:[{x:0,y:0,l:69,w:100},],
----------------------- 2 ---------------------------
canvasWidth:100,
canvasHeight:100,
data:[{x:43,y:0,l:64,w:57},],
----------------------- 3 ---------------------------
canvasWidth:100,
canvasHeight:100,
data:[{x:46,y:0,l:94,w:54},],
----------------------- 4 ---------------------------
canvasWidth:100,
canvasHeight:100,
data:[{x:3,y:0,l:36,w:97},{x:21,y:36,l:64,w:79},],
----------------------- 5 ---------------------------
canvasWidth:100,
canvasHeight:100,
data:[{x:2,y:0,l:52,w:98},],
----------------------- 6 ---------------------------
canvasWidth:100,
canvasHeight:100,
data:[{x:12,y:0,l:80,w:88},{x:6,y:0,l:77,w:6},],
----------------------- 7 ---------------------------
canvasWidth:100,
canvasHeight:100,
data:[{x:10,y:0,l:13,w:90},{x:49,y:13,l:87,w:51},],
----------------------- 8 ---------------------------
canvasWidth:100,
canvasHeight:100,
data:[{x:17,y:0,l:93,w:83},{x:29,y:93,l:4,w:71},{x:4,y:0,l:96,w:13},],
----------------------- 9 ---------------------------
canvasWidth:100,
canvasHeight:100,
data:[{x:11,y:0,l:66,w:89},{x:17,y:66,l:29,w:83},{x:19,y:95,l:5,w:81},],
----------------------- 10 ---------------------------
canvasWidth:100,
canvasHeight:100,
data:[{x:90,y:0,l:70,w:10},{x:0,y:0,l:61,w:90},],
----------------------- 11 ---------------------------
canvasWidth:100,
canvasHeight:100,
data:[{x:41,y:0,l:60,w:59},{x:1,y:0,l:48,w:40},],
----------------------- 12 ---------------------------
canvasWidth:100,
canvasHeight:100,
data:[{x:26,y:0,l:55,w:74},],
----------------------- 13 ---------------------------
canvasWidth:100,
canvasHeight:100,
data:[{x:36,y:0,l:78,w:64},{x:5,y:0,l:68,w:31},{x:31,y:68,l:10,w:5},],
----------------------- 14 ---------------------------
canvasWidth:100,
canvasHeight:100,
data:[{x:39,y:0,l:61,w:61},{x:0,y:0,l:35,w:39},],
----------------------- 15 ---------------------------
canvasWidth:100,
canvasHeight:100,
data:[{x:43,y:0,l:90,w:57},],
----------------------- 16 ---------------------------
canvasWidth:100,
canvasHeight:100,
data:[{x:39,y:0,l:99,w:61},],
----------------------- 17 ---------------------------
canvasWidth:100,
canvasHeight:100,
data:[{x:30,y:0,l:60,w:70},],
----------------------- 18 ---------------------------
canvasWidth:100,
canvasHeight:100,
data:[{x:30,y:0,l:72,w:70},{x:2,y:0,l:66,w:28},],
----------------------- 19 ---------------------------
canvasWidth:100,
canvasHeight:100,
data:[{x:50,y:0,l:96,w:50},],
----------------------- 20 ---------------------------
canvasWidth:100,
canvasHeight:100,
data:[{x:3,y:0,l:91,w:97},],
----------------------- 21 ---------------------------
canvasWidth:100,
canvasHeight:100,
data:[{x:43,y:0,l:57,w:57},],
----------------------- 22 ---------------------------
canvasWidth:100,
canvasHeight:100,
data:[{x:17,y:0,l:60,w:83},],
----------------------- 23 ---------------------------
canvasWidth:100,
canvasHeight:100,
data:[{x:17,y:0,l:60,w:83},],
----------------------- 24 ---------------------------
canvasWidth:100,
canvasHeight:100,
data:[{x:2,y:0,l:55,w:98},],
----------------------- 25 ---------------------------
canvasWidth:100,
canvasHeight:100,
data:[{x:13,y:0,l:60,w:87},],
----------------------- 26 ---------------------------
canvasWidth:100,
canvasHeight:100,
data:[{x:4,y:0,l:92,w:96},],
----------------------- 27 ---------------------------
canvasWidth:100,
canvasHeight:100,
data:[{x:42,y:0,l:94,w:58},],
----------------------- 28 ---------------------------
canvasWidth:100,
canvasHeight:100,
data:[{x:21,y:0,l:57,w:79},],
----------------------- 29 ---------------------------
canvasWidth:100,
canvasHeight:100,
data:[{x:20,y:0,l:50,w:80},],
----------------------- 30 ---------------------------
canvasWidth:100,
canvasHeight:100,
data:[{x:42,y:0,l:76,w:58},{x:1,y:0,l:75,w:41},],
----------------------- 31 ---------------------------
canvasWidth:100,
canvasHeight:100,
data:[{x:8,y:0,l:39,w:92},{x:32,y:39,l:61,w:68},],
----------------------- 32 ---------------------------
canvasWidth:100,
canvasHeight:100,
data:[{x:26,y:0,l:90,w:74},{x:2,y:0,l:92,w:24},],
----------------------- 33 ---------------------------
canvasWidth:100,
canvasHeight:100,
data:[{x:3,y:0,l:93,w:97},],
----------------------- 34 ---------------------------
canvasWidth:100,
canvasHeight:100,
data:[{x:10,y:0,l:77,w:90},{x:25,y:77,l:23,w:75},],
----------------------- 35 ---------------------------
canvasWidth:100,
canvasHeight:100,
data:[{x:40,y:0,l:77,w:60},],
----------------------- 36 ---------------------------
canvasWidth:100,
canvasHeight:100,
data:[{x:66,y:0,l:97,w:34},{x:3,y:0,l:53,w:63},],
----------------------- 37 ---------------------------
canvasWidth:100,
canvasHeight:100,
data:[{x:9,y:0,l:70,w:91},],
----------------------- 38 ---------------------------
canvasWidth:100,
canvasHeight:100,
data:[{x:33,y:0,l:80,w:67},],
----------------------- 39 ---------------------------
canvasWidth:100,
canvasHeight:100,
data:[{x:41,y:0,l:79,w:59},{x:56,y:79,l:8,w:44},],
----------------------- 40 ---------------------------
canvasWidth:100,
canvasHeight:100,
data:[{x:33,y:0,l:53,w:67},],
----------------------- 41 ---------------------------
canvasWidth:100,
canvasHeight:100,
data:[{x:37,y:0,l:53,w:63},],
