====================================== Class_04.2bp-49 =====================================
Reduced size: 100 usedBin: 0
[0, 1, 2, 3, 4, 5, 7, 13, 16, 49, 50, 73, 78, 80, 83, 87, 93]
[6, 9, 11, 12, 14, 15, 19, 21, 22, 23, 25, 46, 54, 59, 63, 76, 77, 81, 88, 89, 91, 94, 95, 97]
[8, 10, 17, 18, 20, 24, 27, 33, 35, 36, 38, 40, 41, 42, 45, 47, 51, 57, 69, 79, 82, 86, 90, 96, 99]
[26, 28, 29, 30, 31, 32, 34, 37, 39, 43, 44, 48, 52, 53, 55, 56, 58, 60, 61, 62, 64, 65, 66, 67, 68, 70, 71, 72, 74, 75, 84, 85, 92, 98]
------------------------------------------------
Best fit used bin number: 4
Found best solution: 4 0.281

   Statrt add columnAndCut col: 4 cons: 0 cut: 0	0.359

	1 Start Add column using column generation  col: 4 cons: 0 cut: 0	0.359
			Start solve  LP :0.359
			End solve LP obj: 4.0 t: 0
	1 End Add column using column generation : 4.0 col: 4 cons: 0 cut: 0	0.359
   End add columnAndCut : 4.0 colGencnt: 1 price: 0 col: 4 cons: 0 cut: 0	0.359

Node lb: 4.0 ub: 4 : 0.359

Final Found Solution: 4 genNode: 1 extendedNode: 0:0.359
Bin size: 10000
1 : 1225,1190,961,960,957,930,891,780,736,280,272,105,93,70,64,46,26, : 9586
2 : 930,840,825,805,750,744,696,672,667,660,630,288,242,216,180,96,93,70,40,40,35,22,15,11, : 9567
3 : 841,837,736,728,675,644,580,495,483,437,405,352,348,336,300,288,264,224,128,88,64,52,39,13,6, : 9363
4 : 580,576,561,513,510,500,493,418,384,324,320,285,260,252,228,225,220,210,198,192,168,156,140,135,130,126,112,108,100,98,60,56,27,7, : 8672
----------------------- 1 ---------------------------
canvasWidth:100,
canvasHeight:100,
data:[{x:70,y:0,l:32,w:30},{x:70,y:32,l:31,w:30},{x:70,y:63,l:26,w:30},{x:72,y:89,l:10,w:28},{x:74,y:99,l:1,w:26},{x:35,y:0,l:35,w:35},{x:35,y:35,l:34,w:35},{x:35,y:69,l:2,w:35},{x:38,y:71,l:2,w:32},{x:2,y:0,l:29,w:33},{x:0,y:0,l:23,w:2},{x:4,y:29,l:31,w:31},{x:1,y:29,l:31,w:3},{x:1,y:60,l:8,w:34},{x:37,y:73,l:27,w:33},{x:5,y:73,l:23,w:32},{x:0,y:73,l:21,w:5},],
----------------------- 2 ---------------------------
canvasWidth:100,
canvasHeight:100,
data:[{x:76,y:0,l:31,w:24},{x:76,y:31,l:29,w:24},{x:76,y:60,l:4,w:24},{x:98,y:64,l:35,w:2},{x:97,y:64,l:35,w:1},{x:76,y:64,l:32,w:21},{x:89,y:99,l:1,w:11},{x:51,y:0,l:33,w:25},{x:23,y:0,l:30,w:28},{x:0,y:0,l:29,w:23},{x:20,y:30,l:3,w:31},{x:0,y:30,l:2,w:20},{x:46,y:33,l:31,w:30},{x:46,y:64,l:25,w:30},{x:54,y:89,l:11,w:22},{x:11,y:33,l:23,w:35},{x:0,y:33,l:2,w:11},{x:1,y:35,l:18,w:10},{x:0,y:35,l:15,w:1},{x:13,y:56,l:20,w:33},{x:1,y:56,l:18,w:12},{x:34,y:76,l:24,w:12},{x:4,y:76,l:21,w:30},{x:2,y:76,l:20,w:2},],
----------------------- 3 ---------------------------
canvasWidth:100,
canvasHeight:100,
data:[{x:71,y:0,l:29,w:29},{x:74,y:29,l:2,w:26},{x:71,y:29,l:2,w:3},{x:44,y:0,l:31,w:27},{x:29,y:0,l:27,w:15},{x:31,y:27,l:3,w:13},{x:31,y:30,l:1,w:13},{x:0,y:0,l:26,w:28},{x:77,y:31,l:32,w:23},{x:73,y:31,l:32,w:4},{x:73,y:63,l:25,w:27},{x:75,y:88,l:12,w:25},{x:44,y:31,l:20,w:29},{x:44,y:51,l:12,w:29},{x:45,y:63,l:8,w:28},{x:49,y:71,l:14,w:24},{x:11,y:31,l:8,w:33},{x:3,y:31,l:8,w:8},{x:16,y:39,l:23,w:28},{x:0,y:39,l:18,w:16},{x:23,y:62,l:23,w:21},{x:0,y:62,l:19,w:23},{x:40,y:85,l:15,w:33},{x:8,y:85,l:11,w:32},{x:0,y:85,l:11,w:8},],
----------------------- 4 ---------------------------
canvasWidth:100,
canvasHeight:100,
data:[{x:82,y:0,l:32,w:18},{x:83,y:32,l:33,w:17},{x:94,y:65,l:33,w:6},{x:88,y:65,l:26,w:6},{x:91,y:91,l:9,w:3},{x:83,y:65,l:27,w:5},{x:62,y:0,l:25,w:20},{x:53,y:0,l:25,w:9},{x:46,y:0,l:24,w:7},{x:46,y:24,l:1,w:7},{x:24,y:0,l:19,w:22},{x:25,y:19,l:6,w:21},{x:5,y:0,l:15,w:19},{x:11,y:15,l:10,w:13},{x:62,y:25,l:29,w:20},{x:62,y:54,l:16,w:20},{x:63,y:70,l:27,w:19},{x:45,y:25,l:30,w:17},{x:45,y:55,l:29,w:17},{x:50,y:84,l:16,w:12},{x:33,y:25,l:32,w:12},{x:6,y:25,l:12,w:27},{x:0,y:25,l:10,w:6},{x:19,y:37,l:18,w:14},{x:0,y:37,l:12,w:19},{x:3,y:49,l:7,w:16},{x:35,y:57,l:22,w:10},{x:40,y:79,l:20,w:5},{x:28,y:57,l:30,w:7},{x:8,y:57,l:7,w:20},{x:0,y:57,l:7,w:8},{x:2,y:64,l:10,w:26},{x:14,y:74,l:7,w:14},{x:22,y:81,l:18,w:6},],
