====================================== Class_01.2bp-24 =====================================
Reduced size: 60 usedBin: 0
[11, 31, 33, 44]
[5, 21, 42]
[10, 16, 43]
[3, 35]
[1, 48, 49]
[13, 15, 58]
[7, 18, 50]
[4, 39, 51, 53]
[8, 22, 54]
[2]
[0, 47]
[12, 34, 37, 56]
[9, 40, 55, 59]
[6, 19]
[14, 23, 24]
[17, 26, 38, 41, 52]
[20, 25, 29, 45, 46]
[27, 28, 30, 32, 57]
[36]
------------------------------------------------
Best fit used bin number: 19
Found best solution: 19 0.172

   Statrt add columnAndCut col: 19 cons: 0 cut: 0	0.25

	1 Start Add column using column generation  col: 19 cons: 0 cut: 0	0.25
			Start solve  LP :0.25
			End solve LP obj: 19.0 t: 15
	1 End Add column using column generation : 19.0 col: 19 cons: 0 cut: 0	0.265
   End add columnAndCut : 19.0 colGencnt: 1 price: 0 col: 19 cons: 0 cut: 0	0.265

Node lb: 19.0 ub: 19 : 0.265

Final Found Solution: 19 genNode: 1 extendedNode: 0:0.265
Bin size: 100
1 : 50,20,20,10, : 100
2 : 60,28,12, : 100
3 : 50,40,10, : 100
4 : 70,18, : 88
5 : 80,8,7, : 95
6 : 45,40,2, : 87
7 : 54,36,7, : 97
8 : 64,16,6,6, : 92
9 : 54,28,6, : 88
10 : 72, : 72
11 : 81,9, : 90
12 : 49,18,18,3, : 88
13 : 54,15,5,2, : 76
14 : 54,32, : 86
15 : 42,27,24, : 93
16 : 36,24,16,15,6, : 97
17 : 30,24,20,10,10, : 94
18 : 24,21,20,20,3, : 88
19 : 18, : 18
----------------------- 1 ---------------------------
canvasWidth:10,
canvasHeight:10,
data:[{x:0,y:0,l:5,w:10},{x:0,y:5,l:2,w:10},{x:0,y:7,l:2,w:10},{x:0,y:9,l:1,w:10},],
----------------------- 2 ---------------------------
canvasWidth:10,
canvasHeight:10,
data:[{x:4,y:0,l:10,w:6},{x:0,y:0,l:7,w:4},{x:0,y:7,l:3,w:4},],
----------------------- 3 ---------------------------
canvasWidth:10,
canvasHeight:10,
data:[{x:5,y:0,l:10,w:5},{x:0,y:0,l:8,w:5},{x:0,y:8,l:2,w:5},],
----------------------- 4 ---------------------------
canvasWidth:10,
canvasHeight:10,
data:[{x:3,y:0,l:10,w:7},{x:1,y:0,l:9,w:2},],
----------------------- 5 ---------------------------
canvasWidth:10,
canvasHeight:10,
data:[{x:0,y:0,l:8,w:10},{x:2,y:8,l:1,w:8},{x:3,y:9,l:1,w:7},],
----------------------- 6 ---------------------------
canvasWidth:10,
canvasHeight:10,
data:[{x:1,y:0,l:5,w:9},{x:0,y:0,l:2,w:1},{x:2,y:5,l:5,w:8},],
----------------------- 7 ---------------------------
canvasWidth:10,
canvasHeight:10,
data:[{x:4,y:0,l:9,w:6},{x:0,y:0,l:9,w:4},{x:3,y:9,l:1,w:7},],
----------------------- 8 ---------------------------
canvasWidth:10,
canvasHeight:10,
data:[{x:2,y:0,l:8,w:8},{x:0,y:0,l:8,w:2},{x:4,y:8,l:1,w:6},{x:4,y:9,l:1,w:6},],
----------------------- 9 ---------------------------
canvasWidth:10,
canvasHeight:10,
data:[{x:4,y:0,l:9,w:6},{x:4,y:9,l:1,w:6},{x:0,y:0,l:7,w:4},],
----------------------- 10 ---------------------------
canvasWidth:10,
canvasHeight:10,
data:[{x:1,y:0,l:8,w:9},],
----------------------- 11 ---------------------------
canvasWidth:10,
canvasHeight:10,
data:[{x:1,y:0,l:9,w:9},{x:1,y:9,l:1,w:9},],
----------------------- 12 ---------------------------
canvasWidth:10,
canvasHeight:10,
data:[{x:3,y:0,l:7,w:7},{x:4,y:7,l:3,w:6},{x:3,y:7,l:3,w:1},{x:1,y:0,l:9,w:2},],
----------------------- 13 ---------------------------
canvasWidth:10,
canvasHeight:10,
data:[{x:4,y:0,l:9,w:6},{x:5,y:9,l:1,w:5},{x:1,y:0,l:5,w:3},{x:0,y:0,l:2,w:1},],
----------------------- 14 ---------------------------
canvasWidth:10,
canvasHeight:10,
data:[{x:1,y:0,l:6,w:9},{x:2,y:6,l:4,w:8},],
----------------------- 15 ---------------------------
canvasWidth:10,
canvasHeight:10,
data:[{x:3,y:0,l:6,w:7},{x:4,y:6,l:4,w:6},{x:0,y:0,l:9,w:3},],
----------------------- 16 ---------------------------
canvasWidth:10,
canvasHeight:10,
data:[{x:4,y:0,l:6,w:6},{x:4,y:6,l:4,w:6},{x:0,y:0,l:4,w:4},{x:3,y:4,l:6,w:1},{x:0,y:4,l:5,w:3},],
----------------------- 17 ---------------------------
canvasWidth:10,
canvasHeight:10,
data:[{x:5,y:0,l:6,w:5},{x:0,y:0,l:4,w:5},{x:0,y:4,l:2,w:5},{x:0,y:6,l:1,w:10},{x:2,y:7,l:3,w:8},],
----------------------- 18 ---------------------------
canvasWidth:10,
canvasHeight:10,
data:[{x:5,y:0,l:4,w:5},{x:0,y:0,l:4,w:5},{x:2,y:4,l:3,w:8},{x:1,y:4,l:3,w:1},{x:3,y:7,l:3,w:7},],
----------------------- 19 ---------------------------
canvasWidth:10,
canvasHeight:10,
data:[{x:4,y:0,l:3,w:6},],
