====================================== Class_06.2bp-8 =====================================
Reduced size: 20 usedBin: 0
[0, 1, 2, 3, 4, 5, 6, 7, 8, 9, 10, 11, 12, 13, 14, 15, 16, 17, 18, 19]
------------------------------------------------
Best fit used bin number: 1
Found best solution: 1 0.125

   Statrt add columnAndCut col: 1 cons: 0 cut: 0	0.172

	1 Start Add column using column generation  col: 1 cons: 0 cut: 0	0.172
			Start solve  LP :0.172
			End solve LP obj: 1.0 t: 15
	1 End Add column using column generation : 1.0 col: 1 cons: 0 cut: 0	0.187
   End add columnAndCut : 1.0 colGencnt: 1 price: 0 col: 1 cons: 0 cut: 0	0.187

Node lb: 1.0 ub: 1 : 0.187

Final Found Solution: 1 genNode: 1 extendedNode: 0:0.187
Bin size: 90000
1 : 6497,5440,5250,4950,4602,4171,3104,2523,2196,2109,2016,1940,1908,1825,1157,1050,900,585,390,156, : 52769
----------------------- 1 ---------------------------
canvasWidth:300,
canvasHeight:300,
data:[{x:215,y:0,l:64,w:85},{x:222,y:64,l:59,w:78},{x:252,y:123,l:42,w:48},{x:248,y:123,l:39,w:4},{x:218,y:123,l:35,w:30},{x:263,y:165,l:57,w:37},{x:227,y:165,l:53,w:36},{x:239,y:222,l:36,w:61},{x:264,y:258,l:25,w:36},{x:126,y:0,l:73,w:89},{x:101,y:0,l:73,w:25},{x:11,y:0,l:55,w:90},{x:118,y:73,l:32,w:97},{x:21,y:73,l:20,w:97},{x:79,y:93,l:10,w:39},{x:172,y:105,l:97,w:43},{x:186,y:202,l:87,w:29},{x:159,y:105,l:89,w:13},{x:159,y:194,l:45,w:13},{x:84,y:105,l:70,w:75},],
