====================================== Class_02.2bp-44 =====================================
Reduced size: 100 usedBin: 0
[0, 1, 2, 7, 8, 10, 13, 14, 18, 19, 27, 29, 43, 48, 49, 58, 61, 64, 75, 85, 91]
[3, 4, 5, 6, 9, 11, 12, 23, 26, 28, 31, 35, 38, 39, 40, 51, 56, 63, 69, 73, 78, 80, 81, 89, 97, 98]
[15, 16, 17, 20, 21, 22, 24, 30, 32, 33, 34, 36, 37, 41, 46, 50, 52, 54, 59, 62, 65, 66, 71, 74, 76, 77, 79, 84, 87, 92, 95, 96, 99]
[25, 42, 44, 45, 47, 53, 55, 57, 60, 67, 68, 70, 72, 82, 83, 86, 88, 90, 93, 94]
------------------------------------------------
Best fit used bin number: 4
Found best solution: 4 0.25

   Statrt add columnAndCut col: 4 cons: 0 cut: 0	0.312

	1 Start Add column using column generation  col: 4 cons: 0 cut: 0	0.312
			Start solve  LP :0.312
			End solve LP obj: 4.0 t: 16
	1 End Add column using column generation : 4.0 col: 4 cons: 0 cut: 0	0.328
   End add columnAndCut : 4.0 colGencnt: 1 price: 0 col: 4 cons: 0 cut: 0	0.328

Node lb: 4.0 ub: 4 : 0.328

Final Found Solution: 4 genNode: 1 extendedNode: 0:0.328
Bin size: 900
1 : 80,80,80,70,70,60,54,54,49,48,40,40,30,30,30,21,20,16,9,8,6, : 895
2 : 72,72,72,72,63,56,56,42,40,40,40,36,36,36,36,28,24,18,12,10,9,9,9,6,2,2, : 898
3 : 50,50,50,48,48,45,42,40,40,40,40,36,36,35,30,30,28,27,21,18,16,15,10,10,9,9,9,8,7,6,5,5,1, : 864
4 : 42,35,30,30,30,27,24,24,21,12,12,12,10,9,8,7,7,6,6,6, : 358
----------------------- 1 ---------------------------
canvasWidth:30,
canvasHeight:30,
data:[{x:20,y:0,l:3,w:10},{x:10,y:0,l:3,w:10},{x:2,y:0,l:2,w:8},{x:2,y:2,l:1,w:8},{x:0,y:0,l:3,w:2},{x:20,y:3,l:8,w:10},{x:20,y:11,l:8,w:10},{x:20,y:19,l:7,w:10},{x:20,y:26,l:4,w:10},{x:16,y:3,l:10,w:4},{x:14,y:3,l:10,w:2},{x:14,y:13,l:9,w:6},{x:14,y:22,l:8,w:6},{x:6,y:3,l:10,w:8},{x:0,y:3,l:10,w:6},{x:7,y:13,l:10,w:7},{x:0,y:13,l:7,w:7},{x:0,y:20,l:3,w:7},{x:5,y:23,l:6,w:9},{x:5,y:29,l:1,w:9},{x:0,y:23,l:6,w:5},],
----------------------- 2 ---------------------------
canvasWidth:30,
canvasHeight:30,
data:[{x:22,y:0,l:9,w:8},{x:22,y:9,l:9,w:8},{x:22,y:18,l:7,w:8},{x:22,y:25,l:5,w:8},{x:15,y:0,l:9,w:7},{x:11,y:0,l:9,w:4},{x:9,y:0,l:9,w:2},{x:8,y:0,l:9,w:1},{x:7,y:0,l:9,w:1},{x:12,y:9,l:4,w:10},{x:12,y:13,l:4,w:10},{x:12,y:17,l:1,w:10},{x:8,y:9,l:9,w:4},{x:7,y:9,l:9,w:1},{x:0,y:0,l:8,w:7},{x:0,y:8,l:6,w:7},{x:0,y:14,l:4,w:7},{x:13,y:18,l:8,w:9},{x:4,y:18,l:8,w:9},{x:0,y:18,l:6,w:4},{x:1,y:24,l:2,w:3},{x:0,y:24,l:2,w:1},{x:13,y:26,l:4,w:9},{x:4,y:26,l:4,w:9},{x:0,y:26,l:3,w:4},{x:2,y:29,l:1,w:2},],
----------------------- 3 ---------------------------
canvasWidth:30,
canvasHeight:30,
data:[{x:26,y:0,l:10,w:4},{x:23,y:0,l:10,w:3},{x:20,y:0,l:10,w:3},{x:20,y:10,l:4,w:10},{x:21,y:14,l:1,w:9},{x:20,y:14,l:1,w:1},{x:25,y:15,l:10,w:5},{x:25,y:25,l:1,w:5},{x:20,y:15,l:10,w:5},{x:21,y:26,l:3,w:9},{x:21,y:29,l:1,w:9},{x:14,y:0,l:8,w:6},{x:8,y:0,l:8,w:6},{x:7,y:0,l:8,w:1},{x:15,y:8,l:8,w:5},{x:13,y:8,l:8,w:2},{x:7,y:8,l:6,w:6},{x:8,y:14,l:2,w:5},{x:0,y:0,l:6,w:7},{x:0,y:6,l:5,w:7},{x:0,y:11,l:3,w:7},{x:0,y:14,l:1,w:7},{x:15,y:16,l:10,w:5},{x:10,y:16,l:9,w:5},{x:10,y:25,l:1,w:5},{x:6,y:16,l:10,w:4},{x:0,y:16,l:6,w:6},{x:0,y:22,l:3,w:6},{x:13,y:26,l:4,w:7},{x:8,y:26,l:2,w:5},{x:10,y:28,l:2,w:3},{x:3,y:26,l:3,w:5},{x:0,y:26,l:3,w:3},],
----------------------- 4 ---------------------------
canvasWidth:30,
canvasHeight:30,
data:[{x:24,y:0,l:7,w:6},{x:25,y:7,l:7,w:5},{x:24,y:7,l:7,w:1},{x:25,y:14,l:6,w:5},{x:24,y:14,l:6,w:1},{x:24,y:20,l:4,w:6},{x:25,y:24,l:6,w:5},{x:21,y:0,l:9,w:3},{x:21,y:9,l:7,w:3},{x:21,y:16,l:4,w:3},{x:21,y:20,l:3,w:3},{x:23,y:23,l:7,w:1},{x:21,y:23,l:5,w:2},{x:16,y:0,l:6,w:5},{x:13,y:0,l:2,w:3},{x:17,y:6,l:6,w:4},{x:19,y:12,l:6,w:2},{x:17,y:12,l:6,w:2},{x:19,y:18,l:3,w:2},{x:19,y:21,l:4,w:2},],
