====================================== Class_06.2bp-16 =====================================
Reduced size: 40 usedBin: 0
[0, 1, 3, 4, 6, 8, 9, 10, 11, 13, 14, 15, 16, 18, 19, 20, 21, 22, 25, 27, 28, 29, 30, 31, 32, 34, 36, 37, 39]
[2, 5, 7, 12, 17, 23, 24, 26, 33, 35, 38]
------------------------------------------------
Best fit used bin number: 2
Found best solution: 2 0.315

   Statrt add columnAndCut col: 2 cons: 0 cut: 0	0.386

	1 Start Add column using column generation  col: 2 cons: 0 cut: 0	0.386
			Start solve  LP :0.387
			End solve LP obj: 2.0 t: 2
	1 End Add column using column generation : 2.0 col: 2 cons: 0 cut: 0	0.389
   End add columnAndCut : 2.0 colGencnt: 1 price: 0 col: 2 cons: 0 cut: 0	0.389

Node lb: 2.0 ub: 2 : 0.391

Final Found Solution: 2 genNode: 1 extendedNode: 0:0.391
Bin size: 90000
1 : 9504,9300,6120,5800,4543,3420,3127,3108,3100,2940,2178,1722,1504,1386,1364,1190,990,969,714,585,576,553,539,408,406,356,216,216,52, : 66886
2 : 6660,5390,4092,3078,1470,864,736,665,357,272,168, : 23752
----------------------- 1 ---------------------------
canvasWidth:300,
canvasHeight:300,
data:[{x:223,y:0,l:59,w:77},{x:123,y:0,l:58,w:100},{x:92,y:0,l:44,w:31},{x:105,y:44,l:12,w:18},{x:77,y:0,l:39,w:15},{x:232,y:59,l:90,w:68},{x:243,y:149,l:60,w:57},{x:236,y:149,l:58,w:7},{x:232,y:149,l:13,w:4},{x:258,y:209,l:33,w:42},{x:132,y:59,l:93,w:100},{x:90,y:59,l:74,w:42},{x:90,y:133,l:17,w:42},{x:86,y:59,l:89,w:4},{x:79,y:59,l:77,w:7},{x:133,y:152,l:96,w:99},{x:150,y:248,l:21,w:82},{x:24,y:0,l:59,w:53},{x:47,y:59,l:98,w:30},{x:31,y:59,l:94,w:16},{x:24,y:59,l:79,w:7},{x:200,y:269,l:31,w:100},{x:167,y:269,l:30,w:33},{x:82,y:269,l:14,w:85},{x:99,y:283,l:6,w:68},{x:113,y:289,l:4,w:54},{x:0,y:0,l:24,w:24},{x:2,y:24,l:99,w:22},{x:5,y:123,l:51,w:19},],
----------------------- 2 ---------------------------
canvasWidth:300,
canvasHeight:300,
data:[{x:226,y:0,l:90,w:74},{x:128,y:0,l:55,w:98},{x:128,y:55,l:15,w:98},{x:131,y:70,l:7,w:95},{x:134,y:77,l:8,w:92},{x:158,y:85,l:4,w:68},{x:66,y:0,l:66,w:62},{x:92,y:66,l:24,w:36},{x:71,y:66,l:17,w:21},{x:28,y:0,l:81,w:38},{x:38,y:81,l:6,w:28},],
