====================================== Class_09.2bp-18 =====================================
Reduced size: 40 usedBin: 0
[4, 28]
[11, 27]
[9, 36]
[1]
[0, 34]
[16]
[15, 20]
[2, 32, 38]
[5]
[8]
[3, 25]
[10]
[7]
[22, 26, 30, 39]
[21, 23, 35]
[17, 37]
[6, 33]
[12, 24, 29]
[18, 19, 31]
[14]
[13]
------------------------------------------------
Best fit used bin number: 21
Found best solution: 21 0.161

   Statrt add columnAndCut col: 21 cons: 0 cut: 0	0.232

	1 Start Add column using column generation  col: 21 cons: 0 cut: 0	0.232
			Start solve  LP :0.232
			End solve LP obj: 21.0 t: 2
	1 End Add column using column generation : 21.0 col: 21 cons: 0 cut: 0	0.234
   End add columnAndCut : 21.0 colGencnt: 1 price: 0 col: 21 cons: 0 cut: 0	0.235

Node lb: 21.0 ub: 21 : 0.235

Final Found Solution: 21 genNode: 1 extendedNode: 0:0.235
Bin size: 10000
1 : 7469,1575, : 9044
2 : 5427,1824, : 7251
3 : 5848,420, : 6268
4 : 8019, : 8019
5 : 8835,504, : 9339
6 : 4872, : 4872
7 : 4928,3403, : 8331
8 : 7735,800,150, : 8685
9 : 7081, : 7081
10 : 6132, : 6132
11 : 7566,2016, : 9582
12 : 5612, : 5612
13 : 6160, : 6160
14 : 3315,1968,984,96, : 6363
15 : 3344,3172,456, : 6972
16 : 4819,392, : 5211
17 : 6699,640, : 7339
18 : 5037,2047,1562, : 8646
19 : 3645,3575,836, : 8056
20 : 5025, : 5025
21 : 5037, : 5037
----------------------- 1 ---------------------------
canvasWidth:100,
canvasHeight:100,
data:[{x:23,y:0,l:97,w:77},{x:2,y:0,l:75,w:21},],
----------------------- 2 ---------------------------
canvasWidth:100,
canvasHeight:100,
data:[{x:4,y:0,l:19,w:96},{x:33,y:19,l:81,w:67},],
----------------------- 3 ---------------------------
canvasWidth:100,
canvasHeight:100,
data:[{x:32,y:0,l:86,w:68},{x:70,y:86,l:14,w:30},],
----------------------- 4 ---------------------------
canvasWidth:100,
canvasHeight:100,
data:[{x:1,y:0,l:81,w:99},],
----------------------- 5 ---------------------------
canvasWidth:100,
canvasHeight:100,
data:[{x:7,y:0,l:95,w:93},{x:1,y:0,l:84,w:6},],
----------------------- 6 ---------------------------
canvasWidth:100,
canvasHeight:100,
data:[{x:44,y:0,l:87,w:56},],
----------------------- 7 ---------------------------
canvasWidth:100,
canvasHeight:100,
data:[{x:44,y:0,l:88,w:56},{x:3,y:0,l:83,w:41},],
----------------------- 8 ---------------------------
canvasWidth:100,
canvasHeight:100,
data:[{x:15,y:0,l:91,w:85},{x:0,y:0,l:10,w:15},{x:5,y:10,l:80,w:10},],
----------------------- 9 ---------------------------
canvasWidth:100,
canvasHeight:100,
data:[{x:27,y:0,l:97,w:73},],
----------------------- 10 ---------------------------
canvasWidth:100,
canvasHeight:100,
data:[{x:27,y:0,l:84,w:73},],
----------------------- 11 ---------------------------
canvasWidth:100,
canvasHeight:100,
data:[{x:22,y:0,l:97,w:78},{x:1,y:0,l:96,w:21},],
----------------------- 12 ---------------------------
canvasWidth:100,
canvasHeight:100,
data:[{x:8,y:0,l:61,w:92},],
----------------------- 13 ---------------------------
canvasWidth:100,
canvasHeight:100,
data:[{x:20,y:0,l:77,w:80},],
----------------------- 14 ---------------------------
canvasWidth:100,
canvasHeight:100,
data:[{x:35,y:0,l:51,w:65},{x:59,y:51,l:48,w:41},{x:35,y:51,l:41,w:24},{x:35,y:92,l:4,w:24},],
----------------------- 15 ---------------------------
canvasWidth:100,
canvasHeight:100,
data:[{x:24,y:0,l:44,w:76},{x:39,y:44,l:52,w:61},{x:27,y:44,l:38,w:12},],
----------------------- 16 ---------------------------
canvasWidth:100,
canvasHeight:100,
data:[{x:21,y:0,l:61,w:79},{x:7,y:0,l:28,w:14},],
----------------------- 17 ---------------------------
canvasWidth:100,
canvasHeight:100,
data:[{x:92,y:0,l:80,w:8},{x:5,y:0,l:77,w:87},],
----------------------- 18 ---------------------------
canvasWidth:100,
canvasHeight:100,
data:[{x:31,y:0,l:73,w:69},{x:9,y:0,l:71,w:22},{x:11,y:73,l:23,w:89},],
----------------------- 19 ---------------------------
canvasWidth:100,
canvasHeight:100,
data:[{x:55,y:0,l:81,w:45},{x:56,y:81,l:19,w:44},{x:0,y:0,l:65,w:55},],
----------------------- 20 ---------------------------
canvasWidth:100,
canvasHeight:100,
data:[{x:33,y:0,l:75,w:67},],
----------------------- 21 ---------------------------
canvasWidth:100,
canvasHeight:100,
data:[{x:31,y:0,l:73,w:69},],
