====================================== Class_02.2bp-34 =====================================
Reduced size: 80 usedBin: 0
[0, 1, 2, 4, 6, 9, 10, 11, 14, 17, 21, 24, 25, 38, 49, 50, 52, 53, 58, 59, 62, 67, 71, 75, 76]
[3, 5, 7, 8, 12, 13, 15, 16, 19, 22, 23, 27, 28, 30, 32, 42, 46, 47, 48, 51, 63, 66, 69, 70, 73, 77, 78, 79]
[18, 20, 26, 29, 31, 33, 34, 35, 36, 37, 39, 40, 41, 43, 44, 45, 54, 55, 56, 57, 60, 61, 64, 65, 68, 72, 74]
------------------------------------------------
Best fit used bin number: 3
Found best solution: 3 0.266

   Statrt add columnAndCut col: 3 cons: 0 cut: 0	0.313

	1 Start Add column using column generation  col: 3 cons: 0 cut: 0	0.313
			Start solve  LP :0.328
			End solve LP obj: 3.0 t: 0
	1 End Add column using column generation : 3.0 col: 3 cons: 0 cut: 0	0.328
   End add columnAndCut : 3.0 colGencnt: 1 price: 0 col: 3 cons: 0 cut: 0	0.328

Node lb: 3.0 ub: 3 : 0.328

Final Found Solution: 3 genNode: 1 extendedNode: 0:0.328
Bin size: 900
1 : 81,80,72,64,63,60,56,54,50,45,40,40,36,28,20,18,15,15,12,12,10,8,6,3,3, : 891
2 : 70,64,63,63,54,50,48,48,42,40,40,36,36,32,32,24,21,20,20,16,10,8,7,7,4,3,3,1, : 862
3 : 42,42,36,36,32,32,32,30,28,28,28,25,24,24,24,24,15,14,14,12,12,12,9,8,8,4,4, : 599
----------------------- 1 ---------------------------
canvasWidth:30,
canvasHeight:30,
data:[{x:20,y:0,l:4,w:10},{x:10,y:0,l:4,w:10},{x:3,y:0,l:4,w:7},{x:0,y:0,l:4,w:3},{x:22,y:4,l:10,w:8},{x:22,y:14,l:8,w:8},{x:22,y:22,l:7,w:8},{x:22,y:29,l:1,w:8},{x:12,y:4,l:5,w:10},{x:3,y:4,l:5,w:9},{x:0,y:4,l:5,w:3},{x:13,y:9,l:8,w:9},{x:13,y:17,l:7,w:9},{x:13,y:24,l:6,w:9},{x:4,y:9,l:9,w:9},{x:0,y:9,l:9,w:4},{x:3,y:18,l:6,w:10},{x:0,y:18,l:5,w:3},{x:0,y:23,l:1,w:3},{x:3,y:24,l:2,w:10},{x:0,y:24,l:2,w:3},{x:3,y:26,l:1,w:10},{x:0,y:26,l:1,w:3},{x:9,y:27,l:3,w:4},{x:0,y:27,l:2,w:9},],
----------------------- 2 ---------------------------
canvasWidth:30,
canvasHeight:30,
data:[{x:23,y:0,l:10,w:7},{x:16,y:0,l:9,w:7},{x:16,y:9,l:1,w:7},{x:11,y:0,l:10,w:5},{x:9,y:0,l:10,w:2},{x:7,y:0,l:10,w:2},{x:1,y:0,l:9,w:6},{x:4,y:9,l:1,w:3},{x:22,y:10,l:8,w:8},{x:22,y:18,l:5,w:8},{x:22,y:23,l:4,w:8},{x:23,y:27,l:3,w:7},{x:22,y:27,l:3,w:1},{x:16,y:10,l:8,w:6},{x:14,y:10,l:8,w:2},{x:13,y:10,l:8,w:1},{x:13,y:18,l:7,w:9},{x:14,y:25,l:5,w:8},{x:13,y:25,l:1,w:1},{x:9,y:10,l:9,w:4},{x:5,y:10,l:9,w:4},{x:1,y:10,l:8,w:4},{x:1,y:18,l:1,w:4},{x:7,y:19,l:8,w:6},{x:1,y:19,l:7,w:6},{x:5,y:27,l:3,w:8},{x:0,y:0,l:10,w:1},{x:0,y:10,l:7,w:1},],
----------------------- 3 ---------------------------
canvasWidth:30,
canvasHeight:30,
data:[{x:23,y:0,l:6,w:7},{x:16,y:0,l:6,w:7},{x:10,y:0,l:6,w:6},{x:5,y:0,l:6,w:5},{x:0,y:0,l:5,w:5},{x:24,y:6,l:6,w:6},{x:24,y:12,l:4,w:6},{x:24,y:16,l:4,w:6},{x:24,y:20,l:4,w:6},{x:27,y:24,l:4,w:3},{x:25,y:24,l:4,w:2},{x:24,y:24,l:4,w:1},{x:24,y:28,l:2,w:6},{x:20,y:6,l:8,w:4},{x:20,y:14,l:8,w:4},{x:20,y:22,l:8,w:4},{x:16,y:6,l:7,w:4},{x:16,y:13,l:7,w:4},{x:16,y:20,l:7,w:4},{x:16,y:27,l:3,w:4},{x:9,y:6,l:2,w:7},{x:2,y:6,l:2,w:7},{x:13,y:8,l:8,w:3},{x:10,y:8,l:5,w:3},{x:10,y:13,l:3,w:3},{x:8,y:8,l:4,w:2},{x:8,y:12,l:2,w:2},],
