====================================== Class_10.2bp-34 =====================================
Reduced size: 80 usedBin: 0
[15, 27, 30, 35, 36, 38, 44, 63, 67, 70]
[4, 19, 60, 62, 68]
[3, 23, 59]
[9, 17, 26, 43, 61, 64, 71, 74, 76]
[8, 16, 25]
[2, 49, 54]
[1]
[7, 34, 37, 40, 41, 50, 52, 65, 69, 79]
[0, 47, 51, 77]
[12, 18, 20, 31, 42, 73]
[10, 14, 28, 33, 45, 78]
[6, 13, 21, 66, 75]
[5, 29, 32, 46, 48, 55, 56, 57, 72]
[11, 22, 24, 39, 53, 58]
------------------------------------------------
Best fit used bin number: 14
Found best solution: 14 0.25

   Statrt add columnAndCut col: 14 cons: 0 cut: 0	0.313

	1 Start Add column using column generation  col: 14 cons: 0 cut: 0	0.313
			Start solve  LP :0.313
			End solve LP obj: 14.0 t: 16
	1 End Add column using column generation : 14.0 col: 14 cons: 0 cut: 0	0.329
   End add columnAndCut : 14.0 colGencnt: 1 price: 0 col: 14 cons: 0 cut: 0	0.329

Node lb: 14.0 ub: 14 : 0.329

Final Found Solution: 14 genNode: 1 extendedNode: 0:0.329
Bin size: 10000
1 : 3080,1248,1110,903,833,760,560,238,204,192, : 9128
2 : 6370,2430,270,240,201, : 9511
3 : 6688,1530,294, : 8512
4 : 4074,2886,1248,612,255,225,141,66,44, : 9551
5 : 4554,2940,1395, : 8889
6 : 7740,532,392, : 8664
7 : 8184, : 8184
8 : 4608,928,798,750,729,490,468,216,198,10, : 9195
9 : 8712,540,484,42, : 9778
10 : 3168,2538,2000,1012,672,112, : 9502
11 : 3477,3081,1170,960,558,36, : 9282
12 : 4752,3150,1610,210,49, : 9771
13 : 4959,1150,988,558,533,375,368,360,132, : 9423
14 : 3402,1530,1407,756,396,342, : 7833
----------------------- 1 ---------------------------
canvasWidth:100,
canvasHeight:100,
data:[{x:80,y:0,l:38,w:20},{x:41,y:0,l:32,w:39},{x:46,y:32,l:6,w:34},{x:4,y:0,l:30,w:37},{x:7,y:30,l:7,w:34},{x:23,y:38,l:40,w:77},{x:72,y:78,l:20,w:28},{x:23,y:78,l:17,w:49},{x:2,y:38,l:43,w:21},{x:11,y:81,l:16,w:12},],
----------------------- 2 ---------------------------
canvasWidth:100,
canvasHeight:100,
data:[{x:73,y:0,l:90,w:27},{x:70,y:0,l:90,w:3},{x:70,y:90,l:8,w:30},{x:0,y:0,l:91,w:70},{x:3,y:91,l:3,w:67},],
----------------------- 3 ---------------------------
canvasWidth:100,
canvasHeight:100,
data:[{x:24,y:0,l:88,w:76},{x:6,y:0,l:85,w:18},{x:0,y:0,l:49,w:6},],
----------------------- 4 ---------------------------
canvasWidth:100,
canvasHeight:100,
data:[{x:58,y:0,l:97,w:42},{x:67,y:97,l:2,w:33},{x:42,y:0,l:78,w:16},{x:43,y:78,l:17,w:15},{x:47,y:95,l:4,w:11},{x:5,y:0,l:78,w:37},{x:6,y:78,l:17,w:36},{x:0,y:0,l:45,w:5},{x:2,y:45,l:47,w:3},],
----------------------- 5 ---------------------------
canvasWidth:100,
canvasHeight:100,
data:[{x:2,y:0,l:30,w:98},{x:34,y:30,l:69,w:66},{x:3,y:30,l:45,w:31},],
----------------------- 6 ---------------------------
canvasWidth:100,
canvasHeight:100,
data:[{x:14,y:0,l:90,w:86},{x:0,y:0,l:38,w:14},{x:0,y:38,l:28,w:14},],
----------------------- 7 ---------------------------
canvasWidth:100,
canvasHeight:100,
data:[{x:7,y:0,l:88,w:93},],
----------------------- 8 ---------------------------
canvasWidth:100,
canvasHeight:100,
data:[{x:36,y:0,l:72,w:64},{x:62,y:72,l:21,w:38},{x:67,y:93,l:6,w:33},{x:36,y:72,l:18,w:26},{x:9,y:0,l:27,w:27},{x:1,y:0,l:27,w:8},{x:0,y:0,l:10,w:1},{x:1,y:27,l:14,w:35},{x:4,y:41,l:29,w:32},{x:11,y:70,l:30,w:25},],
----------------------- 9 ---------------------------
canvasWidth:100,
canvasHeight:100,
data:[{x:12,y:0,l:99,w:88},{x:0,y:0,l:45,w:12},{x:1,y:45,l:44,w:11},{x:0,y:45,l:42,w:1},],
----------------------- 10 ---------------------------
canvasWidth:100,
canvasHeight:100,
data:[{x:28,y:0,l:44,w:72},{x:50,y:44,l:40,w:50},{x:58,y:84,l:16,w:42},{x:51,y:84,l:16,w:7},{x:28,y:44,l:46,w:22},{x:1,y:0,l:94,w:27},],
----------------------- 11 ---------------------------
canvasWidth:100,
canvasHeight:100,
data:[{x:21,y:0,l:39,w:79},{x:3,y:0,l:31,w:18},{x:0,y:0,l:12,w:3},{x:43,y:39,l:61,w:57},{x:4,y:39,l:30,w:39},{x:11,y:69,l:30,w:32},],
----------------------- 12 ---------------------------
canvasWidth:100,
canvasHeight:100,
data:[{x:52,y:0,l:99,w:48},{x:6,y:0,l:35,w:46},{x:0,y:0,l:35,w:6},{x:2,y:35,l:63,w:50},{x:3,y:98,l:1,w:49},],
----------------------- 13 ---------------------------
canvasWidth:100,
canvasHeight:100,
data:[{x:43,y:0,l:87,w:57},{x:59,y:87,l:13,w:41},{x:48,y:87,l:12,w:11},{x:17,y:0,l:38,w:26},{x:18,y:38,l:15,w:25},{x:9,y:0,l:46,w:8},{x:0,y:0,l:40,w:9},{x:18,y:54,l:46,w:25},{x:0,y:54,l:31,w:18},],
----------------------- 14 ---------------------------
canvasWidth:100,
canvasHeight:100,
data:[{x:46,y:0,l:63,w:54},{x:55,y:63,l:34,w:45},{x:25,y:0,l:67,w:21},{x:16,y:0,l:44,w:9},{x:7,y:0,l:38,w:9},{x:18,y:73,l:27,w:28},],
