====================================== Class_08.2bp-28 =====================================
Reduced size: 60 usedBin: 0
[5, 17, 35]
[1, 31, 50, 59]
[9, 10, 29]
[0, 55]
[2, 30, 37, 51, 56]
[7, 12, 40]
[4, 13]
[6, 54]
[15, 26, 32, 58]
[3, 11]
[8, 20, 33, 46]
[16, 21, 23, 57]
[19, 22, 24, 48]
[14, 18, 43]
[28, 36]
[25, 27, 34, 38]
[39, 41, 42, 44, 45, 47, 49, 52, 53]
------------------------------------------------
Best fit used bin number: 17
Found best solution: 17 0.141

   Statrt add columnAndCut col: 17 cons: 0 cut: 0	0.204

	1 Start Add column using column generation  col: 17 cons: 0 cut: 0	0.204
			Start solve  LP :0.204
			End solve LP obj: 17.0 t: 0
	1 End Add column using column generation : 17.0 col: 17 cons: 0 cut: 0	0.204
   End add columnAndCut : 17.0 colGencnt: 1 price: 0 col: 17 cons: 0 cut: 0	0.204

Node lb: 17.0 ub: 17 : 0.204

Final Found Solution: 17 genNode: 1 extendedNode: 0:0.204
Bin size: 10000
1 : 4800,2916,1600, : 9316
2 : 5880,1988,518,162, : 8548
3 : 3690,3663,2079, : 9432
4 : 9504,360, : 9864
5 : 5184,2075,1368,495,350, : 9472
6 : 3916,3234,1218, : 8368
7 : 4864,3234, : 8098
8 : 4400,368, : 4768
9 : 3182,2442,1863,210, : 7697
10 : 4950,3650, : 8600
11 : 3850,2808,1760,770, : 9188
12 : 3003,2808,2548,225, : 8584
13 : 2821,2652,2548,609, : 8630
14 : 3196,2880,1001, : 7077
15 : 2240,1407, : 3647
16 : 2475,2336,1702,1350, : 7863
17 : 1330,1044,1012,994,864,748,600,474,456, : 7522
----------------------- 1 ---------------------------
canvasWidth:100,
canvasHeight:100,
data:[{x:0,y:0,l:48,w:100},{x:0,y:48,l:16,w:100},{x:19,y:64,l:36,w:81},],
----------------------- 2 ---------------------------
canvasWidth:100,
canvasHeight:100,
data:[{x:16,y:0,l:70,w:84},{x:19,y:70,l:2,w:81},{x:29,y:72,l:28,w:71},{x:0,y:0,l:37,w:14},],
----------------------- 3 ---------------------------
canvasWidth:100,
canvasHeight:100,
data:[{x:1,y:0,l:37,w:99},{x:1,y:37,l:21,w:99},{x:10,y:58,l:41,w:90},],
----------------------- 4 ---------------------------
canvasWidth:100,
canvasHeight:100,
data:[{x:1,y:0,l:96,w:99},{x:10,y:96,l:4,w:90},],
----------------------- 5 ---------------------------
canvasWidth:100,
canvasHeight:100,
data:[{x:36,y:0,l:81,w:64},{x:25,y:0,l:45,w:11},{x:26,y:45,l:35,w:10},{x:28,y:81,l:19,w:72},{x:0,y:0,l:83,w:25},],
----------------------- 6 ---------------------------
canvasWidth:100,
canvasHeight:100,
data:[{x:11,y:0,l:44,w:89},{x:13,y:44,l:14,w:87},{x:23,y:58,l:42,w:77},],
----------------------- 7 ---------------------------
canvasWidth:100,
canvasHeight:100,
data:[{x:67,y:0,l:98,w:33},{x:3,y:0,l:76,w:64},],
----------------------- 8 ---------------------------
canvasWidth:100,
canvasHeight:100,
data:[{x:50,y:0,l:88,w:50},{x:54,y:88,l:8,w:46},],
----------------------- 9 ---------------------------
canvasWidth:100,
canvasHeight:100,
data:[{x:14,y:0,l:37,w:86},{x:19,y:37,l:23,w:81},{x:30,y:60,l:3,w:70},{x:34,y:63,l:37,w:66},],
----------------------- 10 ---------------------------
canvasWidth:100,
canvasHeight:100,
data:[{x:1,y:0,l:50,w:99},{x:27,y:50,l:50,w:73},],
----------------------- 11 ---------------------------
canvasWidth:100,
canvasHeight:100,
data:[{x:23,y:0,l:50,w:77},{x:28,y:50,l:39,w:72},{x:30,y:89,l:11,w:70},{x:1,y:0,l:80,w:22},],
----------------------- 12 ---------------------------
canvasWidth:100,
canvasHeight:100,
data:[{x:9,y:0,l:33,w:91},{x:9,y:33,l:28,w:91},{x:22,y:61,l:36,w:78},{x:25,y:97,l:3,w:75},],
----------------------- 13 ---------------------------
canvasWidth:100,
canvasHeight:100,
data:[{x:9,y:0,l:31,w:91},{x:9,y:31,l:28,w:91},{x:13,y:59,l:7,w:87},{x:22,y:66,l:34,w:78},],
----------------------- 14 ---------------------------
canvasWidth:100,
canvasHeight:100,
data:[{x:23,y:0,l:13,w:77},{x:28,y:13,l:40,w:72},{x:32,y:53,l:47,w:68},],
----------------------- 15 ---------------------------
canvasWidth:100,
canvasHeight:100,
data:[{x:30,y:0,l:32,w:70},{x:33,y:32,l:21,w:67},],
----------------------- 16 ---------------------------
canvasWidth:100,
canvasHeight:100,
data:[{x:1,y:0,l:25,w:99},{x:25,y:25,l:18,w:75},{x:26,y:43,l:23,w:74},{x:27,y:66,l:32,w:73},],
----------------------- 17 ---------------------------
canvasWidth:100,
canvasHeight:100,
data:[{x:8,y:0,l:11,w:92},{x:13,y:11,l:12,w:87},{x:21,y:23,l:6,w:79},{x:24,y:29,l:6,w:76},{x:25,y:35,l:8,w:75},{x:28,y:43,l:12,w:72},{x:29,y:55,l:14,w:71},{x:30,y:69,l:19,w:70},{x:32,y:88,l:11,w:68},],
