====================================== Class_08.2bp-1 =====================================
Reduced size: 20 usedBin: 0
[0, 10, 14, 17]
[5, 7, 15]
[3, 6, 18, 19]
[4, 13, 16]
[1]
[2, 11]
[8, 9, 12]
------------------------------------------------
Best fit used bin number: 7
Found best solution: 7 0.157

   Statrt add columnAndCut col: 7 cons: 0 cut: 0	0.235

	1 Start Add column using column generation  col: 7 cons: 0 cut: 0	0.235
			Start solve  LP :0.235
			End solve LP obj: 7.0 t: 0
	1 End Add column using column generation : 7.0 col: 7 cons: 0 cut: 0	0.235
   End add columnAndCut : 7.0 colGencnt: 1 price: 0 col: 7 cons: 0 cut: 0	0.235

Node lb: 7.0 ub: 7 : 0.235

Final Found Solution: 7 genNode: 1 extendedNode: 0:0.235
Bin size: 10000
1 : 5346,1710,1088,873, : 9017
2 : 3608,3195,1067, : 7870
3 : 3822,3312,352,72, : 7558
4 : 3700,1092,962, : 5754
5 : 4148, : 4148
6 : 3922,1463, : 5385
7 : 2924,2592,1152, : 6668
----------------------- 1 ---------------------------
canvasWidth:100,
canvasHeight:100,
data:[{x:3,y:0,l:9,w:97},{x:81,y:9,l:90,w:19},{x:0,y:9,l:66,w:81},{x:13,y:75,l:16,w:68},],
----------------------- 2 ---------------------------
canvasWidth:100,
canvasHeight:100,
data:[{x:3,y:0,l:11,w:97},{x:12,y:11,l:41,w:88},{x:29,y:52,l:45,w:71},],
----------------------- 3 ---------------------------
canvasWidth:100,
canvasHeight:100,
data:[{x:96,y:0,l:88,w:4},{x:18,y:0,l:49,w:78},{x:27,y:49,l:48,w:69},{x:0,y:0,l:72,w:1},],
----------------------- 4 ---------------------------
canvasWidth:100,
canvasHeight:100,
data:[{x:87,y:0,l:84,w:13},{x:37,y:0,l:74,w:50},{x:24,y:0,l:74,w:13},],
----------------------- 5 ---------------------------
canvasWidth:100,
canvasHeight:100,
data:[{x:39,y:0,l:68,w:61},],
----------------------- 6 ---------------------------
canvasWidth:100,
canvasHeight:100,
data:[{x:23,y:0,l:19,w:77},{x:47,y:19,l:74,w:53},],
----------------------- 7 ---------------------------
canvasWidth:100,
canvasHeight:100,
data:[{x:14,y:0,l:34,w:86},{x:28,y:34,l:36,w:72},{x:28,y:70,l:16,w:72},],
