====================================== Class_01.2bp-10 =====================================
Reduced size: 40 usedBin: 0
[10, 12, 21, 24, 31, 36]
[2, 17, 19, 38]
[5, 8, 28, 30, 37]
[0, 29]
[1, 18, 25, 39]
[9, 11, 20, 27, 32]
[4, 16, 22, 34]
[3, 14, 26, 33, 35]
[6, 7]
[13, 15, 23]
------------------------------------------------
Best fit used bin number: 10
Found best solution: 10 0.141

   Statrt add columnAndCut col: 10 cons: 0 cut: 0	0.203

	1 Start Add column using column generation  col: 10 cons: 0 cut: 0	0.203
			Start solve  LP :0.203
			End solve LP obj: 10.0 t: 0
	1 End Add column using column generation : 10.0 col: 10 cons: 0 cut: 0	0.203
   End add columnAndCut : 10.0 colGencnt: 1 price: 0 col: 10 cons: 0 cut: 0	0.203

Node lb: 10.0 ub: 10 : 0.219

Final Found Solution: 10 genNode: 1 extendedNode: 0:0.219
Bin size: 100
1 : 30,28,16,12,4,3, : 93
2 : 60,20,18,2, : 100
3 : 45,40,7,5,3, : 100
4 : 72,7, : 79
5 : 63,18,9,1, : 91
6 : 32,30,16,8,4, : 90
7 : 48,24,14,4, : 90
8 : 54,27,9,4,4, : 98
9 : 45,45, : 90
10 : 28,24,12, : 64
----------------------- 1 ---------------------------
canvasWidth:10,
canvasHeight:10,
data:[{x:0,y:0,l:3,w:10},{x:2,y:3,l:2,w:8},{x:0,y:3,l:2,w:2},{x:7,y:5,l:4,w:3},{x:7,y:9,l:1,w:3},{x:0,y:5,l:4,w:7},],
----------------------- 2 ---------------------------
canvasWidth:10,
canvasHeight:10,
data:[{x:4,y:0,l:10,w:6},{x:2,y:0,l:10,w:2},{x:0,y:0,l:9,w:2},{x:0,y:9,l:1,w:2},],
----------------------- 3 ---------------------------
canvasWidth:10,
canvasHeight:10,
data:[{x:5,y:0,l:9,w:5},{x:5,y:9,l:1,w:5},{x:1,y:0,l:10,w:4},{x:0,y:0,l:7,w:1},{x:0,y:7,l:3,w:1},],
----------------------- 4 ---------------------------
canvasWidth:10,
canvasHeight:10,
data:[{x:2,y:0,l:9,w:8},{x:1,y:0,l:7,w:1},],
----------------------- 5 ---------------------------
canvasWidth:10,
canvasHeight:10,
data:[{x:1,y:0,l:1,w:9},{x:0,y:0,l:1,w:1},{x:3,y:1,l:9,w:7},{x:0,y:1,l:6,w:3},],
----------------------- 6 ---------------------------
canvasWidth:10,
canvasHeight:10,
data:[{x:6,y:0,l:4,w:4},{x:4,y:0,l:4,w:2},{x:5,y:4,l:6,w:5},{x:0,y:0,l:8,w:4},{x:2,y:8,l:2,w:2},],
----------------------- 7 ---------------------------
canvasWidth:10,
canvasHeight:10,
data:[{x:2,y:0,l:6,w:8},{x:2,y:6,l:3,w:8},{x:0,y:0,l:7,w:2},{x:0,y:7,l:2,w:2},],
----------------------- 8 ---------------------------
canvasWidth:10,
canvasHeight:10,
data:[{x:1,y:0,l:3,w:9},{x:1,y:3,l:1,w:9},{x:0,y:0,l:4,w:1},{x:1,y:4,l:6,w:9},{x:0,y:4,l:4,w:1},],
----------------------- 9 ---------------------------
canvasWidth:10,
canvasHeight:10,
data:[{x:5,y:0,l:9,w:5},{x:0,y:0,l:9,w:5},],
----------------------- 10 ---------------------------
canvasWidth:10,
canvasHeight:10,
data:[{x:7,y:0,l:8,w:3},{x:0,y:0,l:4,w:7},{x:3,y:4,l:3,w:4},],
