====================================== Class_10.2bp-32 =====================================
Reduced size: 80 usedBin: 0
[7, 10, 27, 34, 47, 52, 77]
[2, 11, 69, 72, 74]
[5, 23, 30, 36, 37, 46, 57, 61, 76, 78]
[4, 18, 26, 38, 67]
[6, 9, 19, 45]
[1, 29, 42, 62, 68, 75]
[0, 21, 63]
[3, 31, 33, 44, 53, 54]
[8, 14, 16, 20, 41, 55]
[12, 13, 15, 17, 28, 48, 51, 59, 70, 71]
[22, 24, 25, 32, 35, 39, 40, 43, 49, 50, 56, 58, 60, 64, 65, 66, 73, 79]
------------------------------------------------
Best fit used bin number: 11
Found best solution: 11 0.282

   Statrt add columnAndCut col: 11 cons: 0 cut: 0	0.36

	1 Start Add column using column generation  col: 11 cons: 0 cut: 0	0.36
			Start solve  LP :0.36
			End solve LP obj: 11.0 t: 0
	1 End Add column using column generation : 11.0 col: 11 cons: 0 cut: 0	0.36
   End add columnAndCut : 11.0 colGencnt: 1 price: 0 col: 11 cons: 0 cut: 0	0.36

Node lb: 11.0 ub: 11 : 0.36

Final Found Solution: 11 genNode: 1 extendedNode: 0:0.36
Bin size: 10000
1 : 3900,3082,900,735,486,288,21, : 9412
2 : 7722,1953,96,77,41, : 9889
3 : 4958,1056,840,720,700,492,198,156,25,13, : 9158
4 : 6072,1457,924,686,104, : 9243
5 : 3920,3540,1225,504, : 9189
6 : 7920,840,584,150,99,40, : 9633
7 : 7938,1170,124, : 9232
8 : 6438,816,748,512,261,256, : 9031
9 : 3825,1786,1610,1204,594,245, : 9264
10 : 1920,1911,1634,1530,888,462,312,170,85,78, : 8990
11 : 1064,1012,957,792,720,640,616,525,391,333,207,186,160,124,114,108,45,8, : 8002
----------------------- 1 ---------------------------
canvasWidth:100,
canvasHeight:100,
data:[{x:61,y:0,l:100,w:39},{x:15,y:0,l:67,w:46},{x:0,y:0,l:49,w:15},{x:31,y:67,l:30,w:30},{x:13,y:67,l:27,w:18},{x:1,y:67,l:24,w:12},{x:0,y:67,l:21,w:1},],
----------------------- 2 ---------------------------
canvasWidth:100,
canvasHeight:100,
data:[{x:1,y:0,l:78,w:99},{x:0,y:0,l:41,w:1},{x:7,y:78,l:21,w:93},{x:0,y:78,l:11,w:7},{x:4,y:99,l:1,w:96},],
----------------------- 3 ---------------------------
canvasWidth:100,
canvasHeight:100,
data:[{x:26,y:0,l:67,w:74},{x:67,y:67,l:32,w:33},{x:75,y:99,l:1,w:25},{x:28,y:67,l:4,w:39},{x:37,y:71,l:28,w:30},{x:28,y:71,l:22,w:9},{x:20,y:0,l:82,w:6},{x:5,y:0,l:48,w:15},{x:7,y:48,l:1,w:13},{x:6,y:50,l:50,w:14},],
----------------------- 4 ---------------------------
canvasWidth:100,
canvasHeight:100,
data:[{x:93,y:0,l:98,w:7},{x:5,y:0,l:69,w:88},{x:46,y:69,l:31,w:47},{x:13,y:69,l:28,w:33},{x:5,y:69,l:13,w:8},],
----------------------- 5 ---------------------------
canvasWidth:100,
canvasHeight:100,
data:[{x:2,y:0,l:40,w:98},{x:41,y:40,l:60,w:59},{x:16,y:40,l:49,w:25},{x:2,y:40,l:36,w:14},],
----------------------- 6 ---------------------------
canvasWidth:100,
canvasHeight:100,
data:[{x:12,y:0,l:90,w:88},{x:85,y:90,l:10,w:15},{x:12,y:90,l:8,w:73},{x:2,y:0,l:84,w:10},{x:2,y:84,l:4,w:10},{x:3,y:88,l:11,w:9},],
----------------------- 7 ---------------------------
canvasWidth:100,
canvasHeight:100,
data:[{x:19,y:0,l:98,w:81},{x:4,y:0,l:78,w:15},{x:0,y:0,l:31,w:4},],
----------------------- 8 ---------------------------
canvasWidth:100,
canvasHeight:100,
data:[{x:13,y:0,l:74,w:87},{x:2,y:0,l:68,w:11},{x:52,y:74,l:17,w:48},{x:71,y:91,l:9,w:29},{x:20,y:74,l:16,w:32},{x:4,y:74,l:16,w:16},],
----------------------- 9 ---------------------------
canvasWidth:100,
canvasHeight:100,
data:[{x:55,y:0,l:85,w:45},{x:8,y:0,l:38,w:47},{x:1,y:0,l:35,w:7},{x:20,y:38,l:46,w:35},{x:2,y:38,l:33,w:18},{x:14,y:85,l:14,w:86},],
----------------------- 10 ---------------------------
canvasWidth:100,
canvasHeight:100,
data:[{x:60,y:0,l:48,w:40},{x:26,y:0,l:45,w:34},{x:2,y:0,l:37,w:24},{x:66,y:48,l:5,w:34},{x:49,y:48,l:5,w:17},{x:62,y:53,l:43,w:38},{x:51,y:53,l:42,w:11},{x:49,y:53,l:39,w:2},{x:0,y:48,l:39,w:49},{x:25,y:87,l:13,w:24},],
----------------------- 11 ---------------------------
canvasWidth:100,
canvasHeight:100,
data:[{x:67,y:0,l:24,w:33},{x:69,y:24,l:4,w:31},{x:44,y:0,l:17,w:23},{x:44,y:17,l:9,w:23},{x:6,y:0,l:3,w:38},{x:12,y:3,l:20,w:32},{x:12,y:23,l:5,w:32},{x:77,y:28,l:44,w:23},{x:68,y:28,l:37,w:9},{x:68,y:65,l:5,w:9},{x:40,y:28,l:38,w:28},{x:41,y:66,l:4,w:27},{x:7,y:28,l:29,w:33},{x:78,y:72,l:28,w:22},{x:42,y:72,l:20,w:36},{x:77,y:92,l:8,w:1},{x:46,y:92,l:6,w:31},{x:21,y:72,l:25,w:21},],
