====================================== Class_10.2bp-40 =====================================
Reduced size: 100 usedBin: 0
[2, 29, 65, 80, 81, 82]
[12, 15, 31, 45, 46, 57, 60, 95]
[0, 50, 55, 62, 64]
[7, 14, 37, 48, 54, 58, 66]
[9, 30, 41, 42, 52, 53, 63, 71, 79, 87]
[6, 24, 25, 39, 44, 96]
[8, 16, 20, 33, 84]
[10, 13, 19, 61, 70, 89, 91, 94]
[1, 43, 47, 59, 92]
[4, 32, 40, 51, 67, 86]
[3, 28, 36, 75, 78]
[18, 22, 27, 34, 35, 49, 69, 76, 77, 83, 88, 93, 97, 99]
[5, 23, 26, 68, 72, 85, 98]
[11, 17, 21, 38, 56, 73, 74, 90]
------------------------------------------------
Best fit used bin number: 14
Found best solution: 14 0.282

   Statrt add columnAndCut col: 14 cons: 0 cut: 0	0.36

	1 Start Add column using column generation  col: 14 cons: 0 cut: 0	0.36
			Start solve  LP :0.36
			End solve LP obj: 14.0 t: 0
	1 End Add column using column generation : 14.0 col: 14 cons: 0 cut: 0	0.36
   End add columnAndCut : 14.0 colGencnt: 1 price: 0 col: 14 cons: 0 cut: 0	0.36

Node lb: 14.0 ub: 14 : 0.36

Final Found Solution: 14 genNode: 1 extendedNode: 0:0.36
Bin size: 10000
1 : 6975,1360,475,246,238,228, : 9522
2 : 3286,2303,1292,828,817,608,559,72, : 9765
3 : 7544,702,624,544,476, : 9890
4 : 4042,2349,1000,754,637,588,450, : 9820
5 : 3575,1350,900,900,680,680,539,390,261,150, : 9425
6 : 4704,1564,1536,972,832,60, : 9668
7 : 3977,2208,2009,1274,192, : 9660
8 : 3504,3024,2025,550,414,110,105,72, : 9804
9 : 7238,861,792,588,99, : 9578
10 : 6188,1290,960,684,430,154, : 9706
11 : 6816,1421,1189,290,264, : 9980
12 : 2079,1681,1435,1261,1196,750,416,280,270,204,140,99,60,6, : 9877
13 : 5494,1600,1520,429,385,182,22, : 9632
14 : 3367,2107,1800,975,612,360,343,105, : 9669
----------------------- 1 ---------------------------
canvasWidth:100,
canvasHeight:100,
data:[{x:25,y:0,l:93,w:75},{x:66,y:93,l:7,w:34},{x:25,y:93,l:6,w:41},{x:0,y:0,l:19,w:25},{x:5,y:19,l:68,w:20},{x:6,y:87,l:12,w:19},],
----------------------- 2 ---------------------------
canvasWidth:100,
canvasHeight:100,
data:[{x:47,y:0,l:62,w:53},{x:66,y:62,l:38,w:34},{x:50,y:62,l:38,w:16},{x:0,y:0,l:49,w:47},{x:4,y:49,l:19,w:43},{x:0,y:49,l:18,w:4},{x:1,y:68,l:18,w:46},{x:4,y:87,l:13,w:43},],
----------------------- 3 ---------------------------
canvasWidth:100,
canvasHeight:100,
data:[{x:18,y:0,l:92,w:82},{x:22,y:92,l:8,w:78},{x:0,y:0,l:39,w:18},{x:1,y:39,l:28,w:17},{x:1,y:67,l:32,w:17},],
----------------------- 4 ---------------------------
canvasWidth:100,
canvasHeight:100,
data:[{x:73,y:0,l:87,w:27},{x:26,y:0,l:86,w:47},{x:0,y:0,l:29,w:26},{x:1,y:29,l:40,w:25},{x:1,y:69,l:18,w:25},{x:51,y:87,l:13,w:49},{x:2,y:87,l:12,w:49},],
----------------------- 5 ---------------------------
canvasWidth:100,
canvasHeight:100,
data:[{x:35,y:0,l:55,w:65},{x:80,y:55,l:45,w:20},{x:35,y:55,l:30,w:45},{x:41,y:85,l:10,w:39},{x:50,y:95,l:5,w:30},{x:18,y:0,l:40,w:17},{x:1,y:0,l:40,w:17},{x:24,y:41,l:49,w:11},{x:4,y:41,l:45,w:20},{x:6,y:90,l:9,w:29},],
----------------------- 6 ---------------------------
canvasWidth:100,
canvasHeight:100,
data:[{x:84,y:0,l:96,w:16},{x:85,y:96,l:4,w:15},{x:36,y:0,l:98,w:48},{x:0,y:0,l:27,w:36},{x:2,y:27,l:46,w:34},{x:4,y:74,l:26,w:32},],
----------------------- 7 ---------------------------
canvasWidth:100,
canvasHeight:100,
data:[{x:2,y:0,l:13,w:98},{x:3,y:13,l:41,w:97},{x:52,y:54,l:46,w:48},{x:3,y:54,l:41,w:49},{x:4,y:95,l:4,w:48},],
----------------------- 8 ---------------------------
canvasWidth:100,
canvasHeight:100,
data:[{x:73,y:0,l:75,w:27},{x:78,y:75,l:25,w:22},{x:73,y:75,l:21,w:5},{x:0,y:0,l:48,w:73},{x:1,y:48,l:42,w:72},{x:62,y:90,l:10,w:11},{x:16,y:90,l:9,w:46},{x:8,y:90,l:9,w:8},],
----------------------- 9 ---------------------------
canvasWidth:100,
canvasHeight:100,
data:[{x:94,y:0,l:98,w:6},{x:0,y:0,l:77,w:94},{x:53,y:77,l:21,w:41},{x:9,y:77,l:18,w:44},{x:20,y:95,l:3,w:33},],
----------------------- 10 ---------------------------
canvasWidth:100,
canvasHeight:100,
data:[{x:32,y:0,l:91,w:68},{x:2,y:0,l:43,w:30},{x:12,y:43,l:48,w:20},{x:2,y:43,l:43,w:10},{x:24,y:91,l:9,w:76},{x:2,y:91,l:7,w:22},],
----------------------- 11 ---------------------------
canvasWidth:100,
canvasHeight:100,
data:[{x:71,y:0,l:49,w:29},{x:71,y:49,l:41,w:29},{x:71,y:90,l:10,w:29},{x:0,y:0,l:96,w:71},{x:5,y:96,l:4,w:66},],
----------------------- 12 ---------------------------
canvasWidth:100,
canvasHeight:100,
data:[{x:23,y:0,l:27,w:77},{x:59,y:27,l:41,w:41},{x:24,y:27,l:41,w:35},{x:54,y:68,l:26,w:46},{x:55,y:94,l:6,w:45},{x:54,y:94,l:6,w:1},{x:41,y:68,l:32,w:13},{x:27,y:68,l:20,w:14},{x:23,y:68,l:15,w:4},{x:24,y:88,l:12,w:17},{x:13,y:0,l:75,w:10},{x:13,y:75,l:14,w:10},{x:14,y:89,l:11,w:9},{x:0,y:0,l:97,w:13},],
----------------------- 13 ---------------------------
canvasWidth:100,
canvasHeight:100,
data:[{x:0,y:0,l:16,w:100},{x:33,y:16,l:82,w:67},{x:20,y:16,l:33,w:13},{x:20,y:49,l:14,w:13},{x:22,y:63,l:35,w:11},{x:22,y:98,l:2,w:11},{x:0,y:16,l:76,w:20},],
----------------------- 14 ---------------------------
canvasWidth:100,
canvasHeight:100,
data:[{x:51,y:0,l:43,w:49},{x:17,y:0,l:18,w:34},{x:10,y:0,l:15,w:7},{x:12,y:18,l:25,w:39},{x:0,y:0,l:40,w:9},{x:9,y:43,l:37,w:91},{x:10,y:80,l:20,w:90},{x:0,y:43,l:49,w:7},],
