====================================== Class_05.2bp-17 =====================================
Reduced size: 40 usedBin: 0
[1]
[3, 30, 34]
[18, 23]
[12, 15, 31, 33]
[0, 27]
[7, 26, 36]
[5, 21]
[2, 25]
[6]
[4, 24, 28, 37, 39]
[8]
[16]
[14]
[9, 20]
[10, 22, 32]
[11, 19]
[13, 17, 29, 35, 38]
------------------------------------------------
Best fit used bin number: 17
Found best solution: 17 0.156

   Statrt add columnAndCut col: 17 cons: 0 cut: 0	0.218

	1 Start Add column using column generation  col: 17 cons: 0 cut: 0	0.218
			Start solve  LP :0.218
			End solve LP obj: 17.0 t: 0
	1 End Add column using column generation : 17.0 col: 17 cons: 0 cut: 0	0.218
   End add columnAndCut : 17.0 colGencnt: 1 price: 0 col: 17 cons: 0 cut: 0	0.218

Node lb: 17.0 ub: 17 : 0.218

Final Found Solution: 17 genNode: 1 extendedNode: 0:0.218
Bin size: 10000
1 : 7700, : 7700
2 : 6440,448,360, : 7248
3 : 3608,1989, : 5597
4 : 4704,3920,435,370, : 9429
5 : 8036,846, : 8882
6 : 5772,1134,160, : 7066
7 : 6138,2816, : 8954
8 : 6708,1767, : 8475
9 : 5904, : 5904
10 : 6318,1900,780,120,73, : 9191
11 : 5676, : 5676
12 : 3720, : 3720
13 : 3990, : 3990
14 : 5605,3036, : 8641
15 : 4992,2511,392, : 7895
16 : 4840,3168, : 8008
17 : 4002,3634,712,198,88, : 8634
----------------------- 1 ---------------------------
canvasWidth:100,
canvasHeight:100,
data:[{x:0,y:0,l:77,w:100},],
----------------------- 2 ---------------------------
canvasWidth:100,
canvasHeight:100,
data:[{x:8,y:0,l:70,w:92},{x:1,y:0,l:64,w:7},{x:88,y:70,l:30,w:12},],
----------------------- 3 ---------------------------
canvasWidth:100,
canvasHeight:100,
data:[{x:56,y:0,l:82,w:44},{x:17,y:0,l:51,w:39},],
----------------------- 4 ---------------------------
canvasWidth:100,
canvasHeight:100,
data:[{x:60,y:0,l:98,w:40},{x:11,y:0,l:96,w:49},{x:6,y:0,l:87,w:5},{x:1,y:0,l:74,w:5},],
----------------------- 5 ---------------------------
canvasWidth:100,
canvasHeight:100,
data:[{x:2,y:0,l:82,w:98},{x:6,y:82,l:9,w:94},],
----------------------- 6 ---------------------------
canvasWidth:100,
canvasHeight:100,
data:[{x:26,y:0,l:78,w:74},{x:46,y:78,l:21,w:54},{x:26,y:78,l:8,w:20},],
----------------------- 7 ---------------------------
canvasWidth:100,
canvasHeight:100,
data:[{x:34,y:0,l:93,w:66},{x:2,y:0,l:88,w:32},],
----------------------- 8 ---------------------------
canvasWidth:100,
canvasHeight:100,
data:[{x:81,y:0,l:93,w:19},{x:3,y:0,l:86,w:78},],
----------------------- 9 ---------------------------
canvasWidth:100,
canvasHeight:100,
data:[{x:28,y:0,l:82,w:72},],
----------------------- 10 ---------------------------
canvasWidth:100,
canvasHeight:100,
data:[{x:5,y:0,l:20,w:95},{x:19,y:20,l:78,w:81},{x:4,y:20,l:52,w:15},{x:0,y:20,l:30,w:4},{x:27,y:98,l:1,w:73},],
----------------------- 11 ---------------------------
canvasWidth:100,
canvasHeight:100,
data:[{x:34,y:0,l:86,w:66},],
----------------------- 12 ---------------------------
canvasWidth:100,
canvasHeight:100,
data:[{x:38,y:0,l:60,w:62},],
----------------------- 13 ---------------------------
canvasWidth:100,
canvasHeight:100,
data:[{x:30,y:0,l:57,w:70},],
----------------------- 14 ---------------------------
canvasWidth:100,
canvasHeight:100,
data:[{x:5,y:0,l:59,w:95},{x:8,y:59,l:33,w:92},],
----------------------- 15 ---------------------------
canvasWidth:100,
canvasHeight:100,
data:[{x:96,y:0,l:98,w:4},{x:0,y:0,l:52,w:96},{x:15,y:52,l:31,w:81},],
----------------------- 16 ---------------------------
canvasWidth:100,
canvasHeight:100,
data:[{x:12,y:0,l:55,w:88},{x:28,y:55,l:44,w:72},],
----------------------- 17 ---------------------------
canvasWidth:100,
canvasHeight:100,
data:[{x:92,y:0,l:89,w:8},{x:92,y:89,l:11,w:8},{x:46,y:0,l:87,w:46},{x:70,y:87,l:9,w:22},{x:0,y:0,l:79,w:46},],
