====================================== Class_03.2bp-15 =====================================
Reduced size: 40 usedBin: 0
[6, 14, 17, 22, 26, 32, 37]
[0, 34]
[2, 23, 29, 31, 33]
[3, 15, 19, 38]
[4, 21]
[1, 18, 20, 25, 36]
[5, 12, 35]
[9, 11, 16, 24, 27, 30, 39]
[10, 13, 28]
[7, 8]
------------------------------------------------
Best fit used bin number: 10
Found best solution: 10 0.282

   Statrt add columnAndCut col: 10 cons: 0 cut: 0	0.344

	1 Start Add column using column generation  col: 10 cons: 0 cut: 0	0.344
			Start solve  LP :0.344
			End solve LP obj: 10.0 t: 0
	1 End Add column using column generation : 10.0 col: 10 cons: 0 cut: 0	0.344
   End add columnAndCut : 10.0 colGencnt: 1 price: 0 col: 10 cons: 0 cut: 0	0.344

Node lb: 10.0 ub: 10 : 0.36

Final Found Solution: 10 genNode: 1 extendedNode: 0:0.36
Bin size: 1600
1 : 506,345,253,144,84,33,23, : 1388
2 : 945,26, : 971
3 : 780,125,64,39,32, : 1040
4 : 726,319,196,18, : 1259
5 : 700,165, : 865
6 : 899,250,180,90,25, : 1444
7 : 588,384,26, : 998
8 : 441,391,270,120,80,46,8, : 1356
9 : 441,368,66, : 875
10 : 500,460, : 960
----------------------- 1 ---------------------------
canvasWidth:40,
canvasHeight:40,
data:[{x:17,y:0,l:22,w:23},{x:17,y:22,l:11,w:23},{x:19,y:33,l:4,w:21},{x:2,y:0,l:23,w:15},{x:1,y:0,l:23,w:1},{x:5,y:23,l:12,w:12},{x:6,y:35,l:3,w:11},],
----------------------- 2 ---------------------------
canvasWidth:40,
canvasHeight:40,
data:[{x:13,y:0,l:35,w:27},{x:14,y:35,l:1,w:26},],
----------------------- 3 ---------------------------
canvasWidth:40,
canvasHeight:40,
data:[{x:8,y:0,l:2,w:32},{x:35,y:2,l:25,w:5},{x:37,y:27,l:13,w:3},{x:34,y:2,l:32,w:1},{x:8,y:2,l:30,w:26},],
----------------------- 4 ---------------------------
canvasWidth:40,
canvasHeight:40,
data:[{x:7,y:0,l:22,w:33},{x:11,y:22,l:11,w:29},{x:0,y:0,l:28,w:7},{x:1,y:28,l:3,w:6},],
----------------------- 5 ---------------------------
canvasWidth:40,
canvasHeight:40,
data:[{x:35,y:0,l:33,w:5},{x:0,y:0,l:20,w:35},],
----------------------- 6 ---------------------------
canvasWidth:40,
canvasHeight:40,
data:[{x:11,y:0,l:31,w:29},{x:20,y:31,l:9,w:20},{x:1,y:0,l:25,w:10},{x:0,y:0,l:25,w:1},{x:5,y:25,l:15,w:6},],
----------------------- 7 ---------------------------
canvasWidth:40,
canvasHeight:40,
data:[{x:12,y:0,l:21,w:28},{x:16,y:21,l:16,w:24},{x:14,y:37,l:1,w:26},],
----------------------- 8 ---------------------------
canvasWidth:40,
canvasHeight:40,
data:[{x:17,y:0,l:17,w:23},{x:17,y:17,l:2,w:23},{x:2,y:0,l:18,w:15},{x:1,y:0,l:8,w:1},{x:19,y:19,l:21,w:21},{x:13,y:19,l:20,w:6},{x:9,y:19,l:20,w:4},],
----------------------- 9 ---------------------------
canvasWidth:40,
canvasHeight:40,
data:[{x:24,y:0,l:23,w:16},{x:21,y:0,l:22,w:3},{x:0,y:0,l:21,w:21},],
----------------------- 10 ---------------------------
canvasWidth:40,
canvasHeight:40,
data:[{x:20,y:0,l:25,w:20},{x:0,y:0,l:23,w:20},],
