====================================== Class_10.2bp-26 =====================================
Reduced size: 60 usedBin: 0
[6, 8, 22, 33, 46, 51, 53]
[9, 15, 18, 24, 43, 49, 50]
[3, 13, 21, 39, 52]
[0, 34, 56, 58]
[1, 37, 41]
[4, 17, 20, 42, 55]
[7, 16, 23, 27, 31, 32, 38, 45, 47, 48, 54, 57, 59]
[2, 11, 35, 36]
[5, 10, 29]
[12, 14, 19, 25, 26, 28, 30, 40, 44]
------------------------------------------------
Best fit used bin number: 10
Found best solution: 10 0.245

   Statrt add columnAndCut col: 10 cons: 0 cut: 0	0.303

	1 Start Add column using column generation  col: 10 cons: 0 cut: 0	0.303
			Start solve  LP :0.303
			End solve LP obj: 10.0 t: 2
	1 End Add column using column generation : 10.0 col: 10 cons: 0 cut: 0	0.306
   End add columnAndCut : 10.0 colGencnt: 1 price: 0 col: 10 cons: 0 cut: 0	0.307

Node lb: 10.0 ub: 10 : 0.307

Final Found Solution: 10 genNode: 1 extendedNode: 0:0.307
Bin size: 10000
1 : 3588,3492,1170,407,231,132,110, : 9130
2 : 3298,1920,1419,1025,261,144,144, : 8211
3 : 6039,2108,1178,320,112, : 9757
4 : 9021,405,52,46, : 9524
5 : 8832,352,288, : 9472
6 : 4980,1725,1248,284,56, : 8293
7 : 3551,1848,1080,624,460,420,330,240,220,209,56,50,31, : 9119
8 : 6370,2407,396,392, : 9565
9 : 4437,3075,480, : 7992
10 : 2208,1927,1365,950,700,540,462,297,243, : 8692
----------------------- 1 ---------------------------
canvasWidth:100,
canvasHeight:100,
data:[{x:10,y:0,l:13,w:90},{x:0,y:0,l:11,w:10},{x:3,y:13,l:36,w:97},{x:8,y:49,l:39,w:92},{x:89,y:88,l:12,w:11},{x:52,y:88,l:11,w:37},{x:31,y:88,l:11,w:21},],
----------------------- 2 ---------------------------
canvasWidth:100,
canvasHeight:100,
data:[{x:66,y:0,l:97,w:34},{x:26,y:0,l:48,w:40},{x:1,y:0,l:41,w:25},{x:2,y:41,l:6,w:24},{x:33,y:48,l:43,w:33},{x:24,y:48,l:29,w:9},{x:52,y:97,l:3,w:48},],
----------------------- 3 ---------------------------
canvasWidth:100,
canvasHeight:100,
data:[{x:39,y:0,l:99,w:61},{x:1,y:0,l:31,w:38},{x:8,y:31,l:68,w:31},{x:0,y:31,l:40,w:8},{x:0,y:71,l:14,w:8},],
----------------------- 4 ---------------------------
canvasWidth:100,
canvasHeight:100,
data:[{x:3,y:0,l:93,w:97},{x:2,y:0,l:46,w:1},{x:19,y:93,l:5,w:81},{x:6,y:93,l:4,w:13},],
----------------------- 5 ---------------------------
canvasWidth:100,
canvasHeight:100,
data:[{x:4,y:0,l:92,w:96},{x:56,y:92,l:8,w:44},{x:8,y:92,l:6,w:48},],
----------------------- 6 ---------------------------
canvasWidth:100,
canvasHeight:100,
data:[{x:17,y:0,l:60,w:83},{x:25,y:60,l:23,w:75},{x:29,y:83,l:4,w:71},{x:3,y:0,l:4,w:14},{x:4,y:4,l:96,w:13},],
----------------------- 7 ---------------------------
canvasWidth:100,
canvasHeight:100,
data:[{x:67,y:0,l:10,w:33},{x:72,y:10,l:66,w:28},{x:67,y:10,l:44,w:5},{x:67,y:54,l:10,w:5},{x:69,y:76,l:1,w:31},{x:70,y:77,l:14,w:30},{x:70,y:91,l:8,w:30},{x:0,y:0,l:53,w:67},{x:27,y:53,l:27,w:40},{x:28,y:80,l:16,w:39},{x:7,y:53,l:23,w:20},{x:0,y:53,l:8,w:7},{x:8,y:76,l:11,w:19},],
----------------------- 8 ---------------------------
canvasWidth:100,
canvasHeight:100,
data:[{x:9,y:0,l:70,w:91},{x:0,y:0,l:44,w:9},{x:17,y:70,l:29,w:83},{x:3,y:70,l:28,w:14},],
----------------------- 9 ---------------------------
canvasWidth:100,
canvasHeight:100,
data:[{x:49,y:0,l:87,w:51},{x:8,y:0,l:75,w:41},{x:9,y:75,l:12,w:40},],
----------------------- 10 ---------------------------
canvasWidth:100,
canvasHeight:100,
data:[{x:90,y:0,l:70,w:10},{x:91,y:70,l:27,w:9},{x:66,y:0,l:92,w:24},{x:19,y:0,l:41,w:47},{x:8,y:0,l:27,w:11},{x:16,y:41,l:19,w:50},{x:27,y:60,l:35,w:39},{x:9,y:60,l:30,w:18},{x:0,y:0,l:77,w:6},],
