====================================== Class_10.2bp-18 =====================================
Reduced size: 40 usedBin: 0
[2, 8, 23, 29, 35]
[0, 12]
[1, 22, 26, 31]
[6, 9, 18, 24, 25, 27, 33, 39]
[4, 5, 20, 21, 30, 32]
[7, 11, 13, 16, 28, 36]
[3, 14, 34, 38]
[10, 15, 17, 19, 37]
------------------------------------------------
Best fit used bin number: 8
Found best solution: 8 0.125

   Statrt add columnAndCut col: 8 cons: 0 cut: 0	0.188

	1 Start Add column using column generation  col: 8 cons: 0 cut: 0	0.188
			Start solve  LP :0.188
			End solve LP obj: 8.0 t: 0
	1 End Add column using column generation : 8.0 col: 8 cons: 0 cut: 0	0.188
   End add columnAndCut : 8.0 colGencnt: 1 price: 0 col: 8 cons: 0 cut: 0	0.188

Node lb: 8.0 ub: 8 : 0.188

Final Found Solution: 8 genNode: 1 extendedNode: 0:0.188
Bin size: 10000
1 : 6160,2047,648,456,222, : 9533
2 : 8019,1824, : 9843
3 : 6699,800,504,420, : 8423
4 : 3403,2016,1081,640,558,504,348,24, : 8574
5 : 3645,3575,836,816,442,392, : 9706
6 : 3344,1935,1575,1363,480,150, : 8847
7 : 5037,1562,273,30, : 6902
8 : 1968,1435,1316,984,96, : 5799
----------------------- 1 ---------------------------
canvasWidth:100,
canvasHeight:100,
data:[{x:20,y:0,l:77,w:80},{x:2,y:0,l:36,w:18},{x:8,y:36,l:38,w:12},{x:2,y:36,l:37,w:6},{x:11,y:77,l:23,w:89},],
----------------------- 2 ---------------------------
canvasWidth:100,
canvasHeight:100,
data:[{x:1,y:0,l:81,w:99},{x:4,y:81,l:19,w:96},],
----------------------- 3 ---------------------------
canvasWidth:100,
canvasHeight:100,
data:[{x:90,y:0,l:80,w:10},{x:3,y:0,l:77,w:87},{x:70,y:80,l:14,w:30},{x:28,y:80,l:12,w:42},],
----------------------- 4 ---------------------------
canvasWidth:100,
canvasHeight:100,
data:[{x:79,y:0,l:96,w:21},{x:38,y:0,l:83,w:41},{x:50,y:83,l:12,w:29},{x:38,y:83,l:2,w:12},{x:32,y:0,l:84,w:6},{x:24,y:0,l:80,w:8},{x:1,y:0,l:47,w:23},{x:6,y:47,l:31,w:18},],
----------------------- 5 ---------------------------
canvasWidth:100,
canvasHeight:100,
data:[{x:55,y:0,l:81,w:45},{x:56,y:81,l:19,w:44},{x:0,y:0,l:65,w:55},{x:31,y:65,l:34,w:24},{x:17,y:65,l:28,w:14},{x:0,y:65,l:26,w:17},],
----------------------- 6 ---------------------------
canvasWidth:100,
canvasHeight:100,
data:[{x:24,y:0,l:44,w:76},{x:57,y:44,l:45,w:43},{x:85,y:89,l:10,w:15},{x:28,y:44,l:47,w:29},{x:3,y:0,l:75,w:21},{x:4,y:75,l:24,w:20},],
----------------------- 7 ---------------------------
canvasWidth:100,
canvasHeight:100,
data:[{x:31,y:0,l:73,w:69},{x:9,y:0,l:71,w:22},{x:16,y:71,l:2,w:15},{x:2,y:0,l:39,w:7},],
----------------------- 8 ---------------------------
canvasWidth:100,
canvasHeight:100,
data:[{x:59,y:0,l:48,w:41},{x:24,y:0,l:41,w:35},{x:0,y:0,l:41,w:24},{x:72,y:48,l:47,w:28},{x:76,y:95,l:4,w:24},],
