====================================== Class_03.2bp-45 =====================================
Reduced size: 100 usedBin: 0
[13, 51, 72, 81]
[11, 35, 53]
[30, 33, 38, 74, 87, 99]
[7, 45, 54, 88, 91]
[18, 25, 65, 83, 94]
[1, 52, 78]
[9, 77]
[12, 26]
[24, 56, 82]
[15, 43, 60, 79, 90]
[8, 57, 59, 67]
[19, 44, 49, 64, 92]
[3, 42, 66]
[21, 55, 68, 69, 84, 97]
[14, 36, 61, 80, 96, 98]
[0, 58]
[5, 47, 75, 95]
[20, 48, 63, 70]
[4, 46, 71, 85]
[10, 37]
[6, 40, 62, 76]
[2, 39, 73]
[27, 31, 32]
[23, 28, 50, 89, 93]
[16, 22]
[17, 86]
[29, 34, 41]
------------------------------------------------
Best fit used bin number: 27
Found best solution: 27 0.281

   Statrt add columnAndCut col: 27 cons: 0 cut: 0	0.359

	1 Start Add column using column generation  col: 27 cons: 0 cut: 0	0.359
			Start solve  LP :0.359
			End solve LP obj: 27.0 t: 0
	1 End Add column using column generation : 27.0 col: 27 cons: 0 cut: 0	0.359
   End add columnAndCut : 27.0 colGencnt: 1 price: 0 col: 27 cons: 0 cut: 0	0.359

Node lb: 27.0 ub: 27 : 0.359

Final Found Solution: 27 genNode: 1 extendedNode: 0:0.359
Bin size: 1600
1 : 780,280,140,92, : 1292
2 : 800,416,272, : 1488
3 : 525,450,357,140,68,8, : 1548
4 : 837,308,270,60,44, : 1519
5 : 660,580,204,76,25, : 1545
6 : 980,276,102, : 1358
7 : 816,105, : 921
8 : 782,578, : 1360
9 : 600,255,91, : 946
10 : 770,323,240,100,45, : 1478
11 : 832,252,247,192, : 1523
12 : 650,322,286,210,28, : 1496
13 : 952,340,192, : 1484
14 : 630,264,182,180,75,20, : 1351
15 : 775,390,234,99,24,13, : 1535
16 : 1056,248, : 1304
17 : 850,294,136,24, : 1304
18 : 638,289,220,176, : 1323
19 : 918,300,156,72, : 1446
20 : 806,378, : 1184
21 : 840,348,230,132, : 1550
22 : 980,352,140, : 1472
23 : 540,500,455, : 1495
24 : 600,532,280,60,28, : 1500
25 : 693,608, : 1301
26 : 660,70, : 730
27 : 527,441,340, : 1308
----------------------- 1 ---------------------------
canvasWidth:40,
canvasHeight:40,
data:[{x:10,y:0,l:26,w:30},{x:6,y:0,l:23,w:4},{x:30,y:26,l:14,w:10},{x:2,y:26,l:10,w:28},],
----------------------- 2 ---------------------------
canvasWidth:40,
canvasHeight:40,
data:[{x:15,y:0,l:32,w:25},{x:2,y:0,l:32,w:13},{x:6,y:32,l:8,w:34},],
----------------------- 3 ---------------------------
canvasWidth:40,
canvasHeight:40,
data:[{x:10,y:0,l:15,w:30},{x:0,y:0,l:14,w:10},{x:19,y:15,l:25,w:21},{x:2,y:15,l:4,w:17},{x:0,y:15,l:4,w:2},{x:2,y:19,l:21,w:17},],
----------------------- 4 ---------------------------
canvasWidth:40,
canvasHeight:40,
data:[{x:9,y:0,l:27,w:31},{x:12,y:27,l:11,w:28},{x:18,y:38,l:2,w:22},{x:0,y:0,l:30,w:9},{x:3,y:30,l:10,w:6},],
----------------------- 5 ---------------------------
canvasWidth:40,
canvasHeight:40,
data:[{x:7,y:0,l:20,w:33},{x:11,y:20,l:20,w:29},{x:7,y:20,l:19,w:4},{x:1,y:0,l:34,w:6},{x:0,y:0,l:25,w:1},],
----------------------- 6 ---------------------------
canvasWidth:40,
canvasHeight:40,
data:[{x:12,y:0,l:35,w:28},{x:0,y:0,l:23,w:12},{x:6,y:35,l:3,w:34},],
----------------------- 7 ---------------------------
canvasWidth:40,
canvasHeight:40,
data:[{x:16,y:0,l:34,w:24},{x:19,y:34,l:5,w:21},],
----------------------- 8 ---------------------------
canvasWidth:40,
canvasHeight:40,
data:[{x:17,y:0,l:34,w:23},{x:0,y:0,l:34,w:17},],
----------------------- 9 ---------------------------
canvasWidth:40,
canvasHeight:40,
data:[{x:16,y:0,l:25,w:24},{x:23,y:25,l:15,w:17},{x:16,y:25,l:13,w:7},],
----------------------- 10 ---------------------------
canvasWidth:40,
canvasHeight:40,
data:[{x:5,y:0,l:22,w:35},{x:0,y:0,l:20,w:5},{x:21,y:22,l:17,w:19},{x:6,y:22,l:16,w:15},{x:3,y:22,l:15,w:3},],
----------------------- 11 ---------------------------
canvasWidth:40,
canvasHeight:40,
data:[{x:8,y:0,l:26,w:32},{x:0,y:0,l:24,w:8},{x:21,y:26,l:13,w:19},{x:0,y:26,l:12,w:21},],
----------------------- 12 ---------------------------
canvasWidth:40,
canvasHeight:40,
data:[{x:14,y:0,l:25,w:26},{x:0,y:0,l:23,w:14},{x:0,y:23,l:2,w:14},{x:26,y:25,l:15,w:14},{x:0,y:25,l:11,w:26},],
----------------------- 13 ---------------------------
canvasWidth:40,
canvasHeight:40,
data:[{x:6,y:0,l:28,w:34},{x:6,y:28,l:10,w:34},{x:0,y:0,l:32,w:6},],
----------------------- 14 ---------------------------
canvasWidth:40,
canvasHeight:40,
data:[{x:10,y:0,l:21,w:30},{x:1,y:0,l:20,w:9},{x:35,y:21,l:15,w:5},{x:35,y:36,l:4,w:5},{x:22,y:21,l:14,w:13},{x:0,y:21,l:12,w:22},],
----------------------- 15 ---------------------------
canvasWidth:40,
canvasHeight:40,
data:[{x:14,y:0,l:9,w:26},{x:3,y:0,l:9,w:11},{x:0,y:0,l:8,w:3},{x:15,y:9,l:31,w:25},{x:2,y:9,l:30,w:13},{x:2,y:39,l:1,w:13},],
----------------------- 16 ---------------------------
canvasWidth:40,
canvasHeight:40,
data:[{x:8,y:0,l:33,w:32},{x:0,y:0,l:31,w:8},],
----------------------- 17 ---------------------------
canvasWidth:40,
canvasHeight:40,
data:[{x:6,y:0,l:4,w:34},{x:0,y:0,l:4,w:6},{x:15,y:4,l:34,w:25},{x:1,y:4,l:21,w:14},],
----------------------- 18 ---------------------------
canvasWidth:40,
canvasHeight:40,
data:[{x:11,y:0,l:22,w:29},{x:23,y:22,l:17,w:17},{x:12,y:22,l:16,w:11},{x:0,y:0,l:20,w:11},],
----------------------- 19 ---------------------------
canvasWidth:40,
canvasHeight:40,
data:[{x:6,y:0,l:27,w:34},{x:0,y:0,l:26,w:6},{x:10,y:27,l:10,w:30},{x:16,y:37,l:3,w:24},],
----------------------- 20 ---------------------------
canvasWidth:40,
canvasHeight:40,
data:[{x:14,y:0,l:31,w:26},{x:0,y:0,l:27,w:14},],
----------------------- 21 ---------------------------
canvasWidth:40,
canvasHeight:40,
data:[{x:28,y:0,l:29,w:12},{x:28,y:29,l:11,w:12},{x:0,y:0,l:30,w:28},{x:5,y:30,l:10,w:23},],
----------------------- 22 ---------------------------
canvasWidth:40,
canvasHeight:40,
data:[{x:5,y:0,l:28,w:35},{x:8,y:28,l:11,w:32},{x:1,y:0,l:35,w:4},],
----------------------- 23 ---------------------------
canvasWidth:40,
canvasHeight:40,
data:[{x:13,y:0,l:20,w:27},{x:15,y:20,l:20,w:25},{x:0,y:0,l:35,w:13},],
----------------------- 24 ---------------------------
canvasWidth:40,
canvasHeight:40,
data:[{x:10,y:0,l:20,w:30},{x:12,y:20,l:19,w:28},{x:12,y:39,l:1,w:28},{x:0,y:0,l:28,w:10},{x:5,y:28,l:12,w:5},],
----------------------- 25 ---------------------------
canvasWidth:40,
canvasHeight:40,
data:[{x:19,y:0,l:33,w:21},{x:0,y:0,l:32,w:19},],
----------------------- 26 ---------------------------
canvasWidth:40,
canvasHeight:40,
data:[{x:20,y:0,l:33,w:20},{x:30,y:33,l:7,w:10},],
----------------------- 27 ---------------------------
canvasWidth:40,
canvasHeight:40,
data:[{x:19,y:0,l:21,w:21},{x:20,y:21,l:17,w:20},{x:2,y:0,l:31,w:17},],
