====================================== Class_05.2bp-24 =====================================
Reduced size: 60 usedBin: 0
[1, 25, 47, 53, 58]
[18, 23, 26, 28, 44]
[14, 19, 29, 57, 59]
[15, 17, 33, 48, 50, 54, 55]
[7, 20, 42]
[13, 22, 27, 30]
[6, 11]
[8, 21, 32, 52]
[4, 36, 37, 38]
[10, 12, 43]
[3, 31, 41, 51, 56]
[2, 34, 45]
[5, 24, 39, 49]
[9, 16, 35]
[0, 40, 46]
------------------------------------------------
Best fit used bin number: 15
Found best solution: 15 0.125

   Statrt add columnAndCut col: 15 cons: 0 cut: 0	0.188

	1 Start Add column using column generation  col: 15 cons: 0 cut: 0	0.188
			Start solve  LP :0.204
			End solve LP obj: 15.0 t: 0
	1 End Add column using column generation : 15.0 col: 15 cons: 0 cut: 0	0.204
   End add columnAndCut : 15.0 colGencnt: 1 price: 0 col: 15 cons: 0 cut: 0	0.204

Node lb: 15.0 ub: 15 : 0.204

Final Found Solution: 15 genNode: 1 extendedNode: 0:0.204
Bin size: 10000
1 : 6674,1860,624,324,114, : 9596
2 : 2886,1998,1848,1702,700, : 9134
3 : 3920,2754,1584,150,46, : 8454
4 : 3315,3045,1404,581,456,232,182, : 9215
5 : 4940,2688,912, : 8540
6 : 4216,2048,1785,1540, : 9589
7 : 4950,4400, : 9350
8 : 4770,2553,1426,336, : 9085
9 : 5688,1323,1274,1148, : 9433
10 : 4452,4371,700, : 9523
11 : 6231,1500,979,413,168, : 9291
12 : 6600,1368,682, : 8650
13 : 4959,1860,1120,470, : 8409
14 : 4644,3280,1358, : 9282
15 : 7387,1053,660, : 9100
----------------------- 1 ---------------------------
canvasWidth:100,
canvasHeight:100,
data:[{x:7,y:0,l:20,w:93},{x:1,y:0,l:19,w:6},{x:6,y:20,l:71,w:94},{x:0,y:20,l:54,w:6},{x:22,y:91,l:8,w:78},],
----------------------- 2 ---------------------------
canvasWidth:100,
canvasHeight:100,
data:[{x:22,y:0,l:37,w:78},{x:26,y:37,l:27,w:74},{x:30,y:64,l:10,w:70},{x:26,y:74,l:23,w:74},{x:0,y:0,l:88,w:21},],
----------------------- 3 ---------------------------
canvasWidth:100,
canvasHeight:100,
data:[{x:46,y:0,l:51,w:54},{x:2,y:0,l:36,w:44},{x:36,y:36,l:15,w:10},{x:0,y:0,l:23,w:2},{x:20,y:51,l:49,w:80},],
----------------------- 4 ---------------------------
canvasWidth:100,
canvasHeight:100,
data:[{x:65,y:0,l:87,w:35},{x:0,y:0,l:51,w:65},{x:8,y:51,l:8,w:57},{x:11,y:59,l:26,w:54},{x:9,y:87,l:2,w:91},{x:17,y:89,l:7,w:83},{x:42,y:96,l:4,w:58},],
----------------------- 5 ---------------------------
canvasWidth:100,
canvasHeight:100,
data:[{x:48,y:0,l:95,w:52},{x:0,y:0,l:56,w:48},{x:0,y:56,l:19,w:48},],
----------------------- 6 ---------------------------
canvasWidth:100,
canvasHeight:100,
data:[{x:68,y:0,l:64,w:32},{x:0,y:0,l:62,w:68},{x:49,y:64,l:35,w:51},{x:5,y:64,l:35,w:44},],
----------------------- 7 ---------------------------
canvasWidth:100,
canvasHeight:100,
data:[{x:1,y:0,l:50,w:99},{x:12,y:50,l:50,w:88},],
----------------------- 8 ---------------------------
canvasWidth:100,
canvasHeight:100,
data:[{x:47,y:0,l:90,w:53},{x:52,y:90,l:7,w:48},{x:0,y:0,l:31,w:46},{x:9,y:31,l:69,w:37},],
----------------------- 9 ---------------------------
canvasWidth:100,
canvasHeight:100,
data:[{x:28,y:0,l:79,w:72},{x:37,y:79,l:21,w:63},{x:0,y:0,l:41,w:28},{x:2,y:41,l:49,w:26},],
----------------------- 10 ---------------------------
canvasWidth:100,
canvasHeight:100,
data:[{x:47,y:0,l:84,w:53},{x:50,y:84,l:14,w:50},{x:0,y:0,l:93,w:47},],
----------------------- 11 ---------------------------
canvasWidth:100,
canvasHeight:100,
data:[{x:33,y:0,l:93,w:67},{x:22,y:0,l:89,w:11},{x:41,y:93,l:7,w:59},{x:0,y:0,l:75,w:20},{x:13,y:75,l:24,w:7},],
----------------------- 12 ---------------------------
canvasWidth:100,
canvasHeight:100,
data:[{x:12,y:0,l:75,w:88},{x:43,y:75,l:24,w:57},{x:12,y:75,l:22,w:31},],
----------------------- 13 ---------------------------
canvasWidth:100,
canvasHeight:100,
data:[{x:65,y:0,l:32,w:35},{x:5,y:0,l:31,w:60},{x:13,y:33,l:57,w:87},{x:6,y:90,l:5,w:94},],
----------------------- 14 ---------------------------
canvasWidth:100,
canvasHeight:100,
data:[{x:3,y:0,l:14,w:97},{x:46,y:14,l:86,w:54},{x:5,y:14,l:80,w:41},],
----------------------- 15 ---------------------------
canvasWidth:100,
canvasHeight:100,
data:[{x:17,y:0,l:89,w:83},{x:34,y:89,l:10,w:66},{x:4,y:0,l:81,w:13},],
