====================================== Class_07.2bp-40 =====================================
Reduced size: 100 usedBin: 0
[0, 77, 87, 94]
[29, 30, 61, 83]
[7, 24, 59]
[17, 19, 79, 97]
[18, 53, 64, 86]
[46, 47, 49, 74]
[8, 28, 71]
[1, 67]
[21, 33, 56, 81]
[10, 40, 54, 80]
[35, 39, 44, 65, 89]
[12, 15, 84]
[43, 52, 57, 63, 68]
[14, 16, 85, 90]
[9, 20]
[4, 45, 88]
[6, 51, 72]
[3, 42, 91]
[11, 37, 75, 92, 95]
[25, 36, 58, 66]
[26, 27, 69]
[31, 50, 55, 60, 93]
[5, 38]
[22, 34, 62, 78, 98, 99]
[2, 48]
[23, 41, 70, 76]
[13, 32, 73, 82, 96]
------------------------------------------------
Best fit used bin number: 27
Found best solution: 27 0.156

   Statrt add columnAndCut col: 27 cons: 0 cut: 0	0.234

	1 Start Add column using column generation  col: 27 cons: 0 cut: 0	0.234
			Start solve  LP :0.234
			End solve LP obj: 27.0 t: 0
	1 End Add column using column generation : 27.0 col: 27 cons: 0 cut: 0	0.234
   End add columnAndCut : 27.0 colGencnt: 1 price: 0 col: 27 cons: 0 cut: 0	0.234

Node lb: 27.0 ub: 27 : 0.234

Final Found Solution: 27 genNode: 1 extendedNode: 0:0.234
Bin size: 10000
1 : 8190,960,623,146, : 9919
2 : 3182,3105,1449,750, : 8486
3 : 4704,3290,1479, : 9473
4 : 3800,3626,930,69, : 8425
5 : 3696,1804,1292,680, : 7472
6 : 2088,2059,2025,1020, : 7192
7 : 4656,3198,1131, : 8985
8 : 7968,1258, : 9226
9 : 3588,2844,1536,817, : 8785
10 : 4653,2400,1786,846, : 9685
11 : 2829,2430,2211,1278,568, : 9316
12 : 4230,3870,750, : 8850
13 : 2236,1950,1520,1344,1176, : 8226
14 : 4042,3864,693,414, : 9013
15 : 4655,3626, : 8281
16 : 6298,2156,588, : 9042
17 : 5940,1975,1106, : 9021
18 : 6650,2325,312, : 9287
19 : 4606,2688,990,296,110, : 8690
20 : 3280,2726,1496,1261, : 8763
21 : 3276,3264,1152, : 7692
22 : 3102,1980,1540,1472,150, : 8244
23 : 5940,2652, : 8592
24 : 3555,2840,1360,948,68,60, : 8831
25 : 7347,2037, : 9384
26 : 3478,2349,1144,975, : 7946
27 : 4165,3042,1035,781,105, : 9128
----------------------- 1 ---------------------------
canvasWidth:100,
canvasHeight:100,
data:[{x:10,y:0,l:91,w:90},{x:11,y:91,l:7,w:89},{x:27,y:98,l:2,w:73},{x:0,y:0,l:96,w:10},],
----------------------- 2 ---------------------------
canvasWidth:100,
canvasHeight:100,
data:[{x:90,y:0,l:75,w:10},{x:47,y:0,l:74,w:43},{x:2,y:0,l:69,w:45},{x:31,y:79,l:21,w:69},],
----------------------- 3 ---------------------------
canvasWidth:100,
canvasHeight:100,
data:[{x:52,y:0,l:98,w:48},{x:17,y:0,l:94,w:35},{x:0,y:0,l:87,w:17},],
----------------------- 4 ---------------------------
canvasWidth:100,
canvasHeight:100,
data:[{x:7,y:0,l:10,w:93},{x:50,y:10,l:76,w:50},{x:1,y:10,l:74,w:49},{x:0,y:10,l:69,w:1},],
----------------------- 5 ---------------------------
canvasWidth:100,
canvasHeight:100,
data:[{x:56,y:0,l:84,w:44},{x:34,y:0,l:82,w:22},{x:0,y:0,l:38,w:34},{x:17,y:38,l:40,w:17},],
----------------------- 6 ---------------------------
canvasWidth:100,
canvasHeight:100,
data:[{x:73,y:0,l:75,w:27},{x:44,y:0,l:72,w:29},{x:15,y:0,l:71,w:29},{x:0,y:0,l:68,w:15},],
----------------------- 7 ---------------------------
canvasWidth:100,
canvasHeight:100,
data:[{x:52,y:0,l:97,w:48},{x:39,y:0,l:87,w:13},{x:0,y:0,l:82,w:39},],
----------------------- 8 ---------------------------
canvasWidth:100,
canvasHeight:100,
data:[{x:17,y:0,l:96,w:83},{x:0,y:0,l:74,w:17},],
----------------------- 9 ---------------------------
canvasWidth:100,
canvasHeight:100,
data:[{x:84,y:0,l:96,w:16},{x:38,y:0,l:78,w:46},{x:41,y:78,l:19,w:43},{x:2,y:0,l:79,w:36},],
----------------------- 10 ---------------------------
canvasWidth:100,
canvasHeight:100,
data:[{x:53,y:0,l:99,w:47},{x:28,y:0,l:96,w:25},{x:9,y:0,l:94,w:19},{x:0,y:0,l:94,w:9},],
----------------------- 11 ---------------------------
canvasWidth:100,
canvasHeight:100,
data:[{x:82,y:0,l:71,w:18},{x:74,y:0,l:71,w:8},{x:33,y:0,l:69,w:41},{x:0,y:0,l:67,w:33},{x:10,y:73,l:27,w:90},],
----------------------- 12 ---------------------------
canvasWidth:100,
canvasHeight:100,
data:[{x:55,y:0,l:94,w:45},{x:10,y:0,l:86,w:45},{x:0,y:0,l:75,w:10},],
----------------------- 13 ---------------------------
canvasWidth:100,
canvasHeight:100,
data:[{x:88,y:0,l:98,w:12},{x:62,y:0,l:86,w:26},{x:46,y:0,l:84,w:16},{x:21,y:0,l:78,w:25},{x:1,y:0,l:76,w:20},],
----------------------- 14 ---------------------------
canvasWidth:100,
canvasHeight:100,
data:[{x:93,y:0,l:99,w:7},{x:46,y:0,l:86,w:47},{x:47,y:86,l:9,w:46},{x:0,y:0,l:84,w:46},],
----------------------- 15 ---------------------------
canvasWidth:100,
canvasHeight:100,
data:[{x:51,y:0,l:95,w:49},{x:2,y:0,l:74,w:49},],
----------------------- 16 ---------------------------
canvasWidth:100,
canvasHeight:100,
data:[{x:94,y:0,l:98,w:6},{x:0,y:0,l:67,w:94},{x:17,y:67,l:28,w:77},],
----------------------- 17 ---------------------------
canvasWidth:100,
canvasHeight:100,
data:[{x:40,y:0,l:99,w:60},{x:15,y:0,l:79,w:25},{x:1,y:0,l:79,w:14},],
----------------------- 18 ---------------------------
canvasWidth:100,
canvasHeight:100,
data:[{x:30,y:0,l:95,w:70},{x:5,y:0,l:93,w:25},{x:1,y:0,l:78,w:4},],
----------------------- 19 ---------------------------
canvasWidth:100,
canvasHeight:100,
data:[{x:89,y:0,l:90,w:11},{x:89,y:90,l:10,w:11},{x:40,y:0,l:94,w:49},{x:8,y:0,l:84,w:32},{x:4,y:0,l:74,w:4},],
----------------------- 20 ---------------------------
canvasWidth:100,
canvasHeight:100,
data:[{x:87,y:0,l:97,w:13},{x:58,y:0,l:94,w:29},{x:41,y:0,l:88,w:17},{x:0,y:0,l:80,w:41},],
----------------------- 21 ---------------------------
canvasWidth:100,
canvasHeight:100,
data:[{x:64,y:0,l:91,w:36},{x:48,y:0,l:72,w:16},{x:0,y:0,l:68,w:48},],
----------------------- 22 ---------------------------
canvasWidth:100,
canvasHeight:100,
data:[{x:80,y:0,l:99,w:20},{x:47,y:0,l:94,w:33},{x:50,y:94,l:5,w:30},{x:31,y:0,l:92,w:16},{x:9,y:0,l:70,w:22},],
----------------------- 23 ---------------------------
canvasWidth:100,
canvasHeight:100,
data:[{x:34,y:0,l:90,w:66},{x:0,y:0,l:78,w:34},],
----------------------- 24 ---------------------------
canvasWidth:100,
canvasHeight:100,
data:[{x:21,y:0,l:45,w:79},{x:21,y:45,l:12,w:79},{x:29,y:57,l:40,w:71},{x:25,y:57,l:15,w:4},{x:1,y:0,l:68,w:20},{x:0,y:0,l:68,w:1},],
----------------------- 25 ---------------------------
canvasWidth:100,
canvasHeight:100,
data:[{x:79,y:0,l:97,w:21},{x:0,y:0,l:93,w:79},],
----------------------- 26 ---------------------------
canvasWidth:100,
canvasHeight:100,
data:[{x:87,y:0,l:88,w:13},{x:60,y:0,l:87,w:27},{x:47,y:0,l:75,w:13},{x:0,y:0,l:74,w:47},],
----------------------- 27 ---------------------------
canvasWidth:100,
canvasHeight:100,
data:[{x:15,y:0,l:49,w:85},{x:22,y:49,l:39,w:78},{x:15,y:49,l:15,w:7},{x:29,y:88,l:11,w:71},{x:0,y:0,l:69,w:15},],
