====================================== Class_07.2bp-37 =====================================
Reduced size: 80 usedBin: 0
[5, 16, 52, 78]
[0, 60]
[17, 19, 55]
[9, 32, 54]
[3, 35, 45, 66]
[2, 41, 59]
[4, 10]
[1]
[8, 31]
[13, 74]
[21, 26]
[12, 14, 61, 64, 77]
[7, 22, 65, 72]
[6, 20, 57]
[11, 18, 71]
[15, 29, 33]
[24, 27, 36]
[23, 25, 44, 67, 79]
[28, 38, 42]
[30, 34, 40, 49, 75, 76]
[37, 43, 51, 58, 63, 73]
[46, 47, 50, 53, 56, 69, 70]
[39, 48, 62, 68]
------------------------------------------------
Best fit used bin number: 23
Found best solution: 23 0.141

   Statrt add columnAndCut col: 23 cons: 0 cut: 0	0.204

	1 Start Add column using column generation  col: 23 cons: 0 cut: 0	0.219
			Start solve  LP :0.219
			End solve LP obj: 23.0 t: 0
	1 End Add column using column generation : 23.0 col: 23 cons: 0 cut: 0	0.219
   End add columnAndCut : 23.0 colGencnt: 1 price: 0 col: 23 cons: 0 cut: 0	0.219

Node lb: 23.0 ub: 23 : 0.219

Final Found Solution: 23 genNode: 1 extendedNode: 0:0.219
Bin size: 10000
1 : 4800,3700,1246,100, : 9846
2 : 8900,1023, : 9923
3 : 3655,3608,1209, : 8472
4 : 4216,2581,1225, : 8022
5 : 4851,2256,1748,792, : 9647
6 : 6240,1958,1040, : 9238
7 : 4814,4158, : 8972
8 : 7742, : 7742
9 : 4399,2584, : 6983
10 : 3750,342, : 4092
11 : 3320,3120, : 6440
12 : 3800,3750,925,840,216, : 9531
13 : 4590,3266,836,405, : 9097
14 : 4752,3362,1089, : 9203
15 : 4042,3608,445, : 8095
16 : 3724,2686,2576, : 8986
17 : 3168,3108,2241, : 8517
18 : 3240,3159,1800,684,91, : 8974
19 : 2886,2108,1950, : 6944
20 : 2604,2349,1978,1472,324,258, : 8985
21 : 2128,1920,1292,1064,869,396, : 7669
22 : 1740,1660,1305,1245,1120,672,584, : 8326
23 : 2001,1650,920,680, : 5251
----------------------- 1 ---------------------------
canvasWidth:100,
canvasHeight:100,
data:[{x:52,y:0,l:100,w:48},{x:15,y:0,l:100,w:37},{x:14,y:0,l:100,w:1},{x:0,y:0,l:89,w:14},],
----------------------- 2 ---------------------------
canvasWidth:100,
canvasHeight:100,
data:[{x:0,y:0,l:89,w:100},{x:7,y:89,l:11,w:93},],
----------------------- 3 ---------------------------
canvasWidth:100,
canvasHeight:100,
data:[{x:87,y:0,l:93,w:13},{x:44,y:0,l:85,w:43},{x:0,y:0,l:82,w:44},],
----------------------- 4 ---------------------------
canvasWidth:100,
canvasHeight:100,
data:[{x:71,y:0,l:89,w:29},{x:3,y:0,l:62,w:68},{x:36,y:62,l:35,w:35},],
----------------------- 5 ---------------------------
canvasWidth:100,
canvasHeight:100,
data:[{x:24,y:0,l:23,w:76},{x:37,y:23,l:77,w:63},{x:25,y:23,l:66,w:12},{x:0,y:0,l:94,w:24},],
----------------------- 6 ---------------------------
canvasWidth:100,
canvasHeight:100,
data:[{x:4,y:0,l:65,w:96},{x:11,y:65,l:22,w:89},{x:20,y:87,l:13,w:80},],
----------------------- 7 ---------------------------
canvasWidth:100,
canvasHeight:100,
data:[{x:58,y:0,l:99,w:42},{x:0,y:0,l:83,w:58},],
----------------------- 8 ---------------------------
canvasWidth:100,
canvasHeight:100,
data:[{x:2,y:0,l:79,w:98},],
----------------------- 9 ---------------------------
canvasWidth:100,
canvasHeight:100,
data:[{x:17,y:0,l:53,w:83},{x:24,y:53,l:34,w:76},],
----------------------- 10 ---------------------------
canvasWidth:100,
canvasHeight:100,
data:[{x:25,y:0,l:50,w:75},{x:16,y:0,l:38,w:9},],
----------------------- 11 ---------------------------
canvasWidth:100,
canvasHeight:100,
data:[{x:60,y:0,l:83,w:40},{x:0,y:0,l:52,w:60},],
----------------------- 12 ---------------------------
canvasWidth:100,
canvasHeight:100,
data:[{x:50,y:0,l:75,w:50},{x:63,y:75,l:25,w:37},{x:51,y:75,l:18,w:12},{x:0,y:0,l:76,w:50},{x:8,y:76,l:20,w:42},],
----------------------- 13 ---------------------------
canvasWidth:100,
canvasHeight:100,
data:[{x:49,y:0,l:90,w:51},{x:3,y:0,l:71,w:46},{x:5,y:71,l:19,w:44},{x:55,y:90,l:9,w:45},],
----------------------- 14 ---------------------------
canvasWidth:100,
canvasHeight:100,
data:[{x:52,y:0,l:99,w:48},{x:41,y:0,l:99,w:11},{x:0,y:0,l:82,w:41},],
----------------------- 15 ---------------------------
canvasWidth:100,
canvasHeight:100,
data:[{x:95,y:0,l:89,w:5},{x:54,y:0,l:88,w:41},{x:7,y:0,l:86,w:47},],
----------------------- 16 ---------------------------
canvasWidth:100,
canvasHeight:100,
data:[{x:62,y:0,l:98,w:38},{x:34,y:0,l:92,w:28},{x:0,y:0,l:79,w:34},],
----------------------- 17 ---------------------------
canvasWidth:100,
canvasHeight:100,
data:[{x:64,y:0,l:88,w:36},{x:27,y:0,l:84,w:37},{x:0,y:0,l:83,w:27},],
----------------------- 18 ---------------------------
canvasWidth:100,
canvasHeight:100,
data:[{x:61,y:0,l:81,w:39},{x:62,y:81,l:18,w:38},{x:60,y:0,l:91,w:1},{x:40,y:0,l:90,w:20},{x:0,y:0,l:81,w:40},],
----------------------- 19 ---------------------------
canvasWidth:100,
canvasHeight:100,
data:[{x:63,y:0,l:78,w:37},{x:38,y:0,l:78,w:25},{x:7,y:0,l:68,w:31},],
----------------------- 20 ---------------------------
canvasWidth:100,
canvasHeight:100,
data:[{x:73,y:0,l:87,w:27},{x:73,y:87,l:12,w:27},{x:57,y:0,l:92,w:16},{x:34,y:0,l:86,w:23},{x:31,y:0,l:86,w:3},{x:0,y:0,l:84,w:31},],
----------------------- 21 ---------------------------
canvasWidth:100,
canvasHeight:100,
data:[{x:76,y:0,l:80,w:24},{x:65,y:0,l:79,w:11},{x:37,y:0,l:76,w:28},{x:20,y:0,l:76,w:17},{x:6,y:0,l:76,w:14},{x:0,y:0,l:66,w:6},],
----------------------- 22 ---------------------------
canvasWidth:100,
canvasHeight:100,
data:[{x:80,y:0,l:87,w:20},{x:65,y:0,l:87,w:15},{x:57,y:0,l:84,w:8},{x:37,y:0,l:83,w:20},{x:22,y:0,l:83,w:15},{x:8,y:0,l:80,w:14},{x:0,y:0,l:73,w:8},],
----------------------- 23 ---------------------------
canvasWidth:100,
canvasHeight:100,
data:[{x:90,y:0,l:92,w:10},{x:68,y:0,l:75,w:22},{x:39,y:0,l:69,w:29},{x:29,y:0,l:68,w:10},],
