====================================== Class_07.2bp-10 =====================================
Reduced size: 40 usedBin: 0
[12, 14, 18, 19, 38]
[5, 17, 28, 37]
[2, 3, 29]
[0, 22, 26]
[6, 16, 20, 27, 30, 39]
[1, 8, 32]
[7, 15]
[4, 9, 23]
[13, 24, 31, 33, 34, 35, 36]
[10, 11, 21, 25]
------------------------------------------------
Best fit used bin number: 10
Found best solution: 10 0.156

   Statrt add columnAndCut col: 10 cons: 0 cut: 0	0.219

	1 Start Add column using column generation  col: 10 cons: 0 cut: 0	0.219
			Start solve  LP :0.219
			End solve LP obj: 10.0 t: 0
	1 End Add column using column generation : 10.0 col: 10 cons: 0 cut: 0	0.219
   End add columnAndCut : 10.0 colGencnt: 1 price: 0 col: 10 cons: 0 cut: 0	0.219

Node lb: 10.0 ub: 10 : 0.219

Final Found Solution: 10 genNode: 1 extendedNode: 0:0.219
Bin size: 10000
1 : 2842,2600,2112,1900,200, : 9654
2 : 4148,2370,810,210, : 7538
3 : 4465,4356,776, : 9597
4 : 5346,1463,1067, : 7876
5 : 3922,2392,1776,962,776,72, : 9900
6 : 4704,3240,594, : 8538
7 : 3700,2584, : 6284
8 : 4312,3168,1404, : 8884
9 : 2670,1230,760,497,444,352,308, : 6261
10 : 3102,3102,1710,1092, : 9006
----------------------- 1 ---------------------------
canvasWidth:100,
canvasHeight:100,
data:[{x:74,y:0,l:100,w:26},{x:55,y:0,l:100,w:19},{x:53,y:0,l:100,w:2},{x:24,y:0,l:98,w:29},{x:2,y:0,l:96,w:22},],
----------------------- 2 ---------------------------
canvasWidth:100,
canvasHeight:100,
data:[{x:91,y:0,l:90,w:9},{x:61,y:0,l:79,w:30},{x:0,y:0,l:68,w:61},{x:30,y:97,l:3,w:70},],
----------------------- 3 ---------------------------
canvasWidth:100,
canvasHeight:100,
data:[{x:56,y:0,l:99,w:44},{x:48,y:0,l:97,w:8},{x:1,y:0,l:95,w:47},],
----------------------- 4 ---------------------------
canvasWidth:100,
canvasHeight:100,
data:[{x:3,y:0,l:11,w:97},{x:19,y:11,l:66,w:81},{x:23,y:77,l:19,w:77},],
----------------------- 5 ---------------------------
canvasWidth:100,
canvasHeight:100,
data:[{x:8,y:0,l:26,w:92},{x:47,y:26,l:74,w:53},{x:23,y:26,l:74,w:24},{x:10,y:26,l:74,w:13},{x:9,y:26,l:72,w:1},{x:0,y:0,l:97,w:8},],
----------------------- 6 ---------------------------
canvasWidth:100,
canvasHeight:100,
data:[{x:94,y:0,l:99,w:6},{x:45,y:0,l:96,w:49},{x:0,y:0,l:72,w:45},],
----------------------- 7 ---------------------------
canvasWidth:100,
canvasHeight:100,
data:[{x:50,y:0,l:74,w:50},{x:12,y:0,l:68,w:38},],
----------------------- 8 ---------------------------
canvasWidth:100,
canvasHeight:100,
data:[{x:67,y:0,l:96,w:33},{x:18,y:0,l:88,w:49},{x:0,y:0,l:78,w:18},],
----------------------- 9 ---------------------------
canvasWidth:100,
canvasHeight:100,
data:[{x:26,y:0,l:6,w:74},{x:70,y:6,l:89,w:30},{x:66,y:6,l:88,w:4},{x:62,y:6,l:77,w:4},{x:52,y:6,l:76,w:10},{x:45,y:6,l:71,w:7},{x:15,y:6,l:41,w:30},],
----------------------- 10 ---------------------------
canvasWidth:100,
canvasHeight:100,
data:[{x:67,y:0,l:94,w:33},{x:34,y:0,l:94,w:33},{x:15,y:0,l:90,w:19},{x:2,y:0,l:84,w:13},],
