====================================== Class_06.2bp-14 =====================================
Reduced size: 40 usedBin: 0
[0, 1, 2, 7, 9, 12, 13, 15, 16, 19, 21, 22, 23, 24, 25, 26, 27, 28, 29, 30, 34, 37, 38, 39]
[3, 4, 5, 6, 8, 10, 11, 14, 17, 18, 20, 31, 32, 33, 35, 36]
------------------------------------------------
Best fit used bin number: 2
Found best solution: 2 0.125

   Statrt add columnAndCut col: 2 cons: 0 cut: 0	0.187

	1 Start Add column using column generation  col: 2 cons: 0 cut: 0	0.187
			Start solve  LP :0.187
			End solve LP obj: 2.0 t: 0
	1 End Add column using column generation : 2.0 col: 2 cons: 0 cut: 0	0.187
   End add columnAndCut : 2.0 colGencnt: 1 price: 0 col: 2 cons: 0 cut: 0	0.187

Node lb: 2.0 ub: 2 : 0.187

Final Found Solution: 2 genNode: 1 extendedNode: 0:0.187
Bin size: 90000
1 : 9500,8075,7448,5236,4752,3724,3456,2856,2652,2574,1976,1776,1560,1536,1501,1410,1260,1140,1060,996,342,264,41,39, : 65174
2 : 7392,7315,6975,5329,5148,4380,4032,3024,2650,2610,2254,924,594,539,341,330, : 53837
----------------------- 1 ---------------------------
canvasWidth:300,
canvasHeight:300,
data:[{x:202,y:0,l:76,w:98},{x:206,y:76,l:15,w:94},{x:203,y:76,l:13,w:3},{x:204,y:91,l:36,w:96},{x:205,y:127,l:85,w:95},{x:126,y:0,l:49,w:76},{x:149,y:49,l:20,w:53},{x:161,y:69,l:1,w:41},{x:130,y:49,l:18,w:19},{x:58,y:0,l:42,w:68},{x:102,y:70,l:95,w:100},{x:103,y:165,l:48,w:99},{x:223,y:213,l:68,w:77},{x:139,y:213,l:15,w:84},{x:149,y:228,l:24,w:74},{x:58,y:213,l:26,w:76},{x:124,y:255,l:26,w:99},{x:24,y:0,l:78,w:34},{x:32,y:78,l:60,w:26},{x:221,y:281,l:19,w:79},{x:161,y:281,l:19,w:60},{x:78,y:281,l:12,w:83},{x:0,y:0,l:11,w:24},{x:8,y:11,l:96,w:16},],
----------------------- 2 ---------------------------
canvasWidth:300,
canvasHeight:300,
data:[{x:205,y:0,l:77,w:95},{x:227,y:77,l:73,w:73},{x:218,y:77,l:66,w:9},{x:207,y:77,l:31,w:11},{x:207,y:108,l:30,w:11},{x:225,y:150,l:93,w:75},{x:213,y:150,l:77,w:12},{x:250,y:243,l:53,w:50},{x:145,y:0,l:73,w:60},{x:157,y:73,l:84,w:48},{x:159,y:157,l:49,w:46},{x:49,y:0,l:77,w:96},{x:42,y:0,l:77,w:7},{x:0,y:0,l:72,w:42},{x:93,y:77,l:99,w:52},{x:6,y:77,l:30,w:87},],
