====================================== Class_06.2bp-43 =====================================
Reduced size: 100 usedBin: 0
[0, 1, 3, 7, 8, 9, 15, 16, 21, 24, 25, 26, 30, 31, 41, 52, 53, 58, 61, 63, 65, 72, 74, 78, 81, 85, 91, 92]
[2, 4, 5, 10, 11, 12, 13, 14, 18, 22, 29, 33, 34, 40, 47, 49, 50, 51, 56, 57, 59, 62, 68, 70, 73, 75, 79, 84, 86, 88, 90, 93, 94, 95, 96]
[6, 17, 19, 20, 23, 27, 28, 32, 35, 36, 37, 38, 39, 42, 43, 44, 45, 46, 48, 54, 55, 60, 64, 66, 67, 69, 71, 76, 77, 80, 82, 83, 87, 89, 97, 98, 99]
------------------------------------------------
Best fit used bin number: 3
Found best solution: 3 0.14

   Statrt add columnAndCut col: 3 cons: 0 cut: 0	0.203

	1 Start Add column using column generation  col: 3 cons: 0 cut: 0	0.203
			Start solve  LP :0.203
			End solve LP obj: 3.0 t: 0
	1 End Add column using column generation : 3.0 col: 3 cons: 0 cut: 0	0.203
   End add columnAndCut : 3.0 colGencnt: 1 price: 0 col: 3 cons: 0 cut: 0	0.203

Node lb: 3.0 ub: 3 : 0.203

Final Found Solution: 3 genNode: 1 extendedNode: 0:0.203
Bin size: 90000
1 : 8730,7821,6885,5828,5429,5428,4500,4450,3913,3600,3591,3234,3104,3060,2430,1872,1863,1365,1274,1242,1078,836,800,627,455,371,194,192, : 84172
2 : 6952,6776,6030,5325,5236,5063,4928,4730,4224,3780,3120,3040,2958,2511,2135,2052,2047,1978,1566,1518,1350,1245,945,900,804,740,621,384,296,264,234,132,115,105,77, : 84181
3 : 5840,4399,4047,4004,3780,3154,3150,3042,2952,2915,2800,2700,2555,2400,2275,2268,2204,2160,2065,1659,1568,1276,1107,1037,984,903,871,713,702,594,450,448,288,240,52,38,30, : 71670
----------------------- 1 ---------------------------
canvasWidth:300,
canvasHeight:300,
data:[{x:221,y:0,l:99,w:79},{x:225,y:99,l:48,w:75},{x:248,y:147,l:36,w:52},{x:223,y:147,l:32,w:25},{x:123,y:0,l:33,w:98},{x:131,y:33,l:97,w:90},{x:124,y:33,l:65,w:7},{x:214,y:130,l:53,w:7},{x:125,y:130,l:50,w:89},{x:219,y:183,l:85,w:81},{x:127,y:183,l:59,w:92},{x:128,y:242,l:14,w:91},{x:162,y:256,l:11,w:57},{x:60,y:0,l:57,w:63},{x:61,y:57,l:94,w:62},{x:62,y:151,l:89,w:61},{x:69,y:240,l:23,w:54},{x:203,y:268,l:32,w:97},{x:106,y:268,l:2,w:97},{x:134,y:270,l:27,w:69},{x:96,y:270,l:22,w:38},{x:0,y:0,l:51,w:60},{x:17,y:51,l:91,w:43},{x:2,y:51,l:91,w:15},{x:15,y:142,l:100,w:45},{x:13,y:142,l:96,w:2},{x:15,y:242,l:54,w:45},{x:0,y:142,l:98,w:11},],
----------------------- 2 ---------------------------
canvasWidth:300,
canvasHeight:300,
data:[{x:221,y:0,l:88,w:79},{x:187,y:0,l:87,w:34},{x:169,y:0,l:87,w:18},{x:92,y:0,l:64,w:77},{x:164,y:64,l:23,w:5},{x:95,y:64,l:22,w:69},{x:0,y:0,l:67,w:90},{x:21,y:67,l:9,w:69},{x:144,y:87,l:1,w:77},{x:277,y:88,l:89,w:23},{x:277,y:177,l:86,w:23},{x:280,y:263,l:37,w:20},{x:277,y:263,l:35,w:3},{x:189,y:88,l:77,w:88},{x:191,y:165,l:55,w:86},{x:194,y:220,l:61,w:83},{x:194,y:281,l:15,w:83},{x:211,y:296,l:4,w:66},{x:93,y:88,l:44,w:96},{x:12,y:88,l:31,w:81},{x:26,y:119,l:12,w:67},{x:0,y:119,l:9,w:26},{x:149,y:132,l:78,w:40},{x:149,y:210,l:76,w:40},{x:81,y:132,l:77,w:68},{x:27,y:132,l:70,w:54},{x:74,y:209,l:71,w:75},{x:89,y:280,l:15,w:60},{x:78,y:280,l:12,w:11},{x:39,y:209,l:61,w:35},{x:39,y:270,l:27,w:35},{x:0,y:132,l:76,w:27},{x:3,y:208,l:16,w:24},{x:9,y:225,l:75,w:18},{x:5,y:225,l:74,w:4},],
----------------------- 3 ---------------------------
canvasWidth:300,
canvasHeight:300,
data:[{x:247,y:0,l:83,w:53},{x:248,y:83,l:77,w:52},{x:252,y:160,l:50,w:48},{x:265,y:210,l:73,w:35},{x:184,y:0,l:60,w:63},{x:109,y:0,l:42,w:75},{x:123,y:42,l:17,w:61},{x:34,y:0,l:36,w:75},{x:25,y:0,l:32,w:9},{x:2,y:0,l:31,w:23},{x:79,y:36,l:15,w:30},{x:79,y:51,l:8,w:30},{x:0,y:36,l:21,w:79},{x:174,y:60,l:80,w:73},{x:188,y:140,l:35,w:59},{x:174,y:140,l:32,w:14},{x:193,y:175,l:40,w:54},{x:175,y:175,l:33,w:18},{x:180,y:215,l:13,w:67},{x:174,y:215,l:5,w:6},{x:190,y:229,l:71,w:57},{x:138,y:60,l:82,w:36},{x:139,y:142,l:65,w:35},{x:100,y:60,l:83,w:38},{x:100,y:143,l:1,w:38},{x:102,y:144,l:63,w:36},{x:71,y:60,l:76,w:29},{x:72,y:136,l:56,w:28},{x:44,y:60,l:41,w:27},{x:44,y:101,l:26,w:27},{x:45,y:127,l:2,w:26},{x:1,y:60,l:21,w:43},{x:15,y:81,l:44,w:29},{x:32,y:129,l:78,w:39},{x:8,y:129,l:41,w:24},{x:104,y:207,l:40,w:70},{x:119,y:247,l:53,w:55},],
