====================================== Class_03.2bp-2 =====================================
Reduced size: 20 usedBin: 0
[7, 9, 10, 11]
[0, 14]
[2, 4]
[3, 5, 8, 18]
[1, 13, 16, 17]
[6, 12, 15, 19]
------------------------------------------------
Best fit used bin number: 6
Found best solution: 6 0.281

   Statrt add columnAndCut col: 6 cons: 0 cut: 0	0.359

	1 Start Add column using column generation  col: 6 cons: 0 cut: 0	0.359
			Start solve  LP :0.359
			End solve LP obj: 6.0 t: 0
com.wlj.solver.BBSolver:
--------------------------------------- Price Problem Start --------------------------------------------------------
dualPrice.size = 20 , dualPrice = [1.0, 1.0, 1.0, 1.0, -0.0, -0.0, 1.0, 1.0, -0.0, -0.0, -0.0, -0.0, -0.0, -0.0, -0.0, -0.0, -0.0, -0.0, -0.0, -0.0]
			Active cut size: 0
W = 38 
H = 35
normalXList.size = 5
normalYList.size = 4
xList.size = 4
yList.size = 4
squareList.size = 6
myConsList.size = 0
当前上界 = 3.0
当前上界 = 2.8666666666666667
当前上界 = 2.7333333333333334
当前上界 = 2.6
当前上界 = 2.466666666666667
当前上界 = 2.3333333333333335
当前上界 = 2.2
当前上界 = 2.066666666666667
当前上界 = 1.9333333333333336
最优解：2.0
solutionList.size() = 3
pattern.getKey() = 6@7@
用时：0.0 s
--------------------------------------- Price Problem End --------------------------------------------------------
		1 Add column : 1 col:6 	0.359
			Start solve  LP :0.359
			End solve LP obj: 6.0 t: 0
com.wlj.solver.BBSolver:
--------------------------------------- Price Problem Start --------------------------------------------------------
dualPrice.size = 20 , dualPrice = [1.0, 1.0, 1.0, 1.0, -0.0, -0.0, 1.0, 0.0, -0.0, 1.0, -0.0, -0.0, -0.0, -0.0, -0.0, -0.0, -0.0, -0.0, -0.0, -0.0]
			Active cut size: 0
W = 38 
H = 38
normalXList.size = 5
normalYList.size = 5
xList.size = 4
yList.size = 4
squareList.size = 6
myConsList.size = 0
当前上界 = 3.0
最优解：3.0
solutionList.size() = 1
pattern.getKey() = 3@6@9@
用时：0.0 s
--------------------------------------- Price Problem End --------------------------------------------------------
		2 Add column : 1 col:7 	0.378
			Start solve  LP :0.378
			End solve LP obj: 6.0 t: 0
com.wlj.solver.BBSolver:
--------------------------------------- Price Problem Start --------------------------------------------------------
dualPrice.size = 20 , dualPrice = [1.0, 1.0, 1.0, 1.0, -0.0, -0.0, 0.0, 1.0, -0.0, 0.0, -0.0, -0.0, 1.0, -0.0, -0.0, -0.0, -0.0, -0.0, -0.0, -0.0]
			Active cut size: 0
W = 39 
H = 35
normalXList.size = 5
normalYList.size = 3
xList.size = 4
yList.size = 3
squareList.size = 6
myConsList.size = 0
当前上界 = 3.0
当前上界 = 2.8666666666666667
当前上界 = 2.7333333333333334
当前上界 = 2.6
当前上界 = 2.466666666666667
当前上界 = 2.3333333333333335
当前上界 = 2.2
当前上界 = 2.066666666666667
当前上界 = 1.9333333333333336
最优解：2.0
solutionList.size() = 3
pattern.getKey() = 7@12@
用时：0.0 s
--------------------------------------- Price Problem End --------------------------------------------------------
		3 Add column : 1 col:8 	0.378
			Start solve  LP :0.378
			End solve LP obj: 6.0 t: 0
com.wlj.solver.BBSolver:
--------------------------------------- Price Problem Start --------------------------------------------------------
dualPrice.size = 20 , dualPrice = [1.0, 1.0, 1.0, 0.0, -0.0, 1.0, 0.5, 0.5, -0.0, 0.5, -0.0, -0.0, 0.5, -0.0, -0.0, -0.0, -0.0, -0.0, -0.0, -0.0]
			Active cut size: 0
W = 38 
H = 38
normalXList.size = 6
normalYList.size = 9
xList.size = 4
yList.size = 6
squareList.size = 8
myConsList.size = 0
当前上界 = 2.5
最优解：2.5
solutionList.size() = 1
pattern.getKey() = 2@5@12@
用时：0.0 s
--------------------------------------- Price Problem End --------------------------------------------------------
		4 Add column : 1 col:9 	0.378
			Start solve  LP :0.378
			End solve LP obj: 6.0 t: 0
com.wlj.solver.BBSolver:
--------------------------------------- Price Problem Start --------------------------------------------------------
dualPrice.size = 20 , dualPrice = [1.0, 1.0, 1.0, 1.0, -0.0, 0.0, 0.0, 1.0, -0.0, 0.0, -0.0, -0.0, 0.0, -0.0, -0.0, 1.0, -0.0, -0.0, -0.0, -0.0]
			Active cut size: 0
W = 40 
H = 35
normalXList.size = 7
normalYList.size = 4
xList.size = 5
yList.size = 3
squareList.size = 6
myConsList.size = 0
当前上界 = 3.0
当前上界 = 2.8666666666666667
当前上界 = 2.7333333333333334
当前上界 = 2.6
当前上界 = 2.466666666666667
当前上界 = 2.3333333333333335
当前上界 = 2.2
当前上界 = 2.066666666666667
当前上界 = 1.9333333333333336
最优解：2.0
solutionList.size() = 4
pattern.getKey() = 1@15@
用时：0.0 s
--------------------------------------- Price Problem End --------------------------------------------------------
		5 Add column : 1 col:10 	0.378
			Start solve  LP :0.391
			End solve LP obj: 6.0 t: 0
com.wlj.solver.BBSolver:
--------------------------------------- Price Problem Start --------------------------------------------------------
dualPrice.size = 20 , dualPrice = [1.0, 0.0, 1.0, 1.0, -0.0, 0.0, 0.0, 1.0, -0.0, 0.0, -0.0, -0.0, 0.0, 1.0, -0.0, 1.0, -0.0, -0.0, -0.0, -0.0]
			Active cut size: 0
W = 39 
H = 38
normalXList.size = 6
normalYList.size = 9
xList.size = 4
yList.size = 6
squareList.size = 6
myConsList.size = 0
当前上界 = 4.0
当前上界 = 3.8
当前上界 = 3.5999999999999996
当前上界 = 3.3999999999999995
当前上界 = 3.1999999999999993
当前上界 = 2.999999999999999
最优解：3.0
solutionList.size() = 2
pattern.getKey() = 7@13@15@
用时：0.0 s
--------------------------------------- Price Problem End --------------------------------------------------------
		6 Add column : 1 col:11 	0.391
			Start solve  LP :0.391
			End solve LP obj: 6.0 t: 0
com.wlj.solver.BBSolver:
--------------------------------------- Price Problem Start --------------------------------------------------------
dualPrice.size = 20 , dualPrice = [1.0, 1.0, 1.0, 1.0, -0.0, 0.0, 0.0, 1.0, -0.0, 0.0, -0.0, -0.0, 0.0, 0.0, -0.0, 0.0, -0.0, -0.0, -0.0, 1.0]
			Active cut size: 0
W = 40 
H = 37
normalXList.size = 7
normalYList.size = 10
xList.size = 5
yList.size = 5
squareList.size = 6
myConsList.size = 0
当前上界 = 3.0
当前上界 = 2.8666666666666667
当前上界 = 2.7333333333333334
当前上界 = 2.6
当前上界 = 2.466666666666667
当前上界 = 2.3333333333333335
当前上界 = 2.2
当前上界 = 2.066666666666667
当前上界 = 1.9333333333333336
最优解：2.0
solutionList.size() = 5
pattern.getKey() = 1@19@
用时：0.0 s
--------------------------------------- Price Problem End --------------------------------------------------------
		7 Add column : 1 col:12 	0.391
			Start solve  LP :0.391
			End solve LP obj: 6.0 t: 0
com.wlj.solver.BBSolver:
--------------------------------------- Price Problem Start --------------------------------------------------------
dualPrice.size = 20 , dualPrice = [1.0, 0.8333333333333333, -1.1102230246251565E-16, 0.33333333333333326, 1.0, 0.6666666666666667, 0.33333333333333337, 0.6666666666666666, -0.0, 0.33333333333333337, -0.0, -0.0, 0.33333333333333337, 0.16666666666666674, -0.0, 0.16666666666666669, -0.0, -0.0, -0.0, 0.16666666666666674]
			Active cut size: 0
W = 40 
H = 40
normalXList.size = 13
normalYList.size = 27
xList.size = 6
yList.size = 17
squareList.size = 12
myConsList.size = 0
当前上界 = 2.833333333333333
当前上界 = 2.711111111111111
当前上界 = 2.5888888888888886
当前上界 = 2.4666666666666663
当前上界 = 2.344444444444444
当前上界 = 2.222222222222222
最优解：2.333333333333334
solutionList.size() = 1
pattern.getKey() = 4@5@12@13@19@
用时：0.015 s
--------------------------------------- Price Problem End --------------------------------------------------------
		8 Add column : 1 col:13 	0.406
			Start solve  LP :0.406
			End solve LP obj: 6.0 t: 0
com.wlj.solver.BBSolver:
--------------------------------------- Price Problem Start --------------------------------------------------------
dualPrice.size = 20 , dualPrice = [1.0, 0.0, 1.0, 1.0, -0.0, 0.0, 0.0, 1.0, -0.0, 0.0, -0.0, -0.0, 0.0, -0.0, -0.0, 0.0, 1.0, -0.0, -0.0, 1.0]
			Active cut size: 0
W = 39 
H = 38
normalXList.size = 13
normalYList.size = 13
xList.size = 8
yList.size = 8
squareList.size = 6
myConsList.size = 0
当前上界 = 4.0
当前上界 = 3.8
当前上界 = 3.5999999999999996
当前上界 = 3.3999999999999995
当前上界 = 3.1999999999999993
当前上界 = 2.999999999999999
最优解：3.0
solutionList.size() = 4
pattern.getKey() = 2@16@19@
用时：0.016 s
--------------------------------------- Price Problem End --------------------------------------------------------
		9 Add column : 1 col:14 	0.422
			Start solve  LP :0.422
			End solve LP obj: 6.0 t: 0
com.wlj.solver.BBSolver:
--------------------------------------- Price Problem Start --------------------------------------------------------
dualPrice.size = 20 , dualPrice = [1.0, 0.8, 0.6000000000000001, 0.3999999999999999, 0.3999999999999999, 0.09999999999999987, 0.30000000000000004, 0.7, 0.5000000000000002, 0.30000000000000004, -0.0, -0.0, 0.30000000000000004, -0.0, -0.0, 0.19999999999999996, 0.19999999999999996, -0.0, -0.0, 0.19999999999999996]
			Active cut size: 0
W = 40 
H = 40
normalXList.size = 21
normalYList.size = 28
xList.size = 13
yList.size = 18
squareList.size = 14
myConsList.size = 0
当前上界 = 2.4000000000000004
当前上界 = 2.306666666666667
当前上界 = 2.213333333333334
当前上界 = 2.1200000000000006
当前上界 = 2.0266666666666673
最优解：2.1
solutionList.size() = 2
pattern.getKey() = 7@8@12@15@16@19@
用时：0.031 s
--------------------------------------- Price Problem End --------------------------------------------------------
		10 Add column : 1 col:15 	0.453
			Start solve  LP :0.453
			End solve LP obj: 6.0 t: 0
com.wlj.solver.BBSolver:
--------------------------------------- Price Problem Start --------------------------------------------------------
dualPrice.size = 20 , dualPrice = [1.0, 0.9090909090909091, 0.5454545454545454, -0.0, 0.45454545454545453, 0.45454545454545453, 0.8181818181818182, 0.18181818181818177, 0.5454545454545454, 0.18181818181818177, 0.6363636363636365, -0.0, -0.0, -0.0, -0.0, 0.0909090909090909, 0.09090909090909091, -0.0, -0.0, 0.09090909090909091]
			Active cut size: 0
W = 40 
H = 40
normalXList.size = 21
normalYList.size = 30
xList.size = 13
yList.size = 22
squareList.size = 13
myConsList.size = 0
当前上界 = 2.6363636363636362
当前上界 = 2.5272727272727273
当前上界 = 2.4181818181818184
当前上界 = 2.3090909090909095
当前上界 = 2.2000000000000006
当前上界 = 2.0909090909090917
最优解：2.1818181818181817
solutionList.size() = 1
pattern.getKey() = 5@6@10@15@16@19@
用时：0.016 s
--------------------------------------- Price Problem End --------------------------------------------------------
		11 Add column : 1 col:16 	0.469
			Start solve  LP :0.469
			End solve LP obj: 6.0 t: 0
com.wlj.solver.BBSolver:
--------------------------------------- Price Problem Start --------------------------------------------------------
dualPrice.size = 20 , dualPrice = [1.0, 1.0, 0.5, -0.0, 0.5, 0.125, 0.625, 0.375, 0.25, 0.375, 0.25, -0.0, 0.375, -0.0, -0.0, -0.0, -0.0, 0.0, 0.625, -0.0]
			Active cut size: 0
W = 40 
H = 40
normalXList.size = 8
normalYList.size = 29
xList.size = 5
yList.size = 18
squareList.size = 12
myConsList.size = 0
当前上界 = 2.625
当前上界 = 2.5166666666666666
当前上界 = 2.408333333333333
当前上界 = 2.3
当前上界 = 2.1916666666666664
当前上界 = 2.083333333333333
最优解：2.125
solutionList.size() = 3
pattern.getKey() = 4@6@12@18@
用时：0.015 s
--------------------------------------- Price Problem End --------------------------------------------------------
		12 Add column : 1 col:17 	0.484
			Start solve  LP :0.484
			End solve LP obj: 6.0 t: 0
com.wlj.solver.BBSolver:
--------------------------------------- Price Problem Start --------------------------------------------------------
dualPrice.size = 20 , dualPrice = [1.0, 1.0, 1.0, -0.0, 0.0, -0.0, 1.0, 0.0, 1.0, 0.0, 0.0, 1.0, 0.0, -0.0, -0.0, -0.0, -0.0, 0.0, 0.0, -0.0]
			Active cut size: 0
W = 39 
H = 39
normalXList.size = 7
normalYList.size = 5
xList.size = 6
yList.size = 4
squareList.size = 6
myConsList.size = 0
当前上界 = 3.0
当前上界 = 2.8666666666666667
当前上界 = 2.7333333333333334
当前上界 = 2.6
当前上界 = 2.466666666666667
当前上界 = 2.3333333333333335
当前上界 = 2.2
当前上界 = 2.066666666666667
当前上界 = 1.9333333333333336
最优解：2.0
solutionList.size() = 6
pattern.getKey() = 1@11@
用时：0.0 s
--------------------------------------- Price Problem End --------------------------------------------------------
		13 Add column : 1 col:18 	0.484
			Start solve  LP :0.484
			End solve LP obj: 6.0 t: 0
com.wlj.solver.BBSolver:
--------------------------------------- Price Problem Start --------------------------------------------------------
dualPrice.size = 20 , dualPrice = [1.0, 0.0, 1.0, -0.0, 0.0, -0.0, 1.0, 0.0, 1.0, 0.0, 0.0, 1.0, 0.0, -0.0, -0.0, -0.0, -0.0, 1.0, 0.0, -0.0]
			Active cut size: 0
W = 37 
H = 35
normalXList.size = 14
normalYList.size = 5
xList.size = 10
yList.size = 4
squareList.size = 6
myConsList.size = 0
当前上界 = 4.0
当前上界 = 3.8
当前上界 = 3.5999999999999996
当前上界 = 3.3999999999999995
当前上界 = 3.1999999999999993
当前上界 = 2.999999999999999
最优解：3.0
solutionList.size() = 3
pattern.getKey() = 2@11@17@
用时：0.0 s
--------------------------------------- Price Problem End --------------------------------------------------------
		14 Add column : 1 col:19 	0.484
			Start solve  LP :0.484
			End solve LP obj: 5.944444444444444 t: 0
com.wlj.solver.BBSolver:
--------------------------------------- Price Problem Start --------------------------------------------------------
dualPrice.size = 20 , dualPrice = [1.0, 0.5, 0.8333333333333334, 0.2777777777777778, 0.16666666666666666, -0.0, 0.1111111111111111, -0.0, 0.16666666666666666, 0.6111111111111112, 0.2222222222222222, 0.16666666666666663, 0.16666666666666666, 0.5, -0.0, 0.5, -0.0, -0.0, 0.5555555555555556, 0.16666666666666669]
			Active cut size: 0
W = 40 
H = 40
normalXList.size = 17
normalYList.size = 35
xList.size = 13
yList.size = 29
squareList.size = 15
myConsList.size = 0
当前上界 = 3.1666666666666665
当前上界 = 3.022222222222222
当前上界 = 2.8777777777777778
当前上界 = 2.7333333333333334
当前上界 = 2.588888888888889
最优解：2.7222222222222223
solutionList.size() = 2
pattern.getKey() = 9@10@12@13@15@18@19@
用时：0.172 s
--------------------------------------- Price Problem End --------------------------------------------------------
		15 Add column : 1 col:20 	0.656
			Start solve  LP :0.656
			End solve LP obj: 5.8 t: 0
com.wlj.solver.BBSolver:
--------------------------------------- Price Problem Start --------------------------------------------------------
dualPrice.size = 20 , dualPrice = [1.0, 0.7000000000000001, 0.6000000000000001, 0.6999999999999998, 0.3999999999999999, 0.20000000000000007, 0.30000000000000016, 0.5000000000000001, -0.0, -0.0, 0.19999999999999998, 0.29999999999999993, 0.19999999999999984, 0.19999999999999998, -0.0, 0.29999999999999993, -0.0, 0.09999999999999995, 0.10000000000000006, 1.3877787807814457E-16]
			Active cut size: 0
W = 40 
H = 40
normalXList.size = 28
normalYList.size = 30
xList.size = 21
yList.size = 19
squareList.size = 15
myConsList.size = 0
当前上界 = 2.0000000000000004
当前上界 = 1.9333333333333338
当前上界 = 1.8666666666666671
当前上界 = 1.8000000000000005
当前上界 = 1.7333333333333338
当前上界 = 1.6666666666666672
当前上界 = 1.6000000000000005
最优解：1.6
solutionList.size() = 5
pattern.getKey() = 3@6@13@15@18@
用时：0.047 s
--------------------------------------- Price Problem End --------------------------------------------------------
		16 Add column : 1 col:21 	0.703
			Start solve  LP :0.703
			End solve LP obj: 5.769230769230769 t: 0
com.wlj.solver.BBSolver:
--------------------------------------- Price Problem Start --------------------------------------------------------
dualPrice.size = 20 , dualPrice = [1.0, 0.7948717948717948, 0.5897435897435896, 0.7435897435897436, 0.41025641025641035, 0.07692307692307684, 0.2564102564102564, 0.3076923076923076, 0.17948717948717954, -0.0, 0.4871794871794872, 0.20512820512820518, 0.3333333333333333, -0.0, -0.0, -0.0, -0.0, 0.20512820512820518, 0.0, 0.17948717948717952]
			Active cut size: 0
W = 40 
H = 40
normalXList.size = 27
normalYList.size = 24
xList.size = 19
yList.size = 13
squareList.size = 14
myConsList.size = 0
当前上界 = 2.2564102564102564
当前上界 = 2.1726495726495725
当前上界 = 2.0888888888888886
当前上界 = 2.0051282051282047
当前上界 = 1.921367521367521
当前上界 = 1.8376068376068373
当前上界 = 1.7538461538461536
当前上界 = 1.67008547008547
最优解：1.7435897435897436
solutionList.size() = 1
pattern.getKey() = 3@10@12@19@
用时：0.031 s
--------------------------------------- Price Problem End --------------------------------------------------------
		17 Add column : 1 col:22 	0.734
			Start solve  LP :0.734
			End solve LP obj: 5.7512195121951235 t: 0
com.wlj.solver.BBSolver:
--------------------------------------- Price Problem Start --------------------------------------------------------
dualPrice.size = 20 , dualPrice = [1.0, 0.8, 0.6, 0.46829268292682924, 0.4, 0.23902439024390243, 0.29756097560975603, 0.39512195121951216, 0.15121951219512192, 0.23414634146341473, 0.17073170731707316, 0.2, 0.16097560975609754, -0.0, -0.0, 0.09268292682926829, -0.0, 0.2, 0.1414634146341464, 0.2]
			Active cut size: 0
W = 40 
H = 40
normalXList.size = 28
normalYList.size = 35
xList.size = 21
yList.size = 29
squareList.size = 17
myConsList.size = 0
当前上界 = 1.9414634146341463
当前上界 = 1.8786991869918699
当前上界 = 1.8159349593495935
当前上界 = 1.753170731707317
当前上界 = 1.6904065040650407
当前上界 = 1.6276422764227643
当前上界 = 1.5648780487804879
最优解：1.5756097560975613
solutionList.size() = 1
pattern.getKey() = 1@9@17@18@19@
用时：0.297 s
--------------------------------------- Price Problem End --------------------------------------------------------
		18 Add column : 1 col:23 	1.031
			Start solve  LP :1.031
			End solve LP obj: 5.72222222222222 t: 0
com.wlj.solver.BBSolver:
--------------------------------------- Price Problem Start --------------------------------------------------------
dualPrice.size = 20 , dualPrice = [1.0, 0.7777777777777779, 0.7222222222222222, 0.3333333333333333, 0.2777777777777778, 0.05555555555555558, 0.5, 0.16666666666666674, 0.6111111111111112, 0.16666666666666666, 0.4444444444444445, 0.22222222222222215, 0.2222222222222222, 0.16666666666666663, -0.0, -0.0, -0.0, 0.055555555555555525, -0.0, -5.551115123125783E-17]
			Active cut size: 0
W = 40 
H = 40
normalXList.size = 26
normalYList.size = 17
xList.size = 17
yList.size = 11
squareList.size = 15
myConsList.size = 0
当前上界 = 2.0
当前上界 = 1.9333333333333333
当前上界 = 1.8666666666666667
当前上界 = 1.8
当前上界 = 1.7333333333333334
当前上界 = 1.6666666666666667
最优解：1.722222222222222
solutionList.size() = 1
pattern.getKey() = 6@8@10@13@
用时：0.0 s
--------------------------------------- Price Problem End --------------------------------------------------------
		19 Add column : 1 col:24 	1.031
			Start solve  LP :1.031
			End solve LP obj: 5.67763157894737 t: 0
com.wlj.solver.BBSolver:
--------------------------------------- Price Problem Start --------------------------------------------------------
dualPrice.size = 20 , dualPrice = [1.0, 0.730263157894737, 0.5394736842105262, 0.4671052631578948, 0.4605263157894738, 0.23684210526315796, 0.31578947368421095, 0.3421052631578951, 0.29605263157894723, 0.07894736842105243, 0.3092105263157894, 0.2697368421052631, 0.22368421052631582, 0.07894736842105243, -0.0, 0.1381578947368418, -0.0, 0.19078947368421068, -0.0, -0.0]
			Active cut size: 0
W = 40 
H = 40
normalXList.size = 27
normalYList.size = 18
xList.size = 19
yList.size = 13
squareList.size = 16
myConsList.size = 0
当前上界 = 1.6644736842105263
当前上界 = 1.6201754385964913
当前上界 = 1.5758771929824562
当前上界 = 1.5315789473684212
当前上界 = 1.487280701754386
当前上界 = 1.442982456140351
当前上界 = 1.398684210526316
最优解：1.4144736842105265
solutionList.size() = 1
pattern.getKey() = 3@4@8@17@
用时：0.0 s
--------------------------------------- Price Problem End --------------------------------------------------------
		20 Add column : 1 col:25 	1.031
			Start solve  LP :1.031
			End solve LP obj: 5.5769230769230775 t: 0
com.wlj.solver.BBSolver:
--------------------------------------- Price Problem Start --------------------------------------------------------
dualPrice.size = 20 , dualPrice = [1.0, 0.6153846153846155, 0.6153846153846153, 0.2692307692307693, 0.3846153846153847, 0.3076923076923079, 0.4615384615384618, 0.3461538461538466, 0.3461538461538462, 0.26923076923076894, -0.0, 0.38461538461538447, 0.07692307692307682, 0.19230769230769218, -0.0, -0.0, 0.19230769230769204, 2.220446049250313E-16, 0.0769230769230767, 0.03846153846153841]
			Active cut size: 0
W = 40 
H = 40
normalXList.size = 24
normalYList.size = 32
xList.size = 17
yList.size = 23
squareList.size = 16
myConsList.size = 0
当前上界 = 1.8461538461538463
当前上界 = 1.7897435897435898
当前上界 = 1.7333333333333334
当前上界 = 1.676923076923077
当前上界 = 1.6205128205128205
当前上界 = 1.564102564102564
当前上界 = 1.5076923076923077
当前上界 = 1.4512820512820512
最优解：1.5
solutionList.size() = 2
pattern.getKey() = 6@7@11@16@18@19@
用时：0.032 s
--------------------------------------- Price Problem End --------------------------------------------------------
		21 Add column : 1 col:26 	1.063
			Start solve  LP :1.063
			End solve LP obj: 5.51923076923077 t: 0
com.wlj.solver.BBSolver:
--------------------------------------- Price Problem Start --------------------------------------------------------
dualPrice.size = 20 , dualPrice = [1.0, 0.6346153846153846, 0.6346153846153846, 0.21153846153846145, 0.36538461538461536, 0.36538461538461536, 0.2884615384615385, 0.25000000000000017, 0.42307692307692313, 0.3653846153846154, 0.01923076923076912, 0.36538461538461536, 0.0, 0.2692307692307693, -0.0, 0.2307692307692307, 0.09615384615384603, -0.0, -0.0, -0.0]
			Active cut size: 0
W = 40 
H = 40
normalXList.size = 24
normalYList.size = 17
xList.size = 17
yList.size = 13
squareList.size = 15
myConsList.size = 0
当前上界 = 1.7884615384615388
当前上界 = 1.7358974358974362
当前上界 = 1.6833333333333336
当前上界 = 1.630769230769231
当前上界 = 1.5782051282051284
当前上界 = 1.5256410256410258
当前上界 = 1.4730769230769232
当前上界 = 1.4205128205128206
当前上界 = 1.367948717948718
最优解：1.3846153846153846
solutionList.size() = 1
pattern.getKey() = 8@9@13@15@16@
用时：0.015 s
--------------------------------------- Price Problem End --------------------------------------------------------
		22 Add column : 1 col:27 	1.078
			Start solve  LP :1.078
			End solve LP obj: 5.516129032258064 t: 0
com.wlj.solver.BBSolver:
--------------------------------------- Price Problem Start --------------------------------------------------------
dualPrice.size = 20 , dualPrice = [1.0, 0.7741935483870969, 0.6129032258064516, 0.25806451612903236, 0.3870967741935484, 0.3870967741935484, 0.32258064516129026, 0.4516129032258065, 0.35483870967741926, 0.22580645161290314, 0.0967741935483872, 0.22580645161290314, 0.0, 0.22580645161290325, -0.0, 0.19354838709677416, -2.7755575615628914E-17, -0.0, -0.0, -0.0]
			Active cut size: 0
W = 40 
H = 40
normalXList.size = 16
normalYList.size = 17
xList.size = 11
yList.size = 13
squareList.size = 14
myConsList.size = 0
当前上界 = 1.6774193548387097
当前上界 = 1.632258064516129
当前上界 = 1.5870967741935484
当前上界 = 1.5419354838709678
当前上界 = 1.4967741935483871
当前上界 = 1.4516129032258065
当前上界 = 1.4064516129032258
当前上界 = 1.3612903225806452
当前上界 = 1.3161290322580645
最优解：1.3548387096774193
solutionList.size() = 1
pattern.getKey() = 5@6@7@15@
用时：0.0 s
--------------------------------------- Price Problem End --------------------------------------------------------
		23 Add column : 1 col:28 	1.078
			Start solve  LP :1.078
			End solve LP obj: 5.514285714285714 t: 0
com.wlj.solver.BBSolver:
--------------------------------------- Price Problem Start --------------------------------------------------------
dualPrice.size = 20 , dualPrice = [1.0, 0.7142857142857144, 0.6, 0.2857142857142857, 0.4, 0.25714285714285723, 0.2857142857142857, 0.28571428571428575, 0.31428571428571433, 0.2285714285714286, 0.20000000000000004, 0.28571428571428564, 0.14285714285714282, 0.19999999999999998, -0.0, 0.17142857142857146, 0.08571428571428566, -0.0, 0.05714285714285705, -0.0]
			Active cut size: 0
W = 40 
H = 40
normalXList.size = 24
normalYList.size = 31
xList.size = 17
yList.size = 21
squareList.size = 17
myConsList.size = 0
当前上界 = 1.5428571428571427
当前上界 = 1.5066666666666666
当前上界 = 1.4704761904761905
当前上界 = 1.4342857142857144
当前上界 = 1.3980952380952383
当前上界 = 1.3619047619047622
当前上界 = 1.325714285714286
当前上界 = 1.28952380952381
当前上界 = 1.2533333333333339
最优解：1.2857142857142856
solutionList.size() = 1
pattern.getKey() = 1@9@11@18@
用时：0.016 s
--------------------------------------- Price Problem End --------------------------------------------------------
		24 Add column : 1 col:29 	1.094
			Start solve  LP :1.094
			End solve LP obj: 5.461538461538461 t: 0
com.wlj.solver.BBSolver:
--------------------------------------- Price Problem Start --------------------------------------------------------
dualPrice.size = 20 , dualPrice = [1.0, 0.7692307692307693, 0.6923076923076923, 0.4615384615384616, 0.3076923076923077, 0.23076923076923084, 0.23076923076923078, 0.4615384615384615, 0.2307692307692308, 0.0769230769230769, 0.30769230769230765, 0.15384615384615385, 0.07692307692307687, 0.23076923076923075, -0.0, 0.07692307692307687, -0.0, -0.0, -0.0, 0.15384615384615385]
			Active cut size: 0
W = 40 
H = 40
normalXList.size = 17
normalYList.size = 31
xList.size = 11
yList.size = 23
squareList.size = 16
myConsList.size = 0
当前上界 = 1.6923076923076925
当前上界 = 1.6461538461538463
当前上界 = 1.6
当前上界 = 1.5538461538461539
当前上界 = 1.5076923076923077
当前上界 = 1.4615384615384615
当前上界 = 1.4153846153846152
当前上界 = 1.369230769230769
最优解：1.3846153846153846
solutionList.size() = 5
pattern.getKey() = 2@6@10@19@
pattern.getKey() = 6@7@10@13@19@
用时：0.0 s
--------------------------------------- Price Problem End --------------------------------------------------------
		25 Add column : 1 col:30 	1.094
			Start solve  LP :1.094
			End solve LP obj: 5.333333333333332 t: 16
com.wlj.solver.BBSolver:
--------------------------------------- Price Problem Start --------------------------------------------------------
dualPrice.size = 20 , dualPrice = [1.0, 0.6666666666666667, 0.6666666666666666, 0.33333333333333315, 0.33333333333333337, 0.3333333333333335, -2.7755575615628914E-17, 0.3333333333333334, 0.3333333333333334, 0.0, 0.3333333333333333, 0.33333333333333326, -1.1102230246251565E-16, 0.3333333333333333, -0.0, 0.3333333333333333, -0.0, -0.0, -0.0, 0.0]
			Active cut size: 0
W = 40 
H = 40
normalXList.size = 15
normalYList.size = 15
xList.size = 11
yList.size = 12
squareList.size = 12
myConsList.size = 0
当前上界 = 1.666666666666667
最优解：1.6666666666666665
solutionList.size() = 1
pattern.getKey() = 7@10@11@13@15@
用时：0.0 s
--------------------------------------- Price Problem End --------------------------------------------------------
		26 Add column : 1 col:31 	1.11
			Start solve  LP :1.11
			End solve LP obj: 5.333333333333334 t: 0
com.wlj.solver.BBSolver:
--------------------------------------- Price Problem Start --------------------------------------------------------
dualPrice.size = 20 , dualPrice = [1.0, 0.8333333333333334, 0.8333333333333333, 0.6666666666666667, 0.16666666666666677, 0.16666666666666677, 0.16666666666666677, 0.5, 0.16666666666666652, 0.16666666666666663, 0.33333333333333337, -0.0, -0.0, -1.3877787807814457E-16, -0.0, 0.16666666666666666, 0.1666666666666668, -0.0, -0.0, -0.0]
			Active cut size: 0
W = 40 
H = 40
normalXList.size = 21
normalYList.size = 16
xList.size = 13
yList.size = 12
squareList.size = 13
myConsList.size = 0
当前上界 = 1.8333333333333335
当前上界 = 1.777777777777778
当前上界 = 1.7222222222222223
当前上界 = 1.6666666666666667
当前上界 = 1.6111111111111112
当前上界 = 1.5555555555555556
当前上界 = 1.5
最优解：1.5
solutionList.size() = 1
pattern.getKey() = 2@10@15@16@
用时：0.0 s
--------------------------------------- Price Problem End --------------------------------------------------------
		27 Add column : 1 col:32 	1.11
			Start solve  LP :1.11
			End solve LP obj: 5.295774647887324 t: 0
com.wlj.solver.BBSolver:
--------------------------------------- Price Problem Start --------------------------------------------------------
dualPrice.size = 20 , dualPrice = [1.0, 0.4929577464788732, 0.5492957746478873, 0.38028169014084506, 0.3380281690140845, 0.2535211267605634, 0.29577464788732405, 0.3380281690140843, 0.16901408450704225, 0.32394366197183094, 0.15492957746478878, 0.18309859154929586, 0.19718309859154937, 0.21126760563380276, -0.0, 0.11267605633802817, 0.18309859154929586, 0.11267605633802819, -0.0, -0.0]
			Active cut size: 0
W = 40 
H = 40
normalXList.size = 29
normalYList.size = 18
xList.size = 23
yList.size = 13
squareList.size = 17
myConsList.size = 0
当前上界 = 1.6197183098591552
当前上界 = 1.5784037558685449
当前上界 = 1.5370892018779345
当前上界 = 1.4957746478873242
当前上界 = 1.4544600938967138
当前上界 = 1.4131455399061035
当前上界 = 1.3718309859154931
当前上界 = 1.3305164319248828
当前上界 = 1.2892018779342724
当前上界 = 1.247887323943662
最优解：1.267605633802817
solutionList.size() = 1
pattern.getKey() = 7@9@12@15@16@17@
用时：0.015 s
--------------------------------------- Price Problem End --------------------------------------------------------
		28 Add column : 1 col:33 	1.125
			Start solve  LP :1.125
			End solve LP obj: 5.279352226720646 t: 0
com.wlj.solver.BBSolver:
--------------------------------------- Price Problem Start --------------------------------------------------------
dualPrice.size = 20 , dualPrice = [1.0, 0.5668016194331984, 0.5789473684210527, 0.44939271255060714, 0.319838056680162, 0.31983805668016196, 0.23481781376518218, 0.3643724696356275, 0.2307692307692309, 0.2550607287449392, 0.14170040485829954, 0.17813765182186242, 0.10121457489878533, 0.23481781376518218, -0.0, 0.08097165991902835, 0.1983805668016194, -0.0, -0.0, 0.024291497975708565]
			Active cut size: 0
W = 40 
H = 40
normalXList.size = 24
normalYList.size = 31
xList.size = 17
yList.size = 23
squareList.size = 17
myConsList.size = 0
当前上界 = 1.5991902834008098
当前上界 = 1.5592442645074225
当前上界 = 1.5192982456140351
当前上界 = 1.4793522267206478
当前上界 = 1.4394062078272605
当前上界 = 1.3994601889338731
当前上界 = 1.3595141700404858
当前上界 = 1.3195681511470985
当前上界 = 1.2796221322537111
当前上界 = 1.2396761133603238
当前上界 = 1.1997300944669365
最优解：1.222672064777328
solutionList.size() = 2
pattern.getKey() = 0@16@19@
用时：0.016 s
--------------------------------------- Price Problem End --------------------------------------------------------
		29 Add column : 1 col:34 	1.141
			Start solve  LP :1.141
			End solve LP obj: 5.279352226720646 t: 0
com.wlj.solver.BBSolver:
--------------------------------------- Price Problem Start --------------------------------------------------------
dualPrice.size = 20 , dualPrice = [0.7773279352226721, 0.5668016194331984, 0.5789473684210527, 0.44939271255060714, 0.319838056680162, 0.31983805668016196, 0.23481781376518218, 0.3643724696356275, 0.2307692307692309, 0.2550607287449392, 0.14170040485829954, 0.17813765182186242, 0.10121457489878533, 0.23481781376518218, 0.22267206477732793, 0.08097165991902835, 0.1983805668016194, -0.0, -0.0, 0.024291497975708565]
			Active cut size: 0
W = 40 
H = 40
normalXList.size = 25
normalYList.size = 31
xList.size = 19
yList.size = 23
squareList.size = 18
myConsList.size = 0
当前上界 = 1.4939271255060727
当前上界 = 1.4609986504723345
当前上界 = 1.4280701754385963
当前上界 = 1.395141700404858
当前上界 = 1.3622132253711199
当前上界 = 1.3292847503373817
当前上界 = 1.2963562753036435
最优解：1.2995951417004048
solutionList.size() = 1
pattern.getKey() = 7@9@13@14@16@19@
用时：0.015 s
--------------------------------------- Price Problem End --------------------------------------------------------
		30 Add column : 1 col:35 	1.156
			Start solve  LP :1.156
			End solve LP obj: 5.269953051643193 t: 0
com.wlj.solver.BBSolver:
--------------------------------------- Price Problem Start --------------------------------------------------------
dualPrice.size = 20 , dualPrice = [0.8591549295774649, 0.5633802816901409, 0.591549295774648, 0.2887323943661971, 0.363849765258216, 0.23708920187793414, 0.3544600938967137, 0.27934272300469487, 0.2793427230046947, 0.21126760563380287, 0.1384976525821596, 0.22535211267605632, 0.1713615023474179, 0.227699530516432, 0.14084507042253513, 0.1291079812206573, 0.14084507042253513, 0.068075117370892, -0.0, -0.0]
			Active cut size: 0
W = 40 
H = 40
normalXList.size = 30
normalYList.size = 18
xList.size = 25
yList.size = 13
squareList.size = 18
myConsList.size = 0
当前上界 = 1.4436619718309862
当前上界 = 1.4140845070422539
当前上界 = 1.3845070422535215
当前上界 = 1.3549295774647891
当前上界 = 1.3253521126760568
当前上界 = 1.2957746478873244
当前上界 = 1.266197183098592
当前上界 = 1.2366197183098597
最优解：1.2582159624413147
solutionList.size() = 1
pattern.getKey() = 4@6@12@13@16@
用时：0.016 s
--------------------------------------- Price Problem End --------------------------------------------------------
		31 Add column : 1 col:36 	1.172
			Start solve  LP :1.172
			End solve LP obj: 5.255384615384615 t: 0
com.wlj.solver.BBSolver:
--------------------------------------- Price Problem Start --------------------------------------------------------
dualPrice.size = 20 , dualPrice = [0.7938461538461539, 0.7261538461538464, 0.563076923076923, 0.52, 0.36000000000000015, 0.23692307692307696, 0.2276923076923077, 0.38769230769230784, 0.05846153846153834, 0.09538461538461535, 0.1815384615384616, 0.17846153846153834, 0.1999999999999999, 0.10461538461538454, 0.20615384615384616, 0.1476923076923077, 0.10769230769230771, 0.061538461538461445, -0.0, 0.09846153846153845]
			Active cut size: 0
W = 40 
H = 40
normalXList.size = 30
normalYList.size = 31
xList.size = 25
yList.size = 23
squareList.size = 19
myConsList.size = 0
当前上界 = 1.5661538461538465
当前上界 = 1.5284102564102566
当前上界 = 1.4906666666666668
当前上界 = 1.452923076923077
当前上界 = 1.4151794871794872
当前上界 = 1.3774358974358973
当前上界 = 1.3396923076923075
当前上界 = 1.3019487179487177
当前上界 = 1.2642051282051279
最优解：1.2769230769230773
solutionList.size() = 1
pattern.getKey() = 5@7@12@14@15@19@
用时：0.062 s
--------------------------------------- Price Problem End --------------------------------------------------------
		32 Add column : 1 col:37 	1.234
			Start solve  LP :1.234
			End solve LP obj: 5.242339832869082 t: 0
com.wlj.solver.BBSolver:
--------------------------------------- Price Problem Start --------------------------------------------------------
dualPrice.size = 20 , dualPrice = [0.8579387186629526, 0.5515320334261837, 0.6323119777158773, 0.2924791086350974, 0.2534818941504178, 0.24791086350974942, 0.3231197771587745, 0.2674094707520891, 0.30919220055710317, 0.22562674094707522, 0.12534818941504178, 0.222841225626741, 0.1197771587743732, 0.22284122562674097, 0.1420612813370474, 0.16155988857938713, 0.08077994428969362, 0.14484679665738162, -0.0, 0.06128133704735378]
			Active cut size: 0
W = 40 
H = 40
normalXList.size = 30
normalYList.size = 31
xList.size = 25
yList.size = 23
squareList.size = 19
myConsList.size = 0
当前上界 = 1.5459610027855153
当前上界 = 1.5095636025998143
当前上界 = 1.4731662024141132
当前上界 = 1.4367688022284122
当前上界 = 1.4003714020427112
当前上界 = 1.3639740018570101
当前上界 = 1.327576601671309
当前上界 = 1.291179201485608
当前上界 = 1.254781801299907
当前上界 = 1.218384401114206
最优解：1.2479108635097491
solutionList.size() = 1
pattern.getKey() = 2@5@15@17@19@
用时：0.11 s
--------------------------------------- Price Problem End --------------------------------------------------------
		33 Add column : 1 col:38 	1.344
			Start solve  LP :1.344
			End solve LP obj: 5.2384105960264895 t: 0
com.wlj.solver.BBSolver:
--------------------------------------- Price Problem Start --------------------------------------------------------
dualPrice.size = 20 , dualPrice = [0.847682119205298, 0.6092715231788082, 0.5761589403973509, 0.437086092715232, 0.22516556291390755, 0.27814569536423844, 0.29801324503311255, 0.33774834437086093, 0.27814569536423794, 0.17880794701986735, 0.18543046357615894, 0.21192052980132453, 0.14569536423841056, 0.17880794701986738, 0.152317880794702, 0.08609271523178808, 0.152317880794702, 0.05960264900662249, -0.0, -0.0]
			Active cut size: 0
W = 40 
H = 40
normalXList.size = 30
normalYList.size = 18
xList.size = 25
yList.size = 13
squareList.size = 18
myConsList.size = 0
当前上界 = 1.3642384105960264
当前上界 = 1.3399558498896247
当前上界 = 1.315673289183223
当前上界 = 1.2913907284768213
当前上界 = 1.2671081677704197
当前上界 = 1.242825607064018
当前上界 = 1.2185430463576163
当前上界 = 1.1942604856512147
当前上界 = 1.169977924944813
当前上界 = 1.1456953642384113
最优解：1.152317880794702
solutionList.size() = 1
pattern.getKey() = 5@6@7@15@16@
用时：0.0 s
--------------------------------------- Price Problem End --------------------------------------------------------
		34 Add column : 1 col:39 	1.344
			Start solve  LP :1.344
			End solve LP obj: 5.220588235294119 t: 0
com.wlj.solver.BBSolver:
--------------------------------------- Price Problem Start --------------------------------------------------------
dualPrice.size = 20 , dualPrice = [0.8529411764705883, 0.6029411764705882, 0.5441176470588232, 0.42647058823529416, 0.22058823529411742, 0.26470588235294135, 0.25, 0.2647058823529412, 0.2941176470588236, 0.2205882352941178, 0.23529411764705882, 0.17647058823529405, 0.19117647058823545, 0.22058823529411764, 0.14705882352941174, 0.1029411764705882, 0.11764705882352935, 0.058823529411764865, -0.0, 0.02941176470588238]
			Active cut size: 0
W = 40 
H = 40
normalXList.size = 30
normalYList.size = 31
xList.size = 25
yList.size = 23
squareList.size = 19
myConsList.size = 0
当前上界 = 1.3676470588235294
当前上界 = 1.343137254901961
当前上界 = 1.3186274509803924
当前上界 = 1.2941176470588238
当前上界 = 1.2696078431372553
当前上界 = 1.2450980392156867
当前上界 = 1.2205882352941182
当前上界 = 1.1960784313725497
当前上界 = 1.1715686274509811
当前上界 = 1.1470588235294126
最优解：1.161764705882353
solutionList.size() = 1
pattern.getKey() = 3@6@10@13@19@
用时：0.046 s
--------------------------------------- Price Problem End --------------------------------------------------------
		35 Add column : 1 col:40 	1.406
			Start solve  LP :1.406
			End solve LP obj: 5.204545454545454 t: 0
com.wlj.solver.BBSolver:
--------------------------------------- Price Problem Start --------------------------------------------------------
dualPrice.size = 20 , dualPrice = [0.9393939393939393, 0.7045454545454544, 0.6212121212121211, 0.40151515151515155, 0.3712121212121211, 0.2196969696969698, 0.17424242424242423, 0.4015151515151514, 0.2272727272727273, 0.23484848484848492, 0.1742424242424242, 0.03030303030303061, 0.1590909090909091, 0.24242424242424251, 0.06060606060606068, 0.15151515151515152, 0.05303030303030311, -0.0, 0.030303030303030193, 0.0075757575757575656]
			Active cut size: 0
W = 40 
H = 40
normalXList.size = 25
normalYList.size = 35
xList.size = 19
yList.size = 29
squareList.size = 19
myConsList.size = 0
当前上界 = 1.5833333333333333
当前上界 = 1.5444444444444443
当前上界 = 1.5055555555555553
当前上界 = 1.4666666666666663
当前上界 = 1.4277777777777774
当前上界 = 1.3888888888888884
当前上界 = 1.3499999999999994
当前上界 = 1.3111111111111104
当前上界 = 1.2722222222222215
当前上界 = 1.2333333333333325
当前上界 = 1.1944444444444435
最优解：1.227272727272727
solutionList.size() = 1
pattern.getKey() = 7@9@12@13@15@18@19@
用时：0.079 s
--------------------------------------- Price Problem End --------------------------------------------------------
		36 Add column : 1 col:41 	1.485
			Start solve  LP :1.485
			End solve LP obj: 5.193989071038249 t: 0
com.wlj.solver.BBSolver:
--------------------------------------- Price Problem Start --------------------------------------------------------
dualPrice.size = 20 , dualPrice = [0.8469945355191256, 0.5983606557377049, 0.5464480874316938, 0.30327868852459017, 0.30874316939890706, 0.3032786885245903, 0.1994535519125682, 0.30327868852459, 0.3278688524590163, 0.1775956284153008, 0.25956284153005493, 0.1584699453551911, 0.15027322404371596, 0.2131147540983606, 0.15300546448087435, 0.06557377049180321, 0.12841530054644815, 0.06010928961748646, 0.06557377049180324, 0.0245901639344262]
			Active cut size: 0
W = 40 
H = 40
normalXList.size = 30
normalYList.size = 35
xList.size = 25
yList.size = 29
squareList.size = 20
myConsList.size = 0
当前上界 = 1.426229508196721
当前上界 = 1.3978142076502729
当前上界 = 1.3693989071038248
当前上界 = 1.3409836065573768
当前上界 = 1.3125683060109288
当前上界 = 1.2841530054644807
当前上界 = 1.2557377049180327
当前上界 = 1.2273224043715847
最优解：1.2349726775956287
solutionList.size() = 1
pattern.getKey() = 4@8@10@13@17@18@
用时：0.093 s
--------------------------------------- Price Problem End --------------------------------------------------------
		37 Add column : 1 col:42 	1.578
			Start solve  LP :1.578
			End solve LP obj: 5.18867924528302 t: 0
com.wlj.solver.BBSolver:
--------------------------------------- Price Problem Start --------------------------------------------------------
dualPrice.size = 20 , dualPrice = [0.8679245283018868, 0.6981132075471699, 0.6415094339622642, 0.3773584905660377, 0.35849056603773594, 0.2264150943396226, 0.20754716981132076, 0.37735849056603776, 0.2641509433962264, 0.1509433962264151, 0.169811320754717, 0.15094339622641506, 0.13207547169811318, 0.2075471698113207, 0.13207547169811323, 0.09433962264150941, 0.09433962264150945, -0.0, -0.0, 0.03773584905660379]
			Active cut size: 0
W = 40 
H = 40
normalXList.size = 25
normalYList.size = 31
xList.size = 19
yList.size = 23
squareList.size = 18
myConsList.size = 0
当前上界 = 1.4528301886792454
当前上界 = 1.4226415094339624
当前上界 = 1.3924528301886794
当前上界 = 1.3622641509433964
当前上界 = 1.3320754716981134
当前上界 = 1.3018867924528303
当前上界 = 1.2716981132075473
当前上界 = 1.2415094339622643
当前上界 = 1.2113207547169813
当前上界 = 1.1811320754716983
当前上界 = 1.1509433962264153
当前上界 = 1.1207547169811323
最优解：1.1320754716981132
solutionList.size() = 1
pattern.getKey() = 1@13@15@16@19@
用时：0.031 s
--------------------------------------- Price Problem End --------------------------------------------------------
		38 Add column : 1 col:43 	1.609
			Start solve  LP :1.609
			End solve LP obj: 5.18552036199095 t: 0
com.wlj.solver.BBSolver:
--------------------------------------- Price Problem Start --------------------------------------------------------
dualPrice.size = 20 , dualPrice = [0.8536953242835597, 0.6244343891402716, 0.6184012066365009, 0.38159879336349894, 0.30165912518853727, 0.20060331825037694, 0.23227752639517338, 0.3815987933634994, 0.22624434389140266, 0.16138763197586742, 0.19607843137254904, 0.19306184012066374, 0.18099547511312214, 0.16440422322775256, 0.14630467571644035, 0.06485671191553546, 0.12066365007541474, 0.09049773755656108, 0.021116138763197345, 0.02564102564102562]
			Active cut size: 0
W = 40 
H = 40
normalXList.size = 30
normalYList.size = 35
xList.size = 25
yList.size = 29
squareList.size = 20
myConsList.size = 0
当前上界 = 1.438914027149321
当前上界 = 1.409653092006033
当前上界 = 1.380392156862745
当前上界 = 1.351131221719457
当前上界 = 1.3218702865761691
当前上界 = 1.2926093514328811
当前上界 = 1.2633484162895932
当前上界 = 1.2340874811463052
当前上界 = 1.2048265460030172
当前上界 = 1.1755656108597292
当前上界 = 1.1463046757164412
最优解：1.1598793363499247
solutionList.size() = 1
pattern.getKey() = 7@10@12@13@16@17@19@
用时：0.141 s
--------------------------------------- Price Problem End --------------------------------------------------------
		39 Add column : 1 col:44 	1.75
			Start solve  LP :1.75
			End solve LP obj: 5.179487179487179 t: 0
com.wlj.solver.BBSolver:
--------------------------------------- Price Problem Start --------------------------------------------------------
dualPrice.size = 20 , dualPrice = [0.8974358974358975, 0.5897435897435898, 0.6923076923076923, 0.35897435897435903, 0.2564102564102564, 0.17948717948717957, 0.28205128205128205, 0.358974358974359, 0.3333333333333333, 0.20512820512820512, 0.1282051282051282, 0.20512820512820518, 0.1282051282051282, 0.23076923076923084, 0.10256410256410255, 0.0769230769230769, 0.10256410256410255, 0.051282051282051294, -0.0, -0.0]
			Active cut size: 0
W = 40 
H = 40
normalXList.size = 30
normalYList.size = 18
xList.size = 25
yList.size = 13
squareList.size = 18
myConsList.size = 0
当前上界 = 1.4871794871794872
当前上界 = 1.4547008547008546
当前上界 = 1.422222222222222
当前上界 = 1.3897435897435895
当前上界 = 1.3572649572649569
当前上界 = 1.3247863247863243
当前上界 = 1.2923076923076917
当前上界 = 1.2598290598290591
当前上界 = 1.2273504273504265
当前上界 = 1.194871794871794
当前上界 = 1.1623931623931614
当前上界 = 1.1299145299145288
最优解：1.153846153846154
solutionList.size() = 1
pattern.getKey() = 7@8@12@13@16@
用时：0.016 s
--------------------------------------- Price Problem End --------------------------------------------------------
		40 Add column : 1 col:45 	1.766
			Start solve  LP :1.766
			End solve LP obj: 5.177304964539008 t: 0
com.wlj.solver.BBSolver:
--------------------------------------- Price Problem Start --------------------------------------------------------
dualPrice.size = 20 , dualPrice = [0.8865248226950354, 0.6312056737588652, 0.6170212765957447, 0.35460992907801414, 0.36879432624113484, 0.2198581560283689, 0.2482269503546099, 0.3546099290780142, 0.26241134751773054, 0.18439716312056748, 0.20567375886524822, 0.18439716312056742, 0.16312056737588645, 0.148936170212766, 0.11347517730496458, 0.10638297872340413, 0.07092198581560286, 0.014184397163120477, -0.0, 0.04255319148936172]
			Active cut size: 0
W = 40 
H = 40
normalXList.size = 30
normalYList.size = 31
xList.size = 25
yList.size = 23
squareList.size = 19
myConsList.size = 0
当前上界 = 1.3900709219858156
当前上界 = 1.364066193853428
当前上界 = 1.3380614657210403
当前上界 = 1.3120567375886527
当前上界 = 1.286052009456265
当前上界 = 1.2600472813238774
当前上界 = 1.2340425531914898
当前上界 = 1.2080378250591022
当前上界 = 1.1820330969267145
当前上界 = 1.156028368794327
当前上界 = 1.1300236406619393
当前上界 = 1.1040189125295516
最优解：1.1134751773049645
solutionList.size() = 1
pattern.getKey() = 2@6@10@19@
用时：0.047 s
--------------------------------------- Price Problem End --------------------------------------------------------
		41 Add column : 1 col:46 	1.813
			Start solve  LP :1.813
			End solve LP obj: 5.139534883720931 t: 0
com.wlj.solver.BBSolver:
--------------------------------------- Price Problem Start --------------------------------------------------------
dualPrice.size = 20 , dualPrice = [0.8953488372093024, 0.6162790697674418, 0.6046511627906977, 0.4069767441860465, 0.383720930232558, 0.2674418604651162, 0.186046511627907, 0.36046511627906974, 0.20930232558139544, 0.23255813953488372, 0.20930232558139533, 0.15116279069767447, 0.12790697674418602, 0.19767441860465115, 0.1046511627906977, 0.08139534883720931, 0.1046511627906977, -0.0, -0.0, -0.0]
			Active cut size: 0
W = 40 
H = 40
normalXList.size = 25
normalYList.size = 18
xList.size = 19
yList.size = 13
squareList.size = 17
myConsList.size = 0
当前上界 = 1.4534883720930232
当前上界 = 1.4232558139534883
当前上界 = 1.3930232558139535
当前上界 = 1.3627906976744186
当前上界 = 1.3325581395348838
当前上界 = 1.302325581395349
当前上界 = 1.272093023255814
当前上界 = 1.2418604651162792
当前上界 = 1.2116279069767444
当前上界 = 1.1813953488372095
当前上界 = 1.1511627906976747
当前上界 = 1.1209302325581398
当前上界 = 1.090697674418605
最优解：1.1046511627906976
solutionList.size() = 1
pattern.getKey() = 7@9@10@13@16@
用时：0.0 s
--------------------------------------- Price Problem End --------------------------------------------------------
		42 Add column : 1 col:47 	1.813
			Start solve  LP :1.813
			End solve LP obj: 5.137755102040816 t: 0
com.wlj.solver.BBSolver:
--------------------------------------- Price Problem Start --------------------------------------------------------
dualPrice.size = 20 , dualPrice = [0.9081632653061227, 0.6326530612244899, 0.5408163265306122, 0.39285714285714285, 0.35714285714285715, 0.2602040816326531, 0.20918367346938785, 0.31632653061224497, 0.24999999999999994, 0.20408163265306117, 0.24489795918367355, 0.16326530612244883, 0.19897959183673478, 0.14795918367346939, 0.09183673469387733, 0.12755102040816335, 0.08673469387755094, -0.0, -0.0, 0.0051020408163263975]
			Active cut size: 0
W = 40 
H = 40
normalXList.size = 25
normalYList.size = 31
xList.size = 19
yList.size = 23
squareList.size = 18
myConsList.size = 0
当前上界 = 1.3724489795918369
当前上界 = 1.3476190476190477
当前上界 = 1.3227891156462586
当前上界 = 1.2979591836734694
当前上界 = 1.2731292517006803
当前上界 = 1.248299319727891
当前上界 = 1.223469387755102
当前上界 = 1.1986394557823128
当前上界 = 1.1738095238095236
当前上界 = 1.1489795918367345
当前上界 = 1.1241496598639453
当前上界 = 1.0993197278911562
当前上界 = 1.074489795918367
最优解：1.096938775510204
solutionList.size() = 1
pattern.getKey() = 4@9@10@12@14@
用时：0.031 s
--------------------------------------- Price Problem End --------------------------------------------------------
		43 Add column : 1 col:48 	1.844
			Start solve  LP :1.844
			End solve LP obj: 5.135135135135135 t: 0
com.wlj.solver.BBSolver:
--------------------------------------- Price Problem Start --------------------------------------------------------
dualPrice.size = 20 , dualPrice = [0.9009009009009009, 0.6306306306306307, 0.5945945945945946, 0.42342342342342354, 0.3693693693693694, 0.2432432432432432, 0.19819819819819817, 0.3603603603603605, 0.2072072072072071, 0.16216216216216212, 0.20720720720720723, 0.16216216216216195, 0.16216216216216217, 0.1711711711711711, 0.0990990990990991, 0.09909909909909906, 0.0990990990990991, -0.0, 0.045045045045045196, -0.0]
			Active cut size: 0
W = 40 
H = 40
normalXList.size = 25
normalYList.size = 31
xList.size = 19
yList.size = 21
squareList.size = 18
myConsList.size = 0
当前上界 = 1.4324324324324325
当前上界 = 1.4036036036036037
当前上界 = 1.374774774774775
当前上界 = 1.3459459459459462
当前上界 = 1.3171171171171174
当前上界 = 1.2882882882882887
当前上界 = 1.25945945945946
当前上界 = 1.2306306306306312
当前上界 = 1.2018018018018024
当前上界 = 1.1729729729729736
当前上界 = 1.144144144144145
当前上界 = 1.1153153153153161
当前上界 = 1.0864864864864874
最优解：1.0900900900900903
solutionList.size() = 2
pattern.getKey() = 4@5@12@13@16@18@
用时：0.016 s
--------------------------------------- Price Problem End --------------------------------------------------------
		44 Add column : 1 col:49 	1.86
			Start solve  LP :1.86
			End solve LP obj: 5.130434782608695 t: 0
com.wlj.solver.BBSolver:
--------------------------------------- Price Problem Start --------------------------------------------------------
dualPrice.size = 20 , dualPrice = [0.9130434782608695, 0.608695652173913, 0.5652173913043478, 0.3913043478260869, 0.30434782608695654, 0.26086956521739146, 0.21739130434782616, 0.30434782608695654, 0.26086956521739135, 0.21739130434782608, 0.21739130434782603, 0.17391304347826086, 0.1739130434782608, 0.17391304347826084, 0.08695652173913045, 0.13043478260869562, 0.08695652173913045, 0.04347826086956519, 1.1102230246251565E-16, -0.0]
			Active cut size: 0
W = 40 
H = 40
normalXList.size = 30
normalYList.size = 18
xList.size = 25
yList.size = 13
squareList.size = 18
myConsList.size = 0
当前上界 = 1.391304347826087
当前上界 = 1.3652173913043477
当前上界 = 1.3391304347826085
当前上界 = 1.3130434782608693
当前上界 = 1.28695652173913
当前上界 = 1.260869565217391
当前上界 = 1.2347826086956517
当前上界 = 1.2086956521739125
当前上界 = 1.1826086956521733
当前上界 = 1.156521739130434
当前上界 = 1.130434782608695
当前上界 = 1.1043478260869557
当前上界 = 1.0782608695652165
当前上界 = 1.0521739130434773
当前上界 = 1.026086956521738
最优解：1.0434782608695654
solutionList.size() = 6
pattern.getKey() = 2@5@12@17@
用时：0.015 s
--------------------------------------- Price Problem End --------------------------------------------------------
		45 Add column : 1 col:50 	1.875
			Start solve  LP :1.875
			End solve LP obj: 5.129533678756478 t: 0
com.wlj.solver.BBSolver:
--------------------------------------- Price Problem Start --------------------------------------------------------
dualPrice.size = 20 , dualPrice = [0.9326424870466321, 0.6735751295336788, 0.5595854922279795, 0.41968911917098456, 0.32642487046632135, 0.2642487046632124, 0.1865284974093262, 0.3626943005181349, 0.2538860103626941, 0.17616580310880836, 0.25388601036269426, 0.1243523316062175, 0.17616580310880814, 0.13989637305699487, 0.06735751295336793, 0.11917098445595839, 0.06735751295336793, 0.0, 0.025906735751295318, -0.0]
			Active cut size: 0
W = 40 
H = 40
normalXList.size = 25
normalYList.size = 31
xList.size = 19
yList.size = 21
squareList.size = 18
myConsList.size = 0
当前上界 = 1.4404145077720205
当前上界 = 1.411053540587219
当前上界 = 1.3816925734024177
当前上界 = 1.3523316062176163
当前上界 = 1.3229706390328149
当前上界 = 1.2936096718480135
当前上界 = 1.264248704663212
当前上界 = 1.2348877374784106
当前上界 = 1.2055267702936092
当前上界 = 1.1761658031088078
当前上界 = 1.1468048359240064
当前上界 = 1.117443868739205
当前上界 = 1.0880829015544036
最优解：1.093264248704663
solutionList.size() = 1
pattern.getKey() = 5@7@10@15@16@18@
用时：0.031 s
--------------------------------------- Price Problem End --------------------------------------------------------
		46 Add column : 1 col:51 	1.906
			Start solve  LP :1.906
			End solve LP obj: 5.128491620111731 t: 0
com.wlj.solver.BBSolver:
--------------------------------------- Price Problem Start --------------------------------------------------------
dualPrice.size = 20 , dualPrice = [0.9050279329608938, 0.6480446927374302, 0.6033519553072626, 0.45251396648044695, 0.3519553072625698, 0.21787709497206698, 0.2011173184357542, 0.37988826815642457, 0.1955307262569832, 0.17877094972067037, 0.1955307262569832, 0.16759776536312843, 0.17877094972067042, 0.15083798882681565, 0.09497206703910618, 0.10614525139664802, 0.09497206703910618, 0.0, 0.005586592178770944, -0.0]
			Active cut size: 0
W = 40 
H = 40
normalXList.size = 25
normalYList.size = 31
xList.size = 19
yList.size = 21
squareList.size = 18
myConsList.size = 0
当前上界 = 1.435754189944134
当前上界 = 1.406703910614525
当前上界 = 1.377653631284916
当前上界 = 1.348603351955307
当前上界 = 1.3195530726256979
当前上界 = 1.2905027932960889
当前上界 = 1.2614525139664798
当前上界 = 1.2324022346368708
当前上界 = 1.2033519553072618
当前上界 = 1.1743016759776528
当前上界 = 1.1452513966480438
当前上界 = 1.1162011173184347
当前上界 = 1.0871508379888257
当前上界 = 1.0581005586592167
当前上界 = 1.0290502793296077
最优解：1.0391061452513966
solutionList.size() = 1
pattern.getKey() = 5@7@12@13@15@18@
用时：0.016 s
--------------------------------------- Price Problem End --------------------------------------------------------
		47 Add column : 1 col:52 	1.922
			Start solve  LP :1.922
			End solve LP obj: 5.123966942148761 t: 0
com.wlj.solver.BBSolver:
--------------------------------------- Price Problem Start --------------------------------------------------------
dualPrice.size = 20 , dualPrice = [0.859504132231405, 0.6115702479338843, 0.6363636363636364, 0.47933884297520657, 0.3553719008264462, 0.19834710743801653, 0.19834710743801653, 0.38842975206611574, 0.16528925619834722, 0.17355371900826436, 0.14876033057851235, 0.2148760330578514, 0.16528925619834708, 0.1570247933884298, 0.14049586776859505, 0.09090909090909084, 0.12396694214876033, 0.0, -0.0, 0.01652892561983472]
			Active cut size: 0
W = 40 
H = 40
normalXList.size = 25
normalYList.size = 31
xList.size = 19
yList.size = 23
squareList.size = 18
myConsList.size = 0
当前上界 = 1.4132231404958682
当前上界 = 1.385674931129477
当前上界 = 1.3581267217630857
当前上界 = 1.3305785123966944
当前上界 = 1.3030303030303032
当前上界 = 1.275482093663912
当前上界 = 1.2479338842975207
当前上界 = 1.2203856749311295
当前上界 = 1.1928374655647382
当前上界 = 1.165289256198347
当前上界 = 1.1377410468319558
当前上界 = 1.1101928374655645
当前上界 = 1.0826446280991733
最优解：1.0826446280991737
solutionList.size() = 1
pattern.getKey() = 7@12@13@14@15@16@19@
用时：0.047 s
--------------------------------------- Price Problem End --------------------------------------------------------
		48 Add column : 1 col:53 	1.969
			Start solve  LP :1.969
			End solve LP obj: 5.115384615384615 t: 0
com.wlj.solver.BBSolver:
--------------------------------------- Price Problem Start --------------------------------------------------------
dualPrice.size = 20 , dualPrice = [0.8846153846153846, 0.6538461538461539, 0.6153846153846154, 0.46153846153846156, 0.34615384615384615, 0.2307692307692308, 0.1923076923076923, 0.38461538461538464, 0.1923076923076923, 0.15384615384615385, 0.1923076923076923, 0.1923076923076923, 0.15384615384615374, 0.15384615384615383, 0.11538461538461542, 0.07692307692307693, 0.11538461538461542, 0.0, -0.0, -0.0]
			Active cut size: 0
W = 40 
H = 40
normalXList.size = 25
normalYList.size = 18
xList.size = 19
yList.size = 13
squareList.size = 17
myConsList.size = 0
当前上界 = 1.423076923076923
当前上界 = 1.3948717948717948
当前上界 = 1.3666666666666667
当前上界 = 1.3384615384615386
当前上界 = 1.3102564102564105
当前上界 = 1.2820512820512824
当前上界 = 1.2538461538461543
当前上界 = 1.2256410256410262
当前上界 = 1.197435897435898
当前上界 = 1.16923076923077
当前上界 = 1.1410256410256419
当前上界 = 1.1128205128205138
当前上界 = 1.0846153846153856
当前上界 = 1.0564102564102575
当前上界 = 1.0282051282051294
最优解：1.0384615384615385
solutionList.size() = 2
pattern.getKey() = 7@10@13@14@15@16@
用时：0.0 s
--------------------------------------- Price Problem End --------------------------------------------------------
		49 Add column : 1 col:54 	1.969
			Start solve  LP :1.969
			End solve LP obj: 5.111111111111111 t: 0
com.wlj.solver.BBSolver:
--------------------------------------- Price Problem Start --------------------------------------------------------
dualPrice.size = 20 , dualPrice = [0.8888888888888888, 0.5555555555555555, 0.6666666666666666, 0.4444444444444443, 0.33333333333333337, 0.22222222222222218, 0.22222222222222243, 0.3333333333333333, 0.22222222222222227, 0.22222222222222238, 0.111111111111111, 0.2222222222222222, 0.1111111111111111, 0.22222222222222224, 0.11111111111111112, 0.1111111111111111, 0.11111111111111112, 0.0, -0.0, -0.0]
			Active cut size: 0
W = 40 
H = 40
normalXList.size = 25
normalYList.size = 18
xList.size = 19
yList.size = 13
squareList.size = 17
myConsList.size = 0
当前上界 = 1.4444444444444446
当前上界 = 1.414814814814815
当前上界 = 1.3851851851851853
当前上界 = 1.3555555555555556
当前上界 = 1.325925925925926
当前上界 = 1.2962962962962963
当前上界 = 1.2666666666666666
当前上界 = 1.237037037037037
当前上界 = 1.2074074074074073
当前上界 = 1.1777777777777776
当前上界 = 1.148148148148148
当前上界 = 1.1185185185185182
当前上界 = 1.0888888888888886
当前上界 = 1.059259259259259
当前上界 = 1.0296296296296292
当前上界 = 0.9999999999999996
--------------------------------------- Price Problem End --------------------------------------------------------
		50 Add column : 0 col:55 	1.984
	1 End Add column using column generation : 5.111111111111111 col: 55 cons: 0 cut: 0	1.984
   End add columnAndCut : 5.111111111111111 colGencnt: 1 price: 0 col: 55 cons: 0 cut: 0	1.984

Node lb: 5.111111111111111 ub: 6 : 1.984

Final Found Solution: 6 genNode: 1 extendedNode: 0:1.984
Bin size: 1600
1 : 364,330,306,300, : 1300
2 : 1023,210, : 1233
3 : 700,435, : 1135
4 : 588,400,352,23, : 1363
5 : 812,210,138,80, : 1240
6 : 374,234,154,22, : 784
----------------------- 1 ---------------------------
canvasWidth:40,
canvasHeight:40,
data:[{x:7,y:0,l:10,w:33},{x:30,y:10,l:30,w:10},{x:2,y:10,l:13,w:28},{x:12,y:23,l:17,w:18},],
----------------------- 2 ---------------------------
canvasWidth:40,
canvasHeight:40,
data:[{x:34,y:0,l:35,w:6},{x:1,y:0,l:31,w:33},],
----------------------- 3 ---------------------------
canvasWidth:40,
canvasHeight:40,
data:[{x:20,y:0,l:35,w:20},{x:5,y:0,l:29,w:15},],
----------------------- 4 ---------------------------
canvasWidth:40,
canvasHeight:40,
data:[{x:19,y:0,l:28,w:21},{x:3,y:0,l:25,w:16},{x:8,y:28,l:11,w:32},{x:17,y:39,l:1,w:23},],
----------------------- 5 ---------------------------
canvasWidth:40,
canvasHeight:40,
data:[{x:11,y:0,l:28,w:29},{x:19,y:28,l:10,w:21},{x:5,y:0,l:23,w:6},{x:1,y:0,l:20,w:4},],
----------------------- 6 ---------------------------
canvasWidth:40,
canvasHeight:40,
data:[{x:23,y:0,l:22,w:17},{x:29,y:22,l:14,w:11},{x:29,y:36,l:2,w:11},{x:5,y:0,l:13,w:18},],
