====================================== Class_04.2bp-48 =====================================
Reduced size: 100 usedBin: 0
[0, 5, 8, 11, 13, 17, 21, 22, 23, 28, 29, 33, 36, 38, 39, 45, 49, 55, 64, 65, 68, 83, 85, 86, 88, 96, 98]
[1, 2, 3, 4, 6, 7, 9, 10, 15, 41, 46, 54, 67, 69, 70, 71, 75, 80, 82, 84, 91, 95]
[12, 14, 16, 18, 19, 20, 24, 25, 26, 27, 30, 31, 32, 34, 35, 42, 43, 44, 51, 53, 60, 63, 66, 73, 76, 77, 79, 81, 94, 97]
[37, 40, 47, 48, 50, 52, 56, 57, 58, 59, 61, 62, 72, 74, 78, 87, 89, 90, 92, 93, 99]
------------------------------------------------
Best fit used bin number: 4
Found best solution: 4 0.281

   Statrt add columnAndCut col: 4 cons: 0 cut: 0	0.344

	1 Start Add column using column generation  col: 4 cons: 0 cut: 0	0.344
			Start solve  LP :0.344
			End solve LP obj: 4.0 t: 0
	1 End Add column using column generation : 4.0 col: 4 cons: 0 cut: 0	0.344
   End add columnAndCut : 4.0 colGencnt: 1 price: 0 col: 4 cons: 0 cut: 0	0.344

Node lb: 4.0 ub: 4 : 0.344

Final Found Solution: 4 genNode: 1 extendedNode: 0:0.344
Bin size: 10000
1 : 1122,928,896,726,693,609,544,525,455,400,390,351,304,285,280,234,216,180,140,126,120,60,56,54,45,15,8, : 9762
2 : 1089,1015,992,986,924,899,875,868,630,256,224,180,124,116,110,102,84,70,60,56,32,16, : 9708
3 : 704,667,612,595,595,580,450,440,432,418,380,368,360,323,308,250,245,234,203,186,160,147,126,90,84,80,75,70,24,10, : 9216
4 : 294,260,220,216,204,189,180,168,165,161,156,150,96,88,80,48,45,35,30,26,4, : 2815
----------------------- 1 ---------------------------
canvasWidth:100,
canvasHeight:100,
data:[{x:87,y:0,l:35,w:13},{x:87,y:35,l:27,w:13},{x:95,y:62,l:28,w:5},{x:95,y:90,l:9,w:5},{x:87,y:62,l:35,w:8},{x:53,y:0,l:16,w:34},{x:28,y:0,l:16,w:25},{x:9,y:0,l:16,w:19},{x:1,y:0,l:15,w:8},{x:55,y:16,l:29,w:32},{x:55,y:45,l:28,w:32},{x:69,y:73,l:12,w:18},{x:55,y:73,l:9,w:14},{x:64,y:82,l:3,w:5},{x:21,y:16,l:33,w:34},{x:0,y:16,l:29,w:21},{x:7,y:45,l:4,w:14},{x:33,y:49,l:33,w:22},{x:35,y:82,l:3,w:20},{x:0,y:49,l:21,w:33},{x:15,y:70,l:13,w:18},{x:0,y:70,l:12,w:15},{x:52,y:85,l:15,w:35},{x:26,y:85,l:15,w:26},{x:7,y:85,l:15,w:19},{x:1,y:85,l:9,w:6},{x:0,y:85,l:8,w:1},],
----------------------- 2 ---------------------------
canvasWidth:100,
canvasHeight:100,
data:[{x:67,y:0,l:33,w:33},{x:96,y:33,l:21,w:4},{x:96,y:54,l:15,w:4},{x:67,y:33,l:34,w:29},{x:68,y:67,l:2,w:28},{x:68,y:69,l:31,w:32},{x:32,y:0,l:25,w:35},{x:2,y:0,l:21,w:30},{x:0,y:0,l:16,w:2},{x:1,y:21,l:4,w:31},{x:39,y:25,l:33,w:28},{x:8,y:25,l:28,w:31},{x:10,y:53,l:4,w:29},{x:23,y:57,l:1,w:16},{x:0,y:25,l:32,w:8},{x:38,y:58,l:35,w:29},{x:45,y:93,l:5,w:22},{x:9,y:58,l:31,w:29},{x:1,y:58,l:28,w:8},{x:18,y:89,l:9,w:20},{x:1,y:89,l:6,w:17},{x:32,y:98,l:2,w:35},],
----------------------- 3 ---------------------------
canvasWidth:100,
canvasHeight:100,
data:[{x:83,y:0,l:35,w:17},{x:83,y:35,l:35,w:17},{x:85,y:70,l:30,w:15},{x:65,y:0,l:34,w:18},{x:43,y:0,l:32,w:22},{x:23,y:0,l:29,w:20},{x:4,y:0,l:22,w:19},{x:0,y:0,l:21,w:4},{x:2,y:22,l:7,w:21},{x:18,y:29,l:3,w:25},{x:76,y:34,l:35,w:7},{x:76,y:69,l:29,w:7},{x:47,y:34,l:23,w:29},{x:66,y:57,l:25,w:10},{x:47,y:57,l:20,w:19},{x:50,y:77,l:5,w:16},{x:56,y:82,l:18,w:20},{x:31,y:34,l:23,w:16},{x:37,y:57,l:16,w:10},{x:32,y:57,l:14,w:5},{x:0,y:34,l:6,w:31},{x:14,y:40,l:19,w:17},{x:1,y:40,l:18,w:13},{x:9,y:59,l:14,w:22},{x:27,y:73,l:22,w:20},{x:29,y:95,l:5,w:18},{x:27,y:95,l:5,w:2},{x:11,y:73,l:27,w:16},{x:5,y:73,l:21,w:6},{x:7,y:94,l:6,w:4},],
----------------------- 4 ---------------------------
canvasWidth:100,
canvasHeight:100,
data:[{x:86,y:0,l:21,w:14},{x:90,y:21,l:22,w:10},{x:86,y:21,l:20,w:4},{x:91,y:43,l:24,w:9},{x:91,y:67,l:20,w:9},{x:92,y:87,l:12,w:8},{x:59,y:0,l:7,w:27},{x:33,y:0,l:6,w:26},{x:33,y:6,l:1,w:26},{x:10,y:0,l:7,w:23},{x:1,y:0,l:5,w:9},{x:60,y:7,l:10,w:26},{x:62,y:17,l:2,w:24},{x:60,y:17,l:2,w:2},{x:43,y:7,l:12,w:17},{x:28,y:7,l:10,w:15},{x:28,y:17,l:2,w:15},{x:13,y:7,l:11,w:15},{x:5,y:7,l:11,w:8},{x:0,y:7,l:7,w:5},{x:65,y:19,l:8,w:21},],
