====================================== Class_09.2bp-35 =====================================
Reduced size: 80 usedBin: 0
[20]
[10]
[11]
[49]
[40]
[4]
[35]
[3]
[15]
[16]
[38, 63]
[26, 57]
[7]
[27]
[13]
[14, 70]
[42]
[58]
[45]
[50]
[53, 76]
[30]
[61]
[17]
[54]
[12, 67]
[52]
[24, 75, 77, 78]
[37]
[32]
[59]
[41, 66, 71, 79]
[33]
[51]
[0]
[36]
[29]
[6]
[23, 60]
[48]
[19]
[47]
[1]
[43]
[2, 69]
[28, 74]
[25]
[18]
[21, 68]
[8, 73]
[56]
[46]
[5]
[31]
[55]
[44]
[22, 64]
[9, 72]
[65]
[39]
[62]
[34]
------------------------------------------------
Best fit used bin number: 62
Found best solution: 62 0.141

   Statrt add columnAndCut col: 62 cons: 0 cut: 0	0.203

	1 Start Add column using column generation  col: 62 cons: 0 cut: 0	0.203
			Start solve  LP :0.203
			End solve LP obj: 62.0 t: 0
	1 End Add column using column generation : 62.0 col: 62 cons: 0 cut: 0	0.203
   End add columnAndCut : 62.0 colGencnt: 1 price: 0 col: 62 cons: 0 cut: 0	0.203

Node lb: 62.0 ub: 62 : 0.203

Final Found Solution: 62 genNode: 1 extendedNode: 0:0.203
Bin size: 10000
1 : 6300, : 6300
2 : 7100, : 7100
3 : 7000, : 7000
4 : 4332, : 4332
5 : 4830, : 4830
6 : 7636, : 7636
7 : 5141, : 5141
8 : 8051, : 8051
9 : 6840, : 6840
10 : 6693, : 6693
11 : 5002,2926, : 7928
12 : 5782,3731, : 9513
13 : 7470, : 7470
14 : 5780, : 5780
15 : 6888, : 6888
16 : 6873,1032, : 7905
17 : 4623, : 4623
18 : 3410, : 3410
19 : 4556, : 4556
20 : 4233, : 4233
21 : 4029,532, : 4561
22 : 5525, : 5525
23 : 3172, : 3172
24 : 6633, : 6633
25 : 4029, : 4029
26 : 6952,1760, : 8712
27 : 4047, : 4047
28 : 5848,572,520,64, : 7004
29 : 5110, : 5110
30 : 5440, : 5440
31 : 3363, : 3363
32 : 4758,1911,868,38, : 7575
33 : 5382, : 5382
34 : 4131, : 4131
35 : 9212, : 9212
36 : 5133, : 5133
37 : 5643, : 5643
38 : 7553, : 7553
39 : 5880,3276, : 9156
40 : 4368, : 4368
41 : 6561, : 6561
42 : 4374, : 4374
43 : 8554, : 8554
44 : 4600, : 4600
45 : 8514,1260, : 9774
46 : 5695,630, : 6325
47 : 5822, : 5822
48 : 6630, : 6630
49 : 6006,1474, : 7480
50 : 7238,667, : 7905
51 : 3816, : 3816
52 : 4539, : 4539
53 : 7626, : 7626
54 : 5520, : 5520
55 : 4015, : 4015
56 : 4560, : 4560
57 : 5980,2904, : 8884
58 : 7128,792, : 7920
59 : 2808, : 2808
60 : 4884, : 4884
61 : 3024, : 3024
62 : 5251, : 5251
----------------------- 1 ---------------------------
canvasWidth:100,
canvasHeight:100,
data:[{x:37,y:0,l:100,w:63},],
----------------------- 2 ---------------------------
canvasWidth:100,
canvasHeight:100,
data:[{x:0,y:0,l:71,w:100},],
----------------------- 3 ---------------------------
canvasWidth:100,
canvasHeight:100,
data:[{x:0,y:0,l:70,w:100},],
----------------------- 4 ---------------------------
canvasWidth:100,
canvasHeight:100,
data:[{x:24,y:0,l:57,w:76},],
----------------------- 5 ---------------------------
canvasWidth:100,
canvasHeight:100,
data:[{x:31,y:0,l:70,w:69},],
----------------------- 6 ---------------------------
canvasWidth:100,
canvasHeight:100,
data:[{x:17,y:0,l:92,w:83},],
----------------------- 7 ---------------------------
canvasWidth:100,
canvasHeight:100,
data:[{x:47,y:0,l:97,w:53},],
----------------------- 8 ---------------------------
canvasWidth:100,
canvasHeight:100,
data:[{x:17,y:0,l:97,w:83},],
----------------------- 9 ---------------------------
canvasWidth:100,
canvasHeight:100,
data:[{x:28,y:0,l:95,w:72},],
----------------------- 10 ---------------------------
canvasWidth:100,
canvasHeight:100,
data:[{x:3,y:0,l:69,w:97},],
----------------------- 11 ---------------------------
canvasWidth:100,
canvasHeight:100,
data:[{x:39,y:0,l:82,w:61},{x:1,y:0,l:77,w:38},],
----------------------- 12 ---------------------------
canvasWidth:100,
canvasHeight:100,
data:[{x:2,y:0,l:59,w:98},{x:9,y:59,l:41,w:91},],
----------------------- 13 ---------------------------
canvasWidth:100,
canvasHeight:100,
data:[{x:17,y:0,l:90,w:83},],
----------------------- 14 ---------------------------
canvasWidth:100,
canvasHeight:100,
data:[{x:15,y:0,l:68,w:85},],
----------------------- 15 ---------------------------
canvasWidth:100,
canvasHeight:100,
data:[{x:18,y:0,l:84,w:82},],
----------------------- 16 ---------------------------
canvasWidth:100,
canvasHeight:100,
data:[{x:88,y:0,l:86,w:12},{x:1,y:0,l:79,w:87},],
----------------------- 17 ---------------------------
canvasWidth:100,
canvasHeight:100,
data:[{x:31,y:0,l:67,w:69},],
----------------------- 18 ---------------------------
canvasWidth:100,
canvasHeight:100,
data:[{x:38,y:0,l:55,w:62},],
----------------------- 19 ---------------------------
canvasWidth:100,
canvasHeight:100,
data:[{x:32,y:0,l:67,w:68},],
----------------------- 20 ---------------------------
canvasWidth:100,
canvasHeight:100,
data:[{x:49,y:0,l:83,w:51},],
----------------------- 21 ---------------------------
canvasWidth:100,
canvasHeight:100,
data:[{x:21,y:0,l:51,w:79},{x:2,y:0,l:28,w:19},],
----------------------- 22 ---------------------------
canvasWidth:100,
canvasHeight:100,
data:[{x:35,y:0,l:85,w:65},],
----------------------- 23 ---------------------------
canvasWidth:100,
canvasHeight:100,
data:[{x:39,y:0,l:52,w:61},],
----------------------- 24 ---------------------------
canvasWidth:100,
canvasHeight:100,
data:[{x:1,y:0,l:67,w:99},],
----------------------- 25 ---------------------------
canvasWidth:100,
canvasHeight:100,
data:[{x:49,y:0,l:79,w:51},],
----------------------- 26 ---------------------------
canvasWidth:100,
canvasHeight:100,
data:[{x:21,y:0,l:88,w:79},{x:1,y:0,l:88,w:20},],
----------------------- 27 ---------------------------
canvasWidth:100,
canvasHeight:100,
data:[{x:43,y:0,l:71,w:57},],
----------------------- 28 ---------------------------
canvasWidth:100,
canvasHeight:100,
data:[{x:56,y:0,l:13,w:44},{x:16,y:0,l:13,w:40},{x:0,y:0,l:4,w:16},{x:32,y:14,l:86,w:68},],
----------------------- 29 ---------------------------
canvasWidth:100,
canvasHeight:100,
data:[{x:30,y:0,l:73,w:70},],
----------------------- 30 ---------------------------
canvasWidth:100,
canvasHeight:100,
data:[{x:20,y:0,l:68,w:80},],
----------------------- 31 ---------------------------
canvasWidth:100,
canvasHeight:100,
data:[{x:43,y:0,l:59,w:57},],
----------------------- 32 ---------------------------
canvasWidth:100,
canvasHeight:100,
data:[{x:22,y:0,l:61,w:78},{x:51,y:61,l:39,w:49},{x:50,y:61,l:38,w:1},{x:22,y:61,l:31,w:28},],
----------------------- 33 ---------------------------
canvasWidth:100,
canvasHeight:100,
data:[{x:22,y:0,l:69,w:78},],
----------------------- 34 ---------------------------
canvasWidth:100,
canvasHeight:100,
data:[{x:49,y:0,l:81,w:51},],
----------------------- 35 ---------------------------
canvasWidth:100,
canvasHeight:100,
data:[{x:2,y:0,l:94,w:98},],
----------------------- 36 ---------------------------
canvasWidth:100,
canvasHeight:100,
data:[{x:13,y:0,l:59,w:87},],
----------------------- 37 ---------------------------
canvasWidth:100,
canvasHeight:100,
data:[{x:1,y:0,l:57,w:99},],
----------------------- 38 ---------------------------
canvasWidth:100,
canvasHeight:100,
data:[{x:9,y:0,l:83,w:91},],
----------------------- 39 ---------------------------
canvasWidth:100,
canvasHeight:100,
data:[{x:2,y:0,l:60,w:98},{x:9,y:60,l:36,w:91},],
----------------------- 40 ---------------------------
canvasWidth:100,
canvasHeight:100,
data:[{x:48,y:0,l:84,w:52},],
----------------------- 41 ---------------------------
canvasWidth:100,
canvasHeight:100,
data:[{x:19,y:0,l:81,w:81},],
----------------------- 42 ---------------------------
canvasWidth:100,
canvasHeight:100,
data:[{x:46,y:0,l:81,w:54},],
----------------------- 43 ---------------------------
canvasWidth:100,
canvasHeight:100,
data:[{x:6,y:0,l:91,w:94},],
----------------------- 44 ---------------------------
canvasWidth:100,
canvasHeight:100,
data:[{x:8,y:0,l:50,w:92},],
----------------------- 45 ---------------------------
canvasWidth:100,
canvasHeight:100,
data:[{x:14,y:0,l:99,w:86},{x:0,y:0,l:90,w:14},],
----------------------- 46 ---------------------------
canvasWidth:100,
canvasHeight:100,
data:[{x:15,y:0,l:67,w:85},{x:1,y:0,l:45,w:14},],
----------------------- 47 ---------------------------
canvasWidth:100,
canvasHeight:100,
data:[{x:29,y:0,l:82,w:71},],
----------------------- 48 ---------------------------
canvasWidth:100,
canvasHeight:100,
data:[{x:22,y:0,l:85,w:78},],
----------------------- 49 ---------------------------
canvasWidth:100,
canvasHeight:100,
data:[{x:23,y:0,l:78,w:77},{x:1,y:0,l:67,w:22},],
----------------------- 50 ---------------------------
canvasWidth:100,
canvasHeight:100,
data:[{x:6,y:0,l:77,w:94},{x:71,y:77,l:23,w:29},],
----------------------- 51 ---------------------------
canvasWidth:100,
canvasHeight:100,
data:[{x:28,y:0,l:53,w:72},],
----------------------- 52 ---------------------------
canvasWidth:100,
canvasHeight:100,
data:[{x:49,y:0,l:89,w:51},],
----------------------- 53 ---------------------------
canvasWidth:100,
canvasHeight:100,
data:[{x:18,y:0,l:93,w:82},],
----------------------- 54 ---------------------------
canvasWidth:100,
canvasHeight:100,
data:[{x:31,y:0,l:80,w:69},],
----------------------- 55 ---------------------------
canvasWidth:100,
canvasHeight:100,
data:[{x:45,y:0,l:73,w:55},],
----------------------- 56 ---------------------------
canvasWidth:100,
canvasHeight:100,
data:[{x:20,y:0,l:57,w:80},],
----------------------- 57 ---------------------------
canvasWidth:100,
canvasHeight:100,
data:[{x:8,y:0,l:65,w:92},{x:12,y:65,l:33,w:88},],
----------------------- 58 ---------------------------
canvasWidth:100,
canvasHeight:100,
data:[{x:12,y:0,l:81,w:88},{x:0,y:0,l:66,w:12},],
----------------------- 59 ---------------------------
canvasWidth:100,
canvasHeight:100,
data:[{x:48,y:0,l:54,w:52},],
----------------------- 60 ---------------------------
canvasWidth:100,
canvasHeight:100,
data:[{x:26,y:0,l:66,w:74},],
----------------------- 61 ---------------------------
canvasWidth:100,
canvasHeight:100,
data:[{x:44,y:0,l:54,w:56},],
----------------------- 62 ---------------------------
canvasWidth:100,
canvasHeight:100,
data:[{x:41,y:0,l:89,w:59},],
