====================================== Class_03.2bp-47 =====================================
Reduced size: 100 usedBin: 0
[1, 54, 61, 88]
[10, 45, 66, 67, 93]
[5, 48, 71, 77, 83]
[20, 24, 53]
[21, 30, 38]
[2, 40, 63]
[0, 69, 76]
[17, 27, 41, 56, 97]
[8, 39, 44, 81]
[14, 23, 57, 78, 80, 98, 99]
[11, 26, 75]
[9, 47, 52, 82, 86, 90]
[13, 18, 59, 79]
[15, 32, 36, 70, 89, 91]
[6, 46, 60]
[3, 64, 73, 74]
[12, 29, 49, 85]
[7, 42, 43]
[16, 31, 34, 72, 95]
[22, 33, 55, 58, 62, 94]
[19, 35, 51, 65, 68]
[25, 28, 50, 84, 87, 92]
[4, 37, 96]
------------------------------------------------
Best fit used bin number: 23
Found best solution: 23 0.203

   Statrt add columnAndCut col: 23 cons: 0 cut: 0	0.282

	1 Start Add column using column generation  col: 23 cons: 0 cut: 0	0.297
			Start solve  LP :0.297
			End solve LP obj: 23.0 t: 0
	1 End Add column using column generation : 23.0 col: 23 cons: 0 cut: 0	0.297
   End add columnAndCut : 23.0 colGencnt: 1 price: 0 col: 23 cons: 0 cut: 0	0.297

Node lb: 23.0 ub: 23 : 0.297

Final Found Solution: 23 genNode: 1 extendedNode: 0:0.297
Bin size: 1600
1 : 1120,240,170,30, : 1560
2 : 832,280,126,120,24, : 1382
3 : 924,270,115,90,54, : 1453
4 : 544,528,252, : 1324
5 : 532,441,341, : 1314
6 : 1050,320,140, : 1510
7 : 1122,120,96, : 1338
8 : 600,460,304,200,17, : 1581
9 : 870,340,290,60, : 1560
10 : 648,528,192,88,84,12,10, : 1562
11 : 782,490,99, : 1371
12 : 840,275,256,55,40,25, : 1491
13 : 690,561,174,88, : 1513
14 : 625,420,345,120,30,24, : 1564
15 : 924,276,170, : 1370
16 : 1023,136,108,105, : 1372
17 : 713,448,270,48, : 1479
18 : 870,300,297, : 1467
19 : 608,441,378,112,20, : 1559
20 : 529,408,240,180,154,20, : 1531
21 : 560,378,260,132,120, : 1450
22 : 527,459,264,48,33,24, : 1355
23 : 957,341,20, : 1318
----------------------- 1 ---------------------------
canvasWidth:40,
canvasHeight:40,
data:[{x:6,y:0,l:5,w:34},{x:0,y:0,l:5,w:6},{x:8,y:5,l:35,w:32},{x:0,y:5,l:30,w:8},],
----------------------- 2 ---------------------------
canvasWidth:40,
canvasHeight:40,
data:[{x:14,y:0,l:32,w:26},{x:0,y:0,l:20,w:14},{x:4,y:20,l:12,w:10},{x:2,y:20,l:12,w:2},{x:22,y:32,l:7,w:18},],
----------------------- 3 ---------------------------
canvasWidth:40,
canvasHeight:40,
data:[{x:12,y:0,l:33,w:28},{x:13,y:33,l:2,w:27},{x:17,y:35,l:5,w:23},{x:3,y:0,l:30,w:9},{x:0,y:0,l:30,w:3},],
----------------------- 4 ---------------------------
canvasWidth:40,
canvasHeight:40,
data:[{x:24,y:0,l:34,w:16},{x:0,y:0,l:22,w:24},{x:6,y:22,l:14,w:18},],
----------------------- 5 ---------------------------
canvasWidth:40,
canvasHeight:40,
data:[{x:12,y:0,l:19,w:28},{x:19,y:19,l:21,w:21},{x:1,y:0,l:31,w:11},],
----------------------- 6 ---------------------------
canvasWidth:40,
canvasHeight:40,
data:[{x:5,y:0,l:30,w:35},{x:0,y:0,l:28,w:5},{x:8,y:30,l:10,w:32},],
----------------------- 7 ---------------------------
canvasWidth:40,
canvasHeight:40,
data:[{x:6,y:0,l:33,w:34},{x:8,y:33,l:3,w:32},{x:10,y:36,l:4,w:30},],
----------------------- 8 ---------------------------
canvasWidth:40,
canvasHeight:40,
data:[{x:10,y:0,l:20,w:30},{x:0,y:0,l:20,w:10},{x:17,y:20,l:20,w:23},{x:1,y:20,l:19,w:16},{x:0,y:20,l:17,w:1},],
----------------------- 9 ---------------------------
canvasWidth:40,
canvasHeight:40,
data:[{x:11,y:0,l:30,w:29},{x:11,y:30,l:10,w:29},{x:1,y:0,l:34,w:10},{x:1,y:34,l:6,w:10},],
----------------------- 10 ---------------------------
canvasWidth:40,
canvasHeight:40,
data:[{x:13,y:0,l:24,w:27},{x:1,y:0,l:16,w:12},{x:0,y:0,l:10,w:1},{x:2,y:16,l:8,w:11},{x:7,y:24,l:16,w:33},{x:1,y:24,l:14,w:6},{x:0,y:24,l:12,w:1},],
----------------------- 11 ---------------------------
canvasWidth:40,
canvasHeight:40,
data:[{x:5,y:0,l:14,w:35},{x:7,y:14,l:3,w:33},{x:6,y:17,l:23,w:34},],
----------------------- 12 ---------------------------
canvasWidth:40,
canvasHeight:40,
data:[{x:12,y:0,l:30,w:28},{x:1,y:0,l:25,w:11},{x:1,y:25,l:5,w:11},{x:0,y:0,l:25,w:1},{x:8,y:30,l:8,w:32},{x:20,y:38,l:2,w:20},],
----------------------- 13 ---------------------------
canvasWidth:40,
canvasHeight:40,
data:[{x:17,y:0,l:30,w:23},{x:18,y:30,l:4,w:22},{x:0,y:0,l:33,w:17},{x:11,y:34,l:6,w:29},],
----------------------- 14 ---------------------------
canvasWidth:40,
canvasHeight:40,
data:[{x:15,y:0,l:25,w:25},{x:17,y:25,l:15,w:23},{x:15,y:25,l:15,w:2},{x:0,y:0,l:8,w:15},{x:1,y:8,l:30,w:14},{x:0,y:8,l:24,w:1},],
----------------------- 15 ---------------------------
canvasWidth:40,
canvasHeight:40,
data:[{x:17,y:0,l:12,w:23},{x:0,y:0,l:10,w:17},{x:7,y:12,l:28,w:33},],
----------------------- 16 ---------------------------
canvasWidth:40,
canvasHeight:40,
data:[{x:9,y:0,l:33,w:31},{x:19,y:33,l:5,w:21},{x:0,y:0,l:12,w:9},{x:1,y:12,l:17,w:8},],
----------------------- 17 ---------------------------
canvasWidth:40,
canvasHeight:40,
data:[{x:9,y:0,l:23,w:31},{x:12,y:23,l:16,w:28},{x:9,y:23,l:16,w:3},{x:0,y:0,l:30,w:9},],
----------------------- 18 ---------------------------
canvasWidth:40,
canvasHeight:40,
data:[{x:10,y:0,l:29,w:30},{x:13,y:29,l:11,w:27},{x:0,y:0,l:30,w:10},],
----------------------- 19 ---------------------------
canvasWidth:40,
canvasHeight:40,
data:[{x:19,y:0,l:21,w:21},{x:19,y:21,l:18,w:21},{x:20,y:39,l:1,w:20},{x:0,y:0,l:32,w:19},{x:5,y:32,l:8,w:14},],
----------------------- 20 ---------------------------
canvasWidth:40,
canvasHeight:40,
data:[{x:17,y:0,l:23,w:23},{x:18,y:23,l:7,w:22},{x:22,y:30,l:10,w:18},{x:20,y:30,l:10,w:2},{x:0,y:0,l:24,w:17},{x:1,y:24,l:15,w:16},],
----------------------- 21 ---------------------------
canvasWidth:40,
canvasHeight:40,
data:[{x:20,y:0,l:13,w:20},{x:20,y:13,l:6,w:20},{x:22,y:19,l:21,w:18},{x:0,y:0,l:28,w:20},{x:8,y:28,l:11,w:12},],
----------------------- 22 ---------------------------
canvasWidth:40,
canvasHeight:40,
data:[{x:7,y:0,l:8,w:33},{x:7,y:8,l:1,w:33},{x:1,y:0,l:8,w:6},{x:23,y:9,l:31,w:17},{x:6,y:9,l:27,w:17},{x:15,y:36,l:3,w:8},],
----------------------- 23 ---------------------------
canvasWidth:40,
canvasHeight:40,
data:[{x:7,y:0,l:29,w:33},{x:9,y:29,l:11,w:31},{x:7,y:29,l:10,w:2},],
