====================================== Class_04.2bp-47 =====================================
Reduced size: 100 usedBin: 0
[0, 1, 3, 4, 11, 13, 16, 18, 20, 34, 35, 38, 48, 51, 52, 58, 81, 93, 98]
[2, 5, 6, 8, 9, 10, 12, 17, 23, 26, 40, 42, 50, 54, 59, 61, 70, 76, 78, 83, 85, 87, 89, 94, 99]
[7, 14, 15, 19, 21, 22, 24, 25, 27, 29, 30, 32, 36, 37, 39, 41, 43, 45, 55, 63, 68, 69, 74, 77, 84, 90, 91]
[28, 31, 33, 44, 46, 47, 49, 53, 56, 57, 60, 62, 64, 65, 66, 67, 71, 72, 73, 75, 79, 80, 82, 86, 88, 92, 95, 96, 97]
------------------------------------------------
Best fit used bin number: 4
Found best solution: 4 0.156

   Statrt add columnAndCut col: 4 cons: 0 cut: 0	0.218

	1 Start Add column using column generation  col: 4 cons: 0 cut: 0	0.218
			Start solve  LP :0.218
			End solve LP obj: 4.0 t: 0
	1 End Add column using column generation : 4.0 col: 4 cons: 0 cut: 0	0.218
   End add columnAndCut : 4.0 colGencnt: 1 price: 0 col: 4 cons: 0 cut: 0	0.218

Node lb: 4.0 ub: 4 : 0.218

Final Found Solution: 4 genNode: 1 extendedNode: 0:0.218
Bin size: 10000
1 : 1122,1120,1023,957,782,690,608,561,544,378,378,341,270,260,256,180,60,24,12, : 9566
2 : 1050,924,924,870,840,832,713,600,528,490,320,300,264,240,174,170,120,96,88,54,48,33,30,20,10, : 9738
3 : 870,648,625,560,532,529,528,527,460,448,441,420,345,341,340,304,297,280,240,140,120,120,105,90,48,25,24, : 9407
4 : 459,441,408,290,276,275,270,252,200,192,170,154,136,132,126,120,115,112,108,99,88,84,55,40,30,24,20,20,17, : 4713
----------------------- 1 ---------------------------
canvasWidth:100,
canvasHeight:100,
data:[{x:89,y:0,l:31,w:11},{x:69,y:0,l:13,w:20},{x:67,y:0,l:12,w:2},{x:68,y:13,l:18,w:21},{x:67,y:13,l:12,w:1},{x:33,y:0,l:23,w:34},{x:35,y:23,l:8,w:32},{x:0,y:0,l:29,w:33},{x:66,y:31,l:33,w:34},{x:35,y:31,l:33,w:31},{x:17,y:31,l:21,w:18},{x:17,y:52,l:10,w:18},{x:68,y:64,l:35,w:32},{x:45,y:64,l:30,w:23},{x:58,y:94,l:6,w:10},{x:26,y:64,l:32,w:19},{x:17,y:64,l:30,w:9},{x:0,y:31,l:33,w:17},{x:1,y:64,l:34,w:16},],
----------------------- 2 ---------------------------
canvasWidth:100,
canvasHeight:100,
data:[{x:67,y:0,l:28,w:33},{x:32,y:0,l:14,w:35},{x:33,y:14,l:5,w:34},{x:34,y:19,l:8,w:33},{x:34,y:27,l:1,w:33},{x:0,y:0,l:3,w:32},{x:1,y:3,l:23,w:31},{x:5,y:26,l:2,w:27},{x:71,y:28,l:30,w:29},{x:43,y:28,l:30,w:28},{x:35,y:28,l:30,w:8},{x:72,y:58,l:33,w:28},{x:85,y:91,l:8,w:15},{x:74,y:91,l:8,w:11},{x:46,y:58,l:32,w:26},{x:36,y:58,l:30,w:10},{x:40,y:90,l:10,w:32},{x:38,y:90,l:10,w:2},{x:37,y:90,l:10,w:1},{x:0,y:28,l:30,w:35},{x:2,y:58,l:16,w:33},{x:0,y:58,l:15,w:2},{x:5,y:74,l:20,w:30},{x:2,y:74,l:16,w:3},{x:6,y:94,l:6,w:29},],
----------------------- 3 ---------------------------
canvasWidth:100,
canvasHeight:100,
data:[{x:77,y:0,l:15,w:23},{x:61,y:0,l:15,w:16},{x:30,y:0,l:11,w:31},{x:31,y:11,l:4,w:30},{x:73,y:15,l:24,w:27},{x:72,y:15,l:24,w:1},{x:44,y:15,l:19,w:28},{x:51,y:34,l:5,w:21},{x:30,y:15,l:20,w:14},{x:72,y:39,l:16,w:28},{x:76,y:55,l:22,w:24},{x:77,y:77,l:23,w:23},{x:73,y:55,l:30,w:3},{x:72,y:55,l:25,w:1},{x:58,y:39,l:30,w:14},{x:53,y:39,l:28,w:5},{x:55,y:69,l:31,w:17},{x:30,y:39,l:20,w:23},{x:32,y:59,l:21,w:21},{x:37,y:80,l:19,w:16},{x:31,y:80,l:8,w:6},{x:10,y:0,l:28,w:20},{x:10,y:28,l:6,w:20},{x:0,y:0,l:34,w:10},{x:0,y:34,l:29,w:30},{x:5,y:63,l:25,w:25},{x:3,y:88,l:11,w:27},],
----------------------- 4 ---------------------------
canvasWidth:100,
canvasHeight:100,
data:[{x:79,y:0,l:21,w:21},{x:61,y:0,l:14,w:18},{x:61,y:14,l:7,w:18},{x:49,y:0,l:16,w:12},{x:50,y:16,l:5,w:11},{x:26,y:0,l:12,w:23},{x:27,y:12,l:7,w:22},{x:29,y:19,l:2,w:20},{x:16,y:0,l:20,w:10},{x:14,y:0,l:10,w:2},{x:0,y:0,l:8,w:14},{x:4,y:10,l:11,w:12},{x:83,y:21,l:27,w:17},{x:83,y:48,l:24,w:17},{x:89,y:72,l:25,w:11},{x:83,y:72,l:14,w:6},{x:92,y:97,l:3,w:8},{x:74,y:21,l:30,w:9},{x:75,y:51,l:17,w:8},{x:74,y:51,l:17,w:1},{x:74,y:68,l:12,w:9},{x:45,y:21,l:10,w:29},{x:28,y:21,l:10,w:17},{x:22,y:21,l:5,w:6},{x:0,y:21,l:4,w:22},{x:2,y:25,l:1,w:20},{x:5,y:26,l:5,w:23},{x:41,y:31,l:3,w:33},{x:64,y:34,l:12,w:10},],
