====================================== Class_03.2bp-0 =====================================
Reduced size: 20 usedBin: 0
[3, 8, 10, 19]
[5, 6, 11, 17]
[0, 9, 16, 18]
[1, 12]
[2, 7, 13, 15]
[4, 14]
------------------------------------------------
Best fit used bin number: 6
Found best solution: 6 0.269

   Statrt add columnAndCut col: 6 cons: 0 cut: 0	0.335

	1 Start Add column using column generation  col: 6 cons: 0 cut: 0	0.335
			Start solve  LP :0.335
			End solve LP obj: 6.0 t: 2
	1 End Add column using column generation : 6.0 col: 6 cons: 0 cut: 0	0.338
   End add columnAndCut : 6.0 colGencnt: 1 price: 0 col: 6 cons: 0 cut: 0	0.338

Node lb: 6.0 ub: 6 : 0.338

Final Found Solution: 6 genNode: 1 extendedNode: 0:0.338
Bin size: 1600
1 : 616,374,286,16, : 1292
2 : 540,437,270,65, : 1312
3 : 816,306,96,44, : 1262
4 : 627,243, : 870
5 : 625,429,195,135, : 1384
6 : 589,162, : 751
----------------------- 1 ---------------------------
canvasWidth:40,
canvasHeight:40,
data:[{x:12,y:0,l:22,w:28},{x:18,y:22,l:17,w:22},{x:24,y:39,l:1,w:16},{x:1,y:0,l:26,w:11},],
----------------------- 2 ---------------------------
canvasWidth:40,
canvasHeight:40,
data:[{x:30,y:0,l:27,w:10},{x:35,y:27,l:13,w:5},{x:0,y:0,l:18,w:30},{x:7,y:18,l:19,w:23},],
----------------------- 3 ---------------------------
canvasWidth:40,
canvasHeight:40,
data:[{x:16,y:0,l:34,w:24},{x:7,y:0,l:34,w:9},{x:3,y:0,l:24,w:4},{x:5,y:34,l:4,w:11},],
----------------------- 4 ---------------------------
canvasWidth:40,
canvasHeight:40,
data:[{x:21,y:0,l:33,w:19},{x:12,y:0,l:27,w:9},],
----------------------- 5 ---------------------------
canvasWidth:40,
canvasHeight:40,
data:[{x:15,y:0,l:25,w:25},{x:0,y:0,l:13,w:15},{x:0,y:13,l:9,w:15},{x:7,y:25,l:13,w:33},],
----------------------- 6 ---------------------------
canvasWidth:40,
canvasHeight:40,
data:[{x:9,y:0,l:19,w:31},{x:0,y:0,l:18,w:9},],
