====================================== Class_03.2bp-25 =====================================
Reduced size: 60 usedBin: 0
[10, 27, 28, 33, 43, 45, 47]
[15, 17, 19, 25, 54]
[7, 13, 29, 46, 50, 52]
[6, 9, 18]
[0, 22, 44]
[8, 14, 20, 32, 58]
[5, 11, 30, 42, 59]
[16, 23, 24, 26, 35, 53, 55]
[4, 12, 38, 51]
[3, 21, 36, 40, 56, 57]
[2, 34, 37, 39, 49]
[1, 31, 41, 48]
------------------------------------------------
Best fit used bin number: 12
Found best solution: 12 0.141

   Statrt add columnAndCut col: 12 cons: 0 cut: 0	0.203

	1 Start Add column using column generation  col: 12 cons: 0 cut: 0	0.203
			Start solve  LP :0.203
			End solve LP obj: 12.0 t: 0
	1 End Add column using column generation : 12.0 col: 12 cons: 0 cut: 0	0.203
   End add columnAndCut : 12.0 colGencnt: 1 price: 0 col: 12 cons: 0 cut: 0	0.203

Node lb: 12.0 ub: 12 : 0.203

Final Found Solution: 12 genNode: 1 extendedNode: 0:0.203
Bin size: 1600
1 : 493,247,243,210,116,114,96, : 1519
2 : 416,403,400,272,30, : 1521
3 : 561,460,238,105,64,33, : 1461
4 : 600,495,400, : 1495
5 : 1015,341,115, : 1471
6 : 496,429,363,224,14, : 1526
7 : 640,465,232,130,12, : 1479
8 : 408,330,286,252,200,32,22, : 1530
9 : 660,462,186,64, : 1372
10 : 750,350,195,150,22,18, : 1485
11 : 756,208,189,168,76, : 1397
12 : 986,231,140,90, : 1447
----------------------- 1 ---------------------------
canvasWidth:40,
canvasHeight:40,
data:[{x:19,y:0,l:10,w:21},{x:23,y:10,l:29,w:17},{x:19,y:10,l:29,w:4},{x:0,y:0,l:13,w:19},{x:10,y:13,l:27,w:9},{x:6,y:13,l:24,w:4},{x:0,y:13,l:19,w:6},],
----------------------- 2 ---------------------------
canvasWidth:40,
canvasHeight:40,
data:[{x:24,y:0,l:25,w:16},{x:25,y:25,l:2,w:15},{x:8,y:0,l:26,w:16},{x:9,y:27,l:13,w:31},{x:0,y:0,l:34,w:8},],
----------------------- 3 ---------------------------
canvasWidth:40,
canvasHeight:40,
data:[{x:7,y:0,l:17,w:33},{x:3,y:0,l:16,w:4},{x:7,y:17,l:1,w:33},{x:17,y:18,l:20,w:23},{x:3,y:18,l:17,w:14},{x:0,y:0,l:35,w:3},],
----------------------- 4 ---------------------------
canvasWidth:40,
canvasHeight:40,
data:[{x:15,y:0,l:24,w:25},{x:15,y:24,l:16,w:25},{x:0,y:0,l:33,w:15},],
----------------------- 5 ---------------------------
canvasWidth:40,
canvasHeight:40,
data:[{x:11,y:0,l:35,w:29},{x:0,y:0,l:31,w:11},{x:17,y:35,l:5,w:23},],
----------------------- 6 ---------------------------
canvasWidth:40,
canvasHeight:40,
data:[{x:7,y:0,l:13,w:33},{x:7,y:13,l:11,w:33},{x:9,y:24,l:16,w:31},{x:7,y:24,l:7,w:2},{x:0,y:0,l:32,w:7},],
----------------------- 7 ---------------------------
canvasWidth:40,
canvasHeight:40,
data:[{x:20,y:0,l:32,w:20},{x:5,y:0,l:31,w:15},{x:0,y:0,l:26,w:5},{x:3,y:26,l:6,w:2},{x:11,y:32,l:8,w:29},],
----------------------- 8 ---------------------------
canvasWidth:40,
canvasHeight:40,
data:[{x:23,y:0,l:24,w:17},{x:10,y:0,l:22,w:13},{x:12,y:22,l:2,w:11},{x:0,y:0,l:20,w:10},{x:2,y:20,l:4,w:8},{x:18,y:24,l:15,w:22},{x:0,y:24,l:14,w:18},],
----------------------- 9 ---------------------------
canvasWidth:40,
canvasHeight:40,
data:[{x:20,y:0,l:33,w:20},{x:6,y:0,l:33,w:14},{x:0,y:0,l:31,w:6},{x:8,y:33,l:2,w:32},],
----------------------- 10 ---------------------------
canvasWidth:40,
canvasHeight:40,
data:[{x:25,y:0,l:13,w:15},{x:26,y:13,l:25,w:14},{x:29,y:38,l:2,w:11},{x:0,y:0,l:30,w:25},{x:10,y:30,l:10,w:15},{x:1,y:30,l:2,w:9},],
----------------------- 11 ---------------------------
canvasWidth:40,
canvasHeight:40,
data:[{x:13,y:0,l:28,w:27},{x:5,y:0,l:26,w:8},{x:1,y:0,l:19,w:4},{x:26,y:28,l:12,w:14},{x:5,y:28,l:9,w:21},],
----------------------- 12 ---------------------------
canvasWidth:40,
canvasHeight:40,
data:[{x:11,y:0,l:34,w:29},{x:22,y:34,l:5,w:18},{x:0,y:0,l:21,w:11},{x:1,y:21,l:14,w:10},],
