====================================== Class_08.2bp-6 =====================================
Reduced size: 20 usedBin: 0
[1, 7, 11]
[4, 9, 10, 12, 17, 19]
[3, 6, 8, 18]
[2, 5, 13, 14, 15, 16]
[0]
------------------------------------------------
Best fit used bin number: 5
Found best solution: 5 0.25

   Statrt add columnAndCut col: 5 cons: 0 cut: 0	0.328

	1 Start Add column using column generation  col: 5 cons: 0 cut: 0	0.328
			Start solve  LP :0.328
			End solve LP obj: 5.0 t: 0
	1 End Add column using column generation : 5.0 col: 5 cons: 0 cut: 0	0.328
   End add columnAndCut : 5.0 colGencnt: 1 price: 0 col: 5 cons: 0 cut: 0	0.328

Node lb: 5.0 ub: 5 : 0.328

Final Found Solution: 5 genNode: 1 extendedNode: 0:0.328
Bin size: 10000
1 : 3608,2068,1134, : 6810
2 : 3150,1472,1295,1104,297,164, : 7482
3 : 3344,2146,1632,213, : 7335
4 : 3384,2720,817,429,385,316, : 8051
5 : 4176, : 4176
----------------------- 1 ---------------------------
canvasWidth:100,
canvasHeight:100,
data:[{x:6,y:0,l:22,w:94},{x:18,y:22,l:44,w:82},{x:19,y:66,l:14,w:81},],
----------------------- 2 ---------------------------
canvasWidth:100,
canvasHeight:100,
data:[{x:1,y:0,l:3,w:99},{x:18,y:3,l:2,w:82},{x:84,y:5,l:92,w:16},{x:72,y:5,l:92,w:12},{x:37,y:5,l:90,w:35},{x:0,y:5,l:35,w:37},],
----------------------- 3 ---------------------------
canvasWidth:100,
canvasHeight:100,
data:[{x:24,y:0,l:44,w:76},{x:26,y:44,l:29,w:74},{x:29,y:73,l:3,w:71},{x:32,y:76,l:24,w:68},],
----------------------- 4 ---------------------------
canvasWidth:100,
canvasHeight:100,
data:[{x:20,y:0,l:34,w:80},{x:21,y:34,l:4,w:79},{x:61,y:38,l:11,w:39},{x:26,y:38,l:11,w:35},{x:28,y:49,l:47,w:72},{x:1,y:0,l:43,w:19},],
----------------------- 5 ---------------------------
canvasWidth:100,
canvasHeight:100,
data:[{x:13,y:0,l:48,w:87},],
