====================================== Class_10.2bp-41 =====================================
Reduced size: 100 usedBin: 0
[3, 12, 91]
[21, 27, 28, 37, 53, 55, 67, 79, 82, 87]
[14, 20, 36, 39, 69, 71, 86, 96, 98]
[1, 42, 73, 77, 99]
[6, 8, 52, 94]
[4, 17, 60, 61]
[5, 10, 49, 66]
[9, 13, 44, 54]
[2, 38, 56, 63, 84]
[0, 51, 57, 83, 85, 88]
[11, 15, 40, 58, 65, 76, 78]
[7, 18, 35]
[16, 19, 24, 48, 50, 80, 95]
[25, 26, 29, 30, 68, 70, 74, 75, 81, 90]
[22, 23, 31, 32, 41, 46, 89, 92, 97]
[33, 34, 43, 45, 47, 59, 62, 64, 72, 93]
------------------------------------------------
Best fit used bin number: 16
Found best solution: 16 0.297

   Statrt add columnAndCut col: 16 cons: 0 cut: 0	0.375

	1 Start Add column using column generation  col: 16 cons: 0 cut: 0	0.375
			Start solve  LP :0.375
			End solve LP obj: 16.0 t: 0
com.wlj.solver.BBSolver:
--------------------------------------- Price Problem Start --------------------------------------------------------
dualPrice.size = 100 , dualPrice = [1.0, 1.0, 1.0, 1.0, 1.0, 1.0, 1.0, 1.0, -0.0, 1.0, -0.0, 1.0, -0.0, -0.0, 1.0, -0.0, 1.0, -0.0, -0.0, -0.0, -0.0, 1.0, 1.0, -0.0, -0.0, 1.0, -0.0, -0.0, -0.0, -0.0, -0.0, -0.0, -0.0, 1.0, -0.0, -0.0, -0.0, -0.0, -0.0, -0.0, -0.0, -0.0, -0.0, -0.0, -0.0, -0.0, -0.0, -0.0, -0.0, -0.0, -0.0, -0.0, -0.0, -0.0, -0.0, -0.0, -0.0, -0.0, -0.0, -0.0, -0.0, -0.0, -0.0, -0.0, -0.0, -0.0, -0.0, -0.0, -0.0, -0.0, -0.0, -0.0, -0.0, -0.0, -0.0, -0.0, -0.0, -0.0, -0.0, -0.0, -0.0, -0.0, -0.0, -0.0, -0.0, -0.0, -0.0, -0.0, -0.0, -0.0, -0.0, -0.0, -0.0, -0.0, -0.0, -0.0, -0.0, -0.0, -0.0, -0.0]
			Active cut size: 0
W = 99 
H = 100
normalXList.size = 9
normalYList.size = 15
xList.size = 6
yList.size = 9
squareList.size = 16
myConsList.size = 0
当前上界 = 4.0
最优解：4.0
solutionList.size() = 2
pattern.getKey() = 16@22@25@33@
用时：0.016 s
--------------------------------------- Price Problem End --------------------------------------------------------
		1 Add column : 1 col:16 	0.391
			Start solve  LP :0.391
			End solve LP obj: 16.0 t: 0
com.wlj.solver.BBSolver:
--------------------------------------- Price Problem Start --------------------------------------------------------
dualPrice.size = 100 , dualPrice = [1.0, 1.0, 1.0, 1.0, 1.0, 1.0, 1.0, 1.0, -0.0, 1.0, -0.0, 1.0, -0.0, -0.0, 1.0, -0.0, -0.0, -0.0, -0.0, 1.0, -0.0, 1.0, -0.0, 1.0, -0.0, 0.0, 1.0, -0.0, -0.0, -0.0, -0.0, -0.0, -0.0, 1.0, -0.0, -0.0, -0.0, -0.0, -0.0, -0.0, -0.0, -0.0, -0.0, -0.0, -0.0, -0.0, -0.0, -0.0, -0.0, -0.0, -0.0, -0.0, -0.0, -0.0, -0.0, -0.0, -0.0, -0.0, -0.0, -0.0, -0.0, -0.0, -0.0, -0.0, -0.0, -0.0, -0.0, -0.0, -0.0, -0.0, -0.0, -0.0, -0.0, -0.0, -0.0, -0.0, -0.0, -0.0, -0.0, -0.0, -0.0, -0.0, -0.0, -0.0, -0.0, -0.0, -0.0, -0.0, -0.0, -0.0, -0.0, -0.0, -0.0, -0.0, -0.0, -0.0, -0.0, -0.0, -0.0, -0.0]
			Active cut size: 0
W = 98 
H = 100
normalXList.size = 8
normalYList.size = 16
xList.size = 6
yList.size = 11
squareList.size = 16
myConsList.size = 0
当前上界 = 4.0
最优解：4.0
solutionList.size() = 1
pattern.getKey() = 21@23@26@33@
用时：0.0 s
--------------------------------------- Price Problem End --------------------------------------------------------
		2 Add column : 1 col:17 	0.391
			Start solve  LP :0.391
			End solve LP obj: 16.0 t: 0
com.wlj.solver.BBSolver:
--------------------------------------- Price Problem Start --------------------------------------------------------
dualPrice.size = 100 , dualPrice = [1.0, 1.0, 1.0, 1.0, 1.0, 1.0, 1.0, 1.0, -0.0, 1.0, -0.0, 1.0, -0.0, -0.0, 1.0, -0.0, -0.0, -0.0, -0.0, 1.0, -0.0, 0.0, 0.0, 1.0, -0.0, 1.0, -0.0, 1.0, -0.0, -0.0, -0.0, -0.0, -0.0, -0.0, 1.0, -0.0, -0.0, -0.0, -0.0, -0.0, -0.0, -0.0, -0.0, -0.0, -0.0, -0.0, -0.0, -0.0, -0.0, -0.0, -0.0, -0.0, -0.0, -0.0, -0.0, -0.0, -0.0, -0.0, -0.0, -0.0, -0.0, -0.0, -0.0, -0.0, -0.0, -0.0, -0.0, -0.0, -0.0, -0.0, -0.0, -0.0, -0.0, -0.0, -0.0, -0.0, -0.0, -0.0, -0.0, -0.0, -0.0, -0.0, -0.0, -0.0, -0.0, -0.0, -0.0, -0.0, -0.0, -0.0, -0.0, -0.0, -0.0, -0.0, -0.0, -0.0, -0.0, -0.0, -0.0, -0.0]
			Active cut size: 0
W = 98 
H = 100
normalXList.size = 6
normalYList.size = 16
xList.size = 4
yList.size = 11
squareList.size = 16
myConsList.size = 0
当前上界 = 5.0
当前上界 = 4.733333333333333
当前上界 = 4.466666666666667
当前上界 = 4.2
当前上界 = 3.9333333333333336
最优解：4.0
solutionList.size() = 1
pattern.getKey() = 23@25@27@34@
用时：0.0 s
--------------------------------------- Price Problem End --------------------------------------------------------
		3 Add column : 1 col:18 	0.391
			Start solve  LP :0.391
			End solve LP obj: 16.0 t: 0
com.wlj.solver.BBSolver:
--------------------------------------- Price Problem Start --------------------------------------------------------
dualPrice.size = 100 , dualPrice = [1.0, 1.0, 1.0, 1.0, 1.0, 1.0, 1.0, 1.0, -0.0, 1.0, -0.0, 1.0, -0.0, -0.0, 1.0, -0.0, -0.0, -0.0, -0.0, 1.0, -0.0, 1.0, 1.0, 0.0, -0.0, 0.0, -0.0, 0.0, -0.0, 1.0, -0.0, -0.0, -0.0, -0.0, 1.0, -0.0, -0.0, -0.0, -0.0, -0.0, -0.0, -0.0, -0.0, -0.0, -0.0, -0.0, -0.0, -0.0, -0.0, -0.0, -0.0, -0.0, -0.0, -0.0, -0.0, -0.0, -0.0, -0.0, -0.0, -0.0, -0.0, -0.0, -0.0, -0.0, -0.0, -0.0, -0.0, -0.0, -0.0, -0.0, -0.0, -0.0, -0.0, -0.0, -0.0, -0.0, -0.0, -0.0, -0.0, -0.0, -0.0, -0.0, -0.0, -0.0, -0.0, -0.0, -0.0, -0.0, -0.0, -0.0, -0.0, -0.0, -0.0, -0.0, -0.0, -0.0, -0.0, -0.0, -0.0, -0.0]
			Active cut size: 0
W = 97 
H = 100
normalXList.size = 8
normalYList.size = 15
xList.size = 7
yList.size = 9
squareList.size = 16
myConsList.size = 0
当前上界 = 4.0
最优解：4.0
solutionList.size() = 1
pattern.getKey() = 21@22@29@34@
用时：0.0 s
--------------------------------------- Price Problem End --------------------------------------------------------
		4 Add column : 1 col:19 	0.407
			Start solve  LP :0.407
			End solve LP obj: 16.0 t: 0
com.wlj.solver.BBSolver:
--------------------------------------- Price Problem Start --------------------------------------------------------
dualPrice.size = 100 , dualPrice = [1.0, 1.0, 1.0, 1.0, 1.0, 1.0, 1.0, 1.0, -0.0, 1.0, -0.0, 1.0, -0.0, -0.0, 1.0, -0.0, -0.0, -0.0, -0.0, 1.0, -0.0, 0.0, 0.0, 0.0, -0.0, -0.0, -0.0, 1.0, -0.0, 1.0, -0.0, 1.0, -0.0, 1.0, 0.0, -0.0, -0.0, -0.0, -0.0, -0.0, -0.0, -0.0, -0.0, -0.0, -0.0, -0.0, -0.0, -0.0, -0.0, -0.0, -0.0, -0.0, -0.0, -0.0, -0.0, -0.0, -0.0, -0.0, -0.0, -0.0, -0.0, -0.0, -0.0, -0.0, -0.0, -0.0, -0.0, -0.0, -0.0, -0.0, -0.0, -0.0, -0.0, -0.0, -0.0, -0.0, -0.0, -0.0, -0.0, -0.0, -0.0, -0.0, -0.0, -0.0, -0.0, -0.0, -0.0, -0.0, -0.0, -0.0, -0.0, -0.0, -0.0, -0.0, -0.0, -0.0, -0.0, -0.0, -0.0, -0.0]
			Active cut size: 0
W = 100 
H = 100
normalXList.size = 7
normalYList.size = 15
xList.size = 7
yList.size = 11
squareList.size = 16
myConsList.size = 0
当前上界 = 5.0
当前上界 = 4.733333333333333
当前上界 = 4.466666666666667
当前上界 = 4.2
当前上界 = 3.9333333333333336
最优解：4.0
solutionList.size() = 6
pattern.getKey() = 14@29@31@33@
用时：0.0 s
--------------------------------------- Price Problem End --------------------------------------------------------
		5 Add column : 1 col:20 	0.407
			Start solve  LP :0.407
			End solve LP obj: 16.0 t: 0
com.wlj.solver.BBSolver:
--------------------------------------- Price Problem Start --------------------------------------------------------
dualPrice.size = 100 , dualPrice = [1.0, 1.0, 1.0, 1.0, 1.0, 1.0, 1.0, 1.0, -0.0, 1.0, -0.0, 1.0, -0.0, -0.0, 1.0, -0.0, -0.0, -0.0, -0.0, 1.0, -0.0, 0.5, 0.5, 0.5, -0.0, -0.0, -0.0, 0.5, -0.0, -0.0, 1.0, -0.0, -0.0, 0.0, 0.0, -0.0, -0.0, -0.0, -0.0, -0.0, -0.0, -0.0, -0.0, 1.0, -0.0, -0.0, -0.0, -0.0, -0.0, -0.0, -0.0, -0.0, -0.0, -0.0, -0.0, -0.0, -0.0, -0.0, -0.0, -0.0, -0.0, -0.0, -0.0, -0.0, -0.0, -0.0, -0.0, -0.0, -0.0, -0.0, -0.0, -0.0, -0.0, -0.0, -0.0, -0.0, -0.0, -0.0, -0.0, -0.0, -0.0, -0.0, -0.0, -0.0, -0.0, -0.0, -0.0, -0.0, -0.0, -0.0, -0.0, -0.0, -0.0, -0.0, -0.0, -0.0, -0.0, -0.0, -0.0, -0.0]
			Active cut size: 0
W = 99 
H = 100
normalXList.size = 12
normalYList.size = 14
xList.size = 10
yList.size = 11
squareList.size = 18
myConsList.size = 0
当前上界 = 4.0
最优解：4.0
solutionList.size() = 1
pattern.getKey() = 14@19@30@43@
用时：0.0 s
--------------------------------------- Price Problem End --------------------------------------------------------
		6 Add column : 1 col:21 	0.407
			Start solve  LP :0.407
			End solve LP obj: 16.0 t: 0
com.wlj.solver.BBSolver:
--------------------------------------- Price Problem Start --------------------------------------------------------
dualPrice.size = 100 , dualPrice = [1.0, 1.0, 1.0, 1.0, 1.0, 1.0, 1.0, 1.0, -0.0, 1.0, -0.0, 1.0, -0.0, -0.0, -0.0, -0.0, -0.0, -0.0, -0.0, -0.0, 1.0, 0.3333333333333333, 0.4444444444444444, 0.1111111111111111, 1.0, -0.0, -0.0, 0.6666666666666667, -0.0, -0.0, 1.0, 0.4444444444444444, -0.0, 0.5555555555555556, 0.22222222222222227, -0.0, -0.0, -0.0, -0.0, -0.0, -0.0, -0.0, -0.0, 0.0, -0.0, 0.22222222222222215, -0.0, -0.0, -0.0, -0.0, -0.0, -0.0, -0.0, -0.0, -0.0, -0.0, -0.0, -0.0, -0.0, -0.0, -0.0, -0.0, -0.0, -0.0, -0.0, -0.0, -0.0, -0.0, -0.0, -0.0, -0.0, -0.0, -0.0, -0.0, -0.0, -0.0, -0.0, -0.0, -0.0, -0.0, -0.0, -0.0, -0.0, -0.0, -0.0, -0.0, -0.0, -0.0, -0.0, -0.0, -0.0, -0.0, -0.0, -0.0, -0.0, -0.0, -0.0, -0.0, -0.0, -0.0]
			Active cut size: 0
W = 100 
H = 100
normalXList.size = 13
normalYList.size = 34
xList.size = 9
yList.size = 25
squareList.size = 21
myConsList.size = 0
当前上界 = 4.222222222222222
当前上界 = 4.007407407407407
当前上界 = 3.7925925925925923
当前上界 = 3.5777777777777775
最优解：3.666666666666667
solutionList.size() = 1
pattern.getKey() = 24@27@30@33@34@45@
用时：0.015 s
--------------------------------------- Price Problem End --------------------------------------------------------
		7 Add column : 1 col:22 	0.422
			Start solve  LP :0.422
			End solve LP obj: 16.0 t: 0
com.wlj.solver.BBSolver:
--------------------------------------- Price Problem Start --------------------------------------------------------
dualPrice.size = 100 , dualPrice = [1.0, 1.0, 1.0, 1.0, 1.0, 1.0, 1.0, 1.0, -0.0, 1.0, -0.0, 1.0, -0.0, -0.0, -0.0, -0.0, -0.0, -0.0, -0.0, -0.0, 1.0, 1.0, 0.0, 0.0, 1.0, 1.0, -0.0, 0.0, -0.0, -0.0, 0.0, 1.0, -0.0, 0.0, 0.0, -0.0, -0.0, -0.0, -0.0, -0.0, -0.0, -0.0, -0.0, 1.0, -0.0, 0.0, -0.0, -0.0, -0.0, -0.0, -0.0, -0.0, -0.0, -0.0, -0.0, -0.0, -0.0, -0.0, -0.0, -0.0, -0.0, -0.0, -0.0, -0.0, -0.0, -0.0, -0.0, -0.0, -0.0, -0.0, -0.0, -0.0, -0.0, -0.0, -0.0, -0.0, -0.0, -0.0, -0.0, -0.0, -0.0, -0.0, -0.0, -0.0, -0.0, -0.0, -0.0, -0.0, -0.0, -0.0, -0.0, -0.0, -0.0, -0.0, -0.0, -0.0, -0.0, -0.0, -0.0, -0.0]
			Active cut size: 0
W = 100 
H = 100
normalXList.size = 13
normalYList.size = 13
xList.size = 9
yList.size = 9
squareList.size = 16
myConsList.size = 0
当前上界 = 5.0
当前上界 = 4.733333333333333
当前上界 = 4.466666666666667
当前上界 = 4.2
当前上界 = 3.9333333333333336
最优解：4.0
solutionList.size() = 7
pattern.getKey() = 21@25@31@43@
用时：0.0 s
--------------------------------------- Price Problem End --------------------------------------------------------
		8 Add column : 1 col:23 	0.422
			Start solve  LP :0.422
			End solve LP obj: 16.0 t: 0
com.wlj.solver.BBSolver:
--------------------------------------- Price Problem Start --------------------------------------------------------
dualPrice.size = 100 , dualPrice = [1.0, 1.0, 1.0, 1.0, 1.0, 1.0, 1.0, 1.0, -0.0, 1.0, -0.0, 1.0, -0.0, -0.0, -0.0, -0.0, 1.0, -0.0, -0.0, -0.0, 1.0, 0.0, 0.0, 1.0, -0.0, -0.0, -0.0, 0.0, 1.0, 1.0, -0.0, 0.0, -0.0, -0.0, -0.0, -0.0, -0.0, -0.0, -0.0, -0.0, -0.0, -0.0, -0.0, 1.0, -0.0, 0.0, -0.0, -0.0, -0.0, -0.0, -0.0, -0.0, -0.0, -0.0, -0.0, -0.0, -0.0, -0.0, -0.0, -0.0, -0.0, -0.0, -0.0, -0.0, -0.0, -0.0, -0.0, -0.0, -0.0, -0.0, -0.0, -0.0, -0.0, -0.0, -0.0, -0.0, -0.0, -0.0, -0.0, -0.0, -0.0, -0.0, -0.0, -0.0, -0.0, -0.0, -0.0, -0.0, -0.0, -0.0, -0.0, -0.0, -0.0, -0.0, -0.0, -0.0, -0.0, -0.0, -0.0, -0.0]
			Active cut size: 0
W = 100 
H = 100
normalXList.size = 10
normalYList.size = 12
xList.size = 8
yList.size = 9
squareList.size = 16
myConsList.size = 0
当前上界 = 5.0
当前上界 = 4.733333333333333
当前上界 = 4.466666666666667
当前上界 = 4.2
当前上界 = 3.9333333333333336
最优解：4.0
solutionList.size() = 11
pattern.getKey() = 16@20@29@43@
用时：0.016 s
--------------------------------------- Price Problem End --------------------------------------------------------
		9 Add column : 1 col:24 	0.438
			Start solve  LP :0.438
			End solve LP obj: 16.0 t: 0
com.wlj.solver.BBSolver:
--------------------------------------- Price Problem Start --------------------------------------------------------
dualPrice.size = 100 , dualPrice = [1.0, 1.0, 1.0, 1.0, 1.0, 1.0, 1.0, 1.0, -0.0, 1.0, -0.0, 1.0, -0.0, -0.0, 0.0, -0.0, -0.0, -0.0, -0.0, 1.0, 0.5, -0.0, 0.5, 0.5, -0.0, 0.5, -0.0, -0.0, 1.0, 0.5, -0.0, -0.0, -0.0, -0.0, -0.0, -0.0, -0.0, -0.0, -0.0, -0.0, -0.0, -0.0, -0.0, -0.0, -0.0, 1.0, -0.0, 0.0, -0.0, -0.0, -0.0, -0.0, -0.0, -0.0, -0.0, -0.0, -0.0, -0.0, -0.0, -0.0, -0.0, -0.0, -0.0, -0.0, -0.0, -0.0, -0.0, -0.0, -0.0, -0.0, -0.0, -0.0, -0.0, -0.0, -0.0, -0.0, -0.0, -0.0, -0.0, -0.0, -0.0, -0.0, -0.0, -0.0, -0.0, -0.0, -0.0, -0.0, -0.0, -0.0, -0.0, -0.0, -0.0, -0.0, -0.0, -0.0, -0.0, -0.0, 0.5, -0.0]
			Active cut size: 0
W = 100 
H = 100
normalXList.size = 34
normalYList.size = 48
xList.size = 9
yList.size = 17
squareList.size = 19
myConsList.size = 0
当前上界 = 4.5
当前上界 = 4.266666666666667
当前上界 = 4.033333333333333
当前上界 = 3.8
最优解：4.0
solutionList.size() = 1
pattern.getKey() = 9@28@29@45@98@
用时：0.031 s
--------------------------------------- Price Problem End --------------------------------------------------------
		10 Add column : 1 col:25 	0.469
			Start solve  LP :0.469
			End solve LP obj: 16.0 t: 0
com.wlj.solver.BBSolver:
--------------------------------------- Price Problem Start --------------------------------------------------------
dualPrice.size = 100 , dualPrice = [1.0, 1.0, 1.0, 1.0, 1.0, 1.0, 1.0, 1.0, -0.0, 0.0, -0.0, 1.0, -0.0, 1.0, 0.0, -0.0, -0.0, -0.0, -0.0, 1.0, 1.0, -0.0, 0.5, 0.5, -0.0, 0.5, 0.5, -0.0, 1.0, -0.0, -0.0, 0.0, -0.0, -0.0, -0.0, -0.0, -0.0, -0.0, -0.0, -0.0, -0.0, -0.0, -0.0, -0.0, -0.0, -0.0, -0.0, 1.0, -0.0, -0.0, -0.0, -0.0, -0.0, -0.0, -0.0, -0.0, -0.0, -0.0, -0.0, -0.0, -0.0, -0.0, -0.0, -0.0, -0.0, -0.0, -0.0, -0.0, -0.0, -0.0, -0.0, -0.0, -0.0, -0.0, -0.0, -0.0, -0.0, -0.0, -0.0, -0.0, -0.0, -0.0, -0.0, -0.0, -0.0, -0.0, -0.0, -0.0, -0.0, -0.0, -0.0, -0.0, -0.0, -0.0, -0.0, -0.0, -0.0, -0.0, 0.0, -0.0]
			Active cut size: 0
W = 100 
H = 100
normalXList.size = 10
normalYList.size = 17
xList.size = 5
yList.size = 9
squareList.size = 18
myConsList.size = 0
当前上界 = 4.5
当前上界 = 4.266666666666667
当前上界 = 4.033333333333333
当前上界 = 3.8
当前上界 = 3.5666666666666664
当前上界 = 3.333333333333333
最优解：3.5
solutionList.size() = 8
pattern.getKey() = 20@22@28@47@
用时：0.0 s
--------------------------------------- Price Problem End --------------------------------------------------------
		11 Add column : 1 col:26 	0.469
			Start solve  LP :0.469
			End solve LP obj: 16.0 t: 0
com.wlj.solver.BBSolver:
--------------------------------------- Price Problem Start --------------------------------------------------------
dualPrice.size = 100 , dualPrice = [1.0, 1.0, 1.0, 1.0, 1.0, 1.0, 1.0, 1.0, -0.0, -0.0, -0.0, 1.0, -0.0, 1.0, 0.0, -0.0, -0.0, -0.0, -0.0, 1.0, 0.0, -0.0, 0.0, 0.0, -0.0, 0.0, 1.0, 1.0, 0.0, -0.0, -0.0, 1.0, -0.0, -0.0, -0.0, -0.0, -0.0, -0.0, -0.0, -0.0, -0.0, -0.0, -0.0, -0.0, -0.0, -0.0, -0.0, 1.0, -0.0, -0.0, -0.0, -0.0, -0.0, -0.0, -0.0, -0.0, -0.0, -0.0, -0.0, -0.0, -0.0, -0.0, -0.0, -0.0, -0.0, -0.0, -0.0, -0.0, -0.0, -0.0, -0.0, -0.0, -0.0, -0.0, -0.0, -0.0, -0.0, -0.0, -0.0, -0.0, -0.0, -0.0, -0.0, -0.0, -0.0, -0.0, -0.0, -0.0, -0.0, -0.0, -0.0, -0.0, -0.0, -0.0, -0.0, -0.0, -0.0, -0.0, 1.0, -0.0]
			Active cut size: 0
W = 99 
H = 100
normalXList.size = 36
normalYList.size = 51
xList.size = 14
yList.size = 17
squareList.size = 16
myConsList.size = 0
当前上界 = 6.0
当前上界 = 5.666666666666667
当前上界 = 5.333333333333334
当前上界 = 5.000000000000001
最优解：5.0
solutionList.size() = 4
pattern.getKey() = 19@26@31@47@98@
用时：0.031 s
--------------------------------------- Price Problem End --------------------------------------------------------
		12 Add column : 1 col:27 	0.5
			Start solve  LP :0.5
			End solve LP obj: 16.0 t: 0
com.wlj.solver.BBSolver:
--------------------------------------- Price Problem Start --------------------------------------------------------
dualPrice.size = 100 , dualPrice = [1.0, 1.0, 1.0, 1.0, 1.0, 1.0, 1.0, 1.0, -0.0, -0.0, -0.0, 1.0, -0.0, 1.0, 0.6666666666666666, -0.0, 0.6666666666666667, -0.0, -0.0, -0.0, 0.0, -0.0, -0.0, 1.0, 0.3333333333333333, 0.0, -0.0, -0.0, -0.0, 0.3333333333333333, 0.33333333333333337, -0.0, -0.0, -0.0, -0.0, -0.0, -0.0, 1.0, -0.0, -0.0, -0.0, -0.0, -0.0, -0.0, -0.0, 0.33333333333333337, -0.0, 0.6666666666666666, -0.0, -0.0, -0.0, -0.0, -0.0, -0.0, -0.0, -0.0, -0.0, -0.0, -0.0, -0.0, -0.0, -0.0, -0.0, -0.0, -0.0, -0.0, -0.0, -0.0, 0.33333333333333337, -0.0, -0.0, -0.0, -0.0, -0.0, -0.0, -0.0, -0.0, -0.0, -0.0, -0.0, -0.0, -0.0, -0.0, -0.0, -0.0, -0.0, -0.0, -0.0, -0.0, -0.0, -0.0, -0.0, -0.0, -0.0, -0.0, -0.0, -0.0, -0.0, 0.33333333333333337, -0.0]
			Active cut size: 0
W = 100 
H = 100
normalXList.size = 43
normalYList.size = 68
xList.size = 15
yList.size = 39
squareList.size = 21
myConsList.size = 0
当前上界 = 4.666666666666666
当前上界 = 4.422222222222222
当前上界 = 4.177777777777777
最优解：4.333333333333334
solutionList.size() = 4
pattern.getKey() = 16@23@37@45@47@68@98@
用时：0.391 s
--------------------------------------- Price Problem End --------------------------------------------------------
		13 Add column : 1 col:28 	0.891
			Start solve  LP :0.891
			End solve LP obj: 16.0 t: 0
com.wlj.solver.BBSolver:
--------------------------------------- Price Problem Start --------------------------------------------------------
dualPrice.size = 100 , dualPrice = [1.0, 1.0, 1.0, 1.0, 1.0, 1.0, 1.0, 1.0, -0.0, -0.0, -0.0, 1.0, -0.0, 1.0, 1.0, -0.0, -0.0, -0.0, -0.0, -0.0, 0.0, -0.0, -0.0, -0.0, 1.0, 1.0, -0.0, -0.0, -0.0, 0.0, -0.0, -0.0, 1.0, -0.0, -0.0, -0.0, -0.0, 1.0, -0.0, -0.0, -0.0, -0.0, -0.0, -0.0, -0.0, -0.0, -0.0, 0.0, -0.0, -0.0, -0.0, -0.0, -0.0, -0.0, -0.0, -0.0, -0.0, -0.0, -0.0, 1.0, -0.0, -0.0, -0.0, -0.0, -0.0, -0.0, -0.0, -0.0, -0.0, -0.0, -0.0, -0.0, -0.0, -0.0, -0.0, -0.0, -0.0, -0.0, -0.0, -0.0, -0.0, -0.0, -0.0, -0.0, -0.0, -0.0, -0.0, -0.0, -0.0, -0.0, -0.0, -0.0, -0.0, -0.0, -0.0, -0.0, -0.0, -0.0, -0.0, -0.0]
			Active cut size: 0
W = 100 
H = 100
normalXList.size = 10
normalYList.size = 36
xList.size = 7
yList.size = 19
squareList.size = 16
myConsList.size = 0
当前上界 = 5.0
最优解：5.0
solutionList.size() = 3
pattern.getKey() = 14@24@32@37@59@
用时：0.0 s
--------------------------------------- Price Problem End --------------------------------------------------------
		14 Add column : 1 col:29 	0.891
			Start solve  LP :0.891
			End solve LP obj: 16.0 t: 0
com.wlj.solver.BBSolver:
--------------------------------------- Price Problem Start --------------------------------------------------------
dualPrice.size = 100 , dualPrice = [1.0, 1.0, 1.0, 1.0, 1.0, 1.0, 1.0, 1.0, -0.0, -0.0, -0.0, 1.0, -0.0, 1.0, -0.0, -0.0, -0.0, -0.0, -0.0, 0.5, 0.5, 0.5, 0.0, -0.0, -0.0, 0.5, -0.0, 0.5, -0.0, 0.5, -0.0, -0.0, 1.0, -0.0, -0.0, -0.0, -0.0, -0.0, -0.0, -0.0, -0.0, -0.0, -0.0, -0.0, -0.0, 0.5, -0.0, 0.5, -0.0, -0.0, -0.0, -0.0, -0.0, -0.0, -0.0, -0.0, -0.0, -0.0, -0.0, 0.0, -0.0, -0.0, -0.0, -0.0, -0.0, -0.0, -0.0, -0.0, -0.0, -0.0, -0.0, -0.0, -0.0, -0.0, -0.0, -0.0, -0.0, -0.0, -0.0, -0.0, -0.0, -0.0, -0.0, -0.0, -0.0, -0.0, -0.0, -0.0, -0.0, -0.0, -0.0, -0.0, -0.0, -0.0, -0.0, 0.5, 0.5, -0.0, -0.0, -0.0]
			Active cut size: 0
W = 100 
H = 100
normalXList.size = 38
normalYList.size = 73
xList.size = 17
yList.size = 47
squareList.size = 21
myConsList.size = 0
当前上界 = 4.5
当前上界 = 4.266666666666667
当前上界 = 4.033333333333333
当前上界 = 3.8
最优解：4.0
solutionList.size() = 10
pattern.getKey() = 27@29@32@45@47@95@96@
用时：0.516 s
--------------------------------------- Price Problem End --------------------------------------------------------
		15 Add column : 1 col:30 	1.407
			Start solve  LP :1.407
			End solve LP obj: 16.0 t: 0
com.wlj.solver.BBSolver:
--------------------------------------- Price Problem Start --------------------------------------------------------
dualPrice.size = 100 , dualPrice = [1.0, 1.0, 1.0, 1.0, 1.0, 1.0, 1.0, 1.0, -0.0, -0.0, -0.0, 1.0, -0.0, 1.0, -0.0, -0.0, 0.33333333333333326, -0.0, -0.0, 0.33333333333333337, 0.33333333333333337, 0.33333333333333337, -0.0, 0.6666666666666666, -0.0, 0.33333333333333337, -0.0, -0.0, 0.6666666666666666, -0.0, 0.6666666666666666, 0.33333333333333337, -0.0, -0.0, -0.0, -0.0, -0.0, -0.0, -0.0, -0.0, -0.0, -0.0, -0.0, -0.0, -0.0, -0.0, -0.0, -0.0, -0.0, -0.0, -0.0, -0.0, -0.0, -0.0, -0.0, -0.0, -0.0, -0.0, -0.0, 1.0, -0.0, -0.0, 0.0, -0.0, -0.0, -0.0, -0.0, -0.0, -0.0, -0.0, -0.0, -0.0, -0.0, -0.0, -0.0, -0.0, -0.0, -0.0, -0.0, -0.0, -0.0, -0.0, -0.0, -0.0, -0.0, -0.0, -0.0, -0.0, -0.0, -0.0, -0.0, -0.0, -0.0, -0.0, -0.0, 0.33333333333333337, 0.6666666666666666, -0.0, -0.0, -0.0]
			Active cut size: 0
W = 99 
H = 100
normalXList.size = 43
normalYList.size = 71
xList.size = 12
yList.size = 43
squareList.size = 22
myConsList.size = 0
当前上界 = 4.999999999999999
当前上界 = 4.7333333333333325
当前上界 = 4.466666666666666
当前上界 = 4.199999999999999
最优解：4.333333333333333
solutionList.size() = 12
pattern.getKey() = 16@23@28@30@59@95@96@
用时：0.312 s
--------------------------------------- Price Problem End --------------------------------------------------------
		16 Add column : 1 col:31 	1.719
			Start solve  LP :1.719
			End solve LP obj: 16.0 t: 0
com.wlj.solver.BBSolver:
--------------------------------------- Price Problem Start --------------------------------------------------------
dualPrice.size = 100 , dualPrice = [1.0, 1.0, 1.0, 1.0, 1.0, 1.0, 1.0, 1.0, -0.0, -0.0, -0.0, 1.0, -0.0, 1.0, -0.0, -0.0, -0.0, -0.0, -0.0, 0.5, 1.0, 1.0, -0.0, -0.0, -0.0, -0.0, -0.0, 0.0, -0.0, 0.0, 0.5, 0.0, -0.0, -0.0, -0.0, -0.0, -0.0, -0.0, -0.0, -0.0, -0.0, 1.0, -0.0, -0.0, -0.0, -0.0, -0.0, -0.0, -0.0, -0.0, -0.0, -0.0, -0.0, -0.0, -0.0, -0.0, -0.0, -0.0, -0.0, -0.0, -0.0, -0.0, 1.0, -0.0, -0.0, -0.0, -0.0, -0.0, 0.5, -0.0, -0.0, -0.0, -0.0, -0.0, -0.0, -0.0, -0.0, -0.0, -0.0, -0.0, -0.0, -0.0, -0.0, -0.0, -0.0, -0.0, -0.0, -0.0, -0.0, -0.0, -0.0, -0.0, -0.0, -0.0, -0.0, 0.5, 0.0, -0.0, -0.0, -0.0]
			Active cut size: 0
W = 100 
H = 100
normalXList.size = 25
normalYList.size = 58
xList.size = 14
yList.size = 29
squareList.size = 18
myConsList.size = 0
当前上界 = 5.5
当前上界 = 5.2
当前上界 = 4.9
最优解：5.0
solutionList.size() = 3
pattern.getKey() = 13@21@41@62@68@95@
用时：0.047 s
--------------------------------------- Price Problem End --------------------------------------------------------
		17 Add column : 1 col:32 	1.766
			Start solve  LP :1.766
			End solve LP obj: 16.0 t: 0
com.wlj.solver.BBSolver:
--------------------------------------- Price Problem Start --------------------------------------------------------
dualPrice.size = 100 , dualPrice = [1.0, 1.0, 1.0, 1.0, 1.0, 1.0, 1.0, 1.0, -0.0, 1.0, -0.0, 1.0, -0.0, -0.0, -0.0, -0.0, -0.0, -0.0, -0.0, 0.0, 1.0, 0.0, 0.0, -0.0, -0.0, -0.0, -0.0, 0.0, -0.0, 0.0, 1.0, 1.0, -0.0, -0.0, -0.0, -0.0, -0.0, 1.0, -0.0, -0.0, -0.0, -0.0, -0.0, -0.0, -0.0, -0.0, -0.0, -0.0, 1.0, -0.0, -0.0, -0.0, -0.0, -0.0, -0.0, -0.0, -0.0, -0.0, -0.0, -0.0, -0.0, -0.0, 1.0, -0.0, -0.0, -0.0, -0.0, -0.0, 0.0, -0.0, -0.0, -0.0, -0.0, -0.0, -0.0, -0.0, -0.0, -0.0, -0.0, -0.0, -0.0, -0.0, -0.0, -0.0, -0.0, -0.0, -0.0, -0.0, -0.0, -0.0, -0.0, -0.0, -0.0, -0.0, -0.0, -0.0, 0.0, -0.0, -0.0, -0.0]
			Active cut size: 0
W = 99 
H = 100
normalXList.size = 9
normalYList.size = 42
xList.size = 8
yList.size = 25
squareList.size = 16
myConsList.size = 0
当前上界 = 6.0
当前上界 = 5.666666666666667
当前上界 = 5.333333333333334
当前上界 = 5.000000000000001
最优解：5.0
solutionList.size() = 14
pattern.getKey() = 20@31@37@48@62@
用时：0.016 s
--------------------------------------- Price Problem End --------------------------------------------------------
		18 Add column : 1 col:33 	1.782
			Start solve  LP :1.782
			End solve LP obj: 16.0 t: 0
com.wlj.solver.BBSolver:
--------------------------------------- Price Problem Start --------------------------------------------------------
dualPrice.size = 100 , dualPrice = [1.0, 1.0, 1.0, 1.0, 1.0, 1.0, 1.0, 1.0, -0.0, 1.0, -0.0, 1.0, -0.0, -0.0, -0.0, -0.0, -0.0, -0.0, -0.0, 0.0, -0.0, 0.0, 1.0, -0.0, -0.0, -0.0, 1.0, 1.0, -0.0, -0.0, -0.0, 0.0, -0.0, 0.0, 0.0, -0.0, 1.0, 0.0, -0.0, -0.0, -0.0, -0.0, -0.0, 1.0, -0.0, -0.0, -0.0, -0.0, 1.0, -0.0, -0.0, -0.0, -0.0, -0.0, -0.0, -0.0, -0.0, -0.0, -0.0, -0.0, -0.0, -0.0, -0.0, -0.0, -0.0, -0.0, -0.0, -0.0, 0.0, -0.0, -0.0, -0.0, -0.0, -0.0, -0.0, -0.0, -0.0, -0.0, -0.0, -0.0, -0.0, -0.0, -0.0, -0.0, -0.0, -0.0, -0.0, -0.0, -0.0, -0.0, -0.0, -0.0, -0.0, -0.0, -0.0, -0.0, 0.0, -0.0, -0.0, -0.0]
			Active cut size: 0
W = 98 
H = 100
normalXList.size = 10
normalYList.size = 27
xList.size = 6
yList.size = 17
squareList.size = 16
myConsList.size = 0
当前上界 = 6.0
当前上界 = 5.666666666666667
当前上界 = 5.333333333333334
当前上界 = 5.000000000000001
最优解：5.0
solutionList.size() = 5
pattern.getKey() = 22@26@36@43@48@
用时：0.0 s
--------------------------------------- Price Problem End --------------------------------------------------------
		19 Add column : 1 col:34 	1.782
			Start solve  LP :1.782
			End solve LP obj: 16.0 t: 0
com.wlj.solver.BBSolver:
--------------------------------------- Price Problem Start --------------------------------------------------------
dualPrice.size = 100 , dualPrice = [1.0, 1.0, 1.0, 1.0, 1.0, 1.0, 1.0, 1.0, -0.0, 1.0, -0.0, 1.0, -0.0, -0.0, -0.0, -0.0, -0.0, -0.0, -0.0, 0.8, -0.0, 0.1333333333333334, 0.33333333333333326, -0.0, -0.0, 0.4, 0.2, 0.06666666666666662, -0.0, 0.0, -0.0, -0.0, -0.0, 0.2666666666666667, 0.5333333333333333, -0.0, 0.06666666666666662, 0.8, -0.0, -0.0, -0.0, 0.6666666666666667, -0.0, 0.2, -0.0, -0.0, -0.0, -0.0, 0.2, -0.0, -0.0, -0.0, -0.0, -0.0, -0.0, -0.0, -0.0, -0.0, -0.0, -0.0, -0.0, -0.0, -0.0, -0.0, -0.0, -0.0, -0.0, -0.0, 0.19999999999999996, -0.0, 0.2, -0.0, -0.0, -0.0, -0.0, -0.0, -0.0, -0.0, -0.0, -0.0, -0.0, -0.0, -0.0, -0.0, -0.0, -0.0, -0.0, -0.0, -0.0, -0.0, -0.0, -0.0, -0.0, -0.0, -0.0, -0.0, 0.9333333333333333, -0.0, -0.0, -0.0]
			Active cut size: 0
W = 100 
H = 100
normalXList.size = 55
normalYList.size = 74
xList.size = 27
yList.size = 59
squareList.size = 26
myConsList.size = 0
当前上界 = 4.733333333333334
当前上界 = 4.484444444444446
当前上界 = 4.235555555555557
最优解：4.333333333333334
solutionList.size() = 2
pattern.getKey() = 19@34@37@41@48@68@70@96@
用时：2.797 s
--------------------------------------- Price Problem End --------------------------------------------------------
		20 Add column : 1 col:35 	4.579
			Start solve  LP :4.579
			End solve LP obj: 16.0 t: 0
com.wlj.solver.BBSolver:
--------------------------------------- Price Problem Start --------------------------------------------------------
dualPrice.size = 100 , dualPrice = [1.0, 1.0, 1.0, 1.0, 1.0, 1.0, 1.0, 1.0, -0.0, 0.5, -0.0, 1.0, -0.0, 0.5, -0.0, -0.0, -0.0, -0.0, -0.0, -0.0, -0.0, -0.0, -0.0, 0.5, -0.0, 0.5, -0.0, 0.0, -0.0, 0.0, -0.0, -0.0, -0.0, 0.5, -0.0, -0.0, 1.0, -0.0, -0.0, -0.0, -0.0, 0.5, -0.0, 0.0, -0.0, 0.5, -0.0, -0.0, -0.0, -0.0, 1.0, -0.0, -0.0, 1.0, -0.0, -0.0, -0.0, -0.0, -0.0, -0.0, -0.0, -0.0, -0.0, -0.0, -0.0, -0.0, -0.0, -0.0, -0.0, -0.0, 0.5, -0.0, -0.0, -0.0, -0.0, -0.0, -0.0, -0.0, -0.0, -0.0, -0.0, -0.0, -0.0, -0.0, -0.0, -0.0, -0.0, -0.0, -0.0, -0.0, -0.0, -0.0, -0.0, -0.0, -0.0, -0.0, -0.0, -0.0, -0.0, -0.0]
			Active cut size: 0
W = 100 
H = 100
normalXList.size = 34
normalYList.size = 52
xList.size = 19
yList.size = 27
squareList.size = 20
myConsList.size = 0
当前上界 = 5.5
当前上界 = 5.2
当前上界 = 4.9
最优解：5.0
solutionList.size() = 14
pattern.getKey() = 23@36@41@45@50@53@70@
用时：0.078 s
--------------------------------------- Price Problem End --------------------------------------------------------
		21 Add column : 1 col:36 	4.657
			Start solve  LP :4.657
			End solve LP obj: 16.0 t: 0
com.wlj.solver.BBSolver:
--------------------------------------- Price Problem Start --------------------------------------------------------
dualPrice.size = 100 , dualPrice = [1.0, 1.0, 1.0, 1.0, 1.0, 1.0, 1.0, 1.0, -0.0, 0.75, -0.0, 1.0, -0.0, 0.25, -0.0, -0.0, -0.0, -0.0, -0.0, 1.0, 0.75, -0.0, -0.0, -0.0, -0.0, 0.75, -0.0, 0.25, -0.0, 0.25, -0.0, -0.0, 0.5, 0.25, -0.0, -0.0, 0.25, -0.0, -0.0, -0.0, -0.0, 0.0, -0.0, 0.0, -0.0, -0.0, 0.5, -0.0, -0.0, -0.0, 0.0, -0.0, -0.0, 0.75, -0.0, -0.0, -0.0, -0.0, -0.0, 0.5, -0.0, -0.0, 0.25, -0.0, -0.0, -0.0, -0.0, -0.0, -0.0, -0.0, 0.0, -0.0, -0.0, -0.0, -0.0, -0.0, -0.0, -0.0, -0.0, -0.0, -0.0, -0.0, -0.0, -0.0, -0.0, -0.0, -0.0, -0.0, -0.0, -0.0, -0.0, -0.0, -0.0, -0.0, -0.0, -0.0, -0.0, -0.0, -0.0, -0.0]
			Active cut size: 0
W = 100 
H = 100
normalXList.size = 31
normalYList.size = 55
xList.size = 19
yList.size = 35
squareList.size = 23
myConsList.size = 0
当前上界 = 4.5
当前上界 = 4.266666666666667
当前上界 = 4.033333333333333
当前上界 = 3.8
最优解：4.0
solutionList.size() = 1
pattern.getKey() = 19@25@33@46@53@59@62@
用时：0.047 s
--------------------------------------- Price Problem End --------------------------------------------------------
		22 Add column : 1 col:37 	4.704
			Start solve  LP :4.704
			End solve LP obj: 16.0 t: 0
com.wlj.solver.BBSolver:
--------------------------------------- Price Problem Start --------------------------------------------------------
dualPrice.size = 100 , dualPrice = [1.0, 1.0, 1.0, 1.0, 1.0, 1.0, 1.0, 1.0, -0.0, 1.0, -0.0, 1.0, -0.0, 0.0, -0.0, -0.0, -0.0, -0.0, -0.0, 0.25, 1.0, 0.75, -0.0, -0.0, -0.0, 0.25, -0.0, 0.25, -0.0, -0.0, 0.75, -0.0, 0.75, 0.0, -0.0, -0.0, -0.0, -0.0, -0.0, -0.0, -0.0, -0.0, -0.0, -0.0, -0.0, -0.0, 0.25, -0.0, -0.0, -0.0, 0.75, -0.0, -0.0, -0.0, -0.0, -0.0, -0.0, -0.0, -0.0, 0.25, -0.0, -0.0, -0.0, -0.0, 0.75, -0.0, -0.0, -0.0, -0.0, -0.0, -0.0, -0.0, -0.0, -0.0, -0.0, -0.0, -0.0, -0.0, -0.0, -0.0, -0.0, -0.0, -0.0, -0.0, -0.0, -0.0, -0.0, -0.0, -0.0, -0.0, -0.0, -0.0, -0.0, -0.0, -0.0, -0.0, -0.0, -0.0, 0.0, -0.0]
			Active cut size: 0
W = 100 
H = 100
normalXList.size = 30
normalYList.size = 47
xList.size = 17
yList.size = 27
squareList.size = 21
myConsList.size = 0
当前上界 = 5.0
当前上界 = 4.733333333333333
当前上界 = 4.466666666666667
最优解：4.5
solutionList.size() = 1
pattern.getKey() = 20@30@32@46@50@59@64@
用时：0.015 s
--------------------------------------- Price Problem End --------------------------------------------------------
		23 Add column : 1 col:38 	4.719
			Start solve  LP :4.719
			End solve LP obj: 16.0 t: 0
com.wlj.solver.BBSolver:
--------------------------------------- Price Problem Start --------------------------------------------------------
dualPrice.size = 100 , dualPrice = [1.0, 1.0, 1.0, 1.0, 1.0, 1.0, 1.0, 1.0, -0.0, -0.0, -0.0, 1.0, -0.0, 1.0, -0.0, -0.0, 0.33333333333333326, -0.0, -0.0, 0.6666666666666667, -0.0, 0.0, 0.0, -0.0, -0.0, -0.0, -0.0, 0.33333333333333326, 0.3333333333333335, 0.6666666666666667, 0.3333333333333333, 0.0, -0.0, 0.3333333333333333, -0.0, -0.0, 1.0, 0.33333333333333326, -0.0, -0.0, -0.0, -0.0, -0.0, -0.0, -0.0, -0.0, -0.0, -0.0, -0.0, -0.0, -0.0, -0.0, -0.0, -0.0, -0.0, -0.0, -0.0, -0.0, -0.0, -0.0, -0.0, -0.0, -0.0, -0.0, 0.6666666666666667, -0.0, -0.0, -0.0, -0.0, -0.0, -0.0, -0.0, -0.0, -0.0, -0.0, -0.0, -0.0, -0.0, -0.0, -0.0, -0.0, -0.0, -0.0, -0.0, -0.0, -0.0, -0.0, -0.0, -0.0, -0.0, -0.0, -0.0, -0.0, -0.0, -0.0, -0.0, -0.0, 1.0, 0.0, -0.0]
			Active cut size: 0
W = 100 
H = 100
normalXList.size = 24
normalYList.size = 66
xList.size = 15
yList.size = 33
squareList.size = 21
myConsList.size = 0
当前上界 = 5.000000000000001
当前上界 = 4.733333333333334
当前上界 = 4.466666666666668
当前上界 = 4.200000000000001
最优解：4.333333333333334
solutionList.size() = 13
pattern.getKey() = 19@29@30@36@64@97@
用时：0.125 s
--------------------------------------- Price Problem End --------------------------------------------------------
		24 Add column : 1 col:39 	4.844
			Start solve  LP :4.844
			End solve LP obj: 16.0 t: 16
com.wlj.solver.BBSolver:
--------------------------------------- Price Problem Start --------------------------------------------------------
dualPrice.size = 100 , dualPrice = [1.0, 1.0, 1.0, 1.0, 1.0, 1.0, 1.0, 1.0, -0.0, -0.0, -0.0, 1.0, -0.0, 1.0, 0.33333333333333337, -0.0, 0.33333333333333337, -0.0, -0.0, -0.0, 0.33333333333333337, -0.0, -0.0, -0.0, 0.6666666666666666, 1.1102230246251565E-16, 1.1102230246251565E-16, 0.33333333333333337, 0.6666666666666666, -0.0, -0.0, 0.6666666666666666, -0.0, 0.0, -0.0, -0.0, -0.0, -0.0, -0.0, -0.0, -0.0, -0.0, -0.0, 0.33333333333333326, -0.0, -0.0, -0.0, -0.0, -0.0, -0.0, -0.0, -0.0, -0.0, -0.0, -0.0, -0.0, -0.0, -0.0, -0.0, -0.0, -0.0, -0.0, -0.0, -0.0, 0.6666666666666666, -0.0, -0.0, -0.0, 0.0, -0.0, 0.9999999999999998, -0.0, -0.0, -0.0, -0.0, -0.0, -0.0, -0.0, -0.0, -0.0, -0.0, -0.0, -0.0, -0.0, -0.0, -0.0, -0.0, -0.0, -0.0, -0.0, -0.0, -0.0, -0.0, -0.0, -0.0, -0.0, -0.0, 0.33333333333333337, 0.33333333333333326, -0.0]
			Active cut size: 0
W = 100 
H = 100
normalXList.size = 54
normalYList.size = 83
xList.size = 23
yList.size = 65
squareList.size = 22
myConsList.size = 0
当前上界 = 5.333333333333332
当前上界 = 5.044444444444443
当前上界 = 4.755555555555555
当前上界 = 4.466666666666666
最优解：4.666666666666666
solutionList.size() = 8
pattern.getKey() = 24@28@31@43@64@70@97@98@
pattern.getKey() = 13@28@31@64@70@97@98@
用时：2.687 s
--------------------------------------- Price Problem End --------------------------------------------------------
		25 Add column : 1 col:40 	7.547
			Start solve  LP :7.547
			End solve LP obj: 16.0 t: 0
com.wlj.solver.BBSolver:
--------------------------------------- Price Problem Start --------------------------------------------------------
dualPrice.size = 100 , dualPrice = [1.0, 1.0, 1.0, 1.0, 1.0, 1.0, 1.0, 1.0, -0.0, 1.0, -0.0, 1.0, -0.0, -0.0, 1.0, -0.0, 1.0, -0.0, -0.0, -0.0, 0.0, -0.0, -0.0, -0.0, -0.0, 0.0, 1.0, 1.0, 0.0, -0.0, -0.0, 0.0, 0.0, -0.0, -0.0, -0.0, -0.0, -0.0, -0.0, -0.0, -0.0, -0.0, -0.0, 0.0, -0.0, -0.0, -0.0, -0.0, 0.0, -0.0, -0.0, -0.0, -0.0, -0.0, -0.0, -0.0, -0.0, -0.0, -0.0, -0.0, -0.0, -0.0, 1.0, -0.0, 0.0, -0.0, -0.0, -0.0, 0.0, -0.0, 0.0, -0.0, -0.0, -0.0, -0.0, -0.0, -0.0, -0.0, -0.0, -0.0, -0.0, -0.0, -0.0, -0.0, -0.0, -0.0, -0.0, -0.0, -0.0, -0.0, -0.0, -0.0, -0.0, -0.0, -0.0, -0.0, -0.0, 1.0, -0.0, -0.0]
			Active cut size: 0
W = 99 
H = 100
normalXList.size = 14
normalYList.size = 58
xList.size = 8
yList.size = 25
squareList.size = 16
myConsList.size = 0
当前上界 = 5.0
最优解：5.0
solutionList.size() = 6
pattern.getKey() = 11@16@26@62@97@
用时：0.016 s
--------------------------------------- Price Problem End --------------------------------------------------------
		26 Add column : 1 col:41 	7.563
			Start solve  LP :7.563
			End solve LP obj: 16.0 t: 0
com.wlj.solver.BBSolver:
--------------------------------------- Price Problem Start --------------------------------------------------------
dualPrice.size = 100 , dualPrice = [1.0, 1.0, 1.0, 1.0, 1.0, 1.0, 1.0, 1.0, -0.0, 1.0, -0.0, 1.0, -0.0, 0.0, 0.5, -0.0, 0.0, -0.0, -0.0, -0.0, 0.5, -0.0, -0.0, -0.0, 0.5, 0.5, -0.0, 0.5, -0.0, -0.0, -0.0, 0.0, -0.0, -0.0, -0.0, -0.0, -0.0, -0.0, -0.0, -0.0, -0.0, -0.0, -0.0, 0.5, -0.0, 0.0, -0.0, -0.0, 0.5, -0.0, -0.0, -0.0, -0.0, 0.5, -0.0, -0.0, -0.0, -0.0, -0.0, -0.0, -0.0, -0.0, -0.0, -0.0, 0.5, -0.0, -0.0, -0.0, 0.5, -0.0, -0.0, -0.0, -0.0, -0.0, -0.0, -0.0, -0.0, -0.0, -0.0, -0.0, -0.0, -0.0, -0.0, -0.0, -0.0, -0.0, -0.0, -0.0, -0.0, 1.0, -0.0, -0.0, -0.0, -0.0, -0.0, -0.0, -0.0, -0.0, -0.0, -0.0]
			Active cut size: 0
W = 100 
H = 100
normalXList.size = 15
normalYList.size = 74
xList.size = 9
yList.size = 53
squareList.size = 21
myConsList.size = 0
当前上界 = 5.0
当前上界 = 4.733333333333333
当前上界 = 4.466666666666667
最优解：4.5
solutionList.size() = 21
pattern.getKey() = 11@25@48@53@64@68@89@
用时：0.391 s
--------------------------------------- Price Problem End --------------------------------------------------------
		27 Add column : 1 col:42 	7.954
			Start solve  LP :7.954
			End solve LP obj: 16.0 t: 0
com.wlj.solver.BBSolver:
--------------------------------------- Price Problem Start --------------------------------------------------------
dualPrice.size = 100 , dualPrice = [1.0, 1.0, 1.0, 1.0, 1.0, 1.0, 1.0, 1.0, -0.0, 0.75, -0.0, -0.0, -0.0, 0.25, 0.5, 1.0, 0.25, -0.0, -0.0, 0.25, 0.5, 0.75, -0.0, -0.0, 0.5, 0.0, 0.25, 0.25, -0.0, -0.0, -0.0, -0.0, -0.0, -0.0, -0.0, -0.0, -0.0, -0.0, -0.0, -0.0, -0.0, -0.0, -0.0, 0.25, -0.0, 0.25, -0.0, 0.5, -0.0, -0.0, -0.0, -0.0, -0.0, -0.0, -0.0, -0.0, -0.0, -0.0, -0.0, 0.0, -0.0, -0.0, -0.0, -0.0, -0.0, -0.0, -0.0, -0.0, -0.0, -0.0, 0.75, -0.0, -0.0, -0.0, -0.0, -0.0, -0.0, -0.0, -0.0, -0.0, -0.0, -0.0, -0.0, -0.0, -0.0, -0.0, -0.0, -0.0, -0.0, 1.0, -0.0, -0.0, -0.0, -0.0, -0.0, -0.0, -0.0, -0.0, -0.0, -0.0]
			Active cut size: 0
W = 100 
H = 100
normalXList.size = 17
normalYList.size = 66
xList.size = 13
yList.size = 37
squareList.size = 24
myConsList.size = 0
当前上界 = 4.75
当前上界 = 4.5
当前上界 = 4.25
当前上界 = 4.0
最优解：4.0
solutionList.size() = 6
pattern.getKey() = 15@24@45@47@70@89@
用时：0.125 s
--------------------------------------- Price Problem End --------------------------------------------------------
		28 Add column : 1 col:43 	8.079
			Start solve  LP :8.079
			End solve LP obj: 16.0 t: 0
com.wlj.solver.BBSolver:
--------------------------------------- Price Problem Start --------------------------------------------------------
dualPrice.size = 100 , dualPrice = [1.0, 1.0, 1.0, 1.0, 1.0, 1.0, 1.0, 1.0, -0.0, 1.0, -0.0, -0.0, -0.0, 0.0, 0.5, 0.7272727272727273, -0.0, -0.0, -0.0, -0.0, 0.5, 0.2575757575757576, 0.2727272727272727, 0.06060606060606061, -0.0, 0.19696969696969702, 0.5303030303030303, 0.7424242424242424, -0.0, -0.0, -0.0, 0.3484848484848485, -0.0, 0.15151515151515155, -0.0, -0.0, -0.0, -0.0, -0.0, -0.0, 0.2727272727272727, -0.0, -0.0, 0.19696969696969696, -0.0, -0.0, -0.0, -0.0, -0.0, -0.0, -0.0, -0.0, -0.0, -0.0, -0.0, -0.0, -0.0, -0.0, -0.0, 0.5, -0.0, -0.0, 0.1515151515151515, -0.0, -0.0, -0.0, -0.0, -0.0, -0.0, -0.0, 0.2727272727272727, -0.0, -0.0, -0.0, -0.0, -0.0, -0.0, -0.0, -0.0, -0.0, 1.0, -0.0, -0.0, -0.0, -0.0, -0.0, -0.0, -0.0, -0.0, -0.0, -0.0, -0.0, -0.0, -0.0, -0.0, -0.0, -0.0, 0.31818181818181823, -0.0, -0.0]
			Active cut size: 0
W = 100 
H = 100
normalXList.size = 39
normalYList.size = 83
xList.size = 23
yList.size = 65
squareList.size = 27
myConsList.size = 0
当前上界 = 4.636363636363636
当前上界 = 4.393939393939394
当前上界 = 4.151515151515151
最优解：4.242424242424242
solutionList.size() = 1
pattern.getKey() = 15@26@27@59@62@70@80@97@
用时：6.859 s
--------------------------------------- Price Problem End --------------------------------------------------------
		29 Add column : 1 col:44 	14.938
			Start solve  LP :14.938
			End solve LP obj: 16.0 t: 0
com.wlj.solver.BBSolver:
--------------------------------------- Price Problem Start --------------------------------------------------------
dualPrice.size = 100 , dualPrice = [1.0, 1.0, 1.0, 1.0, 1.0, 1.0, 1.0, 1.0, -0.0, 0.7049180327868853, -0.0, -0.0, -0.0, 0.29508196721311475, 0.47540983606557385, -0.0, -0.0, -0.0, -0.0, -0.0, 0.40983606557377056, 0.21311475409836075, 0.40983606557377045, 0.2950819672131148, -0.0, 0.4262295081967215, -0.0, 0.2622950819672131, -0.0, 0.29508196721311475, 0.22950819672131134, 0.06557377049180335, -0.0, 0.16393442622950805, -0.0, -0.0, 0.11475409836065559, 0.5245901639344261, -0.0, -0.0, 1.0, 0.2295081967213114, -0.0, 0.2950819672131148, -0.0, -0.0, -0.0, 0.18032786885245905, -0.0, -0.0, -0.0, -0.0, -0.0, -0.0, -0.0, -0.0, -0.0, -0.0, -0.0, -0.0, -0.0, -0.0, -0.0, -0.0, 0.3606557377049182, -0.0, -0.0, -0.0, -0.0, -0.0, -0.0, -0.0, -0.0, -0.0, 0.0491803278688524, -0.0, -0.0, -0.0, -0.0, -0.0, 0.7377049180327869, -0.0, -0.0, -0.0, -0.0, -0.0, -0.0, -0.0, -0.0, -0.0, -0.0, -0.0, -0.0, -0.0, -0.0, 0.2622950819672131, -0.0, -0.0, -0.0, -0.0]
			Active cut size: 0
W = 100 
H = 100
normalXList.size = 58
normalYList.size = 80
xList.size = 35
yList.size = 61
squareList.size = 31
myConsList.size = 0
当前上界 = 4.409836065573772
当前上界 = 4.1825136612021865
当前上界 = 3.955191256830602
最优解：4.131147540983607
solutionList.size() = 2
pattern.getKey() = 25@29@37@40@41@43@64@80@95@
用时：15.328 s
--------------------------------------- Price Problem End --------------------------------------------------------
		30 Add column : 1 col:45 	30.266
			Start solve  LP :30.266
			End solve LP obj: 16.0 t: 0
com.wlj.solver.BBSolver:
--------------------------------------- Price Problem Start --------------------------------------------------------
dualPrice.size = 100 , dualPrice = [1.0, 1.0, 1.0, 1.0, 1.0, 1.0, 1.0, 1.0, -0.0, 1.0, -0.0, 0.5, -0.0, -0.0, 0.5, -0.0, -0.0, -0.0, -0.0, 0.5, -0.0, 0.5, 0.5, 0.25, -0.0, -0.0, -0.0, 0.5, -0.0, -0.0, -0.0, 0.25, -0.0, 0.25, -0.0, -0.0, 0.5, -0.0, -0.0, -0.0, 0.5, -0.0, -0.0, -0.0, -0.0, -0.0, -0.0, 0.25, -0.0, -0.0, -0.0, -0.0, -0.0, -0.0, -0.0, -0.0, -0.0, -0.0, -0.0, -0.0, -0.0, -0.0, -0.0, -0.0, -0.0, -0.0, -0.0, -0.0, -0.0, -0.0, -0.0, -0.0, 0.5, -0.0, 1.0, -0.0, -0.0, -0.0, -0.0, -0.0, 0.5, -0.0, -0.0, -0.0, -0.0, -0.0, -0.0, -0.0, -0.0, -0.0, -0.0, -0.0, -0.0, -0.0, -0.0, -0.0, -0.0, -0.0, -0.0, -0.0]
			Active cut size: 0
W = 100 
H = 100
normalXList.size = 55
normalYList.size = 57
xList.size = 31
yList.size = 35
squareList.size = 24
myConsList.size = 0
当前上界 = 4.5
当前上界 = 4.266666666666667
当前上界 = 4.033333333333333
最优解：4.25
solutionList.size() = 4
pattern.getKey() = 22@27@36@40@47@72@74@80@
用时：0.594 s
--------------------------------------- Price Problem End --------------------------------------------------------
		31 Add column : 1 col:46 	30.86
			Start solve  LP :30.86
			End solve LP obj: 16.0 t: 0
com.wlj.solver.BBSolver:
--------------------------------------- Price Problem Start --------------------------------------------------------
dualPrice.size = 100 , dualPrice = [1.0, 1.0, 1.0, 1.0, 1.0, 1.0, 1.0, 1.0, -0.0, 0.6799999999999999, -0.0, 0.27999999999999997, -0.0, 0.32, -0.0, 0.72, 0.44000000000000006, -0.0, -0.0, 0.5199999999999998, -0.0, 0.36000000000000004, -0.0, 0.44, 0.04000000000000015, -0.0, -0.0, -0.0, 0.11999999999999988, 0.20000000000000012, -0.0, 0.28, -0.0, -0.0, 0.4399999999999998, -0.0, -0.0, 0.04000000000000048, -0.0, 1.0, -0.0, -0.0, -0.0, 0.36000000000000004, -0.0, -0.0, -0.0, 0.07999999999999952, -0.0, -0.0, -0.0, -0.0, -0.0, 0.4800000000000002, -0.0, -0.0, -0.0, -0.0, -0.0, -0.0, -0.0, -0.0, -0.0, -0.0, -0.0, -0.0, -0.0, -0.0, -0.0, -0.0, -0.0, -0.0, 0.1200000000000006, -0.0, 0.7999999999999998, -0.0, -0.0, -0.0, -0.0, -0.0, -0.0, -0.0, -0.0, -0.0, -0.0, -0.0, -0.0, -0.0, -0.0, -0.0, -0.0, -0.0, -0.0, -0.0, -0.0, -0.0, -0.0, 0.27999999999999997, -0.0, -0.0]
			Active cut size: 0
W = 100 
H = 100
normalXList.size = 61
normalYList.size = 77
xList.size = 41
yList.size = 53
squareList.size = 29
myConsList.size = 0
当前上界 = 4.6400000000000015
当前上界 = 4.397333333333335
当前上界 = 4.154666666666668
最优解：4.279999999999999
solutionList.size() = 1
pattern.getKey() = 15@34@39@43@47@53@72@74@97@
用时：5.984 s
--------------------------------------- Price Problem End --------------------------------------------------------
		32 Add column : 1 col:47 	36.844
			Start solve  LP :36.844
			End solve LP obj: 16.0 t: 0
com.wlj.solver.BBSolver:
--------------------------------------- Price Problem Start --------------------------------------------------------
dualPrice.size = 100 , dualPrice = [1.0, 1.0, 1.0, 1.0, 1.0, 1.0, 1.0, 1.0, -0.0, 0.5, -0.0, 1.0, -0.0, 0.5, -0.0, -0.0, 0.0, -0.0, -0.0, 0.5, 0.5, 0.5, -0.0, 0.5, 0.5, -0.0, -0.0, 0.5, 0.0, 0.5, -0.0, 0.5, -0.0, 0.0, -0.0, -0.0, -0.0, 0.0, -0.0, 0.5, -0.0, -0.0, -0.0, -0.0, -0.0, -0.0, -0.0, -0.0, -0.0, -0.0, -0.0, -0.0, -0.0, -0.0, -0.0, -0.0, -0.0, -0.0, -0.0, -0.0, -0.0, -0.0, 0.0, -0.0, -0.0, -0.0, -0.0, -0.0, -0.0, -0.0, -0.0, -0.0, 0.0, -0.0, 0.5, -0.0, -0.0, -0.0, -0.0, -0.0, -0.0, -0.0, -0.0, -0.0, -0.0, -0.0, -0.0, -0.0, -0.0, -0.0, -0.0, -0.0, -0.0, 1.0, -0.0, -0.0, -0.0, -0.0, -0.0, -0.0]
			Active cut size: 0
W = 100 
H = 100
normalXList.size = 57
normalYList.size = 40
xList.size = 31
yList.size = 23
squareList.size = 22
myConsList.size = 0
当前上界 = 4.5
当前上界 = 4.266666666666667
当前上界 = 4.033333333333333
当前上界 = 3.8
最优解：4.0
solutionList.size() = 2
pattern.getKey() = 11@29@31@39@74@93@
用时：0.078 s
--------------------------------------- Price Problem End --------------------------------------------------------
		33 Add column : 1 col:48 	36.922
			Start solve  LP :36.922
			End solve LP obj: 16.0 t: 0
com.wlj.solver.BBSolver:
--------------------------------------- Price Problem Start --------------------------------------------------------
dualPrice.size = 100 , dualPrice = [1.0, 1.0, 1.0, 1.0, 1.0, 1.0, 1.0, 1.0, -0.0, 1.0, -0.0, 0.6666666666666666, -0.0, -0.0, -0.0, 0.33333333333333337, -0.0, -0.0, -0.0, 0.33333333333333337, 1.1102230246251565E-16, 0.33333333333333337, -0.0, 0.6666666666666666, 0.6666666666666666, -0.0, -0.0, 0.33333333333333337, 0.0, -0.0, -0.0, 0.33333333333333326, 1.1102230246251565E-16, -0.0, -0.0, -0.0, -0.0, 0.33333333333333326, -0.0, -0.0, -0.0, -0.0, -0.0, -0.0, -0.0, -0.0, -0.0, -0.0, -0.0, -0.0, -0.0, -0.0, -0.0, -0.0, -0.0, -0.0, -0.0, -0.0, -0.0, -0.0, -0.0, -0.0, 0.33333333333333337, -0.0, -0.0, -0.0, -0.0, -0.0, -0.0, 0.9999999999999999, -0.0, -0.0, 0.6666666666666666, -0.0, -0.0, 1.0, -0.0, -0.0, -0.0, -0.0, -0.0, -0.0, -0.0, -0.0, -0.0, -0.0, -0.0, -0.0, -0.0, -0.0, -0.0, -0.0, -0.0, 0.0, -0.0, -0.0, -0.0, -0.0, -0.0, -0.0]
			Active cut size: 0
W = 100 
H = 100
normalXList.size = 46
normalYList.size = 53
xList.size = 23
yList.size = 35
squareList.size = 22
myConsList.size = 0
当前上界 = 5.333333333333333
当前上界 = 5.044444444444444
当前上界 = 4.7555555555555555
最优解：5.0
solutionList.size() = 1
pattern.getKey() = 23@24@31@37@62@69@72@75@
用时：0.157 s
--------------------------------------- Price Problem End --------------------------------------------------------
		34 Add column : 1 col:49 	37.079
			Start solve  LP :37.079
			End solve LP obj: 16.0 t: 0
com.wlj.solver.BBSolver:
--------------------------------------- Price Problem Start --------------------------------------------------------
dualPrice.size = 100 , dualPrice = [1.0, 1.0, 1.0, 1.0, 1.0, 1.0, 1.0, 1.0, -0.0, 0.6666666666666666, -0.0, 0.0, -0.0, -0.0, 0.6666666666666666, 1.0, 0.6666666666666666, -0.0, -0.0, 0.33333333333333337, 0.33333333333333337, 0.6666666666666666, 0.33333333333333337, -0.0, -0.0, -0.0, -0.0, 0.0, 0.33333333333333337, -0.0, -0.0, -0.0, 0.33333333333333337, -0.0, -0.0, -0.0, -0.0, -0.0, -0.0, -0.0, -0.0, 0.33333333333333337, -0.0, -0.0, 0.33333333333333337, -0.0, -0.0, -0.0, -0.0, -0.0, -0.0, -0.0, -0.0, -0.0, -0.0, -0.0, -0.0, -0.0, -0.0, -0.0, -0.0, -0.0, -0.0, -0.0, -0.0, -0.0, -0.0, -0.0, -0.0, 0.0, -0.0, -0.0, -0.0, -0.0, -0.0, 1.0, -0.0, -0.0, -0.0, -0.0, -0.0, -0.0, -0.0, -0.0, -0.0, -0.0, -0.0, -0.0, -0.0, -0.0, -0.0, -0.0, -0.0, 1.0, -0.0, -0.0, -0.0, -0.0, -0.0, -0.0]
			Active cut size: 0
W = 100 
H = 100
normalXList.size = 55
normalYList.size = 38
xList.size = 32
yList.size = 19
squareList.size = 22
myConsList.size = 0
当前上界 = 4.666666666666667
当前上界 = 4.4222222222222225
当前上界 = 4.177777777777778
当前上界 = 3.9333333333333336
最优解：4.0
solutionList.size() = 26
pattern.getKey() = 5@15@75@93@
用时：0.125 s
--------------------------------------- Price Problem End --------------------------------------------------------
		35 Add column : 1 col:50 	37.204
			Start solve  LP :37.204
			End solve LP obj: 16.0 t: 0
com.wlj.solver.BBSolver:
--------------------------------------- Price Problem Start --------------------------------------------------------
dualPrice.size = 100 , dualPrice = [1.0, 1.0, 1.0, 1.0, 1.0, 0.3287671232876712, 1.0, 1.0, -0.0, 0.5616438356164384, 0.6712328767123288, 0.7123287671232879, -0.0, -0.0, 0.13698630136986312, 0.28767123287671215, 0.2191780821917808, -0.0, -0.0, 0.3287671232876712, 0.24657534246575352, 0.46575342465753433, 0.31506849315068486, -0.0, -0.0, -0.0, 0.06849315068493134, 0.09589041095890405, 0.4383561643835616, -0.0, -0.0, -0.0, 0.5616438356164384, 0.46575342465753433, -0.0, -0.0, -0.0, -0.0, -0.0, -0.0, -0.0, 0.12328767123287676, -0.0, 0.5342465753424657, 0.4383561643835616, -0.0, -0.0, -0.0, -0.0, -0.0, 0.1095890410958904, -0.0, -0.0, -0.0, -0.0, -0.0, -0.0, -0.0, -0.0, -0.0, -0.0, -0.0, -0.0, -0.0, -0.0, -0.0, -0.0, -0.0, -0.0, 0.6164383561643834, 0.547945205479452, -0.0, -0.0, -0.0, -0.0, 0.38356164383561664, -0.0, -0.0, -0.0, -0.0, -0.0, -0.0, -0.0, -0.0, -0.0, -0.0, -0.0, -0.0, -0.0, -0.0, -0.0, -0.0, -0.0, -0.0, -0.0, 0.34246575342465757, -0.0, -0.0, -0.0, -0.0]
			Active cut size: 0
W = 100 
H = 100
normalXList.size = 58
normalYList.size = 77
xList.size = 35
yList.size = 55
squareList.size = 31
myConsList.size = 0
当前上界 = 4.602739726027397
当前上界 = 4.362557077625571
当前上界 = 4.122374429223744
最优解：4.356164383561644
solutionList.size() = 1
pattern.getKey() = 21@32@33@43@44@69@70@75@95@
用时：6.231 s
--------------------------------------- Price Problem End --------------------------------------------------------
		36 Add column : 1 col:51 	43.435
			Start solve  LP :43.435
			End solve LP obj: 16.0 t: 1
com.wlj.solver.BBSolver:
--------------------------------------- Price Problem Start --------------------------------------------------------
dualPrice.size = 100 , dualPrice = [1.0, 1.0, 1.0, 1.0, 1.0, -0.0, 1.0, 1.0, -0.0, 1.0, 1.0, 0.38983050847457623, -0.0, -0.0, 0.5254237288135593, 0.38983050847457623, -0.0, -0.0, -0.0, 0.2542372881355932, 0.18644067796610164, 0.4406779661016949, 0.2711864406779661, -0.0, 0.20338983050847456, -0.0, -0.0, 0.5084745762711864, -0.0, -0.0, -0.0, -0.0, 0.27118644067796616, -0.0, 0.288135593220339, -0.0, -0.0, -0.0, -0.0, -0.0, 0.22033898305084754, 0.4576271186440678, -0.0, -0.0, 0.0, -0.0, -0.0, -0.0, -0.0, -0.0, 0.5423728813559322, -0.0, -0.0, -0.0, -0.0, 0.05084745762711873, -0.0, -0.0, -0.0, -0.0, -0.0, -0.0, 0.10169491525423728, -0.0, -0.0, -0.0, -0.0, -0.0, -0.0, 0.2881355932203391, -0.0, -0.0, -0.0, -0.0, -0.0, -0.0, -0.0, -0.0, -0.0, -0.0, -0.0, 1.0, -0.0, -0.0, -0.0, -0.0, -0.0, -0.0, -0.0, -0.0, -0.0, -0.0, -0.0, 0.6101694915254238, -0.0, -0.0, -0.0, -0.0, -0.0, -0.0]
			Active cut size: 0
W = 100 
H = 100
normalXList.size = 72
normalYList.size = 61
xList.size = 53
yList.size = 47
squareList.size = 28
myConsList.size = 0
当前上界 = 4.728813559322034
当前上界 = 4.480225988700565
当前上界 = 4.231638418079096
最优解：4.40677966101695
solutionList.size() = 1
pattern.getKey() = 10@27@41@50@69@81@93@
用时：9.102 s
--------------------------------------- Price Problem End --------------------------------------------------------
		37 Add column : 1 col:52 	52.538
			Start solve  LP :52.538
			End solve LP obj: 16.0 t: 0
com.wlj.solver.BBSolver:
--------------------------------------- Price Problem Start --------------------------------------------------------
dualPrice.size = 100 , dualPrice = [1.0, 1.0, 1.0, 1.0, 1.0, 1.0, 1.0, 1.0, -0.0, 1.0, -0.0, 0.4, -0.0, -0.0, 0.40000000000000013, 0.0, -0.0, -0.0, -0.0, 0.4, 0.6, 0.0, 0.4, -0.0, 0.4, -0.0, 0.20000000000000007, -0.0, -0.0, -0.0, -0.0, -0.0, 0.19999999999999996, -0.0, 0.6, -0.0, -0.0, -0.0, -0.0, -0.0, 0.6, -0.0, -0.0, -0.0, 0.0, -0.0, -0.0, -0.0, -0.0, -0.0, 0.19999999999999998, -0.0, -0.0, -0.0, -0.0, 1.0, -0.0, -0.0, -0.0, -0.0, -0.0, -0.0, 0.4, -0.0, -0.0, -0.0, -0.0, -0.0, -0.0, -1.1102230246251565E-16, -0.0, -0.0, -0.0, -0.0, -0.0, -0.0, -0.0, -0.0, -0.0, -0.0, -0.0, 0.7999999999999999, -0.0, -0.0, -0.0, -0.0, -0.0, -0.0, -0.0, 0.4, -0.0, -0.0, -0.0, -0.0, -0.0, -0.0, -0.0, -0.0, -0.0, -0.0]
			Active cut size: 0
W = 100 
H = 100
normalXList.size = 49
normalYList.size = 73
xList.size = 20
yList.size = 51
squareList.size = 24
myConsList.size = 0
当前上界 = 5.000000000000001
当前上界 = 4.733333333333334
最优解：4.8
solutionList.size() = 2
pattern.getKey() = 5@34@40@55@62@81@89@
用时：0.704 s
--------------------------------------- Price Problem End --------------------------------------------------------
		38 Add column : 1 col:53 	53.242
			Start solve  LP :53.242
			End solve LP obj: 16.0 t: 0
com.wlj.solver.BBSolver:
--------------------------------------- Price Problem Start --------------------------------------------------------
dualPrice.size = 100 , dualPrice = [1.0, 1.0, 1.0, 1.0, 1.0, -0.0, 1.0, 1.0, -0.0, 0.9166666666666666, -0.0, 0.24999999999999986, -0.0, -0.0, 0.5833333333333333, 0.6666666666666666, -0.0, -0.0, -0.0, 0.41666666666666674, -0.0, 0.24999999999999992, 0.6666666666666667, 0.08333333333333326, 0.16666666666666663, -0.0, 0.33333333333333337, -0.0, -0.0, 0.0833333333333334, -0.0, -0.0, 0.25000000000000006, 0.3333333333333333, -0.0, -0.0, -0.0, -0.0, -0.0, 0.33333333333333337, -0.0, -0.0, -0.0, -0.0, 0.0833333333333334, -0.0, -0.0, -0.0, -0.0, 1.0, 0.41666666666666663, -0.0, -0.0, -0.0, -0.0, 0.7500000000000001, -0.0, -0.0, 0.08333333333333348, -0.0, -0.0, -0.0, -0.0, -0.0, 0.33333333333333337, -0.0, -0.0, -0.0, 0.41666666666666674, 0.08333333333333331, -0.0, -0.0, -0.0, -0.0, -0.0, -0.0, -0.0, -0.0, -0.0, -0.0, -0.0, 0.16666666666666657, -0.0, -0.0, -0.0, -0.0, -0.0, -0.0, -0.0, -0.0, -0.0, -0.0, -0.0, 0.33333333333333337, -0.0, -0.0, -0.0, -0.0, -0.0, -0.0]
			Active cut size: 0
W = 100 
H = 100
normalXList.size = 77
normalYList.size = 61
xList.size = 63
yList.size = 45
squareList.size = 31
myConsList.size = 0
当前上界 = 5.083333333333333
当前上界 = 4.811111111111111
当前上界 = 4.538888888888889
最优解：4.75
solutionList.size() = 5
pattern.getKey() = 6@39@49@50@55@64@68@81@93@
pattern.getKey() = 22@32@39@49@50@55@64@68@69@81@93@
用时：76.547 s
--------------------------------------- Price Problem End --------------------------------------------------------
		39 Add column : 1 col:54 	129.789
			Start solve  LP :129.789
			End solve LP obj: 16.0 t: 0
com.wlj.solver.BBSolver:
--------------------------------------- Price Problem Start --------------------------------------------------------
dualPrice.size = 100 , dualPrice = [1.0, 1.0, 1.0, 1.0, 1.0, 0.8333333333333334, 1.0, 1.0, -0.0, 0.6666666666666667, -0.0, -0.0, -0.0, -0.0, 0.6666666666666667, -0.0, 0.6666666666666667, -0.0, -0.0, 0.3333333333333333, -0.0, 0.5000000000000001, -0.0, 0.16666666666666663, -0.0, -0.0, 0.3333333333333333, 0.5, -1.1102230246251565E-16, 0.3333333333333333, -0.0, -0.0, -0.0, -0.0, 0.16666666666666663, -0.0, -0.0, -0.0, -0.0, 0.3333333333333333, -0.0, 0.16666666666666669, -0.0, -0.0, 0.3333333333333332, -0.0, 0.6666666666666667, -0.0, -0.0, 0.16666666666666663, -0.0, -0.0, -0.0, -0.0, -0.0, -0.0, -0.0, -0.0, 1.0, -0.0, -0.0, -0.0, -0.0, -0.0, 0.33333333333333337, -0.0, -0.0, -0.0, 0.16666666666666669, -0.0, 0.16666666666666669, -0.0, 0.5, -0.0, -0.0, -0.0, -0.0, -0.0, -0.0, -0.0, -0.0, -0.0, -0.0, -0.0, -0.0, -0.0, -0.0, -0.0, -0.0, -0.0, -0.0, -0.0, -0.0, -0.0, -0.0, -0.0, -0.0, -0.0, -0.0, -0.0]
			Active cut size: 0
W = 100 
H = 100
normalXList.size = 53
normalYList.size = 63
xList.size = 39
yList.size = 47
squareList.size = 28
myConsList.size = 0
当前上界 = 4.500000000000001
当前上界 = 4.2666666666666675
最优解：4.333333333333333
solutionList.size() = 1
pattern.getKey() = 27@29@39@44@46@58@64@68@70@72@
用时：4.219 s
--------------------------------------- Price Problem End --------------------------------------------------------
		40 Add column : 1 col:55 	134.008
			Start solve  LP :134.008
			End solve LP obj: 16.0 t: 0
com.wlj.solver.BBSolver:
--------------------------------------- Price Problem Start --------------------------------------------------------
dualPrice.size = 100 , dualPrice = [1.0, 1.0, 1.0, 1.0, 1.0, 0.5, 1.0, 1.0, -0.0, 0.75, -0.0, -0.0, -0.0, 0.25, 0.5, -0.0, 0.25, -0.0, -0.0, -0.0, 0.25, 0.0, -0.0, 0.5, 0.5, 0.25, 0.5, -0.0, -0.0, -0.0, 0.25, -0.0, -0.0, -0.0, 0.25, -0.0, -0.0, -0.0, -0.0, -0.0, -0.0, 0.5, -0.0, 0.25, -0.0, -0.0, 0.0, -0.0, 0.25, 0.5, -0.0, -0.0, -0.0, -0.0, -0.0, -0.0, -0.0, -0.0, 1.0, -0.0, -0.0, -0.0, -0.0, -0.0, -0.0, -0.0, -0.0, 1.0, -0.0, -0.0, -0.0, -0.0, -0.0, -0.0, -0.0, -0.0, -0.0, -0.0, -0.0, -0.0, -0.0, -0.0, -0.0, -0.0, -0.0, -0.0, -0.0, -0.0, -0.0, -0.0, -0.0, -0.0, -0.0, 0.5, -0.0, -0.0, -0.0, -0.0, 0.25, -0.0]
			Active cut size: 0
W = 100 
H = 100
normalXList.size = 73
normalYList.size = 74
xList.size = 53
yList.size = 51
squareList.size = 27
myConsList.size = 0
当前上界 = 5.5
当前上界 = 5.2
最优解：5.25
solutionList.size() = 2
pattern.getKey() = 23@26@41@43@48@49@58@67@93@98@
用时：9.203 s
--------------------------------------- Price Problem End --------------------------------------------------------
		41 Add column : 1 col:56 	143.211
			Start solve  LP :143.211
			End solve LP obj: 16.0 t: 0
com.wlj.solver.BBSolver:
--------------------------------------- Price Problem Start --------------------------------------------------------
dualPrice.size = 100 , dualPrice = [1.0, 1.0, 1.0, 1.0, 1.0, 0.5, 1.0, 1.0, -0.0, 0.8333333333333333, -0.0, 0.16666666666666669, -0.0, 0.16666666666666674, 0.6666666666666667, 0.5, 0.6666666666666667, -0.0, -0.0, -0.0, -0.0, 0.6666666666666667, -0.0, -0.0, 0.3333333333333333, 0.33333333333333326, 0.16666666666666652, -0.0, -0.0, -0.0, 0.3333333333333333, -0.0, -0.0, -0.0, -0.0, -0.0, 0.3333333333333333, -0.0, -0.0, -0.0, 0.1666666666666664, -0.0, -0.0, -0.0, -0.0, 0.16666666666666669, -0.0, -0.0, -0.0, 0.5, -0.0, -0.0, -0.0, -0.0, -0.0, -0.0, -0.0, -0.0, -0.0, -0.0, -0.0, -0.0, -0.0, -0.0, 0.33333333333333337, 0.1666666666666669, -0.0, 0.33333333333333326, 0.16666666666666666, -0.0, -0.0, -0.0, 0.5, -0.0, 2.7755575615628914E-16, -0.0, -0.0, -0.0, -0.0, -0.0, -0.0, -0.0, -0.0, -0.0, -0.0, -0.0, -0.0, -0.0, -0.0, -0.0, -0.0, -0.0, 1.0, 0.0, -0.0, -0.0, -0.0, -0.0, -0.0, -0.0]
			Active cut size: 0
W = 100 
H = 100
normalXList.size = 70
normalYList.size = 69
xList.size = 43
yList.size = 57
squareList.size = 29
myConsList.size = 0
当前上界 = 4.666666666666667
当前上界 = 4.4222222222222225
当前上界 = 4.177777777777778
最优解：4.333333333333334
solutionList.size() = 2
pattern.getKey() = 14@21@49@64@65@67@68@72@92@
用时：12.305 s
--------------------------------------- Price Problem End --------------------------------------------------------
		42 Add column : 1 col:57 	155.516
			Start solve  LP :155.516
			End solve LP obj: 16.0 t: 1
com.wlj.solver.BBSolver:
--------------------------------------- Price Problem Start --------------------------------------------------------
dualPrice.size = 100 , dualPrice = [1.0, 1.0, 1.0, 1.0, 1.0, 0.34090909090909094, 1.0, 1.0, -0.0, 0.2499999999999999, 0.6590909090909091, 0.24999999999999994, -0.0, 0.7500000000000001, 0.0, -0.0, 0.20454545454545459, -0.0, -0.0, 0.5227272727272727, 0.7045454545454546, -0.0, -0.0, -0.0, 0.27272727272727265, 0.18181818181818193, 0.47727272727272724, 0.2272727272727274, 0.2499999999999999, -0.0, -0.0, -0.0, -0.0, -0.0, -0.0, -0.0, -0.0, 0.29545454545454547, -0.0, 0.2954545454545454, 0.4318181818181818, -0.0, -0.0, 0.09090909090909088, -0.0, 0.5000000000000002, -0.0, -0.0, -0.0, -0.0, -0.0, -0.0, -0.0, -0.0, -0.0, 0.22727272727272724, -0.0, -0.0, 0.3181818181818182, 0.2954545454545453, -0.0, -0.0, -0.0, -0.0, -0.0, -0.0, -0.0, -0.0, -0.0, -0.0, -0.0, -0.0, -0.0, -0.0, 0.3409090909090909, -0.0, -0.0, -0.0, -0.0, -0.0, -0.0, -0.0, -0.0, -0.0, -0.0, -0.0, -0.0, -0.0, -0.0, -0.0, -0.0, -0.0, 1.0, 0.1136363636363637, -0.0, -0.0, -0.0, -0.0, -0.0, -0.0]
			Active cut size: 0
W = 100 
H = 100
normalXList.size = 82
normalYList.size = 61
xList.size = 67
yList.size = 45
squareList.size = 31
myConsList.size = 0
当前上界 = 4.704545454545455
当前上界 = 4.457575757575758
最优解：4.477272727272727
solutionList.size() = 1
pattern.getKey() = 20@26@37@40@45@58@59@74@92@93@
用时：10.837 s
--------------------------------------- Price Problem End --------------------------------------------------------
		43 Add column : 1 col:58 	166.354
			Start solve  LP :166.354
			End solve LP obj: 16.0 t: 0
com.wlj.solver.BBSolver:
--------------------------------------- Price Problem Start --------------------------------------------------------
dualPrice.size = 100 , dualPrice = [1.0, 1.0, 1.0, 1.0, 1.0, 0.044871794871794934, 1.0, 1.0, -0.0, 0.5705128205128205, 0.9551282051282051, 0.3782051282051282, -0.0, 0.42948717948717946, 0.6410256410256411, -0.0, 0.5, -0.0, -0.0, 0.3589743589743589, 0.012820512820512664, 0.3589743589743589, 0.35256410256410264, -0.0, 0.14102564102564102, 0.14743589743589736, -0.0, 0.044871794871794934, 0.28205128205128205, -0.0, -0.0, 0.28846153846153855, -0.0, -0.0, 0.2820512820512821, -0.0, 0.012820512820512997, -0.0, -0.0, 0.33333333333333326, -0.0, -0.0, -0.0, -0.0, -0.0, 0.1474358974358974, -0.0, 0.3525641025641026, -0.0, -0.0, -0.0, -0.0, -0.0, -0.0, -0.0, 0.3141025641025641, -0.0, -0.0, 0.6217948717948718, 0.2179487179487179, -0.0, -0.0, -0.0, -0.0, -0.0, -0.0, -0.0, -0.0, -0.0, -0.0, -0.0, -0.0, -0.0, -0.0, -0.0, -0.0, -0.0, -0.0, -0.0, -0.0, -0.0, -0.0, -0.0, -0.0, -0.0, -0.0, -0.0, -0.0, -0.0, 0.3589743589743588, 0.8525641025641026, -0.0, -0.0, -0.0, -0.0, -0.0, -0.0, -0.0, -0.0, -0.0]
			Active cut size: 0
W = 100 
H = 100
normalXList.size = 60
normalYList.size = 74
xList.size = 43
yList.size = 53
squareList.size = 33
myConsList.size = 0
当前上界 = 4.333333333333333
当前上界 = 4.111111111111111
最优解：4.153846153846154
solutionList.size() = 1
pattern.getKey() = 10@39@45@47@55@58@59@89@90@
用时：5.062 s
--------------------------------------- Price Problem End --------------------------------------------------------
		44 Add column : 1 col:59 	171.416
			Start solve  LP :171.416
			End solve LP obj: 16.0 t: 0
com.wlj.solver.BBSolver:
--------------------------------------- Price Problem Start --------------------------------------------------------
dualPrice.size = 100 , dualPrice = [1.0, 1.0, 1.0, 1.0, 1.0, 0.8521739130434782, 1.0, 1.0, -0.0, 0.5021739130434782, 0.14782608695652177, 0.7804347826086957, -0.0, 0.49782608695652175, 0.2652173913043477, 0.07391304347826094, 0.21956521739130436, -0.0, -0.0, 0.2934782608695651, 0.33913043478260874, 0.3978260869565218, 0.1630434782608695, 0.2826086956521739, 0.37608695652173924, 0.15652173913043474, -0.0, 0.10434782608695649, 0.49782608695652175, -0.0, -0.0, 0.004347826086956469, -0.0, -0.0, 0.14782608695652177, -0.0, 0.3956521739130435, -0.0, -0.0, -0.0, -0.0, -0.0, -0.0, 0.4413043478260869, -0.0, -0.0, 0.5500000000000002, -0.0, -0.0, -0.0, 0.11086956521739111, -0.0, -0.0, -0.0, -0.0, -0.0, -0.0, -0.0, 0.008695652173912966, -0.0, -0.0, -0.0, -0.0, -0.0, -0.0, -0.0, -0.0, -0.0, -0.0, -0.0, -0.0, -0.0, 0.33695652173913043, -0.0, -0.0, -0.0, 0.13695652173913042, -0.0, -0.0, -0.0, -0.0, -0.0, -0.0, -0.0, -0.0, -0.0, -0.0, -0.0, -0.0, -0.0, 0.8434782608695652, -0.0, -0.0, 0.07391304347826083, -0.0, -0.0, -0.0, -0.0, -0.0, -0.0]
			Active cut size: 0
W = 100 
H = 100
normalXList.size = 78
normalYList.size = 62
xList.size = 65
yList.size = 45
squareList.size = 35
myConsList.size = 0
当前上界 = 4.13913043478261
当前上界 = 3.929855072463769
当前上界 = 3.7205797101449285
最优解：3.7717391304347823
solutionList.size() = 1
pattern.getKey() = 11@28@43@46@50@72@76@90@93@
用时：41.045 s
--------------------------------------- Price Problem End --------------------------------------------------------
		45 Add column : 1 col:60 	212.462
			Start solve  LP :212.462
			End solve LP obj: 16.0 t: 0
com.wlj.solver.BBSolver:
--------------------------------------- Price Problem Start --------------------------------------------------------
dualPrice.size = 100 , dualPrice = [1.0, 1.0, 1.0, 1.0, 1.0, 0.23478883321402994, 1.0, 1.0, -0.0, 0.8031496062992128, 0.76521116678597, 0.20329277022190384, -0.0, 0.1968503937007872, 0.09448818897637773, 0.5619183965640662, 0.40944881889763796, -0.0, -0.0, 0.33858267716535406, -0.0, 0.4366499642090193, 0.3629205440229069, -0.0, 0.251968503937008, 0.05153901216893264, 0.3872584108804582, 0.042233357193987464, 0.1968503937007872, -0.0, 0.32927702219040805, 0.27415891195418773, -0.0, 0.1760916249105225, 0.20042949176807373, -0.0, -0.0, 0.32426628489620596, -0.0, -0.0, -0.0, 0.054402290622763416, -0.0, 0.23765211166786018, -0.0, -0.0, 0.3085182534001419, -0.0, -0.0, -0.0, -0.0, -0.0, -0.0, -0.0, -0.0, -0.0, -0.0, -0.0, 0.23478883321402994, -0.0, -0.0, -0.0, -0.0, -0.0, 0.3321403006442379, -0.0, -0.0, -0.0, 0.08231925554760317, -0.0, -0.0, 0.9055118110236222, -0.0, -0.0, -0.0, 0.14960629921259802, -0.0, -0.0, -0.0, -0.0, -0.0, -0.0, -0.0, -0.0, -0.0, -0.0, -0.0, -0.0, -0.0, -0.0, -0.0, -0.0, -0.0, 0.0536864710093059, -0.0, -0.0, -0.0, -0.0, -0.0, -0.0]
			Active cut size: 0
W = 100 
H = 100
normalXList.size = 69
normalYList.size = 72
xList.size = 47
yList.size = 61
squareList.size = 37
myConsList.size = 0
当前上界 = 3.584108804581244
当前上界 = 3.4118348842758275
当前上界 = 3.239560963970411
最优解：3.3908375089477447
solutionList.size() = 1
pattern.getKey() = 7@37@46@58@64@68@71@75@93@
用时：55.45 s
--------------------------------------- Price Problem End --------------------------------------------------------
		46 Add column : 1 col:61 	267.913
			Start solve  LP :267.913
			End solve LP obj: 16.0 t: 1
com.wlj.solver.BBSolver:
--------------------------------------- Price Problem Start --------------------------------------------------------
dualPrice.size = 100 , dualPrice = [1.0, 1.0, 1.0, 1.0, 1.0, 0.5263157894736842, 1.0, -0.0, -0.0, 0.8210526315789475, 0.4736842105263158, 0.5368421052631578, -0.0, 0.17894736842105252, 0.2736842105263157, 0.44210526315789467, 0.2736842105263158, -0.0, 1.0, 0.34736842105263144, -0.0, -0.0, 0.3052631578947368, -0.0, 0.3789473684210527, 0.15789473684210514, 0.18947368421052635, -0.0, -0.0, -0.0, -0.0, 0.46315789473684216, -0.0, 0.26315789473684215, 0.17894736842105263, -0.0, -0.0, -0.0, -0.0, -0.0, -0.0, 0.231578947368421, -0.0, 0.37894736842105264, -0.0, 0.17894736842105252, -0.0, -0.0, -0.0, -0.0, -0.0, -0.0, -0.0, -0.0, -0.0, -0.0, -0.0, -0.0, -0.0, -0.0, -0.0, -0.0, -0.0, -0.0, -0.0, 0.021052631578947545, -0.0, -0.0, 0.24210526315789455, -0.0, -0.0, 0.7263157894736842, -0.0, -0.0, -0.0, 0.03157894736842115, -0.0, -0.0, -0.0, 1.0, -0.0, 0.2947368421052632, -0.0, -0.0, -0.0, -0.0, -0.0, -0.0, -0.0, -0.0, 0.08421052631578951, -0.0, -0.0, -0.0, -0.0, -0.0, -0.0, -0.0, -0.0, -0.0]
			Active cut size: 0
W = 100 
H = 100
normalXList.size = 67
normalYList.size = 76
xList.size = 51
yList.size = 69
squareList.size = 33
myConsList.size = 0
当前上界 = 4.8
当前上界 = 4.546666666666667
当前上界 = 4.293333333333334
最优解：4.473684210526316
solutionList.size() = 1
pattern.getKey() = 18@31@41@43@65@68@71@75@79@81@90@
用时：219.122 s
--------------------------------------- Price Problem End --------------------------------------------------------
		47 Add column : 1 col:62 	487.037
			Start solve  LP :487.037
			End solve LP obj: 16.0 t: 16
com.wlj.solver.BBSolver:
--------------------------------------- Price Problem Start --------------------------------------------------------
dualPrice.size = 100 , dualPrice = [1.0, 1.0, 1.0, 1.0, 1.0, 0.6250000000000001, 1.0, 1.0, -0.0, -0.0, 0.3749999999999999, 0.1874999999999995, -0.0, 1.0, -0.0, 0.12500000000000022, 0.24999999999999967, -0.0, 0.0, -0.0, -0.0, -0.0, -0.0, 0.4375000000000001, 0.24999999999999967, -0.0, 0.12499999999999983, -0.0, -0.0, 0.5625, 0.3125000000000002, -0.0, 0.1874999999999999, 0.43750000000000006, -0.0, -0.0, -0.0, -0.0, -0.0, -0.0, -0.0, -0.0, -0.0, -0.0, -0.0, -0.0, 0.0, 0.25000000000000017, -0.0, -0.0, 0.5000000000000007, -0.0, -0.0, -0.0, -0.0, -0.0, -0.0, -0.0, -0.0, -0.0, -0.0, -0.0, -0.0, -0.0, -0.0, -0.0, -0.0, -0.0, -0.0, -0.0, -0.0, -0.0, 0.31249999999999983, -0.0, -0.0, -0.0, -0.0, -0.0, 0.6875000000000002, 1.0, -0.0, -0.0, -0.0, -0.0, -0.0, -0.0, 1.0, -0.0, -0.0, 0.3749999999999999, -0.0, -0.0, -0.0, -0.0, -0.0, -0.0, -0.0, -0.0, -0.0, -0.0]
			Active cut size: 0
W = 100 
H = 100
normalXList.size = 51
normalYList.size = 75
xList.size = 31
yList.size = 55
squareList.size = 27
myConsList.size = 0
当前上界 = 6.125000000000001
当前上界 = 5.783333333333334
最优解：5.875000000000001
solutionList.size() = 1
pattern.getKey() = 13@29@33@50@72@78@79@86@89@
用时：9.972 s
--------------------------------------- Price Problem End --------------------------------------------------------
		48 Add column : 1 col:63 	497.025
			Start solve  LP :497.025
			End solve LP obj: 16.0 t: 0
com.wlj.solver.BBSolver:
--------------------------------------- Price Problem Start --------------------------------------------------------
dualPrice.size = 100 , dualPrice = [1.0, 1.0, 1.0, 1.0, 1.0, 0.31714285714285706, 1.0, 0.52, -0.0, 1.0, 0.6828571428571429, -0.0, -0.0, 0.0, 0.5914285714285714, -0.0, 0.4971428571428572, -0.0, 0.48000000000000004, -0.0, 0.38, 0.24857142857142855, 0.3771428571428571, 0.12000000000000005, 0.3399999999999999, -0.0, 0.33714285714285724, -0.0, -0.0, -0.0, 0.28571428571428575, 0.3971428571428572, -0.0, -0.0, 0.3742857142857143, -0.0, -0.0, -0.0, -0.0, -0.0, -0.0, -0.0, -0.0, 0.1228571428571428, -0.0, -0.0, 0.1057142857142857, -0.0, 0.16285714285714287, -0.0, -0.0, -0.0, -0.0, 0.5028571428571429, -0.0, 0.24857142857142853, -0.0, -0.0, -0.0, 0.06857142857142846, -0.0, -0.0, 0.06000000000000011, -0.0, 0.16, -0.0, -0.0, -0.0, -0.0, -0.0, 0.37714285714285695, -0.0, 0.0, -0.0, -0.0, -0.0, -0.0, -0.0, 1.0, -0.0, -0.0, -0.0, -0.0, -0.0, -0.0, -0.0, -0.0, -0.0, -0.0, -0.0, -0.0, -0.0, -0.0, 0.21428571428571436, -0.0, -0.0, 0.02857142857142858, -0.0, -0.0, -0.0]
			Active cut size: 0
W = 100 
H = 100
normalXList.size = 70
normalYList.size = 86
xList.size = 49
yList.size = 83
squareList.size = 34
myConsList.size = 0
当前上界 = 4.305714285714285
当前上界 = 4.085333333333333
当前上界 = 3.8649523809523805
最优解：4.054285714285715
solutionList.size() = 1
pattern.getKey() = 9@31@34@53@64@70@78@93@96@
用时：1279.723 s
--------------------------------------- Price Problem End --------------------------------------------------------
		49 Add column : 1 col:64 	1776.748
			Start solve  LP :1776.748
			End solve LP obj: 16.0 t: 0
com.wlj.solver.BBSolver:
--------------------------------------- Price Problem Start --------------------------------------------------------
dualPrice.size = 100 , dualPrice = [1.0, 1.0, 1.0, 1.0, 1.0, 0.3995669553630914, 1.0, 0.7764823451032645, -0.0, 0.5706195869420385, 0.6004330446369086, 0.6230846102598269, -0.0, 0.42938041305796143, 0.4726848767488344, 0.3769153897401732, 0.20319786808794127, -0.0, 0.22351765489673553, -0.0, 0.48650899400399716, 0.4108927381745503, 0.27614923384410406, 0.4453697534976683, 0.3271152564956695, 0.3769153897401732, -0.0, -0.0, -0.0, -0.0, 0.35143237841439046, -0.0, 0.16205862758161238, 0.14373750832778148, 0.1777148567621586, -0.0, -0.0, -0.0, -0.0, -0.0, -0.0, -0.0, -0.0, 0.15339773484343766, -0.0, -0.0, -0.0, 0.23734177215189875, -0.0, -0.0, -0.0, -0.0, -0.0, -0.0, -0.0, 0.16222518321119267, -0.0, -0.0, -0.0, -0.0, -0.0, -0.0, 0.09477015323117921, -0.0, -0.0, -0.0, -0.0, -0.0, -0.0, 0.04080612924716842, 0.05862758161225845, -0.0, -0.0, -0.0, 0.01682211858760796, 0.030479680213191418, -0.0, -0.0, -0.0, 0.42688207861425714, 0.4696868754163892, 0.16572285143237836, -0.0, -0.0, -0.0, -0.0, -0.0, -0.0, -0.0, -0.0, -0.0, -0.0, 0.11642238507661529, 0.1930379746835441, -0.0, -0.0, -0.0, -0.0, -0.0, -0.0]
			Active cut size: 0
W = 100 
H = 100
normalXList.size = 91
normalYList.size = 66
xList.size = 85
yList.size = 53
squareList.size = 39
myConsList.size = 0
当前上界 = 3.4058960692871416
当前上界 = 3.2455029980013324
--------------------------------------- Price Problem End --------------------------------------------------------
		50 Add column : 0 col:65 	3000.003
	1 End Add column using column generation : 16.0 col: 65 cons: 0 cut: 0	3000.003
   End add columnAndCut : 16.0 colGencnt: 1 price: 0 col: 65 cons: 0 cut: 0	3000.003

Node lb: 1.7976931348623157E308 ub: 16 : 3000.003

Final Found Solution: 16 genNode: 1 extendedNode: 0:3000.003
Bin size: 10000
1 : 6200,3430,142, : 9772
2 : 2211,1750,1638,1200,684,644,528,315,260,200, : 9430
3 : 3132,2484,1316,1100,470,400,230,42,15, : 9189
4 : 7200,1029,392,336,12, : 8969
5 : 4399,4128,731,90, : 9348
6 : 4650,2790,581,576, : 8597
7 : 4526,3762,850,529, : 9667
8 : 3944,3318,1008,684, : 8954
9 : 6320,1104,630,546,250, : 8850
10 : 7614,783,621,252,234,189, : 9693
11 : 3480,2880,1078,612,532,352,330, : 9264
12 : 4371,2730,1344, : 8445
13 : 2856,2652,2009,864,810,300,90, : 9581
14 : 1872,1776,1560,1521,481,444,363,360,280,156, : 8813
15 : 2107,2024,1496,1488,1050,966,176,135,21, : 9463
16 : 1450,1410,1023,975,899,611,574,544,399,90, : 7975
----------------------- 1 ---------------------------
canvasWidth:100,
canvasHeight:100,
data:[{x:38,y:0,l:100,w:62},{x:3,y:0,l:98,w:35},{x:1,y:0,l:71,w:2},],
----------------------- 2 ---------------------------
canvasWidth:100,
canvasHeight:100,
data:[{x:52,y:0,l:11,w:48},{x:67,y:11,l:67,w:33},{x:52,y:11,l:21,w:15},{x:53,y:32,l:46,w:14},{x:90,y:78,l:20,w:10},{x:52,y:78,l:18,w:38},{x:2,y:0,l:35,w:50},{x:2,y:35,l:24,w:50},{x:10,y:59,l:39,w:42},{x:0,y:59,l:26,w:10},],
----------------------- 3 ---------------------------
canvasWidth:100,
canvasHeight:100,
data:[{x:31,y:0,l:36,w:69},{x:60,y:36,l:10,w:40},{x:37,y:36,l:10,w:23},{x:31,y:36,l:7,w:6},{x:32,y:43,l:3,w:5},{x:42,y:46,l:54,w:58},{x:32,y:46,l:47,w:10},{x:3,y:0,l:47,w:28},{x:6,y:47,l:44,w:25},],
----------------------- 4 ---------------------------
canvasWidth:100,
canvasHeight:100,
data:[{x:2,y:0,l:4,w:98},{x:25,y:4,l:96,w:75},{x:1,y:4,l:14,w:24},{x:0,y:4,l:12,w:1},{x:4,y:18,l:49,w:21},],
----------------------- 5 ---------------------------
canvasWidth:100,
canvasHeight:100,
data:[{x:17,y:0,l:53,w:83},{x:0,y:0,l:43,w:17},{x:7,y:43,l:9,w:10},{x:4,y:53,l:43,w:96},],
----------------------- 6 ---------------------------
canvasWidth:100,
canvasHeight:100,
data:[{x:7,y:0,l:50,w:93},{x:7,y:50,l:30,w:93},{x:17,y:80,l:7,w:83},{x:28,y:87,l:8,w:72},],
----------------------- 7 ---------------------------
canvasWidth:100,
canvasHeight:100,
data:[{x:1,y:0,l:38,w:99},{x:27,y:38,l:62,w:73},{x:2,y:38,l:34,w:25},{x:4,y:72,l:23,w:23},],
----------------------- 8 ---------------------------
canvasWidth:100,
canvasHeight:100,
data:[{x:58,y:0,l:79,w:42},{x:62,y:79,l:18,w:38},{x:0,y:0,l:68,w:58},{x:22,y:68,l:28,w:36},],
----------------------- 9 ---------------------------
canvasWidth:100,
canvasHeight:100,
data:[{x:20,y:0,l:79,w:80},{x:31,y:79,l:16,w:69},{x:15,y:0,l:50,w:5},{x:2,y:0,l:42,w:13},{x:6,y:55,l:45,w:14},],
----------------------- 10 ---------------------------
canvasWidth:100,
canvasHeight:100,
data:[{x:19,y:0,l:94,w:81},{x:10,y:0,l:69,w:9},{x:10,y:69,l:21,w:9},{x:1,y:0,l:87,w:9},{x:58,y:94,l:6,w:42},{x:19,y:94,l:6,w:39},],
----------------------- 11 ---------------------------
canvasWidth:100,
canvasHeight:100,
data:[{x:20,y:0,l:36,w:80},{x:2,y:0,l:34,w:18},{x:13,y:36,l:40,w:87},{x:2,y:36,l:32,w:11},{x:51,y:76,l:22,w:49},{x:13,y:76,l:14,w:38},{x:18,y:90,l:10,w:33},],
----------------------- 12 ---------------------------
canvasWidth:100,
canvasHeight:100,
data:[{x:7,y:0,l:47,w:93},{x:22,y:47,l:35,w:78},{x:16,y:82,l:16,w:84},],
----------------------- 13 ---------------------------
canvasWidth:100,
canvasHeight:100,
data:[{x:32,y:0,l:39,w:68},{x:2,y:0,l:27,w:30},{x:7,y:27,l:12,w:25},{x:51,y:39,l:41,w:49},{x:52,y:80,l:18,w:48},{x:55,y:98,l:2,w:45},{x:0,y:39,l:56,w:51},],
----------------------- 14 ---------------------------
canvasWidth:100,
canvasHeight:100,
data:[{x:52,y:0,l:39,w:48},{x:13,y:0,l:39,w:39},{x:2,y:0,l:33,w:11},{x:61,y:39,l:40,w:39},{x:13,y:39,l:37,w:48},{x:0,y:39,l:12,w:13},{x:3,y:51,l:28,w:10},{x:76,y:79,l:15,w:24},{x:37,y:79,l:13,w:37},{x:0,y:79,l:12,w:37},],
----------------------- 15 ---------------------------
canvasWidth:100,
canvasHeight:100,
data:[{x:79,y:0,l:50,w:21},{x:79,y:50,l:1,w:21},{x:35,y:0,l:46,w:44},{x:35,y:46,l:4,w:44},{x:57,y:51,l:49,w:43},{x:34,y:51,l:42,w:23},{x:0,y:0,l:44,w:34},{x:3,y:44,l:48,w:31},{x:0,y:44,l:45,w:3},],
----------------------- 16 ---------------------------
canvasWidth:100,
canvasHeight:100,
data:[{x:53,y:0,l:30,w:47},{x:69,y:30,l:29,w:31},{x:50,y:30,l:21,w:19},{x:94,y:59,l:15,w:6},{x:53,y:59,l:14,w:41},{x:61,y:75,l:25,w:39},{x:0,y:0,l:29,w:50},{x:3,y:29,l:13,w:47},{x:16,y:42,l:16,w:34},{x:19,y:58,l:33,w:31},],
