====================================== Class_09.2bp-17 =====================================
Reduced size: 40 usedBin: 0
[19, 23, 36]
[2, 35]
[8]
[13, 38]
[16]
[22, 25, 30, 39]
[20]
[27, 32, 34]
[0]
[6]
[3]
[17]
[10, 37]
[18]
[4]
[15]
[9]
[21]
[12]
[14]
[1, 33]
[5, 31]
[11, 29]
[7]
[26]
[24, 28]
------------------------------------------------
Best fit used bin number: 26
Found best solution: 26 0.281

   Statrt add columnAndCut col: 26 cons: 0 cut: 0	0.343

	1 Start Add column using column generation  col: 26 cons: 0 cut: 0	0.343
			Start solve  LP :0.343
			End solve LP obj: 26.0 t: 0
	1 End Add column using column generation : 26.0 col: 26 cons: 0 cut: 0	0.343
   End add columnAndCut : 26.0 colGencnt: 1 price: 0 col: 26 cons: 0 cut: 0	0.343

Node lb: 26.0 ub: 26 : 0.343

Final Found Solution: 26 genNode: 1 extendedNode: 0:0.343
Bin size: 10000
1 : 5000,3760,288, : 9048
2 : 8099,426, : 8525
3 : 7480, : 7480
4 : 6045,155, : 6200
5 : 5775, : 5775
6 : 4392,3552,1107,40, : 9091
7 : 4720, : 4720
8 : 3294,920,470, : 4684
9 : 8811, : 8811
10 : 7742, : 7742
11 : 8051, : 8051
12 : 5320, : 5320
13 : 6570,260, : 6830
14 : 5187, : 5187
15 : 7826, : 7826
16 : 5915, : 5915
17 : 7200, : 7200
18 : 4650, : 4650
19 : 6120, : 6120
20 : 6003, : 6003
21 : 8272,516, : 8788
22 : 7743,1078, : 8821
23 : 6336,2211, : 8547
24 : 7719, : 7719
25 : 3520, : 3520
26 : 3735,3283, : 7018
----------------------- 1 ---------------------------
canvasWidth:100,
canvasHeight:100,
data:[{x:50,y:0,l:100,w:50},{x:47,y:0,l:96,w:3},{x:0,y:0,l:80,w:47},],
----------------------- 2 ---------------------------
canvasWidth:100,
canvasHeight:100,
data:[{x:9,y:0,l:89,w:91},{x:3,y:0,l:71,w:6},],
----------------------- 3 ---------------------------
canvasWidth:100,
canvasHeight:100,
data:[{x:12,y:0,l:85,w:88},],
----------------------- 4 ---------------------------
canvasWidth:100,
canvasHeight:100,
data:[{x:7,y:0,l:65,w:93},{x:2,y:0,l:31,w:5},],
----------------------- 5 ---------------------------
canvasWidth:100,
canvasHeight:100,
data:[{x:23,y:0,l:75,w:77},],
----------------------- 6 ---------------------------
canvasWidth:100,
canvasHeight:100,
data:[{x:63,y:0,l:96,w:37},{x:90,y:96,l:4,w:10},{x:0,y:0,l:72,w:61},{x:20,y:72,l:27,w:41},],
----------------------- 7 ---------------------------
canvasWidth:100,
canvasHeight:100,
data:[{x:20,y:0,l:59,w:80},],
----------------------- 8 ---------------------------
canvasWidth:100,
canvasHeight:100,
data:[{x:39,y:0,l:54,w:61},{x:29,y:0,l:47,w:10},{x:6,y:0,l:40,w:23},],
----------------------- 9 ---------------------------
canvasWidth:100,
canvasHeight:100,
data:[{x:1,y:0,l:89,w:99},],
----------------------- 10 ---------------------------
canvasWidth:100,
canvasHeight:100,
data:[{x:2,y:0,l:79,w:98},],
----------------------- 11 ---------------------------
canvasWidth:100,
canvasHeight:100,
data:[{x:17,y:0,l:97,w:83},],
----------------------- 12 ---------------------------
canvasWidth:100,
canvasHeight:100,
data:[{x:30,y:0,l:76,w:70},],
----------------------- 13 ---------------------------
canvasWidth:100,
canvasHeight:100,
data:[{x:27,y:0,l:90,w:73},{x:74,y:90,l:10,w:26},],
----------------------- 14 ---------------------------
canvasWidth:100,
canvasHeight:100,
data:[{x:9,y:0,l:57,w:91},],
----------------------- 15 ---------------------------
canvasWidth:100,
canvasHeight:100,
data:[{x:14,y:0,l:91,w:86},],
----------------------- 16 ---------------------------
canvasWidth:100,
canvasHeight:100,
data:[{x:9,y:0,l:65,w:91},],
----------------------- 17 ---------------------------
canvasWidth:100,
canvasHeight:100,
data:[{x:25,y:0,l:96,w:75},],
----------------------- 18 ---------------------------
canvasWidth:100,
canvasHeight:100,
data:[{x:38,y:0,l:75,w:62},],
----------------------- 19 ---------------------------
canvasWidth:100,
canvasHeight:100,
data:[{x:28,y:0,l:85,w:72},],
----------------------- 20 ---------------------------
canvasWidth:100,
canvasHeight:100,
data:[{x:31,y:0,l:87,w:69},],
----------------------- 21 ---------------------------
canvasWidth:100,
canvasHeight:100,
data:[{x:6,y:0,l:88,w:94},{x:0,y:0,l:86,w:6},],
----------------------- 22 ---------------------------
canvasWidth:100,
canvasHeight:100,
data:[{x:89,y:0,l:98,w:11},{x:2,y:0,l:89,w:87},],
----------------------- 23 ---------------------------
canvasWidth:100,
canvasHeight:100,
data:[{x:4,y:0,l:66,w:96},{x:33,y:66,l:33,w:67},],
----------------------- 24 ---------------------------
canvasWidth:100,
canvasHeight:100,
data:[{x:17,y:0,l:93,w:83},],
----------------------- 25 ---------------------------
canvasWidth:100,
canvasHeight:100,
data:[{x:45,y:0,l:64,w:55},],
----------------------- 26 ---------------------------
canvasWidth:100,
canvasHeight:100,
data:[{x:55,y:0,l:83,w:45},{x:6,y:0,l:67,w:49},],
