====================================== Class_10.2bp-37 =====================================
Reduced size: 80 usedBin: 0
[6, 9, 10, 40, 48, 49, 53]
[14, 18, 23, 28, 38, 45, 47, 50, 55, 65, 66, 68, 70, 72]
[4, 12, 30, 32, 34, 54, 61, 69, 75]
[2, 5, 25, 44, 76]
[0]
[3, 17, 19, 39, 57, 59, 67]
[1, 35, 42, 60, 71, 73, 78]
[11, 21, 22, 24, 36, 37, 41, 46, 52, 56, 74, 79]
[13, 15, 26, 27, 29, 33, 51, 58, 63, 64]
[7, 8, 16, 20, 31, 43, 62, 77]
------------------------------------------------
Best fit used bin number: 10
Found best solution: 10 0.156

   Statrt add columnAndCut col: 10 cons: 0 cut: 0	0.219

	1 Start Add column using column generation  col: 10 cons: 0 cut: 0	0.219
			Start solve  LP :0.219
			End solve LP obj: 10.0 t: 0
	1 End Add column using column generation : 10.0 col: 10 cons: 0 cut: 0	0.219
   End add columnAndCut : 10.0 colGencnt: 1 price: 0 col: 10 cons: 0 cut: 0	0.219

Node lb: 10.0 ub: 10 : 0.219

Final Found Solution: 10 genNode: 1 extendedNode: 0:0.219
Bin size: 10000
1 : 2750,2128,2016,792,544,507,450, : 9187
2 : 1813,1312,1120,999,836,646,620,504,405,288,286,216,210,170, : 9425
3 : 3750,1950,984,925,858,429,342,216,88, : 9542
4 : 5000,2886,1089,684,80, : 9739
5 : 9800, : 9800
6 : 4293,1392,1305,800,378,368,247, : 8783
7 : 7161,840,705,368,209,99,33, : 9415
8 : 2001,1225,1188,1092,837,837,770,624,476,380,90,26, : 9546
9 : 1824,1800,1056,1040,986,880,500,375,324,297, : 9082
10 : 2304,2241,1410,1232,984,690,330,37, : 9228
----------------------- 1 ---------------------------
canvasWidth:100,
canvasHeight:100,
data:[{x:45,y:0,l:50,w:55},{x:58,y:50,l:48,w:42},{x:45,y:50,l:39,w:13},{x:17,y:0,l:76,w:28},{x:20,y:76,l:18,w:25},{x:1,y:0,l:34,w:16},{x:5,y:34,l:66,w:12},],
----------------------- 2 ---------------------------
canvasWidth:100,
canvasHeight:100,
data:[{x:86,y:0,l:80,w:14},{x:86,y:80,l:15,w:14},{x:49,y:0,l:49,w:37},{x:49,y:49,l:27,w:37},{x:52,y:76,l:19,w:34},{x:8,y:0,l:32,w:41},{x:0,y:0,l:27,w:8},{x:4,y:32,l:9,w:45},{x:5,y:41,l:19,w:44},{x:44,y:60,l:34,w:5},{x:20,y:60,l:21,w:24},{x:22,y:81,l:13,w:22},{x:0,y:60,l:31,w:20},{x:28,y:96,l:4,w:72},],
----------------------- 3 ---------------------------
canvasWidth:100,
canvasHeight:100,
data:[{x:50,y:0,l:75,w:50},{x:63,y:75,l:25,w:37},{x:51,y:75,l:18,w:12},{x:0,y:0,l:39,w:50},{x:9,y:39,l:24,w:41},{x:11,y:63,l:22,w:39},{x:11,y:85,l:11,w:39},{x:0,y:39,l:38,w:9},{x:1,y:77,l:11,w:8},],
----------------------- 4 ---------------------------
canvasWidth:100,
canvasHeight:100,
data:[{x:50,y:0,l:100,w:50},{x:39,y:0,l:99,w:11},{x:2,y:0,l:78,w:37},{x:0,y:0,l:40,w:2},{x:1,y:78,l:18,w:38},],
----------------------- 5 ---------------------------
canvasWidth:100,
canvasHeight:100,
data:[{x:2,y:0,l:100,w:98},],
----------------------- 6 ---------------------------
canvasWidth:100,
canvasHeight:100,
data:[{x:19,y:0,l:53,w:81},{x:52,y:53,l:29,w:48},{x:38,y:53,l:27,w:14},{x:22,y:53,l:23,w:16},{x:50,y:84,l:16,w:50},{x:31,y:84,l:13,w:19},{x:0,y:0,l:87,w:15},],
----------------------- 7 ---------------------------
canvasWidth:100,
canvasHeight:100,
data:[{x:53,y:0,l:15,w:47},{x:54,y:15,l:8,w:46},{x:11,y:0,l:20,w:42},{x:20,y:20,l:3,w:33},{x:0,y:0,l:19,w:11},{x:0,y:19,l:3,w:11},{x:7,y:23,l:77,w:93},],
----------------------- 8 ---------------------------
canvasWidth:100,
canvasHeight:100,
data:[{x:71,y:0,l:69,w:29},{x:73,y:69,l:31,w:27},{x:43,y:0,l:39,w:28},{x:27,y:0,l:39,w:16},{x:17,y:0,l:38,w:10},{x:3,y:0,l:34,w:14},{x:0,y:0,l:30,w:3},{x:36,y:39,l:35,w:35},{x:36,y:74,l:22,w:35},{x:0,y:39,l:33,w:36},{x:5,y:72,l:27,w:31},{x:10,y:99,l:1,w:26},],
----------------------- 9 ---------------------------
canvasWidth:100,
canvasHeight:100,
data:[{x:80,y:0,l:25,w:20},{x:65,y:0,l:25,w:15},{x:21,y:0,l:24,w:44},{x:60,y:25,l:26,w:40},{x:20,y:25,l:22,w:40},{x:62,y:51,l:48,w:38},{x:33,y:51,l:34,w:29},{x:35,y:85,l:12,w:27},{x:24,y:51,l:33,w:9},{x:0,y:0,l:90,w:20},],
----------------------- 10 ---------------------------
canvasWidth:100,
canvasHeight:100,
data:[{x:73,y:0,l:83,w:27},{x:25,y:0,l:48,w:48},{x:26,y:48,l:30,w:47},{x:0,y:0,l:41,w:24},{x:23,y:41,l:37,w:1},{x:0,y:41,l:30,w:23},{x:23,y:83,l:16,w:77},{x:1,y:83,l:15,w:22},],
