====================================== Class_03.2bp-41 =====================================
Reduced size: 100 usedBin: 0
[0, 56, 79]
[15, 46, 50, 57, 58]
[1, 59, 71, 75]
[10, 40, 49, 77, 83, 97]
[8, 41, 42, 91]
[18, 20, 61, 62]
[4, 37, 55, 93, 98]
[14, 21, 47, 80]
[23, 26, 29, 76]
[17, 25, 28, 82, 95]
[11, 22, 64]
[19, 35, 44, 54, 89]
[7, 32, 73]
[9, 30, 67, 69, 87, 92]
[24, 36, 38, 39, 90, 94]
[13, 33, 43, 68]
[2, 48, 52, 85]
[12, 34, 63, 72, 74, 84, 99]
[6, 31, 53]
[5, 51, 66, 78, 88, 96]
[3, 27, 81, 86]
[16, 45, 60, 65, 70]
------------------------------------------------
Best fit used bin number: 22
Found best solution: 22 0.265

   Statrt add columnAndCut col: 22 cons: 0 cut: 0	0.344

	1 Start Add column using column generation  col: 22 cons: 0 cut: 0	0.344
			Start solve  LP :0.344
			End solve LP obj: 22.0 t: 15
	1 End Add column using column generation : 22.0 col: 22 cons: 0 cut: 0	0.359
   End add columnAndCut : 22.0 colGencnt: 1 price: 0 col: 22 cons: 0 cut: 0	0.359

Node lb: 22.0 ub: 22 : 0.359

Final Found Solution: 22 genNode: 1 extendedNode: 0:0.359
Bin size: 1600
1 : 1190,198,93, : 1481
2 : 648,288,243,196,192, : 1567
3 : 1085,189,145,133, : 1552
4 : 816,315,256,105,69,10, : 1571
5 : 870,300,297,28, : 1495
6 : 578,552,184,184, : 1498
7 : 918,338,204,20,6, : 1486
8 : 665,546,280,90, : 1581
9 : 520,459,390,130, : 1499
10 : 595,483,418,75,15, : 1586
11 : 792,528,175, : 1495
12 : 567,341,290,216,36, : 1450
13 : 875,360,135, : 1370
14 : 825,375,165,147,44,20, : 1576
15 : 510,341,336,315,35,18, : 1555
16 : 676,350,294,162, : 1482
17 : 990,260,231,49, : 1530
18 : 714,342,180,144,133,60,6, : 1579
19 : 891,372,224, : 1487
20 : 918,234,168,93,44,12, : 1469
21 : 945,442,81,48, : 1516
22 : 621,288,189,170,147, : 1415
----------------------- 1 ---------------------------
canvasWidth:40,
canvasHeight:40,
data:[{x:5,y:0,l:34,w:35},{x:2,y:0,l:31,w:3},{x:7,y:34,l:6,w:33},],
----------------------- 2 ---------------------------
canvasWidth:40,
canvasHeight:40,
data:[{x:28,y:0,l:16,w:12},{x:0,y:0,l:7,w:28},{x:1,y:7,l:9,w:27},{x:13,y:16,l:24,w:27},{x:1,y:16,l:24,w:12},],
----------------------- 3 ---------------------------
canvasWidth:40,
canvasHeight:40,
data:[{x:9,y:0,l:35,w:31},{x:11,y:35,l:5,w:29},{x:0,y:0,l:21,w:9},{x:2,y:21,l:19,w:7},],
----------------------- 4 ---------------------------
canvasWidth:40,
canvasHeight:40,
data:[{x:6,y:0,l:24,w:34},{x:3,y:0,l:23,w:3},{x:24,y:24,l:16,w:16},{x:3,y:24,l:15,w:21},{x:0,y:0,l:35,w:3},{x:1,y:35,l:5,w:2},],
----------------------- 5 ---------------------------
canvasWidth:40,
canvasHeight:40,
data:[{x:11,y:0,l:30,w:29},{x:1,y:0,l:30,w:10},{x:7,y:30,l:9,w:33},{x:12,y:39,l:1,w:28},],
----------------------- 6 ---------------------------
canvasWidth:40,
canvasHeight:40,
data:[{x:16,y:0,l:23,w:24},{x:8,y:0,l:23,w:8},{x:0,y:0,l:23,w:8},{x:6,y:23,l:17,w:34},],
----------------------- 7 ---------------------------
canvasWidth:40,
canvasHeight:40,
data:[{x:34,y:0,l:34,w:6},{x:35,y:34,l:4,w:5},{x:37,y:38,l:2,w:3},{x:0,y:0,l:27,w:34},{x:8,y:27,l:13,w:26},],
----------------------- 8 ---------------------------
canvasWidth:40,
canvasHeight:40,
data:[{x:21,y:0,l:35,w:19},{x:22,y:35,l:5,w:18},{x:0,y:0,l:26,w:21},{x:1,y:26,l:14,w:20},],
----------------------- 9 ---------------------------
canvasWidth:40,
canvasHeight:40,
data:[{x:27,y:0,l:30,w:13},{x:27,y:30,l:10,w:13},{x:0,y:0,l:17,w:27},{x:1,y:17,l:20,w:26},],
----------------------- 10 ---------------------------
canvasWidth:40,
canvasHeight:40,
data:[{x:19,y:0,l:23,w:21},{x:0,y:0,l:22,w:19},{x:4,y:22,l:1,w:15},{x:5,y:23,l:17,w:35},{x:0,y:23,l:15,w:5},],
----------------------- 11 ---------------------------
canvasWidth:40,
canvasHeight:40,
data:[{x:7,y:0,l:24,w:33},{x:7,y:24,l:16,w:33},{x:0,y:0,l:25,w:7},],
----------------------- 12 ---------------------------
canvasWidth:40,
canvasHeight:40,
data:[{x:30,y:0,l:29,w:10},{x:21,y:0,l:24,w:9},{x:21,y:24,l:4,w:9},{x:0,y:0,l:27,w:21},{x:9,y:29,l:11,w:31},],
----------------------- 13 ---------------------------
canvasWidth:40,
canvasHeight:40,
data:[{x:5,y:0,l:25,w:35},{x:16,y:25,l:15,w:24},{x:0,y:0,l:27,w:5},],
----------------------- 14 ---------------------------
canvasWidth:40,
canvasHeight:40,
data:[{x:15,y:0,l:33,w:25},{x:19,y:33,l:7,w:21},{x:15,y:33,l:5,w:4},{x:0,y:0,l:25,w:15},{x:4,y:25,l:15,w:11},{x:0,y:25,l:11,w:4},],
----------------------- 15 ---------------------------
canvasWidth:40,
canvasHeight:40,
data:[{x:5,y:0,l:9,w:35},{x:0,y:0,l:7,w:5},{x:29,y:9,l:31,w:11},{x:12,y:9,l:30,w:17},{x:0,y:9,l:28,w:12},{x:6,y:37,l:3,w:6},],
----------------------- 16 ---------------------------
canvasWidth:40,
canvasHeight:40,
data:[{x:14,y:0,l:26,w:26},{x:15,y:26,l:14,w:25},{x:0,y:0,l:21,w:14},{x:5,y:21,l:18,w:9},],
----------------------- 17 ---------------------------
canvasWidth:40,
canvasHeight:40,
data:[{x:33,y:0,l:33,w:7},{x:33,y:33,l:7,w:7},{x:0,y:0,l:30,w:33},{x:7,y:30,l:10,w:26},],
----------------------- 18 ---------------------------
canvasWidth:40,
canvasHeight:40,
data:[{x:10,y:0,l:6,w:30},{x:0,y:0,l:6,w:10},{x:19,y:6,l:34,w:21},{x:0,y:6,l:7,w:19},{x:1,y:13,l:8,w:18},{x:0,y:13,l:6,w:1},{x:1,y:21,l:19,w:18},],
----------------------- 19 ---------------------------
canvasWidth:40,
canvasHeight:40,
data:[{x:13,y:0,l:33,w:27},{x:1,y:0,l:31,w:12},{x:8,y:33,l:7,w:32},],
----------------------- 20 ---------------------------
canvasWidth:40,
canvasHeight:40,
data:[{x:34,y:0,l:28,w:6},{x:36,y:28,l:11,w:4},{x:34,y:28,l:6,w:2},{x:0,y:0,l:27,w:34},{x:3,y:27,l:3,w:31},{x:8,y:30,l:9,w:26},],
----------------------- 21 ---------------------------
canvasWidth:40,
canvasHeight:40,
data:[{x:5,y:0,l:27,w:35},{x:2,y:0,l:27,w:3},{x:0,y:0,l:24,w:2},{x:6,y:27,l:13,w:34},],
----------------------- 22 ---------------------------
canvasWidth:40,
canvasHeight:40,
data:[{x:24,y:0,l:18,w:16},{x:31,y:18,l:21,w:9},{x:24,y:18,l:21,w:7},{x:0,y:0,l:27,w:23},{x:6,y:27,l:10,w:17},],
