====================================== Class_05.2bp-8 =====================================
Reduced size: 20 usedBin: 0
[3, 6, 18]
[1, 8, 14]
[2, 11]
[9, 10, 12, 15, 17, 19]
[0, 16]
[4]
[5, 7, 13]
------------------------------------------------
Best fit used bin number: 7
Found best solution: 7 0.125

   Statrt add columnAndCut col: 7 cons: 0 cut: 0	0.234

	1 Start Add column using column generation  col: 7 cons: 0 cut: 0	0.234
			Start solve  LP :0.234
			End solve LP obj: 7.0 t: 0
	1 End Add column using column generation : 7.0 col: 7 cons: 0 cut: 0	0.234
   End add columnAndCut : 7.0 colGencnt: 1 price: 0 col: 7 cons: 0 cut: 0	0.234

Node lb: 7.0 ub: 7 : 0.234

Final Found Solution: 7 genNode: 1 extendedNode: 0:0.234
Bin size: 10000
1 : 4950,3104,390, : 8444
2 : 5440,2196,1157, : 8793
3 : 5250,1940, : 7190
4 : 2109,2016,1908,1050,585,156, : 7824
5 : 6497,900, : 7397
6 : 4602, : 4602
7 : 4171,2523,1825, : 8519
----------------------- 1 ---------------------------
canvasWidth:100,
canvasHeight:100,
data:[{x:3,y:0,l:32,w:97},{x:10,y:32,l:55,w:90},{x:61,y:87,l:10,w:39},],
----------------------- 2 ---------------------------
canvasWidth:100,
canvasHeight:100,
data:[{x:15,y:0,l:64,w:85},{x:39,y:64,l:36,w:61},{x:2,y:0,l:89,w:13},],
----------------------- 3 ---------------------------
canvasWidth:100,
canvasHeight:100,
data:[{x:3,y:0,l:20,w:97},{x:25,y:20,l:70,w:75},],
----------------------- 4 ---------------------------
canvasWidth:100,
canvasHeight:100,
data:[{x:63,y:0,l:57,w:37},{x:70,y:57,l:35,w:30},{x:15,y:0,l:42,w:48},{x:11,y:0,l:39,w:4},{x:27,y:42,l:53,w:36},{x:14,y:42,l:45,w:13},],
----------------------- 5 ---------------------------
canvasWidth:100,
canvasHeight:100,
data:[{x:11,y:0,l:73,w:89},{x:64,y:73,l:25,w:36},],
----------------------- 6 ---------------------------
canvasWidth:100,
canvasHeight:100,
data:[{x:22,y:0,l:59,w:78},],
----------------------- 7 ---------------------------
canvasWidth:100,
canvasHeight:100,
data:[{x:57,y:0,l:97,w:43},{x:28,y:0,l:87,w:29},{x:3,y:0,l:73,w:25},],
