====================================== Class_05.2bp-22 =====================================
Reduced size: 60 usedBin: 0
[16, 26, 28]
[10, 14]
[4, 34]
[0, 42]
[1, 33, 47, 51, 53]
[3, 24, 52, 55, 56]
[9]
[7, 37, 49]
[6]
[2, 20]
[8, 23, 50]
[11, 15, 48, 54, 58]
[19, 25, 35, 46, 57]
[12, 27, 38, 45, 59]
[13, 39, 41]
[5, 29, 43]
[22, 32, 36]
[18, 21, 40, 44]
[17, 30, 31]
------------------------------------------------
Best fit used bin number: 19
Found best solution: 19 0.156

   Statrt add columnAndCut col: 19 cons: 0 cut: 0	0.218

	1 Start Add column using column generation  col: 19 cons: 0 cut: 0	0.218
			Start solve  LP :0.218
			End solve LP obj: 19.0 t: 0
	1 End Add column using column generation : 19.0 col: 19 cons: 0 cut: 0	0.218
   End add columnAndCut : 19.0 colGencnt: 1 price: 0 col: 19 cons: 0 cut: 0	0.234

Node lb: 19.0 ub: 19 : 0.234

Final Found Solution: 19 genNode: 1 extendedNode: 0:0.234
Bin size: 10000
1 : 3835,2312,2205, : 8352
2 : 4752,4171, : 8923
3 : 6004,1940, : 7944
4 : 7332,1157, : 8489
5 : 6497,1998,638,328,280, : 9741
6 : 6006,2523,288,244,156, : 9217
7 : 4760, : 4760
8 : 4964,1825,390, : 7179
9 : 5250, : 5250
10 : 6072,3267, : 9339
11 : 4950,2640,384, : 7974
12 : 4650,3948,585,258,92, : 9533
13 : 3355,2418,1908,900,100, : 8681
14 : 4602,2255,1677,972,28, : 9534
15 : 4455,1496,1328, : 7279
16 : 5440,2196,1050, : 8686
17 : 2923,2016,1872, : 6811
18 : 3570,3104,1344,1001, : 9019
19 : 3760,2109,2100, : 7969
----------------------- 1 ---------------------------
canvasWidth:100,
canvasHeight:100,
data:[{x:65,y:0,l:63,w:35},{x:0,y:0,l:59,w:65},{x:32,y:66,l:34,w:68},],
----------------------- 2 ---------------------------
canvasWidth:100,
canvasHeight:100,
data:[{x:52,y:0,l:99,w:48},{x:9,y:0,l:97,w:43},],
----------------------- 3 ---------------------------
canvasWidth:100,
canvasHeight:100,
data:[{x:3,y:0,l:20,w:97},{x:21,y:24,l:76,w:79},],
----------------------- 4 ---------------------------
canvasWidth:100,
canvasHeight:100,
data:[{x:22,y:0,l:94,w:78},{x:9,y:0,l:89,w:13},],
----------------------- 5 ---------------------------
canvasWidth:100,
canvasHeight:100,
data:[{x:11,y:0,l:73,w:89},{x:26,y:73,l:27,w:74},{x:12,y:73,l:20,w:14},{x:0,y:0,l:58,w:11},{x:3,y:58,l:41,w:8},],
----------------------- 6 ---------------------------
canvasWidth:100,
canvasHeight:100,
data:[{x:71,y:0,l:87,w:29},{x:76,y:87,l:12,w:24},{x:5,y:0,l:91,w:66},{x:1,y:0,l:61,w:4},{x:1,y:61,l:39,w:4},],
----------------------- 7 ---------------------------
canvasWidth:100,
canvasHeight:100,
data:[{x:32,y:0,l:70,w:68},],
----------------------- 8 ---------------------------
canvasWidth:100,
canvasHeight:100,
data:[{x:27,y:0,l:68,w:73},{x:61,y:68,l:10,w:39},{x:2,y:0,l:73,w:25},],
----------------------- 9 ---------------------------
canvasWidth:100,
canvasHeight:100,
data:[{x:25,y:0,l:70,w:75},],
----------------------- 10 ---------------------------
canvasWidth:100,
canvasHeight:100,
data:[{x:67,y:0,l:99,w:33},{x:1,y:0,l:92,w:66},],
----------------------- 11 ---------------------------
canvasWidth:100,
canvasHeight:100,
data:[{x:10,y:0,l:55,w:90},{x:2,y:0,l:48,w:8},{x:40,y:55,l:44,w:60},],
----------------------- 12 ---------------------------
canvasWidth:100,
canvasHeight:100,
data:[{x:16,y:0,l:47,w:84},{x:3,y:0,l:45,w:13},{x:7,y:47,l:50,w:93},{x:8,y:97,l:1,w:92},{x:1,y:47,l:43,w:6},],
----------------------- 13 ---------------------------
canvasWidth:100,
canvasHeight:100,
data:[{x:45,y:0,l:61,w:55},{x:9,y:0,l:53,w:36},{x:20,y:53,l:4,w:25},{x:38,y:61,l:39,w:62},{x:2,y:61,l:25,w:36},],
----------------------- 14 ---------------------------
canvasWidth:100,
canvasHeight:100,
data:[{x:45,y:0,l:41,w:55},{x:2,y:0,l:39,w:43},{x:0,y:0,l:14,w:2},{x:22,y:41,l:59,w:78},{x:4,y:41,l:54,w:18},],
----------------------- 15 ---------------------------
canvasWidth:100,
canvasHeight:100,
data:[{x:19,y:0,l:55,w:81},{x:66,y:55,l:44,w:34},{x:3,y:0,l:83,w:16},],
----------------------- 16 ---------------------------
canvasWidth:100,
canvasHeight:100,
data:[{x:39,y:0,l:36,w:61},{x:9,y:0,l:35,w:30},{x:15,y:36,l:64,w:85},],
----------------------- 17 ---------------------------
canvasWidth:100,
canvasHeight:100,
data:[{x:63,y:0,l:79,w:37},{x:15,y:0,l:42,w:48},{x:27,y:48,l:52,w:36},],
----------------------- 18 ---------------------------
canvasWidth:100,
canvasHeight:100,
data:[{x:30,y:0,l:51,w:70},{x:2,y:0,l:48,w:28},{x:3,y:51,l:32,w:97},{x:23,y:83,l:13,w:77},],
----------------------- 19 ---------------------------
canvasWidth:100,
canvasHeight:100,
data:[{x:6,y:0,l:40,w:94},{x:65,y:40,l:60,w:35},{x:28,y:40,l:57,w:37},],
