====================================== Class_02.2bp-15 =====================================
Reduced size: 40 usedBin: 0
[0, 1, 2, 3, 4, 6, 7, 8, 9, 11, 12, 15, 16, 17, 18, 19, 20, 21, 22, 26, 27, 28, 29, 30, 31, 32, 35, 36, 37, 38]
[5, 10, 13, 14, 23, 24, 25, 33, 34, 39]
------------------------------------------------
Best fit used bin number: 2
Found best solution: 2 0.253

   Statrt add columnAndCut col: 2 cons: 0 cut: 0	0.313

	1 Start Add column using column generation  col: 2 cons: 0 cut: 0	0.313
			Start solve  LP :0.313
			End solve LP obj: 2.0 t: 0
	1 End Add column using column generation : 2.0 col: 2 cons: 0 cut: 0	0.313
   End add columnAndCut : 2.0 colGencnt: 1 price: 0 col: 2 cons: 0 cut: 0	0.313

Node lb: 2.0 ub: 2 : 0.313

Final Found Solution: 2 genNode: 1 extendedNode: 0:0.313
Bin size: 900
1 : 81,80,72,70,60,48,48,42,36,35,35,28,27,25,24,20,18,16,16,10,9,8,8,8,7,7,6,4,4,3, : 855
2 : 49,36,35,35,14,12,10,7,6,2, : 206
----------------------- 1 ---------------------------
canvasWidth:30,
canvasHeight:30,
data:[{x:24,y:0,l:8,w:6},{x:21,y:0,l:8,w:3},{x:19,y:0,l:8,w:2},{x:20,y:8,l:7,w:10},{x:19,y:8,l:7,w:1},{x:11,y:0,l:9,w:8},{x:11,y:9,l:6,w:8},{x:1,y:0,l:6,w:10},{x:2,y:6,l:9,w:9},{x:1,y:6,l:8,w:1},{x:22,y:15,l:10,w:8},{x:15,y:15,l:5,w:7},{x:15,y:20,l:5,w:7},{x:9,y:15,l:7,w:6},{x:9,y:22,l:3,w:6},{x:7,y:15,l:10,w:2},{x:1,y:15,l:6,w:6},{x:3,y:21,l:4,w:4},{x:2,y:21,l:4,w:1},{x:1,y:21,l:3,w:1},{x:25,y:25,l:5,w:5},{x:16,y:25,l:3,w:9},{x:17,y:28,l:1,w:8},{x:17,y:29,l:1,w:8},{x:6,y:25,l:1,w:10},{x:2,y:25,l:1,w:4},{x:9,y:26,l:4,w:7},{x:2,y:26,l:1,w:7},{x:0,y:0,l:9,w:1},{x:0,y:9,l:6,w:1},],
----------------------- 2 ---------------------------
canvasWidth:30,
canvasHeight:30,
data:[{x:23,y:0,l:7,w:7},{x:17,y:0,l:6,w:6},{x:17,y:6,l:1,w:6},{x:12,y:0,l:7,w:5},{x:7,y:0,l:7,w:5},{x:5,y:0,l:7,w:2},{x:3,y:0,l:6,w:2},{x:3,y:6,l:1,w:2},{x:2,y:0,l:7,w:1},{x:0,y:0,l:5,w:2},],
