====================================== Class_06.2bp-40 =====================================
Reduced size: 100 usedBin: 0
[0, 1, 2, 3, 4, 9, 12, 14, 16, 21, 22, 23, 25, 31, 41, 44, 47, 60, 63, 69, 72, 77, 79, 87, 90, 95]
[5, 6, 7, 8, 10, 11, 15, 17, 18, 20, 24, 29, 30, 33, 34, 35, 36, 38, 43, 45, 49, 50, 53, 55, 64, 65, 70, 71, 82, 83, 88, 91, 92, 93, 94, 97, 98, 99]
[13, 19, 26, 27, 28, 32, 37, 39, 40, 42, 46, 48, 51, 52, 54, 56, 57, 58, 59, 61, 62, 66, 67, 68, 73, 74, 75, 76, 78, 80, 81, 84, 85, 86, 89, 96]
------------------------------------------------
Best fit used bin number: 3
Found best solution: 3 0.156

   Statrt add columnAndCut col: 3 cons: 0 cut: 0	0.219

	1 Start Add column using column generation  col: 3 cons: 0 cut: 0	0.219
			Start solve  LP :0.219
			End solve LP obj: 3.0 t: 0
	1 End Add column using column generation : 3.0 col: 3 cons: 0 cut: 0	0.219
   End add columnAndCut : 3.0 colGencnt: 1 price: 0 col: 3 cons: 0 cut: 0	0.219

Node lb: 3.0 ub: 3 : 0.219

Final Found Solution: 3 genNode: 1 extendedNode: 0:0.219
Bin size: 90000
1 : 8836,8463,8036,7650,6424,5428,4784,4698,4080,3589,3420,3185,3154,2673,2016,1872,1764,1261,1116,884,864,675,632,378,310,123, : 86315
2 : 5810,5664,5586,5504,5100,4824,4216,3968,3780,3762,3185,2709,2706,2548,2408,2400,2352,2314,1890,1862,1580,1566,1508,1400,1078,1037,882,880,558,544,325,273,272,192,168,92,56,7, : 85006
3 : 4752,3763,3080,3036,2808,2640,2340,2244,2175,1932,1848,1728,1560,1540,1450,1343,1330,1330,1274,1250,1200,990,966,902,840,832,816,693,646,590,576,540,513,400,324,95, : 54346
----------------------- 1 ---------------------------
canvasWidth:300,
canvasHeight:300,
data:[{x:206,y:0,l:94,w:94},{x:110,y:0,l:21,w:96},{x:92,y:0,l:21,w:18},{x:118,y:21,l:73,w:88},{x:92,y:21,l:72,w:26},{x:202,y:94,l:82,w:98},{x:144,y:94,l:81,w:58},{x:92,y:94,l:17,w:52},{x:95,y:111,l:65,w:49},{x:207,y:176,l:91,w:93},{x:219,y:267,l:33,w:81},{x:209,y:267,l:31,w:10},{x:159,y:176,l:85,w:48},{x:151,y:176,l:79,w:8},{x:158,y:261,l:36,w:49},{x:166,y:297,l:3,w:41},{x:114,y:176,l:97,w:37},{x:126,y:273,l:27,w:25},{x:101,y:176,l:97,w:13},{x:92,y:176,l:96,w:9},{x:0,y:0,l:59,w:92},{x:0,y:59,l:52,w:92},{x:7,y:111,l:90,w:85},{x:56,y:201,l:95,w:36},{x:44,y:201,l:93,w:12},{x:6,y:201,l:83,w:38},],
----------------------- 2 ---------------------------
canvasWidth:300,
canvasHeight:300,
data:[{x:232,y:0,l:75,w:68},{x:160,y:0,l:67,w:72},{x:164,y:67,l:8,w:68},{x:74,y:0,l:64,w:86},{x:57,y:0,l:61,w:17},{x:62,y:64,l:11,w:98},{x:238,y:75,l:68,w:62},{x:238,y:143,l:64,w:62},{x:274,y:207,l:89,w:26},{x:286,y:296,l:4,w:14},{x:242,y:207,l:75,w:32},{x:243,y:282,l:18,w:31},{x:138,y:75,l:14,w:100},{x:58,y:75,l:11,w:80},{x:57,y:75,l:7,w:1},{x:74,y:86,l:3,w:64},{x:155,y:89,l:70,w:83},{x:57,y:89,l:26,w:98},{x:64,y:115,l:35,w:91},{x:131,y:150,l:7,w:24},{x:66,y:150,l:5,w:65},{x:175,y:159,l:60,w:63},{x:175,y:219,l:43,w:63},{x:180,y:262,l:26,w:58},{x:79,y:159,l:59,w:96},{x:58,y:159,l:42,w:21},{x:63,y:201,l:17,w:16},{x:109,y:218,l:57,w:66},{x:74,y:218,l:54,w:35},{x:77,y:275,l:24,w:98},{x:0,y:0,l:98,w:57},{x:1,y:98,l:43,w:56},{x:3,y:141,l:29,w:54},{x:24,y:170,l:82,w:33},{x:4,y:170,l:79,w:20},{x:8,y:252,l:38,w:49},{x:11,y:290,l:2,w:46},{x:18,y:292,l:7,w:39},],
----------------------- 3 ---------------------------
canvasWidth:300,
canvasHeight:300,
data:[{x:212,y:0,l:54,w:88},{x:212,y:54,l:35,w:88},{x:229,y:89,l:53,w:71},{x:212,y:89,l:38,w:17},{x:234,y:142,l:34,w:66},{x:215,y:142,l:27,w:19},{x:231,y:176,l:44,w:69},{x:240,y:220,l:39,w:60},{x:231,y:220,l:36,w:9},{x:234,y:260,l:40,w:66},{x:217,y:176,l:69,w:14},{x:221,y:245,l:40,w:10},{x:120,y:0,l:21,w:92},{x:32,y:0,l:21,w:88},{x:5,y:0,l:20,w:27},{x:0,y:0,l:19,w:5},{x:140,y:21,l:39,w:72},{x:108,y:21,l:26,w:32},{x:17,y:21,l:14,w:91},{x:18,y:35,l:11,w:90},{x:58,y:49,l:11,w:82},{x:142,y:60,l:19,w:70},{x:106,y:60,l:16,w:36},{x:125,y:79,l:25,w:87},{x:180,y:104,l:54,w:32},{x:182,y:158,l:40,w:30},{x:190,y:198,l:70,w:22},{x:180,y:198,l:59,w:10},{x:184,y:270,l:30,w:28},{x:155,y:104,l:58,w:25},{x:155,y:162,l:50,w:25},{x:156,y:212,l:65,w:24},{x:120,y:104,l:38,w:35},{x:96,y:104,l:34,w:24},{x:138,y:142,l:79,w:17},{x:144,y:221,l:63,w:11},],
