====================================== Class_03.2bp-3 =====================================
Reduced size: 20 usedBin: 0
[1, 2, 9, 11]
[0, 4, 19]
[3, 5, 12, 15, 16, 17]
[6, 7, 8, 10, 13, 14, 18]
------------------------------------------------
Best fit used bin number: 4
Found best solution: 4 0.141

   Statrt add columnAndCut col: 4 cons: 0 cut: 0	0.203

	1 Start Add column using column generation  col: 4 cons: 0 cut: 0	0.203
			Start solve  LP :0.203
			End solve LP obj: 4.0 t: 0
	1 End Add column using column generation : 4.0 col: 4 cons: 0 cut: 0	0.203
   End add columnAndCut : 4.0 colGencnt: 1 price: 0 col: 4 cons: 0 cut: 0	0.203

Node lb: 4.0 ub: 4 : 0.203

Final Found Solution: 4 genNode: 1 extendedNode: 0:0.203
Bin size: 1600
1 : 527,506,253,138, : 1424
2 : 608,418,16, : 1042
3 : 437,384,130,90,80,33, : 1154
4 : 350,280,270,209,112,99,24, : 1344
----------------------- 1 ---------------------------
canvasWidth:40,
canvasHeight:40,
data:[{x:17,y:0,l:22,w:23},{x:17,y:22,l:11,w:23},{x:17,y:33,l:6,w:23},{x:0,y:0,l:31,w:17},],
----------------------- 2 ---------------------------
canvasWidth:40,
canvasHeight:40,
data:[{x:8,y:0,l:19,w:32},{x:18,y:19,l:19,w:22},{x:32,y:38,l:2,w:8},],
----------------------- 3 ---------------------------
canvasWidth:40,
canvasHeight:40,
data:[{x:28,y:0,l:32,w:12},{x:23,y:0,l:26,w:5},{x:4,y:0,l:23,w:19},{x:0,y:0,l:20,w:4},{x:7,y:32,l:1,w:33},{x:10,y:33,l:3,w:30},],
----------------------- 4 ---------------------------
canvasWidth:40,
canvasHeight:40,
data:[{x:36,y:0,l:28,w:4},{x:26,y:0,l:27,w:10},{x:1,y:0,l:14,w:25},{x:7,y:14,l:11,w:19},{x:18,y:25,l:3,w:8},{x:31,y:28,l:11,w:9},{x:3,y:28,l:10,w:28},],
