====================================== Class_03.2bp-1 =====================================
Reduced size: 20 usedBin: 0
[1, 8, 10, 11, 13]
[3, 5, 6, 7, 14, 15, 18, 19]
[0, 9, 12, 16, 17]
[2, 4]
------------------------------------------------
Best fit used bin number: 4
Found best solution: 4 0.157

   Statrt add columnAndCut col: 4 cons: 0 cut: 0	0.204

	1 Start Add column using column generation  col: 4 cons: 0 cut: 0	0.204
			Start solve  LP :0.204
			End solve LP obj: 4.0 t: 0
com.wlj.solver.BBSolver:
--------------------------------------- Price Problem Start --------------------------------------------------------
dualPrice.size = 20 , dualPrice = [1.0, 1.0, 1.0, 1.0, -0.0, -0.0, -0.0, -0.0, -0.0, -0.0, -0.0, -0.0, -0.0, -0.0, -0.0, -0.0, -0.0, -0.0, -0.0, -0.0]
			Active cut size: 0
W = 40 
H = 29
normalXList.size = 4
normalYList.size = 2
xList.size = 4
yList.size = 2
squareList.size = 4
myConsList.size = 0
当前上界 = 2.0
最优解：2.0
solutionList.size() = 1
pattern.getKey() = 1@2@
用时：0.0 s
--------------------------------------- Price Problem End --------------------------------------------------------
		1 Add column : 1 col:4 	0.219
			Start solve  LP :0.219
			End solve LP obj: 4.0 t: 0
com.wlj.solver.BBSolver:
--------------------------------------- Price Problem Start --------------------------------------------------------
dualPrice.size = 20 , dualPrice = [1.0, 1.0, 0.0, 1.0, 1.0, -0.0, -0.0, -0.0, -0.0, -0.0, -0.0, -0.0, -0.0, -0.0, -0.0, -0.0, -0.0, -0.0, -0.0, -0.0]
			Active cut size: 0
W = 37 
H = 29
normalXList.size = 5
normalYList.size = 2
xList.size = 4
yList.size = 2
squareList.size = 4
myConsList.size = 0
当前上界 = 2.0
最优解：2.0
solutionList.size() = 3
pattern.getKey() = 3@4@
用时：0.0 s
--------------------------------------- Price Problem End --------------------------------------------------------
		2 Add column : 1 col:5 	0.219
			Start solve  LP :0.219
			End solve LP obj: 4.0 t: 0
com.wlj.solver.BBSolver:
--------------------------------------- Price Problem Start --------------------------------------------------------
dualPrice.size = 20 , dualPrice = [1.0, 1.0, 0.0, 0.0, 1.0, 1.0, -0.0, -0.0, -0.0, -0.0, -0.0, -0.0, -0.0, -0.0, -0.0, -0.0, -0.0, -0.0, -0.0, -0.0]
			Active cut size: 0
W = 37 
H = 38
normalXList.size = 6
normalYList.size = 4
xList.size = 4
yList.size = 4
squareList.size = 4
myConsList.size = 0
当前上界 = 3.0
当前上界 = 2.8666666666666667
当前上界 = 2.7333333333333334
当前上界 = 2.6
当前上界 = 2.466666666666667
当前上界 = 2.3333333333333335
当前上界 = 2.2
当前上界 = 2.066666666666667
当前上界 = 1.9333333333333336
最优解：2.0
solutionList.size() = 3
pattern.getKey() = 4@5@
用时：0.016 s
--------------------------------------- Price Problem End --------------------------------------------------------
		3 Add column : 1 col:6 	0.235
			Start solve  LP :0.235
			End solve LP obj: 4.0 t: 0
com.wlj.solver.BBSolver:
--------------------------------------- Price Problem Start --------------------------------------------------------
dualPrice.size = 20 , dualPrice = [1.0, 0.5, 0.5, 0.5, 0.5, 0.5, -0.0, -0.0, 0.5, -0.0, -0.0, -0.0, -0.0, -0.0, -0.0, -0.0, -0.0, -0.0, -0.0, -0.0]
			Active cut size: 0
W = 40 
H = 38
normalXList.size = 12
normalYList.size = 6
xList.size = 8
yList.size = 5
squareList.size = 7
myConsList.size = 0
当前上界 = 2.5
当前上界 = 2.4
当前上界 = 2.3
当前上界 = 2.1999999999999997
当前上界 = 2.0999999999999996
当前上界 = 1.9999999999999996
最优解：2.0
solutionList.size() = 1
pattern.getKey() = 2@4@5@8@
用时：0.0 s
--------------------------------------- Price Problem End --------------------------------------------------------
		4 Add column : 1 col:7 	0.235
			Start solve  LP :0.235
			End solve LP obj: 4.0 t: 0
com.wlj.solver.BBSolver:
--------------------------------------- Price Problem Start --------------------------------------------------------
dualPrice.size = 20 , dualPrice = [1.0, 1.0, 0.0, 0.0, 1.0, 0.0, 1.0, -0.0, 0.0, -0.0, -0.0, -0.0, -0.0, -0.0, -0.0, -0.0, -0.0, -0.0, -0.0, -0.0]
			Active cut size: 0
W = 37 
H = 37
normalXList.size = 5
normalYList.size = 5
xList.size = 4
yList.size = 4
squareList.size = 4
myConsList.size = 0
当前上界 = 3.0
最优解：3.0
solutionList.size() = 2
pattern.getKey() = 1@4@6@
用时：0.0 s
--------------------------------------- Price Problem End --------------------------------------------------------
		5 Add column : 1 col:8 	0.235
			Start solve  LP :0.235
			End solve LP obj: 4.0 t: 0
com.wlj.solver.BBSolver:
--------------------------------------- Price Problem Start --------------------------------------------------------
dualPrice.size = 20 , dualPrice = [1.0, 0.3333333333333333, 0.6666666666666667, 0.6666666666666666, 0.33333333333333337, -0.0, 0.33333333333333337, -0.0, -1.1102230246251565E-16, -0.0, 0.6666666666666669, -0.0, -0.0, -0.0, -0.0, -0.0, -0.0, -0.0, -0.0, -0.0]
			Active cut size: 0
W = 40 
H = 39
normalXList.size = 9
normalYList.size = 8
xList.size = 8
yList.size = 5
squareList.size = 7
myConsList.size = 0
当前上界 = 2.666666666666667
当前上界 = 2.555555555555556
当前上界 = 2.4444444444444446
当前上界 = 2.3333333333333335
当前上界 = 2.2222222222222223
当前上界 = 2.111111111111111
当前上界 = 2.0
最优解：2.0
solutionList.size() = 4
pattern.getKey() = 0@4@10@
用时：0.0 s
--------------------------------------- Price Problem End --------------------------------------------------------
		6 Add column : 1 col:9 	0.235
			Start solve  LP :0.235
			End solve LP obj: 4.0 t: 0
com.wlj.solver.BBSolver:
--------------------------------------- Price Problem Start --------------------------------------------------------
dualPrice.size = 20 , dualPrice = [-2.220446049250313E-16, 0.3333333333333333, 0.6666666666666667, 0.6666666666666666, 0.33333333333333337, -0.0, 0.33333333333333337, -0.0, -1.1102230246251565E-16, 1.0000000000000002, 0.6666666666666669, -0.0, -0.0, -0.0, -0.0, -0.0, -0.0, -0.0, -0.0, -0.0]
			Active cut size: 0
W = 40 
H = 39
normalXList.size = 19
normalYList.size = 8
xList.size = 12
yList.size = 5
squareList.size = 7
myConsList.size = 0
当前上界 = 3.3333333333333335
当前上界 = 3.177777777777778
当前上界 = 3.0222222222222226
当前上界 = 2.866666666666667
当前上界 = 2.7111111111111117
当前上界 = 2.5555555555555562
最优解：2.666666666666667
solutionList.size() = 3
pattern.getKey() = 3@6@9@10@
用时：0.016 s
--------------------------------------- Price Problem End --------------------------------------------------------
		7 Add column : 1 col:10 	0.251
			Start solve  LP :0.251
			End solve LP obj: 4.0 t: 0
com.wlj.solver.BBSolver:
--------------------------------------- Price Problem Start --------------------------------------------------------
dualPrice.size = 20 , dualPrice = [1.0, 0.0, 1.0, 1.0, 0.0, -0.0, 0.0, -0.0, 0.0, 0.0, -0.0, 1.0, -0.0, -0.0, -0.0, -0.0, -0.0, -0.0, -0.0, -0.0]
			Active cut size: 0
W = 32 
H = 32
normalXList.size = 6
normalYList.size = 4
xList.size = 4
yList.size = 4
squareList.size = 4
myConsList.size = 0
当前上界 = 2.0
最优解：2.0
solutionList.size() = 3
pattern.getKey() = 3@11@
用时：0.0 s
--------------------------------------- Price Problem End --------------------------------------------------------
		8 Add column : 1 col:11 	0.251
			Start solve  LP :0.251
			End solve LP obj: 4.0 t: 0
com.wlj.solver.BBSolver:
--------------------------------------- Price Problem Start --------------------------------------------------------
dualPrice.size = 20 , dualPrice = [1.0, 0.0, 1.0, 0.0, 0.0, -0.0, 1.0, -0.0, 0.0, 0.0, -0.0, 1.0, -0.0, -0.0, -0.0, -0.0, -0.0, -0.0, -0.0, -0.0]
			Active cut size: 0
W = 39 
H = 37
normalXList.size = 7
normalYList.size = 6
xList.size = 5
yList.size = 6
squareList.size = 4
myConsList.size = 0
当前上界 = 3.0
最优解：3.0
solutionList.size() = 2
pattern.getKey() = 2@6@11@
用时：0.0 s
--------------------------------------- Price Problem End --------------------------------------------------------
		9 Add column : 1 col:12 	0.251
			Start solve  LP :0.251
			End solve LP obj: 4.0 t: 0
com.wlj.solver.BBSolver:
--------------------------------------- Price Problem Start --------------------------------------------------------
dualPrice.size = 20 , dualPrice = [0.5, 0.5, 0.5, 0.5, 0.5, -0.0, 0.0, 0.5, 0.0, 0.5, -0.0, 0.5, -0.0, -0.0, -0.0, -0.0, -0.0, -0.0, -0.0, -0.0]
			Active cut size: 0
W = 40 
H = 40
normalXList.size = 28
normalYList.size = 5
xList.size = 24
yList.size = 5
squareList.size = 8
myConsList.size = 0
当前上界 = 2.5
最优解：2.5
solutionList.size() = 1
pattern.getKey() = 2@4@7@9@11@
用时：0.0 s
--------------------------------------- Price Problem End --------------------------------------------------------
		10 Add column : 1 col:13 	0.251
			Start solve  LP :0.251
			End solve LP obj: 4.0 t: 0
com.wlj.solver.BBSolver:
--------------------------------------- Price Problem Start --------------------------------------------------------
dualPrice.size = 20 , dualPrice = [0.0, 0.5, 0.5, 0.5, 0.5, -0.0, 0.0, -0.0, 0.0, -0.0, 0.5, 0.0, 1.0, -0.0, 0.5, -0.0, -0.0, -0.0, -0.0, -0.0]
			Active cut size: 0
W = 40 
H = 39
normalXList.size = 14
normalYList.size = 19
xList.size = 11
yList.size = 12
squareList.size = 7
myConsList.size = 0
当前上界 = 3.5
当前上界 = 3.3333333333333335
当前上界 = 3.166666666666667
当前上界 = 3.0000000000000004
最优解：3.0
solutionList.size() = 3
pattern.getKey() = 2@4@10@12@14@
用时：0.015 s
--------------------------------------- Price Problem End --------------------------------------------------------
		11 Add column : 1 col:14 	0.266
			Start solve  LP :0.266
			End solve LP obj: 3.9999999999999996 t: 0
com.wlj.solver.BBSolver:
--------------------------------------- Price Problem Start --------------------------------------------------------
dualPrice.size = 20 , dualPrice = [1.0, 0.0, 1.0, 1.0, 0.0, -0.0, 0.0, -0.0, 0.0, -0.0, -0.0, -0.0, 0.0, 1.0, 0.0, -0.0, -0.0, -0.0, -0.0, -0.0]
			Active cut size: 0
W = 31 
H = 36
normalXList.size = 6
normalYList.size = 6
xList.size = 4
yList.size = 5
squareList.size = 4
myConsList.size = 0
当前上界 = 3.0
当前上界 = 2.8666666666666667
当前上界 = 2.7333333333333334
当前上界 = 2.6
当前上界 = 2.466666666666667
当前上界 = 2.3333333333333335
当前上界 = 2.2
当前上界 = 2.066666666666667
当前上界 = 1.9333333333333336
最优解：2.0
solutionList.size() = 3
pattern.getKey() = 3@13@
用时：0.0 s
--------------------------------------- Price Problem End --------------------------------------------------------
		12 Add column : 1 col:15 	0.266
			Start solve  LP :0.266
			End solve LP obj: 4.0 t: 0
com.wlj.solver.BBSolver:
--------------------------------------- Price Problem Start --------------------------------------------------------
dualPrice.size = 20 , dualPrice = [1.0, 0.0, 1.0, 0.0, 0.0, -0.0, 0.0, 0.0, 0.0, -0.0, -0.0, -0.0, 0.0, 1.0, -0.0, 1.0, -0.0, -0.0, -0.0, -0.0]
			Active cut size: 0
W = 40 
H = 38
normalXList.size = 8
normalYList.size = 8
xList.size = 6
yList.size = 8
squareList.size = 4
myConsList.size = 0
当前上界 = 4.0
当前上界 = 3.8
当前上界 = 3.5999999999999996
当前上界 = 3.3999999999999995
当前上界 = 3.1999999999999993
当前上界 = 2.999999999999999
最优解：3.0
solutionList.size() = 2
pattern.getKey() = 2@13@15@
用时：0.0 s
--------------------------------------- Price Problem End --------------------------------------------------------
		13 Add column : 1 col:16 	0.266
			Start solve  LP :0.266
			End solve LP obj: 4.0 t: 0
com.wlj.solver.BBSolver:
--------------------------------------- Price Problem Start --------------------------------------------------------
dualPrice.size = 20 , dualPrice = [0.5, 0.5, 0.5, 0.5, 0.5, -0.0, 0.0, 0.0, 0.0, -0.0, 0.0, -0.0, -0.0, 0.5, -0.0, 0.0, 0.5, -0.0, 0.5, -0.0]
			Active cut size: 0
W = 40 
H = 40
normalXList.size = 19
normalYList.size = 24
xList.size = 15
yList.size = 15
squareList.size = 8
myConsList.size = 0
当前上界 = 3.0
当前上界 = 2.8666666666666667
当前上界 = 2.7333333333333334
当前上界 = 2.6
当前上界 = 2.466666666666667
最优解：2.5
solutionList.size() = 4
pattern.getKey() = 2@4@13@16@18@
用时：0.031 s
--------------------------------------- Price Problem End --------------------------------------------------------
		14 Add column : 1 col:17 	0.313
			Start solve  LP :0.313
			End solve LP obj: 3.8888888888888893 t: 0
com.wlj.solver.BBSolver:
--------------------------------------- Price Problem Start --------------------------------------------------------
dualPrice.size = 20 , dualPrice = [0.4444444444444444, 0.5555555555555556, 0.4444444444444444, 0.5555555555555556, 0.4444444444444444, -0.0, -0.0, -0.0, 0.11111111111111116, -0.0, 0.11111111111111116, 0.11111111111111116, -0.0, 0.11111111111111116, -0.0, 0.4444444444444444, -0.0, 0.5555555555555556, -0.0, 0.0]
			Active cut size: 0
W = 40 
H = 40
normalXList.size = 28
normalYList.size = 35
xList.size = 25
yList.size = 31
squareList.size = 11
myConsList.size = 0
当前上界 = 2.777777777777778
当前上界 = 2.6592592592592594
当前上界 = 2.5407407407407407
当前上界 = 2.422222222222222
最优解：2.4444444444444446
solutionList.size() = 1
pattern.getKey() = 3@4@8@10@11@13@15@17@
用时：0.734 s
--------------------------------------- Price Problem End --------------------------------------------------------
		15 Add column : 1 col:18 	1.047
			Start solve  LP :1.047
			End solve LP obj: 3.8333333333333335 t: 0
com.wlj.solver.BBSolver:
--------------------------------------- Price Problem Start --------------------------------------------------------
dualPrice.size = 20 , dualPrice = [0.6666666666666666, 0.5, 0.5, -0.0, 0.33333333333333337, -0.0, -0.0, -0.0, 0.16666666666666663, -0.0, -0.0, 0.16666666666666663, 0.16666666666666663, 0.16666666666666663, -0.0, -0.0, -0.0, 0.16666666666666674, -0.0, 1.0]
			Active cut size: 0
W = 40 
H = 40
normalXList.size = 32
normalYList.size = 34
xList.size = 27
yList.size = 31
squareList.size = 10
myConsList.size = 0
当前上界 = 2.833333333333333
当前上界 = 2.711111111111111
当前上界 = 2.5888888888888886
最优解：2.666666666666667
solutionList.size() = 1
pattern.getKey() = 2@4@8@11@12@13@17@19@
用时：0.563 s
--------------------------------------- Price Problem End --------------------------------------------------------
		16 Add column : 1 col:19 	1.61
			Start solve  LP :1.61
			End solve LP obj: 3.6956521739130443 t: 0
com.wlj.solver.BBSolver:
--------------------------------------- Price Problem Start --------------------------------------------------------
dualPrice.size = 20 , dualPrice = [0.6086956521739131, 0.4347826086956521, 0.5652173913043479, -0.0, 0.13043478260869557, -0.0, 0.4347826086956521, 0.21739130434782616, 0.30434782608695654, 0.08695652173913038, 0.26086956521739135, -0.0, -0.0, 0.0, 0.04347826086956519, 0.30434782608695654, 0.30434782608695654, -0.0, -0.0, -0.0]
			Active cut size: 0
W = 40 
H = 40
normalXList.size = 31
normalYList.size = 35
xList.size = 27
yList.size = 29
squareList.size = 12
myConsList.size = 0
当前上界 = 2.5217391304347823
当前上界 = 2.4202898550724634
最优解：2.4347826086956523
solutionList.size() = 1
pattern.getKey() = 2@6@7@8@10@14@15@16@
用时：0.047 s
--------------------------------------- Price Problem End --------------------------------------------------------
		17 Add column : 1 col:20 	1.657
			Start solve  LP :1.657
			End solve LP obj: 3.678571428571429 t: 15
com.wlj.solver.BBSolver:
--------------------------------------- Price Problem Start --------------------------------------------------------
dualPrice.size = 20 , dualPrice = [0.6428571428571428, 0.5714285714285715, 0.4285714285714285, 0.3214285714285711, 0.24999999999999997, 0.285714285714286, 0.17857142857142852, -0.0, 0.035714285714285754, 0.3214285714285716, 0.10714285714285715, -0.0, -0.0, 0.2857142857142859, 0.21428571428571436, -0.0, 0.03571428571428559, -0.0, -0.0, -0.0]
			Active cut size: 0
W = 40 
H = 40
normalXList.size = 31
normalYList.size = 36
xList.size = 27
yList.size = 31
squareList.size = 13
myConsList.size = 0
当前上界 = 2.0357142857142865
当前上界 = 1.9666666666666675
当前上界 = 1.8976190476190484
当前上界 = 1.8285714285714294
当前上界 = 1.7595238095238104
最优解：1.785714285714286
solutionList.size() = 2
pattern.getKey() = 0@6@9@10@13@14@16@
pattern.getKey() = 1@4@9@10@13@14@16@
用时：0.266 s
--------------------------------------- Price Problem End --------------------------------------------------------
		18 Add column : 1 col:21 	1.938
			Start solve  LP :1.938
			End solve LP obj: 3.625 t: 0
com.wlj.solver.BBSolver:
--------------------------------------- Price Problem Start --------------------------------------------------------
dualPrice.size = 20 , dualPrice = [0.75, 0.5, 0.5, 0.375, 0.12500000000000006, 0.375, 0.125, -0.0, -0.0, 0.0, 0.125, 0.375, -0.0, -0.0, -0.0, -0.0, 0.25, -0.0, 0.125, -0.0]
			Active cut size: 0
W = 40 
H = 40
normalXList.size = 31
normalYList.size = 33
xList.size = 23
yList.size = 25
squareList.size = 11
myConsList.size = 0
当前上界 = 2.25
当前上界 = 2.1666666666666665
当前上界 = 2.083333333333333
当前上界 = 1.9999999999999998
当前上界 = 1.9166666666666665
当前上界 = 1.8333333333333333
最优解：1.875
solutionList.size() = 2
pattern.getKey() = 2@5@6@10@11@16@18@
用时：0.078 s
--------------------------------------- Price Problem End --------------------------------------------------------
		19 Add column : 1 col:22 	2.016
			Start solve  LP :2.016
			End solve LP obj: 3.608695652173912 t: 0
com.wlj.solver.BBSolver:
--------------------------------------- Price Problem Start --------------------------------------------------------
dualPrice.size = 20 , dualPrice = [0.782608695652174, 0.5652173913043479, 0.4347826086956521, 0.3913043478260869, 0.1739130434782611, 0.04347826086956508, 0.043478260869565744, 0.13043478260869545, 0.34782608695652173, 0.21739130434782605, 0.043478260869564966, 0.0434782608695653, -0.0, -0.0, -0.0, -0.0, -0.0, -0.0, 0.3913043478260868, -0.0]
			Active cut size: 0
W = 40 
H = 40
normalXList.size = 37
normalYList.size = 22
xList.size = 35
yList.size = 17
squareList.size = 13
myConsList.size = 0
当前上界 = 2.1739130434782608
当前上界 = 2.0956521739130434
当前上界 = 2.017391304347826
当前上界 = 1.9391304347826086
当前上界 = 1.8608695652173912
当前上界 = 1.7826086956521738
最优解：1.8260869565217388
solutionList.size() = 2
pattern.getKey() = 0@8@9@10@11@18@
pattern.getKey() = 0@6@8@9@10@18@
用时：0.094 s
--------------------------------------- Price Problem End --------------------------------------------------------
		20 Add column : 1 col:23 	2.11
			Start solve  LP :2.11
			End solve LP obj: 3.5714285714285716 t: 0
com.wlj.solver.BBSolver:
--------------------------------------- Price Problem Start --------------------------------------------------------
dualPrice.size = 20 , dualPrice = [0.8571428571428569, 0.5714285714285716, 0.42857142857142844, 0.4285714285714285, 0.1428571428571431, 0.2857142857142856, -0.0, 0.2857142857142857, 0.1428571428571429, -0.0, -0.0, 0.14285714285714296, 8.326672684688674E-17, 0.14285714285714257, -0.0, -0.0, 0.14285714285714302, -0.0, 1.942890293094024E-16, -0.0]
			Active cut size: 0
W = 40 
H = 40
normalXList.size = 26
normalYList.size = 27
xList.size = 22
yList.size = 19
squareList.size = 11
myConsList.size = 0
当前上界 = 1.9999999999999998
当前上界 = 1.9333333333333331
当前上界 = 1.8666666666666665
当前上界 = 1.7999999999999998
当前上界 = 1.7333333333333332
当前上界 = 1.6666666666666665
最优解：1.714285714285714
solutionList.size() = 1
pattern.getKey() = 0@7@8@11@13@16@
用时：0.016 s
--------------------------------------- Price Problem End --------------------------------------------------------
		21 Add column : 1 col:24 	2.126
			Start solve  LP :2.126
			End solve LP obj: 3.5185185185185177 t: 0
com.wlj.solver.BBSolver:
--------------------------------------- Price Problem Start --------------------------------------------------------
dualPrice.size = 20 , dualPrice = [0.6666666666666667, 0.6296296296296297, 0.37037037037037035, 0.4814814814814815, 0.14814814814814814, 0.3703703703703704, -0.0, 0.14814814814814803, 0.1111111111111111, 0.037037037037037035, 0.18518518518518515, 0.0740740740740741, 0.2962962962962963, -0.0, -0.0, -0.0, -0.0, -0.0, -0.0, -0.0]
			Active cut size: 0
W = 40 
H = 40
normalXList.size = 32
normalYList.size = 27
xList.size = 29
yList.size = 18
squareList.size = 12
myConsList.size = 0
当前上界 = 1.962962962962963
当前上界 = 1.8987654320987655
当前上界 = 1.834567901234568
当前上界 = 1.7703703703703704
当前上界 = 1.7061728395061728
当前上界 = 1.6419753086419753
当前上界 = 1.5777777777777777
最优解：1.5925925925925926
solutionList.size() = 1
pattern.getKey() = 3@5@7@8@10@12@
用时：0.015 s
--------------------------------------- Price Problem End --------------------------------------------------------
		22 Add column : 1 col:25 	2.141
			Start solve  LP :2.141
			End solve LP obj: 3.5163043478260887 t: 0
com.wlj.solver.BBSolver:
--------------------------------------- Price Problem Start --------------------------------------------------------
dualPrice.size = 20 , dualPrice = [0.7065217391304348, 0.6739130434782608, 0.3260869565217392, 0.08152173913043487, 0.19021739130434778, 0.3858695652173913, -0.0, 0.07065217391304347, 0.09782608695652173, 0.03260869565217395, 0.10326086956521742, 0.125, 0.26086956521739124, -0.0, -0.0, 0.40217391304347816, -0.0, -0.0, 0.05978260869565209, -0.0]
			Active cut size: 0
W = 40 
H = 40
normalXList.size = 37
normalYList.size = 33
xList.size = 35
yList.size = 27
squareList.size = 14
myConsList.size = 0
当前上界 = 2.141304347826087
当前上界 = 2.0652173913043477
当前上界 = 1.9891304347826086
当前上界 = 1.9130434782608696
当前上界 = 1.8369565217391306
当前上界 = 1.7608695652173916
最优解：1.7608695652173914
solutionList.size() = 1
pattern.getKey() = 2@5@8@10@11@12@15@18@
用时：0.969 s
--------------------------------------- Price Problem End --------------------------------------------------------
		23 Add column : 1 col:26 	3.126
			Start solve  LP :3.126
			End solve LP obj: 3.4705882352941178 t: 0
com.wlj.solver.BBSolver:
--------------------------------------- Price Problem Start --------------------------------------------------------
dualPrice.size = 20 , dualPrice = [0.7647058823529411, 0.7058823529411764, 0.2941176470588236, 0.5294117647058822, 0.17647058823529416, 0.2352941176470589, 0.11764705882352944, -0.0, -0.0, 0.05882352941176472, 0.05882352941176469, 0.23529411764705885, 0.17647058823529413, -0.0, -0.0, -0.0, -0.0, -0.0, -0.0, 0.11764705882352944]
			Active cut size: 0
W = 40 
H = 40
normalXList.size = 32
normalYList.size = 37
xList.size = 27
yList.size = 33
squareList.size = 12
myConsList.size = 0
当前上界 = 2.0
当前上界 = 1.9333333333333333
当前上界 = 1.8666666666666667
当前上界 = 1.8
当前上界 = 1.7333333333333334
当前上界 = 1.6666666666666667
当前上界 = 1.6
当前上界 = 1.5333333333333334
当前上界 = 1.4666666666666668
最优解：1.5294117647058825
solutionList.size() = 1
pattern.getKey() = 0@6@9@10@11@12@19@
用时：0.171 s
--------------------------------------- Price Problem End --------------------------------------------------------
		24 Add column : 1 col:27 	3.297
			Start solve  LP :3.297
			End solve LP obj: 3.4473684210526314 t: 0
com.wlj.solver.BBSolver:
--------------------------------------- Price Problem Start --------------------------------------------------------
dualPrice.size = 20 , dualPrice = [0.7105263157894737, 0.7105263157894737, 0.2894736842105263, 0.26315789473684204, 0.21052631578947367, 0.42105263157894735, 0.07894736842105265, 0.13157894736842102, 0.07894736842105263, -0.0, 0.07894736842105265, 0.07894736842105263, -0.0, -0.0, -0.0, -0.0, -0.0, 0.2894736842105263, 0.05263157894736839, 0.05263157894736839]
			Active cut size: 0
W = 40 
H = 40
normalXList.size = 38
normalYList.size = 37
xList.size = 37
yList.size = 33
squareList.size = 14
myConsList.size = 0
当前上界 = 1.9473684210526314
当前上界 = 1.8842105263157893
当前上界 = 1.8210526315789473
当前上界 = 1.7578947368421052
当前上界 = 1.694736842105263
当前上界 = 1.631578947368421
当前上界 = 1.568421052631579
当前上界 = 1.5052631578947369
当前上界 = 1.4421052631578948
最优解：1.4736842105263157
solutionList.size() = 8
pattern.getKey() = 1@4@10@11@17@18@19@
用时：4.306 s
--------------------------------------- Price Problem End --------------------------------------------------------
		25 Add column : 1 col:28 	7.603
			Start solve  LP :7.603
			End solve LP obj: 3.424242424242424 t: 0
com.wlj.solver.BBSolver:
--------------------------------------- Price Problem Start --------------------------------------------------------
dualPrice.size = 20 , dualPrice = [0.7878787878787878, 0.6060606060606061, 0.3939393939393939, 0.4545454545454547, 0.18181818181818177, 0.3939393939393939, 0.09090909090909088, -0.0, 0.030303030303030335, -0.0, 0.0303030303030304, 1.1102230246251565E-16, 0.090909090909091, 0.18181818181818177, -0.0, -0.0, -0.0, 0.12121212121212116, 0.0606060606060605, -0.0]
			Active cut size: 0
W = 40 
H = 40
normalXList.size = 33
normalYList.size = 34
xList.size = 27
yList.size = 31
squareList.size = 13
myConsList.size = 0
当前上界 = 2.0303030303030303
当前上界 = 1.9616161616161616
当前上界 = 1.892929292929293
当前上界 = 1.8242424242424242
当前上界 = 1.7555555555555555
当前上界 = 1.6868686868686869
当前上界 = 1.6181818181818182
当前上界 = 1.5494949494949495
当前上界 = 1.4808080808080808
最优解：1.515151515151515
solutionList.size() = 2
pattern.getKey() = 0@4@6@12@13@17@18@
pattern.getKey() = 3@4@5@10@12@13@17@18@
用时：0.463 s
--------------------------------------- Price Problem End --------------------------------------------------------
		26 Add column : 1 col:29 	8.067
			Start solve  LP :8.067
			End solve LP obj: 3.4 t: 0
com.wlj.solver.BBSolver:
--------------------------------------- Price Problem Start --------------------------------------------------------
dualPrice.size = 20 , dualPrice = [0.7, 0.6, 0.4, 0.3, 0.30000000000000004, 0.2, 0.09999999999999998, 0.20000000000000018, 0.09999999999999992, 0.10000000000000009, -0.0, 0.0, 0.09999999999999998, -0.0, -1.1102230246251565E-16, 0.20000000000000007, -0.0, 0.09999999999999998, -0.0, -0.0]
			Active cut size: 0
W = 40 
H = 40
normalXList.size = 29
normalYList.size = 36
xList.size = 24
yList.size = 33
squareList.size = 13
myConsList.size = 0
当前上界 = 1.7000000000000006
当前上界 = 1.653333333333334
当前上界 = 1.6066666666666674
当前上界 = 1.5600000000000007
当前上界 = 1.513333333333334
当前上界 = 1.4666666666666675
当前上界 = 1.4200000000000008
当前上界 = 1.3733333333333342
最优解：1.4000000000000004
solutionList.size() = 14
pattern.getKey() = 0@7@9@12@15@17@
用时：0.086 s
--------------------------------------- Price Problem End --------------------------------------------------------
		27 Add column : 1 col:30 	8.153
			Start solve  LP :8.153
			End solve LP obj: 3.3898305084745766 t: 1
com.wlj.solver.BBSolver:
--------------------------------------- Price Problem Start --------------------------------------------------------
dualPrice.size = 20 , dualPrice = [0.711864406779661, 0.5762711864406779, 0.4237288135593221, 0.37288135593220334, 0.18644067796610175, 0.25423728813559343, 0.15254237288135564, -0.0, 0.11864406779661016, 0.01694915254237317, -0.0, 0.08474576271186449, 0.033898305084745645, -0.0, 0.13559322033898338, 0.08474576271186426, 0.08474576271186426, 0.15254237288135586, -0.0, -0.0]
			Active cut size: 0
W = 40 
H = 40
normalXList.size = 32
normalYList.size = 41
xList.size = 29
yList.size = 41
squareList.size = 15
myConsList.size = 0
当前上界 = 1.7966101694915253
当前上界 = 1.743502824858757
当前上界 = 1.6903954802259886
当前上界 = 1.6372881355932203
当前上界 = 1.584180790960452
最优解：1.6101694915254234
solutionList.size() = 1
pattern.getKey() = 1@2@6@14@15@16@17@
用时：0.537 s
--------------------------------------- Price Problem End --------------------------------------------------------
		28 Add column : 1 col:31 	8.691
			Start solve  LP :8.691
			End solve LP obj: 3.2857142857142856 t: 0
com.wlj.solver.BBSolver:
--------------------------------------- Price Problem Start --------------------------------------------------------
dualPrice.size = 20 , dualPrice = [0.7142857142857144, 0.5714285714285713, 0.4285714285714287, 0.5714285714285717, 0.28571428571428575, 0.14285714285714268, -0.0, 0.14285714285714285, 0.14285714285714277, 0.14285714285714285, -0.0, -1.6653345369377348E-16, -0.0, -0.0, -0.0, -8.723180907769091E-17, 8.723180907769091E-17, -0.0, -2.7755575615628914E-17, 0.1428571428571429]
			Active cut size: 0
W = 40 
H = 39
normalXList.size = 33
normalYList.size = 19
xList.size = 29
yList.size = 10
squareList.size = 10
myConsList.size = 0
当前上界 = 1.7142857142857149
当前上界 = 1.6666666666666672
当前上界 = 1.6190476190476195
当前上界 = 1.5714285714285718
当前上界 = 1.5238095238095242
当前上界 = 1.4761904761904765
当前上界 = 1.4285714285714288
当前上界 = 1.3809523809523812
当前上界 = 1.3333333333333335
当前上界 = 1.2857142857142858
当前上界 = 1.2380952380952381
当前上界 = 1.1904761904761905
当前上界 = 1.1428571428571428
最优解：1.142857142857143
solutionList.size() = 14
pattern.getKey() = 0@7@9@19@
pattern.getKey() = 3@7@8@9@19@
用时：0.019 s
--------------------------------------- Price Problem End --------------------------------------------------------
		29 Add column : 1 col:32 	8.711
			Start solve  LP :8.711
			End solve LP obj: 3.257142857142857 t: 0
com.wlj.solver.BBSolver:
--------------------------------------- Price Problem Start --------------------------------------------------------
dualPrice.size = 20 , dualPrice = [0.6857142857142858, 0.6, 0.4, 0.4857142857142858, 0.22857142857142862, 0.2571428571428572, -0.0, 0.14285714285714285, 0.11428571428571427, 0.1714285714285714, -0.0, 0.05714285714285727, 2.7755575615628914E-17, -0.0, -0.0, 0.0, -0.0, -0.0, 0.02857142857142858, 0.08571428571428555]
			Active cut size: 0
W = 40 
H = 40
normalXList.size = 39
normalYList.size = 24
xList.size = 39
yList.size = 13
squareList.size = 12
myConsList.size = 0
当前上界 = 1.685714285714286
当前上界 = 1.6400000000000001
当前上界 = 1.5942857142857143
当前上界 = 1.5485714285714285
当前上界 = 1.5028571428571427
当前上界 = 1.4571428571428569
当前上界 = 1.411428571428571
当前上界 = 1.3657142857142852
当前上界 = 1.3199999999999994
当前上界 = 1.2742857142857136
当前上界 = 1.2285714285714278
最优解：1.2285714285714286
solutionList.size() = 1
pattern.getKey() = 3@5@7@9@11@18@19@
用时：0.102 s
--------------------------------------- Price Problem End --------------------------------------------------------
		30 Add column : 1 col:33 	8.814
			Start solve  LP :8.814
			End solve LP obj: 3.238095238095238 t: 0
com.wlj.solver.BBSolver:
--------------------------------------- Price Problem Start --------------------------------------------------------
dualPrice.size = 20 , dualPrice = [0.7142857142857143, 0.5714285714285714, 0.33333333333333326, 0.4761904761904761, 0.2857142857142857, 0.19047619047619052, -0.0, 0.09523809523809525, 0.19047619047619047, 0.09523809523809525, -0.0, -0.0, 0.04761904761904759, -0.0, 0.0476190476190476, 0.047619047619047616, -0.0, -0.0, -0.0, 0.14285714285714285]
			Active cut size: 0
W = 40 
H = 40
normalXList.size = 33
normalYList.size = 41
xList.size = 29
yList.size = 41
squareList.size = 13
myConsList.size = 0
当前上界 = 1.7142857142857144
当前上界 = 1.6666666666666667
当前上界 = 1.619047619047619
当前上界 = 1.5714285714285714
当前上界 = 1.5238095238095237
当前上界 = 1.476190476190476
当前上界 = 1.4285714285714284
当前上界 = 1.3809523809523807
当前上界 = 1.333333333333333
当前上界 = 1.2857142857142854
最优解：1.2857142857142856
solutionList.size() = 3
pattern.getKey() = 0@4@12@14@15@19@
用时：0.67 s
--------------------------------------- Price Problem End --------------------------------------------------------
		31 Add column : 1 col:34 	9.485
			Start solve  LP :9.485
			End solve LP obj: 3.1666666666666665 t: 0
com.wlj.solver.BBSolver:
--------------------------------------- Price Problem Start --------------------------------------------------------
dualPrice.size = 20 , dualPrice = [0.6666666666666666, 0.6666666666666667, 0.33333333333333326, 0.4999999999999999, 0.16666666666666657, 0.2500000000000001, -0.0, -2.7755575615628914E-17, 0.25, 0.08333333333333336, -0.0, -0.0, 5.551115123125783E-17, 0.08333333333333338, -0.0, 0.0, -0.0, -0.0, -0.0, 0.1666666666666667]
			Active cut size: 0
W = 40 
H = 39
normalXList.size = 33
normalYList.size = 23
xList.size = 29
yList.size = 14
squareList.size = 10
myConsList.size = 0
当前上界 = 1.8333333333333333
当前上界 = 1.7777777777777777
当前上界 = 1.722222222222222
当前上界 = 1.6666666666666665
当前上界 = 1.611111111111111
当前上界 = 1.5555555555555554
当前上界 = 1.4999999999999998
当前上界 = 1.4444444444444442
当前上界 = 1.3888888888888886
当前上界 = 1.333333333333333
最优解：1.3333333333333335
solutionList.size() = 1
pattern.getKey() = 3@5@8@9@13@19@
用时：0.052 s
--------------------------------------- Price Problem End --------------------------------------------------------
		32 Add column : 1 col:35 	9.538
			Start solve  LP :9.538
			End solve LP obj: 3.1666666666666665 t: 0
com.wlj.solver.BBSolver:
--------------------------------------- Price Problem Start --------------------------------------------------------
dualPrice.size = 20 , dualPrice = [0.6666666666666667, 0.5833333333333334, 0.41666666666666663, 0.5, 0.25, 0.16666666666666674, 0.0, 0.0833333333333333, 0.16666666666666666, 0.16666666666666666, -0.0, 0.08333333333333336, 0.08333333333333336, 0.0, -0.0, -0.0, -0.0, -0.0, -0.0, 0.0]
			Active cut size: 0
W = 40 
H = 40
normalXList.size = 32
normalYList.size = 21
xList.size = 29
yList.size = 10
squareList.size = 11
myConsList.size = 0
当前上界 = 1.5833333333333335
当前上界 = 1.5444444444444445
当前上界 = 1.5055555555555555
当前上界 = 1.4666666666666666
当前上界 = 1.4277777777777776
当前上界 = 1.3888888888888886
当前上界 = 1.3499999999999996
当前上界 = 1.3111111111111107
当前上界 = 1.2722222222222217
当前上界 = 1.2333333333333327
当前上界 = 1.1944444444444438
当前上界 = 1.1555555555555548
最优解：1.1666666666666667
solutionList.size() = 2
pattern.getKey() = 0@8@9@11@12@
用时：0.006 s
--------------------------------------- Price Problem End --------------------------------------------------------
		33 Add column : 1 col:36 	9.545
			Start solve  LP :9.545
			End solve LP obj: 3.1666666666666665 t: 0
com.wlj.solver.BBSolver:
--------------------------------------- Price Problem Start --------------------------------------------------------
dualPrice.size = 20 , dualPrice = [0.6666666666666667, 0.5384615384615385, 0.4615384615384615, 0.48717948717948717, 0.24358974358974356, 0.15384615384615383, 0.0, 0.1282051282051282, 0.14102564102564102, 0.1282051282051282, 0.0641025641025641, 0.03846153846153846, 0.02564102564102564, 0.02564102564102566, -0.0, -0.0, -0.0, -0.0, -0.0, 0.06410256410256407]
			Active cut size: 0
W = 40 
H = 40
normalXList.size = 35
normalYList.size = 37
xList.size = 33
yList.size = 33
squareList.size = 14
myConsList.size = 0
当前上界 = 1.5512820512820513
当前上界 = 1.5145299145299145
当前上界 = 1.4777777777777776
当前上界 = 1.4410256410256408
当前上界 = 1.404273504273504
当前上界 = 1.367521367521367
当前上界 = 1.3307692307692303
当前上界 = 1.2940170940170934
当前上界 = 1.2572649572649566
当前上界 = 1.2205128205128197
当前上界 = 1.1837606837606829
当前上界 = 1.147008547008546
最优解：1.1538461538461537
solutionList.size() = 3
pattern.getKey() = 2@4@5@8@10@13@19@
用时：0.532 s
--------------------------------------- Price Problem End --------------------------------------------------------
		34 Add column : 1 col:37 	10.078
			Start solve  LP :10.079
			End solve LP obj: 3.1588785046728964 t: 0
com.wlj.solver.BBSolver:
--------------------------------------- Price Problem Start --------------------------------------------------------
dualPrice.size = 20 , dualPrice = [0.6355140186915886, 0.5607476635514018, 0.4392523364485982, 0.514018691588785, 0.224299065420561, 0.046728971962616606, 0.0, 0.16822429906542072, 0.13084112149532715, 0.12149532710280378, 0.06542056074766367, 0.03738317757009357, 0.07476635514018687, 0.028037383177569736, -0.0, -0.0, -0.0, -0.0, 0.0467289719626168, 0.06542056074766349]
			Active cut size: 0
W = 40 
H = 40
normalXList.size = 39
normalYList.size = 37
xList.size = 39
yList.size = 33
squareList.size = 15
myConsList.size = 0
当前上界 = 1.5794392523364487
当前上界 = 1.540809968847352
当前上界 = 1.5021806853582553
当前上界 = 1.4635514018691587
当前上界 = 1.424922118380062
当前上界 = 1.3862928348909653
当前上界 = 1.3476635514018687
当前上界 = 1.309034267912772
当前上界 = 1.2704049844236753
当前上界 = 1.2317757009345787
最优解：1.2523364485981308
solutionList.size() = 1
pattern.getKey() = 3@7@8@9@10@11@12@13@18@19@
用时：1.409 s
--------------------------------------- Price Problem End --------------------------------------------------------
		35 Add column : 1 col:38 	11.488
			Start solve  LP :11.489
			End solve LP obj: 3.142857142857143 t: 0
com.wlj.solver.BBSolver:
--------------------------------------- Price Problem Start --------------------------------------------------------
dualPrice.size = 20 , dualPrice = [0.7142857142857144, 0.5714285714285714, 0.42857142857142866, 0.5714285714285715, 0.28571428571428553, 0.14285714285714293, 0.0, 0.14285714285714263, 0.14285714285714268, 0.14285714285714296, 1.9630761662690267E-16, 1.1102230246251565E-16, -2.6241635127503693E-17, 1.6653345369377348E-16, -0.0, -0.0, -0.0, -0.0, -2.498001805406602E-16, 3.3306690738754695E-17]
			Active cut size: 0
W = 40 
H = 38
normalXList.size = 28
normalYList.size = 6
xList.size = 22
yList.size = 5
squareList.size = 9
myConsList.size = 0
当前上界 = 1.5714285714285716
当前上界 = 1.5333333333333334
当前上界 = 1.4952380952380953
当前上界 = 1.457142857142857
当前上界 = 1.419047619047619
当前上界 = 1.3809523809523807
当前上界 = 1.3428571428571425
当前上界 = 1.3047619047619043
当前上界 = 1.2666666666666662
当前上界 = 1.228571428571428
当前上界 = 1.1904761904761898
当前上界 = 1.1523809523809516
当前上界 = 1.1142857142857134
当前上界 = 1.0761904761904753
当前上界 = 1.038095238095237
当前上界 = 0.999999999999999
最优解：1.0
solutionList.size() = 4
用时：0.003 s
--------------------------------------- Price Problem End --------------------------------------------------------
		36 Add column : 0 col:39 	11.492
	1 End Add column using column generation : 3.142857142857143 col: 39 cons: 0 cut: 0	11.492
   End add columnAndCut : 3.142857142857143 colGencnt: 1 price: 0 col: 39 cons: 0 cut: 0	11.492

Node lb: 3.142857142857143 ub: 4 : 11.492

Final Found Solution: 4 genNode: 1 extendedNode: 0:11.492
Bin size: 1600
1 : 667,171,110,98,42, : 1088
2 : 450,264,256,192,42,34,26,3, : 1267
3 : 725,136,90,31,27, : 1009
4 : 493,312, : 805
----------------------- 1 ---------------------------
canvasWidth:40,
canvasHeight:40,
data:[{x:17,y:0,l:29,w:23},{x:8,y:0,l:19,w:9},{x:11,y:19,l:7,w:6},{x:29,y:30,l:10,w:11},{x:0,y:0,l:14,w:7},],
----------------------- 2 ---------------------------
canvasWidth:40,
canvasHeight:40,
data:[{x:8,y:0,l:8,w:32},{x:2,y:0,l:7,w:6},{x:5,y:7,l:1,w:3},{x:34,y:8,l:32,w:6},{x:9,y:8,l:18,w:25},{x:7,y:8,l:13,w:2},{x:12,y:26,l:12,w:22},{x:17,y:38,l:2,w:17},],
----------------------- 3 ---------------------------
canvasWidth:40,
canvasHeight:40,
data:[{x:10,y:0,l:3,w:30},{x:1,y:0,l:3,w:9},{x:9,y:3,l:1,w:31},{x:36,y:4,l:34,w:4},{x:11,y:4,l:29,w:25},],
----------------------- 4 ---------------------------
canvasWidth:40,
canvasHeight:40,
data:[{x:23,y:0,l:29,w:17},{x:11,y:0,l:26,w:12},],
