====================================== Class_02.2bp-17 =====================================
Reduced size: 40 usedBin: 0
[1, 3, 4, 5, 7, 8, 12, 13, 14, 17, 18, 20, 21, 23, 26, 30, 31, 35, 36, 37, 38]
[0, 2, 6, 9, 10, 11, 15, 16, 19, 22, 24, 25, 27, 28, 29, 32, 33, 34, 39]
------------------------------------------------
Best fit used bin number: 2
Found best solution: 2 0.25

   Statrt add columnAndCut col: 2 cons: 0 cut: 0	0.313

	1 Start Add column using column generation  col: 2 cons: 0 cut: 0	0.313
			Start solve  LP :0.328
			End solve LP obj: 2.0 t: 0
	1 End Add column using column generation : 2.0 col: 2 cons: 0 cut: 0	0.328
   End add columnAndCut : 2.0 colGencnt: 1 price: 0 col: 2 cons: 0 cut: 0	0.328

Node lb: 2.0 ub: 2 : 0.328

Final Found Solution: 2 genNode: 1 extendedNode: 0:0.328
Bin size: 900
1 : 80,72,72,70,64,63,50,45,45,40,40,40,36,24,18,9,9,6,3,3,2, : 791
2 : 90,72,70,60,60,54,42,42,40,36,20,20,12,10,10,8,8,7,2, : 663
----------------------- 1 ---------------------------
canvasWidth:30,
canvasHeight:30,
data:[{x:25,y:0,l:10,w:5},{x:25,y:10,l:8,w:5},{x:28,y:18,l:3,w:2},{x:28,y:21,l:1,w:2},{x:25,y:18,l:1,w:3},{x:17,y:0,l:9,w:8},{x:10,y:0,l:9,w:7},{x:5,y:0,l:9,w:5},{x:4,y:0,l:9,w:1},{x:18,y:9,l:10,w:7},{x:19,y:19,l:3,w:6},{x:18,y:19,l:3,w:1},{x:10,y:9,l:9,w:8},{x:5,y:9,l:9,w:5},{x:4,y:9,l:9,w:1},{x:20,y:22,l:8,w:10},{x:12,y:22,l:8,w:8},{x:4,y:22,l:5,w:8},{x:0,y:0,l:10,w:4},{x:0,y:10,l:9,w:4},{x:0,y:19,l:6,w:4},],
----------------------- 2 ---------------------------
canvasWidth:30,
canvasHeight:30,
data:[{x:20,y:0,l:9,w:10},{x:20,y:9,l:7,w:10},{x:20,y:16,l:6,w:10},{x:20,y:22,l:6,w:10},{x:20,y:28,l:2,w:10},{x:10,y:0,l:4,w:10},{x:1,y:0,l:4,w:9},{x:0,y:0,l:2,w:1},{x:10,y:4,l:1,w:10},{x:2,y:4,l:1,w:8},{x:11,y:5,l:8,w:9},{x:10,y:5,l:8,w:1},{x:1,y:5,l:6,w:9},{x:19,y:13,l:10,w:1},{x:19,y:23,l:7,w:1},{x:17,y:13,l:10,w:2},{x:17,y:23,l:6,w:2},{x:10,y:13,l:6,w:7},{x:10,y:19,l:6,w:7},],
