====================================== Class_06.2bp-26 =====================================
Reduced size: 60 usedBin: 0
[0, 1, 2, 3, 5, 6, 8, 9, 11, 13, 14, 17, 18, 19, 21, 23, 24, 25, 26, 28, 29, 30, 39, 41, 42, 43, 45, 46, 50, 51, 54, 55, 57, 58, 59]
[4, 7, 10, 12, 15, 16, 20, 22, 27, 31, 32, 33, 34, 35, 36, 37, 38, 40, 44, 47, 48, 49, 52, 53, 56]
------------------------------------------------
Best fit used bin number: 2
Found best solution: 2 0.125

   Statrt add columnAndCut col: 2 cons: 0 cut: 0	0.187

	1 Start Add column using column generation  col: 2 cons: 0 cut: 0	0.187
			Start solve  LP :0.187
			End solve LP obj: 2.0 t: 0
	1 End Add column using column generation : 2.0 col: 2 cons: 0 cut: 0	0.187
   End add columnAndCut : 2.0 colGencnt: 1 price: 0 col: 2 cons: 0 cut: 0	0.187

Node lb: 2.0 ub: 2 : 0.187

Final Found Solution: 2 genNode: 1 extendedNode: 0:0.187
Bin size: 90000
1 : 7998,7820,7332,6075,5684,5590,5088,4446,3969,3782,3318,2639,2352,2257,1800,1533,1512,1463,1458,1360,1320,1050,810,720,580,488,440,435,240,210,180,168,134,16,14, : 84281
2 : 5852,5452,4089,3800,3240,2686,1960,1568,1407,1044,1014,980,966,954,850,840,814,750,448,384,329,319,208,190,162, : 40306
----------------------- 1 ---------------------------
canvasWidth:300,
canvasHeight:300,
data:[{x:208,y:0,l:85,w:92},{x:242,y:85,l:98,w:58},{x:218,y:85,l:98,w:24},{x:208,y:85,l:81,w:10},{x:247,y:183,l:96,w:53},{x:210,y:183,l:61,w:37},{x:217,y:244,l:35,w:30},{x:208,y:244,l:20,w:9},{x:228,y:279,l:21,w:72},{x:214,y:279,l:15,w:14},{x:115,y:0,l:86,w:93},{x:21,y:0,l:78,w:94},{x:28,y:78,l:5,w:87},{x:21,y:78,l:2,w:7},{x:2,y:0,l:77,w:19},{x:0,y:0,l:67,w:2},{x:129,y:86,l:42,w:79},{x:130,y:128,l:57,w:78},{x:129,y:128,l:16,w:1},{x:147,y:185,l:8,w:61},{x:152,y:193,l:3,w:56},{x:63,y:86,l:20,w:66},{x:64,y:106,l:86,w:65},{x:127,y:196,l:75,w:81},{x:106,y:196,l:73,w:21},{x:66,y:196,l:45,w:40},{x:66,y:241,l:18,w:40},{x:0,y:86,l:62,w:61},{x:3,y:148,l:10,w:58},{x:7,y:158,l:27,w:54},{x:12,y:185,l:81,w:49},{x:6,y:185,l:40,w:6},{x:117,y:271,l:29,w:91},{x:32,y:271,l:16,w:85},{x:73,y:287,l:10,w:44},],
----------------------- 2 ---------------------------
canvasWidth:300,
canvasHeight:300,
data:[{x:223,y:0,l:76,w:77},{x:173,y:0,l:76,w:50},{x:86,y:0,l:47,w:87},{x:103,y:47,l:28,w:70},{x:87,y:47,l:28,w:16},{x:5,y:0,l:40,w:81},{x:7,y:40,l:34,w:79},{x:242,y:76,l:94,w:58},{x:254,y:170,l:21,w:46},{x:244,y:170,l:19,w:10},{x:272,y:191,l:56,w:28},{x:273,y:247,l:6,w:27},{x:274,y:253,l:39,w:26},{x:274,y:292,l:8,w:26},{x:254,y:191,l:58,w:18},{x:242,y:191,l:32,w:12},{x:255,y:249,l:50,w:17},{x:244,y:249,l:29,w:11},{x:205,y:76,l:22,w:37},{x:221,y:98,l:67,w:21},{x:228,y:165,l:70,w:14},{x:221,y:165,l:47,w:7},{x:224,y:235,l:53,w:18},{x:206,y:98,l:50,w:15},{x:185,y:98,l:40,w:21},],
