====================================== Class_07.2bp-18 =====================================
Reduced size: 40 usedBin: 0
[0, 10, 29, 31]
[2, 17, 19, 24, 26, 37]
[7, 8, 13]
[3, 5, 15, 36, 38]
[1, 11, 18, 28, 34]
[6, 16, 22, 25, 33, 35]
[9, 12, 20, 23, 32]
[4, 14, 21, 27, 30, 39]
------------------------------------------------
Best fit used bin number: 8
Found best solution: 8 0.141

   Statrt add columnAndCut col: 8 cons: 0 cut: 0	0.203

	1 Start Add column using column generation  col: 8 cons: 0 cut: 0	0.203
			Start solve  LP :0.203
			End solve LP obj: 8.0 t: 0
	1 End Add column using column generation : 8.0 col: 8 cons: 0 cut: 0	0.203
   End add columnAndCut : 8.0 colGencnt: 1 price: 0 col: 8 cons: 0 cut: 0	0.203

Node lb: 8.0 ub: 8 : 0.203

Final Found Solution: 8 genNode: 1 extendedNode: 0:0.203
Bin size: 10000
1 : 4263,2744,640,504, : 8151
2 : 3645,1640,1620,1411,836,150, : 9302
3 : 3066,2842,2146, : 8054
4 : 3476,3290,2016,152,148, : 9082
5 : 4171,2520,1620,644,420, : 9375
6 : 3145,1968,1562,984,456,392, : 8507
7 : 2754,2254,1575,1440,456, : 8479
8 : 3403,2136,1566,800,546,96, : 8547
----------------------- 1 ---------------------------
canvasWidth:100,
canvasHeight:100,
data:[{x:72,y:0,l:98,w:28},{x:23,y:0,l:87,w:49},{x:17,y:0,l:84,w:6},{x:9,y:0,l:80,w:8},],
----------------------- 2 ---------------------------
canvasWidth:100,
canvasHeight:100,
data:[{x:55,y:0,l:81,w:45},{x:56,y:81,l:19,w:44},{x:37,y:0,l:90,w:18},{x:40,y:90,l:10,w:15},{x:20,y:0,l:83,w:17},{x:0,y:0,l:82,w:20},],
----------------------- 3 ---------------------------
canvasWidth:100,
canvasHeight:100,
data:[{x:71,y:0,l:98,w:29},{x:42,y:0,l:74,w:29},{x:0,y:0,l:73,w:42},],
----------------------- 4 ---------------------------
canvasWidth:100,
canvasHeight:100,
data:[{x:79,y:0,l:96,w:21},{x:44,y:0,l:94,w:35},{x:0,y:0,l:79,w:44},{x:24,y:96,l:2,w:76},{x:26,y:98,l:2,w:74},],
----------------------- 5 ---------------------------
canvasWidth:100,
canvasHeight:100,
data:[{x:70,y:0,l:84,w:30},{x:70,y:84,l:14,w:30},{x:27,y:0,l:97,w:43},{x:20,y:0,l:92,w:7},{x:0,y:0,l:81,w:20},],
----------------------- 6 ---------------------------
canvasWidth:100,
canvasHeight:100,
data:[{x:78,y:0,l:71,w:22},{x:86,y:71,l:28,w:14},{x:41,y:0,l:85,w:37},{x:0,y:0,l:48,w:41},{x:17,y:48,l:41,w:24},{x:5,y:48,l:38,w:12},],
----------------------- 7 ---------------------------
canvasWidth:100,
canvasHeight:100,
data:[{x:77,y:0,l:98,w:23},{x:62,y:0,l:96,w:15},{x:28,y:0,l:81,w:34},{x:7,y:0,l:75,w:21},{x:1,y:0,l:76,w:6},],
----------------------- 8 ---------------------------
canvasWidth:100,
canvasHeight:100,
data:[{x:76,y:0,l:89,w:24},{x:70,y:0,l:91,w:6},{x:52,y:0,l:87,w:18},{x:11,y:0,l:83,w:41},{x:28,y:83,l:4,w:24},{x:1,y:0,l:80,w:10},],
