====================================== Class_07.2bp-27 =====================================
Reduced size: 60 usedBin: 0
[2, 39]
[4, 8, 54, 55]
[26, 31, 37, 40, 48]
[6, 7, 59]
[11, 17, 29]
[10, 23]
[24, 32, 36, 42, 58]
[0, 21, 56]
[5, 20, 35]
[14, 18, 45, 52, 53]
[16, 25, 43, 44, 57]
[13, 19, 47, 49, 51]
[12, 28, 41, 46]
[1, 38]
[9, 15, 30]
[22, 27, 33, 50]
[3, 34]
------------------------------------------------
Best fit used bin number: 17
Found best solution: 17 0.141

   Statrt add columnAndCut col: 17 cons: 0 cut: 0	0.203

	1 Start Add column using column generation  col: 17 cons: 0 cut: 0	0.203
			Start solve  LP :0.203
			End solve LP obj: 17.0 t: 0
	1 End Add column using column generation : 17.0 col: 17 cons: 0 cut: 0	0.203
   End add columnAndCut : 17.0 colGencnt: 1 price: 0 col: 17 cons: 0 cut: 0	0.203

Node lb: 17.0 ub: 17 : 0.203

Final Found Solution: 17 genNode: 1 extendedNode: 0:0.203
Bin size: 10000
1 : 6561,1482, : 8043
2 : 5141,4136,267,222, : 9766
3 : 2673,1943,1520,1474,792, : 8402
4 : 4459,4455,38, : 8952
5 : 3900,3145,2231, : 9276
6 : 4015,2736, : 6751
7 : 2730,1925,1640,1440,64, : 7799
8 : 6693,2852,207, : 9752
9 : 4560,2886,1720, : 9166
10 : 3479,3069,1044,532,435, : 8559
11 : 3276,2730,1300,1260,178, : 8744
12 : 3696,2926,828,667,576, : 8693
13 : 3738,2295,1463,1032, : 8528
14 : 6630,1496, : 8126
15 : 4029,3456,2100, : 9585
16 : 2848,2574,1911,630, : 7963
17 : 5440,1760, : 7200
----------------------- 1 ---------------------------
canvasWidth:100,
canvasHeight:100,
data:[{x:19,y:0,l:81,w:81},{x:0,y:0,l:78,w:19},],
----------------------- 2 ---------------------------
canvasWidth:100,
canvasHeight:100,
data:[{x:47,y:0,l:97,w:53},{x:3,y:0,l:94,w:44},{x:0,y:0,l:89,w:3},{x:26,y:97,l:3,w:74},],
----------------------- 3 ---------------------------
canvasWidth:100,
canvasHeight:100,
data:[{x:19,y:0,l:33,w:81},{x:71,y:33,l:67,w:29},{x:49,y:33,l:67,w:22},{x:37,y:33,l:66,w:12},{x:0,y:0,l:80,w:19},],
----------------------- 4 ---------------------------
canvasWidth:100,
canvasHeight:100,
data:[{x:1,y:0,l:45,w:99},{x:0,y:0,l:38,w:1},{x:9,y:45,l:49,w:91},],
----------------------- 5 ---------------------------
canvasWidth:100,
canvasHeight:100,
data:[{x:61,y:0,l:100,w:39},{x:38,y:0,l:97,w:23},{x:1,y:0,l:85,w:37},],
----------------------- 6 ---------------------------
canvasWidth:100,
canvasHeight:100,
data:[{x:45,y:0,l:73,w:55},{x:7,y:0,l:72,w:38},],
----------------------- 7 ---------------------------
canvasWidth:100,
canvasHeight:100,
data:[{x:84,y:0,l:90,w:16},{x:84,y:90,l:4,w:16},{x:64,y:0,l:82,w:20},{x:29,y:0,l:78,w:35},{x:4,y:0,l:77,w:25},],
----------------------- 8 ---------------------------
canvasWidth:100,
canvasHeight:100,
data:[{x:3,y:0,l:69,w:97},{x:0,y:0,l:69,w:3},{x:8,y:69,l:31,w:92},],
----------------------- 9 ---------------------------
canvasWidth:100,
canvasHeight:100,
data:[{x:20,y:0,l:57,w:80},{x:22,y:57,l:37,w:78},{x:0,y:0,l:86,w:20},],
----------------------- 10 ---------------------------
canvasWidth:100,
canvasHeight:100,
data:[{x:67,y:0,l:93,w:33},{x:54,y:0,l:87,w:12},{x:49,y:0,l:87,w:5},{x:0,y:0,l:71,w:49},{x:30,y:71,l:28,w:19},],
----------------------- 11 ---------------------------
canvasWidth:100,
canvasHeight:100,
data:[{x:87,y:0,l:100,w:13},{x:51,y:0,l:91,w:36},{x:37,y:0,l:90,w:14},{x:35,y:0,l:89,w:2},{x:0,y:0,l:78,w:35},],
----------------------- 12 ---------------------------
canvasWidth:100,
canvasHeight:100,
data:[{x:62,y:0,l:77,w:38},{x:71,y:77,l:23,w:29},{x:53,y:0,l:92,w:9},{x:9,y:0,l:84,w:44},{x:1,y:0,l:72,w:8},],
----------------------- 13 ---------------------------
canvasWidth:100,
canvasHeight:100,
data:[{x:58,y:0,l:89,w:42},{x:46,y:0,l:86,w:12},{x:19,y:0,l:85,w:27},{x:0,y:0,l:77,w:19},],
----------------------- 14 ---------------------------
canvasWidth:100,
canvasHeight:100,
data:[{x:22,y:0,l:85,w:78},{x:0,y:0,l:68,w:22},],
----------------------- 15 ---------------------------
canvasWidth:100,
canvasHeight:100,
data:[{x:0,y:0,l:21,w:100},{x:49,y:21,l:79,w:51},{x:1,y:21,l:72,w:48},],
----------------------- 16 ---------------------------
canvasWidth:100,
canvasHeight:100,
data:[{x:68,y:0,l:89,w:32},{x:2,y:0,l:39,w:66},{x:19,y:39,l:39,w:49},{x:5,y:39,l:45,w:14},],
----------------------- 17 ---------------------------
canvasWidth:100,
canvasHeight:100,
data:[{x:80,y:0,l:88,w:20},{x:0,y:0,l:68,w:80},],
