====================================== Class_01.2bp-4 =====================================
Reduced size: 20 usedBin: 0
[4, 8, 9, 10, 18]
[0]
[2, 3, 13]
[1, 16]
[5, 7, 11, 15, 19]
[6, 12, 14, 17]
------------------------------------------------
Best fit used bin number: 6
Found best solution: 6 0.319

   Statrt add columnAndCut col: 6 cons: 0 cut: 0	0.382

	1 Start Add column using column generation  col: 6 cons: 0 cut: 0	0.382
			Start solve  LP :0.383
			End solve LP obj: 6.0 t: 2
	1 End Add column using column generation : 6.0 col: 6 cons: 0 cut: 0	0.385
   End add columnAndCut : 6.0 colGencnt: 1 price: 0 col: 6 cons: 0 cut: 0	0.385

Node lb: 6.0 ub: 6 : 0.385

Final Found Solution: 6 genNode: 1 extendedNode: 0:0.386
Bin size: 100
1 : 36,20,20,16,4, : 96
2 : 100, : 100
3 : 40,36,14, : 90
4 : 90,7, : 97
5 : 35,27,16,8,1, : 87
6 : 30,15,12,7, : 64
----------------------- 1 ---------------------------
canvasWidth:10,
canvasHeight:10,
data:[{x:0,y:0,l:2,w:10},{x:2,y:2,l:2,w:8},{x:0,y:2,l:2,w:2},{x:0,y:4,l:2,w:10},{x:1,y:6,l:4,w:9},],
----------------------- 2 ---------------------------
canvasWidth:10,
canvasHeight:10,
data:[{x:0,y:0,l:10,w:10},],
----------------------- 3 ---------------------------
canvasWidth:10,
canvasHeight:10,
data:[{x:6,y:0,l:10,w:4},{x:2,y:0,l:9,w:4},{x:0,y:0,l:7,w:2},],
----------------------- 4 ---------------------------
canvasWidth:10,
canvasHeight:10,
data:[{x:0,y:0,l:9,w:10},{x:3,y:9,l:1,w:7},],
----------------------- 5 ---------------------------
canvasWidth:10,
canvasHeight:10,
data:[{x:1,y:0,l:3,w:9},{x:5,y:3,l:7,w:5},{x:1,y:3,l:2,w:4},{x:0,y:3,l:1,w:1},{x:1,y:5,l:4,w:4},],
----------------------- 6 ---------------------------
canvasWidth:10,
canvasHeight:10,
data:[{x:4,y:0,l:5,w:6},{x:1,y:0,l:5,w:3},{x:3,y:5,l:1,w:7},{x:7,y:6,l:4,w:3},],
