====================================== Class_10.2bp-15 =====================================
Reduced size: 40 usedBin: 0
[3, 7, 10, 18, 23, 25, 26, 36, 37, 38]
[0, 19, 31, 35]
[2, 8, 13, 15, 21, 27, 33]
[1, 6, 17, 29, 32]
[4, 5, 16, 20, 24, 28, 30, 39]
[9, 11, 12, 14, 22, 34]
------------------------------------------------
Best fit used bin number: 6
Found best solution: 6 0.266

   Statrt add columnAndCut col: 6 cons: 0 cut: 0	0.328

	1 Start Add column using column generation  col: 6 cons: 0 cut: 0	0.328
			Start solve  LP :0.328
			End solve LP obj: 6.0 t: 0
	1 End Add column using column generation : 6.0 col: 6 cons: 0 cut: 0	0.328
   End add columnAndCut : 6.0 colGencnt: 1 price: 0 col: 6 cons: 0 cut: 0	0.328

Node lb: 6.0 ub: 6 : 0.328

Final Found Solution: 6 genNode: 1 extendedNode: 0:0.328
Bin size: 10000
1 : 3900,1634,1064,735,504,256,245,40,25,21, : 8424
2 : 7938,700,124,41, : 8803
3 : 4958,1457,957,888,594,207,108, : 9169
4 : 6438,1953,748,170,114, : 9423
5 : 3825,3082,792,686,261,198,160,13, : 9017
6 : 1225,1056,1012,900,512,78, : 4783
----------------------- 1 ---------------------------
canvasWidth:100,
canvasHeight:100,
data:[{x:61,y:0,l:100,w:39},{x:46,y:0,l:49,w:15},{x:47,y:49,l:36,w:14},{x:8,y:0,l:43,w:38},{x:18,y:43,l:38,w:28},{x:21,y:81,l:1,w:25},{x:30,y:82,l:16,w:16},{x:20,y:82,l:4,w:10},{x:1,y:0,l:35,w:7},{x:0,y:0,l:21,w:1},],
----------------------- 2 ---------------------------
canvasWidth:100,
canvasHeight:100,
data:[{x:19,y:0,l:98,w:81},{x:5,y:0,l:50,w:14},{x:4,y:0,l:41,w:1},{x:0,y:0,l:31,w:4},],
----------------------- 3 ---------------------------
canvasWidth:100,
canvasHeight:100,
data:[{x:82,y:0,l:33,w:18},{x:49,y:0,l:29,w:33},{x:55,y:29,l:4,w:27},{x:2,y:0,l:31,w:47},{x:26,y:33,l:67,w:74},{x:2,y:33,l:37,w:24},{x:3,y:70,l:9,w:23},],
----------------------- 4 ---------------------------
canvasWidth:100,
canvasHeight:100,
data:[{x:13,y:0,l:74,w:87},{x:2,y:0,l:68,w:11},{x:7,y:74,l:21,w:93},{x:66,y:95,l:5,w:34},{x:28,y:95,l:3,w:38},],
----------------------- 5 ---------------------------
canvasWidth:100,
canvasHeight:100,
data:[{x:93,y:0,l:98,w:7},{x:47,y:0,l:67,w:46},{x:60,y:67,l:24,w:33},{x:47,y:67,l:1,w:13},{x:51,y:68,l:22,w:9},{x:64,y:91,l:9,w:29},{x:2,y:0,l:85,w:45},{x:15,y:85,l:5,w:32},],
----------------------- 6 ---------------------------
canvasWidth:100,
canvasHeight:100,
data:[{x:75,y:0,l:49,w:25},{x:77,y:49,l:44,w:23},{x:75,y:49,l:39,w:2},{x:43,y:0,l:16,w:32},{x:42,y:16,l:32,w:33},{x:45,y:48,l:30,w:30},],
