====================================== Class_05.2bp-37 =====================================
Reduced size: 80 usedBin: 0
[16, 32, 53]
[6, 52, 65]
[13, 42, 62, 67]
[22, 30, 45, 56, 69, 73, 79]
[15, 21]
[28, 29, 34]
[11]
[12, 26, 75]
[19, 40, 54, 74]
[25, 33, 35, 66, 76, 77]
[23, 31, 50, 51, 70]
[5, 57, 59]
[9, 46, 60, 63]
[18, 39, 43, 72]
[24, 27, 44]
[10, 47, 78]
[8, 49]
[2, 64, 71]
[14, 20]
[0, 68]
[1]
[4]
[7]
[17, 37, 55, 61]
[3]
[36, 38, 41, 48, 58]
------------------------------------------------
Best fit used bin number: 26
Found best solution: 26 0.154

   Statrt add columnAndCut col: 26 cons: 0 cut: 0	0.221

	1 Start Add column using column generation  col: 26 cons: 0 cut: 0	0.221
			Start solve  LP :0.222
			End solve LP obj: 26.0 t: 2
	1 End Add column using column generation : 26.0 col: 26 cons: 0 cut: 0	0.224
   End add columnAndCut : 26.0 colGencnt: 1 price: 0 col: 26 cons: 0 cut: 0	0.224

Node lb: 26.0 ub: 26 : 0.224

Final Found Solution: 26 genNode: 1 extendedNode: 0:0.225
Bin size: 10000
1 : 4720,2840,1292, : 8852
2 : 7626,1368,434, : 9428
3 : 5520,2040,741,406, : 8707
4 : 3388,2968,1911,903,330,217,22, : 9739
5 : 4982,3520, : 8502
6 : 3120,3055,2660, : 8835
7 : 6006, : 6006
8 : 5985,3168,136, : 9289
9 : 4264,2088,1105,152, : 7609
10 : 3283,2688,2548,429,128,102, : 9178
11 : 3348,2967,1458,1395,270, : 9438
12 : 7722,901,798, : 9421
13 : 6474,1826,795,697, : 9792
14 : 4692,2139,1950,231, : 9012
15 : 3294,3159,1936, : 8389
16 : 6232,1725,46, : 8003
17 : 6790,1485, : 8275
18 : 8730,612,237, : 9579
19 : 5472,3936, : 9408
20 : 9500,370, : 9870
21 : 9000, : 9000
22 : 8352, : 8352
23 : 6930, : 6930
24 : 4712,2479,1056,777, : 9024
25 : 8712, : 8712
26 : 2546,2379,2077,1500,840, : 9342
----------------------- 1 ---------------------------
canvasWidth:100,
canvasHeight:100,
data:[{x:41,y:0,l:80,w:59},{x:1,y:0,l:71,w:40},{x:32,y:80,l:19,w:68},],
----------------------- 2 ---------------------------
canvasWidth:100,
canvasHeight:100,
data:[{x:18,y:0,l:93,w:82},{x:38,y:93,l:7,w:62},{x:0,y:0,l:76,w:18},],
----------------------- 3 ---------------------------
canvasWidth:100,
canvasHeight:100,
data:[{x:40,y:0,l:92,w:60},{x:1,y:0,l:19,w:39},{x:10,y:19,l:68,w:30},{x:3,y:19,l:58,w:7},],
----------------------- 4 ---------------------------
canvasWidth:100,
canvasHeight:100,
data:[{x:23,y:0,l:44,w:77},{x:1,y:0,l:1,w:22},{x:2,y:1,l:43,w:21},{x:47,y:44,l:56,w:53},{x:8,y:44,l:49,w:39},{x:16,y:93,l:7,w:31},{x:2,y:44,l:55,w:6},],
----------------------- 5 ---------------------------
canvasWidth:100,
canvasHeight:100,
data:[{x:6,y:0,l:53,w:94},{x:20,y:53,l:44,w:80},],
----------------------- 6 ---------------------------
canvasWidth:100,
canvasHeight:100,
data:[{x:35,y:0,l:48,w:65},{x:35,y:48,l:47,w:65},{x:0,y:0,l:76,w:35},],
----------------------- 7 ---------------------------
canvasWidth:100,
canvasHeight:100,
data:[{x:23,y:0,l:78,w:77},],
----------------------- 8 ---------------------------
canvasWidth:100,
canvasHeight:100,
data:[{x:1,y:0,l:32,w:99},{x:98,y:32,l:68,w:2},{x:3,y:32,l:63,w:95},],
----------------------- 9 ---------------------------
canvasWidth:100,
canvasHeight:100,
data:[{x:48,y:0,l:82,w:52},{x:19,y:0,l:72,w:29},{x:0,y:0,l:8,w:19},{x:2,y:8,l:65,w:17},],
----------------------- 10 ---------------------------
canvasWidth:100,
canvasHeight:100,
data:[{x:33,y:0,l:49,w:67},{x:48,y:49,l:49,w:52},{x:49,y:98,l:2,w:51},{x:32,y:49,l:8,w:16},{x:37,y:57,l:39,w:11},{x:0,y:0,l:84,w:32},],
----------------------- 11 ---------------------------
canvasWidth:100,
canvasHeight:100,
data:[{x:69,y:0,l:45,w:31},{x:0,y:0,l:43,w:69},{x:38,y:46,l:54,w:62},{x:11,y:46,l:54,w:27},{x:2,y:46,l:30,w:9},],
----------------------- 12 ---------------------------
canvasWidth:100,
canvasHeight:100,
data:[{x:22,y:0,l:99,w:78},{x:1,y:0,l:38,w:21},{x:5,y:38,l:53,w:17},],
----------------------- 13 ---------------------------
canvasWidth:100,
canvasHeight:100,
data:[{x:22,y:0,l:83,w:78},{x:0,y:0,l:83,w:22},{x:59,y:83,l:17,w:41},{x:6,y:83,l:15,w:53},],
----------------------- 14 ---------------------------
canvasWidth:100,
canvasHeight:100,
data:[{x:31,y:0,l:31,w:69},{x:31,y:31,l:68,w:69},{x:0,y:0,l:78,w:25},{x:4,y:78,l:11,w:21},],
----------------------- 15 ---------------------------
canvasWidth:100,
canvasHeight:100,
data:[{x:46,y:0,l:61,w:54},{x:2,y:0,l:44,w:44},{x:19,y:61,l:39,w:81},],
----------------------- 16 ---------------------------
canvasWidth:100,
canvasHeight:100,
data:[{x:24,y:0,l:82,w:76},{x:1,y:0,l:75,w:23},{x:1,y:75,l:2,w:23},],
----------------------- 17 ---------------------------
canvasWidth:100,
canvasHeight:100,
data:[{x:3,y:0,l:70,w:97},{x:45,y:70,l:27,w:55},],
----------------------- 18 ---------------------------
canvasWidth:100,
canvasHeight:100,
data:[{x:3,y:0,l:90,w:97},{x:0,y:0,l:79,w:3},{x:32,y:90,l:9,w:68},],
----------------------- 19 ---------------------------
canvasWidth:100,
canvasHeight:100,
data:[{x:4,y:0,l:57,w:96},{x:4,y:57,l:41,w:96},],
----------------------- 20 ---------------------------
canvasWidth:100,
canvasHeight:100,
data:[{x:5,y:0,l:100,w:95},{x:0,y:0,l:74,w:5},],
----------------------- 21 ---------------------------
canvasWidth:100,
canvasHeight:100,
data:[{x:10,y:0,l:100,w:90},],
----------------------- 22 ---------------------------
canvasWidth:100,
canvasHeight:100,
data:[{x:4,y:0,l:87,w:96},],
----------------------- 23 ---------------------------
canvasWidth:100,
canvasHeight:100,
data:[{x:23,y:0,l:90,w:77},],
----------------------- 24 ---------------------------
canvasWidth:100,
canvasHeight:100,
data:[{x:38,y:0,l:76,w:62},{x:52,y:76,l:22,w:48},{x:1,y:0,l:67,w:37},{x:1,y:67,l:21,w:37},],
----------------------- 25 ---------------------------
canvasWidth:100,
canvasHeight:100,
data:[{x:1,y:0,l:88,w:99},],
----------------------- 26 ---------------------------
canvasWidth:100,
canvasHeight:100,
data:[{x:69,y:0,l:67,w:31},{x:72,y:67,l:30,w:28},{x:2,y:0,l:38,w:67},{x:30,y:38,l:61,w:39},{x:0,y:38,l:50,w:30},],
