====================================== Class_03.2bp-21 =====================================
Reduced size: 60 usedBin: 0
[9, 17, 26, 34, 51, 56, 59]
[6, 7, 28, 45, 58]
[8, 10, 24, 43, 57]
[4, 21, 30, 35, 50, 55]
[1, 42, 47]
[0, 37, 40, 46]
[12, 15, 16, 44]
[5, 19, 25]
[2, 38, 41, 48, 53]
[3, 22, 29]
[11, 14, 20, 39, 54]
[13, 27, 31, 36, 49]
[18, 23, 32, 33, 52]
------------------------------------------------
Best fit used bin number: 13
Found best solution: 13 0.266

   Statrt add columnAndCut col: 13 cons: 0 cut: 0	0.328

	1 Start Add column using column generation  col: 13 cons: 0 cut: 0	0.328
			Start solve  LP :0.328
			End solve LP obj: 13.0 t: 16
	1 End Add column using column generation : 13.0 col: 13 cons: 0 cut: 0	0.344
   End add columnAndCut : 13.0 colGencnt: 1 price: 0 col: 13 cons: 0 cut: 0	0.344

Node lb: 13.0 ub: 13 : 0.344

Final Found Solution: 13 genNode: 1 extendedNode: 0:0.344
Bin size: 1600
1 : 594,414,256,171,60,28,9, : 1532
2 : 638,612,242,80,15, : 1587
3 : 600,570,270,110,25, : 1575
4 : 728,297,234,168,63,32, : 1522
5 : 1122,124,70, : 1316
6 : 1156,135,125,78, : 1494
7 : 525,450,418,88, : 1481
8 : 660,340,264, : 1264
9 : 1054,130,125,68,33, : 1410
10 : 759,280,240, : 1279
11 : 544,500,300,128,32, : 1504
12 : 500,247,230,154,64, : 1195
13 : 351,280,207,187,36, : 1061
----------------------- 1 ---------------------------
canvasWidth:40,
canvasHeight:40,
data:[{x:22,y:0,l:23,w:18},{x:24,y:23,l:16,w:16},{x:22,y:23,l:14,w:2},{x:0,y:0,l:27,w:22},{x:3,y:27,l:9,w:19},{x:2,y:27,l:9,w:1},{x:2,y:36,l:3,w:20},],
----------------------- 2 ---------------------------
canvasWidth:40,
canvasHeight:40,
data:[{x:11,y:0,l:22,w:29},{x:0,y:0,l:22,w:11},{x:6,y:22,l:18,w:34},{x:1,y:22,l:16,w:5},{x:0,y:22,l:15,w:1},],
----------------------- 3 ---------------------------
canvasWidth:40,
canvasHeight:40,
data:[{x:10,y:0,l:20,w:30},{x:10,y:20,l:19,w:30},{x:15,y:39,l:1,w:25},{x:0,y:0,l:27,w:10},{x:0,y:27,l:11,w:10},],
----------------------- 4 ---------------------------
canvasWidth:40,
canvasHeight:40,
data:[{x:14,y:0,l:28,w:26},{x:14,y:28,l:9,w:26},{x:24,y:37,l:2,w:16},{x:0,y:0,l:12,w:14},{x:3,y:12,l:27,w:11},{x:0,y:12,l:21,w:3},],
----------------------- 5 ---------------------------
canvasWidth:40,
canvasHeight:40,
data:[{x:6,y:0,l:33,w:34},{x:30,y:33,l:7,w:10},{x:2,y:0,l:31,w:4},],
----------------------- 6 ---------------------------
canvasWidth:40,
canvasHeight:40,
data:[{x:6,y:0,l:34,w:34},{x:15,y:34,l:5,w:25},{x:0,y:0,l:13,w:6},{x:1,y:13,l:27,w:5},],
----------------------- 7 ---------------------------
canvasWidth:40,
canvasHeight:40,
data:[{x:15,y:0,l:21,w:25},{x:18,y:21,l:19,w:22},{x:0,y:0,l:30,w:15},{x:4,y:30,l:8,w:11},],
----------------------- 8 ---------------------------
canvasWidth:40,
canvasHeight:40,
data:[{x:6,y:0,l:10,w:34},{x:7,y:10,l:8,w:33},{x:10,y:18,l:22,w:30},],
----------------------- 9 ---------------------------
canvasWidth:40,
canvasHeight:40,
data:[{x:9,y:0,l:34,w:31},{x:7,y:0,l:34,w:2},{x:6,y:0,l:33,w:1},{x:1,y:0,l:26,w:5},{x:15,y:34,l:5,w:25},],
----------------------- 10 ---------------------------
canvasWidth:40,
canvasHeight:40,
data:[{x:7,y:0,l:23,w:33},{x:5,y:23,l:8,w:35},{x:10,y:32,l:8,w:30},],
----------------------- 11 ---------------------------
canvasWidth:40,
canvasHeight:40,
data:[{x:20,y:0,l:25,w:20},{x:20,y:25,l:15,w:20},{x:4,y:0,l:8,w:16},{x:0,y:0,l:8,w:4},{x:3,y:8,l:32,w:17},],
----------------------- 12 ---------------------------
canvasWidth:40,
canvasHeight:40,
data:[{x:15,y:0,l:20,w:25},{x:27,y:20,l:19,w:13},{x:16,y:20,l:14,w:11},{x:5,y:0,l:23,w:10},{x:1,y:0,l:16,w:4},],
----------------------- 13 ---------------------------
canvasWidth:40,
canvasHeight:40,
data:[{x:23,y:0,l:11,w:17},{x:0,y:0,l:9,w:23},{x:5,y:9,l:2,w:18},{x:5,y:11,l:8,w:35},{x:13,y:19,l:13,w:27},],
