====================================== Class_07.2bp-41 =====================================
Reduced size: 100 usedBin: 0
[39, 44, 46, 73, 88, 99]
[18, 29, 52, 84]
[40, 48, 53, 76, 92]
[38, 41, 60]
[27, 35, 69, 72]
[3, 49, 87]
[10, 63, 64]
[7, 50, 57, 86]
[21, 23, 79]
[1, 42]
[15, 34, 56]
[12, 32, 68, 82, 95]
[28, 31, 55, 75, 78]
[25, 47, 58, 71, 85, 94]
[30, 51, 59, 77, 83]
[6, 13, 91]
[14, 26, 67, 80, 96]
[4, 36, 81]
[2, 62, 65, 97]
[0]
[9, 45, 54]
[11, 37, 66]
[5, 43, 74, 89, 90]
[8, 19]
[20, 24]
[16, 17, 70]
[22, 33, 61, 93, 98]
------------------------------------------------
Best fit used bin number: 27
Found best solution: 27 0.14

   Statrt add columnAndCut col: 27 cons: 0 cut: 0	0.218

	1 Start Add column using column generation  col: 27 cons: 0 cut: 0	0.218
			Start solve  LP :0.218
			End solve LP obj: 27.0 t: 0
	1 End Add column using column generation : 27.0 col: 27 cons: 0 cut: 0	0.218
   End add columnAndCut : 27.0 colGencnt: 1 price: 0 col: 27 cons: 0 cut: 0	0.218

Node lb: 27.0 ub: 27 : 0.218

Final Found Solution: 27 genNode: 1 extendedNode: 0:0.218
Bin size: 10000
1 : 2744,2520,2376,783,360,42, : 8825
2 : 3864,3072,2079,450, : 9465
3 : 2738,2225,2052,624,230, : 7869
4 : 2838,2730,1602, : 7170
5 : 3318,2880,975,840, : 8013
6 : 6138,2211,363, : 8712
7 : 4480,1496,1488, : 7464
8 : 4599,2162,1776,368, : 8905
9 : 3680,3608,546, : 7834
10 : 7000,2580, : 9580
11 : 4085,2883,1820, : 8788
12 : 4268,2964,980,456,142, : 8810
13 : 3196,2992,1863,648,612, : 9311
14 : 3440,2312,1702,888,444,192, : 8978
15 : 3015,2107,1620,621,456, : 7819
16 : 4606,4250,252, : 9108
17 : 4100,3430,1300,528,140, : 9498
18 : 5733,2871,500, : 9104
19 : 6708,1512,1358,80, : 9658
20 : 7663, : 7663
21 : 4500,2450,1890, : 8840
22 : 4416,2850,1358, : 8624
23 : 5460,2523,700,335,280, : 9298
24 : 4575,3861, : 8436
25 : 3744,3478, : 7222
26 : 3920,3920,968, : 8808
27 : 3627,2964,1520,200,74, : 8385
----------------------- 1 ---------------------------
canvasWidth:100,
canvasHeight:100,
data:[{x:72,y:0,l:98,w:28},{x:42,y:0,l:84,w:30},{x:48,y:84,l:15,w:24},{x:42,y:84,l:7,w:6},{x:33,y:0,l:87,w:9},{x:0,y:0,l:72,w:33},],
----------------------- 2 ---------------------------
canvasWidth:100,
canvasHeight:100,
data:[{x:79,y:0,l:99,w:21},{x:47,y:0,l:96,w:32},{x:5,y:0,l:92,w:42},{x:0,y:0,l:90,w:5},],
----------------------- 3 ---------------------------
canvasWidth:100,
canvasHeight:100,
data:[{x:75,y:0,l:89,w:25},{x:77,y:89,l:10,w:23},{x:67,y:0,l:78,w:8},{x:40,y:0,l:76,w:27},{x:3,y:0,l:74,w:37},],
----------------------- 4 ---------------------------
canvasWidth:100,
canvasHeight:100,
data:[{x:82,y:0,l:89,w:18},{x:43,y:0,l:70,w:39},{x:0,y:0,l:66,w:43},],
----------------------- 5 ---------------------------
canvasWidth:100,
canvasHeight:100,
data:[{x:60,y:0,l:72,w:40},{x:61,y:72,l:25,w:39},{x:50,y:0,l:84,w:10},{x:8,y:0,l:79,w:42},],
----------------------- 6 ---------------------------
canvasWidth:100,
canvasHeight:100,
data:[{x:34,y:0,l:93,w:66},{x:1,y:0,l:67,w:33},{x:23,y:67,l:33,w:11},],
----------------------- 7 ---------------------------
canvasWidth:100,
canvasHeight:100,
data:[{x:66,y:0,l:44,w:34},{x:69,y:44,l:48,w:31},{x:0,y:0,l:70,w:64},],
----------------------- 8 ---------------------------
canvasWidth:100,
canvasHeight:100,
data:[{x:77,y:0,l:94,w:23},{x:73,y:0,l:92,w:4},{x:0,y:0,l:63,w:73},{x:25,y:63,l:37,w:48},],
----------------------- 9 ---------------------------
canvasWidth:100,
canvasHeight:100,
data:[{x:18,y:0,l:44,w:82},{x:5,y:0,l:42,w:13},{x:8,y:44,l:40,w:92},],
----------------------- 10 ---------------------------
canvasWidth:100,
canvasHeight:100,
data:[{x:30,y:0,l:100,w:70},{x:0,y:0,l:86,w:30},],
----------------------- 11 ---------------------------
canvasWidth:100,
canvasHeight:100,
data:[{x:57,y:0,l:95,w:43},{x:26,y:0,l:93,w:31},{x:0,y:0,l:70,w:26},],
----------------------- 12 ---------------------------
canvasWidth:100,
canvasHeight:100,
data:[{x:90,y:0,l:98,w:10},{x:46,y:0,l:97,w:44},{x:8,y:0,l:78,w:38},{x:6,y:0,l:71,w:2},{x:0,y:0,l:76,w:6},],
----------------------- 13 ---------------------------
canvasWidth:100,
canvasHeight:100,
data:[{x:53,y:0,l:68,w:47},{x:9,y:0,l:68,w:44},{x:0,y:0,l:68,w:9},{x:19,y:68,l:23,w:81},{x:28,y:91,l:9,w:72},],
----------------------- 14 ---------------------------
canvasWidth:100,
canvasHeight:100,
data:[{x:4,y:0,l:2,w:96},{x:60,y:2,l:86,w:40},{x:23,y:2,l:12,w:37},{x:26,y:14,l:68,w:34},{x:0,y:2,l:74,w:23},{x:26,y:88,l:12,w:74},],
----------------------- 15 ---------------------------
canvasWidth:100,
canvasHeight:100,
data:[{x:82,y:0,l:90,w:18},{x:15,y:0,l:45,w:67},{x:39,y:45,l:49,w:43},{x:9,y:0,l:76,w:6},{x:0,y:0,l:69,w:9},],
----------------------- 16 ---------------------------
canvasWidth:100,
canvasHeight:100,
data:[{x:51,y:0,l:94,w:49},{x:58,y:94,l:6,w:42},{x:1,y:0,l:85,w:50},],
----------------------- 17 ---------------------------
canvasWidth:100,
canvasHeight:100,
data:[{x:87,y:0,l:100,w:13},{x:52,y:0,l:98,w:35},{x:2,y:0,l:82,w:50},{x:4,y:82,l:11,w:48},{x:0,y:0,l:70,w:2},],
----------------------- 18 ---------------------------
canvasWidth:100,
canvasHeight:100,
data:[{x:95,y:0,l:100,w:5},{x:4,y:0,l:63,w:91},{x:8,y:63,l:33,w:87},],
----------------------- 19 ---------------------------
canvasWidth:100,
canvasHeight:100,
data:[{x:86,y:0,l:97,w:14},{x:0,y:0,l:78,w:86},{x:6,y:78,l:1,w:80},{x:14,y:79,l:21,w:72},],
----------------------- 20 ---------------------------
canvasWidth:100,
canvasHeight:100,
data:[{x:3,y:0,l:79,w:97},],
----------------------- 21 ---------------------------
canvasWidth:100,
canvasHeight:100,
data:[{x:50,y:0,l:90,w:50},{x:29,y:0,l:90,w:21},{x:4,y:0,l:98,w:25},],
----------------------- 22 ---------------------------
canvasWidth:100,
canvasHeight:100,
data:[{x:86,y:0,l:97,w:14},{x:38,y:0,l:92,w:48},{x:0,y:0,l:75,w:38},],
----------------------- 23 ---------------------------
canvasWidth:100,
canvasHeight:100,
data:[{x:13,y:0,l:29,w:87},{x:3,y:0,l:28,w:10},{x:90,y:29,l:70,w:10},{x:85,y:29,l:67,w:5},{x:1,y:29,l:65,w:84},],
----------------------- 24 ---------------------------
canvasWidth:100,
canvasHeight:100,
data:[{x:1,y:0,l:39,w:99},{x:25,y:39,l:61,w:75},],
----------------------- 25 ---------------------------
canvasWidth:100,
canvasHeight:100,
data:[{x:52,y:0,l:78,w:48},{x:5,y:0,l:74,w:47},],
----------------------- 26 ---------------------------
canvasWidth:100,
canvasHeight:100,
data:[{x:60,y:0,l:98,w:40},{x:49,y:0,l:88,w:11},{x:0,y:0,l:80,w:49},],
----------------------- 27 ---------------------------
canvasWidth:100,
canvasHeight:100,
data:[{x:61,y:0,l:93,w:39},{x:42,y:0,l:80,w:19},{x:41,y:0,l:74,w:1},{x:51,y:80,l:20,w:10},{x:3,y:0,l:78,w:38},],
