====================================== Class_10.2bp-38 =====================================
Reduced size: 80 usedBin: 0
[4, 15, 39, 44, 51, 52, 57, 75]
[0, 31]
[1, 40, 42, 72]
[11, 12, 47, 53]
[6, 14, 21, 54, 59]
[2, 13, 37, 61, 65, 73, 76, 77]
[7, 19, 24, 38, 49]
[3, 5, 56, 69]
[8, 16, 32, 41, 43, 45, 74]
[10, 17, 28, 46, 48, 58, 67, 68, 70, 78, 79]
[9, 18, 22, 29, 60, 62]
[20, 23, 25, 30, 33, 55, 63, 66]
[26, 27, 34, 35, 36, 50, 64, 71]
------------------------------------------------
Best fit used bin number: 13
Found best solution: 13 0.25

   Statrt add columnAndCut col: 13 cons: 0 cut: 0	0.312

	1 Start Add column using column generation  col: 13 cons: 0 cut: 0	0.312
			Start solve  LP :0.312
			End solve LP obj: 13.0 t: 0
com.wlj.solver.BBSolver:
--------------------------------------- Price Problem Start --------------------------------------------------------
dualPrice.size = 80 , dualPrice = [1.0, 1.0, 1.0, 1.0, 1.0, -0.0, 1.0, 1.0, 1.0, 1.0, 1.0, 1.0, -0.0, -0.0, -0.0, -0.0, -0.0, -0.0, -0.0, -0.0, 1.0, -0.0, -0.0, -0.0, -0.0, -0.0, 1.0, -0.0, -0.0, -0.0, -0.0, -0.0, -0.0, -0.0, -0.0, -0.0, -0.0, -0.0, -0.0, -0.0, -0.0, -0.0, -0.0, -0.0, -0.0, -0.0, -0.0, -0.0, -0.0, -0.0, -0.0, -0.0, -0.0, -0.0, -0.0, -0.0, -0.0, -0.0, -0.0, -0.0, -0.0, -0.0, -0.0, -0.0, -0.0, -0.0, -0.0, -0.0, -0.0, -0.0, -0.0, -0.0, -0.0, -0.0, -0.0, -0.0, -0.0, -0.0, -0.0, -0.0]
			Active cut size: 0
W = 100 
H = 100
normalXList.size = 8
normalYList.size = 10
xList.size = 5
yList.size = 9
squareList.size = 13
myConsList.size = 0
当前上界 = 3.0
最优解：3.0
solutionList.size() = 9
pattern.getKey() = 6@9@26@
用时：0.016 s
--------------------------------------- Price Problem End --------------------------------------------------------
		1 Add column : 1 col:13 	0.328
			Start solve  LP :0.328
			End solve LP obj: 13.0 t: 0
com.wlj.solver.BBSolver:
--------------------------------------- Price Problem Start --------------------------------------------------------
dualPrice.size = 80 , dualPrice = [1.0, 1.0, 1.0, 1.0, 1.0, -0.0, -0.0, 1.0, 1.0, 0.0, 1.0, 1.0, -0.0, -0.0, 1.0, -0.0, -0.0, -0.0, 1.0, -0.0, 1.0, -0.0, -0.0, -0.0, -0.0, -0.0, 1.0, -0.0, -0.0, -0.0, -0.0, -0.0, -0.0, -0.0, -0.0, -0.0, -0.0, -0.0, -0.0, -0.0, -0.0, -0.0, -0.0, -0.0, -0.0, -0.0, -0.0, -0.0, -0.0, -0.0, -0.0, -0.0, -0.0, -0.0, -0.0, -0.0, -0.0, -0.0, -0.0, -0.0, -0.0, -0.0, -0.0, -0.0, -0.0, -0.0, -0.0, -0.0, -0.0, -0.0, -0.0, -0.0, -0.0, -0.0, -0.0, -0.0, -0.0, -0.0, -0.0, -0.0]
			Active cut size: 0
W = 97 
H = 100
normalXList.size = 8
normalYList.size = 10
xList.size = 5
yList.size = 9
squareList.size = 13
myConsList.size = 0
当前上界 = 4.0
当前上界 = 3.8
当前上界 = 3.5999999999999996
当前上界 = 3.3999999999999995
当前上界 = 3.1999999999999993
当前上界 = 2.999999999999999
最优解：3.0
solutionList.size() = 20
pattern.getKey() = 8@20@26@
用时：0.016 s
--------------------------------------- Price Problem End --------------------------------------------------------
		2 Add column : 1 col:14 	0.344
			Start solve  LP :0.344
			End solve LP obj: 13.0 t: 0
com.wlj.solver.BBSolver:
--------------------------------------- Price Problem Start --------------------------------------------------------
dualPrice.size = 80 , dualPrice = [1.0, 1.0, 1.0, 1.0, 1.0, -0.0, -0.0, 1.0, -0.0, 0.0, 1.0, 1.0, -0.0, -0.0, 1.0, -0.0, 1.0, -0.0, 1.0, -0.0, 0.0, -0.0, -0.0, 1.0, -0.0, -0.0, 1.0, -0.0, -0.0, -0.0, -0.0, -0.0, -0.0, -0.0, -0.0, -0.0, -0.0, -0.0, -0.0, -0.0, -0.0, -0.0, -0.0, -0.0, -0.0, -0.0, -0.0, -0.0, -0.0, -0.0, -0.0, -0.0, -0.0, -0.0, -0.0, -0.0, -0.0, -0.0, -0.0, -0.0, -0.0, -0.0, -0.0, -0.0, -0.0, -0.0, -0.0, -0.0, -0.0, -0.0, -0.0, -0.0, -0.0, -0.0, -0.0, -0.0, -0.0, -0.0, -0.0, -0.0]
			Active cut size: 0
W = 100 
H = 100
normalXList.size = 16
normalYList.size = 9
xList.size = 10
yList.size = 7
squareList.size = 13
myConsList.size = 0
当前上界 = 4.0
最优解：4.0
solutionList.size() = 1
pattern.getKey() = 16@18@23@26@
用时：0.0 s
--------------------------------------- Price Problem End --------------------------------------------------------
		3 Add column : 1 col:15 	0.344
			Start solve  LP :0.344
			End solve LP obj: 13.0 t: 0
com.wlj.solver.BBSolver:
--------------------------------------- Price Problem Start --------------------------------------------------------
dualPrice.size = 80 , dualPrice = [1.0, 1.0, 1.0, 1.0, 1.0, -0.0, -0.0, 1.0, -0.0, 1.0, 1.0, 1.0, -0.0, -0.0, 1.0, -0.0, 1.0, -0.0, 0.0, -0.0, 1.0, -0.0, -0.0, 0.0, -0.0, -0.0, 0.0, 1.0, -0.0, -0.0, -0.0, -0.0, -0.0, -0.0, -0.0, -0.0, -0.0, -0.0, -0.0, -0.0, -0.0, -0.0, -0.0, -0.0, -0.0, -0.0, -0.0, -0.0, -0.0, -0.0, -0.0, -0.0, -0.0, -0.0, -0.0, -0.0, -0.0, -0.0, -0.0, -0.0, -0.0, -0.0, -0.0, -0.0, -0.0, -0.0, -0.0, -0.0, -0.0, -0.0, -0.0, -0.0, -0.0, -0.0, -0.0, -0.0, -0.0, -0.0, -0.0, -0.0]
			Active cut size: 0
W = 98 
H = 100
normalXList.size = 8
normalYList.size = 10
xList.size = 7
yList.size = 9
squareList.size = 13
myConsList.size = 0
当前上界 = 4.0
当前上界 = 3.8
当前上界 = 3.5999999999999996
当前上界 = 3.3999999999999995
当前上界 = 3.1999999999999993
当前上界 = 2.999999999999999
最优解：3.0
solutionList.size() = 14
pattern.getKey() = 10@20@27@
用时：0.0 s
--------------------------------------- Price Problem End --------------------------------------------------------
		4 Add column : 1 col:16 	0.344
			Start solve  LP :0.344
			End solve LP obj: 13.0 t: 0
com.wlj.solver.BBSolver:
--------------------------------------- Price Problem Start --------------------------------------------------------
dualPrice.size = 80 , dualPrice = [1.0, 1.0, 1.0, 1.0, 1.0, -0.0, -0.0, 1.0, 1.0, 1.0, 0.0, 1.0, -0.0, -0.0, 1.0, -0.0, -0.0, -0.0, -0.0, -0.0, 0.0, -0.0, -0.0, 1.0, -0.0, -0.0, 0.0, 1.0, -0.0, -0.0, -0.0, -0.0, -0.0, -0.0, -0.0, -0.0, -0.0, -0.0, -0.0, -0.0, -0.0, -0.0, -0.0, -0.0, -0.0, -0.0, -0.0, -0.0, -0.0, -0.0, -0.0, -0.0, -0.0, -0.0, -0.0, -0.0, -0.0, -0.0, -0.0, -0.0, -0.0, -0.0, -0.0, -0.0, -0.0, -0.0, -0.0, -0.0, -0.0, -0.0, -0.0, -0.0, -0.0, -0.0, -0.0, -0.0, -0.0, -0.0, -0.0, 1.0]
			Active cut size: 0
W = 100 
H = 100
normalXList.size = 40
normalYList.size = 16
xList.size = 13
yList.size = 9
squareList.size = 13
myConsList.size = 0
当前上界 = 5.0
当前上界 = 4.733333333333333
当前上界 = 4.466666666666667
当前上界 = 4.2
当前上界 = 3.9333333333333336
最优解：4.0
solutionList.size() = 5
pattern.getKey() = 9@11@27@79@
用时：0.0 s
--------------------------------------- Price Problem End --------------------------------------------------------
		5 Add column : 1 col:17 	0.359
			Start solve  LP :0.359
			End solve LP obj: 13.0 t: 0
com.wlj.solver.BBSolver:
--------------------------------------- Price Problem Start --------------------------------------------------------
dualPrice.size = 80 , dualPrice = [1.0, 1.0, 1.0, 1.0, 1.0, -0.0, -0.0, 1.0, 1.0, -0.0, 1.0, 1.0, -0.0, -0.0, 1.0, -0.0, -0.0, -0.0, -0.0, -0.0, 0.0, -0.0, 1.0, 1.0, -0.0, -0.0, -0.0, 0.0, -0.0, -0.0, -0.0, -0.0, -0.0, -0.0, 1.0, -0.0, -0.0, -0.0, -0.0, -0.0, -0.0, -0.0, -0.0, -0.0, -0.0, -0.0, -0.0, -0.0, -0.0, -0.0, -0.0, -0.0, -0.0, -0.0, -0.0, -0.0, -0.0, -0.0, -0.0, -0.0, -0.0, -0.0, -0.0, -0.0, -0.0, -0.0, -0.0, -0.0, -0.0, -0.0, -0.0, -0.0, -0.0, -0.0, -0.0, -0.0, -0.0, -0.0, -0.0, 0.0]
			Active cut size: 0
W = 100 
H = 100
normalXList.size = 16
normalYList.size = 11
xList.size = 9
yList.size = 9
squareList.size = 13
myConsList.size = 0
当前上界 = 4.0
当前上界 = 3.8
当前上界 = 3.5999999999999996
当前上界 = 3.3999999999999995
当前上界 = 3.1999999999999993
当前上界 = 2.999999999999999
最优解：3.0
solutionList.size() = 21
pattern.getKey() = 8@23@34@
用时：0.0 s
--------------------------------------- Price Problem End --------------------------------------------------------
		6 Add column : 1 col:18 	0.375
			Start solve  LP :0.375
			End solve LP obj: 13.0 t: 0
com.wlj.solver.BBSolver:
--------------------------------------- Price Problem Start --------------------------------------------------------
dualPrice.size = 80 , dualPrice = [1.0, 1.0, 1.0, 1.0, 1.0, -0.0, -0.0, 1.0, -0.0, -0.0, 0.5, 0.5, 0.5, -0.0, 1.0, -0.0, -0.0, -0.0, -0.0, -0.0, 0.5, -0.0, 1.0, 0.5, -0.0, -0.0, 0.5, -0.0, -0.0, -0.0, -0.0, -0.0, 1.0, -0.0, 0.5, -0.0, -0.0, -0.0, -0.0, -0.0, -0.0, -0.0, -0.0, -0.0, -0.0, -0.0, -0.0, -0.0, -0.0, -0.0, -0.0, -0.0, -0.0, -0.0, -0.0, -0.0, -0.0, -0.0, -0.0, -0.0, -0.0, -0.0, -0.0, -0.0, -0.0, -0.0, -0.0, -0.0, -0.0, -0.0, -0.0, -0.0, -0.0, -0.0, -0.0, -0.0, -0.0, -0.0, -0.0, 0.5]
			Active cut size: 0
W = 100 
H = 100
normalXList.size = 53
normalYList.size = 27
xList.size = 21
yList.size = 15
squareList.size = 17
myConsList.size = 0
当前上界 = 4.5
当前上界 = 4.266666666666667
当前上界 = 4.033333333333333
当前上界 = 3.8
最优解：4.0
solutionList.size() = 2
pattern.getKey() = 20@22@26@32@34@79@
用时：0.047 s
--------------------------------------- Price Problem End --------------------------------------------------------
		7 Add column : 1 col:19 	0.422
			Start solve  LP :0.422
			End solve LP obj: 13.0 t: 0
com.wlj.solver.BBSolver:
--------------------------------------- Price Problem Start --------------------------------------------------------
dualPrice.size = 80 , dualPrice = [1.0, 1.0, 1.0, 1.0, 1.0, -0.0, -0.0, 1.0, 1.0, -0.0, 1.0, 1.0, -0.0, -0.0, 1.0, -0.0, -0.0, -0.0, -0.0, -0.0, -0.0, -0.0, 1.0, -0.0, -0.0, 1.0, 0.0, -0.0, -0.0, -0.0, -0.0, -0.0, 0.0, -0.0, 0.0, 1.0, -0.0, -0.0, -0.0, -0.0, -0.0, -0.0, -0.0, -0.0, -0.0, -0.0, -0.0, -0.0, -0.0, -0.0, -0.0, -0.0, -0.0, -0.0, -0.0, -0.0, -0.0, -0.0, -0.0, -0.0, -0.0, -0.0, -0.0, -0.0, -0.0, -0.0, -0.0, -0.0, -0.0, -0.0, -0.0, -0.0, -0.0, -0.0, -0.0, -0.0, -0.0, -0.0, -0.0, 0.0]
			Active cut size: 0
W = 97 
H = 100
normalXList.size = 7
normalYList.size = 12
xList.size = 5
yList.size = 9
squareList.size = 13
myConsList.size = 0
当前上界 = 4.0
最优解：4.0
solutionList.size() = 4
pattern.getKey() = 11@22@25@35@
用时：0.0 s
--------------------------------------- Price Problem End --------------------------------------------------------
		8 Add column : 1 col:20 	0.422
			Start solve  LP :0.422
			End solve LP obj: 13.0 t: 0
com.wlj.solver.BBSolver:
--------------------------------------- Price Problem Start --------------------------------------------------------
dualPrice.size = 80 , dualPrice = [1.0, 1.0, 1.0, 1.0, 1.0, -0.0, -0.0, 1.0, 0.5, 1.0, 1.0, -0.0, 1.0, -0.0, 1.0, -0.0, -0.0, -0.0, -0.0, -0.0, -0.0, -0.0, -0.0, -0.0, -0.0, 0.5, 0.0, -0.0, -0.0, -0.0, 0.5, -0.0, 0.5, -0.0, 0.5, 0.5, -0.0, -0.0, -0.0, -0.0, -0.0, -0.0, -0.0, -0.0, -0.0, -0.0, -0.0, -0.0, -0.0, -0.0, -0.0, -0.0, -0.0, -0.0, -0.0, -0.0, -0.0, -0.0, -0.0, -0.0, -0.0, -0.0, -0.0, -0.0, -0.0, -0.0, -0.0, -0.0, -0.0, -0.0, -0.0, -0.0, -0.0, -0.0, -0.0, -0.0, -0.0, -0.0, -0.0, 0.0]
			Active cut size: 0
W = 100 
H = 100
normalXList.size = 11
normalYList.size = 18
xList.size = 7
yList.size = 13
squareList.size = 16
myConsList.size = 0
当前上界 = 3.5
当前上界 = 3.3333333333333335
当前上界 = 3.166666666666667
当前上界 = 3.0000000000000004
最优解：3.0
solutionList.size() = 4
pattern.getKey() = 14@30@32@34@35@
用时：0.015 s
--------------------------------------- Price Problem End --------------------------------------------------------
		9 Add column : 1 col:21 	0.437
			Start solve  LP :0.437
			End solve LP obj: 13.0 t: 0
com.wlj.solver.BBSolver:
--------------------------------------- Price Problem Start --------------------------------------------------------
dualPrice.size = 80 , dualPrice = [1.0, 1.0, 1.0, 1.0, 1.0, -0.0, -0.0, 1.0, 1.0, 1.0, 1.0, -0.0, 1.0, -0.0, 1.0, -0.0, -0.0, -0.0, 0.0, -0.0, -0.0, -0.0, -0.0, -0.0, -0.0, 1.0, 0.0, -0.0, -0.0, -0.0, -0.0, -0.0, 0.0, -0.0, 0.0, 0.0, 1.0, -0.0, -0.0, -0.0, -0.0, -0.0, -0.0, -0.0, -0.0, -0.0, -0.0, -0.0, -0.0, -0.0, -0.0, -0.0, -0.0, -0.0, -0.0, -0.0, -0.0, -0.0, -0.0, -0.0, -0.0, -0.0, -0.0, -0.0, -0.0, -0.0, -0.0, -0.0, -0.0, -0.0, -0.0, -0.0, -0.0, -0.0, -0.0, -0.0, -0.0, -0.0, -0.0, 0.0]
			Active cut size: 0
W = 99 
H = 100
normalXList.size = 10
normalYList.size = 9
xList.size = 7
yList.size = 7
squareList.size = 13
myConsList.size = 0
当前上界 = 4.0
当前上界 = 3.8
当前上界 = 3.5999999999999996
当前上界 = 3.3999999999999995
当前上界 = 3.1999999999999993
当前上界 = 2.999999999999999
最优解：3.0
solutionList.size() = 13
pattern.getKey() = 3@7@36@
用时：0.0 s
--------------------------------------- Price Problem End --------------------------------------------------------
		10 Add column : 1 col:22 	0.437
			Start solve  LP :0.437
			End solve LP obj: 13.0 t: 0
com.wlj.solver.BBSolver:
--------------------------------------- Price Problem Start --------------------------------------------------------
dualPrice.size = 80 , dualPrice = [1.0, 1.0, 1.0, -0.0, 1.0, 1.0, 0.5, 0.5, 0.75, 0.25, 1.0, -0.0, 1.0, -0.0, 0.5, -0.0, -0.0, -0.0, 0.75, 0.5, -0.0, -0.0, -0.0, -0.0, -0.0, 1.0, 0.25, -0.0, -0.0, -0.0, -0.0, -0.0, 0.25, -0.0, 0.25, 0.0, 0.5, -0.0, -0.0, -0.0, -0.0, -0.0, -0.0, -0.0, -0.0, -0.0, -0.0, -0.0, -0.0, -0.0, -0.0, -0.0, -0.0, -0.0, -0.0, -0.0, -0.0, -0.0, -0.0, -0.0, -0.0, -0.0, -0.0, -0.0, -0.0, -0.0, -0.0, -0.0, -0.0, -0.0, -0.0, -0.0, -0.0, -0.0, -0.0, -0.0, -0.0, -0.0, -0.0, 0.0]
			Active cut size: 0
W = 100 
H = 100
normalXList.size = 15
normalYList.size = 21
xList.size = 9
yList.size = 15
squareList.size = 19
myConsList.size = 0
当前上界 = 3.5
当前上界 = 3.3333333333333335
当前上界 = 3.166666666666667
当前上界 = 3.0000000000000004
最优解：3.0
solutionList.size() = 1
pattern.getKey() = 10@19@25@36@
用时：0.016 s
--------------------------------------- Price Problem End --------------------------------------------------------
		11 Add column : 1 col:23 	0.453
			Start solve  LP :0.453
			End solve LP obj: 13.0 t: 0
com.wlj.solver.BBSolver:
--------------------------------------- Price Problem Start --------------------------------------------------------
dualPrice.size = 80 , dualPrice = [1.0, 1.0, 1.0, -0.0, 1.0, 1.0, 0.8181818181818181, 0.8181818181818182, 0.9090909090909091, 0.09090909090909091, 0.2727272727272727, -0.0, 1.0, -0.0, 0.18181818181818182, -0.0, -0.0, -0.0, 0.9090909090909091, 0.1818181818181818, -0.0, -0.0, -0.0, -0.0, -0.0, 0.36363636363636365, 0.09090909090909091, -0.0, -0.0, -0.0, -0.0, -0.0, 0.09090909090909093, 0.6363636363636364, 0.09090909090909093, 0.6363636363636364, 0.1818181818181818, -0.0, -0.0, -0.0, -0.0, -0.0, -0.0, -0.0, -0.0, -0.0, -0.0, -0.0, -0.0, -0.0, -0.0, -0.0, -0.0, -0.0, -0.0, -0.0, -0.0, -0.0, -0.0, -0.0, -0.0, -0.0, -0.0, -0.0, -0.0, -0.0, -0.0, -0.0, -0.0, -0.0, -0.0, -0.0, -0.0, -0.0, -0.0, -0.0, -0.0, -0.0, -0.0, 0.7272727272727273]
			Active cut size: 0
W = 100 
H = 100
normalXList.size = 56
normalYList.size = 37
xList.size = 17
yList.size = 19
squareList.size = 22
myConsList.size = 0
当前上界 = 4.2727272727272725
当前上界 = 4.054545454545455
当前上界 = 3.8363636363636364
当前上界 = 3.618181818181818
最优解：3.8181818181818183
solutionList.size() = 1
pattern.getKey() = 8@18@33@35@79@
用时：0.109 s
--------------------------------------- Price Problem End --------------------------------------------------------
		12 Add column : 1 col:24 	0.562
			Start solve  LP :0.562
			End solve LP obj: 13.0 t: 0
com.wlj.solver.BBSolver:
--------------------------------------- Price Problem Start --------------------------------------------------------
dualPrice.size = 80 , dualPrice = [1.0, 1.0, 1.0, -0.0, 1.0, 1.0, 1.0, 1.0, 0.0, 0.0, 0.0, -0.0, 1.0, -0.0, 0.0, -0.0, -0.0, 1.0, 1.0, -0.0, -0.0, -0.0, -0.0, -0.0, -0.0, 1.0, 0.0, 1.0, -0.0, -0.0, -0.0, -0.0, 1.0, -0.0, 0.0, -0.0, -0.0, -0.0, -0.0, -0.0, -0.0, -0.0, -0.0, -0.0, -0.0, -0.0, -0.0, -0.0, -0.0, -0.0, -0.0, -0.0, -0.0, -0.0, -0.0, -0.0, -0.0, -0.0, -0.0, -0.0, -0.0, -0.0, -0.0, -0.0, -0.0, -0.0, -0.0, -0.0, -0.0, -0.0, -0.0, -0.0, -0.0, -0.0, -0.0, -0.0, -0.0, -0.0, -0.0, -0.0]
			Active cut size: 0
W = 93 
H = 100
normalXList.size = 8
normalYList.size = 13
xList.size = 4
yList.size = 7
squareList.size = 13
myConsList.size = 0
当前上界 = 5.0
当前上界 = 4.733333333333333
当前上界 = 4.466666666666667
当前上界 = 4.2
当前上界 = 3.9333333333333336
最优解：4.0
solutionList.size() = 1
pattern.getKey() = 18@25@27@32@
用时：0.0 s
--------------------------------------- Price Problem End --------------------------------------------------------
		13 Add column : 1 col:25 	0.578
			Start solve  LP :0.578
			End solve LP obj: 13.0 t: 0
com.wlj.solver.BBSolver:
--------------------------------------- Price Problem Start --------------------------------------------------------
dualPrice.size = 80 , dualPrice = [1.0, 1.0, 1.0, -0.0, 1.0, 1.0, 1.0, 1.0, 0.33333333333333337, -0.0, 0.33333333333333326, -0.0, 1.0, -0.0, 0.0, -0.0, 0.6666666666666666, 0.6666666666666667, -0.0, -0.0, 0.33333333333333337, -0.0, -0.0, -0.0, -0.0, 0.6666666666666667, -0.0, 0.33333333333333337, -0.0, 1.0, -0.0, -0.0, 0.0, -0.0, 0.6666666666666666, -0.0, -0.0, -0.0, -0.0, -0.0, -0.0, -0.0, -0.0, -0.0, -0.0, -0.0, -0.0, -0.0, -0.0, -0.0, -0.0, -0.0, -0.0, -0.0, -0.0, -0.0, -0.0, -0.0, -0.0, -0.0, -0.0, -0.0, -0.0, -0.0, -0.0, -0.0, -0.0, -0.0, -0.0, -0.0, -0.0, -0.0, -0.0, -0.0, -0.0, -0.0, -0.0, -0.0, -0.0, -0.0]
			Active cut size: 0
W = 99 
H = 100
normalXList.size = 11
normalYList.size = 15
xList.size = 5
yList.size = 11
squareList.size = 17
myConsList.size = 0
当前上界 = 3.6666666666666665
当前上界 = 3.488888888888889
当前上界 = 3.3111111111111113
当前上界 = 3.1333333333333337
当前上界 = 2.955555555555556
最优解：3.0
solutionList.size() = 4
pattern.getKey() = 20@25@27@29@34@
用时：0.0 s
--------------------------------------- Price Problem End --------------------------------------------------------
		14 Add column : 1 col:26 	0.578
			Start solve  LP :0.578
			End solve LP obj: 13.0 t: 0
com.wlj.solver.BBSolver:
--------------------------------------- Price Problem Start --------------------------------------------------------
dualPrice.size = 80 , dualPrice = [1.0, 1.0, 1.0, -0.0, 1.0, 1.0, 0.0, 0.5, 0.0, 1.0, -0.0, -0.0, 1.0, -0.0, 1.0, -0.0, 1.0, 1.0, -0.0, 0.5, 1.0, -0.0, -0.0, -0.0, -0.0, -0.0, -0.0, 0.0, -0.0, 0.0, -0.0, -0.0, -0.0, -0.0, 0.0, -0.0, 0.5, -0.0, -0.0, -0.0, -0.0, -0.0, -0.0, -0.0, -0.0, -0.0, -0.0, -0.0, -0.0, -0.0, 0.5, -0.0, -0.0, -0.0, -0.0, -0.0, -0.0, -0.0, -0.0, -0.0, -0.0, -0.0, -0.0, -0.0, -0.0, -0.0, -0.0, -0.0, -0.0, -0.0, -0.0, -0.0, -0.0, -0.0, -0.0, -0.0, -0.0, -0.0, -0.0, -0.0]
			Active cut size: 0
W = 99 
H = 100
normalXList.size = 22
normalYList.size = 13
xList.size = 16
yList.size = 11
squareList.size = 15
myConsList.size = 0
当前上界 = 4.0
当前上界 = 3.8
当前上界 = 3.5999999999999996
当前上界 = 3.3999999999999995
当前上界 = 3.1999999999999993
当前上界 = 2.999999999999999
最优解：3.0
solutionList.size() = 14
pattern.getKey() = 5@20@36@50@
用时：0.0 s
--------------------------------------- Price Problem End --------------------------------------------------------
		15 Add column : 1 col:27 	0.578
			Start solve  LP :0.578
			End solve LP obj: 13.0 t: 0
com.wlj.solver.BBSolver:
--------------------------------------- Price Problem Start --------------------------------------------------------
dualPrice.size = 80 , dualPrice = [1.0, 1.0, 1.0, 0.5000000000000001, 1.0, 0.4999999999999999, 0.5, 0.24999999999999994, 0.5, 0.5, -0.0, -0.0, 1.0, -0.0, 0.5, -0.0, 0.5, 1.0, -0.0, 0.75, -0.0, -0.0, -0.0, 0.5, -0.0, -0.0, -0.0, 0.5, -0.0, 0.5, 0.5, -0.0, -0.0, -0.0, 0.0, -0.0, 0.24999999999999994, -0.0, -0.0, -0.0, -0.0, -0.0, -0.0, -0.0, -0.0, -0.0, -0.0, -0.0, -0.0, -0.0, 0.2500000000000001, -0.0, -0.0, -0.0, -0.0, -0.0, -0.0, -0.0, -0.0, -0.0, -0.0, -0.0, -0.0, -0.0, -0.0, -0.0, -0.0, -0.0, -0.0, -0.0, -0.0, -0.0, -0.0, -0.0, -0.0, -0.0, -0.0, -0.0, -0.0, -0.0]
			Active cut size: 0
W = 100 
H = 100
normalXList.size = 40
normalYList.size = 21
xList.size = 25
yList.size = 15
squareList.size = 21
myConsList.size = 0
当前上界 = 3.5
当前上界 = 3.3333333333333335
当前上界 = 3.166666666666667
当前上界 = 3.0000000000000004
最优解：3.0
solutionList.size() = 3
pattern.getKey() = 17@19@27@29@50@
用时：0.016 s
--------------------------------------- Price Problem End --------------------------------------------------------
		16 Add column : 1 col:28 	0.594
			Start solve  LP :0.594
			End solve LP obj: 13.0 t: 0
com.wlj.solver.BBSolver:
--------------------------------------- Price Problem Start --------------------------------------------------------
dualPrice.size = 80 , dualPrice = [1.0, 1.0, 1.0, 0.0, 1.0, 1.0, 0.5, 1.0, 0.5, 0.5, 0.5, -0.0, 1.0, -0.0, 0.5, -0.0, 0.5, 0.5, -0.0, -0.0, -0.0, -0.0, -0.0, 0.5, -0.0, -0.0, -0.0, -0.0, -0.0, 0.5, 0.5, -0.0, -0.0, -0.0, -0.0, -0.0, 0.0, -0.0, -0.0, -0.0, -0.0, -0.0, -0.0, -0.0, -0.0, -0.0, -0.0, -0.0, -0.0, -0.0, -0.0, -0.0, -0.0, -0.0, -0.0, -0.0, -0.0, -0.0, -0.0, -0.0, -0.0, -0.0, -0.0, -0.0, 1.0, -0.0, -0.0, -0.0, -0.0, -0.0, -0.0, -0.0, -0.0, -0.0, -0.0, -0.0, -0.0, -0.0, -0.0, -0.0]
			Active cut size: 0
W = 100 
H = 100
normalXList.size = 48
normalYList.size = 16
xList.size = 23
yList.size = 11
squareList.size = 18
myConsList.size = 0
当前上界 = 4.0
当前上界 = 3.8
当前上界 = 3.5999999999999996
当前上界 = 3.3999999999999995
当前上界 = 3.1999999999999993
当前上界 = 2.999999999999999
最优解：3.0
solutionList.size() = 18
pattern.getKey() = 2@23@29@64@
用时：0.015 s
--------------------------------------- Price Problem End --------------------------------------------------------
		17 Add column : 1 col:29 	0.609
			Start solve  LP :0.609
			End solve LP obj: 13.0 t: 0
com.wlj.solver.BBSolver:
--------------------------------------- Price Problem Start --------------------------------------------------------
dualPrice.size = 80 , dualPrice = [1.0, 1.0, -0.0, 0.0, 1.0, 1.0, 1.0, 1.0, 0.5, -0.0, 0.0, -0.0, 1.0, 1.0, -0.0, -0.0, 0.5, 1.0, 0.5, -0.0, -0.0, 0.0, 0.5, -0.0, -0.0, 0.0, -0.0, -0.0, -0.0, 0.0, 1.0, -0.0, -0.0, -0.0, -0.0, -0.0, 0.0, -0.0, -0.0, -0.0, -0.0, -0.0, -0.0, -0.0, -0.0, -0.0, -0.0, -0.0, -0.0, -0.0, -0.0, -0.0, -0.0, -0.0, -0.0, -0.0, -0.0, -0.0, -0.0, -0.0, -0.0, -0.0, -0.0, -0.0, 1.0, -0.0, -0.0, -0.0, -0.0, -0.0, -0.0, -0.0, -0.0, -0.0, -0.0, -0.0, -0.0, -0.0, -0.0, -0.0]
			Active cut size: 0
W = 100 
H = 100
normalXList.size = 33
normalYList.size = 13
xList.size = 10
yList.size = 11
squareList.size = 15
myConsList.size = 0
当前上界 = 4.5
当前上界 = 4.266666666666667
当前上界 = 4.033333333333333
当前上界 = 3.8
最优解：4.0
solutionList.size() = 1
pattern.getKey() = 13@17@30@64@
用时：0.0 s
--------------------------------------- Price Problem End --------------------------------------------------------
		18 Add column : 1 col:30 	0.609
			Start solve  LP :0.609
			End solve LP obj: 13.0 t: 0
com.wlj.solver.BBSolver:
--------------------------------------- Price Problem Start --------------------------------------------------------
dualPrice.size = 80 , dualPrice = [1.0, 1.0, 1.0, 0.0, 1.0, 1.0, 1.0, 1.0, 0.3333333333333333, -0.0, 0.5, -0.0, 1.0, -0.0, -0.0, -0.0, 0.6666666666666666, 0.5, 0.33333333333333337, -0.0, -0.0, 0.0, 0.6666666666666666, -0.0, -0.0, 0.16666666666666663, -0.0, 0.5, -0.0, 0.0, 0.5, -0.0, -0.0, 0.33333333333333337, 0.33333333333333337, -0.0, 0.0, -0.0, -0.0, -0.0, -0.0, -0.0, -0.0, -0.0, -0.0, -0.0, -0.0, -0.0, -0.0, -0.0, -0.0, -0.0, -0.0, -0.0, -0.0, -0.0, -0.0, -0.0, -0.0, -0.0, -0.0, -0.0, -0.0, -0.0, -0.0, -0.0, -0.0, -0.0, -0.0, -0.0, -0.0, 0.16666666666666663, -0.0, -0.0, -0.0, -0.0, -0.0, -0.0, -0.0, -0.0]
			Active cut size: 0
W = 99 
H = 100
normalXList.size = 19
normalYList.size = 50
xList.size = 13
yList.size = 23
squareList.size = 20
myConsList.size = 0
当前上界 = 3.1666666666666665
当前上界 = 3.022222222222222
当前上界 = 2.8777777777777778
当前上界 = 2.7333333333333334
当前上界 = 2.588888888888889
最优解：2.6666666666666665
solutionList.size() = 2
pattern.getKey() = 7@22@27@33@71@
用时：0.016 s
--------------------------------------- Price Problem End --------------------------------------------------------
		19 Add column : 1 col:31 	0.625
			Start solve  LP :0.625
			End solve LP obj: 13.0 t: 0
com.wlj.solver.BBSolver:
--------------------------------------- Price Problem Start --------------------------------------------------------
dualPrice.size = 80 , dualPrice = [1.0, 1.0, 1.0, 0.25, 1.0, 0.75, 0.0, 0.5, 0.25, 1.0, 0.25, -0.0, 1.0, -0.0, -0.0, -0.0, 0.75, 0.75, -0.0, 0.25, -0.0, 1.0, -0.0, -0.0, 0.25, 0.25, -0.0, -0.0, -0.0, -0.0, 0.25, -0.0, -0.0, 0.5, 0.75, -0.0, 0.25, -0.0, -0.0, -0.0, -0.0, -0.0, -0.0, -0.0, -0.0, -0.0, -0.0, -0.0, -0.0, -0.0, -0.0, -0.0, -0.0, -0.0, -0.0, -0.0, -0.0, -0.0, -0.0, -0.0, -0.0, -0.0, -0.0, -0.0, -0.0, -0.0, -0.0, -0.0, -0.0, -0.0, -0.0, 0.0, -0.0, -0.0, -0.0, -0.0, -0.0, -0.0, -0.0, -0.0]
			Active cut size: 0
W = 100 
H = 100
normalXList.size = 34
normalYList.size = 19
xList.size = 21
yList.size = 13
squareList.size = 21
myConsList.size = 0
当前上界 = 4.0
当前上界 = 3.8
当前上界 = 3.5999999999999996
当前上界 = 3.3999999999999995
当前上界 = 3.1999999999999993
当前上界 = 2.999999999999999
最优解：3.0
solutionList.size() = 4
pattern.getKey() = 16@21@33@34@
用时：0.015 s
--------------------------------------- Price Problem End --------------------------------------------------------
		20 Add column : 1 col:32 	0.656
			Start solve  LP :0.656
			End solve LP obj: 13.0 t: 0
com.wlj.solver.BBSolver:
--------------------------------------- Price Problem Start --------------------------------------------------------
dualPrice.size = 80 , dualPrice = [1.0, 1.0, 1.0, 1.0, 1.0, 0.0, 0.0, 0.0, 1.0, 1.0, 0.0, -0.0, 1.0, -0.0, -0.0, -0.0, 0.0, 1.0, -0.0, -0.0, -0.0, 1.0, -0.0, -0.0, 1.0, 1.0, -0.0, -0.0, -0.0, -0.0, 0.0, -0.0, -0.0, 0.0, 0.0, -0.0, 0.0, -0.0, -0.0, -0.0, -0.0, -0.0, -0.0, -0.0, -0.0, -0.0, -0.0, -0.0, -0.0, -0.0, -0.0, -0.0, -0.0, -0.0, -0.0, -0.0, -0.0, -0.0, -0.0, -0.0, -0.0, -0.0, -0.0, -0.0, -0.0, -0.0, -0.0, -0.0, -0.0, -0.0, -0.0, 1.0, -0.0, -0.0, -0.0, -0.0, -0.0, -0.0, -0.0, -0.0]
			Active cut size: 0
W = 98 
H = 100
normalXList.size = 17
normalYList.size = 29
xList.size = 14
yList.size = 11
squareList.size = 13
myConsList.size = 0
当前上界 = 5.0
当前上界 = 4.733333333333333
当前上界 = 4.466666666666667
当前上界 = 4.2
当前上界 = 3.9333333333333336
最优解：4.0
solutionList.size() = 9
pattern.getKey() = 9@17@25@71@
用时：0.0 s
--------------------------------------- Price Problem End --------------------------------------------------------
		21 Add column : 1 col:33 	0.656
			Start solve  LP :0.656
			End solve LP obj: 13.0 t: 0
com.wlj.solver.BBSolver:
--------------------------------------- Price Problem Start --------------------------------------------------------
dualPrice.size = 80 , dualPrice = [1.0, 1.0, 1.0, 0.5, 1.0, 0.5, 0.375, -0.0, 0.875, 0.625, 0.5, -0.0, 1.0, -0.0, -0.0, -0.0, 0.125, -0.0, -0.0, -0.0, -0.0, 0.625, 0.375, -0.0, 1.0, -0.0, -0.0, -0.0, 0.5, -0.0, 0.875, -0.0, -0.0, 0.125, 0.125, -0.0, 0.5, -0.0, -0.0, -0.0, -0.0, -0.0, -0.0, -0.0, -0.0, -0.0, -0.0, -0.0, -0.0, -0.0, -0.0, -0.0, -0.0, -0.0, -0.0, -0.0, -0.0, -0.0, -0.0, -0.0, -0.0, -0.0, -0.0, -0.0, -0.0, -0.0, -0.0, -0.0, -0.0, -0.0, -0.0, 0.375, -0.0, -0.0, -0.0, -0.0, -0.0, -0.0, -0.0, -0.0]
			Active cut size: 0
W = 100 
H = 100
normalXList.size = 39
normalYList.size = 51
xList.size = 25
yList.size = 21
squareList.size = 21
myConsList.size = 0
当前上界 = 4.375
当前上界 = 4.15
当前上界 = 3.9250000000000003
当前上界 = 3.7
最优解：3.875
solutionList.size() = 1
pattern.getKey() = 21@24@28@30@36@71@
用时：0.078 s
--------------------------------------- Price Problem End --------------------------------------------------------
		22 Add column : 1 col:34 	0.734
			Start solve  LP :0.734
			End solve LP obj: 13.0 t: 0
com.wlj.solver.BBSolver:
--------------------------------------- Price Problem Start --------------------------------------------------------
dualPrice.size = 80 , dualPrice = [1.0, 1.0, 1.0, 0.8, 1.0, 0.19999999999999996, 0.4, 0.19999999999999996, 0.3, 0.6, 0.8, -0.0, 1.0, -0.0, 0.6, -0.0, 0.7, -0.0, -0.0, -0.0, 0.19999999999999996, -0.0, 0.4, 0.0, 0.8, 0.19999999999999996, -0.0, -0.0, 0.19999999999999996, -0.0, -0.0, -0.0, -0.0, 0.3, -0.0, 0.4, -0.0, -0.0, -0.0, -0.0, -0.0, -0.0, -0.0, -0.0, -0.0, -0.0, -0.0, -0.0, -0.0, -0.0, 0.6, -0.0, -0.0, -0.0, -0.0, 0.30000000000000004, -0.0, -0.0, -0.0, -0.0, -0.0, -0.0, -0.0, -0.0, -0.0, -0.0, -0.0, -0.0, -0.0, -0.0, -0.0, -0.0, -0.0, -0.0, -0.0, -0.0, -0.0, -0.0, -0.0, -0.0]
			Active cut size: 0
W = 100 
H = 100
normalXList.size = 38
normalYList.size = 45
xList.size = 21
yList.size = 21
squareList.size = 23
myConsList.size = 0
当前上界 = 3.8
当前上界 = 3.6133333333333333
当前上界 = 3.4266666666666667
当前上界 = 3.24
最优解：3.4
solutionList.size() = 2
pattern.getKey() = 12@16@24@50@55@
用时：0.047 s
--------------------------------------- Price Problem End --------------------------------------------------------
		23 Add column : 1 col:35 	0.781
			Start solve  LP :0.781
			End solve LP obj: 13.0 t: 0
com.wlj.solver.BBSolver:
--------------------------------------- Price Problem Start --------------------------------------------------------
dualPrice.size = 80 , dualPrice = [1.0, 1.0, 0.5, 0.4347826086956521, 1.0, 0.5652173913043479, 0.6304347826086956, 0.5652173913043479, 0.5869565217391304, 0.36956521739130443, 0.32608695652173925, 0.3695652173913043, 0.6304347826086957, 0.5, 0.36956521739130443, -0.0, -0.0, -0.0, -0.0, 0.4347826086956521, 0.41304347826086957, -0.0, 0.17391304347826086, -0.0, -0.0, 0.23913043478260865, -0.0, 0.26086956521739124, 0.6739130434782608, -0.0, -0.0, -0.0, 0.41304347826086957, -0.0, -0.0, 0.21739130434782616, -0.0, -0.0, -0.0, -0.0, -0.0, -0.0, -0.0, -0.0, -0.0, -0.0, -0.0, -0.0, -0.0, -0.0, 0.021739130434782594, -0.0, -0.0, -0.0, -0.0, 0.34782608695652173, -0.0, -0.0, -0.0, -0.0, 0.4565217391304347, -0.0, -0.0, -0.0, 0.5, -0.0, -0.0, -0.0, -0.0, -0.0, -0.0, -0.0, -0.0, -0.0, -0.0, -0.0, -0.0, -0.0, -0.0, -0.0]
			Active cut size: 0
W = 100 
H = 100
normalXList.size = 56
normalYList.size = 65
xList.size = 25
yList.size = 39
squareList.size = 27
myConsList.size = 0
当前上界 = 3.8260869565217392
当前上界 = 3.63768115942029
当前上界 = 3.449275362318841
当前上界 = 3.2608695652173916
最优解：3.413043478260869
solutionList.size() = 1
pattern.getKey() = 4@28@32@50@55@60@64@
用时：1.063 s
--------------------------------------- Price Problem End --------------------------------------------------------
		24 Add column : 1 col:36 	1.844
			Start solve  LP :1.844
			End solve LP obj: 13.0 t: 0
com.wlj.solver.BBSolver:
--------------------------------------- Price Problem Start --------------------------------------------------------
dualPrice.size = 80 , dualPrice = [1.0, 1.0, 0.0, 0.25, 1.0, 0.75, 0.75, 0.75, -0.0, 0.25, 0.75, 0.25, 0.75, 1.0, 0.25, -0.0, -0.0, -0.0, -0.0, 0.25, 0.0, -0.0, 0.0, 1.0, -0.0, 0.0, -0.0, 0.25, 0.0, -0.0, -0.0, -0.0, -0.0, -0.0, -0.0, 0.75, -0.0, -0.0, -0.0, -0.0, -0.0, 1.0, -0.0, -0.0, -0.0, -0.0, -0.0, -0.0, -0.0, -0.0, -0.0, -0.0, -0.0, -0.0, -0.0, -0.0, -0.0, -0.0, -0.0, -0.0, -0.0, -0.0, 0.75, -0.0, 0.0, -0.0, -0.0, -0.0, -0.0, -0.0, -0.0, -0.0, -0.0, -0.0, -0.0, -0.0, -0.0, -0.0, -0.0, 0.25]
			Active cut size: 0
W = 100 
H = 100
normalXList.size = 62
normalYList.size = 53
xList.size = 27
yList.size = 21
squareList.size = 20
myConsList.size = 0
当前上界 = 5.0
当前上界 = 4.733333333333333
当前上界 = 4.466666666666667
最优解：4.5
solutionList.size() = 3
pattern.getKey() = 7@23@35@41@62@79@
用时：0.078 s
--------------------------------------- Price Problem End --------------------------------------------------------
		25 Add column : 1 col:37 	1.922
			Start solve  LP :1.922
			End solve LP obj: 13.0 t: 0
com.wlj.solver.BBSolver:
--------------------------------------- Price Problem Start --------------------------------------------------------
dualPrice.size = 80 , dualPrice = [1.0, 1.0, 0.6875, 1.0, 0.6875, -0.0, -0.0, -0.0, -0.0, 0.375, 0.625, 0.625, 0.375, 0.3125, 1.0, 0.3125, -0.0, 0.375, 0.4375, 0.375, 0.375, -0.0, 0.1875, -0.0, 0.625, -0.0, 0.4375, -0.0, -0.0, -0.0, 0.0, -0.0, -0.0, 0.5625, -0.0, -0.0, 0.0, -0.0, -0.0, -0.0, -0.0, 1.0, -0.0, -0.0, -0.0, -0.0, -0.0, -0.0, -0.0, -0.0, -0.0, -0.0, -0.0, -0.0, -0.0, -0.0, -0.0, -0.0, -0.0, -0.0, -0.0, -0.0, -0.0, 0.0625, 0.3125, -0.0, -0.0, -0.0, -0.0, -0.0, -0.0, 0.25, -0.0, -0.0, -0.0, -0.0, -0.0, -0.0, -0.0, -0.0]
			Active cut size: 0
W = 100 
H = 100
normalXList.size = 69
normalYList.size = 64
xList.size = 47
yList.size = 33
squareList.size = 24
myConsList.size = 0
当前上界 = 4.25
当前上界 = 4.033333333333333
当前上界 = 3.8166666666666664
当前上界 = 3.5999999999999996
最优解：3.8125
solutionList.size() = 2
pattern.getKey() = 14@24@33@41@63@64@71@
用时：1.297 s
--------------------------------------- Price Problem End --------------------------------------------------------
		26 Add column : 1 col:38 	3.219
			Start solve  LP :3.219
			End solve LP obj: 13.0 t: 0
com.wlj.solver.BBSolver:
--------------------------------------- Price Problem Start --------------------------------------------------------
dualPrice.size = 80 , dualPrice = [1.0, 1.0, 1.0, 0.6911764705882353, 0.7058823529411764, 0.3088235294117647, 0.7352941176470587, 0.22058823529411767, 0.42647058823529405, -0.0, -0.0, 0.36764705882352944, 0.6323529411764706, -0.0, -0.0, 0.2941176470588236, -0.0, -0.0, 0.573529411764706, 0.7058823529411764, 0.30882352941176466, -0.0, 0.42647058823529405, -0.0, 0.07352941176470587, 0.2058823529411765, 0.2647058823529413, -0.0, -0.0, -0.0, 0.48529411764705876, -0.0, -0.0, -0.0, -0.0, -0.0, 0.08823529411764705, -0.0, -0.0, -0.0, -0.0, 0.573529411764706, -0.0, -0.0, -0.0, -0.0, -0.0, -0.0, -0.0, -0.0, 0.29411764705882354, -0.0, -0.0, -0.0, 0.26470588235294135, -0.0, -0.0, -0.0, -0.0, -0.0, -0.0, -0.0, -0.0, -0.0, -0.0, -0.0, -0.0, -0.0, -0.0, -0.0, -0.0, 0.3529411764705882, -0.0, -0.0, -0.0, -0.0, -0.0, -0.0, 1.0, -0.0]
			Active cut size: 0
W = 100 
H = 100
normalXList.size = 58
normalYList.size = 76
xList.size = 31
yList.size = 55
squareList.size = 26
myConsList.size = 0
当前上界 = 4.6764705882352935
当前上界 = 4.431372549019607
当前上界 = 4.186274509803921
最优解：4.338235294117648
solutionList.size() = 1
pattern.getKey() = 18@19@30@36@41@50@54@71@78@
用时：3.547 s
--------------------------------------- Price Problem End --------------------------------------------------------
		27 Add column : 1 col:39 	6.766
			Start solve  LP :6.766
			End solve LP obj: 13.0 t: 0
com.wlj.solver.BBSolver:
--------------------------------------- Price Problem Start --------------------------------------------------------
dualPrice.size = 80 , dualPrice = [1.0, 1.0, 0.5, 0.5, 1.0, 0.5, 1.0, 0.5, 0.5, -0.0, -0.0, 0.0, 1.0, 0.5, -0.0, -0.0, -0.0, -0.0, -0.0, -0.0, 0.0, -0.0, 0.5, -0.0, 0.0, -0.0, -0.0, -0.0, -0.0, 0.5, -0.0, -0.0, -0.0, -0.0, 0.5, 0.5, 0.0, -0.0, 0.5, -0.0, -0.0, -0.0, -0.0, 0.5, -0.0, -0.0, -0.0, -0.0, -0.0, -0.0, -0.0, -0.0, -0.0, -0.0, 0.0, -0.0, -0.0, -0.0, -0.0, -0.0, -0.0, -0.0, -0.0, 1.0, -0.0, -0.0, -0.0, -0.0, -0.0, -0.0, -0.0, -0.0, -0.0, -0.0, -0.0, -0.0, -0.0, -0.0, 1.0, -0.0]
			Active cut size: 0
W = 100 
H = 100
normalXList.size = 63
normalYList.size = 59
xList.size = 37
yList.size = 29
squareList.size = 19
myConsList.size = 0
当前上界 = 5.5
当前上界 = 5.2
当前上界 = 4.9
最优解：5.0
solutionList.size() = 11
pattern.getKey() = 22@29@34@35@38@43@63@78@
用时：0.531 s
--------------------------------------- Price Problem End --------------------------------------------------------
		28 Add column : 1 col:40 	7.297
			Start solve  LP :7.297
			End solve LP obj: 13.0 t: 0
com.wlj.solver.BBSolver:
--------------------------------------- Price Problem Start --------------------------------------------------------
dualPrice.size = 80 , dualPrice = [1.0, 1.0, 1.0, 0.375, 0.375, 0.625, 0.875, 0.5, 0.625, -0.0, 0.25, 0.5, 0.5, 0.0, -0.0, 0.625, -0.0, -0.0, 0.375, -0.0, 0.25, -0.0, -0.0, -0.0, 0.5, -0.0, 0.125, 0.5, -0.0, 0.0, 0.375, -0.0, -0.0, -0.0, 0.25, -0.0, 0.125, -0.0, -0.0, -0.0, -0.0, -0.0, -0.0, 0.375, -0.0, -0.0, 0.75, -0.0, -0.0, -0.0, -0.0, -0.0, -0.0, -0.0, 0.125, -0.0, -0.0, -0.0, -0.0, -0.0, 0.625, -0.0, -0.0, 0.375, -0.0, -0.0, -0.0, -0.0, -0.0, -0.0, -0.0, -0.0, -0.0, -0.0, -0.0, -0.0, -0.0, -0.0, -0.0, -0.0]
			Active cut size: 0
W = 100 
H = 100
normalXList.size = 60
normalYList.size = 69
xList.size = 31
yList.size = 47
squareList.size = 26
myConsList.size = 0
当前上界 = 4.25
当前上界 = 4.033333333333333
当前上界 = 3.8166666666666664
最优解：3.875
solutionList.size() = 2
pattern.getKey() = 6@27@30@43@46@60@63@
用时：0.422 s
--------------------------------------- Price Problem End --------------------------------------------------------
		29 Add column : 1 col:41 	7.719
			Start solve  LP :7.719
			End solve LP obj: 13.0 t: 0
com.wlj.solver.BBSolver:
--------------------------------------- Price Problem Start --------------------------------------------------------
dualPrice.size = 80 , dualPrice = [1.0, 1.0, 0.08823529411764697, 0.519607843137255, -0.0, 0.48039215686274495, 0.068627450980392, 0.48039215686274495, 0.5, -0.0, 0.8529411764705882, 0.676470588235294, 0.32352941176470595, 0.911764705882353, -0.0, 1.0, 0.1568627450980391, -0.0, -0.0, -0.0, -0.0, -0.0, -0.0, 0.3431372549019609, 0.519607843137255, 0.14705882352941183, 0.5, 0.14705882352941183, -0.0, 0.5490196078431372, 0.068627450980392, -0.0, 0.3431372549019609, 0.32352941176470584, 0.1568627450980391, 0.17647058823529416, -0.0, -0.0, -0.0, -0.0, -0.0, -0.0, -0.0, -0.0, -0.0, -0.0, 0.14705882352941183, -0.0, -0.0, -0.0, -0.0, -0.0, -0.0, -0.0, 0.931372549019608, -0.0, -0.0, -0.0, -0.0, -0.0, 0.4509803921568628, -0.0, -0.0, 0.11764705882352955, 0.019607843137254943, -0.0, -0.0, -0.0, -0.0, -0.0, -0.0, -0.0, -0.0, -0.0, -0.0, -0.0, -0.0, -0.0, -0.0, -0.0]
			Active cut size: 0
W = 100 
H = 100
normalXList.size = 71
normalYList.size = 71
xList.size = 51
yList.size = 51
squareList.size = 30
myConsList.size = 0
当前上界 = 4.480392156862746
当前上界 = 4.248366013071896
最优解：4.343137254901961
solutionList.size() = 1
pattern.getKey() = 13@15@26@29@54@60@
用时：0.125 s
--------------------------------------- Price Problem End --------------------------------------------------------
		30 Add column : 1 col:42 	7.844
			Start solve  LP :7.844
			End solve LP obj: 13.0 t: 15
com.wlj.solver.BBSolver:
--------------------------------------- Price Problem Start --------------------------------------------------------
dualPrice.size = 80 , dualPrice = [1.0, 1.0, 0.75, 1.0, -0.0, -0.0, 0.5, -0.0, 0.5, 0.0, 0.5, 1.0, 0.0, -0.0, -0.0, 0.5, 0.25, -0.0, -0.0, -0.0, 0.5, -0.0, -0.0, -0.0, 0.25, 0.0, -0.0, -0.0, -0.0, -0.0, 0.0, -0.0, 0.25, 0.5, 0.25, -0.0, 0.0, 0.25, 0.75, 0.5, -0.0, -0.0, -0.0, -0.0, -0.0, -0.0, 0.5, -0.0, -0.0, -0.0, 0.5, -0.0, -0.0, -0.0, 0.5, -0.0, -0.0, -0.0, -0.0, -0.0, -0.0, -0.0, 1.0, -0.0, 0.25, -0.0, -0.0, -0.0, -0.0, -0.0, -0.0, -0.0, -0.0, -0.0, -0.0, -0.0, -0.0, -0.0, -0.0, -0.0]
			Active cut size: 0
W = 100 
H = 100
normalXList.size = 66
normalYList.size = 64
xList.size = 43
yList.size = 38
squareList.size = 23
myConsList.size = 0
当前上界 = 5.75
当前上界 = 5.433333333333334
最优解：5.5
solutionList.size() = 1
pattern.getKey() = 11@33@38@39@46@50@54@62@64@
用时：1.73 s
--------------------------------------- Price Problem End --------------------------------------------------------
		31 Add column : 1 col:43 	9.589
			Start solve  LP :9.589
			End solve LP obj: 13.0 t: 0
com.wlj.solver.BBSolver:
--------------------------------------- Price Problem Start --------------------------------------------------------
dualPrice.size = 80 , dualPrice = [1.0, 1.0, 1.0, 0.666666666666667, -0.0, 0.33333333333333304, 0.6666666666666664, -0.0, 0.6666666666666667, 0.3333333333333336, 0.33333333333333326, 0.0, 1.0, -0.0, 0.33333333333333337, 0.9999999999999998, -0.0, -0.0, -0.0, -0.0, -0.0, -0.0, -0.0, -0.0, -0.0, 0.3333333333333333, -0.0, 0.3333333333333334, 0.6666666666666667, -0.0, 1.1102230246251565E-16, -0.0, 0.3333333333333332, 0.3333333333333332, 0.33333333333333326, -0.0, 0.3333333333333331, -0.0, -0.0, 1.6653345369377348E-16, -0.0, -0.0, -0.0, -0.0, -0.0, -0.0, -0.0, -0.0, -0.0, 1.0, -0.0, -0.0, -0.0, -0.0, 1.6653345369377348E-16, -0.0, -0.0, -0.0, -0.0, -0.0, -0.0, -0.0, 0.6666666666666664, -0.0, 0.0, -0.0, 0.3333333333333334, -0.0, -0.0, -0.0, -0.0, -0.0, -0.0, -0.0, -0.0, -0.0, -0.0, -0.0, -0.0, -0.0]
			Active cut size: 0
W = 100 
H = 100
normalXList.size = 38
normalYList.size = 70
xList.size = 20
yList.size = 49
squareList.size = 22
myConsList.size = 0
当前上界 = 4.999999999999999
当前上界 = 4.7333333333333325
当前上界 = 4.466666666666666
当前上界 = 4.199999999999999
最优解：4.333333333333333
solutionList.size() = 17
pattern.getKey() = 15@25@28@36@49@62@66@
用时：0.64 s
--------------------------------------- Price Problem End --------------------------------------------------------
		32 Add column : 1 col:44 	10.23
			Start solve  LP :10.23
			End solve LP obj: 13.0 t: 1
com.wlj.solver.BBSolver:
--------------------------------------- Price Problem Start --------------------------------------------------------
dualPrice.size = 80 , dualPrice = [1.0, 1.0, 0.5, 0.5, -0.0, 0.5, 0.25, 0.5, 0.5, 0.75, 0.75, -0.0, 0.5, 0.5, -0.0, -0.0, 0.5, -0.0, 0.25, -0.0, -0.0, -0.0, -0.0, -0.0, -0.0, -0.0, -0.0, 0.25, -0.0, -0.0, 0.5, -0.0, -0.0, -0.0, 0.5, -0.0, 0.0, -0.0, -0.0, 1.0, -0.0, -0.0, -0.0, -0.0, -0.0, -0.0, -0.0, 0.5, 0.25, 0.5, -0.0, -0.0, -0.0, -0.0, -0.0, -0.0, -0.0, -0.0, -0.0, 0.75, -0.0, -0.0, -0.0, -0.0, 0.0, -0.0, 0.5, -0.0, -0.0, -0.0, -0.0, 0.25, -0.0, -0.0, -0.0, -0.0, -0.0, -0.0, -0.0, -0.0]
			Active cut size: 0
W = 100 
H = 100
normalXList.size = 60
normalYList.size = 83
xList.size = 43
yList.size = 69
squareList.size = 24
myConsList.size = 0
当前上界 = 5.5
当前上界 = 5.2
最优解：5.25
solutionList.size() = 2
pattern.getKey() = 16@30@34@39@47@48@49@59@66@71@
用时：8.586 s
--------------------------------------- Price Problem End --------------------------------------------------------
		33 Add column : 1 col:45 	18.817
			Start solve  LP :18.817
			End solve LP obj: 13.0 t: 0
com.wlj.solver.BBSolver:
--------------------------------------- Price Problem Start --------------------------------------------------------
dualPrice.size = 80 , dualPrice = [1.0, 1.0, 0.34285714285714286, 0.2571428571428571, 0.6571428571428571, 0.7428571428571429, 0.4285714285714286, 0.6285714285714286, 0.5142857142857142, 0.5714285714285714, 0.4857142857142857, 0.0, 1.0, 0.6571428571428571, 0.5714285714285714, 0.34285714285714286, -0.0, -0.0, 0.42857142857142855, -0.0, 0.14285714285714285, -0.0, -0.0, 0.3142857142857143, -0.0, -0.0, -0.0, 0.3714285714285714, -0.0, -0.0, -0.0, -0.0, -0.0, -0.0, 0.17142857142857143, -0.0, 0.11428571428571427, -0.0, 0.37142857142857144, -0.0, -0.0, -5.551115123125783E-17, -0.0, -0.0, -0.0, 0.48571428571428577, -0.0, -0.0, -0.0, -0.0, -0.0, -0.0, -0.0, -0.0, -0.0, -0.0, -0.0, -0.0, -0.0, -0.0, -0.0, -0.0, -0.0, -0.0, 0.34285714285714286, -0.0, 0.5428571428571429, -0.0, -0.0, -0.0, -0.0, -0.0, -0.0, -0.0, -0.0, -0.0, -0.0, -0.0, 0.45714285714285713, 0.05714285714285716]
			Active cut size: 0
W = 100 
H = 100
normalXList.size = 81
normalYList.size = 79
xList.size = 61
yList.size = 61
squareList.size = 27
myConsList.size = 0
当前上界 = 4.285714285714286
当前上界 = 4.066666666666666
当前上界 = 3.8476190476190473
当前上界 = 3.628571428571428
最优解：3.8285714285714283
solutionList.size() = 1
pattern.getKey() = 12@14@38@45@64@66@78@79@
用时：46.109 s
--------------------------------------- Price Problem End --------------------------------------------------------
		34 Add column : 1 col:46 	64.926
			Start solve  LP :64.926
			End solve LP obj: 13.0 t: 0
com.wlj.solver.BBSolver:
--------------------------------------- Price Problem Start --------------------------------------------------------
dualPrice.size = 80 , dualPrice = [1.0, 1.0, 1.0, -0.0, 0.75, 1.0, 0.2499999999999999, 0.75, 0.45833333333333326, 0.20833333333333334, 0.75, 0.7916666666666666, 0.16666666666666663, 0.0, -0.0, 0.24999999999999994, -0.0, 0.25, 0.4583333333333333, 0.25, -0.0, 0.7500000000000001, 0.12499999999999999, -0.0, -0.0, -0.0, 0.5416666666666667, -0.0, -0.0, -0.0, -0.0, -0.0, -0.0, -0.0, 0.2499999999999999, 0.08333333333333334, 0.0, -0.0, -0.0, -0.0, -0.0, 0.16666666666666663, -0.0, -0.0, -0.0, 0.3750000000000001, -0.0, 0.04166666666666674, -0.0, -0.0, -0.0, -0.0, -0.0, -0.0, -0.0, -0.0, -0.0, -0.0, -0.0, -0.0, 0.20833333333333331, -0.0, -0.0, 0.5416666666666667, -0.0, -0.0, 0.45833333333333326, -0.0, -0.0, -0.0, -0.0, 0.125, -0.0, -0.0, -0.0, -0.0, -0.0, -0.0, -0.0, -0.0]
			Active cut size: 0
W = 100 
H = 100
normalXList.size = 68
normalYList.size = 76
xList.size = 45
yList.size = 55
squareList.size = 28
myConsList.size = 0
当前上界 = 4.166666666666667
当前上界 = 3.9555555555555557
当前上界 = 3.7444444444444445
最优解：3.791666666666667
solutionList.size() = 1
pattern.getKey() = 5@21@26@41@60@63@66@71@
用时：5.495 s
--------------------------------------- Price Problem End --------------------------------------------------------
		35 Add column : 1 col:47 	70.422
			Start solve  LP :70.422
			End solve LP obj: 13.0 t: 1
com.wlj.solver.BBSolver:
--------------------------------------- Price Problem Start --------------------------------------------------------
dualPrice.size = 80 , dualPrice = [1.0, 1.0, 0.5, 1.0, 0.75, 0.0, 0.75, 0.0, 0.0, 0.25, 0.5, 0.5, -0.0, 0.5, -0.0, 0.25, -0.0, 0.5, 0.5, 0.5, 0.5, 0.25, -0.0, 0.5, 0.5, 0.0, -0.0, -0.0, -0.0, -0.0, -0.0, -0.0, -0.0, -0.0, 0.5, 0.5, -0.0, -0.0, -0.0, -0.0, -0.0, -0.0, -0.0, -0.0, -0.0, 1.0, -0.0, 0.5, -0.0, -0.0, -0.0, -0.0, -0.0, -0.0, -0.0, -0.0, -0.0, -0.0, -0.0, -0.0, 0.25, -0.0, -0.0, -0.0, 0.0, -0.0, 0.0, -0.0, -0.0, -0.0, -0.0, -0.0, -0.0, -0.0, -0.0, -0.0, -0.0, -0.0, -0.0, -0.0]
			Active cut size: 0
W = 100 
H = 100
normalXList.size = 46
normalYList.size = 61
xList.size = 23
yList.size = 31
squareList.size = 23
myConsList.size = 0
当前上界 = 4.25
当前上界 = 4.033333333333333
当前上界 = 3.8166666666666664
当前上界 = 3.5999999999999996
最优解：3.75
solutionList.size() = 9
pattern.getKey() = 18@24@34@35@45@47@60@
用时：0.055 s
--------------------------------------- Price Problem End --------------------------------------------------------
		36 Add column : 1 col:48 	70.478
			Start solve  LP :70.478
			End solve LP obj: 13.0 t: 0
com.wlj.solver.BBSolver:
--------------------------------------- Price Problem Start --------------------------------------------------------
dualPrice.size = 80 , dualPrice = [1.0, 1.0, 0.6639004149377594, -0.0, 0.7095435684647302, -0.0, 0.4771784232365146, 0.6307053941908713, 0.5062240663900417, 0.3692946058091285, 0.6307053941908713, 0.4481327800829875, 0.3817427385892118, 0.3360995850622406, -0.0, 0.2904564315352698, 0.2199170124481328, -0.0, 0.2904564315352699, -0.0, 0.3402489626556016, 0.5228215767634854, 0.3402489626556016, 0.3360995850622406, 0.107883817427386, -0.0, 0.15352697095435677, 0.029045643153527034, -0.0, -0.0, -0.0, -0.0, -0.0, -0.0, 0.15767634854771784, -0.0, 0.36929460580912865, -0.0, 0.26141078838174264, -0.0, -0.0, -0.0, -0.0, -0.0, -0.0, 0.27385892116182564, -0.0, 0.17012448132780064, 0.36929460580912865, -0.0, 0.2904564315352698, -0.0, -0.0, -0.0, -0.0, -0.0, 1.0, -0.0, -0.0, -0.0, -0.0, -0.0, -0.0, 0.24066390041493776, -0.0, -0.0, 0.0829875518672201, -0.0, -0.0, -0.0, -0.0, -0.0, -0.0, -0.0, -0.0, -0.0, -0.0, -0.0, -0.0, -0.0]
			Active cut size: 0
W = 100 
H = 100
normalXList.size = 78
normalYList.size = 65
xList.size = 65
yList.size = 45
squareList.size = 32
myConsList.size = 0
当前上界 = 4.12863070539419
当前上界 = 3.9200553250345775
当前上界 = 3.7114799446749647
最优解：3.7676348547717846
solutionList.size() = 1
pattern.getKey() = 10@21@36@38@48@50@56@63@66@
用时：37.791 s
--------------------------------------- Price Problem End --------------------------------------------------------
		37 Add column : 1 col:49 	108.27
			Start solve  LP :108.27
			End solve LP obj: 13.0 t: 0
com.wlj.solver.BBSolver:
--------------------------------------- Price Problem Start --------------------------------------------------------
dualPrice.size = 80 , dualPrice = [1.0, 1.0, 0.8852459016393444, 0.901639344262295, 0.42622950819672145, -0.0, 0.19672131147540994, -0.0, 0.3278688524590162, 0.6721311475409837, -0.0, 0.14754098360655754, 0.34426229508196715, 0.11475409836065564, -0.0, 0.5737704918032785, 0.19672131147540994, 0.2622950819672132, -0.0, 0.6721311475409836, 0.5409836065573771, 0.8032786885245901, 0.32786885245901637, -0.0, -0.0, -0.0, 0.1311475409836066, 0.06557377049180324, -0.0, -0.0, -0.0, -0.0, -0.0, -0.0, -0.0, 0.5245901639344261, 0.09836065573770497, -0.0, -0.0, -0.0, -0.0, -0.0, -0.0, -0.0, -0.0, 0.47540983606557385, 0.7377049180327868, -0.0, -0.0, 0.3278688524590164, -0.0, -0.0, -0.0, 0.5081967213114753, -0.0, 0.4590163934426229, 0.09836065573770497, -0.0, -0.0, -0.0, -0.0, -0.0, -0.0, -0.0, 0.11475409836065568, -0.0, -0.0, -0.0, -0.0, -0.0, -0.0, 0.06557377049180313, -0.0, -0.0, -0.0, -0.0, -0.0, -0.0, -0.0, -0.0]
			Active cut size: 0
W = 100 
H = 100
normalXList.size = 65
normalYList.size = 85
xList.size = 41
yList.size = 73
squareList.size = 30
myConsList.size = 0
当前上界 = 4.901639344262295
当前上界 = 4.641530054644809
当前上界 = 4.381420765027323
最优解：4.459016393442623
solutionList.size() = 1
pattern.getKey() = 19@20@35@45@46@49@53@55@56@64@
用时：53.519 s
--------------------------------------- Price Problem End --------------------------------------------------------
		38 Add column : 1 col:50 	161.789
			Start solve  LP :161.789
			End solve LP obj: 13.0 t: 0
com.wlj.solver.BBSolver:
--------------------------------------- Price Problem Start --------------------------------------------------------
dualPrice.size = 80 , dualPrice = [1.0, 1.0, 0.6467661691542288, 1.0, 1.0, 0.0, 0.33830845771144297, -0.0, 0.6467661691542288, 0.3681592039800995, -0.0, 0.12437810945273631, 0.3134328358208953, 0.3532338308457712, 0.14925373134328324, -0.0, 0.3532338308457712, -0.0, -0.0, -0.0, 0.059701492537313605, 0.5124378109452737, 0.24378109452736307, 0.3532338308457712, 0.3333333333333335, 0.43283582089552236, 0.2935323383084576, 0.5074626865671642, -0.0, -0.0, 0.15422885572139283, -0.0, -0.0, -0.0, -0.0, 0.1990049751243782, -0.0, -0.0, 0.48756218905472626, -0.0, -0.0, -0.0, -0.0, -0.0, -0.0, -0.0, -0.0, -0.0, -0.0, 0.17910447761194026, -0.0, -0.0, -0.0, 0.5621890547263684, -0.0, -0.0, -0.0, -0.0, 1.0, -0.0, -0.0, -0.0, 0.38805970149253743, -0.0, 0.0, -0.0, -0.0, -0.0, -0.0, -0.0, -0.0, -0.0, -0.0, -0.0, -0.0, -0.0, -0.0, -0.0, -0.0, -0.0]
			Active cut size: 0
W = 100 
H = 100
normalXList.size = 60
normalYList.size = 72
xList.size = 45
yList.size = 53
squareList.size = 28
myConsList.size = 0
当前上界 = 4.63681592039801
当前上界 = 4.394361525704809
当前上界 = 4.151907131011609
当前上界 = 3.9094527363184084
最优解：4.124378109452737
solutionList.size() = 2
pattern.getKey() = 4@27@38@49@53@58@62@
用时：4.969 s
--------------------------------------- Price Problem End --------------------------------------------------------
		39 Add column : 1 col:51 	166.758
			Start solve  LP :166.758
			End solve LP obj: 13.0 t: 0
com.wlj.solver.BBSolver:
--------------------------------------- Price Problem Start --------------------------------------------------------
dualPrice.size = 80 , dualPrice = [1.0, 1.0, 0.5, -0.0, -0.0, 0.5714285714285714, 0.7142857142857142, 0.5714285714285714, 0.49999999999999956, -0.0, -0.0, -0.0, 0.5714285714285712, 0.5, 0.2857142857142858, -0.0, -0.0, 0.5, 0.4285714285714286, 0.0714285714285714, -0.0, -0.0, 0.3571428571428572, 0.2857142857142856, 0.3571428571428572, 0.5, 0.2857142857142858, 0.0714285714285714, -0.0, 0.2142857142857142, -0.0, -0.0, -0.0, -0.0, 0.21428571428571486, -6.661338147750939E-16, 0.4285714285714286, -0.0, -0.0, 0.7857142857142851, -0.0, -0.0, -0.0, -0.0, 0.21428571428571486, -0.0, -0.0, -0.0, -0.0, -0.0, -0.0, -0.0, -0.0, 0.4285714285714288, -0.0, 0.07142857142857162, 0.4285714285714286, -0.0, 0.5, -0.0, -0.0, -0.0, -0.0, 0.1428571428571428, -0.0, -0.0, -0.0, -0.0, -0.0, -0.0, -0.0, -0.0, -0.0, -0.0, 0.5000000000000004, -0.0, -0.0, -0.0, -0.0, -0.0]
			Active cut size: 0
W = 100 
H = 100
normalXList.size = 86
normalYList.size = 68
xList.size = 75
yList.size = 53
squareList.size = 30
myConsList.size = 0
当前上界 = 4.7857142857142865
当前上界 = 4.533333333333334
当前上界 = 4.280952380952382
最优解：4.500000000000001
solutionList.size() = 6
pattern.getKey() = 17@25@36@39@44@53@55@56@58@63@74@
pattern.getKey() = 25@26@34@36@39@44@53@55@56@58@63@74@
用时：186.372 s
--------------------------------------- Price Problem End --------------------------------------------------------
		40 Add column : 1 col:52 	353.13
			Start solve  LP :353.13
			End solve LP obj: 13.0 t: 1
com.wlj.solver.BBSolver:
--------------------------------------- Price Problem Start --------------------------------------------------------
dualPrice.size = 80 , dualPrice = [1.0, 1.0, 0.33182332955832394, 1.0, 0.4099660249150623, -0.0, 0.4201585503963764, -0.0, 0.33182332955832394, 0.4246885617214039, 0.4620611551528874, 0.3895809739524355, 0.6104190260475645, 0.6681766704416761, 0.19365798414496022, -0.0, -0.0, 0.28312570781427004, 0.17667044167610374, 0.4960362400906005, 0.17214043035107557, 0.35334088335220853, 0.2616081540203854, 0.6681766704416761, 0.3544733861834654, -0.0, 0.1551528878822197, 0.18573046432616058, -0.0, -0.0, -0.0, -0.0, 0.4110985277463197, 0.15968289920724832, -0.0, 0.33182332955832394, -0.0, -0.0, 0.14949037372593427, -0.0, -0.0, -0.0, -0.0, 0.25707814269535634, 0.5900339750849377, -0.0, -0.0, -0.0, -0.0, -0.0, 0.03510758776896977, -0.0, -0.0, -0.0, -0.0, -0.0, -0.0, -0.0, 0.25481313703284253, 0.032842582106454854, 0.1370328425821069, -0.0, -0.0, -0.0, -0.0, -0.0, -0.0, -0.0, -0.0, -0.0, -0.0, 0.292185730464326, -0.0, -0.0, -0.0, -0.0, -0.0, -0.0, -0.0, -0.0]
			Active cut size: 0
W = 100 
H = 100
normalXList.size = 64
normalYList.size = 83
xList.size = 53
yList.size = 69
squareList.size = 34
myConsList.size = 0
当前上界 = 3.6432616081540194
当前上界 = 3.467044167610418
当前上界 = 3.2908267270668166
当前上界 = 3.114609286523215
最优解：3.2117780294450737
solutionList.size() = 1
pattern.getKey() = 19@23@35@38@43@44@50@58@60@71@
用时：76.476 s
--------------------------------------- Price Problem End --------------------------------------------------------
		41 Add column : 1 col:53 	429.607
			Start solve  LP :429.607
			End solve LP obj: 13.0 t: 16
com.wlj.solver.BBSolver:
--------------------------------------- Price Problem Start --------------------------------------------------------
dualPrice.size = 80 , dualPrice = [1.0, 1.0, 0.4830053667262969, 0.5330948121645797, 0.7754919499105546, -0.0, -0.0, 0.26028622540250446, 0.4284436493738819, 0.6082289803220035, 0.5330948121645797, 0.28354203935599276, 0.5205724508050089, 0.5169946332737031, -0.0, 0.2245080500894454, -0.0, 0.38103756708407865, -0.0, 0.26028622540250446, 0.3130590339892666, 0.22808586762075136, 0.39177101967799655, 0.41502683363148485, 0.4794275491949911, -0.0, 0.2584973166368515, 0.10822898032200379, 0.08586762075134169, -0.0, -0.0, -0.0, 0.03667262969588547, 0.23971377459749546, -0.0, 0.32468694096601075, 0.2066189624329159, -0.0, -0.0, -0.0, -0.0, -0.0, -0.0, -0.0, -0.0, -0.0, -0.0, 0.19588550983899827, -0.0, -0.0, -0.0, -0.0, -0.0, -0.0, -0.0, -0.0, -0.0, -0.0, -0.0, 0.7719141323792487, -0.0, -0.0, -0.0, -0.0, 0.10196779964221826, -0.0, 0.03220035778175309, -0.0, -0.0, 0.46690518783542034, -0.0, -0.0, -0.0, -0.0, 0.5348837209302326, -0.0, -0.0, -0.0, -0.0, -0.0]
			Active cut size: 0
W = 100 
H = 100
normalXList.size = 83
normalYList.size = 80
xList.size = 69
yList.size = 61
squareList.size = 33
myConsList.size = 0
当前上界 = 3.973166368515206
当前上界 = 3.774955277280859
当前上界 = 3.576744186046512
最优解：3.7692307692307696
solutionList.size() = 1
pattern.getKey() = 23@24@33@35@36@47@59@64@66@69@74@
用时：223.466 s
--------------------------------------- Price Problem End --------------------------------------------------------
		42 Add column : 1 col:54 	653.089
			Start solve  LP :653.089
			End solve LP obj: 13.0 t: 0
com.wlj.solver.BBSolver:
--------------------------------------- Price Problem Start --------------------------------------------------------
dualPrice.size = 80 , dualPrice = [1.0, 1.0, 0.7914110429447851, 0.5766871165644174, 0.3190184049079755, -0.0, 0.4805725971370143, 0.42331288343558265, 0.5664621676891615, 0.20040899795501022, 0.38854805725971375, 0.5378323108384457, 0.46216768916155426, -0.0, -0.0, 0.6809815950920245, -0.0, 0.6114519427402862, 0.31083844580777104, 0.20449897750511242, -0.0, 0.39468302658486704, 0.24335378323108375, 0.2085889570552149, 0.12065439672801645, 0.0388548057259713, 0.3190184049079755, 0.18404907975460125, -0.0, -0.0, 0.33537832310838445, -0.0, 0.21267893660531723, -0.0, 0.22494887525562368, 0.12269938650306755, -0.0, 0.20858895705521485, 0.2167689161554192, -0.0, -0.0, -0.0, -0.0, -0.0, -0.0, 0.22085889570552125, -0.0, -0.0, -0.0, 0.03476482617586918, -0.0, -0.0, -0.0, -0.0, -0.0, 0.41717791411042937, -0.0, -0.0, -0.0, 0.12474437627811863, -0.0, -0.0, 0.24539877300613502, -0.0, -0.0, -0.0, -0.0, -0.0, -0.0, 0.42331288343558265, -0.0, 0.14928425357873204, -0.0, -0.0, -0.0, -0.0, -0.0, -0.0, -0.0, -0.0]
			Active cut size: 0
W = 100 
H = 100
normalXList.size = 50
normalYList.size = 97
xList.size = 37
yList.size = 95
squareList.size = 36
myConsList.size = 0
当前上界 = 3.509202453987729
当前上界 = 3.341922290388547
当前上界 = 3.1746421267893647
最优解：3.2331288343558273
solutionList.size() = 1
pattern.getKey() = 15@26@30@34@38@45@55@62@69@71@
用时：132.084 s
--------------------------------------- Price Problem End --------------------------------------------------------
		43 Add column : 1 col:55 	785.173
			Start solve  LP :785.173
			End solve LP obj: 13.0 t: 0
com.wlj.solver.BBSolver:
--------------------------------------- Price Problem Start --------------------------------------------------------
dualPrice.size = 80 , dualPrice = [1.0, 1.0, 0.6106194690265486, 0.863716814159292, 0.37876106194690273, -0.0, -0.0, 0.13628318584070795, 0.7150442477876107, 0.39646017699115044, -0.0, 0.21592920353982303, 0.784070796460177, -0.0, -0.0, 0.3433628318584072, -0.0, -0.0, 0.12743362831858407, 0.5132743362831859, -0.0, 0.5061946902654868, 0.4761061946902655, 0.2230088495575221, 0.11681415929203542, 0.3079646017699115, 0.28495575221238933, 0.38761061946902653, -0.0, -0.0, 0.26017699115044246, -0.0, 0.17699115044247793, -0.0, 0.06194690265486724, -0.0, -0.0, 0.3893805309734514, 0.04955752212389375, -0.0, -0.0, -0.0, -0.0, 0.1079646017699114, -0.0, -0.0, -0.0, -0.0, -0.0, 0.184070796460177, 0.0991150442477876, 0.27787610619469005, -0.0, -0.0, -0.0, -0.0, 0.13628318584070795, -0.0, -0.0, 0.4938053097345132, -0.0, -0.0, -0.0, 0.20884955752212386, 0.16637168141592926, -0.0, -0.0, 1.0, -0.0, -0.0, -0.0, -0.0, -0.0, -0.0, -0.0, -0.0, -0.0, -0.0, -0.0, -0.0]
			Active cut size: 0
W = 100 
H = 100
normalXList.size = 87
normalYList.size = 65
xList.size = 83
yList.size = 49
squareList.size = 34
myConsList.size = 0
当前上界 = 4.534513274336283
当前上界 = 4.2988790560471974
当前上界 = 4.063244837758112
最优解：4.2637168141592925
solutionList.size() = 1
pattern.getKey() = 19@21@27@37@49@51@56@59@63@64@67@
用时：2142.861 s
--------------------------------------- Price Problem End --------------------------------------------------------
		44 Add column : 1 col:56 	2928.034
			Start solve  LP :2928.034
			End solve LP obj: 13.0 t: 0
com.wlj.solver.BBSolver:
--------------------------------------- Price Problem Start --------------------------------------------------------
dualPrice.size = 80 , dualPrice = [1.0, 1.0, 0.8834870075440067, 0.4308466051969826, 0.6454316848281638, 0.5691533948030174, 0.3428331936295057, 0.5691533948030174, 0.6353730092204524, 0.6571668063704943, 0.5666387259010895, 0.2531433361274099, 0.7468566638725901, -0.0, 0.13076278290025167, 0.33864207879295904, -0.0, -0.0, 0.011735121542330584, -0.0, 0.34367141659681477, -0.0, 0.1961441743503772, 0.0779547359597656, 0.1659681475272421, 0.19782062028499595, -0.0, 0.08968985750209574, 0.0938809723386424, -0.0, 0.2296730930427492, -0.0, -0.0, -0.0, 0.286672254819782, 0.352891869237217, -0.0, 0.11651299245599328, -0.0, -0.0, -0.0, -0.0, -0.0, -0.0, -0.0, -0.0, -0.0, -0.0, -0.0, 0.2648784576697405, 0.08717518860016783, -0.0, 0.015926236378877134, -0.0, 0.5264040234702426, -0.0, -0.0, -0.0, -0.0, -0.0, 0.13495389773679833, -0.0, -0.0, 0.1508801341156745, 0.03855825649622768, -0.0, -0.0, 0.339480301760268, -0.0, -0.0, -0.0, 0.1450125733445097, -0.0, -0.0, 0.3646269907795476, -0.0, -0.0, -0.0, -0.0, -0.0]
			Active cut size: 0
W = 100 
H = 100
normalXList.size = 93
normalYList.size = 83
xList.size = 89
yList.size = 69
squareList.size = 37
myConsList.size = 0
当前上界 = 3.7703269069572496
当前上界 = 3.5856384464934328
--------------------------------------- Price Problem End --------------------------------------------------------
		45 Add column : 0 col:57 	3000.001
	1 End Add column using column generation : 13.0 col: 57 cons: 0 cut: 0	3000.001
   End add columnAndCut : 13.0 colGencnt: 1 price: 0 col: 57 cons: 0 cut: 0	3000.001

Node lb: 1.7976931348623157E308 ub: 13 : 3000.001

Final Found Solution: 13 genNode: 1 extendedNode: 0:3000.001
Bin size: 10000
1 : 4050,2700,782,726,484,462,368,52, : 9624
2 : 7719,1350, : 9069
3 : 6966,747,740,96, : 8549
4 : 3124,3120,637,451, : 7332
5 : 3772,2701,1892,444,363, : 9172
6 : 4898,3007,960,282,208,75,45,30, : 9505
7 : 3588,2156,1848,800,575, : 8967
8 : 4608,3850,396,134, : 8988
9 : 3312,2560,1302,740,731,720,60, : 9425
10 : 3180,2352,1488,720,600,364,168,136,130,27,22, : 9187
11 : 3186,2156,1886,1421,300,276, : 9225
12 : 2115,1869,1776,1394,1290,410,240,189, : 9283
13 : 1656,1551,1288,1107,960,560,217,129, : 7468
----------------------- 1 ---------------------------
canvasWidth:100,
canvasHeight:100,
data:[{x:0,y:0,l:27,w:100},{x:19,y:27,l:50,w:81},{x:2,y:27,l:46,w:17},{x:6,y:73,l:4,w:13},{x:67,y:77,l:22,w:33},{x:45,y:77,l:22,w:22},{x:23,y:77,l:21,w:22},{x:0,y:77,l:16,w:23},],
----------------------- 2 ---------------------------
canvasWidth:100,
canvasHeight:100,
data:[{x:7,y:0,l:83,w:93},{x:10,y:83,l:15,w:90},],
----------------------- 3 ---------------------------
canvasWidth:100,
canvasHeight:100,
data:[{x:19,y:0,l:86,w:81},{x:26,y:86,l:10,w:74},{x:10,y:0,l:83,w:9},{x:13,y:83,l:16,w:6},],
----------------------- 4 ---------------------------
canvasWidth:100,
canvasHeight:100,
data:[{x:61,y:0,l:80,w:39},{x:17,y:0,l:71,w:44},{x:4,y:0,l:49,w:13},{x:59,y:80,l:11,w:41},],
----------------------- 5 ---------------------------
canvasWidth:100,
canvasHeight:100,
data:[{x:59,y:0,l:92,w:41},{x:22,y:0,l:73,w:37},{x:26,y:73,l:11,w:33},{x:26,y:92,l:6,w:74},{x:0,y:0,l:86,w:22},],
----------------------- 6 ---------------------------
canvasWidth:100,
canvasHeight:100,
data:[{x:3,y:0,l:31,w:97},{x:0,y:0,l:25,w:3},{x:21,y:31,l:62,w:79},{x:1,y:31,l:48,w:20},{x:0,y:31,l:45,w:1},{x:5,y:79,l:13,w:16},{x:0,y:79,l:6,w:5},{x:6,y:93,l:3,w:94},],
----------------------- 7 ---------------------------
canvasWidth:100,
canvasHeight:100,
data:[{x:31,y:0,l:52,w:69},{x:51,y:52,l:44,w:49},{x:31,y:52,l:40,w:20},{x:3,y:0,l:66,w:28},{x:6,y:66,l:23,w:25},],
----------------------- 8 ---------------------------
canvasWidth:100,
canvasHeight:100,
data:[{x:4,y:0,l:48,w:96},{x:23,y:48,l:50,w:77},{x:33,y:98,l:2,w:67},{x:11,y:48,l:33,w:12},],
----------------------- 9 ---------------------------
canvasWidth:100,
canvasHeight:100,
data:[{x:52,y:0,l:69,w:48},{x:58,y:69,l:31,w:42},{x:20,y:0,l:80,w:32},{x:0,y:0,l:37,w:20},{x:3,y:37,l:43,w:17},{x:0,y:37,l:20,w:3},{x:4,y:80,l:15,w:48},],
----------------------- 10 ---------------------------
canvasWidth:100,
canvasHeight:100,
data:[{x:16,y:0,l:28,w:84},{x:2,y:0,l:26,w:14},{x:1,y:0,l:22,w:1},{x:40,y:28,l:53,w:60},{x:9,y:28,l:48,w:31},{x:1,y:28,l:21,w:8},{x:60,y:81,l:15,w:40},{x:66,y:96,l:4,w:34},{x:12,y:81,l:15,w:48},{x:2,y:81,l:13,w:10},{x:3,y:94,l:3,w:9},],
----------------------- 11 ---------------------------
canvasWidth:100,
canvasHeight:100,
data:[{x:46,y:0,l:59,w:54},{x:50,y:59,l:6,w:50},{x:51,y:65,l:29,w:49},{x:54,y:94,l:6,w:46},{x:2,y:0,l:49,w:44},{x:5,y:49,l:46,w:41},],
----------------------- 12 ---------------------------
canvasWidth:100,
canvasHeight:100,
data:[{x:79,y:0,l:89,w:21},{x:79,y:89,l:9,w:21},{x:32,y:0,l:45,w:47},{x:2,y:0,l:43,w:30},{x:38,y:45,l:10,w:41},{x:45,y:55,l:41,w:34},{x:39,y:55,l:40,w:6},{x:0,y:45,l:48,w:37},],
----------------------- 13 ---------------------------
canvasWidth:100,
canvasHeight:100,
data:[{x:54,y:0,l:36,w:46},{x:7,y:0,l:33,w:47},{x:11,y:33,l:3,w:43},{x:0,y:0,l:31,w:7},{x:54,y:36,l:28,w:46},{x:59,y:64,l:27,w:41},{x:24,y:36,l:32,w:30},{x:4,y:36,l:28,w:20},],
