====================================== Class_03.2bp-11 =====================================
Reduced size: 40 usedBin: 0
[4, 8, 21, 26, 36, 37, 39]
[5, 9, 19, 29, 30]
[2, 14, 20]
[1, 17, 23, 27]
[0, 16, 22, 28]
[7, 10, 15, 18]
[3, 6, 25, 31, 32, 34]
[11, 12, 13, 24, 33, 35, 38]
------------------------------------------------
Best fit used bin number: 8
Found best solution: 8 0.328

   Statrt add columnAndCut col: 8 cons: 0 cut: 0	0.391

	1 Start Add column using column generation  col: 8 cons: 0 cut: 0	0.391
			Start solve  LP :0.391
			End solve LP obj: 8.0 t: 0
	1 End Add column using column generation : 8.0 col: 8 cons: 0 cut: 0	0.391
   End add columnAndCut : 8.0 colGencnt: 1 price: 0 col: 8 cons: 0 cut: 0	0.391

Node lb: 8.0 ub: 8 : 0.391

Final Found Solution: 8 genNode: 1 extendedNode: 0:0.391
Bin size: 1600
1 : 594,506,171,130,30,24,10, : 1465
2 : 551,437,209,102,99, : 1398
3 : 825,350,175, : 1350
4 : 840,270,160,120, : 1390
5 : 870,280,168,112, : 1430
6 : 527,418,297,253, : 1495
7 : 608,540,136,90,80,48, : 1502
8 : 384,364,360,138,75,33,16, : 1370
----------------------- 1 ---------------------------
canvasWidth:40,
canvasHeight:40,
data:[{x:7,y:0,l:18,w:33},{x:17,y:18,l:22,w:23},{x:8,y:18,l:19,w:9},{x:9,y:37,l:3,w:8},{x:1,y:0,l:26,w:5},{x:1,y:26,l:2,w:5},{x:3,y:28,l:10,w:3},],
----------------------- 2 ---------------------------
canvasWidth:40,
canvasHeight:40,
data:[{x:21,y:0,l:29,w:19},{x:21,y:29,l:11,w:19},{x:2,y:0,l:23,w:19},{x:15,y:23,l:17,w:6},{x:6,y:23,l:11,w:9},],
----------------------- 3 ---------------------------
canvasWidth:40,
canvasHeight:40,
data:[{x:7,y:0,l:25,w:33},{x:15,y:25,l:14,w:25},{x:0,y:0,l:25,w:7},],
----------------------- 4 ---------------------------
canvasWidth:40,
canvasHeight:40,
data:[{x:10,y:0,l:28,w:30},{x:16,y:28,l:5,w:24},{x:0,y:0,l:27,w:10},{x:8,y:35,l:5,w:32},],
----------------------- 5 ---------------------------
canvasWidth:40,
canvasHeight:40,
data:[{x:11,y:0,l:30,w:29},{x:7,y:0,l:28,w:4},{x:0,y:0,l:24,w:7},{x:12,y:30,l:10,w:28},],
----------------------- 6 ---------------------------
canvasWidth:40,
canvasHeight:40,
data:[{x:23,y:0,l:31,w:17},{x:0,y:0,l:11,w:23},{x:1,y:11,l:19,w:22},{x:7,y:31,l:9,w:33},],
----------------------- 7 ---------------------------
canvasWidth:40,
canvasHeight:40,
data:[{x:8,y:0,l:19,w:32},{x:10,y:19,l:18,w:30},{x:10,y:37,l:3,w:30},{x:4,y:0,l:34,w:4},{x:0,y:0,l:20,w:4},{x:1,y:20,l:16,w:3},],
----------------------- 8 ---------------------------
canvasWidth:40,
canvasHeight:40,
data:[{x:28,y:0,l:32,w:12},{x:16,y:0,l:30,w:12},{x:20,y:30,l:2,w:8},{x:1,y:0,l:5,w:15},{x:2,y:5,l:26,w:14},{x:7,y:32,l:1,w:33},{x:17,y:33,l:6,w:23},],
