====================================== Class_01.2bp-18 =====================================
Reduced size: 40 usedBin: 0
[9, 16, 19, 32, 35]
[10, 12, 33]
[3, 6, 36]
[7, 20, 24, 25]
[1, 14, 34]
[2, 22, 27, 38]
[8, 18, 26]
[0, 28, 29]
[4, 5, 37]
[11, 21, 30, 31, 39]
[13, 15, 17, 23]
------------------------------------------------
Best fit used bin number: 11
Found best solution: 11 0.156

   Statrt add columnAndCut col: 11 cons: 0 cut: 0	0.203

	1 Start Add column using column generation  col: 11 cons: 0 cut: 0	0.219
			Start solve  LP :0.219
			End solve LP obj: 11.0 t: 0
	1 End Add column using column generation : 11.0 col: 11 cons: 0 cut: 0	0.219
   End add columnAndCut : 11.0 colGencnt: 1 price: 0 col: 11 cons: 0 cut: 0	0.219

Node lb: 11.0 ub: 11 : 0.219

Final Found Solution: 11 genNode: 1 extendedNode: 0:0.219
Bin size: 100
1 : 40,24,20,10,6, : 100
2 : 40,30,10, : 80
3 : 50,45,5, : 100
4 : 42,20,18,16, : 96
5 : 63,27,9, : 99
6 : 56,18,15,3, : 92
7 : 40,24,16, : 80
8 : 64,14,12, : 90
9 : 45,45,4, : 94
10 : 35,18,12,12,3, : 80
11 : 28,27,24,18, : 97
----------------------- 1 ---------------------------
canvasWidth:10,
canvasHeight:10,
data:[{x:6,y:0,l:10,w:4},{x:3,y:0,l:8,w:3},{x:3,y:8,l:2,w:3},{x:1,y:0,l:10,w:2},{x:0,y:0,l:10,w:1},],
----------------------- 2 ---------------------------
canvasWidth:10,
canvasHeight:10,
data:[{x:0,y:0,l:4,w:10},{x:0,y:4,l:3,w:10},{x:0,y:7,l:1,w:10},],
----------------------- 3 ---------------------------
canvasWidth:10,
canvasHeight:10,
data:[{x:0,y:0,l:5,w:10},{x:1,y:5,l:5,w:9},{x:0,y:5,l:5,w:1},],
----------------------- 4 ---------------------------
canvasWidth:10,
canvasHeight:10,
data:[{x:3,y:0,l:6,w:7},{x:0,y:0,l:6,w:3},{x:5,y:6,l:4,w:5},{x:1,y:6,l:4,w:4},],
----------------------- 5 ---------------------------
canvasWidth:10,
canvasHeight:10,
data:[{x:3,y:0,l:9,w:7},{x:0,y:0,l:9,w:3},{x:1,y:9,l:1,w:9},],
----------------------- 6 ---------------------------
canvasWidth:10,
canvasHeight:10,
data:[{x:2,y:0,l:7,w:8},{x:5,y:7,l:3,w:5},{x:2,y:7,l:1,w:3},{x:0,y:0,l:9,w:2},],
----------------------- 7 ---------------------------
canvasWidth:10,
canvasHeight:10,
data:[{x:5,y:0,l:8,w:5},{x:2,y:0,l:8,w:3},{x:0,y:0,l:8,w:2},],
----------------------- 8 ---------------------------
canvasWidth:10,
canvasHeight:10,
data:[{x:2,y:0,l:8,w:8},{x:3,y:8,l:2,w:7},{x:0,y:0,l:6,w:2},],
----------------------- 9 ---------------------------
canvasWidth:10,
canvasHeight:10,
data:[{x:5,y:0,l:9,w:5},{x:6,y:9,l:1,w:4},{x:0,y:0,l:9,w:5},],
----------------------- 10 ---------------------------
canvasWidth:10,
canvasHeight:10,
data:[{x:3,y:0,l:5,w:7},{x:0,y:0,l:4,w:3},{x:0,y:4,l:1,w:3},{x:4,y:5,l:3,w:6},{x:4,y:8,l:2,w:6},],
----------------------- 11 ---------------------------
canvasWidth:10,
canvasHeight:10,
data:[{x:4,y:0,l:4,w:6},{x:4,y:4,l:3,w:6},{x:0,y:0,l:7,w:4},{x:1,y:7,l:3,w:9},],
