====================================== Class_05.2bp-12 =====================================
Reduced size: 40 usedBin: 0
[13, 23, 25]
[9, 16, 21, 36]
[12, 26]
[0]
[10, 20, 28]
[3, 19, 32]
[1]
[7, 17, 30, 38]
[2]
[14, 22]
[11, 29, 31, 34]
[6, 15, 33, 35, 37, 39]
[8]
[4, 18]
[5, 24, 27]
------------------------------------------------
Best fit used bin number: 15
Found best solution: 15 0.125

   Statrt add columnAndCut col: 15 cons: 0 cut: 0	0.187

	1 Start Add column using column generation  col: 15 cons: 0 cut: 0	0.187
			Start solve  LP :0.187
			End solve LP obj: 15.0 t: 0
	1 End Add column using column generation : 15.0 col: 15 cons: 0 cut: 0	0.187
   End add columnAndCut : 15.0 colGencnt: 1 price: 0 col: 15 cons: 0 cut: 0	0.187

Node lb: 15.0 ub: 15 : 0.187

Final Found Solution: 15 genNode: 1 extendedNode: 0:0.187
Bin size: 10000
1 : 3528,1922,1519, : 6969
2 : 4774,2464,1978,220, : 9436
3 : 3920,1404, : 5324
4 : 9312, : 9312
5 : 4505,1980,988, : 7473
6 : 6270,2046,864, : 9180
7 : 8930, : 8930
8 : 4902,2296,962,92, : 8252
9 : 8633, : 8633
10 : 3286,1961, : 5247
11 : 4260,966,945,468, : 6639
12 : 5166,2813,629,392,176,48, : 9224
13 : 4800, : 4800
14 : 5850,2079, : 7929
15 : 5208,1600,1216, : 8024
----------------------- 1 ---------------------------
canvasWidth:100,
canvasHeight:100,
data:[{x:58,y:0,l:84,w:42},{x:9,y:0,l:31,w:49},{x:27,y:31,l:62,w:31},],
----------------------- 2 ---------------------------
canvasWidth:100,
canvasHeight:100,
data:[{x:14,y:0,l:23,w:86},{x:4,y:0,l:22,w:10},{x:38,y:23,l:77,w:62},{x:6,y:23,l:77,w:32},],
----------------------- 3 ---------------------------
canvasWidth:100,
canvasHeight:100,
data:[{x:30,y:0,l:56,w:70},{x:46,y:56,l:26,w:54},],
----------------------- 4 ---------------------------
canvasWidth:100,
canvasHeight:100,
data:[{x:4,y:0,l:97,w:96},],
----------------------- 5 ---------------------------
canvasWidth:100,
canvasHeight:100,
data:[{x:15,y:0,l:53,w:85},{x:56,y:53,l:45,w:44},{x:2,y:0,l:76,w:13},],
----------------------- 6 ---------------------------
canvasWidth:100,
canvasHeight:100,
data:[{x:5,y:0,l:66,w:95},{x:7,y:66,l:22,w:93},{x:28,y:88,l:12,w:72},],
----------------------- 7 ---------------------------
canvasWidth:100,
canvasHeight:100,
data:[{x:5,y:0,l:94,w:95},],
----------------------- 8 ---------------------------
canvasWidth:100,
canvasHeight:100,
data:[{x:99,y:0,l:92,w:1},{x:13,y:0,l:57,w:86},{x:43,y:57,l:41,w:56},{x:0,y:0,l:74,w:13},],
----------------------- 9 ---------------------------
canvasWidth:100,
canvasHeight:100,
data:[{x:11,y:0,l:97,w:89},],
----------------------- 10 ---------------------------
canvasWidth:100,
canvasHeight:100,
data:[{x:38,y:0,l:53,w:62},{x:1,y:0,l:53,w:37},],
----------------------- 11 ---------------------------
canvasWidth:100,
canvasHeight:100,
data:[{x:29,y:0,l:60,w:71},{x:31,y:60,l:14,w:69},{x:55,y:74,l:21,w:45},{x:29,y:74,l:18,w:26},],
----------------------- 12 ---------------------------
canvasWidth:100,
canvasHeight:100,
data:[{x:3,y:0,l:29,w:97},{x:1,y:0,l:24,w:2},{x:18,y:29,l:63,w:82},{x:1,y:29,l:37,w:17},{x:44,y:92,l:7,w:56},{x:0,y:92,l:4,w:44},],
----------------------- 13 ---------------------------
canvasWidth:100,
canvasHeight:100,
data:[{x:4,y:0,l:50,w:96},],
----------------------- 14 ---------------------------
canvasWidth:100,
canvasHeight:100,
data:[{x:1,y:0,l:21,w:99},{x:25,y:21,l:78,w:75},],
----------------------- 15 ---------------------------
canvasWidth:100,
canvasHeight:100,
data:[{x:16,y:0,l:62,w:84},{x:68,y:62,l:38,w:32},{x:4,y:62,l:25,w:64},],
