====================================== Class_08.2bp-23 =====================================
Reduced size: 60 usedBin: 0
[15, 26, 27, 44, 50, 59]
[8, 12]
[7, 22, 31]
[21, 25, 30, 32, 48, 56]
[0, 43, 47]
[17, 18, 29, 38, 55, 57]
[1]
[10, 23, 34]
[5, 14, 37, 53]
[2, 11, 54, 58]
[19, 28, 33, 35, 52]
[6, 24, 36]
[3, 20, 39, 40, 46]
[4, 16, 41, 45]
[9, 13, 42, 49, 51]
------------------------------------------------
Best fit used bin number: 15
Found best solution: 15 0.297

   Statrt add columnAndCut col: 15 cons: 0 cut: 0	0.375

	1 Start Add column using column generation  col: 15 cons: 0 cut: 0	0.375
			Start solve  LP :0.375
			End solve LP obj: 15.0 t: 0
	1 End Add column using column generation : 15.0 col: 15 cons: 0 cut: 0	0.375
   End add columnAndCut : 15.0 colGencnt: 1 price: 0 col: 15 cons: 0 cut: 0	0.375

Node lb: 15.0 ub: 15 : 0.375

Final Found Solution: 15 genNode: 1 extendedNode: 0:0.375
Bin size: 10000
1 : 3038,2112,2108,729,445,8, : 8440
2 : 3900,3480, : 7380
3 : 4005,2574,1562, : 8141
4 : 2580,2275,1953,1411,522,83, : 8824
5 : 8004,748,584, : 9336
6 : 2816,2706,2000,1064,96,74, : 8756
7 : 6435, : 6435
8 : 3750,2552,1386, : 7688
9 : 4028,3066,1170,355, : 8619
10 : 4576,3564,348,40, : 8528
11 : 2700,2106,1408,1377,368, : 7959
12 : 4018,2450,1232, : 7700
13 : 4464,2613,923,888,686, : 9574
14 : 4176,2900,774,720, : 8570
15 : 3825,3082,750,492,440, : 8589
----------------------- 1 ---------------------------
canvasWidth:100,
canvasHeight:100,
data:[{x:2,y:0,l:31,w:98},{x:1,y:0,l:8,w:1},{x:11,y:31,l:5,w:89},{x:12,y:36,l:24,w:88},{x:19,y:60,l:9,w:81},{x:32,y:69,l:31,w:68},],
----------------------- 2 ---------------------------
canvasWidth:100,
canvasHeight:100,
data:[{x:61,y:0,l:100,w:39},{x:3,y:0,l:60,w:58},],
----------------------- 3 ---------------------------
canvasWidth:100,
canvasHeight:100,
data:[{x:11,y:0,l:45,w:89},{x:22,y:45,l:33,w:78},{x:29,y:78,l:22,w:71},],
----------------------- 4 ---------------------------
canvasWidth:100,
canvasHeight:100,
data:[{x:7,y:0,l:21,w:93},{x:9,y:21,l:25,w:91},{x:13,y:46,l:6,w:87},{x:14,y:52,l:30,w:86},{x:17,y:82,l:17,w:83},{x:17,y:99,l:1,w:83},],
----------------------- 5 ---------------------------
canvasWidth:100,
canvasHeight:100,
data:[{x:13,y:0,l:92,w:87},{x:2,y:0,l:68,w:11},{x:27,y:92,l:8,w:73},],
----------------------- 6 ---------------------------
canvasWidth:100,
canvasHeight:100,
data:[{x:4,y:0,l:1,w:96},{x:34,y:1,l:41,w:66},{x:6,y:1,l:38,w:28},{x:12,y:42,l:32,w:88},{x:20,y:74,l:25,w:80},{x:26,y:99,l:1,w:74},],
----------------------- 7 ---------------------------
canvasWidth:100,
canvasHeight:100,
data:[{x:35,y:0,l:99,w:65},],
----------------------- 8 ---------------------------
canvasWidth:100,
canvasHeight:100,
data:[{x:12,y:0,l:29,w:88},{x:25,y:29,l:50,w:75},{x:34,y:79,l:21,w:66},],
----------------------- 9 ---------------------------
canvasWidth:100,
canvasHeight:100,
data:[{x:24,y:0,l:53,w:76},{x:27,y:53,l:42,w:73},{x:29,y:95,l:5,w:71},{x:9,y:0,l:78,w:15},],
----------------------- 10 ---------------------------
canvasWidth:100,
canvasHeight:100,
data:[{x:13,y:0,l:4,w:87},{x:3,y:0,l:4,w:10},{x:12,y:4,l:52,w:88},{x:19,y:56,l:44,w:81},],
----------------------- 11 ---------------------------
canvasWidth:100,
canvasHeight:100,
data:[{x:8,y:0,l:4,w:92},{x:12,y:4,l:16,w:88},{x:19,y:20,l:17,w:81},{x:22,y:37,l:27,w:78},{x:25,y:64,l:36,w:75},],
----------------------- 12 ---------------------------
canvasWidth:100,
canvasHeight:100,
data:[{x:18,y:0,l:49,w:82},{x:23,y:49,l:16,w:77},{x:30,y:65,l:35,w:70},],
----------------------- 13 ---------------------------
canvasWidth:100,
canvasHeight:100,
data:[{x:93,y:0,l:98,w:7},{x:0,y:0,l:48,w:93},{x:26,y:48,l:39,w:67},{x:2,y:48,l:37,w:24},{x:22,y:87,l:13,w:71},],
----------------------- 14 ---------------------------
canvasWidth:100,
canvasHeight:100,
data:[{x:0,y:0,l:29,w:100},{x:13,y:29,l:48,w:87},{x:14,y:77,l:9,w:86},{x:28,y:86,l:10,w:72},],
----------------------- 15 ---------------------------
canvasWidth:100,
canvasHeight:100,
data:[{x:12,y:0,l:5,w:88},{x:55,y:5,l:85,w:45},{x:49,y:5,l:82,w:6},{x:3,y:5,l:67,w:46},{x:25,y:90,l:10,w:75},],
