====================================== Class_05.2bp-48 =====================================
Reduced size: 100 usedBin: 0
[16, 18, 93]
[13, 32, 81]
[6, 45, 89, 94]
[29, 38, 39, 41]
[0, 82]
[10, 52, 76, 90]
[4, 62]
[14, 49, 50, 69]
[22, 30, 57, 70, 98]
[7, 60]
[5, 75, 77]
[15, 35, 86, 87]
[26, 31, 53, 59, 78, 96]
[11, 55, 63, 67, 88]
[9, 56, 61]
[37, 40, 43, 47, 73]
[19, 24, 64, 85]
[17, 34, 58, 68]
[8, 65, 74]
[23, 27, 42, 71]
[21, 33, 44, 91, 95]
[1, 84]
[3, 66, 79]
[2]
[20, 46, 51, 54, 92]
[28, 36, 48, 72, 80, 97, 99]
[12, 25, 83]
------------------------------------------------
Best fit used bin number: 27
Found best solution: 27 0.156

   Statrt add columnAndCut col: 27 cons: 0 cut: 0	0.218

	1 Start Add column using column generation  col: 27 cons: 0 cut: 0	0.218
			Start solve  LP :0.218
			End solve LP obj: 27.0 t: 16
	1 End Add column using column generation : 27.0 col: 27 cons: 0 cut: 0	0.234
   End add columnAndCut : 27.0 colGencnt: 1 price: 0 col: 27 cons: 0 cut: 0	0.234

Node lb: 27.0 ub: 27 : 0.234

Final Found Solution: 27 genNode: 1 extendedNode: 0:0.234
Bin size: 10000
1 : 4900,4800,172, : 9872
2 : 5490,2812,500, : 8802
3 : 7332,1869,272,148, : 9621
4 : 3190,2226,2200,2000, : 9616
5 : 8740,497, : 9237
6 : 6960,1463,649,252, : 9324
7 : 7885,1120, : 9005
8 : 5395,1734,1666,885, : 9680
9 : 4214,3096,1320,882,42, : 9554
10 : 7176,1235, : 8411
11 : 7544,650,585, : 8779
12 : 5040,2520,384,364, : 8308
13 : 3416,2860,1428,1271,532,120, : 9627
14 : 5640,1380,1095,960,325, : 9400
15 : 7000,1375,1148, : 9523
16 : 2301,2146,1890,1794,682, : 8813
17 : 4756,3526,1062,400, : 9744
18 : 4851,2592,1305,903, : 9651
19 : 7128,1056,660, : 8844
20 : 3542,3233,1924,752, : 9451
21 : 4370,2805,1887,225,135, : 9422
22 : 8648,400, : 9048
23 : 7917,996,513, : 9426
24 : 8036, : 8036
25 : 4592,1840,1660,1424,176, : 9692
26 : 3195,2420,1736,726,504,48,30, : 8659
27 : 5612,3500,456, : 9568
----------------------- 1 ---------------------------
canvasWidth:100,
canvasHeight:100,
data:[{x:51,y:0,l:100,w:49},{x:1,y:0,l:96,w:50},{x:8,y:96,l:4,w:43},],
----------------------- 2 ---------------------------
canvasWidth:100,
canvasHeight:100,
data:[{x:0,y:0,l:5,w:100},{x:39,y:5,l:90,w:61},{x:2,y:5,l:76,w:37},],
----------------------- 3 ---------------------------
canvasWidth:100,
canvasHeight:100,
data:[{x:22,y:0,l:94,w:78},{x:26,y:94,l:2,w:74},{x:32,y:96,l:4,w:68},{x:1,y:0,l:89,w:21},],
----------------------- 4 ---------------------------
canvasWidth:100,
canvasHeight:100,
data:[{x:78,y:0,l:100,w:22},{x:58,y:0,l:100,w:20},{x:3,y:0,l:58,w:55},{x:5,y:58,l:42,w:53},],
----------------------- 5 ---------------------------
canvasWidth:100,
canvasHeight:100,
data:[{x:5,y:0,l:92,w:95},{x:29,y:92,l:7,w:71},],
----------------------- 6 ---------------------------
canvasWidth:100,
canvasHeight:100,
data:[{x:13,y:0,l:80,w:87},{x:2,y:0,l:59,w:11},{x:23,y:80,l:19,w:77},{x:9,y:80,l:18,w:14},],
----------------------- 7 ---------------------------
canvasWidth:100,
canvasHeight:100,
data:[{x:17,y:0,l:95,w:83},{x:3,y:0,l:80,w:14},],
----------------------- 8 ---------------------------
canvasWidth:100,
canvasHeight:100,
data:[{x:49,y:0,l:34,w:51},{x:0,y:0,l:34,w:49},{x:17,y:35,l:65,w:83},{x:2,y:35,l:59,w:15},],
----------------------- 9 ---------------------------
canvasWidth:100,
canvasHeight:100,
data:[{x:2,y:0,l:43,w:98},{x:0,y:0,l:21,w:2},{x:76,y:43,l:55,w:24},{x:4,y:43,l:43,w:72},{x:13,y:86,l:14,w:63},],
----------------------- 10 ---------------------------
canvasWidth:100,
canvasHeight:100,
data:[{x:8,y:0,l:78,w:92},{x:35,y:78,l:19,w:65},],
----------------------- 11 ---------------------------
canvasWidth:100,
canvasHeight:100,
data:[{x:8,y:0,l:82,w:92},{x:55,y:82,l:13,w:45},{x:5,y:82,l:13,w:50},],
----------------------- 12 ---------------------------
canvasWidth:100,
canvasHeight:100,
data:[{x:16,y:0,l:60,w:84},{x:37,y:60,l:40,w:63},{x:23,y:60,l:26,w:14},{x:0,y:0,l:24,w:16},],
----------------------- 13 ---------------------------
canvasWidth:100,
canvasHeight:100,
data:[{x:56,y:0,l:65,w:44},{x:58,y:65,l:34,w:42},{x:0,y:0,l:61,w:56},{x:42,y:61,l:38,w:14},{x:1,y:61,l:31,w:41},{x:27,y:92,l:8,w:15},],
----------------------- 14 ---------------------------
canvasWidth:100,
canvasHeight:100,
data:[{x:27,y:0,l:15,w:73},{x:2,y:0,l:13,w:25},{x:6,y:15,l:60,w:94},{x:60,y:75,l:24,w:40},{x:0,y:75,l:23,w:60},],
----------------------- 15 ---------------------------
canvasWidth:100,
canvasHeight:100,
data:[{x:0,y:0,l:70,w:100},{x:59,y:70,l:28,w:41},{x:4,y:70,l:25,w:55},],
----------------------- 16 ---------------------------
canvasWidth:100,
canvasHeight:100,
data:[{x:74,y:0,l:69,w:26},{x:78,y:69,l:31,w:22},{x:0,y:0,l:29,w:74},{x:47,y:29,l:70,w:27},{x:8,y:29,l:59,w:39},],
----------------------- 17 ---------------------------
canvasWidth:100,
canvasHeight:100,
data:[{x:41,y:0,l:18,w:59},{x:42,y:18,l:82,w:58},{x:0,y:0,l:86,w:41},{x:1,y:86,l:10,w:40},],
----------------------- 18 ---------------------------
canvasWidth:100,
canvasHeight:100,
data:[{x:51,y:0,l:99,w:49},{x:22,y:0,l:45,w:29},{x:1,y:0,l:43,w:21},{x:3,y:45,l:54,w:48},],
----------------------- 19 ---------------------------
canvasWidth:100,
canvasHeight:100,
data:[{x:12,y:0,l:12,w:88},{x:19,y:12,l:88,w:81},{x:1,y:0,l:60,w:11},],
----------------------- 20 ---------------------------
canvasWidth:100,
canvasHeight:100,
data:[{x:47,y:0,l:61,w:53},{x:48,y:61,l:37,w:52},{x:0,y:0,l:16,w:47},{x:1,y:16,l:77,w:46},],
----------------------- 21 ---------------------------
canvasWidth:100,
canvasHeight:100,
data:[{x:5,y:0,l:46,w:95},{x:45,y:46,l:51,w:55},{x:55,y:97,l:3,w:45},{x:8,y:46,l:51,w:37},{x:0,y:0,l:45,w:5},],
----------------------- 22 ---------------------------
canvasWidth:100,
canvasHeight:100,
data:[{x:8,y:0,l:94,w:92},{x:20,y:94,l:5,w:80},],
----------------------- 23 ---------------------------
canvasWidth:100,
canvasHeight:100,
data:[{x:9,y:0,l:87,w:91},{x:17,y:87,l:12,w:83},{x:0,y:0,l:57,w:9},],
----------------------- 24 ---------------------------
canvasWidth:100,
canvasHeight:100,
data:[{x:18,y:0,l:98,w:82},],
----------------------- 25 ---------------------------
canvasWidth:100,
canvasHeight:100,
data:[{x:11,y:0,l:16,w:89},{x:0,y:0,l:16,w:11},{x:80,y:16,l:83,w:20},{x:24,y:16,l:82,w:56},{x:1,y:16,l:80,w:23},],
----------------------- 26 ---------------------------
canvasWidth:100,
canvasHeight:100,
data:[{x:29,y:0,l:45,w:71},{x:45,y:45,l:44,w:55},{x:33,y:45,l:42,w:12},{x:29,y:45,l:12,w:4},{x:1,y:0,l:62,w:28},{x:7,y:62,l:33,w:22},{x:23,y:95,l:5,w:6},],
----------------------- 27 ---------------------------
canvasWidth:100,
canvasHeight:100,
data:[{x:65,y:0,l:100,w:35},{x:4,y:0,l:92,w:61},{x:8,y:92,l:8,w:57},],
