====================================== Class_06.2bp-41 =====================================
Reduced size: 100 usedBin: 0
[3, 5, 6, 7, 8, 9, 10, 19, 21, 22, 23, 31, 38, 42, 43, 45, 59, 65, 66, 67, 69, 76, 79, 83, 86, 88, 94, 97, 99]
[1, 12, 15, 16, 24, 25, 26, 28, 29, 32, 33, 34, 35, 36, 41, 46, 48, 49, 53, 54, 55, 56, 58, 61, 63, 64, 68, 70, 71, 72, 73, 77, 78, 81, 84, 85, 89, 90, 92, 93, 95, 98]
[0, 2, 4, 11, 13, 14, 17, 18, 20, 27, 30, 37, 39, 40, 44, 47, 50, 51, 52, 57, 60, 62, 74, 75, 80, 82, 87, 91, 96]
------------------------------------------------
Best fit used bin number: 3
Found best solution: 3 0.266

   Statrt add columnAndCut col: 3 cons: 0 cut: 0	0.344

	1 Start Add column using column generation  col: 3 cons: 0 cut: 0	0.344
			Start solve  LP :0.344
			End solve LP obj: 3.0 t: 0
	1 End Add column using column generation : 3.0 col: 3 cons: 0 cut: 0	0.344
   End add columnAndCut : 3.0 colGencnt: 1 price: 0 col: 3 cons: 0 cut: 0	0.344

Node lb: 3.0 ub: 3 : 0.344

Final Found Solution: 3 genNode: 1 extendedNode: 0:0.344
Bin size: 90000
1 : 7448,7315,6975,6972,6930,6510,6499,4466,4355,4230,4032,2856,2610,2345,2340,2254,1500,1260,1200,1200,1189,924,663,539,341,330,78,39,32, : 87432
2 : 8712,5760,5148,4940,4032,3776,3724,3402,3060,2838,2728,2698,2652,2650,2378,2236,2070,2025,1767,1675,1560,1536,1501,1430,1408,1316,1200,1150,1140,1073,1060,900,696,609,448,342,264,247,162,140,60,32, : 86545
3 : 9500,8075,7392,6298,5329,5236,4752,4559,4380,3456,3024,2625,2574,2407,2325,2184,1976,1840,1776,1518,1440,1410,996,972,615,594,335,168,41, : 87797
----------------------- 1 ---------------------------
canvasWidth:300,
canvasHeight:300,
data:[{x:202,y:0,l:76,w:98},{x:289,y:76,l:31,w:11},{x:202,y:76,l:30,w:87},{x:211,y:106,l:1,w:78},{x:217,y:107,l:84,w:83},{x:202,y:107,l:80,w:15},{x:203,y:191,l:67,w:97},{x:232,y:258,l:42,w:68},{x:203,y:258,l:41,w:29},{x:163,y:0,l:60,w:39},{x:143,y:0,l:60,w:20},{x:144,y:60,l:77,w:58},{x:48,y:0,l:77,w:95},{x:49,y:77,l:45,w:94},{x:59,y:122,l:15,w:84},{x:0,y:0,l:84,w:48},{x:2,y:84,l:49,w:46},{x:0,y:84,l:16,w:2},{x:103,y:137,l:70,w:99},{x:68,y:137,l:67,w:35},{x:1,y:137,l:65,w:67},{x:127,y:207,l:93,w:75},{x:57,y:207,l:93,w:70},{x:6,y:207,l:13,w:51},{x:3,y:207,l:13,w:3},{x:45,y:220,l:77,w:12},{x:38,y:220,l:77,w:7},{x:13,y:220,l:60,w:25},{x:2,y:220,l:30,w:11},],
----------------------- 2 ---------------------------
canvasWidth:300,
canvasHeight:300,
data:[{x:240,y:0,l:96,w:60},{x:224,y:0,l:96,w:16},{x:191,y:0,l:86,w:33},{x:210,y:86,l:10,w:14},{x:192,y:86,l:9,w:18},{x:126,y:0,l:76,w:65},{x:131,y:76,l:19,w:60},{x:39,y:0,l:8,w:87},{x:90,y:8,l:85,w:36},{x:36,y:8,l:63,w:54},{x:37,y:71,l:20,w:53},{x:2,y:0,l:78,w:34},{x:8,y:78,l:16,w:28},{x:229,y:96,l:38,w:71},{x:248,y:134,l:99,w:52},{x:229,y:134,l:93,w:19},{x:278,y:233,l:65,w:22},{x:256,y:233,l:64,w:22},{x:229,y:233,l:60,w:26},{x:203,y:96,l:86,w:26},{x:204,y:182,l:67,w:25},{x:205,y:250,l:50,w:24},{x:144,y:96,l:64,w:59},{x:145,y:160,l:41,w:58},{x:135,y:96,l:100,w:9},{x:136,y:196,l:4,w:8},{x:59,y:96,l:49,w:76},{x:63,y:145,l:56,w:72},{x:59,y:145,l:15,w:4},{x:9,y:96,l:53,w:50},{x:9,y:149,l:23,w:50},{x:12,y:172,l:28,w:47},{x:0,y:96,l:87,w:7},{x:115,y:201,l:99,w:88},{x:84,y:201,l:88,w:31},{x:91,y:289,l:11,w:24},{x:5,y:201,l:19,w:79},{x:9,y:220,l:27,w:75},{x:39,y:247,l:46,w:45},{x:2,y:247,l:29,w:37},{x:26,y:276,l:19,w:13},{x:7,y:276,l:18,w:19},],
----------------------- 3 ---------------------------
canvasWidth:300,
canvasHeight:300,
data:[{x:204,y:0,l:77,w:96},{x:204,y:77,l:36,w:96},{x:206,y:113,l:67,w:94},{x:206,y:180,l:15,w:94},{x:223,y:195,l:68,w:77},{x:205,y:195,l:54,w:18},{x:211,y:249,l:14,w:12},{x:207,y:263,l:25,w:93},{x:217,y:288,l:12,w:83},{x:131,y:0,l:73,w:73},{x:71,y:0,l:73,w:60},{x:29,y:0,l:72,w:42},{x:30,y:72,l:1,w:41},{x:9,y:0,l:72,w:20},{x:0,y:0,l:66,w:9},{x:104,y:73,l:95,w:100},{x:5,y:73,l:48,w:99},{x:5,y:121,l:26,w:99},{x:12,y:147,l:20,w:92},{x:0,y:73,l:67,w:5},{x:109,y:168,l:85,w:95},{x:80,y:168,l:83,w:29},{x:4,y:168,l:26,w:76},{x:5,y:194,l:35,w:75},{x:6,y:229,l:24,w:74},{x:107,y:253,l:47,w:97},{x:74,y:253,l:46,w:33},{x:59,y:253,l:41,w:15},{x:3,y:253,l:39,w:56},],
