====================================== Class_04.2bp-44 =====================================
Reduced size: 100 usedBin: 0
[0, 2, 4, 10, 14, 16, 18, 26, 28, 30, 37, 38, 40, 43, 56, 57, 61, 63, 73, 76, 78, 79, 81, 82, 83, 87, 89, 90, 91, 93]
[1, 3, 5, 6, 7, 9, 12, 13, 17, 22, 32, 35, 41, 53, 55, 64, 67, 71, 75, 85, 86, 97]
[8, 11, 15, 19, 20, 21, 23, 24, 27, 29, 31, 33, 34, 39, 42, 44, 48, 49, 52, 65, 68, 70, 72, 74, 77, 80, 84, 94, 95, 96, 98, 99]
[25, 36, 45, 46, 47, 50, 51, 54, 58, 59, 60, 62, 66, 69, 88, 92]
------------------------------------------------
Best fit used bin number: 4
Found best solution: 4 0.281

   Statrt add columnAndCut col: 4 cons: 0 cut: 0	0.343

	1 Start Add column using column generation  col: 4 cons: 0 cut: 0	0.343
			Start solve  LP :0.343
			End solve LP obj: 4.0 t: 0
	1 End Add column using column generation : 4.0 col: 4 cons: 0 cut: 0	0.343
   End add columnAndCut : 4.0 colGencnt: 1 price: 0 col: 4 cons: 0 cut: 0	0.343

Node lb: 4.0 ub: 4 : 0.343

Final Found Solution: 4 genNode: 1 extendedNode: 0:0.343
Bin size: 10000
1 : 896,840,825,625,595,580,567,462,455,448,377,374,360,336,264,264,189,180,104,87,81,80,70,70,66,58,50,48,45,40, : 9436
2 : 868,832,812,810,783,750,608,598,576,484,441,400,360,273,270,180,135,119,90,64,60,12, : 9525
3 : 759,609,588,558,532,510,462,462,456,455,448,420,420,368,348,315,290,288,275,176,128,120,110,99,84,75,64,28,24,22,5,3, : 9501
4 : 462,396,315,308,306,285,280,273,253,240,198,182,143,126,54,44, : 3865
----------------------- 1 ---------------------------
canvasWidth:100,
canvasHeight:100,
data:[{x:67,y:0,l:25,w:33},{x:67,y:25,l:14,w:33},{x:79,y:39,l:27,w:21},{x:80,y:66,l:9,w:20},{x:67,y:39,l:30,w:12},{x:71,y:69,l:6,w:8},{x:75,y:75,l:25,w:25},{x:70,y:75,l:16,w:5},{x:70,y:91,l:9,w:5},{x:33,y:0,l:11,w:34},{x:0,y:0,l:8,w:33},{x:6,y:8,l:3,w:27},{x:32,y:11,l:13,w:35},{x:3,y:11,l:13,w:29},{x:32,y:24,l:24,w:35},{x:3,y:24,l:20,w:29},{x:3,y:44,l:3,w:29},{x:65,y:48,l:29,w:2},{x:65,y:77,l:20,w:2},{x:32,y:48,l:8,w:33},{x:48,y:56,l:35,w:17},{x:32,y:56,l:21,w:16},{x:40,y:77,l:13,w:8},{x:34,y:77,l:11,w:6},{x:38,y:91,l:7,w:27},{x:0,y:48,l:28,w:32},{x:0,y:76,l:14,w:32},{x:22,y:90,l:7,w:10},{x:12,y:90,l:5,w:10},{x:32,y:98,l:2,w:35},],
----------------------- 2 ---------------------------
canvasWidth:100,
canvasHeight:100,
data:[{x:74,y:0,l:32,w:26},{x:74,y:32,l:23,w:26},{x:76,y:55,l:15,w:24},{x:43,y:0,l:28,w:31},{x:44,y:28,l:9,w:30},{x:44,y:37,l:3,w:30},{x:44,y:40,l:2,w:30},{x:25,y:0,l:32,w:18},{x:28,y:32,l:9,w:15},{x:45,y:42,l:28,w:29},{x:25,y:42,l:20,w:20},{x:28,y:62,l:7,w:17},{x:73,y:70,l:30,w:27},{x:46,y:70,l:29,w:27},{x:25,y:70,l:21,w:21},{x:30,y:91,l:4,w:16},{x:6,y:0,l:32,w:19},{x:0,y:0,l:30,w:6},{x:0,y:30,l:2,w:6},{x:0,y:32,l:30,w:25},{x:3,y:62,l:22,w:22},{x:4,y:84,l:13,w:21},],
----------------------- 3 ---------------------------
canvasWidth:100,
canvasHeight:100,
data:[{x:72,y:0,l:15,w:28},{x:78,y:15,l:21,w:22},{x:72,y:15,l:20,w:6},{x:75,y:35,l:1,w:3},{x:82,y:36,l:31,w:18},{x:72,y:36,l:29,w:10},{x:77,y:67,l:33,w:23},{x:73,y:67,l:32,w:4},{x:51,y:0,l:28,w:21},{x:50,y:0,l:28,w:1},{x:50,y:28,l:21,w:22},{x:50,y:49,l:8,w:22},{x:51,y:57,l:29,w:21},{x:50,y:57,l:22,w:1},{x:34,y:0,l:18,w:16},{x:35,y:18,l:5,w:15},{x:34,y:18,l:5,w:1},{x:19,y:0,l:21,w:15},{x:37,y:23,l:35,w:13},{x:22,y:23,l:34,w:15},{x:20,y:23,l:32,w:2},{x:36,y:58,l:30,w:14},{x:20,y:58,l:28,w:16},{x:0,y:0,l:28,w:19},{x:0,y:28,l:24,w:19},{x:3,y:52,l:23,w:16},{x:12,y:75,l:12,w:7},{x:1,y:75,l:9,w:11},{x:43,y:88,l:12,w:29},{x:18,y:88,l:11,w:25},{x:19,y:99,l:1,w:24},{x:7,y:88,l:10,w:11},],
----------------------- 4 ---------------------------
canvasWidth:100,
canvasHeight:100,
data:[{x:86,y:0,l:33,w:14},{x:86,y:33,l:20,w:14},{x:87,y:53,l:21,w:13},{x:93,y:74,l:26,w:7},{x:86,y:74,l:18,w:7},{x:71,y:0,l:19,w:15},{x:77,y:19,l:34,w:9},{x:71,y:19,l:33,w:6},{x:73,y:53,l:11,w:13},{x:77,y:65,l:35,w:9},{x:49,y:0,l:14,w:22},{x:26,y:0,l:11,w:23},{x:31,y:11,l:3,w:18},{x:59,y:14,l:33,w:12},{x:61,y:47,l:24,w:10},{x:59,y:47,l:22,w:2},],
