====================================== Class_02.2bp-28 =====================================
Reduced size: 60 usedBin: 0
[0, 2, 4, 5, 6, 7, 10, 12, 15, 17, 19, 21, 24, 26, 31, 32, 33, 34, 35, 44, 45, 48, 51, 53, 54]
[1, 3, 8, 9, 11, 13, 14, 16, 18, 20, 22, 23, 25, 27, 28, 29, 30, 36, 37, 38, 39, 40, 41, 42, 43, 46, 47, 49, 50, 52, 55, 56, 57, 58, 59]
------------------------------------------------
Best fit used bin number: 2
Found best solution: 2 0.14

   Statrt add columnAndCut col: 2 cons: 0 cut: 0	0.203

	1 Start Add column using column generation  col: 2 cons: 0 cut: 0	0.203
			Start solve  LP :0.203
			End solve LP obj: 2.0 t: 0
	1 End Add column using column generation : 2.0 col: 2 cons: 0 cut: 0	0.219
   End add columnAndCut : 2.0 colGencnt: 1 price: 0 col: 2 cons: 0 cut: 0	0.219

Node lb: 2.0 ub: 2 : 0.219

Final Found Solution: 2 genNode: 1 extendedNode: 0:0.219
Bin size: 900
1 : 100,80,70,70,64,63,50,48,40,30,30,27,24,21,20,20,20,20,16,12,12,9,8,6,5, : 865
2 : 100,80,63,56,49,42,42,40,30,28,27,25,24,21,21,21,20,16,16,16,16,15,14,14,14,12,10,9,8,6,5,4,3,3,2, : 872
----------------------- 1 ---------------------------
canvasWidth:30,
canvasHeight:30,
data:[{x:28,y:0,l:10,w:2},{x:28,y:10,l:10,w:2},{x:28,y:20,l:6,w:2},{x:28,y:26,l:4,w:2},{x:18,y:0,l:10,w:10},{x:10,y:0,l:10,w:8},{x:3,y:0,l:10,w:7},{x:0,y:0,l:8,w:3},{x:0,y:8,l:2,w:3},{x:21,y:10,l:9,w:7},{x:11,y:10,l:7,w:10},{x:1,y:10,l:5,w:10},{x:0,y:10,l:5,w:1},{x:1,y:15,l:2,w:10},{x:11,y:17,l:2,w:10},{x:2,y:17,l:1,w:9},{x:20,y:19,l:8,w:8},{x:14,y:19,l:8,w:6},{x:6,y:19,l:5,w:8},{x:6,y:24,l:2,w:8},{x:0,y:19,l:5,w:6},{x:2,y:24,l:3,w:4},{x:18,y:27,l:3,w:10},{x:9,y:27,l:3,w:9},{x:2,y:27,l:3,w:7},],
----------------------- 2 ---------------------------
canvasWidth:30,
canvasHeight:30,
data:[{x:20,y:0,l:10,w:10},{x:13,y:0,l:7,w:7},{x:13,y:7,l:3,w:7},{x:8,y:0,l:5,w:5},{x:9,y:5,l:4,w:4},{x:9,y:9,l:1,w:4},{x:8,y:5,l:5,w:1},{x:25,y:10,l:6,w:5},{x:23,y:10,l:5,w:2},{x:23,y:15,l:1,w:2},{x:16,y:10,l:2,w:7},{x:16,y:12,l:2,w:7},{x:17,y:14,l:2,w:6},{x:24,y:16,l:7,w:6},{x:27,y:23,l:7,w:3},{x:24,y:23,l:7,w:3},{x:21,y:16,l:9,w:3},{x:21,y:25,l:5,w:3},{x:17,y:16,l:6,w:4},{x:16,y:16,l:6,w:1},{x:19,y:22,l:8,w:2},{x:16,y:22,l:1,w:3},{x:17,y:23,l:7,w:2},{x:8,y:10,l:7,w:8},{x:8,y:17,l:2,w:8},{x:10,y:19,l:7,w:6},{x:11,y:26,l:4,w:5},{x:8,y:19,l:8,w:2},{x:0,y:0,l:10,w:8},{x:4,y:10,l:10,w:4},{x:0,y:10,l:7,w:4},{x:1,y:17,l:3,w:3},{x:0,y:17,l:3,w:1},{x:1,y:20,l:9,w:7},{x:0,y:20,l:8,w:1},],
