====================================== Class_05.2bp-16 =====================================
Reduced size: 40 usedBin: 0
[3, 13]
[9, 10, 15, 36, 39]
[0]
[8, 20, 22, 23, 25, 29, 32]
[5, 19, 21, 27]
[6, 16, 18, 28, 30, 33, 38]
[2, 14, 31, 34, 37]
[7, 12, 17, 35]
[4, 11, 24]
[1, 26]
------------------------------------------------
Best fit used bin number: 10
Found best solution: 10 0.266

   Statrt add columnAndCut col: 10 cons: 0 cut: 0	0.328

	1 Start Add column using column generation  col: 10 cons: 0 cut: 0	0.328
			Start solve  LP :0.328
			End solve LP obj: 10.0 t: 0
	1 End Add column using column generation : 10.0 col: 10 cons: 0 cut: 0	0.328
   End add columnAndCut : 10.0 colGencnt: 1 price: 0 col: 10 cons: 0 cut: 0	0.328

Node lb: 10.0 ub: 10 : 0.328

Final Found Solution: 10 genNode: 1 extendedNode: 0:0.344
Bin size: 10000
1 : 6120,2940, : 9060
2 : 3127,3108,1722,216,52, : 8225
3 : 9504, : 9504
4 : 3420,1190,969,864,714,553,406, : 8116
5 : 5390,1364,990,585, : 8329
6 : 4543,1504,1386,576,539,357,168, : 9073
7 : 6660,2178,408,356,216, : 9818
8 : 4092,3078,1470,272, : 8912
9 : 5800,3100,736, : 9636
10 : 9300,665, : 9965
----------------------- 1 ---------------------------
canvasWidth:100,
canvasHeight:100,
data:[{x:70,y:0,l:98,w:30},{x:2,y:0,l:90,w:68},],
----------------------- 2 ---------------------------
canvasWidth:100,
canvasHeight:100,
data:[{x:18,y:0,l:21,w:82},{x:0,y:0,l:12,w:18},{x:58,y:21,l:74,w:42},{x:5,y:21,l:59,w:53},{x:1,y:21,l:13,w:4},],
----------------------- 3 ---------------------------
canvasWidth:100,
canvasHeight:100,
data:[{x:1,y:0,l:96,w:99},],
----------------------- 4 ---------------------------
canvasWidth:100,
canvasHeight:100,
data:[{x:15,y:0,l:14,w:85},{x:43,y:14,l:60,w:57},{x:36,y:14,l:58,w:7},{x:17,y:14,l:51,w:19},{x:64,y:74,l:24,w:36},{x:22,y:74,l:17,w:42},{x:8,y:0,l:79,w:7},],
----------------------- 5 ---------------------------
canvasWidth:100,
canvasHeight:100,
data:[{x:2,y:0,l:55,w:98},{x:69,y:55,l:44,w:31},{x:54,y:55,l:39,w:15},{x:21,y:55,l:30,w:33},],
----------------------- 6 ---------------------------
canvasWidth:100,
canvasHeight:100,
data:[{x:84,y:0,l:94,w:16},{x:7,y:0,l:59,w:77},{x:42,y:59,l:33,w:42},{x:56,y:92,l:6,w:28},{x:18,y:59,l:24,w:24},{x:21,y:83,l:17,w:21},{x:0,y:0,l:77,w:7},],
----------------------- 7 ---------------------------
canvasWidth:100,
canvasHeight:100,
data:[{x:78,y:0,l:99,w:22},{x:4,y:0,l:90,w:74},{x:10,y:90,l:6,w:68},{x:24,y:96,l:4,w:54},{x:0,y:0,l:89,w:4},],
----------------------- 8 ---------------------------
canvasWidth:100,
canvasHeight:100,
data:[{x:2,y:0,l:15,w:98},{x:62,y:15,l:81,w:38},{x:0,y:15,l:66,w:62},{x:32,y:96,l:4,w:68},],
----------------------- 9 ---------------------------
canvasWidth:100,
canvasHeight:100,
data:[{x:0,y:0,l:58,w:100},{x:0,y:58,l:31,w:100},{x:8,y:89,l:8,w:92},],
----------------------- 10 ---------------------------
canvasWidth:100,
canvasHeight:100,
data:[{x:0,y:0,l:93,w:100},{x:5,y:93,l:7,w:95},],
