====================================== Class_01.2bp-28 =====================================
Reduced size: 60 usedBin: 0
[7, 24, 53]
[0]
[2, 50, 54, 55]
[15, 26, 35, 45]
[11, 19, 27]
[13, 32, 37, 39, 56, 59]
[10, 17, 36]
[18, 25, 30, 44, 52]
[1]
[4, 31, 48]
[8, 40, 51]
[14, 20, 33]
[3, 34]
[22, 23, 29, 42, 47, 57]
[12, 16, 46]
[9, 21, 41, 58]
[5, 28, 49]
[6, 38, 43]
------------------------------------------------
Best fit used bin number: 18
Found best solution: 18 0.235

   Statrt add columnAndCut col: 18 cons: 0 cut: 0	0.313

	1 Start Add column using column generation  col: 18 cons: 0 cut: 0	0.313
			Start solve  LP :0.313
			End solve LP obj: 18.0 t: 0
	1 End Add column using column generation : 18.0 col: 18 cons: 0 cut: 0	0.313
   End add columnAndCut : 18.0 colGencnt: 1 price: 0 col: 18 cons: 0 cut: 0	0.313

Node lb: 18.0 ub: 18 : 0.313

Final Found Solution: 18 genNode: 1 extendedNode: 0:0.313
Bin size: 100
1 : 63,24,6, : 93
2 : 100, : 100
3 : 80,8,5,5, : 98
4 : 40,21,16,12, : 89
5 : 49,30,21, : 100
6 : 42,20,16,16,4,2, : 100
7 : 50,30,16, : 96
8 : 30,24,20,12,6, : 92
9 : 100, : 100
10 : 70,20,9, : 99
11 : 63,15,8, : 86
12 : 42,28,20, : 90
13 : 80,20, : 100
14 : 27,25,21,14,10,3, : 100
15 : 48,40,12, : 100
16 : 56,27,14,3, : 100
17 : 70,21,9, : 100
18 : 64,16,14, : 94
----------------------- 1 ---------------------------
canvasWidth:10,
canvasHeight:10,
data:[{x:7,y:0,l:8,w:3},{x:7,y:8,l:2,w:3},{x:0,y:0,l:9,w:7},],
----------------------- 2 ---------------------------
canvasWidth:10,
canvasHeight:10,
data:[{x:0,y:0,l:10,w:10},],
----------------------- 3 ---------------------------
canvasWidth:10,
canvasHeight:10,
data:[{x:2,y:0,l:10,w:8},{x:1,y:0,l:5,w:1},{x:1,y:5,l:5,w:1},{x:0,y:0,l:8,w:1},],
----------------------- 4 ---------------------------
canvasWidth:10,
canvasHeight:10,
data:[{x:2,y:0,l:5,w:8},{x:2,y:5,l:2,w:8},{x:3,y:7,l:3,w:7},{x:0,y:0,l:6,w:2},],
----------------------- 5 ---------------------------
canvasWidth:10,
canvasHeight:10,
data:[{x:3,y:0,l:7,w:7},{x:0,y:0,l:7,w:3},{x:0,y:7,l:3,w:10},],
----------------------- 6 ---------------------------
canvasWidth:10,
canvasHeight:10,
data:[{x:4,y:0,l:7,w:6},{x:6,y:7,l:1,w:4},{x:4,y:7,l:1,w:2},{x:2,y:0,l:8,w:2},{x:2,y:8,l:2,w:8},{x:0,y:0,l:10,w:2},],
----------------------- 7 ---------------------------
canvasWidth:10,
canvasHeight:10,
data:[{x:0,y:0,l:5,w:10},{x:4,y:5,l:5,w:6},{x:0,y:5,l:4,w:4},],
----------------------- 8 ---------------------------
canvasWidth:10,
canvasHeight:10,
data:[{x:5,y:0,l:6,w:5},{x:5,y:6,l:4,w:5},{x:1,y:0,l:6,w:4},{x:0,y:0,l:6,w:1},{x:1,y:7,l:3,w:4},],
----------------------- 9 ---------------------------
canvasWidth:10,
canvasHeight:10,
data:[{x:0,y:0,l:10,w:10},],
----------------------- 10 ---------------------------
canvasWidth:10,
canvasHeight:10,
data:[{x:0,y:0,l:7,w:10},{x:0,y:7,l:2,w:10},{x:1,y:9,l:1,w:9},],
----------------------- 11 ---------------------------
canvasWidth:10,
canvasHeight:10,
data:[{x:3,y:0,l:9,w:7},{x:0,y:0,l:5,w:3},{x:1,y:5,l:4,w:2},],
----------------------- 12 ---------------------------
canvasWidth:10,
canvasHeight:10,
data:[{x:0,y:0,l:2,w:10},{x:4,y:2,l:7,w:6},{x:0,y:2,l:7,w:4},],
----------------------- 13 ---------------------------
canvasWidth:10,
canvasHeight:10,
data:[{x:2,y:0,l:10,w:8},{x:0,y:0,l:10,w:2},],
----------------------- 14 ---------------------------
canvasWidth:10,
canvasHeight:10,
data:[{x:5,y:0,l:5,w:5},{x:3,y:0,l:5,w:2},{x:3,y:5,l:3,w:7},{x:3,y:8,l:2,w:7},{x:0,y:0,l:9,w:3},{x:0,y:9,l:1,w:3},],
----------------------- 15 ---------------------------
canvasWidth:10,
canvasHeight:10,
data:[{x:4,y:0,l:8,w:6},{x:4,y:8,l:2,w:6},{x:0,y:0,l:10,w:4},],
----------------------- 16 ---------------------------
canvasWidth:10,
canvasHeight:10,
data:[{x:2,y:0,l:7,w:8},{x:0,y:0,l:7,w:2},{x:1,y:7,l:3,w:9},{x:0,y:7,l:3,w:1},],
----------------------- 17 ---------------------------
canvasWidth:10,
canvasHeight:10,
data:[{x:3,y:0,l:10,w:7},{x:0,y:0,l:7,w:3},{x:0,y:7,l:3,w:3},],
----------------------- 18 ---------------------------
canvasWidth:10,
canvasHeight:10,
data:[{x:2,y:0,l:8,w:8},{x:3,y:8,l:2,w:7},{x:0,y:0,l:8,w:2},],
