====================================== Class_09.2bp-43 =====================================
Reduced size: 100 usedBin: 0
[0]
[16]
[56]
[54, 86]
[46]
[7]
[43]
[58]
[11, 94]
[32]
[31]
[51]
[6]
[83, 84]
[23, 85]
[52]
[34]
[48, 67]
[14, 87]
[21, 88, 95]
[10]
[36]
[62, 81]
[45]
[15]
[13]
[5]
[35]
[42]
[2]
[33]
[22]
[9]
[55]
[27]
[3]
[47, 63]
[20]
[41]
[1, 96]
[24]
[19]
[37]
[30]
[12]
[17]
[28]
[26]
[50]
[4]
[64]
[8, 90, 98]
[18, 92]
[44, 49]
[73]
[65]
[25]
[61]
[59]
[79]
[74]
[72]
[53, 80, 93, 97]
[39]
[75]
[76]
[38, 89, 99]
[60, 82]
[40, 91]
[68]
[77]
[71]
[57]
[29]
[70]
[69]
[78]
[66]
------------------------------------------------
Best fit used bin number: 78
Found best solution: 78 0.266

   Statrt add columnAndCut col: 78 cons: 0 cut: 0	0.344

	1 Start Add column using column generation  col: 78 cons: 0 cut: 0	0.344
			Start solve  LP :0.36
			End solve LP obj: 78.0 t: 0
	1 End Add column using column generation : 78.0 col: 78 cons: 0 cut: 0	0.36
   End add columnAndCut : 78.0 colGencnt: 1 price: 0 col: 78 cons: 0 cut: 0	0.36

Node lb: 78.0 ub: 78 : 0.36

Final Found Solution: 78 genNode: 1 extendedNode: 0:0.36
Bin size: 10000
1 : 8900, : 8900
2 : 6688, : 6688
3 : 4664, : 4664
4 : 4698,2886, : 7584
5 : 4959, : 4959
6 : 7740, : 7740
7 : 5130, : 5130
8 : 4608, : 4608
9 : 7161,518, : 7679
10 : 5546, : 5546
11 : 5642, : 5642
12 : 4736, : 4736
13 : 7885, : 7885
14 : 3080,3000, : 6080
15 : 6160,2940, : 9100
16 : 4730, : 4730
17 : 5472, : 5472
18 : 4814,4074, : 8888
19 : 6816,2538, : 9354
20 : 6370,2430,270, : 9070
21 : 7200, : 7200
22 : 5427, : 5427
23 : 4550,3150, : 7700
24 : 4992, : 4992
25 : 6794, : 6794
26 : 7007, : 7007
27 : 8160, : 8160
28 : 5445, : 5445
29 : 5133, : 5133
30 : 8712, : 8712
31 : 5544, : 5544
32 : 6318, : 6318
33 : 7298, : 7298
34 : 4675, : 4675
35 : 5846, : 5846
36 : 8281, : 8281
37 : 4950,4450, : 9400
38 : 6525, : 6525
39 : 5162, : 5162
40 : 8827,201, : 9028
41 : 6072, : 6072
42 : 6534, : 6534
43 : 5360, : 5360
44 : 5734, : 5734
45 : 7040, : 7040
46 : 6603, : 6603
47 : 5795, : 5795
48 : 5852, : 5852
49 : 4752, : 4752
50 : 8184, : 8184
51 : 4389, : 4389
52 : 7600,1530,94, : 9224
53 : 6560,1248, : 7808
54 : 5044,4752, : 9796
55 : 3660, : 3660
56 : 4290, : 4290
57 : 5980, : 5980
58 : 4554, : 4554
59 : 4565, : 4565
60 : 3172, : 3172
61 : 3477, : 3477
62 : 3819, : 3819
63 : 4704,3168,756,112, : 8740
64 : 5292, : 5292
65 : 3417, : 3417
66 : 3402, : 3402
67 : 5313,2059,66, : 7438
68 : 4560,3081, : 7641
69 : 5168,1407, : 6575
70 : 3965, : 3965
71 : 3339, : 3339
72 : 3843, : 3843
73 : 4648, : 4648
74 : 5762, : 5762
75 : 3876, : 3876
76 : 3953, : 3953
77 : 3180, : 3180
78 : 4275, : 4275
----------------------- 1 ---------------------------
canvasWidth:100,
canvasHeight:100,
data:[{x:0,y:0,l:89,w:100},],
----------------------- 2 ---------------------------
canvasWidth:100,
canvasHeight:100,
data:[{x:24,y:0,l:88,w:76},],
----------------------- 3 ---------------------------
canvasWidth:100,
canvasHeight:100,
data:[{x:47,y:0,l:88,w:53},],
----------------------- 4 ---------------------------
canvasWidth:100,
canvasHeight:100,
data:[{x:42,y:0,l:81,w:58},{x:5,y:0,l:78,w:37},],
----------------------- 5 ---------------------------
canvasWidth:100,
canvasHeight:100,
data:[{x:43,y:0,l:87,w:57},],
----------------------- 6 ---------------------------
canvasWidth:100,
canvasHeight:100,
data:[{x:14,y:0,l:90,w:86},],
----------------------- 7 ---------------------------
canvasWidth:100,
canvasHeight:100,
data:[{x:46,y:0,l:95,w:54},],
----------------------- 8 ---------------------------
canvasWidth:100,
canvasHeight:100,
data:[{x:36,y:0,l:72,w:64},],
----------------------- 9 ---------------------------
canvasWidth:100,
canvasHeight:100,
data:[{x:23,y:0,l:93,w:77},{x:26,y:93,l:7,w:74},],
----------------------- 10 ---------------------------
canvasWidth:100,
canvasHeight:100,
data:[{x:41,y:0,l:94,w:59},],
----------------------- 11 ---------------------------
canvasWidth:100,
canvasHeight:100,
data:[{x:9,y:0,l:62,w:91},],
----------------------- 12 ---------------------------
canvasWidth:100,
canvasHeight:100,
data:[{x:26,y:0,l:64,w:74},],
----------------------- 13 ---------------------------
canvasWidth:100,
canvasHeight:100,
data:[{x:5,y:0,l:83,w:95},],
----------------------- 14 ---------------------------
canvasWidth:100,
canvasHeight:100,
data:[{x:23,y:0,l:40,w:77},{x:50,y:40,l:60,w:50},],
----------------------- 15 ---------------------------
canvasWidth:100,
canvasHeight:100,
data:[{x:2,y:0,l:30,w:98},{x:12,y:30,l:70,w:88},],
----------------------- 16 ---------------------------
canvasWidth:100,
canvasHeight:100,
data:[{x:45,y:0,l:86,w:55},],
----------------------- 17 ---------------------------
canvasWidth:100,
canvasHeight:100,
data:[{x:43,y:0,l:96,w:57},],
----------------------- 18 ---------------------------
canvasWidth:100,
canvasHeight:100,
data:[{x:58,y:0,l:97,w:42},{x:0,y:0,l:83,w:58},],
----------------------- 19 ---------------------------
canvasWidth:100,
canvasHeight:100,
data:[{x:29,y:0,l:96,w:71},{x:2,y:0,l:94,w:27},],
----------------------- 20 ---------------------------
canvasWidth:100,
canvasHeight:100,
data:[{x:30,y:0,l:91,w:70},{x:3,y:0,l:90,w:27},{x:0,y:0,l:90,w:3},],
----------------------- 21 ---------------------------
canvasWidth:100,
canvasHeight:100,
data:[{x:25,y:0,l:96,w:75},],
----------------------- 22 ---------------------------
canvasWidth:100,
canvasHeight:100,
data:[{x:33,y:0,l:81,w:67},],
----------------------- 23 ---------------------------
canvasWidth:100,
canvasHeight:100,
data:[{x:50,y:0,l:91,w:50},{x:0,y:0,l:63,w:50},],
----------------------- 24 ---------------------------
canvasWidth:100,
canvasHeight:100,
data:[{x:36,y:0,l:78,w:64},],
----------------------- 25 ---------------------------
canvasWidth:100,
canvasHeight:100,
data:[{x:14,y:0,l:79,w:86},],
----------------------- 26 ---------------------------
canvasWidth:100,
canvasHeight:100,
data:[{x:23,y:0,l:91,w:77},],
----------------------- 27 ---------------------------
canvasWidth:100,
canvasHeight:100,
data:[{x:4,y:0,l:85,w:96},],
----------------------- 28 ---------------------------
canvasWidth:100,
canvasHeight:100,
data:[{x:45,y:0,l:99,w:55},],
----------------------- 29 ---------------------------
canvasWidth:100,
canvasHeight:100,
data:[{x:41,y:0,l:87,w:59},],
----------------------- 30 ---------------------------
canvasWidth:100,
canvasHeight:100,
data:[{x:12,y:0,l:99,w:88},],
----------------------- 31 ---------------------------
canvasWidth:100,
canvasHeight:100,
data:[{x:37,y:0,l:88,w:63},],
----------------------- 32 ---------------------------
canvasWidth:100,
canvasHeight:100,
data:[{x:19,y:0,l:78,w:81},],
----------------------- 33 ---------------------------
canvasWidth:100,
canvasHeight:100,
data:[{x:11,y:0,l:82,w:89},],
----------------------- 34 ---------------------------
canvasWidth:100,
canvasHeight:100,
data:[{x:45,y:0,l:85,w:55},],
----------------------- 35 ---------------------------
canvasWidth:100,
canvasHeight:100,
data:[{x:26,y:0,l:79,w:74},],
----------------------- 36 ---------------------------
canvasWidth:100,
canvasHeight:100,
data:[{x:9,y:0,l:91,w:91},],
----------------------- 37 ---------------------------
canvasWidth:100,
canvasHeight:100,
data:[{x:1,y:0,l:50,w:99},{x:11,y:50,l:50,w:89},],
----------------------- 38 ---------------------------
canvasWidth:100,
canvasHeight:100,
data:[{x:25,y:0,l:87,w:75},],
----------------------- 39 ---------------------------
canvasWidth:100,
canvasHeight:100,
data:[{x:42,y:0,l:89,w:58},],
----------------------- 40 ---------------------------
canvasWidth:100,
canvasHeight:100,
data:[{x:9,y:0,l:97,w:91},{x:33,y:97,l:3,w:67},],
----------------------- 41 ---------------------------
canvasWidth:100,
canvasHeight:100,
data:[{x:31,y:0,l:88,w:69},],
----------------------- 42 ---------------------------
canvasWidth:100,
canvasHeight:100,
data:[{x:1,y:0,l:66,w:99},],
----------------------- 43 ---------------------------
canvasWidth:100,
canvasHeight:100,
data:[{x:33,y:0,l:80,w:67},],
----------------------- 44 ---------------------------
canvasWidth:100,
canvasHeight:100,
data:[{x:39,y:0,l:94,w:61},],
----------------------- 45 ---------------------------
canvasWidth:100,
canvasHeight:100,
data:[{x:12,y:0,l:80,w:88},],
----------------------- 46 ---------------------------
canvasWidth:100,
canvasHeight:100,
data:[{x:29,y:0,l:93,w:71},],
----------------------- 47 ---------------------------
canvasWidth:100,
canvasHeight:100,
data:[{x:39,y:0,l:95,w:61},],
----------------------- 48 ---------------------------
canvasWidth:100,
canvasHeight:100,
data:[{x:23,y:0,l:76,w:77},],
----------------------- 49 ---------------------------
canvasWidth:100,
canvasHeight:100,
data:[{x:34,y:0,l:72,w:66},],
----------------------- 50 ---------------------------
canvasWidth:100,
canvasHeight:100,
data:[{x:7,y:0,l:88,w:93},],
----------------------- 51 ---------------------------
canvasWidth:100,
canvasHeight:100,
data:[{x:43,y:0,l:77,w:57},],
----------------------- 52 ---------------------------
canvasWidth:100,
canvasHeight:100,
data:[{x:20,y:0,l:95,w:80},{x:2,y:0,l:85,w:18},{x:0,y:0,l:47,w:2},],
----------------------- 53 ---------------------------
canvasWidth:100,
canvasHeight:100,
data:[{x:18,y:0,l:80,w:82},{x:2,y:0,l:78,w:16},],
----------------------- 54 ---------------------------
canvasWidth:100,
canvasHeight:100,
data:[{x:52,y:0,l:99,w:48},{x:0,y:0,l:97,w:52},],
----------------------- 55 ---------------------------
canvasWidth:100,
canvasHeight:100,
data:[{x:40,y:0,l:61,w:60},],
----------------------- 56 ---------------------------
canvasWidth:100,
canvasHeight:100,
data:[{x:35,y:0,l:66,w:65},],
----------------------- 57 ---------------------------
canvasWidth:100,
canvasHeight:100,
data:[{x:8,y:0,l:65,w:92},],
----------------------- 58 ---------------------------
canvasWidth:100,
canvasHeight:100,
data:[{x:34,y:0,l:69,w:66},],
----------------------- 59 ---------------------------
canvasWidth:100,
canvasHeight:100,
data:[{x:17,y:0,l:55,w:83},],
----------------------- 60 ---------------------------
canvasWidth:100,
canvasHeight:100,
data:[{x:48,y:0,l:61,w:52},],
----------------------- 61 ---------------------------
canvasWidth:100,
canvasHeight:100,
data:[{x:43,y:0,l:61,w:57},],
----------------------- 62 ---------------------------
canvasWidth:100,
canvasHeight:100,
data:[{x:43,y:0,l:67,w:57},],
----------------------- 63 ---------------------------
canvasWidth:100,
canvasHeight:100,
data:[{x:28,y:0,l:44,w:72},{x:0,y:0,l:27,w:28},{x:21,y:27,l:16,w:7},{x:16,y:44,l:56,w:84},],
----------------------- 64 ---------------------------
canvasWidth:100,
canvasHeight:100,
data:[{x:16,y:0,l:63,w:84},],
----------------------- 65 ---------------------------
canvasWidth:100,
canvasHeight:100,
data:[{x:49,y:0,l:67,w:51},],
----------------------- 66 ---------------------------
canvasWidth:100,
canvasHeight:100,
data:[{x:46,y:0,l:63,w:54},],
----------------------- 67 ---------------------------
canvasWidth:100,
canvasHeight:100,
data:[{x:23,y:0,l:69,w:77},{x:29,y:69,l:29,w:71},{x:67,y:98,l:2,w:33},],
----------------------- 68 ---------------------------
canvasWidth:100,
canvasHeight:100,
data:[{x:20,y:0,l:57,w:80},{x:21,y:57,l:39,w:79},],
----------------------- 69 ---------------------------
canvasWidth:100,
canvasHeight:100,
data:[{x:24,y:0,l:68,w:76},{x:3,y:0,l:67,w:21},],
----------------------- 70 ---------------------------
canvasWidth:100,
canvasHeight:100,
data:[{x:39,y:0,l:65,w:61},],
----------------------- 71 ---------------------------
canvasWidth:100,
canvasHeight:100,
data:[{x:47,y:0,l:63,w:53},],
----------------------- 72 ---------------------------
canvasWidth:100,
canvasHeight:100,
data:[{x:39,y:0,l:63,w:61},],
----------------------- 73 ---------------------------
canvasWidth:100,
canvasHeight:100,
data:[{x:17,y:0,l:56,w:83},],
----------------------- 74 ---------------------------
canvasWidth:100,
canvasHeight:100,
data:[{x:14,y:0,l:67,w:86},],
----------------------- 75 ---------------------------
canvasWidth:100,
canvasHeight:100,
data:[{x:24,y:0,l:51,w:76},],
----------------------- 76 ---------------------------
canvasWidth:100,
canvasHeight:100,
data:[{x:33,y:0,l:59,w:67},],
----------------------- 77 ---------------------------
canvasWidth:100,
canvasHeight:100,
data:[{x:40,y:0,l:53,w:60},],
----------------------- 78 ---------------------------
canvasWidth:100,
canvasHeight:100,
data:[{x:25,y:0,l:57,w:75},],
