====================================== Class_03.2bp-28 =====================================
Reduced size: 60 usedBin: 0
[2, 23, 37, 45, 56]
[5, 24, 33, 50]
[8, 18, 35, 41, 49, 57]
[1, 31]
[10, 12, 30, 44, 46, 58]
[6, 21, 27, 54]
[3, 16, 34]
[4, 15, 38]
[0, 39, 47, 55]
[7, 17, 22, 40]
[13, 19, 28, 36, 43, 48, 52]
[11, 14, 29, 32, 42, 51]
[9, 20, 25, 26, 53, 59]
------------------------------------------------
Best fit used bin number: 13
Found best solution: 13 0.141

   Statrt add columnAndCut col: 13 cons: 0 cut: 0	0.219

	1 Start Add column using column generation  col: 13 cons: 0 cut: 0	0.219
			Start solve  LP :0.219
			End solve LP obj: 13.0 t: 0
	1 End Add column using column generation : 13.0 col: 13 cons: 0 cut: 0	0.219
   End add columnAndCut : 13.0 colGencnt: 1 price: 0 col: 13 cons: 0 cut: 0	0.219

Node lb: 13.0 ub: 13 : 0.219

Final Found Solution: 13 genNode: 1 extendedNode: 0:0.219
Bin size: 1600
1 : 910,260,144,110,26, : 1450
2 : 759,247,196,54, : 1256
3 : 675,341,189,120,65,24, : 1414
4 : 1190,210, : 1400
5 : 552,510,216,110,108,20, : 1516
6 : 744,312,224,29, : 1309
7 : 884,396,192, : 1472
8 : 805,400,144, : 1349
9 : 1225,136,92,26, : 1479
10 : 725,363,290,130, : 1508
11 : 462,340,220,175,112,80,30, : 1419
12 : 532,418,220,198,120,36, : 1524
13 : 572,336,242,225,30,10, : 1415
----------------------- 1 ---------------------------
canvasWidth:40,
canvasHeight:40,
data:[{x:14,y:0,l:35,w:26},{x:18,y:35,l:5,w:22},{x:1,y:0,l:2,w:13},{x:2,y:2,l:12,w:12},{x:4,y:14,l:26,w:10},],
----------------------- 2 ---------------------------
canvasWidth:40,
canvasHeight:40,
data:[{x:12,y:0,l:7,w:28},{x:3,y:0,l:6,w:9},{x:17,y:7,l:33,w:23},{x:4,y:7,l:19,w:13},],
----------------------- 3 ---------------------------
canvasWidth:40,
canvasHeight:40,
data:[{x:9,y:0,l:11,w:31},{x:15,y:11,l:27,w:25},{x:9,y:11,l:20,w:6},{x:2,y:0,l:27,w:7},{x:4,y:27,l:13,w:5},{x:1,y:27,l:8,w:3},],
----------------------- 4 ---------------------------
canvasWidth:40,
canvasHeight:40,
data:[{x:6,y:0,l:35,w:34},{x:0,y:0,l:35,w:6},],
----------------------- 5 ---------------------------
canvasWidth:40,
canvasHeight:40,
data:[{x:34,y:0,l:18,w:6},{x:35,y:18,l:22,w:5},{x:34,y:18,l:20,w:1},{x:0,y:0,l:15,w:34},{x:25,y:15,l:24,w:9},{x:1,y:15,l:23,w:24},],
----------------------- 6 ---------------------------
canvasWidth:40,
canvasHeight:40,
data:[{x:16,y:0,l:31,w:24},{x:3,y:0,l:24,w:13},{x:8,y:31,l:7,w:32},{x:11,y:38,l:1,w:29},],
----------------------- 7 ---------------------------
canvasWidth:40,
canvasHeight:40,
data:[{x:14,y:0,l:34,w:26},{x:2,y:0,l:33,w:12},{x:8,y:34,l:6,w:32},],
----------------------- 8 ---------------------------
canvasWidth:40,
canvasHeight:40,
data:[{x:5,y:0,l:23,w:35},{x:15,y:23,l:16,w:25},{x:6,y:23,l:16,w:9},],
----------------------- 9 ---------------------------
canvasWidth:40,
canvasHeight:40,
data:[{x:5,y:0,l:35,w:35},{x:1,y:0,l:34,w:4},{x:0,y:0,l:26,w:1},{x:17,y:35,l:4,w:23},],
----------------------- 10 ---------------------------
canvasWidth:40,
canvasHeight:40,
data:[{x:15,y:0,l:29,w:25},{x:5,y:0,l:29,w:10},{x:0,y:0,l:26,w:5},{x:7,y:29,l:11,w:33},],
----------------------- 11 ---------------------------
canvasWidth:40,
canvasHeight:40,
data:[{x:19,y:0,l:22,w:21},{x:2,y:0,l:20,w:17},{x:0,y:0,l:15,w:2},{x:26,y:22,l:8,w:14},{x:1,y:22,l:7,w:25},{x:18,y:30,l:10,w:22},{x:10,y:30,l:10,w:8},],
----------------------- 12 ---------------------------
canvasWidth:40,
canvasHeight:40,
data:[{x:21,y:0,l:28,w:19},{x:2,y:0,l:22,w:19},{x:0,y:0,l:18,w:2},{x:1,y:22,l:6,w:20},{x:22,y:28,l:11,w:18},{x:0,y:28,l:10,w:22},],
----------------------- 13 ---------------------------
canvasWidth:40,
canvasHeight:40,
data:[{x:14,y:0,l:22,w:26},{x:3,y:0,l:22,w:11},{x:25,y:22,l:15,w:15},{x:30,y:37,l:3,w:10},{x:25,y:37,l:2,w:5},{x:4,y:22,l:16,w:21},],
