====================================== Class_10.2bp-43 =====================================
Reduced size: 100 usedBin: 0
[13, 31, 42, 50, 52, 88]
[4, 39, 53, 58, 76, 85, 97]
[3, 66, 69, 83, 94, 98]
[9, 41, 46, 47, 51, 57, 63, 80]
[6, 24, 72]
[2]
[12, 16, 29, 71]
[0, 62, 68]
[1, 55, 60]
[5, 30, 70, 77]
[17, 19, 36, 44, 54, 64, 65, 95]
[10, 21, 32, 61, 82, 87]
[11, 20, 37, 43, 81, 84]
[15, 25, 27, 45, 48, 86, 90, 99]
[14, 22, 38, 40, 59, 74, 75, 92]
[7, 23, 33, 56, 73, 89]
[8, 18, 28, 79, 91, 93, 96]
[26, 34, 35, 49, 67, 78]
------------------------------------------------
Best fit used bin number: 18
Found best solution: 18 0.157

   Statrt add columnAndCut col: 18 cons: 0 cut: 0	0.235

	1 Start Add column using column generation  col: 18 cons: 0 cut: 0	0.235
			Start solve  LP :0.235
			End solve LP obj: 18.0 t: 0
com.wlj.solver.BBSolver:
--------------------------------------- Price Problem Start --------------------------------------------------------
dualPrice.size = 100 , dualPrice = [1.0, 1.0, 1.0, 1.0, 1.0, 1.0, 1.0, 1.0, 1.0, 1.0, 1.0, 1.0, 1.0, 1.0, 1.0, 1.0, -0.0, 1.0, -0.0, -0.0, -0.0, -0.0, -0.0, -0.0, -0.0, -0.0, 1.0, -0.0, -0.0, -0.0, -0.0, -0.0, -0.0, -0.0, -0.0, -0.0, -0.0, -0.0, -0.0, -0.0, -0.0, -0.0, -0.0, -0.0, -0.0, -0.0, -0.0, -0.0, -0.0, -0.0, -0.0, -0.0, -0.0, -0.0, -0.0, -0.0, -0.0, -0.0, -0.0, -0.0, -0.0, -0.0, -0.0, -0.0, -0.0, -0.0, -0.0, -0.0, -0.0, -0.0, -0.0, -0.0, -0.0, -0.0, -0.0, -0.0, -0.0, -0.0, -0.0, -0.0, -0.0, -0.0, -0.0, -0.0, -0.0, -0.0, -0.0, -0.0, -0.0, -0.0, -0.0, -0.0, -0.0, -0.0, -0.0, -0.0, -0.0, -0.0, -0.0, -0.0]
			Active cut size: 0
W = 99 
H = 99
normalXList.size = 7
normalYList.size = 6
xList.size = 6
yList.size = 6
squareList.size = 18
myConsList.size = 0
当前上界 = 3.0
当前上界 = 2.8666666666666667
当前上界 = 2.7333333333333334
当前上界 = 2.6
当前上界 = 2.466666666666667
当前上界 = 2.3333333333333335
当前上界 = 2.2
当前上界 = 2.066666666666667
当前上界 = 1.9333333333333336
最优解：2.0
solutionList.size() = 10
pattern.getKey() = 12@26@
用时：0.015 s
--------------------------------------- Price Problem End --------------------------------------------------------
		1 Add column : 1 col:18 	0.25
			Start solve  LP :0.25
			End solve LP obj: 18.0 t: 0
com.wlj.solver.BBSolver:
--------------------------------------- Price Problem Start --------------------------------------------------------
dualPrice.size = 100 , dualPrice = [1.0, 1.0, 1.0, 1.0, 1.0, 1.0, 1.0, 1.0, 1.0, 1.0, 1.0, 1.0, 0.0, 1.0, 1.0, 1.0, 1.0, 1.0, -0.0, -0.0, -0.0, -0.0, -0.0, -0.0, -0.0, -0.0, 1.0, -0.0, -0.0, -0.0, -0.0, -0.0, -0.0, -0.0, -0.0, -0.0, -0.0, -0.0, -0.0, -0.0, -0.0, -0.0, -0.0, -0.0, -0.0, -0.0, -0.0, -0.0, -0.0, -0.0, -0.0, -0.0, -0.0, -0.0, -0.0, -0.0, -0.0, -0.0, -0.0, -0.0, -0.0, -0.0, -0.0, -0.0, -0.0, -0.0, -0.0, -0.0, -0.0, -0.0, -0.0, -0.0, -0.0, -0.0, -0.0, -0.0, -0.0, -0.0, -0.0, -0.0, -0.0, -0.0, -0.0, -0.0, -0.0, -0.0, -0.0, -0.0, -0.0, -0.0, -0.0, -0.0, -0.0, -0.0, -0.0, -0.0, -0.0, -0.0, -0.0, -0.0]
			Active cut size: 0
W = 98 
H = 99
normalXList.size = 4
normalYList.size = 6
xList.size = 4
yList.size = 6
squareList.size = 18
myConsList.size = 0
当前上界 = 3.0
当前上界 = 2.8666666666666667
当前上界 = 2.7333333333333334
当前上界 = 2.6
当前上界 = 2.466666666666667
当前上界 = 2.3333333333333335
当前上界 = 2.2
当前上界 = 2.066666666666667
当前上界 = 1.9333333333333336
最优解：2.0
solutionList.size() = 5
pattern.getKey() = 8@26@
用时：0.0 s
--------------------------------------- Price Problem End --------------------------------------------------------
		2 Add column : 1 col:19 	0.25
			Start solve  LP :0.25
			End solve LP obj: 18.0 t: 0
com.wlj.solver.BBSolver:
--------------------------------------- Price Problem Start --------------------------------------------------------
dualPrice.size = 100 , dualPrice = [1.0, 1.0, 1.0, 1.0, 1.0, 1.0, 1.0, 1.0, 0.0, 1.0, 1.0, 1.0, 0.0, 1.0, 1.0, 1.0, 1.0, 1.0, 1.0, -0.0, -0.0, -0.0, -0.0, -0.0, -0.0, -0.0, 1.0, -0.0, -0.0, -0.0, -0.0, -0.0, -0.0, -0.0, -0.0, -0.0, -0.0, -0.0, -0.0, -0.0, -0.0, -0.0, -0.0, -0.0, -0.0, -0.0, -0.0, -0.0, -0.0, -0.0, -0.0, -0.0, -0.0, -0.0, -0.0, -0.0, -0.0, -0.0, -0.0, -0.0, -0.0, -0.0, -0.0, -0.0, -0.0, -0.0, -0.0, -0.0, -0.0, -0.0, -0.0, -0.0, -0.0, -0.0, -0.0, -0.0, -0.0, -0.0, -0.0, -0.0, -0.0, -0.0, -0.0, -0.0, -0.0, -0.0, -0.0, -0.0, -0.0, -0.0, -0.0, -0.0, -0.0, -0.0, -0.0, -0.0, -0.0, -0.0, -0.0, -0.0]
			Active cut size: 0
W = 100 
H = 99
normalXList.size = 3
normalYList.size = 6
xList.size = 3
yList.size = 6
squareList.size = 18
myConsList.size = 0
当前上界 = 3.0
当前上界 = 2.8666666666666667
当前上界 = 2.7333333333333334
当前上界 = 2.6
当前上界 = 2.466666666666667
当前上界 = 2.3333333333333335
当前上界 = 2.2
当前上界 = 2.066666666666667
当前上界 = 1.9333333333333336
最优解：2.0
solutionList.size() = 5
pattern.getKey() = 13@26@
用时：0.0 s
--------------------------------------- Price Problem End --------------------------------------------------------
		3 Add column : 1 col:20 	0.25
			Start solve  LP :0.25
			End solve LP obj: 18.0 t: 0
com.wlj.solver.BBSolver:
--------------------------------------- Price Problem Start --------------------------------------------------------
dualPrice.size = 100 , dualPrice = [1.0, 1.0, 1.0, 1.0, 1.0, 1.0, 1.0, 1.0, 0.0, 1.0, 1.0, 1.0, 0.0, 0.0, 1.0, 1.0, 1.0, 1.0, 1.0, -0.0, -0.0, -0.0, -0.0, -0.0, -0.0, -0.0, 1.0, -0.0, -0.0, -0.0, -0.0, 1.0, -0.0, -0.0, -0.0, -0.0, -0.0, -0.0, -0.0, -0.0, -0.0, -0.0, -0.0, -0.0, -0.0, -0.0, -0.0, -0.0, -0.0, -0.0, -0.0, -0.0, -0.0, -0.0, -0.0, -0.0, -0.0, -0.0, -0.0, -0.0, -0.0, -0.0, -0.0, -0.0, -0.0, -0.0, -0.0, -0.0, -0.0, -0.0, -0.0, -0.0, -0.0, -0.0, -0.0, -0.0, -0.0, -0.0, -0.0, -0.0, -0.0, -0.0, -0.0, -0.0, -0.0, -0.0, -0.0, -0.0, -0.0, -0.0, -0.0, -0.0, -0.0, -0.0, -0.0, -0.0, -0.0, -0.0, -0.0, -0.0]
			Active cut size: 0
W = 100 
H = 99
normalXList.size = 17
normalYList.size = 5
xList.size = 5
yList.size = 5
squareList.size = 18
myConsList.size = 0
当前上界 = 4.0
当前上界 = 3.8
当前上界 = 3.5999999999999996
当前上界 = 3.3999999999999995
当前上界 = 3.1999999999999993
当前上界 = 2.999999999999999
最优解：3.0
solutionList.size() = 2
pattern.getKey() = 11@26@31@
用时：0.0 s
--------------------------------------- Price Problem End --------------------------------------------------------
		4 Add column : 1 col:21 	0.25
			Start solve  LP :0.25
			End solve LP obj: 18.0 t: 0
com.wlj.solver.BBSolver:
--------------------------------------- Price Problem Start --------------------------------------------------------
dualPrice.size = 100 , dualPrice = [1.0, 1.0, 1.0, 1.0, 1.0, 1.0, 1.0, 1.0, 1.0, 1.0, 1.0, 1.0, 1.0, 1.0, 1.0, 1.0, 0.0, 1.0, 0.0, -0.0, -0.0, -0.0, -0.0, -0.0, -0.0, -0.0, 0.0, -0.0, -0.0, -0.0, -0.0, 0.0, -0.0, -0.0, 1.0, -0.0, -0.0, -0.0, -0.0, -0.0, -0.0, -0.0, -0.0, -0.0, -0.0, -0.0, -0.0, -0.0, -0.0, -0.0, -0.0, -0.0, -0.0, -0.0, -0.0, -0.0, -0.0, -0.0, -0.0, -0.0, -0.0, -0.0, -0.0, -0.0, -0.0, -0.0, -0.0, -0.0, -0.0, -0.0, -0.0, -0.0, -0.0, -0.0, -0.0, -0.0, -0.0, -0.0, -0.0, -0.0, -0.0, -0.0, -0.0, -0.0, -0.0, -0.0, -0.0, -0.0, -0.0, -0.0, -0.0, -0.0, -0.0, -0.0, -0.0, -0.0, -0.0, -0.0, -0.0, -0.0]
			Active cut size: 0
W = 99 
H = 99
normalXList.size = 7
normalYList.size = 8
xList.size = 5
yList.size = 6
squareList.size = 18
myConsList.size = 0
当前上界 = 3.0
最优解：3.0
solutionList.size() = 2
pattern.getKey() = 12@15@34@
用时：0.0 s
--------------------------------------- Price Problem End --------------------------------------------------------
		5 Add column : 1 col:22 	0.266
			Start solve  LP :0.266
			End solve LP obj: 18.0 t: 0
com.wlj.solver.BBSolver:
--------------------------------------- Price Problem Start --------------------------------------------------------
dualPrice.size = 100 , dualPrice = [1.0, 1.0, 1.0, 1.0, 1.0, 1.0, 1.0, 1.0, 1.0, 1.0, 1.0, 1.0, -0.0, 1.0, 1.0, 0.0, 1.0, 1.0, 0.0, -0.0, -0.0, -0.0, -0.0, -0.0, -0.0, 1.0, 0.0, -0.0, -0.0, -0.0, -0.0, 0.0, -0.0, -0.0, 1.0, -0.0, -0.0, -0.0, -0.0, -0.0, -0.0, -0.0, -0.0, -0.0, -0.0, -0.0, -0.0, -0.0, -0.0, -0.0, -0.0, -0.0, -0.0, -0.0, -0.0, -0.0, -0.0, -0.0, -0.0, -0.0, -0.0, -0.0, -0.0, -0.0, -0.0, -0.0, -0.0, -0.0, -0.0, -0.0, -0.0, -0.0, -0.0, -0.0, -0.0, -0.0, -0.0, -0.0, -0.0, -0.0, -0.0, -0.0, -0.0, -0.0, -0.0, -0.0, -0.0, -0.0, -0.0, -0.0, -0.0, -0.0, -0.0, -0.0, -0.0, -0.0, -0.0, -0.0, -0.0, -0.0]
			Active cut size: 0
W = 96 
H = 99
normalXList.size = 6
normalYList.size = 10
xList.size = 5
yList.size = 8
squareList.size = 18
myConsList.size = 0
当前上界 = 3.0
最优解：3.0
solutionList.size() = 2
pattern.getKey() = 14@25@34@
用时：0.0 s
--------------------------------------- Price Problem End --------------------------------------------------------
		6 Add column : 1 col:23 	0.266
			Start solve  LP :0.266
			End solve LP obj: 18.0 t: 0
com.wlj.solver.BBSolver:
--------------------------------------- Price Problem Start --------------------------------------------------------
dualPrice.size = 100 , dualPrice = [1.0, 1.0, 1.0, 1.0, 1.0, 1.0, 1.0, 1.0, 1.0, 1.0, 1.0, 1.0, -0.0, 1.0, 1.0, 1.0, 1.0, 1.0, 0.0, -0.0, -0.0, -0.0, -0.0, -0.0, -0.0, 0.0, 0.0, -0.0, -0.0, -0.0, -0.0, 0.0, -0.0, -0.0, 0.0, 1.0, -0.0, -0.0, -0.0, -0.0, -0.0, -0.0, -0.0, -0.0, -0.0, -0.0, -0.0, -0.0, -0.0, -0.0, -0.0, -0.0, -0.0, -0.0, -0.0, -0.0, -0.0, -0.0, -0.0, -0.0, -0.0, -0.0, -0.0, -0.0, -0.0, -0.0, -0.0, -0.0, -0.0, -0.0, -0.0, -0.0, -0.0, -0.0, -0.0, -0.0, -0.0, -0.0, -0.0, -0.0, -0.0, -0.0, -0.0, -0.0, -0.0, -0.0, -0.0, -0.0, -0.0, -0.0, -0.0, -0.0, -0.0, -0.0, -0.0, -0.0, -0.0, -0.0, -0.0, -0.0]
			Active cut size: 0
W = 96 
H = 99
normalXList.size = 7
normalYList.size = 9
xList.size = 5
yList.size = 6
squareList.size = 18
myConsList.size = 0
当前上界 = 3.0
当前上界 = 2.8666666666666667
当前上界 = 2.7333333333333334
当前上界 = 2.6
当前上界 = 2.466666666666667
当前上界 = 2.3333333333333335
当前上界 = 2.2
当前上界 = 2.066666666666667
当前上界 = 1.9333333333333336
最优解：2.0
solutionList.size() = 10
pattern.getKey() = 14@35@
用时：0.0 s
--------------------------------------- Price Problem End --------------------------------------------------------
		7 Add column : 1 col:24 	0.266
			Start solve  LP :0.266
			End solve LP obj: 18.0 t: 0
com.wlj.solver.BBSolver:
--------------------------------------- Price Problem Start --------------------------------------------------------
dualPrice.size = 100 , dualPrice = [1.0, 1.0, 1.0, 1.0, 1.0, 1.0, 1.0, 1.0, 1.0, 1.0, 1.0, 1.0, -0.0, 1.0, 0.33333333333333337, 0.6666666666666667, 1.0, 1.0, 0.0, -0.0, -0.0, -0.0, 0.6666666666666666, -0.0, -0.0, 0.3333333333333333, 0.0, -0.0, -0.0, -0.0, -0.0, 0.0, -0.0, -0.0, 0.3333333333333333, 0.6666666666666666, -0.0, -0.0, -0.0, -0.0, -0.0, -0.0, -0.0, -0.0, -0.0, -0.0, -0.0, -0.0, -0.0, -0.0, -0.0, -0.0, -0.0, -0.0, -0.0, -0.0, -0.0, -0.0, -0.0, -0.0, -0.0, -0.0, -0.0, -0.0, -0.0, -0.0, -0.0, -0.0, -0.0, -0.0, -0.0, -0.0, -0.0, -0.0, -0.0, -0.0, -0.0, -0.0, -0.0, -0.0, -0.0, -0.0, -0.0, -0.0, -0.0, -0.0, -0.0, -0.0, -0.0, -0.0, -0.0, -0.0, -0.0, -0.0, -0.0, -0.0, -0.0, -0.0, -0.0, -0.0]
			Active cut size: 0
W = 96 
H = 99
normalXList.size = 8
normalYList.size = 13
xList.size = 5
yList.size = 8
squareList.size = 21
myConsList.size = 0
当前上界 = 3.0
当前上界 = 2.8666666666666667
当前上界 = 2.7333333333333334
当前上界 = 2.6
当前上界 = 2.466666666666667
当前上界 = 2.3333333333333335
最优解：2.333333333333333
solutionList.size() = 2
pattern.getKey() = 16@22@35@
用时：0.0 s
--------------------------------------- Price Problem End --------------------------------------------------------
		8 Add column : 1 col:25 	0.266
			Start solve  LP :0.266
			End solve LP obj: 18.0 t: 0
com.wlj.solver.BBSolver:
--------------------------------------- Price Problem Start --------------------------------------------------------
dualPrice.size = 100 , dualPrice = [1.0, 1.0, 1.0, 1.0, 1.0, 1.0, 1.0, 1.0, 1.0, 1.0, 1.0, 1.0, -0.0, 1.0, 1.0, 1.0, 1.0, 1.0, 0.0, -0.0, -0.0, -0.0, 0.0, -0.0, -0.0, 0.0, 0.0, -0.0, -0.0, -0.0, -0.0, 0.0, -0.0, -0.0, 0.0, 0.0, -0.0, -0.0, -0.0, -0.0, -0.0, -0.0, -0.0, -0.0, -0.0, -0.0, -0.0, -0.0, -0.0, 1.0, -0.0, -0.0, -0.0, -0.0, -0.0, -0.0, -0.0, -0.0, -0.0, -0.0, -0.0, -0.0, -0.0, -0.0, -0.0, -0.0, -0.0, -0.0, -0.0, -0.0, -0.0, -0.0, -0.0, -0.0, -0.0, -0.0, -0.0, -0.0, -0.0, -0.0, -0.0, -0.0, -0.0, -0.0, -0.0, -0.0, -0.0, -0.0, -0.0, -0.0, -0.0, -0.0, -0.0, -0.0, -0.0, -0.0, -0.0, -0.0, -0.0, -0.0]
			Active cut size: 0
W = 99 
H = 99
normalXList.size = 11
normalYList.size = 11
xList.size = 5
yList.size = 6
squareList.size = 18
myConsList.size = 0
当前上界 = 3.0
最优解：3.0
solutionList.size() = 1
pattern.getKey() = 13@17@49@
用时：0.0 s
--------------------------------------- Price Problem End --------------------------------------------------------
		9 Add column : 1 col:26 	0.266
			Start solve  LP :0.266
			End solve LP obj: 18.0 t: 0
com.wlj.solver.BBSolver:
--------------------------------------- Price Problem Start --------------------------------------------------------
dualPrice.size = 100 , dualPrice = [1.0, 1.0, 1.0, 1.0, 1.0, 1.0, 1.0, 1.0, 0.5, 1.0, 1.0, 0.0, -0.0, 0.5, 1.0, 1.0, 1.0, -0.0, 0.5, 1.0, 1.0, -0.0, 0.0, -0.0, -0.0, 0.0, 0.5, -0.0, -0.0, -0.0, -0.0, 0.5, -0.0, -0.0, 0.0, 0.0, -0.0, -0.0, -0.0, -0.0, -0.0, -0.0, -0.0, -0.0, -0.0, -0.0, -0.0, -0.0, -0.0, 0.5, -0.0, -0.0, -0.0, -0.0, -0.0, -0.0, -0.0, -0.0, -0.0, -0.0, -0.0, -0.0, -0.0, -0.0, -0.0, -0.0, -0.0, -0.0, -0.0, -0.0, -0.0, -0.0, -0.0, -0.0, -0.0, -0.0, -0.0, -0.0, -0.0, -0.0, -0.0, -0.0, -0.0, -0.0, -0.0, -0.0, -0.0, -0.0, -0.0, -0.0, -0.0, -0.0, -0.0, -0.0, -0.0, -0.0, -0.0, -0.0, -0.0, -0.0]
			Active cut size: 0
W = 100 
H = 100
normalXList.size = 20
normalYList.size = 12
xList.size = 7
yList.size = 8
squareList.size = 21
myConsList.size = 0
当前上界 = 3.0
当前上界 = 2.8666666666666667
当前上界 = 2.7333333333333334
当前上界 = 2.6
当前上界 = 2.466666666666667
最优解：2.5
solutionList.size() = 5
pattern.getKey() = 14@19@31@
用时：0.0 s
--------------------------------------- Price Problem End --------------------------------------------------------
		10 Add column : 1 col:27 	0.282
			Start solve  LP :0.282
			End solve LP obj: 18.0 t: 0
com.wlj.solver.BBSolver:
--------------------------------------- Price Problem Start --------------------------------------------------------
dualPrice.size = 100 , dualPrice = [1.0, 1.0, 1.0, 1.0, 1.0, 1.0, 1.0, 1.0, 1.0, 1.0, 1.0, -0.0, 1.0, 0.0, 0.0, 0.0, 0.0, -0.0, 0.0, 1.0, 1.0, -0.0, 1.0, -0.0, -0.0, 1.0, 0.0, -0.0, -0.0, -0.0, -0.0, -0.0, -0.0, -0.0, 0.0, -0.0, -0.0, -0.0, -0.0, -0.0, -0.0, -0.0, 1.0, -0.0, -0.0, -0.0, -0.0, -0.0, -0.0, 1.0, -0.0, -0.0, -0.0, -0.0, -0.0, -0.0, -0.0, -0.0, -0.0, -0.0, -0.0, -0.0, -0.0, -0.0, -0.0, -0.0, -0.0, -0.0, -0.0, -0.0, -0.0, -0.0, -0.0, -0.0, -0.0, -0.0, -0.0, -0.0, -0.0, -0.0, -0.0, -0.0, -0.0, -0.0, -0.0, -0.0, -0.0, -0.0, -0.0, -0.0, -0.0, -0.0, -0.0, -0.0, -0.0, -0.0, -0.0, -0.0, -0.0, -0.0]
			Active cut size: 0
W = 99 
H = 99
normalXList.size = 14
normalYList.size = 13
xList.size = 11
yList.size = 8
squareList.size = 18
myConsList.size = 0
当前上界 = 5.0
当前上界 = 4.733333333333333
当前上界 = 4.466666666666667
当前上界 = 4.2
当前上界 = 3.9333333333333336
最优解：4.0
solutionList.size() = 3
pattern.getKey() = 20@25@42@49@
用时：0.0 s
--------------------------------------- Price Problem End --------------------------------------------------------
		11 Add column : 1 col:28 	0.282
			Start solve  LP :0.282
			End solve LP obj: 18.0 t: 0
com.wlj.solver.BBSolver:
--------------------------------------- Price Problem Start --------------------------------------------------------
dualPrice.size = 100 , dualPrice = [1.0, 1.0, 1.0, 1.0, 1.0, 1.0, 1.0, 1.0, 0.8333333333333333, 1.0, 1.0, 0.8333333333333333, -0.0, 0.8333333333333333, 0.0, 0.5, -0.0, -0.0, 0.16666666666666674, 1.0, 0.16666666666666674, -0.0, 0.8333333333333335, -0.0, -0.0, 0.5, 0.16666666666666674, -0.0, -0.0, 1.0, -0.0, -0.0, -0.0, -0.0, 0.5, 0.16666666666666652, -0.0, -0.0, 0.16666666666666652, -0.0, -0.0, -0.0, 0.16666666666666674, -0.0, -0.0, -0.0, -0.0, -0.0, -0.0, 0.16666666666666674, -0.0, -0.0, -0.0, -0.0, -0.0, -0.0, -0.0, -0.0, -0.0, -0.0, -0.0, -0.0, -0.0, -0.0, -0.0, -0.0, -0.0, -0.0, -0.0, -0.0, -0.0, -0.0, -0.0, -0.0, -0.0, -0.0, -0.0, -0.0, -0.0, -0.0, -0.0, -0.0, -0.0, -0.0, -0.0, -0.0, -0.0, -0.0, -0.0, -0.0, -0.0, -0.0, -0.0, -0.0, -0.0, -0.0, -0.0, -0.0, -0.0, -0.0]
			Active cut size: 0
W = 100 
H = 100
normalXList.size = 18
normalYList.size = 27
xList.size = 11
yList.size = 16
squareList.size = 26
myConsList.size = 0
当前上界 = 3.5
当前上界 = 3.3333333333333335
当前上界 = 3.166666666666667
当前上界 = 3.0000000000000004
当前上界 = 2.833333333333334
最优解：2.8333333333333335
solutionList.size() = 1
pattern.getKey() = 19@29@34@42@49@
用时：0.031 s
--------------------------------------- Price Problem End --------------------------------------------------------
		12 Add column : 1 col:29 	0.313
			Start solve  LP :0.313
			End solve LP obj: 18.0 t: 0
com.wlj.solver.BBSolver:
--------------------------------------- Price Problem Start --------------------------------------------------------
dualPrice.size = 100 , dualPrice = [1.0, 1.0, 1.0, 1.0, 1.0, 1.0, 1.0, 1.0, 1.0, 1.0, 1.0, 1.0, 1.0, 1.0, -0.0, -0.0, -0.0, -0.0, -0.0, 1.0, -0.0, -0.0, 0.0, -0.0, -0.0, 1.0, -0.0, -0.0, -0.0, 0.0, -0.0, -0.0, -0.0, -0.0, 0.0, 1.0, -0.0, -0.0, 1.0, -0.0, -0.0, -0.0, 0.0, -0.0, -0.0, -0.0, -0.0, -0.0, -0.0, -0.0, -0.0, -0.0, -0.0, -0.0, -0.0, -0.0, -0.0, -0.0, -0.0, -0.0, -0.0, -0.0, -0.0, -0.0, -0.0, -0.0, -0.0, -0.0, -0.0, -0.0, -0.0, -0.0, -0.0, -0.0, -0.0, -0.0, -0.0, -0.0, -0.0, -0.0, -0.0, -0.0, -0.0, -0.0, -0.0, -0.0, -0.0, -0.0, -0.0, -0.0, -0.0, -0.0, -0.0, -0.0, -0.0, -0.0, -0.0, -0.0, -0.0, -0.0]
			Active cut size: 0
W = 99 
H = 99
normalXList.size = 7
normalYList.size = 11
xList.size = 5
yList.size = 6
squareList.size = 18
myConsList.size = 0
当前上界 = 4.0
最优解：4.0
solutionList.size() = 1
pattern.getKey() = 19@25@35@38@
用时：0.0 s
--------------------------------------- Price Problem End --------------------------------------------------------
		13 Add column : 1 col:30 	0.313
			Start solve  LP :0.313
			End solve LP obj: 18.0 t: 0
com.wlj.solver.BBSolver:
--------------------------------------- Price Problem Start --------------------------------------------------------
dualPrice.size = 100 , dualPrice = [1.0, 1.0, 1.0, 1.0, 1.0, 1.0, 1.0, 1.0, 1.0, 1.0, 1.0, 1.0, 0.0, 1.0, -0.0, 1.0, -0.0, -0.0, 0.0, -0.0, 0.0, -0.0, 0.5, -0.0, -0.0, -0.0, 0.0, -0.0, -0.0, 1.0, -0.0, -0.0, -0.0, -0.0, -0.0, 0.5, 1.0, -0.0, 0.5, -0.0, -0.0, -0.0, 0.0, -0.0, -0.0, -0.0, -0.0, -0.0, -0.0, -0.0, -0.0, -0.0, -0.0, -0.0, -0.0, -0.0, -0.0, -0.0, -0.0, -0.0, -0.0, -0.0, -0.0, -0.0, -0.0, -0.0, -0.0, 0.5, -0.0, -0.0, -0.0, -0.0, -0.0, -0.0, -0.0, -0.0, -0.0, -0.0, -0.0, -0.0, -0.0, -0.0, -0.0, -0.0, -0.0, -0.0, -0.0, -0.0, -0.0, -0.0, -0.0, -0.0, -0.0, -0.0, -0.0, -0.0, -0.0, -0.0, -0.0, -0.0]
			Active cut size: 0
W = 100 
H = 100
normalXList.size = 33
normalYList.size = 13
xList.size = 15
yList.size = 10
squareList.size = 20
myConsList.size = 0
当前上界 = 4.5
当前上界 = 4.266666666666667
当前上界 = 4.033333333333333
当前上界 = 3.8
最优解：4.0
solutionList.size() = 2
pattern.getKey() = 15@29@35@36@67@
用时：0.016 s
--------------------------------------- Price Problem End --------------------------------------------------------
		14 Add column : 1 col:31 	0.329
			Start solve  LP :0.329
			End solve LP obj: 18.0 t: 0
com.wlj.solver.BBSolver:
--------------------------------------- Price Problem Start --------------------------------------------------------
dualPrice.size = 100 , dualPrice = [1.0, 1.0, 1.0, 1.0, 1.0, 1.0, 1.0, 1.0, 0.5, 1.0, 1.0, 0.5, 0.5, 0.5, -0.0, -0.0, 0.5, 0.5, 0.5, -0.0, 0.5, -0.0, 0.25, -0.0, -0.0, -0.0, 0.5, -0.0, -0.0, -0.0, -0.0, -0.0, -0.0, -0.0, -0.0, 0.25, 0.5, -0.0, 0.75, -0.0, -0.0, -0.0, 0.5, -0.0, -0.0, -0.0, -0.0, -0.0, -0.0, -0.0, -0.0, -0.0, -0.0, -0.0, -0.0, -0.0, -0.0, -0.0, -0.0, -0.0, -0.0, -0.0, -0.0, -0.0, -0.0, -0.0, -0.0, 0.25, -0.0, -0.0, -0.0, -0.0, -0.0, -0.0, -0.0, -0.0, -0.0, -0.0, -0.0, -0.0, -0.0, -0.0, -0.0, -0.0, -0.0, -0.0, -0.0, -0.0, -0.0, -0.0, -0.0, -0.0, -0.0, -0.0, -0.0, -0.0, -0.0, -0.0, -0.0, 1.0]
			Active cut size: 0
W = 100 
H = 100
normalXList.size = 68
normalYList.size = 36
xList.size = 39
yList.size = 15
squareList.size = 26
myConsList.size = 0
当前上界 = 4.25
当前上界 = 4.033333333333333
当前上界 = 3.8166666666666664
最优解：4.0
solutionList.size() = 1
pattern.getKey() = 10@36@38@42@67@99@
用时：0.328 s
--------------------------------------- Price Problem End --------------------------------------------------------
		15 Add column : 1 col:32 	0.657
			Start solve  LP :0.657
			End solve LP obj: 18.0 t: 0
com.wlj.solver.BBSolver:
--------------------------------------- Price Problem Start --------------------------------------------------------
dualPrice.size = 100 , dualPrice = [1.0, 1.0, 1.0, 1.0, 1.0, 1.0, 1.0, 1.0, -0.0, 1.0, 1.0, 0.0, 0.0, -0.0, 1.0, 1.0, 1.0, 1.0, 1.0, -0.0, 1.0, -0.0, 0.0, -0.0, -0.0, -0.0, 1.0, -0.0, -0.0, -0.0, -0.0, -0.0, -0.0, -0.0, -0.0, 0.0, 0.0, -0.0, -0.0, -0.0, -0.0, -0.0, -0.0, -0.0, -0.0, -0.0, -0.0, -0.0, -0.0, -0.0, 1.0, -0.0, -0.0, -0.0, -0.0, -0.0, -0.0, -0.0, -0.0, -0.0, -0.0, -0.0, -0.0, -0.0, -0.0, -0.0, -0.0, 0.0, -0.0, -0.0, -0.0, -0.0, -0.0, -0.0, -0.0, -0.0, -0.0, -0.0, -0.0, -0.0, -0.0, -0.0, -0.0, -0.0, -0.0, -0.0, -0.0, -0.0, -0.0, -0.0, -0.0, -0.0, -0.0, -0.0, -0.0, -0.0, -0.0, -0.0, -0.0, 0.0]
			Active cut size: 0
W = 100 
H = 100
normalXList.size = 7
normalYList.size = 15
xList.size = 5
yList.size = 8
squareList.size = 18
myConsList.size = 0
当前上界 = 4.0
当前上界 = 3.8
当前上界 = 3.5999999999999996
当前上界 = 3.3999999999999995
当前上界 = 3.1999999999999993
当前上界 = 2.999999999999999
最优解：3.0
solutionList.size() = 4
pattern.getKey() = 17@26@50@
用时：0.0 s
--------------------------------------- Price Problem End --------------------------------------------------------
		16 Add column : 1 col:33 	0.657
			Start solve  LP :0.657
			End solve LP obj: 18.0 t: 0
com.wlj.solver.BBSolver:
--------------------------------------- Price Problem Start --------------------------------------------------------
dualPrice.size = 100 , dualPrice = [1.0, 1.0, 1.0, 1.0, 1.0, 1.0, 1.0, 1.0, -0.0, 1.0, -0.0, 0.6666666666666666, 0.6666666666666666, 0.6666666666666666, 0.6666666666666667, 0.33333333333333337, 0.33333333333333337, 0.33333333333333337, 1.0, 0.33333333333333326, 0.33333333333333337, 1.0, 0.3333333333333333, -0.0, -0.0, 0.3333333333333335, 0.33333333333333337, -0.0, -0.0, -0.0, -0.0, -0.0, -0.0, -0.0, -0.0, 0.3333333333333333, 5.551115123125783E-17, -0.0, -0.0, -0.0, -0.0, -0.0, -0.0, -0.0, 0.3333333333333333, -0.0, -0.0, -0.0, -0.0, -0.0, 0.33333333333333337, -0.0, -0.0, -0.0, -0.0, -0.0, -0.0, -0.0, -0.0, -0.0, -0.0, -0.0, -0.0, -0.0, -0.0, -0.0, -0.0, 0.3333333333333333, -0.0, -0.0, -0.0, -0.0, -0.0, -0.0, -0.0, -0.0, -0.0, -0.0, -0.0, -0.0, -0.0, -0.0, -0.0, -0.0, -0.0, -0.0, -0.0, -0.0, -0.0, -0.0, -0.0, -0.0, -0.0, -0.0, -0.0, -0.0, -0.0, -0.0, -0.0, 0.33333333333333315]
			Active cut size: 0
W = 100 
H = 100
normalXList.size = 60
normalYList.size = 55
xList.size = 27
yList.size = 33
squareList.size = 28
myConsList.size = 0
当前上界 = 3.666666666666667
当前上界 = 3.4888888888888894
当前上界 = 3.311111111111112
最优解：3.3333333333333335
solutionList.size() = 3
pattern.getKey() = 18@21@35@50@67@99@
用时：0.078 s
--------------------------------------- Price Problem End --------------------------------------------------------
		17 Add column : 1 col:34 	0.735
			Start solve  LP :0.735
			End solve LP obj: 18.0 t: 0
com.wlj.solver.BBSolver:
--------------------------------------- Price Problem Start --------------------------------------------------------
dualPrice.size = 100 , dualPrice = [1.0, 1.0, 1.0, 1.0, 1.0, 1.0, 1.0, 1.0, 0.7407407407407407, 1.0, 0.6296296296296297, 0.4814814814814815, 0.25925925925925924, 0.7407407407407407, 0.7407407407407407, 0.7037037037037037, 0.7407407407407407, -0.0, 0.25925925925925924, -0.0, 0.5185185185185185, 0.37037037037037035, 0.25925925925925924, -0.0, -0.0, 0.2222222222222222, 0.25925925925925924, -0.0, -0.0, -0.0, -0.0, 0.25925925925925924, -0.0, -0.0, 0.037037037037037035, -0.0, -0.0, -0.0, -0.0, -0.0, -0.0, -0.0, -0.0, -0.0, 1.0, -0.0, -0.0, -0.0, -0.0, 0.2592592592592593, -0.0, -0.0, -0.0, -0.0, -0.0, -0.0, -0.0, -0.0, -0.0, -0.0, -0.0, -0.0, -0.0, -0.0, -0.0, -0.0, -0.0, 0.2962962962962963, -0.0, -0.0, -0.0, -0.0, -0.0, -0.0, -0.0, -0.0, -0.0, -0.0, 0.14814814814814814, -0.0, -0.0, -0.0, -0.0, -0.0, -0.0, -0.0, -0.0, -0.0, -0.0, -0.0, -0.0, -0.0, -0.0, -0.0, -0.0, -0.0, -0.0, -0.0, -0.0, 0.07407407407407407]
			Active cut size: 0
W = 100 
H = 100
normalXList.size = 79
normalYList.size = 49
xList.size = 57
yList.size = 29
squareList.size = 30
myConsList.size = 0
当前上界 = 3.37037037037037
当前上界 = 3.212345679012345
当前上界 = 3.0543209876543203
当前上界 = 2.8962962962962955
最优解：3.0370370370370368
solutionList.size() = 1
pattern.getKey() = 9@31@44@49@67@78@99@
用时：1.545 s
--------------------------------------- Price Problem End --------------------------------------------------------
		18 Add column : 1 col:35 	2.297
			Start solve  LP :2.297
			End solve LP obj: 18.0 t: 0
com.wlj.solver.BBSolver:
--------------------------------------- Price Problem Start --------------------------------------------------------
dualPrice.size = 100 , dualPrice = [1.0, 1.0, 1.0, 1.0, 1.0, 1.0, 1.0, 1.0, 0.6666666666666666, 1.0, 1.0, 0.6666666666666666, 0.6666666666666666, 0.6666666666666666, 0.6666666666666666, -0.0, 0.33333333333333337, 0.33333333333333337, 0.33333333333333337, 0.33333333333333337, 0.33333333333333337, 0.0, 0.33333333333333337, -0.0, -0.0, -0.0, 0.33333333333333337, 1.0, -0.0, -0.0, -0.0, -0.0, -0.0, -0.0, 0.33333333333333337, 0.33333333333333326, -0.0, -0.0, -0.0, -0.0, -0.0, -0.0, -0.0, -0.0, -0.0, -0.0, -0.0, -0.0, -0.0, -0.0, 0.33333333333333337, -0.0, -0.0, -0.0, -0.0, -0.0, -0.0, -0.0, -0.0, -0.0, -0.0, -0.0, -0.0, -0.0, -0.0, -0.0, -0.0, 0.0, -0.0, -0.0, -0.0, -0.0, -0.0, -0.0, -0.0, -0.0, -0.0, -0.0, -0.0, -0.0, -0.0, -0.0, -0.0, -0.0, -0.0, -0.0, -0.0, -0.0, -0.0, -0.0, -0.0, -0.0, -0.0, -0.0, -0.0, 0.33333333333333326, -0.0, -0.0, -0.0, -0.0]
			Active cut size: 0
W = 100 
H = 100
normalXList.size = 51
normalYList.size = 37
xList.size = 11
yList.size = 18
squareList.size = 27
myConsList.size = 0
当前上界 = 3.3333333333333335
当前上界 = 3.177777777777778
当前上界 = 3.0222222222222226
当前上界 = 2.866666666666667
最优解：3.0
solutionList.size() = 3
pattern.getKey() = 7@27@34@50@95@
用时：0.0 s
--------------------------------------- Price Problem End --------------------------------------------------------
		19 Add column : 1 col:36 	2.297
			Start solve  LP :2.297
			End solve LP obj: 18.0 t: 16
com.wlj.solver.BBSolver:
--------------------------------------- Price Problem Start --------------------------------------------------------
dualPrice.size = 100 , dualPrice = [1.0, 1.0, 1.0, 1.0, 1.0, 1.0, 1.0, 0.6666666666666667, 0.6666666666666667, 0.3333333333333333, 0.6666666666666666, 0.6666666666666667, 0.33333333333333326, -0.0, 0.6666666666666667, 0.6666666666666667, 0.6666666666666667, 0.6666666666666667, 0.3333333333333333, 0.33333333333333326, 0.33333333333333326, 0.3333333333333333, 0.33333333333333326, 0.33333333333333326, -0.0, -0.0, 0.3333333333333333, 0.33333333333333326, -0.0, -0.0, -0.0, -0.0, -0.0, -0.0, -0.0, -0.0, -0.0, -0.0, -0.0, -0.0, -0.0, 0.6666666666666667, -0.0, -0.0, -0.0, -0.0, -0.0, -0.0, -0.0, 0.3333333333333333, -0.0, -0.0, 1.0, -0.0, -0.0, -0.0, -0.0, -0.0, -0.0, -0.0, -0.0, -0.0, -0.0, -0.0, -0.0, -0.0, -0.0, 0.33333333333333337, -0.0, -0.0, -0.0, -0.0, -0.0, -0.0, -0.0, -0.0, -0.0, -0.0, -0.0, -0.0, -0.0, -0.0, -0.0, -0.0, -0.0, -0.0, -0.0, -0.0, -0.0, -0.0, -0.0, -0.0, -0.0, -0.0, -0.0, -0.0, -0.0, -0.0, -0.0, -0.0]
			Active cut size: 0
W = 100 
H = 100
normalXList.size = 48
normalYList.size = 29
xList.size = 23
yList.size = 15
squareList.size = 29
myConsList.size = 0
当前上界 = 3.6666666666666674
当前上界 = 3.4888888888888894
当前上界 = 3.3111111111111113
最优解：3.333333333333334
solutionList.size() = 9
pattern.getKey() = 17@23@41@49@52@67@
用时：0.031 s
--------------------------------------- Price Problem End --------------------------------------------------------
		20 Add column : 1 col:37 	2.344
			Start solve  LP :2.344
			End solve LP obj: 18.0 t: 0
com.wlj.solver.BBSolver:
--------------------------------------- Price Problem Start --------------------------------------------------------
dualPrice.size = 100 , dualPrice = [1.0, 1.0, 1.0, 1.0, 1.0, 1.0, 1.0, 0.0, 1.0, 0.0, 1.0, 1.0, 1.0, 1.0, 0.0, 0.0, 0.0, 0.0, 0.0, 1.0, 0.0, -0.0, 1.0, 1.0, -0.0, -0.0, 0.0, 1.0, -0.0, 0.0, -0.0, -0.0, -0.0, -0.0, -0.0, -0.0, 0.0, -0.0, -0.0, -0.0, -0.0, -0.0, -0.0, -0.0, -0.0, -0.0, 1.0, -0.0, -0.0, -0.0, -0.0, -0.0, 0.0, -0.0, -0.0, -0.0, -0.0, -0.0, -0.0, -0.0, -0.0, -0.0, -0.0, -0.0, -0.0, -0.0, -0.0, -0.0, -0.0, -0.0, -0.0, -0.0, -0.0, -0.0, -0.0, -0.0, -0.0, -0.0, 1.0, -0.0, -0.0, -0.0, -0.0, -0.0, -0.0, -0.0, -0.0, -0.0, -0.0, -0.0, -0.0, -0.0, -0.0, -0.0, -0.0, -0.0, -0.0, -0.0, -0.0, -0.0]
			Active cut size: 0
W = 99 
H = 99
normalXList.size = 42
normalYList.size = 12
xList.size = 18
yList.size = 6
squareList.size = 18
myConsList.size = 0
当前上界 = 5.0
当前上界 = 4.733333333333333
当前上界 = 4.466666666666667
当前上界 = 4.2
当前上界 = 3.9333333333333336
最优解：4.0
solutionList.size() = 13
pattern.getKey() = 13@19@46@78@
用时：0.016 s
--------------------------------------- Price Problem End --------------------------------------------------------
		21 Add column : 1 col:38 	2.36
			Start solve  LP :2.36
			End solve LP obj: 18.0 t: 0
com.wlj.solver.BBSolver:
--------------------------------------- Price Problem Start --------------------------------------------------------
dualPrice.size = 100 , dualPrice = [1.0, 1.0, 1.0, 1.0, 1.0, 1.0, 1.0, 1.0, 0.19999999999999996, 0.8, 1.0, 0.19999999999999996, 0.20000000000000007, 0.2, 0.5999999999999999, 0.7999999999999999, 0.5999999999999999, 0.19999999999999996, 0.8, 0.4000000000000001, 0.8, -0.0, 0.4000000000000001, 5.551115123125783E-17, -0.0, 0.19999999999999996, 0.8, 5.551115123125783E-17, -0.0, 0.20000000000000007, -0.0, -0.0, -0.0, -0.0, -0.0, -0.0, 0.0, -0.0, -0.0, -0.0, -0.0, -0.0, -0.0, -0.0, -0.0, -0.0, 0.19999999999999996, -0.0, -0.0, -0.0, -0.0, -0.0, 0.8, -0.0, 0.3999999999999999, -0.0, -0.0, -0.0, -0.0, -0.0, -0.0, -0.0, -0.0, -0.0, -0.0, -0.0, -0.0, -0.0, -0.0, -0.0, -0.0, -0.0, -0.0, -0.0, -0.0, -0.0, -0.0, -0.0, 0.19999999999999996, -0.0, -0.0, -0.0, -0.0, -0.0, -0.0, -0.0, -0.0, -0.0, -0.0, -0.0, -0.0, -0.0, -0.0, -0.0, -0.0, -0.0, -0.0, -0.0, -0.0, -0.0]
			Active cut size: 0
W = 100 
H = 100
normalXList.size = 52
normalYList.size = 39
xList.size = 25
yList.size = 20
squareList.size = 29
myConsList.size = 0
当前上界 = 3.8
当前上界 = 3.6133333333333333
当前上界 = 3.4266666666666667
当前上界 = 3.24
最优解：3.3999999999999995
solutionList.size() = 1
pattern.getKey() = 18@26@29@46@52@54@78@
用时：0.125 s
--------------------------------------- Price Problem End --------------------------------------------------------
		22 Add column : 1 col:39 	2.485
			Start solve  LP :2.485
			End solve LP obj: 18.0 t: 0
com.wlj.solver.BBSolver:
--------------------------------------- Price Problem Start --------------------------------------------------------
dualPrice.size = 100 , dualPrice = [1.0, 1.0, 1.0, 1.0, 1.0, 1.0, 1.0, 0.611111111111111, 0.611111111111111, 0.8333333333333334, 1.0, 0.611111111111111, 0.611111111111111, 0.38888888888888895, 0.6111111111111112, 0.33333333333333337, 0.22222222222222232, 0.611111111111111, -0.0, 0.2777777777777778, 0.38888888888888895, -0.0, 0.38888888888888884, 0.38888888888888895, -0.0, 0.33333333333333326, 0.38888888888888895, 0.33333333333333337, 0.38888888888888895, 0.16666666666666663, -0.0, -0.0, -0.0, -0.0, 0.05555555555555558, 0.38888888888888884, 0.0, -0.0, -0.0, -0.0, -0.0, -0.0, -0.0, -0.0, -0.0, -0.0, 0.16666666666666663, -0.0, -0.0, -0.0, -0.0, -0.0, -0.0, -0.0, 0.11111111111111116, -0.0, -0.0, -0.0, -0.0, -0.0, -0.0, -0.0, -0.0, -0.0, -0.0, -0.0, -0.0, -0.0, -0.0, -0.0, -0.0, -0.0, -0.0, -0.0, -0.0, -0.0, -0.0, -0.0, 0.16666666666666663, -0.0, -0.0, -0.0, -0.0, -0.0, -0.0, -0.0, -0.0, -0.0, 0.611111111111111, -0.0, -0.0, -0.0, -0.0, -0.0, -0.0, -0.0, -0.0, -0.0, -0.0, -0.0]
			Active cut size: 0
W = 100 
H = 100
normalXList.size = 76
normalYList.size = 34
xList.size = 55
yList.size = 28
squareList.size = 33
myConsList.size = 0
当前上界 = 3.0
当前上界 = 2.8666666666666667
当前上界 = 2.7333333333333334
当前上界 = 2.6
最优解：2.6666666666666665
solutionList.size() = 1
pattern.getKey() = 10@23@35@54@78@88@
用时：0.765 s
--------------------------------------- Price Problem End --------------------------------------------------------
		23 Add column : 1 col:40 	3.25
			Start solve  LP :3.25
			End solve LP obj: 18.0 t: 0
com.wlj.solver.BBSolver:
--------------------------------------- Price Problem Start --------------------------------------------------------
dualPrice.size = 100 , dualPrice = [1.0, 1.0, 1.0, 1.0, 1.0, 1.0, 1.0, 0.6666666666666667, 0.33333333333333326, 0.6666666666666666, -0.0, 0.33333333333333326, 0.33333333333333337, 0.33333333333333326, 0.6666666666666666, 0.6666666666666666, 0.6666666666666666, 0.33333333333333326, -0.0, 0.33333333333333337, 0.6666666666666667, 1.0, 0.33333333333333337, 0.3333333333333333, -0.0, -0.0, 0.6666666666666667, 0.33333333333333337, 0.6666666666666667, -0.0, -0.0, -0.0, -0.0, -0.0, 0.0, -0.0, 0.33333333333333337, -0.0, -0.0, -0.0, -0.0, -0.0, -0.0, -0.0, -0.0, -0.0, 0.33333333333333337, -0.0, -0.0, 0.3333333333333334, -0.0, -0.0, -0.0, -0.0, -0.0, -0.0, -0.0, -0.0, -0.0, -0.0, -0.0, -0.0, -0.0, -0.0, -0.0, -0.0, -0.0, -0.0, -0.0, -0.0, -0.0, -0.0, -0.0, -0.0, -0.0, -0.0, -0.0, -0.0, -4.163336342344337E-17, -0.0, -0.0, -0.0, -0.0, -0.0, -0.0, -0.0, -0.0, -0.0, 0.6666666666666667, -0.0, -0.0, -0.0, -0.0, -0.0, -0.0, -0.0, -0.0, -0.0, -0.0, -0.0]
			Active cut size: 0
W = 100 
H = 100
normalXList.size = 60
normalYList.size = 26
xList.size = 27
yList.size = 16
squareList.size = 29
myConsList.size = 0
当前上界 = 4.0
当前上界 = 3.8
当前上界 = 3.5999999999999996
当前上界 = 3.3999999999999995
当前上界 = 3.1999999999999993
最优解：3.333333333333334
solutionList.size() = 3
pattern.getKey() = 21@26@28@49@88@
用时：0.032 s
--------------------------------------- Price Problem End --------------------------------------------------------
		24 Add column : 1 col:41 	3.282
			Start solve  LP :3.282
			End solve LP obj: 18.0 t: 0
com.wlj.solver.BBSolver:
--------------------------------------- Price Problem Start --------------------------------------------------------
dualPrice.size = 100 , dualPrice = [1.0, 1.0, 1.0, 1.0, 1.0, 1.0, 1.0, -0.0, 0.8461538461538461, 0.6923076923076923, -0.0, 0.8461538461538461, 0.6153846153846154, 0.23076923076923073, 0.6923076923076923, 0.15384615384615385, 0.3846153846153846, 0.7692307692307693, -0.0, 0.0, 0.15384615384615385, 0.6923076923076923, 0.3076923076923077, 0.23076923076923073, -0.0, 0.07692307692307693, 0.15384615384615385, 0.7692307692307693, 0.15384615384615385, -0.0, -0.0, -0.0, 0.3076923076923077, 0.7692307692307693, 0.23076923076923073, 0.3076923076923077, 0.23076923076923073, -0.0, -0.0, -0.0, -0.0, -0.0, 0.7692307692307693, -0.0, -0.0, -0.0, 0.3076923076923077, -0.0, -0.0, -0.0, -0.0, -0.0, -0.0, -0.0, -0.0, -0.0, -0.0, -0.0, -0.0, -0.0, -0.0, -0.0, -0.0, -0.0, -0.0, -0.0, -0.0, -0.0, -0.0, -0.0, -0.0, -0.0, -0.0, -0.0, -0.0, -0.0, -0.0, -0.0, 0.3076923076923077, -0.0, -0.0, -0.0, -0.0, -0.0, -0.0, -0.0, -0.0, -0.0, -0.0, -0.0, -0.0, -0.0, -0.0, -0.0, -0.0, -0.0, -0.0, -0.0, -0.0, -0.0]
			Active cut size: 0
W = 100 
H = 100
normalXList.size = 67
normalYList.size = 31
xList.size = 47
yList.size = 24
squareList.size = 32
myConsList.size = 0
当前上界 = 4.0
当前上界 = 3.8
当前上界 = 3.5999999999999996
当前上界 = 3.3999999999999995
最优解：3.5384615384615383
solutionList.size() = 2
pattern.getKey() = 27@32@33@35@42@46@78@
pattern.getKey() = 12@27@33@35@42@78@
用时：0.265 s
--------------------------------------- Price Problem End --------------------------------------------------------
		25 Add column : 1 col:42 	3.547
			Start solve  LP :3.547
			End solve LP obj: 18.0 t: 0
com.wlj.solver.BBSolver:
--------------------------------------- Price Problem Start --------------------------------------------------------
dualPrice.size = 100 , dualPrice = [1.0, 1.0, 1.0, 1.0, 1.0, 1.0, 1.0, -0.0, 0.40243902439024404, 0.9451219512195123, -0.0, 0.40243902439024404, 0.2621951219512195, 0.40243902439024404, 0.5121951219512195, 0.4390243902439024, 0.7378048780487805, -0.0, 0.19512195121951192, 0.4878048780487805, 0.597560975609756, -0.0, 0.21341463414634143, 0.8963414634146342, -0.0, 0.18902439024390238, 0.597560975609756, 0.3170731707317074, 0.40243902439024404, -0.0, -0.0, -0.0, 1.0, 0.10365853658536583, 0.2987804878048781, 0.04878048780487809, 0.5121951219512195, -0.0, 0.27439024390243905, -0.0, -0.0, -0.0, 0.21341463414634143, -0.0, -0.0, 0.054878048780487854, 0.05487804878048774, -0.0, -0.0, -0.0, 0.38414634146341453, -0.0, -0.0, -0.0, -0.0, -0.0, -0.0, -0.0, -0.0, -0.0, -0.0, -0.0, -0.0, -0.0, -0.0, -0.0, -0.0, -0.0, -0.0, -0.0, -0.0, -0.0, -0.0, -0.0, -0.0, -0.0, -0.0, -0.0, 0.05487804878048774, -0.0, -0.0, -0.0, -0.0, -0.0, -0.0, -0.0, -0.0, -0.0, -0.0, -0.0, -0.0, -0.0, -0.0, -0.0, -0.0, -0.0, -0.0, -0.0, -0.0, -0.0]
			Active cut size: 0
W = 100 
H = 100
normalXList.size = 68
normalYList.size = 52
xList.size = 49
yList.size = 35
squareList.size = 35
myConsList.size = 0
当前上界 = 3.9024390243902443
当前上界 = 3.708943089430895
当前上界 = 3.5154471544715453
当前上界 = 3.321951219512196
最优解：3.51219512195122
solutionList.size() = 1
pattern.getKey() = 23@27@28@32@36@50@
用时：0.532 s
--------------------------------------- Price Problem End --------------------------------------------------------
		26 Add column : 1 col:43 	4.079
			Start solve  LP :4.079
			End solve LP obj: 18.0 t: 0
com.wlj.solver.BBSolver:
--------------------------------------- Price Problem Start --------------------------------------------------------
dualPrice.size = 100 , dualPrice = [1.0, 1.0, 1.0, 1.0, 1.0, 1.0, 1.0, -0.0, 0.75, 1.0, 0.125, 0.75, 0.0, 0.5, 0.25, 0.25, 1.0, 0.5, 0.25, 0.25, 0.25, -0.0, 0.0, -0.0, -0.0, -0.0, 0.25, -0.0, -0.0, -0.0, -0.0, -0.0, 0.875, 1.0, 0.75, -0.0, 0.125, -0.0, 0.75, -0.0, -0.0, -0.0, -0.0, -0.0, 0.0, 0.75, -0.0, -0.0, -0.0, -0.0, -0.0, -0.0, 0.5, -0.0, -0.0, -0.0, -0.0, -0.0, -0.0, -0.0, -0.0, -0.0, -0.0, -0.0, 0.125, -0.0, -0.0, -0.0, -0.0, -0.0, -0.0, -0.0, -0.0, -0.0, -0.0, -0.0, -0.0, -0.0, -0.0, -0.0, -0.0, -0.0, -0.0, -0.0, -0.0, -0.0, -0.0, -0.0, -0.0, -0.0, -0.0, -0.0, -0.0, -0.0, -0.0, -0.0, -0.0, -0.0, -0.0, -0.0]
			Active cut size: 0
W = 100 
H = 100
normalXList.size = 47
normalYList.size = 52
xList.size = 27
yList.size = 31
squareList.size = 28
myConsList.size = 0
当前上界 = 5.625
当前上界 = 5.316666666666666
当前上界 = 5.008333333333333
当前上界 = 4.699999999999999
最优解：5.0
solutionList.size() = 1
pattern.getKey() = 26@32@33@34@38@45@52@64@
用时：0.109 s
--------------------------------------- Price Problem End --------------------------------------------------------
		27 Add column : 1 col:44 	4.188
			Start solve  LP :4.188
			End solve LP obj: 18.0 t: 0
com.wlj.solver.BBSolver:
--------------------------------------- Price Problem Start --------------------------------------------------------
dualPrice.size = 100 , dualPrice = [1.0, 1.0, 1.0, 1.0, 1.0, 1.0, 1.0, 0.5, 0.625, -0.0, 0.5, 0.625, 0.375, 0.5, 0.75, 0.5, 0.625, 0.0, 0.375, 0.25, 0.375, -0.0, 0.125, -0.0, -0.0, -0.0, 0.375, -0.0, -0.0, -0.0, -0.0, -0.0, -0.0, -0.0, 0.125, 0.25, -0.0, -0.0, -0.0, -0.0, 0.125, 1.0, 0.125, -0.0, 0.75, 0.5, -0.0, -0.0, -0.0, -0.0, 0.375, -0.0, -0.0, -0.0, -0.0, -0.0, 0.5, -0.0, -0.0, -0.0, -0.0, 0.5, -0.0, -0.0, -0.0, -0.0, -0.0, -0.0, -0.0, -0.0, -0.0, -0.0, -0.0, -0.0, -0.0, -0.0, -0.0, -0.0, 0.25, -0.0, -0.0, -0.0, -0.0, -0.0, -0.0, -0.0, -0.0, -0.0, -0.0, -0.0, -0.0, -0.0, -0.0, -0.0, -0.0, -0.0, -0.0, -0.0, -0.0, -0.0]
			Active cut size: 0
W = 100 
H = 100
normalXList.size = 57
normalYList.size = 65
xList.size = 27
yList.size = 53
squareList.size = 32
myConsList.size = 0
当前上界 = 5.0
当前上界 = 4.733333333333333
最优解：4.75
solutionList.size() = 3
pattern.getKey() = 16@35@41@44@45@50@56@61@78@
用时：2.078 s
--------------------------------------- Price Problem End --------------------------------------------------------
		28 Add column : 1 col:45 	6.266
			Start solve  LP :6.266
			End solve LP obj: 18.0 t: 0
com.wlj.solver.BBSolver:
--------------------------------------- Price Problem Start --------------------------------------------------------
dualPrice.size = 100 , dualPrice = [1.0, 1.0, 1.0, 1.0, 1.0, 1.0, 1.0, 1.0, 0.4999999999999999, 0.7500000000000001, 0.75, 0.4999999999999999, 0.4999999999999999, 0.4999999999999999, 0.5000000000000002, 0.5000000000000001, 0.5000000000000001, 0.3750000000000002, 0.12499999999999989, 0.4999999999999997, 0.5000000000000001, -0.0, -0.0, -0.0, -0.0, 0.2500000000000003, 0.5000000000000001, -0.0, 0.3750000000000002, -0.0, -0.0, -0.0, -0.0, -0.0, -0.0, 0.24999999999999994, -0.0, -0.0, -0.0, -0.0, 0.4999999999999998, -0.0, 0.1250000000000001, -0.0, -0.0, -0.0, -0.0, 0.2499999999999999, 0.24999999999999967, 0.12499999999999967, -0.0, -0.0, 0.3749999999999999, -0.0, -0.0, -0.0, 0.0, -0.0, -0.0, -0.0, -0.0, 0.25, -0.0, -0.0, 0.12500000000000006, -0.0, -0.0, 0.12500000000000028, -0.0, -0.0, -0.0, -0.0, -0.0, -0.0, -0.0, -0.0, -0.0, -0.0, -0.0, -0.0, -0.0, -0.0, -0.0, -0.0, -0.0, -0.0, -0.0, -0.0, -0.0, -0.0, -0.0, -0.0, -0.0, -0.0, -0.0, -0.0, -0.0, -0.0, -0.0, -0.0]
			Active cut size: 0
W = 100 
H = 100
normalXList.size = 59
normalYList.size = 54
xList.size = 33
yList.size = 35
squareList.size = 34
myConsList.size = 0
当前上界 = 3.125
当前上界 = 2.9833333333333334
当前上界 = 2.841666666666667
最优解：2.8749999999999996
solutionList.size() = 5
pattern.getKey() = 26@28@40@47@48@49@52@61@64@67@
pattern.getKey() = 26@28@35@40@47@48@52@61@67@
用时：2.547 s
--------------------------------------- Price Problem End --------------------------------------------------------
		29 Add column : 1 col:46 	8.813
			Start solve  LP :8.813
			End solve LP obj: 18.0 t: 0
com.wlj.solver.BBSolver:
--------------------------------------- Price Problem Start --------------------------------------------------------
dualPrice.size = 100 , dualPrice = [1.0, 1.0, 1.0, 1.0, 1.0, 1.0, 1.0, 0.4, 0.7000000000000001, 0.4999999999999999, 0.6, 0.7000000000000001, 0.6, 0.7000000000000001, 0.4, 0.19999999999999996, 0.4, 0.19999999999999996, 0.29999999999999993, 0.29999999999999993, 0.29999999999999993, 0.30000000000000004, 0.6, -0.0, -0.0, 0.4, 0.29999999999999993, 0.4, -0.0, -0.0, -0.0, -0.0, -0.0, -0.0, 0.2, -0.0, -0.0, -0.0, -0.0, -0.0, -0.0, -0.0, -0.0, -0.0, -0.0, -0.0, -0.0, 0.30000000000000004, -0.0, 0.10000000000000009, -0.0, 0.20000000000000007, -0.0, -0.0, -0.0, -0.0, 0.6, -0.0, -0.0, -0.0, -0.0, -0.0, -0.0, -0.0, 0.5000000000000001, -0.0, -0.0, 0.4, -0.0, -0.0, -0.0, -0.0, -0.0, -0.0, -0.0, -0.0, -0.0, -0.0, -0.0, -0.0, -0.0, -0.0, 0.09999999999999998, -0.0, -0.0, -0.0, -0.0, -0.0, 0.29999999999999993, -0.0, -0.0, -0.0, -0.0, -0.0, -0.0, -0.0, -0.0, -0.0, -0.0, -0.0]
			Active cut size: 0
W = 100 
H = 100
normalXList.size = 71
normalYList.size = 75
xList.size = 45
yList.size = 59
squareList.size = 35
myConsList.size = 0
当前上界 = 3.8000000000000003
当前上界 = 3.6133333333333337
当前上界 = 3.426666666666667
最优解：3.5
solutionList.size() = 4
pattern.getKey() = 22@27@47@49@51@56@64@67@82@88@
pattern.getKey() = 25@26@27@47@49@51@56@64@67@88@
用时：17.914 s
--------------------------------------- Price Problem End --------------------------------------------------------
		30 Add column : 1 col:47 	26.727
			Start solve  LP :26.727
			End solve LP obj: 18.0 t: 0
com.wlj.solver.BBSolver:
--------------------------------------- Price Problem Start --------------------------------------------------------
dualPrice.size = 100 , dualPrice = [1.0, 1.0, 1.0, 1.0, 1.0, 1.0, 1.0, 0.6666666666666667, 0.6666666666666667, 0.6666666666666666, 0.33333333333333337, 0.6666666666666667, 0.16666666666666663, 0.5, 0.6666666666666667, 0.5000000000000001, 0.6666666666666666, 0.5, 0.3333333333333333, 0.16666666666666666, 0.33333333333333326, -0.0, 0.33333333333333337, 0.33333333333333326, -0.0, -0.0, 0.3333333333333333, -0.0, -0.0, -0.0, -0.0, -0.0, -0.0, -0.0, 0.3333333333333333, -0.0, -0.0, -0.0, -5.551115123125783E-17, -0.0, -0.0, -0.0, 0.5, -0.0, -0.0, -0.0, -0.0, -0.0, 0.4999999999999999, -0.0, -0.0, 0.33333333333333337, -0.0, -0.0, -0.0, -0.0, -0.0, -0.0, -0.0, -0.0, -0.0, -0.0, -0.0, -0.0, 0.33333333333333337, -0.0, -0.0, -2.7755575615628914E-17, -0.0, -0.0, -0.0, 0.16666666666666674, -0.0, -0.0, -0.0, -0.0, -0.0, -0.0, 0.33333333333333337, -0.0, -0.0, -0.0, 0.6666666666666666, -0.0, -0.0, -0.0, -0.0, -0.0, -0.0, -0.0, -0.0, -0.0, -0.0, -0.0, -0.0, -0.0, -0.0, -0.0, -0.0, -0.0]
			Active cut size: 0
W = 100 
H = 100
normalXList.size = 65
normalYList.size = 71
xList.size = 43
yList.size = 51
squareList.size = 32
myConsList.size = 0
当前上界 = 4.166666666666667
当前上界 = 3.9555555555555557
当前上界 = 3.7444444444444445
最优解：3.8333333333333335
solutionList.size() = 2
pattern.getKey() = 16@34@42@48@51@64@71@78@82@
用时：7.391 s
--------------------------------------- Price Problem End --------------------------------------------------------
		31 Add column : 1 col:48 	34.118
			Start solve  LP :34.118
			End solve LP obj: 18.0 t: 0
com.wlj.solver.BBSolver:
--------------------------------------- Price Problem Start --------------------------------------------------------
dualPrice.size = 100 , dualPrice = [1.0, 1.0, 1.0, 1.0, 1.0, 1.0, 1.0, 1.0, 0.5833333333333333, 0.4500000000000003, 0.5333333333333332, 0.438888888888889, 0.5833333333333333, 0.438888888888889, 0.3500000000000002, 0.2944444444444447, 0.17222222222222225, 0.49444444444444446, 0.2833333333333333, 0.5055555555555555, 0.561111111111111, -0.0, 0.6499999999999998, -0.0, -0.0, -0.0, 0.4166666666666667, -0.0, -0.0, 0.24444444444444444, -0.0, 0.14444444444444426, -0.0, 0.0, -0.0, 0.17777777777777787, -0.0, -0.0, -0.0, -0.0, -0.0, -0.0, 0.18333333333333338, -0.0, -0.0, 0.5833333333333333, -0.0, -0.0, 0.12222222222222201, 0.06666666666666655, -0.0, -0.0, -0.0, -0.0, -0.0, -0.0, -0.0, 0.5499999999999997, -0.0, -0.0, -0.0, -0.0, -0.0, -0.0, -0.0, -0.0, -0.0, 0.2833333333333334, -0.0, -0.0, -0.0, -0.0, -0.0, -0.0, -0.0, -0.0, -0.0, -0.0, 0.05555555555555547, 0.13333333333333341, -0.0, -0.0, 0.4666666666666668, -0.0, -0.0, -0.0, -0.0, -0.0, 0.23333333333333334, -0.0, -0.0, -0.0, -0.0, -0.0, -0.0, -0.0, -0.0, -0.0, -0.0, -0.0]
			Active cut size: 0
W = 100 
H = 100
normalXList.size = 90
normalYList.size = 63
xList.size = 83
yList.size = 39
squareList.size = 36
myConsList.size = 0
当前上界 = 3.8
当前上界 = 3.6133333333333333
当前上界 = 3.4266666666666667
最优解：3.5611111111111104
solutionList.size() = 2
pattern.getKey() = 22@26@45@48@49@57@67@78@79@82@88@
pattern.getKey() = 22@29@35@42@45@57@67@78@79@82@88@
用时：302.059 s
--------------------------------------- Price Problem End --------------------------------------------------------
		32 Add column : 1 col:49 	336.177
			Start solve  LP :336.177
			End solve LP obj: 18.0 t: 0
com.wlj.solver.BBSolver:
--------------------------------------- Price Problem Start --------------------------------------------------------
dualPrice.size = 100 , dualPrice = [1.0, 1.0, 1.0, 1.0, 1.0, 1.0, 1.0, 0.5, 0.5, 0.5, 1.0, 0.5, 0.5, 0.5, 1.0, 0.4999999999999999, 0.49999999999999994, -0.0, 0.5, -0.0, 0.5, -0.0, 0.0, -0.0, -0.0, -0.0, 0.5, -0.0, -0.0, -0.0, -0.0, 0.0, -0.0, 0.5, 2.7755575615628914E-17, 0.0, -0.0, -0.0, -0.0, -0.0, -0.0, -0.0, -0.0, -0.0, -0.0, 5.551115123125783E-17, -0.0, -0.0, 0.5000000000000001, 0.5, 0.5, -0.0, -0.0, -0.0, -0.0, -0.0, -0.0, 0.5, -0.0, -0.0, -0.0, -0.0, -0.0, -0.0, -0.0, 1.0, -0.0, 0.0, -0.0, -0.0, -0.0, -0.0, -0.0, -0.0, -0.0, -0.0, -0.0, -0.0, -0.0, -0.0, -0.0, -0.0, -0.0, -0.0, -0.0, -0.0, -0.0, -0.0, -0.0, -0.0, -0.0, -0.0, -0.0, -0.0, -0.0, -0.0, -0.0, -0.0, -0.0, -0.0]
			Active cut size: 0
W = 100 
H = 100
normalXList.size = 51
normalYList.size = 35
xList.size = 33
yList.size = 20
squareList.size = 26
myConsList.size = 0
当前上界 = 5.0
当前上界 = 4.733333333333333
当前上界 = 4.466666666666667
最优解：4.5
solutionList.size() = 1
pattern.getKey() = 14@33@48@49@50@57@65@
用时：0.094 s
--------------------------------------- Price Problem End --------------------------------------------------------
		33 Add column : 1 col:50 	336.271
			Start solve  LP :336.287
			End solve LP obj: 18.0 t: 0
com.wlj.solver.BBSolver:
--------------------------------------- Price Problem Start --------------------------------------------------------
dualPrice.size = 100 , dualPrice = [1.0, 1.0, 1.0, 1.0, 1.0, 1.0, 1.0, 0.40476190476190477, 1.0, 0.7142857142857145, 0.38095238095238104, 1.0, 0.40476190476190477, 0.9761904761904758, -0.0, -0.0, 0.40476190476190477, -0.0, 0.0, -0.0, -0.0, 0.619047619047619, 0.4285714285714285, 0.4523809523809522, -0.0, 0.40476190476190477, 0.0, -0.0, -0.0, 0.19047619047619047, -0.0, -0.0, -0.0, -0.0, 0.5952380952380952, 0.16666666666666677, 0.023809523809524114, -0.0, 0.38095238095238065, -0.0, 0.19047619047619085, 0.2857142857142855, -0.0, -0.0, -0.0, -0.0, -0.0, -0.0, -0.0, 0.023809523809524114, -0.0, -0.0, 0.023809523809524114, -0.0, -0.0, -0.0, 0.14285714285714302, -0.0, -0.0, -0.0, -0.0, -0.0, -0.0, -0.0, -0.0, 0.9761904761904758, -0.0, 0.21428571428571425, -0.0, -0.0, -0.0, -0.0, -0.0, -0.0, -0.0, -0.0, -0.0, -0.0, -0.0, -0.0, -0.0, -0.0, -0.0, -0.0, -0.0, -0.0, 0.5952380952380952, -0.0, -0.0, -0.0, -0.0, -0.0, -0.0, -0.0, -0.0, -0.0, -0.0, -0.0, -0.0, -0.0]
			Active cut size: 0
W = 100 
H = 100
normalXList.size = 74
normalYList.size = 57
xList.size = 53
yList.size = 37
squareList.size = 32
myConsList.size = 0
当前上界 = 4.3809523809523805
当前上界 = 4.155555555555555
当前上界 = 3.9301587301587295
最优解：4.0476190476190474
solutionList.size() = 1
pattern.getKey() = 8@34@38@41@65@67@86@
用时：14.625 s
--------------------------------------- Price Problem End --------------------------------------------------------
		34 Add column : 1 col:51 	350.912
			Start solve  LP :350.912
			End solve LP obj: 18.0 t: 0
com.wlj.solver.BBSolver:
--------------------------------------- Price Problem Start --------------------------------------------------------
dualPrice.size = 100 , dualPrice = [1.0, 1.0, 1.0, 1.0, 1.0, 1.0, 1.0, 0.6666666666666667, -0.0, 0.5555555555555556, 0.33333333333333337, 1.0, 0.6666666666666667, 0.6666666666666666, -0.0, -0.0, 0.3333333333333333, -0.0, -0.0, -0.0, -0.0, 0.6666666666666666, 0.4444444444444445, 0.3333333333333333, -0.0, 0.6666666666666666, -0.0, -0.0, -0.0, -0.0, -0.0, -0.0, -0.0, -0.0, 0.3333333333333333, 0.22222222222222227, 0.6666666666666667, -0.0, -0.0, -0.0, 0.44444444444444436, -0.0, -0.0, -0.0, -0.0, -0.0, 0.22222222222222227, -0.0, -0.0, 0.33333333333333337, -0.0, 0.0, 0.33333333333333337, -0.0, -0.0, -0.0, -0.0, 0.22222222222222215, -0.0, 0.11111111111111122, -0.0, -0.0, -0.0, -0.0, -0.0, 0.3333333333333333, -0.0, -0.0, -0.0, -0.0, -0.0, -0.0, -0.0, -0.0, -0.0, -0.0, -0.0, -0.0, 0.1111111111111111, -0.0, -0.0, -0.0, -0.0, -0.0, -0.0, -0.0, 0.33333333333333337, -0.0, -0.0, -0.0, -0.0, 1.0, -0.0, -0.0, -0.0, -0.0, -0.0, -0.0, -0.0, -0.0]
			Active cut size: 0
W = 100 
H = 100
normalXList.size = 92
normalYList.size = 54
xList.size = 85
yList.size = 37
squareList.size = 31
myConsList.size = 0
当前上界 = 5.111111111111112
当前上界 = 4.837037037037038
最优解：5.0
solutionList.size() = 1
pattern.getKey() = 25@34@36@40@46@49@52@57@65@78@86@91@
用时：202.186 s
--------------------------------------- Price Problem End --------------------------------------------------------
		35 Add column : 1 col:52 	553.098
			Start solve  LP :553.098
			End solve LP obj: 18.0 t: 0
com.wlj.solver.BBSolver:
--------------------------------------- Price Problem Start --------------------------------------------------------
dualPrice.size = 100 , dualPrice = [1.0, 1.0, 1.0, 1.0, 1.0, 1.0, 1.0, 1.0, 0.5, 0.5, 0.5, -0.0, 0.5, 0.5, -0.0, -0.0, 0.5, 0.5, -0.0, -0.0, 1.0, 0.5, -0.0, -0.0, -0.0, -0.0, 0.5, -0.0, -0.0, -0.0, -0.0, 0.5, -0.0, 0.0, 0.0, 0.5, -0.0, -0.0, -0.0, -0.0, -0.0, -0.0, -0.0, -0.0, -0.0, 0.0, -0.0, -0.0, -0.0, -0.0, -0.0, 0.5, -0.0, -0.0, -0.0, -0.0, -0.0, -0.0, -0.0, 1.0, -0.0, 0.0, -0.0, -0.0, -0.0, 0.5, -0.0, 0.0, -0.0, -0.0, -0.0, -0.0, -0.0, -0.0, -0.0, -0.0, -0.0, -0.0, -0.0, -0.0, -0.0, -0.0, -0.0, -0.0, -0.0, -0.0, -0.0, -0.0, -0.0, -0.0, 1.0, 0.5, -0.0, -0.0, -0.0, -0.0, -0.0, -0.0, -0.0, -0.0]
			Active cut size: 0
W = 100 
H = 100
normalXList.size = 77
normalYList.size = 51
xList.size = 55
yList.size = 30
squareList.size = 25
myConsList.size = 0
当前上界 = 6.0
当前上界 = 5.666666666666667
当前上界 = 5.333333333333334
最优解：5.5
solutionList.size() = 3
pattern.getKey() = 20@31@35@51@59@65@90@91@
用时：1.703 s
--------------------------------------- Price Problem End --------------------------------------------------------
		36 Add column : 1 col:53 	554.801
			Start solve  LP :554.801
			End solve LP obj: 18.0 t: 0
com.wlj.solver.BBSolver:
--------------------------------------- Price Problem Start --------------------------------------------------------
dualPrice.size = 100 , dualPrice = [1.0, 1.0, 1.0, 1.0, 1.0, 1.0, 1.0, 0.8780487804878047, 0.585365853658537, 0.21951219512195247, 0.4390243902439027, 0.7317073170731713, 0.4390243902439025, 0.5609756097560972, 0.6097560975609758, 0.4390243902439022, 0.5609756097560975, 0.17073170731707393, 0.414634146341463, 0.3902439024390242, 0.26829268292682873, 0.2926829268292688, -0.0, -0.0, -0.0, -0.0, 0.26829268292682873, -0.0, -0.0, -0.0, -0.0, -0.0, -0.0, 0.1219512195121953, 0.1219512195121953, 4.3021142204224816E-16, 0.26829268292682956, -0.0, -0.0, -0.0, -0.0, -0.0, -0.0, -0.0, 0.17073170731707232, 0.21951219512195116, -0.0, -0.0, -0.0, 0.2682926829268289, -0.0, -0.0, 0.2682926829268295, -0.0, -0.0, -0.0, -0.0, -0.0, -0.0, 0.3902439024390242, -0.0, -0.0, -0.0, 0.7804878048780475, -0.0, -0.0, -0.0, 0.2926829268292677, -0.0, -0.0, -0.0, -0.0, -0.0, -0.0, -0.0, -0.0, -0.0, -0.0, 0.04878048780487865, -0.0, -0.0, -0.0, 0.2682926829268285, -0.0, -0.0, -0.0, -0.0, -0.0, 0.17073170731707366, -0.0, 0.3414634146341466, -0.0, -0.0, -0.0, -0.0, -0.0, -0.0, -0.0, -0.0, -0.0]
			Active cut size: 0
W = 100 
H = 100
normalXList.size = 93
normalYList.size = 78
xList.size = 89
yList.size = 65
squareList.size = 37
myConsList.size = 0
当前上界 = 4.146341463414632
当前上界 = 3.9365853658536563
当前上界 = 3.726829268292681
最优解：3.9268292682926815
solutionList.size() = 1
pattern.getKey() = 14@36@45@49@52@59@63@67@78@82@88@90@
用时：2256.765 s
--------------------------------------- Price Problem End --------------------------------------------------------
		37 Add column : 1 col:54 	2811.566
			Start solve  LP :2811.566
			End solve LP obj: 18.0 t: 0
com.wlj.solver.BBSolver:
--------------------------------------- Price Problem Start --------------------------------------------------------
dualPrice.size = 100 , dualPrice = [1.0, 1.0, 1.0, 1.0, 1.0, 1.0, 1.0, 1.0, 0.625, 0.75, -0.0, 0.625, 0.375, 0.5, -0.0, 0.625, 0.625, 0.25, 0.375, 0.5, 0.375, 0.125, 0.0, -0.0, -0.0, -0.0, 0.375, -0.0, -0.0, -0.0, -0.0, -0.0, -0.0, -0.0, -0.0, 0.375, -0.0, -0.0, -0.0, -0.0, 0.25, -0.0, 0.25, -0.0, -0.0, -0.0, -0.0, -0.0, -0.0, 0.25, -0.0, -0.0, -0.0, -0.0, 0.25, -0.0, -0.0, -0.0, -0.0, -0.0, -0.0, -0.0, -0.0, 0.25, -0.0, -0.0, -0.0, -0.0, -0.0, -0.0, -0.0, -0.0, -0.0, -0.0, 0.75, -0.0, -0.0, -0.0, -0.0, -0.0, -0.0, -0.0, -0.0, -0.0, -0.0, -0.0, 0.375, 0.875, 0.25, -0.0, -0.0, -0.0, -0.0, -0.0, -0.0, -0.0, -0.0, -0.0, -0.0, -0.0]
			Active cut size: 0
W = 100 
H = 100
normalXList.size = 86
normalYList.size = 64
xList.size = 75
yList.size = 42
squareList.size = 31
myConsList.size = 0
当前上界 = 4.625
当前上界 = 4.383333333333334
最优解：4.5
solutionList.size() = 2
pattern.getKey() = 16@35@40@42@49@54@63@74@86@87@88@
用时：62.296 s
--------------------------------------- Price Problem End --------------------------------------------------------
		38 Add column : 1 col:55 	2873.862
			Start solve  LP :2873.862
			End solve LP obj: 18.0 t: 0
com.wlj.solver.BBSolver:
--------------------------------------- Price Problem Start --------------------------------------------------------
dualPrice.size = 100 , dualPrice = [1.0, 1.0, 1.0, 1.0, 1.0, 1.0, 1.0, 0.5000000000000002, 0.6153846153846154, 0.7692307692307683, 0.38461538461538436, 0.5769230769230765, 0.34615384615384603, 0.6153846153846154, -0.0, 0.384615384615385, -0.0, 0.3846153846153846, -0.0, 0.3076923076923074, 0.42307692307692346, 0.5, 0.26923076923076916, 0.3846153846153849, -0.0, 0.23076923076923084, 0.3846153846153846, -0.0, -0.0, -0.0, -0.0, 0.038461538461538866, -0.0, 0.11538461538461486, 0.2692307692307689, 0.15384615384615352, 0.30769230769230804, -0.0, -0.0, -0.0, -0.0, -0.0, -0.0, -0.0, -0.0, -0.0, -0.0, 0.23076923076923173, -0.0, -0.0, 0.23076923076923084, -0.0, 0.11538461538461488, -0.0, -0.0, -0.0, -0.0, -0.0, -0.0, -0.0, -0.0, -0.0, -0.0, -0.0, -0.0, -0.0, -0.0, 0.11538461538461564, -0.0, -0.0, -0.0, 0.653846153846154, -0.0, -0.0, 0.7307692307692308, -0.0, -0.0, -0.0, 0.07692307692307723, 0.3846153846153846, -0.0, -0.0, -0.0, -0.0, -0.0, -0.0, -0.0, 0.11538461538461564, -0.0, -0.0, 0.38461538461538414, -0.0, -0.0, -0.0, -0.0, -0.0, -0.0, -0.0, -0.0, -0.0]
			Active cut size: 0
W = 100 
H = 100
normalXList.size = 86
normalYList.size = 72
xList.size = 81
yList.size = 57
squareList.size = 38
myConsList.size = 0
当前上界 = 4.269230769230771
--------------------------------------- Price Problem End --------------------------------------------------------
		39 Add column : 0 col:56 	3000.012
	1 End Add column using column generation : 18.0 col: 56 cons: 0 cut: 0	3000.012
   End add columnAndCut : 18.0 colGencnt: 1 price: 0 col: 56 cons: 0 cut: 0	3000.012

Node lb: 1.7976931348623157E308 ub: 18 : 3000.012

Final Found Solution: 18 genNode: 1 extendedNode: 0:3000.012
Bin size: 10000
1 : 3876,1407,928,672,560,141, : 7584
2 : 7007,1012,558,518,225,154,36, : 9510
3 : 7740,368,306,192,44,34, : 8684
4 : 4608,960,760,756,612,532,392,204, : 8824
5 : 6370,2430,270, : 9070
6 : 8184, : 8184
7 : 4074,3339,1530,279, : 9222
8 : 8827,396,342, : 9565
9 : 8712,540,484, : 9736
10 : 6688,1530,294,222, : 8734
11 : 3168,3081,1161,833,558,375,374,42, : 9592
12 : 4554,2940,1395,468,198,144, : 9699
13 : 4275,3080,1150,903,201,180, : 9789
14 : 3402,2059,1681,798,750,152,112,10, : 8964
15 : 3477,2886,1110,988,490,240,238,66, : 9495
16 : 4959,2538,1248,533,255,132, : 9665
17 : 4752,3150,1610,210,94,49,39, : 9904
18 : 2000,1248,1170,729,360,216, : 5723
----------------------- 1 ---------------------------
canvasWidth:100,
canvasHeight:100,
data:[{x:24,y:0,l:51,w:76},{x:72,y:51,l:20,w:28},{x:30,y:51,l:16,w:42},{x:3,y:0,l:67,w:21},{x:0,y:0,l:47,w:3},{x:68,y:71,l:29,w:32},],
----------------------- 2 ---------------------------
canvasWidth:100,
canvasHeight:100,
data:[{x:23,y:0,l:91,w:77},{x:1,y:0,l:46,w:22},{x:18,y:46,l:45,w:5},{x:0,y:46,l:31,w:18},{x:7,y:77,l:14,w:11},{x:4,y:77,l:12,w:3},{x:26,y:91,l:7,w:74},],
----------------------- 3 ---------------------------
canvasWidth:100,
canvasHeight:100,
data:[{x:14,y:0,l:90,w:86},{x:2,y:0,l:16,w:12},{x:3,y:16,l:4,w:11},{x:0,y:0,l:17,w:2},{x:5,y:20,l:34,w:9},{x:6,y:54,l:46,w:8},],
----------------------- 4 ---------------------------
canvasWidth:100,
canvasHeight:100,
data:[{x:36,y:0,l:72,w:64},{x:4,y:0,l:30,w:32},{x:16,y:30,l:38,w:20},{x:2,y:30,l:38,w:14},{x:86,y:72,l:28,w:14},{x:58,y:72,l:27,w:28},{x:22,y:72,l:17,w:36},{x:24,y:89,l:6,w:34},],
----------------------- 5 ---------------------------
canvasWidth:100,
canvasHeight:100,
data:[{x:30,y:0,l:91,w:70},{x:3,y:0,l:90,w:27},{x:0,y:0,l:90,w:3},],
----------------------- 6 ---------------------------
canvasWidth:100,
canvasHeight:100,
data:[{x:7,y:0,l:88,w:93},],
----------------------- 7 ---------------------------
canvasWidth:100,
canvasHeight:100,
data:[{x:58,y:0,l:97,w:42},{x:5,y:0,l:63,w:53},{x:13,y:63,l:34,w:45},{x:4,y:63,l:31,w:9},],
----------------------- 8 ---------------------------
canvasWidth:100,
canvasHeight:100,
data:[{x:9,y:0,l:97,w:91},{x:0,y:0,l:44,w:9},{x:0,y:44,l:38,w:9},],
----------------------- 9 ---------------------------
canvasWidth:100,
canvasHeight:100,
data:[{x:12,y:0,l:99,w:88},{x:0,y:0,l:45,w:12},{x:1,y:45,l:44,w:11},],
----------------------- 10 ---------------------------
canvasWidth:100,
canvasHeight:100,
data:[{x:24,y:0,l:88,w:76},{x:18,y:0,l:49,w:6},{x:18,y:49,l:37,w:6},{x:0,y:0,l:85,w:18},],
----------------------- 11 ---------------------------
canvasWidth:100,
canvasHeight:100,
data:[{x:28,y:0,l:44,w:72},{x:1,y:0,l:43,w:27},{x:0,y:0,l:42,w:1},{x:21,y:44,l:39,w:79},{x:51,y:83,l:17,w:49},{x:26,y:83,l:15,w:25},{x:3,y:44,l:31,w:18},{x:4,y:75,l:22,w:17},],
----------------------- 12 ---------------------------
canvasWidth:100,
canvasHeight:100,
data:[{x:2,y:0,l:30,w:98},{x:34,y:30,l:69,w:66},{x:8,y:30,l:18,w:26},{x:0,y:30,l:18,w:8},{x:1,y:48,l:6,w:33},{x:3,y:54,l:45,w:31},],
----------------------- 13 ---------------------------
canvasWidth:100,
canvasHeight:100,
data:[{x:25,y:0,l:57,w:75},{x:0,y:0,l:46,w:25},{x:7,y:46,l:10,w:18},{x:79,y:57,l:43,w:21},{x:2,y:57,l:40,w:77},{x:12,y:97,l:3,w:67},],
----------------------- 14 ---------------------------
canvasWidth:100,
canvasHeight:100,
data:[{x:46,y:0,l:63,w:54},{x:5,y:0,l:41,w:41},{x:1,y:0,l:38,w:4},{x:8,y:41,l:21,w:38},{x:1,y:41,l:16,w:7},{x:0,y:41,l:10,w:1},{x:75,y:63,l:30,w:25},{x:4,y:63,l:29,w:71},],
----------------------- 15 ---------------------------
canvasWidth:100,
canvasHeight:100,
data:[{x:63,y:0,l:78,w:37},{x:65,y:78,l:14,w:35},{x:70,y:92,l:8,w:30},{x:26,y:0,l:30,w:37},{x:29,y:30,l:7,w:34},{x:30,y:37,l:2,w:33},{x:0,y:0,l:38,w:26},{x:6,y:39,l:61,w:57},],
----------------------- 16 ---------------------------
canvasWidth:100,
canvasHeight:100,
data:[{x:43,y:0,l:87,w:57},{x:59,y:87,l:13,w:41},{x:48,y:87,l:12,w:11},{x:16,y:0,l:94,w:27},{x:0,y:0,l:78,w:16},{x:1,y:78,l:17,w:15},],
----------------------- 17 ---------------------------
canvasWidth:100,
canvasHeight:100,
data:[{x:52,y:0,l:99,w:48},{x:6,y:0,l:35,w:46},{x:0,y:0,l:35,w:6},{x:2,y:35,l:63,w:50},{x:0,y:35,l:47,w:2},{x:3,y:98,l:1,w:49},{x:61,y:99,l:1,w:39},],
----------------------- 18 ---------------------------
canvasWidth:100,
canvasHeight:100,
data:[{x:50,y:0,l:40,w:50},{x:41,y:0,l:40,w:9},{x:2,y:0,l:30,w:39},{x:61,y:40,l:32,w:39},{x:73,y:72,l:27,w:27},{x:65,y:72,l:27,w:8},],
