====================================== Class_05.2bp-14 =====================================
Reduced size: 40 usedBin: 0
[0]
[8, 11, 38]
[3, 25, 34]
[5, 31, 32]
[12, 15]
[7, 21, 24, 33]
[13, 17, 20]
[6, 23, 29, 35]
[10, 16, 28]
[2, 22, 37]
[1, 26]
[4, 27, 39]
[9, 18, 30, 36]
[14, 19]
------------------------------------------------
Best fit used bin number: 14
Found best solution: 14 0.297

   Statrt add columnAndCut col: 14 cons: 0 cut: 0	0.375

	1 Start Add column using column generation  col: 14 cons: 0 cut: 0	0.375
			Start solve  LP :0.375
			End solve LP obj: 14.0 t: 0
com.wlj.solver.BBSolver:
--------------------------------------- Price Problem Start --------------------------------------------------------
dualPrice.size = 40 , dualPrice = [1.0, 1.0, 1.0, 1.0, 1.0, 1.0, 1.0, 1.0, 1.0, 1.0, 1.0, -0.0, 1.0, 1.0, 1.0, -0.0, -0.0, -0.0, -0.0, -0.0, -0.0, -0.0, -0.0, -0.0, -0.0, -0.0, -0.0, -0.0, -0.0, -0.0, -0.0, -0.0, -0.0, -0.0, -0.0, -0.0, -0.0, -0.0, -0.0, -0.0]
			Active cut size: 0
W = 100 
H = 99
normalXList.size = 4
normalYList.size = 5
xList.size = 4
yList.size = 3
squareList.size = 14
myConsList.size = 0
当前上界 = 2.0
最优解：2.0
solutionList.size() = 4
pattern.getKey() = 8@14@
用时：0.0 s
--------------------------------------- Price Problem End --------------------------------------------------------
		1 Add column : 1 col:14 	0.391
			Start solve  LP :0.391
			End solve LP obj: 14.0 t: 0
com.wlj.solver.BBSolver:
--------------------------------------- Price Problem Start --------------------------------------------------------
dualPrice.size = 40 , dualPrice = [1.0, 1.0, 1.0, 1.0, 1.0, 1.0, 1.0, 1.0, 0.0, 1.0, 1.0, 1.0, 1.0, 1.0, 1.0, -0.0, -0.0, -0.0, -0.0, -0.0, -0.0, -0.0, -0.0, -0.0, -0.0, -0.0, -0.0, -0.0, -0.0, -0.0, -0.0, -0.0, -0.0, -0.0, -0.0, -0.0, -0.0, -0.0, -0.0, -0.0]
			Active cut size: 0
W = 100 
H = 97
normalXList.size = 4
normalYList.size = 5
xList.size = 3
yList.size = 4
squareList.size = 14
myConsList.size = 0
当前上界 = 2.0
最优解：2.0
solutionList.size() = 4
pattern.getKey() = 9@13@
用时：0.016 s
--------------------------------------- Price Problem End --------------------------------------------------------
		2 Add column : 1 col:15 	0.407
			Start solve  LP :0.407
			End solve LP obj: 14.0 t: 0
com.wlj.solver.BBSolver:
--------------------------------------- Price Problem Start --------------------------------------------------------
dualPrice.size = 40 , dualPrice = [1.0, 1.0, 1.0, 1.0, 1.0, 1.0, 1.0, 1.0, 0.0, 1.0, 1.0, 1.0, 1.0, 0.0, 1.0, -0.0, -0.0, 1.0, -0.0, -0.0, -0.0, -0.0, -0.0, -0.0, -0.0, -0.0, -0.0, -0.0, -0.0, -0.0, -0.0, -0.0, -0.0, -0.0, -0.0, -0.0, -0.0, -0.0, -0.0, -0.0]
			Active cut size: 0
W = 100 
H = 97
normalXList.size = 5
normalYList.size = 4
xList.size = 3
yList.size = 4
squareList.size = 14
myConsList.size = 0
当前上界 = 3.0
当前上界 = 2.8666666666666667
当前上界 = 2.7333333333333334
当前上界 = 2.6
当前上界 = 2.466666666666667
当前上界 = 2.3333333333333335
当前上界 = 2.2
当前上界 = 2.066666666666667
当前上界 = 1.9333333333333336
最优解：2.0
solutionList.size() = 4
pattern.getKey() = 14@17@
用时：0.0 s
--------------------------------------- Price Problem End --------------------------------------------------------
		3 Add column : 1 col:16 	0.407
			Start solve  LP :0.407
			End solve LP obj: 14.0 t: 0
com.wlj.solver.BBSolver:
--------------------------------------- Price Problem Start --------------------------------------------------------
dualPrice.size = 40 , dualPrice = [1.0, 1.0, 1.0, 1.0, 1.0, 1.0, 1.0, 1.0, 0.0, 0.0, 1.0, 1.0, 1.0, 1.0, 1.0, -0.0, -0.0, 0.0, 1.0, -0.0, -0.0, -0.0, -0.0, -0.0, -0.0, -0.0, -0.0, -0.0, -0.0, -0.0, -0.0, -0.0, -0.0, -0.0, -0.0, -0.0, -0.0, -0.0, -0.0, -0.0]
			Active cut size: 0
W = 100 
H = 98
normalXList.size = 4
normalYList.size = 7
xList.size = 3
yList.size = 5
squareList.size = 14
myConsList.size = 0
当前上界 = 3.0
当前上界 = 2.8666666666666667
当前上界 = 2.7333333333333334
当前上界 = 2.6
当前上界 = 2.466666666666667
当前上界 = 2.3333333333333335
当前上界 = 2.2
当前上界 = 2.066666666666667
当前上界 = 1.9333333333333336
最优解：2.0
solutionList.size() = 5
pattern.getKey() = 7@18@
用时：0.0 s
--------------------------------------- Price Problem End --------------------------------------------------------
		4 Add column : 1 col:17 	0.407
			Start solve  LP :0.407
			End solve LP obj: 14.0 t: 0
com.wlj.solver.BBSolver:
--------------------------------------- Price Problem Start --------------------------------------------------------
dualPrice.size = 40 , dualPrice = [1.0, 1.0, 1.0, 1.0, 1.0, 1.0, 1.0, 1.0, 1.0, 1.0, 1.0, 0.0, 1.0, 0.0, 0.0, -0.0, -0.0, 1.0, 0.0, 1.0, -0.0, -0.0, -0.0, -0.0, -0.0, -0.0, -0.0, -0.0, -0.0, -0.0, -0.0, -0.0, -0.0, -0.0, -0.0, -0.0, -0.0, -0.0, -0.0, -0.0]
			Active cut size: 0
W = 100 
H = 99
normalXList.size = 3
normalYList.size = 8
xList.size = 3
yList.size = 5
squareList.size = 14
myConsList.size = 0
当前上界 = 3.0
当前上界 = 2.8666666666666667
当前上界 = 2.7333333333333334
当前上界 = 2.6
当前上界 = 2.466666666666667
当前上界 = 2.3333333333333335
当前上界 = 2.2
当前上界 = 2.066666666666667
当前上界 = 1.9333333333333336
最优解：2.0
solutionList.size() = 7
pattern.getKey() = 9@19@
用时：0.015 s
--------------------------------------- Price Problem End --------------------------------------------------------
		5 Add column : 1 col:18 	0.422
			Start solve  LP :0.422
			End solve LP obj: 14.0 t: 0
com.wlj.solver.BBSolver:
--------------------------------------- Price Problem Start --------------------------------------------------------
dualPrice.size = 40 , dualPrice = [1.0, 1.0, 1.0, 1.0, 1.0, 1.0, 1.0, 0.5, 0.5, 0.5, 1.0, 0.5, 1.0, 0.5, 0.5, -0.0, -0.0, 0.5, 0.5, 0.5, -0.0, 0.5, -0.0, -0.0, -0.0, -0.0, -0.0, -0.0, -0.0, -0.0, -0.0, -0.0, -0.0, -0.0, -0.0, -0.0, -0.0, -0.0, -0.0, -0.0]
			Active cut size: 0
W = 100 
H = 100
normalXList.size = 6
normalYList.size = 16
xList.size = 5
yList.size = 11
squareList.size = 19
myConsList.size = 0
当前上界 = 2.0
当前上界 = 1.9333333333333333
当前上界 = 1.8666666666666667
当前上界 = 1.8
当前上界 = 1.7333333333333334
当前上界 = 1.6666666666666667
当前上界 = 1.6
当前上界 = 1.5333333333333334
当前上界 = 1.4666666666666668
最优解：1.5
solutionList.size() = 16
pattern.getKey() = 12@21@
用时：0.0 s
--------------------------------------- Price Problem End --------------------------------------------------------
		6 Add column : 1 col:19 	0.422
			Start solve  LP :0.422
			End solve LP obj: 14.0 t: 0
com.wlj.solver.BBSolver:
--------------------------------------- Price Problem Start --------------------------------------------------------
dualPrice.size = 40 , dualPrice = [1.0, 1.0, 1.0, 1.0, 1.0, 1.0, 1.0, 0.5, 0.5, 0.5, 1.0, 0.5, 0.5, 0.5, 0.5, 0.5, -0.0, 0.5, 0.5, 0.5, -0.0, 0.5, -0.0, -0.0, -0.0, -0.0, -0.0, -0.0, -0.0, -0.0, -0.0, -0.0, -0.0, -0.0, -0.0, -0.0, -0.0, -0.0, -0.0, -0.0]
			Active cut size: 0
W = 100 
H = 100
normalXList.size = 6
normalYList.size = 17
xList.size = 5
yList.size = 13
squareList.size = 20
myConsList.size = 0
当前上界 = 2.0
当前上界 = 1.9333333333333333
当前上界 = 1.8666666666666667
当前上界 = 1.8
当前上界 = 1.7333333333333334
当前上界 = 1.6666666666666667
当前上界 = 1.6
当前上界 = 1.5333333333333334
当前上界 = 1.4666666666666668
最优解：1.5
solutionList.size() = 14
pattern.getKey() = 9@19@21@
用时：0.016 s
--------------------------------------- Price Problem End --------------------------------------------------------
		7 Add column : 1 col:20 	0.438
			Start solve  LP :0.438
			End solve LP obj: 14.0 t: 0
com.wlj.solver.BBSolver:
--------------------------------------- Price Problem Start --------------------------------------------------------
dualPrice.size = 40 , dualPrice = [1.0, 1.0, 1.0, 1.0, 1.0, 1.0, 1.0, 0.0, 0.0, 0.0, 1.0, 1.0, 0.0, 1.0, 1.0, 1.0, -0.0, 0.0, 1.0, 0.0, -0.0, 1.0, -0.0, -0.0, -0.0, -0.0, -0.0, -0.0, -0.0, -0.0, -0.0, -0.0, -0.0, -0.0, -0.0, -0.0, -0.0, -0.0, -0.0, -0.0]
			Active cut size: 0
W = 100 
H = 99
normalXList.size = 4
normalYList.size = 12
xList.size = 3
yList.size = 10
squareList.size = 14
myConsList.size = 0
当前上界 = 3.0
最优解：3.0
solutionList.size() = 2
pattern.getKey() = 13@18@21@
用时：0.0 s
--------------------------------------- Price Problem End --------------------------------------------------------
		8 Add column : 1 col:21 	0.438
			Start solve  LP :0.438
			End solve LP obj: 14.0 t: 0
com.wlj.solver.BBSolver:
--------------------------------------- Price Problem Start --------------------------------------------------------
dualPrice.size = 40 , dualPrice = [1.0, 1.0, 1.0, 1.0, 1.0, 1.0, 1.0, 0.8, 0.3999999999999999, 0.3999999999999999, 1.0, 0.6000000000000001, 0.8, 0.6000000000000001, 0.6000000000000001, 0.19999999999999996, -0.0, 0.3999999999999999, 0.19999999999999996, 0.3999999999999999, -0.0, 0.19999999999999996, -0.0, -0.0, -0.0, -0.0, -0.0, -0.0, -0.0, -0.0, 0.40000000000000013, -0.0, -0.0, -0.0, -0.0, -0.0, -0.0, -0.0, -0.0, -0.0]
			Active cut size: 0
W = 100 
H = 100
normalXList.size = 6
normalYList.size = 37
xList.size = 5
yList.size = 17
squareList.size = 21
myConsList.size = 0
当前上界 = 2.2
当前上界 = 2.12
当前上界 = 2.04
当前上界 = 1.96
当前上界 = 1.88
当前上界 = 1.7999999999999998
最优解：1.8000000000000003
solutionList.size() = 1
pattern.getKey() = 12@13@30@
用时：0.0 s
--------------------------------------- Price Problem End --------------------------------------------------------
		9 Add column : 1 col:22 	0.438
			Start solve  LP :0.438
			End solve LP obj: 14.0 t: 0
com.wlj.solver.BBSolver:
--------------------------------------- Price Problem Start --------------------------------------------------------
dualPrice.size = 40 , dualPrice = [1.0, 1.0, 1.0, 1.0, 1.0, 1.0, 1.0, 0.8, 0.3999999999999999, 0.3999999999999999, 1.0, 0.6000000000000001, -2.220446049250313E-16, 0.6000000000000001, 0.6000000000000001, 1.0000000000000002, -0.0, 0.3999999999999999, 0.19999999999999996, 0.3999999999999999, -0.0, 0.19999999999999996, -0.0, -0.0, -0.0, -0.0, -0.0, -0.0, -0.0, -0.0, 0.40000000000000013, -0.0, -0.0, -0.0, -0.0, -0.0, -0.0, -0.0, -0.0, -0.0]
			Active cut size: 0
W = 100 
H = 100
normalXList.size = 6
normalYList.size = 33
xList.size = 5
yList.size = 16
squareList.size = 20
myConsList.size = 0
当前上界 = 2.4000000000000004
当前上界 = 2.306666666666667
当前上界 = 2.213333333333334
当前上界 = 2.1200000000000006
当前上界 = 2.0266666666666673
当前上界 = 1.933333333333334
最优解：2.0000000000000004
solutionList.size() = 1
pattern.getKey() = 13@15@30@
用时：0.0 s
--------------------------------------- Price Problem End --------------------------------------------------------
		10 Add column : 1 col:23 	0.438
			Start solve  LP :0.438
			End solve LP obj: 14.0 t: 0
com.wlj.solver.BBSolver:
--------------------------------------- Price Problem Start --------------------------------------------------------
dualPrice.size = 40 , dualPrice = [1.0, 1.0, 1.0, 1.0, 1.0, 1.0, 1.0, 0.7, 0.10000000000000009, 0.6, 1.0, 0.8999999999999999, 0.5, 0.4, 0.8999999999999999, 0.5, -0.0, 0.10000000000000009, 0.3, 0.10000000000000003, 0.4999999999999999, 0.3, -0.0, -0.0, -0.0, -0.0, -0.0, -0.0, -0.0, -0.0, 0.1, -0.0, -0.0, -0.0, -0.0, -0.0, -0.0, -0.0, -0.0, -0.0]
			Active cut size: 0
W = 100 
H = 100
normalXList.size = 7
normalYList.size = 37
xList.size = 5
yList.size = 17
squareList.size = 22
myConsList.size = 0
当前上界 = 2.4
当前上界 = 2.3066666666666666
当前上界 = 2.2133333333333334
当前上界 = 2.12
当前上界 = 2.026666666666667
当前上界 = 1.9333333333333336
当前上界 = 1.8400000000000003
最优解：1.9
solutionList.size() = 1
pattern.getKey() = 11@14@30@
用时：0.0 s
--------------------------------------- Price Problem End --------------------------------------------------------
		11 Add column : 1 col:24 	0.438
			Start solve  LP :0.438
			End solve LP obj: 14.0 t: 0
com.wlj.solver.BBSolver:
--------------------------------------- Price Problem Start --------------------------------------------------------
dualPrice.size = 40 , dualPrice = [1.0, 1.0, 1.0, 1.0, 1.0, 1.0, 1.0, 0.5, 0.5, 0.5, 1.0, 0.5, 0.5, 0.5, 0.5, 0.5, -0.0, 0.5, 0.5, 0.5, 0.0, 0.0, -0.0, -0.0, 0.5, -0.0, -0.0, -0.0, -0.0, -0.0, 0.0, -0.0, -0.0, -0.0, -0.0, -0.0, -0.0, -0.0, -0.0, -0.0]
			Active cut size: 0
W = 100 
H = 99
normalXList.size = 17
normalYList.size = 15
xList.size = 9
yList.size = 11
squareList.size = 20
myConsList.size = 0
当前上界 = 2.0
当前上界 = 1.9333333333333333
当前上界 = 1.8666666666666667
当前上界 = 1.8
当前上界 = 1.7333333333333334
当前上界 = 1.6666666666666667
当前上界 = 1.6
当前上界 = 1.5333333333333334
当前上界 = 1.4666666666666668
最优解：1.5
solutionList.size() = 10
pattern.getKey() = 10@24@
用时：0.0 s
--------------------------------------- Price Problem End --------------------------------------------------------
		12 Add column : 1 col:25 	0.454
			Start solve  LP :0.454
			End solve LP obj: 14.0 t: 0
com.wlj.solver.BBSolver:
--------------------------------------- Price Problem Start --------------------------------------------------------
dualPrice.size = 40 , dualPrice = [1.0, 1.0, 1.0, 1.0, 1.0, 1.0, 1.0, 0.5, 0.5, 0.5, 0.5, 0.5, 0.5, 0.5, 0.5, 0.5, 0.5, 0.5, 0.5, 0.5, 0.0, 0.0, -0.0, -0.0, 0.5, -0.0, -0.0, -0.0, -0.0, -0.0, 0.0, -0.0, -0.0, -0.0, -0.0, -0.0, -0.0, -0.0, -0.0, -0.0]
			Active cut size: 0
W = 100 
H = 99
normalXList.size = 19
normalYList.size = 15
xList.size = 11
yList.size = 11
squareList.size = 21
myConsList.size = 0
当前上界 = 2.0
当前上界 = 1.9333333333333333
当前上界 = 1.8666666666666667
当前上界 = 1.8
当前上界 = 1.7333333333333334
当前上界 = 1.6666666666666667
当前上界 = 1.6
当前上界 = 1.5333333333333334
当前上界 = 1.4666666666666668
最优解：1.5
solutionList.size() = 11
pattern.getKey() = 6@24@
用时：0.0 s
--------------------------------------- Price Problem End --------------------------------------------------------
		13 Add column : 1 col:26 	0.454
			Start solve  LP :0.454
			End solve LP obj: 14.0 t: 0
com.wlj.solver.BBSolver:
--------------------------------------- Price Problem Start --------------------------------------------------------
dualPrice.size = 40 , dualPrice = [1.0, 1.0, 1.0, 1.0, 1.0, 1.0, 0.5, 0.5, 0.5, 0.5, 0.5, 0.5, 0.5, 0.5, 0.5, 0.5, 0.5, 0.5, 0.5, 0.5, 0.0, 0.0, -0.0, 0.5, 0.5, -0.0, -0.0, -0.0, -0.0, -0.0, 0.0, -0.0, -0.0, -0.0, -0.0, -0.0, -0.0, -0.0, -0.0, -0.0]
			Active cut size: 0
W = 100 
H = 99
normalXList.size = 22
normalYList.size = 16
xList.size = 13
yList.size = 11
squareList.size = 22
myConsList.size = 0
当前上界 = 2.0
当前上界 = 1.9333333333333333
当前上界 = 1.8666666666666667
当前上界 = 1.8
当前上界 = 1.7333333333333334
当前上界 = 1.6666666666666667
当前上界 = 1.6
当前上界 = 1.5333333333333334
当前上界 = 1.4666666666666668
最优解：1.5
solutionList.size() = 24
pattern.getKey() = 8@23@24@
用时：0.015 s
--------------------------------------- Price Problem End --------------------------------------------------------
		14 Add column : 1 col:27 	0.469
			Start solve  LP :0.469
			End solve LP obj: 14.0 t: 0
com.wlj.solver.BBSolver:
--------------------------------------- Price Problem Start --------------------------------------------------------
dualPrice.size = 40 , dualPrice = [1.0, 1.0, 1.0, 1.0, 1.0, 1.0, 0.75, 0.5, 0.5, 0.5, 0.75, 0.5, 0.5, 0.5, 0.5, 0.5, 0.25, 0.5, 0.5, 0.5, 0.0, 0.0, -0.0, 0.25, 0.25, -0.0, -0.0, -0.0, -0.0, -0.0, 0.0, -0.0, -0.0, 0.25, -0.0, -0.0, -0.0, -0.0, -0.0, -0.0]
			Active cut size: 0
W = 100 
H = 99
normalXList.size = 44
normalYList.size = 16
xList.size = 21
yList.size = 11
squareList.size = 23
myConsList.size = 0
当前上界 = 1.75
当前上界 = 1.7
当前上界 = 1.65
当前上界 = 1.5999999999999999
当前上界 = 1.5499999999999998
当前上界 = 1.4999999999999998
最优解：1.5
solutionList.size() = 9
pattern.getKey() = 15@17@24@33@
用时：0.0 s
--------------------------------------- Price Problem End --------------------------------------------------------
		15 Add column : 1 col:28 	0.469
			Start solve  LP :0.469
			End solve LP obj: 14.0 t: 0
com.wlj.solver.BBSolver:
--------------------------------------- Price Problem Start --------------------------------------------------------
dualPrice.size = 40 , dualPrice = [1.0, 1.0, 1.0, 1.0, 1.0, 1.0, 0.75, 0.5, 0.5, 0.5, 0.75, 0.5, 0.5, 0.5, 0.5, 0.5, 0.25, 0.0, 0.5, 0.5, 0.5, 0.0, -0.0, 0.25, 0.25, -0.0, -0.0, -0.0, -0.0, -0.0, 0.0, -0.0, -0.0, 0.25, -0.0, -0.0, -0.0, -0.0, -0.0, -0.0]
			Active cut size: 0
W = 100 
H = 99
normalXList.size = 50
normalYList.size = 15
xList.size = 23
yList.size = 11
squareList.size = 23
myConsList.size = 0
当前上界 = 2.0
当前上界 = 1.9333333333333333
当前上界 = 1.8666666666666667
当前上界 = 1.8
当前上界 = 1.7333333333333334
当前上界 = 1.6666666666666667
当前上界 = 1.6
当前上界 = 1.5333333333333334
当前上界 = 1.4666666666666668
最优解：1.5
solutionList.size() = 10
pattern.getKey() = 15@20@24@33@
用时：0.016 s
--------------------------------------- Price Problem End --------------------------------------------------------
		16 Add column : 1 col:29 	0.485
			Start solve  LP :0.485
			End solve LP obj: 14.0 t: 0
com.wlj.solver.BBSolver:
--------------------------------------- Price Problem Start --------------------------------------------------------
dualPrice.size = 40 , dualPrice = [1.0, 1.0, 1.0, 1.0, 1.0, 1.0, 0.75, 0.5, 0.5, 0.5, 0.75, 0.5, 1.0, 0.0, 0.5, -0.0, 0.25, 0.5, 0.5, 0.5, 0.5, 0.0, -0.0, 0.25, 0.25, -0.0, -0.0, -0.0, -0.0, -0.0, -0.0, -0.0, -0.0, 0.25, -0.0, -0.0, -0.0, -0.0, -0.0, -0.0]
			Active cut size: 0
W = 100 
H = 99
normalXList.size = 51
normalYList.size = 12
xList.size = 23
yList.size = 7
squareList.size = 22
myConsList.size = 0
当前上界 = 2.25
当前上界 = 2.1666666666666665
当前上界 = 2.083333333333333
当前上界 = 1.9999999999999998
最优解：2.0
solutionList.size() = 1
pattern.getKey() = 12@20@24@33@
用时：0.0 s
--------------------------------------- Price Problem End --------------------------------------------------------
		17 Add column : 1 col:30 	0.485
			Start solve  LP :0.5
			End solve LP obj: 14.0 t: 0
com.wlj.solver.BBSolver:
--------------------------------------- Price Problem Start --------------------------------------------------------
dualPrice.size = 40 , dualPrice = [1.0, 1.0, 1.0, 1.0, 1.0, 1.0, 0.9, 0.6, 0.5, 0.19999999999999996, 0.9, 0.5, 0.7, 0.3, 0.5, 0.30000000000000004, 0.09999999999999998, 0.5, 0.4, 0.5, 0.2, 0.30000000000000004, -0.0, 0.09999999999999998, 0.09999999999999998, -0.0, -0.0, -0.0, -0.0, -0.0, -0.0, -0.0, -0.0, -0.0, -0.0, -0.0, 0.4, -0.0, -0.0, -0.0]
			Active cut size: 0
W = 100 
H = 100
normalXList.size = 44
normalYList.size = 18
xList.size = 21
yList.size = 13
squareList.size = 25
myConsList.size = 0
当前上界 = 2.3
当前上界 = 2.2133333333333334
当前上界 = 2.126666666666667
当前上界 = 2.0400000000000005
当前上界 = 1.9533333333333338
当前上界 = 1.8666666666666671
最优解：1.9
solutionList.size() = 1
pattern.getKey() = 10@19@23@36@
用时：0.0 s
--------------------------------------- Price Problem End --------------------------------------------------------
		18 Add column : 1 col:31 	0.5
			Start solve  LP :0.5
			End solve LP obj: 14.0 t: 0
com.wlj.solver.BBSolver:
--------------------------------------- Price Problem Start --------------------------------------------------------
dualPrice.size = 40 , dualPrice = [1.0, 1.0, 1.0, 1.0, 1.0, 1.0, 0.9, 0.6, 0.5, 0.19999999999999996, 0.0, 0.5, 0.7, 0.3, 0.5, 0.30000000000000004, 1.0, 0.5, 0.4, 0.5, 0.2, 0.30000000000000004, -0.0, 0.09999999999999998, 0.09999999999999998, -0.0, -0.0, -0.0, -0.0, -0.0, -0.0, -0.0, -0.0, -0.0, -0.0, -0.0, 0.4, -0.0, -0.0, -0.0]
			Active cut size: 0
W = 100 
H = 100
normalXList.size = 44
normalYList.size = 18
xList.size = 21
yList.size = 13
squareList.size = 24
myConsList.size = 0
当前上界 = 2.6
当前上界 = 2.4933333333333336
当前上界 = 2.386666666666667
当前上界 = 2.2800000000000007
当前上界 = 2.1733333333333342
当前上界 = 2.0666666666666678
当前上界 = 1.960000000000001
最优解：2.0
solutionList.size() = 1
pattern.getKey() = 16@17@24@36@
用时：0.032 s
--------------------------------------- Price Problem End --------------------------------------------------------
		19 Add column : 1 col:32 	0.532
			Start solve  LP :0.532
			End solve LP obj: 14.0 t: 0
com.wlj.solver.BBSolver:
--------------------------------------- Price Problem Start --------------------------------------------------------
dualPrice.size = 40 , dualPrice = [1.0, 1.0, 1.0, 1.0, 1.0, 1.0, 1.0, 0.75, 0.33333333333333337, 0.41666666666666663, 0.3333333333333333, 0.33333333333333337, 0.5, 0.5, 0.6666666666666666, 0.5, 0.6666666666666667, 0.0, 0.25, 0.33333333333333337, 0.5, 0.25, -0.0, -0.0, 0.0, -0.0, -0.0, -0.0, -0.0, -0.0, -0.0, -0.0, -0.0, -0.0, -0.0, -0.0, 0.3333333333333333, -0.0, 0.33333333333333326, -0.0]
			Active cut size: 0
W = 100 
H = 100
normalXList.size = 30
normalYList.size = 53
xList.size = 14
yList.size = 17
squareList.size = 23
myConsList.size = 0
当前上界 = 2.5000000000000004
当前上界 = 2.4000000000000004
当前上界 = 2.3000000000000003
当前上界 = 2.2
当前上界 = 2.1
最优解：2.166666666666667
solutionList.size() = 1
pattern.getKey() = 14@19@20@36@38@
用时：0.031 s
--------------------------------------- Price Problem End --------------------------------------------------------
		20 Add column : 1 col:33 	0.563
			Start solve  LP :0.563
			End solve LP obj: 13.75 t: 0
com.wlj.solver.BBSolver:
--------------------------------------- Price Problem Start --------------------------------------------------------
dualPrice.size = 40 , dualPrice = [1.0, 1.0, 1.0, 1.0, 1.0, 1.0, 1.0, 0.6875, 0.5, 0.53125, 0.59375, 0.5, 0.53125, 0.46875, 0.5, 0.46875, 0.40625000000000006, 0.4375, 0.31249999999999994, 0.25000000000000006, 0.09375, 0.21874999999999994, -0.0, -0.0, -0.0, -0.0, -0.0, -0.0, -0.0, -0.0, -0.0, -0.0, -0.0, 0.09375, -0.0, -0.0, 0.15625, -0.0, -0.0, -0.0]
			Active cut size: 0
W = 100 
H = 100
normalXList.size = 45
normalYList.size = 18
xList.size = 21
yList.size = 13
squareList.size = 24
myConsList.size = 0
当前上界 = 1.78125
当前上界 = 1.7291666666666667
当前上界 = 1.6770833333333335
当前上界 = 1.6250000000000002
当前上界 = 1.572916666666667
当前上界 = 1.5208333333333337
当前上界 = 1.4687500000000004
最优解：1.46875
solutionList.size() = 1
pattern.getKey() = 6@21@33@36@
用时：0.0 s
--------------------------------------- Price Problem End --------------------------------------------------------
		21 Add column : 1 col:34 	0.563
			Start solve  LP :0.563
			End solve LP obj: 13.75 t: 0
com.wlj.solver.BBSolver:
--------------------------------------- Price Problem Start --------------------------------------------------------
dualPrice.size = 40 , dualPrice = [1.0, 1.0, 1.0, 1.0, 1.0, 1.0, 0.5714285714285714, 0.6071428571428572, 0.5, 0.5714285714285714, 0.2857142857142856, 0.5, 0.5714285714285714, 0.4285714285714286, 0.5, 0.4285714285714286, 0.6071428571428572, 0.3571428571428571, 0.39285714285714285, 0.24999999999999994, 0.2142857142857143, 0.17857142857142866, -0.0, 0.4285714285714286, -0.0, -0.0, -0.0, -0.0, 0.1071428571428572, -0.0, -0.0, -0.0, -0.0, 0.2142857142857143, -0.0, -0.0, 0.035714285714285754, -0.0, -0.0, -0.0]
			Active cut size: 0
W = 100 
H = 100
normalXList.size = 53
normalYList.size = 30
xList.size = 27
yList.size = 17
squareList.size = 26
myConsList.size = 0
当前上界 = 1.9642857142857146
当前上界 = 1.9000000000000004
当前上界 = 1.835714285714286
当前上界 = 1.7714285714285718
当前上界 = 1.7071428571428575
当前上界 = 1.6428571428571432
当前上界 = 1.578571428571429
当前上界 = 1.5142857142857147
当前上界 = 1.4500000000000004
最优解：1.4642857142857144
solutionList.size() = 1
pattern.getKey() = 14@16@28@33@36@
用时：0.062 s
--------------------------------------- Price Problem End --------------------------------------------------------
		22 Add column : 1 col:35 	0.625
			Start solve  LP :0.625
			End solve LP obj: 13.75 t: 0
com.wlj.solver.BBSolver:
--------------------------------------- Price Problem Start --------------------------------------------------------
dualPrice.size = 40 , dualPrice = [1.0, 1.0, 1.0, 1.0, 1.0, 1.0, 0.7857142857142857, 0.6071428571428572, 0.5, 0.5714285714285714, 0.5357142857142857, 0.5, 0.5714285714285714, 0.42857142857142855, 0.5, 0.42857142857142855, 0.3928571428571429, 0.3571428571428571, 0.39285714285714285, 0.24999999999999994, 0.21428571428571427, 0.1785714285714286, -0.0, 0.17857142857142871, 0.2142857142857143, -0.0, -0.0, -0.0, 0.0714285714285714, 0.03571428571428559, -0.0, -0.0, -0.0, -2.7755575615628914E-17, -0.0, -0.0, 0.0357142857142857, -0.0, -0.0, -0.0]
			Active cut size: 0
W = 100 
H = 100
normalXList.size = 44
normalYList.size = 37
xList.size = 21
yList.size = 23
squareList.size = 27
myConsList.size = 0
当前上界 = 1.5357142857142856
当前上界 = 1.4999999999999998
当前上界 = 1.464285714285714
当前上界 = 1.4285714285714282
当前上界 = 1.3928571428571423
当前上界 = 1.3571428571428565
当前上界 = 1.3214285714285707
当前上界 = 1.285714285714285
当前上界 = 1.2499999999999991
最优解：1.25
solutionList.size() = 1
pattern.getKey() = 12@15@24@36@
用时：0.0 s
--------------------------------------- Price Problem End --------------------------------------------------------
		23 Add column : 1 col:36 	0.641
			Start solve  LP :0.641
			End solve LP obj: 13.739130434782613 t: 0
com.wlj.solver.BBSolver:
--------------------------------------- Price Problem Start --------------------------------------------------------
dualPrice.size = 40 , dualPrice = [1.0, 1.0, 1.0, 1.0, 1.0, 1.0, 0.6086956521739131, 0.6086956521739131, 0.5217391304347826, 0.5652173913043479, 0.7391304347826088, 0.4782608695652174, 0.5217391304347826, 0.43478260869565216, 0.4782608695652174, 0.4782608695652174, 0.26086956521739124, 0.3043478260869566, 0.3913043478260869, 0.26086956521739124, 0.2608695652173913, 0.17391304347826092, -0.0, -0.0, -0.0, -0.0, -0.0, -0.0, -0.0, 0.3913043478260869, 0.04347826086956523, -0.0, -0.0, 0.21739130434782608, -0.0, -0.0, 0.0, -0.0, -0.0, -0.0]
			Active cut size: 0
W = 100 
H = 100
normalXList.size = 34
normalYList.size = 44
xList.size = 15
yList.size = 23
squareList.size = 25
myConsList.size = 0
当前上界 = 1.8695652173913044
当前上界 = 1.8115942028985508
当前上界 = 1.7536231884057971
当前上界 = 1.6956521739130435
当前上界 = 1.6376811594202898
当前上界 = 1.5797101449275361
当前上界 = 1.5217391304347825
最优解：1.5217391304347825
solutionList.size() = 1
pattern.getKey() = 12@18@29@33@
用时：0.016 s
--------------------------------------- Price Problem End --------------------------------------------------------
		24 Add column : 1 col:37 	0.657
			Start solve  LP :0.657
			End solve LP obj: 13.72727272727273 t: 0
com.wlj.solver.BBSolver:
--------------------------------------- Price Problem Start --------------------------------------------------------
dualPrice.size = 40 , dualPrice = [1.0, 1.0, 1.0, 1.0, 1.0, 1.0, 0.6818181818181819, 0.6818181818181819, 0.5454545454545454, 0.5909090909090909, 0.6363636363636362, 0.45454545454545453, 0.5, 0.40909090909090906, 0.45454545454545453, 0.5, 0.3636363636363637, 0.31818181818181823, 0.3181818181818182, 0.2727272727272727, 0.2727272727272727, 0.13636363636363638, -0.0, 0.09090909090909105, -0.0, -0.0, -0.0, -0.0, -0.0, -0.0, 0.09090909090909091, -0.0, -0.0, 0.1818181818181818, -0.0, 0.22727272727272707, 0.0, -0.0, -0.0, -0.0]
			Active cut size: 0
W = 100 
H = 100
normalXList.size = 53
normalYList.size = 42
xList.size = 27
yList.size = 17
squareList.size = 26
myConsList.size = 0
当前上界 = 1.7272727272727273
当前上界 = 1.6787878787878787
当前上界 = 1.6303030303030301
当前上界 = 1.5818181818181816
当前上界 = 1.533333333333333
当前上界 = 1.4848484848484844
当前上界 = 1.4363636363636358
当前上界 = 1.3878787878787873
最优解：1.4090909090909087
solutionList.size() = 3
pattern.getKey() = 5@33@35@
pattern.getKey() = 7@18@33@35@
用时：0.031 s
--------------------------------------- Price Problem End --------------------------------------------------------
		25 Add column : 1 col:38 	0.688
			Start solve  LP :0.688
			End solve LP obj: 13.666666666666671 t: 0
com.wlj.solver.BBSolver:
--------------------------------------- Price Problem Start --------------------------------------------------------
dualPrice.size = 40 , dualPrice = [1.0, 1.0, 1.0, 1.0, 1.0, 1.0, 1.0, 1.0, 0.6666666666666667, 0.6666666666666666, 0.6666666666666666, 0.3333333333333333, 0.5, 0.16666666666666666, 0.3333333333333333, 0.5, 0.33333333333333337, 0.5, -0.0, 0.33333333333333337, 0.3333333333333333, 0.0, -0.0, -0.0, 0.0, -0.0, -0.0, -0.0, -0.0, 0.0, 0.33333333333333337, -0.0, -0.0, 0.0, -0.0, -0.0, -0.0, -0.0, -0.0, -0.0]
			Active cut size: 0
W = 100 
H = 99
normalXList.size = 9
normalYList.size = 29
xList.size = 7
yList.size = 13
squareList.size = 21
myConsList.size = 0
当前上界 = 1.8333333333333335
当前上界 = 1.777777777777778
当前上界 = 1.7222222222222223
当前上界 = 1.6666666666666667
当前上界 = 1.6111111111111112
当前上界 = 1.5555555555555556
当前上界 = 1.5
最优解：1.5
solutionList.size() = 1
pattern.getKey() = 17@19@20@30@
用时：0.0 s
--------------------------------------- Price Problem End --------------------------------------------------------
		26 Add column : 1 col:39 	0.688
			Start solve  LP :0.688
			End solve LP obj: 13.666666666666671 t: 0
com.wlj.solver.BBSolver:
--------------------------------------- Price Problem Start --------------------------------------------------------
dualPrice.size = 40 , dualPrice = [1.0, 1.0, 1.0, 1.0, 1.0, 1.0, 0.8333333333333334, 0.8333333333333334, 0.5, 0.6666666666666667, 0.8333333333333334, 0.33333333333333337, 0.5, 0.3333333333333333, 0.5, 0.5, 0.16666666666666663, 0.5, 0.16666666666666666, 0.16666666666666666, 0.16666666666666669, 0.16666666666666666, -0.0, -0.0, 0.0, -0.0, -0.0, -0.0, -0.0, 0.16666666666666663, 0.16666666666666666, -0.0, -0.0, 0.0, -0.0, -0.0, -0.0, -0.0, 0.16666666666666663, -0.0]
			Active cut size: 0
W = 100 
H = 100
normalXList.size = 11
normalYList.size = 72
xList.size = 9
yList.size = 45
squareList.size = 25
myConsList.size = 0
当前上界 = 2.0
当前上界 = 1.9333333333333333
当前上界 = 1.8666666666666667
当前上界 = 1.8
当前上界 = 1.7333333333333334
当前上界 = 1.6666666666666667
当前上界 = 1.6
当前上界 = 1.5333333333333334
当前上界 = 1.4666666666666668
最优解：1.5
solutionList.size() = 3
pattern.getKey() = 14@17@29@30@38@
用时：0.031 s
--------------------------------------- Price Problem End --------------------------------------------------------
		27 Add column : 1 col:40 	0.719
			Start solve  LP :0.719
			End solve LP obj: 13.61111111111111 t: 0
com.wlj.solver.BBSolver:
--------------------------------------- Price Problem Start --------------------------------------------------------
dualPrice.size = 40 , dualPrice = [1.0, 1.0, 1.0, 1.0, 1.0, 1.0, 0.8333333333333333, 0.8333333333333333, 0.5555555555555556, 0.6666666666666666, 0.6666666666666666, 0.3888888888888889, 0.5, 0.33333333333333337, 0.4444444444444445, 0.5, 0.33333333333333337, 0.33333333333333337, 0.1666666666666667, 0.16666666666666666, 0.33333333333333337, 0.1666666666666667, -0.0, 0.16666666666666674, 0.0, -0.0, -0.0, -0.0, -0.0, -0.0, 0.16666666666666666, -0.0, -0.0, 0.0, -0.0, -0.0, -0.0, -0.0, 0.05555555555555558, -0.0]
			Active cut size: 0
W = 100 
H = 100
normalXList.size = 16
normalYList.size = 62
xList.size = 9
yList.size = 27
squareList.size = 25
myConsList.size = 0
当前上界 = 1.5555555555555558
当前上界 = 1.5185185185185188
当前上界 = 1.4814814814814818
当前上界 = 1.4444444444444449
当前上界 = 1.4074074074074079
当前上界 = 1.370370370370371
当前上界 = 1.333333333333334
当前上界 = 1.296296296296297
当前上界 = 1.25925925925926
当前上界 = 1.222222222222223
最优解：1.2222222222222223
solutionList.size() = 12
pattern.getKey() = 9@13@30@38@
用时：0.016 s
--------------------------------------- Price Problem End --------------------------------------------------------
		28 Add column : 1 col:41 	0.735
			Start solve  LP :0.735
			End solve LP obj: 13.599999999999998 t: 0
com.wlj.solver.BBSolver:
--------------------------------------- Price Problem Start --------------------------------------------------------
dualPrice.size = 40 , dualPrice = [1.0, 1.0, 1.0, 1.0, 1.0, 1.0, 0.65, 0.65, 0.55, 0.5, 0.5, 0.4, 0.44999999999999996, 0.3, 0.45, 0.55, 0.5, 0.35, 0.35, 0.15, 0.35, 0.35, -0.0, 0.35, 0.0, -0.0, -0.0, -0.0, -0.0, -0.0, 0.15, -0.0, -0.0, 0.0, -0.0, -0.0, -0.0, -0.0, 0.05000000000000002, -0.0]
			Active cut size: 0
W = 100 
H = 100
normalXList.size = 16
normalYList.size = 62
xList.size = 9
yList.size = 27
squareList.size = 25
myConsList.size = 0
当前上界 = 1.8
当前上界 = 1.7466666666666668
当前上界 = 1.6933333333333336
当前上界 = 1.6400000000000003
当前上界 = 1.5866666666666671
当前上界 = 1.5333333333333339
当前上界 = 1.4800000000000006
当前上界 = 1.4266666666666674
最优解：1.4500000000000002
solutionList.size() = 1
pattern.getKey() = 15@21@23@30@38@
用时：0.015 s
--------------------------------------- Price Problem End --------------------------------------------------------
		29 Add column : 1 col:42 	0.75
			Start solve  LP :0.75
			End solve LP obj: 13.574074074074076 t: 0
com.wlj.solver.BBSolver:
--------------------------------------- Price Problem Start --------------------------------------------------------
dualPrice.size = 40 , dualPrice = [1.0, 1.0, 1.0, 1.0, 1.0, 1.0, 0.7407407407407407, 0.6203703703703703, 0.537037037037037, 0.5092592592592592, 0.5092592592592592, 0.42592592592592593, 0.5462962962962962, 0.34259259259259267, 0.46296296296296297, 0.33333333333333337, 0.4907407407407408, 0.3888888888888889, 0.37962962962962965, 0.23148148148148154, 0.2685185185185185, 0.2592592592592593, -0.0, 0.2592592592592593, 0.1203703703703704, -0.0, -0.0, -0.0, -0.0, -0.0, 0.11111111111111113, -0.0, -0.0, 0.0, -0.0, -0.0, -0.0, -0.0, 0.03703703703703705, -0.0]
			Active cut size: 0
W = 100 
H = 100
normalXList.size = 30
normalYList.size = 62
xList.size = 13
yList.size = 27
squareList.size = 26
myConsList.size = 0
当前上界 = 1.6388888888888888
当前上界 = 1.5962962962962963
当前上界 = 1.5537037037037038
当前上界 = 1.5111111111111113
当前上界 = 1.4685185185185188
当前上界 = 1.4259259259259263
当前上界 = 1.3833333333333337
当前上界 = 1.3407407407407412
当前上界 = 1.2981481481481487
当前上界 = 1.2555555555555562
最优解：1.2962962962962963
solutionList.size() = 1
pattern.getKey() = 6@21@23@38@
用时：0.016 s
--------------------------------------- Price Problem End --------------------------------------------------------
		30 Add column : 1 col:43 	0.766
			Start solve  LP :0.766
			End solve LP obj: 13.5 t: 0
com.wlj.solver.BBSolver:
--------------------------------------- Price Problem Start --------------------------------------------------------
dualPrice.size = 40 , dualPrice = [1.0, 1.0, 1.0, 1.0, 1.0, 1.0, 0.7777777777777778, 0.6666666666666666, 0.6111111111111112, 0.44444444444444453, 0.6666666666666667, 0.38888888888888884, 0.4444444444444444, 0.4444444444444444, 0.3888888888888889, 0.4444444444444444, 0.33333333333333326, 0.2777777777777778, 0.33333333333333337, 0.3333333333333333, 0.2777777777777778, 0.2222222222222222, -0.0, 0.0, 0.11111111111111116, -0.0, -0.0, -0.0, -0.0, 0.2222222222222222, 0.1111111111111111, -0.0, -0.0, 0.0, -0.0, -0.0, -0.0, -0.0, -0.0, -0.0]
			Active cut size: 0
W = 100 
H = 100
normalXList.size = 25
normalYList.size = 44
xList.size = 13
yList.size = 23
squareList.size = 25
myConsList.size = 0
当前上界 = 1.4444444444444446
当前上界 = 1.414814814814815
当前上界 = 1.3851851851851853
当前上界 = 1.3555555555555556
当前上界 = 1.325925925925926
当前上界 = 1.2962962962962963
当前上界 = 1.2666666666666666
当前上界 = 1.237037037037037
当前上界 = 1.2074074074074073
最优解：1.2222222222222223
solutionList.size() = 6
pattern.getKey() = 4@29@
用时：0.0 s
--------------------------------------- Price Problem End --------------------------------------------------------
		31 Add column : 1 col:44 	0.766
			Start solve  LP :0.766
			End solve LP obj: 13.5 t: 0
com.wlj.solver.BBSolver:
--------------------------------------- Price Problem Start --------------------------------------------------------
dualPrice.size = 40 , dualPrice = [1.0, 1.0, 1.0, 1.0, 1.0, 1.0, 1.0, 0.5, 0.5, 0.5000000000000001, 0.5, 0.5, 0.5, 0.5, 0.5, 0.5, 0.49999999999999994, 0.5, 0.5, 0.4999999999999999, 0.0, 0.0, -0.0, 5.551115123125783E-17, 5.551115123125783E-17, -0.0, -0.0, -0.0, -0.0, 0.0, 0.0, -0.0, -0.0, 0.0, -0.0, -0.0, -0.0, -0.0, -0.0, -0.0]
			Active cut size: 0
W = 100 
H = 99
normalXList.size = 8
normalYList.size = 15
xList.size = 7
yList.size = 11
squareList.size = 20
myConsList.size = 0
当前上界 = 1.5
最优解：1.5
solutionList.size() = 4
pattern.getKey() = 6@19@
用时：0.0 s
--------------------------------------- Price Problem End --------------------------------------------------------
		32 Add column : 1 col:45 	0.766
			Start solve  LP :0.766
			End solve LP obj: 13.5 t: 0
com.wlj.solver.BBSolver:
--------------------------------------- Price Problem Start --------------------------------------------------------
dualPrice.size = 40 , dualPrice = [1.0, 1.0, 1.0, 1.0, 1.0, 1.0, 0.8333333333333334, 0.8333333333333334, 0.5, 0.8333333333333334, 0.6666666666666667, 0.5, 0.5, 0.16666666666666666, 0.5, 0.33333333333333337, 0.3333333333333333, 0.5, 0.16666666666666663, 0.16666666666666666, 0.33333333333333337, 0.0, -0.0, 0.16666666666666663, 0.16666666666666663, -0.0, -0.0, -0.0, -0.0, 0.0, 0.0, -0.0, -0.0, 0.0, -0.0, -0.0, -0.0, -0.0, -0.0, -0.0]
			Active cut size: 0
W = 100 
H = 99
normalXList.size = 26
normalYList.size = 16
xList.size = 13
yList.size = 11
squareList.size = 23
myConsList.size = 0
当前上界 = 1.666666666666667
当前上界 = 1.6222222222222225
当前上界 = 1.577777777777778
当前上界 = 1.5333333333333334
当前上界 = 1.488888888888889
当前上界 = 1.4444444444444444
当前上界 = 1.4
当前上界 = 1.3555555555555554
当前上界 = 1.311111111111111
最优解：1.3333333333333335
solutionList.size() = 1
pattern.getKey() = 9@12@
用时：0.0 s
--------------------------------------- Price Problem End --------------------------------------------------------
		33 Add column : 1 col:46 	0.766
			Start solve  LP :0.766
			End solve LP obj: 13.5 t: 0
com.wlj.solver.BBSolver:
--------------------------------------- Price Problem Start --------------------------------------------------------
dualPrice.size = 40 , dualPrice = [1.0, 1.0, 1.0, 1.0, 0.875, 1.0, 0.75, 0.625, 0.5, 0.625, 0.625, 0.5, 0.375, 0.375, 0.5, 0.375, 0.375, 0.375, 0.375, 0.25, 0.25, 0.125, -0.0, 0.125, 0.25, -0.0, -0.0, 0.125, -0.0, 0.125, 0.0, -0.0, -0.0, 0.0, -0.0, -0.0, -0.0, -0.0, -0.0, -0.0]
			Active cut size: 0
W = 100 
H = 100
normalXList.size = 29
normalYList.size = 45
xList.size = 15
yList.size = 23
squareList.size = 26
myConsList.size = 0
当前上界 = 1.5
当前上界 = 1.4666666666666666
当前上界 = 1.4333333333333331
当前上界 = 1.3999999999999997
当前上界 = 1.3666666666666663
当前上界 = 1.3333333333333328
当前上界 = 1.2999999999999994
当前上界 = 1.266666666666666
当前上界 = 1.2333333333333325
最优解：1.25
solutionList.size() = 5
pattern.getKey() = 14@16@24@27@
用时：0.016 s
--------------------------------------- Price Problem End --------------------------------------------------------
		34 Add column : 1 col:47 	0.782
			Start solve  LP :0.782
			End solve LP obj: 13.5 t: 0
com.wlj.solver.BBSolver:
--------------------------------------- Price Problem Start --------------------------------------------------------
dualPrice.size = 40 , dualPrice = [1.0, 1.0, 1.0, 1.0, 0.8333333333333334, 1.0, 0.8333333333333334, 0.6666666666666666, 0.5, 0.6666666666666666, 0.8333333333333334, 0.5, 0.33333333333333337, 0.33333333333333337, 0.5, 0.5, 0.16666666666666666, 0.33333333333333337, 0.33333333333333337, 0.16666666666666666, 0.33333333333333326, 0.16666666666666674, -0.0, 0.0, 0.16666666666666666, -0.0, -0.0, 0.16666666666666663, -0.0, 0.16666666666666663, 0.0, -0.0, -0.0, 0.0, -0.0, -0.0, -0.0, -0.0, -0.0, -0.0]
			Active cut size: 0
W = 100 
H = 100
normalXList.size = 24
normalYList.size = 43
xList.size = 13
yList.size = 23
squareList.size = 25
myConsList.size = 0
当前上界 = 1.666666666666667
当前上界 = 1.6222222222222225
当前上界 = 1.577777777777778
当前上界 = 1.5333333333333334
当前上界 = 1.488888888888889
当前上界 = 1.4444444444444444
当前上界 = 1.4
当前上界 = 1.3555555555555554
当前上界 = 1.311111111111111
当前上界 = 1.2666666666666664
当前上界 = 1.2222222222222219
当前上界 = 1.1777777777777774
当前上界 = 1.1333333333333329
最优解：1.1666666666666667
solutionList.size() = 28
pattern.getKey() = 5@24@
用时：0.015 s
--------------------------------------- Price Problem End --------------------------------------------------------
		35 Add column : 1 col:48 	0.797
			Start solve  LP :0.797
			End solve LP obj: 13.5 t: 0
com.wlj.solver.BBSolver:
--------------------------------------- Price Problem Start --------------------------------------------------------
dualPrice.size = 40 , dualPrice = [1.0, 1.0, 1.0, 1.0, 0.8333333333333333, 1.0, 0.8333333333333333, 0.6666666666666666, 0.5, 0.6666666666666666, 0.8333333333333333, 0.5, 0.33333333333333337, 0.33333333333333337, 0.5, 0.6666666666666666, 0.16666666666666674, 0.33333333333333337, 0.33333333333333337, 0.16666666666666669, 0.33333333333333326, 0.16666666666666674, -0.0, 0.0, 0.0, -0.0, -0.0, 0.16666666666666674, -0.0, 0.16666666666666674, 0.0, -0.0, -0.0, 0.0, -0.0, -0.0, -0.0, -0.0, -0.0, -0.0]
			Active cut size: 0
W = 100 
H = 100
normalXList.size = 10
normalYList.size = 43
xList.size = 9
yList.size = 23
squareList.size = 24
myConsList.size = 0
当前上界 = 1.8333333333333335
当前上界 = 1.777777777777778
当前上界 = 1.7222222222222223
当前上界 = 1.6666666666666667
当前上界 = 1.6111111111111112
当前上界 = 1.5555555555555556
当前上界 = 1.5
当前上界 = 1.4444444444444444
当前上界 = 1.3888888888888888
当前上界 = 1.3333333333333333
最优解：1.3333333333333333
solutionList.size() = 2
pattern.getKey() = 15@17@20@
用时：0.0 s
--------------------------------------- Price Problem End --------------------------------------------------------
		36 Add column : 1 col:49 	0.797
			Start solve  LP :0.797
			End solve LP obj: 13.5 t: 0
com.wlj.solver.BBSolver:
--------------------------------------- Price Problem Start --------------------------------------------------------
dualPrice.size = 40 , dualPrice = [1.0, 1.0, 1.0, 1.0, 0.75, 1.0, 0.75, 0.75, 0.5, 0.5, 0.75, 0.5, 0.5, 0.5, 0.5, 0.5, 0.25, 0.25, 0.25, 0.25, 0.25, 0.25, -0.0, 0.0, 0.0, -0.0, -0.0, 0.25, -0.0, 0.25, 0.0, -0.0, -0.0, 0.0, -0.0, -0.0, -0.0, -0.0, -0.0, -0.0]
			Active cut size: 0
W = 100 
H = 100
normalXList.size = 10
normalYList.size = 43
xList.size = 9
yList.size = 23
squareList.size = 24
myConsList.size = 0
当前上界 = 1.75
当前上界 = 1.7
当前上界 = 1.65
当前上界 = 1.5999999999999999
当前上界 = 1.5499999999999998
当前上界 = 1.4999999999999998
当前上界 = 1.4499999999999997
当前上界 = 1.3999999999999997
当前上界 = 1.3499999999999996
当前上界 = 1.2999999999999996
当前上界 = 1.2499999999999996
最优解：1.25
solutionList.size() = 21
pattern.getKey() = 3@29@
用时：0.0 s
--------------------------------------- Price Problem End --------------------------------------------------------
		37 Add column : 1 col:50 	0.797
			Start solve  LP :0.797
			End solve LP obj: 13.5 t: 0
com.wlj.solver.BBSolver:
--------------------------------------- Price Problem Start --------------------------------------------------------
dualPrice.size = 40 , dualPrice = [1.0, 1.0, 1.0, 0.75, 0.75, 1.0, 0.75, 0.75, 0.5, 0.5, 0.75, 0.5, 0.5, 0.5, 0.5, 0.5, 0.25, 0.24999999999999994, 0.25, 0.25, 0.25000000000000006, 0.25, -0.0, 0.0, 0.0, 0.25, -0.0, 0.25, -0.0, 0.25, 0.0, -0.0, -0.0, 0.0, -0.0, -0.0, -0.0, -0.0, -0.0, -0.0]
			Active cut size: 0
W = 100 
H = 100
normalXList.size = 10
normalYList.size = 51
xList.size = 9
yList.size = 31
squareList.size = 25
myConsList.size = 0
当前上界 = 1.75
当前上界 = 1.7
当前上界 = 1.65
当前上界 = 1.5999999999999999
当前上界 = 1.5499999999999998
当前上界 = 1.4999999999999998
当前上界 = 1.4499999999999997
当前上界 = 1.3999999999999997
当前上界 = 1.3499999999999996
当前上界 = 1.2999999999999996
当前上界 = 1.2499999999999996
最优解：1.25
solutionList.size() = 29
pattern.getKey() = 14@20@21@29@
用时：0.016 s
--------------------------------------- Price Problem End --------------------------------------------------------
		38 Add column : 1 col:51 	0.813
			Start solve  LP :0.813
			End solve LP obj: 13.5 t: 0
com.wlj.solver.BBSolver:
--------------------------------------- Price Problem Start --------------------------------------------------------
dualPrice.size = 40 , dualPrice = [1.0, 1.0, 1.0, 0.8333333333333334, 0.8333333333333334, 1.0, 0.6666666666666666, 0.6666666666666666, 0.5, 0.5, 0.4999999999999999, 0.5, 0.5, 0.5, 0.5, 0.5, 0.33333333333333337, 0.3333333333333333, 0.33333333333333337, 0.33333333333333337, 0.16666666666666669, 0.16666666666666663, -0.0, 0.16666666666666674, 0.0, 0.16666666666666663, -0.0, 0.16666666666666663, 0.16666666666666674, 0.16666666666666663, 0.0, -0.0, -0.0, 0.0, -0.0, -0.0, -0.0, -0.0, -0.0, -0.0]
			Active cut size: 0
W = 100 
H = 100
normalXList.size = 15
normalYList.size = 53
xList.size = 11
yList.size = 33
squareList.size = 27
myConsList.size = 0
当前上界 = 1.5000000000000002
当前上界 = 1.4666666666666668
当前上界 = 1.4333333333333333
当前上界 = 1.4
当前上界 = 1.3666666666666665
当前上界 = 1.333333333333333
最优解：1.3333333333333333
solutionList.size() = 3
pattern.getKey() = 14@17@19@29@
pattern.getKey() = 13@15@23@28@
用时：0.016 s
--------------------------------------- Price Problem End --------------------------------------------------------
		39 Add column : 1 col:52 	0.829
			Start solve  LP :0.829
			End solve LP obj: 13.5 t: 0
com.wlj.solver.BBSolver:
--------------------------------------- Price Problem Start --------------------------------------------------------
dualPrice.size = 40 , dualPrice = [1.0, 1.0, 1.0, 0.8571428571428572, 0.8571428571428572, 0.7857142857142856, 0.7142857142857143, 0.6428571428571429, 0.5714285714285714, 0.5714285714285715, 0.5714285714285714, 0.4285714285714286, 0.4285714285714285, 0.3571428571428571, 0.42857142857142866, 0.35714285714285715, 0.2857142857142858, 0.35714285714285715, 0.3571428571428571, 0.2857142857142857, 0.28571428571428564, 0.14285714285714285, -0.0, 0.14285714285714285, 0.21428571428571436, 0.1428571428571428, -0.0, 0.07142857142857123, 0.14285714285714285, 0.14285714285714285, 0.07142857142857142, 0.2142857142857144, -0.0, 0.0, -0.0, -0.0, -0.0, -0.0, -0.0, 0.07142857142857162]
			Active cut size: 0
W = 100 
H = 100
normalXList.size = 67
normalYList.size = 69
xList.size = 37
yList.size = 59
squareList.size = 31
myConsList.size = 0
当前上界 = 1.5000000000000004
当前上界 = 1.466666666666667
当前上界 = 1.4333333333333336
当前上界 = 1.4000000000000001
当前上界 = 1.3666666666666667
当前上界 = 1.3333333333333333
当前上界 = 1.2999999999999998
当前上界 = 1.2666666666666664
最优解：1.285714285714286
solutionList.size() = 3
pattern.getKey() = 14@17@19@29@39@
用时：0.296 s
--------------------------------------- Price Problem End --------------------------------------------------------
		40 Add column : 1 col:53 	1.125
			Start solve  LP :1.125
			End solve LP obj: 13.384615384615381 t: 0
com.wlj.solver.BBSolver:
--------------------------------------- Price Problem Start --------------------------------------------------------
dualPrice.size = 40 , dualPrice = [1.0, 1.0, 1.0, 0.8461538461538463, 0.8461538461538463, 0.846153846153846, 0.6923076923076923, 0.6153846153846154, 0.6923076923076923, 0.5384615384615385, 0.5384615384615385, 0.3076923076923077, 0.46153846153846145, 0.3846153846153846, 0.3076923076923078, 0.3846153846153846, 0.38461538461538447, 0.23076923076923084, 0.3846153846153846, 0.30769230769230765, 0.3846153846153846, 0.15384615384615385, -0.0, 0.1538461538461538, 0.15384615384615397, 0.15384615384615374, -0.0, 0.15384615384615372, 0.07692307692307698, 0.15384615384615372, 0.07692307692307687, 0.15384615384615397, -0.0, -1.3877787807814457E-16, -0.0, 1.3877787807814457E-16, -0.0, -0.0, -0.0, -0.0]
			Active cut size: 0
W = 100 
H = 100
normalXList.size = 41
normalYList.size = 61
xList.size = 21
yList.size = 43
squareList.size = 30
myConsList.size = 0
当前上界 = 1.4615384615384617
当前上界 = 1.4307692307692308
当前上界 = 1.4
当前上界 = 1.369230769230769
当前上界 = 1.3384615384615381
当前上界 = 1.3076923076923073
当前上界 = 1.2769230769230764
当前上界 = 1.2461538461538455
当前上界 = 1.2153846153846146
最优解：1.2307692307692308
solutionList.size() = 4
pattern.getKey() = 8@16@31@
用时：0.063 s
--------------------------------------- Price Problem End --------------------------------------------------------
		41 Add column : 1 col:54 	1.188
			Start solve  LP :1.188
			End solve LP obj: 13.384615384615381 t: 0
com.wlj.solver.BBSolver:
--------------------------------------- Price Problem Start --------------------------------------------------------
dualPrice.size = 40 , dualPrice = [1.0, 1.0, 1.0, 0.8461538461538461, 0.8461538461538461, 0.846153846153846, 0.6923076923076923, 0.6153846153846154, 0.4615384615384617, 0.5384615384615385, 0.5384615384615385, 0.5384615384615383, 0.46153846153846145, 0.3846153846153846, 0.3076923076923077, 0.3846153846153846, 0.38461538461538436, 0.23076923076923084, 0.3846153846153846, 0.30769230769230765, 0.3846153846153846, 0.15384615384615385, -0.0, 0.1538461538461538, 0.15384615384615397, 0.15384615384615385, -0.0, 0.15384615384615385, 0.0769230769230771, 0.15384615384615385, 0.07692307692307687, 0.15384615384615397, -0.0, -0.0, -0.0, 0.0, -0.0, -0.0, -0.0, -0.0]
			Active cut size: 0
W = 100 
H = 100
normalXList.size = 41
normalYList.size = 61
xList.size = 21
yList.size = 43
squareList.size = 30
myConsList.size = 0
当前上界 = 1.4615384615384617
当前上界 = 1.4307692307692308
当前上界 = 1.4
当前上界 = 1.369230769230769
当前上界 = 1.3384615384615381
当前上界 = 1.3076923076923073
当前上界 = 1.2769230769230764
当前上界 = 1.2461538461538455
当前上界 = 1.2153846153846146
最优解：1.2307692307692304
solutionList.size() = 5
pattern.getKey() = 11@16@27@31@
pattern.getKey() = 16@20@27@29@31@
pattern.getKey() = 18@20@23@29@31@
用时：0.047 s
--------------------------------------- Price Problem End --------------------------------------------------------
		42 Add column : 1 col:55 	1.235
			Start solve  LP :1.235
			End solve LP obj: 13.384615384615381 t: 0
com.wlj.solver.BBSolver:
--------------------------------------- Price Problem Start --------------------------------------------------------
dualPrice.size = 40 , dualPrice = [1.0, 1.0, 1.0, 0.8461538461538461, 0.8461538461538461, 0.846153846153846, 0.6923076923076923, 0.6923076923076923, 0.6153846153846156, 0.5384615384615385, 0.5384615384615385, 0.38461538461538436, 0.4615384615384615, 0.3846153846153846, 0.3076923076923077, 0.3846153846153846, 0.38461538461538436, 0.23076923076923084, 0.3076923076923077, 0.30769230769230765, 0.3846153846153846, 0.15384615384615385, -0.0, 0.1538461538461538, 0.1538461538461539, 0.15384615384615385, -0.0, 0.15384615384615385, 0.0769230769230771, 0.15384615384615385, 0.07692307692307693, 5.551115123125783E-17, 0.15384615384615397, -0.0, -0.0, 0.0, -0.0, -0.0, -0.0, -0.0]
			Active cut size: 0
W = 100 
H = 100
normalXList.size = 49
normalYList.size = 61
xList.size = 23
yList.size = 43
squareList.size = 30
myConsList.size = 0
当前上界 = 1.4615384615384615
当前上界 = 1.4307692307692308
当前上界 = 1.4000000000000001
当前上界 = 1.3692307692307695
当前上界 = 1.3384615384615388
当前上界 = 1.3076923076923082
当前上界 = 1.2769230769230775
当前上界 = 1.2461538461538468
当前上界 = 1.2153846153846162
最优解：1.2307692307692306
solutionList.size() = 4
pattern.getKey() = 16@20@27@29@32@
pattern.getKey() = 6@24@27@30@32@
用时：0.078 s
--------------------------------------- Price Problem End --------------------------------------------------------
		43 Add column : 1 col:56 	1.313
			Start solve  LP :1.313
			End solve LP obj: 13.369565217391303 t: 0
com.wlj.solver.BBSolver:
--------------------------------------- Price Problem Start --------------------------------------------------------
dualPrice.size = 40 , dualPrice = [1.0, 1.0, 1.0, 0.8478260869565217, 0.8478260869565217, 0.9130434782608695, 0.6739130434782608, 0.7391304347826086, 0.4565217391304347, 0.5, 0.5217391304347825, 0.5434782608695653, 0.5, 0.4130434782608695, 0.30434782608695643, 0.4130434782608695, 0.4565217391304348, 0.21739130434782608, 0.2391304347826087, 0.3260869565217392, 0.3695652173913044, 0.17391304347826086, -0.0, 0.15217391304347833, 0.08695652173913049, 0.15217391304347827, -0.0, 0.15217391304347822, 0.021739130434782705, 0.15217391304347822, 0.08695652173913049, 0.08695652173913049, 0.0, -0.0, -0.0, 0.021739130434782705, -0.0, -0.0, -0.0, -0.0]
			Active cut size: 0
W = 100 
H = 100
normalXList.size = 54
normalYList.size = 62
xList.size = 31
yList.size = 45
squareList.size = 31
myConsList.size = 0
当前上界 = 1.5217391304347827
当前上界 = 1.4869565217391305
当前上界 = 1.4521739130434783
当前上界 = 1.4173913043478261
当前上界 = 1.382608695652174
当前上界 = 1.3478260869565217
当前上界 = 1.3130434782608695
当前上界 = 1.2782608695652173
当前上界 = 1.2434782608695651
当前上界 = 1.208695652173913
最优解：1.2391304347826089
solutionList.size() = 2
pattern.getKey() = 11@16@27@31@
用时：0.078 s
--------------------------------------- Price Problem End --------------------------------------------------------
		44 Add column : 1 col:57 	1.391
			Start solve  LP :1.391
			End solve LP obj: 13.355769230769235 t: 0
com.wlj.solver.BBSolver:
--------------------------------------- Price Problem Start --------------------------------------------------------
dualPrice.size = 40 , dualPrice = [1.0, 1.0, 1.0, 0.8846153846153846, 0.8846153846153846, 0.9038461538461539, 0.6923076923076923, 0.7115384615384613, 0.5576923076923077, 0.5, 0.5769230769230771, 0.4423076923076923, 0.5, 0.40384615384615385, 0.33653846153846134, 0.40384615384615385, 0.34615384615384615, 0.2403846153846153, 0.21153846153846156, 0.30769230769230776, 0.3557692307692308, 0.19230769230769254, -0.0, 0.11538461538461522, 0.09615384615384615, 0.11538461538461542, -0.0, 0.11538461538461539, 0.07692307692307707, 0.11538461538461539, 0.09615384615384615, 0.09615384615384615, -0.0, -0.0, -0.0, 0.0769230769230771, -0.0, -0.0, -0.0, -0.0]
			Active cut size: 0
W = 100 
H = 100
normalXList.size = 54
normalYList.size = 62
xList.size = 31
yList.size = 45
squareList.size = 31
myConsList.size = 0
当前上界 = 1.4134615384615388
当前上界 = 1.385897435897436
当前上界 = 1.3583333333333334
当前上界 = 1.3307692307692307
当前上界 = 1.303205128205128
当前上界 = 1.2756410256410253
当前上界 = 1.2480769230769226
当前上界 = 1.22051282051282
当前上界 = 1.1929487179487173
当前上界 = 1.1653846153846146
最优解：1.1923076923076925
solutionList.size() = 1
pattern.getKey() = 14@19@20@29@35@
用时：0.063 s
--------------------------------------- Price Problem End --------------------------------------------------------
		45 Add column : 1 col:58 	1.454
			Start solve  LP :1.454
			End solve LP obj: 13.338461538461535 t: 0
com.wlj.solver.BBSolver:
--------------------------------------- Price Problem Start --------------------------------------------------------
dualPrice.size = 40 , dualPrice = [1.0, 1.0, 1.0, 0.8923076923076922, 0.8923076923076922, 0.9153846153846159, 0.6461538461538465, 0.7846153846153847, 0.5538461538461539, 0.5153846153846152, 0.5076923076923083, 0.4461538461538461, 0.4846153846153848, 0.32307692307692315, 0.3923076923076923, 0.32307692307692315, 0.361538461538462, 0.3384615384615385, 0.21538461538461534, 0.16153846153846146, 0.33846153846153837, 0.1307692307692312, -0.0, 0.22307692307692234, 0.08461538461538415, 0.10769230769230775, -0.0, 0.1076923076923077, 0.13076923076922964, 0.1076923076923077, 0.16153846153846158, 0.08461538461538415, -0.0, 0.0, -0.0, -0.0, 0.10769230769230792, -0.0, -0.0, -0.0]
			Active cut size: 0
W = 100 
H = 100
normalXList.size = 54
normalYList.size = 61
xList.size = 31
yList.size = 43
squareList.size = 31
myConsList.size = 0
当前上界 = 1.5230769230769223
当前上界 = 1.4882051282051274
当前上界 = 1.4533333333333325
当前上界 = 1.4184615384615376
当前上界 = 1.3835897435897426
当前上界 = 1.3487179487179477
当前上界 = 1.3138461538461528
当前上界 = 1.2789743589743579
当前上界 = 1.244102564102563
最优解：1.269230769230768
solutionList.size() = 1
pattern.getKey() = 7@28@30@31@36@
用时：0.062 s
--------------------------------------- Price Problem End --------------------------------------------------------
		46 Add column : 1 col:59 	1.516
			Start solve  LP :1.516
			End solve LP obj: 13.331081081081079 t: 0
com.wlj.solver.BBSolver:
--------------------------------------- Price Problem Start --------------------------------------------------------
dualPrice.size = 40 , dualPrice = [1.0, 1.0, 1.0, 0.9256756756756759, 0.9256756756756759, 0.8918918918918918, 0.587837837837838, 0.6554054054054053, 0.581081081081081, 0.5, 0.5337837837837838, 0.41891891891891897, 0.49999999999999994, 0.33783783783783783, 0.41891891891891897, 0.33783783783783794, 0.3783783783783783, 0.33108108108108103, 0.2837837837837839, 0.17567567567567588, 0.33108108108108103, 0.17567567567567566, -0.0, 0.23648648648648632, 0.10810810810810823, 0.07432432432432412, -0.0, 0.07432432432432412, 0.08783783783783791, 0.07432432432432412, 0.1621621621621621, 0.04054054054054068, 0.06756756756756754, 0.060810810810810814, -0.0, -0.0, 0.05405405405405403, -0.0, -0.0, -0.0]
			Active cut size: 0
W = 100 
H = 100
normalXList.size = 78
normalYList.size = 61
xList.size = 67
yList.size = 43
squareList.size = 33
myConsList.size = 0
当前上界 = 1.4256756756756752
当前上界 = 1.3972972972972968
当前上界 = 1.3689189189189184
当前上界 = 1.34054054054054
当前上界 = 1.3121621621621615
当前上界 = 1.283783783783783
当前上界 = 1.2554054054054047
当前上界 = 1.2270270270270263
当前上界 = 1.1986486486486478
当前上界 = 1.1702702702702694
当前上界 = 1.141891891891891
最优解：1.162162162162162
solutionList.size() = 3
pattern.getKey() = 2@30@
用时：0.359 s
--------------------------------------- Price Problem End --------------------------------------------------------
		47 Add column : 1 col:60 	1.875
			Start solve  LP :1.875
			End solve LP obj: 13.331081081081079 t: 0
com.wlj.solver.BBSolver:
--------------------------------------- Price Problem Start --------------------------------------------------------
dualPrice.size = 40 , dualPrice = [1.0, 1.0, 0.8378378378378379, 0.9256756756756759, 0.9256756756756759, 0.8918918918918918, 0.587837837837838, 0.6554054054054053, 0.581081081081081, 0.5, 0.5337837837837838, 0.41891891891891897, 0.49999999999999994, 0.33783783783783783, 0.41891891891891897, 0.33783783783783794, 0.3783783783783783, 0.33108108108108103, 0.2837837837837839, 0.17567567567567588, 0.33108108108108103, 0.17567567567567566, 0.16216216216216206, 0.23648648648648632, 0.10810810810810823, 0.07432432432432412, -0.0, 0.07432432432432412, 0.08783783783783791, 0.07432432432432412, 0.1621621621621621, 0.04054054054054068, 0.06756756756756754, 0.060810810810810814, -0.0, -0.0, 0.05405405405405403, -0.0, -0.0, -0.0]
			Active cut size: 0
W = 100 
H = 100
normalXList.size = 78
normalYList.size = 65
xList.size = 67
yList.size = 51
squareList.size = 34
myConsList.size = 0
当前上界 = 1.4256756756756752
当前上界 = 1.3972972972972968
当前上界 = 1.3689189189189184
当前上界 = 1.34054054054054
当前上界 = 1.3121621621621615
当前上界 = 1.283783783783783
当前上界 = 1.2554054054054047
当前上界 = 1.2270270270270263
当前上界 = 1.1986486486486478
当前上界 = 1.1702702702702694
当前上界 = 1.141891891891891
最优解：1.162162162162162
solutionList.size() = 2
pattern.getKey() = 1@30@
用时：0.391 s
--------------------------------------- Price Problem End --------------------------------------------------------
		48 Add column : 1 col:61 	2.266
			Start solve  LP :2.266
			End solve LP obj: 13.331081081081079 t: 0
com.wlj.solver.BBSolver:
--------------------------------------- Price Problem Start --------------------------------------------------------
dualPrice.size = 40 , dualPrice = [1.0, 0.8378378378378379, 0.8378378378378379, 0.9256756756756759, 0.9256756756756759, 0.8918918918918918, 0.587837837837838, 0.6554054054054053, 0.581081081081081, 0.5, 0.5337837837837838, 0.41891891891891897, 0.49999999999999994, 0.33783783783783783, 0.41891891891891897, 0.33783783783783794, 0.3783783783783783, 0.33108108108108103, 0.2837837837837839, 0.17567567567567588, 0.33108108108108103, 0.17567567567567566, 0.16216216216216206, 0.23648648648648632, 0.10810810810810823, 0.07432432432432412, 0.16216216216216206, 0.07432432432432412, 0.08783783783783791, 0.07432432432432412, 0.1621621621621621, 0.04054054054054068, 0.06756756756756754, 0.060810810810810814, -0.0, -0.0, 0.05405405405405403, -0.0, -0.0, -0.0]
			Active cut size: 0
W = 100 
H = 100
normalXList.size = 78
normalYList.size = 65
xList.size = 67
yList.size = 51
squareList.size = 35
myConsList.size = 0
当前上界 = 1.4256756756756752
当前上界 = 1.3972972972972968
当前上界 = 1.3689189189189184
当前上界 = 1.34054054054054
当前上界 = 1.3121621621621615
当前上界 = 1.283783783783783
当前上界 = 1.2554054054054047
当前上界 = 1.2270270270270263
当前上界 = 1.1986486486486478
最优解：1.2027027027027022
solutionList.size() = 1
pattern.getKey() = 14@20@26@29@30@36@
用时：0.234 s
--------------------------------------- Price Problem End --------------------------------------------------------
		49 Add column : 1 col:62 	2.5
			Start solve  LP :2.5
			End solve LP obj: 13.326203208556151 t: 0
com.wlj.solver.BBSolver:
--------------------------------------- Price Problem Start --------------------------------------------------------
dualPrice.size = 40 , dualPrice = [1.0, 0.893048128342246, 0.893048128342246, 0.9732620320855615, 0.9732620320855615, 0.8288770053475935, 0.6524064171122994, 0.6310160427807489, 0.5133689839572193, 0.5454545454545454, 0.53475935828877, 0.48663101604278075, 0.4545454545454546, 0.3475935828877006, 0.4064171122994653, 0.3475935828877004, 0.3582887700534761, 0.32620320855614976, 0.3208556149732621, 0.2406417112299465, 0.3262032085561498, 0.14973262032085555, 0.106951871657754, 0.19786096256684504, 0.17112299465240655, 0.0267379679144385, 0.10695187165775398, 0.0267379679144385, 0.10695187165775402, 0.0267379679144385, 0.10695187165775398, 0.12834224598930466, 0.042780748663101886, 0.04812834224598905, -0.0, -0.0, 0.026737967914438457, -0.0, -0.0, -0.0]
			Active cut size: 0
W = 100 
H = 100
normalXList.size = 78
normalYList.size = 65
xList.size = 67
yList.size = 51
squareList.size = 35
myConsList.size = 0
当前上界 = 1.3315508021390379
当前上界 = 1.3094474153297686
当前上界 = 1.2873440285204993
当前上界 = 1.26524064171123
当前上界 = 1.2431372549019608
当前上界 = 1.2210338680926915
当前上界 = 1.1989304812834223
当前上界 = 1.176827094474153
当前上界 = 1.1547237076648837
当前上界 = 1.1326203208556145
当前上界 = 1.1105169340463452
最优解：1.1229946524064176
solutionList.size() = 2
pattern.getKey() = 7@18@31@32@
用时：0.25 s
--------------------------------------- Price Problem End --------------------------------------------------------
		50 Add column : 1 col:63 	2.75
			Start solve  LP :2.75
			End solve LP obj: 13.318407960199009 t: 0
com.wlj.solver.BBSolver:
--------------------------------------- Price Problem Start --------------------------------------------------------
dualPrice.size = 40 , dualPrice = [1.0, 0.900497512437811, 0.900497512437811, 0.9054726368159204, 0.9054726368159204, 0.8905472636815921, 0.6368159203980099, 0.592039800995025, 0.5472636815920398, 0.5373134328358209, 0.4975124378109453, 0.4527363184079602, 0.46268656716417916, 0.3631840796019901, 0.32338308457711434, 0.36318407960199, 0.40298507462686567, 0.3184079601990049, 0.29850746268656714, 0.26368159203980096, 0.318407960199005, 0.18905472636815923, 0.09950248756218905, 0.17412935323383083, 0.10945273631840793, 0.09452736318407962, 0.09950248756218905, 0.09452736318407962, 0.09950248756218903, 0.09452736318407962, 0.09950248756218905, 0.04975124378109452, 0.05970149253731341, 0.10945273631840793, -0.0, -0.0, 0.06467661691542291, -0.0, -0.0, -0.0]
			Active cut size: 0
W = 100 
H = 100
normalXList.size = 78
normalYList.size = 65
xList.size = 67
yList.size = 51
squareList.size = 35
myConsList.size = 0
当前上界 = 1.3880597014925373
当前上界 = 1.3621890547263682
当前上界 = 1.336318407960199
当前上界 = 1.31044776119403
当前上界 = 1.2845771144278608
当前上界 = 1.2587064676616917
当前上界 = 1.2328358208955226
当前上界 = 1.2069651741293534
当前上界 = 1.1810945273631843
最优解：1.1890547263681592
solutionList.size() = 1
pattern.getKey() = 11@16@30@32@33@36@
用时：0.266 s
--------------------------------------- Price Problem End --------------------------------------------------------
		51 Add column : 1 col:64 	3.016
			Start solve  LP :3.016
			End solve LP obj: 13.3125 t: 0
com.wlj.solver.BBSolver:
--------------------------------------- Price Problem Start --------------------------------------------------------
dualPrice.size = 40 , dualPrice = [1.0, 0.8875000000000001, 0.8875000000000001, 0.88125, 0.88125, 0.9, 0.6687500000000001, 0.6062500000000002, 0.5749999999999997, 0.5125, 0.5624999999999999, 0.42500000000000027, 0.48750000000000004, 0.37500000000000006, 0.30625, 0.3750000000000001, 0.3250000000000003, 0.3124999999999999, 0.29374999999999984, 0.26249999999999996, 0.31250000000000006, 0.19374999999999987, 0.11249999999999993, 0.13750000000000007, 0.09999999999999998, 0.11875000000000002, 0.11249999999999998, 0.11875000000000005, 0.11249999999999977, 0.11875000000000005, 0.11249999999999998, 0.09999999999999998, -0.0, 0.09999999999999998, -0.0, -0.0, 0.03750000000000005, -0.0, -0.0, -0.0]
			Active cut size: 0
W = 100 
H = 100
normalXList.size = 69
normalYList.size = 65
xList.size = 49
yList.size = 51
squareList.size = 34
myConsList.size = 0
当前上界 = 1.3125000000000004
当前上界 = 1.2916666666666672
当前上界 = 1.270833333333334
当前上界 = 1.2500000000000007
当前上界 = 1.2291666666666674
当前上界 = 1.2083333333333341
当前上界 = 1.1875000000000009
当前上界 = 1.1666666666666676
当前上界 = 1.1458333333333344
当前上界 = 1.125000000000001
当前上界 = 1.1041666666666679
当前上界 = 1.0833333333333346
最优解：1.1
solutionList.size() = 3
pattern.getKey() = 5@31@33@
用时：0.25 s
--------------------------------------- Price Problem End --------------------------------------------------------
		52 Add column : 1 col:65 	3.266
			Start solve  LP :3.266
			End solve LP obj: 13.310000000000006 t: 0
com.wlj.solver.BBSolver:
--------------------------------------- Price Problem Start --------------------------------------------------------
dualPrice.size = 40 , dualPrice = [1.0, 0.89, 0.89, 0.9200000000000002, 0.9200000000000002, 0.92, 0.6500000000000001, 0.6200000000000003, 0.6599999999999999, 0.51, 0.5499999999999998, 0.3400000000000001, 0.49, 0.37999999999999995, 0.34, 0.37999999999999995, 0.34, 0.31, 0.2999999999999997, 0.27, 0.31000000000000005, 0.21999999999999975, 0.10999999999999999, 0.13000000000000012, 0.07999999999999996, 0.07999999999999985, 0.10999999999999996, 0.0799999999999999, 0.1100000000000001, 0.0799999999999999, 0.10999999999999996, 0.0, 0.07999999999999996, 0.07999999999999996, -0.0, -0.0, 0.05000000000000003, -0.0, -0.0, -0.0]
			Active cut size: 0
W = 100 
H = 100
normalXList.size = 69
normalYList.size = 65
xList.size = 49
yList.size = 51
squareList.size = 34
myConsList.size = 0
当前上界 = 1.3399999999999999
当前上界 = 1.3173333333333332
当前上界 = 1.2946666666666666
当前上界 = 1.272
当前上界 = 1.2493333333333334
当前上界 = 1.2266666666666668
当前上界 = 1.2040000000000002
当前上界 = 1.1813333333333336
当前上界 = 1.158666666666667
当前上界 = 1.1360000000000003
当前上界 = 1.1133333333333337
最优解：1.13
solutionList.size() = 2
pattern.getKey() = 8@16@32@36@
用时：0.156 s
--------------------------------------- Price Problem End --------------------------------------------------------
		53 Add column : 1 col:66 	3.422
			Start solve  LP :3.422
			End solve LP obj: 13.308510638297877 t: 0
com.wlj.solver.BBSolver:
--------------------------------------- Price Problem Start --------------------------------------------------------
dualPrice.size = 40 , dualPrice = [1.0, 0.8829787234042552, 0.8829787234042552, 0.9574468085106382, 0.9574468085106382, 0.9042553191489362, 0.6382978723404256, 0.5638297872340425, 0.6063829787234043, 0.5, 0.6063829787234043, 0.3936170212765957, 0.49999999999999994, 0.38297872340425526, 0.3936170212765957, 0.38297872340425526, 0.276595744680851, 0.3085106382978724, 0.34042553191489366, 0.25531914893617014, 0.30851063829787234, 0.2446808510638298, 0.1170212765957448, 0.11702127659574468, 0.09574468085106383, 0.042553191489361764, 0.11702127659574474, 0.042553191489361764, 0.11702127659574468, 0.042553191489361764, 0.11702127659574474, 0.0, 0.09574468085106383, 0.09574468085106383, -0.0, -0.0, 0.021276595744680847, -0.0, -0.0, -0.0]
			Active cut size: 0
W = 100 
H = 100
normalXList.size = 69
normalYList.size = 65
xList.size = 49
yList.size = 51
squareList.size = 34
myConsList.size = 0
当前上界 = 1.3829787234042552
当前上界 = 1.3574468085106381
当前上界 = 1.331914893617021
当前上界 = 1.306382978723404
当前上界 = 1.280851063829787
当前上界 = 1.25531914893617
当前上界 = 1.2297872340425529
当前上界 = 1.2042553191489358
当前上界 = 1.1787234042553187
最优解：1.1808510638297873
solutionList.size() = 1
pattern.getKey() = 15@18@21@32@33@36@
用时：0.094 s
--------------------------------------- Price Problem End --------------------------------------------------------
		54 Add column : 1 col:67 	3.516
			Start solve  LP :3.516
			End solve LP obj: 13.305059523809524 t: 0
com.wlj.solver.BBSolver:
--------------------------------------- Price Problem Start --------------------------------------------------------
dualPrice.size = 40 , dualPrice = [1.0, 0.8839285714285714, 0.8839285714285714, 0.9642857142857144, 0.9642857142857144, 0.925595238095238, 0.7053571428571428, 0.6726190476190476, 0.5922619047619047, 0.5, 0.5803571428571428, 0.4077380952380953, 0.5, 0.3839285714285714, 0.38541666666666674, 0.3839285714285714, 0.29761904761904767, 0.3110119047619049, 0.25297619047619047, 0.26785714285714285, 0.3050595238095237, 0.18452380952380948, 0.1160714285714286, 0.11011904761904773, 0.07440476190476197, 0.03571428571428559, 0.11607142857142858, 0.03571428571428559, 0.12202380952380948, 0.03571428571428559, 0.11607142857142858, 0.005952380952380973, 0.068452380952381, 0.068452380952381, -0.0, 0.005952380952380931, 0.04166666666666663, -0.0, -0.0, -0.0]
			Active cut size: 0
W = 100 
H = 100
normalXList.size = 81
normalYList.size = 65
xList.size = 73
yList.size = 51
squareList.size = 36
myConsList.size = 0
当前上界 = 1.325892857142857
当前上界 = 1.3041666666666665
当前上界 = 1.282440476190476
当前上界 = 1.2607142857142855
当前上界 = 1.238988095238095
当前上界 = 1.2172619047619044
当前上界 = 1.195535714285714
当前上界 = 1.1738095238095234
当前上界 = 1.152083333333333
当前上界 = 1.1303571428571424
当前上界 = 1.1086309523809519
最优解：1.1220238095238095
solutionList.size() = 1
pattern.getKey() = 6@26@30@32@33@35@36@
用时：0.281 s
--------------------------------------- Price Problem End --------------------------------------------------------
		55 Add column : 1 col:68 	3.797
			Start solve  LP :3.797
			End solve LP obj: 13.299107142857146 t: 0
com.wlj.solver.BBSolver:
--------------------------------------- Price Problem Start --------------------------------------------------------
dualPrice.size = 40 , dualPrice = [1.0, 0.9017857142857143, 0.9017857142857143, 0.8303571428571428, 0.8303571428571428, 0.9732142857142857, 0.6785714285714286, 0.7232142857142857, 0.5625, 0.5, 0.5625, 0.4375, 0.5, 0.4017857142857143, 0.263392857142857, 0.4017857142857143, 0.3392857142857143, 0.2991071428571428, 0.25, 0.2678571428571429, 0.2991071428571429, 0.22321428571428573, 0.0982142857142857, 0.09821428571428567, 0.026785714285714274, 0.1696428571428572, 0.09821428571428571, 0.1696428571428572, 0.0982142857142857, 0.1696428571428572, 0.09821428571428571, 0.0, 0.026785714285714274, 0.026785714285714274, -0.0, -0.0, 0.07142857142857145, -0.0, -0.0, -0.0]
			Active cut size: 0
W = 100 
H = 100
normalXList.size = 69
normalYList.size = 65
xList.size = 49
yList.size = 51
squareList.size = 34
myConsList.size = 0
当前上界 = 1.3839285714285714
当前上界 = 1.3583333333333334
当前上界 = 1.3327380952380954
当前上界 = 1.3071428571428574
当前上界 = 1.2815476190476194
当前上界 = 1.2559523809523814
当前上界 = 1.2303571428571434
当前上界 = 1.2047619047619054
当前上界 = 1.1791666666666674
当前上界 = 1.1535714285714294
当前上界 = 1.1279761904761914
最优解：1.142857142857143
solutionList.size() = 1
pattern.getKey() = 12@13@27@36@
用时：0.203 s
--------------------------------------- Price Problem End --------------------------------------------------------
		56 Add column : 1 col:69 	4.016
			Start solve  LP :4.016
			End solve LP obj: 13.29651162790698 t: 0
com.wlj.solver.BBSolver:
--------------------------------------- Price Problem Start --------------------------------------------------------
dualPrice.size = 40 , dualPrice = [1.0, 0.9069767441860466, 0.9069767441860466, 0.9534883720930233, 0.9534883720930233, 0.9534883720930232, 0.6744186046511627, 0.7034883720930232, 0.5697674418604651, 0.5, 0.5988372093023255, 0.43023255813953487, 0.5, 0.4069767441860465, 0.4244186046511629, 0.4069767441860465, 0.3372093023255814, 0.29651162790697677, 0.25, 0.23255813953488366, 0.2965116279069767, 0.20348837209302326, 0.09302325581395343, 0.12209302325581406, 0.04651162790697677, 0.046511627906976716, 0.09302325581395349, 0.046511627906976716, 0.06395348837209314, 0.046511627906976716, 0.09302325581395349, 0.0, 0.04651162790697677, 0.04651162790697677, -0.0, -0.0, 0.0465116279069767, -0.0, -0.0, -0.0]
			Active cut size: 0
W = 100 
H = 100
normalXList.size = 69
normalYList.size = 65
xList.size = 49
yList.size = 51
squareList.size = 34
myConsList.size = 0
当前上界 = 1.377906976744186
当前上界 = 1.3527131782945736
当前上界 = 1.3275193798449612
当前上界 = 1.3023255813953487
当前上界 = 1.2771317829457363
当前上界 = 1.2519379844961238
当前上界 = 1.2267441860465114
当前上界 = 1.201550387596899
当前上界 = 1.1763565891472865
当前上界 = 1.151162790697674
当前上界 = 1.1259689922480616
当前上界 = 1.1007751937984491
当前上界 = 1.0755813953488367
最优解：1.0930232558139534
solutionList.size() = 1
pattern.getKey() = 5@32@33@36@
用时：0.141 s
--------------------------------------- Price Problem End --------------------------------------------------------
		57 Add column : 1 col:70 	4.157
			Start solve  LP :4.157
			End solve LP obj: 13.283088235294116 t: 0
com.wlj.solver.BBSolver:
--------------------------------------- Price Problem Start --------------------------------------------------------
dualPrice.size = 40 , dualPrice = [1.0, 0.8676470588235294, 0.8676470588235294, 0.9044117647058825, 0.9044117647058825, 0.9044117647058826, 0.5735294117647061, 0.6213235294117649, 0.5808823529411764, 0.5, 0.5551470588235297, 0.4191176470588236, 0.5, 0.36764705882352944, 0.3198529411764707, 0.36764705882352944, 0.35294117647058837, 0.3492647058823529, 0.2830882352941177, 0.23529411764705888, 0.28308823529411764, 0.2536764705882355, 0.13235294117647056, 0.17279411764705843, 0.09558823529411742, 0.09558823529411753, 0.13235294117647056, 0.09558823529411753, 0.09191176470588203, 0.09558823529411753, 0.13235294117647056, 0.06617647058823523, 0.029411764705882193, 0.029411764705882193, -0.0, 0.06617647058823523, 0.03676470588235303, -0.0, -0.0, -0.0]
			Active cut size: 0
W = 100 
H = 100
normalXList.size = 81
normalYList.size = 65
xList.size = 73
yList.size = 51
squareList.size = 36
myConsList.size = 0
当前上界 = 1.334558823529412
当前上界 = 1.3122549019607845
当前上界 = 1.2899509803921572
当前上界 = 1.2676470588235298
当前上界 = 1.2453431372549024
当前上界 = 1.223039215686275
当前上界 = 1.2007352941176477
当前上界 = 1.1784313725490203
当前上界 = 1.156127450980393
当前上界 = 1.1338235294117656
当前上界 = 1.1115196078431382
最优解：1.121323529411765
solutionList.size() = 2
pattern.getKey() = 17@20@21@30@35@36@
用时：0.453 s
--------------------------------------- Price Problem End --------------------------------------------------------
		58 Add column : 1 col:71 	4.61
			Start solve  LP :4.61
			End solve LP obj: 13.279411764705882 t: 0
com.wlj.solver.BBSolver:
--------------------------------------- Price Problem Start --------------------------------------------------------
dualPrice.size = 40 , dualPrice = [1.0, 0.8823529411764706, 0.8823529411764706, 0.8823529411764706, 0.8823529411764706, 0.8823529411764706, 0.5882352941176472, 0.6176470588235292, 0.5882352941176474, 0.5, 0.6176470588235294, 0.41176470588235264, 0.5, 0.38235294117647056, 0.3676470588235292, 0.38235294117647056, 0.35294117647058787, 0.33823529411764697, 0.26470588235294157, 0.17647058823529438, 0.27941176470588247, 0.20588235294117663, 0.11764705882352944, 0.20588235294117618, 0.11764705882352944, 0.11764705882352944, 0.11764705882352944, 0.11764705882352944, 0.029411764705882693, 0.11764705882352944, 0.11764705882352944, 0.05882352941176472, 0.05882352941176476, 0.05882352941176476, -0.0, 0.0588235294117645, -0.0, -0.0, -0.0, -0.0]
			Active cut size: 0
W = 100 
H = 100
normalXList.size = 78
normalYList.size = 65
xList.size = 67
yList.size = 51
squareList.size = 35
myConsList.size = 0
当前上界 = 1.352941176470588
当前上界 = 1.3294117647058823
当前上界 = 1.3058823529411765
当前上界 = 1.2823529411764707
当前上界 = 1.258823529411765
当前上界 = 1.235294117647059
当前上界 = 1.2117647058823533
当前上界 = 1.1882352941176475
当前上界 = 1.1647058823529417
最优解：1.1764705882352937
solutionList.size() = 1
pattern.getKey() = 10@23@27@30@32@35@
用时：0.156 s
--------------------------------------- Price Problem End --------------------------------------------------------
		59 Add column : 1 col:72 	4.766
			Start solve  LP :4.766
			End solve LP obj: 13.278523489932882 t: 0
com.wlj.solver.BBSolver:
--------------------------------------- Price Problem Start --------------------------------------------------------
dualPrice.size = 40 , dualPrice = [1.0, 0.8859060402684564, 0.8859060402684564, 0.9664429530201342, 0.9664429530201342, 0.9161073825503355, 0.6308724832214764, 0.7046979865771811, 0.5704697986577182, 0.5, 0.5838926174496644, 0.4295302013422818, 0.5, 0.3859060402684564, 0.4295302013422818, 0.3859060402684563, 0.37248322147651003, 0.3355704697986577, 0.21140939597315456, 0.20134228187919462, 0.2785234899328859, 0.18456375838926184, 0.11409395973154357, 0.18456375838926176, 0.08389261744966447, 0.033557046979865834, 0.11409395973154363, 0.03355704697986581, 0.04362416107382561, 0.03355704697986581, 0.11409395973154363, 0.057046979865771855, 0.02684563758389262, 0.02684563758389262, -0.0, 0.05704697986577181, 0.030201342281879193, -0.0, -0.0, -0.0]
			Active cut size: 0
W = 100 
H = 100
normalXList.size = 81
normalYList.size = 65
xList.size = 73
yList.size = 51
squareList.size = 36
myConsList.size = 0
当前上界 = 1.37248322147651
当前上界 = 1.3476510067114094
当前上界 = 1.3228187919463088
当前上界 = 1.2979865771812082
当前上界 = 1.2731543624161077
当前上界 = 1.2483221476510071
当前上界 = 1.2234899328859066
当前上界 = 1.198657718120806
当前上界 = 1.1738255033557055
当前上界 = 1.148993288590605
当前上界 = 1.1241610738255043
当前上界 = 1.0993288590604038
当前上界 = 1.0744966442953032
最优解：1.087248322147651
solutionList.size() = 4
pattern.getKey() = 12@13@30@35@36@
用时：0.531 s
--------------------------------------- Price Problem End --------------------------------------------------------
		60 Add column : 1 col:73 	5.297
			Start solve  LP :5.297
			End solve LP obj: 13.270096463022508 t: 0
com.wlj.solver.BBSolver:
--------------------------------------- Price Problem Start --------------------------------------------------------
dualPrice.size = 40 , dualPrice = [1.0, 0.8906752411575563, 0.8906752411575563, 0.954983922829582, 0.954983922829582, 0.8681672025723473, 0.6270096463022509, 0.5980707395498392, 0.594855305466238, 0.5112540192926045, 0.5884244372990355, 0.405144694533762, 0.4887459807073955, 0.37942122186495175, 0.40514469453376206, 0.37942122186495175, 0.3536977491961415, 0.3215434083601286, 0.2990353697749196, 0.2282958199356913, 0.2990353697749196, 0.18971061093247588, 0.10932475884244375, 0.1832797427652733, 0.13183279742765272, 0.045016077170418, 0.10932475884244375, 0.045016077170418, 0.05787781350482302, 0.045016077170418, 0.10932475884244375, 0.05144694533762058, 0.05144694533762058, 0.08038585209003214, -0.0, 0.022508038585209, -0.0, -0.0, -0.0, -0.0]
			Active cut size: 0
W = 100 
H = 100
normalXList.size = 78
normalYList.size = 65
xList.size = 67
yList.size = 51
squareList.size = 35
myConsList.size = 0
当前上界 = 1.3279742765273312
当前上界 = 1.3061093247588424
当前上界 = 1.2842443729903537
当前上界 = 1.2623794212218649
当前上界 = 1.240514469453376
当前上界 = 1.2186495176848873
当前上界 = 1.1967845659163985
当前上界 = 1.1749196141479097
当前上界 = 1.153054662379421
当前上界 = 1.131189710610932
当前上界 = 1.1093247588424433
当前上界 = 1.0874598070739545
当前上界 = 1.0655948553054657
最优解：1.0803858520900322
solutionList.size() = 3
pattern.getKey() = 14@16@24@30@33@
用时：0.172 s
--------------------------------------- Price Problem End --------------------------------------------------------
		61 Add column : 1 col:74 	5.485
			Start solve  LP :5.485
			End solve LP obj: 13.269230769230766 t: 0
com.wlj.solver.BBSolver:
--------------------------------------- Price Problem Start --------------------------------------------------------
dualPrice.size = 40 , dualPrice = [1.0, 0.8846153846153846, 0.8846153846153846, 0.9230769230769229, 0.9230769230769229, 0.8846153846153846, 0.6538461538461535, 0.6153846153846153, 0.6153846153846154, 0.5, 0.576923076923077, 0.3846153846153846, 0.49999999999999994, 0.38461538461538447, 0.3461538461538461, 0.38461538461538447, 0.3461538461538462, 0.3076923076923078, 0.3076923076923077, 0.269230769230769, 0.3076923076923077, 0.1923076923076924, 0.11538461538461542, 0.15384615384615408, 0.1153846153846154, 0.0769230769230771, 0.11538461538461547, 0.0769230769230771, 0.07692307692307676, 0.0769230769230771, 0.11538461538461547, 0.03846153846153848, 0.03846153846153847, 0.07692307692307693, -0.0, 1.1102230246251565E-16, -0.0, -0.0, -0.0, -0.0]
			Active cut size: 0
W = 100 
H = 100
normalXList.size = 70
normalYList.size = 65
xList.size = 51
yList.size = 51
squareList.size = 34
myConsList.size = 0
当前上界 = 1.3076923076923077
当前上界 = 1.2871794871794873
当前上界 = 1.2666666666666668
当前上界 = 1.2461538461538464
当前上界 = 1.225641025641026
当前上界 = 1.2051282051282055
当前上界 = 1.184615384615385
当前上界 = 1.1641025641025646
当前上界 = 1.1435897435897442
当前上界 = 1.1230769230769237
当前上界 = 1.1025641025641033
当前上界 = 1.0820512820512829
当前上界 = 1.0615384615384624
最优解：1.0769230769230769
solutionList.size() = 3
pattern.getKey() = 5@24@33@
用时：0.094 s
--------------------------------------- Price Problem End --------------------------------------------------------
		62 Add column : 1 col:75 	5.579
			Start solve  LP :5.579
			End solve LP obj: 13.25 t: 0
com.wlj.solver.BBSolver:
--------------------------------------- Price Problem Start --------------------------------------------------------
dualPrice.size = 40 , dualPrice = [1.0, 0.875, 0.875, 1.0, 1.0, 1.0, 0.6875, 0.8125, 0.5625, 0.5, 0.5625, 0.4375, 0.5, 0.3750000000000001, 0.4375, 0.5, 0.4375, 0.25, 0.1875, 0.3125, 0.25, 0.1875, 0.125, 0.125, 0.0, -0.0, 0.125, 0.0, 0.0, 0.0, 0.12499999999999994, 0.0, 0.0, 0.0, -0.0, -0.0, -0.0, -0.0, -0.0, -0.0]
			Active cut size: 0
W = 100 
H = 100
normalXList.size = 14
normalYList.size = 51
xList.size = 9
yList.size = 29
squareList.size = 26
myConsList.size = 0
当前上界 = 1.5
当前上界 = 1.4666666666666666
当前上界 = 1.4333333333333331
当前上界 = 1.3999999999999997
当前上界 = 1.3666666666666663
当前上界 = 1.3333333333333328
当前上界 = 1.2999999999999994
当前上界 = 1.266666666666666
当前上界 = 1.2333333333333325
当前上界 = 1.199999999999999
当前上界 = 1.1666666666666656
当前上界 = 1.1333333333333322
当前上界 = 1.0999999999999988
最优解：1.125
solutionList.size() = 8
pattern.getKey() = 4@30@
用时：0.0 s
--------------------------------------- Price Problem End --------------------------------------------------------
		63 Add column : 1 col:76 	5.579
			Start solve  LP :5.579
			End solve LP obj: 13.25 t: 0
com.wlj.solver.BBSolver:
--------------------------------------- Price Problem Start --------------------------------------------------------
dualPrice.size = 40 , dualPrice = [1.0, 1.0, 1.0, 1.0, 1.0, 1.0, 0.75, 0.75, 0.5, 0.5, 0.75, 0.5, 0.5, 0.5, 0.5, 0.5, 0.25, 0.25, 0.25, 0.25, 0.25, 0.25, 0.0, 0.0, 0.0, -0.0, 0.0, 0.0, -0.0, 0.0, 0.0, 0.0, 0.0, 0.0, -0.0, 0.0, -0.0, -0.0, -0.0, -0.0]
			Active cut size: 0
W = 100 
H = 100
normalXList.size = 9
normalYList.size = 17
xList.size = 7
yList.size = 13
squareList.size = 22
myConsList.size = 0
当前上界 = 1.5
当前上界 = 1.4666666666666666
当前上界 = 1.4333333333333331
当前上界 = 1.3999999999999997
当前上界 = 1.3666666666666663
当前上界 = 1.3333333333333328
当前上界 = 1.2999999999999994
当前上界 = 1.266666666666666
当前上界 = 1.2333333333333325
当前上界 = 1.199999999999999
当前上界 = 1.1666666666666656
当前上界 = 1.1333333333333322
当前上界 = 1.0999999999999988
当前上界 = 1.0666666666666653
当前上界 = 1.0333333333333319
当前上界 = 0.9999999999999986
最优解：1.0
solutionList.size() = 6
用时：0.0 s
--------------------------------------- Price Problem End --------------------------------------------------------
		64 Add column : 0 col:77 	5.579
	1 End Add column using column generation : 13.25 col: 77 cons: 0 cut: 0	5.579
   End add columnAndCut : 13.25 colGencnt: 1 price: 0 col: 77 cons: 0 cut: 0	5.579

Node lb: 13.25 ub: 14 : 5.579

Final Found Solution: 14 genNode: 1 extendedNode: 0:5.579
Bin size: 10000
1 : 9500, : 9500
2 : 5148,4032,41, : 9221
3 : 7392,1501,342, : 9235
4 : 6975,924,594, : 8493
5 : 3724,2856, : 6580
6 : 5236,1976,1536,539, : 9287
7 : 3456,2650,2254, : 8360
8 : 5329,1560,1060,341, : 8290
9 : 4380,2652,1140, : 8172
10 : 7448,1776,264, : 9488
11 : 8075,1410, : 9485
12 : 7315,1260,39, : 8614
13 : 4752,2610,996,330, : 8688
14 : 3024,2574, : 5598
----------------------- 1 ---------------------------
canvasWidth:100,
canvasHeight:100,
data:[{x:0,y:0,l:95,w:100},],
----------------------- 2 ---------------------------
canvasWidth:100,
canvasHeight:100,
data:[{x:48,y:0,l:99,w:52},{x:59,y:99,l:1,w:41},{x:0,y:0,l:84,w:48},],
----------------------- 3 ---------------------------
canvasWidth:100,
canvasHeight:100,
data:[{x:4,y:0,l:77,w:96},{x:21,y:77,l:19,w:79},{x:2,y:77,l:18,w:19},],
----------------------- 4 ---------------------------
canvasWidth:100,
canvasHeight:100,
data:[{x:25,y:0,l:93,w:75},{x:13,y:0,l:77,w:12},{x:4,y:0,l:66,w:9},],
----------------------- 5 ---------------------------
canvasWidth:100,
canvasHeight:100,
data:[{x:24,y:0,l:49,w:76},{x:32,y:49,l:42,w:68},],
----------------------- 6 ---------------------------
canvasWidth:100,
canvasHeight:100,
data:[{x:84,y:0,l:96,w:16},{x:7,y:0,l:68,w:77},{x:8,y:68,l:26,w:76},{x:0,y:0,l:77,w:7},],
----------------------- 7 ---------------------------
canvasWidth:100,
canvasHeight:100,
data:[{x:4,y:0,l:36,w:96},{x:50,y:36,l:53,w:50},{x:4,y:36,l:49,w:46},],
----------------------- 8 ---------------------------
canvasWidth:100,
canvasHeight:100,
data:[{x:27,y:0,l:73,w:73},{x:47,y:73,l:20,w:53},{x:1,y:0,l:60,w:26},{x:16,y:60,l:31,w:11},],
----------------------- 9 ---------------------------
canvasWidth:100,
canvasHeight:100,
data:[{x:40,y:0,l:73,w:60},{x:40,y:73,l:19,w:60},{x:6,y:0,l:78,w:34},],
----------------------- 10 ---------------------------
canvasWidth:100,
canvasHeight:100,
data:[{x:2,y:0,l:76,w:98},{x:26,y:76,l:24,w:74},{x:2,y:76,l:11,w:24},],
----------------------- 11 ---------------------------
canvasWidth:100,
canvasHeight:100,
data:[{x:5,y:0,l:85,w:95},{x:6,y:85,l:15,w:94},],
----------------------- 12 ---------------------------
canvasWidth:100,
canvasHeight:100,
data:[{x:5,y:0,l:77,w:95},{x:16,y:77,l:15,w:84},{x:13,y:77,l:13,w:3},],
----------------------- 13 ---------------------------
canvasWidth:100,
canvasHeight:100,
data:[{x:1,y:0,l:48,w:99},{x:13,y:48,l:30,w:87},{x:17,y:78,l:12,w:83},{x:2,y:48,l:30,w:11},],
----------------------- 14 ---------------------------
canvasWidth:100,
canvasHeight:100,
data:[{x:1,y:0,l:26,w:99},{x:58,y:26,l:72,w:42},],
