====================================== Class_06.2bp-45 =====================================
Reduced size: 100 usedBin: 0
[0, 1, 8, 12, 13, 14, 26, 27, 33, 34, 35, 39, 41, 46, 54, 60, 62, 68, 71, 76, 78, 79, 81, 90, 91, 92, 93, 98]
[2, 3, 4, 6, 7, 10, 15, 18, 24, 25, 28, 31, 32, 53, 55, 65, 66, 84, 89, 94, 95]
[5, 9, 11, 16, 17, 19, 20, 21, 22, 23, 29, 30, 38, 42, 45, 47, 57, 64, 67, 73, 77, 82, 83, 85, 88, 99]
[36, 37, 40, 43, 44, 48, 49, 50, 51, 52, 56, 58, 59, 61, 63, 69, 70, 72, 74, 75, 80, 86, 87, 96, 97]
------------------------------------------------
Best fit used bin number: 4
Found best solution: 4 0.125

   Statrt add columnAndCut col: 4 cons: 0 cut: 0	0.188

	1 Start Add column using column generation  col: 4 cons: 0 cut: 0	0.188
			Start solve  LP :0.188
			End solve LP obj: 4.0 t: 0
	1 End Add column using column generation : 4.0 col: 4 cons: 0 cut: 0	0.188
   End add columnAndCut : 4.0 colGencnt: 1 price: 0 col: 4 cons: 0 cut: 0	0.188

Node lb: 4.0 ub: 4 : 0.188

Final Found Solution: 4 genNode: 1 extendedNode: 0:0.188
Bin size: 90000
1 : 8554,7900,6660,6370,6200,6160,4462,4312,3528,3404,3364,2822,2660,2304,2058,1856,1848,1424,1188,970,784,768,708,384,366,240,195,55, : 81544
2 : 7722,7488,7125,6800,6776,6438,6048,5254,4620,4565,4248,3990,3570,2100,2016,1541,1440,588,387,176,147, : 83039
3 : 6816,6624,6402,5546,5264,5170,5103,4988,4950,4648,4056,4002,2832,2632,2480,2295,1998,1640,1426,1092,798,648,603,583,459,37, : 83092
4 : 3040,3024,2700,2544,2508,2280,2263,2240,2212,2145,2006,1952,1950,1848,1650,1330,1320,1152,1064,1023,768,517,486,142,130, : 42294
----------------------- 1 ---------------------------
canvasWidth:300,
canvasHeight:300,
data:[{x:230,y:0,l:91,w:70},{x:214,y:0,l:89,w:16},{x:137,y:0,l:56,w:77},{x:150,y:56,l:29,w:64},{x:153,y:85,l:6,w:61},{x:103,y:0,l:83,w:34},{x:288,y:91,l:99,w:12},{x:288,y:190,l:64,w:12},{x:288,y:254,l:32,w:12},{x:209,y:91,l:100,w:79},{x:173,y:91,l:98,w:36},{x:103,y:91,l:88,w:70},{x:242,y:192,l:97,w:46},{x:151,y:192,l:94,w:91},{x:162,y:286,l:3,w:80},{x:114,y:192,l:92,w:37},{x:0,y:0,l:62,w:100},{x:5,y:62,l:28,w:95},{x:52,y:90,l:48,w:48},{x:3,y:90,l:42,w:49},{x:13,y:132,l:5,w:39},{x:10,y:138,l:74,w:90},{x:42,y:212,l:58,w:58},{x:0,y:212,l:44,w:42},{x:41,y:270,l:12,w:59},{x:295,y:289,l:11,w:5},{x:198,y:289,l:10,w:97},{x:100,y:289,l:8,w:98},],
----------------------- 2 ---------------------------
canvasWidth:300,
canvasHeight:300,
data:[{x:216,y:0,l:72,w:84},{x:157,y:0,l:72,w:59},{x:83,y:0,l:71,w:74},{x:0,y:0,l:55,w:83},{x:201,y:72,l:78,w:99},{x:220,y:150,l:85,w:80},{x:230,y:235,l:57,w:70},{x:221,y:235,l:43,w:9},{x:205,y:150,l:96,w:15},{x:204,y:246,l:11,w:16},{x:206,y:258,l:42,w:14},{x:105,y:72,l:78,w:96},{x:113,y:150,l:77,w:88},{x:135,y:227,l:70,w:66},{x:112,y:227,l:67,w:23},{x:9,y:72,l:21,w:96},{x:2,y:72,l:21,w:7},{x:31,y:93,l:87,w:74},{x:6,y:93,l:84,w:25},{x:10,y:180,l:75,w:95},{x:20,y:255,l:42,w:85},],
----------------------- 3 ---------------------------
canvasWidth:300,
canvasHeight:300,
data:[{x:241,y:0,l:94,w:59},{x:160,y:0,l:63,w:81},{x:161,y:63,l:31,w:80},{x:74,y:0,l:58,w:86},{x:60,y:0,l:57,w:14},{x:142,y:58,l:36,w:18},{x:57,y:58,l:27,w:85},{x:75,y:85,l:9,w:67},{x:229,y:94,l:96,w:71},{x:135,y:94,l:56,w:94},{x:124,y:94,l:53,w:11},{x:201,y:150,l:39,w:28},{x:147,y:150,l:37,w:54},{x:130,y:150,l:27,w:17},{x:217,y:190,l:56,w:83},{x:222,y:246,l:52,w:78},{x:161,y:190,l:47,w:56},{x:124,y:190,l:1,w:37},{x:130,y:191,l:46,w:31},{x:169,y:237,l:59,w:48},{x:129,y:237,l:41,w:40},{x:55,y:94,l:96,w:69},{x:58,y:190,l:97,w:66},{x:0,y:0,l:94,w:55},{x:0,y:94,l:90,w:55},{x:9,y:184,l:87,w:46},],
----------------------- 4 ---------------------------
canvasWidth:300,
canvasHeight:300,
data:[{x:262,y:0,l:66,w:38},{x:234,y:0,l:38,w:28},{x:235,y:38,l:18,w:27},{x:249,y:56,l:10,w:13},{x:199,y:0,l:38,w:35},{x:202,y:38,l:24,w:32},{x:146,y:0,l:48,w:53},{x:152,y:48,l:11,w:47},{x:116,y:0,l:55,w:30},{x:92,y:0,l:55,w:24},{x:2,y:0,l:30,w:90},{x:13,y:30,l:28,w:79},{x:260,y:66,l:76,w:40},{x:262,y:142,l:60,w:38},{x:279,y:202,l:88,w:21},{x:263,y:202,l:72,w:16},{x:261,y:202,l:71,w:2},{x:224,y:66,l:84,w:36},{x:227,y:150,l:65,w:33},{x:232,y:220,l:80,w:28},{x:151,y:66,l:31,w:73},{x:118,y:66,l:31,w:33},{x:43,y:66,l:26,w:75},{x:165,y:97,l:34,w:59},{x:104,y:97,l:32,w:61},],
