====================================== Class_03.2bp-38 =====================================
Reduced size: 80 usedBin: 0
[9, 30, 44, 73]
[10, 22, 56]
[8, 33, 53, 63, 75]
[0, 55]
[6, 42, 54]
[12, 23, 49, 78]
[14, 25, 36]
[5, 32, 64, 74]
[1, 38, 66, 67, 79]
[3, 35, 52, 69, 71]
[4, 43, 45]
[13, 15, 62]
[11, 19, 57, 76]
[17, 18, 34]
[21, 24, 41]
[16, 20, 46, 65]
[7, 39, 61]
[29, 37, 50, 51, 60, 68]
[2, 58, 59, 72, 77]
[26, 31, 40]
[27, 28, 47, 48, 70]
------------------------------------------------
Best fit used bin number: 21
Found best solution: 21 0.156

   Statrt add columnAndCut col: 21 cons: 0 cut: 0	0.218

	1 Start Add column using column generation  col: 21 cons: 0 cut: 0	0.218
			Start solve  LP :0.218
			End solve LP obj: 21.0 t: 0
	1 End Add column using column generation : 21.0 col: 21 cons: 0 cut: 0	0.218
   End add columnAndCut : 21.0 colGencnt: 1 price: 0 col: 21 cons: 0 cut: 0	0.218

Node lb: 21.0 ub: 21 : 0.218

Final Found Solution: 21 genNode: 1 extendedNode: 0:0.218
Bin size: 1600
1 : 744,406,279,28, : 1457
2 : 726,528,147, : 1401
3 : 825,378,217,90,22, : 1532
4 : 1122,168, : 1290
5 : 896,288,184, : 1368
6 : 690,528,245,10, : 1473
7 : 630,522,340, : 1492
8 : 918,384,88,27, : 1417
9 : 1085,315,70,60,8, : 1538
10 : 928,350,232,36,32, : 1578
11 : 928,280,270, : 1478
12 : 640,620,95, : 1355
13 : 704,540,140,15, : 1399
14 : 609,551,374, : 1534
15 : 529,525,300, : 1354
16 : 612,532,264,72, : 1480
17 : 841,308,99, : 1248
18 : 418,315,240,238,102,48, : 1361
19 : 1056,132,110,30,12, : 1340
20 : 495,391,308, : 1194
21 : 483,432,260,260,32, : 1467
----------------------- 1 ---------------------------
canvasWidth:40,
canvasHeight:40,
data:[{x:16,y:0,l:31,w:24},{x:2,y:0,l:29,w:14},{x:2,y:29,l:2,w:14},{x:9,y:31,l:9,w:31},],
----------------------- 2 ---------------------------
canvasWidth:40,
canvasHeight:40,
data:[{x:18,y:0,l:33,w:22},{x:2,y:0,l:33,w:16},{x:19,y:33,l:7,w:21},],
----------------------- 3 ---------------------------
canvasWidth:40,
canvasHeight:40,
data:[{x:7,y:0,l:25,w:33},{x:34,y:25,l:15,w:6},{x:7,y:25,l:14,w:27},{x:12,y:39,l:1,w:22},{x:0,y:0,l:31,w:7},],
----------------------- 4 ---------------------------
canvasWidth:40,
canvasHeight:40,
data:[{x:7,y:0,l:34,w:33},{x:0,y:0,l:24,w:7},],
----------------------- 5 ---------------------------
canvasWidth:40,
canvasHeight:40,
data:[{x:12,y:0,l:32,w:28},{x:0,y:0,l:24,w:12},{x:17,y:32,l:8,w:23},],
----------------------- 6 ---------------------------
canvasWidth:40,
canvasHeight:40,
data:[{x:7,y:0,l:16,w:33},{x:10,y:16,l:23,w:30},{x:0,y:0,l:35,w:7},{x:5,y:35,l:5,w:2},],
----------------------- 7 ---------------------------
canvasWidth:40,
canvasHeight:40,
data:[{x:19,y:0,l:30,w:21},{x:1,y:0,l:29,w:18},{x:6,y:30,l:10,w:34},],
----------------------- 8 ---------------------------
canvasWidth:40,
canvasHeight:40,
data:[{x:28,y:0,l:32,w:12},{x:27,y:0,l:27,w:1},{x:29,y:32,l:8,w:11},{x:0,y:0,l:34,w:27},],
----------------------- 9 ---------------------------
canvasWidth:40,
canvasHeight:40,
data:[{x:5,y:0,l:2,w:35},{x:1,y:0,l:2,w:4},{x:9,y:2,l:35,w:31},{x:10,y:37,l:2,w:30},{x:0,y:2,l:35,w:9},],
----------------------- 10 ---------------------------
canvasWidth:40,
canvasHeight:40,
data:[{x:11,y:0,l:32,w:29},{x:10,y:0,l:32,w:1},{x:11,y:32,l:8,w:29},{x:0,y:0,l:35,w:10},{x:1,y:35,l:4,w:9},],
----------------------- 11 ---------------------------
canvasWidth:40,
canvasHeight:40,
data:[{x:11,y:0,l:32,w:29},{x:2,y:0,l:30,w:9},{x:5,y:32,l:8,w:35},],
----------------------- 12 ---------------------------
canvasWidth:40,
canvasHeight:40,
data:[{x:8,y:0,l:20,w:32},{x:3,y:0,l:19,w:5},{x:9,y:20,l:20,w:31},],
----------------------- 13 ---------------------------
canvasWidth:40,
canvasHeight:40,
data:[{x:8,y:0,l:22,w:32},{x:1,y:0,l:20,w:7},{x:0,y:0,l:15,w:1},{x:10,y:22,l:18,w:30},],
----------------------- 14 ---------------------------
canvasWidth:40,
canvasHeight:40,
data:[{x:19,y:0,l:29,w:21},{x:0,y:0,l:29,w:19},{x:6,y:29,l:11,w:34},],
----------------------- 15 ---------------------------
canvasWidth:40,
canvasHeight:40,
data:[{x:17,y:0,l:23,w:23},{x:20,y:23,l:15,w:20},{x:2,y:0,l:35,w:15},],
----------------------- 16 ---------------------------
canvasWidth:40,
canvasHeight:40,
data:[{x:22,y:0,l:34,w:18},{x:22,y:34,l:4,w:18},{x:0,y:0,l:12,w:22},{x:3,y:12,l:28,w:19},],
----------------------- 17 ---------------------------
canvasWidth:40,
canvasHeight:40,
data:[{x:12,y:0,l:11,w:28},{x:1,y:0,l:9,w:11},{x:11,y:11,l:29,w:29},],
----------------------- 18 ---------------------------
canvasWidth:40,
canvasHeight:40,
data:[{x:21,y:0,l:22,w:19},{x:25,y:22,l:16,w:15},{x:21,y:22,l:12,w:4},{x:18,y:0,l:34,w:3},{x:1,y:0,l:14,w:17},{x:3,y:14,l:21,w:15},],
----------------------- 19 ---------------------------
canvasWidth:40,
canvasHeight:40,
data:[{x:7,y:0,l:32,w:33},{x:7,y:32,l:4,w:33},{x:2,y:0,l:22,w:5},{x:0,y:0,l:15,w:2},{x:0,y:15,l:6,w:2},],
----------------------- 20 ---------------------------
canvasWidth:40,
canvasHeight:40,
data:[{x:25,y:0,l:33,w:15},{x:3,y:0,l:14,w:22},{x:8,y:17,l:23,w:17},],
----------------------- 21 ---------------------------
canvasWidth:40,
canvasHeight:40,
data:[{x:20,y:0,l:13,w:20},{x:0,y:0,l:13,w:20},{x:24,y:13,l:27,w:16},{x:3,y:13,l:23,w:21},{x:16,y:36,l:4,w:8},],
