====================================== Class_08.2bp-12 =====================================
Reduced size: 40 usedBin: 0
[1, 7]
[0, 5]
[4, 13, 22, 36]
[12, 17, 20, 30, 33]
[10, 18, 28]
[9, 16, 23, 27, 35]
[2, 3, 38]
[6, 14, 19, 39]
[11, 15, 29, 31, 32, 37]
[8, 24, 26, 34]
[21, 25]
------------------------------------------------
Best fit used bin number: 11
Found best solution: 11 0.25

   Statrt add columnAndCut col: 11 cons: 0 cut: 0	0.312

	1 Start Add column using column generation  col: 11 cons: 0 cut: 0	0.312
			Start solve  LP :0.312
			End solve LP obj: 11.0 t: 0
	1 End Add column using column generation : 11.0 col: 11 cons: 0 cut: 0	0.312
   End add columnAndCut : 11.0 colGencnt: 1 price: 0 col: 11 cons: 0 cut: 0	0.312

Node lb: 11.0 ub: 11 : 0.328

Final Found Solution: 11 genNode: 1 extendedNode: 0:0.328
Bin size: 10000
1 : 4800,3654, : 8454
2 : 4851,3825, : 8676
3 : 3950,2964,1800,444, : 9158
4 : 3036,2356,2100,1095,615, : 9202
5 : 3393,2349,1161, : 6903
6 : 3420,2392,1748,1302,460, : 9322
7 : 4704,4653,352, : 9709
8 : 3698,2520,2240,73, : 8531
9 : 3060,2475,1140,871,792,352, : 8690
10 : 3552,1716,1452,490, : 7210
11 : 1848,1540, : 3388
----------------------- 1 ---------------------------
canvasWidth:100,
canvasHeight:100,
data:[{x:52,y:0,l:100,w:48},{x:10,y:0,l:87,w:42},],
----------------------- 2 ---------------------------
canvasWidth:100,
canvasHeight:100,
data:[{x:1,y:0,l:49,w:99},{x:25,y:49,l:51,w:75},],
----------------------- 3 ---------------------------
canvasWidth:100,
canvasHeight:100,
data:[{x:21,y:0,l:50,w:79},{x:24,y:50,l:39,w:76},{x:26,y:89,l:6,w:74},{x:1,y:0,l:90,w:20},],
----------------------- 4 ---------------------------
canvasWidth:100,
canvasHeight:100,
data:[{x:16,y:0,l:25,w:84},{x:31,y:25,l:44,w:69},{x:16,y:25,l:41,w:15},{x:24,y:69,l:31,w:76},{x:1,y:0,l:73,w:15},],
----------------------- 5 ---------------------------
canvasWidth:100,
canvasHeight:100,
data:[{x:13,y:0,l:39,w:87},{x:13,y:39,l:27,w:87},{x:57,y:66,l:27,w:43},],
----------------------- 6 ---------------------------
canvasWidth:100,
canvasHeight:100,
data:[{x:5,y:0,l:36,w:95},{x:7,y:36,l:14,w:93},{x:8,y:50,l:26,w:92},{x:8,y:76,l:19,w:92},{x:8,y:95,l:5,w:92},],
----------------------- 7 ---------------------------
canvasWidth:100,
canvasHeight:100,
data:[{x:1,y:0,l:47,w:99},{x:4,y:47,l:49,w:96},{x:12,y:96,l:4,w:88},],
----------------------- 8 ---------------------------
canvasWidth:100,
canvasHeight:100,
data:[{x:10,y:0,l:28,w:90},{x:14,y:28,l:43,w:86},{x:20,y:71,l:28,w:80},{x:27,y:99,l:1,w:73},],
----------------------- 9 ---------------------------
canvasWidth:100,
canvasHeight:100,
data:[{x:1,y:0,l:25,w:99},{x:5,y:25,l:12,w:95},{x:15,y:37,l:36,w:85},{x:4,y:37,l:32,w:11},{x:33,y:73,l:13,w:67},{x:34,y:86,l:12,w:66},],
----------------------- 10 ---------------------------
canvasWidth:100,
canvasHeight:100,
data:[{x:22,y:0,l:22,w:78},{x:26,y:22,l:48,w:74},{x:30,y:70,l:7,w:70},{x:34,y:77,l:22,w:66},],
----------------------- 11 ---------------------------
canvasWidth:100,
canvasHeight:100,
data:[{x:23,y:0,l:24,w:77},{x:30,y:24,l:22,w:70},],
