====================================== Class_05.2bp-4 =====================================
Reduced size: 20 usedBin: 0
[3, 5, 12, 13]
[6, 7, 8, 9, 10]
[2, 4, 11, 15, 19]
[0, 16]
[1, 14, 17, 18]
------------------------------------------------
Best fit used bin number: 5
Found best solution: 5 0.297

   Statrt add columnAndCut col: 5 cons: 0 cut: 0	0.359

	1 Start Add column using column generation  col: 5 cons: 0 cut: 0	0.359
			Start solve  LP :0.359
			End solve LP obj: 5.0 t: 0
	1 End Add column using column generation : 5.0 col: 5 cons: 0 cut: 0	0.359
   End add columnAndCut : 5.0 colGencnt: 1 price: 0 col: 5 cons: 0 cut: 0	0.359

Node lb: 5.0 ub: 5 : 0.359

Final Found Solution: 5 genNode: 1 extendedNode: 0:0.359
Bin size: 10000
1 : 3185,2673,1200,1037, : 8095
2 : 2408,2175,1400,1330,1274, : 8587
3 : 3420,3154,1250,576,7, : 8407
4 : 8463,544, : 9007
5 : 8036,880,325,272, : 9513
----------------------- 1 ---------------------------
canvasWidth:100,
canvasHeight:100,
data:[{x:19,y:0,l:33,w:81},{x:51,y:33,l:65,w:49},{x:21,y:33,l:40,w:30},{x:2,y:0,l:61,w:17},],
----------------------- 2 ---------------------------
canvasWidth:100,
canvasHeight:100,
data:[{x:0,y:0,l:14,w:100},{x:9,y:14,l:14,w:91},{x:13,y:28,l:25,w:87},{x:44,y:53,l:43,w:56},{x:9,y:53,l:38,w:35},],
----------------------- 3 ---------------------------
canvasWidth:100,
canvasHeight:100,
data:[{x:62,y:0,l:83,w:38},{x:64,y:83,l:16,w:36},{x:26,y:0,l:95,w:36},{x:1,y:0,l:50,w:25},{x:0,y:0,l:7,w:1},],
----------------------- 4 ---------------------------
canvasWidth:100,
canvasHeight:100,
data:[{x:7,y:0,l:91,w:93},{x:32,y:91,l:8,w:68},],
----------------------- 5 ---------------------------
canvasWidth:100,
canvasHeight:100,
data:[{x:2,y:0,l:82,w:98},{x:84,y:82,l:17,w:16},{x:4,y:82,l:11,w:80},{x:19,y:93,l:5,w:65},],
