====================================== Class_02.2bp-36 =====================================
Reduced size: 80 usedBin: 0
[0, 2, 3, 5, 6, 9, 10, 11, 18, 24, 28, 31, 39, 48, 51, 54, 55, 65, 67, 69, 74]
[1, 4, 7, 8, 12, 13, 14, 15, 16, 19, 21, 23, 32, 33, 34, 40, 42, 59, 62, 70, 71]
[17, 20, 22, 25, 26, 27, 29, 30, 35, 36, 37, 38, 41, 43, 44, 45, 46, 47, 49, 50, 52, 53, 56, 57, 58, 60, 61, 63, 64, 66, 68, 72, 73, 75, 76, 77, 78, 79]
------------------------------------------------
Best fit used bin number: 3
Found best solution: 3 0.266

   Statrt add columnAndCut col: 3 cons: 0 cut: 0	0.329

	1 Start Add column using column generation  col: 3 cons: 0 cut: 0	0.329
			Start solve  LP :0.329
			End solve LP obj: 3.0 t: 0
	1 End Add column using column generation : 3.0 col: 3 cons: 0 cut: 0	0.344
   End add columnAndCut : 3.0 colGencnt: 1 price: 0 col: 3 cons: 0 cut: 0	0.344

Node lb: 3.0 ub: 3 : 0.344

Final Found Solution: 3 genNode: 1 extendedNode: 0:0.344
Bin size: 900
1 : 100,80,80,70,70,60,60,56,50,45,40,40,30,20,20,18,18,10,10,8,4, : 889
2 : 81,72,63,63,56,56,54,54,54,49,48,45,36,35,35,30,27,14,12,7,7, : 898
3 : 54,49,48,45,45,45,40,40,35,32,30,30,30,25,24,24,24,24,20,20,20,20,18,18,15,14,12,12,12,10,8,6,6,4,4,4,3,3, : 873
----------------------- 1 ---------------------------
canvasWidth:30,
canvasHeight:30,
data:[{x:20,y:0,l:10,w:10},{x:12,y:0,l:10,w:8},{x:6,y:0,l:10,w:6},{x:3,y:0,l:10,w:3},{x:2,y:0,l:10,w:1},{x:1,y:0,l:10,w:1},{x:0,y:0,l:8,w:1},{x:22,y:10,l:10,w:8},{x:20,y:10,l:10,w:2},{x:20,y:20,l:6,w:10},{x:20,y:26,l:4,w:10},{x:10,y:10,l:7,w:10},{x:10,y:17,l:5,w:10},{x:10,y:22,l:4,w:10},{x:10,y:26,l:2,w:10},{x:11,y:28,l:2,w:9},{x:0,y:10,l:7,w:10},{x:3,y:17,l:8,w:7},{x:0,y:17,l:6,w:3},{x:1,y:23,l:2,w:2},{x:1,y:25,l:5,w:9},],
----------------------- 2 ---------------------------
canvasWidth:30,
canvasHeight:30,
data:[{x:21,y:0,l:8,w:9},{x:15,y:0,l:6,w:6},{x:15,y:6,l:2,w:6},{x:22,y:8,l:7,w:8},{x:15,y:8,l:7,w:7},{x:22,y:15,l:6,w:8},{x:15,y:15,l:5,w:7},{x:15,y:20,l:1,w:7},{x:9,y:0,l:9,w:6},{x:10,y:9,l:7,w:5},{x:9,y:9,l:7,w:1},{x:9,y:16,l:5,w:6},{x:23,y:21,l:9,w:7},{x:17,y:21,l:9,w:6},{x:12,y:21,l:9,w:5},{x:9,y:21,l:9,w:3},{x:0,y:0,l:9,w:9},{x:0,y:9,l:7,w:9},{x:0,y:16,l:6,w:9},{x:2,y:22,l:8,w:7},{x:0,y:22,l:7,w:2},],
----------------------- 3 ---------------------------
canvasWidth:30,
canvasHeight:30,
data:[{x:22,y:0,l:6,w:8},{x:22,y:6,l:5,w:8},{x:22,y:11,l:4,w:8},{x:22,y:15,l:3,w:8},{x:22,y:18,l:3,w:8},{x:23,y:21,l:7,w:7},{x:22,y:21,l:6,w:1},{x:25,y:28,l:2,w:5},{x:17,y:0,l:6,w:5},{x:17,y:6,l:4,w:5},{x:12,y:0,l:6,w:5},{x:12,y:6,l:4,w:5},{x:9,y:0,l:6,w:3},{x:9,y:6,l:4,w:3},{x:6,y:0,l:6,w:3},{x:6,y:6,l:4,w:3},{x:4,y:0,l:10,w:2},{x:2,y:0,l:10,w:2},{x:0,y:0,l:7,w:2},{x:0,y:7,l:2,w:2},{x:17,y:10,l:9,w:5},{x:12,y:10,l:9,w:5},{x:7,y:10,l:8,w:5},{x:8,y:18,l:1,w:4},{x:2,y:10,l:6,w:5},{x:0,y:10,l:4,w:2},{x:0,y:14,l:2,w:2},{x:2,y:16,l:3,w:5},{x:1,y:16,l:3,w:1},{x:13,y:19,l:6,w:9},{x:9,y:19,l:6,w:4},{x:0,y:19,l:5,w:9},{x:6,y:24,l:1,w:3},{x:15,y:25,l:5,w:7},{x:9,y:25,l:4,w:6},{x:9,y:29,l:1,w:6},{x:4,y:25,l:5,w:5},{x:0,y:25,l:3,w:4},],
