====================================== Class_01.2bp-8 =====================================
Reduced size: 20 usedBin: 0
[1, 15, 18]
[0, 13, 19]
[3, 6]
[7, 8, 10, 16]
[11, 12, 14]
[4, 9]
[2]
[5, 17]
------------------------------------------------
Best fit used bin number: 8
Found best solution: 8 0.141

   Statrt add columnAndCut col: 8 cons: 0 cut: 0	0.188

	1 Start Add column using column generation  col: 8 cons: 0 cut: 0	0.188
			Start solve  LP :0.203
			End solve LP obj: 8.0 t: 0
	1 End Add column using column generation : 8.0 col: 8 cons: 0 cut: 0	0.203
   End add columnAndCut : 8.0 colGencnt: 1 price: 0 col: 8 cons: 0 cut: 0	0.203

Node lb: 8.0 ub: 8 : 0.203

Final Found Solution: 8 genNode: 1 extendedNode: 0:0.203
Bin size: 100
1 : 63,12,4, : 79
2 : 72,20,4, : 96
3 : 54,40, : 94
4 : 28,27,24,12, : 91
5 : 24,24,18, : 66
6 : 50,25, : 75
7 : 56, : 56
8 : 48,10, : 58
----------------------- 1 ---------------------------
canvasWidth:10,
canvasHeight:10,
data:[{x:1,y:0,l:7,w:9},{x:6,y:7,l:3,w:4},{x:2,y:7,l:1,w:4},],
----------------------- 2 ---------------------------
canvasWidth:10,
canvasHeight:10,
data:[{x:0,y:0,l:2,w:10},{x:1,y:2,l:8,w:9},{x:0,y:2,l:4,w:1},],
----------------------- 3 ---------------------------
canvasWidth:10,
canvasHeight:10,
data:[{x:0,y:0,l:4,w:10},{x:1,y:4,l:6,w:9},],
----------------------- 4 ---------------------------
canvasWidth:10,
canvasHeight:10,
data:[{x:3,y:0,l:4,w:7},{x:6,y:4,l:6,w:4},{x:3,y:4,l:4,w:3},{x:0,y:0,l:9,w:3},],
----------------------- 5 ---------------------------
canvasWidth:10,
canvasHeight:10,
data:[{x:7,y:0,l:8,w:3},{x:3,y:0,l:6,w:4},{x:1,y:0,l:9,w:2},],
----------------------- 6 ---------------------------
canvasWidth:10,
canvasHeight:10,
data:[{x:5,y:0,l:10,w:5},{x:0,y:0,l:5,w:5},],
----------------------- 7 ---------------------------
canvasWidth:10,
canvasHeight:10,
data:[{x:2,y:0,l:7,w:8},],
----------------------- 8 ---------------------------
canvasWidth:10,
canvasHeight:10,
data:[{x:2,y:0,l:6,w:8},{x:0,y:0,l:5,w:2},],
