====================================== Class_06.2bp-34 =====================================
Reduced size: 80 usedBin: 0
[2, 3, 5, 6, 7, 8, 9, 10, 11, 17, 18, 20, 21, 22, 27, 32, 37, 45, 50, 51, 56, 57, 66, 68, 72, 74, 75]
[0, 1, 4, 12, 13, 14, 15, 16, 19, 23, 25, 26, 28, 29, 30, 31, 33, 40, 41, 47, 48, 53, 58, 64, 67, 70, 73, 76, 77, 78, 79]
[24, 34, 35, 36, 38, 39, 42, 43, 44, 46, 49, 52, 54, 55, 59, 60, 61, 62, 63, 65, 69, 71]
------------------------------------------------
Best fit used bin number: 3
Found best solution: 3 0.141

   Statrt add columnAndCut col: 3 cons: 0 cut: 0	0.188

	1 Start Add column using column generation  col: 3 cons: 0 cut: 0	0.188
			Start solve  LP :0.188
			End solve LP obj: 3.0 t: 0
	1 End Add column using column generation : 3.0 col: 3 cons: 0 cut: 0	0.203
   End add columnAndCut : 3.0 colGencnt: 1 price: 0 col: 3 cons: 0 cut: 0	0.203

Node lb: 3.0 ub: 3 : 0.203

Final Found Solution: 3 genNode: 1 extendedNode: 0:0.203
Bin size: 90000
1 : 6776,6030,5828,5429,5428,5325,5063,4928,4730,4004,3780,3600,3591,3234,3060,2915,2400,1659,1274,1245,900,871,455,296,194,132,115, : 83262
2 : 7821,6885,5840,4500,4450,4399,4224,4047,3780,3154,3120,3104,3042,3040,2958,2952,2800,2204,2160,1365,1350,1078,836,621,450,240,192,77,52,38,30, : 80809
3 : 3150,2700,2555,2430,2275,2268,2135,2065,1872,1518,1276,1107,984,945,804,800,740,713,702,594,288,234, : 32155
----------------------- 1 ---------------------------
canvasWidth:300,
canvasHeight:300,
data:[{x:223,y:0,l:64,w:77},{x:156,y:0,l:13,w:67},{x:163,y:13,l:51,w:60},{x:238,y:64,l:94,w:62},{x:240,y:158,l:15,w:60},{x:155,y:64,l:61,w:83},{x:163,y:125,l:48,w:75},{x:210,y:178,l:67,w:90},{x:155,y:178,l:53,w:55},{x:63,y:0,l:59,w:92},{x:67,y:59,l:77,w:88},{x:63,y:59,l:74,w:4},{x:64,y:136,l:14,w:91},{x:76,y:150,l:21,w:79},{x:80,y:171,l:71,w:75},{x:214,y:245,l:55,w:86},{x:166,y:245,l:50,w:48},{x:161,y:245,l:23,w:5},{x:63,y:245,l:33,w:98},{x:78,y:278,l:15,w:83},{x:67,y:278,l:12,w:11},{x:117,y:298,l:2,w:97},{x:0,y:0,l:57,w:63},{x:2,y:57,l:89,w:61},{x:9,y:146,l:70,w:54},{x:2,y:146,l:65,w:7},{x:11,y:216,l:77,w:52},],
----------------------- 2 ---------------------------
canvasWidth:300,
canvasHeight:300,
data:[{x:204,y:0,l:44,w:96},{x:150,y:0,l:40,w:54},{x:80,y:0,l:40,w:70},{x:219,y:44,l:85,w:81},{x:122,y:44,l:32,w:97},{x:130,y:76,l:50,w:89},{x:82,y:44,l:76,w:40},{x:266,y:129,l:87,w:34},{x:270,y:216,l:8,w:30},{x:271,y:224,l:76,w:29},{x:209,y:129,l:71,w:57},{x:132,y:129,l:1,w:77},{x:140,y:130,l:9,w:69},{x:146,y:139,l:60,w:63},{x:171,y:199,l:1,w:38},{x:227,y:200,l:78,w:39},{x:228,y:278,l:22,w:38},{x:191,y:200,l:82,w:36},{x:197,y:282,l:15,w:30},{x:201,y:297,l:2,w:26},{x:191,y:282,l:5,w:6},{x:151,y:200,l:78,w:40},{x:133,y:200,l:75,w:18},{x:79,y:129,l:83,w:53},{x:94,y:212,l:83,w:38},{x:0,y:0,l:99,w:79},{x:6,y:99,l:80,w:73},{x:34,y:179,l:100,w:45},{x:32,y:179,l:96,w:2},{x:17,y:179,l:91,w:15},{x:6,y:179,l:98,w:11},],
----------------------- 3 ---------------------------
canvasWidth:300,
canvasHeight:300,
data:[{x:265,y:0,l:73,w:35},{x:265,y:73,l:65,w:35},{x:265,y:138,l:61,w:35},{x:273,y:199,l:41,w:27},{x:276,y:240,l:41,w:24},{x:220,y:0,l:54,w:45},{x:245,y:54,l:37,w:20},{x:220,y:54,l:32,w:25},{x:229,y:91,l:63,w:36},{x:220,y:91,l:32,w:9},{x:236,y:154,l:44,w:29},{x:145,y:0,l:42,w:75},{x:70,y:0,l:36,w:75},{x:1,y:0,l:22,w:69},{x:3,y:22,l:12,w:67},{x:161,y:42,l:35,w:59},{x:134,y:42,l:26,w:27},{x:135,y:68,l:9,w:26},{x:99,y:42,l:27,w:35},{x:168,y:77,l:36,w:52},{x:150,y:77,l:33,w:18},{x:127,y:77,l:31,w:23},],
