====================================== Class_10.2bp-30 =====================================
Reduced size: 80 usedBin: 0
[10, 20, 22, 26, 50, 51]
[5, 28, 30, 42, 46, 54, 74, 76, 77]
[2, 31, 39, 41, 53, 64, 75, 79]
[1, 27, 33, 58, 59, 68, 70, 78]
[6, 12, 45, 66]
[3, 16, 40, 52]
[0, 56, 57, 62, 71]
[11, 25, 37, 38, 43, 48, 60]
[7, 15, 32, 44, 47]
[4, 13]
[17, 19, 23, 34, 35, 36, 49, 55, 67]
[9, 14, 18, 61, 65, 69]
[8, 21, 24, 29, 63, 72, 73]
------------------------------------------------
Best fit used bin number: 13
Found best solution: 13 0.156

   Statrt add columnAndCut col: 13 cons: 0 cut: 0	0.218

	1 Start Add column using column generation  col: 13 cons: 0 cut: 0	0.218
			Start solve  LP :0.218
			End solve LP obj: 13.0 t: 0
com.wlj.solver.BBSolver:
--------------------------------------- Price Problem Start --------------------------------------------------------
dualPrice.size = 80 , dualPrice = [1.0, 1.0, 1.0, 1.0, 1.0, 1.0, 1.0, 1.0, 1.0, 1.0, 1.0, 1.0, -0.0, -0.0, -0.0, -0.0, -0.0, 1.0, -0.0, -0.0, -0.0, -0.0, -0.0, -0.0, -0.0, -0.0, -0.0, -0.0, -0.0, -0.0, -0.0, -0.0, -0.0, -0.0, -0.0, -0.0, -0.0, -0.0, -0.0, -0.0, -0.0, -0.0, -0.0, -0.0, -0.0, -0.0, -0.0, -0.0, -0.0, -0.0, -0.0, -0.0, -0.0, -0.0, -0.0, -0.0, -0.0, -0.0, -0.0, -0.0, -0.0, -0.0, -0.0, -0.0, -0.0, -0.0, -0.0, -0.0, -0.0, -0.0, -0.0, -0.0, -0.0, -0.0, -0.0, -0.0, -0.0, -0.0, -0.0, -0.0]
			Active cut size: 0
W = 99 
H = 99
normalXList.size = 6
normalYList.size = 12
xList.size = 4
yList.size = 4
squareList.size = 13
myConsList.size = 0
当前上界 = 3.0
当前上界 = 2.8666666666666667
当前上界 = 2.7333333333333334
当前上界 = 2.6
当前上界 = 2.466666666666667
当前上界 = 2.3333333333333335
当前上界 = 2.2
当前上界 = 2.066666666666667
当前上界 = 1.9333333333333336
最优解：2.0
solutionList.size() = 10
pattern.getKey() = 8@17@
用时：0.016 s
--------------------------------------- Price Problem End --------------------------------------------------------
		1 Add column : 1 col:13 	0.234
			Start solve  LP :0.234
			End solve LP obj: 13.0 t: 0
com.wlj.solver.BBSolver:
--------------------------------------- Price Problem Start --------------------------------------------------------
dualPrice.size = 80 , dualPrice = [1.0, 1.0, 1.0, 1.0, 1.0, 1.0, 1.0, 1.0, 1.0, 1.0, 1.0, 1.0, -0.0, -0.0, -0.0, -0.0, -0.0, 0.0, -0.0, 1.0, -0.0, -0.0, -0.0, -0.0, -0.0, -0.0, -0.0, -0.0, -0.0, -0.0, -0.0, -0.0, -0.0, -0.0, -0.0, -0.0, -0.0, -0.0, -0.0, -0.0, -0.0, -0.0, -0.0, -0.0, -0.0, -0.0, -0.0, -0.0, -0.0, -0.0, -0.0, -0.0, -0.0, -0.0, -0.0, -0.0, -0.0, -0.0, -0.0, -0.0, -0.0, -0.0, -0.0, -0.0, -0.0, -0.0, -0.0, -0.0, -0.0, -0.0, -0.0, -0.0, -0.0, -0.0, -0.0, -0.0, -0.0, -0.0, -0.0, -0.0]
			Active cut size: 0
W = 99 
H = 100
normalXList.size = 9
normalYList.size = 4
xList.size = 6
yList.size = 4
squareList.size = 13
myConsList.size = 0
当前上界 = 3.0
当前上界 = 2.8666666666666667
当前上界 = 2.7333333333333334
当前上界 = 2.6
当前上界 = 2.466666666666667
当前上界 = 2.3333333333333335
当前上界 = 2.2
当前上界 = 2.066666666666667
当前上界 = 1.9333333333333336
最优解：2.0
solutionList.size() = 10
pattern.getKey() = 8@19@
用时：0.0 s
--------------------------------------- Price Problem End --------------------------------------------------------
		2 Add column : 1 col:14 	0.234
			Start solve  LP :0.234
			End solve LP obj: 13.0 t: 0
com.wlj.solver.BBSolver:
--------------------------------------- Price Problem Start --------------------------------------------------------
dualPrice.size = 80 , dualPrice = [1.0, 1.0, 1.0, 1.0, 1.0, 1.0, 1.0, 1.0, 0.5, 1.0, 1.0, 1.0, -0.0, -0.0, -0.0, -0.0, -0.0, 0.5, -0.0, 0.5, -0.0, 0.5, -0.0, -0.0, -0.0, -0.0, -0.0, -0.0, -0.0, -0.0, -0.0, -0.0, -0.0, -0.0, -0.0, -0.0, -0.0, -0.0, -0.0, -0.0, -0.0, -0.0, -0.0, -0.0, -0.0, -0.0, -0.0, -0.0, -0.0, -0.0, -0.0, -0.0, -0.0, -0.0, -0.0, -0.0, -0.0, -0.0, -0.0, -0.0, -0.0, -0.0, -0.0, -0.0, -0.0, -0.0, -0.0, -0.0, -0.0, -0.0, -0.0, -0.0, -0.0, -0.0, -0.0, -0.0, -0.0, -0.0, -0.0, -0.0]
			Active cut size: 0
W = 99 
H = 100
normalXList.size = 11
normalYList.size = 14
xList.size = 8
yList.size = 7
squareList.size = 15
myConsList.size = 0
当前上界 = 2.5
当前上界 = 2.4
当前上界 = 2.3
当前上界 = 2.1999999999999997
当前上界 = 2.0999999999999996
当前上界 = 1.9999999999999996
最优解：2.0
solutionList.size() = 10
pattern.getKey() = 11@19@21@
用时：0.016 s
--------------------------------------- Price Problem End --------------------------------------------------------
		3 Add column : 1 col:15 	0.25
			Start solve  LP :0.25
			End solve LP obj: 13.0 t: 0
com.wlj.solver.BBSolver:
--------------------------------------- Price Problem Start --------------------------------------------------------
dualPrice.size = 80 , dualPrice = [1.0, 1.0, 1.0, 1.0, 1.0, 1.0, 1.0, 1.0, 1.0, 1.0, 1.0, 1.0, -0.0, -0.0, -0.0, -0.0, -0.0, 0.0, -0.0, 0.0, -0.0, 0.0, -0.0, 1.0, -0.0, -0.0, -0.0, -0.0, -0.0, -0.0, -0.0, -0.0, -0.0, -0.0, -0.0, -0.0, -0.0, -0.0, -0.0, -0.0, -0.0, -0.0, -0.0, -0.0, -0.0, -0.0, -0.0, -0.0, -0.0, -0.0, -0.0, -0.0, -0.0, -0.0, -0.0, -0.0, -0.0, -0.0, -0.0, -0.0, -0.0, -0.0, -0.0, -0.0, -0.0, -0.0, -0.0, -0.0, -0.0, -0.0, -0.0, -0.0, -0.0, -0.0, -0.0, -0.0, -0.0, -0.0, -0.0, -0.0]
			Active cut size: 0
W = 99 
H = 100
normalXList.size = 6
normalYList.size = 12
xList.size = 4
yList.size = 4
squareList.size = 13
myConsList.size = 0
当前上界 = 3.0
当前上界 = 2.8666666666666667
当前上界 = 2.7333333333333334
当前上界 = 2.6
当前上界 = 2.466666666666667
当前上界 = 2.3333333333333335
当前上界 = 2.2
当前上界 = 2.066666666666667
当前上界 = 1.9333333333333336
最优解：2.0
solutionList.size() = 10
pattern.getKey() = 8@23@
用时：0.0 s
--------------------------------------- Price Problem End --------------------------------------------------------
		4 Add column : 1 col:16 	0.25
			Start solve  LP :0.25
			End solve LP obj: 13.0 t: 0
com.wlj.solver.BBSolver:
--------------------------------------- Price Problem Start --------------------------------------------------------
dualPrice.size = 80 , dualPrice = [1.0, 1.0, 1.0, 1.0, 1.0, 1.0, 1.0, 1.0, 0.5, 1.0, 1.0, 1.0, -0.0, -0.0, -0.0, -0.0, -0.0, 0.5, -0.0, -0.0, -0.0, 0.0, -0.0, 0.5, 0.5, -0.0, -0.0, -0.0, -0.0, -0.0, -0.0, -0.0, -0.0, -0.0, -0.0, -0.0, -0.0, -0.0, -0.0, -0.0, -0.0, -0.0, -0.0, -0.0, -0.0, -0.0, -0.0, -0.0, -0.0, -0.0, -0.0, -0.0, -0.0, -0.0, -0.0, -0.0, -0.0, -0.0, -0.0, -0.0, -0.0, -0.0, -0.0, -0.0, -0.0, -0.0, -0.0, -0.0, -0.0, -0.0, -0.0, -0.0, -0.0, -0.0, -0.0, -0.0, -0.0, -0.0, -0.0, -0.0]
			Active cut size: 0
W = 99 
H = 100
normalXList.size = 6
normalYList.size = 20
xList.size = 4
yList.size = 6
squareList.size = 15
myConsList.size = 0
当前上界 = 2.5
当前上界 = 2.4
当前上界 = 2.3
当前上界 = 2.1999999999999997
当前上界 = 2.0999999999999996
当前上界 = 1.9999999999999996
最优解：2.0
solutionList.size() = 8
pattern.getKey() = 5@9@
用时：0.0 s
--------------------------------------- Price Problem End --------------------------------------------------------
		5 Add column : 1 col:17 	0.25
			Start solve  LP :0.25
			End solve LP obj: 13.0 t: 0
com.wlj.solver.BBSolver:
--------------------------------------- Price Problem Start --------------------------------------------------------
dualPrice.size = 80 , dualPrice = [1.0, 1.0, 1.0, 1.0, 1.0, 1.0, 1.0, 1.0, 0.5, 0.0, 1.0, 1.0, -0.0, -0.0, 1.0, -0.0, -0.0, 0.5, -0.0, -0.0, -0.0, 0.0, -0.0, 0.5, 0.5, -0.0, -0.0, -0.0, -0.0, -0.0, -0.0, -0.0, -0.0, -0.0, -0.0, -0.0, -0.0, -0.0, -0.0, -0.0, -0.0, -0.0, -0.0, -0.0, -0.0, -0.0, -0.0, -0.0, -0.0, -0.0, -0.0, -0.0, -0.0, -0.0, -0.0, -0.0, -0.0, -0.0, -0.0, -0.0, -0.0, -0.0, -0.0, -0.0, -0.0, -0.0, -0.0, -0.0, -0.0, -0.0, -0.0, -0.0, -0.0, -0.0, -0.0, -0.0, -0.0, -0.0, -0.0, -0.0]
			Active cut size: 0
W = 100 
H = 100
normalXList.size = 10
normalYList.size = 20
xList.size = 5
yList.size = 6
squareList.size = 15
myConsList.size = 0
当前上界 = 3.0
当前上界 = 2.8666666666666667
当前上界 = 2.7333333333333334
当前上界 = 2.6
当前上界 = 2.466666666666667
当前上界 = 2.3333333333333335
当前上界 = 2.2
当前上界 = 2.066666666666667
当前上界 = 1.9333333333333336
最优解：2.0
solutionList.size() = 12
pattern.getKey() = 5@14@
用时：0.0 s
--------------------------------------- Price Problem End --------------------------------------------------------
		6 Add column : 1 col:18 	0.25
			Start solve  LP :0.25
			End solve LP obj: 13.0 t: 0
com.wlj.solver.BBSolver:
--------------------------------------- Price Problem Start --------------------------------------------------------
dualPrice.size = 80 , dualPrice = [1.0, 1.0, 1.0, 1.0, 1.0, 0.5, 1.0, 1.0, 0.5, 0.5, 1.0, 1.0, -0.0, -0.0, 0.5, -0.0, -0.0, 0.5, -0.0, -0.0, -0.0, 0.0, -0.0, 0.5, 0.5, -0.0, -0.0, -0.0, 0.5, -0.0, -0.0, -0.0, -0.0, -0.0, -0.0, -0.0, -0.0, -0.0, -0.0, -0.0, -0.0, -0.0, -0.0, -0.0, -0.0, -0.0, -0.0, -0.0, -0.0, -0.0, -0.0, -0.0, -0.0, -0.0, -0.0, -0.0, -0.0, -0.0, -0.0, -0.0, -0.0, -0.0, -0.0, -0.0, -0.0, -0.0, -0.0, -0.0, -0.0, -0.0, -0.0, -0.0, -0.0, -0.0, -0.0, -0.0, -0.0, -0.0, -0.0, -0.0]
			Active cut size: 0
W = 100 
H = 100
normalXList.size = 24
normalYList.size = 20
xList.size = 11
yList.size = 6
squareList.size = 17
myConsList.size = 0
当前上界 = 3.0
当前上界 = 2.8666666666666667
当前上界 = 2.7333333333333334
当前上界 = 2.6
当前上界 = 2.466666666666667
当前上界 = 2.3333333333333335
当前上界 = 2.2
当前上界 = 2.066666666666667
当前上界 = 1.9333333333333336
最优解：2.0
solutionList.size() = 11
pattern.getKey() = 11@14@28@
用时：0.015 s
--------------------------------------- Price Problem End --------------------------------------------------------
		7 Add column : 1 col:19 	0.265
			Start solve  LP :0.265
			End solve LP obj: 13.0 t: 0
com.wlj.solver.BBSolver:
--------------------------------------- Price Problem Start --------------------------------------------------------
dualPrice.size = 80 , dualPrice = [1.0, 1.0, 1.0, 1.0, 1.0, 1.0, 1.0, 1.0, 0.5, 0.0, 1.0, 1.0, -0.0, -0.0, 0.0, -0.0, -0.0, 0.5, 1.0, -0.0, -0.0, 0.0, -0.0, 0.5, 0.5, -0.0, -0.0, -0.0, 0.0, -0.0, -0.0, -0.0, -0.0, -0.0, -0.0, -0.0, -0.0, -0.0, -0.0, -0.0, -0.0, -0.0, -0.0, -0.0, -0.0, -0.0, -0.0, -0.0, -0.0, -0.0, -0.0, -0.0, -0.0, -0.0, -0.0, -0.0, -0.0, -0.0, -0.0, -0.0, -0.0, -0.0, -0.0, -0.0, -0.0, -0.0, -0.0, -0.0, -0.0, -0.0, -0.0, -0.0, -0.0, -0.0, -0.0, -0.0, -0.0, -0.0, -0.0, -0.0]
			Active cut size: 0
W = 97 
H = 100
normalXList.size = 11
normalYList.size = 21
xList.size = 4
yList.size = 6
squareList.size = 15
myConsList.size = 0
当前上界 = 3.0
当前上界 = 2.8666666666666667
当前上界 = 2.7333333333333334
当前上界 = 2.6
当前上界 = 2.466666666666667
最优解：2.5
solutionList.size() = 9
pattern.getKey() = 11@18@24@
用时：0.0 s
--------------------------------------- Price Problem End --------------------------------------------------------
		8 Add column : 1 col:20 	0.265
			Start solve  LP :0.265
			End solve LP obj: 13.0 t: 0
com.wlj.solver.BBSolver:
--------------------------------------- Price Problem Start --------------------------------------------------------
dualPrice.size = 80 , dualPrice = [1.0, 1.0, 1.0, 1.0, 1.0, 0.75, 1.0, 1.0, 0.5, 0.25, 1.0, 0.5, -0.0, -0.0, 0.25, -0.0, -0.0, 0.5, 0.5, -0.0, -0.0, 0.5, -0.0, 0.5, 0.0, 0.5, -0.0, -0.0, 0.25, -0.0, -0.0, -0.0, -0.0, -0.0, -0.0, -0.0, -0.0, -0.0, -0.0, -0.0, -0.0, -0.0, -0.0, -0.0, -0.0, -0.0, -0.0, -0.0, -0.0, -0.0, -0.0, -0.0, -0.0, -0.0, -0.0, -0.0, -0.0, -0.0, -0.0, -0.0, -0.0, -0.0, -0.0, -0.0, -0.0, -0.0, -0.0, -0.0, -0.0, -0.0, -0.0, -0.0, -0.0, -0.0, -0.0, -0.0, -0.0, -0.0, -0.0, -0.0]
			Active cut size: 0
W = 100 
H = 100
normalXList.size = 34
normalYList.size = 21
xList.size = 17
yList.size = 7
squareList.size = 19
myConsList.size = 0
当前上界 = 2.75
当前上界 = 2.6333333333333333
当前上界 = 2.5166666666666666
当前上界 = 2.4
当前上界 = 2.283333333333333
当前上界 = 2.1666666666666665
最优解：2.25
solutionList.size() = 1
pattern.getKey() = 10@18@23@28@
用时：0.0 s
--------------------------------------- Price Problem End --------------------------------------------------------
		9 Add column : 1 col:21 	0.265
			Start solve  LP :0.265
			End solve LP obj: 13.0 t: 0
com.wlj.solver.BBSolver:
--------------------------------------- Price Problem Start --------------------------------------------------------
dualPrice.size = 80 , dualPrice = [1.0, 1.0, 1.0, 1.0, 1.0, 0.5, 1.0, 1.0, -0.0, 0.5, 1.0, 0.5, -0.0, -0.0, 0.5, -0.0, -0.0, 1.0, 0.0, -0.0, -0.0, 0.5, -0.0, 0.0, 0.5, 0.5, -0.0, -0.0, 0.0, -0.0, 0.5, -0.0, -0.0, -0.0, -0.0, -0.0, -0.0, -0.0, -0.0, -0.0, -0.0, -0.0, -0.0, -0.0, -0.0, -0.0, -0.0, -0.0, -0.0, -0.0, -0.0, -0.0, -0.0, -0.0, -0.0, -0.0, -0.0, -0.0, -0.0, -0.0, -0.0, -0.0, -0.0, -0.0, -0.0, -0.0, -0.0, -0.0, -0.0, -0.0, -0.0, -0.0, -0.0, -0.0, -0.0, -0.0, -0.0, -0.0, -0.0, -0.0]
			Active cut size: 0
W = 100 
H = 95
normalXList.size = 27
normalYList.size = 18
xList.size = 11
yList.size = 7
squareList.size = 17
myConsList.size = 0
当前上界 = 3.0
当前上界 = 2.8666666666666667
当前上界 = 2.7333333333333334
当前上界 = 2.6
当前上界 = 2.466666666666667
最优解：2.5
solutionList.size() = 4
pattern.getKey() = 3@17@24@
用时：0.016 s
--------------------------------------- Price Problem End --------------------------------------------------------
		10 Add column : 1 col:22 	0.281
			Start solve  LP :0.281
			End solve LP obj: 13.0 t: 0
com.wlj.solver.BBSolver:
--------------------------------------- Price Problem Start --------------------------------------------------------
dualPrice.size = 80 , dualPrice = [1.0, 1.0, 1.0, 0.0, 1.0, 0.5, 1.0, 1.0, 0.0, 0.5, 1.0, -0.0, -0.0, -0.0, 0.5, -0.0, 1.0, 1.0, -0.0, -0.0, -0.0, 1.0, -0.0, 0.0, -0.0, 1.0, -0.0, -0.0, -0.0, -0.0, 0.5, -0.0, -0.0, -0.0, -0.0, -0.0, -0.0, -0.0, -0.0, -0.0, -0.0, -0.0, -0.0, -0.0, -0.0, -0.0, -0.0, -0.0, -0.0, -0.0, -0.0, -0.0, -0.0, -0.0, -0.0, -0.0, -0.0, -0.0, -0.0, -0.0, -0.0, -0.0, -0.0, -0.0, -0.0, -0.0, -0.0, -0.0, -0.0, -0.0, -0.0, -0.0, -0.0, -0.0, -0.0, -0.0, -0.0, -0.0, -0.0, -0.0]
			Active cut size: 0
W = 100 
H = 99
normalXList.size = 24
normalYList.size = 14
xList.size = 11
yList.size = 10
squareList.size = 15
myConsList.size = 0
当前上界 = 4.5
当前上界 = 4.266666666666667
当前上界 = 4.033333333333333
当前上界 = 3.8
最优解：4.0
solutionList.size() = 1
pattern.getKey() = 16@17@21@25@
用时：0.0 s
--------------------------------------- Price Problem End --------------------------------------------------------
		11 Add column : 1 col:23 	0.281
			Start solve  LP :0.281
			End solve LP obj: 13.0 t: 0
com.wlj.solver.BBSolver:
--------------------------------------- Price Problem Start --------------------------------------------------------
dualPrice.size = 80 , dualPrice = [1.0, 1.0, 1.0, 1.0, 1.0, 0.5, 1.0, 1.0, 0.5, 0.5, 0.5, 0.25, -0.0, -0.0, 0.5, -0.0, -0.0, -0.0, -0.0, 0.5, 0.5, 0.25, -0.0, 0.5, 0.0, 0.75, -0.0, -0.0, -0.0, 0.25, 0.5, -0.0, -0.0, -0.0, -0.0, -0.0, -0.0, -0.0, -0.0, -0.0, -0.0, -0.0, -0.0, -0.0, -0.0, -0.0, -0.0, -0.0, -0.0, -0.0, -0.0, -0.0, -0.0, -0.0, -0.0, -0.0, -0.0, -0.0, -0.0, -0.0, -0.0, -0.0, -0.0, -0.0, -0.0, -0.0, -0.0, -0.0, -0.0, -0.0, -0.0, -0.0, -0.0, -0.0, -0.0, -0.0, -0.0, -0.0, -0.0, -0.0]
			Active cut size: 0
W = 100 
H = 100
normalXList.size = 38
normalYList.size = 23
xList.size = 19
yList.size = 11
squareList.size = 20
myConsList.size = 0
当前上界 = 3.0
当前上界 = 2.8666666666666667
当前上界 = 2.7333333333333334
当前上界 = 2.6
当前上界 = 2.466666666666667
最优解：2.5
solutionList.size() = 5
pattern.getKey() = 6@25@29@30@
用时：0.015 s
--------------------------------------- Price Problem End --------------------------------------------------------
		12 Add column : 1 col:24 	0.296
			Start solve  LP :0.296
			End solve LP obj: 13.0 t: 0
com.wlj.solver.BBSolver:
--------------------------------------- Price Problem Start --------------------------------------------------------
dualPrice.size = 80 , dualPrice = [1.0, 1.0, 1.0, 0.5, 1.0, 0.5, -0.0, 1.0, 0.5, 0.5, 0.5, 0.5, 1.0, -0.0, 0.5, -0.0, 0.5, -0.0, -0.0, 0.5, 0.5, 0.0, -0.0, 0.5, 0.5, 0.5, -0.0, -0.0, -0.0, 0.0, 0.5, -0.0, -0.0, -0.0, -0.0, -0.0, -0.0, -0.0, -0.0, -0.0, -0.0, -0.0, -0.0, -0.0, -0.0, -0.0, -0.0, -0.0, -0.0, -0.0, -0.0, -0.0, -0.0, -0.0, -0.0, -0.0, -0.0, -0.0, -0.0, -0.0, -0.0, -0.0, -0.0, -0.0, -0.0, -0.0, -0.0, -0.0, -0.0, -0.0, -0.0, -0.0, -0.0, -0.0, -0.0, -0.0, -0.0, -0.0, -0.0, -0.0]
			Active cut size: 0
W = 100 
H = 100
normalXList.size = 29
normalYList.size = 30
xList.size = 13
yList.size = 16
squareList.size = 20
myConsList.size = 0
当前上界 = 3.0
当前上界 = 2.8666666666666667
当前上界 = 2.7333333333333334
当前上界 = 2.6
当前上界 = 2.466666666666667
最优解：2.5
solutionList.size() = 8
pattern.getKey() = 12@16@23@30@
用时：0.016 s
--------------------------------------- Price Problem End --------------------------------------------------------
		13 Add column : 1 col:25 	0.312
			Start solve  LP :0.312
			End solve LP obj: 13.0 t: 0
com.wlj.solver.BBSolver:
--------------------------------------- Price Problem Start --------------------------------------------------------
dualPrice.size = 80 , dualPrice = [1.0, 1.0, 1.0, 1.0, 1.0, 0.5, -0.0, 1.0, 0.0, 0.5, 0.5, -0.0, 1.0, -0.0, 0.5, -0.0, -0.0, -0.0, -0.0, 1.0, 0.5, 0.0, -0.0, 0.0, 0.0, 0.0, -0.0, -0.0, 0.5, 1.0, 0.0, -0.0, -0.0, -0.0, -0.0, -0.0, -0.0, 1.0, -0.0, -0.0, -0.0, -0.0, -0.0, -0.0, -0.0, -0.0, -0.0, -0.0, -0.0, -0.0, -0.0, -0.0, -0.0, -0.0, -0.0, -0.0, -0.0, -0.0, -0.0, -0.0, -0.0, -0.0, -0.0, -0.0, -0.0, -0.0, -0.0, -0.0, -0.0, -0.0, -0.0, -0.0, -0.0, -0.0, -0.0, -0.0, -0.0, -0.0, -0.0, -0.0]
			Active cut size: 0
W = 100 
H = 100
normalXList.size = 34
normalYList.size = 16
xList.size = 17
yList.size = 8
squareList.size = 16
myConsList.size = 0
当前上界 = 5.0
当前上界 = 4.733333333333333
当前上界 = 4.466666666666667
最优解：4.5
solutionList.size() = 1
pattern.getKey() = 12@19@28@29@37@
用时：0.0 s
--------------------------------------- Price Problem End --------------------------------------------------------
		14 Add column : 1 col:26 	0.312
			Start solve  LP :0.312
			End solve LP obj: 13.0 t: 0
com.wlj.solver.BBSolver:
--------------------------------------- Price Problem Start --------------------------------------------------------
dualPrice.size = 80 , dualPrice = [1.0, 1.0, 1.0, 1.0, 1.0, 0.5, -0.0, 1.0, 0.5, 0.5, 0.5, -0.0, -0.0, -0.0, 0.5, -0.0, -0.0, -0.0, -0.0, 0.5, 0.5, 0.25, -0.0, 0.5, 0.0, 0.75, -0.0, -0.0, 0.0, 0.25, -0.0, -0.0, -0.0, -0.0, -0.0, -0.0, -0.0, 0.25, -0.0, -0.0, -0.0, -0.0, 0.5, -0.0, -0.0, 1.0, -0.0, -0.0, -0.0, -0.0, -0.0, -0.0, -0.0, -0.0, -0.0, -0.0, -0.0, -0.0, -0.0, -0.0, -0.0, -0.0, -0.0, -0.0, -0.0, -0.0, -0.0, -0.0, -0.0, -0.0, -0.0, -0.0, -0.0, -0.0, -0.0, -0.0, -0.0, -0.0, -0.0, -0.0]
			Active cut size: 0
W = 100 
H = 100
normalXList.size = 47
normalYList.size = 32
xList.size = 27
yList.size = 17
squareList.size = 20
myConsList.size = 0
当前上界 = 4.0
当前上界 = 3.8
当前上界 = 3.5999999999999996
最优解：3.75
solutionList.size() = 3
pattern.getKey() = 19@20@25@29@37@42@45@
用时：0.063 s
--------------------------------------- Price Problem End --------------------------------------------------------
		15 Add column : 1 col:27 	0.375
			Start solve  LP :0.375
			End solve LP obj: 13.0 t: 0
com.wlj.solver.BBSolver:
--------------------------------------- Price Problem Start --------------------------------------------------------
dualPrice.size = 80 , dualPrice = [1.0, 1.0, 1.0, 1.0, 1.0, 0.5, 1.0, 1.0, 1.0, 0.5, 1.0, 0.5, -0.0, -0.0, 0.5, -0.0, -0.0, -0.0, -0.0, -0.0, 0.0, 0.0, -0.0, -0.0, 0.0, 0.0, -0.0, -0.0, 0.0, -0.0, -0.0, -0.0, -0.0, -0.0, 1.0, -0.0, -0.0, 0.5, -0.0, -0.0, -0.0, -0.0, 0.5, -0.0, -0.0, -0.0, -0.0, -0.0, -0.0, -0.0, -0.0, -0.0, -0.0, -0.0, -0.0, -0.0, -0.0, -0.0, -0.0, -0.0, -0.0, -0.0, -0.0, -0.0, -0.0, -0.0, -0.0, -0.0, -0.0, -0.0, -0.0, -0.0, -0.0, -0.0, -0.0, -0.0, -0.0, -0.0, -0.0, -0.0]
			Active cut size: 0
W = 100 
H = 100
normalXList.size = 33
normalYList.size = 13
xList.size = 17
yList.size = 7
squareList.size = 16
myConsList.size = 0
当前上界 = 3.5
当前上界 = 3.3333333333333335
当前上界 = 3.166666666666667
当前上界 = 3.0000000000000004
最优解：3.0
solutionList.size() = 7
pattern.getKey() = 6@34@37@42@
用时：0.015 s
--------------------------------------- Price Problem End --------------------------------------------------------
		16 Add column : 1 col:28 	0.39
			Start solve  LP :0.39
			End solve LP obj: 13.0 t: 0
com.wlj.solver.BBSolver:
--------------------------------------- Price Problem Start --------------------------------------------------------
dualPrice.size = 80 , dualPrice = [1.0, 1.0, 1.0, 1.0, 1.0, 0.5, 0.0, 1.0, 1.0, 0.5, 1.0, 0.5, 1.0, -0.0, 0.5, -0.0, -0.0, -0.0, -0.0, -0.0, 0.0, 0.0, -0.0, -0.0, 0.0, 0.5, -0.0, -0.0, 0.0, -0.0, -0.0, -0.0, -0.0, -0.0, 1.0, -0.0, -0.0, -0.0, -0.0, -0.0, -0.0, -0.0, 0.0, -0.0, -0.0, -0.0, 0.5, -0.0, -0.0, -0.0, -0.0, -0.0, -0.0, -0.0, -0.0, -0.0, -0.0, -0.0, -0.0, -0.0, -0.0, -0.0, -0.0, -0.0, -0.0, -0.0, -0.0, -0.0, -0.0, -0.0, -0.0, -0.0, -0.0, -0.0, -0.0, -0.0, -0.0, -0.0, -0.0, -0.0]
			Active cut size: 0
W = 100 
H = 100
normalXList.size = 25
normalYList.size = 10
xList.size = 11
yList.size = 8
squareList.size = 16
myConsList.size = 0
当前上界 = 3.5
当前上界 = 3.3333333333333335
当前上界 = 3.166666666666667
当前上界 = 3.0000000000000004
最优解：3.0
solutionList.size() = 5
pattern.getKey() = 7@14@34@46@
用时：0.0 s
--------------------------------------- Price Problem End --------------------------------------------------------
		17 Add column : 1 col:29 	0.39
			Start solve  LP :0.39
			End solve LP obj: 13.0 t: 0
com.wlj.solver.BBSolver:
--------------------------------------- Price Problem Start --------------------------------------------------------
dualPrice.size = 80 , dualPrice = [1.0, 1.0, 1.0, 0.75, 1.0, 1.0, 0.25, 1.0, 0.75, 0.0, 1.0, 0.75, 0.75, -0.0, 0.0, -0.0, 0.25, 0.25, -0.0, -0.0, -0.0, 0.25, -0.0, -0.0, -0.0, 0.25, -0.0, -0.0, -0.0, -0.0, -0.0, -0.0, -0.0, -0.0, -0.0, 0.75, -0.0, -0.0, -0.0, -0.0, -0.0, -0.0, 0.0, -0.0, -0.0, -0.0, -0.0, -0.0, -0.0, -0.0, -0.0, -0.0, -0.0, -0.0, -0.0, -0.0, -0.0, -0.0, -0.0, -0.0, -0.0, 1.0, -0.0, -0.0, -0.0, -0.0, -0.0, -0.0, -0.0, -0.0, -0.0, -0.0, -0.0, -0.0, -0.0, -0.0, -0.0, -0.0, -0.0, -0.0]
			Active cut size: 0
W = 100 
H = 100
normalXList.size = 14
normalYList.size = 53
xList.size = 9
yList.size = 26
squareList.size = 18
myConsList.size = 0
当前上界 = 3.75
当前上界 = 3.566666666666667
当前上界 = 3.3833333333333337
当前上界 = 3.2000000000000006
最优解：3.25
solutionList.size() = 1
pattern.getKey() = 10@17@21@35@61@
用时：0.016 s
--------------------------------------- Price Problem End --------------------------------------------------------
		18 Add column : 1 col:30 	0.406
			Start solve  LP :0.406
			End solve LP obj: 13.0 t: 0
com.wlj.solver.BBSolver:
--------------------------------------- Price Problem Start --------------------------------------------------------
dualPrice.size = 80 , dualPrice = [1.0, 1.0, 1.0, 1.0, 1.0, 0.6666666666666667, 0.0, 0.6666666666666667, 1.0, 0.3333333333333333, 0.0, 0.6666666666666666, 1.0, -0.0, 0.3333333333333333, 0.33333333333333326, 0.0, 0.0, 0.33333333333333337, -0.0, -0.0, -0.0, 1.0, -0.0, 0.0, 0.33333333333333337, -0.0, -0.0, -0.0, -0.0, -0.0, -0.0, -0.0, -0.0, -0.0, 1.0, -0.0, -0.0, -0.0, -0.0, -0.0, -0.0, 0.33333333333333326, -0.0, -0.0, -0.0, -0.0, -0.0, -0.0, -0.0, -0.0, -0.0, -0.0, -0.0, -0.0, -0.0, -0.0, -0.0, -0.0, -0.0, -0.0, -0.0, -0.0, -0.0, -0.0, -0.0, -0.0, -0.0, -0.0, -0.0, -0.0, -0.0, -0.0, -0.0, -0.0, -0.0, -0.0, -0.0, -0.0, -0.0]
			Active cut size: 0
W = 100 
H = 99
normalXList.size = 34
normalYList.size = 17
xList.size = 15
yList.size = 12
squareList.size = 18
myConsList.size = 0
当前上界 = 4.0
当前上界 = 3.8
当前上界 = 3.5999999999999996
当前上界 = 3.3999999999999995
当前上界 = 3.1999999999999993
最优解：3.333333333333333
solutionList.size() = 1
pattern.getKey() = 12@22@35@42@
用时：0.0 s
--------------------------------------- Price Problem End --------------------------------------------------------
		19 Add column : 1 col:31 	0.406
			Start solve  LP :0.406
			End solve LP obj: 13.0 t: 0
com.wlj.solver.BBSolver:
--------------------------------------- Price Problem Start --------------------------------------------------------
dualPrice.size = 80 , dualPrice = [1.0, 1.0, 1.0, 0.6296296296296297, 1.0, 0.6666666666666665, 0.5555555555555556, -0.0, 0.8148148148148149, 0.3333333333333335, 0.6296296296296298, 0.5555555555555556, 0.4444444444444444, -0.0, 0.3333333333333334, 1.0, 0.37037037037037035, 0.18518518518518517, 0.25925925925925924, 0.18518518518518512, -0.0, -0.0, 0.37037037037037024, -0.0, 0.18518518518518517, 0.4444444444444444, -0.0, -0.0, 0.111111111111111, -0.0, -0.0, -0.0, -0.0, -0.0, 0.4444444444444442, 0.1851851851851854, -0.0, -0.0, -0.0, -0.0, -0.0, -0.0, 1.942890293094024E-16, -0.0, -0.0, -0.0, 0.22222222222222238, -0.0, -0.0, -0.0, -0.0, -0.0, -0.0, -0.0, -0.0, -0.0, -0.0, -0.0, -0.0, -0.0, -0.0, -0.0, -0.0, -0.0, -0.0, 0.07407407407407379, -0.0, -0.0, -0.0, -0.0, -0.0, -0.0, -0.0, -0.0, -0.0, -0.0, -0.0, -0.0, -0.0, -0.0]
			Active cut size: 0
W = 100 
H = 100
normalXList.size = 55
normalYList.size = 55
xList.size = 37
yList.size = 34
squareList.size = 26
myConsList.size = 0
当前上界 = 2.925925925925926
当前上界 = 2.797530864197531
当前上界 = 2.669135802469136
当前上界 = 2.5407407407407407
最优解：2.6296296296296298
solutionList.size() = 1
pattern.getKey() = 15@18@25@34@35@46@65@
用时：0.375 s
--------------------------------------- Price Problem End --------------------------------------------------------
		20 Add column : 1 col:32 	0.796
			Start solve  LP :0.796
			End solve LP obj: 13.0 t: 0
com.wlj.solver.BBSolver:
--------------------------------------- Price Problem Start --------------------------------------------------------
dualPrice.size = 80 , dualPrice = [1.0, 1.0, 1.0, 0.6, 1.0, 0.6, 0.6, 0.6000000000000001, 0.8, 0.4, 0.8, 0.6, 0.4, -0.0, 0.4, 0.3999999999999999, 0.4, 0.2, 0.20000000000000007, 0.19999999999999996, -0.0, -0.0, 0.2, -0.0, 0.2, 0.4, -0.0, -0.0, -0.0, -0.0, -0.0, -0.0, -0.0, -0.0, -0.0, -0.0, 0.6000000000000001, -0.0, -0.0, -0.0, -0.0, -0.0, 0.4, -0.0, -0.0, -0.0, -0.0, -0.0, -0.0, -0.0, -0.0, -0.0, -0.0, -0.0, -0.0, -0.0, -0.0, -0.0, -0.0, -0.0, -0.0, -0.0, -0.0, -0.0, -0.0, -0.0, -0.0, -0.0, -0.0, -0.0, -0.0, -0.0, -0.0, -0.0, -0.0, -0.0, -0.0, -0.0, -0.0, -0.0]
			Active cut size: 0
W = 100 
H = 100
normalXList.size = 44
normalYList.size = 37
xList.size = 21
yList.size = 21
squareList.size = 24
myConsList.size = 0
当前上界 = 2.6
当前上界 = 2.4933333333333336
当前上界 = 2.386666666666667
当前上界 = 2.2800000000000007
当前上界 = 2.1733333333333342
最优解：2.2
solutionList.size() = 5
pattern.getKey() = 4@19@36@42@
用时：0.032 s
--------------------------------------- Price Problem End --------------------------------------------------------
		21 Add column : 1 col:33 	0.828
			Start solve  LP :0.828
			End solve LP obj: 13.0 t: 0
com.wlj.solver.BBSolver:
--------------------------------------- Price Problem Start --------------------------------------------------------
dualPrice.size = 80 , dualPrice = [1.0, 1.0, 1.0, 0.5, 0.25, 0.25, 0.75, 1.0, 0.75, 0.75, 0.25, 0.5, 0.25, 0.75, 0.0, -0.0, 0.5, 0.25, 0.25000000000000006, -0.0, -0.0, -0.0, 0.75, -0.0, 0.25, 0.25, -0.0, -0.0, 0.5, -0.0, -0.0, -0.0, -0.0, -0.0, -0.0, -0.0, 0.75, 0.25, -0.0, -0.0, -0.0, -0.0, -0.0, -0.0, -0.0, -0.0, -0.0, -0.0, -0.0, -0.0, -0.0, -0.0, -0.0, -0.0, 0.25, -0.0, -0.0, -0.0, -0.0, -0.0, -0.0, -0.0, -0.0, -0.0, -0.0, -0.0, -0.0, -0.0, -0.0, -0.0, -0.0, -0.0, -0.0, -0.0, -0.0, -0.0, -0.0, -0.0, -0.0, -0.0]
			Active cut size: 0
W = 100 
H = 100
normalXList.size = 45
normalYList.size = 59
xList.size = 23
yList.size = 35
squareList.size = 24
myConsList.size = 0
当前上界 = 3.5
当前上界 = 3.3333333333333335
当前上界 = 3.166666666666667
最优解：3.25
solutionList.size() = 1
pattern.getKey() = 13@22@28@36@37@54@
用时：0.046 s
--------------------------------------- Price Problem End --------------------------------------------------------
		22 Add column : 1 col:34 	0.874
			Start solve  LP :0.874
			End solve LP obj: 13.0 t: 0
com.wlj.solver.BBSolver:
--------------------------------------- Price Problem Start --------------------------------------------------------
dualPrice.size = 80 , dualPrice = [1.0, 1.0, 1.0, 0.6, 1.0, 0.19999999999999996, 0.6000000000000001, 1.0, 0.8, 0.8, 0.8, 0.6000000000000001, 0.3999999999999999, -0.0, 0.0, -0.0, 0.4, 0.2, 0.2, -0.0, -0.0, -0.0, 0.19999999999999996, -0.0, 0.2, 0.3999999999999999, -0.0, -0.0, 0.0, -0.0, -0.0, -0.0, -0.0, -0.0, -0.0, -0.0, -0.0, -0.0, -0.0, -0.0, -0.0, -0.0, -0.0, -0.0, -0.0, -0.0, -0.0, -0.0, -0.0, 0.8, -0.0, -0.0, -0.0, -0.0, 0.8, -0.0, -0.0, -0.0, -0.0, -0.0, -0.0, -0.0, -0.0, -0.0, -0.0, -0.0, -0.0, -0.0, -0.0, -0.0, -0.0, -0.0, -0.0, -0.0, -0.0, -0.0, -0.0, -0.0, -0.0, -0.0]
			Active cut size: 0
W = 100 
H = 100
normalXList.size = 22
normalYList.size = 59
xList.size = 11
yList.size = 37
squareList.size = 21
myConsList.size = 0
当前上界 = 3.4000000000000004
当前上界 = 3.24
当前上界 = 3.08
当前上界 = 2.92
最优解：3.0
solutionList.size() = 6
pattern.getKey() = 7@18@24@49@54@
pattern.getKey() = 9@22@25@49@54@
用时：0.063 s
--------------------------------------- Price Problem End --------------------------------------------------------
		23 Add column : 1 col:35 	0.937
			Start solve  LP :0.937
			End solve LP obj: 13.0 t: 0
com.wlj.solver.BBSolver:
--------------------------------------- Price Problem Start --------------------------------------------------------
dualPrice.size = 80 , dualPrice = [1.0, 1.0, 1.0, 1.0, 1.0, 1.0, 1.0, 1.0, 1.0, 0.0, 1.0, 1.0, 0.0, -0.0, 0.0, 0.0, 0.0, 0.0, -0.0, -0.0, -0.0, -0.0, 0.0, -0.0, 0.0, 0.0, -0.0, -0.0, 0.0, -0.0, -0.0, -0.0, -0.0, -0.0, -0.0, -0.0, -0.0, -0.0, -0.0, -0.0, -0.0, -0.0, -0.0, -0.0, -0.0, -0.0, -0.0, -0.0, -0.0, 1.0, -0.0, -0.0, -0.0, -0.0, -0.0, -0.0, -0.0, -0.0, -0.0, -0.0, -0.0, -0.0, -0.0, -0.0, -0.0, 1.0, -0.0, -0.0, -0.0, -0.0, -0.0, -0.0, -0.0, -0.0, -0.0, -0.0, -0.0, -0.0, -0.0, -0.0]
			Active cut size: 0
W = 97 
H = 99
normalXList.size = 14
normalYList.size = 22
xList.size = 6
yList.size = 8
squareList.size = 13
myConsList.size = 0
当前上界 = 4.0
当前上界 = 3.8
当前上界 = 3.5999999999999996
当前上界 = 3.3999999999999995
当前上界 = 3.1999999999999993
当前上界 = 2.999999999999999
最优解：3.0
solutionList.size() = 10
pattern.getKey() = 8@49@65@
用时：0.0 s
--------------------------------------- Price Problem End --------------------------------------------------------
		24 Add column : 1 col:36 	0.937
			Start solve  LP :0.937
			End solve LP obj: 13.0 t: 0
com.wlj.solver.BBSolver:
--------------------------------------- Price Problem Start --------------------------------------------------------
dualPrice.size = 80 , dualPrice = [1.0, 1.0, 1.0, 0.5, 0.5, 0.5, 0.75, 0.25, 0.5, 0.5, 1.0, 0.5, 0.25, 0.5, 0.5, 0.75, 0.5, -0.0, -0.0, 0.5, -0.0, 0.0, 0.0, -0.0, 0.5, -0.0, -0.0, -0.0, -0.0, -0.0, -0.0, -0.0, -0.0, -0.0, -0.0, -0.0, -0.0, 0.25, 0.25, -0.0, -0.0, -0.0, -0.0, -0.0, -0.0, -0.0, 0.25, -0.0, -0.0, 0.5, -0.0, -0.0, -0.0, -0.0, -0.0, -0.0, -0.0, -0.0, -0.0, -0.0, -0.0, -0.0, -0.0, -0.0, -0.0, 0.0, -0.0, -0.0, -0.0, -0.0, -0.0, -0.0, -0.0, -0.0, 0.25, -0.0, -0.0, -0.0, -0.0, -0.0]
			Active cut size: 0
W = 100 
H = 100
normalXList.size = 50
normalYList.size = 56
xList.size = 25
yList.size = 36
squareList.size = 24
myConsList.size = 0
当前上界 = 3.25
当前上界 = 3.1
当前上界 = 2.95
最优解：3.0
solutionList.size() = 3
pattern.getKey() = 15@19@24@37@46@49@74@
用时：0.359 s
--------------------------------------- Price Problem End --------------------------------------------------------
		25 Add column : 1 col:37 	1.296
			Start solve  LP :1.296
			End solve LP obj: 13.0 t: 0
com.wlj.solver.BBSolver:
--------------------------------------- Price Problem Start --------------------------------------------------------
dualPrice.size = 80 , dualPrice = [1.0, 1.0, 1.0, 0.6666666666666666, 0.6666666666666667, 0.6666666666666666, 1.0, 0.6666666666666666, 0.6666666666666667, 0.33333333333333337, 0.3333333333333333, -0.0, 0.0, 0.3333333333333333, 0.33333333333333337, 0.33333333333333337, 0.33333333333333337, 0.33333333333333337, -0.0, 0.3333333333333333, -0.0, 0.3333333333333333, 0.6666666666666667, 0.33333333333333337, 0.0, -0.0, -0.0, -0.0, -0.0, -0.0, -0.0, -0.0, -0.0, -0.0, -0.0, -0.0, -0.0, -0.0, 1.0, -0.0, -0.0, -0.0, -0.0, -0.0, -0.0, -0.0, -0.0, -0.0, -0.0, 0.0, -0.0, -0.0, -0.0, -0.0, -0.0, -0.0, -0.0, -0.0, -0.0, -0.0, -0.0, -0.0, -0.0, -0.0, -0.0, 0.33333333333333326, -0.0, -0.0, -0.0, -0.0, -0.0, -0.0, -0.0, -0.0, 0.33333333333333337, -0.0, -0.0, -0.0, -0.0, -0.0]
			Active cut size: 0
W = 100 
H = 100
normalXList.size = 49
normalYList.size = 74
xList.size = 24
yList.size = 55
squareList.size = 23
myConsList.size = 0
当前上界 = 3.6666666666666674
当前上界 = 3.4888888888888894
当前上界 = 3.3111111111111113
最优解：3.333333333333333
solutionList.size() = 4
pattern.getKey() = 17@21@22@23@38@65@74@
pattern.getKey() = 17@19@21@22@38@65@74@
用时：0.344 s
--------------------------------------- Price Problem End --------------------------------------------------------
		26 Add column : 1 col:38 	1.64
			Start solve  LP :1.656
			End solve LP obj: 13.0 t: 0
com.wlj.solver.BBSolver:
--------------------------------------- Price Problem Start --------------------------------------------------------
dualPrice.size = 80 , dualPrice = [1.0, 1.0, 1.0, 0.6000000000000001, 1.0, 0.30000000000000004, 0.8999999999999999, 0.7, 0.6, 0.7, -0.0, -0.0, 0.10000000000000003, -0.0, 0.30000000000000004, 0.30000000000000004, 0.3999999999999999, -0.0, -0.0, -0.0, 1.0, 0.0, -0.0, 0.4, 0.3999999999999999, -0.0, -0.0, -0.0, 0.6, -0.0, 0.10000000000000003, -0.0, -0.0, -0.0, -0.0, 0.29999999999999993, -0.0, -0.0, 1.0, -0.0, -0.0, -0.0, -0.0, -0.0, -0.0, -0.0, -0.0, -0.0, -0.0, 0.30000000000000004, -0.0, -0.0, -0.0, -0.0, -0.0, -0.0, -0.0, -0.0, -0.0, -0.0, -0.0, -0.0, -0.0, -0.0, -0.0, -0.0, -0.0, -0.0, -0.0, -0.0, -0.0, -0.0, -0.0, -0.0, -0.0, -0.0, -0.0, -0.0, -0.0, -0.0]
			Active cut size: 0
W = 100 
H = 100
normalXList.size = 43
normalYList.size = 43
xList.size = 24
yList.size = 28
squareList.size = 22
myConsList.size = 0
当前上界 = 4.2
当前上界 = 3.986666666666667
当前上界 = 3.7733333333333334
当前上界 = 3.56
最优解：3.7
solutionList.size() = 2
pattern.getKey() = 16@20@23@28@38@49@
用时：0.047 s
--------------------------------------- Price Problem End --------------------------------------------------------
		27 Add column : 1 col:39 	1.703
			Start solve  LP :1.703
			End solve LP obj: 13.0 t: 0
com.wlj.solver.BBSolver:
--------------------------------------- Price Problem Start --------------------------------------------------------
dualPrice.size = 80 , dualPrice = [1.0, 1.0, 1.0, 1.0, 1.0, 0.33333333333333337, 0.6666666666666667, 0.6666666666666667, 0.6666666666666667, 0.6666666666666666, -0.0, 0.6666666666666667, 0.33333333333333326, -0.0, 0.33333333333333326, 0.33333333333333326, -0.0, -0.0, -0.0, 0.0, 0.3333333333333335, 0.33333333333333326, -0.0, 0.33333333333333326, 0.0, -0.0, 0.6666666666666665, -0.0, -0.0, -0.0, 0.33333333333333326, -0.0, -0.0, -0.0, -0.0, 0.6666666666666667, -0.0, -0.0, 0.33333333333333326, -0.0, -0.0, -0.0, -0.0, -0.0, -0.0, -0.0, -0.0, -0.0, -0.0, -0.0, -0.0, -0.0, -0.0, -0.0, 0.33333333333333337, -0.0, -0.0, -0.0, -0.0, -0.0, -0.0, 0.0, -0.0, -0.0, -0.0, -0.0, -0.0, -0.0, -0.0, -0.0, -0.0, -0.0, -0.0, -0.0, -0.0, -0.0, -0.0, -0.0, -0.0, -0.0]
			Active cut size: 0
W = 100 
H = 100
normalXList.size = 39
normalYList.size = 55
xList.size = 19
yList.size = 28
squareList.size = 22
myConsList.size = 0
当前上界 = 3.333333333333333
当前上界 = 3.1777777777777776
当前上界 = 3.022222222222222
当前上界 = 2.8666666666666667
最优解：3.0
solutionList.size() = 5
pattern.getKey() = 4@26@35@38@54@
用时：0.031 s
--------------------------------------- Price Problem End --------------------------------------------------------
		28 Add column : 1 col:40 	1.734
			Start solve  LP :1.734
			End solve LP obj: 13.0 t: 0
com.wlj.solver.BBSolver:
--------------------------------------- Price Problem Start --------------------------------------------------------
dualPrice.size = 80 , dualPrice = [1.0, 1.0, 1.0, 1.0, -0.0, 0.5714285714285714, 0.5714285714285714, 0.6428571428571428, 0.8571428571428572, 0.4285714285714286, -0.0, 0.7142857142857143, 0.4285714285714286, 1.0, -0.0, 0.35714285714285715, -0.0, -0.0, -0.0, 0.1428571428571428, 0.5714285714285714, 0.14285714285714285, -0.0, 0.14285714285714285, 0.0, -0.0, 0.42857142857142855, -0.0, -0.0, -0.0, 0.4285714285714286, -0.0, -0.0, -0.0, 0.35714285714285715, 0.2857142857142857, 0.0, -0.0, 0.2857142857142857, -0.0, -0.0, -0.0, -0.0, -0.0, -0.0, -0.0, -0.0, -0.0, -0.0, -0.0, -0.0, -0.0, -0.0, -0.0, -0.0, 0.07142857142857156, -0.0, -0.0, -0.0, -0.0, -0.0, 0.5714285714285714, -0.0, -0.0, -0.0, -0.0, -0.0, -0.0, -0.0, -0.0, -0.0, -0.0, -0.0, -0.0, -0.0, -0.0, -0.0, -0.0, -0.0, -0.0]
			Active cut size: 0
W = 100 
H = 100
normalXList.size = 53
normalYList.size = 65
xList.size = 31
yList.size = 39
squareList.size = 24
myConsList.size = 0
当前上界 = 3.714285714285714
当前上界 = 3.533333333333333
当前上界 = 3.3523809523809525
当前上界 = 3.1714285714285717
最优解：3.2857142857142856
solutionList.size() = 1
pattern.getKey() = 13@20@30@34@38@55@61@
用时：0.203 s
--------------------------------------- Price Problem End --------------------------------------------------------
		29 Add column : 1 col:41 	1.937
			Start solve  LP :1.937
			End solve LP obj: 13.0 t: 0
com.wlj.solver.BBSolver:
--------------------------------------- Price Problem Start --------------------------------------------------------
dualPrice.size = 80 , dualPrice = [1.0, 1.0, 1.0, 0.7333333333333333, 0.5, 0.7333333333333334, 0.7000000000000001, 0.5, 0.6, 0.2666666666666666, 0.5, 0.7333333333333334, 0.29999999999999993, 0.5, 0.26666666666666666, 0.5, 0.2666666666666667, -0.0, -0.0, -0.0, -0.0, 0.1333333333333333, -0.0, 0.4, 0.2666666666666667, 0.26666666666666666, 0.5, -0.0, -0.0, -0.0, 0.0333333333333333, -0.0, -0.0, -0.0, -0.0, -0.0, 0.5, -0.0, -0.0, -0.0, -0.0, -0.0, -0.0, -0.0, -0.0, -0.0, 0.2333333333333333, -0.0, -0.0, -0.0, -0.0, -0.0, -0.0, -0.0, -0.0, 0.09999999999999998, -0.0, -0.0, -0.0, -0.0, -0.0, 0.3666666666666667, -0.0, -0.0, -0.0, -0.0, -0.0, -0.0, -0.0, 0.10000000000000009, -0.0, -0.0, -0.0, -0.0, -0.0, -0.0, -0.0, -0.0, -0.0, -0.0]
			Active cut size: 0
W = 100 
H = 100
normalXList.size = 55
normalYList.size = 71
xList.size = 35
yList.size = 51
squareList.size = 28
myConsList.size = 0
当前上界 = 3.0333333333333337
当前上界 = 2.8977777777777782
当前上界 = 2.762222222222223
最优解：2.8333333333333335
solutionList.size() = 1
pattern.getKey() = 11@23@26@36@46@61@69@
用时：1.156 s
--------------------------------------- Price Problem End --------------------------------------------------------
		30 Add column : 1 col:42 	3.093
			Start solve  LP :3.093
			End solve LP obj: 13.0 t: 0
com.wlj.solver.BBSolver:
--------------------------------------- Price Problem Start --------------------------------------------------------
dualPrice.size = 80 , dualPrice = [1.0, 1.0, 1.0, 1.0, 1.0, 1.0, 0.0, 1.0, 1.0, 0.0, 1.0, 0.0, 1.0, 0.0, 0.0, -0.0, 0.0, -0.0, -0.0, -0.0, -0.0, 0.0, -0.0, -0.0, 0.0, 1.0, 0.0, -0.0, -0.0, -0.0, 0.0, -0.0, -0.0, -0.0, -0.0, -0.0, 0.0, -0.0, -0.0, -0.0, -0.0, -0.0, -0.0, -0.0, -0.0, -0.0, 0.0, -0.0, -0.0, -0.0, -0.0, -0.0, -0.0, -0.0, -0.0, 1.0, -0.0, -0.0, -0.0, -0.0, -0.0, -0.0, -0.0, -0.0, -0.0, -0.0, -0.0, -0.0, -0.0, 1.0, -0.0, -0.0, -0.0, -0.0, -0.0, -0.0, -0.0, -0.0, -0.0, -0.0]
			Active cut size: 0
W = 100 
H = 98
normalXList.size = 18
normalYList.size = 30
xList.size = 8
yList.size = 15
squareList.size = 13
myConsList.size = 0
当前上界 = 5.0
当前上界 = 4.733333333333333
当前上界 = 4.466666666666667
当前上界 = 4.2
当前上界 = 3.9333333333333336
最优解：4.0
solutionList.size() = 5
pattern.getKey() = 8@25@55@69@
用时：0.0 s
--------------------------------------- Price Problem End --------------------------------------------------------
		31 Add column : 1 col:43 	3.093
			Start solve  LP :3.093
			End solve LP obj: 13.0 t: 0
com.wlj.solver.BBSolver:
--------------------------------------- Price Problem Start --------------------------------------------------------
dualPrice.size = 80 , dualPrice = [1.0, 1.0, 1.0, 0.6666666666666669, 0.6666666666666667, 0.33333333333333326, 1.0000000000000002, 0.6666666666666667, 0.666666666666667, 0.6666666666666667, 1.0, 0.6666666666666669, -2.220446049250313E-16, 0.33333333333333326, 0.3333333333333333, 0.3333333333333333, 0.33333333333333315, -0.0, -0.0, -0.0, -0.0, -1.1102230246251565E-16, -0.0, -1.1102230246251565E-16, 0.33333333333333315, -2.220446049250313E-16, -1.1102230246251565E-16, -0.0, -0.0, -0.0, -0.0, -0.0, -0.0, -0.0, -0.0, -0.0, 0.3333333333333333, -0.0, 0.3333333333333334, -0.0, -0.0, -0.0, -0.0, -0.0, -0.0, -0.0, -0.0, -0.0, -0.0, 0.33333333333333354, -0.0, -0.0, -0.0, -0.0, -0.0, 0.3333333333333332, -0.0, -0.0, -0.0, -0.0, -0.0, -0.0, -0.0, -0.0, -0.0, -0.0, -0.0, -0.0, -0.0, -0.0, -0.0, -0.0, -0.0, -0.0, -0.0, -0.0, 0.6666666666666667, -0.0, -0.0, -0.0]
			Active cut size: 0
W = 100 
H = 100
normalXList.size = 67
normalYList.size = 35
xList.size = 35
yList.size = 22
squareList.size = 22
myConsList.size = 0
当前上界 = 3.333333333333334
当前上界 = 3.1777777777777785
当前上界 = 3.022222222222223
当前上界 = 2.8666666666666676
最优解：3.0
solutionList.size() = 12
pattern.getKey() = 10@36@38@49@55@76@
pattern.getKey() = 10@14@36@38@49@76@
用时：0.313 s
--------------------------------------- Price Problem End --------------------------------------------------------
		32 Add column : 1 col:44 	3.406
			Start solve  LP :3.406
			End solve LP obj: 13.0 t: 0
com.wlj.solver.BBSolver:
--------------------------------------- Price Problem Start --------------------------------------------------------
dualPrice.size = 80 , dualPrice = [1.0, 1.0, 1.0, 0.5, 0.5, -0.0, 1.0, 1.0, 0.5, 0.5, 0.0, -0.0, 0.0, 0.5, -0.0, 0.0, 0.5, -0.0, 0.5, -0.0, -0.0, -0.0, 0.5, 0.5, 0.5, -0.0, 0.5, -0.0, -0.0, -0.0, -0.0, -0.0, -0.0, -0.0, -0.0, -0.0, -0.0, -0.0, -0.0, -0.0, -0.0, -0.0, -0.0, 1.0, -0.0, -0.0, -0.0, -0.0, -0.0, -0.0, -0.0, -0.0, -0.0, -0.0, -0.0, 0.5, -0.0, -0.0, -0.0, -0.0, -0.0, -0.0, -0.0, -0.0, -0.0, -0.0, -0.0, -0.0, -0.0, -0.0, -0.0, -0.0, -0.0, -0.0, -0.0, -0.0, 1.0, -0.0, -0.0, -0.0]
			Active cut size: 0
W = 100 
H = 100
normalXList.size = 56
normalYList.size = 43
xList.size = 21
yList.size = 28
squareList.size = 19
myConsList.size = 0
当前上界 = 5.0
当前上界 = 4.733333333333333
当前上界 = 4.466666666666667
最优解：4.5
solutionList.size() = 7
pattern.getKey() = 18@22@24@26@43@55@76@
用时：0.062 s
--------------------------------------- Price Problem End --------------------------------------------------------
		33 Add column : 1 col:45 	3.468
			Start solve  LP :3.468
			End solve LP obj: 13.0 t: 0
com.wlj.solver.BBSolver:
--------------------------------------- Price Problem Start --------------------------------------------------------
dualPrice.size = 80 , dualPrice = [1.0, 1.0, 1.0, 1.0, 0.5, 0.5, 0.75, 0.5, 0.5, 0.5, 0.5, 0.5, 0.25, 0.5, 0.5, 0.5, -0.0, -0.0, 0.0, 0.5, -0.0, -0.0, 0.5, 0.5, -0.0, -0.0, -0.0, -0.0, -0.0, 0.25, -0.0, -0.0, -0.0, -0.0, -0.0, -0.0, -0.0, -0.0, -0.0, -0.0, -0.0, -0.0, -0.0, 0.5, -0.0, -0.0, -0.0, -0.0, -0.0, -0.0, -0.0, -0.0, -0.0, -0.0, -0.0, 0.0, -0.0, -0.0, -0.0, -0.0, -0.0, 0.0, -0.0, 0.25, -0.0, -0.0, -0.0, -0.0, -0.0, -0.0, -0.0, -0.0, -0.0, -0.0, -0.0, -0.0, -0.0, 0.5, -0.0, -0.0]
			Active cut size: 0
W = 100 
H = 100
normalXList.size = 67
normalYList.size = 64
xList.size = 39
yList.size = 36
squareList.size = 23
myConsList.size = 0
当前上界 = 3.5
当前上界 = 3.3333333333333335
当前上界 = 3.166666666666667
最优解：3.25
solutionList.size() = 1
pattern.getKey() = 15@19@22@23@43@63@77@
用时：0.203 s
--------------------------------------- Price Problem End --------------------------------------------------------
		34 Add column : 1 col:46 	3.671
			Start solve  LP :3.671
			End solve LP obj: 13.0 t: 0
com.wlj.solver.BBSolver:
--------------------------------------- Price Problem Start --------------------------------------------------------
dualPrice.size = 80 , dualPrice = [1.0, 1.0, 1.0, 0.5, 1.0, 0.0, 0.5, 1.0, 0.5, 1.0, 0.5, 1.0, 0.5, 0.0, 0.0, 0.0, 0.5, 0.5, 0.0, 0.0, 0.5, -0.0, -0.0, 0.0, -0.0, -0.0, -0.0, -0.0, -0.0, 0.5, -0.0, -0.0, -0.0, -0.0, -0.0, -0.0, -0.0, -0.0, -0.0, -0.0, -0.0, -0.0, -0.0, 0.0, -0.0, -0.0, -0.0, -0.0, -0.0, -0.0, -0.0, -0.0, -0.0, -0.0, -0.0, 0.5, -0.0, -0.0, -0.0, -0.0, -0.0, 0.0, -0.0, 0.0, -0.0, -0.0, -0.0, -0.0, -0.0, -0.0, -0.0, -0.0, -0.0, -0.0, -0.0, -0.0, -0.0, 1.0, -0.0, -0.0]
			Active cut size: 0
W = 100 
H = 100
normalXList.size = 45
normalYList.size = 57
xList.size = 17
yList.size = 32
squareList.size = 18
myConsList.size = 0
当前上界 = 4.0
当前上界 = 3.8
当前上界 = 3.5999999999999996
当前上界 = 3.3999999999999995
最优解：3.5
solutionList.size() = 8
pattern.getKey() = 16@17@20@29@55@77@
用时：0.063 s
--------------------------------------- Price Problem End --------------------------------------------------------
		35 Add column : 1 col:47 	3.734
			Start solve  LP :3.734
			End solve LP obj: 13.0 t: 0
com.wlj.solver.BBSolver:
--------------------------------------- Price Problem Start --------------------------------------------------------
dualPrice.size = 80 , dualPrice = [1.0, 1.0, 1.0, 0.9428571428571428, 0.8285714285714285, 0.8142857142857143, 0.8285714285714285, 0.8142857142857143, 0.8285714285714285, 0.18571428571428567, 0.6428571428571428, 0.6714285714285714, 0.17142857142857149, 0.17142857142857149, 0.18571428571428567, 0.18571428571428572, 0.05714285714285716, 0.05714285714285716, 0.3285714285714286, 0.17142857142857149, 0.3571428571428572, -0.0, -0.0, 0.02857142857142858, -0.0, -0.0, -0.0, -0.0, -0.0, 0.17142857142857149, -0.0, -0.0, -0.0, -0.0, -0.0, -0.0, -0.0, -0.0, -0.0, -0.0, -0.0, -0.0, -0.0, 0.3285714285714286, -0.0, -0.0, -0.0, -0.0, -0.0, 0.17142857142857149, -0.0, -0.0, -0.0, -0.0, -0.0, 0.17142857142857149, -0.0, -0.0, -0.0, -0.0, -0.0, 0.30000000000000004, -0.0, -0.0, -0.0, -0.0, -0.0, 0.3999999999999998, -0.0, -0.0, -0.0, -0.0, -0.0, -0.0, -0.0, -0.0, -0.0, 0.18571428571428567, -0.0, -0.0]
			Active cut size: 0
W = 100 
H = 100
normalXList.size = 72
normalYList.size = 85
xList.size = 49
yList.size = 77
squareList.size = 29
myConsList.size = 0
当前上界 = 3.071428571428571
当前上界 = 2.933333333333333
当前上界 = 2.795238095238095
最优解：2.857142857142857
solutionList.size() = 1
pattern.getKey() = 3@20@43@49@55@61@67@77@
用时：13.781 s
--------------------------------------- Price Problem End --------------------------------------------------------
		36 Add column : 1 col:48 	17.515
			Start solve  LP :17.515
			End solve LP obj: 13.0 t: 0
com.wlj.solver.BBSolver:
--------------------------------------- Price Problem Start --------------------------------------------------------
dualPrice.size = 80 , dualPrice = [1.0, 1.0, 1.0, 0.27586206896551724, 0.8275862068965517, 0.7241379310344829, 0.7931034482758621, 0.6206896551724139, 0.8620689655172413, 0.2758620689655171, 0.5172413793103449, 0.6206896551724138, 0.20689655172413793, 0.1724137931034483, 0.2758620689655172, 0.3793103448275861, 0.7241379310344828, 0.13793103448275867, 0.3793103448275862, 0.13793103448275862, -0.0, -0.0, 0.48275862068965514, -0.0, -0.0, -0.0, -0.0, -0.0, 0.10344827586206898, 0.13793103448275862, 0.06896551724137931, -0.0, -0.0, -0.0, -0.0, -0.0, 0.03448275862068967, 0.20689655172413793, 0.1724137931034483, -0.0, -0.0, -0.0, -0.0, -0.0, -0.0, -0.0, 0.1034482758620689, -0.0, -0.0, -0.0, -0.0, -0.0, -0.0, -0.0, -0.0, -0.0, -0.0, -0.0, -0.0, -0.0, -0.0, 0.034482758620689835, -0.0, -0.0, -0.0, 0.034482758620689724, -0.0, 0.6896551724137929, -0.0, -0.0, -0.0, -0.0, -0.0, -0.0, -0.0, -0.0, -0.0, -0.0, -0.0, -0.0]
			Active cut size: 0
W = 100 
H = 100
normalXList.size = 66
normalYList.size = 78
xList.size = 57
yList.size = 65
squareList.size = 31
myConsList.size = 0
当前上界 = 3.068965517241379
当前上界 = 2.9310344827586206
当前上界 = 2.793103448275862
最优解：2.8275862068965516
solutionList.size() = 1
pattern.getKey() = 16@18@22@37@38@46@61@65@67@
用时：4.594 s
--------------------------------------- Price Problem End --------------------------------------------------------
		37 Add column : 1 col:49 	22.109
			Start solve  LP :22.109
			End solve LP obj: 13.0 t: 0
com.wlj.solver.BBSolver:
--------------------------------------- Price Problem Start --------------------------------------------------------
dualPrice.size = 80 , dualPrice = [1.0, 1.0, 1.0, 0.24324324324324464, 0.6486486486486482, 0.24324324324324498, 0.4594594594594592, 0.8648648648648654, 0.8378378378378375, 0.756756756756755, 0.7567567567567565, 0.7297297297297304, 0.5405405405405408, 0.35135135135135176, 0.05405405405405428, 0.13513513513513464, -0.0, 0.1621621621621625, 0.027027027027028194, 0.1621621621621625, -0.0, 0.08108108108108092, 0.24324324324324353, -0.0, -0.0, -0.0, -0.0, -0.0, 0.21621621621621534, 0.08108108108108159, 0.4594594594594592, -0.0, -0.0, -0.0, -0.0, -0.0, 0.18918918918918926, -0.0, -0.0, -0.0, 0.7567567567567554, -0.0, -0.0, 0.2702702702702696, -0.0, -0.0, 0.08108108108108036, -0.0, -0.0, -0.0, -0.0, -0.0, -0.0, -0.0, -0.0, -0.0, -0.0, -0.0, -0.0, -0.0, -0.0, -0.0, -0.0, -0.0, -0.0, 0.1621621621621625, -0.0, 0.48648648648648574, -0.0, -0.0, -0.0, -0.0, -0.0, -0.0, -0.0, -0.0, -0.0, -0.0, -0.0, -0.0]
			Active cut size: 0
W = 100 
H = 100
normalXList.size = 66
normalYList.size = 66
xList.size = 57
yList.size = 47
squareList.size = 30
myConsList.size = 0
当前上界 = 3.43243243243243
当前上界 = 3.270270270270268
最优解：3.324324324324322
solutionList.size() = 1
pattern.getKey() = 2@30@36@40@43@65@67@
用时：2.547 s
--------------------------------------- Price Problem End --------------------------------------------------------
		38 Add column : 1 col:50 	24.656
			Start solve  LP :24.656
			End solve LP obj: 13.0 t: 0
com.wlj.solver.BBSolver:
--------------------------------------- Price Problem Start --------------------------------------------------------
dualPrice.size = 80 , dualPrice = [1.0, 1.0, 0.7843137254901962, 0.607843137254902, 0.25490196078431376, 0.6274509803921569, 0.823529411764706, 0.5098039215686275, 0.607843137254902, 0.37254901960784315, 0.2549019607843137, -0.0, 0.17647058823529405, 0.7450980392156863, 0.37254901960784315, 0.4901960784313725, 0.392156862745098, 0.392156862745098, 0.25490196078431376, 0.3921568627450982, -0.0, 0.21568627450980382, -0.0, -0.0, -0.0, -0.0, 0.7450980392156863, -0.0, 0.25490196078431376, 0.17647058823529405, -0.0, 0.21568627450980382, -0.0, -0.0, -0.0, -0.0, -0.0, -0.0, -0.0, -0.0, -0.0, -0.0, -0.0, -0.0, -0.0, -0.0, 0.11764705882352933, -0.0, 1.0, -0.0, -0.0, -0.0, -0.0, -0.0, -0.0, -0.0, -0.0, -0.0, -0.0, -0.0, -0.0, -0.0, -0.0, -0.0, -0.0, -0.0, -0.0, 0.21568627450980382, -0.0, -0.0, -0.0, -0.0, -0.0, -0.0, -0.0, -0.0, -0.0, -0.0, -0.0, -0.0]
			Active cut size: 0
W = 100 
H = 100
normalXList.size = 60
normalYList.size = 51
xList.size = 47
yList.size = 23
squareList.size = 27
myConsList.size = 0
当前上界 = 3.607843137254902
当前上界 = 3.4339869281045754
当前上界 = 3.2601307189542488
最优解：3.352941176470588
solutionList.size() = 1
pattern.getKey() = 15@17@19@26@46@48@67@
用时：0.281 s
--------------------------------------- Price Problem End --------------------------------------------------------
		39 Add column : 1 col:51 	24.937
			Start solve  LP :24.937
			End solve LP obj: 13.0 t: 0
com.wlj.solver.BBSolver:
--------------------------------------- Price Problem Start --------------------------------------------------------
dualPrice.size = 80 , dualPrice = [1.0, 1.0, -0.0, 0.5925925925925926, 0.5555555555555556, 0.6296296296296297, 0.7037037037037037, 0.6296296296296297, 0.6666666666666667, 0.37037037037037035, 0.4814814814814814, 0.40740740740740744, 0.2962962962962963, 0.4444444444444444, 0.37037037037037035, -0.0, 0.40740740740740744, 0.07407407407407424, 0.2592592592592593, 0.33333333333333326, 0.2592592592592593, -0.0, 0.2592592592592593, -0.0, 0.33333333333333326, -0.0, -0.0, -0.0, -0.0, -0.0, 0.2962962962962963, 1.0, 0.37037037037037035, -0.0, -0.0, 0.4444444444444444, -0.0, -0.0, -0.0, -0.0, -0.0, -0.0, -0.0, -0.0, -0.0, -0.0, -0.0, -0.0, 0.5925925925925926, 0.14814814814814814, -0.0, -0.0, -0.0, -0.0, -0.0, -0.0, -0.0, -0.0, -0.0, -0.0, -0.0, -0.0, -0.0, -0.0, -0.0, -0.0, -0.0, -0.0, -0.0, -0.0, -0.0, -0.0, -0.0, -0.0, 0.07407407407407407, -0.0, -0.0, -0.0, -0.0, -0.0]
			Active cut size: 0
W = 100 
H = 100
normalXList.size = 64
normalYList.size = 71
xList.size = 49
yList.size = 49
squareList.size = 28
myConsList.size = 0
当前上界 = 3.703703703703703
当前上界 = 3.523456790123456
最优解：3.5555555555555554
solutionList.size() = 1
pattern.getKey() = 19@22@24@31@32@35@48@49@74@
用时：1.328 s
--------------------------------------- Price Problem End --------------------------------------------------------
		40 Add column : 1 col:52 	26.265
			Start solve  LP :26.265
			End solve LP obj: 13.0 t: 0
com.wlj.solver.BBSolver:
--------------------------------------- Price Problem Start --------------------------------------------------------
dualPrice.size = 80 , dualPrice = [1.0, 1.0, -0.0, 0.6666666666666666, 1.0, 0.33333333333333337, 0.6666666666666667, 0.6666666666666667, 0.6666666666666666, 0.6666666666666666, -0.0, 0.6666666666666666, 0.33333333333333326, -0.0, -0.0, 0.3333333333333333, 0.3333333333333335, 0.33333333333333337, 0.33333333333333337, -0.0, -0.0, 0.33333333333333337, -0.0, -0.0, -0.0, -0.0, -0.0, -0.0, 0.33333333333333337, -0.0, 0.33333333333333326, 0.33333333333333326, -0.0, -0.0, 0.3333333333333333, -0.0, 0.0, -0.0, -0.0, -0.0, -1.1102230246251565E-16, -0.0, -0.0, -0.0, -0.0, -0.0, -0.0, -0.0, 0.33333333333333337, 0.33333333333333337, 1.0, -0.0, -0.0, -0.0, -0.0, -0.0, -0.0, -0.0, -0.0, -0.0, -0.0, -0.0, -0.0, -0.0, -0.0, -0.0, -0.0, -0.0, -0.0, -0.0, -0.0, -0.0, -0.0, -0.0, -0.0, -0.0, -0.0, -0.0, -0.0, 0.6666666666666667]
			Active cut size: 0
W = 100 
H = 100
normalXList.size = 73
normalYList.size = 69
xList.size = 55
yList.size = 41
squareList.size = 24
myConsList.size = 0
当前上界 = 4.333333333333334
当前上界 = 4.111111111111112
当前上界 = 3.8888888888888893
最优解：4.0
solutionList.size() = 8
pattern.getKey() = 11@30@31@34@48@49@50@79@
pattern.getKey() = 21@28@30@31@34@48@49@50@79@
用时：2.594 s
--------------------------------------- Price Problem End --------------------------------------------------------
		41 Add column : 1 col:53 	28.859
			Start solve  LP :28.859
			End solve LP obj: 13.0 t: 0
com.wlj.solver.BBSolver:
--------------------------------------- Price Problem Start --------------------------------------------------------
dualPrice.size = 80 , dualPrice = [1.0, 1.0, 1.0, 0.6666666666666667, 0.45833333333333304, 0.41666666666666674, 0.5833333333333336, 0.8750000000000002, 0.6666666666666666, 0.5833333333333333, 0.5416666666666667, 0.7083333333333333, 0.4166666666666664, 0.541666666666667, -0.0, 0.12499999999999978, 0.3333333333333333, 0.3333333333333333, 0.29166666666666674, 0.2500000000000002, -0.0, -0.0, -0.0, 0.16666666666666657, -0.0, -0.0, -0.0, -0.0, -0.0, 0.33333333333333337, -0.0, -0.0, -0.0, -0.0, 0.12499999999999978, -0.0, -0.0, -0.0, -0.0, -0.0, -0.0, -0.0, 0.29166666666666674, -0.0, -0.0, -0.0, -0.0, -0.0, 0.29166666666666674, 0.12500000000000017, 0.4583333333333333, -0.0, -0.0, -0.0, 0.2916666666666665, -0.0, -0.0, -0.0, -0.0, -0.0, -0.0, 0.12500000000000006, -0.0, -0.0, -0.0, -0.0, -0.0, 0.0, -0.0, -0.0, -0.0, -0.0, -0.0, -0.0, -0.0, -0.0, -0.0, -0.0, -0.0, -0.0]
			Active cut size: 0
W = 100 
H = 100
normalXList.size = 53
normalYList.size = 76
xList.size = 31
yList.size = 61
squareList.size = 28
myConsList.size = 0
当前上界 = 3.000000000000001
当前上界 = 2.8666666666666676
当前上界 = 2.7333333333333343
最优解：2.75
solutionList.size() = 1
pattern.getKey() = 11@29@34@42@48@49@50@54@61@
用时：1.985 s
--------------------------------------- Price Problem End --------------------------------------------------------
		42 Add column : 1 col:54 	30.859
			Start solve  LP :30.859
			End solve LP obj: 13.0 t: 0
com.wlj.solver.BBSolver:
--------------------------------------- Price Problem Start --------------------------------------------------------
dualPrice.size = 80 , dualPrice = [1.0, 1.0, 1.0, 0.6666666666666667, -0.0, 1.0, 0.8333333333333333, 1.0, 0.6666666666666666, 0.0, -0.0, -0.0, 0.16666666666666674, 1.0, -0.0, -0.0, 0.33333333333333326, 0.33333333333333326, 0.6666666666666667, 0.33333333333333337, 0.0, 0.16666666666666674, -0.0, 0.33333333333333326, -0.0, -0.0, 0.16666666666666674, -0.0, -0.0, 0.16666666666666669, -0.0, -0.0, -0.0, -0.0, -0.0, -0.0, -0.0, -0.0, -0.0, -0.0, -0.0, -0.0, 0.0, -0.0, -0.0, -0.0, -0.0, -0.0, -0.0, -0.0, 0.8333333333333333, -0.0, -0.0, -0.0, -0.0, -0.0, -0.0, -0.0, -0.0, -0.0, 1.0, -0.0, -0.0, -0.0, -0.0, -0.0, -0.0, -0.0, -0.0, 0.33333333333333337, -0.0, -0.0, -0.0, -0.0, -0.0, -0.0, -0.0, -0.0, -0.0, -0.0]
			Active cut size: 0
W = 100 
H = 100
normalXList.size = 54
normalYList.size = 70
xList.size = 29
yList.size = 51
squareList.size = 21
myConsList.size = 0
当前上界 = 4.5
当前上界 = 4.266666666666667
当前上界 = 4.033333333333333
最优解：4.166666666666666
solutionList.size() = 1
pattern.getKey() = 13@18@19@50@60@69@
用时：0.406 s
--------------------------------------- Price Problem End --------------------------------------------------------
		43 Add column : 1 col:55 	31.265
			Start solve  LP :31.265
			End solve LP obj: 13.0 t: 0
com.wlj.solver.BBSolver:
--------------------------------------- Price Problem Start --------------------------------------------------------
dualPrice.size = 80 , dualPrice = [1.0, 1.0, 0.7647058823529411, 0.6470588235294118, 0.7058823529411764, 0.5, 0.5294117647058822, 0.0, 0.6470588235294118, 0.5, 0.4117647058823528, -0.0, 0.47058823529411775, 0.2941176470588236, 0.5, -0.0, 0.17647058823529407, 0.3529411764705882, -0.0, -0.0, 0.2941176470588236, 0.17647058823529407, -0.0, 0.3529411764705882, -0.0, 0.29411764705882354, 0.2941176470588236, -0.0, -0.0, 0.17647058823529413, -0.0, -0.0, 1.0, -0.0, 0.23529411764705888, -0.0, 0.05882352941176472, -0.0, -0.0, 0.23529411764705888, 0.17647058823529416, -0.0, 0.23529411764705888, -0.0, -0.0, -0.0, 0.2647058823529411, -0.0, -0.0, -0.0, -0.0, -0.0, -0.0, -0.0, -0.0, -0.0, -0.0, -0.0, -0.0, -0.0, 0.7058823529411764, -0.0, -0.0, -0.0, -0.0, -0.0, -0.0, -0.0, -0.0, -0.0, -0.0, -0.0, -0.0, -0.0, -0.0, -0.0, -0.0, -0.0, -0.0, -0.0]
			Active cut size: 0
W = 100 
H = 100
normalXList.size = 65
normalYList.size = 52
xList.size = 49
yList.size = 39
squareList.size = 29
myConsList.size = 0
当前上界 = 3.8529411764705888
当前上界 = 3.662745098039216
当前上界 = 3.4725490196078432
最优解：3.5
solutionList.size() = 7
pattern.getKey() = 23@26@32@34@39@40@42@46@60@
用时：2.922 s
--------------------------------------- Price Problem End --------------------------------------------------------
		44 Add column : 1 col:56 	34.187
			Start solve  LP :34.187
			End solve LP obj: 13.0 t: 0
com.wlj.solver.BBSolver:
--------------------------------------- Price Problem Start --------------------------------------------------------
dualPrice.size = 80 , dualPrice = [1.0, 1.0, 0.909090909090909, 0.4545454545454546, 0.6363636363636362, 0.5454545454545454, 0.7272727272727273, 0.9090909090909092, 0.7272727272727273, 0.4545454545454546, -0.0, 0.4545454545454544, 0.2727272727272727, 0.36363636363636376, 0.09090909090909088, -0.0, 0.5454545454545454, 0.2727272727272727, -0.0, 0.2727272727272727, -0.0, -0.0, -0.0, -0.0, 0.2727272727272727, 0.18181818181818188, -0.0, -0.0, 0.4545454545454546, -0.0, -0.0, 0.090909090909091, 0.09090909090909088, -0.0, -0.0, 0.27272727272727276, 0.090909090909091, -0.0, -0.0, -0.0, -0.0, -0.0, -0.0, -0.0, -0.0, -0.0, -0.0, -0.0, -0.0, -0.0, -0.0, 1.0, -0.0, -0.0, -0.0, 0.09090909090909083, -0.0, -0.0, -0.0, -0.0, 0.36363636363636376, 0.45454545454545453, -0.0, -0.0, -0.0, -0.0, -0.0, -0.0, -0.0, -0.0, -0.0, -0.0, -0.0, -0.0, -0.0, -0.0, -0.0, -0.0, -0.0, -0.0]
			Active cut size: 0
W = 100 
H = 100
normalXList.size = 62
normalYList.size = 69
xList.size = 43
yList.size = 47
squareList.size = 28
myConsList.size = 0
当前上界 = 3.8181818181818183
当前上界 = 3.6303030303030304
最优解：3.6363636363636367
solutionList.size() = 1
pattern.getKey() = 7@28@35@36@51@55@60@61@
用时：1.734 s
--------------------------------------- Price Problem End --------------------------------------------------------
		45 Add column : 1 col:57 	35.921
			Start solve  LP :35.921
			End solve LP obj: 13.0 t: 0
com.wlj.solver.BBSolver:
--------------------------------------- Price Problem Start --------------------------------------------------------
dualPrice.size = 80 , dualPrice = [1.0, 1.0, 0.7500000000000002, 0.6, 0.7000000000000001, 0.5, 0.5500000000000002, -0.0, 0.6, 0.5, 0.35, 0.5, 0.44999999999999984, 0.29999999999999993, 0.5, 0.35000000000000003, 0.3999999999999999, 0.4, -0.0, -0.0, -0.0, -0.0, -0.0, 0.15000000000000024, -0.0, 0.20000000000000007, -0.0, -0.0, -0.0, -0.0, -0.0, -0.0, 0.6499999999999999, -0.0, -0.0, -0.0, 0.15000000000000002, 0.29999999999999993, -0.0, -0.0, -0.0, 0.24999999999999978, 0.1499999999999999, -0.0, -0.0, -0.0, -0.0, -0.0, -0.0, -0.0, -0.0, 0.65, -0.0, -0.0, -0.0, 0.19999999999999996, -0.0, -0.0, -0.0, -0.0, -0.0, -0.0, -0.0, 0.4, -0.0, -0.0, -0.0, 0.09999999999999976, -0.0, -0.0, -0.0, -0.0, -0.0, -0.0, 0.35000000000000003, -0.0, -0.0, -0.0, -0.0, -0.0]
			Active cut size: 0
W = 100 
H = 100
normalXList.size = 75
normalYList.size = 79
xList.size = 61
yList.size = 65
squareList.size = 29
myConsList.size = 0
当前上界 = 4.099999999999999
当前上界 = 3.893333333333332
当前上界 = 3.6866666666666656
最优解：3.8499999999999988
solutionList.size() = 1
pattern.getKey() = 16@17@32@36@37@41@51@55@63@67@74@
用时：108.821 s
--------------------------------------- Price Problem End --------------------------------------------------------
		46 Add column : 1 col:58 	144.742
			Start solve  LP :144.742
			End solve LP obj: 13.0 t: 0
com.wlj.solver.BBSolver:
--------------------------------------- Price Problem Start --------------------------------------------------------
dualPrice.size = 80 , dualPrice = [1.0, 1.0, 0.9693877551020412, 0.765306122448979, 0.5102040816326527, 0.5510204081632655, 0.6530612244897972, 0.5510204081632654, 0.6530612244897962, 0.4489795918367345, 0.5306122448979579, 0.5510204081632654, 0.3469387755102028, 0.48979591836734726, 0.44897959183673464, 0.44897959183673464, 0.23469387755102106, 0.23469387755102106, -0.0, 0.20408163265306145, 0.20408163265306228, 0.05102040816326625, -0.0, 0.3469387755102038, -0.0, 0.2448979591836733, -0.0, -0.0, -0.0, -0.0, -0.0, -0.0, -0.0, -0.0, -0.0, 0.18367346938775483, -0.0, 0.20408163265306056, -0.0, -0.0, -0.0, 0.030612244897958774, 0.14285714285714224, -0.0, -0.0, -0.0, -0.0, -0.0, -0.0, -0.0, -0.0, 0.2653061224489798, -0.0, -0.0, 0.3061224489795924, -0.0, -0.0, -0.0, -0.0, -0.0, -0.0, -0.0, -0.0, -0.0, -0.0, -0.0, -0.0, 0.030612244897958774, -0.0, 0.10204081632653084, -0.0, -0.0, 0.29591836734693755, -0.0, -0.0, -0.0, -0.0, -0.0, -0.0, -0.0]
			Active cut size: 0
W = 100 
H = 100
normalXList.size = 57
normalYList.size = 90
xList.size = 39
yList.size = 81
squareList.size = 32
myConsList.size = 0
当前上界 = 2.7040816326530597
当前上界 = 2.590476190476189
当前上界 = 2.476870748299318
当前上界 = 2.363265306122447
最优解：2.3877551020408143
solutionList.size() = 1
pattern.getKey() = 15@23@25@37@42@51@54@67@69@72@
用时：56.369 s
--------------------------------------- Price Problem End --------------------------------------------------------
		47 Add column : 1 col:59 	201.111
			Start solve  LP :201.111
			End solve LP obj: 13.0 t: 0
com.wlj.solver.BBSolver:
--------------------------------------- Price Problem Start --------------------------------------------------------
dualPrice.size = 80 , dualPrice = [1.0, 1.0, 1.0, 0.6373056994818653, 0.8860103626943006, 0.43005181347150256, 0.6269430051813472, 0.6321243523316062, 0.7253886010362695, 0.5699481865284974, 0.4507772020725389, 0.6113989637305699, 0.37305699481865284, 0.11398963730569939, 0.020725388601036177, 0.36787564766839376, 0.3626943005181347, 0.27461139896373055, 0.28497409326424866, 0.11398963730569939, 0.3626943005181347, 0.27461139896373055, 0.18652849740932642, 0.2642487046632124, -0.0, -0.0, -0.0, -0.0, -0.0, -0.0, -0.0, -0.0, -0.0, -0.0, 0.3471502590673576, -0.0, -0.0, 0.025906735751295262, -0.0, -0.0, -0.0, -0.0, -0.0, -0.0, -0.0, -0.0, -0.0, -0.0, -0.0, -0.0, -0.0, -0.0, -0.0, -0.0, 0.04145077720207252, -0.0, -0.0, -0.0, -0.0, -0.0, 0.36269430051813484, -0.0, -0.0, -0.0, -0.0, -0.0, -0.0, 0.0, -0.0, 0.12435233160621773, -0.0, -0.0, -0.0, -0.0, -0.0, -0.0, 0.528497409326425, -0.0, -0.0, -0.0]
			Active cut size: 0
W = 100 
H = 100
normalXList.size = 79
normalYList.size = 73
xList.size = 57
yList.size = 57
squareList.size = 30
myConsList.size = 0
当前上界 = 3.0000000000000004
当前上界 = 2.866666666666667
当前上界 = 2.733333333333334
最优解：2.766839378238342
solutionList.size() = 1
pattern.getKey() = 2@20@34@54@60@69@76@
用时：4.531 s
--------------------------------------- Price Problem End --------------------------------------------------------
		48 Add column : 1 col:60 	205.642
			Start solve  LP :205.642
			End solve LP obj: 13.0 t: 0
com.wlj.solver.BBSolver:
--------------------------------------- Price Problem Start --------------------------------------------------------
dualPrice.size = 80 , dualPrice = [1.0, 1.0, 0.4054054054054059, 0.6216216216216217, 0.8378378378378376, 0.37837837837837784, 0.8648648648648649, 0.8648648648648654, 0.6216216216216217, 0.6216216216216222, 0.5135135135135134, 0.6486486486486487, 0.1351351351351351, 0.16216216216216242, 0.13513513513513464, 0.13513513513513464, 0.37837837837837834, 0.37837837837837834, 0.18918918918918926, 0.16216216216216242, -0.0, 0.10810810810810828, 0.1891891891891891, 0.2972972972972974, -0.0, 0.13513513513513503, -0.0, -0.0, -0.0, -0.0, -0.0, 0.5945945945945941, -0.0, -0.0, -0.0, -0.0, -0.0, 0.08108108108108145, -0.0, -0.0, -0.0, -0.0, -0.0, -0.0, -0.0, -0.0, -0.0, -0.0, -0.0, -0.0, 0.2972972972972976, -0.0, -0.0, -0.0, 0.054054054054053724, -0.0, -0.0, -0.0, -0.0, -0.0, 0.13513513513513464, -0.0, -0.0, -0.0, -0.0, -0.0, -0.0, 0.16216216216216187, -0.0, 0.05405405405405384, -0.0, -0.0, -0.0, 0.27027027027026995, -0.0, -0.0, 0.351351351351352, 0.21621621621621648, -0.0, -0.0]
			Active cut size: 0
W = 100 
H = 100
normalXList.size = 89
normalYList.size = 94
xList.size = 77
yList.size = 93
squareList.size = 34
myConsList.size = 0
当前上界 = 3.4594594594594597
当前上界 = 3.2954954954954956
最优解：3.3783783783783776
solutionList.size() = 1
pattern.getKey() = 7@17@31@50@54@60@67@69@73@76@77@
用时：1536.643 s
--------------------------------------- Price Problem End --------------------------------------------------------
		49 Add column : 1 col:61 	1742.285
			Start solve  LP :1742.285
			End solve LP obj: 13.0 t: 0
com.wlj.solver.BBSolver:
--------------------------------------- Price Problem Start --------------------------------------------------------
dualPrice.size = 80 , dualPrice = [1.0, 1.0, 0.5517241379310346, 0.9310344827586206, 0.6896551724137931, 0.06896551724137923, 0.6551724137931034, 0.24137931034482762, 0.6896551724137931, 0.9310344827586208, 0.6206896551724138, 0.6896551724137931, 0.3448275862068965, 0.31034482758620685, -0.0, 0.06896551724137945, -0.0, 0.06896551724137942, 0.06896551724137931, 0.31034482758620685, 0.06896551724137934, -0.0, -0.0, 0.31034482758620696, -0.0, -0.0, -0.0, -0.0, -0.0, -0.0, 0.3448275862068965, -0.0, 0.17241379310344818, -0.0, -0.0, 0.31034482758620685, -0.0, 0.31034482758620685, -0.0, 0.4482758620689654, 0.06896551724137942, -0.0, -0.0, -0.0, 0.5172413793103448, -0.0, -0.0, -0.0, -0.0, -0.0, 0.31034482758620685, -0.0, -0.0, -0.0, -0.0, -0.0, -0.0, -0.0, -0.0, -0.0, -0.0, -0.0, -0.0, -0.0, -0.0, -0.0, -0.0, -0.0, -0.0, -1.1102230246251565E-16, -0.0, -0.0, 0.31034482758620685, -0.0, 0.20689655172413812, -0.0, 0.3793103448275862, -0.0, -0.0, -0.0]
			Active cut size: 0
W = 100 
H = 100
normalXList.size = 82
normalYList.size = 86
xList.size = 63
yList.size = 73
squareList.size = 31
myConsList.size = 0
当前上界 = 4.137931034482758
当前上界 = 3.9287356321839075
当前上界 = 3.719540229885057
最优解：3.827586206896552
solutionList.size() = 1
pattern.getKey() = 11@30@35@37@39@44@50@72@74@76@
用时：144.192 s
--------------------------------------- Price Problem End --------------------------------------------------------
		50 Add column : 1 col:62 	1886.478
			Start solve  LP :1886.478
			End solve LP obj: 13.0 t: 0
com.wlj.solver.BBSolver:
--------------------------------------- Price Problem Start --------------------------------------------------------
dualPrice.size = 80 , dualPrice = [1.0, 1.0, 0.37804878048780544, 0.4634146341463421, 0.573170731707317, 0.7073170731707318, 0.7439024390243903, 0.670731707317073, 0.7804878048780486, 0.2926829268292682, 0.3658536585365851, 0.4634146341463417, 0.25609756097560965, 0.426829268292683, 0.2926829268292682, 0.30487804878048763, -0.0, 0.21951219512195136, 0.41463414634146356, 0.15853658536585347, 0.3902439024390241, -0.0, 0.24390243902439085, 0.21951219512195136, -0.0, -0.0, -0.0, -0.0, -0.0, -0.0, -0.0, -0.0, -0.0, -0.0, -0.0, 0.24390243902439007, 0.08536585365853666, 0.07317073170731693, 0.1829268292682929, -0.0, 0.5365853658536579, 0.6219512195121946, 0.1829268292682927, -0.0, -0.0, -0.0, 0.03658536585365879, 0.02439024390243938, 0.2804878048780484, 0.07317073170731712, -0.0, -0.0, -0.0, -0.0, -0.0, -0.0, -0.0, -0.0, -0.0, -0.0, -0.0, -0.0, -0.0, -0.0, -0.0, -0.0, -0.0, -0.0, -0.0, -0.0, -0.0, -0.0, 0.21951219512195136, -0.0, -0.0, -0.0, -0.0, 0.07317073170731672, -0.0, -0.0]
			Active cut size: 0
W = 100 
H = 100
normalXList.size = 77
normalYList.size = 88
xList.size = 59
yList.size = 77
squareList.size = 35
myConsList.size = 0
当前上界 = 3.4634146341463405
当前上界 = 3.299186991869918
当前上界 = 3.1349593495934953
最优解：3.243902439024389
solutionList.size() = 1
pattern.getKey() = 18@20@35@38@40@41@42@47@48@49@72@77@
用时：549.852 s
--------------------------------------- Price Problem End --------------------------------------------------------
		51 Add column : 1 col:63 	2436.33
			Start solve  LP :2436.33
			End solve LP obj: 13.0 t: 0
com.wlj.solver.BBSolver:
--------------------------------------- Price Problem Start --------------------------------------------------------
dualPrice.size = 80 , dualPrice = [1.0, 1.0, 0.972972972972973, 0.5945945945945947, 0.5405405405405406, 0.6486486486486487, 0.6216216216216216, 0.48648648648648646, 0.7027027027027027, 0.35135135135135137, 0.6486486486486487, 0.6486486486486487, 0.3783783783783784, 0.45945945945945943, 0.35135135135135137, 0.08108108108108097, -0.0, 0.29729729729729726, 0.2432432432432432, 0.29729729729729726, 0.02702702702702703, -0.0, 0.32432432432432434, 0.10810810810810817, 0.108108108108108, -0.0, -0.0, -0.0, -0.0, -0.0, 0.02702702702702703, 0.027027027027026973, -0.0, -0.0, -0.0, 1.6653345369377348E-16, -0.0, 0.21621621621621628, -0.0, -0.0, -0.0, -0.0, 0.16216216216216214, -0.0, -0.0, -0.0, 0.16216216216216217, 0.4324324324324326, 0.1351351351351351, -0.0, -0.0, -0.0, 0.40540540540540526, -0.0, -0.0, 0.29729729729729726, -0.0, -0.0, -0.0, -0.0, -0.0, 0.054054054054054085, -0.0, 0.18918918918918926, -0.0, -0.0, -0.0, -0.0, -0.0, -0.0, -0.0, -0.0, -0.0, -0.0, -0.0, -0.0, -0.0, -0.0, -0.0, -0.0]
			Active cut size: 0
W = 100 
H = 100
normalXList.size = 75
normalYList.size = 74
xList.size = 61
yList.size = 57
squareList.size = 34
myConsList.size = 0
当前上界 = 3.0270270270270276
当前上界 = 2.8918918918918926
最优解：2.891891891891892
solutionList.size() = 1
pattern.getKey() = 2@37@42@46@47@52@55@61@63@
用时：6.843 s
--------------------------------------- Price Problem End --------------------------------------------------------
		52 Add column : 1 col:64 	2443.173
			Start solve  LP :2443.173
			End solve LP obj: 13.0 t: 0
com.wlj.solver.BBSolver:
--------------------------------------- Price Problem Start --------------------------------------------------------
dualPrice.size = 80 , dualPrice = [1.0, 1.0, 0.5141509433962264, 0.830188679245283, 0.6886792452830188, 0.6981132075471699, 0.5849056603773586, 0.429245283018868, 0.7594339622641509, 0.3018867924528302, 0.3632075471698113, 0.6037735849056604, 0.4150943396226415, 0.3113207547169812, 0.3018867924528302, 0.08490566037735842, 0.16981132075471705, 0.16981132075471705, 0.39622641509433965, 0.1556603773584906, -0.0, 0.24056603773584906, 0.33018867924528306, 0.24056603773584906, -0.0, 0.24056603773584906, -0.0, -0.0, -0.0, -0.0, 0.17452830188679241, 0.2735849056603772, -0.0, -0.0, 0.2688679245283019, 0.00943396226415083, 0.1556603773584906, -0.0, -0.0, 0.21226415094339646, -0.0, -0.0, -0.0, 0.1556603773584906, -0.0, -0.0, -0.0, 0.48584905660377364, -0.0, -0.0, -0.0, 0.30660377358490565, -0.0, -0.0, 0.12735849056603776, -0.0, -0.0, -0.0, -0.0, -0.0, -0.0, -0.0, -0.0, -0.0, -0.0, -0.0, -0.0, -0.0, -0.0, -0.0, -0.0, -0.0, -0.0, -0.0, -0.0, -0.0, -0.0, -0.0, -0.0, -0.0]
			Active cut size: 0
W = 100 
H = 100
normalXList.size = 63
normalYList.size = 68
xList.size = 51
yList.size = 53
squareList.size = 34
myConsList.size = 0
当前上界 = 2.7594339622641506
当前上界 = 2.642138364779874
当前上界 = 2.5248427672955973
最优解：2.584905660377358
solutionList.size() = 1
pattern.getKey() = 18@22@31@34@36@39@43@47@51@
用时：4.875 s
--------------------------------------- Price Problem End --------------------------------------------------------
		53 Add column : 1 col:65 	2448.048
			Start solve  LP :2448.048
			End solve LP obj: 13.0 t: 0
com.wlj.solver.BBSolver:
--------------------------------------- Price Problem Start --------------------------------------------------------
dualPrice.size = 80 , dualPrice = [1.0, 1.0, 0.2857142857142856, 0.5714285714285716, 0.5714285714285716, 0.5714285714285716, 0.8571428571428571, 0.5714285714285721, 0.7142857142857143, 0.4285714285714284, 0.7142857142857142, 0.7142857142857142, 0.14285714285714293, 0.4285714285714284, 0.2857142857142858, -0.0, 0.4285714285714284, 0.14285714285714243, -8.326672684688674E-17, 0.2857142857142858, -0.0, -0.0, 0.14285714285714257, 0.2857142857142858, 0.2857142857142857, -0.0, -0.0, -0.0, -0.0, -0.0, 0.14285714285714293, -0.0, -0.0, -0.0, 3.3306690738754696E-16, 0.14285714285714288, -0.0, -0.0, -0.0, -0.0, -0.0, -0.0, -0.0, 0.2857142857142858, -0.0, -0.0, -0.0, 0.42857142857142794, -0.0, -0.0, -0.0, 0.14285714285714346, -0.0, -0.0, 0.2857142857142855, 0.14285714285714252, -0.0, -0.0, -0.0, -0.0, -0.0, -0.0, -0.0, -0.0, -0.0, 0.2857142857142857, -0.0, -0.0, -0.0, -0.0, -0.0, -0.0, -0.0, -0.0, -0.0, -0.0, -0.0, -0.0, -0.0, 0.7142857142857144]
			Active cut size: 0
W = 100 
H = 100
normalXList.size = 74
normalYList.size = 85
xList.size = 57
yList.size = 71
squareList.size = 30
myConsList.size = 0
当前上界 = 3.571428571428571
当前上界 = 3.4
最优解：3.428571428571428
solutionList.size() = 1
pattern.getKey() = 11@24@35@43@47@51@54@55@65@79@
用时：34.945 s
--------------------------------------- Price Problem End --------------------------------------------------------
		54 Add column : 1 col:66 	2482.993
			Start solve  LP :2482.993
			End solve LP obj: 13.0 t: 0
com.wlj.solver.BBSolver:
--------------------------------------- Price Problem Start --------------------------------------------------------
dualPrice.size = 80 , dualPrice = [1.0, 1.0, 0.7894736842105263, 0.6992481203007518, 0.586466165413534, 0.6691729323308272, 0.6390977443609023, 0.6240601503759399, 0.7518796992481204, 0.3308270676691728, 0.4360902255639097, 0.5413533834586467, 0.3609022556390978, 0.413533834586466, 0.3308270676691728, 0.29323308270676707, 0.3007518796992482, 0.24812030075187966, 0.33834586466165434, 0.24812030075187966, 0.16541353383458643, 0.12030075187969913, 0.23308270676691734, 0.22556390977443597, -0.0, 0.24812030075187966, -0.0, -0.0, -0.0, -0.0, 0.11278195488721811, -0.0, -0.0, -0.0, 0.04511278195488726, -0.0, 0.09774436090225558, -0.0, -0.0, -0.0, -0.0, -0.0, 0.06766917293233084, -0.0, -0.0, -0.0, -0.0, 0.08270676691729295, 0.21052631578947367, 0.13533834586466176, -0.0, 0.1654135338345865, -0.0, -0.0, -0.0, -0.0, -0.0, -0.0, -0.0, -0.0, -0.0, -0.0, -0.0, -0.0, -0.0, -0.0, -0.0, -0.0, -0.0, -0.0, -0.0, -0.0, -0.0, 0.12781954887218053, 0.15037593984962394, -0.0, -0.0, -0.0, -0.0, 0.21052631578947367]
			Active cut size: 0
W = 100 
H = 100
normalXList.size = 82
normalYList.size = 92
xList.size = 73
yList.size = 85
squareList.size = 36
myConsList.size = 0
当前上界 = 2.3383458646616546
当前上界 = 2.249122807017544
当前上界 = 2.1598997493734338
--------------------------------------- Price Problem End --------------------------------------------------------
		55 Add column : 0 col:67 	3000.007
	1 End Add column using column generation : 13.0 col: 67 cons: 0 cut: 0	3000.007
   End add columnAndCut : 13.0 colGencnt: 1 price: 0 col: 67 cons: 0 cut: 0	3000.007

Node lb: 1.7976931348623157E308 ub: 13 : 3000.007

Final Found Solution: 13 genNode: 1 extendedNode: 0:3000.007
Bin size: 10000
1 : 4030,1672,1645,1558,480,480, : 9865
2 : 4770,1245,1190,700,561,430,60,24,20, : 9000
3 : 5280,1134,754,703,442,243,36,12, : 8604
4 : 6580,1323,928,338,294,168,120,16, : 9767
5 : 4731,3234,578,192, : 8735
6 : 5238,2376,728,480, : 8822
7 : 8455,400,378,258,111, : 9602
8 : 3600,1628,792,756,675,513,264, : 8228
9 : 4554,2475,1050,638,540, : 9257
10 : 4988,3168, : 8156
11 : 1824,1794,1640,918,837,806,495,414,176, : 8904
12 : 4092,2604,1817,258,220,147, : 9138
13 : 4400,1645,1638,1218,252,92,68, : 9313
----------------------- 1 ---------------------------
canvasWidth:100,
canvasHeight:100,
data:[{x:38,y:0,l:65,w:62},{x:53,y:65,l:35,w:47},{x:38,y:65,l:32,w:15},{x:0,y:0,l:44,w:38},{x:0,y:44,l:41,w:38},{x:6,y:85,l:15,w:32},],
----------------------- 2 ---------------------------
canvasWidth:100,
canvasHeight:100,
data:[{x:47,y:0,l:90,w:53},{x:57,y:90,l:10,w:43},{x:53,y:90,l:5,w:4},{x:33,y:0,l:85,w:14},{x:35,y:85,l:5,w:12},{x:18,y:0,l:83,w:15},{x:1,y:0,l:33,w:17},{x:0,y:0,l:24,w:1},{x:4,y:33,l:50,w:14},],
----------------------- 3 ---------------------------
canvasWidth:100,
canvasHeight:100,
data:[{x:40,y:0,l:88,w:60},{x:3,y:0,l:19,w:37},{x:1,y:0,l:18,w:2},{x:13,y:19,l:42,w:27},{x:0,y:19,l:34,w:13},{x:14,y:61,l:29,w:26},{x:5,y:61,l:27,w:9},{x:8,y:88,l:2,w:6},],
----------------------- 4 ---------------------------
canvasWidth:100,
canvasHeight:100,
data:[{x:6,y:0,l:70,w:94},{x:68,y:70,l:29,w:32},{x:84,y:99,l:1,w:16},{x:19,y:70,l:27,w:49},{x:28,y:97,l:3,w:40},{x:6,y:70,l:26,w:13},{x:0,y:0,l:49,w:6},{x:0,y:49,l:28,w:6},],
----------------------- 5 ---------------------------
canvasWidth:100,
canvasHeight:100,
data:[{x:17,y:0,l:57,w:83},{x:0,y:0,l:34,w:17},{x:23,y:57,l:42,w:77},{x:15,y:57,l:24,w:8},],
----------------------- 6 ---------------------------
canvasWidth:100,
canvasHeight:100,
data:[{x:3,y:0,l:54,w:97},{x:28,y:54,l:33,w:72},{x:2,y:54,l:28,w:26},{x:20,y:87,l:6,w:80},],
----------------------- 7 ---------------------------
canvasWidth:100,
canvasHeight:100,
data:[{x:11,y:0,l:95,w:89},{x:3,y:0,l:50,w:8},{x:0,y:0,l:37,w:3},{x:2,y:50,l:42,w:9},{x:14,y:95,l:3,w:86},],
----------------------- 8 ---------------------------
canvasWidth:100,
canvasHeight:100,
data:[{x:50,y:0,l:72,w:50},{x:6,y:0,l:37,w:44},{x:17,y:37,l:24,w:33},{x:6,y:37,l:24,w:11},{x:75,y:72,l:27,w:25},{x:56,y:72,l:27,w:19},{x:14,y:72,l:18,w:42},],
----------------------- 9 ---------------------------
canvasWidth:100,
canvasHeight:100,
data:[{x:31,y:0,l:66,w:69},{x:1,y:0,l:35,w:30},{x:1,y:35,l:18,w:30},{x:25,y:66,l:33,w:75},{x:3,y:66,l:29,w:22},],
----------------------- 10 ---------------------------
canvasWidth:100,
canvasHeight:100,
data:[{x:64,y:0,l:88,w:36},{x:6,y:0,l:86,w:58},],
----------------------- 11 ---------------------------
canvasWidth:100,
canvasHeight:100,
data:[{x:4,y:0,l:19,w:96},{x:61,y:19,l:46,w:39},{x:67,y:65,l:15,w:33},{x:30,y:19,l:27,w:31},{x:7,y:19,l:18,w:23},{x:8,y:37,l:8,w:22},{x:34,y:46,l:34,w:27},{x:8,y:46,l:31,w:26},{x:18,y:80,l:20,w:82},],
----------------------- 12 ---------------------------
canvasWidth:100,
canvasHeight:100,
data:[{x:56,y:0,l:93,w:44},{x:33,y:0,l:79,w:23},{x:36,y:79,l:11,w:20},{x:2,y:0,l:84,w:31},{x:12,y:84,l:7,w:21},{x:57,y:93,l:6,w:43},],
----------------------- 13 ---------------------------
canvasWidth:100,
canvasHeight:100,
data:[{x:45,y:0,l:80,w:55},{x:3,y:0,l:29,w:42},{x:10,y:29,l:47,w:35},{x:28,y:76,l:4,w:17},{x:3,y:29,l:36,w:7},{x:9,y:80,l:18,w:91},{x:54,y:98,l:2,w:46},],
