====================================== Class_06.2bp-25 =====================================
Reduced size: 60 usedBin: 0
[0, 1, 2, 3, 4, 5, 6, 7, 8, 13, 15, 20, 21, 22, 23, 25, 26, 29, 30, 35, 39, 43, 44, 46, 48, 50, 51, 52, 53, 54, 55, 56, 57]
[9, 10, 11, 12, 14, 16, 17, 18, 19, 24, 27, 28, 31, 32, 33, 34, 36, 37, 38, 40, 41, 42, 45, 47, 49, 58, 59]
------------------------------------------------
Best fit used bin number: 2
Found best solution: 2 0.141

   Statrt add columnAndCut col: 2 cons: 0 cut: 0	0.203

	1 Start Add column using column generation  col: 2 cons: 0 cut: 0	0.203
			Start solve  LP :0.203
			End solve LP obj: 2.0 t: 0
	1 End Add column using column generation : 2.0 col: 2 cons: 0 cut: 0	0.203
   End add columnAndCut : 2.0 colGencnt: 1 price: 0 col: 2 cons: 0 cut: 0	0.203

Node lb: 2.0 ub: 2 : 0.203

Final Found Solution: 2 genNode: 1 extendedNode: 0:0.203
Bin size: 90000
1 : 8118,7695,6006,5950,5301,5005,4899,4512,3948,3520,3404,2726,2660,2583,2552,2058,2000,1833,1824,1584,1334,888,832,784,714,534,440,242,186,164,155,120,96, : 84667
2 : 3916,3888,3696,3534,3441,3256,3220,3149,3105,2232,1944,1909,1820,1740,1702,1620,1512,1476,1360,1148,1131,901,810,737,583,80,80, : 53990
----------------------- 1 ---------------------------
canvasWidth:300,
canvasHeight:300,
data:[{x:218,y:0,l:99,w:82},{x:172,y:0,l:74,w:46},{x:160,y:0,l:74,w:12},{x:160,y:74,l:23,w:58},{x:102,y:0,l:93,w:57},{x:236,y:99,l:55,w:64},{x:236,y:154,l:13,w:64},{x:237,y:167,l:41,w:63},{x:259,y:208,l:4,w:41},{x:165,y:99,l:69,w:71},{x:226,y:168,l:44,w:10},{x:176,y:168,l:40,w:50},{x:202,y:208,l:4,w:24},{x:110,y:99,l:91,w:55},{x:114,y:190,l:14,w:51},{x:102,y:99,l:98,w:8},{x:21,y:0,l:95,w:81},{x:63,y:95,l:47,w:39},{x:64,y:142,l:70,w:38},{x:21,y:95,l:94,w:42},{x:0,y:0,l:98,w:21},{x:3,y:98,l:88,w:18},{x:271,y:212,l:88,w:29},{x:201,y:212,l:85,w:70},{x:107,y:212,l:48,w:94},{x:107,y:260,l:29,w:94},{x:108,y:289,l:2,w:93},{x:112,y:291,l:6,w:89},{x:30,y:212,l:78,w:77},{x:76,y:290,l:5,w:31},{x:77,y:295,l:4,w:30},{x:6,y:212,l:76,w:24},{x:8,y:288,l:11,w:22},],
----------------------- 2 ---------------------------
canvasWidth:300,
canvasHeight:300,
data:[{x:207,y:0,l:37,w:93},{x:119,y:0,l:37,w:88},{x:65,y:0,l:36,w:54},{x:60,y:0,l:16,w:5},{x:61,y:16,l:20,w:4},{x:0,y:0,l:27,w:60},{x:252,y:37,l:81,w:48},{x:253,y:118,l:67,w:47},{x:255,y:185,l:69,w:45},{x:229,y:37,l:74,w:23},{x:232,y:111,l:91,w:20},{x:241,y:202,l:67,w:11},{x:230,y:202,l:53,w:11},{x:200,y:37,l:60,w:29},{x:200,y:97,l:39,w:29},{x:202,y:136,l:56,w:27},{x:219,y:192,l:81,w:10},{x:202,y:192,l:53,w:17},{x:111,y:37,l:44,w:89},{x:158,y:81,l:88,w:42},{x:164,y:169,l:62,w:36},{x:117,y:81,l:28,w:41},{x:120,y:109,l:93,w:38},{x:130,y:231,l:46,w:70},{x:70,y:37,l:36,w:41},{x:71,y:73,l:34,w:40},{x:217,y:277,l:23,w:83},],
