====================================== Class_08.2bp-17 =====================================
Reduced size: 40 usedBin: 0
[8, 18, 21, 38]
[12, 19, 28, 29]
[5, 10, 32, 36, 39]
[9, 17, 20]
[4, 11, 30, 35]
[6, 15, 27, 34]
[3, 16, 25, 31]
[2, 7, 24]
[0]
[1, 14, 33]
[13, 22, 23, 26, 37]
------------------------------------------------
Best fit used bin number: 11
Found best solution: 11 0.281

   Statrt add columnAndCut col: 11 cons: 0 cut: 0	0.328

	1 Start Add column using column generation  col: 11 cons: 0 cut: 0	0.343
			Start solve  LP :0.343
			End solve LP obj: 11.0 t: 0
	1 End Add column using column generation : 11.0 col: 11 cons: 0 cut: 0	0.343
   End add columnAndCut : 11.0 colGencnt: 1 price: 0 col: 11 cons: 0 cut: 0	0.343

Node lb: 11.0 ub: 11 : 0.343

Final Found Solution: 11 genNode: 1 extendedNode: 0:0.343
Bin size: 10000
1 : 3666,2835,2054,155, : 8710
2 : 3520,2211,1078,920, : 7729
3 : 3760,3552,516,288,40, : 8156
4 : 3648,2923,2125, : 8696
5 : 3818,3549,774,365, : 8506
6 : 3735,3283,1107,426, : 8551
7 : 3827,2970,1536,752, : 9085
8 : 3900,3731,1666, : 9297
9 : 6570, : 6570
10 : 4136,3300,470, : 7906
11 : 3312,1850,1679,1504,260, : 8605
----------------------- 1 ---------------------------
canvasWidth:100,
canvasHeight:100,
data:[{x:6,y:0,l:39,w:94},{x:1,y:0,l:31,w:5},{x:19,y:39,l:35,w:81},{x:21,y:74,l:26,w:79},],
----------------------- 2 ---------------------------
canvasWidth:100,
canvasHeight:100,
data:[{x:89,y:0,l:98,w:11},{x:34,y:0,l:64,w:55},{x:11,y:0,l:40,w:23},{x:22,y:64,l:33,w:67},],
----------------------- 3 ---------------------------
canvasWidth:100,
canvasHeight:100,
data:[{x:63,y:0,l:96,w:37},{x:90,y:96,l:4,w:10},{x:60,y:0,l:96,w:3},{x:54,y:0,l:86,w:6},{x:7,y:0,l:80,w:47},],
----------------------- 4 ---------------------------
canvasWidth:100,
canvasHeight:100,
data:[{x:4,y:0,l:38,w:96},{x:15,y:38,l:25,w:85},{x:21,y:63,l:37,w:79},],
----------------------- 5 ---------------------------
canvasWidth:100,
canvasHeight:100,
data:[{x:9,y:0,l:39,w:91},{x:14,y:39,l:9,w:86},{x:17,y:48,l:46,w:83},{x:27,y:94,l:5,w:73},],
----------------------- 6 ---------------------------
canvasWidth:100,
canvasHeight:100,
data:[{x:51,y:0,l:67,w:49},{x:59,y:67,l:27,w:41},{x:6,y:0,l:83,w:45},{x:0,y:0,l:71,w:6},],
----------------------- 7 ---------------------------
canvasWidth:100,
canvasHeight:100,
data:[{x:1,y:0,l:30,w:99},{x:4,y:30,l:16,w:96},{x:6,y:46,l:8,w:94},{x:11,y:54,l:43,w:89},],
----------------------- 8 ---------------------------
canvasWidth:100,
canvasHeight:100,
data:[{x:0,y:0,l:39,w:100},{x:2,y:39,l:17,w:98},{x:9,y:56,l:41,w:91},],
----------------------- 9 ---------------------------
canvasWidth:100,
canvasHeight:100,
data:[{x:27,y:0,l:90,w:73},],
----------------------- 10 ---------------------------
canvasWidth:100,
canvasHeight:100,
data:[{x:12,y:0,l:47,w:88},{x:2,y:0,l:47,w:10},{x:34,y:50,l:50,w:66},],
----------------------- 11 ---------------------------
canvasWidth:100,
canvasHeight:100,
data:[{x:6,y:0,l:16,w:94},{x:8,y:16,l:36,w:92},{x:26,y:52,l:25,w:74},{x:0,y:52,l:10,w:26},{x:27,y:77,l:23,w:73},],
