====================================== Class_05.2bp-23 =====================================
Reduced size: 60 usedBin: 0
[2, 35]
[19, 25, 33, 44, 58]
[8, 27, 40, 52, 54]
[11, 22, 37]
[5, 53]
[7]
[10, 29, 34, 51, 56]
[15, 17, 42, 48]
[1]
[6]
[3, 41, 45, 46, 47]
[4, 39, 59]
[0]
[9, 20, 55]
[14, 24, 50]
[18, 21, 36, 43]
[13]
[16, 26, 57]
[12, 31, 32, 49]
[23, 28, 30, 38]
------------------------------------------------
Best fit used bin number: 20
Found best solution: 20 0.266

   Statrt add columnAndCut col: 20 cons: 0 cut: 0	0.328

	1 Start Add column using column generation  col: 20 cons: 0 cut: 0	0.328
			Start solve  LP :0.328
			End solve LP obj: 20.0 t: 16
	1 End Add column using column generation : 20.0 col: 20 cons: 0 cut: 0	0.344
   End add columnAndCut : 20.0 colGencnt: 1 price: 0 col: 20 cons: 0 cut: 0	0.344

Node lb: 20.0 ub: 20 : 0.344

Final Found Solution: 20 genNode: 1 extendedNode: 0:0.344
Bin size: 10000
1 : 7700,1449, : 9149
2 : 3480,2673,1666,560,72, : 8451
3 : 5304,2430,935,153,144, : 8966
4 : 4399,3128,1209, : 8736
5 : 5766,147, : 5913
6 : 5320, : 5320
7 : 4680,2280,1600,180,140, : 8880
8 : 3774,3626,731,296, : 8427
9 : 8439, : 8439
10 : 5586, : 5586
11 : 7047,780,496,455,380, : 9158
12 : 6375,980,63, : 7418
13 : 9216, : 9216
14 : 4704,3381,142, : 8227
15 : 3905,2880,224, : 7009
16 : 3481,3157,1425,580, : 8643
17 : 4002, : 4002
18 : 3705,2624,128, : 6457
19 : 4095,2016,1984,260, : 8355
20 : 3120,2310,2050,1088, : 8568
----------------------- 1 ---------------------------
canvasWidth:100,
canvasHeight:100,
data:[{x:23,y:0,l:100,w:77},{x:0,y:0,l:63,w:23},],
----------------------- 2 ---------------------------
canvasWidth:100,
canvasHeight:100,
data:[{x:73,y:0,l:99,w:27},{x:1,y:0,l:1,w:72},{x:13,y:1,l:58,w:60},{x:3,y:1,l:56,w:10},{x:24,y:59,l:34,w:49},],
----------------------- 3 ---------------------------
canvasWidth:100,
canvasHeight:100,
data:[{x:22,y:0,l:68,w:78},{x:5,y:0,l:55,w:17},{x:5,y:55,l:9,w:17},{x:19,y:68,l:30,w:81},{x:28,y:98,l:2,w:72},],
----------------------- 4 ---------------------------
canvasWidth:100,
canvasHeight:100,
data:[{x:87,y:0,l:93,w:13},{x:4,y:0,l:53,w:83},{x:19,y:53,l:46,w:68},],
----------------------- 5 ---------------------------
canvasWidth:100,
canvasHeight:100,
data:[{x:7,y:0,l:62,w:93},{x:0,y:0,l:21,w:7},],
----------------------- 6 ---------------------------
canvasWidth:100,
canvasHeight:100,
data:[{x:5,y:0,l:56,w:95},],
----------------------- 7 ---------------------------
canvasWidth:100,
canvasHeight:100,
data:[{x:98,y:0,l:90,w:2},{x:20,y:0,l:60,w:78},{x:22,y:60,l:30,w:76},{x:0,y:0,l:80,w:20},{x:0,y:80,l:7,w:20},],
----------------------- 8 ---------------------------
canvasWidth:100,
canvasHeight:100,
data:[{x:26,y:0,l:49,w:74},{x:9,y:0,l:43,w:17},{x:1,y:0,l:37,w:8},{x:26,y:49,l:51,w:74},],
----------------------- 9 ---------------------------
canvasWidth:100,
canvasHeight:100,
data:[{x:3,y:0,l:87,w:97},],
----------------------- 10 ---------------------------
canvasWidth:100,
canvasHeight:100,
data:[{x:2,y:0,l:57,w:98},],
----------------------- 11 ---------------------------
canvasWidth:100,
canvasHeight:100,
data:[{x:19,y:0,l:87,w:81},{x:9,y:0,l:78,w:10},{x:1,y:0,l:62,w:8},{x:9,y:87,l:5,w:91},{x:24,y:92,l:5,w:76},],
----------------------- 12 ---------------------------
canvasWidth:100,
canvasHeight:100,
data:[{x:25,y:0,l:85,w:75},{x:11,y:0,l:70,w:14},{x:22,y:70,l:21,w:3},],
----------------------- 13 ---------------------------
canvasWidth:100,
canvasHeight:100,
data:[{x:4,y:0,l:96,w:96},],
----------------------- 14 ---------------------------
canvasWidth:100,
canvasHeight:100,
data:[{x:2,y:0,l:48,w:98},{x:31,y:48,l:49,w:69},{x:0,y:0,l:71,w:2},],
----------------------- 15 ---------------------------
canvasWidth:100,
canvasHeight:100,
data:[{x:45,y:0,l:71,w:55},{x:0,y:0,l:64,w:45},{x:13,y:64,l:7,w:32},],
----------------------- 16 ---------------------------
canvasWidth:100,
canvasHeight:100,
data:[{x:41,y:0,l:59,w:59},{x:43,y:59,l:25,w:57},{x:42,y:84,l:10,w:58},{x:0,y:0,l:77,w:41},],
----------------------- 17 ---------------------------
canvasWidth:100,
canvasHeight:100,
data:[{x:54,y:0,l:87,w:46},],
----------------------- 18 ---------------------------
canvasWidth:100,
canvasHeight:100,
data:[{x:43,y:0,l:65,w:57},{x:2,y:0,l:64,w:41},{x:0,y:0,l:64,w:2},],
----------------------- 19 ---------------------------
canvasWidth:100,
canvasHeight:100,
data:[{x:35,y:0,l:63,w:65},{x:35,y:63,l:4,w:65},{x:36,y:67,l:31,w:64},{x:7,y:0,l:72,w:28},],
----------------------- 20 ---------------------------
canvasWidth:100,
canvasHeight:100,
data:[{x:65,y:0,l:66,w:35},{x:66,y:66,l:32,w:34},{x:0,y:0,l:48,w:65},{x:24,y:48,l:50,w:41},],
