====================================== Class_08.2bp-31 =====================================
Reduced size: 80 usedBin: 0
[0, 72]
[3, 57]
[8, 23, 73]
[14, 24, 44, 64, 68]
[4, 55]
[2, 52, 58]
[7]
[1, 61]
[9, 45, 77]
[6, 50]
[11, 39, 42, 69]
[15, 21, 60]
[16, 26, 65, 67]
[5, 27]
[20, 40, 46, 79]
[19, 29, 53, 75]
[13, 30, 51]
[10, 18, 47, 76]
[12, 17, 41, 78]
[22, 28, 38]
[25, 31, 33, 71]
[32, 35, 36]
[34, 37, 43, 59]
[48, 49, 54, 56, 62, 63, 66, 70, 74]
------------------------------------------------
Best fit used bin number: 24
Found best solution: 24 0.266

   Statrt add columnAndCut col: 24 cons: 0 cut: 0	0.328

	1 Start Add column using column generation  col: 24 cons: 0 cut: 0	0.328
			Start solve  LP :0.328
			End solve LP obj: 24.0 t: 16
	1 End Add column using column generation : 24.0 col: 24 cons: 0 cut: 0	0.344
   End add columnAndCut : 24.0 colGencnt: 1 price: 0 col: 24 cons: 0 cut: 0	0.344

Node lb: 24.0 ub: 24 : 0.344

Final Found Solution: 24 genNode: 1 extendedNode: 0:0.344
Bin size: 10000
1 : 9603,300, : 9903
2 : 7326,792, : 8118
3 : 5488,3234,188, : 8910
4 : 3861,3128,1617,516,418, : 9540
5 : 6952,840, : 7792
6 : 7654,1176,711, : 9541
7 : 5829, : 5829
8 : 8004,648, : 8652
9 : 4565,1536,97, : 6198
10 : 5865,1260, : 7125
11 : 4368,1988,1760,414, : 8530
12 : 3724,3312,667, : 7703
13 : 3431,3034,498,475, : 7438
14 : 6072,3026, : 9098
15 : 3337,1846,1518,42, : 6743
16 : 3354,2808,1036,156, : 7354
17 : 3888,2754,1232, : 7874
18 : 4370,3384,1445,105, : 9304
19 : 4116,3420,1786,79, : 9401
20 : 3243,3000,2133, : 8376
21 : 3072,2688,2624,320, : 8704
22 : 2686,2607,2376, : 7669
23 : 2622,2268,1656,704, : 7250
24 : 1394,1360,930,828,582,576,492,400,160, : 6722
----------------------- 1 ---------------------------
canvasWidth:100,
canvasHeight:100,
data:[{x:0,y:0,l:3,w:100},{x:1,y:3,l:97,w:99},],
----------------------- 2 ---------------------------
canvasWidth:100,
canvasHeight:100,
data:[{x:26,y:0,l:99,w:74},{x:18,y:0,l:99,w:8},],
----------------------- 3 ---------------------------
canvasWidth:100,
canvasHeight:100,
data:[{x:6,y:0,l:2,w:94},{x:44,y:2,l:98,w:56},{x:11,y:2,l:98,w:33},],
----------------------- 4 ---------------------------
canvasWidth:100,
canvasHeight:100,
data:[{x:1,y:0,l:39,w:99},{x:23,y:39,l:21,w:77},{x:1,y:39,l:19,w:22},{x:8,y:60,l:34,w:92},{x:14,y:94,l:6,w:86},],
----------------------- 5 ---------------------------
canvasWidth:100,
canvasHeight:100,
data:[{x:21,y:0,l:88,w:79},{x:30,y:88,l:12,w:70},],
----------------------- 6 ---------------------------
canvasWidth:100,
canvasHeight:100,
data:[{x:11,y:0,l:86,w:89},{x:2,y:0,l:79,w:9},{x:16,y:86,l:14,w:84},],
----------------------- 7 ---------------------------
canvasWidth:100,
canvasHeight:100,
data:[{x:33,y:0,l:87,w:67},],
----------------------- 8 ---------------------------
canvasWidth:100,
canvasHeight:100,
data:[{x:13,y:0,l:92,w:87},{x:19,y:92,l:8,w:81},],
----------------------- 9 ---------------------------
canvasWidth:100,
canvasHeight:100,
data:[{x:3,y:0,l:1,w:97},{x:4,y:1,l:16,w:96},{x:45,y:17,l:83,w:55},],
----------------------- 10 ---------------------------
canvasWidth:100,
canvasHeight:100,
data:[{x:10,y:0,l:14,w:90},{x:31,y:15,l:85,w:69},],
----------------------- 11 ---------------------------
canvasWidth:100,
canvasHeight:100,
data:[{x:44,y:0,l:78,w:56},{x:16,y:0,l:71,w:28},{x:10,y:0,l:69,w:6},{x:20,y:78,l:22,w:80},],
----------------------- 12 ---------------------------
canvasWidth:100,
canvasHeight:100,
data:[{x:51,y:0,l:76,w:49},{x:71,y:76,l:23,w:29},{x:3,y:0,l:69,w:48},],
----------------------- 13 ---------------------------
canvasWidth:100,
canvasHeight:100,
data:[{x:5,y:0,l:5,w:95},{x:17,y:5,l:6,w:83},{x:26,y:11,l:41,w:74},{x:27,y:52,l:47,w:73},],
----------------------- 14 ---------------------------
canvasWidth:100,
canvasHeight:100,
data:[{x:8,y:0,l:66,w:92},{x:11,y:66,l:34,w:89},],
----------------------- 15 ---------------------------
canvasWidth:100,
canvasHeight:100,
data:[{x:29,y:0,l:47,w:71},{x:29,y:47,l:26,w:71},{x:31,y:73,l:22,w:69},{x:29,y:73,l:21,w:2},],
----------------------- 16 ---------------------------
canvasWidth:100,
canvasHeight:100,
data:[{x:22,y:0,l:43,w:78},{x:22,y:43,l:36,w:78},{x:22,y:79,l:2,w:78},{x:26,y:81,l:14,w:74},],
----------------------- 17 ---------------------------
canvasWidth:100,
canvasHeight:100,
data:[{x:19,y:0,l:48,w:81},{x:19,y:48,l:34,w:81},{x:23,y:82,l:16,w:77},],
----------------------- 18 ---------------------------
canvasWidth:100,
canvasHeight:100,
data:[{x:5,y:0,l:46,w:95},{x:6,y:46,l:36,w:94},{x:15,y:82,l:17,w:85},{x:0,y:0,l:21,w:5},],
----------------------- 19 ---------------------------
canvasWidth:100,
canvasHeight:100,
data:[{x:2,y:0,l:42,w:98},{x:6,y:42,l:19,w:94},{x:21,y:61,l:1,w:79},{x:10,y:62,l:38,w:90},],
----------------------- 20 ---------------------------
canvasWidth:100,
canvasHeight:100,
data:[{x:53,y:0,l:69,w:47},{x:3,y:0,l:60,w:50},{x:21,y:69,l:27,w:79},],
----------------------- 21 ---------------------------
canvasWidth:100,
canvasHeight:100,
data:[{x:4,y:0,l:32,w:96},{x:16,y:32,l:32,w:84},{x:18,y:64,l:32,w:82},{x:20,y:96,l:4,w:80},],
----------------------- 22 ---------------------------
canvasWidth:100,
canvasHeight:100,
data:[{x:21,y:0,l:34,w:79},{x:21,y:34,l:33,w:79},{x:28,y:67,l:33,w:72},],
----------------------- 23 ---------------------------
canvasWidth:100,
canvasHeight:100,
data:[{x:12,y:0,l:8,w:88},{x:16,y:8,l:27,w:84},{x:28,y:35,l:23,w:72},{x:31,y:58,l:38,w:69},],
----------------------- 24 ---------------------------
canvasWidth:100,
canvasHeight:100,
data:[{x:3,y:0,l:6,w:97},{x:4,y:6,l:6,w:96},{x:7,y:12,l:10,w:93},{x:8,y:22,l:9,w:92},{x:18,y:31,l:17,w:82},{x:2,y:31,l:10,w:16},{x:15,y:48,l:16,w:85},{x:18,y:64,l:6,w:82},{x:20,y:70,l:5,w:80},],
