====================================== Class_07.2bp-44 =====================================
Reduced size: 100 usedBin: 0
[17, 36, 55, 58, 77, 95]
[3, 71, 84]
[10, 25, 42]
[8, 41, 75]
[2, 44, 85]
[4, 38, 81, 93]
[1, 88]
[7, 13]
[0, 72, 91]
[5, 34, 89, 97]
[12, 32, 74]
[22, 30, 67]
[16, 23, 40, 96]
[14, 21, 33, 98]
[9, 15, 82]
[18, 29, 62, 87]
[6, 19, 80]
[11, 24, 69, 76]
[20, 27, 39, 86]
[37, 45, 53, 68]
[26, 28, 35, 73, 83, 92]
[31, 46, 52, 61, 94]
[48, 49, 50, 54, 59, 90]
[43, 47, 51, 57, 63, 78, 99]
[56, 60, 64, 65, 66, 70, 79]
------------------------------------------------
Best fit used bin number: 25
Found best solution: 25 0.157

   Statrt add columnAndCut col: 25 cons: 0 cut: 0	0.219

	1 Start Add column using column generation  col: 25 cons: 0 cut: 0	0.219
			Start solve  LP :0.219
			End solve LP obj: 25.0 t: 0
	1 End Add column using column generation : 25.0 col: 25 cons: 0 cut: 0	0.219
   End add columnAndCut : 25.0 colGencnt: 1 price: 0 col: 25 cons: 0 cut: 0	0.219

Node lb: 25.0 ub: 25 : 0.219

Final Found Solution: 25 genNode: 1 extendedNode: 0:0.219
Bin size: 10000
1 : 3807,2300,1568,1300,594,94, : 9663
2 : 6480,880,462, : 7822
3 : 4420,3104,2046, : 9570
4 : 4664,2088,630, : 7382
5 : 6882,2000,400, : 9282
6 : 6408,2262,560,158, : 9388
7 : 8342,261, : 8603
8 : 4902,3870, : 8772
9 : 8722,864,170, : 9756
10 : 6336,2378,188,80, : 8982
11 : 3894,2414,660, : 6968
12 : 3528,2520,1008, : 7056
13 : 3813,3290,2162,81, : 9346
14 : 3861,3528,2400,35, : 9824
15 : 4664,3822,485, : 8971
16 : 3792,2600,1189,297, : 7878
17 : 4929,3680,567, : 9176
18 : 4416,3108,900,621, : 9045
19 : 3654,2784,2236,350, : 9024
20 : 2280,1988,1728,966, : 6962
21 : 2790,2760,2340,736,462,160, : 9248
22 : 2490,1960,1820,1232,100, : 7602
23 : 1892,1862,1848,1672,1260,180, : 8714
24 : 2001,1936,1848,1350,1188,582,9, : 8914
25 : 1440,1248,1183,1125,1020,884,568, : 7468
----------------------- 1 ---------------------------
canvasWidth:100,
canvasHeight:100,
data:[{x:77,y:0,l:100,w:23},{x:64,y:0,l:100,w:13},{x:48,y:0,l:98,w:16},{x:47,y:0,l:94,w:1},{x:0,y:0,l:81,w:47},{x:14,y:81,l:18,w:33},],
----------------------- 2 ---------------------------
canvasWidth:100,
canvasHeight:100,
data:[{x:19,y:0,l:80,w:81},{x:8,y:0,l:80,w:11},{x:2,y:0,l:77,w:6},],
----------------------- 3 ---------------------------
canvasWidth:100,
canvasHeight:100,
data:[{x:68,y:0,l:97,w:32},{x:0,y:0,l:65,w:68},{x:2,y:65,l:31,w:66},],
----------------------- 4 ---------------------------
canvasWidth:100,
canvasHeight:100,
data:[{x:12,y:0,l:53,w:88},{x:85,y:53,l:42,w:15},{x:13,y:53,l:29,w:72},],
----------------------- 5 ---------------------------
canvasWidth:100,
canvasHeight:100,
data:[{x:7,y:0,l:74,w:93},{x:20,y:74,l:25,w:80},{x:0,y:74,l:20,w:20},],
----------------------- 6 ---------------------------
canvasWidth:100,
canvasHeight:100,
data:[{x:28,y:0,l:89,w:72},{x:30,y:89,l:8,w:70},{x:2,y:0,l:87,w:26},{x:0,y:0,l:79,w:2},],
----------------------- 7 ---------------------------
canvasWidth:100,
canvasHeight:100,
data:[{x:97,y:0,l:87,w:3},{x:0,y:0,l:86,w:97},],
----------------------- 8 ---------------------------
canvasWidth:100,
canvasHeight:100,
data:[{x:10,y:0,l:43,w:90},{x:14,y:43,l:57,w:86},],
----------------------- 9 ---------------------------
canvasWidth:100,
canvasHeight:100,
data:[{x:11,y:0,l:98,w:89},{x:2,y:0,l:96,w:9},{x:0,y:0,l:85,w:2},],
----------------------- 10 ---------------------------
canvasWidth:100,
canvasHeight:100,
data:[{x:34,y:0,l:96,w:66},{x:5,y:0,l:82,w:29},{x:4,y:0,l:80,w:1},{x:53,y:96,l:4,w:47},],
----------------------- 11 ---------------------------
canvasWidth:100,
canvasHeight:100,
data:[{x:66,y:0,l:71,w:34},{x:0,y:0,l:59,w:66},{x:44,y:59,l:30,w:22},],
----------------------- 12 ---------------------------
canvasWidth:100,
canvasHeight:100,
data:[{x:51,y:0,l:72,w:49},{x:16,y:0,l:72,w:35},{x:2,y:0,l:72,w:14},],
----------------------- 13 ---------------------------
canvasWidth:100,
canvasHeight:100,
data:[{x:65,y:0,l:94,w:35},{x:42,y:0,l:94,w:23},{x:1,y:0,l:93,w:41},{x:0,y:0,l:81,w:1},],
----------------------- 14 ---------------------------
canvasWidth:100,
canvasHeight:100,
data:[{x:61,y:0,l:99,w:39},{x:25,y:0,l:98,w:36},{x:26,y:98,l:1,w:35},{x:0,y:0,l:96,w:25},],
----------------------- 15 ---------------------------
canvasWidth:100,
canvasHeight:100,
data:[{x:95,y:0,l:97,w:5},{x:53,y:0,l:91,w:42},{x:0,y:0,l:88,w:53},],
----------------------- 16 ---------------------------
canvasWidth:100,
canvasHeight:100,
data:[{x:52,y:0,l:79,w:48},{x:0,y:0,l:50,w:52},{x:11,y:50,l:29,w:41},{x:0,y:50,l:27,w:11},],
----------------------- 17 ---------------------------
canvasWidth:100,
canvasHeight:100,
data:[{x:47,y:0,l:93,w:53},{x:7,y:0,l:92,w:40},{x:0,y:0,l:81,w:7},],
----------------------- 18 ---------------------------
canvasWidth:100,
canvasHeight:100,
data:[{x:52,y:0,l:92,w:48},{x:10,y:0,l:74,w:42},{x:1,y:0,l:69,w:9},{x:2,y:74,l:18,w:50},],
----------------------- 19 ---------------------------
canvasWidth:100,
canvasHeight:100,
data:[{x:74,y:0,l:86,w:26},{x:75,y:86,l:14,w:25},{x:32,y:0,l:87,w:42},{x:0,y:0,l:87,w:32},],
----------------------- 20 ---------------------------
canvasWidth:100,
canvasHeight:100,
data:[{x:70,y:0,l:76,w:30},{x:46,y:0,l:72,w:24},{x:18,y:0,l:71,w:28},{x:4,y:0,l:69,w:14},],
----------------------- 21 ---------------------------
canvasWidth:100,
canvasHeight:100,
data:[{x:70,y:0,l:93,w:30},{x:40,y:0,l:92,w:30},{x:32,y:0,l:92,w:8},{x:30,y:0,l:80,w:2},{x:0,y:0,l:78,w:30},{x:34,y:93,l:7,w:66},],
----------------------- 22 ---------------------------
canvasWidth:100,
canvasHeight:100,
data:[{x:70,y:0,l:83,w:30},{x:54,y:0,l:77,w:16},{x:28,y:0,l:70,w:26},{x:29,y:70,l:4,w:25},{x:0,y:0,l:70,w:28},],
----------------------- 23 ---------------------------
canvasWidth:100,
canvasHeight:100,
data:[{x:81,y:0,l:98,w:19},{x:62,y:0,l:88,w:19},{x:66,y:88,l:12,w:15},{x:40,y:0,l:86,w:22},{x:18,y:0,l:84,w:22},{x:3,y:0,l:84,w:15},],
----------------------- 24 ---------------------------
canvasWidth:100,
canvasHeight:100,
data:[{x:88,y:0,l:99,w:12},{x:82,y:0,l:97,w:6},{x:85,y:97,l:3,w:3},{x:67,y:0,l:90,w:15},{x:45,y:0,l:88,w:22},{x:22,y:0,l:87,w:23},{x:0,y:0,l:84,w:22},],
----------------------- 25 ---------------------------
canvasWidth:100,
canvasHeight:100,
data:[{x:85,y:0,l:96,w:15},{x:72,y:0,l:91,w:13},{x:60,y:0,l:85,w:12},{x:44,y:0,l:78,w:16},{x:29,y:0,l:75,w:15},{x:21,y:0,l:71,w:8},{x:8,y:0,l:68,w:13},],
