====================================== Class_03.2bp-27 =====================================
Reduced size: 60 usedBin: 0
[1, 37, 42, 56]
[4, 31, 34, 51]
[8, 26, 40, 41, 45, 49, 59]
[5, 27, 38, 48]
[13, 17, 23, 57]
[6, 15, 39]
[14, 22, 43]
[7, 18, 30, 47, 52, 58]
[12, 16, 33, 44]
[3, 19, 46]
[0, 28, 36, 54]
[9, 21, 29, 35]
[2]
[10, 11, 32, 55]
[20, 24, 25, 50, 53]
------------------------------------------------
Best fit used bin number: 15
Found best solution: 15 0.14

   Statrt add columnAndCut col: 15 cons: 0 cut: 0	0.203

	1 Start Add column using column generation  col: 15 cons: 0 cut: 0	0.203
			Start solve  LP :0.203
			End solve LP obj: 15.0 t: 15
	1 End Add column using column generation : 15.0 col: 15 cons: 0 cut: 0	0.218
   End add columnAndCut : 15.0 colGencnt: 1 price: 0 col: 15 cons: 0 cut: 0	0.218

Node lb: 15.0 ub: 15 : 0.218

Final Found Solution: 15 genNode: 1 extendedNode: 0:0.218
Bin size: 1600
1 : 945,189,155,18, : 1307
2 : 868,250,216,48, : 1382
3 : 660,325,169,168,84,55,8, : 1469
4 : 800,324,184,81, : 1389
5 : 522,484,378,14, : 1398
6 : 792,495,175, : 1462
7 : 520,380,126, : 1026
8 : 702,476,275,84,48,12, : 1597
9 : 552,493,230,88, : 1363
10 : 910,462,84, : 1456
11 : 952,310,204,33, : 1499
12 : 624,384,280,210, : 1498
13 : 945, : 945
14 : 620,558,234,29, : 1441
15 : 437,368,330,51,35, : 1221
----------------------- 1 ---------------------------
canvasWidth:40,
canvasHeight:40,
data:[{x:9,y:0,l:5,w:31},{x:0,y:0,l:2,w:9},{x:13,y:5,l:35,w:27},{x:6,y:5,l:27,w:7},],
----------------------- 2 ---------------------------
canvasWidth:40,
canvasHeight:40,
data:[{x:12,y:0,l:31,w:28},{x:16,y:31,l:9,w:24},{x:2,y:0,l:25,w:10},{x:0,y:0,l:24,w:2},],
----------------------- 3 ---------------------------
canvasWidth:40,
canvasHeight:40,
data:[{x:10,y:0,l:22,w:30},{x:2,y:0,l:21,w:8},{x:2,y:21,l:1,w:8},{x:15,y:22,l:13,w:25},{x:19,y:35,l:4,w:21},{x:2,y:22,l:13,w:13},{x:4,y:35,l:5,w:11},],
----------------------- 4 ---------------------------
canvasWidth:40,
canvasHeight:40,
data:[{x:8,y:0,l:25,w:32},{x:13,y:25,l:12,w:27},{x:13,y:37,l:3,w:27},{x:0,y:0,l:23,w:8},],
----------------------- 5 ---------------------------
canvasWidth:40,
canvasHeight:40,
data:[{x:18,y:0,l:22,w:22},{x:19,y:22,l:18,w:21},{x:18,y:22,l:14,w:1},{x:0,y:0,l:29,w:18},],
----------------------- 6 ---------------------------
canvasWidth:40,
canvasHeight:40,
data:[{x:16,y:0,l:33,w:24},{x:1,y:0,l:33,w:15},{x:15,y:33,l:7,w:25},],
----------------------- 7 ---------------------------
canvasWidth:40,
canvasHeight:40,
data:[{x:14,y:0,l:20,w:26},{x:21,y:20,l:20,w:19},{x:14,y:20,l:18,w:7},],
----------------------- 8 ---------------------------
canvasWidth:40,
canvasHeight:40,
data:[{x:6,y:0,l:14,w:34},{x:0,y:0,l:14,w:6},{x:13,y:14,l:26,w:27},{x:2,y:14,l:25,w:11},{x:0,y:14,l:24,w:2},{x:1,y:39,l:1,w:12},],
----------------------- 9 ---------------------------
canvasWidth:40,
canvasHeight:40,
data:[{x:17,y:0,l:24,w:23},{x:17,y:24,l:10,w:23},{x:18,y:34,l:4,w:22},{x:0,y:0,l:29,w:17},],
----------------------- 10 ---------------------------
canvasWidth:40,
canvasHeight:40,
data:[{x:7,y:0,l:14,w:33},{x:0,y:0,l:12,w:7},{x:5,y:14,l:26,w:35},],
----------------------- 11 ---------------------------
canvasWidth:40,
canvasHeight:40,
data:[{x:12,y:0,l:34,w:28},{x:1,y:0,l:3,w:11},{x:2,y:3,l:31,w:10},{x:6,y:34,l:6,w:34},],
----------------------- 12 ---------------------------
canvasWidth:40,
canvasHeight:40,
data:[{x:14,y:0,l:24,w:26},{x:0,y:0,l:20,w:14},{x:16,y:24,l:16,w:24},{x:2,y:24,l:15,w:14},],
----------------------- 13 ---------------------------
canvasWidth:40,
canvasHeight:40,
data:[{x:13,y:0,l:35,w:27},],
----------------------- 14 ---------------------------
canvasWidth:40,
canvasHeight:40,
data:[{x:9,y:0,l:20,w:31},{x:9,y:20,l:18,w:31},{x:11,y:38,l:1,w:29},{x:0,y:0,l:26,w:9},],
----------------------- 15 ---------------------------
canvasWidth:40,
canvasHeight:40,
data:[{x:21,y:0,l:23,w:19},{x:5,y:0,l:23,w:16},{x:2,y:0,l:17,w:3},{x:5,y:23,l:1,w:35},{x:7,y:24,l:10,w:33},],
