====================================== Class_04.2bp-36 =====================================
Reduced size: 80 usedBin: 0
[0, 4, 6, 12, 13, 16, 18, 21, 23, 27, 29, 34, 38, 41, 44, 48, 49, 51, 55, 59, 60, 69, 72, 75, 76, 78]
[2, 3, 5, 10, 11, 15, 24, 25, 28, 31, 33, 40, 42, 43, 45, 46, 50, 52, 54, 56, 57, 58, 61, 63, 66, 71, 79]
[1, 7, 8, 9, 14, 17, 19, 20, 22, 26, 30, 32, 35, 36, 37, 39, 47, 53, 62, 64, 65, 67, 68, 70, 73, 74, 77]
------------------------------------------------
Best fit used bin number: 3
Found best solution: 3 0.141

   Statrt add columnAndCut col: 3 cons: 0 cut: 0	0.204

	1 Start Add column using column generation  col: 3 cons: 0 cut: 0	0.204
			Start solve  LP :0.204
			End solve LP obj: 3.0 t: 15
	1 End Add column using column generation : 3.0 col: 3 cons: 0 cut: 0	0.219
   End add columnAndCut : 3.0 colGencnt: 1 price: 0 col: 3 cons: 0 cut: 0	0.219

Node lb: 3.0 ub: 3 : 0.219

Final Found Solution: 3 genNode: 1 extendedNode: 0:0.219
Bin size: 10000
1 : 1225,770,754,624,621,595,576,546,484,464,442,368,340,310,275,238,231,204,168,154,150,75,42,34,30,18, : 9738
2 : 945,918,768,630,627,598,480,475,450,416,391,315,306,280,273,256,224,198,175,168,165,155,140,120,99,46,12, : 9630
3 : 992,713,660,640,620,589,570,558,527,468,432,405,361,357,342,336,252,190,126,117,104,84,80,48,40,38,20, : 9669
----------------------- 1 ---------------------------
canvasWidth:100,
canvasHeight:100,
data:[{x:65,y:0,l:35,w:35},{x:65,y:35,l:17,w:35},{x:71,y:52,l:26,w:29},{x:65,y:52,l:25,w:6},{x:31,y:0,l:13,w:34},{x:58,y:13,l:34,w:7},{x:31,y:13,l:23,w:27},{x:33,y:36,l:11,w:25},{x:31,y:36,l:9,w:2},{x:7,y:0,l:24,w:24},{x:15,y:24,l:23,w:16},{x:8,y:24,l:22,w:7},{x:55,y:47,l:31,w:10},{x:31,y:47,l:26,w:24},{x:40,y:73,l:5,w:15},{x:15,y:47,l:29,w:16},{x:7,y:47,l:21,w:8},{x:10,y:68,l:6,w:5},{x:0,y:0,l:33,w:7},{x:1,y:33,l:34,w:6},{x:1,y:67,l:7,w:6},{x:0,y:33,l:34,w:1},{x:65,y:78,l:22,w:35},{x:43,y:78,l:22,w:22},{x:17,y:78,l:21,w:26},{x:0,y:78,l:20,w:17},],
----------------------- 2 ---------------------------
canvasWidth:100,
canvasHeight:100,
data:[{x:84,y:0,l:30,w:16},{x:84,y:30,l:14,w:16},{x:61,y:0,l:26,w:23},{x:61,y:26,l:17,w:23},{x:29,y:0,l:24,w:32},{x:30,y:24,l:5,w:31},{x:31,y:29,l:15,w:30},{x:14,y:0,l:21,w:15},{x:0,y:0,l:20,w:14},{x:2,y:20,l:1,w:12},{x:11,y:21,l:11,w:18},{x:0,y:21,l:9,w:11},{x:19,y:32,l:12,w:10},{x:4,y:32,l:11,w:15},{x:70,y:44,l:21,w:30},{x:62,y:44,l:21,w:8},{x:37,y:44,l:19,w:25},{x:39,y:63,l:2,w:23},{x:2,y:44,l:5,w:35},{x:21,y:49,l:16,w:16},{x:0,y:49,l:13,w:21},{x:73,y:65,l:35,w:27},{x:69,y:65,l:35,w:4},{x:42,y:65,l:34,w:27},{x:33,y:65,l:34,w:9},{x:0,y:65,l:19,w:33},{x:1,y:84,l:13,w:32},],
----------------------- 3 ---------------------------
canvasWidth:100,
canvasHeight:100,
data:[{x:68,y:0,l:31,w:32},{x:48,y:0,l:31,w:20},{x:31,y:0,l:31,w:17},{x:74,y:31,l:18,w:26},{x:50,y:31,l:18,w:24},{x:31,y:31,l:18,w:19},{x:72,y:49,l:12,w:28},{x:72,y:61,l:9,w:28},{x:78,y:70,l:30,w:22},{x:74,y:70,l:26,w:4},{x:72,y:70,l:24,w:2},{x:53,y:49,l:31,w:19},{x:53,y:80,l:19,w:19},{x:36,y:49,l:21,w:17},{x:31,y:49,l:4,w:5},{x:32,y:53,l:20,w:4},{x:38,y:73,l:27,w:15},{x:31,y:73,l:12,w:7},{x:0,y:0,l:23,w:31},{x:0,y:23,l:18,w:31},{x:1,y:41,l:19,w:30},{x:11,y:60,l:32,w:20},{x:1,y:60,l:19,w:10},{x:2,y:79,l:13,w:9},{x:10,y:92,l:6,w:21},{x:12,y:98,l:2,w:19},{x:0,y:92,l:4,w:10},],
