====================================== Class_06.2bp-33 =====================================
Reduced size: 80 usedBin: 0
[0, 1, 5, 6, 11, 15, 17, 18, 19, 28, 31, 33, 35, 36, 40, 41, 43, 45, 49, 52, 53, 54, 55, 59, 60, 61, 63, 64, 65, 66, 68, 69, 72, 73, 74, 77, 78]
[2, 4, 7, 9, 10, 12, 16, 20, 21, 22, 24, 25, 26, 29, 30, 32, 34, 44, 46, 48, 50, 51, 56, 62, 67, 70, 71, 75, 76, 79]
[3, 8, 13, 14, 23, 27, 37, 38, 39, 42, 47, 57, 58]
------------------------------------------------
Best fit used bin number: 3
Found best solution: 3 0.141

   Statrt add columnAndCut col: 3 cons: 0 cut: 0	0.203

	1 Start Add column using column generation  col: 3 cons: 0 cut: 0	0.203
			Start solve  LP :0.203
			End solve LP obj: 3.0 t: 0
	1 End Add column using column generation : 3.0 col: 3 cons: 0 cut: 0	0.203
   End add columnAndCut : 3.0 colGencnt: 1 price: 0 col: 3 cons: 0 cut: 0	0.203

Node lb: 3.0 ub: 3 : 0.203

Final Found Solution: 3 genNode: 1 extendedNode: 0:0.203
Bin size: 90000
1 : 8036,7700,6138,5952,5605,4840,4704,4600,4002,3036,2750,2511,2268,2112,1953,1900,1840,1767,1200,1027,989,846,825,658,640,595,490,448,435,392,370,360,198,160,155,80,73, : 81655
2 : 6708,6318,5904,5772,5676,5104,4752,3990,3920,3843,3634,3608,3510,2816,2812,2623,2385,1800,1716,1288,1134,1080,780,536,376,264,240,120,88,44, : 82841
3 : 6440,5776,4992,4899,3720,3168,2100,2080,1989,1875,1581,712,660, : 39992
----------------------- 1 ---------------------------
canvasWidth:300,
canvasHeight:300,
data:[{x:245,y:0,l:50,w:55},{x:251,y:50,l:96,w:49},{x:246,y:50,l:87,w:5},{x:254,y:146,l:87,w:46},{x:249,y:146,l:74,w:5},{x:251,y:233,l:10,w:49},{x:257,y:244,l:23,w:43},{x:157,y:0,l:55,w:88},{x:57,y:0,l:46,w:100},{x:63,y:46,l:9,w:94},{x:33,y:0,l:50,w:24},{x:41,y:50,l:5,w:16},{x:21,y:0,l:30,w:12},{x:179,y:55,l:93,w:66},{x:115,y:55,l:93,w:64},{x:20,y:55,l:59,w:95},{x:20,y:114,l:20,w:95},{x:147,y:148,l:82,w:98},{x:228,y:230,l:35,w:17},{x:147,y:230,l:31,w:81},{x:47,y:148,l:77,w:100},{x:83,y:225,l:33,w:64},{x:116,y:258,l:5,w:31},{x:43,y:148,l:98,w:4},{x:22,y:148,l:93,w:21},{x:208,y:267,l:33,w:92},{x:124,y:267,l:27,w:84},{x:44,y:267,l:8,w:80},{x:51,y:275,l:1,w:73},{x:22,y:267,l:9,w:22},{x:44,y:277,l:23,w:80},{x:0,y:0,l:8,w:20},{x:1,y:8,l:93,w:19},{x:13,y:101,l:94,w:7},{x:2,y:101,l:75,w:11},{x:7,y:195,l:79,w:13},{x:0,y:195,l:64,w:7},],
----------------------- 2 ---------------------------
canvasWidth:300,
canvasHeight:300,
data:[{x:219,y:0,l:78,w:81},{x:145,y:0,l:78,w:74},{x:70,y:0,l:24,w:75},{x:80,y:24,l:54,w:65},{x:72,y:24,l:47,w:8},{x:70,y:24,l:22,w:2},{x:0,y:0,l:57,w:70},{x:16,y:57,l:21,w:54},{x:234,y:78,l:86,w:66},{x:234,y:164,l:26,w:66},{x:234,y:190,l:4,w:66},{x:242,y:194,l:88,w:58},{x:234,y:194,l:67,w:8},{x:234,y:261,l:11,w:8},{x:240,y:282,l:18,w:60},{x:156,y:78,l:86,w:78},{x:84,y:78,l:82,w:72},{x:40,y:78,l:82,w:44},{x:2,y:78,l:74,w:38},{x:202,y:164,l:88,w:32},{x:206,y:252,l:46,w:28},{x:202,y:252,l:30,w:4},{x:156,y:164,l:79,w:46},{x:157,y:243,l:53,w:45},{x:95,y:164,l:63,w:61},{x:113,y:227,l:61,w:43},{x:109,y:227,l:60,w:4},{x:94,y:227,l:52,w:15},{x:54,y:164,l:98,w:40},{x:0,y:164,l:88,w:54},],
----------------------- 3 ---------------------------
canvasWidth:300,
canvasHeight:300,
data:[{x:208,y:0,l:70,w:92},{x:112,y:0,l:52,w:96},{x:72,y:0,l:52,w:40},{x:0,y:0,l:44,w:72},{x:224,y:70,l:76,w:76},{x:225,y:146,l:25,w:75},{x:238,y:171,l:60,w:62},{x:227,y:171,l:60,w:11},{x:229,y:231,l:69,w:71},{x:203,y:70,l:100,w:21},{x:207,y:170,l:93,w:17},{x:164,y:70,l:51,w:39},{x:195,y:121,l:89,w:8},],
