====================================== Class_02.2bp-19 =====================================
Reduced size: 40 usedBin: 0
[0, 1, 2, 3, 4, 5, 6, 7, 8, 9, 10, 11, 12, 13, 14, 15, 16, 19, 20, 21, 28, 29, 30, 31, 32, 33, 34, 35, 36, 37, 38, 39]
[17, 18, 22, 23, 24, 25, 26, 27]
------------------------------------------------
Best fit used bin number: 2
Found best solution: 2 0.234

   Statrt add columnAndCut col: 2 cons: 0 cut: 0	0.312

	1 Start Add column using column generation  col: 2 cons: 0 cut: 0	0.312
			Start solve  LP :0.312
			End solve LP obj: 2.0 t: 0
	1 End Add column using column generation : 2.0 col: 2 cons: 0 cut: 0	0.312
   End add columnAndCut : 2.0 colGencnt: 1 price: 0 col: 2 cons: 0 cut: 0	0.312

Node lb: 2.0 ub: 2 : 0.312

Final Found Solution: 2 genNode: 1 extendedNode: 0:0.312
Bin size: 900
1 : 64,54,54,50,48,48,42,42,40,40,40,36,36,36,32,32,30,28,24,24,12,10,9,8,7,6,4,4,3,3,3,1, : 870
2 : 28,28,24,18,15,15,14,14, : 156
----------------------- 1 ---------------------------
canvasWidth:30,
canvasHeight:30,
data:[{x:26,y:0,l:9,w:4},{x:26,y:9,l:9,w:4},{x:26,y:18,l:8,w:4},{x:18,y:0,l:8,w:8},{x:10,y:0,l:5,w:8},{x:10,y:5,l:3,w:8},{x:4,y:0,l:8,w:6},{x:0,y:0,l:8,w:4},{x:20,y:8,l:9,w:6},{x:20,y:17,l:8,w:6},{x:23,y:25,l:1,w:3},{x:20,y:25,l:1,w:3},{x:15,y:8,l:10,w:5},{x:15,y:18,l:6,w:5},{x:17,y:24,l:2,w:3},{x:6,y:8,l:6,w:9},{x:0,y:8,l:6,w:6},{x:7,y:14,l:5,w:8},{x:0,y:14,l:4,w:7},{x:0,y:18,l:1,w:7},{x:9,y:19,l:7,w:6},{x:2,y:19,l:6,w:7},{x:0,y:19,l:4,w:2},{x:20,y:26,l:4,w:10},{x:14,y:26,l:4,w:6},{x:13,y:26,l:4,w:1},{x:3,y:26,l:1,w:10},{x:10,y:27,l:3,w:3},{x:4,y:27,l:2,w:6},{x:6,y:29,l:1,w:4},{x:5,y:29,l:1,w:1},{x:0,y:26,l:1,w:3},],
----------------------- 2 ---------------------------
canvasWidth:30,
canvasHeight:30,
data:[{x:23,y:0,l:2,w:7},{x:23,y:2,l:2,w:7},{x:17,y:0,l:4,w:6},{x:8,y:0,l:2,w:9},{x:26,y:4,l:7,w:4},{x:26,y:11,l:7,w:4},{x:23,y:4,l:5,w:3},{x:23,y:9,l:5,w:3},],
