====================================== Class_08.2bp-21 =====================================
Reduced size: 60 usedBin: 0
[7, 27, 34, 46]
[10, 22, 36, 53]
[1, 5, 57]
[4, 23, 37, 56]
[11, 16, 43]
[15, 19, 31]
[9, 21, 55]
[8, 25, 50, 51]
[28, 30, 38, 44]
[20, 24, 42, 47, 49, 58]
[2, 12]
[0, 26, 48]
[14, 18, 54]
[17, 32, 39, 40, 59]
[3, 13, 52]
[6, 33, 35]
[29, 41, 45]
------------------------------------------------
Best fit used bin number: 17
Found best solution: 17 0.256

   Statrt add columnAndCut col: 17 cons: 0 cut: 0	0.341

	1 Start Add column using column generation  col: 17 cons: 0 cut: 0	0.341
			Start solve  LP :0.341
			End solve LP obj: 17.0 t: 2
	1 End Add column using column generation : 17.0 col: 17 cons: 0 cut: 0	0.344
   End add columnAndCut : 17.0 colGencnt: 1 price: 0 col: 17 cons: 0 cut: 0	0.345

Node lb: 17.0 ub: 17 : 0.345

Final Found Solution: 17 genNode: 1 extendedNode: 0:0.345
Bin size: 10000
1 : 4100,2475,1900,1140, : 9615
2 : 3825,2925,1800,490, : 9040
3 : 4851,4653,352, : 9856
4 : 4704,2784,1748,352, : 9588
5 : 3698,3393,1344, : 8435
6 : 3420,3060,2240, : 8720
7 : 3950,2964,444, : 7358
8 : 3984,2520,840,792, : 8136
9 : 2392,2349,1716,1302, : 7759
10 : 3036,2622,1400,1095,858,264, : 9275
11 : 4800,3654, : 8454
12 : 5723,2484,871, : 9078
13 : 3552,3243,460, : 7255
14 : 3285,2176,1540,1474,73, : 8548
15 : 4800,3652,615, : 9067
16 : 4464,2100,1848, : 8412
17 : 2356,1452,1161, : 4969
----------------------- 1 ---------------------------
canvasWidth:100,
canvasHeight:100,
data:[{x:0,y:0,l:41,w:100},{x:0,y:41,l:19,w:100},{x:1,y:60,l:25,w:99},{x:5,y:85,l:12,w:95},],
----------------------- 2 ---------------------------
canvasWidth:100,
canvasHeight:100,
data:[{x:25,y:0,l:51,w:75},{x:25,y:51,l:39,w:75},{x:30,y:90,l:7,w:70},{x:5,y:0,l:90,w:20},],
----------------------- 3 ---------------------------
canvasWidth:100,
canvasHeight:100,
data:[{x:1,y:0,l:49,w:99},{x:1,y:49,l:47,w:99},{x:12,y:96,l:4,w:88},],
----------------------- 4 ---------------------------
canvasWidth:100,
canvasHeight:100,
data:[{x:13,y:0,l:32,w:87},{x:2,y:0,l:32,w:11},{x:4,y:32,l:49,w:96},{x:8,y:81,l:19,w:92},],
----------------------- 5 ---------------------------
canvasWidth:100,
canvasHeight:100,
data:[{x:13,y:0,l:39,w:87},{x:14,y:39,l:43,w:86},{x:16,y:82,l:16,w:84},],
----------------------- 6 ---------------------------
canvasWidth:100,
canvasHeight:100,
data:[{x:5,y:0,l:36,w:95},{x:15,y:36,l:36,w:85},{x:20,y:72,l:28,w:80},],
----------------------- 7 ---------------------------
canvasWidth:100,
canvasHeight:100,
data:[{x:21,y:0,l:50,w:79},{x:24,y:50,l:39,w:76},{x:26,y:89,l:6,w:74},],
----------------------- 8 ---------------------------
canvasWidth:100,
canvasHeight:100,
data:[{x:10,y:0,l:28,w:90},{x:17,y:28,l:48,w:83},{x:30,y:76,l:12,w:70},{x:34,y:88,l:12,w:66},],
----------------------- 9 ---------------------------
canvasWidth:100,
canvasHeight:100,
data:[{x:7,y:0,l:14,w:93},{x:8,y:14,l:26,w:92},{x:13,y:40,l:27,w:87},{x:22,y:67,l:22,w:78},],
----------------------- 10 ---------------------------
canvasWidth:100,
canvasHeight:100,
data:[{x:86,y:0,l:100,w:14},{x:17,y:0,l:44,w:69},{x:17,y:44,l:38,w:69},{x:20,y:82,l:13,w:66},{x:20,y:95,l:4,w:66},{x:2,y:0,l:73,w:15},],
----------------------- 11 ---------------------------
canvasWidth:100,
canvasHeight:100,
data:[{x:52,y:0,l:100,w:48},{x:10,y:0,l:87,w:42},],
----------------------- 12 ---------------------------
canvasWidth:100,
canvasHeight:100,
data:[{x:3,y:0,l:59,w:97},{x:8,y:59,l:27,w:92},{x:33,y:86,l:13,w:67},],
----------------------- 13 ---------------------------
canvasWidth:100,
canvasHeight:100,
data:[{x:8,y:0,l:5,w:92},{x:26,y:5,l:48,w:74},{x:31,y:53,l:47,w:69},],
----------------------- 14 ---------------------------
canvasWidth:100,
canvasHeight:100,
data:[{x:27,y:0,l:45,w:73},{x:27,y:45,l:1,w:73},{x:30,y:46,l:22,w:70},{x:32,y:68,l:32,w:68},{x:5,y:0,l:67,w:22},],
----------------------- 15 ---------------------------
canvasWidth:100,
canvasHeight:100,
data:[{x:0,y:0,l:48,w:100},{x:17,y:48,l:44,w:83},{x:2,y:48,l:41,w:15},],
----------------------- 16 ---------------------------
canvasWidth:100,
canvasHeight:100,
data:[{x:7,y:0,l:48,w:93},{x:16,y:48,l:25,w:84},{x:23,y:73,l:24,w:77},],
----------------------- 17 ---------------------------
canvasWidth:100,
canvasHeight:100,
data:[{x:24,y:0,l:31,w:76},{x:34,y:31,l:22,w:66},{x:57,y:53,l:27,w:43},],
