====================================== Class_10.2bp-17 =====================================
Reduced size: 40 usedBin: 0
[3, 9, 21, 23, 35]
[7, 8, 11, 16, 20, 26, 32, 36, 37]
[2, 5, 24, 34, 38]
[1, 27, 29, 31]
[4, 6, 13, 22]
[10, 12, 14, 15, 18, 19, 25, 28, 39]
[0, 17, 30, 33]
------------------------------------------------
Best fit used bin number: 7
Found best solution: 7 0.265

   Statrt add columnAndCut col: 7 cons: 0 cut: 0	0.312

	1 Start Add column using column generation  col: 7 cons: 0 cut: 0	0.312
			Start solve  LP :0.312
			End solve LP obj: 7.0 t: 0
	1 End Add column using column generation : 7.0 col: 7 cons: 0 cut: 0	0.312
   End add columnAndCut : 7.0 colGencnt: 1 price: 0 col: 7 cons: 0 cut: 0	0.312

Node lb: 7.0 ub: 7 : 0.312

Final Found Solution: 7 genNode: 1 extendedNode: 0:0.312
Bin size: 10000
1 : 3760,1672,770,703,155, : 7060
2 : 2211,1911,1551,1107,782,520,276,90,55, : 8503
3 : 4650,3552,700,260,50, : 9212
4 : 7719,516,426,288, : 8949
5 : 3735,3283,1440,704, : 9162
6 : 1599,1443,1368,1196,920,920,656,470,40, : 8612
7 : 7826,1078,328,270, : 9502
----------------------- 1 ---------------------------
canvasWidth:100,
canvasHeight:100,
data:[{x:53,y:0,l:80,w:47},{x:48,y:0,l:31,w:5},{x:4,y:0,l:38,w:44},{x:26,y:38,l:35,w:22},{x:7,y:38,l:37,w:19},],
----------------------- 2 ---------------------------
canvasWidth:100,
canvasHeight:100,
data:[{x:33,y:0,l:33,w:67},{x:13,y:0,l:26,w:20},{x:1,y:0,l:23,w:12},{x:2,y:23,l:5,w:11},{x:51,y:33,l:39,w:49},{x:59,y:72,l:27,w:41},{x:53,y:72,l:15,w:6},{x:5,y:33,l:17,w:46},{x:18,y:50,l:47,w:33},],
----------------------- 3 ---------------------------
canvasWidth:100,
canvasHeight:100,
data:[{x:63,y:0,l:96,w:37},{x:62,y:0,l:50,w:1},{x:0,y:0,l:75,w:62},{x:34,y:75,l:25,w:28},{x:8,y:75,l:10,w:26},],
----------------------- 4 ---------------------------
canvasWidth:100,
canvasHeight:100,
data:[{x:97,y:0,l:96,w:3},{x:14,y:0,l:93,w:83},{x:8,y:0,l:86,w:6},{x:2,y:0,l:71,w:6},],
----------------------- 5 ---------------------------
canvasWidth:100,
canvasHeight:100,
data:[{x:55,y:0,l:83,w:45},{x:56,y:83,l:16,w:44},{x:6,y:0,l:67,w:49},{x:7,y:67,l:30,w:48},],
----------------------- 6 ---------------------------
canvasWidth:100,
canvasHeight:100,
data:[{x:63,y:0,l:39,w:37},{x:25,y:0,l:36,w:38},{x:59,y:39,l:39,w:41},{x:59,y:78,l:16,w:41},{x:49,y:39,l:47,w:10},{x:49,y:86,l:4,w:10},{x:23,y:39,l:46,w:26},{x:0,y:0,l:40,w:23},{x:0,y:40,l:40,w:23},],
----------------------- 7 ---------------------------
canvasWidth:100,
canvasHeight:100,
data:[{x:89,y:0,l:98,w:11},{x:3,y:0,l:91,w:86},{x:59,y:91,l:9,w:30},{x:18,y:91,l:8,w:41},],
