====================================== Class_02.2bp-49 =====================================
Reduced size: 100 usedBin: 0
[0, 2, 3, 8, 14, 26, 29, 31, 32, 38, 39, 41, 43, 49, 50, 72, 73, 75, 77, 78, 81, 83, 92, 93]
[1, 4, 9, 11, 13, 15, 16, 17, 18, 24, 33, 45, 51, 60, 69, 76, 79, 82, 87, 91, 98, 99]
[5, 6, 7, 10, 12, 22, 23, 27, 28, 30, 40, 46, 47, 48, 55, 58, 62, 63, 64, 71, 88, 94, 95, 97]
[19, 20, 21, 25, 34, 35, 36, 37, 42, 44, 52, 53, 54, 56, 57, 59, 61, 65, 66, 67, 68, 70, 74, 80, 84, 85, 86, 89, 90, 96]
------------------------------------------------
Best fit used bin number: 4
Found best solution: 4 0.203

   Statrt add columnAndCut col: 4 cons: 0 cut: 0	0.265

	1 Start Add column using column generation  col: 4 cons: 0 cut: 0	0.265
			Start solve  LP :0.265
			End solve LP obj: 4.0 t: 0
	1 End Add column using column generation : 4.0 col: 4 cons: 0 cut: 0	0.265
   End add columnAndCut : 4.0 colGencnt: 1 price: 0 col: 4 cons: 0 cut: 0	0.265

Node lb: 4.0 ub: 4 : 0.265

Final Found Solution: 4 genNode: 1 extendedNode: 0:0.265
Bin size: 900
1 : 100,90,90,80,70,54,50,45,45,40,40,32,30,27,25,12,10,10,10,10,9,8,5,4, : 896
2 : 100,81,72,72,70,70,64,63,63,54,45,30,24,20,12,10,10,9,7,6,2,1, : 885
3 : 81,81,81,72,72,56,56,54,50,48,36,28,28,28,21,20,18,16,16,12,6,4,4,3, : 891
4 : 63,63,60,54,42,42,42,42,30,30,24,24,24,21,21,20,20,15,14,12,12,12,10,9,8,8,7,6,6,4, : 745
----------------------- 1 ---------------------------
canvasWidth:30,
canvasHeight:30,
data:[{x:20,y:0,l:3,w:10},{x:20,y:3,l:1,w:10},{x:11,y:0,l:3,w:9},{x:11,y:3,l:1,w:9},{x:3,y:0,l:4,w:8},{x:0,y:0,l:4,w:3},{x:25,y:4,l:9,w:5},{x:25,y:13,l:9,w:5},{x:25,y:22,l:8,w:5},{x:16,y:4,l:10,w:9},{x:11,y:4,l:10,w:5},{x:15,y:14,l:10,w:10},{x:11,y:14,l:10,w:4},{x:16,y:24,l:6,w:9},{x:11,y:24,l:5,w:5},{x:12,y:29,l:1,w:4},{x:1,y:4,l:9,w:10},{x:1,y:13,l:8,w:10},{x:1,y:21,l:7,w:10},{x:6,y:28,l:2,w:5},{x:2,y:28,l:2,w:4},{x:0,y:4,l:10,w:1},{x:0,y:14,l:10,w:1},{x:0,y:24,l:5,w:1},],
----------------------- 2 ---------------------------
canvasWidth:30,
canvasHeight:30,
data:[{x:20,y:0,l:10,w:10},{x:21,y:10,l:9,w:9},{x:20,y:10,l:9,w:1},{x:20,y:19,l:7,w:10},{x:20,y:26,l:3,w:10},{x:20,y:29,l:1,w:10},{x:12,y:0,l:9,w:8},{x:5,y:0,l:9,w:7},{x:0,y:0,l:9,w:5},{x:13,y:9,l:10,w:7},{x:6,y:9,l:9,w:7},{x:6,y:18,l:1,w:7},{x:0,y:9,l:9,w:6},{x:12,y:19,l:8,w:8},{x:12,y:27,l:3,w:8},{x:10,y:19,l:10,w:2},{x:10,y:29,l:1,w:2},{x:9,y:19,l:10,w:1},{x:9,y:29,l:1,w:1},{x:1,y:19,l:9,w:8},{x:3,y:28,l:2,w:6},{x:0,y:19,l:6,w:1},],
----------------------- 3 ---------------------------
canvasWidth:30,
canvasHeight:30,
data:[{x:21,y:0,l:8,w:9},{x:12,y:0,l:8,w:9},{x:8,y:0,l:7,w:4},{x:8,y:7,l:1,w:4},{x:21,y:8,l:9,w:9},{x:21,y:17,l:4,w:9},{x:12,y:8,l:6,w:9},{x:8,y:8,l:5,w:4},{x:8,y:13,l:1,w:4},{x:18,y:14,l:7,w:3},{x:8,y:14,l:5,w:10},{x:12,y:19,l:2,w:6},{x:9,y:19,l:2,w:3},{x:21,y:21,l:9,w:9},{x:12,y:21,l:9,w:9},{x:10,y:21,l:9,w:2},{x:8,y:21,l:8,w:2},{x:2,y:0,l:8,w:6},{x:0,y:0,l:8,w:2},{x:0,y:8,l:7,w:8},{x:0,y:15,l:7,w:8},{x:1,y:22,l:4,w:7},{x:0,y:22,l:3,w:1},{x:1,y:26,l:4,w:7},],
----------------------- 4 ---------------------------
canvasWidth:30,
canvasHeight:30,
data:[{x:20,y:0,l:6,w:10},{x:13,y:0,l:6,w:7},{x:6,y:0,l:6,w:7},{x:0,y:0,l:5,w:6},{x:24,y:6,l:9,w:6},{x:24,y:15,l:7,w:6},{x:24,y:22,l:7,w:6},{x:24,y:29,l:1,w:6},{x:18,y:6,l:5,w:6},{x:14,y:6,l:5,w:4},{x:18,y:11,l:4,w:6},{x:14,y:11,l:3,w:4},{x:14,y:14,l:1,w:4},{x:7,y:6,l:9,w:7},{x:0,y:6,l:9,w:7},{x:21,y:15,l:7,w:3},{x:21,y:22,l:5,w:3},{x:21,y:27,l:3,w:3},{x:13,y:15,l:3,w:8},{x:6,y:15,l:3,w:7},{x:13,y:18,l:3,w:8},{x:5,y:18,l:1,w:8},{x:5,y:19,l:1,w:8},{x:19,y:21,l:6,w:2},{x:19,y:27,l:3,w:2},{x:17,y:21,l:7,w:2},{x:16,y:21,l:7,w:1},{x:14,y:21,l:6,w:2},{x:0,y:15,l:5,w:4},{x:2,y:20,l:5,w:2},],
