====================================== Class_04.2bp-13 =====================================
Reduced size: 40 usedBin: 0
[0, 1, 3, 4, 6, 7, 8, 9, 11, 12, 14, 16, 21, 22, 23, 24, 25, 26, 27, 28, 30, 31, 32, 34, 35, 36, 37, 39]
[2, 5, 10, 13, 15, 17, 18, 19, 20, 29, 33, 38]
------------------------------------------------
Best fit used bin number: 2
Found best solution: 2 0.281

   Statrt add columnAndCut col: 2 cons: 0 cut: 0	0.344

	1 Start Add column using column generation  col: 2 cons: 0 cut: 0	0.344
			Start solve  LP :0.344
			End solve LP obj: 2.0 t: 0
	1 End Add column using column generation : 2.0 col: 2 cons: 0 cut: 0	0.344
   End add columnAndCut : 2.0 colGencnt: 1 price: 0 col: 2 cons: 0 cut: 0	0.344

Node lb: 2.0 ub: 2 : 0.344

Final Found Solution: 2 genNode: 1 extendedNode: 0:0.344
Bin size: 10000
1 : 1122,960,884,837,759,621,450,391,361,360,336,276,234,224,210,204,189,156,124,96,85,80,76,64,42,39,16,12, : 9208
2 : 918,780,384,348,336,266,264,255,238,90,75,14, : 3968
----------------------- 1 ---------------------------
canvasWidth:100,
canvasHeight:100,
data:[{x:77,y:0,l:33,w:23},{x:77,y:33,l:27,w:23},{x:77,y:60,l:12,w:23},{x:83,y:72,l:23,w:17},{x:81,y:72,l:21,w:2},{x:77,y:72,l:19,w:4},{x:83,y:95,l:5,w:17},{x:51,y:0,l:34,w:26},{x:51,y:34,l:9,w:26},{x:56,y:43,l:16,w:21},{x:51,y:43,l:16,w:5},{x:21,y:0,l:12,w:30},{x:4,y:0,l:12,w:17},{x:20,y:12,l:27,w:31},{x:39,y:39,l:13,w:12},{x:39,y:52,l:8,w:12},{x:20,y:39,l:19,w:19},{x:31,y:58,l:2,w:8},{x:5,y:12,l:30,w:15},{x:2,y:12,l:13,w:3},{x:0,y:12,l:6,w:2},{x:16,y:42,l:16,w:4},{x:0,y:42,l:14,w:16},{x:43,y:60,l:33,w:34},{x:13,y:60,l:32,w:30},{x:6,y:60,l:30,w:7},{x:50,y:93,l:7,w:27},{x:19,y:93,l:4,w:31},],
----------------------- 2 ---------------------------
canvasWidth:100,
canvasHeight:100,
data:[{x:74,y:0,l:30,w:26},{x:62,y:0,l:29,w:12},{x:46,y:0,l:24,w:16},{x:47,y:24,l:5,w:15},{x:34,y:0,l:28,w:12},{x:0,y:0,l:27,w:34},{x:86,y:30,l:19,w:14},{x:86,y:49,l:17,w:14},{x:75,y:30,l:24,w:11},{x:77,y:54,l:10,w:9},{x:75,y:54,l:7,w:2},{x:60,y:30,l:17,w:15},],
