====================================== Class_07.2bp-34 =====================================
Reduced size: 80 usedBin: 0
[0, 54, 70, 79]
[7, 39, 55]
[5, 35, 53]
[12, 29, 52, 76, 77]
[1, 64]
[4, 46, 72]
[21, 44, 74]
[2, 40]
[6, 32, 59]
[8, 28]
[16, 20, 49, 78]
[9, 11]
[13, 23]
[10, 22, 71]
[14, 17, 65]
[18, 27, 51]
[19, 24, 43, 73]
[15, 25, 47]
[26, 30, 42, 66]
[31, 36, 38, 56]
[33, 37, 41, 45]
[34, 48, 50, 57, 58, 68]
[60, 61, 62, 63, 67, 69, 75]
[3]
------------------------------------------------
Best fit used bin number: 24
Found best solution: 24 0.156

   Statrt add columnAndCut col: 24 cons: 0 cut: 0	0.218

	1 Start Add column using column generation  col: 24 cons: 0 cut: 0	0.218
			Start solve  LP :0.218
			End solve LP obj: 24.0 t: 0
	1 End Add column using column generation : 24.0 col: 24 cons: 0 cut: 0	0.234
   End add columnAndCut : 24.0 colGencnt: 1 price: 0 col: 24 cons: 0 cut: 0	0.234

Node lb: 24.0 ub: 24 : 0.234

Final Found Solution: 24 genNode: 1 extendedNode: 0:0.234
Bin size: 10000
1 : 7885,1245,480,66, : 9676
2 : 5044,2277,1215, : 8536
3 : 5292,2418,1248, : 8958
4 : 4648,2772,1264,99,75, : 8858
5 : 7298,814, : 8112
6 : 5313,1840,270, : 7423
7 : 3381,1974,201, : 5556
8 : 6816,2268, : 9084
9 : 5168,2523,912, : 8603
10 : 4992,2772, : 7764
11 : 4048,3441,1530,72, : 9091
12 : 4752,4650, : 9402
13 : 4389,3182, : 7571
14 : 4675,3354,300, : 8329
15 : 4140,3956,776, : 8872
16 : 3773,2886,1288, : 7947
17 : 3762,3040,1995,219, : 9016
18 : 4074,3034,1581, : 8689
19 : 2976,2752,2130,756, : 8614
20 : 2538,2392,2380,1164, : 8474
21 : 2430,2392,2150,1860, : 8832
22 : 2425,1566,1407,1155,1056,736, : 8345
23 : 864,864,837,819,748,584,112, : 4828
24 : 5980, : 5980
----------------------- 1 ---------------------------
canvasWidth:100,
canvasHeight:100,
data:[{x:5,y:0,l:83,w:95},{x:17,y:83,l:15,w:83},{x:67,y:98,l:2,w:33},{x:0,y:0,l:96,w:5},],
----------------------- 2 ---------------------------
canvasWidth:100,
canvasHeight:100,
data:[{x:48,y:0,l:97,w:52},{x:33,y:0,l:81,w:15},{x:0,y:0,l:69,w:33},],
----------------------- 3 ---------------------------
canvasWidth:100,
canvasHeight:100,
data:[{x:16,y:0,l:63,w:84},{x:22,y:63,l:31,w:78},{x:0,y:0,l:78,w:16},],
----------------------- 4 ---------------------------
canvasWidth:100,
canvasHeight:100,
data:[{x:1,y:0,l:1,w:99},{x:17,y:1,l:56,w:83},{x:34,y:57,l:42,w:66},{x:1,y:1,l:79,w:16},{x:0,y:0,l:75,w:1},],
----------------------- 5 ---------------------------
canvasWidth:100,
canvasHeight:100,
data:[{x:11,y:0,l:82,w:89},{x:0,y:0,l:74,w:11},],
----------------------- 6 ---------------------------
canvasWidth:100,
canvasHeight:100,
data:[{x:80,y:0,l:92,w:20},{x:77,y:0,l:90,w:3},{x:0,y:0,l:69,w:77},],
----------------------- 7 ---------------------------
canvasWidth:100,
canvasHeight:100,
data:[{x:79,y:0,l:94,w:21},{x:76,y:0,l:67,w:3},{x:7,y:0,l:49,w:69},],
----------------------- 8 ---------------------------
canvasWidth:100,
canvasHeight:100,
data:[{x:29,y:0,l:96,w:71},{x:2,y:0,l:84,w:27},],
----------------------- 9 ---------------------------
canvasWidth:100,
canvasHeight:100,
data:[{x:13,y:0,l:29,w:87},{x:24,y:29,l:68,w:76},{x:1,y:0,l:76,w:12},],
----------------------- 10 ---------------------------
canvasWidth:100,
canvasHeight:100,
data:[{x:36,y:0,l:78,w:64},{x:0,y:0,l:77,w:36},],
----------------------- 11 ---------------------------
canvasWidth:100,
canvasHeight:100,
data:[{x:63,y:0,l:93,w:37},{x:19,y:0,l:92,w:44},{x:1,y:0,l:85,w:18},{x:0,y:0,l:72,w:1},],
----------------------- 12 ---------------------------
canvasWidth:100,
canvasHeight:100,
data:[{x:52,y:0,l:99,w:48},{x:2,y:0,l:93,w:50},],
----------------------- 13 ---------------------------
canvasWidth:100,
canvasHeight:100,
data:[{x:63,y:0,l:86,w:37},{x:6,y:0,l:77,w:57},],
----------------------- 14 ---------------------------
canvasWidth:100,
canvasHeight:100,
data:[{x:61,y:0,l:86,w:39},{x:6,y:0,l:85,w:55},{x:2,y:0,l:75,w:4},],
----------------------- 15 ---------------------------
canvasWidth:100,
canvasHeight:100,
data:[{x:92,y:0,l:97,w:8},{x:46,y:0,l:90,w:46},{x:0,y:0,l:86,w:46},],
----------------------- 16 ---------------------------
canvasWidth:100,
canvasHeight:100,
data:[{x:86,y:0,l:92,w:14},{x:49,y:0,l:78,w:37},{x:0,y:0,l:77,w:49},],
----------------------- 17 ---------------------------
canvasWidth:100,
canvasHeight:100,
data:[{x:62,y:0,l:99,w:38},{x:41,y:0,l:95,w:21},{x:3,y:0,l:80,w:38},{x:0,y:0,l:73,w:3},],
----------------------- 18 ---------------------------
canvasWidth:100,
canvasHeight:100,
data:[{x:58,y:0,l:97,w:42},{x:41,y:0,l:93,w:17},{x:0,y:0,l:74,w:41},],
----------------------- 19 ---------------------------
canvasWidth:100,
canvasHeight:100,
data:[{x:70,y:0,l:71,w:30},{x:72,y:71,l:27,w:28},{x:39,y:0,l:96,w:31},{x:7,y:0,l:86,w:32},],
----------------------- 20 ---------------------------
canvasWidth:100,
canvasHeight:100,
data:[{x:88,y:0,l:97,w:12},{x:61,y:0,l:94,w:27},{x:35,y:0,l:92,w:26},{x:1,y:0,l:70,w:34},],
----------------------- 21 ---------------------------
canvasWidth:100,
canvasHeight:100,
data:[{x:80,y:0,l:93,w:20},{x:54,y:0,l:92,w:26},{x:27,y:0,l:90,w:27},{x:2,y:0,l:86,w:25},],
----------------------- 22 ---------------------------
canvasWidth:100,
canvasHeight:100,
data:[{x:75,y:0,l:97,w:25},{x:64,y:0,l:96,w:11},{x:56,y:0,l:92,w:8},{x:38,y:0,l:87,w:18},{x:23,y:0,l:77,w:15},{x:2,y:0,l:67,w:21},],
----------------------- 23 ---------------------------
canvasWidth:100,
canvasHeight:100,
data:[{x:91,y:0,l:93,w:9},{x:82,y:0,l:96,w:9},{x:73,y:0,l:96,w:9},{x:64,y:0,l:91,w:9},{x:56,y:0,l:73,w:8},{x:57,y:73,l:16,w:7},{x:45,y:0,l:68,w:11},],
----------------------- 24 ---------------------------
canvasWidth:100,
canvasHeight:100,
data:[{x:8,y:0,l:65,w:92},],
