====================================== Class_10.2bp-10 =====================================
Reduced size: 40 usedBin: 0
[2, 12, 32, 33]
[4, 5, 22, 39]
[0, 15, 28, 35]
[9, 11, 14, 17, 21, 27, 30, 31, 36, 37, 38]
[1, 19, 23, 26]
[3, 10, 13, 34]
[8, 16, 18, 20, 29]
[6, 7, 24, 25]
------------------------------------------------
Best fit used bin number: 8
Found best solution: 8 0.262

   Statrt add columnAndCut col: 8 cons: 0 cut: 0	0.333

	1 Start Add column using column generation  col: 8 cons: 0 cut: 0	0.334
			Start solve  LP :0.334
			End solve LP obj: 8.0 t: 2
	1 End Add column using column generation : 8.0 col: 8 cons: 0 cut: 0	0.337
   End add columnAndCut : 8.0 colGencnt: 1 price: 0 col: 8 cons: 0 cut: 0	0.337

Node lb: 8.0 ub: 8 : 0.338

Final Found Solution: 8 genNode: 1 extendedNode: 0:0.338
Bin size: 10000
1 : 6840,1710,200,152, : 8902
2 : 4300,4214,506,21, : 9041
3 : 8217,1152,312,72, : 9753
4 : 3102,2370,1230,1020,527,342,288,228,72,56,24, : 9259
5 : 7462,962,405,352, : 9181
6 : 4704,2592,1300,96, : 8692
7 : 3498,1092,988,931,304, : 6813
8 : 4042,3872,368,360, : 8642
----------------------- 1 ---------------------------
canvasWidth:100,
canvasHeight:100,
data:[{x:98,y:0,l:100,w:2},{x:26,y:0,l:95,w:72},{x:60,y:95,l:4,w:38},{x:7,y:0,l:90,w:19},],
----------------------- 2 ---------------------------
canvasWidth:100,
canvasHeight:100,
data:[{x:0,y:0,l:43,w:100},{x:2,y:43,l:43,w:98},{x:54,y:86,l:11,w:46},{x:93,y:97,l:3,w:7},],
----------------------- 3 ---------------------------
canvasWidth:100,
canvasHeight:100,
data:[{x:1,y:0,l:83,w:99},{x:0,y:0,l:72,w:1},{x:28,y:83,l:16,w:72},{x:4,y:83,l:13,w:24},],
----------------------- 4 ---------------------------
canvasWidth:100,
canvasHeight:100,
data:[{x:70,y:0,l:79,w:30},{x:82,y:79,l:19,w:18},{x:70,y:79,l:19,w:12},{x:37,y:0,l:94,w:33},{x:58,y:94,l:6,w:12},{x:31,y:0,l:48,w:6},{x:1,y:0,l:41,w:30},{x:24,y:41,l:8,w:7},{x:0,y:0,l:24,w:1},{x:6,y:49,l:17,w:31},{x:7,y:66,l:34,w:30},],
----------------------- 5 ---------------------------
canvasWidth:100,
canvasHeight:100,
data:[{x:18,y:0,l:91,w:82},{x:5,y:0,l:74,w:13},{x:1,y:0,l:88,w:4},{x:55,y:91,l:9,w:45},],
----------------------- 6 ---------------------------
canvasWidth:100,
canvasHeight:100,
data:[{x:4,y:0,l:49,w:96},{x:0,y:0,l:24,w:4},{x:74,y:49,l:50,w:26},{x:2,y:49,l:36,w:72},],
----------------------- 7 ---------------------------
canvasWidth:100,
canvasHeight:100,
data:[{x:47,y:0,l:66,w:53},{x:62,y:66,l:26,w:38},{x:34,y:0,l:84,w:13},{x:15,y:0,l:49,w:19},{x:18,y:49,l:19,w:16},],
----------------------- 8 ---------------------------
canvasWidth:100,
canvasHeight:100,
data:[{x:12,y:0,l:44,w:88},{x:14,y:44,l:47,w:86},{x:4,y:0,l:46,w:8},{x:4,y:46,l:45,w:8},],
