====================================== Class_07.2bp-25 =====================================
Reduced size: 60 usedBin: 0
[10, 14, 19, 58]
[1, 26]
[0, 49]
[2, 24]
[3, 11, 55]
[4, 9]
[5, 16, 36]
[8, 20, 38]
[6, 12, 31, 43, 59]
[21, 22, 23, 28, 53]
[13, 18, 30, 50]
[15, 25, 29, 33]
[7, 17, 39, 41, 46, 56, 57]
[27, 34, 35, 37, 40, 52, 54]
[32, 42, 44, 45, 47, 48, 51]
------------------------------------------------
Best fit used bin number: 15
Found best solution: 15 0.25

   Statrt add columnAndCut col: 15 cons: 0 cut: 0	0.313

	1 Start Add column using column generation  col: 15 cons: 0 cut: 0	0.313
			Start solve  LP :0.328
			End solve LP obj: 15.0 t: 0
	1 End Add column using column generation : 15.0 col: 15 cons: 0 cut: 0	0.328
   End add columnAndCut : 15.0 colGencnt: 1 price: 0 col: 15 cons: 0 cut: 0	0.328

Node lb: 15.0 ub: 15 : 0.328

Final Found Solution: 15 genNode: 1 extendedNode: 0:0.328
Bin size: 10000
1 : 3360,3136,2744,148, : 9388
2 : 5688,2016, : 7704
3 : 6279,546, : 6825
4 : 5168,2146, : 7314
5 : 4263,3332,192, : 7787
6 : 4189,3403, : 7592
7 : 4171,3066,1440, : 8677
8 : 3476,2736,1207, : 7419
9 : 3645,3290,1620,836,96, : 9487
10 : 2520,2254,2160,1860,420, : 9214
11 : 3145,2754,1620,504, : 8023
12 : 3080,2136,1640,1566, : 8422
13 : 3610,2842,1001,949,644,152,150, : 9348
14 : 1968,1562,1520,1411,984,456,392, : 8293
15 : 1575,936,800,730,640,639,456, : 5776
----------------------- 1 ---------------------------
canvasWidth:100,
canvasHeight:100,
data:[{x:68,y:0,l:98,w:32},{x:40,y:0,l:98,w:28},{x:0,y:0,l:84,w:40},{x:26,y:98,l:2,w:74},],
----------------------- 2 ---------------------------
canvasWidth:100,
canvasHeight:100,
data:[{x:79,y:0,l:96,w:21},{x:0,y:0,l:72,w:79},],
----------------------- 3 ---------------------------
canvasWidth:100,
canvasHeight:100,
data:[{x:9,y:0,l:69,w:91},{x:3,y:0,l:91,w:6},],
----------------------- 4 ---------------------------
canvasWidth:100,
canvasHeight:100,
data:[{x:32,y:0,l:76,w:68},{x:3,y:0,l:74,w:29},],
----------------------- 5 ---------------------------
canvasWidth:100,
canvasHeight:100,
data:[{x:98,y:0,l:96,w:2},{x:49,y:0,l:87,w:49},{x:0,y:0,l:68,w:49},],
----------------------- 6 ---------------------------
canvasWidth:100,
canvasHeight:100,
data:[{x:59,y:0,l:83,w:41},{x:0,y:0,l:71,w:59},],
----------------------- 7 ---------------------------
canvasWidth:100,
canvasHeight:100,
data:[{x:57,y:0,l:97,w:43},{x:42,y:0,l:96,w:15},{x:0,y:0,l:73,w:42},],
----------------------- 8 ---------------------------
canvasWidth:100,
canvasHeight:100,
data:[{x:56,y:0,l:79,w:44},{x:18,y:0,l:72,w:38},{x:1,y:0,l:71,w:17},],
----------------------- 9 ---------------------------
canvasWidth:100,
canvasHeight:100,
data:[{x:55,y:0,l:81,w:45},{x:56,y:81,l:19,w:44},{x:20,y:0,l:94,w:35},{x:31,y:94,l:4,w:24},{x:2,y:0,l:90,w:18},],
----------------------- 10 ---------------------------
canvasWidth:100,
canvasHeight:100,
data:[{x:70,y:0,l:84,w:30},{x:70,y:84,l:14,w:30},{x:47,y:0,l:98,w:23},{x:27,y:0,l:93,w:20},{x:0,y:0,l:80,w:27},],
----------------------- 11 ---------------------------
canvasWidth:100,
canvasHeight:100,
data:[{x:63,y:0,l:85,w:37},{x:57,y:0,l:84,w:6},{x:23,y:0,l:81,w:34},{x:3,y:0,l:81,w:20},],
----------------------- 12 ---------------------------
canvasWidth:100,
canvasHeight:100,
data:[{x:76,y:0,l:89,w:24},{x:41,y:0,l:88,w:35},{x:23,y:0,l:87,w:18},{x:3,y:0,l:82,w:20},],
----------------------- 13 ---------------------------
canvasWidth:100,
canvasHeight:100,
data:[{x:71,y:0,l:98,w:29},{x:33,y:0,l:95,w:38},{x:26,y:0,l:92,w:7},{x:15,y:0,l:91,w:11},{x:0,y:0,l:10,w:15},{x:2,y:10,l:73,w:13},{x:24,y:98,l:2,w:76},],
----------------------- 14 ---------------------------
canvasWidth:100,
canvasHeight:100,
data:[{x:78,y:0,l:71,w:22},{x:86,y:71,l:28,w:14},{x:37,y:0,l:48,w:41},{x:54,y:48,l:41,w:24},{x:42,y:48,l:38,w:12},{x:20,y:0,l:83,w:17},{x:1,y:0,l:80,w:19},],
----------------------- 15 ---------------------------
canvasWidth:100,
canvasHeight:100,
data:[{x:79,y:0,l:75,w:21},{x:66,y:0,l:72,w:13},{x:56,y:0,l:80,w:10},{x:48,y:0,l:80,w:8},{x:42,y:0,l:76,w:6},{x:32,y:0,l:73,w:10},{x:23,y:0,l:71,w:9},],
