====================================== Class_09.2bp-24 =====================================
Reduced size: 60 usedBin: 0
[15]
[36, 46, 54]
[12]
[1]
[5]
[19]
[8]
[0, 55]
[14, 58]
[9]
[38]
[20]
[41, 48]
[29, 44]
[32]
[2, 49]
[31]
[26]
[13, 51]
[28, 43]
[10, 50, 53]
[6]
[33, 42, 57]
[11, 47, 52]
[40]
[22]
[23]
[30]
[34]
[7, 59]
[3]
[27, 56]
[16]
[4, 45]
[37]
[21, 39]
[17]
[35]
[25]
[24]
[18]
------------------------------------------------
Best fit used bin number: 41
Found best solution: 41 0.141

   Statrt add columnAndCut col: 41 cons: 0 cut: 0	0.204

	1 Start Add column using column generation  col: 41 cons: 0 cut: 0	0.204
			Start solve  LP :0.204
			End solve LP obj: 41.0 t: 0
	1 End Add column using column generation : 41.0 col: 41 cons: 0 cut: 0	0.204
   End add columnAndCut : 41.0 colGencnt: 1 price: 0 col: 41 cons: 0 cut: 0	0.204

Node lb: 41.0 ub: 41 : 0.204

Final Found Solution: 41 genNode: 1 extendedNode: 0:0.204
Bin size: 10000
1 : 5700, : 5700
2 : 3780,2296,800, : 6876
3 : 6272, : 6272
4 : 8460, : 8460
5 : 7254, : 7254
6 : 5044, : 5044
7 : 6975, : 6975
8 : 8742,658, : 9400
9 : 5723,237, : 5960
10 : 6688, : 6688
11 : 3127, : 3127
12 : 5022, : 5022
13 : 3021,1305, : 4326
14 : 4410,2430, : 6840
15 : 4104, : 4104
16 : 8051,1188, : 9239
17 : 4134, : 4134
18 : 4539, : 4539
19 : 5780,990, : 6770
20 : 4425,2775, : 7200
21 : 6612,1092,840, : 8544
22 : 7084, : 7084
23 : 4048,2800,273, : 7121
24 : 6478,1365,936, : 8779
25 : 3078, : 3078
26 : 4818, : 4818
27 : 4760, : 4760
28 : 4240, : 4240
29 : 4004, : 4004
30 : 7081,93, : 7174
31 : 7654, : 7654
32 : 4539,484, : 5023
33 : 5518, : 5518
34 : 7275,2376, : 9651
35 : 3510, : 3510
36 : 4896,3104, : 8000
37 : 5475, : 5475
38 : 3900, : 3900
39 : 4680, : 4680
40 : 4757, : 4757
41 : 5088, : 5088
----------------------- 1 ---------------------------
canvasWidth:100,
canvasHeight:100,
data:[{x:0,y:0,l:57,w:100},],
----------------------- 2 ---------------------------
canvasWidth:100,
canvasHeight:100,
data:[{x:92,y:0,l:100,w:8},{x:10,y:0,l:28,w:82},{x:29,y:28,l:60,w:63},],
----------------------- 3 ---------------------------
canvasWidth:100,
canvasHeight:100,
data:[{x:2,y:0,l:64,w:98},],
----------------------- 4 ---------------------------
canvasWidth:100,
canvasHeight:100,
data:[{x:6,y:0,l:90,w:94},],
----------------------- 5 ---------------------------
canvasWidth:100,
canvasHeight:100,
data:[{x:7,y:0,l:78,w:93},],
----------------------- 6 ---------------------------
canvasWidth:100,
canvasHeight:100,
data:[{x:3,y:0,l:52,w:97},],
----------------------- 7 ---------------------------
canvasWidth:100,
canvasHeight:100,
data:[{x:7,y:0,l:75,w:93},],
----------------------- 8 ---------------------------
canvasWidth:100,
canvasHeight:100,
data:[{x:7,y:0,l:94,w:93},{x:0,y:0,l:94,w:7},],
----------------------- 9 ---------------------------
canvasWidth:100,
canvasHeight:100,
data:[{x:97,y:0,l:79,w:3},{x:0,y:0,l:59,w:97},],
----------------------- 10 ---------------------------
canvasWidth:100,
canvasHeight:100,
data:[{x:24,y:0,l:88,w:76},],
----------------------- 11 ---------------------------
canvasWidth:100,
canvasHeight:100,
data:[{x:47,y:0,l:59,w:53},],
----------------------- 12 ---------------------------
canvasWidth:100,
canvasHeight:100,
data:[{x:19,y:0,l:62,w:81},],
----------------------- 13 ---------------------------
canvasWidth:100,
canvasHeight:100,
data:[{x:47,y:0,l:57,w:53},{x:55,y:57,l:29,w:45},],
----------------------- 14 ---------------------------
canvasWidth:100,
canvasHeight:100,
data:[{x:19,y:0,l:30,w:81},{x:37,y:30,l:70,w:63},],
----------------------- 15 ---------------------------
canvasWidth:100,
canvasHeight:100,
data:[{x:46,y:0,l:76,w:54},],
----------------------- 16 ---------------------------
canvasWidth:100,
canvasHeight:100,
data:[{x:88,y:0,l:99,w:12},{x:5,y:0,l:97,w:83},],
----------------------- 17 ---------------------------
canvasWidth:100,
canvasHeight:100,
data:[{x:22,y:0,l:53,w:78},],
----------------------- 18 ---------------------------
canvasWidth:100,
canvasHeight:100,
data:[{x:49,y:0,l:89,w:51},],
----------------------- 19 ---------------------------
canvasWidth:100,
canvasHeight:100,
data:[{x:32,y:0,l:85,w:68},{x:34,y:85,l:15,w:66},],
----------------------- 20 ---------------------------
canvasWidth:100,
canvasHeight:100,
data:[{x:41,y:0,l:75,w:59},{x:4,y:0,l:75,w:37},],
----------------------- 21 ---------------------------
canvasWidth:100,
canvasHeight:100,
data:[{x:24,y:0,l:87,w:76},{x:14,y:0,l:84,w:10},{x:16,y:87,l:13,w:84},],
----------------------- 22 ---------------------------
canvasWidth:100,
canvasHeight:100,
data:[{x:23,y:0,l:92,w:77},],
----------------------- 23 ---------------------------
canvasWidth:100,
canvasHeight:100,
data:[{x:56,y:0,l:92,w:44},{x:61,y:92,l:7,w:39},{x:0,y:0,l:50,w:56},],
----------------------- 24 ---------------------------
canvasWidth:100,
canvasHeight:100,
data:[{x:18,y:0,l:79,w:82},{x:6,y:0,l:78,w:12},{x:9,y:79,l:15,w:91},],
----------------------- 25 ---------------------------
canvasWidth:100,
canvasHeight:100,
data:[{x:43,y:0,l:54,w:57},],
----------------------- 26 ---------------------------
canvasWidth:100,
canvasHeight:100,
data:[{x:34,y:0,l:73,w:66},],
----------------------- 27 ---------------------------
canvasWidth:100,
canvasHeight:100,
data:[{x:32,y:0,l:70,w:68},],
----------------------- 28 ---------------------------
canvasWidth:100,
canvasHeight:100,
data:[{x:47,y:0,l:80,w:53},],
----------------------- 29 ---------------------------
canvasWidth:100,
canvasHeight:100,
data:[{x:48,y:0,l:77,w:52},],
----------------------- 30 ---------------------------
canvasWidth:100,
canvasHeight:100,
data:[{x:27,y:0,l:97,w:73},{x:69,y:97,l:3,w:31},],
----------------------- 31 ---------------------------
canvasWidth:100,
canvasHeight:100,
data:[{x:14,y:0,l:89,w:86},],
----------------------- 32 ---------------------------
canvasWidth:100,
canvasHeight:100,
data:[{x:11,y:0,l:51,w:89},{x:0,y:0,l:44,w:11},],
----------------------- 33 ---------------------------
canvasWidth:100,
canvasHeight:100,
data:[{x:38,y:0,l:89,w:62},],
----------------------- 34 ---------------------------
canvasWidth:100,
canvasHeight:100,
data:[{x:76,y:0,l:99,w:24},{x:1,y:0,l:97,w:75},],
----------------------- 35 ---------------------------
canvasWidth:100,
canvasHeight:100,
data:[{x:46,y:0,l:65,w:54},],
----------------------- 36 ---------------------------
canvasWidth:100,
canvasHeight:100,
data:[{x:3,y:0,l:32,w:97},{x:28,y:32,l:68,w:72},],
----------------------- 37 ---------------------------
canvasWidth:100,
canvasHeight:100,
data:[{x:27,y:0,l:75,w:73},],
----------------------- 38 ---------------------------
canvasWidth:100,
canvasHeight:100,
data:[{x:25,y:0,l:52,w:75},],
----------------------- 39 ---------------------------
canvasWidth:100,
canvasHeight:100,
data:[{x:28,y:0,l:65,w:72},],
----------------------- 40 ---------------------------
canvasWidth:100,
canvasHeight:100,
data:[{x:29,y:0,l:67,w:71},],
----------------------- 41 ---------------------------
canvasWidth:100,
canvasHeight:100,
data:[{x:47,y:0,l:96,w:53},],
