====================================== Class_08.2bp-29 =====================================
Reduced size: 60 usedBin: 0
[3, 13]
[19, 26, 29]
[1, 58]
[6, 8]
[4, 18, 59]
[9, 14, 44, 54]
[30, 36, 40, 42, 47]
[2, 41]
[10, 12]
[15, 16]
[7, 25, 37]
[22, 23, 39, 45, 52]
[20, 21, 24, 48, 57]
[5, 31, 34, 50]
[17, 28, 38, 46]
[11, 35, 49, 53, 56]
[27, 32, 33, 43, 55]
[0, 51]
------------------------------------------------
Best fit used bin number: 18
Found best solution: 18 0.141

   Statrt add columnAndCut col: 18 cons: 0 cut: 0	0.203

	1 Start Add column using column generation  col: 18 cons: 0 cut: 0	0.203
			Start solve  LP :0.203
			End solve LP obj: 18.0 t: 0
	1 End Add column using column generation : 18.0 col: 18 cons: 0 cut: 0	0.203
   End add columnAndCut : 18.0 colGencnt: 1 price: 0 col: 18 cons: 0 cut: 0	0.203

Node lb: 18.0 ub: 18 : 0.203

Final Found Solution: 18 genNode: 1 extendedNode: 0:0.203
Bin size: 10000
1 : 5368,3861, : 9229
2 : 3000,2250,2128, : 7378
3 : 8428,99, : 8527
4 : 4650,4200, : 8850
5 : 5332,3115,77, : 8524
6 : 4059,3744,1330,402, : 9535
7 : 2040,1722,1496,1380,1020, : 7658
8 : 5412,1425, : 6837
9 : 4004,3920, : 7924
10 : 3724,3555, : 7279
11 : 4312,2310,1659, : 8281
12 : 2619,2610,1596,1264,684, : 8773
13 : 2660,2632,2460,912,186, : 8850
14 : 5056,1968,1800,759, : 9583
15 : 3420,2162,1610,1190, : 8382
16 : 3995,1755,776,434,261, : 7221
17 : 2208,1863,1824,1350,396, : 7641
18 : 8624,748, : 9372
----------------------- 1 ---------------------------
canvasWidth:100,
canvasHeight:100,
data:[{x:1,y:0,l:39,w:99},{x:12,y:39,l:61,w:88},],
----------------------- 2 ---------------------------
canvasWidth:100,
canvasHeight:100,
data:[{x:24,y:0,l:28,w:76},{x:25,y:28,l:40,w:75},{x:25,y:68,l:30,w:75},],
----------------------- 3 ---------------------------
canvasWidth:100,
canvasHeight:100,
data:[{x:1,y:0,l:1,w:99},{x:14,y:1,l:98,w:86},],
----------------------- 4 ---------------------------
canvasWidth:100,
canvasHeight:100,
data:[{x:7,y:0,l:50,w:93},{x:16,y:50,l:50,w:84},],
----------------------- 5 ---------------------------
canvasWidth:100,
canvasHeight:100,
data:[{x:11,y:0,l:35,w:89},{x:0,y:0,l:7,w:11},{x:14,y:35,l:62,w:86},],
----------------------- 6 ---------------------------
canvasWidth:100,
canvasHeight:100,
data:[{x:1,y:0,l:41,w:99},{x:4,y:41,l:39,w:96},{x:5,y:80,l:14,w:95},{x:33,y:94,l:6,w:67},],
----------------------- 7 ---------------------------
canvasWidth:100,
canvasHeight:100,
data:[{x:15,y:0,l:24,w:85},{x:15,y:24,l:12,w:85},{x:18,y:36,l:21,w:82},{x:32,y:57,l:22,w:68},{x:31,y:79,l:20,w:69},],
----------------------- 8 ---------------------------
canvasWidth:100,
canvasHeight:100,
data:[{x:5,y:0,l:15,w:95},{x:34,y:15,l:82,w:66},],
----------------------- 9 ---------------------------
canvasWidth:100,
canvasHeight:100,
data:[{x:9,y:0,l:44,w:91},{x:30,y:44,l:56,w:70},],
----------------------- 10 ---------------------------
canvasWidth:100,
canvasHeight:100,
data:[{x:21,y:0,l:45,w:79},{x:24,y:45,l:49,w:76},],
----------------------- 11 ---------------------------
canvasWidth:100,
canvasHeight:100,
data:[{x:12,y:0,l:49,w:88},{x:21,y:49,l:21,w:79},{x:23,y:70,l:30,w:77},],
----------------------- 12 ---------------------------
canvasWidth:100,
canvasHeight:100,
data:[{x:3,y:0,l:27,w:97},{x:10,y:27,l:29,w:90},{x:16,y:56,l:19,w:84},{x:21,y:75,l:16,w:79},{x:24,y:91,l:9,w:76},],
----------------------- 13 ---------------------------
canvasWidth:100,
canvasHeight:100,
data:[{x:5,y:0,l:28,w:95},{x:6,y:28,l:28,w:94},{x:7,y:56,l:2,w:93},{x:18,y:58,l:30,w:82},{x:24,y:88,l:12,w:76},],
----------------------- 14 ---------------------------
canvasWidth:100,
canvasHeight:100,
data:[{x:82,y:0,l:100,w:18},{x:0,y:0,l:24,w:82},{x:3,y:24,l:64,w:79},{x:13,y:88,l:11,w:69},],
----------------------- 15 ---------------------------
canvasWidth:100,
canvasHeight:100,
data:[{x:15,y:0,l:14,w:85},{x:10,y:14,l:38,w:90},{x:54,y:52,l:47,w:46},{x:19,y:52,l:46,w:35},],
----------------------- 16 ---------------------------
canvasWidth:100,
canvasHeight:100,
data:[{x:3,y:0,l:8,w:97},{x:13,y:8,l:3,w:87},{x:53,y:11,l:85,w:47},{x:14,y:11,l:45,w:39},{x:0,y:11,l:31,w:14},],
----------------------- 17 ---------------------------
canvasWidth:100,
canvasHeight:100,
data:[{x:1,y:0,l:4,w:99},{x:4,y:4,l:19,w:96},{x:25,y:23,l:18,w:75},{x:31,y:41,l:32,w:69},{x:31,y:73,l:27,w:69},],
----------------------- 18 ---------------------------
canvasWidth:100,
canvasHeight:100,
data:[{x:2,y:0,l:88,w:98},{x:32,y:88,l:11,w:68},],
