====================================== Class_04.2bp-24 =====================================
Reduced size: 60 usedBin: 0
[0, 2, 3, 5, 6, 8, 9, 11, 17, 19, 21, 22, 23, 24, 28, 30, 31, 34, 36, 37, 39, 41, 43, 46, 48, 52, 53, 54, 55, 57, 58]
[1, 4, 7, 10, 12, 13, 14, 15, 16, 18, 20, 25, 26, 27, 29, 32, 33, 35, 38, 40, 42, 44, 45, 47, 49, 50, 51, 56, 59]
------------------------------------------------
Best fit used bin number: 2
Found best solution: 2 0.266

   Statrt add columnAndCut col: 2 cons: 0 cut: 0	0.328

	1 Start Add column using column generation  col: 2 cons: 0 cut: 0	0.328
			Start solve  LP :0.328
			End solve LP obj: 2.0 t: 16
	1 End Add column using column generation : 2.0 col: 2 cons: 0 cut: 0	0.344
   End add columnAndCut : 2.0 colGencnt: 1 price: 0 col: 2 cons: 0 cut: 0	0.344

Node lb: 2.0 ub: 2 : 0.344

Final Found Solution: 2 genNode: 1 extendedNode: 0:0.344
Bin size: 10000
1 : 899,825,792,630,627,608,589,561,403,342,325,276,260,248,208,192,189,176,170,162,145,128,100,88,84,57,51,42,32,24,14, : 9247
2 : 837,728,620,570,558,528,476,420,414,351,340,231,231,216,208,180,176,171,150,143,119,92,90,87,66,63,60,27,8, : 8160
----------------------- 1 ---------------------------
canvasWidth:100,
canvasHeight:100,
data:[{x:67,y:0,l:25,w:33},{x:81,y:25,l:32,w:19},{x:77,y:25,l:32,w:4},{x:70,y:25,l:27,w:7},{x:67,y:25,l:19,w:3},{x:81,y:57,l:31,w:19},{x:68,y:57,l:25,w:13},{x:77,y:82,l:6,w:4},{x:32,y:0,l:18,w:35},{x:13,y:0,l:18,w:19},{x:48,y:18,l:33,w:19},{x:50,y:51,l:3,w:17},{x:14,y:18,l:5,w:34},{x:19,y:23,l:31,w:29},{x:14,y:23,l:29,w:5},{x:43,y:55,l:33,w:24},{x:26,y:55,l:33,w:17},{x:18,y:55,l:31,w:8},{x:0,y:0,l:31,w:13},{x:2,y:31,l:8,w:11},{x:0,y:31,l:7,w:2},{x:1,y:39,l:23,w:12},{x:4,y:62,l:18,w:9},{x:84,y:88,l:12,w:16},{x:58,y:88,l:8,w:26},{x:59,y:96,l:4,w:25},{x:32,y:88,l:10,w:26},{x:37,y:98,l:2,w:21},{x:0,y:88,l:1,w:32},{x:4,y:89,l:3,w:28},{x:10,y:92,l:8,w:22},],
----------------------- 2 ---------------------------
canvasWidth:100,
canvasHeight:100,
data:[{x:69,y:0,l:20,w:31},{x:48,y:0,l:11,w:21},{x:49,y:11,l:9,w:20},{x:48,y:11,l:8,w:1},{x:17,y:0,l:18,w:31},{x:81,y:20,l:30,w:19},{x:81,y:50,l:9,w:19},{x:84,y:59,l:11,w:16},{x:81,y:59,l:9,w:3},{x:82,y:70,l:12,w:18},{x:82,y:82,l:5,w:18},{x:87,y:87,l:11,w:13},{x:57,y:20,l:22,w:24},{x:60,y:42,l:3,w:21},{x:34,y:20,l:18,w:23},{x:34,y:38,l:4,w:23},{x:37,y:42,l:3,w:20},{x:17,y:20,l:7,w:17},{x:18,y:27,l:13,w:16},{x:55,y:45,l:28,w:26},{x:27,y:45,l:17,w:28},{x:17,y:45,l:15,w:10},{x:22,y:62,l:7,w:33},{x:22,y:69,l:2,w:33},{x:50,y:73,l:27,w:31},{x:21,y:73,l:3,w:29},{x:23,y:76,l:13,w:27},{x:0,y:0,l:20,w:17},{x:2,y:20,l:28,w:15},],
