====================================== Class_07.2bp-39 =====================================
Reduced size: 80 usedBin: 0
[9, 43, 54, 70, 74]
[11, 13, 75]
[20, 34, 40, 66]
[5, 44, 67]
[1, 39]
[8, 27, 53]
[4, 46, 55, 76]
[14, 28, 45]
[0, 73]
[3, 58, 65, 79]
[15, 16, 62]
[21, 24, 71]
[18, 59, 63]
[7, 22, 69]
[10, 47, 48]
[31, 32, 50]
[6, 35, 49, 77]
[38, 42, 52, 56, 60]
[23, 41, 51]
[19, 26, 37, 72]
[29, 30, 68]
[2, 33]
[12, 25, 57, 78]
[17, 36, 61, 64]
------------------------------------------------
Best fit used bin number: 24
Found best solution: 24 0.266

   Statrt add columnAndCut col: 24 cons: 0 cut: 0	0.344

	1 Start Add column using column generation  col: 24 cons: 0 cut: 0	0.344
			Start solve  LP :0.344
			End solve LP obj: 24.0 t: 0
	1 End Add column using column generation : 24.0 col: 24 cons: 0 cut: 0	0.344
   End add columnAndCut : 24.0 colGencnt: 1 price: 0 col: 24 cons: 0 cut: 0	0.344

Node lb: 24.0 ub: 24 : 0.344

Final Found Solution: 24 genNode: 1 extendedNode: 0:0.344
Bin size: 10000
1 : 4488,2162,1521,584,400, : 9155
2 : 4410,4056,301, : 8767
3 : 3483,2580,2236,1068, : 9367
4 : 5440,2136,882, : 8458
5 : 6402,2244, : 8646
6 : 4600,3108,1632, : 9340
7 : 5760,2046,1440,264, : 9510
8 : 3872,3038,2088, : 8998
9 : 7614,444, : 8058
10 : 5822,1292,1190,77, : 8381
11 : 3864,3696,1190, : 8750
12 : 3479,3360,564, : 7403
13 : 3621,1280,1190, : 6091
14 : 4750,3420,630, : 8800
15 : 4465,1988,1975, : 8428
16 : 2898,2805,1800, : 7503
17 : 4828,2580,1848,176, : 9432
18 : 2254,2185,1700,1386,1275, : 8800
19 : 3397,2232,1716, : 7345
20 : 3492,3135,2400,525, : 9552
21 : 3036,2904,760, : 6700
22 : 5824,2788, : 8612
23 : 4324,3198,1302,90, : 8914
24 : 3654,2565,1232,1190, : 8641
----------------------- 1 ---------------------------
canvasWidth:100,
canvasHeight:100,
data:[{x:96,y:0,l:100,w:4},{x:8,y:0,l:51,w:88},{x:49,y:51,l:46,w:47},{x:8,y:51,l:39,w:39},{x:0,y:0,l:73,w:8},],
----------------------- 2 ---------------------------
canvasWidth:100,
canvasHeight:100,
data:[{x:2,y:0,l:45,w:98},{x:22,y:45,l:52,w:78},{x:15,y:45,l:43,w:7},],
----------------------- 3 ---------------------------
canvasWidth:100,
canvasHeight:100,
data:[{x:70,y:0,l:86,w:30},{x:44,y:0,l:86,w:26},{x:1,y:0,l:81,w:43},{x:11,y:86,l:12,w:89},],
----------------------- 4 ---------------------------
canvasWidth:100,
canvasHeight:100,
data:[{x:91,y:0,l:98,w:9},{x:27,y:0,l:85,w:64},{x:3,y:0,l:89,w:24},],
----------------------- 5 ---------------------------
canvasWidth:100,
canvasHeight:100,
data:[{x:3,y:0,l:66,w:97},{x:34,y:66,l:34,w:66},],
----------------------- 6 ---------------------------
canvasWidth:100,
canvasHeight:100,
data:[{x:54,y:0,l:100,w:46},{x:37,y:0,l:96,w:17},{x:0,y:0,l:84,w:37},],
----------------------- 7 ---------------------------
canvasWidth:100,
canvasHeight:100,
data:[{x:40,y:0,l:96,w:60},{x:25,y:0,l:96,w:15},{x:3,y:0,l:93,w:22},{x:0,y:0,l:88,w:3},],
----------------------- 8 ---------------------------
canvasWidth:100,
canvasHeight:100,
data:[{x:69,y:0,l:98,w:31},{x:25,y:0,l:88,w:44},{x:1,y:0,l:87,w:24},],
----------------------- 9 ---------------------------
canvasWidth:100,
canvasHeight:100,
data:[{x:6,y:0,l:81,w:94},{x:0,y:0,l:74,w:6},],
----------------------- 10 ---------------------------
canvasWidth:100,
canvasHeight:100,
data:[{x:18,y:0,l:71,w:82},{x:30,y:71,l:17,w:70},{x:17,y:0,l:77,w:1},{x:0,y:0,l:76,w:17},],
----------------------- 11 ---------------------------
canvasWidth:100,
canvasHeight:100,
data:[{x:16,y:0,l:46,w:84},{x:16,y:46,l:44,w:84},{x:2,y:0,l:85,w:14},],
----------------------- 12 ---------------------------
canvasWidth:100,
canvasHeight:100,
data:[{x:94,y:0,l:94,w:6},{x:52,y:0,l:80,w:42},{x:3,y:0,l:71,w:49},],
----------------------- 13 ---------------------------
canvasWidth:100,
canvasHeight:100,
data:[{x:49,y:0,l:71,w:51},{x:32,y:0,l:70,w:17},{x:0,y:0,l:40,w:32},],
----------------------- 14 ---------------------------
canvasWidth:100,
canvasHeight:100,
data:[{x:50,y:0,l:95,w:50},{x:12,y:0,l:90,w:38},{x:3,y:0,l:70,w:9},],
----------------------- 15 ---------------------------
canvasWidth:100,
canvasHeight:100,
data:[{x:53,y:0,l:95,w:47},{x:28,y:0,l:79,w:25},{x:0,y:0,l:71,w:28},],
----------------------- 16 ---------------------------
canvasWidth:100,
canvasHeight:100,
data:[{x:67,y:0,l:85,w:33},{x:43,y:0,l:75,w:24},{x:1,y:0,l:69,w:42},],
----------------------- 17 ---------------------------
canvasWidth:100,
canvasHeight:100,
data:[{x:29,y:0,l:68,w:71},{x:1,y:0,l:66,w:28},{x:12,y:68,l:2,w:88},{x:14,y:70,l:30,w:86},],
----------------------- 18 ---------------------------
canvasWidth:100,
canvasHeight:100,
data:[{x:86,y:0,l:99,w:14},{x:63,y:0,l:98,w:23},{x:40,y:0,l:95,w:23},{x:20,y:0,l:85,w:20},{x:3,y:0,l:75,w:17},],
----------------------- 19 ---------------------------
canvasWidth:100,
canvasHeight:100,
data:[{x:57,y:0,l:79,w:43},{x:26,y:0,l:72,w:31},{x:0,y:0,l:66,w:26},],
----------------------- 20 ---------------------------
canvasWidth:100,
canvasHeight:100,
data:[{x:76,y:0,l:100,w:24},{x:40,y:0,l:97,w:36},{x:7,y:0,l:95,w:33},{x:0,y:0,l:75,w:7},],
----------------------- 21 ---------------------------
canvasWidth:100,
canvasHeight:100,
data:[{x:90,y:0,l:76,w:10},{x:44,y:0,l:66,w:46},{x:0,y:0,l:66,w:44},],
----------------------- 22 ---------------------------
canvasWidth:100,
canvasHeight:100,
data:[{x:36,y:0,l:91,w:64},{x:2,y:0,l:82,w:34},],
----------------------- 23 ---------------------------
canvasWidth:100,
canvasHeight:100,
data:[{x:54,y:0,l:94,w:46},{x:40,y:0,l:93,w:14},{x:39,y:0,l:90,w:1},{x:0,y:0,l:82,w:39},],
----------------------- 24 ---------------------------
canvasWidth:100,
canvasHeight:100,
data:[{x:73,y:0,l:95,w:27},{x:59,y:0,l:88,w:14},{x:17,y:0,l:87,w:42},{x:3,y:0,l:85,w:14},],
