====================================== Class_03.2bp-12 =====================================
Reduced size: 40 usedBin: 0
[5, 7]
[0, 29, 31, 36, 37]
[12, 13, 14]
[3, 19, 23]
[10, 11, 21]
[2]
[9, 18, 20, 30, 32]
[1, 28, 33, 39]
[6, 22, 24, 26, 27, 34]
[4, 15, 17]
[8, 16, 25, 35, 38]
------------------------------------------------
Best fit used bin number: 11
Found best solution: 11 0.171

   Statrt add columnAndCut col: 11 cons: 0 cut: 0	0.234

	1 Start Add column using column generation  col: 11 cons: 0 cut: 0	0.234
			Start solve  LP :0.234
			End solve LP obj: 11.0 t: 0
	1 End Add column using column generation : 11.0 col: 11 cons: 0 cut: 0	0.234
   End add columnAndCut : 11.0 colGencnt: 1 price: 0 col: 11 cons: 0 cut: 0	0.234

Node lb: 11.0 ub: 11 : 0.234

Final Found Solution: 11 genNode: 1 extendedNode: 0:0.234
Bin size: 1600
1 : 660,612, : 1272
2 : 1156,130,125,33,32, : 1476
3 : 500,450,418, : 1368
4 : 759,264,240, : 1263
5 : 570,525,247, : 1342
6 : 1054, : 1054
7 : 594,280,256,128,125, : 1383
8 : 1122,135,78,9, : 1344
9 : 638,242,207,171,154,70, : 1482
10 : 728,340,297, : 1365
11 : 600,300,187,60,32, : 1179
----------------------- 1 ---------------------------
canvasWidth:40,
canvasHeight:40,
data:[{x:6,y:0,l:18,w:34},{x:10,y:18,l:22,w:30},],
----------------------- 2 ---------------------------
canvasWidth:40,
canvasHeight:40,
data:[{x:6,y:0,l:34,w:34},{x:5,y:0,l:33,w:1},{x:0,y:0,l:26,w:5},{x:1,y:26,l:8,w:4},{x:15,y:34,l:5,w:25},],
----------------------- 3 ---------------------------
canvasWidth:40,
canvasHeight:40,
data:[{x:15,y:0,l:20,w:25},{x:18,y:20,l:19,w:22},{x:0,y:0,l:30,w:15},],
----------------------- 4 ---------------------------
canvasWidth:40,
canvasHeight:40,
data:[{x:7,y:0,l:23,w:33},{x:7,y:23,l:8,w:33},{x:10,y:31,l:8,w:30},],
----------------------- 5 ---------------------------
canvasWidth:40,
canvasHeight:40,
data:[{x:15,y:0,l:21,w:25},{x:2,y:0,l:19,w:13},{x:10,y:21,l:19,w:30},],
----------------------- 6 ---------------------------
canvasWidth:40,
canvasHeight:40,
data:[{x:9,y:0,l:34,w:31},],
----------------------- 7 ---------------------------
canvasWidth:40,
canvasHeight:40,
data:[{x:18,y:0,l:27,w:22},{x:2,y:0,l:16,w:16},{x:2,y:16,l:8,w:16},{x:5,y:27,l:8,w:35},{x:15,y:35,l:5,w:25},],
----------------------- 8 ---------------------------
canvasWidth:40,
canvasHeight:40,
data:[{x:34,y:0,l:13,w:6},{x:35,y:13,l:27,w:5},{x:34,y:13,l:9,w:1},{x:0,y:0,l:33,w:34},],
----------------------- 9 ---------------------------
canvasWidth:40,
canvasHeight:40,
data:[{x:11,y:0,l:22,w:29},{x:21,y:22,l:9,w:19},{x:11,y:22,l:7,w:10},{x:17,y:31,l:9,w:23},{x:0,y:0,l:22,w:11},{x:0,y:22,l:14,w:11},],
----------------------- 10 ---------------------------
canvasWidth:40,
canvasHeight:40,
data:[{x:14,y:0,l:28,w:26},{x:3,y:0,l:27,w:11},{x:6,y:28,l:10,w:34},],
----------------------- 11 ---------------------------
canvasWidth:40,
canvasHeight:40,
data:[{x:10,y:0,l:20,w:30},{x:20,y:20,l:15,w:20},{x:20,y:35,l:3,w:20},{x:24,y:38,l:2,w:16},{x:3,y:20,l:11,w:17},],
