====================================== Class_06.2bp-47 =====================================
Reduced size: 100 usedBin: 0
[1, 2, 6, 10, 11, 12, 14, 18, 21, 22, 26, 27, 37, 38, 40, 41, 43, 61, 62, 72, 76, 77, 81, 82, 85, 86, 90, 92, 95, 97]
[3, 7, 13, 17, 20, 23, 24, 25, 32, 34, 35, 36, 42, 44, 46, 48, 49, 51, 52, 53, 54, 55, 56, 57, 63, 64, 65, 67, 68, 73, 74, 78, 80, 83, 87, 94, 99]
[0, 4, 5, 8, 9, 15, 16, 19, 28, 29, 30, 31, 33, 39, 45, 47, 50, 58, 59, 60, 66, 69, 70, 71, 75, 79, 84, 88, 89, 91, 93, 96, 98]
------------------------------------------------
Best fit used bin number: 3
Found best solution: 3 0.265

   Statrt add columnAndCut col: 3 cons: 0 cut: 0	0.343

	1 Start Add column using column generation  col: 3 cons: 0 cut: 0	0.343
			Start solve  LP :0.343
			End solve LP obj: 3.0 t: 0
	1 End Add column using column generation : 3.0 col: 3 cons: 0 cut: 0	0.343
   End add columnAndCut : 3.0 colGencnt: 1 price: 0 col: 3 cons: 0 cut: 0	0.343

Node lb: 3.0 ub: 3 : 0.343

Final Found Solution: 3 genNode: 1 extendedNode: 0:0.359
Bin size: 90000
1 : 8918,8514,7410,6408,6144,5720,5092,4410,4312,4266,4000,3648,2688,2592,2548,2387,2296,1261,1240,855,712,696,448,390,304,258,168,162,92,66, : 88005
2 : 8272,6885,5525,4902,4324,4225,4209,4140,3276,3068,3060,2816,2332,2268,2116,2088,2079,2040,1955,1950,1890,1848,1539,1452,1081,1040,1020,969,924,792,780,630,585,352,221,108,28, : 86789
3 : 8930,7452,7440,6880,6806,5041,4914,4368,3572,3540,3432,3422,3216,2552,2145,2100,2064,1394,1350,1296,1020,924,891,858,756,610,336,184,170,165,140,67,49, : 88084
----------------------- 1 ---------------------------
canvasWidth:300,
canvasHeight:300,
data:[{x:228,y:0,l:89,w:72},{x:149,y:0,l:54,w:79},{x:151,y:54,l:31,w:77},{x:152,y:85,l:4,w:76},{x:149,y:54,l:33,w:2},{x:100,y:0,l:88,w:49},{x:209,y:89,l:98,w:91},{x:182,y:89,l:96,w:27},{x:100,y:89,l:28,w:82},{x:176,y:117,l:43,w:6},{x:176,y:160,l:27,w:6},{x:100,y:117,l:67,w:76},{x:236,y:187,l:57,w:64},{x:236,y:244,l:42,w:64},{x:242,y:286,l:12,w:58},{x:145,y:187,l:28,w:91},{x:148,y:215,l:65,w:88},{x:174,y:280,l:20,w:62},{x:146,y:280,l:16,w:28},{x:100,y:187,l:98,w:45},{x:115,y:285,l:13,w:30},{x:0,y:0,l:40,w:100},{x:1,y:40,l:86,w:99},{x:4,y:126,l:64,w:96},{x:0,y:126,l:42,w:4},{x:3,y:190,l:13,w:97},{x:5,y:203,l:78,w:95},{x:5,y:281,l:9,w:95},{x:8,y:290,l:1,w:92},{x:11,y:291,l:8,w:89},],
----------------------- 2 ---------------------------
canvasWidth:300,
canvasHeight:300,
data:[{x:212,y:0,l:94,w:88},{x:166,y:0,l:94,w:46},{x:101,y:0,l:65,w:65},{x:101,y:65,l:12,w:65},{x:109,y:77,l:17,w:57},{x:16,y:0,l:81,w:85},{x:3,y:0,l:80,w:13},{x:84,y:81,l:13,w:17},{x:0,y:81,l:11,w:84},{x:235,y:94,l:85,w:65},{x:211,y:94,l:85,w:24},{x:188,y:94,l:85,w:23},{x:149,y:94,l:84,w:39},{x:122,y:94,l:84,w:27},{x:59,y:94,l:33,w:63},{x:58,y:94,l:28,w:1},{x:63,y:127,l:52,w:59},{x:0,y:94,l:36,w:58},{x:35,y:130,l:47,w:23},{x:2,y:130,l:44,w:33},{x:208,y:179,l:45,w:92},{x:208,y:224,l:23,w:92},{x:212,y:247,l:32,w:88},{x:208,y:247,l:27,w:4},{x:210,y:279,l:21,w:90},{x:157,y:179,l:60,w:51},{x:157,y:239,l:20,w:51},{x:158,y:259,l:39,w:50},{x:71,y:179,l:57,w:86},{x:88,y:236,l:61,w:69},{x:72,y:236,l:22,w:16},{x:73,y:258,l:39,w:15},{x:27,y:179,l:42,w:44},{x:3,y:179,l:33,w:24},{x:27,y:221,l:53,w:44},{x:41,y:274,l:21,w:30},{x:0,y:221,l:57,w:27},],
----------------------- 3 ---------------------------
canvasWidth:300,
canvasHeight:300,
data:[{x:220,y:0,l:93,w:80},{x:220,y:93,l:86,w:80},{x:222,y:179,l:44,w:78},{x:253,y:223,l:76,w:47},{x:223,y:223,l:70,w:30},{x:222,y:223,l:67,w:1},{x:220,y:179,l:70,w:2},{x:128,y:0,l:81,w:92},{x:72,y:0,l:78,w:56},{x:73,y:78,l:3,w:55},{x:1,y:0,l:71,w:71},{x:11,y:71,l:10,w:61},{x:125,y:81,l:94,w:95},{x:77,y:81,l:67,w:48},{x:77,y:148,l:27,w:48},{x:38,y:81,l:55,w:39},{x:43,y:136,l:30,w:34},{x:54,y:166,l:8,w:23},{x:38,y:136,l:34,w:5},{x:9,y:81,l:88,w:29},{x:0,y:81,l:84,w:9},{x:160,y:175,l:59,w:60},{x:161,y:234,l:58,w:59},{x:160,y:234,l:49,w:1},{x:164,y:292,l:6,w:56},{x:78,y:175,l:83,w:82},{x:78,y:258,l:17,w:82},{x:118,y:275,l:22,w:42},{x:79,y:275,l:22,w:39},{x:24,y:175,l:91,w:54},{x:0,y:175,l:86,w:24},{x:51,y:266,l:33,w:27},{x:1,y:266,l:27,w:50},],
