====================================== Class_01.2bp-30 =====================================
Reduced size: 80 usedBin: 0
[6, 53, 60]
[8, 42, 56, 64]
[12, 30]
[7, 51, 54]
[9, 29]
[1, 49]
[16, 37, 44, 73]
[2, 50, 79]
[0, 65]
[3, 61, 63, 69]
[4, 55]
[5, 43, 70]
[25, 32, 40, 58]
[23, 27, 66]
[13, 57, 75]
[14, 36, 41, 76]
[17, 26, 48]
[15, 31, 46]
[18, 33]
[19, 39, 47, 68, 78]
[20, 34, 52, 67, 77]
[21, 35, 38]
[10, 24]
[11, 28, 72, 74]
[22, 45, 59, 62, 71]
------------------------------------------------
Best fit used bin number: 25
Found best solution: 25 0.14

   Statrt add columnAndCut col: 25 cons: 0 cut: 0	0.203

	1 Start Add column using column generation  col: 25 cons: 0 cut: 0	0.203
			Start solve  LP :0.218
			End solve LP obj: 25.0 t: 0
	1 End Add column using column generation : 25.0 col: 25 cons: 0 cut: 0	0.218
   End add columnAndCut : 25.0 colGencnt: 1 price: 0 col: 25 cons: 0 cut: 0	0.218

Node lb: 25.0 ub: 25 : 0.218

Final Found Solution: 25 genNode: 1 extendedNode: 0:0.218
Bin size: 100
1 : 70,14,10, : 94
2 : 56,20,14,10, : 100
3 : 50,30, : 80
4 : 64,16,14, : 94
5 : 54,32, : 86
6 : 72,18, : 90
7 : 45,25,20,5, : 95
8 : 72,16,2, : 90
9 : 81,9, : 90
10 : 72,10,10,8, : 100
11 : 72,14, : 86
12 : 72,20,8, : 100
13 : 36,28,24,12, : 100
14 : 36,36,9, : 81
15 : 49,12,3, : 64
16 : 49,27,21,3, : 100
17 : 42,36,18, : 96
18 : 45,30,20, : 95
19 : 42,28, : 70
20 : 42,24,18,9,3, : 96
21 : 42,28,15,9,3, : 97
22 : 42,28,24, : 94
23 : 54,36, : 90
24 : 54,32,6,4, : 96
25 : 40,20,12,10,8, : 90
----------------------- 1 ---------------------------
canvasWidth:10,
canvasHeight:10,
data:[{x:0,y:0,l:7,w:10},{x:0,y:7,l:1,w:10},{x:3,y:8,l:2,w:7},],
----------------------- 2 ---------------------------
canvasWidth:10,
canvasHeight:10,
data:[{x:3,y:0,l:8,w:7},{x:3,y:8,l:2,w:7},{x:1,y:0,l:10,w:2},{x:0,y:0,l:10,w:1},],
----------------------- 3 ---------------------------
canvasWidth:10,
canvasHeight:10,
data:[{x:0,y:0,l:5,w:10},{x:0,y:5,l:3,w:10},],
----------------------- 4 ---------------------------
canvasWidth:10,
canvasHeight:10,
data:[{x:2,y:0,l:8,w:8},{x:2,y:8,l:2,w:8},{x:0,y:0,l:7,w:2},],
----------------------- 5 ---------------------------
canvasWidth:10,
canvasHeight:10,
data:[{x:1,y:0,l:6,w:9},{x:2,y:6,l:4,w:8},],
----------------------- 6 ---------------------------
canvasWidth:10,
canvasHeight:10,
data:[{x:1,y:0,l:8,w:9},{x:1,y:8,l:2,w:9},],
----------------------- 7 ---------------------------
canvasWidth:10,
canvasHeight:10,
data:[{x:5,y:0,l:5,w:5},{x:1,y:0,l:5,w:4},{x:0,y:0,l:5,w:1},{x:1,y:5,l:5,w:9},],
----------------------- 8 ---------------------------
canvasWidth:10,
canvasHeight:10,
data:[{x:2,y:0,l:9,w:8},{x:0,y:0,l:8,w:2},{x:0,y:8,l:1,w:2},],
----------------------- 9 ---------------------------
canvasWidth:10,
canvasHeight:10,
data:[{x:1,y:0,l:9,w:9},{x:1,y:9,l:1,w:9},],
----------------------- 10 ---------------------------
canvasWidth:10,
canvasHeight:10,
data:[{x:1,y:0,l:8,w:9},{x:0,y:0,l:8,w:1},{x:5,y:8,l:2,w:5},{x:0,y:8,l:2,w:5},],
----------------------- 11 ---------------------------
canvasWidth:10,
canvasHeight:10,
data:[{x:2,y:0,l:9,w:8},{x:0,y:0,l:7,w:2},],
----------------------- 12 ---------------------------
canvasWidth:10,
canvasHeight:10,
data:[{x:1,y:0,l:8,w:9},{x:0,y:0,l:8,w:1},{x:0,y:8,l:2,w:10},],
----------------------- 13 ---------------------------
canvasWidth:10,
canvasHeight:10,
data:[{x:4,y:0,l:6,w:6},{x:0,y:0,l:6,w:4},{x:3,y:6,l:4,w:7},{x:0,y:6,l:4,w:3},],
----------------------- 14 ---------------------------
canvasWidth:10,
canvasHeight:10,
data:[{x:6,y:0,l:9,w:4},{x:0,y:0,l:6,w:6},{x:3,y:6,l:3,w:3},],
----------------------- 15 ---------------------------
canvasWidth:10,
canvasHeight:10,
data:[{x:3,y:0,l:7,w:7},{x:0,y:0,l:1,w:3},{x:1,y:1,l:6,w:2},],
----------------------- 16 ---------------------------
canvasWidth:10,
canvasHeight:10,
data:[{x:3,y:0,l:7,w:7},{x:3,y:7,l:3,w:7},{x:0,y:0,l:9,w:3},{x:0,y:9,l:1,w:3},],
----------------------- 17 ---------------------------
canvasWidth:10,
canvasHeight:10,
data:[{x:3,y:0,l:6,w:7},{x:0,y:0,l:6,w:3},{x:1,y:6,l:4,w:9},],
----------------------- 18 ---------------------------
canvasWidth:10,
canvasHeight:10,
data:[{x:5,y:0,l:6,w:5},{x:5,y:6,l:4,w:5},{x:0,y:0,l:9,w:5},],
----------------------- 19 ---------------------------
canvasWidth:10,
canvasHeight:10,
data:[{x:4,y:0,l:7,w:6},{x:0,y:0,l:7,w:4},],
----------------------- 20 ---------------------------
canvasWidth:10,
canvasHeight:10,
data:[{x:4,y:0,l:7,w:6},{x:4,y:7,l:3,w:6},{x:1,y:0,l:8,w:3},{x:1,y:8,l:1,w:3},{x:0,y:0,l:9,w:1},],
----------------------- 21 ---------------------------
canvasWidth:10,
canvasHeight:10,
data:[{x:4,y:0,l:7,w:6},{x:5,y:7,l:3,w:5},{x:4,y:7,l:3,w:1},{x:0,y:0,l:7,w:4},{x:1,y:7,l:3,w:3},],
----------------------- 22 ---------------------------
canvasWidth:10,
canvasHeight:10,
data:[{x:4,y:0,l:7,w:6},{x:0,y:0,l:7,w:4},{x:2,y:7,l:3,w:8},],
----------------------- 23 ---------------------------
canvasWidth:10,
canvasHeight:10,
data:[{x:4,y:0,l:9,w:6},{x:0,y:0,l:9,w:4},],
----------------------- 24 ---------------------------
canvasWidth:10,
canvasHeight:10,
data:[{x:4,y:0,l:9,w:6},{x:4,y:9,l:1,w:6},{x:0,y:0,l:8,w:4},{x:0,y:8,l:1,w:4},],
----------------------- 25 ---------------------------
canvasWidth:10,
canvasHeight:10,
data:[{x:0,y:0,l:2,w:10},{x:5,y:2,l:8,w:5},{x:4,y:2,l:8,w:1},{x:2,y:2,l:6,w:2},{x:0,y:2,l:5,w:2},],
