====================================== Class_09.2bp-28 =====================================
Reduced size: 60 usedBin: 0
[10]
[25, 48]
[11, 45]
[14]
[40]
[0]
[6]
[21, 51]
[30, 50]
[42]
[20]
[24]
[12, 53]
[8]
[27]
[32, 47]
[13, 58]
[5, 59]
[3]
[7]
[4]
[23]
[41]
[18]
[15]
[35]
[9]
[19]
[39]
[28]
[29]
[22, 52, 55]
[17, 49, 56]
[43]
[34]
[33, 38]
[31]
[26, 54]
[36]
[46]
[1]
[2, 57]
[16]
[44]
[37]
------------------------------------------------
Best fit used bin number: 45
Found best solution: 45 0.125

   Statrt add columnAndCut col: 45 cons: 0 cut: 0	0.187

	1 Start Add column using column generation  col: 45 cons: 0 cut: 0	0.187
			Start solve  LP :0.187
			End solve LP obj: 45.0 t: 0
	1 End Add column using column generation : 45.0 col: 45 cons: 0 cut: 0	0.187
   End add columnAndCut : 45.0 colGencnt: 1 price: 0 col: 45 cons: 0 cut: 0	0.187

Node lb: 45.0 ub: 45 : 0.187

Final Found Solution: 45 genNode: 1 extendedNode: 0:0.187
Bin size: 10000
1 : 6600, : 6600
2 : 4800,2912, : 7712
3 : 6600,3234, : 9834
4 : 6000, : 6000
5 : 3599, : 3599
6 : 9800, : 9800
7 : 6930, : 6930
8 : 5103,2808, : 7911
9 : 4480,2808, : 7288
10 : 3575, : 3575
11 : 5184, : 5184
12 : 4864, : 4864
13 : 6192,2075, : 8267
14 : 6708, : 6708
15 : 4526, : 4526
16 : 4288,3003, : 7291
17 : 6097,368, : 6465
18 : 7047,350, : 7397
19 : 7735, : 7735
20 : 6794, : 6794
21 : 7252, : 7252
22 : 5002, : 5002
23 : 3591, : 3591
24 : 5238, : 5238
25 : 5880, : 5880
26 : 3864, : 3864
27 : 6622, : 6622
28 : 5184, : 5184
29 : 3654, : 3654
30 : 4524, : 4524
31 : 4505, : 4505
32 : 5022,2442,518, : 7982
33 : 5280,2880,495, : 8655
34 : 3420, : 3420
35 : 3944, : 3944
36 : 4158,3663, : 7821
37 : 4400, : 4400
38 : 4536,1760, : 6296
39 : 3692, : 3692
40 : 3233, : 3233
41 : 9504, : 9504
42 : 7812,474, : 8286
43 : 5644, : 5644
44 : 3276, : 3276
45 : 3672, : 3672
----------------------- 1 ---------------------------
canvasWidth:100,
canvasHeight:100,
data:[{x:0,y:0,l:66,w:100},],
----------------------- 2 ---------------------------
canvasWidth:100,
canvasHeight:100,
data:[{x:0,y:0,l:48,w:100},{x:44,y:48,l:52,w:56},],
----------------------- 3 ---------------------------
canvasWidth:100,
canvasHeight:100,
data:[{x:34,y:0,l:100,w:66},{x:1,y:0,l:98,w:33},],
----------------------- 4 ---------------------------
canvasWidth:100,
canvasHeight:100,
data:[{x:40,y:0,l:100,w:60},],
----------------------- 5 ---------------------------
canvasWidth:100,
canvasHeight:100,
data:[{x:41,y:0,l:61,w:59},],
----------------------- 6 ---------------------------
canvasWidth:100,
canvasHeight:100,
data:[{x:2,y:0,l:100,w:98},],
----------------------- 7 ---------------------------
canvasWidth:100,
canvasHeight:100,
data:[{x:1,y:0,l:70,w:99},],
----------------------- 8 ---------------------------
canvasWidth:100,
canvasHeight:100,
data:[{x:19,y:0,l:63,w:81},{x:22,y:63,l:36,w:78},],
----------------------- 9 ---------------------------
canvasWidth:100,
canvasHeight:100,
data:[{x:20,y:0,l:56,w:80},{x:28,y:56,l:39,w:72},],
----------------------- 10 ---------------------------
canvasWidth:100,
canvasHeight:100,
data:[{x:35,y:0,l:55,w:65},],
----------------------- 11 ---------------------------
canvasWidth:100,
canvasHeight:100,
data:[{x:28,y:0,l:72,w:72},],
----------------------- 12 ---------------------------
canvasWidth:100,
canvasHeight:100,
data:[{x:36,y:0,l:76,w:64},],
----------------------- 13 ---------------------------
canvasWidth:100,
canvasHeight:100,
data:[{x:28,y:0,l:86,w:72},{x:3,y:0,l:83,w:25},],
----------------------- 14 ---------------------------
canvasWidth:100,
canvasHeight:100,
data:[{x:14,y:0,l:78,w:86},],
----------------------- 15 ---------------------------
canvasWidth:100,
canvasHeight:100,
data:[{x:38,y:0,l:73,w:62},],
----------------------- 16 ---------------------------
canvasWidth:100,
canvasHeight:100,
data:[{x:9,y:0,l:33,w:91},{x:36,y:33,l:67,w:64},],
----------------------- 17 ---------------------------
canvasWidth:100,
canvasHeight:100,
data:[{x:33,y:0,l:91,w:67},{x:54,y:91,l:8,w:46},],
----------------------- 18 ---------------------------
canvasWidth:100,
canvasHeight:100,
data:[{x:13,y:0,l:81,w:87},{x:3,y:0,l:35,w:10},],
----------------------- 19 ---------------------------
canvasWidth:100,
canvasHeight:100,
data:[{x:15,y:0,l:91,w:85},],
----------------------- 20 ---------------------------
canvasWidth:100,
canvasHeight:100,
data:[{x:21,y:0,l:86,w:79},],
----------------------- 21 ---------------------------
canvasWidth:100,
canvasHeight:100,
data:[{x:2,y:0,l:74,w:98},],
----------------------- 22 ---------------------------
canvasWidth:100,
canvasHeight:100,
data:[{x:39,y:0,l:82,w:61},],
----------------------- 23 ---------------------------
canvasWidth:100,
canvasHeight:100,
data:[{x:37,y:0,l:57,w:63},],
----------------------- 24 ---------------------------
canvasWidth:100,
canvasHeight:100,
data:[{x:46,y:0,l:97,w:54},],
----------------------- 25 ---------------------------
canvasWidth:100,
canvasHeight:100,
data:[{x:16,y:0,l:70,w:84},],
----------------------- 26 ---------------------------
canvasWidth:100,
canvasHeight:100,
data:[{x:44,y:0,l:69,w:56},],
----------------------- 27 ---------------------------
canvasWidth:100,
canvasHeight:100,
data:[{x:14,y:0,l:77,w:86},],
----------------------- 28 ---------------------------
canvasWidth:100,
canvasHeight:100,
data:[{x:36,y:0,l:81,w:64},],
----------------------- 29 ---------------------------
canvasWidth:100,
canvasHeight:100,
data:[{x:42,y:0,l:63,w:58},],
----------------------- 30 ---------------------------
canvasWidth:100,
canvasHeight:100,
data:[{x:42,y:0,l:78,w:58},],
----------------------- 31 ---------------------------
canvasWidth:100,
canvasHeight:100,
data:[{x:15,y:0,l:53,w:85},],
----------------------- 32 ---------------------------
canvasWidth:100,
canvasHeight:100,
data:[{x:19,y:0,l:62,w:81},{x:34,y:62,l:37,w:66},{x:20,y:62,l:37,w:14},],
----------------------- 33 ---------------------------
canvasWidth:100,
canvasHeight:100,
data:[{x:12,y:0,l:60,w:88},{x:28,y:60,l:40,w:72},{x:1,y:0,l:45,w:11},],
----------------------- 34 ---------------------------
canvasWidth:100,
canvasHeight:100,
data:[{x:43,y:0,l:60,w:57},],
----------------------- 35 ---------------------------
canvasWidth:100,
canvasHeight:100,
data:[{x:42,y:0,l:68,w:58},],
----------------------- 36 ---------------------------
canvasWidth:100,
canvasHeight:100,
data:[{x:1,y:0,l:37,w:99},{x:34,y:37,l:63,w:66},],
----------------------- 37 ---------------------------
canvasWidth:100,
canvasHeight:100,
data:[{x:50,y:0,l:88,w:50},],
----------------------- 38 ---------------------------
canvasWidth:100,
canvasHeight:100,
data:[{x:44,y:0,l:81,w:56},{x:22,y:0,l:80,w:22},],
----------------------- 39 ---------------------------
canvasWidth:100,
canvasHeight:100,
data:[{x:48,y:0,l:71,w:52},],
----------------------- 40 ---------------------------
canvasWidth:100,
canvasHeight:100,
data:[{x:47,y:0,l:61,w:53},],
----------------------- 41 ---------------------------
canvasWidth:100,
canvasHeight:100,
data:[{x:1,y:0,l:96,w:99},],
----------------------- 42 ---------------------------
canvasWidth:100,
canvasHeight:100,
data:[{x:16,y:0,l:93,w:84},{x:21,y:93,l:6,w:79},],
----------------------- 43 ---------------------------
canvasWidth:100,
canvasHeight:100,
data:[{x:32,y:0,l:83,w:68},],
----------------------- 44 ---------------------------
canvasWidth:100,
canvasHeight:100,
data:[{x:37,y:0,l:52,w:63},],
----------------------- 45 ---------------------------
canvasWidth:100,
canvasHeight:100,
data:[{x:28,y:0,l:51,w:72},],
