====================================== Class_06.2bp-28 =====================================
Reduced size: 60 usedBin: 0
[0, 1, 3, 4, 5, 6, 11, 12, 16, 18, 19, 21, 23, 25, 26, 29, 31, 32, 33, 38, 39, 41, 44, 45, 46, 47, 50, 51, 53, 56, 57, 58, 59]
[2, 7, 8, 9, 10, 13, 14, 15, 17, 20, 22, 24, 27, 28, 30, 34, 35, 36, 37, 40, 42, 43, 48, 49, 52, 54, 55]
------------------------------------------------
Best fit used bin number: 2
Found best solution: 2 0.14

   Statrt add columnAndCut col: 2 cons: 0 cut: 0	0.187

	1 Start Add column using column generation  col: 2 cons: 0 cut: 0	0.187
			Start solve  LP :0.187
			End solve LP obj: 2.0 t: 0
	1 End Add column using column generation : 2.0 col: 2 cons: 0 cut: 0	0.187
   End add columnAndCut : 2.0 colGencnt: 1 price: 0 col: 2 cons: 0 cut: 0	0.187

Node lb: 2.0 ub: 2 : 0.187

Final Found Solution: 2 genNode: 1 extendedNode: 0:0.187
Bin size: 90000
1 : 9900,9500,7008,6336,6138,6003,4108,3977,3008,2755,2700,2479,1971,1890,1769,1647,1550,1501,1470,1150,1067,949,819,793,735,715,384,210,189,166,148,140,84, : 83259
2 : 7400,5740,5396,4485,4453,3720,3294,3124,2793,2640,2268,1924,1763,1729,1584,1386,1365,1278,1190,952,935,840,588,504,196,176,168, : 61891
----------------------- 1 ---------------------------
canvasWidth:300,
canvasHeight:300,
data:[{x:205,y:0,l:100,w:95},{x:285,y:100,l:98,w:15},{x:285,y:198,l:49,w:15},{x:286,y:247,l:6,w:14},{x:219,y:100,l:93,w:66},{x:225,y:193,l:45,w:60},{x:220,y:193,l:42,w:5},{x:224,y:238,l:13,w:61},{x:205,y:100,l:97,w:11},{x:106,y:0,l:64,w:99},{x:76,y:0,l:63,w:30},{x:63,y:0,l:63,w:13},{x:2,y:0,l:29,w:61},{x:13,y:29,l:31,w:50},{x:28,y:60,l:4,w:35},{x:105,y:64,l:99,w:100},{x:178,y:163,l:73,w:27},{x:181,y:236,l:16,w:24},{x:109,y:163,l:87,w:69},{x:32,y:64,l:96,w:73},{x:0,y:64,l:94,w:32},{x:53,y:160,l:79,w:52},{x:51,y:160,l:74,w:2},{x:37,y:160,l:73,w:13},{x:0,y:160,l:67,w:37},{x:275,y:254,l:46,w:25},{x:178,y:254,l:41,w:97},{x:192,y:295,l:2,w:83},{x:83,y:254,l:29,w:95},{x:113,y:283,l:11,w:65},{x:86,y:283,l:7,w:27},{x:4,y:254,l:19,w:79},{x:22,y:273,l:27,w:61},],
----------------------- 2 ---------------------------
canvasWidth:300,
canvasHeight:300,
data:[{x:226,y:0,l:100,w:74},{x:229,y:100,l:76,w:71},{x:226,y:100,l:56,w:3},{x:229,y:176,l:18,w:71},{x:230,y:194,l:82,w:70},{x:260,y:276,l:21,w:40},{x:157,y:0,l:65,w:69},{x:97,y:0,l:62,w:60},{x:9,y:0,l:30,w:88},{x:1,y:0,l:22,w:8},{x:6,y:30,l:19,w:91},{x:6,y:49,l:15,w:91},{x:198,y:65,l:81,w:28},{x:202,y:146,l:66,w:24},{x:198,y:146,l:49,w:4},{x:208,y:212,l:77,w:18},{x:125,y:65,l:61,w:73},{x:71,y:65,l:61,w:54},{x:0,y:65,l:44,w:71},{x:16,y:109,l:17,w:55},{x:149,y:126,l:57,w:49},{x:161,y:183,l:52,w:37},{x:181,y:235,l:56,w:17},{x:160,y:235,l:28,w:21},{x:167,y:263,l:36,w:14},{x:115,y:126,l:35,w:34},{x:106,y:161,l:41,w:43},],
