====================================== Class_10.2bp-34 =====================================
Reduced size: 80 usedBin: 0
[0, 47, 58, 70, 75]
[1, 64, 72, 73, 76, 78]
[2, 49, 59, 65, 79]
[3, 38, 53, 56, 71, 77]
[4, 19, 62, 69]
[5, 17, 42, 48]
[7, 25, 32, 39, 41, 43]
[8, 16, 35, 51, 63]
[10, 14, 24, 31, 55, 61]
[11, 21, 22, 33, 36, 50, 54, 66]
[9, 26, 28, 29, 37, 57]
[12, 15, 44, 45, 46, 52, 67, 68, 74]
[13, 20, 27, 30, 34, 40]
[6, 18, 23, 60]
canvasWidth:100,
canvasHeight:100,
data:[{x:0,y:0,l:99,w:88},{x:88,y:55,l:45,w:12},{x:88,y:0,l:38,w:9},{x:88,y:39,l:16,w:12},{x:0,y:99,l:1,w:49},],
canvasWidth:100,
canvasHeight:100,
data:[{x:0,y:0,l:88,w:93},{x:93,y:0,l:45,w:5},{x:0,y:88,l:12,w:11},{x:93,y:84,l:16,w:7},{x:14,y:88,l:4,w:11},{x:11,y:88,l:12,w:3},],
canvasWidth:100,
canvasHeight:100,
data:[{x:0,y:0,l:90,w:86},{x:86,y:0,l:38,w:14},{x:94,y:38,l:49,w:6},{x:86,y:38,l:27,w:8},{x:0,y:90,l:10,w:1},],
canvasWidth:100,
canvasHeight:100,
data:[{x:0,y:0,l:88,w:76},{x:76,y:0,l:38,w:20},{x:76,y:38,l:44,w:9},{x:85,y:38,l:46,w:8},{x:93,y:38,l:47,w:3},{x:96,y:0,l:42,w:1},],
canvasWidth:100,
canvasHeight:100,
data:[{x:0,y:0,l:91,w:70},{x:73,y:8,l:90,w:27},{x:70,y:0,l:8,w:30},{x:0,y:91,l:6,w:33},],
canvasWidth:100,
canvasHeight:100,
data:[{x:0,y:0,l:87,w:57},{x:57,y:0,l:78,w:37},{x:57,y:84,l:16,w:42},{x:0,y:87,l:13,w:41},],
canvasWidth:100,
canvasHeight:100,
data:[{x:0,y:0,l:72,w:64},{x:64,y:0,l:45,w:31},{x:64,y:45,l:38,w:26},{x:0,y:72,l:27,w:28},{x:28,y:72,l:27,w:27},{x:55,y:83,l:17,w:36},],
canvasWidth:100,
canvasHeight:100,
data:[{x:0,y:0,l:69,w:66},{x:0,y:70,l:30,w:98},{x:66,y:0,l:43,w:21},{x:87,y:0,l:44,w:11},{x:66,y:44,l:7,w:34},],
canvasWidth:100,
canvasHeight:100,
data:[{x:0,y:0,l:61,w:57},{x:0,y:61,l:39,w:79},{x:79,y:33,l:67,w:21},{x:57,y:15,l:46,w:22},{x:57,y:0,l:15,w:25},{x:79,y:16,l:17,w:15},],
canvasWidth:100,
canvasHeight:100,
data:[{x:0,y:63,l:17,w:49},{x:54,y:0,l:35,w:46},{x:49,y:66,l:34,w:45},{x:68,y:35,l:30,w:32},{x:0,y:0,l:63,w:54},{x:0,y:80,l:14,w:35},{x:54,y:35,l:28,w:14},{x:94,y:65,l:35,w:6},],
canvasWidth:100,
canvasHeight:100,
data:[{x:0,y:0,l:97,w:42},{x:42,y:0,l:78,w:16},{x:58,y:0,l:30,w:39},{x:58,y:30,l:46,w:25},{x:42,y:78,l:21,w:38},{x:83,y:30,l:40,w:9},],
canvasWidth:100,
canvasHeight:100,
data:[{x:0,y:0,l:44,w:72},{x:0,y:44,l:40,w:77},{x:72,y:0,l:20,w:28},{x:77,y:38,l:31,w:18},{x:77,y:69,l:31,w:18},{x:72,y:20,l:18,w:26},{x:0,y:84,l:6,w:34},{x:0,y:90,l:3,w:67},{x:0,y:93,l:2,w:33},],
canvasWidth:100,
canvasHeight:100,
data:[{x:0,y:0,l:63,w:50},{x:50,y:0,l:40,w:50},{x:0,y:63,l:32,w:39},{x:50,y:40,l:30,w:37},{x:39,y:71,l:29,w:32},{x:71,y:70,l:30,w:25},],
canvasWidth:100,
canvasHeight:100,
data:[{x:0,y:0,l:99,w:48},{x:48,y:0,l:94,w:27},{x:78,y:0,l:85,w:18},{x:75,y:0,l:90,w:3},],
Best fit used bin number: 14
Found best solution: 14 0.079

   Statrt add columnAndCut col: 14 cons: 0 cut: 0	0.172

	1 Start Add column using column generation  col: 14 cons: 0 cut: 0	0.172
			Start solve  LP :0.172
			End solve LP obj: 14.0 t: 0
	1 End Add column using column generation : 14.0 col: 14 cons: 0 cut: 0	0.172
   End add columnAndCut : 14.0 colGencnt: 1 price: 0 col: 14 cons: 0 cut: 0	0.172

Node lb: 14.0 ub: 14 : 0.172

Final Found Solution: 14 genNode: 1 extendedNode: 0:0.172
Bin size: 10000
1 : 8712,540,342,192,49, : 9835
2 : 8184,225,132,112,44,36, : 8733
3 : 7740,532,294,216,10, : 8792
4 : 6688,760,396,368,141,42, : 8395
5 : 6370,2430,240,198, : 9238
6 : 4959,2886,672,533, : 9050
7 : 4608,1395,988,756,729,612, : 9088
8 : 4554,2940,903,484,238, : 9119
9 : 3477,3081,1407,1012,375,255, : 9607
10 : 3402,1610,1530,960,833,490,392,210, : 9427
11 : 4074,1248,1170,1150,798,360, : 8800
12 : 3168,3080,560,558,558,468,204,201,66, : 8863
13 : 3150,2000,1248,1110,928,750, : 9186
14 : 4752,2538,1530,270, : 9090
----------------------- 1 ---------------------------
canvasWidth:100,
canvasHeight:100,
data:[{x:0,y:0,l:99,w:88},{x:88,y:55,l:45,w:12},{x:88,y:0,l:38,w:9},{x:88,y:39,l:16,w:12},{x:0,y:99,l:1,w:49},],
----------------------- 2 ---------------------------
canvasWidth:100,
canvasHeight:100,
data:[{x:0,y:0,l:88,w:93},{x:93,y:0,l:45,w:5},{x:0,y:88,l:12,w:11},{x:93,y:84,l:16,w:7},{x:14,y:88,l:4,w:11},{x:11,y:88,l:12,w:3},],
----------------------- 3 ---------------------------
canvasWidth:100,
canvasHeight:100,
data:[{x:0,y:0,l:90,w:86},{x:86,y:0,l:38,w:14},{x:94,y:38,l:49,w:6},{x:86,y:38,l:27,w:8},{x:0,y:90,l:10,w:1},],
----------------------- 4 ---------------------------
canvasWidth:100,
canvasHeight:100,
data:[{x:0,y:0,l:88,w:76},{x:76,y:0,l:38,w:20},{x:76,y:38,l:44,w:9},{x:85,y:38,l:46,w:8},{x:93,y:38,l:47,w:3},{x:96,y:0,l:42,w:1},],
----------------------- 5 ---------------------------
canvasWidth:100,
canvasHeight:100,
data:[{x:0,y:0,l:91,w:70},{x:73,y:8,l:90,w:27},{x:70,y:0,l:8,w:30},{x:0,y:91,l:6,w:33},],
----------------------- 6 ---------------------------
canvasWidth:100,
canvasHeight:100,
data:[{x:0,y:0,l:87,w:57},{x:57,y:0,l:78,w:37},{x:57,y:84,l:16,w:42},{x:0,y:87,l:13,w:41},],
----------------------- 7 ---------------------------
canvasWidth:100,
canvasHeight:100,
data:[{x:0,y:0,l:72,w:64},{x:64,y:0,l:45,w:31},{x:64,y:45,l:38,w:26},{x:0,y:72,l:27,w:28},{x:28,y:72,l:27,w:27},{x:55,y:83,l:17,w:36},],
----------------------- 8 ---------------------------
canvasWidth:100,
canvasHeight:100,
data:[{x:0,y:0,l:69,w:66},{x:0,y:70,l:30,w:98},{x:66,y:0,l:43,w:21},{x:87,y:0,l:44,w:11},{x:66,y:44,l:7,w:34},],
----------------------- 9 ---------------------------
canvasWidth:100,
canvasHeight:100,
data:[{x:0,y:0,l:61,w:57},{x:0,y:61,l:39,w:79},{x:79,y:33,l:67,w:21},{x:57,y:15,l:46,w:22},{x:57,y:0,l:15,w:25},{x:79,y:16,l:17,w:15},],
----------------------- 10 ---------------------------
canvasWidth:100,
canvasHeight:100,
data:[{x:0,y:63,l:17,w:49},{x:54,y:0,l:35,w:46},{x:49,y:66,l:34,w:45},{x:68,y:35,l:30,w:32},{x:0,y:0,l:63,w:54},{x:0,y:80,l:14,w:35},{x:54,y:35,l:28,w:14},{x:94,y:65,l:35,w:6},],
----------------------- 11 ---------------------------
canvasWidth:100,
canvasHeight:100,
data:[{x:0,y:0,l:97,w:42},{x:42,y:0,l:78,w:16},{x:58,y:0,l:30,w:39},{x:58,y:30,l:46,w:25},{x:42,y:78,l:21,w:38},{x:83,y:30,l:40,w:9},],
----------------------- 12 ---------------------------
canvasWidth:100,
canvasHeight:100,
data:[{x:0,y:0,l:44,w:72},{x:0,y:44,l:40,w:77},{x:72,y:0,l:20,w:28},{x:77,y:38,l:31,w:18},{x:77,y:69,l:31,w:18},{x:72,y:20,l:18,w:26},{x:0,y:84,l:6,w:34},{x:0,y:90,l:3,w:67},{x:0,y:93,l:2,w:33},],
----------------------- 13 ---------------------------
canvasWidth:100,
canvasHeight:100,
data:[{x:0,y:0,l:63,w:50},{x:50,y:0,l:40,w:50},{x:0,y:63,l:32,w:39},{x:50,y:40,l:30,w:37},{x:39,y:71,l:29,w:32},{x:71,y:70,l:30,w:25},],
----------------------- 14 ---------------------------
canvasWidth:100,
canvasHeight:100,
data:[{x:0,y:0,l:99,w:48},{x:48,y:0,l:94,w:27},{x:78,y:0,l:85,w:18},{x:75,y:0,l:90,w:3},],
