====================================== Class_02.2bp-40 =====================================
Reduced size: 100 usedBin: 0
E:\WSKH\2DBPP\NonGuillotine\initSolution\2_41.pack
[0, 1, 2, 3, 4, 5, 6, 7, 9, 10, 11, 26, 47, 69, 80, 84, 88, 97, 99]
[8, 12, 13, 14, 15, 16, 17, 18, 20, 23, 24, 25, 28, 29, 31, 32, 33, 36, 37, 43, 46, 48, 61, 72, 83, 96]
[19, 21, 22, 27, 30, 34, 35, 38, 39, 40, 41, 42, 44, 45, 49, 50, 51, 52, 53, 54, 55, 57, 58, 59, 60, 62, 63, 64, 65, 66, 67, 68, 70, 71, 73, 74, 75, 78, 79, 81, 85, 86, 87, 89, 90, 91, 92, 93, 94, 95, 98]
[56, 76, 77, 82]
canvasWidth:30,
canvasHeight:30,
data:[{x:0,y:0,l:10,w:10},{x:10,y:0,l:10,w:10},{x:20,y:0,l:9,w:10},{x:21,y:21,l:9,w:9},{x:0,y:10,l:8,w:9},{x:0,y:18,l:7,w:9},{x:9,y:10,l:7,w:9},{x:20,y:9,l:6,w:10},{x:20,y:15,l:6,w:10},{x:9,y:17,l:6,w:10},{x:9,y:23,l:7,w:8},{x:0,y:25,l:4,w:9},{x:17,y:23,l:7,w:3},{x:18,y:10,l:7,w:2},{x:20,y:21,l:8,w:1},{x:0,y:29,l:1,w:7},{x:19,y:17,l:6,w:1},{x:7,y:29,l:1,w:2},{x:20,y:29,l:1,w:1},],
canvasWidth:30,
canvasHeight:30,
data:[{x:0,y:0,l:10,w:6},{x:6,y:0,l:8,w:7},{x:13,y:0,l:6,w:9},{x:0,y:10,l:9,w:6},{x:6,y:8,l:7,w:7},{x:6,y:15,l:7,w:7},{x:22,y:0,l:6,w:8},{x:13,y:6,l:9,w:5},{x:13,y:19,l:6,w:7},{x:20,y:19,l:4,w:10},{x:13,y:15,l:4,w:9},{x:18,y:6,l:9,w:4},{x:13,y:25,l:5,w:7},{x:22,y:12,l:7,w:5},{x:22,y:6,l:4,w:8},{x:6,y:22,l:8,w:4},{x:20,y:23,l:3,w:10},{x:20,y:26,l:3,w:10},{x:0,y:19,l:5,w:6},{x:0,y:24,l:4,w:6},{x:10,y:22,l:8,w:3},{x:27,y:12,l:7,w:3},{x:22,y:10,l:2,w:8},{x:0,y:28,l:2,w:6},{x:20,y:29,l:1,w:7},{x:27,y:29,l:1,w:3},],
canvasWidth:30,
canvasHeight:30,
data:[{x:0,y:0,l:6,w:7},{x:7,y:0,l:10,w:4},{x:11,y:0,l:10,w:4},{x:0,y:21,l:9,w:4},{x:0,y:6,l:5,w:7},{x:7,y:10,l:3,w:10},{x:17,y:0,l:3,w:4},{x:0,y:11,l:4,w:7},{x:0,y:15,l:4,w:7},{x:21,y:0,l:3,w:9},{x:17,y:3,l:3,w:9},{x:4,y:21,l:9,w:3},{x:26,y:3,l:6,w:4},{x:26,y:9,l:6,w:4},{x:7,y:13,l:2,w:10},{x:7,y:15,l:2,w:10},{x:7,y:17,l:2,w:10},{x:17,y:10,l:4,w:5},{x:17,y:14,l:4,w:5},{x:15,y:0,l:10,w:2},{x:17,y:20,l:10,w:2},{x:17,y:6,l:2,w:9},{x:17,y:8,l:2,w:9},{x:11,y:22,l:3,w:6},{x:22,y:11,l:6,w:3},{x:26,y:15,l:4,w:4},{x:7,y:22,l:8,w:2},{x:9,y:22,l:8,w:2},{x:11,y:25,l:5,w:3},{x:14,y:25,l:5,w:3},{x:0,y:19,l:2,w:7},{x:28,y:23,l:7,w:2},{x:26,y:23,l:7,w:2},{x:7,y:19,l:3,w:10},{x:22,y:17,l:4,w:3},{x:22,y:21,l:4,w:3},{x:19,y:20,l:10,w:1},{x:26,y:19,l:2,w:4},{x:26,y:21,l:2,w:4},{x:20,y:20,l:4,w:2},{x:22,y:25,l:2,w:3},{x:20,y:24,l:3,w:2},{x:20,y:27,l:3,w:2},{x:17,y:18,l:1,w:5},{x:17,y:19,l:1,w:5},{x:22,y:10,l:1,w:4},{x:22,y:27,l:2,w:2},{x:25,y:11,l:4,w:1},{x:25,y:17,l:4,w:1},{x:25,y:21,l:4,w:1},{x:25,y:15,l:2,w:1},],
canvasWidth:30,
canvasHeight:30,
data:[{x:0,y:0,l:3,w:6},{x:6,y:0,l:3,w:3},{x:9,y:0,l:3,w:3},{x:12,y:0,l:1,w:7},],
Best fit used bin number: 4
Found best solution: 4 0.067

   Statrt add columnAndCut col: 4 cons: 0 cut: 0	0.146

	1 Start Add column using column generation  col: 4 cons: 0 cut: 0	0.146
			Start solve  LP :0.147
			End solve LP obj: 4.0 t: 2
	1 End Add column using column generation : 4.0 col: 4 cons: 0 cut: 0	0.149
   End add columnAndCut : 4.0 colGencnt: 1 price: 0 col: 4 cons: 0 cut: 0	0.149

Node lb: 4.0 ub: 4 : 0.149

Final Found Solution: 4 genNode: 1 extendedNode: 0:0.15
Bin size: 900
1 : 100,100,90,81,72,63,63,60,60,60,56,36,21,14,8,7,6,2,1, : 900
2 : 60,56,54,54,49,49,48,45,42,40,36,36,35,35,32,32,30,30,30,24,24,21,16,12,7,3, : 900
3 : 42,40,40,36,35,30,30,28,28,27,27,27,24,24,20,20,20,20,20,20,20,18,18,18,18,16,16,16,15,15,14,14,14,12,12,12,10,8,8,8,6,6,6,5,5,4,4,4,4,4,2, : 890
4 : 18,9,9,7, : 43
----------------------- 1 ---------------------------
canvasWidth:30,
canvasHeight:30,
data:[{x:0,y:0,l:10,w:10},{x:10,y:0,l:10,w:10},{x:20,y:0,l:9,w:10},{x:21,y:21,l:9,w:9},{x:0,y:10,l:8,w:9},{x:0,y:18,l:7,w:9},{x:9,y:10,l:7,w:9},{x:20,y:9,l:6,w:10},{x:20,y:15,l:6,w:10},{x:9,y:17,l:6,w:10},{x:9,y:23,l:7,w:8},{x:0,y:25,l:4,w:9},{x:17,y:23,l:7,w:3},{x:18,y:10,l:7,w:2},{x:20,y:21,l:8,w:1},{x:0,y:29,l:1,w:7},{x:19,y:17,l:6,w:1},{x:7,y:29,l:1,w:2},{x:20,y:29,l:1,w:1},],
----------------------- 2 ---------------------------
canvasWidth:30,
canvasHeight:30,
data:[{x:0,y:0,l:10,w:6},{x:6,y:0,l:8,w:7},{x:13,y:0,l:6,w:9},{x:0,y:10,l:9,w:6},{x:6,y:8,l:7,w:7},{x:6,y:15,l:7,w:7},{x:22,y:0,l:6,w:8},{x:13,y:6,l:9,w:5},{x:13,y:19,l:6,w:7},{x:20,y:19,l:4,w:10},{x:13,y:15,l:4,w:9},{x:18,y:6,l:9,w:4},{x:13,y:25,l:5,w:7},{x:22,y:12,l:7,w:5},{x:22,y:6,l:4,w:8},{x:6,y:22,l:8,w:4},{x:20,y:23,l:3,w:10},{x:20,y:26,l:3,w:10},{x:0,y:19,l:5,w:6},{x:0,y:24,l:4,w:6},{x:10,y:22,l:8,w:3},{x:27,y:12,l:7,w:3},{x:22,y:10,l:2,w:8},{x:0,y:28,l:2,w:6},{x:20,y:29,l:1,w:7},{x:27,y:29,l:1,w:3},],
----------------------- 3 ---------------------------
canvasWidth:30,
canvasHeight:30,
data:[{x:0,y:0,l:6,w:7},{x:7,y:0,l:10,w:4},{x:11,y:0,l:10,w:4},{x:0,y:21,l:9,w:4},{x:0,y:6,l:5,w:7},{x:7,y:10,l:3,w:10},{x:17,y:0,l:3,w:4},{x:0,y:11,l:4,w:7},{x:0,y:15,l:4,w:7},{x:21,y:0,l:3,w:9},{x:17,y:3,l:3,w:9},{x:4,y:21,l:9,w:3},{x:26,y:3,l:6,w:4},{x:26,y:9,l:6,w:4},{x:7,y:13,l:2,w:10},{x:7,y:15,l:2,w:10},{x:7,y:17,l:2,w:10},{x:17,y:10,l:4,w:5},{x:17,y:14,l:4,w:5},{x:15,y:0,l:10,w:2},{x:17,y:20,l:10,w:2},{x:17,y:6,l:2,w:9},{x:17,y:8,l:2,w:9},{x:11,y:22,l:3,w:6},{x:22,y:11,l:6,w:3},{x:26,y:15,l:4,w:4},{x:7,y:22,l:8,w:2},{x:9,y:22,l:8,w:2},{x:11,y:25,l:5,w:3},{x:14,y:25,l:5,w:3},{x:0,y:19,l:2,w:7},{x:28,y:23,l:7,w:2},{x:26,y:23,l:7,w:2},{x:7,y:19,l:3,w:10},{x:22,y:17,l:4,w:3},{x:22,y:21,l:4,w:3},{x:19,y:20,l:10,w:1},{x:26,y:19,l:2,w:4},{x:26,y:21,l:2,w:4},{x:20,y:20,l:4,w:2},{x:22,y:25,l:2,w:3},{x:20,y:24,l:3,w:2},{x:20,y:27,l:3,w:2},{x:17,y:18,l:1,w:5},{x:17,y:19,l:1,w:5},{x:22,y:10,l:1,w:4},{x:22,y:27,l:2,w:2},{x:25,y:11,l:4,w:1},{x:25,y:17,l:4,w:1},{x:25,y:21,l:4,w:1},{x:25,y:15,l:2,w:1},],
----------------------- 4 ---------------------------
canvasWidth:30,
canvasHeight:30,
data:[{x:0,y:0,l:3,w:6},{x:6,y:0,l:3,w:3},{x:9,y:0,l:3,w:3},{x:12,y:0,l:1,w:7},],
