====================================== Class_05.2bp-19 =====================================
Reduced size: 40 usedBin: 0
[0, 24, 27]
[8, 15, 19, 36]
[2, 3]
[4, 12, 22, 34]
[5, 17, 23, 31, 37]
[6, 13, 26, 32, 35]
[1, 10, 33]
[9, 11, 18, 38]
[7, 16, 25, 28, 29]
[14, 20, 21, 30, 39]
canvasWidth:100,
canvasHeight:100,
data:[{x:0,y:0,l:71,w:75},{x:0,y:71,l:15,w:83},{x:0,y:86,l:13,w:67},],
canvasWidth:100,
canvasHeight:100,
data:[{x:0,y:0,l:57,w:63},{x:0,y:57,l:40,w:54},{x:64,y:0,l:82,w:36},{x:0,y:97,l:2,w:97},],
canvasWidth:100,
canvasHeight:100,
data:[{x:55,y:0,l:100,w:45},{x:0,y:0,l:83,w:53},],
canvasWidth:100,
canvasHeight:100,
data:[{x:0,y:0,l:71,w:57},{x:57,y:0,l:78,w:39},{x:0,y:71,l:8,w:30},{x:0,y:79,l:21,w:79},],
canvasWidth:100,
canvasHeight:100,
data:[{x:0,y:0,l:77,w:52},{x:52,y:0,l:54,w:45},{x:71,y:54,l:44,w:29},{x:0,y:77,l:9,w:69},{x:74,y:98,l:2,w:26},],
canvasWidth:100,
canvasHeight:100,
data:[{x:0,y:0,l:70,w:54},{x:60,y:0,l:76,w:40},{x:0,y:70,l:15,w:60},{x:70,y:76,l:15,w:30},{x:74,y:91,l:9,w:26},],
canvasWidth:100,
canvasHeight:100,
data:[{x:0,y:55,l:42,w:75},{x:0,y:0,l:55,w:86},{x:86,y:0,l:32,w:9},],
canvasWidth:100,
canvasHeight:100,
data:[{x:2,y:64,l:33,w:98},{x:0,y:0,l:51,w:60},{x:64,y:1,l:63,w:36},{x:60,y:0,l:1,w:38},],
canvasWidth:100,
canvasHeight:100,
data:[{x:0,y:0,l:48,w:75},{x:70,y:59,l:41,w:27},{x:0,y:48,l:12,w:67},{x:75,y:0,l:37,w:20},{x:0,y:60,l:40,w:70},],
canvasWidth:100,
canvasHeight:100,
data:[{x:0,y:0,l:87,w:34},{x:34,y:0,l:61,w:35},{x:34,y:61,l:36,w:52},{x:69,y:0,l:26,w:27},{x:69,y:26,l:5,w:6},],
Best fit used bin number: 10
Found best solution: 10 0.062

   Statrt add columnAndCut col: 10 cons: 0 cut: 0	0.125

	1 Start Add column using column generation  col: 10 cons: 0 cut: 0	0.125
			Start solve  LP :0.125
			End solve LP obj: 10.0 t: 0
	1 End Add column using column generation : 10.0 col: 10 cons: 0 cut: 0	0.125
   End add columnAndCut : 10.0 colGencnt: 1 price: 0 col: 10 cons: 0 cut: 0	0.125

Node lb: 10.0 ub: 10 : 0.125

Final Found Solution: 10 genNode: 1 extendedNode: 0:0.14
Bin size: 10000
1 : 5325,1245,871, : 7441
2 : 3591,2952,2160,194, : 8897
3 : 4500,4399, : 8899
4 : 4047,3042,1659,240, : 8988
5 : 4004,2430,1276,621,52, : 8383
6 : 3780,3040,900,450,234, : 8404
7 : 4730,3150,288, : 8168
8 : 3234,3060,2268,38, : 8600
9 : 3600,2800,1107,804,740, : 9051
10 : 2958,2135,1872,702,30, : 7697
----------------------- 1 ---------------------------
canvasWidth:100,
canvasHeight:100,
data:[{x:0,y:0,l:71,w:75},{x:0,y:71,l:15,w:83},{x:0,y:86,l:13,w:67},],
----------------------- 2 ---------------------------
canvasWidth:100,
canvasHeight:100,
data:[{x:0,y:0,l:57,w:63},{x:0,y:57,l:40,w:54},{x:64,y:0,l:82,w:36},{x:0,y:97,l:2,w:97},],
----------------------- 3 ---------------------------
canvasWidth:100,
canvasHeight:100,
data:[{x:55,y:0,l:100,w:45},{x:0,y:0,l:83,w:53},],
----------------------- 4 ---------------------------
canvasWidth:100,
canvasHeight:100,
data:[{x:0,y:0,l:71,w:57},{x:57,y:0,l:78,w:39},{x:0,y:71,l:8,w:30},{x:0,y:79,l:21,w:79},],
----------------------- 5 ---------------------------
canvasWidth:100,
canvasHeight:100,
data:[{x:0,y:0,l:77,w:52},{x:52,y:0,l:54,w:45},{x:71,y:54,l:44,w:29},{x:0,y:77,l:9,w:69},{x:74,y:98,l:2,w:26},],
----------------------- 6 ---------------------------
canvasWidth:100,
canvasHeight:100,
data:[{x:0,y:0,l:70,w:54},{x:60,y:0,l:76,w:40},{x:0,y:70,l:15,w:60},{x:70,y:76,l:15,w:30},{x:74,y:91,l:9,w:26},],
----------------------- 7 ---------------------------
canvasWidth:100,
canvasHeight:100,
data:[{x:0,y:55,l:42,w:75},{x:0,y:0,l:55,w:86},{x:86,y:0,l:32,w:9},],
----------------------- 8 ---------------------------
canvasWidth:100,
canvasHeight:100,
data:[{x:2,y:64,l:33,w:98},{x:0,y:0,l:51,w:60},{x:64,y:1,l:63,w:36},{x:60,y:0,l:1,w:38},],
----------------------- 9 ---------------------------
canvasWidth:100,
canvasHeight:100,
data:[{x:0,y:0,l:48,w:75},{x:70,y:59,l:41,w:27},{x:0,y:48,l:12,w:67},{x:75,y:0,l:37,w:20},{x:0,y:60,l:40,w:70},],
----------------------- 10 ---------------------------
canvasWidth:100,
canvasHeight:100,
data:[{x:0,y:0,l:87,w:34},{x:34,y:0,l:61,w:35},{x:34,y:61,l:36,w:52},{x:69,y:0,l:26,w:27},{x:69,y:26,l:5,w:6},],
