====================================== Class_08.2bp-49 =====================================
Reduced size: 100 usedBin: 0
[0, 93, 94]
[1, 75]
[2, 80]
[3, 77, 88]
[4, 81, 82]
[5, 55, 86]
[6, 74, 78, 92]
[7, 62, 89]
[8, 40]
[9, 15]
[19, 30]
[10, 11]
[12, 13, 95]
[60, 66, 68, 72, 79]
[20, 35, 73]
[16, 18, 76]
[21, 22, 90]
[17, 27, 64, 97]
[26, 34, 85]
[28, 57, 63, 84]
[29, 31, 67]
[32, 33, 71]
[25, 36, 69]
[37, 38, 56]
[23, 39, 70]
[41, 42, 47]
[43, 44, 65, 98]
[45, 46, 58, 96]
[48, 49, 50, 91, 99]
[51, 53, 54]
[52, 59, 61, 87]
[14, 24, 83]
canvasWidth:100,
canvasHeight:100,
data:[{x:0,y:0,l:95,w:95},{x:95,y:25,l:75,w:5},{x:0,y:95,l:5,w:69},],
canvasWidth:100,
canvasHeight:100,
data:[{x:0,y:0,l:85,w:93},{x:0,y:85,l:14,w:89},],
canvasWidth:100,
canvasHeight:100,
data:[{x:0,y:0,l:89,w:85},{x:0,y:89,l:11,w:99},],
canvasWidth:100,
canvasHeight:100,
data:[{x:0,y:0,l:87,w:86},{x:0,y:88,l:12,w:94},{x:86,y:13,l:75,w:8},],
canvasWidth:100,
canvasHeight:100,
data:[{x:0,y:0,l:99,w:75},{x:75,y:0,l:90,w:12},{x:87,y:0,l:96,w:11},],
canvasWidth:100,
canvasHeight:100,
data:[{x:0,y:0,l:91,w:73},{x:73,y:0,l:83,w:27},{x:0,y:91,l:7,w:97},],
canvasWidth:100,
canvasHeight:100,
data:[{x:0,y:0,l:85,w:78},{x:0,y:86,l:14,w:91},{x:78,y:0,l:50,w:22},{x:78,y:50,l:25,w:22},],
canvasWidth:100,
canvasHeight:100,
data:[{x:0,y:0,l:94,w:70},{x:70,y:0,l:86,w:22},{x:0,y:94,l:6,w:97},],
canvasWidth:100,
canvasHeight:100,
data:[{x:0,y:0,l:60,w:98},{x:0,y:60,l:40,w:74},],
canvasWidth:100,
canvasHeight:100,
data:[{x:0,y:0,l:92,w:53},{x:53,y:0,l:96,w:43},],
canvasWidth:100,
canvasHeight:100,
data:[{x:0,y:0,l:65,w:62},{x:0,y:65,l:35,w:92},],
canvasWidth:100,
canvasHeight:100,
data:[{x:0,y:0,l:48,w:97},{x:0,y:48,l:50,w:91},],
canvasWidth:100,
canvasHeight:100,
data:[{x:0,y:0,l:50,w:90},{x:0,y:50,l:47,w:91},{x:0,y:97,l:3,w:91},],
canvasWidth:100,
canvasHeight:100,
data:[{x:0,y:0,l:50,w:39},{x:58,y:35,l:39,w:42},{x:39,y:0,l:35,w:46},{x:0,y:50,l:36,w:39},{x:0,y:86,l:14,w:78},],
canvasWidth:100,
canvasHeight:100,
data:[{x:0,y:0,l:80,w:50},{x:50,y:0,l:77,w:41},{x:0,y:84,l:16,w:83},],
canvasWidth:100,
canvasHeight:100,
data:[{x:0,y:0,l:43,w:95},{x:0,y:43,l:45,w:90},{x:0,y:88,l:12,w:96},],
canvasWidth:100,
canvasHeight:100,
data:[{x:0,y:0,l:46,w:83},{x:0,y:46,l:46,w:82},{x:0,y:92,l:8,w:71},],
canvasWidth:100,
canvasHeight:100,
data:[{x:0,y:0,l:43,w:95},{x:0,y:43,l:36,w:95},{x:0,y:79,l:19,w:93},{x:0,y:98,l:2,w:76},],
canvasWidth:100,
canvasHeight:100,
data:[{x:0,y:0,l:42,w:82},{x:0,y:42,l:46,w:69},{x:0,y:88,l:12,w:68},],
canvasWidth:100,
canvasHeight:100,
data:[{x:0,y:0,l:75,w:45},{x:45,y:0,l:43,w:50},{x:0,y:75,l:23,w:78},{x:45,y:43,l:17,w:48},],
canvasWidth:100,
canvasHeight:100,
data:[{x:0,y:0,l:49,w:66},{x:0,y:49,l:33,w:97},{x:0,y:82,l:18,w:90},],
canvasWidth:100,
canvasHeight:100,
data:[{x:0,y:0,l:38,w:84},{x:0,y:38,l:46,w:69},{x:0,y:84,l:16,w:90},],
canvasWidth:100,
canvasHeight:100,
data:[{x:0,y:0,l:50,w:69},{x:0,y:50,l:33,w:95},{x:0,y:83,l:17,w:90},],
canvasWidth:100,
canvasHeight:100,
data:[{x:0,y:0,l:33,w:94},{x:0,y:33,l:43,w:72},{x:0,y:76,l:24,w:93},],
canvasWidth:100,
canvasHeight:100,
data:[{x:0,y:0,l:38,w:98},{x:0,y:38,l:39,w:77},{x:0,y:77,l:22,w:68},],
canvasWidth:100,
canvasHeight:100,
data:[{x:0,y:0,l:41,w:72},{x:0,y:41,l:31,w:95},{x:0,y:72,l:28,w:100},],
canvasWidth:100,
canvasHeight:100,
data:[{x:0,y:0,l:31,w:95},{x:0,y:31,l:44,w:66},{x:0,y:75,l:22,w:79},{x:0,y:97,l:2,w:72},],
canvasWidth:100,
canvasHeight:100,
data:[{x:0,y:0,l:40,w:72},{x:0,y:40,l:33,w:86},{x:0,y:73,l:24,w:87},{x:0,y:97,l:3,w:68},],
canvasWidth:100,
canvasHeight:100,
data:[{x:0,y:0,l:28,w:98},{x:0,y:28,l:29,w:94},{x:0,y:57,l:34,w:80},{x:0,y:91,l:7,w:81},{x:0,y:98,l:2,w:32},],
canvasWidth:100,
canvasHeight:100,
data:[{x:0,y:0,l:31,w:87},{x:0,y:31,l:32,w:73},{x:0,y:63,l:34,w:67},],
canvasWidth:100,
canvasHeight:100,
data:[{x:0,y:0,l:32,w:81},{x:0,y:32,l:29,w:70},{x:0,y:61,l:29,w:66},{x:0,y:90,l:10,w:66},],
canvasWidth:100,
canvasHeight:100,
data:[{x:0,y:0,l:47,w:90},{x:0,y:47,l:41,w:89},{x:0,y:88,l:11,w:80},],
Best fit used bin number: 32
Found best solution: 32 0.047

   Statrt add columnAndCut col: 32 cons: 0 cut: 0	0.125

	1 Start Add column using column generation  col: 32 cons: 0 cut: 0	0.125
			Start solve  LP :0.125
			End solve LP obj: 32.0 t: 0
	1 End Add column using column generation : 32.0 col: 32 cons: 0 cut: 0	0.125
   End add columnAndCut : 32.0 colGencnt: 1 price: 0 col: 32 cons: 0 cut: 0	0.125

Node lb: 32.0 ub: 32 : 0.125

Final Found Solution: 32 genNode: 1 extendedNode: 0:0.125
Bin size: 10000
1 : 9025,375,345, : 9745
2 : 7905,1246, : 9151
3 : 7565,1089, : 8654
4 : 7482,1128,600, : 9210
5 : 7425,1080,1056, : 9561
6 : 6643,2241,679, : 9563
7 : 6630,1274,1100,550, : 9554
8 : 6580,1892,582, : 9054
9 : 5880,2960, : 8840
10 : 4876,4128, : 9004
11 : 4030,3220, : 7250
12 : 4656,4550, : 9206
13 : 4500,4277,273, : 9050
14 : 1950,1638,1610,1404,1092, : 7694
15 : 4000,3157,1328, : 8485
16 : 4085,4050,1152, : 9287
17 : 3818,3772,568, : 8158
18 : 4085,3420,1767,152, : 9424
19 : 3444,3174,816, : 7434
20 : 3375,2150,1794,816, : 8135
21 : 3234,3201,1620, : 8055
22 : 3192,3174,1440, : 7806
23 : 3450,3135,1530, : 8115
24 : 3102,3096,2232, : 8430
25 : 3724,3003,1496, : 8223
26 : 2952,2945,2800, : 8697
27 : 2945,2904,1738,144, : 7731
28 : 2880,2838,2088,204, : 8010
29 : 2744,2726,2720,567,64, : 8821
30 : 2697,2336,2278, : 7311
31 : 2592,2030,1914,660, : 7196
32 : 4230,3649,880, : 8759
----------------------- 1 ---------------------------
canvasWidth:100,
canvasHeight:100,
data:[{x:0,y:0,l:95,w:95},{x:95,y:25,l:75,w:5},{x:0,y:95,l:5,w:69},],
----------------------- 2 ---------------------------
canvasWidth:100,
canvasHeight:100,
data:[{x:0,y:0,l:85,w:93},{x:0,y:85,l:14,w:89},],
----------------------- 3 ---------------------------
canvasWidth:100,
canvasHeight:100,
data:[{x:0,y:0,l:89,w:85},{x:0,y:89,l:11,w:99},],
----------------------- 4 ---------------------------
canvasWidth:100,
canvasHeight:100,
data:[{x:0,y:0,l:87,w:86},{x:0,y:88,l:12,w:94},{x:86,y:13,l:75,w:8},],
----------------------- 5 ---------------------------
canvasWidth:100,
canvasHeight:100,
data:[{x:0,y:0,l:99,w:75},{x:75,y:0,l:90,w:12},{x:87,y:0,l:96,w:11},],
----------------------- 6 ---------------------------
canvasWidth:100,
canvasHeight:100,
data:[{x:0,y:0,l:91,w:73},{x:73,y:0,l:83,w:27},{x:0,y:91,l:7,w:97},],
----------------------- 7 ---------------------------
canvasWidth:100,
canvasHeight:100,
data:[{x:0,y:0,l:85,w:78},{x:0,y:86,l:14,w:91},{x:78,y:0,l:50,w:22},{x:78,y:50,l:25,w:22},],
----------------------- 8 ---------------------------
canvasWidth:100,
canvasHeight:100,
data:[{x:0,y:0,l:94,w:70},{x:70,y:0,l:86,w:22},{x:0,y:94,l:6,w:97},],
----------------------- 9 ---------------------------
canvasWidth:100,
canvasHeight:100,
data:[{x:0,y:0,l:60,w:98},{x:0,y:60,l:40,w:74},],
----------------------- 10 ---------------------------
canvasWidth:100,
canvasHeight:100,
data:[{x:0,y:0,l:92,w:53},{x:53,y:0,l:96,w:43},],
----------------------- 11 ---------------------------
canvasWidth:100,
canvasHeight:100,
data:[{x:0,y:0,l:65,w:62},{x:0,y:65,l:35,w:92},],
----------------------- 12 ---------------------------
canvasWidth:100,
canvasHeight:100,
data:[{x:0,y:0,l:48,w:97},{x:0,y:48,l:50,w:91},],
----------------------- 13 ---------------------------
canvasWidth:100,
canvasHeight:100,
data:[{x:0,y:0,l:50,w:90},{x:0,y:50,l:47,w:91},{x:0,y:97,l:3,w:91},],
----------------------- 14 ---------------------------
canvasWidth:100,
canvasHeight:100,
data:[{x:0,y:0,l:50,w:39},{x:58,y:35,l:39,w:42},{x:39,y:0,l:35,w:46},{x:0,y:50,l:36,w:39},{x:0,y:86,l:14,w:78},],
----------------------- 15 ---------------------------
canvasWidth:100,
canvasHeight:100,
data:[{x:0,y:0,l:80,w:50},{x:50,y:0,l:77,w:41},{x:0,y:84,l:16,w:83},],
----------------------- 16 ---------------------------
canvasWidth:100,
canvasHeight:100,
data:[{x:0,y:0,l:43,w:95},{x:0,y:43,l:45,w:90},{x:0,y:88,l:12,w:96},],
----------------------- 17 ---------------------------
canvasWidth:100,
canvasHeight:100,
data:[{x:0,y:0,l:46,w:83},{x:0,y:46,l:46,w:82},{x:0,y:92,l:8,w:71},],
----------------------- 18 ---------------------------
canvasWidth:100,
canvasHeight:100,
data:[{x:0,y:0,l:43,w:95},{x:0,y:43,l:36,w:95},{x:0,y:79,l:19,w:93},{x:0,y:98,l:2,w:76},],
----------------------- 19 ---------------------------
canvasWidth:100,
canvasHeight:100,
data:[{x:0,y:0,l:42,w:82},{x:0,y:42,l:46,w:69},{x:0,y:88,l:12,w:68},],
----------------------- 20 ---------------------------
canvasWidth:100,
canvasHeight:100,
data:[{x:0,y:0,l:75,w:45},{x:45,y:0,l:43,w:50},{x:0,y:75,l:23,w:78},{x:45,y:43,l:17,w:48},],
----------------------- 21 ---------------------------
canvasWidth:100,
canvasHeight:100,
data:[{x:0,y:0,l:49,w:66},{x:0,y:49,l:33,w:97},{x:0,y:82,l:18,w:90},],
----------------------- 22 ---------------------------
canvasWidth:100,
canvasHeight:100,
data:[{x:0,y:0,l:38,w:84},{x:0,y:38,l:46,w:69},{x:0,y:84,l:16,w:90},],
----------------------- 23 ---------------------------
canvasWidth:100,
canvasHeight:100,
data:[{x:0,y:0,l:50,w:69},{x:0,y:50,l:33,w:95},{x:0,y:83,l:17,w:90},],
----------------------- 24 ---------------------------
canvasWidth:100,
canvasHeight:100,
data:[{x:0,y:0,l:33,w:94},{x:0,y:33,l:43,w:72},{x:0,y:76,l:24,w:93},],
----------------------- 25 ---------------------------
canvasWidth:100,
canvasHeight:100,
data:[{x:0,y:0,l:38,w:98},{x:0,y:38,l:39,w:77},{x:0,y:77,l:22,w:68},],
----------------------- 26 ---------------------------
canvasWidth:100,
canvasHeight:100,
data:[{x:0,y:0,l:41,w:72},{x:0,y:41,l:31,w:95},{x:0,y:72,l:28,w:100},],
----------------------- 27 ---------------------------
canvasWidth:100,
canvasHeight:100,
data:[{x:0,y:0,l:31,w:95},{x:0,y:31,l:44,w:66},{x:0,y:75,l:22,w:79},{x:0,y:97,l:2,w:72},],
----------------------- 28 ---------------------------
canvasWidth:100,
canvasHeight:100,
data:[{x:0,y:0,l:40,w:72},{x:0,y:40,l:33,w:86},{x:0,y:73,l:24,w:87},{x:0,y:97,l:3,w:68},],
----------------------- 29 ---------------------------
canvasWidth:100,
canvasHeight:100,
data:[{x:0,y:0,l:28,w:98},{x:0,y:28,l:29,w:94},{x:0,y:57,l:34,w:80},{x:0,y:91,l:7,w:81},{x:0,y:98,l:2,w:32},],
----------------------- 30 ---------------------------
canvasWidth:100,
canvasHeight:100,
data:[{x:0,y:0,l:31,w:87},{x:0,y:31,l:32,w:73},{x:0,y:63,l:34,w:67},],
----------------------- 31 ---------------------------
canvasWidth:100,
canvasHeight:100,
data:[{x:0,y:0,l:32,w:81},{x:0,y:32,l:29,w:70},{x:0,y:61,l:29,w:66},{x:0,y:90,l:10,w:66},],
----------------------- 32 ---------------------------
canvasWidth:100,
canvasHeight:100,
data:[{x:0,y:0,l:47,w:90},{x:0,y:47,l:41,w:89},{x:0,y:88,l:11,w:80},],
