====================================== Class_06.2bp-12 =====================================
Reduced size: 40 usedBin: 0
[0, 1, 2, 3, 4, 6, 9, 19, 27, 30, 32, 33, 36]
[5, 7, 8, 10, 11, 12, 13, 14, 15, 16, 17, 18, 20, 21, 22, 23, 24, 25, 26, 28, 29, 31, 34, 35, 37, 38, 39]
canvasWidth:300,
canvasHeight:300,
data:[{x:0,y:0,l:97,w:96},{x:185,y:0,l:94,w:95},{x:96,y:0,l:97,w:89},{x:185,y:94,l:66,w:95},{x:0,y:97,l:78,w:75},{x:103,y:97,l:63,w:82},{x:0,y:175,l:77,w:62},{x:62,y:175,l:74,w:13},{x:75,y:160,l:22,w:93},{x:168,y:160,l:38,w:32},{x:200,y:160,l:12,w:72},{x:280,y:0,l:37,w:17},{x:280,y:37,l:22,w:10},],
canvasWidth:300,
canvasHeight:300,
data:[{x:0,y:0,l:62,w:84},{x:115,y:0,l:57,w:86},{x:201,y:21,l:50,w:96},{x:0,y:62,l:53,w:85},{x:201,y:71,l:60,w:71},{x:0,y:115,l:56,w:70},{x:139,y:80,l:53,w:62},{x:102,y:133,l:29,w:97},{x:70,y:156,l:77,w:32},{x:0,y:217,l:41,w:56},{x:201,y:0,l:21,w:99},{x:256,y:156,l:45,w:44},{x:115,y:57,l:23,w:86},{x:102,y:80,l:53,w:37},{x:84,y:0,l:62,w:31},{x:0,y:192,l:25,w:64},{x:207,y:157,l:31,w:49},{x:201,y:131,l:26,w:54},{x:89,y:80,l:76,w:13},{x:0,y:171,l:14,w:69},{x:258,y:201,l:84,w:42},{x:255,y:131,l:21,w:45},{x:89,y:62,l:18,w:26},{x:0,y:185,l:7,w:56},{x:255,y:152,l:4,w:44},{x:88,y:62,l:92,w:1},{x:199,y:133,l:24,w:2},],
Best fit used bin number: 2
Found best solution: 2 0.078

   Statrt add columnAndCut col: 2 cons: 0 cut: 0	0.156

	1 Start Add column using column generation  col: 2 cons: 0 cut: 0	0.156
			Start solve  LP :0.156
			End solve LP obj: 2.0 t: 0
	1 End Add column using column generation : 2.0 col: 2 cons: 0 cut: 0	0.156
   End add columnAndCut : 2.0 colGencnt: 1 price: 0 col: 2 cons: 0 cut: 0	0.156

Node lb: 2.0 ub: 2 : 0.156

Final Found Solution: 2 genNode: 1 extendedNode: 0:0.156
Bin size: 90000
1 : 9312,8930,8633,6270,5850,5166,4774,2046,1216,962,864,629,220, : 54872
2 : 5208,4902,4800,4505,4260,3920,3528,3286,2813,2464,2296,2079,1980,1978,1961,1922,1600,1519,1404,988,966,945,468,392,176,92,48, : 60500
----------------------- 1 ---------------------------
canvasWidth:300,
canvasHeight:300,
data:[{x:0,y:0,l:97,w:96},{x:185,y:0,l:94,w:95},{x:96,y:0,l:97,w:89},{x:185,y:94,l:66,w:95},{x:0,y:97,l:78,w:75},{x:103,y:97,l:63,w:82},{x:0,y:175,l:77,w:62},{x:62,y:175,l:74,w:13},{x:75,y:160,l:22,w:93},{x:168,y:160,l:38,w:32},{x:200,y:160,l:12,w:72},{x:280,y:0,l:37,w:17},{x:280,y:37,l:22,w:10},],
----------------------- 2 ---------------------------
canvasWidth:300,
canvasHeight:300,
data:[{x:0,y:0,l:62,w:84},{x:115,y:0,l:57,w:86},{x:201,y:21,l:50,w:96},{x:0,y:62,l:53,w:85},{x:201,y:71,l:60,w:71},{x:0,y:115,l:56,w:70},{x:139,y:80,l:53,w:62},{x:102,y:133,l:29,w:97},{x:70,y:156,l:77,w:32},{x:0,y:217,l:41,w:56},{x:201,y:0,l:21,w:99},{x:256,y:156,l:45,w:44},{x:115,y:57,l:23,w:86},{x:102,y:80,l:53,w:37},{x:84,y:0,l:62,w:31},{x:0,y:192,l:25,w:64},{x:207,y:157,l:31,w:49},{x:201,y:131,l:26,w:54},{x:89,y:80,l:76,w:13},{x:0,y:171,l:14,w:69},{x:258,y:201,l:84,w:42},{x:255,y:131,l:21,w:45},{x:89,y:62,l:18,w:26},{x:0,y:185,l:7,w:56},{x:255,y:152,l:4,w:44},{x:88,y:62,l:92,w:1},{x:199,y:133,l:24,w:2},],
