====================================== Class_03.2bp-25 =====================================
Reduced size: 60 usedBin: 0
[0, 22, 44, 53, 55, 56]
[1, 31, 45, 49]
[2, 34, 39, 40, 41, 42]
[3, 9, 33, 58, 59]
[6, 11, 18, 54]
[4, 5, 48, 51]
[7, 14, 30, 32, 52]
[8, 17, 20, 28, 57]
[10, 19, 27, 37, 46, 50]
[13, 16, 23, 35]
[12, 15, 36, 38, 43]
[21, 24, 25, 26, 29, 47]
canvasWidth:40,
canvasHeight:40,
data:[{x:0,y:0,l:35,w:29},{x:29,y:0,l:31,w:11},{x:0,y:35,l:5,w:23},{x:23,y:36,l:4,w:8},{x:29,y:31,l:2,w:11},{x:29,y:33,l:2,w:11},],
canvasWidth:40,
canvasHeight:40,
data:[{x:0,y:0,l:34,w:29},{x:29,y:0,l:21,w:11},{x:34,y:21,l:19,w:6},{x:30,y:21,l:19,w:4},],
canvasWidth:40,
canvasHeight:40,
data:[{x:0,y:0,l:28,w:27},{x:27,y:0,l:26,w:8},{x:0,y:28,l:12,w:14},{x:14,y:30,l:10,w:15},{x:29,y:26,l:14,w:10},{x:35,y:0,l:26,w:5},],
canvasWidth:40,
canvasHeight:40,
data:[{x:0,y:0,l:30,w:25},{x:25,y:0,l:33,w:15},{x:0,y:30,l:10,w:21},{x:38,y:33,l:7,w:2},{x:21,y:30,l:6,w:2},],
canvasWidth:40,
canvasHeight:40,
data:[{x:0,y:0,l:24,w:25},{x:25,y:0,l:31,w:15},{x:0,y:24,l:16,w:25},{x:25,y:31,l:2,w:15},],
canvasWidth:40,
canvasHeight:40,
data:[{x:0,y:0,l:33,w:20},{x:20,y:0,l:32,w:20},{x:0,y:33,l:5,w:18},{x:0,y:38,l:2,w:32},],
canvasWidth:40,
canvasHeight:40,
data:[{x:0,y:0,l:17,w:33},{x:0,y:17,l:13,w:33},{x:0,y:30,l:8,w:29},{x:33,y:0,l:32,w:7},{x:0,y:38,l:1,w:33},],
canvasWidth:40,
canvasHeight:40,
data:[{x:0,y:16,l:13,w:31},{x:31,y:0,l:27,w:9},{x:0,y:0,l:16,w:31},{x:7,y:29,l:11,w:33},{x:31,y:27,l:2,w:9},],
canvasWidth:40,
canvasHeight:40,
data:[{x:0,y:0,l:29,w:17},{x:21,y:15,l:25,w:16},{x:17,y:0,l:13,w:19},{x:0,y:31,l:9,w:21},{x:37,y:5,l:35,w:3},{x:17,y:15,l:16,w:4},],
canvasWidth:40,
canvasHeight:40,
data:[{x:0,y:0,l:20,w:23},{x:23,y:0,l:24,w:17},{x:10,y:25,l:15,w:22},{x:0,y:20,l:20,w:10},],
canvasWidth:40,
canvasHeight:40,
data:[{x:16,y:0,l:33,w:14},{x:0,y:0,l:26,w:16},{x:0,y:26,l:13,w:15},{x:30,y:0,l:31,w:6},{x:36,y:0,l:29,w:4},],
canvasWidth:40,
canvasHeight:40,
data:[{x:0,y:0,l:14,w:18},{x:0,y:14,l:25,w:14},{x:18,y:0,l:22,w:13},{x:32,y:0,l:34,w:8},{x:18,y:22,l:17,w:14},{x:14,y:14,l:24,w:4},],
Best fit used bin number: 12
Found best solution: 12 0.047

   Statrt add columnAndCut col: 12 cons: 0 cut: 0	0.125

	1 Start Add column using column generation  col: 12 cons: 0 cut: 0	0.125
			Start solve  LP :0.125
			End solve LP obj: 12.0 t: 0
	1 End Add column using column generation : 12.0 col: 12 cons: 0 cut: 0	0.125
   End add columnAndCut : 12.0 colGencnt: 1 price: 0 col: 12 cons: 0 cut: 0	0.125

Node lb: 12.0 ub: 12 : 0.125

Final Found Solution: 12 genNode: 1 extendedNode: 0:0.125
Bin size: 1600
1 : 1015,341,115,32,22,22, : 1547
2 : 986,231,114,76, : 1407
3 : 756,208,168,150,140,130, : 1552
4 : 750,495,210,14,12, : 1481
5 : 600,465,400,30, : 1495
6 : 660,640,90,64, : 1454
7 : 561,429,232,224,33, : 1479
8 : 496,403,363,243,18, : 1523
9 : 493,400,247,189,105,64, : 1498
10 : 460,408,330,200, : 1398
11 : 462,416,195,186,116, : 1375
12 : 350,286,272,252,238,96, : 1494
----------------------- 1 ---------------------------
canvasWidth:40,
canvasHeight:40,
data:[{x:0,y:0,l:35,w:29},{x:29,y:0,l:31,w:11},{x:0,y:35,l:5,w:23},{x:23,y:36,l:4,w:8},{x:29,y:31,l:2,w:11},{x:29,y:33,l:2,w:11},],
----------------------- 2 ---------------------------
canvasWidth:40,
canvasHeight:40,
data:[{x:0,y:0,l:34,w:29},{x:29,y:0,l:21,w:11},{x:34,y:21,l:19,w:6},{x:30,y:21,l:19,w:4},],
----------------------- 3 ---------------------------
canvasWidth:40,
canvasHeight:40,
data:[{x:0,y:0,l:28,w:27},{x:27,y:0,l:26,w:8},{x:0,y:28,l:12,w:14},{x:14,y:30,l:10,w:15},{x:29,y:26,l:14,w:10},{x:35,y:0,l:26,w:5},],
----------------------- 4 ---------------------------
canvasWidth:40,
canvasHeight:40,
data:[{x:0,y:0,l:30,w:25},{x:25,y:0,l:33,w:15},{x:0,y:30,l:10,w:21},{x:38,y:33,l:7,w:2},{x:21,y:30,l:6,w:2},],
----------------------- 5 ---------------------------
canvasWidth:40,
canvasHeight:40,
data:[{x:0,y:0,l:24,w:25},{x:25,y:0,l:31,w:15},{x:0,y:24,l:16,w:25},{x:25,y:31,l:2,w:15},],
----------------------- 6 ---------------------------
canvasWidth:40,
canvasHeight:40,
data:[{x:0,y:0,l:33,w:20},{x:20,y:0,l:32,w:20},{x:0,y:33,l:5,w:18},{x:0,y:38,l:2,w:32},],
----------------------- 7 ---------------------------
canvasWidth:40,
canvasHeight:40,
data:[{x:0,y:0,l:17,w:33},{x:0,y:17,l:13,w:33},{x:0,y:30,l:8,w:29},{x:33,y:0,l:32,w:7},{x:0,y:38,l:1,w:33},],
----------------------- 8 ---------------------------
canvasWidth:40,
canvasHeight:40,
data:[{x:0,y:16,l:13,w:31},{x:31,y:0,l:27,w:9},{x:0,y:0,l:16,w:31},{x:7,y:29,l:11,w:33},{x:31,y:27,l:2,w:9},],
----------------------- 9 ---------------------------
canvasWidth:40,
canvasHeight:40,
data:[{x:0,y:0,l:29,w:17},{x:21,y:15,l:25,w:16},{x:17,y:0,l:13,w:19},{x:0,y:31,l:9,w:21},{x:37,y:5,l:35,w:3},{x:17,y:15,l:16,w:4},],
----------------------- 10 ---------------------------
canvasWidth:40,
canvasHeight:40,
data:[{x:0,y:0,l:20,w:23},{x:23,y:0,l:24,w:17},{x:10,y:25,l:15,w:22},{x:0,y:20,l:20,w:10},],
----------------------- 11 ---------------------------
canvasWidth:40,
canvasHeight:40,
data:[{x:16,y:0,l:33,w:14},{x:0,y:0,l:26,w:16},{x:0,y:26,l:13,w:15},{x:30,y:0,l:31,w:6},{x:36,y:0,l:29,w:4},],
----------------------- 12 ---------------------------
canvasWidth:40,
canvasHeight:40,
data:[{x:0,y:0,l:14,w:18},{x:0,y:14,l:25,w:14},{x:18,y:0,l:22,w:13},{x:32,y:0,l:34,w:8},{x:18,y:22,l:17,w:14},{x:14,y:14,l:24,w:4},],
