====================================== Class_03.2bp-24 =====================================
Reduced size: 60 usedBin: 0
E:\WSKH\2DBPP\NonGuillotine\initSolution\3_25.pack
[0, 28, 39, 41, 46]
[1, 26, 37, 43, 55]
[2, 18, 31, 40, 49]
[3, 15, 33, 44, 53, 58]
[13, 16, 21, 38, 59]
[4, 17, 23, 54, 57]
[7, 12, 24]
[5, 19, 25, 47, 50, 51]
[9, 10, 32, 35]
[8, 20, 27, 34, 45, 52, 56]
[6, 11, 36]
[14, 22, 29, 30, 42, 48]
canvasWidth:40,
canvasHeight:40,
data:[{x:0,y:0,l:31,w:29},{x:0,y:31,l:8,w:26},{x:31,y:8,l:29,w:5},{x:36,y:8,l:32,w:4},{x:29,y:0,l:8,w:11},],
canvasWidth:40,
canvasHeight:40,
data:[{x:0,y:0,l:27,w:31},{x:0,y:27,l:7,w:33},{x:31,y:0,l:18,w:9},{x:0,y:35,l:4,w:25},{x:0,y:34,l:1,w:32},],
canvasWidth:40,
canvasHeight:40,
data:[{x:0,y:0,l:25,w:33},{x:13,y:27,l:13,w:27},{x:33,y:0,l:27,w:7},{x:0,y:27,l:11,w:13},{x:0,y:25,l:2,w:33},],
canvasWidth:40,
canvasHeight:40,
data:[{x:0,y:0,l:33,w:24},{x:25,y:11,l:28,w:15},{x:2,y:33,l:4,w:23},{x:2,y:37,l:3,w:17},{x:24,y:0,l:11,w:16},{x:0,y:33,l:7,w:2},],
canvasWidth:40,
canvasHeight:40,
data:[{x:0,y:0,l:22,w:24},{x:0,y:22,l:18,w:23},{x:24,y:0,l:25,w:13},{x:23,y:25,l:15,w:10},{x:37,y:0,l:8,w:1},],
canvasWidth:40,
canvasHeight:40,
data:[{x:0,y:0,l:28,w:26},{x:26,y:0,l:31,w:13},{x:0,y:28,l:10,w:26},{x:26,y:31,l:6,w:4},{x:0,y:38,l:2,w:21},],
canvasWidth:40,
canvasHeight:40,
data:[{x:0,y:0,l:18,w:31},{x:0,y:18,l:20,w:31},{x:31,y:0,l:31,w:8},],
canvasWidth:40,
canvasHeight:40,
data:[{x:0,y:0,l:18,w:35},{x:0,y:18,l:18,w:19},{x:19,y:18,l:11,w:21},{x:0,y:37,l:3,w:29},{x:19,y:29,l:3,w:21},{x:19,y:32,l:3,w:20},],
canvasWidth:40,
canvasHeight:40,
data:[{x:0,y:0,l:9,w:19},{x:0,y:9,l:31,w:19},{x:19,y:9,l:30,w:19},{x:19,y:0,l:9,w:20},],
canvasWidth:40,
canvasHeight:40,
data:[{x:0,y:0,l:32,w:19},{x:22,y:3,l:20,w:17},{x:22,y:23,l:12,w:18},{x:0,y:32,l:8,w:22},{x:22,y:35,l:5,w:18},{x:19,y:13,l:19,w:3},{x:19,y:4,l:9,w:3},],
canvasWidth:40,
canvasHeight:40,
data:[{x:0,y:0,l:33,w:19},{x:19,y:0,l:33,w:17},{x:0,y:33,l:5,w:34},],
canvasWidth:40,
canvasHeight:40,
data:[{x:0,y:0,l:17,w:28},{x:28,y:0,l:23,w:12},{x:0,y:17,l:13,w:16},{x:24,y:23,l:12,w:16},{x:0,y:30,l:7,w:17},{x:0,y:37,l:3,w:28},],
Best fit used bin number: 12
Found best solution: 12 0.082

   Statrt add columnAndCut col: 12 cons: 0 cut: 0	0.161

	1 Start Add column using column generation  col: 12 cons: 0 cut: 0	0.161
			Start solve  LP :0.161
			End solve LP obj: 12.0 t: 2
	1 End Add column using column generation : 12.0 col: 12 cons: 0 cut: 0	0.164
   End add columnAndCut : 12.0 colGencnt: 1 price: 0 col: 12 cons: 0 cut: 0	0.164

Node lb: 12.0 ub: 12 : 0.164

Final Found Solution: 12 genNode: 1 extendedNode: 0:0.164
Bin size: 1600
1 : 899,208,145,128,88, : 1468
2 : 837,231,162,100,32, : 1362
3 : 825,351,189,143,66, : 1574
4 : 792,420,176,92,51,14, : 1545
5 : 528,414,325,150,8, : 1425
6 : 728,403,260,42,24, : 1457
7 : 620,558,248, : 1426
8 : 630,342,231,87,63,60, : 1413
9 : 589,570,180,171, : 1510
10 : 608,340,216,176,90,57,27, : 1514
11 : 627,561,170, : 1358
12 : 476,276,208,192,119,84, : 1355
----------------------- 1 ---------------------------
canvasWidth:40,
canvasHeight:40,
data:[{x:0,y:0,l:31,w:29},{x:0,y:31,l:8,w:26},{x:31,y:8,l:29,w:5},{x:36,y:8,l:32,w:4},{x:29,y:0,l:8,w:11},],
----------------------- 2 ---------------------------
canvasWidth:40,
canvasHeight:40,
data:[{x:0,y:0,l:27,w:31},{x:0,y:27,l:7,w:33},{x:31,y:0,l:18,w:9},{x:0,y:35,l:4,w:25},{x:0,y:34,l:1,w:32},],
----------------------- 3 ---------------------------
canvasWidth:40,
canvasHeight:40,
data:[{x:0,y:0,l:25,w:33},{x:13,y:27,l:13,w:27},{x:33,y:0,l:27,w:7},{x:0,y:27,l:11,w:13},{x:0,y:25,l:2,w:33},],
----------------------- 4 ---------------------------
canvasWidth:40,
canvasHeight:40,
data:[{x:0,y:0,l:33,w:24},{x:25,y:11,l:28,w:15},{x:2,y:33,l:4,w:23},{x:2,y:37,l:3,w:17},{x:24,y:0,l:11,w:16},{x:0,y:33,l:7,w:2},],
----------------------- 5 ---------------------------
canvasWidth:40,
canvasHeight:40,
data:[{x:0,y:0,l:22,w:24},{x:0,y:22,l:18,w:23},{x:24,y:0,l:25,w:13},{x:23,y:25,l:15,w:10},{x:37,y:0,l:8,w:1},],
----------------------- 6 ---------------------------
canvasWidth:40,
canvasHeight:40,
data:[{x:0,y:0,l:28,w:26},{x:26,y:0,l:31,w:13},{x:0,y:28,l:10,w:26},{x:26,y:31,l:6,w:4},{x:0,y:38,l:2,w:21},],
----------------------- 7 ---------------------------
canvasWidth:40,
canvasHeight:40,
data:[{x:0,y:0,l:18,w:31},{x:0,y:18,l:20,w:31},{x:31,y:0,l:31,w:8},],
----------------------- 8 ---------------------------
canvasWidth:40,
canvasHeight:40,
data:[{x:0,y:0,l:18,w:35},{x:0,y:18,l:18,w:19},{x:19,y:18,l:11,w:21},{x:0,y:37,l:3,w:29},{x:19,y:29,l:3,w:21},{x:19,y:32,l:3,w:20},],
----------------------- 9 ---------------------------
canvasWidth:40,
canvasHeight:40,
data:[{x:0,y:0,l:9,w:19},{x:0,y:9,l:31,w:19},{x:19,y:9,l:30,w:19},{x:19,y:0,l:9,w:20},],
----------------------- 10 ---------------------------
canvasWidth:40,
canvasHeight:40,
data:[{x:0,y:0,l:32,w:19},{x:22,y:3,l:20,w:17},{x:22,y:23,l:12,w:18},{x:0,y:32,l:8,w:22},{x:22,y:35,l:5,w:18},{x:19,y:13,l:19,w:3},{x:19,y:4,l:9,w:3},],
----------------------- 11 ---------------------------
canvasWidth:40,
canvasHeight:40,
data:[{x:0,y:0,l:33,w:19},{x:19,y:0,l:33,w:17},{x:0,y:33,l:5,w:34},],
----------------------- 12 ---------------------------
canvasWidth:40,
canvasHeight:40,
data:[{x:0,y:0,l:17,w:28},{x:28,y:0,l:23,w:12},{x:0,y:17,l:13,w:16},{x:24,y:23,l:12,w:16},{x:0,y:30,l:7,w:17},{x:0,y:37,l:3,w:28},],
