====================================== Class_07.2bp-47 =====================================
Reduced size: 100 usedBin: 0
[0, 79, 87]
[1, 86]
[2, 45, 92]
[3, 22]
[4, 68]
[5, 43, 67]
[6, 30, 93]
[7, 13, 94]
[8, 41, 58, 95]
[11, 17, 85, 89]
[15, 52, 66, 73, 90]
[21, 24, 57]
[9, 16, 88]
[14, 42, 50]
[10, 25, 70, 96, 99]
[36, 56, 71, 75, 82]
[18, 40, 46, 80, 97]
[19, 69]
[20, 38, 51]
[23, 26, 78]
[27, 28, 84, 98]
[29, 31, 60]
[33, 34, 83]
[35, 37, 54, 91]
[39, 47, 72, 74]
[48, 49, 53]
[59, 61, 62, 65]
[32, 63, 64, 76, 77]
[12, 44, 55, 81]
canvasWidth:100,
canvasHeight:100,
data:[{x:0,y:0,l:83,w:93},{x:30,y:83,l:17,w:70},{x:93,y:0,l:75,w:7},],
canvasWidth:100,
canvasHeight:100,
data:[{x:0,y:0,l:81,w:94},{x:94,y:0,l:94,w:6},],
canvasWidth:100,
canvasHeight:100,
data:[{x:0,y:0,l:66,w:97},{x:0,y:66,l:34,w:66},{x:97,y:0,l:88,w:3},],
canvasWidth:100,
canvasHeight:100,
data:[{x:0,y:0,l:91,w:64},{x:64,y:0,l:97,w:36},],
canvasWidth:100,
canvasHeight:100,
data:[{x:0,y:0,l:71,w:82},{x:82,y:0,l:78,w:18},],
canvasWidth:100,
canvasHeight:100,
data:[{x:0,y:0,l:96,w:60},{x:76,y:0,l:100,w:24},{x:60,y:0,l:96,w:15},],
canvasWidth:100,
canvasHeight:100,
data:[{x:0,y:0,l:85,w:64},{x:67,y:0,l:95,w:33},{x:12,y:95,l:2,w:88},],
canvasWidth:100,
canvasHeight:100,
data:[{x:0,y:0,l:52,w:95},{x:0,y:55,l:45,w:98},{x:98,y:22,l:78,w:2},],
canvasWidth:100,
canvasHeight:100,
data:[{x:0,y:0,l:68,w:71},{x:0,y:70,l:30,w:86},{x:71,y:0,l:69,w:27},{x:86,y:69,l:18,w:8},],
canvasWidth:100,
canvasHeight:100,
data:[{x:0,y:0,l:51,w:88},{x:0,y:51,l:46,w:84},{x:88,y:0,l:73,w:8},{x:96,y:0,l:100,w:4},],
canvasWidth:100,
canvasHeight:100,
data:[{x:0,y:0,l:52,w:78},{x:78,y:0,l:93,w:22},{x:0,y:52,l:39,w:39},{x:39,y:52,l:40,w:32},{x:71,y:52,l:43,w:7},],
canvasWidth:100,
canvasHeight:100,
data:[{x:0,y:0,l:71,w:51},{x:51,y:0,l:71,w:49},{x:0,y:71,l:23,w:81},],
canvasWidth:100,
canvasHeight:100,
data:[{x:0,y:0,l:95,w:50},{x:50,y:0,l:88,w:44},{x:94,y:0,l:74,w:6},],
canvasWidth:100,
canvasHeight:100,
data:[{x:27,y:0,l:94,w:46},{x:0,y:0,l:95,w:27},{x:73,y:0,l:89,w:24},],
canvasWidth:100,
canvasHeight:100,
data:[{x:0,y:0,l:100,w:46},{x:46,y:0,l:90,w:38},{x:84,y:0,l:88,w:15},{x:99,y:0,l:90,w:1},{x:46,y:90,l:5,w:9},],
canvasWidth:100,
canvasHeight:100,
data:[{x:0,y:0,l:72,w:40},{x:40,y:0,l:85,w:22},{x:62,y:0,l:93,w:14},{x:76,y:0,l:76,w:10},{x:86,y:0,l:88,w:14},],
canvasWidth:100,
canvasHeight:100,
data:[{x:0,y:0,l:86,w:43},{x:43,y:0,l:86,w:30},{x:73,y:0,l:86,w:26},{x:0,y:86,l:12,w:89},{x:99,y:0,l:77,w:1},],
canvasWidth:100,
canvasHeight:100,
data:[{x:0,y:0,l:44,w:84},{x:86,y:0,l:99,w:14},],
canvasWidth:100,
canvasHeight:100,
data:[{x:0,y:0,l:87,w:42},{x:66,y:0,l:82,w:34},{x:42,y:0,l:87,w:24},],
canvasWidth:100,
canvasHeight:100,
data:[{x:0,y:0,l:81,w:43},{x:43,y:0,l:79,w:43},{x:86,y:0,l:85,w:14},],
canvasWidth:100,
canvasHeight:100,
data:[{x:0,y:0,l:80,w:42},{x:42,y:0,l:70,w:46},{x:88,y:0,l:70,w:9},{x:97,y:0,l:70,w:1},],
canvasWidth:100,
canvasHeight:100,
data:[{x:0,y:0,l:82,w:39},{x:39,y:0,l:84,w:37},{x:76,y:0,l:75,w:24},],
canvasWidth:100,
canvasHeight:100,
data:[{x:0,y:0,l:66,w:46},{x:46,y:0,l:66,w:44},{x:90,y:0,l:73,w:10},],
canvasWidth:100,
canvasHeight:100,
data:[{x:0,y:0,l:69,w:42},{x:42,y:0,l:85,w:33},{x:75,y:0,l:79,w:25},{x:25,y:69,l:16,w:17},],
canvasWidth:100,
canvasHeight:100,
data:[{x:0,y:0,l:75,w:35},{x:52,y:0,l:72,w:31},{x:83,y:0,l:76,w:17},{x:35,y:0,l:75,w:17},],
canvasWidth:100,
canvasHeight:100,
data:[{x:77,y:0,l:95,w:23},{x:0,y:0,l:46,w:47},{x:47,y:0,l:71,w:28},],
canvasWidth:100,
canvasHeight:100,
data:[{x:0,y:0,l:66,w:28},{x:54,y:0,l:73,w:24},{x:28,y:0,l:66,w:26},{x:78,y:0,l:73,w:21},],
canvasWidth:100,
canvasHeight:100,
data:[{x:51,y:0,l:98,w:31},{x:0,y:0,l:85,w:20},{x:82,y:0,l:96,w:17},{x:34,y:0,l:70,w:17},{x:20,y:0,l:85,w:14},],
canvasWidth:100,
canvasHeight:100,
data:[{x:32,y:0,l:95,w:47},{x:0,y:0,l:98,w:23},{x:79,y:0,l:94,w:20},{x:23,y:0,l:98,w:9},],
Best fit used bin number: 29
Found best solution: 29 0.063

   Statrt add columnAndCut col: 29 cons: 0 cut: 0	0.125

	1 Start Add column using column generation  col: 29 cons: 0 cut: 0	0.125
			Start solve  LP :0.125
			End solve LP obj: 29.0 t: 0
	1 End Add column using column generation : 29.0 col: 29 cons: 0 cut: 0	0.125
   End add columnAndCut : 29.0 colGencnt: 1 price: 0 col: 29 cons: 0 cut: 0	0.125

Node lb: 29.0 ub: 29 : 0.125

Final Found Solution: 29 genNode: 1 extendedNode: 0:0.125
Bin size: 10000
1 : 7719,1190,525, : 9434
2 : 7614,564, : 8178
3 : 6402,2244,264, : 8910
4 : 5824,3492, : 9316
5 : 5822,1404, : 7226
6 : 5760,2400,1440, : 9600
7 : 5440,3135,176, : 8751
8 : 4940,4410,156, : 9506
9 : 4828,2580,1863,144, : 9415
10 : 4488,3864,584,400, : 9336
11 : 4056,2046,1521,1280,301, : 9204
12 : 3621,3479,1863, : 8963
13 : 4750,3872,444, : 9066
14 : 4324,2565,2136, : 9025
15 : 4600,3420,1320,90,45, : 9475
16 : 2880,1870,1302,1232,760, : 8044
17 : 3698,2580,2236,1068,77, : 9659
18 : 3696,1386, : 5082
19 : 3654,2788,2088, : 8530
20 : 3483,3397,1190, : 8070
21 : 3360,3220,630,70, : 7280
22 : 3198,3108,1800, : 8106
23 : 3036,2904,730, : 6670
24 : 2898,2805,1975,272, : 7950
25 : 2625,2232,1292,1275, : 7424
26 : 2185,2162,1988, : 6335
27 : 1848,1752,1716,1533, : 6849
28 : 3038,1700,1632,1190,1190, : 8750
29 : 4465,2254,1880,882, : 9481
----------------------- 1 ---------------------------
canvasWidth:100,
canvasHeight:100,
data:[{x:0,y:0,l:83,w:93},{x:30,y:83,l:17,w:70},{x:93,y:0,l:75,w:7},],
----------------------- 2 ---------------------------
canvasWidth:100,
canvasHeight:100,
data:[{x:0,y:0,l:81,w:94},{x:94,y:0,l:94,w:6},],
----------------------- 3 ---------------------------
canvasWidth:100,
canvasHeight:100,
data:[{x:0,y:0,l:66,w:97},{x:0,y:66,l:34,w:66},{x:97,y:0,l:88,w:3},],
----------------------- 4 ---------------------------
canvasWidth:100,
canvasHeight:100,
data:[{x:0,y:0,l:91,w:64},{x:64,y:0,l:97,w:36},],
----------------------- 5 ---------------------------
canvasWidth:100,
canvasHeight:100,
data:[{x:0,y:0,l:71,w:82},{x:82,y:0,l:78,w:18},],
----------------------- 6 ---------------------------
canvasWidth:100,
canvasHeight:100,
data:[{x:0,y:0,l:96,w:60},{x:76,y:0,l:100,w:24},{x:60,y:0,l:96,w:15},],
----------------------- 7 ---------------------------
canvasWidth:100,
canvasHeight:100,
data:[{x:0,y:0,l:85,w:64},{x:67,y:0,l:95,w:33},{x:12,y:95,l:2,w:88},],
----------------------- 8 ---------------------------
canvasWidth:100,
canvasHeight:100,
data:[{x:0,y:0,l:52,w:95},{x:0,y:55,l:45,w:98},{x:98,y:22,l:78,w:2},],
----------------------- 9 ---------------------------
canvasWidth:100,
canvasHeight:100,
data:[{x:0,y:0,l:68,w:71},{x:0,y:70,l:30,w:86},{x:71,y:0,l:69,w:27},{x:86,y:69,l:18,w:8},],
----------------------- 10 ---------------------------
canvasWidth:100,
canvasHeight:100,
data:[{x:0,y:0,l:51,w:88},{x:0,y:51,l:46,w:84},{x:88,y:0,l:73,w:8},{x:96,y:0,l:100,w:4},],
----------------------- 11 ---------------------------
canvasWidth:100,
canvasHeight:100,
data:[{x:0,y:0,l:52,w:78},{x:78,y:0,l:93,w:22},{x:0,y:52,l:39,w:39},{x:39,y:52,l:40,w:32},{x:71,y:52,l:43,w:7},],
----------------------- 12 ---------------------------
canvasWidth:100,
canvasHeight:100,
data:[{x:0,y:0,l:71,w:51},{x:51,y:0,l:71,w:49},{x:0,y:71,l:23,w:81},],
----------------------- 13 ---------------------------
canvasWidth:100,
canvasHeight:100,
data:[{x:0,y:0,l:95,w:50},{x:50,y:0,l:88,w:44},{x:94,y:0,l:74,w:6},],
----------------------- 14 ---------------------------
canvasWidth:100,
canvasHeight:100,
data:[{x:27,y:0,l:94,w:46},{x:0,y:0,l:95,w:27},{x:73,y:0,l:89,w:24},],
----------------------- 15 ---------------------------
canvasWidth:100,
canvasHeight:100,
data:[{x:0,y:0,l:100,w:46},{x:46,y:0,l:90,w:38},{x:84,y:0,l:88,w:15},{x:99,y:0,l:90,w:1},{x:46,y:90,l:5,w:9},],
----------------------- 16 ---------------------------
canvasWidth:100,
canvasHeight:100,
data:[{x:0,y:0,l:72,w:40},{x:40,y:0,l:85,w:22},{x:62,y:0,l:93,w:14},{x:76,y:0,l:76,w:10},{x:86,y:0,l:88,w:14},],
----------------------- 17 ---------------------------
canvasWidth:100,
canvasHeight:100,
data:[{x:0,y:0,l:86,w:43},{x:43,y:0,l:86,w:30},{x:73,y:0,l:86,w:26},{x:0,y:86,l:12,w:89},{x:99,y:0,l:77,w:1},],
----------------------- 18 ---------------------------
canvasWidth:100,
canvasHeight:100,
data:[{x:0,y:0,l:44,w:84},{x:86,y:0,l:99,w:14},],
----------------------- 19 ---------------------------
canvasWidth:100,
canvasHeight:100,
data:[{x:0,y:0,l:87,w:42},{x:66,y:0,l:82,w:34},{x:42,y:0,l:87,w:24},],
----------------------- 20 ---------------------------
canvasWidth:100,
canvasHeight:100,
data:[{x:0,y:0,l:81,w:43},{x:43,y:0,l:79,w:43},{x:86,y:0,l:85,w:14},],
----------------------- 21 ---------------------------
canvasWidth:100,
canvasHeight:100,
data:[{x:0,y:0,l:80,w:42},{x:42,y:0,l:70,w:46},{x:88,y:0,l:70,w:9},{x:97,y:0,l:70,w:1},],
----------------------- 22 ---------------------------
canvasWidth:100,
canvasHeight:100,
data:[{x:0,y:0,l:82,w:39},{x:39,y:0,l:84,w:37},{x:76,y:0,l:75,w:24},],
----------------------- 23 ---------------------------
canvasWidth:100,
canvasHeight:100,
data:[{x:0,y:0,l:66,w:46},{x:46,y:0,l:66,w:44},{x:90,y:0,l:73,w:10},],
----------------------- 24 ---------------------------
canvasWidth:100,
canvasHeight:100,
data:[{x:0,y:0,l:69,w:42},{x:42,y:0,l:85,w:33},{x:75,y:0,l:79,w:25},{x:25,y:69,l:16,w:17},],
----------------------- 25 ---------------------------
canvasWidth:100,
canvasHeight:100,
data:[{x:0,y:0,l:75,w:35},{x:52,y:0,l:72,w:31},{x:83,y:0,l:76,w:17},{x:35,y:0,l:75,w:17},],
----------------------- 26 ---------------------------
canvasWidth:100,
canvasHeight:100,
data:[{x:77,y:0,l:95,w:23},{x:0,y:0,l:46,w:47},{x:47,y:0,l:71,w:28},],
----------------------- 27 ---------------------------
canvasWidth:100,
canvasHeight:100,
data:[{x:0,y:0,l:66,w:28},{x:54,y:0,l:73,w:24},{x:28,y:0,l:66,w:26},{x:78,y:0,l:73,w:21},],
----------------------- 28 ---------------------------
canvasWidth:100,
canvasHeight:100,
data:[{x:51,y:0,l:98,w:31},{x:0,y:0,l:85,w:20},{x:82,y:0,l:96,w:17},{x:34,y:0,l:70,w:17},{x:20,y:0,l:85,w:14},],
----------------------- 29 ---------------------------
canvasWidth:100,
canvasHeight:100,
data:[{x:32,y:0,l:95,w:47},{x:0,y:0,l:98,w:23},{x:79,y:0,l:94,w:20},{x:23,y:0,l:98,w:9},],
