====================================== Class_07.2bp-18 =====================================
Reduced size: 40 usedBin: 0
E:\WSKH\2DBPP\NonGuillotine\initSolution\7_19.pack
[9, 17, 19, 20, 28]
[2, 12, 18, 26, 27]
[3, 4, 23, 39]
[5, 6, 10, 38]
[7, 8, 13, 34, 37]
[1, 11, 21, 29]
[14, 15, 16, 25, 31, 33]
[0, 22, 24, 30, 32, 35, 36]
canvasWidth:100,
canvasHeight:100,
data:[{x:0,y:0,l:92,w:7},{x:7,y:0,l:81,w:34},{x:41,y:0,l:82,w:20},{x:61,y:0,l:90,w:18},{x:79,y:0,l:75,w:21},],
canvasWidth:100,
canvasHeight:100,
data:[{x:0,y:0,l:81,w:45},{x:65,y:0,l:98,w:23},{x:45,y:0,l:81,w:20},{x:0,y:81,l:19,w:44},{x:88,y:0,l:80,w:10},],
canvasWidth:100,
canvasHeight:100,
data:[{x:0,y:0,l:79,w:44},{x:44,y:0,l:83,w:41},{x:85,y:0,l:96,w:15},{x:20,y:79,l:4,w:24},],
canvasWidth:100,
canvasHeight:100,
data:[{x:0,y:0,l:94,w:35},{x:35,y:0,l:85,w:37},{x:72,y:0,l:98,w:28},{x:26,y:98,l:2,w:74},],
canvasWidth:100,
canvasHeight:100,
data:[{x:0,y:0,l:73,w:42},{x:42,y:0,l:98,w:29},{x:71,y:0,l:74,w:29},{x:0,y:73,l:14,w:30},{x:71,y:74,l:10,w:15},],
canvasWidth:100,
canvasHeight:100,
data:[{x:0,y:0,l:97,w:43},{x:61,y:0,l:84,w:30},{x:43,y:0,l:87,w:18},{x:91,y:0,l:80,w:8},],
canvasWidth:100,
canvasHeight:100,
data:[{x:0,y:0,l:89,w:24},{x:24,y:0,l:96,w:21},{x:45,y:0,l:48,w:41},{x:45,y:48,l:41,w:24},{x:94,y:0,l:84,w:6},{x:69,y:48,l:38,w:12},],
canvasWidth:100,
canvasHeight:100,
data:[{x:0,y:0,l:71,w:22},{x:22,y:0,l:83,w:17},{x:39,y:0,l:87,w:49},{x:88,y:0,l:91,w:6},{x:94,y:0,l:76,w:6},{x:0,y:71,l:28,w:14},{x:14,y:91,l:2,w:76},],
Best fit used bin number: 8
Found best solution: 8 0.047

   Statrt add columnAndCut col: 8 cons: 0 cut: 0	0.125

	1 Start Add column using column generation  col: 8 cons: 0 cut: 0	0.125
			Start solve  LP :0.125
			End solve LP obj: 8.0 t: 0
	1 End Add column using column generation : 8.0 col: 8 cons: 0 cut: 0	0.125
   End add columnAndCut : 8.0 colGencnt: 1 price: 0 col: 8 cons: 0 cut: 0	0.125

Node lb: 8.0 ub: 8 : 0.125

Final Found Solution: 8 genNode: 1 extendedNode: 0:0.125
Bin size: 10000
1 : 2754,1640,1620,1575,644, : 8233
2 : 3645,2254,1620,836,800, : 9155
3 : 3476,3403,1440,96, : 8415
4 : 3290,3145,2744,148, : 9327
5 : 3066,2842,2146,420,150, : 8624
6 : 4171,2520,1566,640, : 8897
7 : 2136,2016,1968,984,504,456, : 8064
8 : 4263,1562,1411,546,456,392,152, : 8782
----------------------- 1 ---------------------------
canvasWidth:100,
canvasHeight:100,
data:[{x:0,y:0,l:92,w:7},{x:7,y:0,l:81,w:34},{x:41,y:0,l:82,w:20},{x:61,y:0,l:90,w:18},{x:79,y:0,l:75,w:21},],
----------------------- 2 ---------------------------
canvasWidth:100,
canvasHeight:100,
data:[{x:0,y:0,l:81,w:45},{x:65,y:0,l:98,w:23},{x:45,y:0,l:81,w:20},{x:0,y:81,l:19,w:44},{x:88,y:0,l:80,w:10},],
----------------------- 3 ---------------------------
canvasWidth:100,
canvasHeight:100,
data:[{x:0,y:0,l:79,w:44},{x:44,y:0,l:83,w:41},{x:85,y:0,l:96,w:15},{x:20,y:79,l:4,w:24},],
----------------------- 4 ---------------------------
canvasWidth:100,
canvasHeight:100,
data:[{x:0,y:0,l:94,w:35},{x:35,y:0,l:85,w:37},{x:72,y:0,l:98,w:28},{x:26,y:98,l:2,w:74},],
----------------------- 5 ---------------------------
canvasWidth:100,
canvasHeight:100,
data:[{x:0,y:0,l:73,w:42},{x:42,y:0,l:98,w:29},{x:71,y:0,l:74,w:29},{x:0,y:73,l:14,w:30},{x:71,y:74,l:10,w:15},],
----------------------- 6 ---------------------------
canvasWidth:100,
canvasHeight:100,
data:[{x:0,y:0,l:97,w:43},{x:61,y:0,l:84,w:30},{x:43,y:0,l:87,w:18},{x:91,y:0,l:80,w:8},],
----------------------- 7 ---------------------------
canvasWidth:100,
canvasHeight:100,
data:[{x:0,y:0,l:89,w:24},{x:24,y:0,l:96,w:21},{x:45,y:0,l:48,w:41},{x:45,y:48,l:41,w:24},{x:94,y:0,l:84,w:6},{x:69,y:48,l:38,w:12},],
----------------------- 8 ---------------------------
canvasWidth:100,
canvasHeight:100,
data:[{x:0,y:0,l:71,w:22},{x:22,y:0,l:83,w:17},{x:39,y:0,l:87,w:49},{x:88,y:0,l:91,w:6},{x:94,y:0,l:76,w:6},{x:0,y:71,l:28,w:14},{x:14,y:91,l:2,w:76},],
