====================================== Class_10.2bp-19 =====================================
Reduced size: 40 usedBin: 0
[0, 28, 29, 30, 38, 39]
[1, 21, 34]
[2, 16, 22, 24, 31]
[3, 10, 26, 33]
[5, 18, 23, 36]
[6, 17, 25, 32, 35]
[7, 11, 14, 27]
[4, 13, 15, 20, 37]
[8, 9, 12, 19]
canvasWidth:100,
canvasHeight:100,
data:[{x:0,y:0,l:90,w:86},{x:89,y:42,l:46,w:8},{x:89,y:4,l:38,w:9},{x:86,y:0,l:90,w:3},{x:89,y:0,l:4,w:11},{x:0,y:90,l:10,w:1},],
canvasWidth:100,
canvasHeight:100,
data:[{x:0,y:0,l:88,w:76},{x:76,y:0,l:38,w:20},{x:76,y:38,l:27,w:8},],
canvasWidth:100,
canvasHeight:100,
data:[{x:0,y:0,l:91,w:70},{x:74,y:55,l:38,w:26},{x:70,y:28,l:27,w:27},{x:70,y:0,l:8,w:30},{x:70,y:8,l:20,w:28},],
canvasWidth:100,
canvasHeight:100,
data:[{x:0,y:0,l:87,w:57},{x:57,y:0,l:78,w:37},{x:0,y:87,l:13,w:41},{x:94,y:0,l:45,w:5},],
canvasWidth:100,
canvasHeight:100,
data:[{x:0,y:0,l:72,w:64},{x:64,y:23,l:29,w:32},{x:64,y:0,l:17,w:36},{x:64,y:17,l:6,w:33},],
canvasWidth:100,
canvasHeight:100,
data:[{x:0,y:0,l:69,w:66},{x:66,y:13,l:30,w:32},{x:0,y:69,l:31,w:18},{x:66,y:0,l:7,w:34},{x:66,y:7,l:6,w:34},],
canvasWidth:100,
canvasHeight:100,
data:[{x:0,y:0,l:63,w:54},{x:54,y:0,l:90,w:27},{x:81,y:0,l:78,w:16},{x:0,y:63,l:18,w:26},],
canvasWidth:100,
canvasHeight:100,
data:[{x:0,y:0,l:99,w:48},{x:48,y:1,l:34,w:45},{x:48,y:35,l:32,w:39},{x:48,y:67,l:21,w:38},{x:48,y:0,l:1,w:49},],
canvasWidth:100,
canvasHeight:100,
data:[{x:0,y:0,l:63,w:50},{x:0,y:63,l:30,w:98},{x:50,y:0,l:40,w:50},{x:50,y:40,l:17,w:49},],
Best fit used bin number: 9
Found best solution: 9 0.062

   Statrt add columnAndCut col: 9 cons: 0 cut: 0	0.125

	1 Start Add column using column generation  col: 9 cons: 0 cut: 0	0.125
			Start solve  LP :0.125
			End solve LP obj: 9.0 t: 0
	1 End Add column using column generation : 9.0 col: 9 cons: 0 cut: 0	0.125
   End add columnAndCut : 9.0 colGencnt: 1 price: 0 col: 9 cons: 0 cut: 0	0.125

Node lb: 9.0 ub: 9 : 0.125

Final Found Solution: 9 genNode: 1 extendedNode: 0:0.125
Bin size: 10000
1 : 7740,368,342,270,44,10, : 8774
2 : 6688,760,216, : 7664
3 : 6370,988,729,560,240, : 8887
4 : 4959,2886,533,225, : 8603
5 : 4608,928,612,198, : 6346
6 : 4554,960,558,238,204, : 6514
7 : 3402,2430,1248,468, : 7548
8 : 4752,1530,1248,798,49, : 8377
9 : 3150,2940,2000,833, : 8923
----------------------- 1 ---------------------------
canvasWidth:100,
canvasHeight:100,
data:[{x:0,y:0,l:90,w:86},{x:89,y:42,l:46,w:8},{x:89,y:4,l:38,w:9},{x:86,y:0,l:90,w:3},{x:89,y:0,l:4,w:11},{x:0,y:90,l:10,w:1},],
----------------------- 2 ---------------------------
canvasWidth:100,
canvasHeight:100,
data:[{x:0,y:0,l:88,w:76},{x:76,y:0,l:38,w:20},{x:76,y:38,l:27,w:8},],
----------------------- 3 ---------------------------
canvasWidth:100,
canvasHeight:100,
data:[{x:0,y:0,l:91,w:70},{x:74,y:55,l:38,w:26},{x:70,y:28,l:27,w:27},{x:70,y:0,l:8,w:30},{x:70,y:8,l:20,w:28},],
----------------------- 4 ---------------------------
canvasWidth:100,
canvasHeight:100,
data:[{x:0,y:0,l:87,w:57},{x:57,y:0,l:78,w:37},{x:0,y:87,l:13,w:41},{x:94,y:0,l:45,w:5},],
----------------------- 5 ---------------------------
canvasWidth:100,
canvasHeight:100,
data:[{x:0,y:0,l:72,w:64},{x:64,y:23,l:29,w:32},{x:64,y:0,l:17,w:36},{x:64,y:17,l:6,w:33},],
----------------------- 6 ---------------------------
canvasWidth:100,
canvasHeight:100,
data:[{x:0,y:0,l:69,w:66},{x:66,y:13,l:30,w:32},{x:0,y:69,l:31,w:18},{x:66,y:0,l:7,w:34},{x:66,y:7,l:6,w:34},],
----------------------- 7 ---------------------------
canvasWidth:100,
canvasHeight:100,
data:[{x:0,y:0,l:63,w:54},{x:54,y:0,l:90,w:27},{x:81,y:0,l:78,w:16},{x:0,y:63,l:18,w:26},],
----------------------- 8 ---------------------------
canvasWidth:100,
canvasHeight:100,
data:[{x:0,y:0,l:99,w:48},{x:48,y:1,l:34,w:45},{x:48,y:35,l:32,w:39},{x:48,y:67,l:21,w:38},{x:48,y:0,l:1,w:49},],
----------------------- 9 ---------------------------
canvasWidth:100,
canvasHeight:100,
data:[{x:0,y:0,l:63,w:50},{x:0,y:63,l:30,w:98},{x:50,y:0,l:40,w:50},{x:50,y:40,l:17,w:49},],
