====================================== Class_01.2bp-5 =====================================
Reduced size: 20 usedBin: 0
[0]
[1, 11]
[2, 10]
[4, 12]
[6, 13]
[8, 15]
[3, 14, 17, 18]
[5, 9]
[7, 16, 19]
canvasWidth:10,
canvasHeight:10,
data:[{x:0,y:0,l:10,w:10},],
canvasWidth:10,
canvasHeight:10,
data:[{x:0,y:0,l:7,w:9},{x:0,y:7,l:3,w:10},],
canvasWidth:10,
canvasHeight:10,
data:[{x:0,y:0,l:7,w:9},{x:0,y:7,l:3,w:10},],
canvasWidth:10,
canvasHeight:10,
data:[{x:0,y:0,l:6,w:9},{x:0,y:6,l:3,w:9},],
canvasWidth:10,
canvasHeight:10,
data:[{x:0,y:0,l:6,w:8},{x:0,y:6,l:3,w:7},],
canvasWidth:10,
canvasHeight:10,
data:[{x:0,y:0,l:6,w:7},{x:0,y:8,l:2,w:8},],
canvasWidth:10,
canvasHeight:10,
data:[{x:0,y:8,l:2,w:7},{x:8,y:2,l:8,w:2},{x:0,y:0,l:8,w:7},{x:7,y:0,l:10,w:1},],
canvasWidth:10,
canvasHeight:10,
data:[{x:0,y:5,l:5,w:10},{x:0,y:0,l:5,w:6},],
canvasWidth:10,
canvasHeight:10,
data:[{x:0,y:0,l:9,w:5},{x:5,y:0,l:3,w:5},{x:0,y:9,l:1,w:6},],
Best fit used bin number: 9
Found best solution: 9 0.047

   Statrt add columnAndCut col: 9 cons: 0 cut: 0	0.11

	1 Start Add column using column generation  col: 9 cons: 0 cut: 0	0.11
			Start solve  LP :0.11
			End solve LP obj: 9.0 t: 0
	1 End Add column using column generation : 9.0 col: 9 cons: 0 cut: 0	0.11
   End add columnAndCut : 9.0 colGencnt: 1 price: 0 col: 9 cons: 0 cut: 0	0.11

Node lb: 9.0 ub: 9 : 0.11

Final Found Solution: 9 genNode: 1 extendedNode: 0:0.11
Bin size: 100
1 : 100, : 100
2 : 63,30, : 93
3 : 63,30, : 93
4 : 54,27, : 81
5 : 48,21, : 69
6 : 42,16, : 58
7 : 56,16,14,10, : 96
8 : 50,30, : 80
9 : 45,15,6, : 66
----------------------- 1 ---------------------------
canvasWidth:10,
canvasHeight:10,
data:[{x:0,y:0,l:10,w:10},],
----------------------- 2 ---------------------------
canvasWidth:10,
canvasHeight:10,
data:[{x:0,y:0,l:7,w:9},{x:0,y:7,l:3,w:10},],
----------------------- 3 ---------------------------
canvasWidth:10,
canvasHeight:10,
data:[{x:0,y:0,l:7,w:9},{x:0,y:7,l:3,w:10},],
----------------------- 4 ---------------------------
canvasWidth:10,
canvasHeight:10,
data:[{x:0,y:0,l:6,w:9},{x:0,y:6,l:3,w:9},],
----------------------- 5 ---------------------------
canvasWidth:10,
canvasHeight:10,
data:[{x:0,y:0,l:6,w:8},{x:0,y:6,l:3,w:7},],
----------------------- 6 ---------------------------
canvasWidth:10,
canvasHeight:10,
data:[{x:0,y:0,l:6,w:7},{x:0,y:8,l:2,w:8},],
----------------------- 7 ---------------------------
canvasWidth:10,
canvasHeight:10,
data:[{x:0,y:8,l:2,w:7},{x:8,y:2,l:8,w:2},{x:0,y:0,l:8,w:7},{x:7,y:0,l:10,w:1},],
----------------------- 8 ---------------------------
canvasWidth:10,
canvasHeight:10,
data:[{x:0,y:5,l:5,w:10},{x:0,y:0,l:5,w:6},],
----------------------- 9 ---------------------------
canvasWidth:10,
canvasHeight:10,
data:[{x:0,y:0,l:9,w:5},{x:5,y:0,l:3,w:5},{x:0,y:9,l:1,w:6},],
