====================================== Class_04.2bp-34 =====================================
Reduced size: 80 usedBin: 0
[0, 1, 2, 9, 12, 14, 20, 26, 29, 33, 36, 41, 43, 44, 46, 48, 49, 50, 53, 58, 59, 61, 63, 64, 65, 66, 67, 70, 72, 74, 75, 76, 77]
[3, 4, 5, 6, 7, 8, 11, 16, 18, 19, 24, 27, 31, 32, 37, 42, 47, 51, 56, 69, 71, 79]
[10, 13, 15, 17, 21, 22, 23, 25, 28, 30, 34, 35, 38, 39, 40, 45, 52, 54, 55, 57, 60, 62, 68, 73, 78]
canvasWidth:100,
canvasHeight:100,
data:[{x:0,y:0,l:35,w:28},{x:48,y:0,l:30,w:29},{x:35,y:68,l:27,w:31},{x:48,y:30,l:22,w:29},{x:77,y:0,l:18,w:17},{x:28,y:0,l:35,w:16},{x:0,y:71,l:29,w:19},{x:21,y:35,l:17,w:27},{x:77,y:18,l:28,w:14},{x:0,y:35,l:18,w:21},{x:21,y:52,l:13,w:27},{x:66,y:68,l:27,w:10},{x:0,y:53,l:12,w:21},{x:48,y:52,l:13,w:18},{x:76,y:68,l:8,w:24},{x:0,y:65,l:6,w:30},{x:66,y:52,l:16,w:11},{x:30,y:68,l:32,w:5},{x:44,y:0,l:35,w:4},{x:35,y:95,l:5,w:24},{x:77,y:46,l:8,w:14},{x:77,y:55,l:13,w:7},{x:22,y:77,l:11,w:8},{x:22,y:88,l:12,w:7},{x:41,y:65,l:3,w:25},{x:19,y:77,l:23,w:3},{x:19,y:71,l:6,w:11},{x:63,y:95,l:1,w:34},{x:30,y:65,l:3,w:11},{x:63,y:96,l:1,w:27},{x:59,y:95,l:5,w:4},{x:94,y:0,l:8,w:2},{x:77,y:54,l:1,w:14},],
canvasWidth:100,
canvasHeight:100,
data:[{x:0,y:0,l:24,w:32},{x:59,y:0,l:28,w:26},{x:78,y:34,l:33,w:22},{x:0,y:29,l:21,w:33},{x:78,y:67,l:31,w:22},{x:0,y:50,l:25,w:27},{x:0,y:75,l:19,w:31},{x:27,y:50,l:25,w:20},{x:59,y:28,l:25,w:19},{x:33,y:29,l:21,w:22},{x:32,y:0,l:29,w:14},{x:85,y:0,l:28,w:14},{x:46,y:0,l:29,w:13},{x:66,y:67,l:31,w:12},{x:31,y:75,l:19,w:16},{x:59,y:53,l:14,w:19},{x:59,y:67,l:26,w:7},{x:0,y:24,l:5,w:32},{x:78,y:28,l:6,w:21},{x:55,y:29,l:11,w:4},{x:99,y:0,l:34,w:1},{x:98,y:98,l:2,w:2},],
canvasWidth:100,
canvasHeight:100,
data:[{x:0,y:0,l:18,w:31},{x:31,y:0,l:16,w:34},{x:0,y:18,l:27,w:18},{x:65,y:12,l:20,w:22},{x:65,y:0,l:12,w:35},{x:31,y:16,l:12,w:34},{x:18,y:28,l:15,w:27},{x:45,y:28,l:19,w:20},{x:0,y:45,l:27,w:14},{x:45,y:47,l:14,w:25},{x:75,y:32,l:26,w:12},{x:18,y:43,l:23,w:27},{x:87,y:12,l:23,w:13},{x:87,y:35,l:22,w:13},{x:87,y:57,l:22,w:13},{x:9,y:72,l:8,w:28},{x:65,y:32,l:15,w:10},{x:0,y:72,l:15,w:9},{x:18,y:18,l:10,w:13},{x:45,y:61,l:5,w:24},{x:0,y:87,l:12,w:9},{x:77,y:58,l:9,w:10},{x:75,y:58,l:26,w:2},{x:77,y:67,l:3,w:9},{x:0,y:99,l:1,w:9},],
Best fit used bin number: 3
Found best solution: 3 0.062

   Statrt add columnAndCut col: 3 cons: 0 cut: 0	0.125

	1 Start Add column using column generation  col: 3 cons: 0 cut: 0	0.125
			Start solve  LP :0.125
			End solve LP obj: 3.0 t: 0
	1 End Add column using column generation : 3.0 col: 3 cons: 0 cut: 0	0.125
   End add columnAndCut : 3.0 colGencnt: 1 price: 0 col: 3 cons: 0 cut: 0	0.125

Node lb: 3.0 ub: 3 : 0.125

Final Found Solution: 3 genNode: 1 extendedNode: 0:0.125
Bin size: 10000
1 : 980,870,837,638,560,551,459,392,378,351,306,270,252,234,192,180,176,160,140,120,112,91,88,84,75,69,66,34,33,27,20,16,14, : 8775
2 : 768,728,726,693,682,675,589,500,475,462,406,392,377,372,304,266,182,160,126,44,34,4, : 8965
3 : 621,558,544,486,440,420,408,405,380,378,350,312,299,286,286,224,150,135,130,120,108,90,52,27,9, : 7218
----------------------- 1 ---------------------------
canvasWidth:100,
canvasHeight:100,
data:[{x:0,y:0,l:35,w:28},{x:48,y:0,l:30,w:29},{x:35,y:68,l:27,w:31},{x:48,y:30,l:22,w:29},{x:77,y:0,l:18,w:17},{x:28,y:0,l:35,w:16},{x:0,y:71,l:29,w:19},{x:21,y:35,l:17,w:27},{x:77,y:18,l:28,w:14},{x:0,y:35,l:18,w:21},{x:21,y:52,l:13,w:27},{x:66,y:68,l:27,w:10},{x:0,y:53,l:12,w:21},{x:48,y:52,l:13,w:18},{x:76,y:68,l:8,w:24},{x:0,y:65,l:6,w:30},{x:66,y:52,l:16,w:11},{x:30,y:68,l:32,w:5},{x:44,y:0,l:35,w:4},{x:35,y:95,l:5,w:24},{x:77,y:46,l:8,w:14},{x:77,y:55,l:13,w:7},{x:22,y:77,l:11,w:8},{x:22,y:88,l:12,w:7},{x:41,y:65,l:3,w:25},{x:19,y:77,l:23,w:3},{x:19,y:71,l:6,w:11},{x:63,y:95,l:1,w:34},{x:30,y:65,l:3,w:11},{x:63,y:96,l:1,w:27},{x:59,y:95,l:5,w:4},{x:94,y:0,l:8,w:2},{x:77,y:54,l:1,w:14},],
----------------------- 2 ---------------------------
canvasWidth:100,
canvasHeight:100,
data:[{x:0,y:0,l:24,w:32},{x:59,y:0,l:28,w:26},{x:78,y:34,l:33,w:22},{x:0,y:29,l:21,w:33},{x:78,y:67,l:31,w:22},{x:0,y:50,l:25,w:27},{x:0,y:75,l:19,w:31},{x:27,y:50,l:25,w:20},{x:59,y:28,l:25,w:19},{x:33,y:29,l:21,w:22},{x:32,y:0,l:29,w:14},{x:85,y:0,l:28,w:14},{x:46,y:0,l:29,w:13},{x:66,y:67,l:31,w:12},{x:31,y:75,l:19,w:16},{x:59,y:53,l:14,w:19},{x:59,y:67,l:26,w:7},{x:0,y:24,l:5,w:32},{x:78,y:28,l:6,w:21},{x:55,y:29,l:11,w:4},{x:99,y:0,l:34,w:1},{x:98,y:98,l:2,w:2},],
----------------------- 3 ---------------------------
canvasWidth:100,
canvasHeight:100,
data:[{x:0,y:0,l:18,w:31},{x:31,y:0,l:16,w:34},{x:0,y:18,l:27,w:18},{x:65,y:12,l:20,w:22},{x:65,y:0,l:12,w:35},{x:31,y:16,l:12,w:34},{x:18,y:28,l:15,w:27},{x:45,y:28,l:19,w:20},{x:0,y:45,l:27,w:14},{x:45,y:47,l:14,w:25},{x:75,y:32,l:26,w:12},{x:18,y:43,l:23,w:27},{x:87,y:12,l:23,w:13},{x:87,y:35,l:22,w:13},{x:87,y:57,l:22,w:13},{x:9,y:72,l:8,w:28},{x:65,y:32,l:15,w:10},{x:0,y:72,l:15,w:9},{x:18,y:18,l:10,w:13},{x:45,y:61,l:5,w:24},{x:0,y:87,l:12,w:9},{x:77,y:58,l:9,w:10},{x:75,y:58,l:26,w:2},{x:77,y:67,l:3,w:9},{x:0,y:99,l:1,w:9},],
