====================================== Class_07.2bp-20 =====================================
Reduced size: 60 usedBin: 0
E:\WSKH\2DBPP\NonGuillotine\initSolution\7_21.pack
[6, 15, 53]
[2, 34, 52]
[0, 48, 57, 58, 59]
[3, 30, 41, 54]
[4, 31, 44]
[1, 36]
[11, 21, 25]
[14, 24, 38, 46]
[5, 7, 56]
[10, 39, 51]
[13, 37, 45, 49]
[12, 19, 27]
[22, 26, 29, 43]
[18, 23, 28, 47, 50]
[16, 32, 33, 35, 55]
[9, 17, 42]
[8, 20, 40]
canvasWidth:100,
canvasHeight:100,
data:[{x:0,y:0,l:80,w:56},{x:56,y:0,l:73,w:44},{x:56,y:73,l:25,w:26},],
canvasWidth:100,
canvasHeight:100,
data:[{x:73,y:0,l:88,w:19},{x:0,y:0,l:88,w:73},{x:92,y:0,l:100,w:8},],
canvasWidth:100,
canvasHeight:100,
data:[{x:93,y:0,l:85,w:5},{x:0,y:0,l:86,w:93},{x:0,y:88,l:11,w:98},{x:0,y:86,l:2,w:78},{x:99,y:0,l:94,w:1},],
canvasWidth:100,
canvasHeight:100,
data:[{x:0,y:60,l:40,w:48},{x:0,y:0,l:60,w:90},{x:90,y:0,l:74,w:8},{x:48,y:60,l:36,w:42},],
canvasWidth:100,
canvasHeight:100,
data:[{x:80,y:0,l:92,w:20},{x:0,y:0,l:57,w:80},{x:0,y:57,l:20,w:70},],
canvasWidth:100,
canvasHeight:100,
data:[{x:77,y:0,l:72,w:23},{x:0,y:0,l:88,w:77},],
canvasWidth:100,
canvasHeight:100,
data:[{x:0,y:0,l:98,w:24},{x:24,y:0,l:98,w:39},{x:63,y:0,l:79,w:37},],
canvasWidth:100,
canvasHeight:100,
data:[{x:0,y:0,l:66,w:17},{x:17,y:19,l:66,w:49},{x:17,y:0,l:19,w:83},{x:66,y:19,l:75,w:34},],
canvasWidth:100,
canvasHeight:100,
data:[{x:0,y:0,l:96,w:46},{x:46,y:0,l:96,w:47},{x:93,y:0,l:71,w:6},],
canvasWidth:100,
canvasHeight:100,
data:[{x:0,y:0,l:44,w:87},{x:3,y:74,l:16,w:97},{x:89,y:0,l:74,w:11},],
canvasWidth:100,
canvasHeight:100,
data:[{x:0,y:0,l:77,w:18},{x:18,y:0,l:70,w:49},{x:67,y:0,l:84,w:19},{x:86,y:0,l:76,w:14},],
canvasWidth:100,
canvasHeight:100,
data:[{x:0,y:0,l:97,w:39},{x:39,y:0,l:93,w:32},{x:71,y:0,l:76,w:29},],
canvasWidth:100,
canvasHeight:100,
data:[{x:0,y:0,l:85,w:32},{x:49,y:0,l:78,w:30},{x:79,y:0,l:94,w:21},{x:32,y:0,l:85,w:17},],
canvasWidth:100,
canvasHeight:100,
data:[{x:0,y:0,l:69,w:37},{x:37,y:0,l:68,w:32},{x:0,y:69,l:31,w:97},{x:85,y:0,l:67,w:15},{x:69,y:0,l:68,w:16},],
canvasWidth:100,
canvasHeight:100,
data:[{x:82,y:0,l:99,w:18},{x:0,y:0,l:90,w:20},{x:20,y:0,l:79,w:40},{x:60,y:0,l:87,w:5},{x:65,y:0,l:98,w:17},],
canvasWidth:100,
canvasHeight:100,
data:[{x:0,y:0,l:86,w:36},{x:36,y:0,l:66,w:22},{x:58,y:0,l:98,w:42},],
canvasWidth:100,
canvasHeight:100,
data:[{x:0,y:0,l:79,w:37},{x:57,y:0,l:99,w:43},{x:37,y:0,l:76,w:20},],
Best fit used bin number: 17
Found best solution: 17 0.078

   Statrt add columnAndCut col: 17 cons: 0 cut: 0	0.156

	1 Start Add column using column generation  col: 17 cons: 0 cut: 0	0.156
			Start solve  LP :0.156
			End solve LP obj: 17.0 t: 0
	1 End Add column using column generation : 17.0 col: 17 cons: 0 cut: 0	0.156
   End add columnAndCut : 17.0 colGencnt: 1 price: 0 col: 17 cons: 0 cut: 0	0.156

Node lb: 17.0 ub: 17 : 0.156

Final Found Solution: 17 genNode: 1 extendedNode: 0:0.156
Bin size: 10000
1 : 4480,3212,650, : 8342
2 : 6424,1672,800, : 8896
3 : 7998,1078,425,156,94, : 9751
4 : 5400,1920,1512,592, : 9424
5 : 4560,1840,1400, : 7800
6 : 6776,1656, : 8432
7 : 3822,2923,2352, : 9097
8 : 3234,2550,1577,1122, : 8483
9 : 4512,4416,426, : 9354
10 : 3828,1552,814, : 6194
11 : 3430,1596,1386,1064, : 7476
12 : 3783,2976,2204, : 8963
13 : 2720,2340,1974,1445, : 8479
14 : 3007,2553,2176,1088,1005, : 9829
15 : 3160,1800,1782,1666,435, : 8843
16 : 4116,3096,1452, : 8664
17 : 4257,2923,1520, : 8700
----------------------- 1 ---------------------------
canvasWidth:100,
canvasHeight:100,
data:[{x:0,y:0,l:80,w:56},{x:56,y:0,l:73,w:44},{x:56,y:73,l:25,w:26},],
----------------------- 2 ---------------------------
canvasWidth:100,
canvasHeight:100,
data:[{x:73,y:0,l:88,w:19},{x:0,y:0,l:88,w:73},{x:92,y:0,l:100,w:8},],
----------------------- 3 ---------------------------
canvasWidth:100,
canvasHeight:100,
data:[{x:93,y:0,l:85,w:5},{x:0,y:0,l:86,w:93},{x:0,y:88,l:11,w:98},{x:0,y:86,l:2,w:78},{x:99,y:0,l:94,w:1},],
----------------------- 4 ---------------------------
canvasWidth:100,
canvasHeight:100,
data:[{x:0,y:60,l:40,w:48},{x:0,y:0,l:60,w:90},{x:90,y:0,l:74,w:8},{x:48,y:60,l:36,w:42},],
----------------------- 5 ---------------------------
canvasWidth:100,
canvasHeight:100,
data:[{x:80,y:0,l:92,w:20},{x:0,y:0,l:57,w:80},{x:0,y:57,l:20,w:70},],
----------------------- 6 ---------------------------
canvasWidth:100,
canvasHeight:100,
data:[{x:77,y:0,l:72,w:23},{x:0,y:0,l:88,w:77},],
----------------------- 7 ---------------------------
canvasWidth:100,
canvasHeight:100,
data:[{x:0,y:0,l:98,w:24},{x:24,y:0,l:98,w:39},{x:63,y:0,l:79,w:37},],
----------------------- 8 ---------------------------
canvasWidth:100,
canvasHeight:100,
data:[{x:0,y:0,l:66,w:17},{x:17,y:19,l:66,w:49},{x:17,y:0,l:19,w:83},{x:66,y:19,l:75,w:34},],
----------------------- 9 ---------------------------
canvasWidth:100,
canvasHeight:100,
data:[{x:0,y:0,l:96,w:46},{x:46,y:0,l:96,w:47},{x:93,y:0,l:71,w:6},],
----------------------- 10 ---------------------------
canvasWidth:100,
canvasHeight:100,
data:[{x:0,y:0,l:44,w:87},{x:3,y:74,l:16,w:97},{x:89,y:0,l:74,w:11},],
----------------------- 11 ---------------------------
canvasWidth:100,
canvasHeight:100,
data:[{x:0,y:0,l:77,w:18},{x:18,y:0,l:70,w:49},{x:67,y:0,l:84,w:19},{x:86,y:0,l:76,w:14},],
----------------------- 12 ---------------------------
canvasWidth:100,
canvasHeight:100,
data:[{x:0,y:0,l:97,w:39},{x:39,y:0,l:93,w:32},{x:71,y:0,l:76,w:29},],
----------------------- 13 ---------------------------
canvasWidth:100,
canvasHeight:100,
data:[{x:0,y:0,l:85,w:32},{x:49,y:0,l:78,w:30},{x:79,y:0,l:94,w:21},{x:32,y:0,l:85,w:17},],
----------------------- 14 ---------------------------
canvasWidth:100,
canvasHeight:100,
data:[{x:0,y:0,l:69,w:37},{x:37,y:0,l:68,w:32},{x:0,y:69,l:31,w:97},{x:85,y:0,l:67,w:15},{x:69,y:0,l:68,w:16},],
----------------------- 15 ---------------------------
canvasWidth:100,
canvasHeight:100,
data:[{x:82,y:0,l:99,w:18},{x:0,y:0,l:90,w:20},{x:20,y:0,l:79,w:40},{x:60,y:0,l:87,w:5},{x:65,y:0,l:98,w:17},],
----------------------- 16 ---------------------------
canvasWidth:100,
canvasHeight:100,
data:[{x:0,y:0,l:86,w:36},{x:36,y:0,l:66,w:22},{x:58,y:0,l:98,w:42},],
----------------------- 17 ---------------------------
canvasWidth:100,
canvasHeight:100,
data:[{x:0,y:0,l:79,w:37},{x:57,y:0,l:99,w:43},{x:37,y:0,l:76,w:20},],
