====================================== Class_04.2bp-18 =====================================
Reduced size: 40 usedBin: 0
E:\WSKH\2DBPP\NonGuillotine\initSolution\4_19.pack
[0, 1, 2, 3, 4, 5, 6, 7, 8, 9, 10, 11, 13, 14, 15, 16, 18, 19, 21, 22, 25, 26, 27, 28, 30, 31, 32, 33, 34, 35, 36, 37, 38, 39]
[12, 17, 20, 23, 24, 29]
canvasWidth:100,
canvasHeight:100,
data:[{x:0,y:0,l:28,w:27},{x:27,y:0,l:30,w:25},{x:16,y:30,l:24,w:25},{x:52,y:0,l:17,w:33},{x:52,y:31,l:16,w:31},{x:83,y:31,l:29,w:17},{x:85,y:0,l:31,w:15},{x:0,y:54,l:33,w:14},{x:14,y:54,l:20,w:23},{x:52,y:17,l:13,w:33},{x:0,y:28,l:26,w:16},{x:64,y:60,l:16,w:25},{x:41,y:30,l:31,w:11},{x:61,y:78,l:22,w:13},{x:64,y:47,l:13,w:19},{x:55,y:47,l:27,w:9},{x:41,y:61,l:21,w:11},{x:93,y:62,l:32,w:7},{x:14,y:74,l:26,w:8},{x:37,y:87,l:13,w:15},{x:74,y:88,l:12,w:14},{x:55,y:74,l:19,w:6},{x:27,y:74,l:14,w:10},{x:22,y:74,l:26,w:5},{x:74,y:78,l:10,w:15},{x:52,y:47,l:35,w:3},{x:37,y:82,l:5,w:18},{x:61,y:76,l:2,w:32},{x:37,y:54,l:16,w:4},{x:52,y:30,l:1,w:33},{x:27,y:90,l:4,w:8},{x:16,y:28,l:2,w:11},{x:89,y:60,l:2,w:11},{x:27,y:88,l:2,w:9},],
canvasWidth:100,
canvasHeight:100,
data:[{x:0,y:0,l:11,w:33},{x:33,y:0,l:8,w:29},{x:62,y:0,l:10,w:21},{x:33,y:8,l:9,w:21},{x:94,y:0,l:31,w:6},{x:54,y:10,l:5,w:23},],
Best fit used bin number: 2
Found best solution: 2 0.068

   Statrt add columnAndCut col: 2 cons: 0 cut: 0	0.15

	1 Start Add column using column generation  col: 2 cons: 0 cut: 0	0.15
			Start solve  LP :0.15
			End solve LP obj: 2.0 t: 2
	1 End Add column using column generation : 2.0 col: 2 cons: 0 cut: 0	0.152
   End add columnAndCut : 2.0 colGencnt: 1 price: 0 col: 2 cons: 0 cut: 0	0.152

Node lb: 2.0 ub: 2 : 0.152

Final Found Solution: 2 genNode: 1 extendedNode: 0:0.153
Bin size: 10000
1 : 756,750,600,561,496,493,465,462,460,429,416,400,341,286,247,243,231,224,208,195,168,150,140,130,114,105,90,64,64,33,32,22,22,18, : 9415
2 : 363,232,210,189,186,115, : 1295
----------------------- 1 ---------------------------
canvasWidth:100,
canvasHeight:100,
data:[{x:0,y:0,l:28,w:27},{x:27,y:0,l:30,w:25},{x:16,y:30,l:24,w:25},{x:52,y:0,l:17,w:33},{x:52,y:31,l:16,w:31},{x:83,y:31,l:29,w:17},{x:85,y:0,l:31,w:15},{x:0,y:54,l:33,w:14},{x:14,y:54,l:20,w:23},{x:52,y:17,l:13,w:33},{x:0,y:28,l:26,w:16},{x:64,y:60,l:16,w:25},{x:41,y:30,l:31,w:11},{x:61,y:78,l:22,w:13},{x:64,y:47,l:13,w:19},{x:55,y:47,l:27,w:9},{x:41,y:61,l:21,w:11},{x:93,y:62,l:32,w:7},{x:14,y:74,l:26,w:8},{x:37,y:87,l:13,w:15},{x:74,y:88,l:12,w:14},{x:55,y:74,l:19,w:6},{x:27,y:74,l:14,w:10},{x:22,y:74,l:26,w:5},{x:74,y:78,l:10,w:15},{x:52,y:47,l:35,w:3},{x:37,y:82,l:5,w:18},{x:61,y:76,l:2,w:32},{x:37,y:54,l:16,w:4},{x:52,y:30,l:1,w:33},{x:27,y:90,l:4,w:8},{x:16,y:28,l:2,w:11},{x:89,y:60,l:2,w:11},{x:27,y:88,l:2,w:9},],
----------------------- 2 ---------------------------
canvasWidth:100,
canvasHeight:100,
data:[{x:0,y:0,l:11,w:33},{x:33,y:0,l:8,w:29},{x:62,y:0,l:10,w:21},{x:33,y:8,l:9,w:21},{x:94,y:0,l:31,w:6},{x:54,y:10,l:5,w:23},],
