====================================== Class_05.2bp-44 =====================================
Reduced size: 100 usedBin: 0
[0, 61, 87, 92, 99]
[1, 56, 85]
[2, 45, 94]
[3, 68, 73, 78]
[4, 54, 82]
[5, 37]
[6, 60, 80, 81, 96]
[7, 62, 69, 88]
[8, 36, 95, 97]
[9, 47, 83, 86]
[10, 44, 66]
[11, 49, 63, 90, 98]
[13, 31, 64]
[14, 41, 70]
[15, 34, 65, 93]
[16, 27, 79]
[17, 33]
[20, 32]
[22, 28, 57]
[23, 46, 59, 71]
[24, 40, 55, 74]
[25, 42, 51, 76, 84]
[21, 30, 53]
[35, 39, 52, 75, 91]
[12, 18]
[19, 43, 67, 77, 89]
[26, 48, 50]
[29, 38, 58, 72]
canvasWidth:100,
canvasHeight:100,
data:[{x:0,y:0,l:80,w:91},{x:24,y:80,l:20,w:76},{x:0,y:80,l:17,w:23},{x:91,y:0,l:1,w:7},{x:91,y:1,l:63,w:3},],
canvasWidth:100,
canvasHeight:100,
data:[{x:0,y:0,l:78,w:88},{x:0,y:78,l:22,w:93},{x:95,y:0,l:90,w:5},],
canvasWidth:100,
canvasHeight:100,
data:[{x:0,y:0,l:91,w:74},{x:74,y:0,l:100,w:25},{x:0,y:91,l:2,w:69},],
canvasWidth:100,
canvasHeight:100,
data:[{x:0,y:0,l:85,w:78},{x:78,y:37,l:51,w:19},{x:78,y:0,l:37,w:21},{x:0,y:85,l:8,w:76},],
canvasWidth:100,
canvasHeight:100,
data:[{x:0,y:0,l:71,w:93},{x:0,y:71,l:23,w:92},{x:0,y:94,l:6,w:85},],
canvasWidth:100,
canvasHeight:100,
data:[{x:0,y:0,l:66,w:99},{x:0,y:66,l:32,w:96},],
canvasWidth:100,
canvasHeight:100,
data:[{x:0,y:0,l:80,w:81},{x:81,y:0,l:93,w:17},{x:0,y:80,l:20,w:28},{x:40,y:80,l:13,w:41},{x:98,y:0,l:61,w:1},],
canvasWidth:100,
canvasHeight:100,
data:[{x:0,y:0,l:81,w:77},{x:77,y:0,l:73,w:20},{x:52,y:81,l:19,w:48},{x:0,y:81,l:13,w:27},],
canvasWidth:100,
canvasHeight:100,
data:[{x:0,y:0,l:95,w:65},{x:65,y:0,l:92,w:34},{x:99,y:0,l:80,w:1},{x:65,y:92,l:3,w:17},],
canvasWidth:100,
canvasHeight:100,
data:[{x:0,y:0,l:85,w:70},{x:70,y:0,l:83,w:29},{x:0,y:85,l:5,w:100},{x:56,y:90,l:10,w:44},],
canvasWidth:100,
canvasHeight:100,
data:[{x:0,y:0,l:92,w:54},{x:54,y:0,l:59,w:43},{x:54,y:59,l:30,w:37},],
canvasWidth:100,
canvasHeight:100,
data:[{x:0,y:0,l:71,w:69},{x:69,y:0,l:96,w:24},{x:0,y:71,l:26,w:55},{x:55,y:71,l:24,w:14},{x:93,y:0,l:14,w:2},],
canvasWidth:100,
canvasHeight:100,
data:[{x:0,y:0,l:79,w:60},{x:62,y:0,l:93,w:38},{x:0,y:79,l:21,w:61},],
canvasWidth:100,
canvasHeight:100,
data:[{x:0,y:0,l:81,w:58},{x:58,y:0,l:84,w:32},{x:90,y:0,l:90,w:10},],
canvasWidth:100,
canvasHeight:100,
data:[{x:0,y:0,l:57,w:82},{x:0,y:57,l:42,w:79},{x:82,y:0,l:84,w:15},{x:97,y:0,l:56,w:3},],
canvasWidth:100,
canvasHeight:100,
data:[{x:0,y:0,l:64,w:73},{x:0,y:64,l:36,w:99},{x:73,y:0,l:45,w:13},],
canvasWidth:100,
canvasHeight:100,
data:[{x:0,y:0,l:77,w:60},{x:60,y:0,l:84,w:40},],
canvasWidth:100,
canvasHeight:100,
data:[{x:0,y:0,l:78,w:53},{x:53,y:0,l:79,w:44},],
canvasWidth:100,
canvasHeight:100,
data:[{x:0,y:0,l:61,w:63},{x:64,y:0,l:99,w:36},{x:0,y:61,l:31,w:64},],
canvasWidth:100,
canvasHeight:100,
data:[{x:0,y:0,l:60,w:63},{x:0,y:60,l:40,w:62},{x:72,y:29,l:69,w:28},{x:63,y:0,l:29,w:30},],
canvasWidth:100,
canvasHeight:100,
data:[{x:0,y:0,l:68,w:55},{x:55,y:0,l:65,w:44},{x:0,y:68,l:30,w:70},{x:70,y:65,l:24,w:29},],
canvasWidth:100,
canvasHeight:100,
data:[{x:0,y:0,l:58,w:63},{x:0,y:58,l:32,w:81},{x:63,y:0,l:58,w:37},{x:0,y:92,l:8,w:83},{x:83,y:71,l:29,w:16},],
canvasWidth:100,
canvasHeight:100,
data:[{x:59,y:0,l:96,w:41},{x:0,y:0,l:60,w:59},{x:0,y:60,l:36,w:59},],
canvasWidth:100,
canvasHeight:100,
data:[{x:0,y:0,l:55,w:58},{x:0,y:57,l:43,w:69},{x:58,y:0,l:56,w:38},{x:69,y:56,l:34,w:20},{x:96,y:0,l:83,w:4},],
canvasWidth:100,
canvasHeight:100,
data:[{x:0,y:0,l:99,w:48},{x:48,y:0,l:92,w:49},],
canvasWidth:100,
canvasHeight:100,
data:[{x:0,y:0,l:88,w:50},{x:50,y:0,l:7,w:50},{x:50,y:7,l:25,w:42},{x:56,y:32,l:58,w:44},{x:17,y:90,l:8,w:83},],
canvasWidth:100,
canvasHeight:100,
data:[{x:0,y:54,l:39,w:93},{x:0,y:0,l:54,w:43},{x:43,y:0,l:51,w:45},],
canvasWidth:100,
canvasHeight:100,
data:[{x:0,y:0,l:39,w:91},{x:0,y:39,l:37,w:81},{x:0,y:76,l:23,w:84},{x:84,y:39,l:55,w:15},],
Best fit used bin number: 28
Found best solution: 28 0.063

   Statrt add columnAndCut col: 28 cons: 0 cut: 0	0.141

	1 Start Add column using column generation  col: 28 cons: 0 cut: 0	0.141
			Start solve  LP :0.141
			End solve LP obj: 28.0 t: 0
	1 End Add column using column generation : 28.0 col: 28 cons: 0 cut: 0	0.141
   End add columnAndCut : 28.0 colGencnt: 1 price: 0 col: 28 cons: 0 cut: 0	0.141

Node lb: 28.0 ub: 28 : 0.141

Final Found Solution: 28 genNode: 1 extendedNode: 0:0.141
Bin size: 10000
1 : 7280,1520,391,189,7, : 9387
2 : 6864,2046,450, : 9360
3 : 6734,2500,138, : 9372
4 : 6630,969,777,608, : 8984
5 : 6603,2116,510, : 9229
6 : 6534,3072, : 9606
7 : 6480,1581,560,533,61, : 9215
8 : 6237,1460,912,351, : 8960
9 : 6175,3128,80,51, : 9434
10 : 5950,2407,500,440, : 9297
11 : 4968,2537,1110, : 8615
12 : 4899,2304,1430,336,28, : 8997
13 : 4740,3534,1281, : 9555
14 : 4698,2688,900, : 8286
15 : 4674,3318,1260,168, : 9420
16 : 4672,3564,585, : 8821
17 : 4620,3360, : 7980
18 : 4134,3476, : 7610
19 : 3843,3564,1984, : 9391
20 : 3780,2480,1932,870, : 9062
21 : 3740,2860,2100,696, : 9396
22 : 3654,2592,2146,664,464, : 9520
23 : 3936,3540,2124, : 9600
24 : 3190,2967,2128,680,332, : 9297
25 : 4752,4508, : 9260
26 : 4400,2552,1050,664,350, : 9016
27 : 3627,2322,2295, : 8244
28 : 3549,2997,1932,825, : 9303
----------------------- 1 ---------------------------
canvasWidth:100,
canvasHeight:100,
data:[{x:0,y:0,l:80,w:91},{x:24,y:80,l:20,w:76},{x:0,y:80,l:17,w:23},{x:91,y:0,l:1,w:7},{x:91,y:1,l:63,w:3},],
----------------------- 2 ---------------------------
canvasWidth:100,
canvasHeight:100,
data:[{x:0,y:0,l:78,w:88},{x:0,y:78,l:22,w:93},{x:95,y:0,l:90,w:5},],
----------------------- 3 ---------------------------
canvasWidth:100,
canvasHeight:100,
data:[{x:0,y:0,l:91,w:74},{x:74,y:0,l:100,w:25},{x:0,y:91,l:2,w:69},],
----------------------- 4 ---------------------------
canvasWidth:100,
canvasHeight:100,
data:[{x:0,y:0,l:85,w:78},{x:78,y:37,l:51,w:19},{x:78,y:0,l:37,w:21},{x:0,y:85,l:8,w:76},],
----------------------- 5 ---------------------------
canvasWidth:100,
canvasHeight:100,
data:[{x:0,y:0,l:71,w:93},{x:0,y:71,l:23,w:92},{x:0,y:94,l:6,w:85},],
----------------------- 6 ---------------------------
canvasWidth:100,
canvasHeight:100,
data:[{x:0,y:0,l:66,w:99},{x:0,y:66,l:32,w:96},],
----------------------- 7 ---------------------------
canvasWidth:100,
canvasHeight:100,
data:[{x:0,y:0,l:80,w:81},{x:81,y:0,l:93,w:17},{x:0,y:80,l:20,w:28},{x:40,y:80,l:13,w:41},{x:98,y:0,l:61,w:1},],
----------------------- 8 ---------------------------
canvasWidth:100,
canvasHeight:100,
data:[{x:0,y:0,l:81,w:77},{x:77,y:0,l:73,w:20},{x:52,y:81,l:19,w:48},{x:0,y:81,l:13,w:27},],
----------------------- 9 ---------------------------
canvasWidth:100,
canvasHeight:100,
data:[{x:0,y:0,l:95,w:65},{x:65,y:0,l:92,w:34},{x:99,y:0,l:80,w:1},{x:65,y:92,l:3,w:17},],
----------------------- 10 ---------------------------
canvasWidth:100,
canvasHeight:100,
data:[{x:0,y:0,l:85,w:70},{x:70,y:0,l:83,w:29},{x:0,y:85,l:5,w:100},{x:56,y:90,l:10,w:44},],
----------------------- 11 ---------------------------
canvasWidth:100,
canvasHeight:100,
data:[{x:0,y:0,l:92,w:54},{x:54,y:0,l:59,w:43},{x:54,y:59,l:30,w:37},],
----------------------- 12 ---------------------------
canvasWidth:100,
canvasHeight:100,
data:[{x:0,y:0,l:71,w:69},{x:69,y:0,l:96,w:24},{x:0,y:71,l:26,w:55},{x:55,y:71,l:24,w:14},{x:93,y:0,l:14,w:2},],
----------------------- 13 ---------------------------
canvasWidth:100,
canvasHeight:100,
data:[{x:0,y:0,l:79,w:60},{x:62,y:0,l:93,w:38},{x:0,y:79,l:21,w:61},],
----------------------- 14 ---------------------------
canvasWidth:100,
canvasHeight:100,
data:[{x:0,y:0,l:81,w:58},{x:58,y:0,l:84,w:32},{x:90,y:0,l:90,w:10},],
----------------------- 15 ---------------------------
canvasWidth:100,
canvasHeight:100,
data:[{x:0,y:0,l:57,w:82},{x:0,y:57,l:42,w:79},{x:82,y:0,l:84,w:15},{x:97,y:0,l:56,w:3},],
----------------------- 16 ---------------------------
canvasWidth:100,
canvasHeight:100,
data:[{x:0,y:0,l:64,w:73},{x:0,y:64,l:36,w:99},{x:73,y:0,l:45,w:13},],
----------------------- 17 ---------------------------
canvasWidth:100,
canvasHeight:100,
data:[{x:0,y:0,l:77,w:60},{x:60,y:0,l:84,w:40},],
----------------------- 18 ---------------------------
canvasWidth:100,
canvasHeight:100,
data:[{x:0,y:0,l:78,w:53},{x:53,y:0,l:79,w:44},],
----------------------- 19 ---------------------------
canvasWidth:100,
canvasHeight:100,
data:[{x:0,y:0,l:61,w:63},{x:64,y:0,l:99,w:36},{x:0,y:61,l:31,w:64},],
----------------------- 20 ---------------------------
canvasWidth:100,
canvasHeight:100,
data:[{x:0,y:0,l:60,w:63},{x:0,y:60,l:40,w:62},{x:72,y:29,l:69,w:28},{x:63,y:0,l:29,w:30},],
----------------------- 21 ---------------------------
canvasWidth:100,
canvasHeight:100,
data:[{x:0,y:0,l:68,w:55},{x:55,y:0,l:65,w:44},{x:0,y:68,l:30,w:70},{x:70,y:65,l:24,w:29},],
----------------------- 22 ---------------------------
canvasWidth:100,
canvasHeight:100,
data:[{x:0,y:0,l:58,w:63},{x:0,y:58,l:32,w:81},{x:63,y:0,l:58,w:37},{x:0,y:92,l:8,w:83},{x:83,y:71,l:29,w:16},],
----------------------- 23 ---------------------------
canvasWidth:100,
canvasHeight:100,
data:[{x:59,y:0,l:96,w:41},{x:0,y:0,l:60,w:59},{x:0,y:60,l:36,w:59},],
----------------------- 24 ---------------------------
canvasWidth:100,
canvasHeight:100,
data:[{x:0,y:0,l:55,w:58},{x:0,y:57,l:43,w:69},{x:58,y:0,l:56,w:38},{x:69,y:56,l:34,w:20},{x:96,y:0,l:83,w:4},],
----------------------- 25 ---------------------------
canvasWidth:100,
canvasHeight:100,
data:[{x:0,y:0,l:99,w:48},{x:48,y:0,l:92,w:49},],
----------------------- 26 ---------------------------
canvasWidth:100,
canvasHeight:100,
data:[{x:0,y:0,l:88,w:50},{x:50,y:0,l:7,w:50},{x:50,y:7,l:25,w:42},{x:56,y:32,l:58,w:44},{x:17,y:90,l:8,w:83},],
----------------------- 27 ---------------------------
canvasWidth:100,
canvasHeight:100,
data:[{x:0,y:54,l:39,w:93},{x:0,y:0,l:54,w:43},{x:43,y:0,l:51,w:45},],
----------------------- 28 ---------------------------
canvasWidth:100,
canvasHeight:100,
data:[{x:0,y:0,l:39,w:91},{x:0,y:39,l:37,w:81},{x:0,y:76,l:23,w:84},{x:84,y:39,l:55,w:15},],
