====================================== Class_03.2bp-43 =====================================
Reduced size: 100 usedBin: 0
[0, 51, 59, 85]
[1, 40, 71, 78]
[2, 52, 56, 60, 91]
[3, 36, 54, 76, 93]
[4, 37, 44, 82, 95]
[5, 18, 75, 77, 97]
[6, 26, 31, 84]
[7, 20, 53, 67, 96]
[8, 14, 55]
[9, 21, 69, 72, 80, 81]
[10, 29, 35, 68, 98]
[11, 15, 57, 62, 94]
[12, 33, 41, 66]
[13, 24, 43, 74]
[23, 28, 42, 65, 73, 87]
[16, 25, 46, 61, 92]
[17, 30, 50, 58, 63]
[19, 22, 39, 64, 79, 90]
[32, 38, 45, 49, 70, 99]
[27, 34, 47, 48, 83, 86, 88, 89]
canvasWidth:40,
canvasHeight:40,
data:[{x:0,y:0,l:34,w:32},{x:32,y:0,l:30,w:8},{x:0,y:34,l:6,w:30},{x:30,y:34,l:6,w:9},],
canvasWidth:40,
canvasHeight:40,
data:[{x:0,y:0,l:35,w:28},{x:28,y:0,l:26,w:12},{x:0,y:35,l:5,w:24},{x:28,y:26,l:12,w:7},],
canvasWidth:40,
canvasHeight:40,
data:[{x:0,y:0,l:30,w:29},{x:0,y:30,l:10,w:24},{x:29,y:0,l:20,w:10},{x:29,y:20,l:16,w:11},{x:24,y:36,l:3,w:11},],
canvasWidth:40,
canvasHeight:40,
data:[{x:0,y:0,l:31,w:28},{x:28,y:0,l:31,w:12},{x:10,y:31,l:8,w:28},{x:0,y:31,l:9,w:10},{x:10,y:39,l:1,w:27},],
canvasWidth:40,
canvasHeight:40,
data:[{x:0,y:0,l:27,w:31},{x:0,y:27,l:13,w:27},{x:31,y:0,l:32,w:9},{x:29,y:32,l:6,w:11},{x:27,y:27,l:8,w:2},],
canvasWidth:40,
canvasHeight:40,
data:[{x:0,y:0,l:24,w:32},{x:6,y:24,l:16,w:34},{x:32,y:11,l:13,w:7},{x:32,y:0,l:11,w:8},{x:39,y:11,l:13,w:1},],
canvasWidth:40,
canvasHeight:40,
data:[{x:0,y:0,l:28,w:26},{x:5,y:28,l:12,w:35},{x:26,y:0,l:28,w:14},{x:0,y:28,l:11,w:5},],
canvasWidth:40,
canvasHeight:40,
data:[{x:0,y:0,l:33,w:22},{x:22,y:0,l:27,w:18},{x:22,y:27,l:13,w:18},{x:0,y:33,l:6,w:22},{x:8,y:39,l:1,w:14},],
canvasWidth:40,
canvasHeight:40,
data:[{x:0,y:0,l:21,w:33},{x:0,y:21,l:19,w:31},{x:33,y:0,l:31,w:7},],
canvasWidth:40,
canvasHeight:40,
data:[{x:0,y:0,l:31,w:22},{x:22,y:0,l:32,w:15},{x:0,y:31,l:6,w:21},{x:25,y:32,l:8,w:15},{x:0,y:37,l:3,w:25},{x:37,y:0,l:23,w:3},],
canvasWidth:40,
canvasHeight:40,
data:[{x:0,y:0,l:25,w:27},{x:0,y:25,l:15,w:27},{x:27,y:0,l:29,w:13},{x:27,y:29,l:10,w:13},{x:27,y:39,l:1,w:9},],
canvasWidth:40,
canvasHeight:40,
data:[{x:0,y:0,l:27,w:24},{x:24,y:0,l:35,w:16},{x:0,y:27,l:8,w:24},{x:8,y:35,l:5,w:32},{x:4,y:35,l:5,w:4},],
canvasWidth:40,
canvasHeight:40,
data:[{x:0,y:0,l:22,w:29},{x:0,y:22,l:18,w:21},{x:21,y:22,l:18,w:17},{x:29,y:7,l:15,w:9},],
canvasWidth:40,
canvasHeight:40,
data:[{x:0,y:0,l:23,w:27},{x:0,y:23,l:17,w:27},{x:27,y:17,l:23,w:13},{x:27,y:0,l:12,w:9},],
canvasWidth:40,
canvasHeight:40,
data:[{x:0,y:0,l:21,w:22},{x:22,y:0,l:29,w:14},{x:0,y:21,l:19,w:16},{x:36,y:0,l:35,w:4},{x:16,y:29,l:8,w:14},{x:16,y:37,l:2,w:23},],
canvasWidth:40,
canvasHeight:40,
data:[{x:0,y:0,l:18,w:31},{x:0,y:18,l:20,w:22},{x:22,y:18,l:22,w:13},{x:35,y:8,l:32,w:5},{x:31,y:5,l:3,w:9},],
canvasWidth:40,
canvasHeight:40,
data:[{x:0,y:0,l:29,w:19},{x:26,y:12,l:28,w:14},{x:19,y:0,l:12,w:21},{x:19,y:12,l:26,w:7},{x:0,y:29,l:8,w:19},],
canvasWidth:40,
canvasHeight:40,
data:[{x:0,y:0,l:25,w:20},{x:20,y:4,l:25,w:19},{x:10,y:29,l:11,w:29},{x:0,y:25,l:15,w:10},{x:20,y:0,l:4,w:20},{x:39,y:4,l:34,w:1},],
canvasWidth:40,
canvasHeight:40,
data:[{x:0,y:0,l:19,w:20},{x:0,y:19,l:14,w:25},{x:25,y:14,l:22,w:13},{x:20,y:0,l:14,w:19},{x:0,y:33,l:5,w:24},{x:0,y:38,l:2,w:2},],
canvasWidth:40,
canvasHeight:40,
data:[{x:0,y:0,l:12,w:34},{x:0,y:12,l:27,w:14},{x:14,y:12,l:27,w:10},{x:24,y:12,l:27,w:10},{x:0,y:39,l:1,w:34},{x:34,y:0,l:26,w:2},{x:36,y:0,l:11,w:4},{x:37,y:11,l:19,w:3},],
Best fit used bin number: 20
Found best solution: 20 0.062

   Statrt add columnAndCut col: 20 cons: 0 cut: 0	0.156

	1 Start Add column using column generation  col: 20 cons: 0 cut: 0	0.156
			Start solve  LP :0.156
			End solve LP obj: 20.0 t: 0
	1 End Add column using column generation : 20.0 col: 20 cons: 0 cut: 0	0.156
   End add columnAndCut : 20.0 colGencnt: 1 price: 0 col: 20 cons: 0 cut: 0	0.156

Node lb: 20.0 ub: 20 : 0.156

Final Found Solution: 20 genNode: 1 extendedNode: 0:0.156
Bin size: 1600
1 : 1088,240,180,54, : 1562
2 : 980,312,120,84, : 1496
3 : 870,240,200,176,33, : 1519
4 : 868,372,224,90,27, : 1581
5 : 837,351,288,66,16, : 1558
6 : 768,544,91,88,13, : 1504
7 : 728,420,392,55, : 1595
8 : 726,486,234,132,14, : 1592
9 : 693,589,217, : 1499
10 : 682,480,126,120,75,69, : 1552
11 : 675,405,377,130,9, : 1596
12 : 648,560,192,160,20, : 1580
13 : 638,378,306,135, : 1457
14 : 621,459,299,108, : 1487
15 : 462,406,304,140,112,46, : 1470
16 : 558,440,286,160,27, : 1471
17 : 551,392,252,182,152, : 1529
18 : 500,475,319,150,80,34, : 1558
19 : 380,350,286,266,120,4, : 1406
20 : 408,378,270,270,57,52,44,34, : 1513
----------------------- 1 ---------------------------
canvasWidth:40,
canvasHeight:40,
data:[{x:0,y:0,l:34,w:32},{x:32,y:0,l:30,w:8},{x:0,y:34,l:6,w:30},{x:30,y:34,l:6,w:9},],
----------------------- 2 ---------------------------
canvasWidth:40,
canvasHeight:40,
data:[{x:0,y:0,l:35,w:28},{x:28,y:0,l:26,w:12},{x:0,y:35,l:5,w:24},{x:28,y:26,l:12,w:7},],
----------------------- 3 ---------------------------
canvasWidth:40,
canvasHeight:40,
data:[{x:0,y:0,l:30,w:29},{x:0,y:30,l:10,w:24},{x:29,y:0,l:20,w:10},{x:29,y:20,l:16,w:11},{x:24,y:36,l:3,w:11},],
----------------------- 4 ---------------------------
canvasWidth:40,
canvasHeight:40,
data:[{x:0,y:0,l:31,w:28},{x:28,y:0,l:31,w:12},{x:10,y:31,l:8,w:28},{x:0,y:31,l:9,w:10},{x:10,y:39,l:1,w:27},],
----------------------- 5 ---------------------------
canvasWidth:40,
canvasHeight:40,
data:[{x:0,y:0,l:27,w:31},{x:0,y:27,l:13,w:27},{x:31,y:0,l:32,w:9},{x:29,y:32,l:6,w:11},{x:27,y:27,l:8,w:2},],
----------------------- 6 ---------------------------
canvasWidth:40,
canvasHeight:40,
data:[{x:0,y:0,l:24,w:32},{x:6,y:24,l:16,w:34},{x:32,y:11,l:13,w:7},{x:32,y:0,l:11,w:8},{x:39,y:11,l:13,w:1},],
----------------------- 7 ---------------------------
canvasWidth:40,
canvasHeight:40,
data:[{x:0,y:0,l:28,w:26},{x:5,y:28,l:12,w:35},{x:26,y:0,l:28,w:14},{x:0,y:28,l:11,w:5},],
----------------------- 8 ---------------------------
canvasWidth:40,
canvasHeight:40,
data:[{x:0,y:0,l:33,w:22},{x:22,y:0,l:27,w:18},{x:22,y:27,l:13,w:18},{x:0,y:33,l:6,w:22},{x:8,y:39,l:1,w:14},],
----------------------- 9 ---------------------------
canvasWidth:40,
canvasHeight:40,
data:[{x:0,y:0,l:21,w:33},{x:0,y:21,l:19,w:31},{x:33,y:0,l:31,w:7},],
----------------------- 10 ---------------------------
canvasWidth:40,
canvasHeight:40,
data:[{x:0,y:0,l:31,w:22},{x:22,y:0,l:32,w:15},{x:0,y:31,l:6,w:21},{x:25,y:32,l:8,w:15},{x:0,y:37,l:3,w:25},{x:37,y:0,l:23,w:3},],
----------------------- 11 ---------------------------
canvasWidth:40,
canvasHeight:40,
data:[{x:0,y:0,l:25,w:27},{x:0,y:25,l:15,w:27},{x:27,y:0,l:29,w:13},{x:27,y:29,l:10,w:13},{x:27,y:39,l:1,w:9},],
----------------------- 12 ---------------------------
canvasWidth:40,
canvasHeight:40,
data:[{x:0,y:0,l:27,w:24},{x:24,y:0,l:35,w:16},{x:0,y:27,l:8,w:24},{x:8,y:35,l:5,w:32},{x:4,y:35,l:5,w:4},],
----------------------- 13 ---------------------------
canvasWidth:40,
canvasHeight:40,
data:[{x:0,y:0,l:22,w:29},{x:0,y:22,l:18,w:21},{x:21,y:22,l:18,w:17},{x:29,y:7,l:15,w:9},],
----------------------- 14 ---------------------------
canvasWidth:40,
canvasHeight:40,
data:[{x:0,y:0,l:23,w:27},{x:0,y:23,l:17,w:27},{x:27,y:17,l:23,w:13},{x:27,y:0,l:12,w:9},],
----------------------- 15 ---------------------------
canvasWidth:40,
canvasHeight:40,
data:[{x:0,y:0,l:21,w:22},{x:22,y:0,l:29,w:14},{x:0,y:21,l:19,w:16},{x:36,y:0,l:35,w:4},{x:16,y:29,l:8,w:14},{x:16,y:37,l:2,w:23},],
----------------------- 16 ---------------------------
canvasWidth:40,
canvasHeight:40,
data:[{x:0,y:0,l:18,w:31},{x:0,y:18,l:20,w:22},{x:22,y:18,l:22,w:13},{x:35,y:8,l:32,w:5},{x:31,y:5,l:3,w:9},],
----------------------- 17 ---------------------------
canvasWidth:40,
canvasHeight:40,
data:[{x:0,y:0,l:29,w:19},{x:26,y:12,l:28,w:14},{x:19,y:0,l:12,w:21},{x:19,y:12,l:26,w:7},{x:0,y:29,l:8,w:19},],
----------------------- 18 ---------------------------
canvasWidth:40,
canvasHeight:40,
data:[{x:0,y:0,l:25,w:20},{x:20,y:4,l:25,w:19},{x:10,y:29,l:11,w:29},{x:0,y:25,l:15,w:10},{x:20,y:0,l:4,w:20},{x:39,y:4,l:34,w:1},],
----------------------- 19 ---------------------------
canvasWidth:40,
canvasHeight:40,
data:[{x:0,y:0,l:19,w:20},{x:0,y:19,l:14,w:25},{x:25,y:14,l:22,w:13},{x:20,y:0,l:14,w:19},{x:0,y:33,l:5,w:24},{x:0,y:38,l:2,w:2},],
----------------------- 20 ---------------------------
canvasWidth:40,
canvasHeight:40,
data:[{x:0,y:0,l:12,w:34},{x:0,y:12,l:27,w:14},{x:14,y:12,l:27,w:10},{x:24,y:12,l:27,w:10},{x:0,y:39,l:1,w:34},{x:34,y:0,l:26,w:2},{x:36,y:0,l:11,w:4},{x:37,y:11,l:19,w:3},],
