====================================== Class_05.2bp-28 =====================================
Reduced size: 60 usedBin: 0
E:\WSKH\2DBPP\NonGuillotine\initSolution\5_29.pack
[10, 20, 38, 56, 57]
[1, 51]
[2, 30, 48]
[3, 23, 50, 58]
[4, 18, 53]
[5, 16]
[6, 22, 45, 55]
[7, 25, 35]
[8, 33, 36, 44, 49]
[9, 26, 34, 41, 54]
[0]
[11, 21, 39, 42, 59]
[13, 24, 28, 32]
[14, 27, 29, 37]
[15, 19, 40, 46, 47, 52]
[12, 17, 31, 43]
canvasWidth:100,
canvasHeight:100,
data:[{x:73,y:0,l:46,w:25},{x:0,y:0,l:61,w:73},{x:0,y:61,l:30,w:88},{x:0,y:91,l:2,w:83},{x:98,y:0,l:74,w:2},],
canvasWidth:100,
canvasHeight:100,
data:[{x:0,y:0,l:100,w:95},{x:95,y:0,l:42,w:5},],
canvasWidth:100,
canvasHeight:100,
data:[{x:0,y:0,l:100,w:74},{x:74,y:0,l:66,w:24},{x:74,y:66,l:28,w:21},],
canvasWidth:100,
canvasHeight:100,
data:[{x:0,y:0,l:96,w:73},{x:73,y:0,l:73,w:27},{x:73,y:73,l:16,w:24},{x:0,y:96,l:4,w:35},],
canvasWidth:100,
canvasHeight:100,
data:[{x:0,y:0,l:64,w:99},{x:0,y:64,l:29,w:95},{x:0,y:93,l:7,w:27},],
canvasWidth:100,
canvasHeight:100,
data:[{x:0,y:0,l:93,w:66},{x:66,y:0,l:94,w:32},],
canvasWidth:100,
canvasHeight:100,
data:[{x:0,y:0,l:87,w:69},{x:69,y:0,l:81,w:28},{x:0,y:87,l:13,w:61},{x:97,y:0,l:56,w:3},],
canvasWidth:100,
canvasHeight:100,
data:[{x:0,y:0,l:82,w:70},{x:70,y:0,l:63,w:30},{x:0,y:82,l:15,w:91},],
canvasWidth:100,
canvasHeight:100,
data:[{x:0,y:0,l:76,w:71},{x:85,y:0,l:98,w:15},{x:0,y:76,l:18,w:71},{x:71,y:0,l:63,w:13},{x:71,y:63,l:36,w:14},],
canvasWidth:100,
canvasHeight:100,
data:[{x:0,y:0,l:65,w:69},{x:0,y:65,l:29,w:61},{x:69,y:0,l:77,w:18},{x:87,y:0,l:73,w:13},{x:61,y:65,l:22,w:8},],
canvasWidth:100,
canvasHeight:100,
data:[{x:0,y:0,l:99,w:100},],
canvasWidth:100,
canvasHeight:100,
data:[{x:0,y:0,l:79,w:52},{x:52,y:0,l:67,w:37},{x:89,y:0,l:97,w:11},{x:0,y:79,l:17,w:55},{x:55,y:67,l:6,w:14},],
canvasWidth:100,
canvasHeight:100,
data:[{x:0,y:0,l:62,w:60},{x:60,y:0,l:52,w:37},{x:0,y:62,l:19,w:91},{x:0,y:81,l:19,w:79},],
canvasWidth:100,
canvasHeight:100,
data:[{x:0,y:0,l:61,w:54},{x:54,y:0,l:41,w:43},{x:0,y:61,l:27,w:61},{x:61,y:41,l:35,w:34},],
canvasWidth:100,
canvasHeight:100,
data:[{x:0,y:0,l:44,w:71},{x:17,y:44,l:45,w:60},{x:0,y:44,l:56,w:17},{x:82,y:51,l:49,w:15},{x:17,y:89,l:11,w:65},{x:77,y:0,l:49,w:4},],
canvasWidth:100,
canvasHeight:100,
data:[{x:0,y:59,l:41,w:97},{x:0,y:0,l:57,w:49},{x:49,y:21,l:31,w:50},{x:49,y:0,l:21,w:40},],
Best fit used bin number: 16
Found best solution: 16 0.063

   Statrt add columnAndCut col: 16 cons: 0 cut: 0	0.141

	1 Start Add column using column generation  col: 16 cons: 0 cut: 0	0.141
			Start solve  LP :0.141
			End solve LP obj: 16.0 t: 0
	1 End Add column using column generation : 16.0 col: 16 cons: 0 cut: 0	0.141
   End add columnAndCut : 16.0 colGencnt: 1 price: 0 col: 16 cons: 0 cut: 0	0.141

Node lb: 16.0 ub: 16 : 0.141

Final Found Solution: 16 genNode: 1 extendedNode: 0:0.141
Bin size: 10000
1 : 4453,2640,1150,166,148, : 8557
2 : 9500,210, : 9710
3 : 7400,1584,588, : 9572
4 : 7008,1971,384,140, : 9503
5 : 6336,2755,189, : 9280
6 : 6138,3008, : 9146
7 : 6003,2268,793,168, : 9232
8 : 5740,1890,1365, : 8995
9 : 5396,1470,1278,819,504, : 9467
10 : 4485,1769,1386,949,176, : 8765
11 : 9900, : 9900
12 : 4108,2479,1067,935,84, : 8673
13 : 3720,1924,1729,1501, : 8874
14 : 3294,1763,1647,1190, : 7894
15 : 3124,2700,952,735,715,196, : 8422
16 : 3977,2793,1550,840, : 9160
----------------------- 1 ---------------------------
canvasWidth:100,
canvasHeight:100,
data:[{x:73,y:0,l:46,w:25},{x:0,y:0,l:61,w:73},{x:0,y:61,l:30,w:88},{x:0,y:91,l:2,w:83},{x:98,y:0,l:74,w:2},],
----------------------- 2 ---------------------------
canvasWidth:100,
canvasHeight:100,
data:[{x:0,y:0,l:100,w:95},{x:95,y:0,l:42,w:5},],
----------------------- 3 ---------------------------
canvasWidth:100,
canvasHeight:100,
data:[{x:0,y:0,l:100,w:74},{x:74,y:0,l:66,w:24},{x:74,y:66,l:28,w:21},],
----------------------- 4 ---------------------------
canvasWidth:100,
canvasHeight:100,
data:[{x:0,y:0,l:96,w:73},{x:73,y:0,l:73,w:27},{x:73,y:73,l:16,w:24},{x:0,y:96,l:4,w:35},],
----------------------- 5 ---------------------------
canvasWidth:100,
canvasHeight:100,
data:[{x:0,y:0,l:64,w:99},{x:0,y:64,l:29,w:95},{x:0,y:93,l:7,w:27},],
----------------------- 6 ---------------------------
canvasWidth:100,
canvasHeight:100,
data:[{x:0,y:0,l:93,w:66},{x:66,y:0,l:94,w:32},],
----------------------- 7 ---------------------------
canvasWidth:100,
canvasHeight:100,
data:[{x:0,y:0,l:87,w:69},{x:69,y:0,l:81,w:28},{x:0,y:87,l:13,w:61},{x:97,y:0,l:56,w:3},],
----------------------- 8 ---------------------------
canvasWidth:100,
canvasHeight:100,
data:[{x:0,y:0,l:82,w:70},{x:70,y:0,l:63,w:30},{x:0,y:82,l:15,w:91},],
----------------------- 9 ---------------------------
canvasWidth:100,
canvasHeight:100,
data:[{x:0,y:0,l:76,w:71},{x:85,y:0,l:98,w:15},{x:0,y:76,l:18,w:71},{x:71,y:0,l:63,w:13},{x:71,y:63,l:36,w:14},],
----------------------- 10 ---------------------------
canvasWidth:100,
canvasHeight:100,
data:[{x:0,y:0,l:65,w:69},{x:0,y:65,l:29,w:61},{x:69,y:0,l:77,w:18},{x:87,y:0,l:73,w:13},{x:61,y:65,l:22,w:8},],
----------------------- 11 ---------------------------
canvasWidth:100,
canvasHeight:100,
data:[{x:0,y:0,l:99,w:100},],
----------------------- 12 ---------------------------
canvasWidth:100,
canvasHeight:100,
data:[{x:0,y:0,l:79,w:52},{x:52,y:0,l:67,w:37},{x:89,y:0,l:97,w:11},{x:0,y:79,l:17,w:55},{x:55,y:67,l:6,w:14},],
----------------------- 13 ---------------------------
canvasWidth:100,
canvasHeight:100,
data:[{x:0,y:0,l:62,w:60},{x:60,y:0,l:52,w:37},{x:0,y:62,l:19,w:91},{x:0,y:81,l:19,w:79},],
----------------------- 14 ---------------------------
canvasWidth:100,
canvasHeight:100,
data:[{x:0,y:0,l:61,w:54},{x:54,y:0,l:41,w:43},{x:0,y:61,l:27,w:61},{x:61,y:41,l:35,w:34},],
----------------------- 15 ---------------------------
canvasWidth:100,
canvasHeight:100,
data:[{x:0,y:0,l:44,w:71},{x:17,y:44,l:45,w:60},{x:0,y:44,l:56,w:17},{x:82,y:51,l:49,w:15},{x:17,y:89,l:11,w:65},{x:77,y:0,l:49,w:4},],
----------------------- 16 ---------------------------
canvasWidth:100,
canvasHeight:100,
data:[{x:0,y:59,l:41,w:97},{x:0,y:0,l:57,w:49},{x:49,y:21,l:31,w:50},{x:49,y:0,l:21,w:40},],
