====================================== Class_08.2bp-16 =====================================
Reduced size: 40 usedBin: 0
[0, 22, 33, 39]
[1, 10]
[4, 6]
[7, 15, 32, 35]
[3, 17, 30, 38]
[2, 5, 37]
[8, 12, 23]
[14, 16, 24, 29, 36]
[18, 21, 25, 28, 31, 34]
[9, 13, 20]
[11, 19, 26, 27]
canvasWidth:100,
canvasHeight:100,
data:[{x:0,y:81,l:17,w:98},{x:0,y:0,l:77,w:99},{x:0,y:77,l:4,w:99},{x:0,y:98,l:1,w:80},],
canvasWidth:100,
canvasHeight:100,
data:[{x:0,y:0,l:95,w:57},{x:57,y:0,l:78,w:41},],
canvasWidth:100,
canvasHeight:100,
data:[{x:0,y:0,l:64,w:60},{x:60,y:0,l:91,w:39},],
canvasWidth:100,
canvasHeight:100,
data:[{x:0,y:0,l:58,w:60},{x:0,y:60,l:40,w:68},{x:60,y:0,l:18,w:29},{x:89,y:0,l:85,w:3},],
canvasWidth:100,
canvasHeight:100,
data:[{x:55,y:8,l:92,w:45},{x:0,y:8,l:47,w:50},{x:0,y:0,l:8,w:100},{x:0,y:55,l:2,w:48},],
canvasWidth:100,
canvasHeight:100,
data:[{x:0,y:0,l:50,w:96},{x:0,y:50,l:50,w:73},{x:96,y:0,l:43,w:4},],
canvasWidth:100,
canvasHeight:100,
data:[{x:0,y:0,l:45,w:76},{x:0,y:45,l:38,w:82},{x:0,y:83,l:17,w:98},],
canvasWidth:100,
canvasHeight:100,
data:[{x:0,y:0,l:34,w:82},{x:0,y:34,l:36,w:66},{x:0,y:84,l:16,w:100},{x:0,y:70,l:12,w:89},{x:0,y:82,l:2,w:89},],
canvasWidth:100,
canvasHeight:100,
data:[{x:0,y:3,l:9,w:83},{x:0,y:33,l:29,w:79},{x:0,y:12,l:21,w:81},{x:0,y:62,l:21,w:73},{x:0,y:83,l:17,w:67},{x:0,y:0,l:3,w:89},],
canvasWidth:100,
canvasHeight:100,
data:[{x:0,y:0,l:34,w:96},{x:0,y:34,l:37,w:80},{x:0,y:71,l:27,w:67},],
canvasWidth:100,
canvasHeight:100,
data:[{x:0,y:0,l:34,w:94},{x:0,y:69,l:29,w:68},{x:0,y:51,l:18,w:79},{x:0,y:34,l:17,w:80},],
Best fit used bin number: 11
Found best solution: 11 0.047

   Statrt add columnAndCut col: 11 cons: 0 cut: 0	0.11

	1 Start Add column using column generation  col: 11 cons: 0 cut: 0	0.11
			Start solve  LP :0.11
			End solve LP obj: 11.0 t: 0
	1 End Add column using column generation : 11.0 col: 11 cons: 0 cut: 0	0.11
   End add columnAndCut : 11.0 colGencnt: 1 price: 0 col: 11 cons: 0 cut: 0	0.11

Node lb: 11.0 ub: 11 : 0.11

Final Found Solution: 11 genNode: 1 extendedNode: 0:0.11
Bin size: 10000
1 : 7623,1666,396,80, : 9765
2 : 5415,3198, : 8613
3 : 3840,3549, : 7389
4 : 3480,2720,522,255, : 6977
5 : 4140,2350,800,96, : 7386
6 : 4800,3650,172, : 8622
7 : 3420,3116,1666, : 8202
8 : 2788,2376,1600,1068,178, : 8010
9 : 2291,1701,1533,1139,747,267, : 7678
10 : 3264,2960,1809, : 8033
11 : 3196,1972,1422,1360, : 7950
----------------------- 1 ---------------------------
canvasWidth:100,
canvasHeight:100,
data:[{x:0,y:81,l:17,w:98},{x:0,y:0,l:77,w:99},{x:0,y:77,l:4,w:99},{x:0,y:98,l:1,w:80},],
----------------------- 2 ---------------------------
canvasWidth:100,
canvasHeight:100,
data:[{x:0,y:0,l:95,w:57},{x:57,y:0,l:78,w:41},],
----------------------- 3 ---------------------------
canvasWidth:100,
canvasHeight:100,
data:[{x:0,y:0,l:64,w:60},{x:60,y:0,l:91,w:39},],
----------------------- 4 ---------------------------
canvasWidth:100,
canvasHeight:100,
data:[{x:0,y:0,l:58,w:60},{x:0,y:60,l:40,w:68},{x:60,y:0,l:18,w:29},{x:89,y:0,l:85,w:3},],
----------------------- 5 ---------------------------
canvasWidth:100,
canvasHeight:100,
data:[{x:55,y:8,l:92,w:45},{x:0,y:8,l:47,w:50},{x:0,y:0,l:8,w:100},{x:0,y:55,l:2,w:48},],
----------------------- 6 ---------------------------
canvasWidth:100,
canvasHeight:100,
data:[{x:0,y:0,l:50,w:96},{x:0,y:50,l:50,w:73},{x:96,y:0,l:43,w:4},],
----------------------- 7 ---------------------------
canvasWidth:100,
canvasHeight:100,
data:[{x:0,y:0,l:45,w:76},{x:0,y:45,l:38,w:82},{x:0,y:83,l:17,w:98},],
----------------------- 8 ---------------------------
canvasWidth:100,
canvasHeight:100,
data:[{x:0,y:0,l:34,w:82},{x:0,y:34,l:36,w:66},{x:0,y:84,l:16,w:100},{x:0,y:70,l:12,w:89},{x:0,y:82,l:2,w:89},],
----------------------- 9 ---------------------------
canvasWidth:100,
canvasHeight:100,
data:[{x:0,y:3,l:9,w:83},{x:0,y:33,l:29,w:79},{x:0,y:12,l:21,w:81},{x:0,y:62,l:21,w:73},{x:0,y:83,l:17,w:67},{x:0,y:0,l:3,w:89},],
----------------------- 10 ---------------------------
canvasWidth:100,
canvasHeight:100,
data:[{x:0,y:0,l:34,w:96},{x:0,y:34,l:37,w:80},{x:0,y:71,l:27,w:67},],
----------------------- 11 ---------------------------
canvasWidth:100,
canvasHeight:100,
data:[{x:0,y:0,l:34,w:94},{x:0,y:69,l:29,w:68},{x:0,y:51,l:18,w:79},{x:0,y:34,l:17,w:80},],
