====================================== Class_03.2bp-7 =====================================
Reduced size: 20 usedBin: 0
[0, 9, 16]
[1, 3, 12, 19]
[2, 5, 10, 13, 14, 15, 17, 18]
[4, 6, 7, 8, 11]
canvasWidth:40,
canvasHeight:40,
data:[{x:0,y:0,l:32,w:30},{x:0,y:32,l:7,w:27},{x:30,y:0,l:21,w:2},],
canvasWidth:40,
canvasHeight:40,
data:[{x:0,y:0,l:33,w:23},{x:25,y:5,l:30,w:15},{x:23,y:0,l:5,w:17},{x:0,y:33,l:7,w:2},],
canvasWidth:40,
canvasHeight:40,
data:[{x:0,y:0,l:27,w:23},{x:23,y:0,l:29,w:12},{x:0,y:27,l:13,w:12},{x:35,y:0,l:19,w:4},{x:15,y:29,l:5,w:15},{x:36,y:19,l:16,w:4},{x:12,y:27,l:13,w:3},{x:15,y:27,l:2,w:8},],
canvasWidth:40,
canvasHeight:40,
data:[{x:0,y:0,l:17,w:14},{x:14,y:0,l:12,w:23},{x:0,y:17,l:19,w:14},{x:21,y:12,l:19,w:19},{x:0,y:36,l:4,w:31},],
Best fit used bin number: 4
Found best solution: 4 0.063

   Statrt add columnAndCut col: 4 cons: 0 cut: 0	0.125

	1 Start Add column using column generation  col: 4 cons: 0 cut: 0	0.125
			Start solve  LP :0.125
			End solve LP obj: 4.0 t: 0
	1 End Add column using column generation : 4.0 col: 4 cons: 0 cut: 0	0.125
   End add columnAndCut : 4.0 colGencnt: 1 price: 0 col: 4 cons: 0 cut: 0	0.125

Node lb: 4.0 ub: 4 : 0.125

Final Found Solution: 4 genNode: 1 extendedNode: 0:0.125
Bin size: 1600
1 : 960,189,42, : 1191
2 : 759,450,85,14, : 1308
3 : 621,348,156,76,75,64,39,16, : 1395
4 : 361,276,266,238,124, : 1265
----------------------- 1 ---------------------------
canvasWidth:40,
canvasHeight:40,
data:[{x:0,y:0,l:32,w:30},{x:0,y:32,l:7,w:27},{x:30,y:0,l:21,w:2},],
----------------------- 2 ---------------------------
canvasWidth:40,
canvasHeight:40,
data:[{x:0,y:0,l:33,w:23},{x:25,y:5,l:30,w:15},{x:23,y:0,l:5,w:17},{x:0,y:33,l:7,w:2},],
----------------------- 3 ---------------------------
canvasWidth:40,
canvasHeight:40,
data:[{x:0,y:0,l:27,w:23},{x:23,y:0,l:29,w:12},{x:0,y:27,l:13,w:12},{x:35,y:0,l:19,w:4},{x:15,y:29,l:5,w:15},{x:36,y:19,l:16,w:4},{x:12,y:27,l:13,w:3},{x:15,y:27,l:2,w:8},],
----------------------- 4 ---------------------------
canvasWidth:40,
canvasHeight:40,
data:[{x:0,y:0,l:17,w:14},{x:14,y:0,l:12,w:23},{x:0,y:17,l:19,w:14},{x:21,y:12,l:19,w:19},{x:0,y:36,l:4,w:31},],
