====================================== Class_04.2bp-33 =====================================
Reduced size: 80 usedBin: 0
[0, 1, 2, 3, 5, 8, 10, 17, 18, 21, 28, 31, 39, 50, 58, 63, 66, 71, 72, 74]
[4, 6, 7, 9, 11, 12, 15, 16, 24, 25, 26, 27, 33, 36, 37, 44, 45, 52, 54, 55, 56, 62, 67, 68, 69, 75, 76, 77, 78, 79]
[13, 14, 19, 20, 22, 23, 29, 30, 32, 34, 35, 38, 40, 41, 42, 43, 46, 47, 48, 49, 51, 53, 57, 59, 60, 61, 64, 65, 70, 73]
canvasWidth:100,
canvasHeight:100,
data:[{x:0,y:0,l:29,w:35},{x:0,y:29,l:27,w:35},{x:35,y:0,l:30,w:28},{x:35,y:30,l:25,w:33},{x:35,y:67,l:33,w:23},{x:0,y:73,l:27,w:27},{x:63,y:0,l:30,w:24},{x:0,y:56,l:17,w:35},{x:68,y:30,l:31,w:19},{x:68,y:69,l:31,w:16},{x:35,y:55,l:12,w:33},{x:87,y:0,l:31,w:11},{x:58,y:67,l:33,w:8},{x:68,y:61,l:8,w:19},{x:84,y:69,l:31,w:3},{x:27,y:77,l:23,w:3},{x:66,y:67,l:31,w:2},{x:98,y:0,l:21,w:2},{x:27,y:73,l:4,w:8},{x:98,y:21,l:11,w:2},],
canvasWidth:100,
canvasHeight:100,
data:[{x:0,y:0,l:28,w:29},{x:0,y:28,l:33,w:23},{x:74,y:11,l:29,w:26},{x:29,y:0,l:28,w:26},{x:23,y:28,l:21,w:34},{x:69,y:56,l:20,w:31},{x:23,y:49,l:18,w:34},{x:75,y:76,l:24,w:25},{x:23,y:74,l:21,w:22},{x:55,y:0,l:28,w:16},{x:0,y:61,l:19,w:23},{x:74,y:40,l:16,w:26},{x:71,y:0,l:11,w:29},{x:57,y:30,l:35,w:8},{x:0,y:80,l:12,w:23},{x:23,y:67,l:7,w:34},{x:57,y:65,l:33,w:7},{x:69,y:28,l:28,w:5},{x:0,y:92,l:8,w:15},{x:51,y:74,l:18,w:6},{x:45,y:74,l:26,w:4},{x:72,y:76,l:24,w:3},{x:49,y:74,l:26,w:2},{x:71,y:11,l:17,w:3},{x:16,y:95,l:2,w:23},{x:51,y:92,l:2,w:6},{x:16,y:92,l:3,w:7},{x:57,y:28,l:2,w:11},{x:69,y:76,l:4,w:3},{x:15,y:92,l:8,w:1},],
canvasWidth:100,
canvasHeight:100,
data:[{x:0,y:0,l:31,w:20},{x:20,y:0,l:34,w:18},{x:40,y:0,l:23,w:22},{x:62,y:0,l:20,w:25},{x:48,y:23,l:35,w:14},{x:62,y:20,l:29,w:16},{x:48,y:58,l:26,w:14},{x:0,y:31,l:18,w:20},{x:0,y:49,l:22,w:15},{x:62,y:49,l:19,w:16},{x:18,y:55,l:10,w:30},{x:78,y:49,l:19,w:14},{x:86,y:68,l:18,w:14},{x:18,y:65,l:9,w:27},{x:18,y:75,l:9,w:27},{x:20,y:34,l:10,w:24},{x:20,y:44,l:8,w:28},{x:87,y:0,l:33,w:6},{x:78,y:20,l:18,w:9},{x:62,y:68,l:16,w:10},{x:78,y:38,l:7,w:21},{x:0,y:84,l:4,w:33},{x:15,y:49,l:33,w:3},{x:20,y:52,l:3,w:28},{x:44,y:23,l:21,w:4},{x:72,y:68,l:13,w:6},{x:78,y:45,l:4,w:17},{x:38,y:0,l:34,w:2},{x:40,y:23,l:11,w:4},{x:18,y:74,l:1,w:26},],
Best fit used bin number: 3
Found best solution: 3 0.047

   Statrt add columnAndCut col: 3 cons: 0 cut: 0	0.11

	1 Start Add column using column generation  col: 3 cons: 0 cut: 0	0.11
			Start solve  LP :0.11
			End solve LP obj: 3.0 t: 0
	1 End Add column using column generation : 3.0 col: 3 cons: 0 cut: 0	0.11
   End add columnAndCut : 3.0 colGencnt: 1 price: 0 col: 3 cons: 0 cut: 0	0.11

Node lb: 3.0 ub: 3 : 0.11

Final Found Solution: 3 genNode: 1 extendedNode: 0:0.11
Bin size: 10000
1 : 1015,945,840,825,759,729,720,595,589,496,396,341,264,152,93,69,62,42,32,22, : 8986
2 : 812,759,754,728,714,620,612,600,462,448,437,416,319,280,276,238,231,140,120,108,104,72,52,51,46,22,21,12,12,8, : 9474
3 : 620,612,506,500,490,464,364,360,330,304,300,266,252,243,243,240,224,198,162,160,147,132,99,84,84,78,68,68,44,26, : 7668
----------------------- 1 ---------------------------
canvasWidth:100,
canvasHeight:100,
data:[{x:0,y:0,l:29,w:35},{x:0,y:29,l:27,w:35},{x:35,y:0,l:30,w:28},{x:35,y:30,l:25,w:33},{x:35,y:67,l:33,w:23},{x:0,y:73,l:27,w:27},{x:63,y:0,l:30,w:24},{x:0,y:56,l:17,w:35},{x:68,y:30,l:31,w:19},{x:68,y:69,l:31,w:16},{x:35,y:55,l:12,w:33},{x:87,y:0,l:31,w:11},{x:58,y:67,l:33,w:8},{x:68,y:61,l:8,w:19},{x:84,y:69,l:31,w:3},{x:27,y:77,l:23,w:3},{x:66,y:67,l:31,w:2},{x:98,y:0,l:21,w:2},{x:27,y:73,l:4,w:8},{x:98,y:21,l:11,w:2},],
----------------------- 2 ---------------------------
canvasWidth:100,
canvasHeight:100,
data:[{x:0,y:0,l:28,w:29},{x:0,y:28,l:33,w:23},{x:74,y:11,l:29,w:26},{x:29,y:0,l:28,w:26},{x:23,y:28,l:21,w:34},{x:69,y:56,l:20,w:31},{x:23,y:49,l:18,w:34},{x:75,y:76,l:24,w:25},{x:23,y:74,l:21,w:22},{x:55,y:0,l:28,w:16},{x:0,y:61,l:19,w:23},{x:74,y:40,l:16,w:26},{x:71,y:0,l:11,w:29},{x:57,y:30,l:35,w:8},{x:0,y:80,l:12,w:23},{x:23,y:67,l:7,w:34},{x:57,y:65,l:33,w:7},{x:69,y:28,l:28,w:5},{x:0,y:92,l:8,w:15},{x:51,y:74,l:18,w:6},{x:45,y:74,l:26,w:4},{x:72,y:76,l:24,w:3},{x:49,y:74,l:26,w:2},{x:71,y:11,l:17,w:3},{x:16,y:95,l:2,w:23},{x:51,y:92,l:2,w:6},{x:16,y:92,l:3,w:7},{x:57,y:28,l:2,w:11},{x:69,y:76,l:4,w:3},{x:15,y:92,l:8,w:1},],
----------------------- 3 ---------------------------
canvasWidth:100,
canvasHeight:100,
data:[{x:0,y:0,l:31,w:20},{x:20,y:0,l:34,w:18},{x:40,y:0,l:23,w:22},{x:62,y:0,l:20,w:25},{x:48,y:23,l:35,w:14},{x:62,y:20,l:29,w:16},{x:48,y:58,l:26,w:14},{x:0,y:31,l:18,w:20},{x:0,y:49,l:22,w:15},{x:62,y:49,l:19,w:16},{x:18,y:55,l:10,w:30},{x:78,y:49,l:19,w:14},{x:86,y:68,l:18,w:14},{x:18,y:65,l:9,w:27},{x:18,y:75,l:9,w:27},{x:20,y:34,l:10,w:24},{x:20,y:44,l:8,w:28},{x:87,y:0,l:33,w:6},{x:78,y:20,l:18,w:9},{x:62,y:68,l:16,w:10},{x:78,y:38,l:7,w:21},{x:0,y:84,l:4,w:33},{x:15,y:49,l:33,w:3},{x:20,y:52,l:3,w:28},{x:44,y:23,l:21,w:4},{x:72,y:68,l:13,w:6},{x:78,y:45,l:4,w:17},{x:38,y:0,l:34,w:2},{x:40,y:23,l:11,w:4},{x:18,y:74,l:1,w:26},],
