====================================== Class_01.2bp-46 =====================================
Reduced size: 100 usedBin: 0
[0, 64]
[1, 70, 74]
[3, 73, 83, 94, 97, 98]
[2, 75, 84]
[4, 72]
[7, 51, 89]
[6, 48]
[5, 52]
[8, 60, 77]
[11, 34]
[12, 35]
[10, 33]
[9, 39, 90]
[13, 25]
[14, 44, 58, 82]
[16, 37, 78, 80, 91]
[15, 43, 81, 92]
[20, 31, 63, 68]
[23, 29, 57, 88, 96, 99]
[26, 32, 45]
[27, 46, 47, 49, 87]
[28, 50, 53, 55, 71, 93, 95]
[17, 22, 86]
[18, 19]
[24, 30, 56, 66]
[36, 41, 54, 62, 67, 79]
[21, 38, 61, 76]
[40, 42, 59, 65, 69, 85]
canvasWidth:10,
canvasHeight:10,
data:[{x:0,y:0,l:10,w:9},{x:9,y:0,l:10,w:1},],
canvasWidth:10,
canvasHeight:10,
data:[{x:0,y:0,l:9,w:9},{x:9,y:0,l:10,w:1},{x:0,y:9,l:1,w:9},],
canvasWidth:10,
canvasHeight:10,
data:[{x:0,y:0,l:9,w:9},{x:9,y:0,l:9,w:1},{x:4,y:9,l:1,w:6},{x:2,y:9,l:1,w:2},{x:1,y:9,l:1,w:1},{x:0,y:9,l:1,w:1},],
canvasWidth:10,
canvasHeight:10,
data:[{x:0,y:0,l:9,w:9},{x:9,y:0,l:9,w:1},{x:5,y:9,l:1,w:5},],
canvasWidth:10,
canvasHeight:10,
data:[{x:0,y:0,l:9,w:9},{x:9,y:0,l:9,w:1},],
canvasWidth:10,
canvasHeight:10,
data:[{x:0,y:0,l:8,w:10},{x:2,y:8,l:2,w:8},{x:0,y:8,l:2,w:2},],
canvasWidth:10,
canvasHeight:10,
data:[{x:0,y:0,l:10,w:8},{x:8,y:0,l:10,w:2},],
canvasWidth:10,
canvasHeight:10,
data:[{x:0,y:0,l:10,w:8},{x:8,y:0,l:8,w:2},],
canvasWidth:10,
canvasHeight:10,
data:[{x:0,y:0,l:8,w:9},{x:3,y:8,l:2,w:7},{x:9,y:0,l:8,w:1},],
canvasWidth:10,
canvasHeight:10,
data:[{x:0,y:0,l:7,w:10},{x:0,y:7,l:3,w:10},],
canvasWidth:10,
canvasHeight:10,
data:[{x:0,y:0,l:7,w:10},{x:0,y:7,l:3,w:10},],
canvasWidth:10,
canvasHeight:10,
data:[{x:0,y:0,l:10,w:7},{x:7,y:0,l:10,w:3},],
canvasWidth:10,
canvasHeight:10,
data:[{x:0,y:0,l:10,w:7},{x:7,y:0,l:9,w:3},{x:7,y:9,l:1,w:3},],
canvasWidth:10,
canvasHeight:10,
data:[{x:0,y:0,l:10,w:6},{x:6,y:0,l:10,w:4},],
canvasWidth:10,
canvasHeight:10,
data:[{x:0,y:0,l:7,w:8},{x:2,y:7,l:3,w:8},{x:8,y:0,l:7,w:2},{x:0,y:7,l:3,w:2},],
canvasWidth:10,
canvasHeight:10,
data:[{x:0,y:0,l:6,w:9},{x:2,y:6,l:4,w:7},{x:0,y:6,l:4,w:2},{x:9,y:0,l:7,w:1},{x:9,y:7,l:3,w:1},],
canvasWidth:10,
canvasHeight:10,
data:[{x:0,y:0,l:6,w:9},{x:0,y:6,l:3,w:8},{x:9,y:0,l:7,w:1},{x:8,y:7,l:3,w:1},],
canvasWidth:10,
canvasHeight:10,
data:[{x:0,y:0,l:8,w:6},{x:6,y:0,l:8,w:4},{x:5,y:8,l:2,w:5},{x:0,y:8,l:2,w:5},],
canvasWidth:10,
canvasHeight:10,
data:[{x:0,y:0,l:7,w:6},{x:6,y:0,l:9,w:4},{x:1,y:7,l:3,w:5},{x:6,y:9,l:1,w:4},{x:0,y:7,l:2,w:1},{x:0,y:9,l:1,w:1},],
canvasWidth:10,
canvasHeight:10,
data:[{x:0,y:0,l:6,w:6},{x:6,y:0,l:8,w:4},{x:0,y:6,l:4,w:6},],
canvasWidth:10,
canvasHeight:10,
data:[{x:0,y:0,l:6,w:6},{x:5,y:6,l:4,w:5},{x:0,y:6,l:4,w:5},{x:6,y:0,l:5,w:4},{x:6,y:5,l:1,w:4},],
canvasWidth:10,
canvasHeight:10,
data:[{x:0,y:0,l:6,w:6},{x:7,y:4,l:6,w:3},{x:6,y:0,l:4,w:4},{x:3,y:6,l:4,w:4},{x:0,y:6,l:3,w:3},{x:0,y:9,l:1,w:3},{x:6,y:4,l:2,w:1},],
canvasWidth:10,
canvasHeight:10,
data:[{x:0,y:0,l:5,w:10},{x:1,y:5,l:5,w:9},{x:0,y:5,l:5,w:1},],
canvasWidth:10,
canvasHeight:10,
data:[{x:5,y:0,l:10,w:5},{x:0,y:0,l:10,w:5},],
canvasWidth:10,
canvasHeight:10,
data:[{x:0,y:0,l:5,w:8},{x:3,y:5,l:5,w:7},{x:0,y:5,l:5,w:3},{x:8,y:0,l:5,w:2},],
canvasWidth:10,
canvasHeight:10,
data:[{x:0,y:0,l:6,w:5},{x:0,y:6,l:4,w:6},{x:6,y:6,l:4,w:4},{x:5,y:0,l:4,w:3},{x:5,y:4,l:2,w:5},{x:8,y:0,l:4,w:2},],
canvasWidth:10,
canvasHeight:10,
data:[{x:0,y:0,l:9,w:5},{x:5,y:0,l:9,w:3},{x:8,y:0,l:6,w:2},{x:8,y:6,l:4,w:2},],
canvasWidth:10,
canvasHeight:10,
data:[{x:0,y:0,l:9,w:3},{x:3,y:0,l:7,w:2},{x:5,y:0,l:8,w:3},{x:3,y:8,l:2,w:5},{x:8,y:0,l:5,w:2},{x:9,y:5,l:5,w:1},],
Best fit used bin number: 28
Found best solution: 28 0.062

   Statrt add columnAndCut col: 28 cons: 0 cut: 0	0.141

	1 Start Add column using column generation  col: 28 cons: 0 cut: 0	0.141
			Start solve  LP :0.141
			End solve LP obj: 28.0 t: 0
	1 End Add column using column generation : 28.0 col: 28 cons: 0 cut: 0	0.141
   End add columnAndCut : 28.0 colGencnt: 1 price: 0 col: 28 cons: 0 cut: 0	0.141

Node lb: 28.0 ub: 28 : 0.141

Final Found Solution: 28 genNode: 1 extendedNode: 0:0.141
Bin size: 100
1 : 90,10, : 100
2 : 81,10,9, : 100
3 : 81,9,6,2,1,1, : 100
4 : 81,9,5, : 95
5 : 81,9, : 90
6 : 80,16,4, : 100
7 : 80,20, : 100
8 : 80,16, : 96
9 : 72,14,8, : 94
10 : 70,30, : 100
11 : 70,30, : 100
12 : 70,30, : 100
13 : 70,27,3, : 100
14 : 60,40, : 100
15 : 56,24,14,6, : 100
16 : 54,28,8,7,3, : 100
17 : 54,24,7,3, : 88
18 : 48,32,10,10, : 100
19 : 42,36,15,4,2,1, : 100
20 : 36,32,24, : 92
21 : 36,20,20,20,4, : 100
22 : 36,18,16,16,9,3,2, : 100
23 : 50,45,5, : 100
24 : 50,50, : 100
25 : 40,35,15,10, : 100
26 : 30,24,16,12,10,8, : 100
27 : 45,27,12,8, : 92
28 : 27,24,14,10,10,5, : 90
----------------------- 1 ---------------------------
canvasWidth:10,
canvasHeight:10,
data:[{x:0,y:0,l:10,w:9},{x:9,y:0,l:10,w:1},],
----------------------- 2 ---------------------------
canvasWidth:10,
canvasHeight:10,
data:[{x:0,y:0,l:9,w:9},{x:9,y:0,l:10,w:1},{x:0,y:9,l:1,w:9},],
----------------------- 3 ---------------------------
canvasWidth:10,
canvasHeight:10,
data:[{x:0,y:0,l:9,w:9},{x:9,y:0,l:9,w:1},{x:4,y:9,l:1,w:6},{x:2,y:9,l:1,w:2},{x:1,y:9,l:1,w:1},{x:0,y:9,l:1,w:1},],
----------------------- 4 ---------------------------
canvasWidth:10,
canvasHeight:10,
data:[{x:0,y:0,l:9,w:9},{x:9,y:0,l:9,w:1},{x:5,y:9,l:1,w:5},],
----------------------- 5 ---------------------------
canvasWidth:10,
canvasHeight:10,
data:[{x:0,y:0,l:9,w:9},{x:9,y:0,l:9,w:1},],
----------------------- 6 ---------------------------
canvasWidth:10,
canvasHeight:10,
data:[{x:0,y:0,l:8,w:10},{x:2,y:8,l:2,w:8},{x:0,y:8,l:2,w:2},],
----------------------- 7 ---------------------------
canvasWidth:10,
canvasHeight:10,
data:[{x:0,y:0,l:10,w:8},{x:8,y:0,l:10,w:2},],
----------------------- 8 ---------------------------
canvasWidth:10,
canvasHeight:10,
data:[{x:0,y:0,l:10,w:8},{x:8,y:0,l:8,w:2},],
----------------------- 9 ---------------------------
canvasWidth:10,
canvasHeight:10,
data:[{x:0,y:0,l:8,w:9},{x:3,y:8,l:2,w:7},{x:9,y:0,l:8,w:1},],
----------------------- 10 ---------------------------
canvasWidth:10,
canvasHeight:10,
data:[{x:0,y:0,l:7,w:10},{x:0,y:7,l:3,w:10},],
----------------------- 11 ---------------------------
canvasWidth:10,
canvasHeight:10,
data:[{x:0,y:0,l:7,w:10},{x:0,y:7,l:3,w:10},],
----------------------- 12 ---------------------------
canvasWidth:10,
canvasHeight:10,
data:[{x:0,y:0,l:10,w:7},{x:7,y:0,l:10,w:3},],
----------------------- 13 ---------------------------
canvasWidth:10,
canvasHeight:10,
data:[{x:0,y:0,l:10,w:7},{x:7,y:0,l:9,w:3},{x:7,y:9,l:1,w:3},],
----------------------- 14 ---------------------------
canvasWidth:10,
canvasHeight:10,
data:[{x:0,y:0,l:10,w:6},{x:6,y:0,l:10,w:4},],
----------------------- 15 ---------------------------
canvasWidth:10,
canvasHeight:10,
data:[{x:0,y:0,l:7,w:8},{x:2,y:7,l:3,w:8},{x:8,y:0,l:7,w:2},{x:0,y:7,l:3,w:2},],
----------------------- 16 ---------------------------
canvasWidth:10,
canvasHeight:10,
data:[{x:0,y:0,l:6,w:9},{x:2,y:6,l:4,w:7},{x:0,y:6,l:4,w:2},{x:9,y:0,l:7,w:1},{x:9,y:7,l:3,w:1},],
----------------------- 17 ---------------------------
canvasWidth:10,
canvasHeight:10,
data:[{x:0,y:0,l:6,w:9},{x:0,y:6,l:3,w:8},{x:9,y:0,l:7,w:1},{x:8,y:7,l:3,w:1},],
----------------------- 18 ---------------------------
canvasWidth:10,
canvasHeight:10,
data:[{x:0,y:0,l:8,w:6},{x:6,y:0,l:8,w:4},{x:5,y:8,l:2,w:5},{x:0,y:8,l:2,w:5},],
----------------------- 19 ---------------------------
canvasWidth:10,
canvasHeight:10,
data:[{x:0,y:0,l:7,w:6},{x:6,y:0,l:9,w:4},{x:1,y:7,l:3,w:5},{x:6,y:9,l:1,w:4},{x:0,y:7,l:2,w:1},{x:0,y:9,l:1,w:1},],
----------------------- 20 ---------------------------
canvasWidth:10,
canvasHeight:10,
data:[{x:0,y:0,l:6,w:6},{x:6,y:0,l:8,w:4},{x:0,y:6,l:4,w:6},],
----------------------- 21 ---------------------------
canvasWidth:10,
canvasHeight:10,
data:[{x:0,y:0,l:6,w:6},{x:5,y:6,l:4,w:5},{x:0,y:6,l:4,w:5},{x:6,y:0,l:5,w:4},{x:6,y:5,l:1,w:4},],
----------------------- 22 ---------------------------
canvasWidth:10,
canvasHeight:10,
data:[{x:0,y:0,l:6,w:6},{x:7,y:4,l:6,w:3},{x:6,y:0,l:4,w:4},{x:3,y:6,l:4,w:4},{x:0,y:6,l:3,w:3},{x:0,y:9,l:1,w:3},{x:6,y:4,l:2,w:1},],
----------------------- 23 ---------------------------
canvasWidth:10,
canvasHeight:10,
data:[{x:0,y:0,l:5,w:10},{x:1,y:5,l:5,w:9},{x:0,y:5,l:5,w:1},],
----------------------- 24 ---------------------------
canvasWidth:10,
canvasHeight:10,
data:[{x:5,y:0,l:10,w:5},{x:0,y:0,l:10,w:5},],
----------------------- 25 ---------------------------
canvasWidth:10,
canvasHeight:10,
data:[{x:0,y:0,l:5,w:8},{x:3,y:5,l:5,w:7},{x:0,y:5,l:5,w:3},{x:8,y:0,l:5,w:2},],
----------------------- 26 ---------------------------
canvasWidth:10,
canvasHeight:10,
data:[{x:0,y:0,l:6,w:5},{x:0,y:6,l:4,w:6},{x:6,y:6,l:4,w:4},{x:5,y:0,l:4,w:3},{x:5,y:4,l:2,w:5},{x:8,y:0,l:4,w:2},],
----------------------- 27 ---------------------------
canvasWidth:10,
canvasHeight:10,
data:[{x:0,y:0,l:9,w:5},{x:5,y:0,l:9,w:3},{x:8,y:0,l:6,w:2},{x:8,y:6,l:4,w:2},],
----------------------- 28 ---------------------------
canvasWidth:10,
canvasHeight:10,
data:[{x:0,y:0,l:9,w:3},{x:3,y:0,l:7,w:2},{x:5,y:0,l:8,w:3},{x:3,y:8,l:2,w:5},{x:8,y:0,l:5,w:2},{x:9,y:5,l:5,w:1},],
