====================================== Class_07.2bp-41 =====================================
Reduced size: 100 usedBin: 0
[0, 62, 95]
[1, 42]
[2, 65]
[3, 63, 64]
[4, 57, 73, 85]
[5, 36, 87, 96]
[7, 53, 55, 75]
[8, 19]
[10, 34, 81, 99]
[6, 39, 50, 91]
[9, 13, 88, 92]
[11, 18, 68]
[12, 27, 66]
[14, 15, 83]
[17, 29, 61, 93]
[16, 26, 48, 94]
[21, 51, 79]
[20, 32, 76, 82]
[22, 24, 70]
[23, 30, 59, 80]
[25, 45, 47, 71, 98]
[31, 33, 77, 78]
[35, 46, 52, 69, 84, 90]
[28, 43, 49, 67, 89, 97]
[37, 38, 60]
[40, 44, 58, 72]
[41, 54, 56, 74, 86]
canvasWidth:100,
canvasHeight:100,
data:[{x:0,y:0,l:79,w:97},{x:28,y:79,l:21,w:72},{x:97,y:0,l:71,w:2},],
canvasWidth:100,
canvasHeight:100,
data:[{x:0,y:0,l:100,w:70},{x:70,y:0,l:86,w:30},],
canvasWidth:100,
canvasHeight:100,
data:[{x:0,y:0,l:78,w:86},{x:86,y:0,l:97,w:14},],
canvasWidth:100,
canvasHeight:100,
data:[{x:0,y:0,l:93,w:66},{x:66,y:56,l:44,w:34},{x:66,y:0,l:48,w:31},],
canvasWidth:100,
canvasHeight:100,
data:[{x:0,y:0,l:63,w:91},{x:0,y:63,l:37,w:48},{x:91,y:0,l:87,w:9},{x:48,y:63,l:12,w:37},],
canvasWidth:100,
canvasHeight:100,
data:[{x:0,y:0,l:65,w:84},{x:0,y:65,l:33,w:87},{x:84,y:0,l:33,w:11},{x:95,y:0,l:70,w:2},],
canvasWidth:100,
canvasHeight:100,
data:[{x:0,y:0,l:63,w:73},{x:73,y:0,l:76,w:27},{x:0,y:76,l:23,w:81},{x:0,y:63,l:9,w:72},],
canvasWidth:100,
canvasHeight:100,
data:[{x:0,y:0,l:61,w:75},{x:0,y:61,l:39,w:99},],
canvasWidth:100,
canvasHeight:100,
data:[{x:0,y:0,l:70,w:64},{x:64,y:0,l:93,w:31},{x:95,y:0,l:100,w:5},{x:89,y:93,l:7,w:6},],
canvasWidth:100,
canvasHeight:100,
data:[{x:0,y:0,l:94,w:49},{x:72,y:0,l:98,w:28},{x:49,y:0,l:94,w:23},{x:0,y:94,l:6,w:42},],
canvasWidth:100,
canvasHeight:100,
data:[{x:0,y:0,l:90,w:50},{x:50,y:0,l:85,w:50},{x:76,y:85,l:15,w:24},{x:0,y:90,l:10,w:23},],
canvasWidth:100,
canvasHeight:100,
data:[{x:0,y:0,l:92,w:48},{x:48,y:0,l:92,w:42},{x:90,y:0,l:98,w:10},],
canvasWidth:100,
canvasHeight:100,
data:[{x:0,y:0,l:97,w:44},{x:58,y:0,l:79,w:42},{x:44,y:0,l:97,w:14},],
canvasWidth:100,
canvasHeight:100,
data:[{x:0,y:0,l:82,w:50},{x:50,y:0,l:95,w:43},{x:93,y:0,l:76,w:6},],
canvasWidth:100,
canvasHeight:100,
data:[{x:0,y:0,l:80,w:49},{x:68,y:0,l:96,w:32},{x:49,y:0,l:80,w:19},{x:0,y:80,l:20,w:10},],
canvasWidth:100,
canvasHeight:100,
data:[{x:0,y:0,l:98,w:40},{x:40,y:0,l:98,w:35},{x:75,y:0,l:89,w:25},{x:0,y:98,l:2,w:96},],
canvasWidth:100,
canvasHeight:100,
data:[{x:0,y:0,l:40,w:92},{x:0,y:40,l:49,w:43},{x:43,y:40,l:42,w:13},],
canvasWidth:100,
canvasHeight:100,
data:[{x:0,y:0,l:78,w:48},{x:48,y:0,l:78,w:38},{x:86,y:0,l:78,w:8},{x:94,y:0,l:76,w:6},],
canvasWidth:100,
canvasHeight:100,
data:[{x:0,y:0,l:93,w:39},{x:39,y:0,l:74,w:47},{x:89,y:0,l:88,w:11},],
canvasWidth:100,
canvasHeight:100,
data:[{x:0,y:0,l:44,w:82},{x:0,y:44,l:45,w:67},{x:82,y:0,l:90,w:18},{x:0,y:89,l:11,w:48},],
canvasWidth:100,
canvasHeight:100,
data:[{x:0,y:0,l:86,w:40},{x:75,y:0,l:98,w:25},{x:41,y:0,l:68,w:34},{x:0,y:88,l:12,w:74},{x:40,y:0,l:74,w:1},],
canvasWidth:100,
canvasHeight:100,
data:[{x:0,y:0,l:68,w:44},{x:53,y:0,l:78,w:38},{x:91,y:0,l:69,w:9},{x:44,y:0,l:68,w:9},],
canvasWidth:100,
canvasHeight:100,
data:[{x:0,y:0,l:72,w:40},{x:40,y:0,l:72,w:33},{x:73,y:0,l:99,w:21},{x:10,y:72,l:25,w:39},{x:94,y:0,l:90,w:5},{x:0,y:72,l:28,w:10},],
canvasWidth:100,
canvasHeight:100,
data:[{x:0,y:29,l:68,w:47},{x:47,y:29,l:67,w:33},{x:0,y:0,l:29,w:87},{x:87,y:0,l:100,w:13},{x:80,y:29,l:67,w:5},{x:0,y:97,l:1,w:80},],
canvasWidth:100,
canvasHeight:100,
data:[{x:0,y:0,l:75,w:38},{x:38,y:0,l:66,w:43},{x:82,y:0,l:89,w:18},],
canvasWidth:100,
canvasHeight:100,
data:[{x:0,y:0,l:74,w:37},{x:60,y:0,l:84,w:30},{x:37,y:0,l:74,w:23},{x:90,y:0,l:84,w:10},],
canvasWidth:100,
canvasHeight:100,
data:[{x:0,y:0,l:70,w:39},{x:75,y:0,l:90,w:21},{x:39,y:0,l:70,w:26},{x:65,y:0,l:70,w:10},{x:96,y:0,l:92,w:4},],
Best fit used bin number: 27
Found best solution: 27 0.063

   Statrt add columnAndCut col: 27 cons: 0 cut: 0	0.141

	1 Start Add column using column generation  col: 27 cons: 0 cut: 0	0.141
			Start solve  LP :0.141
			End solve LP obj: 27.0 t: 0
	1 End Add column using column generation : 27.0 col: 27 cons: 0 cut: 0	0.141
   End add columnAndCut : 27.0 colGencnt: 1 price: 0 col: 27 cons: 0 cut: 0	0.141

Node lb: 27.0 ub: 27 : 0.141

Final Found Solution: 27 genNode: 1 extendedNode: 0:0.141
Bin size: 10000
1 : 7663,1512,142, : 9317
2 : 7000,2580, : 9580
3 : 6708,1358, : 8066
4 : 6138,1496,1488, : 9122
5 : 5733,1776,783,444, : 8736
6 : 5460,2871,363,140, : 8834
7 : 4599,2052,1863,648, : 9162
8 : 4575,3861, : 8436
9 : 4480,2883,500,42, : 7905
10 : 4606,2744,2162,252, : 9764
11 : 4500,4250,360,230, : 9340
12 : 4416,3864,980, : 9260
13 : 4268,3318,1358, : 8944
14 : 4100,4085,456, : 8641
15 : 3920,3072,1520,200, : 8712
16 : 3920,3430,2225,192, : 9767
17 : 3680,2107,546, : 6333
18 : 3744,2964,624,456, : 7788
19 : 3627,3478,968, : 8073
20 : 3608,3015,1620,528, : 8771
21 : 3440,2450,2312,888,74, : 9164
22 : 2992,2964,621,612, : 7189
23 : 2880,2376,2079,975,450,280, : 9040
24 : 3196,2523,2211,1300,335,80, : 9645
25 : 2850,2838,1602, : 7290
26 : 2738,2520,1702,840, : 7800
27 : 2730,1890,1820,700,368, : 7508
----------------------- 1 ---------------------------
canvasWidth:100,
canvasHeight:100,
data:[{x:0,y:0,l:79,w:97},{x:28,y:79,l:21,w:72},{x:97,y:0,l:71,w:2},],
----------------------- 2 ---------------------------
canvasWidth:100,
canvasHeight:100,
data:[{x:0,y:0,l:100,w:70},{x:70,y:0,l:86,w:30},],
----------------------- 3 ---------------------------
canvasWidth:100,
canvasHeight:100,
data:[{x:0,y:0,l:78,w:86},{x:86,y:0,l:97,w:14},],
----------------------- 4 ---------------------------
canvasWidth:100,
canvasHeight:100,
data:[{x:0,y:0,l:93,w:66},{x:66,y:56,l:44,w:34},{x:66,y:0,l:48,w:31},],
----------------------- 5 ---------------------------
canvasWidth:100,
canvasHeight:100,
data:[{x:0,y:0,l:63,w:91},{x:0,y:63,l:37,w:48},{x:91,y:0,l:87,w:9},{x:48,y:63,l:12,w:37},],
----------------------- 6 ---------------------------
canvasWidth:100,
canvasHeight:100,
data:[{x:0,y:0,l:65,w:84},{x:0,y:65,l:33,w:87},{x:84,y:0,l:33,w:11},{x:95,y:0,l:70,w:2},],
----------------------- 7 ---------------------------
canvasWidth:100,
canvasHeight:100,
data:[{x:0,y:0,l:63,w:73},{x:73,y:0,l:76,w:27},{x:0,y:76,l:23,w:81},{x:0,y:63,l:9,w:72},],
----------------------- 8 ---------------------------
canvasWidth:100,
canvasHeight:100,
data:[{x:0,y:0,l:61,w:75},{x:0,y:61,l:39,w:99},],
----------------------- 9 ---------------------------
canvasWidth:100,
canvasHeight:100,
data:[{x:0,y:0,l:70,w:64},{x:64,y:0,l:93,w:31},{x:95,y:0,l:100,w:5},{x:89,y:93,l:7,w:6},],
----------------------- 10 ---------------------------
canvasWidth:100,
canvasHeight:100,
data:[{x:0,y:0,l:94,w:49},{x:72,y:0,l:98,w:28},{x:49,y:0,l:94,w:23},{x:0,y:94,l:6,w:42},],
----------------------- 11 ---------------------------
canvasWidth:100,
canvasHeight:100,
data:[{x:0,y:0,l:90,w:50},{x:50,y:0,l:85,w:50},{x:76,y:85,l:15,w:24},{x:0,y:90,l:10,w:23},],
----------------------- 12 ---------------------------
canvasWidth:100,
canvasHeight:100,
data:[{x:0,y:0,l:92,w:48},{x:48,y:0,l:92,w:42},{x:90,y:0,l:98,w:10},],
----------------------- 13 ---------------------------
canvasWidth:100,
canvasHeight:100,
data:[{x:0,y:0,l:97,w:44},{x:58,y:0,l:79,w:42},{x:44,y:0,l:97,w:14},],
----------------------- 14 ---------------------------
canvasWidth:100,
canvasHeight:100,
data:[{x:0,y:0,l:82,w:50},{x:50,y:0,l:95,w:43},{x:93,y:0,l:76,w:6},],
----------------------- 15 ---------------------------
canvasWidth:100,
canvasHeight:100,
data:[{x:0,y:0,l:80,w:49},{x:68,y:0,l:96,w:32},{x:49,y:0,l:80,w:19},{x:0,y:80,l:20,w:10},],
----------------------- 16 ---------------------------
canvasWidth:100,
canvasHeight:100,
data:[{x:0,y:0,l:98,w:40},{x:40,y:0,l:98,w:35},{x:75,y:0,l:89,w:25},{x:0,y:98,l:2,w:96},],
----------------------- 17 ---------------------------
canvasWidth:100,
canvasHeight:100,
data:[{x:0,y:0,l:40,w:92},{x:0,y:40,l:49,w:43},{x:43,y:40,l:42,w:13},],
----------------------- 18 ---------------------------
canvasWidth:100,
canvasHeight:100,
data:[{x:0,y:0,l:78,w:48},{x:48,y:0,l:78,w:38},{x:86,y:0,l:78,w:8},{x:94,y:0,l:76,w:6},],
----------------------- 19 ---------------------------
canvasWidth:100,
canvasHeight:100,
data:[{x:0,y:0,l:93,w:39},{x:39,y:0,l:74,w:47},{x:89,y:0,l:88,w:11},],
----------------------- 20 ---------------------------
canvasWidth:100,
canvasHeight:100,
data:[{x:0,y:0,l:44,w:82},{x:0,y:44,l:45,w:67},{x:82,y:0,l:90,w:18},{x:0,y:89,l:11,w:48},],
----------------------- 21 ---------------------------
canvasWidth:100,
canvasHeight:100,
data:[{x:0,y:0,l:86,w:40},{x:75,y:0,l:98,w:25},{x:41,y:0,l:68,w:34},{x:0,y:88,l:12,w:74},{x:40,y:0,l:74,w:1},],
----------------------- 22 ---------------------------
canvasWidth:100,
canvasHeight:100,
data:[{x:0,y:0,l:68,w:44},{x:53,y:0,l:78,w:38},{x:91,y:0,l:69,w:9},{x:44,y:0,l:68,w:9},],
----------------------- 23 ---------------------------
canvasWidth:100,
canvasHeight:100,
data:[{x:0,y:0,l:72,w:40},{x:40,y:0,l:72,w:33},{x:73,y:0,l:99,w:21},{x:10,y:72,l:25,w:39},{x:94,y:0,l:90,w:5},{x:0,y:72,l:28,w:10},],
----------------------- 24 ---------------------------
canvasWidth:100,
canvasHeight:100,
data:[{x:0,y:29,l:68,w:47},{x:47,y:29,l:67,w:33},{x:0,y:0,l:29,w:87},{x:87,y:0,l:100,w:13},{x:80,y:29,l:67,w:5},{x:0,y:97,l:1,w:80},],
----------------------- 25 ---------------------------
canvasWidth:100,
canvasHeight:100,
data:[{x:0,y:0,l:75,w:38},{x:38,y:0,l:66,w:43},{x:82,y:0,l:89,w:18},],
----------------------- 26 ---------------------------
canvasWidth:100,
canvasHeight:100,
data:[{x:0,y:0,l:74,w:37},{x:60,y:0,l:84,w:30},{x:37,y:0,l:74,w:23},{x:90,y:0,l:84,w:10},],
----------------------- 27 ---------------------------
canvasWidth:100,
canvasHeight:100,
data:[{x:0,y:0,l:70,w:39},{x:75,y:0,l:90,w:21},{x:39,y:0,l:70,w:26},{x:65,y:0,l:70,w:10},{x:96,y:0,l:92,w:4},],
