====================================== Class_04.2bp-47 =====================================
Reduced size: 100 usedBin: 0
[0, 1, 2, 3, 4, 6, 11, 23, 26, 28, 37, 41, 46, 52, 67, 70, 89, 93, 95, 97, 98]
[5, 7, 8, 9, 10, 14, 16, 17, 18, 21, 22, 29, 36, 42, 43, 66, 69, 77, 83, 94, 96]
[12, 13, 15, 19, 20, 24, 25, 27, 30, 32, 34, 38, 39, 40, 48, 49, 50, 56, 57, 61, 62, 63, 64, 65, 68, 73, 74, 75, 76, 80, 81, 82, 84, 85, 87, 88, 90, 91, 92, 99]
[31, 33, 35, 44, 45, 47, 51, 53, 54, 55, 58, 59, 60, 71, 72, 78, 79, 86]
canvasWidth:100,
canvasHeight:100,
data:[{x:0,y:0,l:33,w:34},{x:0,y:56,l:35,w:32},{x:65,y:0,l:30,w:35},{x:34,y:0,l:33,w:31},{x:67,y:44,l:29,w:33},{x:32,y:56,l:28,w:33},{x:0,y:33,l:23,w:34},{x:32,y:84,l:16,w:33},{x:65,y:30,l:14,w:35},{x:83,y:73,l:27,w:17},{x:34,y:33,l:11,w:31},{x:67,y:73,l:19,w:16},{x:34,y:44,l:12,w:23},{x:0,y:91,l:8,w:32},{x:68,y:92,l:8,w:15},{x:57,y:44,l:12,w:10},{x:65,y:56,l:15,w:2},{x:65,y:71,l:12,w:2},{x:0,y:99,l:1,w:20},{x:65,y:83,l:17,w:1},{x:66,y:83,l:12,w:1},],
canvasWidth:100,
canvasHeight:100,
data:[{x:0,y:0,l:33,w:28},{x:28,y:0,l:29,w:30},{x:58,y:0,l:30,w:29},{x:0,y:33,l:30,w:28},{x:28,y:53,l:32,w:26},{x:54,y:53,l:24,w:27},{x:81,y:30,l:32,w:19},{x:28,y:29,l:20,w:30},{x:81,y:62,l:33,w:17},{x:0,y:63,l:19,w:28},{x:58,y:30,l:23,w:23},{x:0,y:82,l:16,w:28},{x:28,y:85,l:15,w:23},{x:87,y:0,l:30,w:10},{x:54,y:77,l:11,w:27},{x:63,y:88,l:7,w:18},{x:28,y:49,l:4,w:30},{x:97,y:0,l:30,w:3},{x:0,y:98,l:2,w:27},{x:98,y:62,l:10,w:2},{x:98,y:72,l:10,w:2},],
canvasWidth:100,
canvasHeight:100,
data:[{x:0,y:0,l:23,w:31},{x:31,y:0,l:30,w:23},{x:75,y:35,l:25,w:25},{x:9,y:38,l:28,w:20},{x:9,y:66,l:34,w:16},{x:76,y:13,l:22,w:24},{x:34,y:38,l:31,w:17},{x:26,y:69,l:20,w:23},{x:79,y:60,l:21,w:21},{x:54,y:0,l:30,w:14},{x:79,y:81,l:18,w:21},{x:25,y:66,l:24,w:1},{x:51,y:38,l:31,w:11},{x:62,y:38,l:34,w:10},{x:68,y:0,l:10,w:32},{x:0,y:23,l:30,w:9},{x:0,y:53,l:30,w:9},{x:9,y:30,l:8,w:33},{x:49,y:69,l:20,w:10},{x:67,y:83,l:16,w:12},{x:42,y:30,l:5,w:34},{x:9,y:23,l:7,w:22},{x:29,y:38,l:28,w:5},{x:68,y:13,l:17,w:8},{x:26,y:89,l:11,w:12},{x:38,y:94,l:6,w:20},{x:0,y:83,l:12,w:9},{x:38,y:89,l:5,w:21},{x:42,y:35,l:3,w:33},{x:68,y:10,l:3,w:32},{x:73,y:68,l:14,w:6},{x:62,y:77,l:6,w:10},{x:62,y:72,l:5,w:11},{x:73,y:60,l:8,w:6},{x:59,y:69,l:16,w:3},{x:67,y:99,l:1,w:33},{x:0,y:95,l:5,w:6},{x:72,y:38,l:25,w:1},{x:26,y:66,l:3,w:8},{x:25,y:90,l:10,w:1},],
canvasWidth:100,
canvasHeight:100,
data:[{x:0,y:0,l:21,w:21},{x:39,y:0,l:24,w:17},{x:56,y:0,l:10,w:29},{x:86,y:0,l:20,w:14},{x:74,y:10,l:25,w:11},{x:0,y:21,l:13,w:20},{x:56,y:10,l:14,w:18},{x:37,y:24,l:15,w:16},{x:92,y:28,l:30,w:8},{x:74,y:35,l:10,w:18},{x:0,y:36,l:6,w:29},{x:20,y:21,l:10,w:17},{x:29,y:39,l:5,w:23},{x:85,y:20,l:8,w:14},{x:52,y:39,l:4,w:22},{x:53,y:24,l:8,w:11},{x:0,y:34,l:2,w:20},{x:21,y:0,l:21,w:18},],
Best fit used bin number: 4
Found best solution: 4 0.062

   Statrt add columnAndCut col: 4 cons: 0 cut: 0	0.156

	1 Start Add column using column generation  col: 4 cons: 0 cut: 0	0.156
			Start solve  LP :0.156
			End solve LP obj: 4.0 t: 0
	1 End Add column using column generation : 4.0 col: 4 cons: 0 cut: 0	0.156
   End add columnAndCut : 4.0 colGencnt: 1 price: 0 col: 4 cons: 0 cut: 0	0.156

Node lb: 4.0 ub: 4 : 0.156

Final Found Solution: 4 genNode: 1 extendedNode: 0:0.156
Bin size: 10000
1 : 1122,1120,1050,1023,957,924,782,528,490,459,341,304,276,256,120,120,30,24,20,17,12, : 9975
2 : 924,870,870,840,832,648,608,600,561,532,529,448,345,300,297,126,120,90,54,20,20, : 9634
3 : 713,690,625,560,544,528,527,460,441,420,378,341,340,320,270,270,264,200,192,170,154,140,136,132,120,108,105,99,96,84,60,55,48,48,33,30,25,24,24,10, : 9784
4 : 441,408,378,290,280,275,260,252,240,240,180,174,170,115,112,88,88,40, : 4031
----------------------- 1 ---------------------------
canvasWidth:100,
canvasHeight:100,
data:[{x:0,y:0,l:33,w:34},{x:0,y:56,l:35,w:32},{x:65,y:0,l:30,w:35},{x:34,y:0,l:33,w:31},{x:67,y:44,l:29,w:33},{x:32,y:56,l:28,w:33},{x:0,y:33,l:23,w:34},{x:32,y:84,l:16,w:33},{x:65,y:30,l:14,w:35},{x:83,y:73,l:27,w:17},{x:34,y:33,l:11,w:31},{x:67,y:73,l:19,w:16},{x:34,y:44,l:12,w:23},{x:0,y:91,l:8,w:32},{x:68,y:92,l:8,w:15},{x:57,y:44,l:12,w:10},{x:65,y:56,l:15,w:2},{x:65,y:71,l:12,w:2},{x:0,y:99,l:1,w:20},{x:65,y:83,l:17,w:1},{x:66,y:83,l:12,w:1},],
----------------------- 2 ---------------------------
canvasWidth:100,
canvasHeight:100,
data:[{x:0,y:0,l:33,w:28},{x:28,y:0,l:29,w:30},{x:58,y:0,l:30,w:29},{x:0,y:33,l:30,w:28},{x:28,y:53,l:32,w:26},{x:54,y:53,l:24,w:27},{x:81,y:30,l:32,w:19},{x:28,y:29,l:20,w:30},{x:81,y:62,l:33,w:17},{x:0,y:63,l:19,w:28},{x:58,y:30,l:23,w:23},{x:0,y:82,l:16,w:28},{x:28,y:85,l:15,w:23},{x:87,y:0,l:30,w:10},{x:54,y:77,l:11,w:27},{x:63,y:88,l:7,w:18},{x:28,y:49,l:4,w:30},{x:97,y:0,l:30,w:3},{x:0,y:98,l:2,w:27},{x:98,y:62,l:10,w:2},{x:98,y:72,l:10,w:2},],
----------------------- 3 ---------------------------
canvasWidth:100,
canvasHeight:100,
data:[{x:0,y:0,l:23,w:31},{x:31,y:0,l:30,w:23},{x:75,y:35,l:25,w:25},{x:9,y:38,l:28,w:20},{x:9,y:66,l:34,w:16},{x:76,y:13,l:22,w:24},{x:34,y:38,l:31,w:17},{x:26,y:69,l:20,w:23},{x:79,y:60,l:21,w:21},{x:54,y:0,l:30,w:14},{x:79,y:81,l:18,w:21},{x:25,y:66,l:24,w:1},{x:51,y:38,l:31,w:11},{x:62,y:38,l:34,w:10},{x:68,y:0,l:10,w:32},{x:0,y:23,l:30,w:9},{x:0,y:53,l:30,w:9},{x:9,y:30,l:8,w:33},{x:49,y:69,l:20,w:10},{x:67,y:83,l:16,w:12},{x:42,y:30,l:5,w:34},{x:9,y:23,l:7,w:22},{x:29,y:38,l:28,w:5},{x:68,y:13,l:17,w:8},{x:26,y:89,l:11,w:12},{x:38,y:94,l:6,w:20},{x:0,y:83,l:12,w:9},{x:38,y:89,l:5,w:21},{x:42,y:35,l:3,w:33},{x:68,y:10,l:3,w:32},{x:73,y:68,l:14,w:6},{x:62,y:77,l:6,w:10},{x:62,y:72,l:5,w:11},{x:73,y:60,l:8,w:6},{x:59,y:69,l:16,w:3},{x:67,y:99,l:1,w:33},{x:0,y:95,l:5,w:6},{x:72,y:38,l:25,w:1},{x:26,y:66,l:3,w:8},{x:25,y:90,l:10,w:1},],
----------------------- 4 ---------------------------
canvasWidth:100,
canvasHeight:100,
data:[{x:0,y:0,l:21,w:21},{x:39,y:0,l:24,w:17},{x:56,y:0,l:10,w:29},{x:86,y:0,l:20,w:14},{x:74,y:10,l:25,w:11},{x:0,y:21,l:13,w:20},{x:56,y:10,l:14,w:18},{x:37,y:24,l:15,w:16},{x:92,y:28,l:30,w:8},{x:74,y:35,l:10,w:18},{x:0,y:36,l:6,w:29},{x:20,y:21,l:10,w:17},{x:29,y:39,l:5,w:23},{x:85,y:20,l:8,w:14},{x:52,y:39,l:4,w:22},{x:53,y:24,l:8,w:11},{x:0,y:34,l:2,w:20},{x:21,y:0,l:21,w:18},],
