====================================== Class_04.2bp-11 =====================================
Reduced size: 40 usedBin: 0
[0, 1, 2, 3, 4, 5, 6, 7, 9, 10, 13, 14, 15, 17, 19, 20, 23, 26, 28, 29, 30, 31, 32, 34, 35, 36, 37, 38, 39]
[8, 11, 12, 16, 18, 21, 22, 24, 25, 27, 33]
canvasWidth:100,
canvasHeight:100,
data:[{x:0,y:0,l:30,w:29},{x:41,y:0,l:28,w:30},{x:0,y:30,l:25,w:33},{x:0,y:56,l:19,w:32},{x:38,y:46,l:18,w:33},{x:71,y:0,l:29,w:19},{x:41,y:28,l:18,w:30},{x:71,y:52,l:31,w:17},{x:6,y:89,l:11,w:19},{x:42,y:73,l:19,w:22},{x:29,y:0,l:30,w:12},{x:0,y:75,l:14,w:25},{x:38,y:64,l:9,w:33},{x:32,y:73,l:27,w:10},{x:71,y:29,l:23,w:19},{x:25,y:75,l:25,w:7},{x:68,y:83,l:5,w:32},{x:33,y:30,l:26,w:5},{x:90,y:16,l:28,w:4},{x:32,y:56,l:17,w:6},{x:90,y:0,l:11,w:9},{x:68,y:88,l:3,w:30},{x:64,y:73,l:20,w:4},{x:38,y:30,l:16,w:3},{x:0,y:55,l:1,w:33},{x:68,y:73,l:10,w:3},{x:90,y:11,l:3,w:8},{x:90,y:14,l:2,w:8},{x:0,y:89,l:2,w:5},],
canvasWidth:100,
canvasHeight:100,
data:[{x:0,y:0,l:22,w:23},{x:23,y:0,l:32,w:12},{x:35,y:0,l:26,w:14},{x:49,y:0,l:10,w:28},{x:0,y:22,l:11,w:23},{x:77,y:0,l:19,w:9},{x:86,y:0,l:24,w:7},{x:0,y:33,l:6,w:23},{x:96,y:0,l:34,w:4},{x:49,y:10,l:5,w:24},{x:49,y:15,l:5,w:15},],
Best fit used bin number: 2
Found best solution: 2 0.063

   Statrt add columnAndCut col: 2 cons: 0 cut: 0	0.141

	1 Start Add column using column generation  col: 2 cons: 0 cut: 0	0.141
			Start solve  LP :0.141
			End solve LP obj: 2.0 t: 0
	1 End Add column using column generation : 2.0 col: 2 cons: 0 cut: 0	0.157
   End add columnAndCut : 2.0 colGencnt: 1 price: 0 col: 2 cons: 0 cut: 0	0.157

Node lb: 2.0 ub: 2 : 0.157

Final Found Solution: 2 genNode: 1 extendedNode: 0:0.157
Bin size: 10000
1 : 870,840,825,608,594,551,540,527,437,418,360,350,297,270,209,175,160,130,112,102,99,90,80,48,33,30,24,16,10, : 8805
2 : 506,384,364,280,253,171,168,138,136,120,75, : 2595
----------------------- 1 ---------------------------
canvasWidth:100,
canvasHeight:100,
data:[{x:0,y:0,l:30,w:29},{x:41,y:0,l:28,w:30},{x:0,y:30,l:25,w:33},{x:0,y:56,l:19,w:32},{x:38,y:46,l:18,w:33},{x:71,y:0,l:29,w:19},{x:41,y:28,l:18,w:30},{x:71,y:52,l:31,w:17},{x:6,y:89,l:11,w:19},{x:42,y:73,l:19,w:22},{x:29,y:0,l:30,w:12},{x:0,y:75,l:14,w:25},{x:38,y:64,l:9,w:33},{x:32,y:73,l:27,w:10},{x:71,y:29,l:23,w:19},{x:25,y:75,l:25,w:7},{x:68,y:83,l:5,w:32},{x:33,y:30,l:26,w:5},{x:90,y:16,l:28,w:4},{x:32,y:56,l:17,w:6},{x:90,y:0,l:11,w:9},{x:68,y:88,l:3,w:30},{x:64,y:73,l:20,w:4},{x:38,y:30,l:16,w:3},{x:0,y:55,l:1,w:33},{x:68,y:73,l:10,w:3},{x:90,y:11,l:3,w:8},{x:90,y:14,l:2,w:8},{x:0,y:89,l:2,w:5},],
----------------------- 2 ---------------------------
canvasWidth:100,
canvasHeight:100,
data:[{x:0,y:0,l:22,w:23},{x:23,y:0,l:32,w:12},{x:35,y:0,l:26,w:14},{x:49,y:0,l:10,w:28},{x:0,y:22,l:11,w:23},{x:77,y:0,l:19,w:9},{x:86,y:0,l:24,w:7},{x:0,y:33,l:6,w:23},{x:96,y:0,l:34,w:4},{x:49,y:10,l:5,w:24},{x:49,y:15,l:5,w:15},],
