====================================== Class_01.2bp-29 =====================================
Reduced size: 60 usedBin: 0
E:\WSKH\2DBPP\NonGuillotine\initSolution\1_30.pack
[2, 53]
[0]
[1, 42]
[4, 55]
[3, 43, 54]
[7, 38, 58]
[5, 40, 56]
[6, 44, 48]
[8, 45]
[9, 32]
[10, 33]
[12, 46, 51]
[11, 21]
[16, 36]
[15, 39]
[13]
[14, 22, 52]
[17, 26, 49]
[18, 25]
[20, 24, 47, 57, 59]
[23, 34, 37]
[27, 30, 31, 50]
[28, 35, 41]
[19, 29]
canvasWidth:10,
canvasHeight:10,
data:[{x:0,y:0,l:8,w:10},{x:5,y:8,l:2,w:5},],
canvasWidth:10,
canvasHeight:10,
data:[{x:0,y:0,l:8,w:10},],
canvasWidth:10,
canvasHeight:10,
data:[{x:0,y:0,l:10,w:8},{x:8,y:0,l:10,w:2},],
canvasWidth:10,
canvasHeight:10,
data:[{x:0,y:0,l:8,w:9},{x:9,y:0,l:8,w:1},],
canvasWidth:10,
canvasHeight:10,
data:[{x:0,y:0,l:9,w:8},{x:8,y:0,l:9,w:2},{x:0,y:9,l:1,w:10},],
canvasWidth:10,
canvasHeight:10,
data:[{x:0,y:0,l:10,w:7},{x:7,y:0,l:8,w:3},{x:7,y:8,l:2,w:2},],
canvasWidth:10,
canvasHeight:10,
data:[{x:0,y:0,l:10,w:7},{x:7,y:0,l:7,w:3},{x:7,y:7,l:3,w:2},],
canvasWidth:10,
canvasHeight:10,
data:[{x:0,y:0,l:10,w:7},{x:7,y:0,l:6,w:3},{x:7,y:6,l:4,w:3},],
canvasWidth:10,
canvasHeight:10,
data:[{x:0,y:0,l:8,w:8},{x:8,y:0,l:8,w:2},],
canvasWidth:10,
canvasHeight:10,
data:[{x:0,y:0,l:7,w:9},{x:0,y:7,l:3,w:9},],
canvasWidth:10,
canvasHeight:10,
data:[{x:0,y:0,l:9,w:7},{x:7,y:0,l:9,w:3},],
canvasWidth:10,
canvasHeight:10,
data:[{x:0,y:0,l:6,w:10},{x:0,y:6,l:3,w:4},{x:6,y:6,l:4,w:4},],
canvasWidth:10,
canvasHeight:10,
data:[{x:0,y:0,l:10,w:6},{x:6,y:0,l:10,w:4},],
canvasWidth:10,
canvasHeight:10,
data:[{x:0,y:0,l:6,w:9},{x:0,y:6,l:3,w:8},],
canvasWidth:10,
canvasHeight:10,
data:[{x:0,y:0,l:6,w:9},{x:0,y:6,l:3,w:8},],
canvasWidth:10,
canvasHeight:10,
data:[{x:0,y:0,l:6,w:9},],
canvasWidth:10,
canvasHeight:10,
data:[{x:0,y:0,l:9,w:6},{x:6,y:0,l:9,w:4},{x:0,y:9,l:1,w:10},],
canvasWidth:10,
canvasHeight:10,
data:[{x:0,y:0,l:6,w:8},{x:0,y:6,l:4,w:8},{x:8,y:0,l:6,w:2},],
canvasWidth:10,
canvasHeight:10,
data:[{x:0,y:0,l:8,w:6},{x:6,y:0,l:8,w:4},],
canvasWidth:10,
canvasHeight:10,
data:[{x:0,y:0,l:6,w:7},{x:0,y:6,l:4,w:8},{x:7,y:0,l:2,w:3},{x:8,y:2,l:7,w:2},{x:8,y:9,l:1,w:2},],
canvasWidth:10,
canvasHeight:10,
data:[{x:0,y:0,l:6,w:6},{x:0,y:6,l:3,w:9},{x:6,y:0,l:6,w:4},],
canvasWidth:10,
canvasHeight:10,
data:[{x:0,y:0,l:3,w:10},{x:0,y:3,l:5,w:6},{x:6,y:3,l:7,w:4},{x:0,y:8,l:2,w:6},],
canvasWidth:10,
canvasHeight:10,
data:[{x:0,y:0,l:5,w:6},{x:5,y:5,l:5,w:5},{x:6,y:0,l:5,w:4},],
canvasWidth:10,
canvasHeight:10,
data:[{x:5,y:0,l:9,w:5},{x:0,y:0,l:6,w:5},],
Best fit used bin number: 24
Found best solution: 24 0.078

   Statrt add columnAndCut col: 24 cons: 0 cut: 0	0.141

	1 Start Add column using column generation  col: 24 cons: 0 cut: 0	0.141
			Start solve  LP :0.141
			End solve LP obj: 24.0 t: 0
	1 End Add column using column generation : 24.0 col: 24 cons: 0 cut: 0	0.141
   End add columnAndCut : 24.0 colGencnt: 1 price: 0 col: 24 cons: 0 cut: 0	0.141

Node lb: 24.0 ub: 24 : 0.141

Final Found Solution: 24 genNode: 1 extendedNode: 0:0.156
Bin size: 100
1 : 80,10, : 90
2 : 80, : 80
3 : 80,20, : 100
4 : 72,8, : 80
5 : 72,18,10, : 100
6 : 70,24,4, : 98
7 : 70,21,6, : 97
8 : 70,18,12, : 100
9 : 64,16, : 80
10 : 63,27, : 90
11 : 63,27, : 90
12 : 60,16,12, : 88
13 : 60,40, : 100
14 : 54,24, : 78
15 : 54,24, : 78
16 : 54, : 54
17 : 54,36,10, : 100
18 : 48,32,12, : 92
19 : 48,32, : 80
20 : 42,32,14,6,2, : 96
21 : 36,27,24, : 87
22 : 30,30,28,12, : 100
23 : 30,25,20, : 75
24 : 45,30, : 75
----------------------- 1 ---------------------------
canvasWidth:10,
canvasHeight:10,
data:[{x:0,y:0,l:8,w:10},{x:5,y:8,l:2,w:5},],
----------------------- 2 ---------------------------
canvasWidth:10,
canvasHeight:10,
data:[{x:0,y:0,l:8,w:10},],
----------------------- 3 ---------------------------
canvasWidth:10,
canvasHeight:10,
data:[{x:0,y:0,l:10,w:8},{x:8,y:0,l:10,w:2},],
----------------------- 4 ---------------------------
canvasWidth:10,
canvasHeight:10,
data:[{x:0,y:0,l:8,w:9},{x:9,y:0,l:8,w:1},],
----------------------- 5 ---------------------------
canvasWidth:10,
canvasHeight:10,
data:[{x:0,y:0,l:9,w:8},{x:8,y:0,l:9,w:2},{x:0,y:9,l:1,w:10},],
----------------------- 6 ---------------------------
canvasWidth:10,
canvasHeight:10,
data:[{x:0,y:0,l:10,w:7},{x:7,y:0,l:8,w:3},{x:7,y:8,l:2,w:2},],
----------------------- 7 ---------------------------
canvasWidth:10,
canvasHeight:10,
data:[{x:0,y:0,l:10,w:7},{x:7,y:0,l:7,w:3},{x:7,y:7,l:3,w:2},],
----------------------- 8 ---------------------------
canvasWidth:10,
canvasHeight:10,
data:[{x:0,y:0,l:10,w:7},{x:7,y:0,l:6,w:3},{x:7,y:6,l:4,w:3},],
----------------------- 9 ---------------------------
canvasWidth:10,
canvasHeight:10,
data:[{x:0,y:0,l:8,w:8},{x:8,y:0,l:8,w:2},],
----------------------- 10 ---------------------------
canvasWidth:10,
canvasHeight:10,
data:[{x:0,y:0,l:7,w:9},{x:0,y:7,l:3,w:9},],
----------------------- 11 ---------------------------
canvasWidth:10,
canvasHeight:10,
data:[{x:0,y:0,l:9,w:7},{x:7,y:0,l:9,w:3},],
----------------------- 12 ---------------------------
canvasWidth:10,
canvasHeight:10,
data:[{x:0,y:0,l:6,w:10},{x:0,y:6,l:3,w:4},{x:6,y:6,l:4,w:4},],
----------------------- 13 ---------------------------
canvasWidth:10,
canvasHeight:10,
data:[{x:0,y:0,l:10,w:6},{x:6,y:0,l:10,w:4},],
----------------------- 14 ---------------------------
canvasWidth:10,
canvasHeight:10,
data:[{x:0,y:0,l:6,w:9},{x:0,y:6,l:3,w:8},],
----------------------- 15 ---------------------------
canvasWidth:10,
canvasHeight:10,
data:[{x:0,y:0,l:6,w:9},{x:0,y:6,l:3,w:8},],
----------------------- 16 ---------------------------
canvasWidth:10,
canvasHeight:10,
data:[{x:0,y:0,l:6,w:9},],
----------------------- 17 ---------------------------
canvasWidth:10,
canvasHeight:10,
data:[{x:0,y:0,l:9,w:6},{x:6,y:0,l:9,w:4},{x:0,y:9,l:1,w:10},],
----------------------- 18 ---------------------------
canvasWidth:10,
canvasHeight:10,
data:[{x:0,y:0,l:6,w:8},{x:0,y:6,l:4,w:8},{x:8,y:0,l:6,w:2},],
----------------------- 19 ---------------------------
canvasWidth:10,
canvasHeight:10,
data:[{x:0,y:0,l:8,w:6},{x:6,y:0,l:8,w:4},],
----------------------- 20 ---------------------------
canvasWidth:10,
canvasHeight:10,
data:[{x:0,y:0,l:6,w:7},{x:0,y:6,l:4,w:8},{x:7,y:0,l:2,w:3},{x:8,y:2,l:7,w:2},{x:8,y:9,l:1,w:2},],
----------------------- 21 ---------------------------
canvasWidth:10,
canvasHeight:10,
data:[{x:0,y:0,l:6,w:6},{x:0,y:6,l:3,w:9},{x:6,y:0,l:6,w:4},],
----------------------- 22 ---------------------------
canvasWidth:10,
canvasHeight:10,
data:[{x:0,y:0,l:3,w:10},{x:0,y:3,l:5,w:6},{x:6,y:3,l:7,w:4},{x:0,y:8,l:2,w:6},],
----------------------- 23 ---------------------------
canvasWidth:10,
canvasHeight:10,
data:[{x:0,y:0,l:5,w:6},{x:5,y:5,l:5,w:5},{x:6,y:0,l:5,w:4},],
----------------------- 24 ---------------------------
canvasWidth:10,
canvasHeight:10,
data:[{x:5,y:0,l:9,w:5},{x:0,y:0,l:6,w:5},],
