====================================== Class_02.2bp-23 =====================================
Reduced size: 60 usedBin: 0
[0, 1, 2, 3, 4, 5, 6, 7, 9, 15, 26, 27, 29, 31, 34, 40, 41, 43, 44, 46, 55, 56, 57, 59]
[8, 10, 11, 12, 13, 14, 16, 17, 18, 19, 20, 21, 22, 23, 24, 25, 28, 30, 32, 33, 35, 36, 38, 39, 42, 47, 53, 58]
[37, 45, 48, 49, 50, 51, 52, 54]
canvasWidth:30,
canvasHeight:30,
data:[{x:0,y:0,l:10,w:10},{x:0,y:10,l:9,w:10},{x:10,y:0,l:9,w:9},{x:22,y:18,l:10,w:8},{x:19,y:0,l:9,w:8},{x:0,y:19,l:7,w:10},{x:10,y:9,l:6,w:10},{x:10,y:15,l:6,w:10},{x:11,y:21,l:6,w:9},{x:22,y:9,l:9,w:5},{x:27,y:0,l:10,w:3},{x:0,y:26,l:4,w:7},{x:11,y:27,l:3,w:9},{x:27,y:10,l:8,w:3},{x:20,y:15,l:10,w:2},{x:20,y:9,l:6,w:2},{x:20,y:25,l:5,w:2},{x:10,y:21,l:9,w:1},{x:22,y:28,l:1,w:8},{x:22,y:29,l:1,w:8},{x:7,y:26,l:4,w:1},{x:8,y:27,l:3,w:1},{x:9,y:27,l:3,w:1},{x:8,y:26,l:1,w:2},],
canvasWidth:30,
canvasHeight:30,
data:[{x:0,y:0,l:7,w:8},{x:0,y:7,l:5,w:10},{x:8,y:0,l:7,w:7},{x:0,y:12,l:6,w:8},{x:8,y:12,l:6,w:8},{x:22,y:16,l:8,w:6},{x:15,y:0,l:7,w:6},{x:10,y:7,l:5,w:8},{x:0,y:18,l:8,w:5},{x:16,y:12,l:6,w:6},{x:22,y:12,l:3,w:8},{x:18,y:7,l:5,w:7},{x:5,y:18,l:5,w:7},{x:15,y:19,l:5,w:7},{x:21,y:0,l:7,w:5},{x:5,y:23,l:7,w:5},{x:26,y:0,l:7,w:4},{x:25,y:7,l:5,w:5},{x:24,y:24,l:6,w:6},{x:12,y:19,l:7,w:3},{x:0,y:26,l:4,w:5},{x:15,y:24,l:3,w:6},{x:28,y:16,l:8,w:2},{x:10,y:23,l:7,w:2},{x:12,y:18,l:1,w:10},{x:22,y:15,l:1,w:8},{x:23,y:24,l:6,w:1},{x:21,y:24,l:1,w:2},],
canvasWidth:30,
canvasHeight:30,
data:[{x:0,y:0,l:4,w:4},{x:4,y:0,l:8,w:1},{x:5,y:0,l:8,w:1},{x:6,y:0,l:1,w:7},{x:6,y:1,l:7,w:1},{x:0,y:5,l:7,w:1},{x:13,y:0,l:1,w:6},{x:0,y:4,l:1,w:4},],
Best fit used bin number: 3
Found best solution: 3 0.062

   Statrt add columnAndCut col: 3 cons: 0 cut: 0	0.141

	1 Start Add column using column generation  col: 3 cons: 0 cut: 0	0.141
			Start solve  LP :0.141
			End solve LP obj: 3.0 t: 0
	1 End Add column using column generation : 3.0 col: 3 cons: 0 cut: 0	0.141
   End add columnAndCut : 3.0 colGencnt: 1 price: 0 col: 3 cons: 0 cut: 0	0.141

Node lb: 3.0 ub: 3 : 0.141

Final Found Solution: 3 genNode: 1 extendedNode: 0:0.141
Bin size: 900
1 : 100,90,81,80,72,70,60,60,54,45,30,28,27,24,20,12,10,9,8,8,4,3,3,2, : 900
2 : 56,50,49,48,48,48,42,40,40,36,36,35,35,35,35,35,28,25,24,21,20,18,16,14,10,8,6,2, : 860
3 : 16,8,8,7,7,7,6,4, : 63
----------------------- 1 ---------------------------
canvasWidth:30,
canvasHeight:30,
data:[{x:0,y:0,l:10,w:10},{x:0,y:10,l:9,w:10},{x:10,y:0,l:9,w:9},{x:22,y:18,l:10,w:8},{x:19,y:0,l:9,w:8},{x:0,y:19,l:7,w:10},{x:10,y:9,l:6,w:10},{x:10,y:15,l:6,w:10},{x:11,y:21,l:6,w:9},{x:22,y:9,l:9,w:5},{x:27,y:0,l:10,w:3},{x:0,y:26,l:4,w:7},{x:11,y:27,l:3,w:9},{x:27,y:10,l:8,w:3},{x:20,y:15,l:10,w:2},{x:20,y:9,l:6,w:2},{x:20,y:25,l:5,w:2},{x:10,y:21,l:9,w:1},{x:22,y:28,l:1,w:8},{x:22,y:29,l:1,w:8},{x:7,y:26,l:4,w:1},{x:8,y:27,l:3,w:1},{x:9,y:27,l:3,w:1},{x:8,y:26,l:1,w:2},],
----------------------- 2 ---------------------------
canvasWidth:30,
canvasHeight:30,
data:[{x:0,y:0,l:7,w:8},{x:0,y:7,l:5,w:10},{x:8,y:0,l:7,w:7},{x:0,y:12,l:6,w:8},{x:8,y:12,l:6,w:8},{x:22,y:16,l:8,w:6},{x:15,y:0,l:7,w:6},{x:10,y:7,l:5,w:8},{x:0,y:18,l:8,w:5},{x:16,y:12,l:6,w:6},{x:22,y:12,l:3,w:8},{x:18,y:7,l:5,w:7},{x:5,y:18,l:5,w:7},{x:15,y:19,l:5,w:7},{x:21,y:0,l:7,w:5},{x:5,y:23,l:7,w:5},{x:26,y:0,l:7,w:4},{x:25,y:7,l:5,w:5},{x:24,y:24,l:6,w:6},{x:12,y:19,l:7,w:3},{x:0,y:26,l:4,w:5},{x:15,y:24,l:3,w:6},{x:28,y:16,l:8,w:2},{x:10,y:23,l:7,w:2},{x:12,y:18,l:1,w:10},{x:22,y:15,l:1,w:8},{x:23,y:24,l:6,w:1},{x:21,y:24,l:1,w:2},],
----------------------- 3 ---------------------------
canvasWidth:30,
canvasHeight:30,
data:[{x:0,y:0,l:4,w:4},{x:4,y:0,l:8,w:1},{x:5,y:0,l:8,w:1},{x:6,y:0,l:1,w:7},{x:6,y:1,l:7,w:1},{x:0,y:5,l:7,w:1},{x:13,y:0,l:1,w:6},{x:0,y:4,l:1,w:4},],
