====================================== Class_02.2bp-43 =====================================
Reduced size: 100 usedBin: 0
[0, 1, 2, 3, 4, 5, 6, 9, 10, 15, 19, 31, 34, 49, 54, 76, 89, 93, 98, 99]
[7, 8, 11, 12, 13, 14, 16, 17, 18, 20, 21, 24, 26, 27, 30, 47, 56, 57, 59, 60, 62, 64, 78]
[22, 23, 25, 28, 29, 32, 33, 35, 36, 37, 38, 39, 40, 41, 42, 43, 44, 48, 50, 52, 55, 58, 61, 67, 69, 71, 72, 73, 74, 75, 77, 79, 80, 81, 82, 83, 84, 86, 88, 90, 91, 94, 95, 96, 97]
[45, 46, 51, 53, 63, 65, 66, 68, 70, 85, 87, 92]
canvasWidth:30,
canvasHeight:30,
data:[{x:0,y:0,l:10,w:9},{x:0,y:10,l:9,w:9},{x:9,y:0,l:10,w:8},{x:0,y:19,l:8,w:9},{x:9,y:10,l:9,w:8},{x:17,y:0,l:10,w:7},{x:9,y:19,l:8,w:8},{x:21,y:19,l:7,w:9},{x:17,y:10,l:9,w:7},{x:24,y:0,l:9,w:6},{x:24,y:9,l:8,w:6},{x:21,y:26,l:4,w:9},{x:17,y:19,l:9,w:4},{x:0,y:27,l:3,w:8},{x:9,y:27,l:3,w:7},{x:24,y:17,l:2,w:6},{x:16,y:28,l:2,w:3},{x:19,y:28,l:2,w:2},{x:8,y:27,l:3,w:1},{x:16,y:27,l:1,w:1},],
canvasWidth:30,
canvasHeight:30,
data:[{x:0,y:0,l:8,w:8},{x:8,y:0,l:7,w:9},{x:17,y:0,l:6,w:10},{x:0,y:8,l:7,w:8},{x:17,y:6,l:8,w:7},{x:8,y:7,l:6,w:9},{x:17,y:14,l:5,w:10},{x:0,y:20,l:10,w:5},{x:8,y:20,l:10,w:5},{x:24,y:6,l:8,w:6},{x:8,y:13,l:5,w:9},{x:17,y:19,l:6,w:7},{x:0,y:15,l:5,w:8},{x:22,y:25,l:5,w:8},{x:24,y:19,l:6,w:6},{x:17,y:25,l:5,w:5},{x:5,y:20,l:10,w:2},{x:13,y:20,l:10,w:2},{x:27,y:0,l:6,w:3},{x:15,y:20,l:9,w:2},{x:27,y:14,l:5,w:3},{x:7,y:20,l:10,w:1},{x:8,y:18,l:2,w:9},],
canvasWidth:30,
canvasHeight:30,
data:[{x:0,y:0,l:6,w:7},{x:19,y:0,l:7,w:6},{x:14,y:7,l:4,w:10},{x:0,y:14,l:4,w:10},{x:7,y:0,l:6,w:6},{x:0,y:18,l:9,w:4},{x:4,y:18,l:9,w:4},{x:10,y:14,l:4,w:8},{x:8,y:18,l:8,w:4},{x:12,y:18,l:8,w:4},{x:16,y:18,l:8,w:4},{x:20,y:20,l:8,w:4},{x:13,y:0,l:6,w:5},{x:18,y:14,l:4,w:7},{x:1,y:7,l:7,w:4},{x:5,y:7,l:7,w:4},{x:9,y:7,l:7,w:4},{x:24,y:7,l:4,w:6},{x:12,y:26,l:4,w:6},{x:24,y:20,l:4,w:6},{x:14,y:11,l:3,w:7},{x:20,y:18,l:2,w:10},{x:18,y:0,l:6,w:1},{x:21,y:11,l:3,w:6},{x:25,y:0,l:3,w:5},{x:23,y:28,l:2,w:7},{x:24,y:24,l:2,w:6},{x:0,y:27,l:3,w:4},{x:4,y:27,l:3,w:4},{x:25,y:3,l:4,w:3},{x:25,y:14,l:4,w:3},{x:9,y:6,l:1,w:10},{x:27,y:11,l:3,w:3},{x:1,y:6,l:1,w:8},{x:28,y:3,l:4,w:2},{x:28,y:14,l:4,w:2},{x:8,y:26,l:4,w:2},{x:0,y:6,l:8,w:1},{x:13,y:7,l:7,w:1},{x:24,y:26,l:2,w:3},{x:10,y:26,l:4,w:1},{x:11,y:26,l:4,w:1},{x:27,y:26,l:1,w:3},{x:27,y:27,l:1,w:3},{x:20,y:28,l:1,w:3},],
canvasWidth:30,
canvasHeight:30,
data:[{x:0,y:0,l:9,w:3},{x:3,y:0,l:9,w:3},{x:6,y:0,l:8,w:3},{x:9,y:0,l:8,w:3},{x:12,y:0,l:8,w:2},{x:14,y:0,l:5,w:3},{x:17,y:0,l:5,w:3},{x:20,y:0,l:2,w:7},{x:20,y:2,l:2,w:7},{x:6,y:8,l:1,w:7},{x:20,y:4,l:1,w:7},{x:14,y:5,l:1,w:4},],
Best fit used bin number: 4
Found best solution: 4 0.078

   Statrt add columnAndCut col: 4 cons: 0 cut: 0	0.14

	1 Start Add column using column generation  col: 4 cons: 0 cut: 0	0.14
			Start solve  LP :0.14
			End solve LP obj: 4.0 t: 0
	1 End Add column using column generation : 4.0 col: 4 cons: 0 cut: 0	0.14
   End add columnAndCut : 4.0 colGencnt: 1 price: 0 col: 4 cons: 0 cut: 0	0.14

Node lb: 4.0 ub: 4 : 0.14

Final Found Solution: 4 genNode: 1 extendedNode: 0:0.14
Bin size: 900
1 : 90,81,80,72,72,70,64,63,63,54,48,36,36,24,21,12,6,4,3,1, : 900
2 : 64,63,60,56,56,54,50,50,50,48,45,42,40,40,36,25,20,20,18,18,18,15,10, : 898
3 : 42,42,40,40,36,36,36,32,32,32,32,32,30,28,28,28,28,24,24,24,21,20,18,15,14,12,12,12,12,12,10,9,8,8,8,8,8,7,6,6,4,4,3,3,3, : 889
4 : 27,27,24,24,16,15,15,14,14,7,7,4, : 194
----------------------- 1 ---------------------------
canvasWidth:30,
canvasHeight:30,
data:[{x:0,y:0,l:10,w:9},{x:0,y:10,l:9,w:9},{x:9,y:0,l:10,w:8},{x:0,y:19,l:8,w:9},{x:9,y:10,l:9,w:8},{x:17,y:0,l:10,w:7},{x:9,y:19,l:8,w:8},{x:21,y:19,l:7,w:9},{x:17,y:10,l:9,w:7},{x:24,y:0,l:9,w:6},{x:24,y:9,l:8,w:6},{x:21,y:26,l:4,w:9},{x:17,y:19,l:9,w:4},{x:0,y:27,l:3,w:8},{x:9,y:27,l:3,w:7},{x:24,y:17,l:2,w:6},{x:16,y:28,l:2,w:3},{x:19,y:28,l:2,w:2},{x:8,y:27,l:3,w:1},{x:16,y:27,l:1,w:1},],
----------------------- 2 ---------------------------
canvasWidth:30,
canvasHeight:30,
data:[{x:0,y:0,l:8,w:8},{x:8,y:0,l:7,w:9},{x:17,y:0,l:6,w:10},{x:0,y:8,l:7,w:8},{x:17,y:6,l:8,w:7},{x:8,y:7,l:6,w:9},{x:17,y:14,l:5,w:10},{x:0,y:20,l:10,w:5},{x:8,y:20,l:10,w:5},{x:24,y:6,l:8,w:6},{x:8,y:13,l:5,w:9},{x:17,y:19,l:6,w:7},{x:0,y:15,l:5,w:8},{x:22,y:25,l:5,w:8},{x:24,y:19,l:6,w:6},{x:17,y:25,l:5,w:5},{x:5,y:20,l:10,w:2},{x:13,y:20,l:10,w:2},{x:27,y:0,l:6,w:3},{x:15,y:20,l:9,w:2},{x:27,y:14,l:5,w:3},{x:7,y:20,l:10,w:1},{x:8,y:18,l:2,w:9},],
----------------------- 3 ---------------------------
canvasWidth:30,
canvasHeight:30,
data:[{x:0,y:0,l:6,w:7},{x:19,y:0,l:7,w:6},{x:14,y:7,l:4,w:10},{x:0,y:14,l:4,w:10},{x:7,y:0,l:6,w:6},{x:0,y:18,l:9,w:4},{x:4,y:18,l:9,w:4},{x:10,y:14,l:4,w:8},{x:8,y:18,l:8,w:4},{x:12,y:18,l:8,w:4},{x:16,y:18,l:8,w:4},{x:20,y:20,l:8,w:4},{x:13,y:0,l:6,w:5},{x:18,y:14,l:4,w:7},{x:1,y:7,l:7,w:4},{x:5,y:7,l:7,w:4},{x:9,y:7,l:7,w:4},{x:24,y:7,l:4,w:6},{x:12,y:26,l:4,w:6},{x:24,y:20,l:4,w:6},{x:14,y:11,l:3,w:7},{x:20,y:18,l:2,w:10},{x:18,y:0,l:6,w:1},{x:21,y:11,l:3,w:6},{x:25,y:0,l:3,w:5},{x:23,y:28,l:2,w:7},{x:24,y:24,l:2,w:6},{x:0,y:27,l:3,w:4},{x:4,y:27,l:3,w:4},{x:25,y:3,l:4,w:3},{x:25,y:14,l:4,w:3},{x:9,y:6,l:1,w:10},{x:27,y:11,l:3,w:3},{x:1,y:6,l:1,w:8},{x:28,y:3,l:4,w:2},{x:28,y:14,l:4,w:2},{x:8,y:26,l:4,w:2},{x:0,y:6,l:8,w:1},{x:13,y:7,l:7,w:1},{x:24,y:26,l:2,w:3},{x:10,y:26,l:4,w:1},{x:11,y:26,l:4,w:1},{x:27,y:26,l:1,w:3},{x:27,y:27,l:1,w:3},{x:20,y:28,l:1,w:3},],
----------------------- 4 ---------------------------
canvasWidth:30,
canvasHeight:30,
data:[{x:0,y:0,l:9,w:3},{x:3,y:0,l:9,w:3},{x:6,y:0,l:8,w:3},{x:9,y:0,l:8,w:3},{x:12,y:0,l:8,w:2},{x:14,y:0,l:5,w:3},{x:17,y:0,l:5,w:3},{x:20,y:0,l:2,w:7},{x:20,y:2,l:2,w:7},{x:6,y:8,l:1,w:7},{x:20,y:4,l:1,w:7},{x:14,y:5,l:1,w:4},],
