====================================== Class_05.2bp-3 =====================================
Reduced size: 20 usedBin: 0
E:\WSKH\2DBPP\NonGuillotine\initSolution\5_4.pack
[0, 7, 14, 15]
[2, 5, 12]
[1, 3, 13, 17]
[4, 10, 11, 16, 18, 19]
[6, 8, 9]
canvasWidth:100,
canvasHeight:100,
data:[{x:0,y:0,l:53,w:90},{x:11,y:53,l:27,w:79},{x:90,y:0,l:80,w:10},{x:16,y:80,l:8,w:84},],
canvasWidth:100,
canvasHeight:100,
data:[{x:0,y:0,l:62,w:65},{x:65,y:0,l:89,w:35},{x:0,y:62,l:16,w:65},],
canvasWidth:100,
canvasHeight:100,
data:[{x:53,y:0,l:89,w:47},{x:0,y:0,l:65,w:53},{x:0,y:65,l:31,w:26},{x:0,y:96,l:3,w:92},],
canvasWidth:100,
canvasHeight:100,
data:[{x:0,y:0,l:52,w:62},{x:62,y:0,l:73,w:15},{x:0,y:52,l:30,w:54},{x:77,y:11,l:56,w:11},{x:77,y:0,l:7,w:22},{x:77,y:7,l:4,w:21},],
canvasWidth:100,
canvasHeight:100,
data:[{x:0,y:0,l:40,w:70},{x:0,y:40,l:30,w:64},{x:73,y:0,l:78,w:27},],
Best fit used bin number: 5
Found best solution: 5 0.078

   Statrt add columnAndCut col: 5 cons: 0 cut: 0	0.14

	1 Start Add column using column generation  col: 5 cons: 0 cut: 0	0.14
			Start solve  LP :0.14
			End solve LP obj: 5.0 t: 16
	1 End Add column using column generation : 5.0 col: 5 cons: 0 cut: 0	0.156
   End add columnAndCut : 5.0 colGencnt: 1 price: 0 col: 5 cons: 0 cut: 0	0.156

Node lb: 5.0 ub: 5 : 0.156

Final Found Solution: 5 genNode: 1 extendedNode: 0:0.156
Bin size: 10000
1 : 4770,2133,800,672, : 8375
2 : 4030,3115,1040, : 8185
3 : 4183,3445,806,276, : 8710
4 : 3224,1620,1095,616,154,84, : 6793
5 : 2800,2106,1920, : 6826
----------------------- 1 ---------------------------
canvasWidth:100,
canvasHeight:100,
data:[{x:0,y:0,l:53,w:90},{x:11,y:53,l:27,w:79},{x:90,y:0,l:80,w:10},{x:16,y:80,l:8,w:84},],
----------------------- 2 ---------------------------
canvasWidth:100,
canvasHeight:100,
data:[{x:0,y:0,l:62,w:65},{x:65,y:0,l:89,w:35},{x:0,y:62,l:16,w:65},],
----------------------- 3 ---------------------------
canvasWidth:100,
canvasHeight:100,
data:[{x:53,y:0,l:89,w:47},{x:0,y:0,l:65,w:53},{x:0,y:65,l:31,w:26},{x:0,y:96,l:3,w:92},],
----------------------- 4 ---------------------------
canvasWidth:100,
canvasHeight:100,
data:[{x:0,y:0,l:52,w:62},{x:62,y:0,l:73,w:15},{x:0,y:52,l:30,w:54},{x:77,y:11,l:56,w:11},{x:77,y:0,l:7,w:22},{x:77,y:7,l:4,w:21},],
----------------------- 5 ---------------------------
canvasWidth:100,
canvasHeight:100,
data:[{x:0,y:0,l:40,w:70},{x:0,y:40,l:30,w:64},{x:73,y:0,l:78,w:27},],
