====================================== Class_04.2bp-46 =====================================
Reduced size: 100 usedBin: 0
[0, 1, 2, 4, 9, 10, 14, 16, 18, 24, 27, 32, 37, 38, 42, 58, 62, 65, 69, 72, 79, 84, 85, 93, 96, 97, 99]
[3, 5, 6, 7, 11, 12, 13, 15, 17, 20, 25, 28, 29, 40, 46, 47, 56, 64, 66, 75, 80, 83, 86, 91, 94]
[8, 19, 21, 22, 23, 26, 30, 31, 33, 34, 35, 36, 39, 41, 43, 44, 45, 48, 49, 50, 51, 52, 53, 54, 55, 57, 59, 60, 61, 63, 67, 68, 70, 71, 73, 74, 76, 77, 78, 81, 82, 87, 88, 89, 90, 92, 95, 98]
canvasWidth:100,
canvasHeight:100,
data:[{x:0,y:0,l:33,w:32},{x:0,y:33,l:28,w:35},{x:35,y:33,l:32,w:30},{x:32,y:0,l:33,w:28},{x:0,y:61,l:24,w:35},{x:65,y:21,l:22,w:35},{x:65,y:59,l:24,w:28},{x:35,y:65,l:18,w:30},{x:56,y:83,l:17,w:31},{x:60,y:0,l:21,w:21},{x:0,y:85,l:15,w:26},{x:81,y:0,l:21,w:17},{x:27,y:85,l:11,w:23},{x:65,y:43,l:8,w:35},{x:65,y:51,l:8,w:35},{x:93,y:59,l:22,w:7},{x:93,y:81,l:18,w:7},{x:27,y:96,l:4,w:29},{x:87,y:83,l:17,w:6},{x:98,y:18,l:3,w:2},{x:50,y:83,l:13,w:6},{x:60,y:21,l:12,w:5},{x:98,y:2,l:16,w:2},{x:35,y:83,l:2,w:15},{x:26,y:85,l:15,w:1},{x:93,y:99,l:1,w:5},{x:98,y:1,l:1,w:2},],
canvasWidth:100,
canvasHeight:100,
data:[{x:0,y:0,l:34,w:28},{x:0,y:34,l:29,w:31},{x:31,y:34,l:29,w:30},{x:61,y:34,l:29,w:30},{x:0,y:63,l:29,w:13},{x:34,y:63,l:32,w:24},{x:28,y:0,l:34,w:22},{x:50,y:0,l:34,w:21},{x:71,y:0,l:34,w:17},{x:58,y:63,l:16,w:33},{x:13,y:63,l:29,w:18},{x:58,y:79,l:21,w:20},{x:88,y:0,l:32,w:12},{x:91,y:34,l:29,w:9},{x:78,y:79,l:18,w:13},{x:0,y:92,l:8,w:27},{x:91,y:77,l:18,w:9},{x:34,y:95,l:5,w:24},{x:91,y:63,l:12,w:9},{x:27,y:92,l:8,w:7},{x:31,y:68,l:24,w:3},{x:78,y:97,l:3,w:11},{x:88,y:32,l:2,w:11},{x:91,y:75,l:2,w:9},{x:31,y:63,l:5,w:3},],
canvasWidth:100,
canvasHeight:100,
data:[{x:0,y:0,l:18,w:29},{x:0,y:18,l:26,w:20},{x:0,y:44,l:32,w:15},{x:0,y:76,l:22,w:1},{x:1,y:76,l:17,w:23},{x:24,y:57,l:27,w:32},{x:74,y:36,l:28,w:13},{x:56,y:30,l:20,w:18},{x:60,y:64,l:30,w:10},{x:0,y:98,l:1,w:14},{x:15,y:44,l:32,w:9},{x:20,y:18,l:26,w:11},{x:39,y:0,l:14,w:17},{x:85,y:65,l:35,w:5},{x:70,y:64,l:30,w:9},{x:24,y:44,l:13,w:20},{x:24,y:84,l:9,w:26},{x:56,y:0,l:13,w:18},{x:60,y:50,l:14,w:14},{x:64,y:13,l:13,w:15},{x:29,y:0,l:18,w:10},{x:56,y:94,l:6,w:28},{x:50,y:18,l:12,w:14},{x:44,y:43,l:14,w:12},{x:79,y:64,l:28,w:6},{x:74,y:0,l:10,w:16},{x:44,y:18,l:25,w:6},{x:89,y:35,l:20,w:7},{x:56,y:52,l:32,w:4},{x:93,y:69,l:31,w:4},{x:31,y:93,l:7,w:15},{x:90,y:55,l:35,w:3},{x:50,y:84,l:9,w:10},{x:50,y:30,l:13,w:6},{x:1,y:93,l:5,w:15},{x:46,y:93,l:7,w:7},{x:39,y:14,l:4,w:17},{x:96,y:35,l:32,w:2},{x:97,y:69,l:31,w:2},{x:87,y:35,l:27,w:2},{x:79,y:10,l:25,w:19},{x:0,y:99,l:1,w:21},{x:53,y:93,l:7,w:3},{x:74,y:26,l:10,w:2},{x:76,y:26,l:8,w:2},{x:31,y:18,l:26,w:13},{x:16,y:93,l:6,w:15},{x:56,y:13,l:4,w:1},],
Best fit used bin number: 3
Found best solution: 3 0.078

   Statrt add columnAndCut col: 3 cons: 0 cut: 0	0.172

	1 Start Add column using column generation  col: 3 cons: 0 cut: 0	0.172
			Start solve  LP :0.172
			End solve LP obj: 3.0 t: 0
	1 End Add column using column generation : 3.0 col: 3 cons: 0 cut: 0	0.172
   End add columnAndCut : 3.0 colGencnt: 1 price: 0 col: 3 cons: 0 cut: 0	0.172

Node lb: 3.0 ub: 3 : 0.172

Final Found Solution: 3 genNode: 1 extendedNode: 0:0.172
Bin size: 10000
1 : 1056,980,960,924,840,770,672,540,527,441,390,357,280,280,253,154,126,116,102,78,60,32,30,15,6,5,2, : 9996
2 : 952,899,870,870,768,748,714,578,528,522,420,384,377,261,234,216,162,120,108,72,56,33,22,18,15, : 9947
3 : 864,522,520,480,475,391,364,360,338,300,288,286,270,260,238,234,234,196,195,180,175,168,168,168,168,160,150,140,128,124,105,105,90,90,78,75,68,64,62,54,49,22,21,21,20,16,14,4, : 9502
----------------------- 1 ---------------------------
canvasWidth:100,
canvasHeight:100,
data:[{x:0,y:0,l:33,w:32},{x:0,y:33,l:28,w:35},{x:35,y:33,l:32,w:30},{x:32,y:0,l:33,w:28},{x:0,y:61,l:24,w:35},{x:65,y:21,l:22,w:35},{x:65,y:59,l:24,w:28},{x:35,y:65,l:18,w:30},{x:56,y:83,l:17,w:31},{x:60,y:0,l:21,w:21},{x:0,y:85,l:15,w:26},{x:81,y:0,l:21,w:17},{x:27,y:85,l:11,w:23},{x:65,y:43,l:8,w:35},{x:65,y:51,l:8,w:35},{x:93,y:59,l:22,w:7},{x:93,y:81,l:18,w:7},{x:27,y:96,l:4,w:29},{x:87,y:83,l:17,w:6},{x:98,y:18,l:3,w:2},{x:50,y:83,l:13,w:6},{x:60,y:21,l:12,w:5},{x:98,y:2,l:16,w:2},{x:35,y:83,l:2,w:15},{x:26,y:85,l:15,w:1},{x:93,y:99,l:1,w:5},{x:98,y:1,l:1,w:2},],
----------------------- 2 ---------------------------
canvasWidth:100,
canvasHeight:100,
data:[{x:0,y:0,l:34,w:28},{x:0,y:34,l:29,w:31},{x:31,y:34,l:29,w:30},{x:61,y:34,l:29,w:30},{x:0,y:63,l:29,w:13},{x:34,y:63,l:32,w:24},{x:28,y:0,l:34,w:22},{x:50,y:0,l:34,w:21},{x:71,y:0,l:34,w:17},{x:58,y:63,l:16,w:33},{x:13,y:63,l:29,w:18},{x:58,y:79,l:21,w:20},{x:88,y:0,l:32,w:12},{x:91,y:34,l:29,w:9},{x:78,y:79,l:18,w:13},{x:0,y:92,l:8,w:27},{x:91,y:77,l:18,w:9},{x:34,y:95,l:5,w:24},{x:91,y:63,l:12,w:9},{x:27,y:92,l:8,w:7},{x:31,y:68,l:24,w:3},{x:78,y:97,l:3,w:11},{x:88,y:32,l:2,w:11},{x:91,y:75,l:2,w:9},{x:31,y:63,l:5,w:3},],
----------------------- 3 ---------------------------
canvasWidth:100,
canvasHeight:100,
data:[{x:0,y:0,l:18,w:29},{x:0,y:18,l:26,w:20},{x:0,y:44,l:32,w:15},{x:0,y:76,l:22,w:1},{x:1,y:76,l:17,w:23},{x:24,y:57,l:27,w:32},{x:74,y:36,l:28,w:13},{x:56,y:30,l:20,w:18},{x:60,y:64,l:30,w:10},{x:0,y:98,l:1,w:14},{x:15,y:44,l:32,w:9},{x:20,y:18,l:26,w:11},{x:39,y:0,l:14,w:17},{x:85,y:65,l:35,w:5},{x:70,y:64,l:30,w:9},{x:24,y:44,l:13,w:20},{x:24,y:84,l:9,w:26},{x:56,y:0,l:13,w:18},{x:60,y:50,l:14,w:14},{x:64,y:13,l:13,w:15},{x:29,y:0,l:18,w:10},{x:56,y:94,l:6,w:28},{x:50,y:18,l:12,w:14},{x:44,y:43,l:14,w:12},{x:79,y:64,l:28,w:6},{x:74,y:0,l:10,w:16},{x:44,y:18,l:25,w:6},{x:89,y:35,l:20,w:7},{x:56,y:52,l:32,w:4},{x:93,y:69,l:31,w:4},{x:31,y:93,l:7,w:15},{x:90,y:55,l:35,w:3},{x:50,y:84,l:9,w:10},{x:50,y:30,l:13,w:6},{x:1,y:93,l:5,w:15},{x:46,y:93,l:7,w:7},{x:39,y:14,l:4,w:17},{x:96,y:35,l:32,w:2},{x:97,y:69,l:31,w:2},{x:87,y:35,l:27,w:2},{x:79,y:10,l:25,w:19},{x:0,y:99,l:1,w:21},{x:53,y:93,l:7,w:3},{x:74,y:26,l:10,w:2},{x:76,y:26,l:8,w:2},{x:31,y:18,l:26,w:13},{x:16,y:93,l:6,w:15},{x:56,y:13,l:4,w:1},],
