====================================== Class_06.2bp-41 =====================================
Reduced size: 100 usedBin: 0
[0, 1, 2, 7, 14, 15, 24, 26, 27, 30, 41, 42, 44, 45, 47, 48, 51, 52, 57, 58, 65, 69, 70, 73, 75, 78, 79, 86, 88, 89, 92, 94]
[4, 5, 6, 8, 9, 10, 11, 19, 22, 23, 32, 35, 38, 39, 43, 46, 53, 55, 59, 62, 64, 66, 72, 74, 76, 84, 85, 87, 91, 93, 95, 96, 97, 98, 99]
[3, 12, 13, 16, 17, 18, 20, 21, 25, 28, 29, 31, 33, 34, 36, 37, 40, 49, 50, 54, 56, 60, 61, 63, 67, 68, 71, 77, 80, 81, 82, 83, 90]
canvasWidth:300,
canvasHeight:300,
data:[{x:0,y:0,l:95,w:100},{x:0,y:95,l:99,w:88},{x:0,y:194,l:85,w:95},{x:100,y:0,l:46,w:33},{x:140,y:95,l:84,w:83},{x:100,y:46,l:49,w:46},{x:88,y:95,l:99,w:52},{x:140,y:210,l:30,w:11},{x:222,y:94,l:1,w:78},{x:133,y:0,l:25,w:93},{x:146,y:46,l:49,w:76},{x:95,y:194,l:46,w:45},{x:151,y:235,l:36,w:96},{x:145,y:279,l:19,w:79},{x:265,y:163,l:67,w:35},{x:226,y:0,l:24,w:74},{x:223,y:163,l:72,w:42},{x:222,y:40,l:54,w:18},{x:224,y:287,l:13,w:51},{x:133,y:25,l:11,w:24},{x:53,y:279,l:20,w:92},{x:240,y:71,l:23,w:50},{x:223,y:95,l:68,w:77},{x:241,y:24,l:41,w:58},{x:247,y:235,l:9,w:18},{x:151,y:179,l:56,w:72},{x:157,y:25,l:15,w:84},{x:140,y:179,l:31,w:11},{x:247,y:244,l:41,w:29},{x:95,y:240,l:39,w:56},{x:151,y:271,l:8,w:87},{x:0,y:279,l:20,w:53},],
canvasWidth:300,
canvasHeight:300,
data:[{x:0,y:0,l:77,w:58},{x:0,y:77,l:93,w:75},{x:0,y:170,l:70,w:99},{x:158,y:170,l:67,w:94},{x:58,y:0,l:77,w:96},{x:164,y:77,l:67,w:97},{x:158,y:237,l:45,w:94},{x:71,y:286,l:14,w:12},{x:71,y:256,l:30,w:87},{x:252,y:254,l:28,w:47},{x:164,y:144,l:26,w:99},{x:166,y:282,l:18,w:19},{x:154,y:0,l:77,w:12},{x:203,y:285,l:15,w:94},{x:99,y:170,l:86,w:33},{x:252,y:170,l:84,w:48},{x:266,y:63,l:78,w:34},{x:261,y:0,l:60,w:39},{x:132,y:170,l:86,w:26},{x:75,y:77,l:93,w:70},{x:189,y:282,l:10,w:14},{x:263,y:141,l:29,w:37},{x:71,y:240,l:16,w:28},{x:0,y:240,l:60,w:20},{x:185,y:282,l:15,w:4},{x:263,y:128,l:13,w:3},{x:166,y:0,l:77,w:95},{x:20,y:240,l:60,w:26},{x:261,y:61,l:67,w:5},{x:83,y:298,l:1,w:41},{x:46,y:240,l:60,w:25},{x:158,y:282,l:4,w:8},{x:83,y:286,l:12,w:83},{x:145,y:77,l:93,w:19},{x:261,y:128,l:16,w:2},],
canvasWidth:300,
canvasHeight:300,
data:[{x:0,y:0,l:96,w:60},{x:0,y:188,l:73,w:73},{x:60,y:0,l:76,w:98},{x:60,y:76,l:64,w:59},{x:141,y:76,l:47,w:97},{x:269,y:35,l:80,w:15},{x:0,y:261,l:38,w:71},{x:73,y:209,l:65,w:67},{x:60,y:169,l:19,w:13},{x:71,y:274,l:26,w:76},{x:0,y:96,l:19,w:60},{x:283,y:204,l:96,w:16},{x:0,y:115,l:73,w:60},{x:141,y:123,l:65,w:22},{x:247,y:123,l:87,w:7},{x:223,y:35,l:41,w:15},{x:163,y:123,l:53,w:50},{x:284,y:101,l:100,w:9},{x:222,y:173,l:67,w:25},{x:223,y:0,l:35,w:75},{x:254,y:123,l:83,w:29},{x:141,y:188,l:63,w:54},{x:213,y:123,l:50,w:24},{x:119,y:76,l:64,w:22},{x:158,y:0,l:76,w:65},{x:147,y:252,l:48,w:99},{x:247,y:215,l:85,w:36},{x:195,y:176,l:72,w:20},{x:284,y:35,l:66,w:9},{x:60,y:140,l:27,w:75},{x:238,y:35,l:88,w:31},{x:73,y:167,l:42,w:68},{x:215,y:173,l:77,w:7},],
Best fit used bin number: 3
Found best solution: 3 0.062

   Statrt add columnAndCut col: 3 cons: 0 cut: 0	0.141

	1 Start Add column using column generation  col: 3 cons: 0 cut: 0	0.141
			Start solve  LP :0.141
			End solve LP obj: 3.0 t: 0
	1 End Add column using column generation : 3.0 col: 3 cons: 0 cut: 0	0.141
   End add columnAndCut : 3.0 colGencnt: 1 price: 0 col: 3 cons: 0 cut: 0	0.141

Node lb: 3.0 ub: 3 : 0.141

Final Found Solution: 3 genNode: 1 extendedNode: 0:0.141
Bin size: 90000
1 : 9500,8712,8075,6972,5236,5148,4032,3724,3456,3024,2378,2345,2325,2254,2184,2070,1840,1776,1518,1501,1260,1189,1150,1060,972,696,663,341,330,264,162,78, : 86235
2 : 7392,7315,6975,6930,6510,6499,6298,4466,4230,4032,2838,2652,2610,2574,2340,2236,1767,1560,1500,1410,1316,1200,1073,996,924,448,342,335,168,140,60,41,39,32,32, : 89280
3 : 7448,5760,5329,4940,4752,4559,4380,4355,3776,3402,3060,2856,2728,2698,2650,2625,2407,2025,1976,1675,1536,1440,1430,1408,1200,1200,1140,900,615,609,594,539,247, : 86259
----------------------- 1 ---------------------------
canvasWidth:300,
canvasHeight:300,
data:[{x:0,y:0,l:95,w:100},{x:0,y:95,l:99,w:88},{x:0,y:194,l:85,w:95},{x:100,y:0,l:46,w:33},{x:140,y:95,l:84,w:83},{x:100,y:46,l:49,w:46},{x:88,y:95,l:99,w:52},{x:140,y:210,l:30,w:11},{x:222,y:94,l:1,w:78},{x:133,y:0,l:25,w:93},{x:146,y:46,l:49,w:76},{x:95,y:194,l:46,w:45},{x:151,y:235,l:36,w:96},{x:145,y:279,l:19,w:79},{x:265,y:163,l:67,w:35},{x:226,y:0,l:24,w:74},{x:223,y:163,l:72,w:42},{x:222,y:40,l:54,w:18},{x:224,y:287,l:13,w:51},{x:133,y:25,l:11,w:24},{x:53,y:279,l:20,w:92},{x:240,y:71,l:23,w:50},{x:223,y:95,l:68,w:77},{x:241,y:24,l:41,w:58},{x:247,y:235,l:9,w:18},{x:151,y:179,l:56,w:72},{x:157,y:25,l:15,w:84},{x:140,y:179,l:31,w:11},{x:247,y:244,l:41,w:29},{x:95,y:240,l:39,w:56},{x:151,y:271,l:8,w:87},{x:0,y:279,l:20,w:53},],
----------------------- 2 ---------------------------
canvasWidth:300,
canvasHeight:300,
data:[{x:0,y:0,l:77,w:58},{x:0,y:77,l:93,w:75},{x:0,y:170,l:70,w:99},{x:158,y:170,l:67,w:94},{x:58,y:0,l:77,w:96},{x:164,y:77,l:67,w:97},{x:158,y:237,l:45,w:94},{x:71,y:286,l:14,w:12},{x:71,y:256,l:30,w:87},{x:252,y:254,l:28,w:47},{x:164,y:144,l:26,w:99},{x:166,y:282,l:18,w:19},{x:154,y:0,l:77,w:12},{x:203,y:285,l:15,w:94},{x:99,y:170,l:86,w:33},{x:252,y:170,l:84,w:48},{x:266,y:63,l:78,w:34},{x:261,y:0,l:60,w:39},{x:132,y:170,l:86,w:26},{x:75,y:77,l:93,w:70},{x:189,y:282,l:10,w:14},{x:263,y:141,l:29,w:37},{x:71,y:240,l:16,w:28},{x:0,y:240,l:60,w:20},{x:185,y:282,l:15,w:4},{x:263,y:128,l:13,w:3},{x:166,y:0,l:77,w:95},{x:20,y:240,l:60,w:26},{x:261,y:61,l:67,w:5},{x:83,y:298,l:1,w:41},{x:46,y:240,l:60,w:25},{x:158,y:282,l:4,w:8},{x:83,y:286,l:12,w:83},{x:145,y:77,l:93,w:19},{x:261,y:128,l:16,w:2},],
----------------------- 3 ---------------------------
canvasWidth:300,
canvasHeight:300,
data:[{x:0,y:0,l:96,w:60},{x:0,y:188,l:73,w:73},{x:60,y:0,l:76,w:98},{x:60,y:76,l:64,w:59},{x:141,y:76,l:47,w:97},{x:269,y:35,l:80,w:15},{x:0,y:261,l:38,w:71},{x:73,y:209,l:65,w:67},{x:60,y:169,l:19,w:13},{x:71,y:274,l:26,w:76},{x:0,y:96,l:19,w:60},{x:283,y:204,l:96,w:16},{x:0,y:115,l:73,w:60},{x:141,y:123,l:65,w:22},{x:247,y:123,l:87,w:7},{x:223,y:35,l:41,w:15},{x:163,y:123,l:53,w:50},{x:284,y:101,l:100,w:9},{x:222,y:173,l:67,w:25},{x:223,y:0,l:35,w:75},{x:254,y:123,l:83,w:29},{x:141,y:188,l:63,w:54},{x:213,y:123,l:50,w:24},{x:119,y:76,l:64,w:22},{x:158,y:0,l:76,w:65},{x:147,y:252,l:48,w:99},{x:247,y:215,l:85,w:36},{x:195,y:176,l:72,w:20},{x:284,y:35,l:66,w:9},{x:60,y:140,l:27,w:75},{x:238,y:35,l:88,w:31},{x:73,y:167,l:42,w:68},{x:215,y:173,l:77,w:7},],
