====================================== Class_03.2bp-21 =====================================
Reduced size: 60 usedBin: 0
E:\WSKH\2DBPP\NonGuillotine\initSolution\3_22.pack
[12, 15, 32, 39, 44, 58, 59]
[0, 37, 40, 46]
[2, 38, 49, 56]
[3, 22, 23, 45, 50]
[4, 21, 33, 35, 48]
[5, 24, 29, 30, 43, 54]
[6, 7, 28]
[9, 17, 25, 51, 52]
[1, 41, 42, 47, 53, 55]
[8, 10, 31, 57]
[11, 16, 20]
[13, 18, 27, 36]
[14, 19, 26, 34]
canvasWidth:40,
canvasHeight:40,
data:[{x:0,y:0,l:21,w:25},{x:25,y:0,l:30,w:15},{x:0,y:21,l:8,w:16},{x:17,y:30,l:9,w:23},{x:0,y:29,l:8,w:11},{x:16,y:21,l:15,w:1},{x:11,y:29,l:9,w:1},],
canvasWidth:40,
canvasHeight:40,
data:[{x:0,y:0,l:34,w:34},{x:0,y:34,l:5,w:25},{x:34,y:0,l:13,w:6},{x:35,y:13,l:27,w:5},],
canvasWidth:40,
canvasHeight:40,
data:[{x:0,y:0,l:34,w:31},{x:31,y:0,l:26,w:5},{x:36,y:0,l:16,w:4},{x:38,y:16,l:14,w:2},],
canvasWidth:40,
canvasHeight:40,
data:[{x:0,y:0,l:23,w:33},{x:0,y:23,l:8,w:35},{x:0,y:31,l:8,w:35},{x:35,y:0,l:16,w:5},{x:35,y:16,l:21,w:3},],
canvasWidth:40,
canvasHeight:40,
data:[{x:0,y:0,l:28,w:26},{x:26,y:0,l:27,w:11},{x:14,y:28,l:11,w:17},{x:0,y:28,l:12,w:14},{x:37,y:0,l:34,w:2},],
canvasWidth:40,
canvasHeight:40,
data:[{x:0,y:0,l:22,w:30},{x:30,y:0,l:27,w:10},{x:0,y:22,l:8,w:30},{x:0,y:30,l:9,w:26},{x:30,y:27,l:11,w:10},{x:26,y:30,l:8,w:4},],
canvasWidth:40,
canvasHeight:40,
data:[{x:0,y:0,l:22,w:29},{x:0,y:22,l:18,w:34},{x:29,y:0,l:22,w:11},],
canvasWidth:40,
canvasHeight:40,
data:[{x:0,y:0,l:27,w:22},{x:22,y:0,l:23,w:18},{x:0,y:32,l:8,w:33},{x:0,y:27,l:3,w:20},{x:22,y:23,l:2,w:18},],
canvasWidth:40,
canvasHeight:40,
data:[{x:0,y:0,l:33,w:34},{x:0,y:33,l:7,w:10},{x:10,y:33,l:5,w:25},{x:35,y:0,l:31,w:4},{x:34,y:0,l:33,w:1},{x:10,y:38,l:2,w:16},],
canvasWidth:40,
canvasHeight:40,
data:[{x:0,y:0,l:20,w:30},{x:0,y:21,l:19,w:30},{x:30,y:0,l:23,w:10},{x:0,y:20,l:1,w:25},],
canvasWidth:40,
canvasHeight:40,
data:[{x:0,y:0,l:32,w:17},{x:17,y:0,l:19,w:22},{x:20,y:19,l:15,w:20},],
canvasWidth:40,
canvasHeight:40,
data:[{x:0,y:0,l:20,w:25},{x:0,y:20,l:13,w:27},{x:25,y:0,l:19,w:13},{x:29,y:19,l:14,w:11},],
canvasWidth:40,
canvasHeight:40,
data:[{x:0,y:0,l:25,w:20},{x:0,y:25,l:10,w:34},{x:20,y:9,l:16,w:16},{x:20,y:0,l:9,w:19},],
Best fit used bin number: 13
Found best solution: 13 0.062

   Statrt add columnAndCut col: 13 cons: 0 cut: 0	0.14

	1 Start Add column using column generation  col: 13 cons: 0 cut: 0	0.14
			Start solve  LP :0.14
			End solve LP obj: 13.0 t: 0
	1 End Add column using column generation : 13.0 col: 13 cons: 0 cut: 0	0.14
   End add columnAndCut : 13.0 colGencnt: 1 price: 0 col: 13 cons: 0 cut: 0	0.14

Node lb: 13.0 ub: 13 : 0.14

Final Found Solution: 13 genNode: 1 extendedNode: 0:0.14
Bin size: 1600
1 : 525,450,207,128,88,15,9, : 1422
2 : 1156,135,125,78, : 1494
3 : 1054,130,64,28, : 1276
4 : 759,280,280,80,63, : 1462
5 : 728,297,187,168,68, : 1448
6 : 660,270,240,234,110,32, : 1546
7 : 638,612,242, : 1492
8 : 594,414,264,60,36, : 1368
9 : 1122,125,124,70,33,32, : 1506
10 : 600,570,230,25, : 1425
11 : 544,418,300, : 1262
12 : 500,351,247,154, : 1252
13 : 500,340,256,171, : 1267
----------------------- 1 ---------------------------
canvasWidth:40,
canvasHeight:40,
data:[{x:0,y:0,l:21,w:25},{x:25,y:0,l:30,w:15},{x:0,y:21,l:8,w:16},{x:17,y:30,l:9,w:23},{x:0,y:29,l:8,w:11},{x:16,y:21,l:15,w:1},{x:11,y:29,l:9,w:1},],
----------------------- 2 ---------------------------
canvasWidth:40,
canvasHeight:40,
data:[{x:0,y:0,l:34,w:34},{x:0,y:34,l:5,w:25},{x:34,y:0,l:13,w:6},{x:35,y:13,l:27,w:5},],
----------------------- 3 ---------------------------
canvasWidth:40,
canvasHeight:40,
data:[{x:0,y:0,l:34,w:31},{x:31,y:0,l:26,w:5},{x:36,y:0,l:16,w:4},{x:38,y:16,l:14,w:2},],
----------------------- 4 ---------------------------
canvasWidth:40,
canvasHeight:40,
data:[{x:0,y:0,l:23,w:33},{x:0,y:23,l:8,w:35},{x:0,y:31,l:8,w:35},{x:35,y:0,l:16,w:5},{x:35,y:16,l:21,w:3},],
----------------------- 5 ---------------------------
canvasWidth:40,
canvasHeight:40,
data:[{x:0,y:0,l:28,w:26},{x:26,y:0,l:27,w:11},{x:14,y:28,l:11,w:17},{x:0,y:28,l:12,w:14},{x:37,y:0,l:34,w:2},],
----------------------- 6 ---------------------------
canvasWidth:40,
canvasHeight:40,
data:[{x:0,y:0,l:22,w:30},{x:30,y:0,l:27,w:10},{x:0,y:22,l:8,w:30},{x:0,y:30,l:9,w:26},{x:30,y:27,l:11,w:10},{x:26,y:30,l:8,w:4},],
----------------------- 7 ---------------------------
canvasWidth:40,
canvasHeight:40,
data:[{x:0,y:0,l:22,w:29},{x:0,y:22,l:18,w:34},{x:29,y:0,l:22,w:11},],
----------------------- 8 ---------------------------
canvasWidth:40,
canvasHeight:40,
data:[{x:0,y:0,l:27,w:22},{x:22,y:0,l:23,w:18},{x:0,y:32,l:8,w:33},{x:0,y:27,l:3,w:20},{x:22,y:23,l:2,w:18},],
----------------------- 9 ---------------------------
canvasWidth:40,
canvasHeight:40,
data:[{x:0,y:0,l:33,w:34},{x:0,y:33,l:7,w:10},{x:10,y:33,l:5,w:25},{x:35,y:0,l:31,w:4},{x:34,y:0,l:33,w:1},{x:10,y:38,l:2,w:16},],
----------------------- 10 ---------------------------
canvasWidth:40,
canvasHeight:40,
data:[{x:0,y:0,l:20,w:30},{x:0,y:21,l:19,w:30},{x:30,y:0,l:23,w:10},{x:0,y:20,l:1,w:25},],
----------------------- 11 ---------------------------
canvasWidth:40,
canvasHeight:40,
data:[{x:0,y:0,l:32,w:17},{x:17,y:0,l:19,w:22},{x:20,y:19,l:15,w:20},],
----------------------- 12 ---------------------------
canvasWidth:40,
canvasHeight:40,
data:[{x:0,y:0,l:20,w:25},{x:0,y:20,l:13,w:27},{x:25,y:0,l:19,w:13},{x:29,y:19,l:14,w:11},],
----------------------- 13 ---------------------------
canvasWidth:40,
canvasHeight:40,
data:[{x:0,y:0,l:25,w:20},{x:0,y:25,l:10,w:34},{x:20,y:9,l:16,w:16},{x:20,y:0,l:9,w:19},],
