====================================== Class_05.2bp-48 =====================================
Reduced size: 100 usedBin: 0
[0, 82, 91]
[1, 84]
[2, 62, 90]
[3, 66, 79]
[4, 76, 81, 87]
[5, 54, 92]
[7, 52, 94]
[8, 65, 78, 80]
[11, 55, 63, 67]
[10, 60, 88]
[9, 40, 86]
[12, 32, 83]
[13, 25, 85, 97]
[14, 49, 50, 69]
[15, 35, 72, 74]
[19, 37, 59, 64]
[20, 31, 53, 75]
[26, 46, 51, 56, 70]
[23, 27, 42, 71]
[29, 38, 39, 41]
[24, 33, 36, 77]
[6, 45]
[16, 17, 98]
[18, 43, 61, 68, 89]
[21, 22, 96, 99]
[28, 34, 47, 57, 73]
[30, 44, 48, 58, 93, 95]
canvasWidth:100,
canvasHeight:100,
data:[{x:0,y:0,l:92,w:95},{x:0,y:92,l:7,w:71},{x:95,y:0,l:45,w:5},],
canvasWidth:100,
canvasHeight:100,
data:[{x:0,y:0,l:94,w:92},{x:0,y:94,l:5,w:80},],
canvasWidth:100,
canvasHeight:100,
data:[{x:0,y:0,l:98,w:82},{x:82,y:0,l:80,w:14},{x:82,y:80,l:18,w:14},],
canvasWidth:100,
canvasHeight:100,
data:[{x:0,y:0,l:87,w:91},{x:0,y:87,l:12,w:83},{x:91,y:0,l:57,w:9},],
canvasWidth:100,
canvasHeight:100,
data:[{x:0,y:0,l:95,w:83},{x:83,y:0,l:59,w:11},{x:0,y:95,l:5,w:100},{x:83,y:59,l:26,w:14},],
canvasWidth:100,
canvasHeight:100,
data:[{x:0,y:0,l:82,w:92},{x:0,y:82,l:16,w:89},{x:89,y:82,l:16,w:11},],
canvasWidth:100,
canvasHeight:100,
data:[{x:0,y:0,l:78,w:92},{x:0,y:78,l:19,w:77},{x:0,y:97,l:2,w:74},],
canvasWidth:100,
canvasHeight:100,
data:[{x:0,y:0,l:88,w:81},{x:0,y:88,l:12,w:88},{x:81,y:0,l:38,w:14},{x:81,y:38,l:42,w:12},],
canvasWidth:100,
canvasHeight:100,
data:[{x:0,y:0,l:60,w:94},{x:0,y:60,l:23,w:60},{x:27,y:84,l:15,w:73},{x:60,y:60,l:24,w:40},],
canvasWidth:100,
canvasHeight:100,
data:[{x:0,y:0,l:80,w:87},{x:0,y:80,l:19,w:65},{x:65,y:80,l:13,w:25},],
canvasWidth:100,
canvasHeight:100,
data:[{x:0,y:70,l:29,w:74},{x:0,y:0,l:70,w:100},{x:74,y:70,l:24,w:16},],
canvasWidth:100,
canvasHeight:100,
data:[{x:0,y:0,l:92,w:61},{x:61,y:0,l:76,w:37},{x:0,y:92,l:8,w:57},],
canvasWidth:100,
canvasHeight:100,
data:[{x:0,y:0,l:90,w:61},{x:61,y:0,l:100,w:35},{x:0,y:90,l:10,w:40},{x:96,y:88,l:12,w:4},],
canvasWidth:100,
canvasHeight:100,
data:[{x:0,y:0,l:65,w:83},{x:0,y:65,l:34,w:51},{x:51,y:66,l:34,w:49},{x:83,y:0,l:59,w:15},],
canvasWidth:100,
canvasHeight:100,
data:[{x:0,y:0,l:60,w:84},{x:0,y:60,l:40,w:63},{x:63,y:60,l:33,w:22},{x:84,y:0,l:60,w:11},],
canvasWidth:100,
canvasHeight:100,
data:[{x:0,y:0,l:82,w:58},{x:58,y:0,l:59,w:39},{x:59,y:59,l:31,w:41},{x:0,y:82,l:18,w:59},],
canvasWidth:100,
canvasHeight:100,
data:[{x:0,y:0,l:82,w:56},{x:56,y:0,l:65,w:44},{x:56,y:65,l:34,w:42},{x:0,y:82,l:13,w:50},],
canvasWidth:100,
canvasHeight:100,
data:[{x:56,y:0,l:83,w:20},{x:76,y:0,l:80,w:23},{x:0,y:61,l:25,w:55},{x:0,y:0,l:61,w:56},{x:0,y:86,l:14,w:63},],
canvasWidth:100,
canvasHeight:100,
data:[{x:54,y:0,l:77,w:46},{x:0,y:0,l:61,w:53},{x:0,y:61,l:37,w:52},{x:52,y:77,l:16,w:47},],
canvasWidth:100,
canvasHeight:100,
data:[{x:0,y:0,l:58,w:55},{x:0,y:58,l:42,w:53},{x:55,y:0,l:100,w:22},{x:77,y:0,l:100,w:20},],
canvasWidth:100,
canvasHeight:100,
data:[{x:59,y:0,l:86,w:41},{x:0,y:0,l:51,w:55},{x:0,y:51,l:44,w:55},{x:55,y:86,l:13,w:45},],
canvasWidth:100,
canvasHeight:100,
data:[{x:0,y:0,l:94,w:78},{x:78,y:0,l:89,w:21},],
canvasWidth:100,
canvasHeight:100,
data:[{x:0,y:0,l:100,w:49},{x:49,y:0,l:99,w:49},{x:98,y:79,l:21,w:2},],
canvasWidth:100,
canvasHeight:100,
data:[{x:0,y:0,l:96,w:50},{x:50,y:0,l:28,w:41},{x:50,y:28,l:43,w:21},{x:73,y:28,l:70,w:27},{x:0,y:96,l:4,w:68},],
canvasWidth:100,
canvasHeight:100,
data:[{x:0,y:0,l:46,w:95},{x:0,y:46,l:43,w:98},{x:0,y:89,l:8,w:15},{x:15,y:89,l:5,w:6},],
canvasWidth:100,
canvasHeight:100,
data:[{x:0,y:0,l:45,w:71},{x:0,y:45,l:54,w:48},{x:74,y:0,l:69,w:26},{x:48,y:45,l:55,w:24},{x:72,y:69,l:31,w:22},],
canvasWidth:100,
canvasHeight:100,
data:[{x:0,y:0,l:43,w:72},{x:0,y:43,l:51,w:37},{x:72,y:0,l:62,w:28},{x:37,y:43,l:45,w:29},{x:57,y:91,l:4,w:43},{x:37,y:88,l:3,w:45},],
Best fit used bin number: 27
Found best solution: 27 0.078

   Statrt add columnAndCut col: 27 cons: 0 cut: 0	0.172

	1 Start Add column using column generation  col: 27 cons: 0 cut: 0	0.172
			Start solve  LP :0.172
			End solve LP obj: 27.0 t: 0
	1 End Add column using column generation : 27.0 col: 27 cons: 0 cut: 0	0.172
   End add columnAndCut : 27.0 colGencnt: 1 price: 0 col: 27 cons: 0 cut: 0	0.172

Node lb: 27.0 ub: 27 : 0.172

Final Found Solution: 27 genNode: 1 extendedNode: 0:0.172
Bin size: 10000
1 : 8740,497,225, : 9462
2 : 8648,400, : 9048
3 : 8036,1120,252, : 9408
4 : 7917,996,513, : 9426
5 : 7885,649,500,364, : 9398
6 : 7544,1424,176, : 9144
7 : 7176,1463,148, : 8787
8 : 7128,1056,532,504, : 9220
9 : 5640,1380,1095,960, : 9075
10 : 6960,1235,325, : 8520
11 : 7000,2146,384, : 9530
12 : 5612,2812,456, : 8880
13 : 5490,3500,400,48, : 9438
14 : 5395,1734,1666,885, : 9680
15 : 5040,2520,726,660, : 8946
16 : 4756,2301,1271,1062, : 9390
17 : 4592,2860,1428,650, : 9530
18 : 3416,1840,1660,1375,882, : 9173
19 : 3542,3233,1924,752, : 9451
20 : 3190,2226,2200,2000, : 9616
21 : 3526,2805,2420,585, : 9336
22 : 7332,1869, : 9201
23 : 4900,4851,42, : 9793
24 : 4800,1890,1148,903,272, : 9013
25 : 4370,4214,120,30, : 8734
26 : 3195,2592,1794,1320,682, : 9583
27 : 3096,1887,1736,1305,172,135, : 8331
----------------------- 1 ---------------------------
canvasWidth:100,
canvasHeight:100,
data:[{x:0,y:0,l:92,w:95},{x:0,y:92,l:7,w:71},{x:95,y:0,l:45,w:5},],
----------------------- 2 ---------------------------
canvasWidth:100,
canvasHeight:100,
data:[{x:0,y:0,l:94,w:92},{x:0,y:94,l:5,w:80},],
----------------------- 3 ---------------------------
canvasWidth:100,
canvasHeight:100,
data:[{x:0,y:0,l:98,w:82},{x:82,y:0,l:80,w:14},{x:82,y:80,l:18,w:14},],
----------------------- 4 ---------------------------
canvasWidth:100,
canvasHeight:100,
data:[{x:0,y:0,l:87,w:91},{x:0,y:87,l:12,w:83},{x:91,y:0,l:57,w:9},],
----------------------- 5 ---------------------------
canvasWidth:100,
canvasHeight:100,
data:[{x:0,y:0,l:95,w:83},{x:83,y:0,l:59,w:11},{x:0,y:95,l:5,w:100},{x:83,y:59,l:26,w:14},],
----------------------- 6 ---------------------------
canvasWidth:100,
canvasHeight:100,
data:[{x:0,y:0,l:82,w:92},{x:0,y:82,l:16,w:89},{x:89,y:82,l:16,w:11},],
----------------------- 7 ---------------------------
canvasWidth:100,
canvasHeight:100,
data:[{x:0,y:0,l:78,w:92},{x:0,y:78,l:19,w:77},{x:0,y:97,l:2,w:74},],
----------------------- 8 ---------------------------
canvasWidth:100,
canvasHeight:100,
data:[{x:0,y:0,l:88,w:81},{x:0,y:88,l:12,w:88},{x:81,y:0,l:38,w:14},{x:81,y:38,l:42,w:12},],
----------------------- 9 ---------------------------
canvasWidth:100,
canvasHeight:100,
data:[{x:0,y:0,l:60,w:94},{x:0,y:60,l:23,w:60},{x:27,y:84,l:15,w:73},{x:60,y:60,l:24,w:40},],
----------------------- 10 ---------------------------
canvasWidth:100,
canvasHeight:100,
data:[{x:0,y:0,l:80,w:87},{x:0,y:80,l:19,w:65},{x:65,y:80,l:13,w:25},],
----------------------- 11 ---------------------------
canvasWidth:100,
canvasHeight:100,
data:[{x:0,y:70,l:29,w:74},{x:0,y:0,l:70,w:100},{x:74,y:70,l:24,w:16},],
----------------------- 12 ---------------------------
canvasWidth:100,
canvasHeight:100,
data:[{x:0,y:0,l:92,w:61},{x:61,y:0,l:76,w:37},{x:0,y:92,l:8,w:57},],
----------------------- 13 ---------------------------
canvasWidth:100,
canvasHeight:100,
data:[{x:0,y:0,l:90,w:61},{x:61,y:0,l:100,w:35},{x:0,y:90,l:10,w:40},{x:96,y:88,l:12,w:4},],
----------------------- 14 ---------------------------
canvasWidth:100,
canvasHeight:100,
data:[{x:0,y:0,l:65,w:83},{x:0,y:65,l:34,w:51},{x:51,y:66,l:34,w:49},{x:83,y:0,l:59,w:15},],
----------------------- 15 ---------------------------
canvasWidth:100,
canvasHeight:100,
data:[{x:0,y:0,l:60,w:84},{x:0,y:60,l:40,w:63},{x:63,y:60,l:33,w:22},{x:84,y:0,l:60,w:11},],
----------------------- 16 ---------------------------
canvasWidth:100,
canvasHeight:100,
data:[{x:0,y:0,l:82,w:58},{x:58,y:0,l:59,w:39},{x:59,y:59,l:31,w:41},{x:0,y:82,l:18,w:59},],
----------------------- 17 ---------------------------
canvasWidth:100,
canvasHeight:100,
data:[{x:0,y:0,l:82,w:56},{x:56,y:0,l:65,w:44},{x:56,y:65,l:34,w:42},{x:0,y:82,l:13,w:50},],
----------------------- 18 ---------------------------
canvasWidth:100,
canvasHeight:100,
data:[{x:56,y:0,l:83,w:20},{x:76,y:0,l:80,w:23},{x:0,y:61,l:25,w:55},{x:0,y:0,l:61,w:56},{x:0,y:86,l:14,w:63},],
----------------------- 19 ---------------------------
canvasWidth:100,
canvasHeight:100,
data:[{x:54,y:0,l:77,w:46},{x:0,y:0,l:61,w:53},{x:0,y:61,l:37,w:52},{x:52,y:77,l:16,w:47},],
----------------------- 20 ---------------------------
canvasWidth:100,
canvasHeight:100,
data:[{x:0,y:0,l:58,w:55},{x:0,y:58,l:42,w:53},{x:55,y:0,l:100,w:22},{x:77,y:0,l:100,w:20},],
----------------------- 21 ---------------------------
canvasWidth:100,
canvasHeight:100,
data:[{x:59,y:0,l:86,w:41},{x:0,y:0,l:51,w:55},{x:0,y:51,l:44,w:55},{x:55,y:86,l:13,w:45},],
----------------------- 22 ---------------------------
canvasWidth:100,
canvasHeight:100,
data:[{x:0,y:0,l:94,w:78},{x:78,y:0,l:89,w:21},],
----------------------- 23 ---------------------------
canvasWidth:100,
canvasHeight:100,
data:[{x:0,y:0,l:100,w:49},{x:49,y:0,l:99,w:49},{x:98,y:79,l:21,w:2},],
----------------------- 24 ---------------------------
canvasWidth:100,
canvasHeight:100,
data:[{x:0,y:0,l:96,w:50},{x:50,y:0,l:28,w:41},{x:50,y:28,l:43,w:21},{x:73,y:28,l:70,w:27},{x:0,y:96,l:4,w:68},],
----------------------- 25 ---------------------------
canvasWidth:100,
canvasHeight:100,
data:[{x:0,y:0,l:46,w:95},{x:0,y:46,l:43,w:98},{x:0,y:89,l:8,w:15},{x:15,y:89,l:5,w:6},],
----------------------- 26 ---------------------------
canvasWidth:100,
canvasHeight:100,
data:[{x:0,y:0,l:45,w:71},{x:0,y:45,l:54,w:48},{x:74,y:0,l:69,w:26},{x:48,y:45,l:55,w:24},{x:72,y:69,l:31,w:22},],
----------------------- 27 ---------------------------
canvasWidth:100,
canvasHeight:100,
data:[{x:0,y:0,l:43,w:72},{x:0,y:43,l:51,w:37},{x:72,y:0,l:62,w:28},{x:37,y:43,l:45,w:29},{x:57,y:91,l:4,w:43},{x:37,y:88,l:3,w:45},],
