====================================== Class_06.2bp-30 =====================================
Reduced size: 80 usedBin: 0
[0, 1, 2, 3, 4, 7, 13, 19, 20, 28, 29, 32, 35, 36, 38, 39, 46, 48, 52, 53, 54, 55, 57, 58, 61, 65, 66, 68, 69, 72, 73, 74, 75, 76, 78, 79]
[5, 8, 9, 10, 11, 12, 15, 16, 21, 23, 24, 27, 42, 43, 47, 51, 56, 59, 60, 62, 70, 71, 77]
[6, 14, 17, 18, 22, 25, 26, 30, 31, 33, 34, 37, 40, 41, 44, 45, 49, 50, 63, 64, 67]
canvasWidth:300,
canvasHeight:300,
data:[{x:0,y:0,l:86,w:81},{x:81,y:0,l:88,w:76},{x:186,y:0,l:78,w:85},{x:98,y:88,l:74,w:88},{x:92,y:187,l:70,w:92},{x:0,y:86,l:62,w:56},{x:186,y:90,l:73,w:75},{x:0,y:151,l:82,w:53},{x:0,y:233,l:65,w:53},{x:114,y:260,l:40,w:70},{x:228,y:163,l:84,w:33},{x:157,y:0,l:88,w:29},{x:92,y:162,l:25,w:94},{x:184,y:235,l:65,w:33},{x:184,y:187,l:48,w:44},{x:271,y:32,l:78,w:27},{x:271,y:110,l:52,w:26},{x:61,y:112,l:66,w:20},{x:81,y:88,l:98,w:11},{x:226,y:247,l:16,w:65},{x:186,y:78,l:12,w:85},{x:186,y:163,l:24,w:42},{x:271,y:1,l:31,w:26},{x:261,y:90,l:80,w:10},{x:292,y:162,l:92,w:8},{x:261,y:170,l:21,w:30},{x:81,y:186,l:56,w:11},{x:56,y:90,l:22,w:21},{x:92,y:88,l:74,w:6},{x:92,y:257,l:3,w:92},{x:217,y:235,l:29,w:9},{x:0,y:148,l:3,w:56},{x:92,y:260,l:7,w:22},{x:56,y:86,l:4,w:21},{x:53,y:242,l:1,w:32},{x:271,y:0,l:1,w:27},],
canvasWidth:300,
canvasHeight:300,
data:[{x:0,y:0,l:74,w:87},{x:125,y:0,l:79,w:66},{x:0,y:74,l:53,w:90},{x:125,y:79,l:82,w:57},{x:7,y:163,l:50,w:93},{x:232,y:0,l:68,w:68},{x:125,y:161,l:89,w:47},{x:22,y:213,l:69,w:60},{x:191,y:0,l:79,w:41},{x:90,y:74,l:89,w:35},{x:7,y:127,l:36,w:83},{x:87,y:0,l:74,w:38},{x:182,y:79,l:39,w:46},{x:228,y:81,l:54,w:33},{x:82,y:213,l:70,w:19},{x:101,y:210,l:73,w:15},{x:232,y:68,l:13,w:68},{x:116,y:163,l:87,w:9},{x:100,y:163,l:47,w:16},{x:10,y:217,l:60,w:12},{x:0,y:173,l:72,w:5},{x:0,y:127,l:46,w:7},{x:5,y:213,l:4,w:12},],
canvasWidth:300,
canvasHeight:300,
data:[{x:0,y:0,l:50,w:84},{x:135,y:0,l:62,w:65},{x:200,y:19,l:68,w:52},{x:0,y:58,l:83,w:71},{x:135,y:62,l:52,w:62},{x:71,y:88,l:51,w:58},{x:84,y:0,l:58,w:51},{x:0,y:157,l:33,w:79},{x:129,y:114,l:69,w:37},{x:262,y:104,l:66,w:38},{x:257,y:47,l:57,w:43},{x:166,y:130,l:27,w:79},{x:71,y:58,l:30,w:64},{x:200,y:0,l:19,w:100},{x:93,y:139,l:46,w:36},{x:197,y:87,l:30,w:54},{x:0,y:141,l:16,w:76},{x:166,y:117,l:13,w:91},{x:0,y:50,l:8,w:84},{x:252,y:19,l:15,w:43},{x:252,y:34,l:13,w:42},],
Best fit used bin number: 3
Found best solution: 3 0.063

   Statrt add columnAndCut col: 3 cons: 0 cut: 0	0.11

	1 Start Add column using column generation  col: 3 cons: 0 cut: 0	0.11
			Start solve  LP :0.11
			End solve LP obj: 3.0 t: 15
	1 End Add column using column generation : 3.0 col: 3 cons: 0 cut: 0	0.125
   End add columnAndCut : 3.0 colGencnt: 1 price: 0 col: 3 cons: 0 cut: 0	0.125

Node lb: 3.0 ub: 3 : 0.125

Final Found Solution: 3 genNode: 1 extendedNode: 0:0.125
Bin size: 90000
1 : 6966,6688,6630,6512,6440,5475,4346,3472,3445,2800,2772,2552,2350,2145,2112,2106,1352,1320,1078,1040,1020,1008,806,800,736,630,616,462,444,276,261,168,154,84,32,27, : 79125
2 : 6438,5214,4770,4674,4650,4624,4183,4140,3239,3115,2988,2812,1794,1782,1330,1095,884,783,752,720,360,322,48, : 60717
3 : 5893,4200,4030,3536,3224,2958,2958,2607,2553,2508,2451,2133,1920,1900,1656,1620,1216,1183,672,645,546, : 50409
----------------------- 1 ---------------------------
canvasWidth:300,
canvasHeight:300,
data:[{x:0,y:0,l:86,w:81},{x:81,y:0,l:88,w:76},{x:186,y:0,l:78,w:85},{x:98,y:88,l:74,w:88},{x:92,y:187,l:70,w:92},{x:0,y:86,l:62,w:56},{x:186,y:90,l:73,w:75},{x:0,y:151,l:82,w:53},{x:0,y:233,l:65,w:53},{x:114,y:260,l:40,w:70},{x:228,y:163,l:84,w:33},{x:157,y:0,l:88,w:29},{x:92,y:162,l:25,w:94},{x:184,y:235,l:65,w:33},{x:184,y:187,l:48,w:44},{x:271,y:32,l:78,w:27},{x:271,y:110,l:52,w:26},{x:61,y:112,l:66,w:20},{x:81,y:88,l:98,w:11},{x:226,y:247,l:16,w:65},{x:186,y:78,l:12,w:85},{x:186,y:163,l:24,w:42},{x:271,y:1,l:31,w:26},{x:261,y:90,l:80,w:10},{x:292,y:162,l:92,w:8},{x:261,y:170,l:21,w:30},{x:81,y:186,l:56,w:11},{x:56,y:90,l:22,w:21},{x:92,y:88,l:74,w:6},{x:92,y:257,l:3,w:92},{x:217,y:235,l:29,w:9},{x:0,y:148,l:3,w:56},{x:92,y:260,l:7,w:22},{x:56,y:86,l:4,w:21},{x:53,y:242,l:1,w:32},{x:271,y:0,l:1,w:27},],
----------------------- 2 ---------------------------
canvasWidth:300,
canvasHeight:300,
data:[{x:0,y:0,l:74,w:87},{x:125,y:0,l:79,w:66},{x:0,y:74,l:53,w:90},{x:125,y:79,l:82,w:57},{x:7,y:163,l:50,w:93},{x:232,y:0,l:68,w:68},{x:125,y:161,l:89,w:47},{x:22,y:213,l:69,w:60},{x:191,y:0,l:79,w:41},{x:90,y:74,l:89,w:35},{x:7,y:127,l:36,w:83},{x:87,y:0,l:74,w:38},{x:182,y:79,l:39,w:46},{x:228,y:81,l:54,w:33},{x:82,y:213,l:70,w:19},{x:101,y:210,l:73,w:15},{x:232,y:68,l:13,w:68},{x:116,y:163,l:87,w:9},{x:100,y:163,l:47,w:16},{x:10,y:217,l:60,w:12},{x:0,y:173,l:72,w:5},{x:0,y:127,l:46,w:7},{x:5,y:213,l:4,w:12},],
----------------------- 3 ---------------------------
canvasWidth:300,
canvasHeight:300,
data:[{x:0,y:0,l:50,w:84},{x:135,y:0,l:62,w:65},{x:200,y:19,l:68,w:52},{x:0,y:58,l:83,w:71},{x:135,y:62,l:52,w:62},{x:71,y:88,l:51,w:58},{x:84,y:0,l:58,w:51},{x:0,y:157,l:33,w:79},{x:129,y:114,l:69,w:37},{x:262,y:104,l:66,w:38},{x:257,y:47,l:57,w:43},{x:166,y:130,l:27,w:79},{x:71,y:58,l:30,w:64},{x:200,y:0,l:19,w:100},{x:93,y:139,l:46,w:36},{x:197,y:87,l:30,w:54},{x:0,y:141,l:16,w:76},{x:166,y:117,l:13,w:91},{x:0,y:50,l:8,w:84},{x:252,y:19,l:15,w:43},{x:252,y:34,l:13,w:42},],
