====================================== Class_01.2bp-49 =====================================
Reduced size: 100 usedBin: 0
[0]
[1]
[2, 75]
[3, 73]
[7, 77, 81]
[6, 79, 84]
[4, 76, 82]
[5, 86]
[8, 71]
[10, 78, 91]
[12, 92]
[11, 62]
[9, 64]
[15, 43]
[14, 45]
[13, 57]
[16, 66]
[17, 55]
[19, 65, 89]
[18, 68, 72, 94]
[20, 80, 88, 98]
[21, 40]
[23, 56, 70]
[22, 51, 74]
[26, 41, 97]
[27, 46, 99]
[25, 39, 90]
[24, 48, 83]
[30, 61, 67]
[35, 47, 60]
[36, 52, 63, 87]
[34, 49, 58, 95, 96]
[37, 54, 59, 93]
[28, 42]
[29, 33]
[31, 32]
[38, 50, 69]
[44, 53, 85]
canvasWidth:10,
canvasHeight:10,
data:[{x:0,y:0,l:10,w:10},],
canvasWidth:10,
canvasHeight:10,
data:[{x:0,y:0,l:10,w:10},],
canvasWidth:10,
canvasHeight:10,
data:[{x:0,y:0,l:9,w:10},{x:0,y:9,l:1,w:10},],
canvasWidth:10,
canvasHeight:10,
data:[{x:0,y:0,l:10,w:9},{x:9,y:0,l:10,w:1},],
canvasWidth:10,
canvasHeight:10,
data:[{x:0,y:0,l:9,w:9},{x:9,y:0,l:10,w:1},{x:0,y:9,l:1,w:9},],
canvasWidth:10,
canvasHeight:10,
data:[{x:9,y:0,l:10,w:1},{x:0,y:0,l:9,w:9},{x:0,y:9,l:1,w:8},],
canvasWidth:10,
canvasHeight:10,
data:[{x:0,y:0,l:9,w:9},{x:0,y:9,l:1,w:10},{x:9,y:0,l:9,w:1},],
canvasWidth:10,
canvasHeight:10,
data:[{x:0,y:0,l:9,w:9},{x:9,y:0,l:7,w:1},],
canvasWidth:10,
canvasHeight:10,
data:[{x:0,y:0,l:8,w:10},{x:0,y:8,l:2,w:6},],
canvasWidth:10,
canvasHeight:10,
data:[{x:0,y:0,l:8,w:9},{x:0,y:8,l:2,w:5},{x:9,y:0,l:6,w:1},],
canvasWidth:10,
canvasHeight:10,
data:[{x:0,y:0,l:8,w:9},{x:9,y:0,l:5,w:1},],
canvasWidth:10,
canvasHeight:10,
data:[{x:0,y:0,l:9,w:8},{x:8,y:0,l:9,w:2},],
canvasWidth:10,
canvasHeight:10,
data:[{x:0,y:0,l:9,w:8},{x:8,y:0,l:8,w:2},],
canvasWidth:10,
canvasHeight:10,
data:[{x:0,y:0,l:7,w:10},{x:0,y:7,l:3,w:10},],
canvasWidth:10,
canvasHeight:10,
data:[{x:0,y:0,l:7,w:10},{x:0,y:7,l:3,w:10},],
canvasWidth:10,
canvasHeight:10,
data:[{x:0,y:0,l:10,w:7},{x:7,y:0,l:7,w:3},],
canvasWidth:10,
canvasHeight:10,
data:[{x:0,y:0,l:8,w:8},{x:8,y:0,l:7,w:2},],
canvasWidth:10,
canvasHeight:10,
data:[{x:0,y:0,l:9,w:7},{x:7,y:0,l:7,w:3},],
canvasWidth:10,
canvasHeight:10,
data:[{x:0,y:0,l:9,w:7},{x:7,y:0,l:5,w:3},{x:7,y:5,l:3,w:2},],
canvasWidth:10,
canvasHeight:10,
data:[{x:0,y:0,l:9,w:7},{x:7,y:0,l:4,w:3},{x:8,y:4,l:6,w:2},{x:0,y:9,l:1,w:4},],
canvasWidth:10,
canvasHeight:10,
data:[{x:0,y:0,l:9,w:7},{x:7,y:0,l:3,w:3},{x:7,y:3,l:2,w:3},{x:7,y:5,l:1,w:2},],
canvasWidth:10,
canvasHeight:10,
data:[{x:0,y:0,l:6,w:10},{x:0,y:6,l:4,w:9},],
canvasWidth:10,
canvasHeight:10,
data:[{x:0,y:0,l:7,w:8},{x:0,y:7,l:3,w:7},{x:8,y:0,l:6,w:2},],
canvasWidth:10,
canvasHeight:10,
data:[{x:0,y:0,l:7,w:8},{x:0,y:7,l:3,w:8},{x:8,y:5,l:5,w:2},],
canvasWidth:10,
canvasHeight:10,
data:[{x:0,y:0,l:6,w:9},{x:0,y:6,l:4,w:8},{x:9,y:0,l:3,w:1},],
canvasWidth:10,
canvasHeight:10,
data:[{x:0,y:0,l:6,w:9},{x:0,y:6,l:4,w:7},{x:9,y:0,l:1,w:1},],
canvasWidth:10,
canvasHeight:10,
data:[{x:0,y:0,l:9,w:6},{x:6,y:0,l:10,w:4},{x:0,y:9,l:1,w:6},],
canvasWidth:10,
canvasHeight:10,
data:[{x:0,y:0,l:9,w:6},{x:6,y:0,l:7,w:4},{x:6,y:7,l:2,w:4},],
canvasWidth:10,
canvasHeight:10,
data:[{x:0,y:0,l:8,w:6},{x:6,y:0,l:5,w:4},{x:6,y:5,l:3,w:4},],
canvasWidth:10,
canvasHeight:10,
data:[{x:0,y:0,l:6,w:7},{x:0,y:6,l:4,w:7},{x:7,y:0,l:10,w:2},],
canvasWidth:10,
canvasHeight:10,
data:[{x:0,y:7,l:3,w:8},{x:8,y:2,l:8,w:2},{x:0,y:0,l:6,w:7},{x:0,y:6,l:1,w:7},],
canvasWidth:10,
canvasHeight:10,
data:[{x:0,y:0,l:7,w:6},{x:0,y:7,l:3,w:9},{x:6,y:0,l:5,w:4},{x:6,y:5,l:1,w:4},{x:6,y:6,l:1,w:4},],
canvasWidth:10,
canvasHeight:10,
data:[{x:0,y:0,l:7,w:6},{x:0,y:7,l:3,w:8},{x:6,y:0,l:5,w:4},{x:6,y:5,l:1,w:4},],
canvasWidth:10,
canvasHeight:10,
data:[{x:0,y:0,l:5,w:10},{x:0,y:5,l:5,w:6},],
canvasWidth:10,
canvasHeight:10,
data:[{x:5,y:0,l:10,w:5},{x:0,y:0,l:9,w:5},],
canvasWidth:10,
canvasHeight:10,
data:[{x:0,y:0,l:9,w:5},{x:5,y:0,l:9,w:5},],
canvasWidth:10,
canvasHeight:10,
data:[{x:0,y:0,l:8,w:5},{x:5,y:0,l:5,w:5},{x:0,y:8,l:2,w:6},],
canvasWidth:10,
canvasHeight:10,
data:[{x:0,y:0,l:5,w:6},{x:0,y:5,l:4,w:6},{x:0,y:9,l:1,w:8},],
Best fit used bin number: 38
Found best solution: 38 0.062

   Statrt add columnAndCut col: 38 cons: 0 cut: 0	0.14

	1 Start Add column using column generation  col: 38 cons: 0 cut: 0	0.14
			Start solve  LP :0.14
			End solve LP obj: 38.0 t: 0
	1 End Add column using column generation : 38.0 col: 38 cons: 0 cut: 0	0.14
   End add columnAndCut : 38.0 colGencnt: 1 price: 0 col: 38 cons: 0 cut: 0	0.14

Node lb: 38.0 ub: 38 : 0.14

Final Found Solution: 38 genNode: 1 extendedNode: 0:0.14
Bin size: 100
1 : 100, : 100
2 : 100, : 100
3 : 90,10, : 100
4 : 90,10, : 100
5 : 81,10,9, : 100
6 : 81,10,8, : 99
7 : 81,10,9, : 100
8 : 81,7, : 88
9 : 80,12, : 92
10 : 72,10,6, : 88
11 : 72,5, : 77
12 : 72,18, : 90
13 : 72,16, : 88
14 : 70,30, : 100
15 : 70,30, : 100
16 : 70,21, : 91
17 : 64,14, : 78
18 : 63,21, : 84
19 : 63,15,6, : 84
20 : 63,12,12,4, : 91
21 : 63,9,6,2, : 80
22 : 60,36, : 96
23 : 56,21,12, : 89
24 : 56,24,10, : 90
25 : 54,32,3, : 89
26 : 54,28,1, : 83
27 : 54,40,6, : 100
28 : 54,28,8, : 90
29 : 48,20,12, : 80
30 : 42,28,20, : 90
31 : 42,24,16,7, : 89
32 : 42,27,20,4,4, : 97
33 : 42,24,20,4, : 90
34 : 50,30, : 80
35 : 50,45, : 95
36 : 45,45, : 90
37 : 40,25,12, : 77
38 : 30,24,8, : 62
----------------------- 1 ---------------------------
canvasWidth:10,
canvasHeight:10,
data:[{x:0,y:0,l:10,w:10},],
----------------------- 2 ---------------------------
canvasWidth:10,
canvasHeight:10,
data:[{x:0,y:0,l:10,w:10},],
----------------------- 3 ---------------------------
canvasWidth:10,
canvasHeight:10,
data:[{x:0,y:0,l:9,w:10},{x:0,y:9,l:1,w:10},],
----------------------- 4 ---------------------------
canvasWidth:10,
canvasHeight:10,
data:[{x:0,y:0,l:10,w:9},{x:9,y:0,l:10,w:1},],
----------------------- 5 ---------------------------
canvasWidth:10,
canvasHeight:10,
data:[{x:0,y:0,l:9,w:9},{x:9,y:0,l:10,w:1},{x:0,y:9,l:1,w:9},],
----------------------- 6 ---------------------------
canvasWidth:10,
canvasHeight:10,
data:[{x:9,y:0,l:10,w:1},{x:0,y:0,l:9,w:9},{x:0,y:9,l:1,w:8},],
----------------------- 7 ---------------------------
canvasWidth:10,
canvasHeight:10,
data:[{x:0,y:0,l:9,w:9},{x:0,y:9,l:1,w:10},{x:9,y:0,l:9,w:1},],
----------------------- 8 ---------------------------
canvasWidth:10,
canvasHeight:10,
data:[{x:0,y:0,l:9,w:9},{x:9,y:0,l:7,w:1},],
----------------------- 9 ---------------------------
canvasWidth:10,
canvasHeight:10,
data:[{x:0,y:0,l:8,w:10},{x:0,y:8,l:2,w:6},],
----------------------- 10 ---------------------------
canvasWidth:10,
canvasHeight:10,
data:[{x:0,y:0,l:8,w:9},{x:0,y:8,l:2,w:5},{x:9,y:0,l:6,w:1},],
----------------------- 11 ---------------------------
canvasWidth:10,
canvasHeight:10,
data:[{x:0,y:0,l:8,w:9},{x:9,y:0,l:5,w:1},],
----------------------- 12 ---------------------------
canvasWidth:10,
canvasHeight:10,
data:[{x:0,y:0,l:9,w:8},{x:8,y:0,l:9,w:2},],
----------------------- 13 ---------------------------
canvasWidth:10,
canvasHeight:10,
data:[{x:0,y:0,l:9,w:8},{x:8,y:0,l:8,w:2},],
----------------------- 14 ---------------------------
canvasWidth:10,
canvasHeight:10,
data:[{x:0,y:0,l:7,w:10},{x:0,y:7,l:3,w:10},],
----------------------- 15 ---------------------------
canvasWidth:10,
canvasHeight:10,
data:[{x:0,y:0,l:7,w:10},{x:0,y:7,l:3,w:10},],
----------------------- 16 ---------------------------
canvasWidth:10,
canvasHeight:10,
data:[{x:0,y:0,l:10,w:7},{x:7,y:0,l:7,w:3},],
----------------------- 17 ---------------------------
canvasWidth:10,
canvasHeight:10,
data:[{x:0,y:0,l:8,w:8},{x:8,y:0,l:7,w:2},],
----------------------- 18 ---------------------------
canvasWidth:10,
canvasHeight:10,
data:[{x:0,y:0,l:9,w:7},{x:7,y:0,l:7,w:3},],
----------------------- 19 ---------------------------
canvasWidth:10,
canvasHeight:10,
data:[{x:0,y:0,l:9,w:7},{x:7,y:0,l:5,w:3},{x:7,y:5,l:3,w:2},],
----------------------- 20 ---------------------------
canvasWidth:10,
canvasHeight:10,
data:[{x:0,y:0,l:9,w:7},{x:7,y:0,l:4,w:3},{x:8,y:4,l:6,w:2},{x:0,y:9,l:1,w:4},],
----------------------- 21 ---------------------------
canvasWidth:10,
canvasHeight:10,
data:[{x:0,y:0,l:9,w:7},{x:7,y:0,l:3,w:3},{x:7,y:3,l:2,w:3},{x:7,y:5,l:1,w:2},],
----------------------- 22 ---------------------------
canvasWidth:10,
canvasHeight:10,
data:[{x:0,y:0,l:6,w:10},{x:0,y:6,l:4,w:9},],
----------------------- 23 ---------------------------
canvasWidth:10,
canvasHeight:10,
data:[{x:0,y:0,l:7,w:8},{x:0,y:7,l:3,w:7},{x:8,y:0,l:6,w:2},],
----------------------- 24 ---------------------------
canvasWidth:10,
canvasHeight:10,
data:[{x:0,y:0,l:7,w:8},{x:0,y:7,l:3,w:8},{x:8,y:5,l:5,w:2},],
----------------------- 25 ---------------------------
canvasWidth:10,
canvasHeight:10,
data:[{x:0,y:0,l:6,w:9},{x:0,y:6,l:4,w:8},{x:9,y:0,l:3,w:1},],
----------------------- 26 ---------------------------
canvasWidth:10,
canvasHeight:10,
data:[{x:0,y:0,l:6,w:9},{x:0,y:6,l:4,w:7},{x:9,y:0,l:1,w:1},],
----------------------- 27 ---------------------------
canvasWidth:10,
canvasHeight:10,
data:[{x:0,y:0,l:9,w:6},{x:6,y:0,l:10,w:4},{x:0,y:9,l:1,w:6},],
----------------------- 28 ---------------------------
canvasWidth:10,
canvasHeight:10,
data:[{x:0,y:0,l:9,w:6},{x:6,y:0,l:7,w:4},{x:6,y:7,l:2,w:4},],
----------------------- 29 ---------------------------
canvasWidth:10,
canvasHeight:10,
data:[{x:0,y:0,l:8,w:6},{x:6,y:0,l:5,w:4},{x:6,y:5,l:3,w:4},],
----------------------- 30 ---------------------------
canvasWidth:10,
canvasHeight:10,
data:[{x:0,y:0,l:6,w:7},{x:0,y:6,l:4,w:7},{x:7,y:0,l:10,w:2},],
----------------------- 31 ---------------------------
canvasWidth:10,
canvasHeight:10,
data:[{x:0,y:7,l:3,w:8},{x:8,y:2,l:8,w:2},{x:0,y:0,l:6,w:7},{x:0,y:6,l:1,w:7},],
----------------------- 32 ---------------------------
canvasWidth:10,
canvasHeight:10,
data:[{x:0,y:0,l:7,w:6},{x:0,y:7,l:3,w:9},{x:6,y:0,l:5,w:4},{x:6,y:5,l:1,w:4},{x:6,y:6,l:1,w:4},],
----------------------- 33 ---------------------------
canvasWidth:10,
canvasHeight:10,
data:[{x:0,y:0,l:7,w:6},{x:0,y:7,l:3,w:8},{x:6,y:0,l:5,w:4},{x:6,y:5,l:1,w:4},],
----------------------- 34 ---------------------------
canvasWidth:10,
canvasHeight:10,
data:[{x:0,y:0,l:5,w:10},{x:0,y:5,l:5,w:6},],
----------------------- 35 ---------------------------
canvasWidth:10,
canvasHeight:10,
data:[{x:5,y:0,l:10,w:5},{x:0,y:0,l:9,w:5},],
----------------------- 36 ---------------------------
canvasWidth:10,
canvasHeight:10,
data:[{x:0,y:0,l:9,w:5},{x:5,y:0,l:9,w:5},],
----------------------- 37 ---------------------------
canvasWidth:10,
canvasHeight:10,
data:[{x:0,y:0,l:8,w:5},{x:5,y:0,l:5,w:5},{x:0,y:8,l:2,w:6},],
----------------------- 38 ---------------------------
canvasWidth:10,
canvasHeight:10,
data:[{x:0,y:0,l:5,w:6},{x:0,y:5,l:4,w:6},{x:0,y:9,l:1,w:8},],
