====================================== Class_08.2bp-9 =====================================
Reduced size: 20 usedBin: 0
E:\WSKH\2DBPP\NonGuillotine\initSolution\8_10.pack
[1, 4, 14, 16, 17, 18, 19]
[5, 6, 8, 12]
[2, 7, 9, 10, 13]
[0, 3, 11, 15]
canvasWidth:100,
canvasHeight:100,
data:[{x:0,y:24,l:44,w:82},{x:0,y:0,l:24,w:100},{x:0,y:69,l:12,w:74},{x:82,y:24,l:42,w:13},{x:0,y:81,l:7,w:67},{x:0,y:88,l:6,w:42},{x:0,y:68,l:1,w:80},],
canvasWidth:100,
canvasHeight:100,
data:[{x:0,y:62,l:26,w:72},{x:0,y:0,l:37,w:48},{x:57,y:0,l:49,w:43},{x:0,y:37,l:25,w:39},],
canvasWidth:100,
canvasHeight:100,
data:[{x:0,y:41,l:36,w:80},{x:0,y:77,l:16,w:69},{x:0,y:0,l:18,w:99},{x:0,y:28,l:13,w:91},{x:0,y:18,l:10,w:93},],
canvasWidth:100,
canvasHeight:100,
data:[{x:0,y:0,l:39,w:95},{x:0,y:39,l:34,w:83},{x:0,y:82,l:15,w:69},{x:0,y:73,l:9,w:72},],
Best fit used bin number: 4
Found best solution: 4 0.062

   Statrt add columnAndCut col: 4 cons: 0 cut: 0	0.125

	1 Start Add column using column generation  col: 4 cons: 0 cut: 0	0.125
			Start solve  LP :0.125
			End solve LP obj: 4.0 t: 0
	1 End Add column using column generation : 4.0 col: 4 cons: 0 cut: 0	0.125
   End add columnAndCut : 4.0 colGencnt: 1 price: 0 col: 4 cons: 0 cut: 0	0.125

Node lb: 4.0 ub: 4 : 0.125

Final Found Solution: 4 genNode: 1 extendedNode: 0:0.141
Bin size: 10000
1 : 3608,2400,888,546,469,252,80, : 8243
2 : 2107,1872,1776,975, : 6730
3 : 2880,1782,1183,1104,930, : 7879
4 : 3705,2822,1035,648, : 8210
----------------------- 1 ---------------------------
canvasWidth:100,
canvasHeight:100,
data:[{x:0,y:24,l:44,w:82},{x:0,y:0,l:24,w:100},{x:0,y:69,l:12,w:74},{x:82,y:24,l:42,w:13},{x:0,y:81,l:7,w:67},{x:0,y:88,l:6,w:42},{x:0,y:68,l:1,w:80},],
----------------------- 2 ---------------------------
canvasWidth:100,
canvasHeight:100,
data:[{x:0,y:62,l:26,w:72},{x:0,y:0,l:37,w:48},{x:57,y:0,l:49,w:43},{x:0,y:37,l:25,w:39},],
----------------------- 3 ---------------------------
canvasWidth:100,
canvasHeight:100,
data:[{x:0,y:41,l:36,w:80},{x:0,y:77,l:16,w:69},{x:0,y:0,l:18,w:99},{x:0,y:28,l:13,w:91},{x:0,y:18,l:10,w:93},],
----------------------- 4 ---------------------------
canvasWidth:100,
canvasHeight:100,
data:[{x:0,y:0,l:39,w:95},{x:0,y:39,l:34,w:83},{x:0,y:82,l:15,w:69},{x:0,y:73,l:9,w:72},],
