====================================== Class_06.2bp-22 =====================================
Reduced size: 60 usedBin: 0
E:\WSKH\2DBPP\NonGuillotine\initSolution\6_23.pack
[0, 1, 2, 3, 6, 7, 10, 12, 14, 15, 22, 24, 26, 28, 31, 32, 34, 35, 36, 37, 38, 39, 41, 42, 45, 56, 58, 59]
[4, 5, 8, 9, 11, 13, 16, 17, 18, 19, 20, 21, 23, 25, 27, 29, 30, 33, 40, 43, 44, 46, 47, 48, 49, 50, 51, 52, 53, 54, 55, 57]
canvasWidth:300,
canvasHeight:300,
data:[{x:0,y:0,l:94,w:78},{x:78,y:0,l:73,w:89},{x:192,y:0,l:92,w:66},{x:78,y:73,l:39,w:43},{x:0,y:153,l:70,w:75},{x:0,y:223,l:68,w:73},{x:121,y:73,l:99,w:48},{x:0,y:94,l:59,w:78},{x:78,y:112,l:97,w:43},{x:179,y:217,l:47,w:84},{x:258,y:0,l:79,w:37},{x:258,y:79,l:87,w:29},{x:196,y:183,l:34,w:68},{x:109,y:214,l:63,w:35},{x:144,y:214,l:60,w:35},{x:121,y:172,l:42,w:48},{x:73,y:278,l:20,w:97},{x:264,y:168,l:53,w:36},{x:264,y:221,l:52,w:36},{x:167,y:0,l:73,w:25},{x:192,y:92,l:91,w:66},{x:75,y:209,l:44,w:34},{x:169,y:127,l:83,w:16},{x:287,y:79,l:89,w:13},{x:169,y:73,l:54,w:18},{x:295,y:0,l:39,w:4},{x:73,y:277,l:1,w:92},{x:75,y:153,l:14,w:2},],
canvasWidth:300,
canvasHeight:300,
data:[{x:0,y:0,l:76,w:79},{x:79,y:0,l:64,w:85},{x:164,y:0,l:55,w:90},{x:177,y:68,l:70,w:68},{x:69,y:127,l:50,w:93},{x:69,y:177,l:55,w:81},{x:0,y:175,l:59,w:65},{x:156,y:214,l:40,w:94},{x:33,y:76,l:51,w:70},{x:94,y:232,l:61,w:55},{x:0,y:76,l:99,w:33},{x:176,y:182,l:32,w:97},{x:176,y:138,l:44,w:60},{x:236,y:138,l:39,w:62},{x:0,y:234,l:41,w:55},{x:103,y:64,l:36,w:61},{x:254,y:10,l:57,w:37},{x:103,y:100,l:27,w:74},{x:33,y:127,l:48,w:28},{x:63,y:236,l:35,w:30},{x:177,y:55,l:13,w:77},{x:0,y:275,l:25,w:36},{x:165,y:147,l:58,w:11},{x:164,y:55,l:45,w:13},{x:254,y:0,l:10,w:39},{x:61,y:127,l:48,w:8},{x:55,y:234,l:41,w:8},{x:79,y:64,l:12,w:24},{x:162,y:127,l:20,w:14},{x:150,y:177,l:43,w:6},{x:65,y:175,l:61,w:4},{x:69,y:232,l:4,w:25},],
Best fit used bin number: 2
Found best solution: 2 0.063

   Statrt add columnAndCut col: 2 cons: 0 cut: 0	0.125

	1 Start Add column using column generation  col: 2 cons: 0 cut: 0	0.125
			Start solve  LP :0.125
			End solve LP obj: 2.0 t: 0
	1 End Add column using column generation : 2.0 col: 2 cons: 0 cut: 0	0.125
   End add columnAndCut : 2.0 colGencnt: 1 price: 0 col: 2 cons: 0 cut: 0	0.125

Node lb: 2.0 ub: 2 : 0.125

Final Found Solution: 2 genNode: 1 extendedNode: 0:0.125
Bin size: 90000
1 : 7332,6497,6072,6006,5250,4964,4752,4602,4171,3948,2923,2523,2312,2205,2100,2016,1940,1908,1872,1825,1677,1496,1328,1157,972,156,92,28, : 82124
2 : 6004,5440,4950,4760,4650,4455,3835,3760,3570,3355,3267,3104,2640,2418,2255,2196,2109,1998,1344,1050,1001,900,638,585,390,384,328,288,280,258,244,100, : 72556
----------------------- 1 ---------------------------
canvasWidth:300,
canvasHeight:300,
data:[{x:0,y:0,l:94,w:78},{x:78,y:0,l:73,w:89},{x:192,y:0,l:92,w:66},{x:78,y:73,l:39,w:43},{x:0,y:153,l:70,w:75},{x:0,y:223,l:68,w:73},{x:121,y:73,l:99,w:48},{x:0,y:94,l:59,w:78},{x:78,y:112,l:97,w:43},{x:179,y:217,l:47,w:84},{x:258,y:0,l:79,w:37},{x:258,y:79,l:87,w:29},{x:196,y:183,l:34,w:68},{x:109,y:214,l:63,w:35},{x:144,y:214,l:60,w:35},{x:121,y:172,l:42,w:48},{x:73,y:278,l:20,w:97},{x:264,y:168,l:53,w:36},{x:264,y:221,l:52,w:36},{x:167,y:0,l:73,w:25},{x:192,y:92,l:91,w:66},{x:75,y:209,l:44,w:34},{x:169,y:127,l:83,w:16},{x:287,y:79,l:89,w:13},{x:169,y:73,l:54,w:18},{x:295,y:0,l:39,w:4},{x:73,y:277,l:1,w:92},{x:75,y:153,l:14,w:2},],
----------------------- 2 ---------------------------
canvasWidth:300,
canvasHeight:300,
data:[{x:0,y:0,l:76,w:79},{x:79,y:0,l:64,w:85},{x:164,y:0,l:55,w:90},{x:177,y:68,l:70,w:68},{x:69,y:127,l:50,w:93},{x:69,y:177,l:55,w:81},{x:0,y:175,l:59,w:65},{x:156,y:214,l:40,w:94},{x:33,y:76,l:51,w:70},{x:94,y:232,l:61,w:55},{x:0,y:76,l:99,w:33},{x:176,y:182,l:32,w:97},{x:176,y:138,l:44,w:60},{x:236,y:138,l:39,w:62},{x:0,y:234,l:41,w:55},{x:103,y:64,l:36,w:61},{x:254,y:10,l:57,w:37},{x:103,y:100,l:27,w:74},{x:33,y:127,l:48,w:28},{x:63,y:236,l:35,w:30},{x:177,y:55,l:13,w:77},{x:0,y:275,l:25,w:36},{x:165,y:147,l:58,w:11},{x:164,y:55,l:45,w:13},{x:254,y:0,l:10,w:39},{x:61,y:127,l:48,w:8},{x:55,y:234,l:41,w:8},{x:79,y:64,l:12,w:24},{x:162,y:127,l:20,w:14},{x:150,y:177,l:43,w:6},{x:65,y:175,l:61,w:4},{x:69,y:232,l:4,w:25},],
