====================================== Class_08.2bp-33 =====================================
Reduced size: 80 usedBin: 0
E:\WSKH\2DBPP\NonGuillotine\initSolution\8_34.pack
[0, 63]
[10, 18, 49]
[22, 32, 39, 53]
[6, 25, 45]
[2, 37, 42, 67]
[3, 9, 70, 73, 79]
[4, 8, 57, 65]
[7, 23, 54, 62, 72]
[13, 17, 55, 75]
[12, 24, 33]
[1, 34, 56, 59, 64, 78]
[5, 27, 44, 60]
[29, 30, 43]
[15, 16, 68, 76, 77]
[11, 28, 40]
[19, 38, 46, 47, 66]
[20, 35, 41, 69]
[21, 48, 51, 52, 58, 71]
[14, 36, 61, 74]
[26, 31, 50]
canvasWidth:100,
canvasHeight:100,
data:[{x:0,y:0,l:90,w:73},{x:0,y:92,l:8,w:94},],
canvasWidth:100,
canvasHeight:100,
data:[{x:0,y:0,l:64,w:55},{x:55,y:0,l:83,w:45},{x:0,y:83,l:17,w:90},],
canvasWidth:100,
canvasHeight:100,
data:[{x:51,y:0,l:67,w:49},{x:0,y:0,l:53,w:51},{x:0,y:53,l:41,w:49},{x:49,y:67,l:27,w:41},],
canvasWidth:100,
canvasHeight:100,
data:[{x:0,y:61,l:39,w:100},{x:0,y:0,l:38,w:81},{x:0,y:38,l:23,w:73},],
canvasWidth:100,
canvasHeight:100,
data:[{x:0,y:0,l:50,w:93},{x:0,y:50,l:26,w:79},{x:0,y:76,l:23,w:83},{x:93,y:0,l:86,w:6},],
canvasWidth:100,
canvasHeight:100,
data:[{x:0,y:0,l:97,w:43},{x:43,y:0,l:80,w:47},{x:90,y:4,l:71,w:6},{x:97,y:4,l:96,w:3},{x:90,y:0,l:4,w:10},],
canvasWidth:100,
canvasHeight:100,
data:[{x:0,y:0,l:47,w:88},{x:0,y:47,l:46,w:83},{x:88,y:0,l:88,w:11},{x:0,y:93,l:6,w:98},],
canvasWidth:100,
canvasHeight:100,
data:[{x:0,y:0,l:43,w:89},{x:0,y:43,l:40,w:80},{x:89,y:0,l:98,w:11},{x:0,y:83,l:9,w:86},{x:0,y:92,l:5,w:73},],
canvasWidth:100,
canvasHeight:100,
data:[{x:0,y:0,l:50,w:73},{x:0,y:50,l:39,w:91},{x:0,y:89,l:11,w:90},{x:73,y:0,l:10,w:26},],
canvasWidth:100,
canvasHeight:100,
data:[{x:0,y:0,l:39,w:94},{x:0,y:39,l:32,w:100},{x:0,y:71,l:26,w:98},],
canvasWidth:100,
canvasHeight:100,
data:[{x:0,y:0,l:47,w:99},{x:0,y:47,l:9,w:68},{x:0,y:56,l:33,w:69},{x:0,y:89,l:10,w:97},{x:69,y:53,l:36,w:25},{x:0,y:99,l:1,w:95},],
canvasWidth:100,
canvasHeight:100,
data:[{x:0,y:0,l:41,w:98},{x:0,y:41,l:30,w:99},{x:0,y:71,l:27,w:67},{x:67,y:73,l:27,w:33},],
canvasWidth:100,
canvasHeight:100,
data:[{x:0,y:0,l:35,w:81},{x:0,y:35,l:40,w:70},{x:0,y:75,l:25,w:74},],
canvasWidth:100,
canvasHeight:100,
data:[{x:0,y:0,l:90,w:40},{x:40,y:0,l:96,w:37},{x:77,y:0,l:47,w:10},{x:87,y:0,l:31,w:5},{x:77,y:47,l:7,w:20},],
canvasWidth:100,
canvasHeight:100,
data:[{x:0,y:0,l:41,w:91},{x:0,y:63,l:37,w:79},{x:0,y:41,l:22,w:91},],
canvasWidth:100,
canvasHeight:100,
data:[{x:0,y:0,l:47,w:71},{x:0,y:47,l:30,w:67},{x:0,y:77,l:17,w:98},{x:71,y:0,l:77,w:20},{x:0,y:94,l:6,w:90},],
canvasWidth:100,
canvasHeight:100,
data:[{x:0,y:0,l:36,w:92},{x:0,y:36,l:33,w:67},{x:0,y:69,l:25,w:79},{x:0,y:95,l:5,w:93},],
canvasWidth:100,
canvasHeight:100,
data:[{x:0,y:0,l:50,w:66},{x:0,y:50,l:16,w:96},{x:0,y:66,l:16,w:94},{x:0,y:82,l:14,w:95},{x:66,y:0,l:40,w:23},{x:0,y:96,l:4,w:98},],
canvasWidth:100,
canvasHeight:100,
data:[{x:0,y:0,l:38,w:96},{x:0,y:38,l:25,w:85},{x:0,y:63,l:10,w:79},{x:0,y:73,l:4,w:67},],
canvasWidth:100,
canvasHeight:100,
data:[{x:0,y:0,l:32,w:96},{x:0,y:32,l:32,w:87},{x:0,y:64,l:22,w:69},],
Best fit used bin number: 20
Found best solution: 20 0.063

   Statrt add columnAndCut col: 20 cons: 0 cut: 0	0.125

	1 Start Add column using column generation  col: 20 cons: 0 cut: 0	0.125
			Start solve  LP :0.125
			End solve LP obj: 20.0 t: 16
	1 End Add column using column generation : 20.0 col: 20 cons: 0 cut: 0	0.141
   End add columnAndCut : 20.0 colGencnt: 1 price: 0 col: 20 cons: 0 cut: 0	0.141

Node lb: 20.0 ub: 20 : 0.141

Final Found Solution: 20 genNode: 1 extendedNode: 0:0.141
Bin size: 10000
1 : 6570,752, : 7322
2 : 3735,3520,1530, : 8785
3 : 3283,2703,2009,1107, : 9102
4 : 3900,3078,1679, : 8657
5 : 4650,2054,1909,516, : 9129
6 : 4171,3760,426,288,40, : 8685
7 : 4136,3818,968,588, : 9510
8 : 3827,3200,1078,774,365, : 9244
9 : 3650,3549,990,260, : 8449
10 : 3666,3200,2548, : 9414
11 : 4653,2277,970,900,612,95, : 9507
12 : 4018,2970,1809,891, : 9688
13 : 2835,2800,1850, : 7485
14 : 3600,3552,470,155,140, : 7917
15 : 3731,2923,2002, : 8656
16 : 3337,2010,1666,1540,540, : 9093
17 : 3312,2211,1975,465, : 7963
18 : 3300,1536,1504,1330,920,392, : 8982
19 : 3648,2125,790,268, : 6831
20 : 3072,2784,1518, : 7374
----------------------- 1 ---------------------------
canvasWidth:100,
canvasHeight:100,
data:[{x:0,y:0,l:90,w:73},{x:0,y:92,l:8,w:94},],
----------------------- 2 ---------------------------
canvasWidth:100,
canvasHeight:100,
data:[{x:0,y:0,l:64,w:55},{x:55,y:0,l:83,w:45},{x:0,y:83,l:17,w:90},],
----------------------- 3 ---------------------------
canvasWidth:100,
canvasHeight:100,
data:[{x:51,y:0,l:67,w:49},{x:0,y:0,l:53,w:51},{x:0,y:53,l:41,w:49},{x:49,y:67,l:27,w:41},],
----------------------- 4 ---------------------------
canvasWidth:100,
canvasHeight:100,
data:[{x:0,y:61,l:39,w:100},{x:0,y:0,l:38,w:81},{x:0,y:38,l:23,w:73},],
----------------------- 5 ---------------------------
canvasWidth:100,
canvasHeight:100,
data:[{x:0,y:0,l:50,w:93},{x:0,y:50,l:26,w:79},{x:0,y:76,l:23,w:83},{x:93,y:0,l:86,w:6},],
----------------------- 6 ---------------------------
canvasWidth:100,
canvasHeight:100,
data:[{x:0,y:0,l:97,w:43},{x:43,y:0,l:80,w:47},{x:90,y:4,l:71,w:6},{x:97,y:4,l:96,w:3},{x:90,y:0,l:4,w:10},],
----------------------- 7 ---------------------------
canvasWidth:100,
canvasHeight:100,
data:[{x:0,y:0,l:47,w:88},{x:0,y:47,l:46,w:83},{x:88,y:0,l:88,w:11},{x:0,y:93,l:6,w:98},],
----------------------- 8 ---------------------------
canvasWidth:100,
canvasHeight:100,
data:[{x:0,y:0,l:43,w:89},{x:0,y:43,l:40,w:80},{x:89,y:0,l:98,w:11},{x:0,y:83,l:9,w:86},{x:0,y:92,l:5,w:73},],
----------------------- 9 ---------------------------
canvasWidth:100,
canvasHeight:100,
data:[{x:0,y:0,l:50,w:73},{x:0,y:50,l:39,w:91},{x:0,y:89,l:11,w:90},{x:73,y:0,l:10,w:26},],
----------------------- 10 ---------------------------
canvasWidth:100,
canvasHeight:100,
data:[{x:0,y:0,l:39,w:94},{x:0,y:39,l:32,w:100},{x:0,y:71,l:26,w:98},],
----------------------- 11 ---------------------------
canvasWidth:100,
canvasHeight:100,
data:[{x:0,y:0,l:47,w:99},{x:0,y:47,l:9,w:68},{x:0,y:56,l:33,w:69},{x:0,y:89,l:10,w:97},{x:69,y:53,l:36,w:25},{x:0,y:99,l:1,w:95},],
----------------------- 12 ---------------------------
canvasWidth:100,
canvasHeight:100,
data:[{x:0,y:0,l:41,w:98},{x:0,y:41,l:30,w:99},{x:0,y:71,l:27,w:67},{x:67,y:73,l:27,w:33},],
----------------------- 13 ---------------------------
canvasWidth:100,
canvasHeight:100,
data:[{x:0,y:0,l:35,w:81},{x:0,y:35,l:40,w:70},{x:0,y:75,l:25,w:74},],
----------------------- 14 ---------------------------
canvasWidth:100,
canvasHeight:100,
data:[{x:0,y:0,l:90,w:40},{x:40,y:0,l:96,w:37},{x:77,y:0,l:47,w:10},{x:87,y:0,l:31,w:5},{x:77,y:47,l:7,w:20},],
----------------------- 15 ---------------------------
canvasWidth:100,
canvasHeight:100,
data:[{x:0,y:0,l:41,w:91},{x:0,y:63,l:37,w:79},{x:0,y:41,l:22,w:91},],
----------------------- 16 ---------------------------
canvasWidth:100,
canvasHeight:100,
data:[{x:0,y:0,l:47,w:71},{x:0,y:47,l:30,w:67},{x:0,y:77,l:17,w:98},{x:71,y:0,l:77,w:20},{x:0,y:94,l:6,w:90},],
----------------------- 17 ---------------------------
canvasWidth:100,
canvasHeight:100,
data:[{x:0,y:0,l:36,w:92},{x:0,y:36,l:33,w:67},{x:0,y:69,l:25,w:79},{x:0,y:95,l:5,w:93},],
----------------------- 18 ---------------------------
canvasWidth:100,
canvasHeight:100,
data:[{x:0,y:0,l:50,w:66},{x:0,y:50,l:16,w:96},{x:0,y:66,l:16,w:94},{x:0,y:82,l:14,w:95},{x:66,y:0,l:40,w:23},{x:0,y:96,l:4,w:98},],
----------------------- 19 ---------------------------
canvasWidth:100,
canvasHeight:100,
data:[{x:0,y:0,l:38,w:96},{x:0,y:38,l:25,w:85},{x:0,y:63,l:10,w:79},{x:0,y:73,l:4,w:67},],
----------------------- 20 ---------------------------
canvasWidth:100,
canvasHeight:100,
data:[{x:0,y:0,l:32,w:96},{x:0,y:32,l:32,w:87},{x:0,y:64,l:22,w:69},],
