====================================== Class_07.2bp-34 =====================================
Reduced size: 80 usedBin: 0
[0, 70]
[1, 58]
[2, 45, 61]
[3, 65]
[4, 51, 60]
[5, 52, 75]
[6, 32, 56, 67, 76, 77, 79]
[7, 9]
[8, 28]
[10, 31, 49]
[12, 29, 73]
[13, 54, 57, 66, 69]
[21, 34, 71]
[26, 38, 47, 72, 78]
[35, 39, 48, 50, 74]
[15, 19, 46]
[11, 43, 44, 68]
[16, 20, 62, 63]
[23, 36, 37, 64]
[14, 33, 40]
[17, 22, 55]
[30, 41, 42, 59]
[24, 27, 53]
[18, 25]
canvasWidth:100,
canvasHeight:100,
data:[{x:0,y:0,l:83,w:95},{x:95,y:0,l:96,w:5},],
canvasWidth:100,
canvasHeight:100,
data:[{x:0,y:0,l:82,w:89},{x:89,y:0,l:96,w:11},],
canvasWidth:100,
canvasHeight:100,
data:[{x:0,y:0,l:96,w:71},{x:80,y:0,l:93,w:20},{x:71,y:0,l:96,w:9},],
canvasWidth:100,
canvasHeight:100,
data:[{x:0,y:0,l:65,w:92},{x:92,y:0,l:97,w:8},],
canvasWidth:100,
canvasHeight:100,
data:[{x:0,y:0,l:69,w:77},{x:86,y:0,l:92,w:14},{x:77,y:0,l:96,w:9},],
canvasWidth:100,
canvasHeight:100,
data:[{x:0,y:0,l:63,w:84},{x:84,y:0,l:79,w:16},{x:77,y:63,l:16,w:7},],
canvasWidth:100,
canvasHeight:100,
data:[{x:0,y:0,l:68,w:76},{x:0,y:68,l:29,w:87},{x:87,y:0,l:97,w:12},{x:76,y:0,l:68,w:11},{x:0,y:97,l:1,w:99},{x:99,y:0,l:75,w:1},{x:0,y:98,l:2,w:33},],
canvasWidth:100,
canvasHeight:100,
data:[{x:0,y:0,l:97,w:52},{x:52,y:0,l:99,w:48},],
canvasWidth:100,
canvasHeight:100,
data:[{x:0,y:0,l:78,w:64},{x:64,y:0,l:77,w:36},],
canvasWidth:100,
canvasHeight:100,
data:[{x:0,y:0,l:85,w:55},{x:73,y:0,l:94,w:27},{x:55,y:0,l:85,w:18},],
canvasWidth:100,
canvasHeight:100,
data:[{x:0,y:0,l:56,w:83},{x:0,y:56,l:42,w:66},{x:83,y:0,l:73,w:3},],
canvasWidth:100,
canvasHeight:100,
data:[{x:0,y:0,l:77,w:57},{x:0,y:77,l:15,w:83},{x:57,y:0,l:77,w:15},{x:72,y:0,l:27,w:28},{x:92,y:27,l:73,w:8},],
canvasWidth:100,
canvasHeight:100,
data:[{x:0,y:0,l:49,w:69},{x:69,y:0,l:97,w:25},{x:94,y:0,l:75,w:4},],
canvasWidth:100,
canvasHeight:100,
data:[{x:66,y:0,l:93,w:17},{x:35,y:0,l:96,w:31},{x:0,y:0,l:70,w:34},{x:83,y:0,l:90,w:3},{x:34,y:0,l:72,w:1},],
canvasWidth:100,
canvasHeight:100,
data:[{x:0,y:0,l:31,w:78},{x:0,y:31,l:69,w:33},{x:82,y:0,l:87,w:18},{x:33,y:31,l:67,w:21},{x:54,y:31,l:67,w:3},],
canvasWidth:100,
canvasHeight:100,
data:[{x:38,y:0,l:97,w:42},{x:0,y:0,l:99,w:38},{x:80,y:0,l:92,w:20},],
canvasWidth:100,
canvasHeight:100,
data:[{x:42,y:0,l:93,w:50},{x:0,y:0,l:95,w:21},{x:21,y:0,l:94,w:21},{x:92,y:0,l:92,w:8},],
canvasWidth:100,
canvasHeight:100,
data:[{x:46,y:0,l:92,w:44},{x:0,y:0,l:93,w:37},{x:37,y:0,l:93,w:9},{x:90,y:0,l:91,w:9},],
canvasWidth:100,
canvasHeight:100,
data:[{x:52,y:0,l:86,w:37},{x:0,y:0,l:92,w:26},{x:26,y:0,l:92,w:26},{x:89,y:0,l:74,w:11},],
canvasWidth:100,
canvasHeight:100,
data:[{x:0,y:0,l:90,w:46},{x:46,y:0,l:90,w:27},{x:73,y:0,l:84,w:27},],
canvasWidth:100,
canvasHeight:100,
data:[{x:0,y:0,l:86,w:46},{x:46,y:0,l:86,w:39},{x:85,y:0,l:81,w:15},],
canvasWidth:100,
canvasHeight:100,
data:[{x:0,y:0,l:86,w:32},{x:32,y:0,l:86,w:25},{x:69,y:0,l:71,w:30},{x:57,y:0,l:76,w:12},],
canvasWidth:100,
canvasHeight:100,
data:[{x:0,y:0,l:80,w:38},{x:38,y:0,l:78,w:37},{x:75,y:0,l:78,w:16},],
canvasWidth:100,
canvasHeight:100,
data:[{x:0,y:0,l:77,w:49},{x:49,y:0,l:74,w:41},],
Best fit used bin number: 24
Found best solution: 24 0.063

   Statrt add columnAndCut col: 24 cons: 0 cut: 0	0.141

	1 Start Add column using column generation  col: 24 cons: 0 cut: 0	0.141
			Start solve  LP :0.141
			End solve LP obj: 24.0 t: 0
	1 End Add column using column generation : 24.0 col: 24 cons: 0 cut: 0	0.141
   End add columnAndCut : 24.0 colGencnt: 1 price: 0 col: 24 cons: 0 cut: 0	0.141

Node lb: 24.0 ub: 24 : 0.141

Final Found Solution: 24 genNode: 1 extendedNode: 0:0.141
Bin size: 10000
1 : 7885,480, : 8365
2 : 7298,1056, : 8354
3 : 6816,1860,864, : 9540
4 : 5980,776, : 6756
5 : 5313,1288,864, : 7465
6 : 5292,1264,112, : 6668
7 : 5168,2523,1164,748,99,75,66, : 9843
8 : 5044,4752, : 9796
9 : 4992,2772, : 7764
10 : 4675,2538,1530, : 8743
11 : 4648,2772,219, : 7639
12 : 4389,1245,1155,756,584, : 8129
13 : 3381,2425,300, : 6106
14 : 2976,2380,1581,270,72, : 7279
15 : 2418,2277,1566,1407,201, : 7869
16 : 4074,3762,1840, : 9676
17 : 4650,1995,1974,736, : 9355
18 : 4048,3441,837,819, : 9145
19 : 3182,2392,2392,814, : 8780
20 : 4140,2430,2268, : 8838
21 : 3956,3354,1215, : 8525
22 : 2752,2150,2130,912, : 7944
23 : 3040,2886,1248, : 7174
24 : 3773,3034, : 6807
----------------------- 1 ---------------------------
canvasWidth:100,
canvasHeight:100,
data:[{x:0,y:0,l:83,w:95},{x:95,y:0,l:96,w:5},],
----------------------- 2 ---------------------------
canvasWidth:100,
canvasHeight:100,
data:[{x:0,y:0,l:82,w:89},{x:89,y:0,l:96,w:11},],
----------------------- 3 ---------------------------
canvasWidth:100,
canvasHeight:100,
data:[{x:0,y:0,l:96,w:71},{x:80,y:0,l:93,w:20},{x:71,y:0,l:96,w:9},],
----------------------- 4 ---------------------------
canvasWidth:100,
canvasHeight:100,
data:[{x:0,y:0,l:65,w:92},{x:92,y:0,l:97,w:8},],
----------------------- 5 ---------------------------
canvasWidth:100,
canvasHeight:100,
data:[{x:0,y:0,l:69,w:77},{x:86,y:0,l:92,w:14},{x:77,y:0,l:96,w:9},],
----------------------- 6 ---------------------------
canvasWidth:100,
canvasHeight:100,
data:[{x:0,y:0,l:63,w:84},{x:84,y:0,l:79,w:16},{x:77,y:63,l:16,w:7},],
----------------------- 7 ---------------------------
canvasWidth:100,
canvasHeight:100,
data:[{x:0,y:0,l:68,w:76},{x:0,y:68,l:29,w:87},{x:87,y:0,l:97,w:12},{x:76,y:0,l:68,w:11},{x:0,y:97,l:1,w:99},{x:99,y:0,l:75,w:1},{x:0,y:98,l:2,w:33},],
----------------------- 8 ---------------------------
canvasWidth:100,
canvasHeight:100,
data:[{x:0,y:0,l:97,w:52},{x:52,y:0,l:99,w:48},],
----------------------- 9 ---------------------------
canvasWidth:100,
canvasHeight:100,
data:[{x:0,y:0,l:78,w:64},{x:64,y:0,l:77,w:36},],
----------------------- 10 ---------------------------
canvasWidth:100,
canvasHeight:100,
data:[{x:0,y:0,l:85,w:55},{x:73,y:0,l:94,w:27},{x:55,y:0,l:85,w:18},],
----------------------- 11 ---------------------------
canvasWidth:100,
canvasHeight:100,
data:[{x:0,y:0,l:56,w:83},{x:0,y:56,l:42,w:66},{x:83,y:0,l:73,w:3},],
----------------------- 12 ---------------------------
canvasWidth:100,
canvasHeight:100,
data:[{x:0,y:0,l:77,w:57},{x:0,y:77,l:15,w:83},{x:57,y:0,l:77,w:15},{x:72,y:0,l:27,w:28},{x:92,y:27,l:73,w:8},],
----------------------- 13 ---------------------------
canvasWidth:100,
canvasHeight:100,
data:[{x:0,y:0,l:49,w:69},{x:69,y:0,l:97,w:25},{x:94,y:0,l:75,w:4},],
----------------------- 14 ---------------------------
canvasWidth:100,
canvasHeight:100,
data:[{x:66,y:0,l:93,w:17},{x:35,y:0,l:96,w:31},{x:0,y:0,l:70,w:34},{x:83,y:0,l:90,w:3},{x:34,y:0,l:72,w:1},],
----------------------- 15 ---------------------------
canvasWidth:100,
canvasHeight:100,
data:[{x:0,y:0,l:31,w:78},{x:0,y:31,l:69,w:33},{x:82,y:0,l:87,w:18},{x:33,y:31,l:67,w:21},{x:54,y:31,l:67,w:3},],
----------------------- 16 ---------------------------
canvasWidth:100,
canvasHeight:100,
data:[{x:38,y:0,l:97,w:42},{x:0,y:0,l:99,w:38},{x:80,y:0,l:92,w:20},],
----------------------- 17 ---------------------------
canvasWidth:100,
canvasHeight:100,
data:[{x:42,y:0,l:93,w:50},{x:0,y:0,l:95,w:21},{x:21,y:0,l:94,w:21},{x:92,y:0,l:92,w:8},],
----------------------- 18 ---------------------------
canvasWidth:100,
canvasHeight:100,
data:[{x:46,y:0,l:92,w:44},{x:0,y:0,l:93,w:37},{x:37,y:0,l:93,w:9},{x:90,y:0,l:91,w:9},],
----------------------- 19 ---------------------------
canvasWidth:100,
canvasHeight:100,
data:[{x:52,y:0,l:86,w:37},{x:0,y:0,l:92,w:26},{x:26,y:0,l:92,w:26},{x:89,y:0,l:74,w:11},],
----------------------- 20 ---------------------------
canvasWidth:100,
canvasHeight:100,
data:[{x:0,y:0,l:90,w:46},{x:46,y:0,l:90,w:27},{x:73,y:0,l:84,w:27},],
----------------------- 21 ---------------------------
canvasWidth:100,
canvasHeight:100,
data:[{x:0,y:0,l:86,w:46},{x:46,y:0,l:86,w:39},{x:85,y:0,l:81,w:15},],
----------------------- 22 ---------------------------
canvasWidth:100,
canvasHeight:100,
data:[{x:0,y:0,l:86,w:32},{x:32,y:0,l:86,w:25},{x:69,y:0,l:71,w:30},{x:57,y:0,l:76,w:12},],
----------------------- 23 ---------------------------
canvasWidth:100,
canvasHeight:100,
data:[{x:0,y:0,l:80,w:38},{x:38,y:0,l:78,w:37},{x:75,y:0,l:78,w:16},],
----------------------- 24 ---------------------------
canvasWidth:100,
canvasHeight:100,
data:[{x:0,y:0,l:77,w:49},{x:49,y:0,l:74,w:41},],
