====================================== Class_06.2bp-44 =====================================
Reduced size: 100 usedBin: 0
[0, 1, 2, 3, 4, 6, 9, 19, 24, 26, 36, 45, 47, 49, 50, 56, 59, 62, 63, 68, 71, 75, 76, 77, 78, 82, 85, 89, 90, 93, 94, 95]
[5, 7, 8, 10, 11, 12, 13, 14, 16, 17, 18, 25, 27, 28, 29, 41, 42, 46, 58, 60, 64, 66, 67, 70, 83, 86, 96, 98, 99]
[15, 20, 21, 22, 23, 30, 31, 32, 33, 34, 35, 37, 38, 39, 40, 43, 44, 48, 51, 52, 53, 54, 55, 57, 61, 65, 69, 72, 73, 74, 79, 80, 81, 84, 87, 88, 91, 92, 97]
canvasWidth:300,
canvasHeight:300,
data:[{x:0,y:0,l:80,w:91},{x:173,y:0,l:78,w:88},{x:0,y:80,l:91,w:74},{x:74,y:80,l:85,w:78},{x:129,y:187,l:71,w:93},{x:91,y:0,l:80,w:81},{x:152,y:80,l:85,w:70},{x:24,y:171,l:88,w:50},{x:74,y:165,l:68,w:55},{x:129,y:258,l:39,w:93},{x:261,y:0,l:92,w:34},{x:242,y:129,l:100,w:25},{x:268,y:92,l:83,w:29},{x:0,y:171,l:96,w:24},{x:222,y:236,l:51,w:45},{x:129,y:165,l:22,w:93},{x:272,y:204,l:69,w:28},{x:222,y:80,l:73,w:20},{x:74,y:233,l:26,w:55},{x:242,y:78,l:51,w:19},{x:267,y:175,l:29,w:30},{x:222,y:153,l:34,w:20},{x:24,y:259,l:8,w:83},{x:0,y:273,l:8,w:83},{x:0,y:281,l:8,w:76},{x:0,y:267,l:6,w:85},{x:295,y:0,l:90,w:5},{x:222,y:229,l:7,w:50},{x:222,y:187,l:24,w:14},{x:297,y:90,l:56,w:3},{x:173,y:78,l:2,w:69},{x:172,y:0,l:80,w:1},],
canvasWidth:300,
canvasHeight:300,
data:[{x:0,y:0,l:66,w:99},{x:99,y:0,l:81,w:77},{x:234,y:0,l:95,w:65},{x:160,y:81,l:92,w:54},{x:91,y:102,l:71,w:69},{x:73,y:173,l:99,w:48},{x:240,y:95,l:79,w:60},{x:176,y:0,l:81,w:58},{x:0,y:231,l:64,w:73},{x:240,y:174,l:77,w:60},{x:157,y:173,l:92,w:49},{x:0,y:295,l:5,w:100},{x:10,y:173,l:58,w:63},{x:0,y:66,l:36,w:99},{x:121,y:173,l:99,w:36},{x:0,y:102,l:39,w:91},{x:206,y:174,l:84,w:32},{x:10,y:141,l:32,w:81},{x:238,y:251,l:40,w:62},{x:73,y:272,l:23,w:84},{x:214,y:81,l:93,w:17},{x:99,y:81,l:21,w:61},{x:157,y:265,l:30,w:37},{x:194,y:275,l:25,w:42},{x:0,y:141,l:90,w:10},{x:194,y:265,l:10,w:44},{x:299,y:0,l:61,w:1},{x:232,y:81,l:14,w:2},{x:231,y:95,l:1,w:7},],
canvasWidth:300,
canvasHeight:300,
data:[{x:0,y:0,l:57,w:82},{x:82,y:0,l:78,w:53},{x:135,y:0,l:96,w:41},{x:176,y:0,l:60,w:63},{x:0,y:57,l:60,w:59},{x:239,y:0,l:93,w:38},{x:91,y:78,l:79,w:44},{x:0,y:117,l:84,w:40},{x:55,y:157,l:42,w:79},{x:242,y:168,l:55,w:58},{x:134,y:157,l:32,w:96},{x:88,y:242,l:37,w:81},{x:55,y:199,l:43,w:69},{x:0,y:201,l:65,w:44},{x:44,y:242,l:58,w:44},{x:257,y:223,l:59,w:43},{x:199,y:212,l:54,w:43},{x:198,y:96,l:58,w:37},{x:239,y:93,l:56,w:38},{x:176,y:60,l:36,w:59},{x:134,y:189,l:23,w:92},{x:124,y:212,l:30,w:70},{x:193,y:266,l:31,w:64},{x:88,y:279,l:20,w:76},{x:40,y:117,l:84,w:15},{x:238,y:149,l:19,w:48},{x:277,y:66,l:55,w:15},{x:277,y:0,l:37,w:21},{x:59,y:78,l:24,w:29},{x:287,y:121,l:45,w:13},{x:59,y:102,l:20,w:28},{x:0,y:266,l:13,w:41},{x:135,y:96,l:61,w:63},{x:277,y:37,l:29,w:16},{x:59,y:57,l:17,w:23},{x:55,y:122,l:13,w:27},{x:235,y:60,l:83,w:4},{x:235,y:143,l:63,w:3},{x:198,y:154,l:3,w:17},],
Best fit used bin number: 3
Found best solution: 3 0.078

   Statrt add columnAndCut col: 3 cons: 0 cut: 0	0.156

	1 Start Add column using column generation  col: 3 cons: 0 cut: 0	0.156
			Start solve  LP :0.156
			End solve LP obj: 3.0 t: 16
	1 End Add column using column generation : 3.0 col: 3 cons: 0 cut: 0	0.172
   End add columnAndCut : 3.0 colGencnt: 1 price: 0 col: 3 cons: 0 cut: 0	0.172

Node lb: 3.0 ub: 3 : 0.172

Final Found Solution: 3 genNode: 1 extendedNode: 0:0.172
Bin size: 90000
1 : 7280,6864,6734,6630,6603,6480,5950,4400,3740,3627,3128,2500,2407,2304,2295,2046,1932,1460,1430,969,870,680,664,664,608,510,450,350,336,168,138,80, : 84297
2 : 6534,6237,6175,4968,4899,4752,4740,4698,4672,4620,4508,3654,3564,3564,3549,2688,2592,2480,1932,1581,1281,1110,1050,900,500,440,61,28,7, : 87784
3 : 4674,4134,3936,3843,3780,3540,3534,3476,3360,3318,3190,3072,2997,2967,2860,2552,2537,2322,2146,2128,2124,2116,2100,1984,1520,1260,912,825,777,696,585,560,533,464,391,351,332,189,51, : 82136
----------------------- 1 ---------------------------
canvasWidth:300,
canvasHeight:300,
data:[{x:0,y:0,l:80,w:91},{x:173,y:0,l:78,w:88},{x:0,y:80,l:91,w:74},{x:74,y:80,l:85,w:78},{x:129,y:187,l:71,w:93},{x:91,y:0,l:80,w:81},{x:152,y:80,l:85,w:70},{x:24,y:171,l:88,w:50},{x:74,y:165,l:68,w:55},{x:129,y:258,l:39,w:93},{x:261,y:0,l:92,w:34},{x:242,y:129,l:100,w:25},{x:268,y:92,l:83,w:29},{x:0,y:171,l:96,w:24},{x:222,y:236,l:51,w:45},{x:129,y:165,l:22,w:93},{x:272,y:204,l:69,w:28},{x:222,y:80,l:73,w:20},{x:74,y:233,l:26,w:55},{x:242,y:78,l:51,w:19},{x:267,y:175,l:29,w:30},{x:222,y:153,l:34,w:20},{x:24,y:259,l:8,w:83},{x:0,y:273,l:8,w:83},{x:0,y:281,l:8,w:76},{x:0,y:267,l:6,w:85},{x:295,y:0,l:90,w:5},{x:222,y:229,l:7,w:50},{x:222,y:187,l:24,w:14},{x:297,y:90,l:56,w:3},{x:173,y:78,l:2,w:69},{x:172,y:0,l:80,w:1},],
----------------------- 2 ---------------------------
canvasWidth:300,
canvasHeight:300,
data:[{x:0,y:0,l:66,w:99},{x:99,y:0,l:81,w:77},{x:234,y:0,l:95,w:65},{x:160,y:81,l:92,w:54},{x:91,y:102,l:71,w:69},{x:73,y:173,l:99,w:48},{x:240,y:95,l:79,w:60},{x:176,y:0,l:81,w:58},{x:0,y:231,l:64,w:73},{x:240,y:174,l:77,w:60},{x:157,y:173,l:92,w:49},{x:0,y:295,l:5,w:100},{x:10,y:173,l:58,w:63},{x:0,y:66,l:36,w:99},{x:121,y:173,l:99,w:36},{x:0,y:102,l:39,w:91},{x:206,y:174,l:84,w:32},{x:10,y:141,l:32,w:81},{x:238,y:251,l:40,w:62},{x:73,y:272,l:23,w:84},{x:214,y:81,l:93,w:17},{x:99,y:81,l:21,w:61},{x:157,y:265,l:30,w:37},{x:194,y:275,l:25,w:42},{x:0,y:141,l:90,w:10},{x:194,y:265,l:10,w:44},{x:299,y:0,l:61,w:1},{x:232,y:81,l:14,w:2},{x:231,y:95,l:1,w:7},],
----------------------- 3 ---------------------------
canvasWidth:300,
canvasHeight:300,
data:[{x:0,y:0,l:57,w:82},{x:82,y:0,l:78,w:53},{x:135,y:0,l:96,w:41},{x:176,y:0,l:60,w:63},{x:0,y:57,l:60,w:59},{x:239,y:0,l:93,w:38},{x:91,y:78,l:79,w:44},{x:0,y:117,l:84,w:40},{x:55,y:157,l:42,w:79},{x:242,y:168,l:55,w:58},{x:134,y:157,l:32,w:96},{x:88,y:242,l:37,w:81},{x:55,y:199,l:43,w:69},{x:0,y:201,l:65,w:44},{x:44,y:242,l:58,w:44},{x:257,y:223,l:59,w:43},{x:199,y:212,l:54,w:43},{x:198,y:96,l:58,w:37},{x:239,y:93,l:56,w:38},{x:176,y:60,l:36,w:59},{x:134,y:189,l:23,w:92},{x:124,y:212,l:30,w:70},{x:193,y:266,l:31,w:64},{x:88,y:279,l:20,w:76},{x:40,y:117,l:84,w:15},{x:238,y:149,l:19,w:48},{x:277,y:66,l:55,w:15},{x:277,y:0,l:37,w:21},{x:59,y:78,l:24,w:29},{x:287,y:121,l:45,w:13},{x:59,y:102,l:20,w:28},{x:0,y:266,l:13,w:41},{x:135,y:96,l:61,w:63},{x:277,y:37,l:29,w:16},{x:59,y:57,l:17,w:23},{x:55,y:122,l:13,w:27},{x:235,y:60,l:83,w:4},{x:235,y:143,l:63,w:3},{x:198,y:154,l:3,w:17},],
