====================================== Class_04.2bp-36 =====================================
Reduced size: 80 usedBin: 0
E:\WSKH\2DBPP\NonGuillotine\initSolution\4_37.pack
[1, 2, 3, 4, 5, 8, 9, 14, 17, 23, 29, 31, 41, 45, 48, 49, 59, 61, 64, 65, 70, 76, 79]
[6, 7, 12, 13, 15, 18, 21, 22, 25, 26, 30, 32, 33, 35, 37, 38, 39, 43, 46, 53, 60, 62, 68, 69, 71, 75, 78]
[0, 10, 11, 16, 19, 20, 24, 27, 28, 34, 36, 40, 42, 44, 47, 50, 51, 52, 54, 55, 56, 57, 58, 63, 66, 67, 72, 73, 74, 77]
canvasWidth:100,
canvasHeight:100,
data:[{x:0,y:0,l:13,w:34},{x:0,y:13,l:31,w:32},{x:39,y:35,l:35,w:27},{x:66,y:35,l:34,w:27},{x:61,y:13,l:22,w:35},{x:0,y:44,l:24,w:32},{x:39,y:70,l:30,w:22},{x:0,y:68,l:32,w:20},{x:80,y:69,l:31,w:20},{x:20,y:68,l:31,w:19},{x:39,y:13,l:22,w:22},{x:34,y:0,l:13,w:32},{x:70,y:69,l:31,w:10},{x:66,y:0,l:13,w:21},{x:93,y:35,l:34,w:7},{x:32,y:35,l:33,w:7},{x:32,y:13,l:22,w:7},{x:96,y:0,l:35,w:4},{x:87,y:0,l:13,w:9},{x:66,y:69,l:26,w:4},{x:61,y:76,l:24,w:2},{x:61,y:70,l:6,w:5},{x:20,y:99,l:1,w:12},],
canvasWidth:100,
canvasHeight:100,
data:[{x:0,y:0,l:26,w:29},{x:0,y:26,l:23,w:31},{x:29,y:0,l:26,w:24},{x:31,y:26,l:23,w:27},{x:53,y:0,l:26,w:23},{x:76,y:0,l:24,w:24},{x:74,y:42,l:21,w:26},{x:29,y:69,l:31,w:17},{x:75,y:81,l:19,w:25},{x:74,y:63,l:18,w:26},{x:76,y:24,l:18,w:24},{x:59,y:42,l:27,w:15},{x:0,y:49,l:17,w:23},{x:56,y:81,l:19,w:19},{x:0,y:74,l:18,w:19},{x:41,y:49,l:20,w:17},{x:46,y:69,l:12,w:28},{x:27,y:49,l:20,w:14},{x:60,y:26,l:16,w:16},{x:46,y:81,l:19,w:10},{x:23,y:69,l:25,w:6},{x:0,y:68,l:6,w:21},{x:23,y:49,l:20,w:4},{x:0,y:92,l:5,w:15},{x:0,y:66,l:2,w:23},{x:58,y:35,l:34,w:1},{x:58,y:26,l:9,w:2},],
canvasWidth:100,
canvasHeight:100,
data:[{x:0,y:0,l:21,w:30},{x:30,y:0,l:19,w:33},{x:65,y:34,l:17,w:35},{x:0,y:21,l:19,w:30},{x:63,y:0,l:18,w:31},{x:30,y:30,l:30,w:16},{x:32,y:60,l:29,w:16},{x:0,y:40,l:15,w:30},{x:65,y:51,l:35,w:35},{x:49,y:77,l:23,w:16},{x:0,y:64,l:21,w:17},{x:17,y:64,l:21,w:15},{x:56,y:43,l:34,w:9},{x:69,y:23,l:11,w:25},{x:0,y:55,l:9,w:28},{x:84,y:86,l:14,w:16},{x:94,y:0,l:34,w:6},{x:45,y:19,l:11,w:18},{x:0,y:89,l:5,w:35},{x:46,y:30,l:21,w:8},{x:48,y:51,l:21,w:8},{x:30,y:19,l:11,w:15},{x:63,y:18,l:5,w:31},{x:74,y:88,l:12,w:10},{x:54,y:34,l:9,w:11},{x:67,y:88,l:12,w:7},{x:63,y:23,l:7,w:6},{x:59,y:30,l:4,w:10},{x:65,y:86,l:2,w:19},{x:54,y:30,l:4,w:5},],
Best fit used bin number: 3
Found best solution: 3 0.062

   Statrt add columnAndCut col: 3 cons: 0 cut: 0	0.125

	1 Start Add column using column generation  col: 3 cons: 0 cut: 0	0.125
			Start solve  LP :0.125
			End solve LP obj: 3.0 t: 0
	1 End Add column using column generation : 3.0 col: 3 cons: 0 cut: 0	0.14
   End add columnAndCut : 3.0 colGencnt: 1 price: 0 col: 3 cons: 0 cut: 0	0.14

Node lb: 3.0 ub: 3 : 0.14

Final Found Solution: 3 genNode: 1 extendedNode: 0:0.14
Bin size: 10000
1 : 992,945,918,770,768,660,640,620,589,484,442,416,310,273,238,231,154,140,117,104,48,30,12, : 9901
2 : 754,713,624,621,598,576,546,527,475,468,432,405,391,361,342,340,336,280,256,190,150,126,80,75,46,34,18, : 9764
3 : 1225,630,627,595,570,558,480,464,450,368,357,315,306,275,252,224,204,198,175,168,168,165,155,120,99,84,42,40,38,20, : 9372
----------------------- 1 ---------------------------
canvasWidth:100,
canvasHeight:100,
data:[{x:0,y:0,l:13,w:34},{x:0,y:13,l:31,w:32},{x:39,y:35,l:35,w:27},{x:66,y:35,l:34,w:27},{x:61,y:13,l:22,w:35},{x:0,y:44,l:24,w:32},{x:39,y:70,l:30,w:22},{x:0,y:68,l:32,w:20},{x:80,y:69,l:31,w:20},{x:20,y:68,l:31,w:19},{x:39,y:13,l:22,w:22},{x:34,y:0,l:13,w:32},{x:70,y:69,l:31,w:10},{x:66,y:0,l:13,w:21},{x:93,y:35,l:34,w:7},{x:32,y:35,l:33,w:7},{x:32,y:13,l:22,w:7},{x:96,y:0,l:35,w:4},{x:87,y:0,l:13,w:9},{x:66,y:69,l:26,w:4},{x:61,y:76,l:24,w:2},{x:61,y:70,l:6,w:5},{x:20,y:99,l:1,w:12},],
----------------------- 2 ---------------------------
canvasWidth:100,
canvasHeight:100,
data:[{x:0,y:0,l:26,w:29},{x:0,y:26,l:23,w:31},{x:29,y:0,l:26,w:24},{x:31,y:26,l:23,w:27},{x:53,y:0,l:26,w:23},{x:76,y:0,l:24,w:24},{x:74,y:42,l:21,w:26},{x:29,y:69,l:31,w:17},{x:75,y:81,l:19,w:25},{x:74,y:63,l:18,w:26},{x:76,y:24,l:18,w:24},{x:59,y:42,l:27,w:15},{x:0,y:49,l:17,w:23},{x:56,y:81,l:19,w:19},{x:0,y:74,l:18,w:19},{x:41,y:49,l:20,w:17},{x:46,y:69,l:12,w:28},{x:27,y:49,l:20,w:14},{x:60,y:26,l:16,w:16},{x:46,y:81,l:19,w:10},{x:23,y:69,l:25,w:6},{x:0,y:68,l:6,w:21},{x:23,y:49,l:20,w:4},{x:0,y:92,l:5,w:15},{x:0,y:66,l:2,w:23},{x:58,y:35,l:34,w:1},{x:58,y:26,l:9,w:2},],
----------------------- 3 ---------------------------
canvasWidth:100,
canvasHeight:100,
data:[{x:0,y:0,l:21,w:30},{x:30,y:0,l:19,w:33},{x:65,y:34,l:17,w:35},{x:0,y:21,l:19,w:30},{x:63,y:0,l:18,w:31},{x:30,y:30,l:30,w:16},{x:32,y:60,l:29,w:16},{x:0,y:40,l:15,w:30},{x:65,y:51,l:35,w:35},{x:49,y:77,l:23,w:16},{x:0,y:64,l:21,w:17},{x:17,y:64,l:21,w:15},{x:56,y:43,l:34,w:9},{x:69,y:23,l:11,w:25},{x:0,y:55,l:9,w:28},{x:84,y:86,l:14,w:16},{x:94,y:0,l:34,w:6},{x:45,y:19,l:11,w:18},{x:0,y:89,l:5,w:35},{x:46,y:30,l:21,w:8},{x:48,y:51,l:21,w:8},{x:30,y:19,l:11,w:15},{x:63,y:18,l:5,w:31},{x:74,y:88,l:12,w:10},{x:54,y:34,l:9,w:11},{x:67,y:88,l:12,w:7},{x:63,y:23,l:7,w:6},{x:59,y:30,l:4,w:10},{x:65,y:86,l:2,w:19},{x:54,y:30,l:4,w:5},],
