====================================== Class_02.2bp-22 =====================================
Reduced size: 60 usedBin: 0
[0, 1, 2, 3, 4, 5, 6, 7, 9, 10, 11, 13, 15, 16, 17, 42, 48, 50, 57]
[8, 12, 14, 18, 19, 20, 21, 22, 23, 24, 25, 26, 27, 28, 29, 30, 31, 32, 33, 34, 35, 36, 37, 38, 39, 40, 41, 43, 46, 47, 49, 51, 52, 53, 54, 55, 56, 58, 59]
[44, 45]
canvasWidth:30,
canvasHeight:30,
data:[{x:0,y:0,l:10,w:8},{x:0,y:10,l:8,w:9},{x:8,y:0,l:10,w:7},{x:15,y:0,l:10,w:7},{x:22,y:0,l:8,w:8},{x:0,y:18,l:7,w:9},{x:9,y:10,l:7,w:8},{x:17,y:10,l:7,w:8},{x:9,y:17,l:6,w:9},{x:25,y:10,l:10,w:5},{x:25,y:20,l:10,w:5},{x:9,y:23,l:7,w:7},{x:0,y:25,l:5,w:9},{x:18,y:17,l:6,w:7},{x:16,y:23,l:7,w:6},{x:23,y:23,l:2,w:2},{x:22,y:8,l:2,w:8},{x:23,y:25,l:5,w:2},{x:22,y:23,l:7,w:1},],
canvasWidth:30,
canvasHeight:30,
data:[{x:0,y:0,l:6,w:9},{x:4,y:10,l:5,w:10},{x:9,y:0,l:6,w:8},{x:17,y:0,l:6,w:7},{x:14,y:6,l:4,w:10},{x:4,y:6,l:4,w:10},{x:0,y:6,l:10,w:4},{x:0,y:16,l:8,w:4},{x:24,y:0,l:5,w:6},{x:24,y:5,l:5,w:6},{x:23,y:10,l:4,w:7},{x:23,y:14,l:4,w:7},{x:23,y:18,l:4,w:7},{x:19,y:15,l:7,w:4},{x:4,y:15,l:9,w:3},{x:14,y:10,l:5,w:5},{x:19,y:22,l:3,w:8},{x:0,y:24,l:6,w:4},{x:9,y:18,l:6,w:4},{x:8,y:24,l:6,w:4},{x:27,y:22,l:8,w:3},{x:9,y:15,l:2,w:10},{x:12,y:24,l:4,w:5},{x:19,y:10,l:5,w:4},{x:7,y:15,l:9,w:2},{x:17,y:18,l:9,w:2},{x:24,y:25,l:5,w:3},{x:4,y:24,l:6,w:2},{x:6,y:24,l:6,w:2},{x:9,y:17,l:1,w:10},{x:12,y:28,l:2,w:3},{x:23,y:25,l:5,w:1},{x:22,y:25,l:5,w:1},{x:21,y:25,l:5,w:1},{x:16,y:28,l:1,w:4},{x:13,y:18,l:6,w:4},{x:20,y:25,l:4,w:1},{x:17,y:27,l:1,w:3},{x:15,y:28,l:2,w:1},],
canvasWidth:30,
canvasHeight:30,
data:[{x:0,y:0,l:3,w:4},{x:4,y:0,l:4,w:3},],
Best fit used bin number: 3
Found best solution: 3 0.063

   Statrt add columnAndCut col: 3 cons: 0 cut: 0	0.125

	1 Start Add column using column generation  col: 3 cons: 0 cut: 0	0.125
			Start solve  LP :0.125
			End solve LP obj: 3.0 t: 16
	1 End Add column using column generation : 3.0 col: 3 cons: 0 cut: 0	0.141
   End add columnAndCut : 3.0 colGencnt: 1 price: 0 col: 3 cons: 0 cut: 0	0.141

Node lb: 3.0 ub: 3 : 0.141

Final Found Solution: 3 genNode: 1 extendedNode: 0:0.141
Bin size: 900
1 : 80,72,70,70,64,63,56,56,54,50,50,49,45,42,42,16,10,7,4, : 900
2 : 54,50,48,42,40,40,40,32,30,30,28,28,28,28,27,25,24,24,24,24,24,24,20,20,20,18,18,15,12,12,10,6,5,5,5,4,4,3,2, : 893
3 : 12,12, : 24
----------------------- 1 ---------------------------
canvasWidth:30,
canvasHeight:30,
data:[{x:0,y:0,l:10,w:8},{x:0,y:10,l:8,w:9},{x:8,y:0,l:10,w:7},{x:15,y:0,l:10,w:7},{x:22,y:0,l:8,w:8},{x:0,y:18,l:7,w:9},{x:9,y:10,l:7,w:8},{x:17,y:10,l:7,w:8},{x:9,y:17,l:6,w:9},{x:25,y:10,l:10,w:5},{x:25,y:20,l:10,w:5},{x:9,y:23,l:7,w:7},{x:0,y:25,l:5,w:9},{x:18,y:17,l:6,w:7},{x:16,y:23,l:7,w:6},{x:23,y:23,l:2,w:2},{x:22,y:8,l:2,w:8},{x:23,y:25,l:5,w:2},{x:22,y:23,l:7,w:1},],
----------------------- 2 ---------------------------
canvasWidth:30,
canvasHeight:30,
data:[{x:0,y:0,l:6,w:9},{x:4,y:10,l:5,w:10},{x:9,y:0,l:6,w:8},{x:17,y:0,l:6,w:7},{x:14,y:6,l:4,w:10},{x:4,y:6,l:4,w:10},{x:0,y:6,l:10,w:4},{x:0,y:16,l:8,w:4},{x:24,y:0,l:5,w:6},{x:24,y:5,l:5,w:6},{x:23,y:10,l:4,w:7},{x:23,y:14,l:4,w:7},{x:23,y:18,l:4,w:7},{x:19,y:15,l:7,w:4},{x:4,y:15,l:9,w:3},{x:14,y:10,l:5,w:5},{x:19,y:22,l:3,w:8},{x:0,y:24,l:6,w:4},{x:9,y:18,l:6,w:4},{x:8,y:24,l:6,w:4},{x:27,y:22,l:8,w:3},{x:9,y:15,l:2,w:10},{x:12,y:24,l:4,w:5},{x:19,y:10,l:5,w:4},{x:7,y:15,l:9,w:2},{x:17,y:18,l:9,w:2},{x:24,y:25,l:5,w:3},{x:4,y:24,l:6,w:2},{x:6,y:24,l:6,w:2},{x:9,y:17,l:1,w:10},{x:12,y:28,l:2,w:3},{x:23,y:25,l:5,w:1},{x:22,y:25,l:5,w:1},{x:21,y:25,l:5,w:1},{x:16,y:28,l:1,w:4},{x:13,y:18,l:6,w:4},{x:20,y:25,l:4,w:1},{x:17,y:27,l:1,w:3},{x:15,y:28,l:2,w:1},],
----------------------- 3 ---------------------------
canvasWidth:30,
canvasHeight:30,
data:[{x:0,y:0,l:3,w:4},{x:4,y:0,l:4,w:3},],
