====================================== Class_08.2bp-41 =====================================
Reduced size: 100 usedBin: 0
[0, 66, 89]
[1, 76, 87, 92]
[2, 70, 73]
[3, 48, 82, 86]
[4, 37]
[5, 41, 90, 98]
[6, 36, 80, 85]
[7, 16]
[8, 27, 69]
[17, 24, 55]
[29, 45, 49, 60, 95]
[14, 20, 96]
[11, 12, 62]
[15, 19, 63, 94]
[9, 44, 53]
[26, 33, 75]
[34, 50, 58, 59]
[35, 39, 43, 74]
[18, 21, 65, 84, 88]
[13, 23, 68]
[22, 31, 72]
[30, 47, 61, 77]
[32, 54, 56, 81, 83, 91, 93, 99]
[40, 46, 52, 79]
[25, 57, 64, 67, 71, 97]
[10, 28, 78]
[38, 42, 51]
canvasWidth:100,
canvasHeight:100,
data:[{x:0,y:0,l:79,w:97},{x:0,y:84,l:16,w:69},{x:0,y:79,l:5,w:71},],
canvasWidth:100,
canvasHeight:100,
data:[{x:0,y:0,l:100,w:70},{x:70,y:69,l:15,w:24},{x:70,y:0,l:69,w:9},{x:70,y:84,l:10,w:23},],
canvasWidth:100,
canvasHeight:100,
data:[{x:0,y:0,l:78,w:86},{x:0,y:78,l:10,w:93},{x:0,y:88,l:12,w:66},],
canvasWidth:100,
canvasHeight:100,
data:[{x:0,y:0,l:93,w:66},{x:66,y:0,l:67,w:33},{x:0,y:93,l:7,w:67},{x:67,y:67,l:33,w:11},],
canvasWidth:100,
canvasHeight:100,
data:[{x:0,y:0,l:63,w:91},{x:0,y:63,l:34,w:83},],
canvasWidth:100,
canvasHeight:100,
data:[{x:0,y:0,l:65,w:84},{x:0,y:65,l:34,w:77},{x:84,y:0,l:28,w:10},{x:0,y:99,l:1,w:80},],
canvasWidth:100,
canvasHeight:100,
data:[{x:0,y:0,l:63,w:73},{x:0,y:63,l:33,w:87},{x:73,y:0,l:42,w:13},{x:0,y:96,l:4,w:96},],
canvasWidth:100,
canvasHeight:100,
data:[{x:0,y:0,l:61,w:75},{x:0,y:61,l:39,w:99},],
canvasWidth:100,
canvasHeight:100,
data:[{x:0,y:0,l:70,w:64},{x:65,y:0,l:98,w:35},{x:0,y:70,l:25,w:39},],
canvasWidth:100,
canvasHeight:100,
data:[{x:0,y:0,l:44,w:87},{x:0,y:65,l:35,w:100},{x:0,y:44,l:21,w:79},],
canvasWidth:100,
canvasHeight:100,
data:[{x:0,y:0,l:50,w:68},{x:0,y:76,l:24,w:100},{x:0,y:54,l:22,w:100},{x:68,y:0,l:48,w:31},{x:0,y:50,l:2,w:96},],
canvasWidth:100,
canvasHeight:100,
data:[{x:0,y:0,l:49,w:80},{x:0,y:49,l:50,w:74},{x:98,y:0,l:71,w:2},],
canvasWidth:100,
canvasHeight:100,
data:[{x:0,y:0,l:43,w:96},{x:0,y:43,l:41,w:99},{x:0,y:84,l:16,w:84},],
canvasWidth:100,
canvasHeight:100,
data:[{x:0,y:0,l:47,w:83},{x:0,y:47,l:39,w:95},{x:0,y:87,l:13,w:98},{x:83,y:0,l:20,w:10},],
canvasWidth:100,
canvasHeight:100,
data:[{x:0,y:18,l:46,w:96},{x:0,y:64,l:36,w:69},{x:0,y:0,l:18,w:99},],
canvasWidth:100,
canvasHeight:100,
data:[{x:0,y:46,l:45,w:67},{x:0,y:0,l:46,w:75},{x:0,y:91,l:9,w:72},],
canvasWidth:100,
canvasHeight:100,
data:[{x:0,y:0,l:44,w:34},{x:0,y:71,l:29,w:100},{x:34,y:0,l:49,w:43},{x:0,y:49,l:21,w:72},],
canvasWidth:100,
canvasHeight:100,
data:[{x:0,y:0,l:36,w:80},{x:0,y:36,l:35,w:78},{x:0,y:71,l:29,w:87},{x:87,y:0,l:87,w:9},],
canvasWidth:100,
canvasHeight:100,
data:[{x:0,y:0,l:38,w:99},{x:0,y:42,l:40,w:92},{x:0,y:82,l:13,w:91},{x:0,y:38,l:4,w:98},{x:0,y:95,l:4,w:89},],
canvasWidth:100,
canvasHeight:100,
data:[{x:0,y:0,l:47,w:84},{x:0,y:47,l:39,w:92},{x:0,y:86,l:12,w:82},],
canvasWidth:100,
canvasHeight:100,
data:[{x:0,y:10,l:44,w:82},{x:0,y:54,l:45,w:75},{x:0,y:0,l:10,w:88},],
canvasWidth:100,
canvasHeight:100,
data:[{x:0,y:0,l:47,w:72},{x:0,y:47,l:27,w:86},{x:0,y:74,l:19,w:71},{x:0,y:93,l:7,w:83},],
canvasWidth:100,
canvasHeight:100,
data:[{x:0,y:0,l:79,w:42},{x:42,y:0,l:37,w:48},{x:0,y:79,l:18,w:92},{x:42,y:37,l:11,w:48},{x:42,y:48,l:12,w:37},{x:42,y:60,l:6,w:42},{x:0,y:97,l:3,w:69},{x:79,y:48,l:7,w:6},],
canvasWidth:100,
canvasHeight:100,
data:[{x:0,y:0,l:39,w:68},{x:0,y:39,l:32,w:73},{x:0,y:71,l:23,w:81},{x:0,y:94,l:6,w:93},],
canvasWidth:100,
canvasHeight:100,
data:[{x:0,y:0,l:40,w:87},{x:0,y:40,l:18,w:91},{x:0,y:58,l:14,w:91},{x:0,y:72,l:15,w:69},{x:0,y:87,l:12,w:74},{x:0,y:99,l:1,w:95},],
canvasWidth:100,
canvasHeight:100,
data:[{x:0,y:47,l:42,w:81},{x:0,y:0,l:47,w:93},{x:0,y:89,l:8,w:72},],
canvasWidth:100,
canvasHeight:100,
data:[{x:0,y:0,l:30,w:93},{x:0,y:30,l:30,w:86},{x:0,y:60,l:26,w:72},],
Best fit used bin number: 27
Found best solution: 27 0.063

   Statrt add columnAndCut col: 27 cons: 0 cut: 0	0.157

	1 Start Add column using column generation  col: 27 cons: 0 cut: 0	0.157
			Start solve  LP :0.157
			End solve LP obj: 27.0 t: 0
	1 End Add column using column generation : 27.0 col: 27 cons: 0 cut: 0	0.157
   End add columnAndCut : 27.0 colGencnt: 1 price: 0 col: 27 cons: 0 cut: 0	0.157

Node lb: 27.0 ub: 27 : 0.157

Final Found Solution: 27 genNode: 1 extendedNode: 0:0.157
Bin size: 10000
1 : 7663,1104,355, : 9122
2 : 7000,621,360,230, : 8211
3 : 6708,930,792, : 8430
4 : 6138,2211,469,363, : 9181
5 : 5733,2822, : 8555
6 : 5460,2618,280,80, : 8438
7 : 4599,2871,546,384, : 8400
8 : 4575,3861, : 8436
9 : 4480,3430,975, : 8885
10 : 3828,3500,1659, : 8987
11 : 3400,2400,2200,1488,192, : 9680
12 : 3920,3700,142, : 7762
13 : 4128,4059,1344, : 9531
14 : 3901,3705,1274,200, : 9080
15 : 4416,2484,1782, : 8682
16 : 3450,3015,648, : 7113
17 : 2900,2107,1512,1496, : 8015
18 : 2880,2730,2523,783, : 8916
19 : 3762,3680,1183,392,356, : 9373
20 : 3948,3588,984, : 8520
21 : 3608,3375,880, : 7863
22 : 3384,2322,1349,581, : 7636
23 : 3318,1776,1656,528,444,252,207,42, : 8223
24 : 2652,2336,1863,558, : 7409
25 : 3480,1638,1274,1035,888,95, : 8410
26 : 4371,3402,576, : 8349
27 : 2790,2580,1872, : 7242
----------------------- 1 ---------------------------
canvasWidth:100,
canvasHeight:100,
data:[{x:0,y:0,l:79,w:97},{x:0,y:84,l:16,w:69},{x:0,y:79,l:5,w:71},],
----------------------- 2 ---------------------------
canvasWidth:100,
canvasHeight:100,
data:[{x:0,y:0,l:100,w:70},{x:70,y:69,l:15,w:24},{x:70,y:0,l:69,w:9},{x:70,y:84,l:10,w:23},],
----------------------- 3 ---------------------------
canvasWidth:100,
canvasHeight:100,
data:[{x:0,y:0,l:78,w:86},{x:0,y:78,l:10,w:93},{x:0,y:88,l:12,w:66},],
----------------------- 4 ---------------------------
canvasWidth:100,
canvasHeight:100,
data:[{x:0,y:0,l:93,w:66},{x:66,y:0,l:67,w:33},{x:0,y:93,l:7,w:67},{x:67,y:67,l:33,w:11},],
----------------------- 5 ---------------------------
canvasWidth:100,
canvasHeight:100,
data:[{x:0,y:0,l:63,w:91},{x:0,y:63,l:34,w:83},],
----------------------- 6 ---------------------------
canvasWidth:100,
canvasHeight:100,
data:[{x:0,y:0,l:65,w:84},{x:0,y:65,l:34,w:77},{x:84,y:0,l:28,w:10},{x:0,y:99,l:1,w:80},],
----------------------- 7 ---------------------------
canvasWidth:100,
canvasHeight:100,
data:[{x:0,y:0,l:63,w:73},{x:0,y:63,l:33,w:87},{x:73,y:0,l:42,w:13},{x:0,y:96,l:4,w:96},],
----------------------- 8 ---------------------------
canvasWidth:100,
canvasHeight:100,
data:[{x:0,y:0,l:61,w:75},{x:0,y:61,l:39,w:99},],
----------------------- 9 ---------------------------
canvasWidth:100,
canvasHeight:100,
data:[{x:0,y:0,l:70,w:64},{x:65,y:0,l:98,w:35},{x:0,y:70,l:25,w:39},],
----------------------- 10 ---------------------------
canvasWidth:100,
canvasHeight:100,
data:[{x:0,y:0,l:44,w:87},{x:0,y:65,l:35,w:100},{x:0,y:44,l:21,w:79},],
----------------------- 11 ---------------------------
canvasWidth:100,
canvasHeight:100,
data:[{x:0,y:0,l:50,w:68},{x:0,y:76,l:24,w:100},{x:0,y:54,l:22,w:100},{x:68,y:0,l:48,w:31},{x:0,y:50,l:2,w:96},],
----------------------- 12 ---------------------------
canvasWidth:100,
canvasHeight:100,
data:[{x:0,y:0,l:49,w:80},{x:0,y:49,l:50,w:74},{x:98,y:0,l:71,w:2},],
----------------------- 13 ---------------------------
canvasWidth:100,
canvasHeight:100,
data:[{x:0,y:0,l:43,w:96},{x:0,y:43,l:41,w:99},{x:0,y:84,l:16,w:84},],
----------------------- 14 ---------------------------
canvasWidth:100,
canvasHeight:100,
data:[{x:0,y:0,l:47,w:83},{x:0,y:47,l:39,w:95},{x:0,y:87,l:13,w:98},{x:83,y:0,l:20,w:10},],
----------------------- 15 ---------------------------
canvasWidth:100,
canvasHeight:100,
data:[{x:0,y:18,l:46,w:96},{x:0,y:64,l:36,w:69},{x:0,y:0,l:18,w:99},],
----------------------- 16 ---------------------------
canvasWidth:100,
canvasHeight:100,
data:[{x:0,y:46,l:45,w:67},{x:0,y:0,l:46,w:75},{x:0,y:91,l:9,w:72},],
----------------------- 17 ---------------------------
canvasWidth:100,
canvasHeight:100,
data:[{x:0,y:0,l:44,w:34},{x:0,y:71,l:29,w:100},{x:34,y:0,l:49,w:43},{x:0,y:49,l:21,w:72},],
----------------------- 18 ---------------------------
canvasWidth:100,
canvasHeight:100,
data:[{x:0,y:0,l:36,w:80},{x:0,y:36,l:35,w:78},{x:0,y:71,l:29,w:87},{x:87,y:0,l:87,w:9},],
----------------------- 19 ---------------------------
canvasWidth:100,
canvasHeight:100,
data:[{x:0,y:0,l:38,w:99},{x:0,y:42,l:40,w:92},{x:0,y:82,l:13,w:91},{x:0,y:38,l:4,w:98},{x:0,y:95,l:4,w:89},],
----------------------- 20 ---------------------------
canvasWidth:100,
canvasHeight:100,
data:[{x:0,y:0,l:47,w:84},{x:0,y:47,l:39,w:92},{x:0,y:86,l:12,w:82},],
----------------------- 21 ---------------------------
canvasWidth:100,
canvasHeight:100,
data:[{x:0,y:10,l:44,w:82},{x:0,y:54,l:45,w:75},{x:0,y:0,l:10,w:88},],
----------------------- 22 ---------------------------
canvasWidth:100,
canvasHeight:100,
data:[{x:0,y:0,l:47,w:72},{x:0,y:47,l:27,w:86},{x:0,y:74,l:19,w:71},{x:0,y:93,l:7,w:83},],
----------------------- 23 ---------------------------
canvasWidth:100,
canvasHeight:100,
data:[{x:0,y:0,l:79,w:42},{x:42,y:0,l:37,w:48},{x:0,y:79,l:18,w:92},{x:42,y:37,l:11,w:48},{x:42,y:48,l:12,w:37},{x:42,y:60,l:6,w:42},{x:0,y:97,l:3,w:69},{x:79,y:48,l:7,w:6},],
----------------------- 24 ---------------------------
canvasWidth:100,
canvasHeight:100,
data:[{x:0,y:0,l:39,w:68},{x:0,y:39,l:32,w:73},{x:0,y:71,l:23,w:81},{x:0,y:94,l:6,w:93},],
----------------------- 25 ---------------------------
canvasWidth:100,
canvasHeight:100,
data:[{x:0,y:0,l:40,w:87},{x:0,y:40,l:18,w:91},{x:0,y:58,l:14,w:91},{x:0,y:72,l:15,w:69},{x:0,y:87,l:12,w:74},{x:0,y:99,l:1,w:95},],
----------------------- 26 ---------------------------
canvasWidth:100,
canvasHeight:100,
data:[{x:0,y:47,l:42,w:81},{x:0,y:0,l:47,w:93},{x:0,y:89,l:8,w:72},],
----------------------- 27 ---------------------------
canvasWidth:100,
canvasHeight:100,
data:[{x:0,y:0,l:30,w:93},{x:0,y:30,l:30,w:86},{x:0,y:60,l:26,w:72},],
