====================================== Class_01.2bp-43 =====================================
Reduced size: 100 usedBin: 0
E:\WSKH\2DBPP\NonGuillotine\initSolution\1_44.pack
[0, 78]
[1, 81, 85]
[2, 57]
[3, 76, 86]
[4, 56, 82]
[5, 45, 96]
[6, 58, 63]
[7, 62, 71]
[9, 61, 73, 90]
[8, 54, 79, 91, 98]
[10, 46, 77]
[11, 25]
[12, 49, 80, 84, 93]
[13, 64, 65, 69]
[14, 28, 94, 99]
[15, 31, 87]
[19, 36, 70]
[20, 39, 68]
[24, 37]
[22, 43, 51, 89]
[23, 42, 55, 88]
[29, 30, 48, 92]
[32, 33, 50, 97]
[17, 27, 83]
[16, 18]
[21, 26]
[35, 53, 59, 72, 75]
[34, 40, 47]
[38, 41, 67]
[44, 52, 60, 66, 74, 95]
canvasWidth:10,
canvasHeight:10,
data:[{x:0,y:0,l:10,w:9},{x:9,y:0,l:10,w:1},],
canvasWidth:10,
canvasHeight:10,
data:[{x:0,y:0,l:9,w:9},{x:9,y:0,l:8,w:1},{x:0,y:9,l:1,w:7},],
canvasWidth:10,
canvasHeight:10,
data:[{x:0,y:0,l:10,w:8},{x:8,y:0,l:10,w:2},],
canvasWidth:10,
canvasHeight:10,
data:[{x:0,y:0,l:8,w:9},{x:0,y:8,l:2,w:6},{x:9,y:0,l:7,w:1},],
canvasWidth:10,
canvasHeight:10,
data:[{x:0,y:0,l:9,w:8},{x:8,y:0,l:10,w:2},{x:0,y:9,l:1,w:8},],
canvasWidth:10,
canvasHeight:10,
data:[{x:0,y:0,l:10,w:7},{x:7,y:0,l:9,w:3},{x:7,y:9,l:1,w:3},],
canvasWidth:10,
canvasHeight:10,
data:[{x:0,y:0,l:8,w:8},{x:0,y:8,l:2,w:10},{x:8,y:0,l:8,w:2},],
canvasWidth:10,
canvasHeight:10,
data:[{x:0,y:0,l:8,w:8},{x:8,y:0,l:9,w:2},{x:0,y:8,l:2,w:6},],
canvasWidth:10,
canvasHeight:10,
data:[{x:0,y:0,l:7,w:9},{x:6,y:7,l:3,w:4},{x:9,y:0,l:6,w:1},{x:0,y:7,l:3,w:6},],
canvasWidth:10,
canvasHeight:10,
data:[{x:0,y:0,l:7,w:9},{x:3,y:7,l:3,w:7},{x:0,y:7,l:3,w:3},{x:9,y:0,l:4,w:1},{x:9,y:4,l:3,w:1},],
canvasWidth:10,
canvasHeight:10,
data:[{x:0,y:0,l:9,w:7},{x:7,y:0,l:9,w:3},{x:0,y:9,l:1,w:10},],
canvasWidth:10,
canvasHeight:10,
data:[{x:0,y:0,l:6,w:10},{x:0,y:6,l:4,w:10},],
canvasWidth:10,
canvasHeight:10,
data:[{x:0,y:0,l:7,w:8},{x:0,y:7,l:3,w:8},{x:8,y:0,l:4,w:2},{x:8,y:4,l:4,w:2},{x:8,y:8,l:2,w:2},],
canvasWidth:10,
canvasHeight:10,
data:[{x:0,y:0,l:8,w:7},{x:7,y:5,l:5,w:3},{x:7,y:0,l:5,w:3},{x:0,y:8,l:2,w:7},],
canvasWidth:10,
canvasHeight:10,
data:[{x:0,y:0,l:6,w:9},{x:0,y:6,l:4,w:10},{x:9,y:0,l:4,w:1},{x:9,y:4,l:1,w:1},],
canvasWidth:10,
canvasHeight:10,
data:[{x:0,y:0,l:9,w:6},{x:6,y:0,l:9,w:4},{x:3,y:9,l:1,w:7},],
canvasWidth:10,
canvasHeight:10,
data:[{x:0,y:0,l:8,w:6},{x:6,y:0,l:8,w:4},{x:3,y:8,l:2,w:7},],
canvasWidth:10,
canvasHeight:10,
data:[{x:0,y:0,l:8,w:6},{x:6,y:0,l:8,w:4},{x:3,y:8,l:2,w:7},],
canvasWidth:10,
canvasHeight:10,
data:[{x:0,y:0,l:6,w:7},{x:0,y:6,l:4,w:8},],
canvasWidth:10,
canvasHeight:10,
data:[{x:0,y:0,l:6,w:7},{x:0,y:6,l:4,w:7},{x:7,y:0,l:8,w:3},{x:7,y:8,l:2,w:3},],
canvasWidth:10,
canvasHeight:10,
data:[{x:0,y:0,l:7,w:6},{x:6,y:0,l:7,w:4},{x:3,y:7,l:3,w:7},{x:0,y:7,l:2,w:3},],
canvasWidth:10,
canvasHeight:10,
data:[{x:0,y:0,l:6,w:6},{x:6,y:0,l:9,w:4},{x:0,y:6,l:4,w:6},{x:6,y:9,l:1,w:4},],
canvasWidth:10,
canvasHeight:10,
data:[{x:0,y:0,l:6,w:6},{x:6,y:0,l:9,w:4},{x:0,y:6,l:4,w:6},{x:6,y:9,l:1,w:3},],
canvasWidth:10,
canvasHeight:10,
data:[{x:0,y:0,l:5,w:10},{x:2,y:5,l:5,w:8},{x:0,y:5,l:4,w:2},],
canvasWidth:10,
canvasHeight:10,
data:[{x:5,y:0,l:10,w:5},{x:0,y:0,l:10,w:5},],
canvasWidth:10,
canvasHeight:10,
data:[{x:0,y:0,l:5,w:9},{x:0,y:5,l:5,w:8},],
canvasWidth:10,
canvasHeight:10,
data:[{x:0,y:0,l:8,w:4},{x:4,y:0,l:8,w:3},{x:7,y:0,l:4,w:3},{x:7,y:4,l:4,w:3},{x:0,y:8,l:2,w:9},],
canvasWidth:10,
canvasHeight:10,
data:[{x:5,y:5,l:5,w:5},{x:0,y:0,l:4,w:9},{x:0,y:4,l:6,w:5},],
canvasWidth:10,
canvasHeight:10,
data:[{x:0,y:0,l:8,w:4},{x:6,y:3,l:7,w:4},{x:4,y:0,l:3,w:5},],
canvasWidth:10,
canvasHeight:10,
data:[{x:0,y:0,l:7,w:4},{x:4,y:0,l:4,w:6},{x:7,y:4,l:6,w:3},{x:4,y:4,l:5,w:3},{x:0,y:7,l:3,w:4},{x:4,y:9,l:1,w:3},],
Best fit used bin number: 30
Found best solution: 30 0.063

   Statrt add columnAndCut col: 30 cons: 0 cut: 0	0.141

	1 Start Add column using column generation  col: 30 cons: 0 cut: 0	0.141
			Start solve  LP :0.141
			End solve LP obj: 30.0 t: 0
	1 End Add column using column generation : 30.0 col: 30 cons: 0 cut: 0	0.141
   End add columnAndCut : 30.0 colGencnt: 1 price: 0 col: 30 cons: 0 cut: 0	0.141

Node lb: 30.0 ub: 30 : 0.141

Final Found Solution: 30 genNode: 1 extendedNode: 0:0.141
Bin size: 100
1 : 90,10, : 100
2 : 81,8,7, : 96
3 : 80,20, : 100
4 : 72,12,7, : 91
5 : 72,20,8, : 100
6 : 70,27,3, : 100
7 : 64,20,16, : 100
8 : 64,18,12, : 94
9 : 63,18,12,6, : 99
10 : 63,21,9,4,3, : 100
11 : 63,27,10, : 100
12 : 60,40, : 100
13 : 56,24,8,8,4, : 100
14 : 56,15,15,14, : 100
15 : 54,40,4,1, : 99
16 : 54,36,7, : 97
17 : 48,32,14, : 94
18 : 48,32,14, : 94
19 : 42,32, : 74
20 : 42,28,24,6, : 100
21 : 42,28,21,6, : 97
22 : 36,36,24,4, : 100
23 : 36,36,24,3, : 99
24 : 50,40,8, : 98
25 : 50,50, : 100
26 : 45,40, : 85
27 : 32,24,18,12,12, : 98
28 : 36,30,25, : 91
29 : 32,28,15, : 75
30 : 28,24,18,15,12,3, : 100
----------------------- 1 ---------------------------
canvasWidth:10,
canvasHeight:10,
data:[{x:0,y:0,l:10,w:9},{x:9,y:0,l:10,w:1},],
----------------------- 2 ---------------------------
canvasWidth:10,
canvasHeight:10,
data:[{x:0,y:0,l:9,w:9},{x:9,y:0,l:8,w:1},{x:0,y:9,l:1,w:7},],
----------------------- 3 ---------------------------
canvasWidth:10,
canvasHeight:10,
data:[{x:0,y:0,l:10,w:8},{x:8,y:0,l:10,w:2},],
----------------------- 4 ---------------------------
canvasWidth:10,
canvasHeight:10,
data:[{x:0,y:0,l:8,w:9},{x:0,y:8,l:2,w:6},{x:9,y:0,l:7,w:1},],
----------------------- 5 ---------------------------
canvasWidth:10,
canvasHeight:10,
data:[{x:0,y:0,l:9,w:8},{x:8,y:0,l:10,w:2},{x:0,y:9,l:1,w:8},],
----------------------- 6 ---------------------------
canvasWidth:10,
canvasHeight:10,
data:[{x:0,y:0,l:10,w:7},{x:7,y:0,l:9,w:3},{x:7,y:9,l:1,w:3},],
----------------------- 7 ---------------------------
canvasWidth:10,
canvasHeight:10,
data:[{x:0,y:0,l:8,w:8},{x:0,y:8,l:2,w:10},{x:8,y:0,l:8,w:2},],
----------------------- 8 ---------------------------
canvasWidth:10,
canvasHeight:10,
data:[{x:0,y:0,l:8,w:8},{x:8,y:0,l:9,w:2},{x:0,y:8,l:2,w:6},],
----------------------- 9 ---------------------------
canvasWidth:10,
canvasHeight:10,
data:[{x:0,y:0,l:7,w:9},{x:6,y:7,l:3,w:4},{x:9,y:0,l:6,w:1},{x:0,y:7,l:3,w:6},],
----------------------- 10 ---------------------------
canvasWidth:10,
canvasHeight:10,
data:[{x:0,y:0,l:7,w:9},{x:3,y:7,l:3,w:7},{x:0,y:7,l:3,w:3},{x:9,y:0,l:4,w:1},{x:9,y:4,l:3,w:1},],
----------------------- 11 ---------------------------
canvasWidth:10,
canvasHeight:10,
data:[{x:0,y:0,l:9,w:7},{x:7,y:0,l:9,w:3},{x:0,y:9,l:1,w:10},],
----------------------- 12 ---------------------------
canvasWidth:10,
canvasHeight:10,
data:[{x:0,y:0,l:6,w:10},{x:0,y:6,l:4,w:10},],
----------------------- 13 ---------------------------
canvasWidth:10,
canvasHeight:10,
data:[{x:0,y:0,l:7,w:8},{x:0,y:7,l:3,w:8},{x:8,y:0,l:4,w:2},{x:8,y:4,l:4,w:2},{x:8,y:8,l:2,w:2},],
----------------------- 14 ---------------------------
canvasWidth:10,
canvasHeight:10,
data:[{x:0,y:0,l:8,w:7},{x:7,y:5,l:5,w:3},{x:7,y:0,l:5,w:3},{x:0,y:8,l:2,w:7},],
----------------------- 15 ---------------------------
canvasWidth:10,
canvasHeight:10,
data:[{x:0,y:0,l:6,w:9},{x:0,y:6,l:4,w:10},{x:9,y:0,l:4,w:1},{x:9,y:4,l:1,w:1},],
----------------------- 16 ---------------------------
canvasWidth:10,
canvasHeight:10,
data:[{x:0,y:0,l:9,w:6},{x:6,y:0,l:9,w:4},{x:3,y:9,l:1,w:7},],
----------------------- 17 ---------------------------
canvasWidth:10,
canvasHeight:10,
data:[{x:0,y:0,l:8,w:6},{x:6,y:0,l:8,w:4},{x:3,y:8,l:2,w:7},],
----------------------- 18 ---------------------------
canvasWidth:10,
canvasHeight:10,
data:[{x:0,y:0,l:8,w:6},{x:6,y:0,l:8,w:4},{x:3,y:8,l:2,w:7},],
----------------------- 19 ---------------------------
canvasWidth:10,
canvasHeight:10,
data:[{x:0,y:0,l:6,w:7},{x:0,y:6,l:4,w:8},],
----------------------- 20 ---------------------------
canvasWidth:10,
canvasHeight:10,
data:[{x:0,y:0,l:6,w:7},{x:0,y:6,l:4,w:7},{x:7,y:0,l:8,w:3},{x:7,y:8,l:2,w:3},],
----------------------- 21 ---------------------------
canvasWidth:10,
canvasHeight:10,
data:[{x:0,y:0,l:7,w:6},{x:6,y:0,l:7,w:4},{x:3,y:7,l:3,w:7},{x:0,y:7,l:2,w:3},],
----------------------- 22 ---------------------------
canvasWidth:10,
canvasHeight:10,
data:[{x:0,y:0,l:6,w:6},{x:6,y:0,l:9,w:4},{x:0,y:6,l:4,w:6},{x:6,y:9,l:1,w:4},],
----------------------- 23 ---------------------------
canvasWidth:10,
canvasHeight:10,
data:[{x:0,y:0,l:6,w:6},{x:6,y:0,l:9,w:4},{x:0,y:6,l:4,w:6},{x:6,y:9,l:1,w:3},],
----------------------- 24 ---------------------------
canvasWidth:10,
canvasHeight:10,
data:[{x:0,y:0,l:5,w:10},{x:2,y:5,l:5,w:8},{x:0,y:5,l:4,w:2},],
----------------------- 25 ---------------------------
canvasWidth:10,
canvasHeight:10,
data:[{x:5,y:0,l:10,w:5},{x:0,y:0,l:10,w:5},],
----------------------- 26 ---------------------------
canvasWidth:10,
canvasHeight:10,
data:[{x:0,y:0,l:5,w:9},{x:0,y:5,l:5,w:8},],
----------------------- 27 ---------------------------
canvasWidth:10,
canvasHeight:10,
data:[{x:0,y:0,l:8,w:4},{x:4,y:0,l:8,w:3},{x:7,y:0,l:4,w:3},{x:7,y:4,l:4,w:3},{x:0,y:8,l:2,w:9},],
----------------------- 28 ---------------------------
canvasWidth:10,
canvasHeight:10,
data:[{x:5,y:5,l:5,w:5},{x:0,y:0,l:4,w:9},{x:0,y:4,l:6,w:5},],
----------------------- 29 ---------------------------
canvasWidth:10,
canvasHeight:10,
data:[{x:0,y:0,l:8,w:4},{x:6,y:3,l:7,w:4},{x:4,y:0,l:3,w:5},],
----------------------- 30 ---------------------------
canvasWidth:10,
canvasHeight:10,
data:[{x:0,y:0,l:7,w:4},{x:4,y:0,l:4,w:6},{x:7,y:4,l:6,w:3},{x:4,y:4,l:5,w:3},{x:0,y:7,l:3,w:4},{x:4,y:9,l:1,w:3},],
