====================================== Class_05.2bp-2 =====================================
Reduced size: 20 usedBin: 0
[0]
[1, 16]
[2, 11, 14]
[3, 4]
[5, 6, 13, 17]
[9, 12, 15, 18, 19]
[7, 8, 10]
canvasWidth:100,
canvasHeight:100,
data:[{x:0,y:0,l:87,w:92},],
canvasWidth:100,
canvasHeight:100,
data:[{x:0,y:0,l:80,w:83},{x:83,y:0,l:64,w:17},],
canvasWidth:100,
canvasHeight:100,
data:[{x:0,y:0,l:100,w:57},{x:57,y:0,l:84,w:27},{x:84,y:0,l:98,w:16},],
canvasWidth:100,
canvasHeight:100,
data:[{x:0,y:0,l:78,w:58},{x:58,y:0,l:81,w:42},],
canvasWidth:100,
canvasHeight:100,
data:[{x:0,y:0,l:71,w:44},{x:44,y:0,l:63,w:47},{x:91,y:0,l:57,w:9},{x:0,y:71,l:27,w:59},],
canvasWidth:100,
canvasHeight:100,
data:[{x:0,y:0,l:49,w:51},{x:0,y:49,l:37,w:51},{x:51,y:5,l:40,w:29},{x:51,y:0,l:5,w:31},{x:0,y:86,l:2,w:65},],
canvasWidth:100,
canvasHeight:100,
data:[{x:0,y:26,l:31,w:89},{x:0,y:0,l:26,w:93},{x:0,y:57,l:36,w:79},],
Best fit used bin number: 7
Found best solution: 7 0.063

   Statrt add columnAndCut col: 7 cons: 0 cut: 0	0.125

	1 Start Add column using column generation  col: 7 cons: 0 cut: 0	0.125
			Start solve  LP :0.125
			End solve LP obj: 7.0 t: 0
	1 End Add column using column generation : 7.0 col: 7 cons: 0 cut: 0	0.125
   End add columnAndCut : 7.0 colGencnt: 1 price: 0 col: 7 cons: 0 cut: 0	0.125

Node lb: 7.0 ub: 7 : 0.125

Final Found Solution: 7 genNode: 1 extendedNode: 0:0.125
Bin size: 10000
1 : 8004, : 8004
2 : 6640,1088, : 7728
3 : 5700,2268,1568, : 9536
4 : 4524,3402, : 7926
5 : 3124,2961,1593,513, : 8191
6 : 2499,1887,1160,155,130, : 5831
7 : 2844,2759,2418, : 8021
----------------------- 1 ---------------------------
canvasWidth:100,
canvasHeight:100,
data:[{x:0,y:0,l:87,w:92},],
----------------------- 2 ---------------------------
canvasWidth:100,
canvasHeight:100,
data:[{x:0,y:0,l:80,w:83},{x:83,y:0,l:64,w:17},],
----------------------- 3 ---------------------------
canvasWidth:100,
canvasHeight:100,
data:[{x:0,y:0,l:100,w:57},{x:57,y:0,l:84,w:27},{x:84,y:0,l:98,w:16},],
----------------------- 4 ---------------------------
canvasWidth:100,
canvasHeight:100,
data:[{x:0,y:0,l:78,w:58},{x:58,y:0,l:81,w:42},],
----------------------- 5 ---------------------------
canvasWidth:100,
canvasHeight:100,
data:[{x:0,y:0,l:71,w:44},{x:44,y:0,l:63,w:47},{x:91,y:0,l:57,w:9},{x:0,y:71,l:27,w:59},],
----------------------- 6 ---------------------------
canvasWidth:100,
canvasHeight:100,
data:[{x:0,y:0,l:49,w:51},{x:0,y:49,l:37,w:51},{x:51,y:5,l:40,w:29},{x:51,y:0,l:5,w:31},{x:0,y:86,l:2,w:65},],
----------------------- 7 ---------------------------
canvasWidth:100,
canvasHeight:100,
data:[{x:0,y:26,l:31,w:89},{x:0,y:0,l:26,w:93},{x:0,y:57,l:36,w:79},],
