====================================== Class_03.2bp-13 =====================================
Reduced size: 40 usedBin: 0
[0, 25, 31, 34]
[1, 27, 36, 37]
[2, 12, 32]
[3, 17, 20]
[4, 16, 23, 30, 35]
[5, 13, 21, 28]
[6, 9, 19, 33, 38, 39]
[7, 15, 24]
[8, 14, 18, 26, 29]
[10, 11, 22]
canvasWidth:40,
canvasHeight:40,
data:[{x:0,y:0,l:33,w:34},{x:0,y:33,l:7,w:27},{x:34,y:0,l:16,w:5},{x:34,y:16,l:16,w:4},],
canvasWidth:40,
canvasHeight:40,
data:[{x:0,y:0,l:32,w:30},{x:0,y:32,l:4,w:31},{x:30,y:2,l:13,w:3},{x:30,y:0,l:2,w:8},],
canvasWidth:40,
canvasHeight:40,
data:[{x:0,y:0,l:27,w:34},{x:0,y:27,l:12,w:30},{x:34,y:0,l:19,w:4},],
canvasWidth:40,
canvasHeight:40,
data:[{x:0,y:0,l:34,w:26},{x:26,y:17,l:19,w:14},{x:26,y:0,l:17,w:14},],
canvasWidth:40,
canvasHeight:40,
data:[{x:0,y:0,l:27,w:31},{x:31,y:0,l:30,w:7},{x:0,y:27,l:12,w:23},{x:23,y:30,l:5,w:17},{x:38,y:0,l:21,w:2},],
canvasWidth:40,
canvasHeight:40,
data:[{x:0,y:0,l:30,w:26},{x:26,y:0,l:29,w:12},{x:0,y:30,l:9,w:26},{x:28,y:29,l:8,w:12},],
canvasWidth:40,
canvasHeight:40,
data:[{x:0,y:0,l:33,w:23},{x:23,y:0,l:23,w:17},{x:25,y:23,l:17,w:15},{x:0,y:33,l:5,w:15},{x:23,y:23,l:7,w:2},{x:23,y:30,l:6,w:2},],
canvasWidth:40,
canvasHeight:40,
data:[{x:0,y:0,l:27,w:23},{x:28,y:12,l:28,w:12},{x:23,y:0,l:12,w:17},],
canvasWidth:40,
canvasHeight:40,
data:[{x:0,y:0,l:30,w:15},{x:15,y:0,l:16,w:21},{x:15,y:16,l:24,w:11},{x:26,y:16,l:13,w:12},{x:6,y:30,l:10,w:9},],
canvasWidth:40,
canvasHeight:40,
data:[{x:0,y:0,l:24,w:16},{x:16,y:0,l:19,w:19},{x:24,y:19,l:14,w:16},],
Best fit used bin number: 10
Found best solution: 10 0.078

   Statrt add columnAndCut col: 10 cons: 0 cut: 0	0.172

	1 Start Add column using column generation  col: 10 cons: 0 cut: 0	0.172
			Start solve  LP :0.172
			End solve LP obj: 10.0 t: 0
	1 End Add column using column generation : 10.0 col: 10 cons: 0 cut: 0	0.172
   End add columnAndCut : 10.0 colGencnt: 1 price: 0 col: 10 cons: 0 cut: 0	0.172

Node lb: 10.0 ub: 10 : 0.172

Final Found Solution: 10 genNode: 1 extendedNode: 0:0.172
Bin size: 1600
1 : 1122,189,80,64, : 1455
2 : 960,124,39,16, : 1139
3 : 918,360,76, : 1354
4 : 884,266,238, : 1388
5 : 837,276,210,85,42, : 1450
6 : 780,348,234,96, : 1458
7 : 759,391,255,75,14,12, : 1506
8 : 621,336,204, : 1161
9 : 450,336,264,156,90, : 1296
10 : 384,361,224, : 969
----------------------- 1 ---------------------------
canvasWidth:40,
canvasHeight:40,
data:[{x:0,y:0,l:33,w:34},{x:0,y:33,l:7,w:27},{x:34,y:0,l:16,w:5},{x:34,y:16,l:16,w:4},],
----------------------- 2 ---------------------------
canvasWidth:40,
canvasHeight:40,
data:[{x:0,y:0,l:32,w:30},{x:0,y:32,l:4,w:31},{x:30,y:2,l:13,w:3},{x:30,y:0,l:2,w:8},],
----------------------- 3 ---------------------------
canvasWidth:40,
canvasHeight:40,
data:[{x:0,y:0,l:27,w:34},{x:0,y:27,l:12,w:30},{x:34,y:0,l:19,w:4},],
----------------------- 4 ---------------------------
canvasWidth:40,
canvasHeight:40,
data:[{x:0,y:0,l:34,w:26},{x:26,y:17,l:19,w:14},{x:26,y:0,l:17,w:14},],
----------------------- 5 ---------------------------
canvasWidth:40,
canvasHeight:40,
data:[{x:0,y:0,l:27,w:31},{x:31,y:0,l:30,w:7},{x:0,y:27,l:12,w:23},{x:23,y:30,l:5,w:17},{x:38,y:0,l:21,w:2},],
----------------------- 6 ---------------------------
canvasWidth:40,
canvasHeight:40,
data:[{x:0,y:0,l:30,w:26},{x:26,y:0,l:29,w:12},{x:0,y:30,l:9,w:26},{x:28,y:29,l:8,w:12},],
----------------------- 7 ---------------------------
canvasWidth:40,
canvasHeight:40,
data:[{x:0,y:0,l:33,w:23},{x:23,y:0,l:23,w:17},{x:25,y:23,l:17,w:15},{x:0,y:33,l:5,w:15},{x:23,y:23,l:7,w:2},{x:23,y:30,l:6,w:2},],
----------------------- 8 ---------------------------
canvasWidth:40,
canvasHeight:40,
data:[{x:0,y:0,l:27,w:23},{x:28,y:12,l:28,w:12},{x:23,y:0,l:12,w:17},],
----------------------- 9 ---------------------------
canvasWidth:40,
canvasHeight:40,
data:[{x:0,y:0,l:30,w:15},{x:15,y:0,l:16,w:21},{x:15,y:16,l:24,w:11},{x:26,y:16,l:13,w:12},{x:6,y:30,l:10,w:9},],
----------------------- 10 ---------------------------
canvasWidth:40,
canvasHeight:40,
data:[{x:0,y:0,l:24,w:16},{x:16,y:0,l:19,w:19},{x:24,y:19,l:14,w:16},],
