====================================== Class_07.2bp-19 =====================================
Reduced size: 40 usedBin: 0
E:\WSKH\2DBPP\NonGuillotine\initSolution\7_20.pack
[0, 34]
[1, 30]
[2, 26, 35, 38]
[3, 27, 31]
[6, 29]
[7, 14]
[4, 5, 37, 39]
[8, 9, 36]
[10, 15, 22]
[11, 12, 24]
[13, 17, 25, 28]
[16, 20, 23, 32]
[18, 19, 21, 33]
canvasWidth:100,
canvasHeight:100,
data:[{x:0,y:0,l:83,w:95},{x:95,y:0,l:96,w:5},],
canvasWidth:100,
canvasHeight:100,
data:[{x:0,y:0,l:82,w:89},{x:91,y:0,l:91,w:9},],
canvasWidth:100,
canvasHeight:100,
data:[{x:0,y:0,l:69,w:77},{x:77,y:0,l:87,w:18},{x:95,y:0,l:75,w:4},{x:99,y:0,l:75,w:1},],
canvasWidth:100,
canvasHeight:100,
data:[{x:0,y:0,l:68,w:76},{x:76,y:0,l:79,w:16},{x:92,y:0,l:97,w:8},],
canvasWidth:100,
canvasHeight:100,
data:[{x:0,y:0,l:56,w:83},{x:83,y:0,l:81,w:15},],
canvasWidth:100,
canvasHeight:100,
data:[{x:0,y:0,l:77,w:57},{x:57,y:0,l:77,w:36},],
canvasWidth:100,
canvasHeight:100,
data:[{x:0,y:0,l:99,w:48},{x:48,y:0,l:93,w:50},{x:0,y:99,l:1,w:99},{x:98,y:0,l:72,w:1},],
canvasWidth:100,
canvasHeight:100,
data:[{x:0,y:0,l:86,w:46},{x:46,y:0,l:77,w:49},{x:97,y:0,l:90,w:3},],
canvasWidth:100,
canvasHeight:100,
data:[{x:0,y:0,l:93,w:37},{x:37,y:0,l:86,w:32},{x:69,y:0,l:84,w:27},],
canvasWidth:100,
canvasHeight:100,
data:[{x:21,y:0,l:80,w:38},{x:59,y:0,l:74,w:41},{x:0,y:0,l:94,w:21},],
canvasWidth:100,
canvasHeight:100,
data:[{x:0,y:0,l:78,w:37},{x:53,y:0,l:90,w:27},{x:80,y:0,l:92,w:20},{x:37,y:0,l:78,w:16},],
canvasWidth:100,
canvasHeight:100,
data:[{x:0,y:0,l:29,w:87},{x:30,y:29,l:70,w:34},{x:0,y:29,l:71,w:30},{x:89,y:0,l:68,w:11},],
canvasWidth:100,
canvasHeight:100,
data:[{x:0,y:0,l:92,w:26},{x:26,y:0,l:92,w:26},{x:60,y:0,l:69,w:33},{x:52,y:0,l:92,w:8},],
Best fit used bin number: 13
Found best solution: 13 0.062

   Statrt add columnAndCut col: 13 cons: 0 cut: 0	0.14

	1 Start Add column using column generation  col: 13 cons: 0 cut: 0	0.14
			Start solve  LP :0.14
			End solve LP obj: 13.0 t: 0
	1 End Add column using column generation : 13.0 col: 13 cons: 0 cut: 0	0.14
   End add columnAndCut : 13.0 colGencnt: 1 price: 0 col: 13 cons: 0 cut: 0	0.14

Node lb: 13.0 ub: 13 : 0.14

Final Found Solution: 13 genNode: 1 extendedNode: 0:0.14
Bin size: 10000
1 : 7885,480, : 8365
2 : 7298,819, : 8117
3 : 5313,1566,300,75, : 7254
4 : 5168,1264,776, : 7208
5 : 4648,1215, : 5863
6 : 4389,2772, : 7161
7 : 4752,4650,99,72, : 9573
8 : 3956,3773,270, : 7999
9 : 3441,2752,2268, : 8461
10 : 3040,3034,1974, : 8048
11 : 2886,2430,1840,1248, : 8404
12 : 2523,2380,2130,748, : 7781
13 : 2392,2392,2277,736, : 7797
----------------------- 1 ---------------------------
canvasWidth:100,
canvasHeight:100,
data:[{x:0,y:0,l:83,w:95},{x:95,y:0,l:96,w:5},],
----------------------- 2 ---------------------------
canvasWidth:100,
canvasHeight:100,
data:[{x:0,y:0,l:82,w:89},{x:91,y:0,l:91,w:9},],
----------------------- 3 ---------------------------
canvasWidth:100,
canvasHeight:100,
data:[{x:0,y:0,l:69,w:77},{x:77,y:0,l:87,w:18},{x:95,y:0,l:75,w:4},{x:99,y:0,l:75,w:1},],
----------------------- 4 ---------------------------
canvasWidth:100,
canvasHeight:100,
data:[{x:0,y:0,l:68,w:76},{x:76,y:0,l:79,w:16},{x:92,y:0,l:97,w:8},],
----------------------- 5 ---------------------------
canvasWidth:100,
canvasHeight:100,
data:[{x:0,y:0,l:56,w:83},{x:83,y:0,l:81,w:15},],
----------------------- 6 ---------------------------
canvasWidth:100,
canvasHeight:100,
data:[{x:0,y:0,l:77,w:57},{x:57,y:0,l:77,w:36},],
----------------------- 7 ---------------------------
canvasWidth:100,
canvasHeight:100,
data:[{x:0,y:0,l:99,w:48},{x:48,y:0,l:93,w:50},{x:0,y:99,l:1,w:99},{x:98,y:0,l:72,w:1},],
----------------------- 8 ---------------------------
canvasWidth:100,
canvasHeight:100,
data:[{x:0,y:0,l:86,w:46},{x:46,y:0,l:77,w:49},{x:97,y:0,l:90,w:3},],
----------------------- 9 ---------------------------
canvasWidth:100,
canvasHeight:100,
data:[{x:0,y:0,l:93,w:37},{x:37,y:0,l:86,w:32},{x:69,y:0,l:84,w:27},],
----------------------- 10 ---------------------------
canvasWidth:100,
canvasHeight:100,
data:[{x:21,y:0,l:80,w:38},{x:59,y:0,l:74,w:41},{x:0,y:0,l:94,w:21},],
----------------------- 11 ---------------------------
canvasWidth:100,
canvasHeight:100,
data:[{x:0,y:0,l:78,w:37},{x:53,y:0,l:90,w:27},{x:80,y:0,l:92,w:20},{x:37,y:0,l:78,w:16},],
----------------------- 12 ---------------------------
canvasWidth:100,
canvasHeight:100,
data:[{x:0,y:0,l:29,w:87},{x:30,y:29,l:70,w:34},{x:0,y:29,l:71,w:30},{x:89,y:0,l:68,w:11},],
----------------------- 13 ---------------------------
canvasWidth:100,
canvasHeight:100,
data:[{x:0,y:0,l:92,w:26},{x:26,y:0,l:92,w:26},{x:60,y:0,l:69,w:33},{x:52,y:0,l:92,w:8},],
