====================================== Class_03.2bp-15 =====================================
Reduced size: 40 usedBin: 0
E:\WSKH\2DBPP\NonGuillotine\initSolution\3_16.pack
[0, 21]
[1, 20, 32]
[2, 24, 29, 33, 34, 35, 39]
[3, 16, 19]
[5, 12, 22, 38]
[6, 11, 13, 37]
[9, 17, 18, 23, 25, 26, 28, 30, 31, 36]
[10, 14, 27]
[7, 8]
[4, 15]
canvasWidth:40,
canvasHeight:40,
data:[{x:0,y:0,l:35,w:27},{x:27,y:0,l:33,w:5},],
canvasWidth:40,
canvasHeight:40,
data:[{x:0,y:0,l:31,w:29},{x:0,y:31,l:9,w:20},{x:29,y:0,l:3,w:11},],
canvasWidth:40,
canvasHeight:40,
data:[{x:0,y:0,l:30,w:26},{x:27,y:0,l:20,w:6},{x:1,y:32,l:2,w:32},{x:26,y:0,l:32,w:1},{x:0,y:30,l:1,w:26},{x:0,y:31,l:1,w:26},{x:0,y:32,l:8,w:1},],
canvasWidth:40,
canvasHeight:40,
data:[{x:0,y:0,l:22,w:33},{x:0,y:22,l:18,w:15},{x:33,y:0,l:28,w:7},],
canvasWidth:40,
canvasHeight:40,
data:[{x:0,y:0,l:21,w:28},{x:0,y:21,l:16,w:24},{x:28,y:0,l:12,w:12},{x:0,y:37,l:3,w:6},],
canvasWidth:40,
canvasHeight:40,
data:[{x:0,y:0,l:22,w:23},{x:0,y:22,l:17,w:23},{x:23,y:0,l:23,w:16},{x:39,y:0,l:23,w:1},],
canvasWidth:40,
canvasHeight:40,
data:[{x:21,y:0,l:25,w:1},{x:0,y:0,l:21,w:21},{x:6,y:25,l:11,w:23},{x:22,y:0,l:25,w:10},{x:32,y:0,l:25,w:5},{x:0,y:25,l:15,w:6},{x:0,y:21,l:4,w:21},{x:37,y:0,l:22,w:3},{x:6,y:36,l:2,w:23},{x:37,y:22,l:13,w:3},],
canvasWidth:40,
canvasHeight:40,
data:[{x:0,y:0,l:21,w:21},{x:21,y:0,l:23,w:15},{x:36,y:0,l:20,w:4},],
canvasWidth:40,
canvasHeight:40,
data:[{x:0,y:0,l:25,w:20},{x:20,y:0,l:23,w:20},],
canvasWidth:40,
canvasHeight:40,
data:[{x:0,y:0,l:11,w:29},{x:0,y:11,l:20,w:35},],
Best fit used bin number: 10
Found best solution: 10 0.062

   Statrt add columnAndCut col: 10 cons: 0 cut: 0	0.125

	1 Start Add column using column generation  col: 10 cons: 0 cut: 0	0.125
			Start solve  LP :0.125
			End solve LP obj: 10.0 t: 0
	1 End Add column using column generation : 10.0 col: 10 cons: 0 cut: 0	0.125
   End add columnAndCut : 10.0 colGencnt: 1 price: 0 col: 10 cons: 0 cut: 0	0.125

Node lb: 10.0 ub: 10 : 0.125

Final Found Solution: 10 genNode: 1 extendedNode: 0:0.125
Bin size: 1600
1 : 945,165, : 1110
2 : 899,180,33, : 1112
3 : 780,120,64,32,26,26,8, : 1056
4 : 726,270,196, : 1192
5 : 588,384,144,18, : 1134
6 : 506,391,368,23, : 1288
7 : 441,253,250,125,90,84,66,46,39,25, : 1419
8 : 441,345,80, : 866
9 : 500,460, : 960
10 : 700,319, : 1019
----------------------- 1 ---------------------------
canvasWidth:40,
canvasHeight:40,
data:[{x:0,y:0,l:35,w:27},{x:27,y:0,l:33,w:5},],
----------------------- 2 ---------------------------
canvasWidth:40,
canvasHeight:40,
data:[{x:0,y:0,l:31,w:29},{x:0,y:31,l:9,w:20},{x:29,y:0,l:3,w:11},],
----------------------- 3 ---------------------------
canvasWidth:40,
canvasHeight:40,
data:[{x:0,y:0,l:30,w:26},{x:27,y:0,l:20,w:6},{x:1,y:32,l:2,w:32},{x:26,y:0,l:32,w:1},{x:0,y:30,l:1,w:26},{x:0,y:31,l:1,w:26},{x:0,y:32,l:8,w:1},],
----------------------- 4 ---------------------------
canvasWidth:40,
canvasHeight:40,
data:[{x:0,y:0,l:22,w:33},{x:0,y:22,l:18,w:15},{x:33,y:0,l:28,w:7},],
----------------------- 5 ---------------------------
canvasWidth:40,
canvasHeight:40,
data:[{x:0,y:0,l:21,w:28},{x:0,y:21,l:16,w:24},{x:28,y:0,l:12,w:12},{x:0,y:37,l:3,w:6},],
----------------------- 6 ---------------------------
canvasWidth:40,
canvasHeight:40,
data:[{x:0,y:0,l:22,w:23},{x:0,y:22,l:17,w:23},{x:23,y:0,l:23,w:16},{x:39,y:0,l:23,w:1},],
----------------------- 7 ---------------------------
canvasWidth:40,
canvasHeight:40,
data:[{x:21,y:0,l:25,w:1},{x:0,y:0,l:21,w:21},{x:6,y:25,l:11,w:23},{x:22,y:0,l:25,w:10},{x:32,y:0,l:25,w:5},{x:0,y:25,l:15,w:6},{x:0,y:21,l:4,w:21},{x:37,y:0,l:22,w:3},{x:6,y:36,l:2,w:23},{x:37,y:22,l:13,w:3},],
----------------------- 8 ---------------------------
canvasWidth:40,
canvasHeight:40,
data:[{x:0,y:0,l:21,w:21},{x:21,y:0,l:23,w:15},{x:36,y:0,l:20,w:4},],
----------------------- 9 ---------------------------
canvasWidth:40,
canvasHeight:40,
data:[{x:0,y:0,l:25,w:20},{x:20,y:0,l:23,w:20},],
----------------------- 10 ---------------------------
canvasWidth:40,
canvasHeight:40,
data:[{x:0,y:0,l:11,w:29},{x:0,y:11,l:20,w:35},],
