====================================== Class_05.2bp-46 =====================================
Reduced size: 100 usedBin: 0
[0, 70, 89]
[1, 47]
[2, 54, 67]
[3, 71, 79, 93]
[4, 57, 80, 90]
[5, 56, 63]
[6, 55, 62, 87]
[7, 68, 72, 73, 75, 88]
[8, 36, 97, 99]
[9, 46, 65, 98]
[10, 41, 49]
[11, 34, 78, 83, 84]
[12, 27, 91]
[13, 22]
[14, 40, 61, 69, 86]
[16, 17, 64]
[18, 26, 51, 60]
[21, 33, 35]
[23, 50, 53, 58, 59, 95]
[24, 29, 38, 85, 92, 96]
[25, 45, 48, 52, 74, 76, 81]
[20, 31, 44, 77]
[15, 19]
[28, 30, 37, 66]
[32, 39, 42, 43, 82, 94]
canvasWidth:100,
canvasHeight:100,
data:[{x:0,y:0,l:94,w:89},{x:89,y:0,l:99,w:7},{x:96,y:0,l:43,w:3},],
canvasWidth:100,
canvasHeight:100,
data:[{x:0,y:0,l:78,w:100},{x:0,y:78,l:21,w:77},],
canvasWidth:100,
canvasHeight:100,
data:[{x:0,y:0,l:90,w:85},{x:0,y:90,l:10,w:82},{x:85,y:0,l:99,w:13},],
canvasWidth:100,
canvasHeight:100,
data:[{x:0,y:0,l:96,w:79},{x:93,y:0,l:13,w:7},{x:79,y:0,l:69,w:9},{x:88,y:0,l:88,w:5},],
canvasWidth:100,
canvasHeight:100,
data:[{x:0,y:0,l:94,w:78},{x:78,y:0,l:70,w:17},{x:78,y:78,l:22,w:20},{x:0,y:94,l:5,w:25},],
canvasWidth:100,
canvasHeight:100,
data:[{x:0,y:0,l:82,w:89},{x:0,y:82,l:15,w:80},{x:89,y:0,l:92,w:10},],
canvasWidth:100,
canvasHeight:100,
data:[{x:0,y:0,l:83,w:84},{x:84,y:0,l:79,w:16},{x:0,y:83,l:14,w:67},{x:84,y:79,l:20,w:8},],
canvasWidth:100,
canvasHeight:100,
data:[{x:0,y:0,l:82,w:84},{x:41,y:87,l:13,w:43},{x:0,y:82,l:15,w:41},{x:85,y:37,l:47,w:15},{x:84,y:0,l:37,w:16},{x:41,y:82,l:5,w:29},],
canvasWidth:100,
canvasHeight:100,
data:[{x:0,y:0,l:75,w:90},{x:0,y:75,l:23,w:99},{x:0,y:98,l:2,w:14},{x:14,y:98,l:2,w:5},],
canvasWidth:100,
canvasHeight:100,
data:[{x:0,y:0,l:66,w:100},{x:0,y:66,l:24,w:73},{x:73,y:66,l:34,w:25},{x:0,y:90,l:10,w:2},],
canvasWidth:100,
canvasHeight:100,
data:[{x:0,y:0,l:62,w:100},{x:0,y:62,l:35,w:57},{x:57,y:62,l:35,w:41},],
canvasWidth:100,
canvasHeight:100,
data:[{x:0,y:0,l:91,w:66},{x:66,y:0,l:84,w:28},{x:94,y:0,l:76,w:6},{x:31,y:94,l:6,w:43},{x:0,y:91,l:8,w:31},],
canvasWidth:100,
canvasHeight:100,
data:[{x:0,y:0,l:96,w:61},{x:61,y:0,l:82,w:37},{x:98,y:0,l:61,w:2},],
canvasWidth:100,
canvasHeight:100,
data:[{x:0,y:0,l:97,w:59},{x:59,y:0,l:91,w:41},],
canvasWidth:100,
canvasHeight:100,
data:[{x:0,y:0,l:69,w:79},{x:0,y:69,l:31,w:66},{x:79,y:0,l:50,w:20},{x:72,y:75,l:25,w:28},{x:66,y:69,l:28,w:6},],
canvasWidth:100,
canvasHeight:100,
data:[{x:0,y:0,l:52,w:85},{x:0,y:52,l:48,w:89},{x:89,y:12,l:88,w:10},],
canvasWidth:100,
canvasHeight:100,
data:[{x:0,y:0,l:51,w:81},{x:0,y:51,l:48,w:66},{x:66,y:61,l:39,w:34},{x:81,y:0,l:57,w:18},],
canvasWidth:100,
canvasHeight:100,
data:[{x:0,y:0,l:73,w:55},{x:55,y:0,l:74,w:37},{x:0,y:77,l:23,w:99},],
canvasWidth:100,
canvasHeight:100,
data:[{x:54,y:0,l:51,w:27},{x:62,y:62,l:34,w:38},{x:81,y:0,l:62,w:19},{x:0,y:70,l:27,w:43},{x:0,y:0,l:69,w:54},{x:0,y:69,l:1,w:39},],
canvasWidth:100,
canvasHeight:100,
data:[{x:0,y:0,l:59,w:60},{x:0,y:59,l:41,w:72},{x:72,y:9,l:91,w:24},{x:96,y:56,l:44,w:4},{x:96,y:33,l:23,w:4},{x:60,y:0,l:7,w:5},],
canvasWidth:100,
canvasHeight:100,
data:[{x:0,y:0,l:59,w:56},{x:56,y:0,l:50,w:37},{x:0,y:59,l:40,w:38},{x:66,y:50,l:50,w:26},{x:38,y:59,l:38,w:15},{x:93,y:0,l:90,w:6},{x:53,y:59,l:33,w:13},],
canvasWidth:100,
canvasHeight:100,
data:[{x:0,y:56,l:44,w:93},{x:0,y:0,l:56,w:51},{x:51,y:0,l:38,w:49},{x:51,y:38,l:11,w:48},],
canvasWidth:100,
canvasHeight:100,
data:[{x:0,y:0,l:95,w:48},{x:48,y:0,l:82,w:50},],
canvasWidth:100,
canvasHeight:100,
data:[{x:0,y:0,l:91,w:33},{x:33,y:0,l:80,w:36},{x:69,y:0,l:73,w:30},{x:33,y:80,l:20,w:42},],
canvasWidth:100,
canvasHeight:100,
data:[{x:0,y:0,l:85,w:25},{x:76,y:0,l:81,w:24},{x:25,y:0,l:37,w:51},{x:25,y:37,l:60,w:47},{x:72,y:81,l:19,w:19},{x:0,y:99,l:1,w:60},],
Best fit used bin number: 25
Found best solution: 25 0.078

   Statrt add columnAndCut col: 25 cons: 0 cut: 0	0.156

	1 Start Add column using column generation  col: 25 cons: 0 cut: 0	0.156
			Start solve  LP :0.156
			End solve LP obj: 25.0 t: 0
	1 End Add column using column generation : 25.0 col: 25 cons: 0 cut: 0	0.156
   End add columnAndCut : 25.0 colGencnt: 1 price: 0 col: 25 cons: 0 cut: 0	0.156

Node lb: 25.0 ub: 25 : 0.156

Final Found Solution: 25 genNode: 1 extendedNode: 0:0.156
Bin size: 10000
1 : 8366,693,129, : 9188
2 : 7800,1617, : 9417
3 : 7650,1287,820, : 9757
4 : 7584,621,440,91, : 8736
5 : 7332,1190,440,125, : 9087
6 : 7298,1200,920, : 9418
7 : 6972,1264,938,160, : 9334
8 : 6888,705,615,592,559,145, : 9504
9 : 6750,2277,28,10, : 9065
10 : 6600,1752,850,20, : 9222
11 : 6200,1995,1435, : 9630
12 : 6006,2352,456,258,248, : 9320
13 : 5856,3034,122, : 9012
14 : 5723,3731, : 9454
15 : 5451,2046,1000,700,168, : 9365
16 : 4420,4272,880, : 9572
17 : 4131,3168,1326,1026, : 9651
18 : 4015,2738,2277, : 9030
19 : 3726,1377,1292,1178,1161,39, : 8773
20 : 3540,2952,2184,176,92,35, : 8979
21 : 3304,1850,1520,1300,570,540,429, : 9513
22 : 4092,2856,1862,528, : 9338
23 : 4560,4100, : 8660
24 : 3003,2880,2190,840, : 8913
25 : 2820,2125,1944,1887,361,60, : 9197
----------------------- 1 ---------------------------
canvasWidth:100,
canvasHeight:100,
data:[{x:0,y:0,l:94,w:89},{x:89,y:0,l:99,w:7},{x:96,y:0,l:43,w:3},],
----------------------- 2 ---------------------------
canvasWidth:100,
canvasHeight:100,
data:[{x:0,y:0,l:78,w:100},{x:0,y:78,l:21,w:77},],
----------------------- 3 ---------------------------
canvasWidth:100,
canvasHeight:100,
data:[{x:0,y:0,l:90,w:85},{x:0,y:90,l:10,w:82},{x:85,y:0,l:99,w:13},],
----------------------- 4 ---------------------------
canvasWidth:100,
canvasHeight:100,
data:[{x:0,y:0,l:96,w:79},{x:93,y:0,l:13,w:7},{x:79,y:0,l:69,w:9},{x:88,y:0,l:88,w:5},],
----------------------- 5 ---------------------------
canvasWidth:100,
canvasHeight:100,
data:[{x:0,y:0,l:94,w:78},{x:78,y:0,l:70,w:17},{x:78,y:78,l:22,w:20},{x:0,y:94,l:5,w:25},],
----------------------- 6 ---------------------------
canvasWidth:100,
canvasHeight:100,
data:[{x:0,y:0,l:82,w:89},{x:0,y:82,l:15,w:80},{x:89,y:0,l:92,w:10},],
----------------------- 7 ---------------------------
canvasWidth:100,
canvasHeight:100,
data:[{x:0,y:0,l:83,w:84},{x:84,y:0,l:79,w:16},{x:0,y:83,l:14,w:67},{x:84,y:79,l:20,w:8},],
----------------------- 8 ---------------------------
canvasWidth:100,
canvasHeight:100,
data:[{x:0,y:0,l:82,w:84},{x:41,y:87,l:13,w:43},{x:0,y:82,l:15,w:41},{x:85,y:37,l:47,w:15},{x:84,y:0,l:37,w:16},{x:41,y:82,l:5,w:29},],
----------------------- 9 ---------------------------
canvasWidth:100,
canvasHeight:100,
data:[{x:0,y:0,l:75,w:90},{x:0,y:75,l:23,w:99},{x:0,y:98,l:2,w:14},{x:14,y:98,l:2,w:5},],
----------------------- 10 ---------------------------
canvasWidth:100,
canvasHeight:100,
data:[{x:0,y:0,l:66,w:100},{x:0,y:66,l:24,w:73},{x:73,y:66,l:34,w:25},{x:0,y:90,l:10,w:2},],
----------------------- 11 ---------------------------
canvasWidth:100,
canvasHeight:100,
data:[{x:0,y:0,l:62,w:100},{x:0,y:62,l:35,w:57},{x:57,y:62,l:35,w:41},],
----------------------- 12 ---------------------------
canvasWidth:100,
canvasHeight:100,
data:[{x:0,y:0,l:91,w:66},{x:66,y:0,l:84,w:28},{x:94,y:0,l:76,w:6},{x:31,y:94,l:6,w:43},{x:0,y:91,l:8,w:31},],
----------------------- 13 ---------------------------
canvasWidth:100,
canvasHeight:100,
data:[{x:0,y:0,l:96,w:61},{x:61,y:0,l:82,w:37},{x:98,y:0,l:61,w:2},],
----------------------- 14 ---------------------------
canvasWidth:100,
canvasHeight:100,
data:[{x:0,y:0,l:97,w:59},{x:59,y:0,l:91,w:41},],
----------------------- 15 ---------------------------
canvasWidth:100,
canvasHeight:100,
data:[{x:0,y:0,l:69,w:79},{x:0,y:69,l:31,w:66},{x:79,y:0,l:50,w:20},{x:72,y:75,l:25,w:28},{x:66,y:69,l:28,w:6},],
----------------------- 16 ---------------------------
canvasWidth:100,
canvasHeight:100,
data:[{x:0,y:0,l:52,w:85},{x:0,y:52,l:48,w:89},{x:89,y:12,l:88,w:10},],
----------------------- 17 ---------------------------
canvasWidth:100,
canvasHeight:100,
data:[{x:0,y:0,l:51,w:81},{x:0,y:51,l:48,w:66},{x:66,y:61,l:39,w:34},{x:81,y:0,l:57,w:18},],
----------------------- 18 ---------------------------
canvasWidth:100,
canvasHeight:100,
data:[{x:0,y:0,l:73,w:55},{x:55,y:0,l:74,w:37},{x:0,y:77,l:23,w:99},],
----------------------- 19 ---------------------------
canvasWidth:100,
canvasHeight:100,
data:[{x:54,y:0,l:51,w:27},{x:62,y:62,l:34,w:38},{x:81,y:0,l:62,w:19},{x:0,y:70,l:27,w:43},{x:0,y:0,l:69,w:54},{x:0,y:69,l:1,w:39},],
----------------------- 20 ---------------------------
canvasWidth:100,
canvasHeight:100,
data:[{x:0,y:0,l:59,w:60},{x:0,y:59,l:41,w:72},{x:72,y:9,l:91,w:24},{x:96,y:56,l:44,w:4},{x:96,y:33,l:23,w:4},{x:60,y:0,l:7,w:5},],
----------------------- 21 ---------------------------
canvasWidth:100,
canvasHeight:100,
data:[{x:0,y:0,l:59,w:56},{x:56,y:0,l:50,w:37},{x:0,y:59,l:40,w:38},{x:66,y:50,l:50,w:26},{x:38,y:59,l:38,w:15},{x:93,y:0,l:90,w:6},{x:53,y:59,l:33,w:13},],
----------------------- 22 ---------------------------
canvasWidth:100,
canvasHeight:100,
data:[{x:0,y:56,l:44,w:93},{x:0,y:0,l:56,w:51},{x:51,y:0,l:38,w:49},{x:51,y:38,l:11,w:48},],
----------------------- 23 ---------------------------
canvasWidth:100,
canvasHeight:100,
data:[{x:0,y:0,l:95,w:48},{x:48,y:0,l:82,w:50},],
----------------------- 24 ---------------------------
canvasWidth:100,
canvasHeight:100,
data:[{x:0,y:0,l:91,w:33},{x:33,y:0,l:80,w:36},{x:69,y:0,l:73,w:30},{x:33,y:80,l:20,w:42},],
----------------------- 25 ---------------------------
canvasWidth:100,
canvasHeight:100,
data:[{x:0,y:0,l:85,w:25},{x:76,y:0,l:81,w:24},{x:25,y:0,l:37,w:51},{x:25,y:37,l:60,w:47},{x:72,y:81,l:19,w:19},{x:0,y:99,l:1,w:60},],
