====================================== Class_05.2bp-1 =====================================
Reduced size: 20 usedBin: 0
E:\WSKH\2DBPP\NonGuillotine\initSolution\5_2.pack
[1, 7, 9, 14]
[3, 5, 10, 16]
[0, 8, 13]
[2, 4, 11, 15]
[6, 12, 17, 18, 19]
canvasWidth:100,
canvasHeight:100,
data:[{x:65,y:0,l:95,w:12},{x:0,y:0,l:82,w:65},{x:77,y:0,l:90,w:16},{x:0,y:82,l:18,w:16},],
canvasWidth:100,
canvasHeight:100,
data:[{x:0,y:0,l:51,w:72},{x:0,y:51,l:33,w:62},{x:62,y:51,l:28,w:32},{x:72,y:0,l:7,w:24},],
canvasWidth:100,
canvasHeight:100,
data:[{x:71,y:0,l:52,w:25},{x:0,y:0,l:81,w:71},{x:0,y:81,l:19,w:16},],
canvasWidth:100,
canvasHeight:100,
data:[{x:0,y:0,l:81,w:48},{x:48,y:0,l:75,w:32},{x:80,y:0,l:40,w:20},{x:0,y:81,l:4,w:48},],
canvasWidth:100,
canvasHeight:100,
data:[{x:0,y:0,l:21,w:91},{x:0,y:22,l:7,w:85},{x:96,y:1,l:37,w:4},{x:0,y:21,l:1,w:89},{x:91,y:0,l:1,w:9},],
Best fit used bin number: 5
Found best solution: 5 0.063

   Statrt add columnAndCut col: 5 cons: 0 cut: 0	0.141

	1 Start Add column using column generation  col: 5 cons: 0 cut: 0	0.141
			Start solve  LP :0.141
			End solve LP obj: 5.0 t: 0
	1 End Add column using column generation : 5.0 col: 5 cons: 0 cut: 0	0.141
   End add columnAndCut : 5.0 colGencnt: 1 price: 0 col: 5 cons: 0 cut: 0	0.141

Node lb: 5.0 ub: 5 : 0.141

Final Found Solution: 5 genNode: 1 extendedNode: 0:0.141
Bin size: 10000
1 : 5330,1440,1140,288, : 8198
2 : 3672,2046,896,168, : 6782
3 : 5751,1300,304, : 7355
4 : 3888,2400,800,192, : 7280
5 : 1911,595,148,89,9, : 2752
----------------------- 1 ---------------------------
canvasWidth:100,
canvasHeight:100,
data:[{x:65,y:0,l:95,w:12},{x:0,y:0,l:82,w:65},{x:77,y:0,l:90,w:16},{x:0,y:82,l:18,w:16},],
----------------------- 2 ---------------------------
canvasWidth:100,
canvasHeight:100,
data:[{x:0,y:0,l:51,w:72},{x:0,y:51,l:33,w:62},{x:62,y:51,l:28,w:32},{x:72,y:0,l:7,w:24},],
----------------------- 3 ---------------------------
canvasWidth:100,
canvasHeight:100,
data:[{x:71,y:0,l:52,w:25},{x:0,y:0,l:81,w:71},{x:0,y:81,l:19,w:16},],
----------------------- 4 ---------------------------
canvasWidth:100,
canvasHeight:100,
data:[{x:0,y:0,l:81,w:48},{x:48,y:0,l:75,w:32},{x:80,y:0,l:40,w:20},{x:0,y:81,l:4,w:48},],
----------------------- 5 ---------------------------
canvasWidth:100,
canvasHeight:100,
data:[{x:0,y:0,l:21,w:91},{x:0,y:22,l:7,w:85},{x:96,y:1,l:37,w:4},{x:0,y:21,l:1,w:89},{x:91,y:0,l:1,w:9},],
