====================================== Class_06.2bp-25 =====================================
Reduced size: 60 usedBin: 0
[0, 1, 2, 3, 4, 5, 6, 8, 11, 12, 17, 26, 30, 31, 33, 34, 35, 36, 37, 38, 39, 41, 51, 52, 54, 57, 58, 59]
[7, 9, 10, 13, 14, 15, 16, 18, 19, 20, 21, 22, 23, 24, 25, 27, 28, 29, 32, 40, 42, 43, 44, 45, 46, 47, 48, 49, 50, 53, 55, 56]
canvasWidth:300,
canvasHeight:300,
data:[{x:0,y:0,l:99,w:82},{x:82,y:0,l:95,w:81},{x:163,y:0,l:78,w:77},{x:163,y:78,l:85,w:70},{x:0,y:99,l:93,w:57},{x:240,y:27,l:91,w:55},{x:0,y:192,l:69,w:71},{x:233,y:118,l:94,w:42},{x:233,y:212,l:88,w:42},{x:57,y:99,l:93,w:38},{x:163,y:163,l:46,w:70},{x:163,y:209,l:40,w:50},{x:71,y:192,l:76,w:24},{x:213,y:209,l:91,w:20},{x:275,y:133,l:74,w:23},{x:240,y:0,l:27,w:60},{x:275,y:207,l:88,w:18},{x:95,y:99,l:56,w:27},{x:122,y:129,l:36,w:41},{x:123,y:95,l:34,w:40},{x:105,y:165,l:23,w:58},{x:0,y:261,l:39,w:29},{x:95,y:155,l:44,w:10},{x:275,y:122,l:11,w:22},{x:82,y:95,l:4,w:41},{x:275,y:118,l:4,w:24},{x:295,y:27,l:16,w:5},{x:295,y:43,l:20,w:4},],
canvasWidth:300,
canvasHeight:300,
data:[{x:0,y:0,l:48,w:94},{x:94,y:0,l:44,w:89},{x:183,y:0,l:81,w:48},{x:94,y:50,l:55,w:64},{x:179,y:171,l:37,w:93},{x:241,y:0,l:74,w:46},{x:39,y:177,l:37,w:88},{x:241,y:74,l:67,w:47},{x:0,y:77,l:69,w:45},{x:0,y:48,l:29,w:94},{x:53,y:105,l:70,w:38},{x:127,y:208,l:41,w:63},{x:183,y:81,l:88,w:29},{x:0,y:198,l:62,w:36},{x:53,y:77,l:28,w:41},{x:91,y:118,l:36,w:54},{x:91,y:154,l:23,w:83},{x:0,y:151,l:47,w:39},{x:212,y:81,l:60,w:29},{x:162,y:50,l:98,w:21},{x:272,y:141,l:53,w:17},{x:287,y:0,l:74,w:12},{x:91,y:105,l:13,w:64},{x:231,y:0,l:81,w:10},{x:45,y:77,l:98,w:8},{x:289,y:127,l:67,w:11},{x:212,y:145,l:14,w:51},{x:288,y:74,l:53,w:11},{x:94,y:44,l:6,w:89},{x:174,y:169,l:2,w:93},{x:0,y:146,l:5,w:31},{x:212,y:141,l:4,w:30},],
Best fit used bin number: 2
Found best solution: 2 0.062

   Statrt add columnAndCut col: 2 cons: 0 cut: 0	0.172

	1 Start Add column using column generation  col: 2 cons: 0 cut: 0	0.172
			Start solve  LP :0.172
			End solve LP obj: 2.0 t: 0
	1 End Add column using column generation : 2.0 col: 2 cons: 0 cut: 0	0.172
   End add columnAndCut : 2.0 colGencnt: 1 price: 0 col: 2 cons: 0 cut: 0	0.172

Node lb: 2.0 ub: 2 : 0.172

Final Found Solution: 2 genNode: 1 extendedNode: 0:0.172
Bin size: 90000
1 : 8118,7695,6006,5950,5301,5005,4899,3948,3696,3534,3220,2000,1824,1820,1702,1620,1584,1512,1476,1360,1334,1131,440,242,164,96,80,80, : 75837
2 : 4512,3916,3888,3520,3441,3404,3256,3149,3105,2726,2660,2583,2552,2232,2058,1944,1909,1833,1740,1148,901,888,832,810,784,737,714,583,534,186,155,120, : 62820
----------------------- 1 ---------------------------
canvasWidth:300,
canvasHeight:300,
data:[{x:0,y:0,l:99,w:82},{x:82,y:0,l:95,w:81},{x:163,y:0,l:78,w:77},{x:163,y:78,l:85,w:70},{x:0,y:99,l:93,w:57},{x:240,y:27,l:91,w:55},{x:0,y:192,l:69,w:71},{x:233,y:118,l:94,w:42},{x:233,y:212,l:88,w:42},{x:57,y:99,l:93,w:38},{x:163,y:163,l:46,w:70},{x:163,y:209,l:40,w:50},{x:71,y:192,l:76,w:24},{x:213,y:209,l:91,w:20},{x:275,y:133,l:74,w:23},{x:240,y:0,l:27,w:60},{x:275,y:207,l:88,w:18},{x:95,y:99,l:56,w:27},{x:122,y:129,l:36,w:41},{x:123,y:95,l:34,w:40},{x:105,y:165,l:23,w:58},{x:0,y:261,l:39,w:29},{x:95,y:155,l:44,w:10},{x:275,y:122,l:11,w:22},{x:82,y:95,l:4,w:41},{x:275,y:118,l:4,w:24},{x:295,y:27,l:16,w:5},{x:295,y:43,l:20,w:4},],
----------------------- 2 ---------------------------
canvasWidth:300,
canvasHeight:300,
data:[{x:0,y:0,l:48,w:94},{x:94,y:0,l:44,w:89},{x:183,y:0,l:81,w:48},{x:94,y:50,l:55,w:64},{x:179,y:171,l:37,w:93},{x:241,y:0,l:74,w:46},{x:39,y:177,l:37,w:88},{x:241,y:74,l:67,w:47},{x:0,y:77,l:69,w:45},{x:0,y:48,l:29,w:94},{x:53,y:105,l:70,w:38},{x:127,y:208,l:41,w:63},{x:183,y:81,l:88,w:29},{x:0,y:198,l:62,w:36},{x:53,y:77,l:28,w:41},{x:91,y:118,l:36,w:54},{x:91,y:154,l:23,w:83},{x:0,y:151,l:47,w:39},{x:212,y:81,l:60,w:29},{x:162,y:50,l:98,w:21},{x:272,y:141,l:53,w:17},{x:287,y:0,l:74,w:12},{x:91,y:105,l:13,w:64},{x:231,y:0,l:81,w:10},{x:45,y:77,l:98,w:8},{x:289,y:127,l:67,w:11},{x:212,y:145,l:14,w:51},{x:288,y:74,l:53,w:11},{x:94,y:44,l:6,w:89},{x:174,y:169,l:2,w:93},{x:0,y:146,l:5,w:31},{x:212,y:141,l:4,w:30},],
