====================================== Class_07.2bp-44 =====================================
Reduced size: 100 usedBin: 0
[0, 87]
[1, 86, 88]
[2, 44, 78]
[3, 49, 69, 85]
[4, 36, 81, 82]
[5, 31]
[6, 17, 89]
[7, 13, 95]
[8, 41, 63, 75, 83]
[9, 33, 47, 90, 94]
[10, 25, 99]
[12, 42, 54, 57]
[11, 32, 58, 77]
[14, 18, 70, 98]
[22, 30, 60]
[24, 34, 45, 96]
[35, 37, 46, 74, 76, 97]
[29, 62, 65, 68, 71, 80]
[52, 53, 56, 67, 72, 79]
[21, 23, 55, 64]
[16, 26, 40, 84]
[19, 28, 48, 73]
[15, 20, 66, 91, 92]
[27, 38, 43, 61]
[39, 50, 51, 59, 93]
canvasWidth:100,
canvasHeight:100,
data:[{x:0,y:0,l:98,w:89},{x:89,y:73,l:27,w:11},],
canvasWidth:100,
canvasHeight:100,
data:[{x:0,y:0,l:86,w:97},{x:0,y:86,l:14,w:25},{x:97,y:0,l:87,w:3},],
canvasWidth:100,
canvasHeight:100,
data:[{x:0,y:0,l:74,w:93},{x:0,y:74,l:25,w:80},{x:94,y:0,l:97,w:6},],
canvasWidth:100,
canvasHeight:100,
data:[{x:0,y:0,l:80,w:81},{x:31,y:80,l:18,w:50},{x:0,y:80,l:20,w:20},{x:81,y:0,l:98,w:19},],
canvasWidth:100,
canvasHeight:100,
data:[{x:0,y:0,l:89,w:72},{x:77,y:0,l:100,w:23},{x:2,y:89,l:8,w:70},{x:72,y:0,l:97,w:5},],
canvasWidth:100,
canvasHeight:100,
data:[{x:0,y:0,l:96,w:66},{x:66,y:0,l:83,w:30},],
canvasWidth:100,
canvasHeight:100,
data:[{x:0,y:0,l:93,w:53},{x:53,y:0,l:81,w:47},{x:53,y:81,l:4,w:47},],
canvasWidth:100,
canvasHeight:100,
data:[{x:0,y:0,l:57,w:86},{x:0,y:57,l:43,w:90},{x:90,y:0,l:94,w:1},],
canvasWidth:100,
canvasHeight:100,
data:[{x:0,y:0,l:53,w:88},{x:0,y:53,l:29,w:72},{x:88,y:0,l:99,w:12},{x:73,y:53,l:42,w:15},{x:0,y:82,l:7,w:66},],
canvasWidth:100,
canvasHeight:100,
data:[{x:0,y:0,l:88,w:53},{x:75,y:0,l:96,w:25},{x:53,y:0,l:88,w:22},{x:0,y:88,l:12,w:15},{x:75,y:96,l:4,w:25},],
canvasWidth:100,
canvasHeight:100,
data:[{x:0,y:0,l:65,w:68},{x:68,y:0,l:97,w:32},{x:97,y:97,l:3,w:3},],
canvasWidth:100,
canvasHeight:100,
data:[{x:0,y:0,l:59,w:66},{x:0,y:59,l:31,w:66},{x:81,y:0,l:88,w:19},{x:66,y:0,l:90,w:15},],
canvasWidth:100,
canvasHeight:100,
data:[{x:0,y:0,l:92,w:48},{x:48,y:0,l:71,w:34},{x:87,y:0,l:100,w:13},{x:48,y:71,l:18,w:33},],
canvasWidth:100,
canvasHeight:100,
data:[{x:0,y:0,l:99,w:39},{x:39,y:0,l:79,w:48},{x:87,y:0,l:68,w:13},{x:0,y:99,l:1,w:35},],
canvasWidth:100,
canvasHeight:100,
data:[{x:0,y:0,l:72,w:49},{x:49,y:0,l:72,w:35},{x:84,y:0,l:78,w:16},],
canvasWidth:100,
canvasHeight:100,
data:[{x:0,y:0,l:74,w:42},{x:42,y:0,l:82,w:29},{x:71,y:0,l:71,w:28},{x:99,y:0,l:81,w:1},],
canvasWidth:100,
canvasHeight:100,
data:[{x:0,y:0,l:78,w:30},{x:30,y:0,l:76,w:30},{x:60,y:0,l:70,w:28},{x:60,y:70,l:30,w:22},{x:88,y:0,l:69,w:9},{x:97,y:0,l:80,w:1},],
canvasWidth:100,
canvasHeight:100,
data:[{x:0,y:0,l:50,w:52},{x:52,y:0,l:69,w:14},{x:66,y:0,l:75,w:15},{x:0,y:50,l:29,w:41},{x:88,y:0,l:80,w:11},{x:81,y:0,l:81,w:7},],
canvasWidth:100,
canvasHeight:100,
data:[{x:0,y:0,l:70,w:26},{x:26,y:0,l:72,w:24},{x:72,y:0,l:96,w:15},{x:50,y:0,l:72,w:14},{x:87,y:0,l:96,w:9},{x:64,y:0,l:71,w:8},],
canvasWidth:100,
canvasHeight:100,
data:[{x:0,y:0,l:98,w:36},{x:52,y:0,l:94,w:35},{x:36,y:0,l:98,w:16},{x:87,y:0,l:91,w:13},],
canvasWidth:100,
canvasHeight:100,
data:[{x:23,y:0,l:93,w:41},{x:64,y:0,l:93,w:30},{x:0,y:0,l:94,w:23},{x:94,y:0,l:77,w:6},],
canvasWidth:100,
canvasHeight:100,
data:[{x:0,y:0,l:92,w:40},{x:40,y:0,l:92,w:30},{x:78,y:0,l:86,w:22},{x:70,y:0,l:92,w:8},],
canvasWidth:100,
canvasHeight:100,
data:[{x:0,y:0,l:91,w:42},{x:42,y:0,l:87,w:42},{x:84,y:0,l:85,w:12},{x:96,y:0,l:85,w:2},{x:98,y:0,l:80,w:2},],
canvasWidth:100,
canvasHeight:100,
data:[{x:0,y:0,l:87,w:32},{x:32,y:0,l:87,w:26},{x:58,y:0,l:87,w:23},{x:81,y:0,l:77,w:16},],
canvasWidth:100,
canvasHeight:100,
data:[{x:0,y:0,l:86,w:26},{x:26,y:0,l:84,w:22},{x:48,y:0,l:84,w:22},{x:70,y:0,l:84,w:15},{x:85,y:0,l:79,w:2},],
Best fit used bin number: 25
Found best solution: 25 0.062

   Statrt add columnAndCut col: 25 cons: 0 cut: 0	0.125

	1 Start Add column using column generation  col: 25 cons: 0 cut: 0	0.125
			Start solve  LP :0.125
			End solve LP obj: 25.0 t: 0
	1 End Add column using column generation : 25.0 col: 25 cons: 0 cut: 0	0.125
   End add columnAndCut : 25.0 colGencnt: 1 price: 0 col: 25 cons: 0 cut: 0	0.125

Node lb: 25.0 ub: 25 : 0.125

Final Found Solution: 25 genNode: 1 extendedNode: 0:0.125
Bin size: 10000
1 : 8722,297, : 9019
2 : 8342,350,261, : 8953
3 : 6882,2000,582, : 9464
4 : 6480,1862,900,400, : 9642
5 : 6408,2300,560,485, : 9753
6 : 6336,2490, : 8826
7 : 4929,3807,188, : 8924
8 : 4902,3870,94, : 8866
9 : 4664,2088,1188,630,462, : 9032
10 : 4664,2400,1936,180,100, : 9280
11 : 4420,3104,9, : 7533
12 : 3894,2046,1672,1350, : 8962
13 : 4416,2414,1300,594, : 8724
14 : 3861,3792,884,35, : 8572
15 : 3528,2520,1248, : 7296
16 : 3108,2378,1988,81, : 7555
17 : 2340,2280,1960,660,621,80, : 7941
18 : 2600,1189,1125,966,880,567, : 7327
19 : 1820,1728,1440,1008,864,568, : 7428
20 : 3528,3290,1568,1183, : 9569
21 : 3813,2790,2162,462, : 9227
22 : 3680,2760,1892,736, : 9068
23 : 3822,3654,1020,170,160, : 8826
24 : 2784,2262,2001,1232, : 8279
25 : 2236,1848,1848,1260,158, : 7350
----------------------- 1 ---------------------------
canvasWidth:100,
canvasHeight:100,
data:[{x:0,y:0,l:98,w:89},{x:89,y:73,l:27,w:11},],
----------------------- 2 ---------------------------
canvasWidth:100,
canvasHeight:100,
data:[{x:0,y:0,l:86,w:97},{x:0,y:86,l:14,w:25},{x:97,y:0,l:87,w:3},],
----------------------- 3 ---------------------------
canvasWidth:100,
canvasHeight:100,
data:[{x:0,y:0,l:74,w:93},{x:0,y:74,l:25,w:80},{x:94,y:0,l:97,w:6},],
----------------------- 4 ---------------------------
canvasWidth:100,
canvasHeight:100,
data:[{x:0,y:0,l:80,w:81},{x:31,y:80,l:18,w:50},{x:0,y:80,l:20,w:20},{x:81,y:0,l:98,w:19},],
----------------------- 5 ---------------------------
canvasWidth:100,
canvasHeight:100,
data:[{x:0,y:0,l:89,w:72},{x:77,y:0,l:100,w:23},{x:2,y:89,l:8,w:70},{x:72,y:0,l:97,w:5},],
----------------------- 6 ---------------------------
canvasWidth:100,
canvasHeight:100,
data:[{x:0,y:0,l:96,w:66},{x:66,y:0,l:83,w:30},],
----------------------- 7 ---------------------------
canvasWidth:100,
canvasHeight:100,
data:[{x:0,y:0,l:93,w:53},{x:53,y:0,l:81,w:47},{x:53,y:81,l:4,w:47},],
----------------------- 8 ---------------------------
canvasWidth:100,
canvasHeight:100,
data:[{x:0,y:0,l:57,w:86},{x:0,y:57,l:43,w:90},{x:90,y:0,l:94,w:1},],
----------------------- 9 ---------------------------
canvasWidth:100,
canvasHeight:100,
data:[{x:0,y:0,l:53,w:88},{x:0,y:53,l:29,w:72},{x:88,y:0,l:99,w:12},{x:73,y:53,l:42,w:15},{x:0,y:82,l:7,w:66},],
----------------------- 10 ---------------------------
canvasWidth:100,
canvasHeight:100,
data:[{x:0,y:0,l:88,w:53},{x:75,y:0,l:96,w:25},{x:53,y:0,l:88,w:22},{x:0,y:88,l:12,w:15},{x:75,y:96,l:4,w:25},],
----------------------- 11 ---------------------------
canvasWidth:100,
canvasHeight:100,
data:[{x:0,y:0,l:65,w:68},{x:68,y:0,l:97,w:32},{x:97,y:97,l:3,w:3},],
----------------------- 12 ---------------------------
canvasWidth:100,
canvasHeight:100,
data:[{x:0,y:0,l:59,w:66},{x:0,y:59,l:31,w:66},{x:81,y:0,l:88,w:19},{x:66,y:0,l:90,w:15},],
----------------------- 13 ---------------------------
canvasWidth:100,
canvasHeight:100,
data:[{x:0,y:0,l:92,w:48},{x:48,y:0,l:71,w:34},{x:87,y:0,l:100,w:13},{x:48,y:71,l:18,w:33},],
----------------------- 14 ---------------------------
canvasWidth:100,
canvasHeight:100,
data:[{x:0,y:0,l:99,w:39},{x:39,y:0,l:79,w:48},{x:87,y:0,l:68,w:13},{x:0,y:99,l:1,w:35},],
----------------------- 15 ---------------------------
canvasWidth:100,
canvasHeight:100,
data:[{x:0,y:0,l:72,w:49},{x:49,y:0,l:72,w:35},{x:84,y:0,l:78,w:16},],
----------------------- 16 ---------------------------
canvasWidth:100,
canvasHeight:100,
data:[{x:0,y:0,l:74,w:42},{x:42,y:0,l:82,w:29},{x:71,y:0,l:71,w:28},{x:99,y:0,l:81,w:1},],
----------------------- 17 ---------------------------
canvasWidth:100,
canvasHeight:100,
data:[{x:0,y:0,l:78,w:30},{x:30,y:0,l:76,w:30},{x:60,y:0,l:70,w:28},{x:60,y:70,l:30,w:22},{x:88,y:0,l:69,w:9},{x:97,y:0,l:80,w:1},],
----------------------- 18 ---------------------------
canvasWidth:100,
canvasHeight:100,
data:[{x:0,y:0,l:50,w:52},{x:52,y:0,l:69,w:14},{x:66,y:0,l:75,w:15},{x:0,y:50,l:29,w:41},{x:88,y:0,l:80,w:11},{x:81,y:0,l:81,w:7},],
----------------------- 19 ---------------------------
canvasWidth:100,
canvasHeight:100,
data:[{x:0,y:0,l:70,w:26},{x:26,y:0,l:72,w:24},{x:72,y:0,l:96,w:15},{x:50,y:0,l:72,w:14},{x:87,y:0,l:96,w:9},{x:64,y:0,l:71,w:8},],
----------------------- 20 ---------------------------
canvasWidth:100,
canvasHeight:100,
data:[{x:0,y:0,l:98,w:36},{x:52,y:0,l:94,w:35},{x:36,y:0,l:98,w:16},{x:87,y:0,l:91,w:13},],
----------------------- 21 ---------------------------
canvasWidth:100,
canvasHeight:100,
data:[{x:23,y:0,l:93,w:41},{x:64,y:0,l:93,w:30},{x:0,y:0,l:94,w:23},{x:94,y:0,l:77,w:6},],
----------------------- 22 ---------------------------
canvasWidth:100,
canvasHeight:100,
data:[{x:0,y:0,l:92,w:40},{x:40,y:0,l:92,w:30},{x:78,y:0,l:86,w:22},{x:70,y:0,l:92,w:8},],
----------------------- 23 ---------------------------
canvasWidth:100,
canvasHeight:100,
data:[{x:0,y:0,l:91,w:42},{x:42,y:0,l:87,w:42},{x:84,y:0,l:85,w:12},{x:96,y:0,l:85,w:2},{x:98,y:0,l:80,w:2},],
----------------------- 24 ---------------------------
canvasWidth:100,
canvasHeight:100,
data:[{x:0,y:0,l:87,w:32},{x:32,y:0,l:87,w:26},{x:58,y:0,l:87,w:23},{x:81,y:0,l:77,w:16},],
----------------------- 25 ---------------------------
canvasWidth:100,
canvasHeight:100,
data:[{x:0,y:0,l:86,w:26},{x:26,y:0,l:84,w:22},{x:48,y:0,l:84,w:22},{x:70,y:0,l:84,w:15},{x:85,y:0,l:79,w:2},],
