====================================== Class_10.2bp-27 =====================================
Reduced size: 60 usedBin: 0
E:\WSKH\2DBPP\NonGuillotine\initSolution\10_28.pack
[0, 47, 50, 53]
[1, 18, 40, 59]
[2, 20, 26, 28, 43, 55]
[3, 15, 27, 36, 38, 58]
[4, 16, 17, 33, 37, 48, 51]
[5, 19, 22, 23, 29, 57]
[7, 10, 32, 41, 46, 56]
[8, 12, 14, 30, 31, 45, 52, 54]
[6, 9, 42]
[11, 13, 21, 24, 25, 34, 35, 39, 44, 49]
canvasWidth:100,
canvasHeight:100,
data:[{x:0,y:0,l:91,w:94},{x:0,y:91,l:8,w:31},{x:94,y:76,l:24,w:6},{x:94,y:0,l:39,w:2},],
canvasWidth:100,
canvasHeight:100,
data:[{x:0,y:0,l:84,w:82},{x:82,y:0,l:90,w:14},{x:0,y:84,l:16,w:25},{x:25,y:84,l:5,w:3},],
canvasWidth:100,
canvasHeight:100,
data:[{x:0,y:0,l:68,w:85},{x:12,y:68,l:31,w:38},{x:50,y:68,l:31,w:32},{x:85,y:0,l:66,w:12},{x:0,y:68,l:32,w:12},{x:82,y:68,l:30,w:2},],
canvasWidth:100,
canvasHeight:100,
data:[{x:0,y:0,l:80,w:69},{x:69,y:0,l:67,w:22},{x:0,y:80,l:19,w:47},{x:47,y:81,l:19,w:31},{x:78,y:72,l:28,w:19},{x:69,y:67,l:3,w:12},],
canvasWidth:100,
canvasHeight:100,
data:[{x:0,y:0,l:59,w:87},{x:52,y:59,l:34,w:42},{x:0,y:59,l:40,w:33},{x:87,y:0,l:50,w:13},{x:33,y:59,l:35,w:16},{x:94,y:50,l:47,w:4},{x:49,y:59,l:35,w:3},],
canvasWidth:100,
canvasHeight:100,
data:[{x:0,y:0,l:73,w:70},{x:0,y:73,l:27,w:44},{x:44,y:73,l:21,w:50},{x:70,y:0,l:36,w:29},{x:70,y:36,l:28,w:27},{x:99,y:0,l:38,w:1},],
canvasWidth:100,
canvasHeight:100,
data:[{x:0,y:0,l:83,w:51},{x:51,y:0,l:77,w:38},{x:71,y:77,l:23,w:29},{x:52,y:77,l:21,w:19},{x:0,y:83,l:17,w:19},{x:19,y:83,l:2,w:29},],
canvasWidth:100,
canvasHeight:100,
data:[{x:0,y:0,l:59,w:57},{x:0,y:59,l:39,w:49},{x:80,y:0,l:88,w:20},{x:57,y:0,l:33,w:22},{x:57,y:33,l:37,w:19},{x:49,y:70,l:18,w:19},{x:49,y:88,l:4,w:22},{x:71,y:88,l:4,w:16},],
canvasWidth:100,
canvasHeight:100,
data:[{x:0,y:0,l:50,w:92},{x:0,y:50,l:36,w:91},{x:0,y:86,l:8,w:49},],
canvasWidth:100,
canvasHeight:100,
data:[{x:0,y:0,l:45,w:48},{x:0,y:45,l:10,w:48},{x:46,y:71,l:29,w:37},{x:0,y:55,l:45,w:23},{x:88,y:14,l:86,w:12},{x:48,y:53,l:18,w:35},{x:23,y:55,l:45,w:14},{x:48,y:0,l:49,w:37},{x:37,y:55,l:39,w:9},{x:83,y:68,l:32,w:5},],
Best fit used bin number: 10
Found best solution: 10 0.047

   Statrt add columnAndCut col: 10 cons: 0 cut: 0	0.11

	1 Start Add column using column generation  col: 10 cons: 0 cut: 0	0.11
			Start solve  LP :0.11
			End solve LP obj: 10.0 t: 15
	1 End Add column using column generation : 10.0 col: 10 cons: 0 cut: 0	0.125
   End add columnAndCut : 10.0 colGencnt: 1 price: 0 col: 10 cons: 0 cut: 0	0.125

Node lb: 10.0 ub: 10 : 0.125

Final Found Solution: 10 genNode: 1 extendedNode: 0:0.125
Bin size: 10000
1 : 8554,248,144,78, : 9024
2 : 6888,1260,400,15, : 8563
3 : 5780,1178,992,792,384,60, : 9186
4 : 5520,1474,893,589,532,36, : 9044
5 : 5133,1428,1320,650,560,188,105, : 9384
6 : 5110,1188,1050,1044,756,38, : 9186
7 : 4233,2926,667,399,323,58, : 8606
8 : 3363,1911,1760,726,703,342,88,64, : 8957
9 : 4600,3276,392, : 8268
10 : 2160,1813,1073,1035,1032,630,630,480,351,160, : 9364
----------------------- 1 ---------------------------
canvasWidth:100,
canvasHeight:100,
data:[{x:0,y:0,l:91,w:94},{x:0,y:91,l:8,w:31},{x:94,y:76,l:24,w:6},{x:94,y:0,l:39,w:2},],
----------------------- 2 ---------------------------
canvasWidth:100,
canvasHeight:100,
data:[{x:0,y:0,l:84,w:82},{x:82,y:0,l:90,w:14},{x:0,y:84,l:16,w:25},{x:25,y:84,l:5,w:3},],
----------------------- 3 ---------------------------
canvasWidth:100,
canvasHeight:100,
data:[{x:0,y:0,l:68,w:85},{x:12,y:68,l:31,w:38},{x:50,y:68,l:31,w:32},{x:85,y:0,l:66,w:12},{x:0,y:68,l:32,w:12},{x:82,y:68,l:30,w:2},],
----------------------- 4 ---------------------------
canvasWidth:100,
canvasHeight:100,
data:[{x:0,y:0,l:80,w:69},{x:69,y:0,l:67,w:22},{x:0,y:80,l:19,w:47},{x:47,y:81,l:19,w:31},{x:78,y:72,l:28,w:19},{x:69,y:67,l:3,w:12},],
----------------------- 5 ---------------------------
canvasWidth:100,
canvasHeight:100,
data:[{x:0,y:0,l:59,w:87},{x:52,y:59,l:34,w:42},{x:0,y:59,l:40,w:33},{x:87,y:0,l:50,w:13},{x:33,y:59,l:35,w:16},{x:94,y:50,l:47,w:4},{x:49,y:59,l:35,w:3},],
----------------------- 6 ---------------------------
canvasWidth:100,
canvasHeight:100,
data:[{x:0,y:0,l:73,w:70},{x:0,y:73,l:27,w:44},{x:44,y:73,l:21,w:50},{x:70,y:0,l:36,w:29},{x:70,y:36,l:28,w:27},{x:99,y:0,l:38,w:1},],
----------------------- 7 ---------------------------
canvasWidth:100,
canvasHeight:100,
data:[{x:0,y:0,l:83,w:51},{x:51,y:0,l:77,w:38},{x:71,y:77,l:23,w:29},{x:52,y:77,l:21,w:19},{x:0,y:83,l:17,w:19},{x:19,y:83,l:2,w:29},],
----------------------- 8 ---------------------------
canvasWidth:100,
canvasHeight:100,
data:[{x:0,y:0,l:59,w:57},{x:0,y:59,l:39,w:49},{x:80,y:0,l:88,w:20},{x:57,y:0,l:33,w:22},{x:57,y:33,l:37,w:19},{x:49,y:70,l:18,w:19},{x:49,y:88,l:4,w:22},{x:71,y:88,l:4,w:16},],
----------------------- 9 ---------------------------
canvasWidth:100,
canvasHeight:100,
data:[{x:0,y:0,l:50,w:92},{x:0,y:50,l:36,w:91},{x:0,y:86,l:8,w:49},],
----------------------- 10 ---------------------------
canvasWidth:100,
canvasHeight:100,
data:[{x:0,y:0,l:45,w:48},{x:0,y:45,l:10,w:48},{x:46,y:71,l:29,w:37},{x:0,y:55,l:45,w:23},{x:88,y:14,l:86,w:12},{x:48,y:53,l:18,w:35},{x:23,y:55,l:45,w:14},{x:48,y:0,l:49,w:37},{x:37,y:55,l:39,w:9},{x:83,y:68,l:32,w:5},],
