====================================== Class_03.2bp-3 =====================================
Reduced size: 20 usedBin: 0
[1, 2, 9, 11]
[0, 4, 14, 16, 18, 19]
[3, 5, 10, 12, 13]
[6, 7, 8, 15, 17]
canvasWidth:40,
canvasHeight:40,
data:[{x:23,y:0,l:31,w:17},{x:0,y:22,l:11,w:23},{x:0,y:33,l:6,w:23},{x:0,y:0,l:22,w:23},],
canvasWidth:40,
canvasHeight:40,
data:[{x:0,y:0,l:19,w:32},{x:0,y:19,l:19,w:22},{x:22,y:19,l:11,w:9},{x:36,y:5,l:20,w:4},{x:32,y:0,l:3,w:8},{x:32,y:3,l:2,w:8},],
canvasWidth:40,
canvasHeight:40,
data:[{x:0,y:0,l:26,w:5},{x:5,y:0,l:23,w:19},{x:24,y:0,l:32,w:12},{x:5,y:23,l:11,w:19},{x:36,y:0,l:28,w:4},],
canvasWidth:40,
canvasHeight:40,
data:[{x:0,y:0,l:14,w:25},{x:0,y:17,l:10,w:28},{x:30,y:0,l:27,w:10},{x:0,y:14,l:3,w:30},{x:0,y:27,l:1,w:33},],
Best fit used bin number: 4
Found best solution: 4 0.069

   Statrt add columnAndCut col: 4 cons: 0 cut: 0	0.168

	1 Start Add column using column generation  col: 4 cons: 0 cut: 0	0.168
			Start solve  LP :0.168
			End solve LP obj: 4.0 t: 1
	1 End Add column using column generation : 4.0 col: 4 cons: 0 cut: 0	0.171
   End add columnAndCut : 4.0 colGencnt: 1 price: 0 col: 4 cons: 0 cut: 0	0.171

Node lb: 4.0 ub: 4 : 0.171

Final Found Solution: 4 genNode: 1 extendedNode: 0:0.173
Bin size: 1600
1 : 527,506,253,138, : 1424
2 : 608,418,99,80,24,16, : 1245
3 : 437,384,209,130,112, : 1272
4 : 350,280,270,90,33, : 1023
----------------------- 1 ---------------------------
canvasWidth:40,
canvasHeight:40,
data:[{x:23,y:0,l:31,w:17},{x:0,y:22,l:11,w:23},{x:0,y:33,l:6,w:23},{x:0,y:0,l:22,w:23},],
----------------------- 2 ---------------------------
canvasWidth:40,
canvasHeight:40,
data:[{x:0,y:0,l:19,w:32},{x:0,y:19,l:19,w:22},{x:22,y:19,l:11,w:9},{x:36,y:5,l:20,w:4},{x:32,y:0,l:3,w:8},{x:32,y:3,l:2,w:8},],
----------------------- 3 ---------------------------
canvasWidth:40,
canvasHeight:40,
data:[{x:0,y:0,l:26,w:5},{x:5,y:0,l:23,w:19},{x:24,y:0,l:32,w:12},{x:5,y:23,l:11,w:19},{x:36,y:0,l:28,w:4},],
----------------------- 4 ---------------------------
canvasWidth:40,
canvasHeight:40,
data:[{x:0,y:0,l:14,w:25},{x:0,y:17,l:10,w:28},{x:30,y:0,l:27,w:10},{x:0,y:14,l:3,w:30},{x:0,y:27,l:1,w:33},],
