====================================== Class_07.2bp-48 =====================================
Reduced size: 100 usedBin: 0
E:\WSKH\2DBPP\NonGuillotine\initSolution\7_49.pack
[0]
[1, 70, 96]
[2, 79, 95]
[3, 60, 98]
[4, 54]
[5, 33, 89, 90]
[6, 37, 85, 87, 93]
[26, 49, 58, 65, 99]
[7, 40, 63, 77, 92]
[23, 28, 31]
[10, 11, 68, 86]
[13, 30, 66, 69, 91]
[15, 45, 51, 57]
[12, 16, 72, 75]
[17, 41, 61, 62]
[9, 36, 71, 73, 81]
[22, 50, 52, 78, 83]
[24, 42, 44, 59]
[14, 20, 39]
[21, 29, 43, 80]
[32, 38, 53, 55]
[25, 34, 56, 64, 76, 97]
[19, 35, 46, 67]
[18, 47, 48, 74, 82, 94]
[8, 27, 84, 88]
canvasWidth:100,
canvasHeight:100,
data:[{x:0,y:0,l:94,w:97},],
canvasWidth:100,
canvasHeight:100,
data:[{x:0,y:0,l:88,w:98},{x:0,y:88,l:12,w:79},{x:98,y:0,l:70,w:2},],
canvasWidth:100,
canvasHeight:100,
data:[{x:0,y:0,l:93,w:91},{x:91,y:33,l:67,w:9},{x:0,y:93,l:2,w:78},],
canvasWidth:100,
canvasHeight:100,
data:[{x:0,y:0,l:97,w:79},{x:79,y:0,l:75,w:21},{x:79,y:75,l:23,w:3},],
canvasWidth:100,
canvasHeight:100,
data:[{x:0,y:0,l:87,w:82},{x:82,y:0,l:100,w:18},],
canvasWidth:100,
canvasHeight:100,
data:[{x:0,y:0,l:71,w:86},{x:0,y:72,l:28,w:98},{x:86,y:0,l:72,w:4},{x:90,y:0,l:72,w:3},],
canvasWidth:100,
canvasHeight:100,
data:[{x:0,y:0,l:83,w:66},{x:66,y:0,l:79,w:32},{x:32,y:83,l:15,w:29},{x:0,y:83,l:17,w:21},{x:21,y:83,l:16,w:11},],
canvasWidth:100,
canvasHeight:100,
data:[{x:0,y:0,l:52,w:58},{x:0,y:52,l:44,w:44},{x:44,y:56,l:44,w:37},{x:81,y:31,l:69,w:19},{x:58,y:0,l:9,w:7},],
canvasWidth:100,
canvasHeight:100,
data:[{x:0,y:0,l:100,w:45},{x:45,y:0,l:85,w:28},{x:73,y:0,l:91,w:16},{x:89,y:0,l:82,w:8},{x:97,y:0,l:89,w:2},],
canvasWidth:100,
canvasHeight:100,
data:[{x:0,y:0,l:88,w:35},{x:35,y:0,l:82,w:35},{x:72,y:0,l:100,w:28},],
canvasWidth:100,
canvasHeight:100,
data:[{x:0,y:0,l:86,w:48},{x:48,y:0,l:86,w:47},{x:0,y:86,l:14,w:75},{x:95,y:0,l:77,w:5},],
canvasWidth:100,
canvasHeight:100,
data:[{x:0,y:0,l:81,w:48},{x:60,y:0,l:80,w:35},{x:0,y:81,l:19,w:68},{x:48,y:0,l:81,w:12},{x:95,y:0,l:69,w:3},],
canvasWidth:100,
canvasHeight:100,
data:[{x:0,y:0,l:80,w:46},{x:71,y:0,l:74,w:28},{x:46,y:0,l:77,w:25},{x:0,y:80,l:20,w:84},],
canvasWidth:100,
canvasHeight:100,
data:[{x:0,y:0,l:73,w:50},{x:50,y:0,l:97,w:41},{x:0,y:73,l:26,w:35},{x:91,y:0,l:90,w:9},],
canvasWidth:100,
canvasHeight:100,
data:[{x:0,y:0,l:72,w:50},{x:69,y:0,l:76,w:31},{x:50,y:0,l:79,w:19},{x:0,y:79,l:21,w:71},],
canvasWidth:100,
canvasHeight:100,
data:[{x:0,y:0,l:100,w:42},{x:42,y:0,l:71,w:37},{x:79,y:0,l:70,w:13},{x:42,y:71,l:23,w:37},{x:92,y:0,l:67,w:8},],
canvasWidth:100,
canvasHeight:100,
data:[{x:0,y:0,l:39,w:81},{x:41,y:58,l:42,w:46},{x:0,y:39,l:44,w:41},{x:87,y:11,l:89,w:7},{x:94,y:0,l:86,w:6},],
canvasWidth:100,
canvasHeight:100,
data:[{x:0,y:0,l:69,w:44},{x:67,y:0,l:70,w:32},{x:0,y:70,l:30,w:71},{x:44,y:0,l:70,w:23},],
canvasWidth:100,
canvasHeight:100,
data:[{x:32,y:0,l:94,w:40},{x:0,y:0,l:99,w:32},{x:72,y:0,l:87,w:28},],
canvasWidth:100,
canvasHeight:100,
data:[{x:0,y:0,l:99,w:32},{x:32,y:0,l:94,w:30},{x:69,y:0,l:73,w:30},{x:62,y:0,l:84,w:7},],
canvasWidth:100,
canvasHeight:100,
data:[{x:25,y:0,l:95,w:29},{x:0,y:0,l:99,w:25},{x:54,y:0,l:90,w:20},{x:74,y:0,l:76,w:23},],
canvasWidth:100,
canvasHeight:100,
data:[{x:0,y:0,l:33,w:92},{x:0,y:33,l:67,w:40},{x:40,y:33,l:67,w:26},{x:70,y:33,l:66,w:22},{x:93,y:0,l:96,w:7},{x:92,y:0,l:99,w:1},],
canvasWidth:100,
canvasHeight:100,
data:[{x:60,y:0,l:89,w:38},{x:32,y:0,l:94,w:28},{x:0,y:0,l:98,w:21},{x:21,y:0,l:97,w:11},],
canvasWidth:100,
canvasHeight:100,
data:[{x:42,y:0,l:90,w:38},{x:0,y:0,l:97,w:21},{x:21,y:0,l:95,w:21},{x:88,y:0,l:77,w:11},{x:82,y:0,l:86,w:6},{x:80,y:0,l:88,w:2},],
canvasWidth:100,
canvasHeight:100,
data:[{x:31,y:0,l:94,w:46},{x:0,y:0,l:97,w:31},{x:83,y:0,l:73,w:4},{x:77,y:0,l:80,w:6},],
Best fit used bin number: 25
Found best solution: 25 0.063

   Statrt add columnAndCut col: 25 cons: 0 cut: 0	0.141

	1 Start Add column using column generation  col: 25 cons: 0 cut: 0	0.141
			Start solve  LP :0.141
			End solve LP obj: 25.0 t: 0
	1 End Add column using column generation : 25.0 col: 25 cons: 0 cut: 0	0.141
   End add columnAndCut : 25.0 colGencnt: 1 price: 0 col: 25 cons: 0 cut: 0	0.141

Node lb: 25.0 ub: 25 : 0.141

Final Found Solution: 25 genNode: 1 extendedNode: 0:0.141
Bin size: 10000
1 : 9118, : 9118
2 : 8624,948,140, : 9712
3 : 8463,603,156, : 9222
4 : 7663,1575,69, : 9307
5 : 7134,1800, : 8934
6 : 6106,2744,288,216, : 9354
7 : 5478,2528,435,357,176, : 8974
8 : 3016,1936,1628,1311,63, : 7954
9 : 4500,2380,1456,656,178, : 9170
10 : 3080,2870,2800, : 8750
11 : 4128,4042,1050,385, : 9605
12 : 3888,2800,1292,972,207, : 9159
13 : 3680,2072,1925,1680, : 9357
14 : 3977,3650,910,810, : 9347
15 : 3600,2356,1501,1491, : 8948
16 : 4200,2627,910,851,536, : 9124
17 : 3159,1932,1804,623,516, : 8034
18 : 3036,2240,2130,1610, : 9016
19 : 3760,3168,2436, : 9364
20 : 3168,2820,2190,588, : 8766
21 : 2755,2475,1800,1748, : 8778
22 : 3036,2680,1742,1452,672,99, : 9681
23 : 3382,2632,2058,1067, : 9139
24 : 3420,2037,1995,847,516,176, : 8991
25 : 4324,3007,480,292, : 8103
----------------------- 1 ---------------------------
canvasWidth:100,
canvasHeight:100,
data:[{x:0,y:0,l:94,w:97},],
----------------------- 2 ---------------------------
canvasWidth:100,
canvasHeight:100,
data:[{x:0,y:0,l:88,w:98},{x:0,y:88,l:12,w:79},{x:98,y:0,l:70,w:2},],
----------------------- 3 ---------------------------
canvasWidth:100,
canvasHeight:100,
data:[{x:0,y:0,l:93,w:91},{x:91,y:33,l:67,w:9},{x:0,y:93,l:2,w:78},],
----------------------- 4 ---------------------------
canvasWidth:100,
canvasHeight:100,
data:[{x:0,y:0,l:97,w:79},{x:79,y:0,l:75,w:21},{x:79,y:75,l:23,w:3},],
----------------------- 5 ---------------------------
canvasWidth:100,
canvasHeight:100,
data:[{x:0,y:0,l:87,w:82},{x:82,y:0,l:100,w:18},],
----------------------- 6 ---------------------------
canvasWidth:100,
canvasHeight:100,
data:[{x:0,y:0,l:71,w:86},{x:0,y:72,l:28,w:98},{x:86,y:0,l:72,w:4},{x:90,y:0,l:72,w:3},],
----------------------- 7 ---------------------------
canvasWidth:100,
canvasHeight:100,
data:[{x:0,y:0,l:83,w:66},{x:66,y:0,l:79,w:32},{x:32,y:83,l:15,w:29},{x:0,y:83,l:17,w:21},{x:21,y:83,l:16,w:11},],
----------------------- 8 ---------------------------
canvasWidth:100,
canvasHeight:100,
data:[{x:0,y:0,l:52,w:58},{x:0,y:52,l:44,w:44},{x:44,y:56,l:44,w:37},{x:81,y:31,l:69,w:19},{x:58,y:0,l:9,w:7},],
----------------------- 9 ---------------------------
canvasWidth:100,
canvasHeight:100,
data:[{x:0,y:0,l:100,w:45},{x:45,y:0,l:85,w:28},{x:73,y:0,l:91,w:16},{x:89,y:0,l:82,w:8},{x:97,y:0,l:89,w:2},],
----------------------- 10 ---------------------------
canvasWidth:100,
canvasHeight:100,
data:[{x:0,y:0,l:88,w:35},{x:35,y:0,l:82,w:35},{x:72,y:0,l:100,w:28},],
----------------------- 11 ---------------------------
canvasWidth:100,
canvasHeight:100,
data:[{x:0,y:0,l:86,w:48},{x:48,y:0,l:86,w:47},{x:0,y:86,l:14,w:75},{x:95,y:0,l:77,w:5},],
----------------------- 12 ---------------------------
canvasWidth:100,
canvasHeight:100,
data:[{x:0,y:0,l:81,w:48},{x:60,y:0,l:80,w:35},{x:0,y:81,l:19,w:68},{x:48,y:0,l:81,w:12},{x:95,y:0,l:69,w:3},],
----------------------- 13 ---------------------------
canvasWidth:100,
canvasHeight:100,
data:[{x:0,y:0,l:80,w:46},{x:71,y:0,l:74,w:28},{x:46,y:0,l:77,w:25},{x:0,y:80,l:20,w:84},],
----------------------- 14 ---------------------------
canvasWidth:100,
canvasHeight:100,
data:[{x:0,y:0,l:73,w:50},{x:50,y:0,l:97,w:41},{x:0,y:73,l:26,w:35},{x:91,y:0,l:90,w:9},],
----------------------- 15 ---------------------------
canvasWidth:100,
canvasHeight:100,
data:[{x:0,y:0,l:72,w:50},{x:69,y:0,l:76,w:31},{x:50,y:0,l:79,w:19},{x:0,y:79,l:21,w:71},],
----------------------- 16 ---------------------------
canvasWidth:100,
canvasHeight:100,
data:[{x:0,y:0,l:100,w:42},{x:42,y:0,l:71,w:37},{x:79,y:0,l:70,w:13},{x:42,y:71,l:23,w:37},{x:92,y:0,l:67,w:8},],
----------------------- 17 ---------------------------
canvasWidth:100,
canvasHeight:100,
data:[{x:0,y:0,l:39,w:81},{x:41,y:58,l:42,w:46},{x:0,y:39,l:44,w:41},{x:87,y:11,l:89,w:7},{x:94,y:0,l:86,w:6},],
----------------------- 18 ---------------------------
canvasWidth:100,
canvasHeight:100,
data:[{x:0,y:0,l:69,w:44},{x:67,y:0,l:70,w:32},{x:0,y:70,l:30,w:71},{x:44,y:0,l:70,w:23},],
----------------------- 19 ---------------------------
canvasWidth:100,
canvasHeight:100,
data:[{x:32,y:0,l:94,w:40},{x:0,y:0,l:99,w:32},{x:72,y:0,l:87,w:28},],
----------------------- 20 ---------------------------
canvasWidth:100,
canvasHeight:100,
data:[{x:0,y:0,l:99,w:32},{x:32,y:0,l:94,w:30},{x:69,y:0,l:73,w:30},{x:62,y:0,l:84,w:7},],
----------------------- 21 ---------------------------
canvasWidth:100,
canvasHeight:100,
data:[{x:25,y:0,l:95,w:29},{x:0,y:0,l:99,w:25},{x:54,y:0,l:90,w:20},{x:74,y:0,l:76,w:23},],
----------------------- 22 ---------------------------
canvasWidth:100,
canvasHeight:100,
data:[{x:0,y:0,l:33,w:92},{x:0,y:33,l:67,w:40},{x:40,y:33,l:67,w:26},{x:70,y:33,l:66,w:22},{x:93,y:0,l:96,w:7},{x:92,y:0,l:99,w:1},],
----------------------- 23 ---------------------------
canvasWidth:100,
canvasHeight:100,
data:[{x:60,y:0,l:89,w:38},{x:32,y:0,l:94,w:28},{x:0,y:0,l:98,w:21},{x:21,y:0,l:97,w:11},],
----------------------- 24 ---------------------------
canvasWidth:100,
canvasHeight:100,
data:[{x:42,y:0,l:90,w:38},{x:0,y:0,l:97,w:21},{x:21,y:0,l:95,w:21},{x:88,y:0,l:77,w:11},{x:82,y:0,l:86,w:6},{x:80,y:0,l:88,w:2},],
----------------------- 25 ---------------------------
canvasWidth:100,
canvasHeight:100,
data:[{x:31,y:0,l:94,w:46},{x:0,y:0,l:97,w:31},{x:83,y:0,l:73,w:4},{x:77,y:0,l:80,w:6},],
