====================================== Class_06.2bp-23 =====================================
Reduced size: 60 usedBin: 0
[0, 1, 2, 3, 4, 5, 12, 13, 16, 18, 23, 25, 30, 31, 34, 35, 36, 37, 41, 42, 46, 47, 48, 49, 51, 52, 54, 56, 58]
[6, 7, 8, 9, 10, 11, 14, 15, 17, 19, 20, 21, 22, 24, 26, 27, 28, 29, 32, 33, 38, 39, 40, 43, 44, 45, 50, 53, 55, 57, 59]
canvasWidth:300,
canvasHeight:300,
data:[{x:0,y:0,l:96,w:96},{x:96,y:0,l:87,w:97},{x:113,y:87,l:100,w:77},{x:193,y:0,l:87,w:81},{x:190,y:87,l:85,w:75},{x:0,y:96,l:62,w:93},{x:190,y:172,l:63,w:65},{x:79,y:187,l:87,w:46},{x:198,y:235,l:65,w:57},{x:125,y:235,l:59,w:59},{x:125,y:187,l:48,w:65},{x:0,y:158,l:99,w:27},{x:51,y:187,l:72,w:28},{x:93,y:96,l:80,w:20},{x:274,y:0,l:63,w:23},{x:36,y:158,l:25,w:57},{x:35,y:183,l:93,w:13},{x:255,y:172,l:78,w:10},{x:0,y:257,l:43,w:17},{x:17,y:277,l:5,w:91},{x:17,y:282,l:5,w:76},{x:27,y:158,l:37,w:8},{x:48,y:183,l:4,w:65},{x:48,y:187,l:90,w:2},{x:96,y:87,l:9,w:17},{x:126,y:294,l:2,w:72},{x:93,y:176,l:7,w:20},{x:50,y:274,l:1,w:72},{x:255,y:250,l:50,w:41},],
canvasWidth:300,
canvasHeight:300,
data:[{x:0,y:0,l:57,w:98},{x:98,y:0,l:56,w:95},{x:203,y:0,l:68,w:78},{x:0,y:57,l:48,w:98},{x:0,y:105,l:60,w:78},{x:78,y:105,l:53,w:83},{x:0,y:165,l:71,w:55},{x:226,y:68,l:51,w:74},{x:98,y:56,l:49,w:74},{x:240,y:119,l:58,w:60},{x:231,y:218,l:49,w:69},{x:110,y:158,l:77,w:41},{x:161,y:119,l:46,w:68},{x:0,y:236,l:64,w:45},{x:55,y:165,l:64,w:41},{x:151,y:165,l:30,w:81},{x:57,y:229,l:66,w:35},{x:151,y:195,l:30,w:76},{x:92,y:229,l:21,w:3},{x:236,y:187,l:31,w:64},{x:95,y:235,l:34,w:49},{x:172,y:68,l:32,w:34},{x:96,y:165,l:70,w:14},{x:281,y:0,l:55,w:17},{x:242,y:177,l:10,w:58},{x:193,y:0,l:56,w:10},{x:47,y:236,l:62,w:8},{x:78,y:158,l:7,w:32},{x:144,y:235,l:21,w:7},{x:55,y:229,l:71,w:2},{x:45,y:236,l:64,w:2},],
Best fit used bin number: 2
Found best solution: 2 0.063

   Statrt add columnAndCut col: 2 cons: 0 cut: 0	0.141

	1 Start Add column using column generation  col: 2 cons: 0 cut: 0	0.141
			Start solve  LP :0.141
			End solve LP obj: 2.0 t: 0
	1 End Add column using column generation : 2.0 col: 2 cons: 0 cut: 0	0.141
   End add columnAndCut : 2.0 colGencnt: 1 price: 0 col: 2 cons: 0 cut: 0	0.141

Node lb: 2.0 ub: 2 : 0.141

Final Found Solution: 2 genNode: 1 extendedNode: 0:0.141
Bin size: 90000
1 : 9216,8439,7700,7047,6375,5766,4095,4002,3705,3481,3120,2673,2050,2016,1600,1449,1425,1209,780,731,455,380,296,260,180,153,144,140,72, : 78959
2 : 5586,5320,5304,4704,4680,4399,3905,3774,3626,3480,3381,3157,3128,2880,2624,2430,2310,2280,1984,1666,1088,980,935,580,560,496,224,147,142,128,63, : 75961
----------------------- 1 ---------------------------
canvasWidth:300,
canvasHeight:300,
data:[{x:0,y:0,l:96,w:96},{x:96,y:0,l:87,w:97},{x:113,y:87,l:100,w:77},{x:193,y:0,l:87,w:81},{x:190,y:87,l:85,w:75},{x:0,y:96,l:62,w:93},{x:190,y:172,l:63,w:65},{x:79,y:187,l:87,w:46},{x:198,y:235,l:65,w:57},{x:125,y:235,l:59,w:59},{x:125,y:187,l:48,w:65},{x:0,y:158,l:99,w:27},{x:51,y:187,l:72,w:28},{x:93,y:96,l:80,w:20},{x:274,y:0,l:63,w:23},{x:36,y:158,l:25,w:57},{x:35,y:183,l:93,w:13},{x:255,y:172,l:78,w:10},{x:0,y:257,l:43,w:17},{x:17,y:277,l:5,w:91},{x:17,y:282,l:5,w:76},{x:27,y:158,l:37,w:8},{x:48,y:183,l:4,w:65},{x:48,y:187,l:90,w:2},{x:96,y:87,l:9,w:17},{x:126,y:294,l:2,w:72},{x:93,y:176,l:7,w:20},{x:50,y:274,l:1,w:72},{x:255,y:250,l:50,w:41},],
----------------------- 2 ---------------------------
canvasWidth:300,
canvasHeight:300,
data:[{x:0,y:0,l:57,w:98},{x:98,y:0,l:56,w:95},{x:203,y:0,l:68,w:78},{x:0,y:57,l:48,w:98},{x:0,y:105,l:60,w:78},{x:78,y:105,l:53,w:83},{x:0,y:165,l:71,w:55},{x:226,y:68,l:51,w:74},{x:98,y:56,l:49,w:74},{x:240,y:119,l:58,w:60},{x:231,y:218,l:49,w:69},{x:110,y:158,l:77,w:41},{x:161,y:119,l:46,w:68},{x:0,y:236,l:64,w:45},{x:55,y:165,l:64,w:41},{x:151,y:165,l:30,w:81},{x:57,y:229,l:66,w:35},{x:151,y:195,l:30,w:76},{x:92,y:229,l:21,w:3},{x:236,y:187,l:31,w:64},{x:95,y:235,l:34,w:49},{x:172,y:68,l:32,w:34},{x:96,y:165,l:70,w:14},{x:281,y:0,l:55,w:17},{x:242,y:177,l:10,w:58},{x:193,y:0,l:56,w:10},{x:47,y:236,l:62,w:8},{x:78,y:158,l:7,w:32},{x:144,y:235,l:21,w:7},{x:55,y:229,l:71,w:2},{x:45,y:236,l:64,w:2},],
