====================================== Class_02.2bp-31 =====================================
Reduced size: 80 usedBin: 0
[0, 1, 2, 3, 4, 5, 6, 7, 9, 14, 31, 44, 46, 65, 66]
[8, 10, 11, 12, 13, 15, 16, 17, 19, 21, 22, 23, 27, 29, 30, 32, 37, 39, 47, 48, 52, 53, 55, 67, 69, 73, 74, 77]
[18, 20, 24, 25, 26, 28, 33, 34, 35, 36, 38, 40, 41, 42, 43, 45, 49, 50, 51, 54, 56, 57, 58, 59, 60, 61, 62, 63, 64, 68, 70, 71, 72, 75, 76, 78, 79]
canvasWidth:30,
canvasHeight:30,
data:[{x:0,y:0,l:10,w:10},{x:10,y:0,l:10,w:10},{x:20,y:0,l:9,w:10},{x:0,y:10,l:10,w:9},{x:20,y:9,l:8,w:10},{x:20,y:17,l:8,w:10},{x:9,y:10,l:10,w:8},{x:0,y:20,l:8,w:9},{x:13,y:20,l:10,w:7},{x:20,y:25,l:5,w:10},{x:17,y:10,l:10,w:3},{x:11,y:20,l:10,w:2},{x:0,y:28,l:2,w:9},{x:10,y:20,l:10,w:1},{x:9,y:20,l:10,w:1},],
canvasWidth:30,
canvasHeight:30,
data:[{x:0,y:0,l:9,w:8},{x:8,y:0,l:9,w:7},{x:15,y:0,l:9,w:7},{x:0,y:9,l:8,w:7},{x:20,y:9,l:9,w:6},{x:22,y:0,l:6,w:8},{x:0,y:17,l:5,w:9},{x:12,y:18,l:9,w:5},{x:0,y:22,l:4,w:9},{x:0,y:26,l:4,w:9},{x:26,y:9,l:9,w:4},{x:17,y:18,l:9,w:4},{x:7,y:9,l:8,w:4},{x:11,y:9,l:8,w:4},{x:23,y:22,l:5,w:6},{x:23,y:18,l:4,w:7},{x:22,y:6,l:3,w:8},{x:15,y:9,l:8,w:3},{x:9,y:17,l:6,w:3},{x:21,y:18,l:9,w:2},{x:18,y:9,l:8,w:2},{x:9,y:23,l:7,w:2},{x:12,y:27,l:3,w:4},{x:16,y:27,l:3,w:3},{x:11,y:23,l:7,w:1},{x:15,y:17,l:1,w:5},{x:29,y:22,l:5,w:1},{x:12,y:17,l:1,w:3},],
canvasWidth:30,
canvasHeight:30,
data:[{x:0,y:0,l:7,w:6},{x:0,y:7,l:6,w:6},{x:6,y:0,l:7,w:5},{x:11,y:0,l:7,w:5},{x:16,y:0,l:7,w:5},{x:6,y:7,l:4,w:8},{x:28,y:7,l:6,w:2},{x:25,y:0,l:5,w:5},{x:10,y:13,l:5,w:5},{x:0,y:13,l:4,w:6},{x:0,y:17,l:4,w:6},{x:6,y:11,l:6,w:4},{x:14,y:7,l:4,w:5},{x:19,y:7,l:4,w:5},{x:6,y:17,l:5,w:4},{x:6,y:22,l:5,w:4},{x:0,y:21,l:9,w:2},{x:20,y:11,l:2,w:8},{x:24,y:7,l:4,w:4},{x:15,y:13,l:6,w:2},{x:21,y:0,l:7,w:4},{x:17,y:13,l:6,w:2},{x:25,y:5,l:2,w:5},{x:15,y:11,l:2,w:5},{x:10,y:11,l:2,w:5},{x:10,y:18,l:2,w:5},{x:3,y:23,l:5,w:2},{x:21,y:13,l:5,w:2},{x:23,y:13,l:5,w:2},{x:2,y:21,l:9,w:1},{x:3,y:21,l:2,w:3},{x:19,y:13,l:6,w:1},{x:20,y:13,l:6,w:1},{x:3,y:28,l:2,w:2},{x:5,y:23,l:4,w:1},{x:25,y:13,l:2,w:1},{x:26,y:13,l:2,w:1},],
Best fit used bin number: 3
Found best solution: 3 0.062

   Statrt add columnAndCut col: 3 cons: 0 cut: 0	0.125

	1 Start Add column using column generation  col: 3 cons: 0 cut: 0	0.125
			Start solve  LP :0.125
			End solve LP obj: 3.0 t: 0
	1 End Add column using column generation : 3.0 col: 3 cons: 0 cut: 0	0.125
   End add columnAndCut : 3.0 colGencnt: 1 price: 0 col: 3 cons: 0 cut: 0	0.125

Node lb: 3.0 ub: 3 : 0.125

Final Found Solution: 3 genNode: 1 extendedNode: 0:0.125
Bin size: 900
1 : 100,100,90,90,80,80,80,72,70,50,30,20,18,10,10, : 900
2 : 72,63,63,56,54,48,45,45,36,36,36,36,32,32,30,28,24,24,18,18,16,14,12,9,7,5,5,3, : 867
3 : 42,36,35,35,35,32,28,25,25,24,24,24,20,20,20,20,18,16,16,12,12,12,10,10,10,10,10,10,10,9,6,6,6,4,4,2,2, : 640
----------------------- 1 ---------------------------
canvasWidth:30,
canvasHeight:30,
data:[{x:0,y:0,l:10,w:10},{x:10,y:0,l:10,w:10},{x:20,y:0,l:9,w:10},{x:0,y:10,l:10,w:9},{x:20,y:9,l:8,w:10},{x:20,y:17,l:8,w:10},{x:9,y:10,l:10,w:8},{x:0,y:20,l:8,w:9},{x:13,y:20,l:10,w:7},{x:20,y:25,l:5,w:10},{x:17,y:10,l:10,w:3},{x:11,y:20,l:10,w:2},{x:0,y:28,l:2,w:9},{x:10,y:20,l:10,w:1},{x:9,y:20,l:10,w:1},],
----------------------- 2 ---------------------------
canvasWidth:30,
canvasHeight:30,
data:[{x:0,y:0,l:9,w:8},{x:8,y:0,l:9,w:7},{x:15,y:0,l:9,w:7},{x:0,y:9,l:8,w:7},{x:20,y:9,l:9,w:6},{x:22,y:0,l:6,w:8},{x:0,y:17,l:5,w:9},{x:12,y:18,l:9,w:5},{x:0,y:22,l:4,w:9},{x:0,y:26,l:4,w:9},{x:26,y:9,l:9,w:4},{x:17,y:18,l:9,w:4},{x:7,y:9,l:8,w:4},{x:11,y:9,l:8,w:4},{x:23,y:22,l:5,w:6},{x:23,y:18,l:4,w:7},{x:22,y:6,l:3,w:8},{x:15,y:9,l:8,w:3},{x:9,y:17,l:6,w:3},{x:21,y:18,l:9,w:2},{x:18,y:9,l:8,w:2},{x:9,y:23,l:7,w:2},{x:12,y:27,l:3,w:4},{x:16,y:27,l:3,w:3},{x:11,y:23,l:7,w:1},{x:15,y:17,l:1,w:5},{x:29,y:22,l:5,w:1},{x:12,y:17,l:1,w:3},],
----------------------- 3 ---------------------------
canvasWidth:30,
canvasHeight:30,
data:[{x:0,y:0,l:7,w:6},{x:0,y:7,l:6,w:6},{x:6,y:0,l:7,w:5},{x:11,y:0,l:7,w:5},{x:16,y:0,l:7,w:5},{x:6,y:7,l:4,w:8},{x:28,y:7,l:6,w:2},{x:25,y:0,l:5,w:5},{x:10,y:13,l:5,w:5},{x:0,y:13,l:4,w:6},{x:0,y:17,l:4,w:6},{x:6,y:11,l:6,w:4},{x:14,y:7,l:4,w:5},{x:19,y:7,l:4,w:5},{x:6,y:17,l:5,w:4},{x:6,y:22,l:5,w:4},{x:0,y:21,l:9,w:2},{x:20,y:11,l:2,w:8},{x:24,y:7,l:4,w:4},{x:15,y:13,l:6,w:2},{x:21,y:0,l:7,w:4},{x:17,y:13,l:6,w:2},{x:25,y:5,l:2,w:5},{x:15,y:11,l:2,w:5},{x:10,y:11,l:2,w:5},{x:10,y:18,l:2,w:5},{x:3,y:23,l:5,w:2},{x:21,y:13,l:5,w:2},{x:23,y:13,l:5,w:2},{x:2,y:21,l:9,w:1},{x:3,y:21,l:2,w:3},{x:19,y:13,l:6,w:1},{x:20,y:13,l:6,w:1},{x:3,y:28,l:2,w:2},{x:5,y:23,l:4,w:1},{x:25,y:13,l:2,w:1},{x:26,y:13,l:2,w:1},],
