====================================== Class_06.2bp-37 =====================================
Reduced size: 80 usedBin: 0
[0, 1, 2, 3, 5, 8, 9, 16, 21, 26, 32, 39, 43, 49, 52, 53, 54, 56, 59, 60, 64, 66, 69, 72, 76]
[4, 6, 7, 10, 11, 13, 14, 19, 20, 22, 34, 37, 40, 44, 46, 48, 50, 58, 61, 63, 71, 74, 79]
[12, 15, 17, 18, 23, 24, 25, 27, 28, 29, 30, 31, 33, 35, 36, 38, 41, 42, 45, 47, 51, 55, 57, 62, 65, 67, 68, 70, 73, 75, 77, 78]
canvasWidth:300,
canvasHeight:300,
data:[{x:0,y:0,l:100,w:95},{x:95,y:0,l:100,w:90},{x:185,y:0,l:90,w:97},{x:0,y:100,l:88,w:99},{x:99,y:100,l:99,w:78},{x:185,y:90,l:70,w:97},{x:99,y:199,l:83,w:78},{x:0,y:220,l:80,w:59},{x:177,y:160,l:44,w:80},{x:0,y:188,l:32,w:99},{x:59,y:220,l:71,w:40},{x:231,y:265,l:31,w:69},{x:177,y:204,l:78,w:25},{x:202,y:204,l:27,w:55},{x:282,y:0,l:76,w:18},{x:202,y:231,l:19,w:68},{x:282,y:84,l:65,w:17},{x:257,y:171,l:43,w:21},{x:279,y:188,l:38,w:21},{x:202,y:250,l:15,w:53},{x:99,y:282,l:9,w:68},{x:289,y:149,l:39,w:11},{x:177,y:100,l:55,w:6},{x:257,y:160,l:11,w:21},{x:282,y:76,l:8,w:16},],
canvasWidth:300,
canvasHeight:300,
data:[{x:0,y:0,l:87,w:96},{x:96,y:0,l:93,w:82},{x:178,y:0,l:90,w:77},{x:0,y:185,l:82,w:76},{x:178,y:90,l:78,w:77},{x:96,y:93,l:92,w:60},{x:0,y:87,l:57,w:96},{x:76,y:185,l:82,w:52},{x:0,y:144,l:41,w:96},{x:178,y:168,l:44,w:77},{x:265,y:185,l:76,w:35},{x:255,y:68,l:67,w:37},{x:236,y:212,l:72,w:29},{x:178,y:212,l:44,w:44},{x:156,y:93,l:83,w:22},{x:255,y:135,l:50,w:30},{x:128,y:185,l:54,w:27},{x:255,y:38,l:30,w:28},{x:255,y:17,l:21,w:37},{x:156,y:176,l:1,w:22},{x:255,y:0,l:17,w:41},{x:175,y:177,l:79,w:3},{x:156,y:177,l:8,w:19},],
canvasWidth:300,
canvasHeight:300,
data:[{x:0,y:0,l:63,w:95},{x:95,y:0,l:53,w:94},{x:206,y:0,l:76,w:62},{x:95,y:53,l:68,w:69},{x:206,y:76,l:54,w:62},{x:246,y:205,l:61,w:54},{x:69,y:121,l:49,w:67},{x:0,y:72,l:39,w:81},{x:142,y:168,l:48,w:65},{x:136,y:121,l:47,w:65},{x:89,y:170,l:56,w:53},{x:0,y:111,l:43,w:69},{x:268,y:0,l:84,w:32},{x:0,y:214,l:49,w:52},{x:0,y:154,l:38,w:67},{x:207,y:149,l:61,w:39},{x:269,y:93,l:67,w:31},{x:164,y:53,l:68,w:30},{x:207,y:210,l:49,w:39},{x:246,y:130,l:75,w:23},{x:269,y:160,l:45,w:31},{x:0,y:192,l:22,w:48},{x:189,y:0,l:53,w:17},{x:0,y:65,l:7,w:62},{x:88,y:63,l:58,w:7},{x:201,y:83,l:74,w:5},{x:196,y:53,l:30,w:9},{x:268,y:84,l:7,w:31},{x:194,y:53,l:68,w:2},{x:0,y:63,l:2,w:51},{x:268,y:91,l:2,w:23},{x:206,y:130,l:19,w:39},],
Best fit used bin number: 3
Found best solution: 3 0.063

   Statrt add columnAndCut col: 3 cons: 0 cut: 0	0.141

	1 Start Add column using column generation  col: 3 cons: 0 cut: 0	0.141
			Start solve  LP :0.141
			End solve LP obj: 3.0 t: 0
	1 End Add column using column generation : 3.0 col: 3 cons: 0 cut: 0	0.141
   End add columnAndCut : 3.0 colGencnt: 1 price: 0 col: 3 cons: 0 cut: 0	0.141

Node lb: 3.0 ub: 3 : 0.141

Final Found Solution: 3 genNode: 1 extendedNode: 0:0.141
Bin size: 90000
1 : 9500,9000,8730,8712,7722,6790,6474,4720,3520,3168,2840,2139,1950,1485,1368,1292,1105,903,798,795,612,429,330,231,128, : 84741
2 : 8352,7626,6930,6232,6006,5520,5472,4264,3936,3388,2660,2479,2088,1936,1826,1500,1458,840,777,697,237,152,22, : 74398
3 : 5985,4982,4712,4692,3348,3294,3283,3159,3120,3055,2968,2967,2688,2548,2546,2379,2077,2040,1911,1725,1395,1056,901,741,434,406,370,270,217,136,102,46, : 69553
----------------------- 1 ---------------------------
canvasWidth:300,
canvasHeight:300,
data:[{x:0,y:0,l:100,w:95},{x:95,y:0,l:100,w:90},{x:185,y:0,l:90,w:97},{x:0,y:100,l:88,w:99},{x:99,y:100,l:99,w:78},{x:185,y:90,l:70,w:97},{x:99,y:199,l:83,w:78},{x:0,y:220,l:80,w:59},{x:177,y:160,l:44,w:80},{x:0,y:188,l:32,w:99},{x:59,y:220,l:71,w:40},{x:231,y:265,l:31,w:69},{x:177,y:204,l:78,w:25},{x:202,y:204,l:27,w:55},{x:282,y:0,l:76,w:18},{x:202,y:231,l:19,w:68},{x:282,y:84,l:65,w:17},{x:257,y:171,l:43,w:21},{x:279,y:188,l:38,w:21},{x:202,y:250,l:15,w:53},{x:99,y:282,l:9,w:68},{x:289,y:149,l:39,w:11},{x:177,y:100,l:55,w:6},{x:257,y:160,l:11,w:21},{x:282,y:76,l:8,w:16},],
----------------------- 2 ---------------------------
canvasWidth:300,
canvasHeight:300,
data:[{x:0,y:0,l:87,w:96},{x:96,y:0,l:93,w:82},{x:178,y:0,l:90,w:77},{x:0,y:185,l:82,w:76},{x:178,y:90,l:78,w:77},{x:96,y:93,l:92,w:60},{x:0,y:87,l:57,w:96},{x:76,y:185,l:82,w:52},{x:0,y:144,l:41,w:96},{x:178,y:168,l:44,w:77},{x:265,y:185,l:76,w:35},{x:255,y:68,l:67,w:37},{x:236,y:212,l:72,w:29},{x:178,y:212,l:44,w:44},{x:156,y:93,l:83,w:22},{x:255,y:135,l:50,w:30},{x:128,y:185,l:54,w:27},{x:255,y:38,l:30,w:28},{x:255,y:17,l:21,w:37},{x:156,y:176,l:1,w:22},{x:255,y:0,l:17,w:41},{x:175,y:177,l:79,w:3},{x:156,y:177,l:8,w:19},],
----------------------- 3 ---------------------------
canvasWidth:300,
canvasHeight:300,
data:[{x:0,y:0,l:63,w:95},{x:95,y:0,l:53,w:94},{x:206,y:0,l:76,w:62},{x:95,y:53,l:68,w:69},{x:206,y:76,l:54,w:62},{x:246,y:205,l:61,w:54},{x:69,y:121,l:49,w:67},{x:0,y:72,l:39,w:81},{x:142,y:168,l:48,w:65},{x:136,y:121,l:47,w:65},{x:89,y:170,l:56,w:53},{x:0,y:111,l:43,w:69},{x:268,y:0,l:84,w:32},{x:0,y:214,l:49,w:52},{x:0,y:154,l:38,w:67},{x:207,y:149,l:61,w:39},{x:269,y:93,l:67,w:31},{x:164,y:53,l:68,w:30},{x:207,y:210,l:49,w:39},{x:246,y:130,l:75,w:23},{x:269,y:160,l:45,w:31},{x:0,y:192,l:22,w:48},{x:189,y:0,l:53,w:17},{x:0,y:65,l:7,w:62},{x:88,y:63,l:58,w:7},{x:201,y:83,l:74,w:5},{x:196,y:53,l:30,w:9},{x:268,y:84,l:7,w:31},{x:194,y:53,l:68,w:2},{x:0,y:63,l:2,w:51},{x:268,y:91,l:2,w:23},{x:206,y:130,l:19,w:39},],
