====================================== Class_10.2bp-35 =====================================
Reduced size: 80 usedBin: 0
[0, 68, 69, 78]
[1, 25, 58, 63, 77, 79]
[3, 27, 33, 35]
[2, 43, 50, 56, 59, 65, 67, 73]
[4, 28, 34, 36, 48, 51, 74, 75, 76]
[5, 10, 45, 60]
[6, 26, 30, 32, 38]
[7, 17, 21, 31, 41]
[9, 18, 29, 37, 39, 49, 62]
[11, 14, 16, 46, 57, 61]
[12, 13, 22, 47, 64, 72]
[8, 15, 53, 54, 66, 70, 71]
[19, 20, 23, 24, 40, 42, 44, 52, 55]
canvasWidth:100,
canvasHeight:100,
data:[{x:0,y:0,l:91,w:94},{x:94,y:0,l:24,w:6},{x:94,y:24,l:35,w:3},{x:0,y:91,l:5,w:7},],
canvasWidth:100,
canvasHeight:100,
data:[{x:0,y:0,l:92,w:83},{x:83,y:0,l:90,w:14},{x:0,y:92,l:8,w:49},{x:49,y:92,l:8,w:31},{x:83,y:90,l:3,w:12},{x:97,y:0,l:5,w:3},],
canvasWidth:100,
canvasHeight:100,
data:[{x:0,y:0,l:68,w:85},{x:0,y:68,l:31,w:38},{x:88,y:0,l:86,w:12},{x:38,y:68,l:31,w:32},],
canvasWidth:100,
canvasHeight:100,
data:[{x:0,y:0,l:84,w:82},{x:0,y:84,l:16,w:42},{x:82,y:0,l:35,w:16},{x:42,y:84,l:16,w:25},{x:82,y:35,l:32,w:12},{x:94,y:35,l:47,w:4},{x:82,y:67,l:32,w:5},{x:98,y:0,l:31,w:2},],
canvasWidth:100,
canvasHeight:100,
data:[{x:0,y:0,l:80,w:69},{x:69,y:19,l:38,w:29},{x:0,y:80,l:20,w:50},{x:50,y:81,l:19,w:47},{x:69,y:0,l:19,w:31},{x:69,y:57,l:19,w:29},{x:98,y:19,l:30,w:2},{x:69,y:76,l:2,w:29},{x:98,y:49,l:38,w:1},],
canvasWidth:100,
canvasHeight:100,
data:[{x:0,y:0,l:59,w:87},{x:0,y:59,l:41,w:91},{x:87,y:0,l:50,w:13},{x:91,y:61,l:39,w:9},],
canvasWidth:100,
canvasHeight:100,
data:[{x:0,y:0,l:73,w:70},{x:0,y:73,l:27,w:44},{x:44,y:79,l:21,w:50},{x:70,y:0,l:45,w:23},{x:70,y:48,l:31,w:28},],
canvasWidth:100,
canvasHeight:100,
data:[{x:0,y:0,l:61,w:78},{x:0,y:61,l:39,w:49},{x:78,y:33,l:67,w:22},{x:49,y:61,l:36,w:29},{x:78,y:0,l:33,w:22},],
canvasWidth:100,
canvasHeight:100,
data:[{x:0,y:0,l:83,w:51},{x:63,y:18,l:49,w:37},{x:63,y:67,l:29,w:37},{x:0,y:83,l:17,w:19},{x:51,y:21,l:66,w:12},{x:19,y:87,l:13,w:44},{x:51,y:0,l:18,w:49},],
canvasWidth:100,
canvasHeight:100,
data:[{x:62,y:0,l:77,w:38},{x:0,y:55,l:45,w:14},{x:14,y:55,l:45,w:48},{x:0,y:0,l:55,w:62},{x:62,y:77,l:21,w:19},{x:81,y:77,l:18,w:19},],
canvasWidth:100,
canvasHeight:100,
data:[{x:0,y:0,l:59,w:57},{x:0,y:59,l:36,w:91},{x:57,y:0,l:34,w:42},{x:57,y:34,l:18,w:35},{x:57,y:52,l:7,w:27},{x:0,y:95,l:4,w:16},],
canvasWidth:100,
canvasHeight:100,
data:[{x:0,y:0,l:50,w:92},{x:0,y:50,l:33,w:88},{x:0,y:83,l:11,w:48},{x:48,y:83,l:13,w:40},{x:92,y:0,l:22,w:8},{x:0,y:94,l:4,w:22},{x:92,y:22,l:39,w:2},],
canvasWidth:100,
canvasHeight:100,
data:[{x:0,y:0,l:88,w:20},{x:20,y:0,l:47,w:33},{x:20,y:47,l:43,w:32},{x:53,y:0,l:40,w:33},{x:73,y:40,l:28,w:27},{x:53,y:40,l:37,w:19},{x:52,y:77,l:23,w:29},{x:81,y:68,l:28,w:19},{x:4,y:90,l:10,w:48},],
Best fit used bin number: 13
Found best solution: 13 0.063

   Statrt add columnAndCut col: 13 cons: 0 cut: 0	0.141

	1 Start Add column using column generation  col: 13 cons: 0 cut: 0	0.141
			Start solve  LP :0.141
			End solve LP obj: 13.0 t: 0
	1 End Add column using column generation : 13.0 col: 13 cons: 0 cut: 0	0.141
   End add columnAndCut : 13.0 colGencnt: 1 price: 0 col: 13 cons: 0 cut: 0	0.141

Node lb: 13.0 ub: 13 : 0.141

Final Found Solution: 13 genNode: 1 extendedNode: 0:0.141
Bin size: 10000
1 : 8554,144,105,35, : 8838
2 : 7636,1260,392,248,36,15, : 9587
3 : 5780,1178,1032,992, : 8982
4 : 6888,672,560,400,384,188,160,62, : 9314
5 : 5520,1102,1000,893,589,551,60,58,38, : 9811
6 : 5133,3731,650,351, : 9865
7 : 5110,1188,1050,1035,868, : 9251
8 : 4758,1911,1474,1044,726, : 9913
9 : 4233,1813,1073,882,792,572,323, : 9688
10 : 3410,2926,2160,630,399,342, : 9867
11 : 3363,3276,1428,630,189,64, : 8950
12 : 4600,2904,528,520,176,88,78, : 8894
13 : 1760,1551,1376,1320,756,703,667,532,480, : 9145
----------------------- 1 ---------------------------
canvasWidth:100,
canvasHeight:100,
data:[{x:0,y:0,l:91,w:94},{x:94,y:0,l:24,w:6},{x:94,y:24,l:35,w:3},{x:0,y:91,l:5,w:7},],
----------------------- 2 ---------------------------
canvasWidth:100,
canvasHeight:100,
data:[{x:0,y:0,l:92,w:83},{x:83,y:0,l:90,w:14},{x:0,y:92,l:8,w:49},{x:49,y:92,l:8,w:31},{x:83,y:90,l:3,w:12},{x:97,y:0,l:5,w:3},],
----------------------- 3 ---------------------------
canvasWidth:100,
canvasHeight:100,
data:[{x:0,y:0,l:68,w:85},{x:0,y:68,l:31,w:38},{x:88,y:0,l:86,w:12},{x:38,y:68,l:31,w:32},],
----------------------- 4 ---------------------------
canvasWidth:100,
canvasHeight:100,
data:[{x:0,y:0,l:84,w:82},{x:0,y:84,l:16,w:42},{x:82,y:0,l:35,w:16},{x:42,y:84,l:16,w:25},{x:82,y:35,l:32,w:12},{x:94,y:35,l:47,w:4},{x:82,y:67,l:32,w:5},{x:98,y:0,l:31,w:2},],
----------------------- 5 ---------------------------
canvasWidth:100,
canvasHeight:100,
data:[{x:0,y:0,l:80,w:69},{x:69,y:19,l:38,w:29},{x:0,y:80,l:20,w:50},{x:50,y:81,l:19,w:47},{x:69,y:0,l:19,w:31},{x:69,y:57,l:19,w:29},{x:98,y:19,l:30,w:2},{x:69,y:76,l:2,w:29},{x:98,y:49,l:38,w:1},],
----------------------- 6 ---------------------------
canvasWidth:100,
canvasHeight:100,
data:[{x:0,y:0,l:59,w:87},{x:0,y:59,l:41,w:91},{x:87,y:0,l:50,w:13},{x:91,y:61,l:39,w:9},],
----------------------- 7 ---------------------------
canvasWidth:100,
canvasHeight:100,
data:[{x:0,y:0,l:73,w:70},{x:0,y:73,l:27,w:44},{x:44,y:79,l:21,w:50},{x:70,y:0,l:45,w:23},{x:70,y:48,l:31,w:28},],
----------------------- 8 ---------------------------
canvasWidth:100,
canvasHeight:100,
data:[{x:0,y:0,l:61,w:78},{x:0,y:61,l:39,w:49},{x:78,y:33,l:67,w:22},{x:49,y:61,l:36,w:29},{x:78,y:0,l:33,w:22},],
----------------------- 9 ---------------------------
canvasWidth:100,
canvasHeight:100,
data:[{x:0,y:0,l:83,w:51},{x:63,y:18,l:49,w:37},{x:63,y:67,l:29,w:37},{x:0,y:83,l:17,w:19},{x:51,y:21,l:66,w:12},{x:19,y:87,l:13,w:44},{x:51,y:0,l:18,w:49},],
----------------------- 10 ---------------------------
canvasWidth:100,
canvasHeight:100,
data:[{x:62,y:0,l:77,w:38},{x:0,y:55,l:45,w:14},{x:14,y:55,l:45,w:48},{x:0,y:0,l:55,w:62},{x:62,y:77,l:21,w:19},{x:81,y:77,l:18,w:19},],
----------------------- 11 ---------------------------
canvasWidth:100,
canvasHeight:100,
data:[{x:0,y:0,l:59,w:57},{x:0,y:59,l:36,w:91},{x:57,y:0,l:34,w:42},{x:57,y:34,l:18,w:35},{x:57,y:52,l:7,w:27},{x:0,y:95,l:4,w:16},],
----------------------- 12 ---------------------------
canvasWidth:100,
canvasHeight:100,
data:[{x:0,y:0,l:50,w:92},{x:0,y:50,l:33,w:88},{x:0,y:83,l:11,w:48},{x:48,y:83,l:13,w:40},{x:92,y:0,l:22,w:8},{x:0,y:94,l:4,w:22},{x:92,y:22,l:39,w:2},],
----------------------- 13 ---------------------------
canvasWidth:100,
canvasHeight:100,
data:[{x:0,y:0,l:88,w:20},{x:20,y:0,l:47,w:33},{x:20,y:47,l:43,w:32},{x:53,y:0,l:40,w:33},{x:73,y:40,l:28,w:27},{x:53,y:40,l:37,w:19},{x:52,y:77,l:23,w:29},{x:81,y:68,l:28,w:19},{x:4,y:90,l:10,w:48},],
