====================================== Class_06.2bp-8 =====================================
Reduced size: 20 usedBin: 0
E:\WSKH\2DBPP\NonGuillotine\initSolution\6_9.pack
[0, 1, 2, 3, 4, 5, 6, 7, 8, 9, 10, 11, 12, 13, 14, 15, 16, 17, 18, 19]
canvasWidth:300,
canvasHeight:300,
data:[{x:0,y:0,l:73,w:89},{x:114,y:0,l:64,w:85},{x:199,y:0,l:70,w:75},{x:0,y:73,l:55,w:90},{x:114,y:64,l:59,w:78},{x:287,y:0,l:89,w:13},{x:90,y:123,l:32,w:97},{x:0,y:128,l:87,w:29},{x:29,y:128,l:36,w:61},{x:77,y:175,l:57,w:37},{x:29,y:164,l:42,w:48},{x:90,y:155,l:20,w:97},{x:0,y:215,l:53,w:36},{x:89,y:0,l:73,w:25},{x:244,y:70,l:97,w:43},{x:196,y:70,l:35,w:30},{x:36,y:216,l:25,w:36},{x:90,y:73,l:45,w:13},{x:38,y:206,l:10,w:39},{x:192,y:64,l:39,w:4},],
Best fit used bin number: 1
Found best solution: 1 0.078

   Statrt add columnAndCut col: 1 cons: 0 cut: 0	0.156

	1 Start Add column using column generation  col: 1 cons: 0 cut: 0	0.156
			Start solve  LP :0.156
			End solve LP obj: 1.0 t: 0
	1 End Add column using column generation : 1.0 col: 1 cons: 0 cut: 0	0.156
   End add columnAndCut : 1.0 colGencnt: 1 price: 0 col: 1 cons: 0 cut: 0	0.156

Node lb: 1.0 ub: 1 : 0.156

Final Found Solution: 1 genNode: 1 extendedNode: 0:0.156
Bin size: 90000
1 : 6497,5440,5250,4950,4602,4171,3104,2523,2196,2109,2016,1940,1908,1825,1157,1050,900,585,390,156, : 52769
----------------------- 1 ---------------------------
canvasWidth:300,
canvasHeight:300,
data:[{x:0,y:0,l:73,w:89},{x:114,y:0,l:64,w:85},{x:199,y:0,l:70,w:75},{x:0,y:73,l:55,w:90},{x:114,y:64,l:59,w:78},{x:287,y:0,l:89,w:13},{x:90,y:123,l:32,w:97},{x:0,y:128,l:87,w:29},{x:29,y:128,l:36,w:61},{x:77,y:175,l:57,w:37},{x:29,y:164,l:42,w:48},{x:90,y:155,l:20,w:97},{x:0,y:215,l:53,w:36},{x:89,y:0,l:73,w:25},{x:244,y:70,l:97,w:43},{x:196,y:70,l:35,w:30},{x:36,y:216,l:25,w:36},{x:90,y:73,l:45,w:13},{x:38,y:206,l:10,w:39},{x:192,y:64,l:39,w:4},],
