====================================== Class_07.2bp-28 =====================================
Reduced size: 60 usedBin: 0
[0]
[1, 25, 47, 53]
[2, 34, 35, 40]
[3, 26, 31, 42]
[19, 20, 29, 33, 44, 48]
[6, 8, 55, 59]
[14, 17, 18, 50, 56]
[5, 16, 32]
[21, 22, 23, 41, 45, 51]
[4, 15, 52, 58]
[12, 24, 30, 36, 49]
[13, 27, 28, 43, 46, 54]
[7, 9, 37]
[10, 11, 38, 39, 57]
canvasWidth:100,
canvasHeight:100,
data:[{x:0,y:0,l:96,w:99},],
canvasWidth:100,
canvasHeight:100,
data:[{x:0,y:0,l:70,w:84},{x:0,y:70,l:28,w:71},{x:84,y:0,l:75,w:9},{x:93,y:0,l:67,w:7},],
canvasWidth:100,
canvasHeight:100,
data:[{x:0,y:0,l:81,w:64},{x:64,y:0,l:69,w:20},{x:0,y:81,l:19,w:72},{x:84,y:0,l:69,w:15},],
canvasWidth:100,
canvasHeight:100,
data:[{x:0,y:0,l:76,w:64},{x:78,y:0,l:81,w:22},{x:0,y:81,l:16,w:100},{x:64,y:0,l:71,w:14},],
canvasWidth:100,
canvasHeight:100,
data:[{x:0,y:0,l:32,w:73},{x:0,y:32,l:68,w:35},{x:73,y:0,l:89,w:19},{x:35,y:32,l:66,w:23},{x:58,y:32,l:67,w:13},{x:92,y:0,l:87,w:7},],
canvasWidth:100,
canvasHeight:100,
data:[{x:0,y:0,l:91,w:49},{x:49,y:0,l:80,w:49},{x:0,y:91,l:8,w:46},{x:98,y:0,l:91,w:1},],
canvasWidth:100,
canvasHeight:100,
data:[{x:0,y:0,l:37,w:86},{x:0,y:37,l:36,w:81},{x:0,y:75,l:25,w:99},{x:86,y:0,l:37,w:14},{x:81,y:37,l:35,w:10},],
canvasWidth:100,
canvasHeight:100,
data:[{x:0,y:0,l:85,w:36},{x:52,y:0,l:100,w:48},{x:36,y:0,l:100,w:16},],
canvasWidth:100,
canvasHeight:100,
data:[{x:0,y:0,l:75,w:31},{x:31,y:0,l:74,w:31},{x:69,y:0,l:70,w:31},{x:0,y:89,l:11,w:92},{x:0,y:75,l:12,w:72},{x:62,y:0,l:73,w:7},],
canvasWidth:100,
canvasHeight:100,
data:[{x:0,y:0,l:98,w:49},{x:49,y:0,l:84,w:37},{x:86,y:0,l:45,w:11},{x:97,y:0,l:80,w:3},],
canvasWidth:100,
canvasHeight:100,
data:[{x:0,y:0,l:98,w:33},{x:51,y:0,l:83,w:25},{x:33,y:0,l:90,w:18},{x:83,y:0,l:75,w:17},{x:76,y:0,l:79,w:7},],
canvasWidth:100,
canvasHeight:100,
data:[{x:41,y:0,l:87,w:37},{x:78,y:0,l:80,w:22},{x:4,y:0,l:94,w:18},{x:22,y:0,l:93,w:10},{x:32,y:0,l:92,w:9},{x:0,y:0,l:98,w:4},],
canvasWidth:100,
canvasHeight:100,
data:[{x:35,y:0,l:88,w:50},{x:0,y:0,l:96,w:35},{x:85,y:0,l:78,w:15},],
canvasWidth:100,
canvasHeight:100,
data:[{x:0,y:0,l:88,w:37},{x:37,y:0,l:94,w:35},{x:72,y:0,l:100,w:11},{x:83,y:0,l:81,w:13},{x:96,y:0,l:73,w:4},],
Best fit used bin number: 14
Found best solution: 14 0.063

   Statrt add columnAndCut col: 14 cons: 0 cut: 0	0.141

	1 Start Add column using column generation  col: 14 cons: 0 cut: 0	0.141
			Start solve  LP :0.141
			End solve LP obj: 14.0 t: 0
	1 End Add column using column generation : 14.0 col: 14 cons: 0 cut: 0	0.141
   End add columnAndCut : 14.0 colGencnt: 1 price: 0 col: 14 cons: 0 cut: 0	0.141

Node lb: 14.0 ub: 14 : 0.141

Final Found Solution: 14 genNode: 1 extendedNode: 0:0.141
Bin size: 10000
1 : 9504, : 9504
2 : 5880,1988,675,469, : 9012
3 : 5184,1380,1368,1035, : 8967
4 : 4864,1782,1600,994, : 9240
5 : 2380,2336,1691,1518,871,609, : 9405
6 : 4459,3920,368,91, : 8838
7 : 3182,2916,2475,518,350, : 9441
8 : 4800,3060,1600, : 9460
9 : 2325,2294,2170,1012,864,511, : 9176
10 : 4802,3108,495,240, : 8645
11 : 3234,2075,1620,1275,553, : 8757
12 : 3219,1760,1692,930,828,392, : 8821
13 : 4400,3360,1170, : 8930
14 : 3290,3256,1100,1053,292, : 8991
----------------------- 1 ---------------------------
canvasWidth:100,
canvasHeight:100,
data:[{x:0,y:0,l:96,w:99},],
----------------------- 2 ---------------------------
canvasWidth:100,
canvasHeight:100,
data:[{x:0,y:0,l:70,w:84},{x:0,y:70,l:28,w:71},{x:84,y:0,l:75,w:9},{x:93,y:0,l:67,w:7},],
----------------------- 3 ---------------------------
canvasWidth:100,
canvasHeight:100,
data:[{x:0,y:0,l:81,w:64},{x:64,y:0,l:69,w:20},{x:0,y:81,l:19,w:72},{x:84,y:0,l:69,w:15},],
----------------------- 4 ---------------------------
canvasWidth:100,
canvasHeight:100,
data:[{x:0,y:0,l:76,w:64},{x:78,y:0,l:81,w:22},{x:0,y:81,l:16,w:100},{x:64,y:0,l:71,w:14},],
----------------------- 5 ---------------------------
canvasWidth:100,
canvasHeight:100,
data:[{x:0,y:0,l:32,w:73},{x:0,y:32,l:68,w:35},{x:73,y:0,l:89,w:19},{x:35,y:32,l:66,w:23},{x:58,y:32,l:67,w:13},{x:92,y:0,l:87,w:7},],
----------------------- 6 ---------------------------
canvasWidth:100,
canvasHeight:100,
data:[{x:0,y:0,l:91,w:49},{x:49,y:0,l:80,w:49},{x:0,y:91,l:8,w:46},{x:98,y:0,l:91,w:1},],
----------------------- 7 ---------------------------
canvasWidth:100,
canvasHeight:100,
data:[{x:0,y:0,l:37,w:86},{x:0,y:37,l:36,w:81},{x:0,y:75,l:25,w:99},{x:86,y:0,l:37,w:14},{x:81,y:37,l:35,w:10},],
----------------------- 8 ---------------------------
canvasWidth:100,
canvasHeight:100,
data:[{x:0,y:0,l:85,w:36},{x:52,y:0,l:100,w:48},{x:36,y:0,l:100,w:16},],
----------------------- 9 ---------------------------
canvasWidth:100,
canvasHeight:100,
data:[{x:0,y:0,l:75,w:31},{x:31,y:0,l:74,w:31},{x:69,y:0,l:70,w:31},{x:0,y:89,l:11,w:92},{x:0,y:75,l:12,w:72},{x:62,y:0,l:73,w:7},],
----------------------- 10 ---------------------------
canvasWidth:100,
canvasHeight:100,
data:[{x:0,y:0,l:98,w:49},{x:49,y:0,l:84,w:37},{x:86,y:0,l:45,w:11},{x:97,y:0,l:80,w:3},],
----------------------- 11 ---------------------------
canvasWidth:100,
canvasHeight:100,
data:[{x:0,y:0,l:98,w:33},{x:51,y:0,l:83,w:25},{x:33,y:0,l:90,w:18},{x:83,y:0,l:75,w:17},{x:76,y:0,l:79,w:7},],
----------------------- 12 ---------------------------
canvasWidth:100,
canvasHeight:100,
data:[{x:41,y:0,l:87,w:37},{x:78,y:0,l:80,w:22},{x:4,y:0,l:94,w:18},{x:22,y:0,l:93,w:10},{x:32,y:0,l:92,w:9},{x:0,y:0,l:98,w:4},],
----------------------- 13 ---------------------------
canvasWidth:100,
canvasHeight:100,
data:[{x:35,y:0,l:88,w:50},{x:0,y:0,l:96,w:35},{x:85,y:0,l:78,w:15},],
----------------------- 14 ---------------------------
canvasWidth:100,
canvasHeight:100,
data:[{x:0,y:0,l:88,w:37},{x:37,y:0,l:94,w:35},{x:72,y:0,l:100,w:11},{x:83,y:0,l:81,w:13},{x:96,y:0,l:73,w:4},],
