====================================== Class_01.2bp-18 =====================================
Reduced size: 40 usedBin: 0
E:\WSKH\2DBPP\NonGuillotine\initSolution\1_19.pack
[0, 19, 30]
[1, 14, 33]
[2, 12]
[7, 10, 24]
[3, 6, 36]
[9, 17, 21, 23]
[13, 16, 22, 27, 35, 39]
[11, 15, 29, 32, 34, 37, 38]
[20, 25, 26, 28, 31]
[4, 5]
[8, 18]
canvasWidth:10,
canvasHeight:10,
data:[{x:0,y:0,l:8,w:8},{x:8,y:0,l:10,w:2},{x:2,y:8,l:2,w:6},],
canvasWidth:10,
canvasHeight:10,
data:[{x:0,y:0,l:9,w:7},{x:7,y:0,l:9,w:3},{x:0,y:9,l:1,w:10},],
canvasWidth:10,
canvasHeight:10,
data:[{x:0,y:7,l:3,w:10},{x:0,y:0,l:7,w:8},],
canvasWidth:10,
canvasHeight:10,
data:[{x:0,y:6,l:4,w:10},{x:7,y:0,l:6,w:3},{x:0,y:0,l:6,w:7},],
canvasWidth:10,
canvasHeight:10,
data:[{x:0,y:0,l:5,w:10},{x:1,y:5,l:5,w:9},{x:0,y:5,l:5,w:1},],
canvasWidth:10,
canvasHeight:10,
data:[{x:4,y:6,l:4,w:6},{x:0,y:0,l:10,w:4},{x:4,y:3,l:3,w:6},{x:4,y:0,l:3,w:6},],
canvasWidth:10,
canvasHeight:10,
data:[{x:0,y:0,l:8,w:3},{x:3,y:0,l:7,w:4},{x:8,y:1,l:9,w:2},{x:3,y:7,l:3,w:5},{x:0,y:8,l:2,w:3},{x:7,y:0,l:1,w:3},],
canvasWidth:10,
canvasHeight:10,
data:[{x:0,y:4,l:5,w:7},{x:0,y:1,l:3,w:9},{x:7,y:4,l:6,w:2},{x:9,y:0,l:10,w:1},{x:0,y:0,l:1,w:9},{x:3,y:9,l:1,w:4},{x:0,y:9,l:1,w:3},],
canvasWidth:10,
canvasHeight:10,
data:[{x:0,y:0,l:4,w:4},{x:0,y:6,l:4,w:5},{x:8,y:0,l:8,w:2},{x:0,y:4,l:2,w:7},{x:4,y:0,l:4,w:3},],
canvasWidth:10,
canvasHeight:10,
data:[{x:0,y:0,l:9,w:5},{x:5,y:0,l:9,w:5},],
canvasWidth:10,
canvasHeight:10,
data:[{x:0,y:0,l:8,w:5},{x:5,y:0,l:8,w:3},],
Best fit used bin number: 11
Found best solution: 11 0.063

   Statrt add columnAndCut col: 11 cons: 0 cut: 0	0.141

	1 Start Add column using column generation  col: 11 cons: 0 cut: 0	0.141
			Start solve  LP :0.141
			End solve LP obj: 11.0 t: 0
	1 End Add column using column generation : 11.0 col: 11 cons: 0 cut: 0	0.141
   End add columnAndCut : 11.0 colGencnt: 1 price: 0 col: 11 cons: 0 cut: 0	0.141

Node lb: 11.0 ub: 11 : 0.141

Final Found Solution: 11 genNode: 1 extendedNode: 0:0.141
Bin size: 100
1 : 64,20,12, : 96
2 : 63,27,10, : 100
3 : 56,30, : 86
4 : 42,40,18, : 100
5 : 50,45,5, : 100
6 : 40,24,18,18, : 100
7 : 28,24,18,15,6,3, : 94
8 : 35,27,12,10,9,4,3, : 100
9 : 20,16,16,14,12, : 78
10 : 45,45, : 90
11 : 40,24, : 64
----------------------- 1 ---------------------------
canvasWidth:10,
canvasHeight:10,
data:[{x:0,y:0,l:8,w:8},{x:8,y:0,l:10,w:2},{x:2,y:8,l:2,w:6},],
----------------------- 2 ---------------------------
canvasWidth:10,
canvasHeight:10,
data:[{x:0,y:0,l:9,w:7},{x:7,y:0,l:9,w:3},{x:0,y:9,l:1,w:10},],
----------------------- 3 ---------------------------
canvasWidth:10,
canvasHeight:10,
data:[{x:0,y:7,l:3,w:10},{x:0,y:0,l:7,w:8},],
----------------------- 4 ---------------------------
canvasWidth:10,
canvasHeight:10,
data:[{x:0,y:6,l:4,w:10},{x:7,y:0,l:6,w:3},{x:0,y:0,l:6,w:7},],
----------------------- 5 ---------------------------
canvasWidth:10,
canvasHeight:10,
data:[{x:0,y:0,l:5,w:10},{x:1,y:5,l:5,w:9},{x:0,y:5,l:5,w:1},],
----------------------- 6 ---------------------------
canvasWidth:10,
canvasHeight:10,
data:[{x:4,y:6,l:4,w:6},{x:0,y:0,l:10,w:4},{x:4,y:3,l:3,w:6},{x:4,y:0,l:3,w:6},],
----------------------- 7 ---------------------------
canvasWidth:10,
canvasHeight:10,
data:[{x:0,y:0,l:8,w:3},{x:3,y:0,l:7,w:4},{x:8,y:1,l:9,w:2},{x:3,y:7,l:3,w:5},{x:0,y:8,l:2,w:3},{x:7,y:0,l:1,w:3},],
----------------------- 8 ---------------------------
canvasWidth:10,
canvasHeight:10,
data:[{x:0,y:4,l:5,w:7},{x:0,y:1,l:3,w:9},{x:7,y:4,l:6,w:2},{x:9,y:0,l:10,w:1},{x:0,y:0,l:1,w:9},{x:3,y:9,l:1,w:4},{x:0,y:9,l:1,w:3},],
----------------------- 9 ---------------------------
canvasWidth:10,
canvasHeight:10,
data:[{x:0,y:0,l:4,w:4},{x:0,y:6,l:4,w:5},{x:8,y:0,l:8,w:2},{x:0,y:4,l:2,w:7},{x:4,y:0,l:4,w:3},],
----------------------- 10 ---------------------------
canvasWidth:10,
canvasHeight:10,
data:[{x:0,y:0,l:9,w:5},{x:5,y:0,l:9,w:5},],
----------------------- 11 ---------------------------
canvasWidth:10,
canvasHeight:10,
data:[{x:0,y:0,l:8,w:5},{x:5,y:0,l:8,w:3},],
