====================================== Class_07.2bp-37 =====================================
Reduced size: 80 usedBin: 0
[0, 60]
[1, 75, 79]
[2, 54, 76]
[3, 16]
[4, 43, 56, 64]
[5, 7, 78]
[8, 45, 51, 59]
[9, 34, 71, 74]
[21, 26, 72]
[11, 40, 44, 62]
[12, 14, 61]
[13, 41, 42]
[17, 19, 55, 67]
[18, 24, 50, 70]
[20, 22, 57, 77]
[23, 25, 52, 65]
[27, 30, 35, 69]
[28, 29, 32]
[31, 58, 66, 73]
[36, 37, 47, 53, 68]
[38, 39, 46, 49]
[15, 33, 48, 63]
[6, 10]
canvasWidth:100,
canvasHeight:100,
data:[{x:0,y:0,l:89,w:100},{x:7,y:89,l:11,w:93},],
canvasWidth:100,
canvasHeight:100,
data:[{x:0,y:0,l:79,w:98},{x:99,y:0,l:91,w:1},{x:72,y:79,l:12,w:27},],
canvasWidth:100,
canvasHeight:100,
data:[{x:0,y:0,l:65,w:96},{x:0,y:65,l:35,w:35},{x:97,y:0,l:86,w:3},],
canvasWidth:100,
canvasHeight:100,
data:[{x:0,y:0,l:77,w:63},{x:63,y:0,l:100,w:37},],
canvasWidth:100,
canvasHeight:100,
data:[{x:0,y:0,l:83,w:58},{x:76,y:20,l:80,w:24},{x:62,y:20,l:80,w:14},{x:58,y:0,l:20,w:42},],
canvasWidth:100,
canvasHeight:100,
data:[{x:52,y:0,l:100,w:48},{x:0,y:0,l:90,w:51},{x:51,y:0,l:100,w:1},],
canvasWidth:100,
canvasHeight:100,
data:[{x:0,y:0,l:53,w:83},{x:7,y:53,l:23,w:76},{x:83,y:0,l:76,w:17},{x:20,y:76,l:13,w:80},],
canvasWidth:100,
canvasHeight:100,
data:[{x:0,y:0,l:62,w:68},{x:68,y:0,l:87,w:27},{x:95,y:0,l:89,w:5},{x:0,y:62,l:38,w:9},],
canvasWidth:100,
canvasHeight:100,
data:[{x:60,y:0,l:83,w:40},{x:0,y:0,l:52,w:60},{x:0,y:52,l:9,w:45},],
canvasWidth:100,
canvasHeight:100,
data:[{x:0,y:0,l:86,w:47},{x:47,y:0,l:86,w:23},{x:70,y:0,l:90,w:20},{x:90,y:0,l:92,w:10},],
canvasWidth:100,
canvasHeight:100,
data:[{x:0,y:0,l:76,w:50},{x:50,y:0,l:75,w:50},{x:63,y:75,l:25,w:37},],
canvasWidth:100,
canvasHeight:100,
data:[{x:0,y:0,l:50,w:75},{x:75,y:0,l:78,w:25},{x:11,y:78,l:22,w:89},],
canvasWidth:100,
canvasHeight:100,
data:[{x:0,y:0,l:85,w:43},{x:43,y:0,l:82,w:44},{x:87,y:0,l:93,w:13},{x:43,y:82,l:18,w:38},],
canvasWidth:100,
canvasHeight:100,
data:[{x:0,y:0,l:88,w:41},{x:41,y:0,l:88,w:36},{x:77,y:0,l:87,w:15},{x:92,y:0,l:73,w:8},],
canvasWidth:100,
canvasHeight:100,
data:[{x:0,y:0,l:82,w:41},{x:41,y:0,l:71,w:46},{x:89,y:0,l:99,w:11},{x:0,y:82,l:18,w:12},],
canvasWidth:100,
canvasHeight:100,
data:[{x:0,y:0,l:81,w:40},{x:40,y:0,l:81,w:39},{x:86,y:0,l:89,w:14},{x:0,y:81,l:19,w:44},],
canvasWidth:100,
canvasHeight:100,
data:[{x:0,y:0,l:84,w:37},{x:37,y:0,l:84,w:31},{x:76,y:0,l:94,w:24},{x:68,y:0,l:84,w:8},],
canvasWidth:100,
canvasHeight:100,
data:[{x:0,y:0,l:78,w:37},{x:37,y:0,l:79,w:34},{x:71,y:0,l:89,w:29},],
canvasWidth:100,
canvasHeight:100,
data:[{x:0,y:0,l:34,w:76},{x:86,y:0,l:76,w:14},{x:0,y:34,l:66,w:12},{x:12,y:34,l:66,w:6},],
canvasWidth:100,
canvasHeight:100,
data:[{x:0,y:0,l:83,w:27},{x:62,y:0,l:76,w:28},{x:27,y:0,l:83,w:20},{x:47,y:0,l:83,w:15},{x:90,y:0,l:68,w:10},],
canvasWidth:100,
canvasHeight:100,
data:[{x:0,y:0,l:68,w:31},{x:31,y:0,l:69,w:29},{x:60,y:0,l:87,w:20},{x:84,y:0,l:92,w:16},],
canvasWidth:100,
canvasHeight:100,
data:[{x:51,y:0,l:98,w:38},{x:22,y:0,l:92,w:28},{x:0,y:0,l:75,w:22},{x:89,y:0,l:79,w:11},],
canvasWidth:100,
canvasHeight:100,
data:[{x:0,y:0,l:99,w:48},{x:48,y:0,l:99,w:42},],
Best fit used bin number: 23
Found best solution: 23 0.076

   Statrt add columnAndCut col: 23 cons: 0 cut: 0	0.162

	1 Start Add column using column generation  col: 23 cons: 0 cut: 0	0.163
			Start solve  LP :0.163
			End solve LP obj: 23.0 t: 1
	1 End Add column using column generation : 23.0 col: 23 cons: 0 cut: 0	0.165
   End add columnAndCut : 23.0 colGencnt: 1 price: 0 col: 23 cons: 0 cut: 0	0.165

Node lb: 23.0 ub: 23 : 0.165

Final Found Solution: 23 genNode: 1 extendedNode: 0:0.165
Bin size: 10000
1 : 8900,1023, : 9923
2 : 7742,324,91, : 8157
3 : 6240,1225,258, : 7723
4 : 4851,3700, : 8551
5 : 4814,1920,1120,840, : 8694
6 : 4800,4590,100, : 9490
7 : 4399,1748,1292,1040, : 8479
8 : 4216,2349,445,342, : 7352
9 : 3320,3120,405, : 6845
10 : 4042,1978,1800,920, : 8740
11 : 3800,3750,925, : 8475
12 : 3750,1958,1950, : 7658
13 : 3655,3608,1209,684, : 9156
14 : 3608,3168,1305,584, : 8665
15 : 3362,3266,1089,216, : 7933
16 : 3240,3159,1246,836, : 8481
17 : 3108,2604,2256,672, : 8640
18 : 2886,2686,2581, : 8153
19 : 2584,1064,792,396, : 4836
20 : 2241,2128,1660,1245,680, : 7954
21 : 2108,2001,1740,1472, : 7321
22 : 3724,2576,1650,869, : 8819
23 : 4752,4158, : 8910
----------------------- 1 ---------------------------
canvasWidth:100,
canvasHeight:100,
data:[{x:0,y:0,l:89,w:100},{x:7,y:89,l:11,w:93},],
----------------------- 2 ---------------------------
canvasWidth:100,
canvasHeight:100,
data:[{x:0,y:0,l:79,w:98},{x:99,y:0,l:91,w:1},{x:72,y:79,l:12,w:27},],
----------------------- 3 ---------------------------
canvasWidth:100,
canvasHeight:100,
data:[{x:0,y:0,l:65,w:96},{x:0,y:65,l:35,w:35},{x:97,y:0,l:86,w:3},],
----------------------- 4 ---------------------------
canvasWidth:100,
canvasHeight:100,
data:[{x:0,y:0,l:77,w:63},{x:63,y:0,l:100,w:37},],
----------------------- 5 ---------------------------
canvasWidth:100,
canvasHeight:100,
data:[{x:0,y:0,l:83,w:58},{x:76,y:20,l:80,w:24},{x:62,y:20,l:80,w:14},{x:58,y:0,l:20,w:42},],
----------------------- 6 ---------------------------
canvasWidth:100,
canvasHeight:100,
data:[{x:52,y:0,l:100,w:48},{x:0,y:0,l:90,w:51},{x:51,y:0,l:100,w:1},],
----------------------- 7 ---------------------------
canvasWidth:100,
canvasHeight:100,
data:[{x:0,y:0,l:53,w:83},{x:7,y:53,l:23,w:76},{x:83,y:0,l:76,w:17},{x:20,y:76,l:13,w:80},],
----------------------- 8 ---------------------------
canvasWidth:100,
canvasHeight:100,
data:[{x:0,y:0,l:62,w:68},{x:68,y:0,l:87,w:27},{x:95,y:0,l:89,w:5},{x:0,y:62,l:38,w:9},],
----------------------- 9 ---------------------------
canvasWidth:100,
canvasHeight:100,
data:[{x:60,y:0,l:83,w:40},{x:0,y:0,l:52,w:60},{x:0,y:52,l:9,w:45},],
----------------------- 10 ---------------------------
canvasWidth:100,
canvasHeight:100,
data:[{x:0,y:0,l:86,w:47},{x:47,y:0,l:86,w:23},{x:70,y:0,l:90,w:20},{x:90,y:0,l:92,w:10},],
----------------------- 11 ---------------------------
canvasWidth:100,
canvasHeight:100,
data:[{x:0,y:0,l:76,w:50},{x:50,y:0,l:75,w:50},{x:63,y:75,l:25,w:37},],
----------------------- 12 ---------------------------
canvasWidth:100,
canvasHeight:100,
data:[{x:0,y:0,l:50,w:75},{x:75,y:0,l:78,w:25},{x:11,y:78,l:22,w:89},],
----------------------- 13 ---------------------------
canvasWidth:100,
canvasHeight:100,
data:[{x:0,y:0,l:85,w:43},{x:43,y:0,l:82,w:44},{x:87,y:0,l:93,w:13},{x:43,y:82,l:18,w:38},],
----------------------- 14 ---------------------------
canvasWidth:100,
canvasHeight:100,
data:[{x:0,y:0,l:88,w:41},{x:41,y:0,l:88,w:36},{x:77,y:0,l:87,w:15},{x:92,y:0,l:73,w:8},],
----------------------- 15 ---------------------------
canvasWidth:100,
canvasHeight:100,
data:[{x:0,y:0,l:82,w:41},{x:41,y:0,l:71,w:46},{x:89,y:0,l:99,w:11},{x:0,y:82,l:18,w:12},],
----------------------- 16 ---------------------------
canvasWidth:100,
canvasHeight:100,
data:[{x:0,y:0,l:81,w:40},{x:40,y:0,l:81,w:39},{x:86,y:0,l:89,w:14},{x:0,y:81,l:19,w:44},],
----------------------- 17 ---------------------------
canvasWidth:100,
canvasHeight:100,
data:[{x:0,y:0,l:84,w:37},{x:37,y:0,l:84,w:31},{x:76,y:0,l:94,w:24},{x:68,y:0,l:84,w:8},],
----------------------- 18 ---------------------------
canvasWidth:100,
canvasHeight:100,
data:[{x:0,y:0,l:78,w:37},{x:37,y:0,l:79,w:34},{x:71,y:0,l:89,w:29},],
----------------------- 19 ---------------------------
canvasWidth:100,
canvasHeight:100,
data:[{x:0,y:0,l:34,w:76},{x:86,y:0,l:76,w:14},{x:0,y:34,l:66,w:12},{x:12,y:34,l:66,w:6},],
----------------------- 20 ---------------------------
canvasWidth:100,
canvasHeight:100,
data:[{x:0,y:0,l:83,w:27},{x:62,y:0,l:76,w:28},{x:27,y:0,l:83,w:20},{x:47,y:0,l:83,w:15},{x:90,y:0,l:68,w:10},],
----------------------- 21 ---------------------------
canvasWidth:100,
canvasHeight:100,
data:[{x:0,y:0,l:68,w:31},{x:31,y:0,l:69,w:29},{x:60,y:0,l:87,w:20},{x:84,y:0,l:92,w:16},],
----------------------- 22 ---------------------------
canvasWidth:100,
canvasHeight:100,
data:[{x:51,y:0,l:98,w:38},{x:22,y:0,l:92,w:28},{x:0,y:0,l:75,w:22},{x:89,y:0,l:79,w:11},],
----------------------- 23 ---------------------------
canvasWidth:100,
canvasHeight:100,
data:[{x:0,y:0,l:99,w:48},{x:48,y:0,l:99,w:42},],
