====================================== Class_07.2bp-17 =====================================
Reduced size: 40 usedBin: 0
[9, 20, 24]
[0, 21, 34]
[1, 6, 33]
[8, 19, 26, 31, 36]
[3, 4, 28]
[10, 17, 22]
[11, 12, 25, 39]
[2, 15, 27, 35, 37, 38]
[5, 18, 29]
[13, 14, 30, 32]
[7, 16, 23]
canvasWidth:100,
canvasHeight:100,
data:[{x:0,y:65,l:35,w:81},{x:81,y:9,l:91,w:19},{x:0,y:0,l:64,w:55},],
canvasWidth:100,
canvasHeight:100,
data:[{x:0,y:0,l:90,w:73},{x:74,y:0,l:98,w:26},{x:0,y:90,l:5,w:73},],
canvasWidth:100,
canvasHeight:100,
data:[{x:0,y:0,l:93,w:49},{x:49,y:0,l:83,w:45},{x:94,y:0,l:71,w:6},],
canvasWidth:100,
canvasHeight:100,
data:[{x:87,y:0,l:88,w:3},{x:0,y:0,l:77,w:46},{x:46,y:0,l:71,w:41},{x:0,y:77,l:23,w:73},{x:90,y:0,l:86,w:6},],
canvasWidth:100,
canvasHeight:100,
data:[{x:0,y:0,l:92,w:44},{x:44,y:0,l:93,w:41},{x:89,y:0,l:98,w:11},],
canvasWidth:100,
canvasHeight:100,
data:[{x:0,y:0,l:93,w:37},{x:37,y:0,l:95,w:33},{x:70,y:0,l:83,w:28},],
canvasWidth:100,
canvasHeight:100,
data:[{x:0,y:0,l:94,w:36},{x:36,y:0,l:76,w:44},{x:80,y:0,l:84,w:20},{x:0,y:94,l:4,w:10},],
canvasWidth:100,
canvasHeight:100,
data:[{x:0,y:0,l:86,w:48},{x:48,y:0,l:67,w:49},{x:53,y:67,l:27,w:41},{x:97,y:0,l:96,w:3},{x:0,y:86,l:10,w:26},{x:48,y:67,l:31,w:5},],
canvasWidth:100,
canvasHeight:100,
data:[{x:0,y:0,l:80,w:47},{x:47,y:0,l:76,w:41},{x:88,y:0,l:83,w:12},],
canvasWidth:100,
canvasHeight:100,
data:[{x:0,y:0,l:36,w:92},{x:0,y:36,l:50,w:66},{x:76,y:36,l:40,w:23},{x:66,y:36,l:47,w:10},],
canvasWidth:100,
canvasHeight:100,
data:[{x:30,y:0,l:98,w:33},{x:0,y:0,l:72,w:30},{x:63,y:0,l:96,w:37},],
Best fit used bin number: 11
Found best solution: 11 0.063

   Statrt add columnAndCut col: 11 cons: 0 cut: 0	0.141

	1 Start Add column using column generation  col: 11 cons: 0 cut: 0	0.141
			Start solve  LP :0.141
			End solve LP obj: 11.0 t: 0
	1 End Add column using column generation : 11.0 col: 11 cons: 0 cut: 0	0.141
   End add columnAndCut : 11.0 colGencnt: 1 price: 0 col: 11 cons: 0 cut: 0	0.141

Node lb: 11.0 ub: 11 : 0.141

Final Found Solution: 11 genNode: 1 extendedNode: 0:0.141
Bin size: 10000
1 : 3520,2835,1729, : 8084
2 : 6570,2548,365, : 9483
3 : 4557,3735,426, : 8718
4 : 3542,2911,1679,516,264, : 8912
5 : 4048,3813,1078, : 8939
6 : 3441,3135,2324, : 8900
7 : 3384,3344,1680,40, : 8448
8 : 4128,3283,1107,288,260,155, : 9221
9 : 3760,3116,996, : 7872
10 : 3312,3300,920,470, : 8002
11 : 3552,3234,2160, : 8946
----------------------- 1 ---------------------------
canvasWidth:100,
canvasHeight:100,
data:[{x:0,y:65,l:35,w:81},{x:81,y:9,l:91,w:19},{x:0,y:0,l:64,w:55},],
----------------------- 2 ---------------------------
canvasWidth:100,
canvasHeight:100,
data:[{x:0,y:0,l:90,w:73},{x:74,y:0,l:98,w:26},{x:0,y:90,l:5,w:73},],
----------------------- 3 ---------------------------
canvasWidth:100,
canvasHeight:100,
data:[{x:0,y:0,l:93,w:49},{x:49,y:0,l:83,w:45},{x:94,y:0,l:71,w:6},],
----------------------- 4 ---------------------------
canvasWidth:100,
canvasHeight:100,
data:[{x:87,y:0,l:88,w:3},{x:0,y:0,l:77,w:46},{x:46,y:0,l:71,w:41},{x:0,y:77,l:23,w:73},{x:90,y:0,l:86,w:6},],
----------------------- 5 ---------------------------
canvasWidth:100,
canvasHeight:100,
data:[{x:0,y:0,l:92,w:44},{x:44,y:0,l:93,w:41},{x:89,y:0,l:98,w:11},],
----------------------- 6 ---------------------------
canvasWidth:100,
canvasHeight:100,
data:[{x:0,y:0,l:93,w:37},{x:37,y:0,l:95,w:33},{x:70,y:0,l:83,w:28},],
----------------------- 7 ---------------------------
canvasWidth:100,
canvasHeight:100,
data:[{x:0,y:0,l:94,w:36},{x:36,y:0,l:76,w:44},{x:80,y:0,l:84,w:20},{x:0,y:94,l:4,w:10},],
----------------------- 8 ---------------------------
canvasWidth:100,
canvasHeight:100,
data:[{x:0,y:0,l:86,w:48},{x:48,y:0,l:67,w:49},{x:53,y:67,l:27,w:41},{x:97,y:0,l:96,w:3},{x:0,y:86,l:10,w:26},{x:48,y:67,l:31,w:5},],
----------------------- 9 ---------------------------
canvasWidth:100,
canvasHeight:100,
data:[{x:0,y:0,l:80,w:47},{x:47,y:0,l:76,w:41},{x:88,y:0,l:83,w:12},],
----------------------- 10 ---------------------------
canvasWidth:100,
canvasHeight:100,
data:[{x:0,y:0,l:36,w:92},{x:0,y:36,l:50,w:66},{x:76,y:36,l:40,w:23},{x:66,y:36,l:47,w:10},],
----------------------- 11 ---------------------------
canvasWidth:100,
canvasHeight:100,
data:[{x:30,y:0,l:98,w:33},{x:0,y:0,l:72,w:30},{x:63,y:0,l:96,w:37},],
