====================================== Class_03.2bp-23 =====================================
Reduced size: 60 usedBin: 0
[0, 39, 42, 54]
[1, 36, 40, 44]
[2, 28, 47, 49, 57, 58]
[3, 32, 50]
[4, 34, 48, 52, 53, 55, 59]
[5, 15, 35]
[8, 23, 38]
[10, 11, 25]
[12, 14, 22]
[18, 21, 27, 41, 43]
[19, 26, 29]
[6, 9, 37, 46]
[7, 20, 30, 45, 51, 56]
[17, 24, 31, 33]
[13, 16]
canvasWidth:40,
canvasHeight:40,
data:[{x:0,y:0,l:34,w:34},{x:35,y:15,l:25,w:5},{x:34,y:0,l:15,w:6},{x:34,y:15,l:25,w:1},],
canvasWidth:40,
canvasHeight:40,
data:[{x:0,y:0,l:31,w:34},{x:0,y:31,l:9,w:20},{x:34,y:0,l:20,w:6},{x:36,y:20,l:20,w:4},],
canvasWidth:40,
canvasHeight:40,
data:[{x:0,y:0,l:35,w:27},{x:27,y:0,l:24,w:13},{x:0,y:35,l:2,w:27},{x:27,y:24,l:13,w:3},{x:0,y:37,l:3,w:7},{x:7,y:37,l:3,w:6},],
canvasWidth:40,
canvasHeight:40,
data:[{x:0,y:0,l:31,w:29},{x:29,y:0,l:25,w:10},{x:0,y:31,l:3,w:11},],
canvasWidth:40,
canvasHeight:40,
data:[{x:0,y:0,l:30,w:26},{x:26,y:0,l:22,w:9},{x:4,y:38,l:2,w:23},{x:0,y:30,l:1,w:26},{x:0,y:31,l:1,w:26},{x:0,y:32,l:8,w:3},{x:3,y:32,l:8,w:1},],
canvasWidth:40,
canvasHeight:40,
data:[{x:0,y:0,l:22,w:33},{x:0,y:22,l:18,w:26},{x:33,y:0,l:28,w:7},],
canvasWidth:40,
canvasHeight:40,
data:[{x:28,y:0,l:12,w:12},{x:0,y:0,l:24,w:28},{x:0,y:24,l:16,w:24},],
canvasWidth:40,
canvasHeight:40,
data:[{x:0,y:0,l:21,w:28},{x:0,y:21,l:19,w:29},{x:29,y:5,l:35,w:10},],
canvasWidth:40,
canvasHeight:40,
data:[{x:0,y:0,l:22,w:23},{x:23,y:0,l:31,w:16},{x:0,y:22,l:17,w:23},],
canvasWidth:40,
canvasHeight:40,
data:[{x:0,y:0,l:21,w:21},{x:21,y:0,l:27,w:15},{x:0,y:29,l:11,w:29},{x:36,y:0,l:27,w:4},{x:0,y:21,l:4,w:21},],
canvasWidth:40,
canvasHeight:40,
data:[{x:0,y:0,l:21,w:21},{x:25,y:0,l:23,w:15},{x:13,y:23,l:11,w:27},],
canvasWidth:40,
canvasHeight:40,
data:[{x:0,y:0,l:20,w:35},{x:0,y:20,l:17,w:35},{x:35,y:0,l:33,w:5},{x:0,y:37,l:2,w:32},],
canvasWidth:40,
canvasHeight:40,
data:[{x:0,y:0,l:20,w:34},{x:15,y:23,l:17,w:24},{x:0,y:20,l:18,w:15},{x:34,y:0,l:22,w:3},{x:39,y:0,l:32,w:1},{x:37,y:0,l:23,w:1},],
canvasWidth:40,
canvasHeight:40,
data:[{x:0,y:0,l:17,w:26},{x:0,y:17,l:11,w:23},{x:24,y:17,l:23,w:16},{x:0,y:28,l:12,w:18},],
canvasWidth:40,
canvasHeight:40,
data:[{x:0,y:0,l:25,w:20},{x:20,y:0,l:23,w:20},],
Best fit used bin number: 15
Found best solution: 15 0.047

   Statrt add columnAndCut col: 15 cons: 0 cut: 0	0.125

	1 Start Add column using column generation  col: 15 cons: 0 cut: 0	0.125
			Start solve  LP :0.125
			End solve LP obj: 15.0 t: 0
	1 End Add column using column generation : 15.0 col: 15 cons: 0 cut: 0	0.125
   End add columnAndCut : 15.0 colGencnt: 1 price: 0 col: 15 cons: 0 cut: 0	0.125

Node lb: 15.0 ub: 15 : 0.125

Final Found Solution: 15 genNode: 1 extendedNode: 0:0.125
Bin size: 1600
1 : 1156,125,90,25, : 1396
2 : 1054,180,120,80, : 1434
3 : 945,312,54,39,21,18, : 1389
4 : 899,250,33, : 1182
5 : 780,198,46,26,26,24,8, : 1108
6 : 726,468,196, : 1390
7 : 672,384,144, : 1200
8 : 588,551,350, : 1489
9 : 506,496,391, : 1393
10 : 441,405,319,108,84, : 1357
11 : 441,345,297, : 1083
12 : 700,595,165,64, : 1524
13 : 680,408,270,66,32,23, : 1479
14 : 442,368,253,216, : 1279
15 : 500,460, : 960
----------------------- 1 ---------------------------
canvasWidth:40,
canvasHeight:40,
data:[{x:0,y:0,l:34,w:34},{x:35,y:15,l:25,w:5},{x:34,y:0,l:15,w:6},{x:34,y:15,l:25,w:1},],
----------------------- 2 ---------------------------
canvasWidth:40,
canvasHeight:40,
data:[{x:0,y:0,l:31,w:34},{x:0,y:31,l:9,w:20},{x:34,y:0,l:20,w:6},{x:36,y:20,l:20,w:4},],
----------------------- 3 ---------------------------
canvasWidth:40,
canvasHeight:40,
data:[{x:0,y:0,l:35,w:27},{x:27,y:0,l:24,w:13},{x:0,y:35,l:2,w:27},{x:27,y:24,l:13,w:3},{x:0,y:37,l:3,w:7},{x:7,y:37,l:3,w:6},],
----------------------- 4 ---------------------------
canvasWidth:40,
canvasHeight:40,
data:[{x:0,y:0,l:31,w:29},{x:29,y:0,l:25,w:10},{x:0,y:31,l:3,w:11},],
----------------------- 5 ---------------------------
canvasWidth:40,
canvasHeight:40,
data:[{x:0,y:0,l:30,w:26},{x:26,y:0,l:22,w:9},{x:4,y:38,l:2,w:23},{x:0,y:30,l:1,w:26},{x:0,y:31,l:1,w:26},{x:0,y:32,l:8,w:3},{x:3,y:32,l:8,w:1},],
----------------------- 6 ---------------------------
canvasWidth:40,
canvasHeight:40,
data:[{x:0,y:0,l:22,w:33},{x:0,y:22,l:18,w:26},{x:33,y:0,l:28,w:7},],
----------------------- 7 ---------------------------
canvasWidth:40,
canvasHeight:40,
data:[{x:28,y:0,l:12,w:12},{x:0,y:0,l:24,w:28},{x:0,y:24,l:16,w:24},],
----------------------- 8 ---------------------------
canvasWidth:40,
canvasHeight:40,
data:[{x:0,y:0,l:21,w:28},{x:0,y:21,l:19,w:29},{x:29,y:5,l:35,w:10},],
----------------------- 9 ---------------------------
canvasWidth:40,
canvasHeight:40,
data:[{x:0,y:0,l:22,w:23},{x:23,y:0,l:31,w:16},{x:0,y:22,l:17,w:23},],
----------------------- 10 ---------------------------
canvasWidth:40,
canvasHeight:40,
data:[{x:0,y:0,l:21,w:21},{x:21,y:0,l:27,w:15},{x:0,y:29,l:11,w:29},{x:36,y:0,l:27,w:4},{x:0,y:21,l:4,w:21},],
----------------------- 11 ---------------------------
canvasWidth:40,
canvasHeight:40,
data:[{x:0,y:0,l:21,w:21},{x:25,y:0,l:23,w:15},{x:13,y:23,l:11,w:27},],
----------------------- 12 ---------------------------
canvasWidth:40,
canvasHeight:40,
data:[{x:0,y:0,l:20,w:35},{x:0,y:20,l:17,w:35},{x:35,y:0,l:33,w:5},{x:0,y:37,l:2,w:32},],
----------------------- 13 ---------------------------
canvasWidth:40,
canvasHeight:40,
data:[{x:0,y:0,l:20,w:34},{x:15,y:23,l:17,w:24},{x:0,y:20,l:18,w:15},{x:34,y:0,l:22,w:3},{x:39,y:0,l:32,w:1},{x:37,y:0,l:23,w:1},],
----------------------- 14 ---------------------------
canvasWidth:40,
canvasHeight:40,
data:[{x:0,y:0,l:17,w:26},{x:0,y:17,l:11,w:23},{x:24,y:17,l:23,w:16},{x:0,y:28,l:12,w:18},],
----------------------- 15 ---------------------------
canvasWidth:40,
canvasHeight:40,
data:[{x:0,y:0,l:25,w:20},{x:20,y:0,l:23,w:20},],
