====================================== Class_01.2bp-28 =====================================
Reduced size: 60 usedBin: 0
[0]
[1]
[2, 34]
[3, 32]
[5, 24, 53]
[6, 31, 38]
[8, 22, 48]
[7, 28, 56, 57]
[9, 21, 41, 58]
[11, 26, 27, 49]
[12, 16, 46]
[13, 20, 29]
[14, 25, 36, 44, 59]
[4, 19]
[10, 15, 47]
[18, 33, 37, 39, 45, 52]
[17, 23, 50, 54]
[30, 35, 40, 42, 43, 51, 55]
canvasWidth:10,
canvasHeight:10,
data:[{x:0,y:0,l:10,w:10},],
canvasWidth:10,
canvasHeight:10,
data:[{x:0,y:0,l:10,w:10},],
canvasWidth:10,
canvasHeight:10,
data:[{x:0,y:0,l:10,w:8},{x:8,y:0,l:10,w:2},],
canvasWidth:10,
canvasHeight:10,
data:[{x:0,y:0,l:10,w:8},{x:8,y:0,l:10,w:2},],
canvasWidth:10,
canvasHeight:10,
data:[{x:0,y:0,l:10,w:7},{x:7,y:0,l:8,w:3},{x:7,y:8,l:2,w:3},],
canvasWidth:10,
canvasHeight:10,
data:[{x:0,y:0,l:8,w:8},{x:0,y:8,l:2,w:10},{x:8,y:0,l:8,w:2},],
canvasWidth:10,
canvasHeight:10,
data:[{x:0,y:0,l:9,w:7},{x:7,y:0,l:9,w:3},{x:1,y:9,l:1,w:9},],
canvasWidth:10,
canvasHeight:10,
data:[{x:0,y:0,l:9,w:7},{x:7,y:0,l:7,w:3},{x:0,y:9,l:1,w:4},{x:7,y:7,l:1,w:3},],
canvasWidth:10,
canvasHeight:10,
data:[{x:0,y:0,l:7,w:8},{x:1,y:7,l:3,w:9},{x:8,y:0,l:7,w:2},{x:0,y:7,l:3,w:1},],
canvasWidth:10,
canvasHeight:10,
data:[{x:0,y:0,l:7,w:7},{x:3,y:7,l:3,w:7},{x:7,y:0,l:7,w:3},{x:0,y:7,l:3,w:3},],
canvasWidth:10,
canvasHeight:10,
data:[{x:0,y:0,l:8,w:6},{x:6,y:0,l:10,w:4},{x:0,y:8,l:2,w:6},],
canvasWidth:10,
canvasHeight:10,
data:[{x:0,y:0,l:7,w:6},{x:6,y:0,l:7,w:4},{x:3,y:7,l:3,w:7},],
canvasWidth:10,
canvasHeight:10,
data:[{x:0,y:0,l:7,w:6},{x:6,y:0,l:6,w:4},{x:6,y:6,l:4,w:4},{x:2,y:7,l:3,w:4},{x:0,y:7,l:1,w:2},],
canvasWidth:10,
canvasHeight:10,
data:[{x:0,y:7,l:3,w:10},{x:0,y:0,l:7,w:10},],
canvasWidth:10,
canvasHeight:10,
data:[{x:0,y:0,l:5,w:10},{x:2,y:5,l:5,w:8},{x:0,y:5,l:5,w:2},],
canvasWidth:10,
canvasHeight:10,
data:[{x:7,y:4,l:6,w:1},{x:2,y:4,l:6,w:5},{x:0,y:0,l:2,w:10},{x:0,y:2,l:2,w:8},{x:8,y:2,l:8,w:2},{x:0,y:4,l:6,w:2},],
canvasWidth:10,
canvasHeight:10,
data:[{x:0,y:0,l:5,w:6},{x:0,y:5,l:5,w:5},{x:6,y:0,l:8,w:1},{x:5,y:5,l:5,w:1},],
canvasWidth:10,
canvasHeight:10,
data:[{x:0,y:0,l:4,w:5},{x:0,y:6,l:2,w:8},{x:7,y:0,l:5,w:3},{x:0,y:4,l:2,w:7},{x:0,y:8,l:2,w:7},{x:5,y:0,l:4,w:2},{x:9,y:5,l:5,w:1},],
Best fit used bin number: 18
Found best solution: 18 0.063

   Statrt add columnAndCut col: 18 cons: 0 cut: 0	0.125

	1 Start Add column using column generation  col: 18 cons: 0 cut: 0	0.125
			Start solve  LP :0.125
			End solve LP obj: 18.0 t: 0
	1 End Add column using column generation : 18.0 col: 18 cons: 0 cut: 0	0.125
   End add columnAndCut : 18.0 colGencnt: 1 price: 0 col: 18 cons: 0 cut: 0	0.125

Node lb: 18.0 ub: 18 : 0.125

Final Found Solution: 18 genNode: 1 extendedNode: 0:0.125
Bin size: 100
1 : 100, : 100
2 : 100, : 100
3 : 80,20, : 100
4 : 80,20, : 100
5 : 70,24,6, : 100
6 : 64,20,16, : 100
7 : 63,27,9, : 99
8 : 63,21,4,3, : 91
9 : 56,27,14,3, : 100
10 : 49,21,21,9, : 100
11 : 48,40,12, : 100
12 : 42,28,21, : 91
13 : 42,24,16,12,2, : 96
14 : 70,30, : 100
15 : 50,40,10, : 100
16 : 30,20,16,16,12,6, : 100
17 : 30,25,8,5, : 68
18 : 20,16,15,14,14,8,5, : 92
----------------------- 1 ---------------------------
canvasWidth:10,
canvasHeight:10,
data:[{x:0,y:0,l:10,w:10},],
----------------------- 2 ---------------------------
canvasWidth:10,
canvasHeight:10,
data:[{x:0,y:0,l:10,w:10},],
----------------------- 3 ---------------------------
canvasWidth:10,
canvasHeight:10,
data:[{x:0,y:0,l:10,w:8},{x:8,y:0,l:10,w:2},],
----------------------- 4 ---------------------------
canvasWidth:10,
canvasHeight:10,
data:[{x:0,y:0,l:10,w:8},{x:8,y:0,l:10,w:2},],
----------------------- 5 ---------------------------
canvasWidth:10,
canvasHeight:10,
data:[{x:0,y:0,l:10,w:7},{x:7,y:0,l:8,w:3},{x:7,y:8,l:2,w:3},],
----------------------- 6 ---------------------------
canvasWidth:10,
canvasHeight:10,
data:[{x:0,y:0,l:8,w:8},{x:0,y:8,l:2,w:10},{x:8,y:0,l:8,w:2},],
----------------------- 7 ---------------------------
canvasWidth:10,
canvasHeight:10,
data:[{x:0,y:0,l:9,w:7},{x:7,y:0,l:9,w:3},{x:1,y:9,l:1,w:9},],
----------------------- 8 ---------------------------
canvasWidth:10,
canvasHeight:10,
data:[{x:0,y:0,l:9,w:7},{x:7,y:0,l:7,w:3},{x:0,y:9,l:1,w:4},{x:7,y:7,l:1,w:3},],
----------------------- 9 ---------------------------
canvasWidth:10,
canvasHeight:10,
data:[{x:0,y:0,l:7,w:8},{x:1,y:7,l:3,w:9},{x:8,y:0,l:7,w:2},{x:0,y:7,l:3,w:1},],
----------------------- 10 ---------------------------
canvasWidth:10,
canvasHeight:10,
data:[{x:0,y:0,l:7,w:7},{x:3,y:7,l:3,w:7},{x:7,y:0,l:7,w:3},{x:0,y:7,l:3,w:3},],
----------------------- 11 ---------------------------
canvasWidth:10,
canvasHeight:10,
data:[{x:0,y:0,l:8,w:6},{x:6,y:0,l:10,w:4},{x:0,y:8,l:2,w:6},],
----------------------- 12 ---------------------------
canvasWidth:10,
canvasHeight:10,
data:[{x:0,y:0,l:7,w:6},{x:6,y:0,l:7,w:4},{x:3,y:7,l:3,w:7},],
----------------------- 13 ---------------------------
canvasWidth:10,
canvasHeight:10,
data:[{x:0,y:0,l:7,w:6},{x:6,y:0,l:6,w:4},{x:6,y:6,l:4,w:4},{x:2,y:7,l:3,w:4},{x:0,y:7,l:1,w:2},],
----------------------- 14 ---------------------------
canvasWidth:10,
canvasHeight:10,
data:[{x:0,y:7,l:3,w:10},{x:0,y:0,l:7,w:10},],
----------------------- 15 ---------------------------
canvasWidth:10,
canvasHeight:10,
data:[{x:0,y:0,l:5,w:10},{x:2,y:5,l:5,w:8},{x:0,y:5,l:5,w:2},],
----------------------- 16 ---------------------------
canvasWidth:10,
canvasHeight:10,
data:[{x:7,y:4,l:6,w:1},{x:2,y:4,l:6,w:5},{x:0,y:0,l:2,w:10},{x:0,y:2,l:2,w:8},{x:8,y:2,l:8,w:2},{x:0,y:4,l:6,w:2},],
----------------------- 17 ---------------------------
canvasWidth:10,
canvasHeight:10,
data:[{x:0,y:0,l:5,w:6},{x:0,y:5,l:5,w:5},{x:6,y:0,l:8,w:1},{x:5,y:5,l:5,w:1},],
----------------------- 18 ---------------------------
canvasWidth:10,
canvasHeight:10,
data:[{x:0,y:0,l:4,w:5},{x:0,y:6,l:2,w:8},{x:7,y:0,l:5,w:3},{x:0,y:4,l:2,w:7},{x:0,y:8,l:2,w:7},{x:5,y:0,l:4,w:2},{x:9,y:5,l:5,w:1},],
