====================================== Class_07.2bp-39 =====================================
Reduced size: 80 usedBin: 0
E:\WSKH\2DBPP\NonGuillotine\initSolution\7_40.pack
[0, 71]
[1, 39, 76]
[2, 19]
[3, 64, 74]
[4, 37, 55, 78]
[5, 32, 66, 79]
[6, 46, 75]
[9, 15, 68]
[11, 13]
[18, 21, 77]
[8, 10, 72]
[7, 26, 53]
[12, 56, 60, 62, 67]
[16, 43, 54, 61]
[17, 33, 45]
[20, 22, 58]
[23, 48, 50, 65, 73]
[24, 25, 63]
[27, 28, 38, 69]
[29, 30, 35, 70]
[31, 34, 47]
[36, 40, 42, 44]
[41, 49, 51, 57]
[14, 52, 59]
canvasWidth:100,
canvasHeight:100,
data:[{x:0,y:0,l:81,w:94},{x:94,y:0,l:94,w:6},],
canvasWidth:100,
canvasHeight:100,
data:[{x:0,y:0,l:66,w:97},{x:0,y:66,l:34,w:66},{x:97,y:0,l:88,w:3},],
canvasWidth:100,
canvasHeight:100,
data:[{x:0,y:0,l:91,w:64},{x:64,y:0,l:97,w:36},],
canvasWidth:100,
canvasHeight:100,
data:[{x:0,y:0,l:71,w:82},{x:82,y:0,l:85,w:14},{x:96,y:0,l:100,w:4},],
canvasWidth:100,
canvasHeight:100,
data:[{x:0,y:0,l:96,w:60},{x:76,y:0,l:100,w:24},{x:60,y:0,l:96,w:15},{x:75,y:0,l:90,w:1},],
canvasWidth:100,
canvasHeight:100,
data:[{x:0,y:0,l:85,w:64},{x:64,y:0,l:85,w:33},{x:0,y:85,l:12,w:89},{x:97,y:0,l:77,w:1},],
canvasWidth:100,
canvasHeight:100,
data:[{x:0,y:0,l:68,w:71},{x:71,y:0,l:93,w:22},{x:93,y:0,l:43,w:7},],
canvasWidth:100,
canvasHeight:100,
data:[{x:0,y:0,l:51,w:88},{x:0,y:51,l:46,w:84},{x:90,y:0,l:76,w:10},],
canvasWidth:100,
canvasHeight:100,
data:[{x:0,y:52,l:45,w:98},{x:0,y:0,l:52,w:78},],
canvasWidth:100,
canvasHeight:100,
data:[{x:0,y:0,l:71,w:51},{x:51,y:0,l:71,w:49},{x:0,y:71,l:2,w:88},],
canvasWidth:100,
canvasHeight:100,
data:[{x:54,y:0,l:100,w:46},{x:0,y:0,l:95,w:47},{x:47,y:0,l:75,w:7},],
canvasWidth:100,
canvasHeight:100,
data:[{x:0,y:0,l:95,w:50},{x:50,y:0,l:95,w:33},{x:83,y:0,l:96,w:17},],
canvasWidth:100,
canvasHeight:100,
data:[{x:23,y:0,l:94,w:46},{x:0,y:0,l:99,w:14},{x:83,y:0,l:75,w:17},{x:69,y:0,l:85,w:14},{x:14,y:0,l:98,w:9},],
canvasWidth:100,
canvasHeight:100,
data:[{x:0,y:0,l:44,w:84},{x:39,y:44,l:46,w:47},{x:0,y:44,l:39,w:39},{x:86,y:0,l:88,w:14},],
canvasWidth:100,
canvasHeight:100,
data:[{x:0,y:0,l:87,w:42},{x:66,y:0,l:82,w:34},{x:42,y:0,l:87,w:24},],
canvasWidth:100,
canvasHeight:100,
data:[{x:0,y:0,l:81,w:43},{x:43,y:0,l:90,w:38},{x:81,y:0,l:76,w:17},],
canvasWidth:100,
canvasHeight:100,
data:[{x:0,y:0,l:74,w:6},{x:75,y:0,l:79,w:25},{x:6,y:0,l:75,w:24},{x:30,y:79,l:17,w:70},{x:32,y:0,l:79,w:43},],
canvasWidth:100,
canvasHeight:100,
data:[{x:0,y:0,l:80,w:42},{x:42,y:0,l:82,w:39},{x:81,y:0,l:70,w:17},],
canvasWidth:100,
canvasHeight:100,
data:[{x:0,y:0,l:84,w:37},{x:37,y:0,l:98,w:31},{x:68,y:0,l:98,w:23},{x:91,y:0,l:70,w:9},],
canvasWidth:100,
canvasHeight:100,
data:[{x:0,y:0,l:66,w:46},{x:46,y:0,l:66,w:44},{x:0,y:66,l:30,w:86},{x:92,y:0,l:73,w:8},],
canvasWidth:100,
canvasHeight:100,
data:[{x:0,y:0,l:69,w:42},{x:42,y:0,l:86,w:30},{x:72,y:0,l:71,w:28},],
canvasWidth:100,
canvasHeight:100,
data:[{x:0,y:0,l:95,w:27},{x:50,y:0,l:86,w:26},{x:27,y:0,l:95,w:23},{x:76,y:0,l:89,w:24},],
canvasWidth:100,
canvasHeight:100,
data:[{x:0,y:0,l:72,w:31},{x:31,y:0,l:66,w:28},{x:59,y:0,l:66,w:26},{x:86,y:0,l:93,w:14},],
canvasWidth:100,
canvasHeight:100,
data:[{x:32,y:0,l:88,w:44},{x:76,y:0,l:85,w:20},{x:0,y:0,l:40,w:32},],
Best fit used bin number: 24
Found best solution: 24 0.062

   Statrt add columnAndCut col: 24 cons: 0 cut: 0	0.125

	1 Start Add column using column generation  col: 24 cons: 0 cut: 0	0.125
			Start solve  LP :0.125
			End solve LP obj: 24.0 t: 15
	1 End Add column using column generation : 24.0 col: 24 cons: 0 cut: 0	0.14
   End add columnAndCut : 24.0 colGencnt: 1 price: 0 col: 24 cons: 0 cut: 0	0.14

Node lb: 24.0 ub: 24 : 0.14

Final Found Solution: 24 genNode: 1 extendedNode: 0:0.14
Bin size: 10000
1 : 7614,564, : 8178
2 : 6402,2244,264, : 8910
3 : 5824,3492, : 9316
4 : 5822,1190,400, : 7412
5 : 5760,2400,1440,90, : 9690
6 : 5440,2805,1068,77, : 9390
7 : 4828,2046,301, : 7175
8 : 4488,3864,760, : 9112
9 : 4410,4056, : 8466
10 : 3621,3479,176, : 7276
11 : 4600,4465,525, : 9590
12 : 4750,3135,1632, : 9517
13 : 4324,1386,1275,1190,882, : 9057
14 : 3696,2162,1521,1232, : 8611
15 : 3654,2788,2088, : 8530
16 : 3483,3420,1292, : 8195
17 : 3397,1975,1800,1190,444, : 8806
18 : 3360,3198,1190, : 7748
19 : 3108,3038,2254,630, : 9030
20 : 3036,2904,2580,584, : 9104
21 : 2898,2580,1988, : 7466
22 : 2565,2236,2185,2136, : 9122
23 : 2232,1848,1716,1302, : 7098
24 : 3872,1700,1280, : 6852
----------------------- 1 ---------------------------
canvasWidth:100,
canvasHeight:100,
data:[{x:0,y:0,l:81,w:94},{x:94,y:0,l:94,w:6},],
----------------------- 2 ---------------------------
canvasWidth:100,
canvasHeight:100,
data:[{x:0,y:0,l:66,w:97},{x:0,y:66,l:34,w:66},{x:97,y:0,l:88,w:3},],
----------------------- 3 ---------------------------
canvasWidth:100,
canvasHeight:100,
data:[{x:0,y:0,l:91,w:64},{x:64,y:0,l:97,w:36},],
----------------------- 4 ---------------------------
canvasWidth:100,
canvasHeight:100,
data:[{x:0,y:0,l:71,w:82},{x:82,y:0,l:85,w:14},{x:96,y:0,l:100,w:4},],
----------------------- 5 ---------------------------
canvasWidth:100,
canvasHeight:100,
data:[{x:0,y:0,l:96,w:60},{x:76,y:0,l:100,w:24},{x:60,y:0,l:96,w:15},{x:75,y:0,l:90,w:1},],
----------------------- 6 ---------------------------
canvasWidth:100,
canvasHeight:100,
data:[{x:0,y:0,l:85,w:64},{x:64,y:0,l:85,w:33},{x:0,y:85,l:12,w:89},{x:97,y:0,l:77,w:1},],
----------------------- 7 ---------------------------
canvasWidth:100,
canvasHeight:100,
data:[{x:0,y:0,l:68,w:71},{x:71,y:0,l:93,w:22},{x:93,y:0,l:43,w:7},],
----------------------- 8 ---------------------------
canvasWidth:100,
canvasHeight:100,
data:[{x:0,y:0,l:51,w:88},{x:0,y:51,l:46,w:84},{x:90,y:0,l:76,w:10},],
----------------------- 9 ---------------------------
canvasWidth:100,
canvasHeight:100,
data:[{x:0,y:52,l:45,w:98},{x:0,y:0,l:52,w:78},],
----------------------- 10 ---------------------------
canvasWidth:100,
canvasHeight:100,
data:[{x:0,y:0,l:71,w:51},{x:51,y:0,l:71,w:49},{x:0,y:71,l:2,w:88},],
----------------------- 11 ---------------------------
canvasWidth:100,
canvasHeight:100,
data:[{x:54,y:0,l:100,w:46},{x:0,y:0,l:95,w:47},{x:47,y:0,l:75,w:7},],
----------------------- 12 ---------------------------
canvasWidth:100,
canvasHeight:100,
data:[{x:0,y:0,l:95,w:50},{x:50,y:0,l:95,w:33},{x:83,y:0,l:96,w:17},],
----------------------- 13 ---------------------------
canvasWidth:100,
canvasHeight:100,
data:[{x:23,y:0,l:94,w:46},{x:0,y:0,l:99,w:14},{x:83,y:0,l:75,w:17},{x:69,y:0,l:85,w:14},{x:14,y:0,l:98,w:9},],
----------------------- 14 ---------------------------
canvasWidth:100,
canvasHeight:100,
data:[{x:0,y:0,l:44,w:84},{x:39,y:44,l:46,w:47},{x:0,y:44,l:39,w:39},{x:86,y:0,l:88,w:14},],
----------------------- 15 ---------------------------
canvasWidth:100,
canvasHeight:100,
data:[{x:0,y:0,l:87,w:42},{x:66,y:0,l:82,w:34},{x:42,y:0,l:87,w:24},],
----------------------- 16 ---------------------------
canvasWidth:100,
canvasHeight:100,
data:[{x:0,y:0,l:81,w:43},{x:43,y:0,l:90,w:38},{x:81,y:0,l:76,w:17},],
----------------------- 17 ---------------------------
canvasWidth:100,
canvasHeight:100,
data:[{x:0,y:0,l:74,w:6},{x:75,y:0,l:79,w:25},{x:6,y:0,l:75,w:24},{x:30,y:79,l:17,w:70},{x:32,y:0,l:79,w:43},],
----------------------- 18 ---------------------------
canvasWidth:100,
canvasHeight:100,
data:[{x:0,y:0,l:80,w:42},{x:42,y:0,l:82,w:39},{x:81,y:0,l:70,w:17},],
----------------------- 19 ---------------------------
canvasWidth:100,
canvasHeight:100,
data:[{x:0,y:0,l:84,w:37},{x:37,y:0,l:98,w:31},{x:68,y:0,l:98,w:23},{x:91,y:0,l:70,w:9},],
----------------------- 20 ---------------------------
canvasWidth:100,
canvasHeight:100,
data:[{x:0,y:0,l:66,w:46},{x:46,y:0,l:66,w:44},{x:0,y:66,l:30,w:86},{x:92,y:0,l:73,w:8},],
----------------------- 21 ---------------------------
canvasWidth:100,
canvasHeight:100,
data:[{x:0,y:0,l:69,w:42},{x:42,y:0,l:86,w:30},{x:72,y:0,l:71,w:28},],
----------------------- 22 ---------------------------
canvasWidth:100,
canvasHeight:100,
data:[{x:0,y:0,l:95,w:27},{x:50,y:0,l:86,w:26},{x:27,y:0,l:95,w:23},{x:76,y:0,l:89,w:24},],
----------------------- 23 ---------------------------
canvasWidth:100,
canvasHeight:100,
data:[{x:0,y:0,l:72,w:31},{x:31,y:0,l:66,w:28},{x:59,y:0,l:66,w:26},{x:86,y:0,l:93,w:14},],
----------------------- 24 ---------------------------
canvasWidth:100,
canvasHeight:100,
data:[{x:32,y:0,l:88,w:44},{x:76,y:0,l:85,w:20},{x:0,y:0,l:40,w:32},],
