====================================== Class_07.2bp-45 =====================================
Reduced size: 100 usedBin: 0
[0, 84]
[1, 80]
[2, 30]
[3, 25, 88, 94]
[4, 66, 72, 83, 96, 99]
[5, 71, 75, 79]
[14, 37, 58]
[12, 41, 48, 97]
[6, 7, 95]
[8, 39, 70]
[9, 10, 82, 98]
[13, 21, 77]
[28, 53, 65, 74]
[17, 18, 68, 86]
[15, 29, 73, 90]
[22, 44, 55, 81, 92]
[19, 54, 61]
[27, 32, 43, 89]
[16, 26, 64, 87]
[35, 38, 47]
[33, 42, 50, 85, 91]
[23, 40, 45]
[20, 36, 69]
[31, 56, 67, 76]
[24, 46, 78, 93]
[49, 51, 60, 62]
[34, 57, 59]
[11, 52, 63]
canvasWidth:100,
canvasHeight:100,
data:[{x:0,y:0,l:88,w:98},{x:0,y:88,l:8,w:93},],
canvasWidth:100,
canvasHeight:100,
data:[{x:0,y:0,l:98,w:86},{x:86,y:0,l:78,w:14},],
canvasWidth:100,
canvasHeight:100,
data:[{x:0,y:0,l:82,w:66},{x:67,y:0,l:99,w:33},],
canvasWidth:100,
canvasHeight:100,
data:[{x:0,y:0,l:61,w:88},{x:0,y:61,l:38,w:90},{x:90,y:0,l:79,w:6},{x:96,y:0,l:73,w:4},],
canvasWidth:100,
canvasHeight:100,
data:[{x:0,y:0,l:62,w:86},{x:0,y:79,l:21,w:79},{x:0,y:62,l:17,w:86},{x:88,y:0,l:72,w:12},{x:86,y:0,l:86,w:2},{x:79,y:93,l:7,w:11},],
canvasWidth:100,
canvasHeight:100,
data:[{x:0,y:0,l:64,w:79},{x:79,y:0,l:76,w:20},{x:0,y:64,l:36,w:38},{x:38,y:64,l:31,w:37},],
canvasWidth:100,
canvasHeight:100,
data:[{x:0,y:0,l:56,w:70},{x:0,y:60,l:40,w:75},{x:75,y:14,l:86,w:24},],
canvasWidth:100,
canvasHeight:100,
data:[{x:60,y:0,l:100,w:40},{x:31,y:0,l:96,w:29},{x:0,y:0,l:77,w:30},{x:0,y:77,l:23,w:6},],
canvasWidth:100,
canvasHeight:100,
data:[{x:0,y:0,l:96,w:49},{x:49,y:0,l:94,w:48},{x:97,y:0,l:69,w:3},],
canvasWidth:100,
canvasHeight:100,
data:[{x:52,y:0,l:93,w:48},{x:0,y:0,l:92,w:32},{x:32,y:0,l:77,w:20},],
canvasWidth:100,
canvasHeight:100,
data:[{x:0,y:0,l:49,w:89},{x:0,y:49,l:50,w:84},{x:89,y:0,l:82,w:11},{x:84,y:49,l:45,w:3},],
canvasWidth:100,
canvasHeight:100,
data:[{x:0,y:0,l:74,w:16},{x:16,y:0,l:85,w:47},{x:63,y:0,l:96,w:37},],
canvasWidth:100,
canvasHeight:100,
data:[{x:0,y:0,l:47,w:46},{x:46,y:0,l:90,w:37},{x:0,y:47,l:45,w:39},{x:83,y:0,l:86,w:16},],
canvasWidth:100,
canvasHeight:100,
data:[{x:0,y:0,l:19,w:84},{x:0,y:19,l:81,w:45},{x:45,y:19,l:81,w:45},{x:90,y:14,l:86,w:6},],
canvasWidth:100,
canvasHeight:100,
data:[{x:0,y:0,l:84,w:45},{x:45,y:0,l:67,w:49},{x:0,y:84,l:15,w:95},{x:94,y:0,l:73,w:6},],
canvasWidth:100,
canvasHeight:100,
data:[{x:0,y:0,l:71,w:50},{x:50,y:0,l:72,w:36},{x:0,y:72,l:28,w:76},{x:86,y:0,l:77,w:13},{x:76,y:83,l:17,w:24},],
canvasWidth:100,
canvasHeight:100,
data:[{x:0,y:0,l:74,w:49},{x:49,y:0,l:74,w:29},{x:81,y:0,l:97,w:19},],
canvasWidth:100,
canvasHeight:100,
data:[{x:0,y:0,l:68,w:49},{x:49,y:0,l:71,w:45},{x:0,y:72,l:28,w:94},{x:94,y:0,l:94,w:5},],
canvasWidth:100,
canvasHeight:100,
data:[{x:18,y:0,l:49,w:76},{x:18,y:49,l:50,w:68},{x:0,y:0,l:100,w:18},{x:94,y:0,l:84,w:6},],
canvasWidth:100,
canvasHeight:100,
data:[{x:33,y:0,l:86,w:36},{x:0,y:0,l:90,w:33},{x:69,y:0,l:75,w:31},],
canvasWidth:100,
canvasHeight:100,
data:[{x:0,y:0,l:66,w:48},{x:48,y:0,l:66,w:40},{x:0,y:66,l:30,w:75},{x:94,y:0,l:88,w:6},{x:80,y:66,l:31,w:14},],
canvasWidth:100,
canvasHeight:100,
data:[{x:0,y:0,l:94,w:37},{x:37,y:0,l:98,w:30},{x:67,y:0,l:77,w:33},],
canvasWidth:100,
canvasHeight:100,
data:[{x:42,y:0,l:91,w:34},{x:0,y:0,l:85,w:42},{x:76,y:0,l:72,w:22},],
canvasWidth:100,
canvasHeight:100,
data:[{x:0,y:0,l:75,w:43},{x:43,y:0,l:50,w:42},{x:43,y:50,l:46,w:35},{x:85,y:0,l:80,w:15},],
canvasWidth:100,
canvasHeight:100,
data:[{x:0,y:0,l:79,w:44},{x:44,y:0,l:71,w:35},{x:79,y:0,l:72,w:16},{x:95,y:0,l:80,w:5},],
canvasWidth:100,
canvasHeight:100,
data:[{x:0,y:0,l:82,w:28},{x:52,y:0,l:75,w:29},{x:28,y:0,l:82,w:24},{x:81,y:0,l:97,w:19},],
canvasWidth:100,
canvasHeight:100,
data:[{x:0,y:0,l:73,w:43},{x:43,y:0,l:67,w:31},{x:75,y:0,l:80,w:25},],
canvasWidth:100,
canvasHeight:100,
data:[{x:29,y:0,l:92,w:44},{x:0,y:0,l:75,w:29},{x:73,y:0,l:67,w:27},],
Best fit used bin number: 28
Found best solution: 28 0.063

   Statrt add columnAndCut col: 28 cons: 0 cut: 0	0.125

	1 Start Add column using column generation  col: 28 cons: 0 cut: 0	0.125
			Start solve  LP :0.125
			End solve LP obj: 28.0 t: 0
	1 End Add column using column generation : 28.0 col: 28 cons: 0 cut: 0	0.125
   End add columnAndCut : 28.0 colGencnt: 1 price: 0 col: 28 cons: 0 cut: 0	0.125

Node lb: 28.0 ub: 28 : 0.125

Final Found Solution: 28 genNode: 1 extendedNode: 0:0.125
Bin size: 10000
1 : 8624,744, : 9368
2 : 8428,1092, : 9520
3 : 5412,3267, : 8679
4 : 5368,3420,474,292, : 9554
5 : 5332,1659,1462,864,172,77, : 9566
6 : 5056,1520,1368,1147, : 9091
7 : 3920,3000,2064, : 8984
8 : 4000,2784,2310,138, : 9232
9 : 4704,4512,207, : 9423
10 : 4464,2944,1540, : 8948
11 : 4361,4200,902,135, : 9598
12 : 3995,3552,1184, : 8731
13 : 3330,2162,1755,1376, : 8623
14 : 3645,3645,1596,516, : 9402
15 : 3780,3283,1425,438, : 8926
16 : 3550,2592,2128,1001,408, : 9679
17 : 3626,2146,1843, : 7615
18 : 3332,3195,2632,470, : 9629
19 : 3724,3400,1800,504, : 9428
20 : 3096,2970,2325, : 8391
21 : 3168,2640,2250,528,434, : 9020
22 : 3478,2940,2541, : 8959
23 : 3570,3094,1584, : 8248
24 : 3225,2100,1610,1200, : 8135
25 : 3476,2485,1152,400, : 7513
26 : 2296,2175,1968,1843, : 8282
27 : 3139,2077,2000, : 7216
28 : 4048,2175,1809, : 8032
----------------------- 1 ---------------------------
canvasWidth:100,
canvasHeight:100,
data:[{x:0,y:0,l:88,w:98},{x:0,y:88,l:8,w:93},],
----------------------- 2 ---------------------------
canvasWidth:100,
canvasHeight:100,
data:[{x:0,y:0,l:98,w:86},{x:86,y:0,l:78,w:14},],
----------------------- 3 ---------------------------
canvasWidth:100,
canvasHeight:100,
data:[{x:0,y:0,l:82,w:66},{x:67,y:0,l:99,w:33},],
----------------------- 4 ---------------------------
canvasWidth:100,
canvasHeight:100,
data:[{x:0,y:0,l:61,w:88},{x:0,y:61,l:38,w:90},{x:90,y:0,l:79,w:6},{x:96,y:0,l:73,w:4},],
----------------------- 5 ---------------------------
canvasWidth:100,
canvasHeight:100,
data:[{x:0,y:0,l:62,w:86},{x:0,y:79,l:21,w:79},{x:0,y:62,l:17,w:86},{x:88,y:0,l:72,w:12},{x:86,y:0,l:86,w:2},{x:79,y:93,l:7,w:11},],
----------------------- 6 ---------------------------
canvasWidth:100,
canvasHeight:100,
data:[{x:0,y:0,l:64,w:79},{x:79,y:0,l:76,w:20},{x:0,y:64,l:36,w:38},{x:38,y:64,l:31,w:37},],
----------------------- 7 ---------------------------
canvasWidth:100,
canvasHeight:100,
data:[{x:0,y:0,l:56,w:70},{x:0,y:60,l:40,w:75},{x:75,y:14,l:86,w:24},],
----------------------- 8 ---------------------------
canvasWidth:100,
canvasHeight:100,
data:[{x:60,y:0,l:100,w:40},{x:31,y:0,l:96,w:29},{x:0,y:0,l:77,w:30},{x:0,y:77,l:23,w:6},],
----------------------- 9 ---------------------------
canvasWidth:100,
canvasHeight:100,
data:[{x:0,y:0,l:96,w:49},{x:49,y:0,l:94,w:48},{x:97,y:0,l:69,w:3},],
----------------------- 10 ---------------------------
canvasWidth:100,
canvasHeight:100,
data:[{x:52,y:0,l:93,w:48},{x:0,y:0,l:92,w:32},{x:32,y:0,l:77,w:20},],
----------------------- 11 ---------------------------
canvasWidth:100,
canvasHeight:100,
data:[{x:0,y:0,l:49,w:89},{x:0,y:49,l:50,w:84},{x:89,y:0,l:82,w:11},{x:84,y:49,l:45,w:3},],
----------------------- 12 ---------------------------
canvasWidth:100,
canvasHeight:100,
data:[{x:0,y:0,l:74,w:16},{x:16,y:0,l:85,w:47},{x:63,y:0,l:96,w:37},],
----------------------- 13 ---------------------------
canvasWidth:100,
canvasHeight:100,
data:[{x:0,y:0,l:47,w:46},{x:46,y:0,l:90,w:37},{x:0,y:47,l:45,w:39},{x:83,y:0,l:86,w:16},],
----------------------- 14 ---------------------------
canvasWidth:100,
canvasHeight:100,
data:[{x:0,y:0,l:19,w:84},{x:0,y:19,l:81,w:45},{x:45,y:19,l:81,w:45},{x:90,y:14,l:86,w:6},],
----------------------- 15 ---------------------------
canvasWidth:100,
canvasHeight:100,
data:[{x:0,y:0,l:84,w:45},{x:45,y:0,l:67,w:49},{x:0,y:84,l:15,w:95},{x:94,y:0,l:73,w:6},],
----------------------- 16 ---------------------------
canvasWidth:100,
canvasHeight:100,
data:[{x:0,y:0,l:71,w:50},{x:50,y:0,l:72,w:36},{x:0,y:72,l:28,w:76},{x:86,y:0,l:77,w:13},{x:76,y:83,l:17,w:24},],
----------------------- 17 ---------------------------
canvasWidth:100,
canvasHeight:100,
data:[{x:0,y:0,l:74,w:49},{x:49,y:0,l:74,w:29},{x:81,y:0,l:97,w:19},],
----------------------- 18 ---------------------------
canvasWidth:100,
canvasHeight:100,
data:[{x:0,y:0,l:68,w:49},{x:49,y:0,l:71,w:45},{x:0,y:72,l:28,w:94},{x:94,y:0,l:94,w:5},],
----------------------- 19 ---------------------------
canvasWidth:100,
canvasHeight:100,
data:[{x:18,y:0,l:49,w:76},{x:18,y:49,l:50,w:68},{x:0,y:0,l:100,w:18},{x:94,y:0,l:84,w:6},],
----------------------- 20 ---------------------------
canvasWidth:100,
canvasHeight:100,
data:[{x:33,y:0,l:86,w:36},{x:0,y:0,l:90,w:33},{x:69,y:0,l:75,w:31},],
----------------------- 21 ---------------------------
canvasWidth:100,
canvasHeight:100,
data:[{x:0,y:0,l:66,w:48},{x:48,y:0,l:66,w:40},{x:0,y:66,l:30,w:75},{x:94,y:0,l:88,w:6},{x:80,y:66,l:31,w:14},],
----------------------- 22 ---------------------------
canvasWidth:100,
canvasHeight:100,
data:[{x:0,y:0,l:94,w:37},{x:37,y:0,l:98,w:30},{x:67,y:0,l:77,w:33},],
----------------------- 23 ---------------------------
canvasWidth:100,
canvasHeight:100,
data:[{x:42,y:0,l:91,w:34},{x:0,y:0,l:85,w:42},{x:76,y:0,l:72,w:22},],
----------------------- 24 ---------------------------
canvasWidth:100,
canvasHeight:100,
data:[{x:0,y:0,l:75,w:43},{x:43,y:0,l:50,w:42},{x:43,y:50,l:46,w:35},{x:85,y:0,l:80,w:15},],
----------------------- 25 ---------------------------
canvasWidth:100,
canvasHeight:100,
data:[{x:0,y:0,l:79,w:44},{x:44,y:0,l:71,w:35},{x:79,y:0,l:72,w:16},{x:95,y:0,l:80,w:5},],
----------------------- 26 ---------------------------
canvasWidth:100,
canvasHeight:100,
data:[{x:0,y:0,l:82,w:28},{x:52,y:0,l:75,w:29},{x:28,y:0,l:82,w:24},{x:81,y:0,l:97,w:19},],
----------------------- 27 ---------------------------
canvasWidth:100,
canvasHeight:100,
data:[{x:0,y:0,l:73,w:43},{x:43,y:0,l:67,w:31},{x:75,y:0,l:80,w:25},],
----------------------- 28 ---------------------------
canvasWidth:100,
canvasHeight:100,
data:[{x:29,y:0,l:92,w:44},{x:0,y:0,l:75,w:29},{x:73,y:0,l:67,w:27},],
