====================================== Class_08.2bp-23 =====================================
Reduced size: 60 usedBin: 0
E:\WSKH\2DBPP\NonGuillotine\initSolution\8_24.pack
[0, 47, 49]
[1, 38]
[2, 20, 43, 44]
[5, 17, 40, 42, 50]
[8, 12, 59]
[3, 15, 30]
[4, 14, 41, 55]
[18, 21, 29, 54]
[6, 10, 57, 58]
[11, 19, 35, 37]
[9, 13, 39, 46, 56]
[7, 16, 31, 52]
[23, 25, 27, 45, 51]
[22, 24, 33, 36]
[26, 28, 32, 34, 48, 53]
canvasWidth:100,
canvasHeight:100,
data:[{x:0,y:0,l:92,w:87},{x:0,y:92,l:8,w:73},{x:87,y:0,l:82,w:6},],
canvasWidth:100,
canvasHeight:100,
data:[{x:0,y:0,l:99,w:65},{x:65,y:0,l:38,w:28},],
canvasWidth:100,
canvasHeight:100,
data:[{x:0,y:0,l:52,w:88},{x:0,y:52,l:39,w:67},{x:88,y:0,l:68,w:11},{x:0,y:91,l:9,w:81},],
canvasWidth:100,
canvasHeight:100,
data:[{x:0,y:0,l:53,w:76},{x:0,y:53,l:32,w:88},{x:76,y:0,l:37,w:24},{x:0,y:85,l:10,w:75},{x:0,y:95,l:5,w:89},],
canvasWidth:100,
canvasHeight:100,
data:[{x:61,y:0,l:100,w:39},{x:0,y:0,l:60,w:58},{x:58,y:0,l:8,w:1},],
canvasWidth:100,
canvasHeight:100,
data:[{x:0,y:0,l:48,w:93},{x:0,y:48,l:31,w:98},{x:0,y:79,l:21,w:93},],
canvasWidth:100,
canvasHeight:100,
data:[{x:0,y:0,l:48,w:87},{x:0,y:48,l:42,w:73},{x:0,y:90,l:9,w:86},{x:0,y:99,l:1,w:96},],
canvasWidth:100,
canvasHeight:100,
data:[{x:0,y:0,l:30,w:86},{x:0,y:30,l:41,w:66},{x:0,y:71,l:25,w:80},{x:0,y:96,l:4,w:87},],
canvasWidth:100,
canvasHeight:100,
data:[{x:0,y:0,l:49,w:82},{x:0,y:49,l:50,w:75},{x:0,y:99,l:1,w:74},{x:82,y:0,l:4,w:10},],
canvasWidth:100,
canvasHeight:100,
data:[{x:0,y:0,l:44,w:81},{x:0,y:61,l:36,w:75},{x:0,y:44,l:17,w:81},{x:85,y:0,l:78,w:15},],
canvasWidth:100,
canvasHeight:100,
data:[{x:0,y:0,l:85,w:45},{x:45,y:0,l:67,w:46},{x:0,y:98,l:1,w:83},{x:93,y:0,l:98,w:7},{x:0,y:85,l:13,w:71},],
canvasWidth:100,
canvasHeight:100,
data:[{x:0,y:4,l:45,w:89},{x:0,y:71,l:29,w:100},{x:0,y:49,l:22,w:71},{x:0,y:0,l:4,w:92},],
canvasWidth:100,
canvasHeight:100,
data:[{x:0,y:0,l:29,w:88},{x:0,y:29,l:25,w:91},{x:0,y:54,l:31,w:68},{x:0,y:85,l:10,w:72},{x:0,y:95,l:5,w:88},],
canvasWidth:100,
canvasHeight:100,
data:[{x:0,y:0,l:33,w:78},{x:0,y:33,l:35,w:70},{x:0,y:68,l:16,w:88},{x:0,y:84,l:16,w:77},],
canvasWidth:100,
canvasHeight:100,
data:[{x:0,y:0,l:24,w:88},{x:0,y:24,l:27,w:78},{x:0,y:51,l:17,w:83},{x:0,y:68,l:21,w:66},{x:0,y:89,l:6,w:87},{x:0,y:95,l:5,w:71},],
Best fit used bin number: 15
Found best solution: 15 0.062

   Statrt add columnAndCut col: 15 cons: 0 cut: 0	0.125

	1 Start Add column using column generation  col: 15 cons: 0 cut: 0	0.125
			Start solve  LP :0.125
			End solve LP obj: 15.0 t: 0
	1 End Add column using column generation : 15.0 col: 15 cons: 0 cut: 0	0.125
   End add columnAndCut : 15.0 colGencnt: 1 price: 0 col: 15 cons: 0 cut: 0	0.125

Node lb: 15.0 ub: 15 : 0.125

Final Found Solution: 15 genNode: 1 extendedNode: 0:0.125
Bin size: 10000
1 : 8004,584,492, : 9080
2 : 6435,1064, : 7499
3 : 4576,2613,748,729, : 8666
4 : 4028,2816,888,750,445, : 8927
5 : 3900,3480,8, : 7388
6 : 4464,3038,1953, : 9455
7 : 4176,3066,774,96, : 8112
8 : 2706,2580,2000,348, : 7634
9 : 4018,3750,74,40, : 7882
10 : 3564,2700,1377,1170, : 8811
11 : 3825,3082,923,686,83, : 8599
12 : 4005,2900,1562,368, : 8835
13 : 2552,2275,2108,720,440, : 8095
14 : 2574,2450,1408,1232, : 7664
15 : 2112,2106,1411,1386,522,355, : 7892
----------------------- 1 ---------------------------
canvasWidth:100,
canvasHeight:100,
data:[{x:0,y:0,l:92,w:87},{x:0,y:92,l:8,w:73},{x:87,y:0,l:82,w:6},],
----------------------- 2 ---------------------------
canvasWidth:100,
canvasHeight:100,
data:[{x:0,y:0,l:99,w:65},{x:65,y:0,l:38,w:28},],
----------------------- 3 ---------------------------
canvasWidth:100,
canvasHeight:100,
data:[{x:0,y:0,l:52,w:88},{x:0,y:52,l:39,w:67},{x:88,y:0,l:68,w:11},{x:0,y:91,l:9,w:81},],
----------------------- 4 ---------------------------
canvasWidth:100,
canvasHeight:100,
data:[{x:0,y:0,l:53,w:76},{x:0,y:53,l:32,w:88},{x:76,y:0,l:37,w:24},{x:0,y:85,l:10,w:75},{x:0,y:95,l:5,w:89},],
----------------------- 5 ---------------------------
canvasWidth:100,
canvasHeight:100,
data:[{x:61,y:0,l:100,w:39},{x:0,y:0,l:60,w:58},{x:58,y:0,l:8,w:1},],
----------------------- 6 ---------------------------
canvasWidth:100,
canvasHeight:100,
data:[{x:0,y:0,l:48,w:93},{x:0,y:48,l:31,w:98},{x:0,y:79,l:21,w:93},],
----------------------- 7 ---------------------------
canvasWidth:100,
canvasHeight:100,
data:[{x:0,y:0,l:48,w:87},{x:0,y:48,l:42,w:73},{x:0,y:90,l:9,w:86},{x:0,y:99,l:1,w:96},],
----------------------- 8 ---------------------------
canvasWidth:100,
canvasHeight:100,
data:[{x:0,y:0,l:30,w:86},{x:0,y:30,l:41,w:66},{x:0,y:71,l:25,w:80},{x:0,y:96,l:4,w:87},],
----------------------- 9 ---------------------------
canvasWidth:100,
canvasHeight:100,
data:[{x:0,y:0,l:49,w:82},{x:0,y:49,l:50,w:75},{x:0,y:99,l:1,w:74},{x:82,y:0,l:4,w:10},],
----------------------- 10 ---------------------------
canvasWidth:100,
canvasHeight:100,
data:[{x:0,y:0,l:44,w:81},{x:0,y:61,l:36,w:75},{x:0,y:44,l:17,w:81},{x:85,y:0,l:78,w:15},],
----------------------- 11 ---------------------------
canvasWidth:100,
canvasHeight:100,
data:[{x:0,y:0,l:85,w:45},{x:45,y:0,l:67,w:46},{x:0,y:98,l:1,w:83},{x:93,y:0,l:98,w:7},{x:0,y:85,l:13,w:71},],
----------------------- 12 ---------------------------
canvasWidth:100,
canvasHeight:100,
data:[{x:0,y:4,l:45,w:89},{x:0,y:71,l:29,w:100},{x:0,y:49,l:22,w:71},{x:0,y:0,l:4,w:92},],
----------------------- 13 ---------------------------
canvasWidth:100,
canvasHeight:100,
data:[{x:0,y:0,l:29,w:88},{x:0,y:29,l:25,w:91},{x:0,y:54,l:31,w:68},{x:0,y:85,l:10,w:72},{x:0,y:95,l:5,w:88},],
----------------------- 14 ---------------------------
canvasWidth:100,
canvasHeight:100,
data:[{x:0,y:0,l:33,w:78},{x:0,y:33,l:35,w:70},{x:0,y:68,l:16,w:88},{x:0,y:84,l:16,w:77},],
----------------------- 15 ---------------------------
canvasWidth:100,
canvasHeight:100,
data:[{x:0,y:0,l:24,w:88},{x:0,y:24,l:27,w:78},{x:0,y:51,l:17,w:83},{x:0,y:68,l:21,w:66},{x:0,y:89,l:6,w:87},{x:0,y:95,l:5,w:71},],
