====================================== Class_02.2bp-34 =====================================
Reduced size: 80 usedBin: 0
E:\WSKH\2DBPP\NonGuillotine\initSolution\2_35.pack
[0, 1, 2, 3, 4, 5, 6, 7, 8, 11, 13, 17, 29, 45, 46, 47, 48, 63]
[9, 10, 12, 14, 15, 16, 18, 19, 21, 22, 23, 24, 26, 32, 33, 34, 35, 36, 37, 38, 39, 49, 61, 65, 66, 70, 71, 74, 79]
[20, 25, 27, 28, 30, 31, 40, 41, 42, 43, 44, 50, 51, 52, 53, 54, 55, 56, 57, 58, 59, 60, 62, 64, 67, 68, 69, 72, 73, 75, 76, 77, 78]
canvasWidth:30,
canvasHeight:30,
data:[{x:0,y:0,l:9,w:9},{x:9,y:0,l:10,w:8},{x:0,y:9,l:8,w:9},{x:17,y:0,l:10,w:7},{x:9,y:10,l:8,w:8},{x:17,y:10,l:8,w:8},{x:0,y:17,l:7,w:9},{x:9,y:18,l:7,w:9},{x:18,y:18,l:9,w:7},{x:24,y:0,l:4,w:6},{x:0,y:24,l:6,w:9},{x:25,y:10,l:10,w:5},{x:9,y:25,l:5,w:9},{x:24,y:4,l:6,w:6},{x:18,y:27,l:3,w:7},{x:28,y:20,l:10,w:2},{x:26,y:20,l:10,w:2},{x:25,y:20,l:10,w:1},],
canvasWidth:30,
canvasHeight:30,
data:[{x:0,y:0,l:7,w:8},{x:0,y:7,l:9,w:6},{x:6,y:7,l:5,w:10},{x:0,y:16,l:8,w:6},{x:6,y:16,l:8,w:6},{x:11,y:24,l:6,w:7},{x:8,y:0,l:7,w:6},{x:6,y:12,l:4,w:10},{x:20,y:16,l:4,w:10},{x:22,y:0,l:5,w:8},{x:22,y:5,l:5,w:8},{x:0,y:24,l:6,w:6},{x:22,y:10,l:4,w:8},{x:12,y:16,l:8,w:4},{x:16,y:16,l:8,w:4},{x:6,y:24,l:6,w:5},{x:18,y:26,l:4,w:7},{x:14,y:0,l:7,w:4},{x:18,y:0,l:7,w:4},{x:18,y:7,l:7,w:4},{x:20,y:20,l:6,w:10},{x:17,y:14,l:2,w:10},{x:25,y:26,l:4,w:3},{x:28,y:26,l:4,w:2},{x:16,y:7,l:8,w:1},{x:17,y:7,l:7,w:1},{x:27,y:14,l:2,w:3},{x:18,y:24,l:2,w:2},{x:16,y:15,l:1,w:1},],
canvasWidth:30,
canvasHeight:30,
data:[{x:0,y:0,l:6,w:7},{x:20,y:1,l:9,w:4},{x:10,y:11,l:9,w:4},{x:14,y:11,l:9,w:4},{x:7,y:0,l:8,w:4},{x:11,y:0,l:8,w:4},{x:18,y:11,l:5,w:5},{x:12,y:8,l:3,w:8},{x:24,y:1,l:4,w:6},{x:24,y:5,l:4,w:6},{x:15,y:0,l:8,w:3},{x:1,y:11,l:2,w:9},{x:18,y:0,l:8,w:2},{x:0,y:13,l:5,w:3},{x:3,y:13,l:5,w:3},{x:6,y:13,l:5,w:3},{x:0,y:6,l:2,w:7},{x:1,y:9,l:2,w:7},{x:24,y:9,l:2,w:6},{x:8,y:8,l:3,w:4},{x:26,y:12,l:3,w:4},{x:23,y:12,l:4,w:3},{x:20,y:0,l:1,w:10},{x:20,y:16,l:3,w:3},{x:0,y:8,l:1,w:8},{x:18,y:16,l:4,w:2},{x:23,y:11,l:1,w:7},{x:20,y:10,l:1,w:4},{x:0,y:9,l:4,w:1},{x:26,y:15,l:1,w:3},{x:20,y:19,l:1,w:3},{x:23,y:16,l:1,w:3},{x:29,y:15,l:3,w:1},],
Best fit used bin number: 3
Found best solution: 3 0.062

   Statrt add columnAndCut col: 3 cons: 0 cut: 0	0.14

	1 Start Add column using column generation  col: 3 cons: 0 cut: 0	0.14
			Start solve  LP :0.14
			End solve LP obj: 3.0 t: 0
	1 End Add column using column generation : 3.0 col: 3 cons: 0 cut: 0	0.14
   End add columnAndCut : 3.0 colGencnt: 1 price: 0 col: 3 cons: 0 cut: 0	0.14

Node lb: 3.0 ub: 3 : 0.14

Final Found Solution: 3 genNode: 1 extendedNode: 0:0.14
Bin size: 900
1 : 81,80,72,70,64,64,63,63,63,54,50,45,36,24,21,20,20,10, : 900
2 : 60,56,54,50,48,48,42,42,40,40,40,40,36,32,32,32,30,28,28,28,28,20,12,8,8,7,6,4,1, : 900
3 : 42,36,36,36,32,32,25,24,24,24,24,18,16,15,15,15,14,14,12,12,12,12,10,9,8,8,7,4,4,3,3,3,3, : 552
----------------------- 1 ---------------------------
canvasWidth:30,
canvasHeight:30,
data:[{x:0,y:0,l:9,w:9},{x:9,y:0,l:10,w:8},{x:0,y:9,l:8,w:9},{x:17,y:0,l:10,w:7},{x:9,y:10,l:8,w:8},{x:17,y:10,l:8,w:8},{x:0,y:17,l:7,w:9},{x:9,y:18,l:7,w:9},{x:18,y:18,l:9,w:7},{x:24,y:0,l:4,w:6},{x:0,y:24,l:6,w:9},{x:25,y:10,l:10,w:5},{x:9,y:25,l:5,w:9},{x:24,y:4,l:6,w:6},{x:18,y:27,l:3,w:7},{x:28,y:20,l:10,w:2},{x:26,y:20,l:10,w:2},{x:25,y:20,l:10,w:1},],
----------------------- 2 ---------------------------
canvasWidth:30,
canvasHeight:30,
data:[{x:0,y:0,l:7,w:8},{x:0,y:7,l:9,w:6},{x:6,y:7,l:5,w:10},{x:0,y:16,l:8,w:6},{x:6,y:16,l:8,w:6},{x:11,y:24,l:6,w:7},{x:8,y:0,l:7,w:6},{x:6,y:12,l:4,w:10},{x:20,y:16,l:4,w:10},{x:22,y:0,l:5,w:8},{x:22,y:5,l:5,w:8},{x:0,y:24,l:6,w:6},{x:22,y:10,l:4,w:8},{x:12,y:16,l:8,w:4},{x:16,y:16,l:8,w:4},{x:6,y:24,l:6,w:5},{x:18,y:26,l:4,w:7},{x:14,y:0,l:7,w:4},{x:18,y:0,l:7,w:4},{x:18,y:7,l:7,w:4},{x:20,y:20,l:6,w:10},{x:17,y:14,l:2,w:10},{x:25,y:26,l:4,w:3},{x:28,y:26,l:4,w:2},{x:16,y:7,l:8,w:1},{x:17,y:7,l:7,w:1},{x:27,y:14,l:2,w:3},{x:18,y:24,l:2,w:2},{x:16,y:15,l:1,w:1},],
----------------------- 3 ---------------------------
canvasWidth:30,
canvasHeight:30,
data:[{x:0,y:0,l:6,w:7},{x:20,y:1,l:9,w:4},{x:10,y:11,l:9,w:4},{x:14,y:11,l:9,w:4},{x:7,y:0,l:8,w:4},{x:11,y:0,l:8,w:4},{x:18,y:11,l:5,w:5},{x:12,y:8,l:3,w:8},{x:24,y:1,l:4,w:6},{x:24,y:5,l:4,w:6},{x:15,y:0,l:8,w:3},{x:1,y:11,l:2,w:9},{x:18,y:0,l:8,w:2},{x:0,y:13,l:5,w:3},{x:3,y:13,l:5,w:3},{x:6,y:13,l:5,w:3},{x:0,y:6,l:2,w:7},{x:1,y:9,l:2,w:7},{x:24,y:9,l:2,w:6},{x:8,y:8,l:3,w:4},{x:26,y:12,l:3,w:4},{x:23,y:12,l:4,w:3},{x:20,y:0,l:1,w:10},{x:20,y:16,l:3,w:3},{x:0,y:8,l:1,w:8},{x:18,y:16,l:4,w:2},{x:23,y:11,l:1,w:7},{x:20,y:10,l:1,w:4},{x:0,y:9,l:4,w:1},{x:26,y:15,l:1,w:3},{x:20,y:19,l:1,w:3},{x:23,y:16,l:1,w:3},{x:29,y:15,l:3,w:1},],
