====================================== Class_10.2bp-4 =====================================
Reduced size: 20 usedBin: 0
[0, 8, 15, 19]
[1, 7, 11]
[2, 6, 12, 13, 14, 16, 17, 18]
[3, 4, 5, 9, 10]
canvasWidth:100,
canvasHeight:100,
data:[{x:0,y:0,l:77,w:94},{x:0,y:77,l:8,w:78},{x:94,y:0,l:18,w:4},{x:0,y:85,l:4,w:66},],
canvasWidth:100,
canvasHeight:100,
data:[{x:0,y:0,l:93,w:75},{x:75,y:25,l:40,w:17},{x:75,y:0,l:25,w:22},],
canvasWidth:100,
canvasHeight:100,
data:[{x:0,y:0,l:91,w:68},{x:68,y:0,l:48,w:20},{x:68,y:48,l:32,w:13},{x:54,y:91,l:6,w:45},{x:88,y:0,l:15,w:7},{x:54,y:97,l:3,w:33},{x:0,y:91,l:9,w:8},{x:8,y:91,l:9,w:46},],
canvasWidth:100,
canvasHeight:100,
data:[{x:0,y:0,l:46,w:48},{x:48,y:0,l:41,w:49},{x:0,y:46,l:26,w:46},{x:46,y:53,l:18,w:34},{x:48,y:41,l:12,w:49},],
Best fit used bin number: 4
Found best solution: 4 0.047

   Statrt add columnAndCut col: 4 cons: 0 cut: 0	0.11

	1 Start Add column using column generation  col: 4 cons: 0 cut: 0	0.11
			Start solve  LP :0.11
			End solve LP obj: 4.0 t: 0
	1 End Add column using column generation : 4.0 col: 4 cons: 0 cut: 0	0.11
   End add columnAndCut : 4.0 colGencnt: 1 price: 0 col: 4 cons: 0 cut: 0	0.11

Node lb: 4.0 ub: 4 : 0.11

Final Found Solution: 4 genNode: 1 extendedNode: 0:0.11
Bin size: 10000
1 : 7238,624,264,72, : 8198
2 : 6975,680,550, : 8205
3 : 6188,960,416,414,270,105,99,72, : 8524
4 : 2208,2009,1196,612,588, : 6613
----------------------- 1 ---------------------------
canvasWidth:100,
canvasHeight:100,
data:[{x:0,y:0,l:77,w:94},{x:0,y:77,l:8,w:78},{x:94,y:0,l:18,w:4},{x:0,y:85,l:4,w:66},],
----------------------- 2 ---------------------------
canvasWidth:100,
canvasHeight:100,
data:[{x:0,y:0,l:93,w:75},{x:75,y:25,l:40,w:17},{x:75,y:0,l:25,w:22},],
----------------------- 3 ---------------------------
canvasWidth:100,
canvasHeight:100,
data:[{x:0,y:0,l:91,w:68},{x:68,y:0,l:48,w:20},{x:68,y:48,l:32,w:13},{x:54,y:91,l:6,w:45},{x:88,y:0,l:15,w:7},{x:54,y:97,l:3,w:33},{x:0,y:91,l:9,w:8},{x:8,y:91,l:9,w:46},],
----------------------- 4 ---------------------------
canvasWidth:100,
canvasHeight:100,
data:[{x:0,y:0,l:46,w:48},{x:48,y:0,l:41,w:49},{x:0,y:46,l:26,w:46},{x:46,y:53,l:18,w:34},{x:48,y:41,l:12,w:49},],
