====================================== Class_02.2bp-41 =====================================
Reduced size: 100 usedBin: 0
[0, 1, 2, 3, 4, 5, 7, 10, 12, 19, 39, 42, 58, 78, 81, 83, 85, 95, 98]
[6, 8, 9, 11, 13, 14, 15, 16, 20, 24, 27, 36, 37, 50, 51, 55, 57, 60, 62, 64, 72, 80, 84, 86, 90, 99]
[17, 18, 21, 22, 23, 25, 26, 28, 29, 30, 31, 32, 33, 34, 35, 38, 40, 43, 46, 47, 48, 49, 61, 63, 71, 73, 76, 77, 82, 94]
[41, 44, 45, 52, 53, 54, 56, 59, 65, 66, 67, 68, 69, 70, 74, 75, 79, 87, 88, 89, 91, 92, 93, 96, 97]
canvasWidth:30,
canvasHeight:30,
data:[{x:0,y:0,l:10,w:10},{x:0,y:10,l:9,w:10},{x:10,y:0,l:10,w:9},{x:10,y:10,l:9,w:9},{x:0,y:19,l:8,w:10},{x:19,y:0,l:8,w:10},{x:19,y:10,l:8,w:10},{x:19,y:18,l:7,w:10},{x:10,y:22,l:8,w:8},{x:19,y:25,l:5,w:10},{x:0,y:27,l:3,w:10},{x:10,y:19,l:3,w:9},{x:19,y:8,l:2,w:10},{x:29,y:0,l:10,w:1},{x:29,y:10,l:9,w:1},{x:18,y:22,l:8,w:1},{x:29,y:19,l:7,w:1},{x:29,y:26,l:2,w:1},{x:29,y:28,l:2,w:1},],
canvasWidth:30,
canvasHeight:30,
data:[{x:0,y:0,l:10,w:8},{x:5,y:12,l:7,w:10},{x:15,y:12,l:7,w:10},{x:8,y:0,l:10,w:7},{x:15,y:0,l:10,w:6},{x:0,y:19,l:10,w:6},{x:8,y:19,l:7,w:8},{x:16,y:19,l:8,w:7},{x:23,y:19,l:7,w:7},{x:0,y:10,l:9,w:5},{x:25,y:12,l:6,w:5},{x:21,y:5,l:5,w:8},{x:8,y:26,l:4,w:8},{x:16,y:27,l:3,w:8},{x:24,y:26,l:4,w:6},{x:19,y:10,l:2,w:10},{x:6,y:19,l:10,w:2},{x:21,y:0,l:2,w:9},{x:21,y:2,l:2,w:9},{x:11,y:10,l:2,w:8},{x:5,y:10,l:2,w:6},{x:21,y:4,l:1,w:9},{x:0,y:29,l:1,w:8},{x:29,y:5,l:7,w:1},{x:25,y:18,l:1,w:5},{x:23,y:26,l:1,w:1},],
canvasWidth:30,
canvasHeight:30,
data:[{x:0,y:0,l:5,w:10},{x:10,y:0,l:5,w:10},{x:0,y:5,l:6,w:8},{x:18,y:7,l:8,w:6},{x:24,y:7,l:8,w:6},{x:0,y:11,l:7,w:6},{x:20,y:0,l:4,w:10},{x:6,y:11,l:8,w:5},{x:18,y:15,l:9,w:4},{x:26,y:21,l:9,w:4},{x:22,y:21,l:9,w:4},{x:11,y:11,l:5,w:7},{x:8,y:7,l:4,w:8},{x:11,y:16,l:8,w:4},{x:20,y:4,l:3,w:10},{x:0,y:18,l:5,w:6},{x:0,y:23,l:7,w:6},{x:15,y:16,l:9,w:3},{x:6,y:19,l:5,w:5},{x:22,y:15,l:3,w:8},{x:22,y:18,l:3,w:8},{x:6,y:24,l:6,w:4},{x:10,y:24,l:6,w:3},{x:18,y:24,l:6,w:3},{x:15,y:25,l:5,w:3},{x:14,y:5,l:2,w:6},{x:8,y:5,l:2,w:6},{x:13,y:24,l:6,w:2},{x:16,y:7,l:4,w:2},{x:21,y:24,l:2,w:1},],
canvasWidth:30,
canvasHeight:30,
data:[{x:0,y:0,l:7,w:4},{x:13,y:0,l:9,w:3},{x:0,y:7,l:5,w:5},{x:4,y:0,l:7,w:3},{x:7,y:0,l:7,w:3},{x:10,y:0,l:7,w:3},{x:16,y:0,l:5,w:4},{x:25,y:0,l:10,w:2},{x:27,y:0,l:8,w:2},{x:28,y:8,l:8,w:2},{x:28,y:16,l:8,w:2},{x:5,y:9,l:3,w:5},{x:10,y:9,l:3,w:5},{x:20,y:0,l:5,w:3},{x:16,y:5,l:3,w:4},{x:28,y:24,l:6,w:2},{x:23,y:0,l:5,w:2},{x:10,y:7,l:2,w:3},{x:7,y:7,l:2,w:3},{x:20,y:5,l:3,w:2},{x:5,y:7,l:2,w:2},{x:22,y:5,l:2,w:2},{x:23,y:7,l:2,w:2},{x:23,y:9,l:1,w:2},{x:16,y:8,l:1,w:2},],
Best fit used bin number: 4
Found best solution: 4 0.062

   Statrt add columnAndCut col: 4 cons: 0 cut: 0	0.125

	1 Start Add column using column generation  col: 4 cons: 0 cut: 0	0.125
			Start solve  LP :0.125
			End solve LP obj: 4.0 t: 0
	1 End Add column using column generation : 4.0 col: 4 cons: 0 cut: 0	0.125
   End add columnAndCut : 4.0 colGencnt: 1 price: 0 col: 4 cons: 0 cut: 0	0.125

Node lb: 4.0 ub: 4 : 0.125

Final Found Solution: 4 genNode: 1 extendedNode: 0:0.125
Bin size: 900
1 : 100,90,90,81,80,80,80,70,64,50,30,27,20,10,9,8,7,2,2, : 900
2 : 80,70,70,70,60,60,56,56,49,45,40,32,30,24,24,20,20,18,18,16,12,9,8,7,5,1, : 900
3 : 50,50,48,48,48,42,42,40,40,36,36,36,35,32,32,30,30,27,25,24,24,24,18,18,15,12,12,12,8,2, : 896
4 : 28,27,25,21,21,21,20,20,16,16,16,15,15,15,12,12,10,6,6,6,4,4,4,2,2, : 344
----------------------- 1 ---------------------------
canvasWidth:30,
canvasHeight:30,
data:[{x:0,y:0,l:10,w:10},{x:0,y:10,l:9,w:10},{x:10,y:0,l:10,w:9},{x:10,y:10,l:9,w:9},{x:0,y:19,l:8,w:10},{x:19,y:0,l:8,w:10},{x:19,y:10,l:8,w:10},{x:19,y:18,l:7,w:10},{x:10,y:22,l:8,w:8},{x:19,y:25,l:5,w:10},{x:0,y:27,l:3,w:10},{x:10,y:19,l:3,w:9},{x:19,y:8,l:2,w:10},{x:29,y:0,l:10,w:1},{x:29,y:10,l:9,w:1},{x:18,y:22,l:8,w:1},{x:29,y:19,l:7,w:1},{x:29,y:26,l:2,w:1},{x:29,y:28,l:2,w:1},],
----------------------- 2 ---------------------------
canvasWidth:30,
canvasHeight:30,
data:[{x:0,y:0,l:10,w:8},{x:5,y:12,l:7,w:10},{x:15,y:12,l:7,w:10},{x:8,y:0,l:10,w:7},{x:15,y:0,l:10,w:6},{x:0,y:19,l:10,w:6},{x:8,y:19,l:7,w:8},{x:16,y:19,l:8,w:7},{x:23,y:19,l:7,w:7},{x:0,y:10,l:9,w:5},{x:25,y:12,l:6,w:5},{x:21,y:5,l:5,w:8},{x:8,y:26,l:4,w:8},{x:16,y:27,l:3,w:8},{x:24,y:26,l:4,w:6},{x:19,y:10,l:2,w:10},{x:6,y:19,l:10,w:2},{x:21,y:0,l:2,w:9},{x:21,y:2,l:2,w:9},{x:11,y:10,l:2,w:8},{x:5,y:10,l:2,w:6},{x:21,y:4,l:1,w:9},{x:0,y:29,l:1,w:8},{x:29,y:5,l:7,w:1},{x:25,y:18,l:1,w:5},{x:23,y:26,l:1,w:1},],
----------------------- 3 ---------------------------
canvasWidth:30,
canvasHeight:30,
data:[{x:0,y:0,l:5,w:10},{x:10,y:0,l:5,w:10},{x:0,y:5,l:6,w:8},{x:18,y:7,l:8,w:6},{x:24,y:7,l:8,w:6},{x:0,y:11,l:7,w:6},{x:20,y:0,l:4,w:10},{x:6,y:11,l:8,w:5},{x:18,y:15,l:9,w:4},{x:26,y:21,l:9,w:4},{x:22,y:21,l:9,w:4},{x:11,y:11,l:5,w:7},{x:8,y:7,l:4,w:8},{x:11,y:16,l:8,w:4},{x:20,y:4,l:3,w:10},{x:0,y:18,l:5,w:6},{x:0,y:23,l:7,w:6},{x:15,y:16,l:9,w:3},{x:6,y:19,l:5,w:5},{x:22,y:15,l:3,w:8},{x:22,y:18,l:3,w:8},{x:6,y:24,l:6,w:4},{x:10,y:24,l:6,w:3},{x:18,y:24,l:6,w:3},{x:15,y:25,l:5,w:3},{x:14,y:5,l:2,w:6},{x:8,y:5,l:2,w:6},{x:13,y:24,l:6,w:2},{x:16,y:7,l:4,w:2},{x:21,y:24,l:2,w:1},],
----------------------- 4 ---------------------------
canvasWidth:30,
canvasHeight:30,
data:[{x:0,y:0,l:7,w:4},{x:13,y:0,l:9,w:3},{x:0,y:7,l:5,w:5},{x:4,y:0,l:7,w:3},{x:7,y:0,l:7,w:3},{x:10,y:0,l:7,w:3},{x:16,y:0,l:5,w:4},{x:25,y:0,l:10,w:2},{x:27,y:0,l:8,w:2},{x:28,y:8,l:8,w:2},{x:28,y:16,l:8,w:2},{x:5,y:9,l:3,w:5},{x:10,y:9,l:3,w:5},{x:20,y:0,l:5,w:3},{x:16,y:5,l:3,w:4},{x:28,y:24,l:6,w:2},{x:23,y:0,l:5,w:2},{x:10,y:7,l:2,w:3},{x:7,y:7,l:2,w:3},{x:20,y:5,l:3,w:2},{x:5,y:7,l:2,w:2},{x:22,y:5,l:2,w:2},{x:23,y:7,l:2,w:2},{x:23,y:9,l:1,w:2},{x:16,y:8,l:1,w:2},],
