====================================== Class_04.2bp-30 =====================================
Reduced size: 80 usedBin: 0
E:\WSKH\2DBPP\NonGuillotine\initSolution\4_31.pack
[0, 1, 2, 8, 12, 13, 15, 20, 23, 24, 25, 26, 29, 30, 37, 38, 41, 42, 44, 45, 53, 54, 55, 56, 57, 59, 62, 63, 73, 78]
[3, 4, 5, 6, 7, 11, 14, 17, 19, 22, 27, 28, 32, 33, 35, 39, 46, 48, 50, 51, 58, 60, 64, 67, 68, 69, 70, 71, 72, 74, 75, 76, 77, 79]
[9, 10, 16, 18, 21, 31, 34, 36, 40, 43, 47, 49, 52, 61, 65, 66]
canvasWidth:100,
canvasHeight:100,
data:[{x:0,y:0,l:30,w:29},{x:29,y:0,l:28,w:30},{x:20,y:52,l:31,w:27},{x:59,y:0,l:28,w:23},{x:53,y:45,l:7,w:35},{x:29,y:28,l:24,w:24},{x:64,y:57,l:29,w:19},{x:47,y:52,l:31,w:17},{x:82,y:0,l:24,w:18},{x:88,y:45,l:32,w:12},{x:82,y:24,l:21,w:18},{x:0,y:30,l:13,w:29},{x:0,y:43,l:26,w:14},{x:20,y:83,l:14,w:25},{x:0,y:69,l:31,w:11},{x:88,y:77,l:23,w:12},{x:66,y:28,l:17,w:16},{x:64,y:86,l:14,w:17},{x:53,y:28,l:17,w:13},{x:45,y:83,l:11,w:19},{x:84,y:57,l:34,w:4},{x:14,y:43,l:9,w:15},{x:15,y:69,l:26,w:5},{x:11,y:69,l:31,w:4},{x:64,y:52,l:5,w:24},{x:14,y:52,l:17,w:6},{x:15,y:97,l:3,w:30},{x:45,y:94,l:6,w:15},{x:81,y:86,l:10,w:3},{x:15,y:95,l:2,w:5},],
canvasWidth:100,
canvasHeight:100,
data:[{x:0,y:0,l:25,w:33},{x:55,y:0,l:26,w:31},{x:0,y:44,l:26,w:31},{x:12,y:70,l:29,w:25},{x:31,y:44,l:26,w:27},{x:37,y:70,l:29,w:20},{x:22,y:26,l:18,w:30},{x:72,y:26,l:24,w:21},{x:61,y:52,l:23,w:19},{x:0,y:25,l:19,w:22},{x:52,y:26,l:18,w:20},{x:0,y:70,l:30,w:12},{x:33,y:0,l:25,w:13},{x:86,y:0,l:23,w:14},{x:61,y:85,l:9,w:33},{x:80,y:50,l:27,w:10},{x:46,y:0,l:25,w:7},{x:93,y:39,l:24,w:7},{x:61,y:94,l:5,w:32},{x:61,y:80,l:5,w:30},{x:57,y:70,l:28,w:4},{x:90,y:63,l:11,w:9},{x:61,y:44,l:8,w:11},{x:58,y:44,l:26,w:3},{x:61,y:75,l:5,w:15},{x:92,y:74,l:8,w:8},{x:53,y:0,l:25,w:2},{x:94,y:23,l:16,w:3},{x:22,y:25,l:1,w:33},{x:86,y:23,l:3,w:8},{x:12,y:99,l:1,w:20},{x:72,y:50,l:2,w:8},{x:32,y:99,l:1,w:12},{x:44,y:99,l:1,w:10},],
canvasWidth:100,
canvasHeight:100,
data:[{x:0,y:0,l:19,w:32},{x:53,y:0,l:22,w:23},{x:76,y:0,l:22,w:20},{x:0,y:19,l:28,w:15},{x:15,y:37,l:12,w:28},{x:0,y:47,l:20,w:15},{x:15,y:49,l:10,w:28},{x:48,y:22,l:11,w:23},{x:15,y:19,l:18,w:33},{x:32,y:0,l:19,w:12},{x:44,y:0,l:19,w:9},{x:48,y:33,l:6,w:27},{x:71,y:22,l:6,w:23},{x:0,y:67,l:33,w:3},{x:96,y:0,l:21,w:4},{x:96,y:21,l:20,w:4},],
Best fit used bin number: 3
Found best solution: 3 0.078

   Statrt add columnAndCut col: 3 cons: 0 cut: 0	0.141

	1 Start Add column using column generation  col: 3 cons: 0 cut: 0	0.141
			Start solve  LP :0.141
			End solve LP obj: 3.0 t: 0
	1 End Add column using column generation : 3.0 col: 3 cons: 0 cut: 0	0.141
   End add columnAndCut : 3.0 colGencnt: 1 price: 0 col: 3 cons: 0 cut: 0	0.141

Node lb: 3.0 ub: 3 : 0.141

Final Found Solution: 3 genNode: 1 extendedNode: 0:0.141
Bin size: 10000
1 : 870,840,837,644,576,551,527,432,384,378,377,364,350,341,276,272,245,238,221,209,136,135,130,124,120,102,90,90,30,10, : 9899
2 : 825,806,806,725,702,580,540,504,437,418,360,360,325,322,297,270,175,168,160,150,112,99,88,78,75,64,50,48,33,24,20,16,12,10, : 9659
3 : 608,594,506,440,420,336,300,280,253,228,171,162,138,99,84,80, : 4699
----------------------- 1 ---------------------------
canvasWidth:100,
canvasHeight:100,
data:[{x:0,y:0,l:30,w:29},{x:29,y:0,l:28,w:30},{x:20,y:52,l:31,w:27},{x:59,y:0,l:28,w:23},{x:53,y:45,l:7,w:35},{x:29,y:28,l:24,w:24},{x:64,y:57,l:29,w:19},{x:47,y:52,l:31,w:17},{x:82,y:0,l:24,w:18},{x:88,y:45,l:32,w:12},{x:82,y:24,l:21,w:18},{x:0,y:30,l:13,w:29},{x:0,y:43,l:26,w:14},{x:20,y:83,l:14,w:25},{x:0,y:69,l:31,w:11},{x:88,y:77,l:23,w:12},{x:66,y:28,l:17,w:16},{x:64,y:86,l:14,w:17},{x:53,y:28,l:17,w:13},{x:45,y:83,l:11,w:19},{x:84,y:57,l:34,w:4},{x:14,y:43,l:9,w:15},{x:15,y:69,l:26,w:5},{x:11,y:69,l:31,w:4},{x:64,y:52,l:5,w:24},{x:14,y:52,l:17,w:6},{x:15,y:97,l:3,w:30},{x:45,y:94,l:6,w:15},{x:81,y:86,l:10,w:3},{x:15,y:95,l:2,w:5},],
----------------------- 2 ---------------------------
canvasWidth:100,
canvasHeight:100,
data:[{x:0,y:0,l:25,w:33},{x:55,y:0,l:26,w:31},{x:0,y:44,l:26,w:31},{x:12,y:70,l:29,w:25},{x:31,y:44,l:26,w:27},{x:37,y:70,l:29,w:20},{x:22,y:26,l:18,w:30},{x:72,y:26,l:24,w:21},{x:61,y:52,l:23,w:19},{x:0,y:25,l:19,w:22},{x:52,y:26,l:18,w:20},{x:0,y:70,l:30,w:12},{x:33,y:0,l:25,w:13},{x:86,y:0,l:23,w:14},{x:61,y:85,l:9,w:33},{x:80,y:50,l:27,w:10},{x:46,y:0,l:25,w:7},{x:93,y:39,l:24,w:7},{x:61,y:94,l:5,w:32},{x:61,y:80,l:5,w:30},{x:57,y:70,l:28,w:4},{x:90,y:63,l:11,w:9},{x:61,y:44,l:8,w:11},{x:58,y:44,l:26,w:3},{x:61,y:75,l:5,w:15},{x:92,y:74,l:8,w:8},{x:53,y:0,l:25,w:2},{x:94,y:23,l:16,w:3},{x:22,y:25,l:1,w:33},{x:86,y:23,l:3,w:8},{x:12,y:99,l:1,w:20},{x:72,y:50,l:2,w:8},{x:32,y:99,l:1,w:12},{x:44,y:99,l:1,w:10},],
----------------------- 3 ---------------------------
canvasWidth:100,
canvasHeight:100,
data:[{x:0,y:0,l:19,w:32},{x:53,y:0,l:22,w:23},{x:76,y:0,l:22,w:20},{x:0,y:19,l:28,w:15},{x:15,y:37,l:12,w:28},{x:0,y:47,l:20,w:15},{x:15,y:49,l:10,w:28},{x:48,y:22,l:11,w:23},{x:15,y:19,l:18,w:33},{x:32,y:0,l:19,w:12},{x:44,y:0,l:19,w:9},{x:48,y:33,l:6,w:27},{x:71,y:22,l:6,w:23},{x:0,y:67,l:33,w:3},{x:96,y:0,l:21,w:4},{x:96,y:21,l:20,w:4},],
