====================================== Class_08.2bp-15 =====================================
Reduced size: 40 usedBin: 0
[0, 34]
[1, 29]
[2, 3, 39]
[4, 11, 26, 30]
[6, 7, 32]
[13, 18, 23, 33]
[9, 19, 28, 37]
[10, 12, 38]
[14, 17, 20, 36]
[15, 16, 21, 35]
[5, 8]
[22, 24, 25, 27, 31]
canvasWidth:100,
canvasHeight:100,
data:[{x:0,y:0,l:92,w:87},{x:93,y:0,l:98,w:7},],
canvasWidth:100,
canvasHeight:100,
data:[{x:0,y:0,l:99,w:65},{x:65,y:0,l:38,w:28},],
canvasWidth:100,
canvasHeight:100,
data:[{x:0,y:0,l:52,w:88},{x:0,y:52,l:48,w:87},{x:88,y:0,l:4,w:10},],
canvasWidth:100,
canvasHeight:100,
data:[{x:0,y:0,l:53,w:76},{x:0,y:53,l:31,w:98},{x:0,y:84,l:16,w:88},{x:76,y:0,l:37,w:24},],
canvasWidth:100,
canvasHeight:100,
data:[{x:61,y:0,l:100,w:39},{x:0,y:0,l:85,w:45},{x:45,y:0,l:68,w:11},],
canvasWidth:100,
canvasHeight:100,
data:[{x:0,y:0,l:41,w:66},{x:0,y:41,l:29,w:88},{x:0,y:70,l:21,w:93},{x:0,y:91,l:9,w:81},],
canvasWidth:100,
canvasHeight:100,
data:[{x:0,y:0,l:44,w:81},{x:0,y:44,l:35,w:70},{x:0,y:79,l:16,w:77},{x:0,y:95,l:1,w:83},],
canvasWidth:100,
canvasHeight:100,
data:[{x:0,y:0,l:32,w:88},{x:0,y:32,l:67,w:46},{x:0,y:99,l:1,w:74},],
canvasWidth:100,
canvasHeight:100,
data:[{x:0,y:0,l:36,w:75},{x:0,y:36,l:33,w:78},{x:0,y:69,l:25,w:91},{x:0,y:94,l:5,w:88},],
canvasWidth:100,
canvasHeight:100,
data:[{x:0,y:59,l:39,w:67},{x:0,y:29,l:30,w:86},{x:0,y:5,l:24,w:88},{x:0,y:0,l:5,w:89},],
canvasWidth:100,
canvasHeight:100,
data:[{x:0,y:0,l:49,w:82},{x:0,y:49,l:50,w:75},],
canvasWidth:100,
canvasHeight:100,
data:[{x:0,y:0,l:31,w:68},{x:0,y:31,l:22,w:71},{x:0,y:53,l:17,w:83},{x:0,y:70,l:21,w:66},{x:0,y:91,l:9,w:86},],
Best fit used bin number: 12
Found best solution: 12 0.079

   Statrt add columnAndCut col: 12 cons: 0 cut: 0	0.141

	1 Start Add column using column generation  col: 12 cons: 0 cut: 0	0.141
			Start solve  LP :0.141
			End solve LP obj: 12.0 t: 0
	1 End Add column using column generation : 12.0 col: 12 cons: 0 cut: 0	0.141
   End add columnAndCut : 12.0 colGencnt: 1 price: 0 col: 12 cons: 0 cut: 0	0.141

Node lb: 12.0 ub: 12 : 0.141

Final Found Solution: 12 genNode: 1 extendedNode: 0:0.141
Bin size: 10000
1 : 8004,686, : 8690
2 : 6435,1064, : 7499
3 : 4576,4176,40, : 8792
4 : 4028,3038,1408,888, : 9362
5 : 3900,3825,748, : 8473
6 : 2706,2552,1953,729, : 7940
7 : 3564,2450,1232,83, : 7329
8 : 3082,2816,74, : 5972
9 : 2700,2574,2275,440, : 7989
10 : 2613,2580,2112,445, : 7750
11 : 4018,3750, : 7768
12 : 2108,1562,1411,1386,774, : 7241
----------------------- 1 ---------------------------
canvasWidth:100,
canvasHeight:100,
data:[{x:0,y:0,l:92,w:87},{x:93,y:0,l:98,w:7},],
----------------------- 2 ---------------------------
canvasWidth:100,
canvasHeight:100,
data:[{x:0,y:0,l:99,w:65},{x:65,y:0,l:38,w:28},],
----------------------- 3 ---------------------------
canvasWidth:100,
canvasHeight:100,
data:[{x:0,y:0,l:52,w:88},{x:0,y:52,l:48,w:87},{x:88,y:0,l:4,w:10},],
----------------------- 4 ---------------------------
canvasWidth:100,
canvasHeight:100,
data:[{x:0,y:0,l:53,w:76},{x:0,y:53,l:31,w:98},{x:0,y:84,l:16,w:88},{x:76,y:0,l:37,w:24},],
----------------------- 5 ---------------------------
canvasWidth:100,
canvasHeight:100,
data:[{x:61,y:0,l:100,w:39},{x:0,y:0,l:85,w:45},{x:45,y:0,l:68,w:11},],
----------------------- 6 ---------------------------
canvasWidth:100,
canvasHeight:100,
data:[{x:0,y:0,l:41,w:66},{x:0,y:41,l:29,w:88},{x:0,y:70,l:21,w:93},{x:0,y:91,l:9,w:81},],
----------------------- 7 ---------------------------
canvasWidth:100,
canvasHeight:100,
data:[{x:0,y:0,l:44,w:81},{x:0,y:44,l:35,w:70},{x:0,y:79,l:16,w:77},{x:0,y:95,l:1,w:83},],
----------------------- 8 ---------------------------
canvasWidth:100,
canvasHeight:100,
data:[{x:0,y:0,l:32,w:88},{x:0,y:32,l:67,w:46},{x:0,y:99,l:1,w:74},],
----------------------- 9 ---------------------------
canvasWidth:100,
canvasHeight:100,
data:[{x:0,y:0,l:36,w:75},{x:0,y:36,l:33,w:78},{x:0,y:69,l:25,w:91},{x:0,y:94,l:5,w:88},],
----------------------- 10 ---------------------------
canvasWidth:100,
canvasHeight:100,
data:[{x:0,y:59,l:39,w:67},{x:0,y:29,l:30,w:86},{x:0,y:5,l:24,w:88},{x:0,y:0,l:5,w:89},],
----------------------- 11 ---------------------------
canvasWidth:100,
canvasHeight:100,
data:[{x:0,y:0,l:49,w:82},{x:0,y:49,l:50,w:75},],
----------------------- 12 ---------------------------
canvasWidth:100,
canvasHeight:100,
data:[{x:0,y:0,l:31,w:68},{x:0,y:31,l:22,w:71},{x:0,y:53,l:17,w:83},{x:0,y:70,l:21,w:66},{x:0,y:91,l:9,w:86},],
