====================================== Class_04.2bp-32 =====================================
Reduced size: 80 usedBin: 0
[0, 1, 2, 3, 6, 8, 9, 10, 13, 20, 30, 34, 35, 41, 42, 44, 47, 55, 73, 75, 76, 79]
[4, 5, 7, 11, 12, 14, 15, 18, 19, 21, 24, 32, 33, 39, 40, 43, 45, 50, 51, 53, 54, 56, 57, 59, 60, 61, 65, 66, 67, 69, 70, 71, 72, 74, 77, 78]
[16, 17, 22, 23, 25, 26, 27, 28, 29, 31, 36, 37, 38, 46, 48, 49, 52, 58, 62, 63, 64, 68]
canvasWidth:100,
canvasHeight:100,
data:[{x:0,y:0,l:34,w:34},{x:0,y:34,l:31,w:34},{x:34,y:0,l:31,w:32},{x:0,y:65,l:35,w:27},{x:62,y:31,l:22,w:33},{x:34,y:76,l:20,w:35},{x:66,y:0,l:20,w:34},{x:34,y:31,l:24,w:28},{x:34,y:55,l:21,w:28},{x:62,y:53,l:23,w:20},{x:90,y:65,l:35,w:10},{x:66,y:20,l:11,w:29},{x:69,y:76,l:24,w:13},{x:82,y:65,l:29,w:8},{x:82,y:53,l:12,w:18},{x:27,y:65,l:28,w:7},{x:95,y:20,l:33,w:5},{x:31,y:96,l:4,w:21},{x:27,y:93,l:3,w:7},{x:27,y:96,l:4,w:4},{x:83,y:94,l:2,w:7},{x:82,y:94,l:6,w:1},],
canvasWidth:100,
canvasHeight:100,
data:[{x:0,y:0,l:31,w:29},{x:29,y:0,l:30,w:26},{x:55,y:0,l:20,w:35},{x:55,y:37,l:27,w:24},{x:55,y:20,l:17,w:35},{x:0,y:31,l:19,w:29},{x:33,y:65,l:32,w:17},{x:17,y:66,l:31,w:16},{x:29,y:30,l:18,w:26},{x:29,y:48,l:17,w:26},{x:55,y:64,l:17,w:24},{x:0,y:66,l:20,w:17},{x:7,y:50,l:15,w:22},{x:90,y:0,l:25,w:10},{x:72,y:81,l:19,w:13},{x:90,y:32,l:22,w:9},{x:79,y:50,l:31,w:6},{x:79,y:37,l:13,w:11},{x:85,y:50,l:25,w:5},{x:51,y:65,l:27,w:4},{x:90,y:54,l:15,w:6},{x:86,y:75,l:20,w:4},{x:90,y:25,l:7,w:10},{x:0,y:97,l:2,w:32},{x:0,y:50,l:8,w:7},{x:0,y:58,l:8,w:7},{x:40,y:97,l:3,w:11},{x:34,y:97,l:3,w:6},{x:55,y:81,l:10,w:3},{x:7,y:65,l:1,w:26},{x:85,y:75,l:25,w:1},{x:51,y:92,l:8,w:3},{x:99,y:32,l:23,w:1},{x:50,y:65,l:32,w:1},{x:16,y:86,l:11,w:1},{x:54,y:92,l:8,w:1},],
canvasWidth:100,
canvasHeight:100,
data:[{x:0,y:0,l:22,w:23},{x:23,y:0,l:25,w:20},{x:43,y:0,l:21,w:21},{x:64,y:0,l:21,w:21},{x:23,y:25,l:27,w:15},{x:0,y:22,l:17,w:23},{x:43,y:21,l:16,w:24},{x:0,y:52,l:24,w:16},{x:0,y:76,l:23,w:16},{x:85,y:0,l:23,w:15},{x:73,y:41,l:11,w:27},{x:85,y:23,l:18,w:15},{x:0,y:39,l:11,w:23},{x:41,y:38,l:9,w:20},{x:61,y:38,l:27,w:6},{x:67,y:21,l:12,w:12},{x:79,y:21,l:20,w:6},{x:38,y:25,l:22,w:3},{x:67,y:52,l:2,w:27},{x:0,y:50,l:2,w:23},{x:38,y:47,l:13,w:3},{x:41,y:37,l:1,w:26},],
Best fit used bin number: 3
Found best solution: 3 0.078

   Statrt add columnAndCut col: 3 cons: 0 cut: 0	0.14

	1 Start Add column using column generation  col: 3 cons: 0 cut: 0	0.14
			Start solve  LP :0.14
			End solve LP obj: 3.0 t: 0
	1 End Add column using column generation : 3.0 col: 3 cons: 0 cut: 0	0.14
   End add columnAndCut : 3.0 colGencnt: 1 price: 0 col: 3 cons: 0 cut: 0	0.14

Node lb: 3.0 ub: 3 : 0.14

Final Found Solution: 3 genNode: 1 extendedNode: 0:0.14
Bin size: 10000
1 : 1156,1054,992,945,726,700,680,672,588,460,350,319,312,232,216,196,165,84,21,16,14,6, : 9904
2 : 899,780,700,648,595,551,544,496,468,442,408,340,330,250,247,198,186,143,125,108,90,80,70,64,56,56,33,32,30,26,25,24,23,18,11,8, : 9104
3 : 506,500,441,441,405,391,384,384,368,345,297,270,253,180,162,144,120,66,54,46,39,26, : 5822
----------------------- 1 ---------------------------
canvasWidth:100,
canvasHeight:100,
data:[{x:0,y:0,l:34,w:34},{x:0,y:34,l:31,w:34},{x:34,y:0,l:31,w:32},{x:0,y:65,l:35,w:27},{x:62,y:31,l:22,w:33},{x:34,y:76,l:20,w:35},{x:66,y:0,l:20,w:34},{x:34,y:31,l:24,w:28},{x:34,y:55,l:21,w:28},{x:62,y:53,l:23,w:20},{x:90,y:65,l:35,w:10},{x:66,y:20,l:11,w:29},{x:69,y:76,l:24,w:13},{x:82,y:65,l:29,w:8},{x:82,y:53,l:12,w:18},{x:27,y:65,l:28,w:7},{x:95,y:20,l:33,w:5},{x:31,y:96,l:4,w:21},{x:27,y:93,l:3,w:7},{x:27,y:96,l:4,w:4},{x:83,y:94,l:2,w:7},{x:82,y:94,l:6,w:1},],
----------------------- 2 ---------------------------
canvasWidth:100,
canvasHeight:100,
data:[{x:0,y:0,l:31,w:29},{x:29,y:0,l:30,w:26},{x:55,y:0,l:20,w:35},{x:55,y:37,l:27,w:24},{x:55,y:20,l:17,w:35},{x:0,y:31,l:19,w:29},{x:33,y:65,l:32,w:17},{x:17,y:66,l:31,w:16},{x:29,y:30,l:18,w:26},{x:29,y:48,l:17,w:26},{x:55,y:64,l:17,w:24},{x:0,y:66,l:20,w:17},{x:7,y:50,l:15,w:22},{x:90,y:0,l:25,w:10},{x:72,y:81,l:19,w:13},{x:90,y:32,l:22,w:9},{x:79,y:50,l:31,w:6},{x:79,y:37,l:13,w:11},{x:85,y:50,l:25,w:5},{x:51,y:65,l:27,w:4},{x:90,y:54,l:15,w:6},{x:86,y:75,l:20,w:4},{x:90,y:25,l:7,w:10},{x:0,y:97,l:2,w:32},{x:0,y:50,l:8,w:7},{x:0,y:58,l:8,w:7},{x:40,y:97,l:3,w:11},{x:34,y:97,l:3,w:6},{x:55,y:81,l:10,w:3},{x:7,y:65,l:1,w:26},{x:85,y:75,l:25,w:1},{x:51,y:92,l:8,w:3},{x:99,y:32,l:23,w:1},{x:50,y:65,l:32,w:1},{x:16,y:86,l:11,w:1},{x:54,y:92,l:8,w:1},],
----------------------- 3 ---------------------------
canvasWidth:100,
canvasHeight:100,
data:[{x:0,y:0,l:22,w:23},{x:23,y:0,l:25,w:20},{x:43,y:0,l:21,w:21},{x:64,y:0,l:21,w:21},{x:23,y:25,l:27,w:15},{x:0,y:22,l:17,w:23},{x:43,y:21,l:16,w:24},{x:0,y:52,l:24,w:16},{x:0,y:76,l:23,w:16},{x:85,y:0,l:23,w:15},{x:73,y:41,l:11,w:27},{x:85,y:23,l:18,w:15},{x:0,y:39,l:11,w:23},{x:41,y:38,l:9,w:20},{x:61,y:38,l:27,w:6},{x:67,y:21,l:12,w:12},{x:79,y:21,l:20,w:6},{x:38,y:25,l:22,w:3},{x:67,y:52,l:2,w:27},{x:0,y:50,l:2,w:23},{x:38,y:47,l:13,w:3},{x:41,y:37,l:1,w:26},],
