====================================== Class_10.2bp-28 =====================================
Reduced size: 60 usedBin: 0
[8, 16, 17, 25, 45, 46, 49, 59]
[3, 14, 20, 21, 26, 47, 58]
[5, 18, 19, 22, 34, 35, 40, 50]
[6, 7, 23, 36, 44, 48, 52, 54, 57]
[1, 4, 33, 37, 56]
[0, 9, 53]
[2, 15, 27, 29, 32, 42, 51, 55]
[10, 11, 24, 31, 39, 41, 43]
[12, 13, 28, 30, 38]
canvasWidth:100,
canvasHeight:100,
data:[{x:53,y:0,l:83,w:25},{x:0,y:0,l:61,w:53},{x:78,y:0,l:80,w:22},{x:17,y:61,l:28,w:36},{x:0,y:61,l:23,w:13},{x:85,y:80,l:18,w:15},{x:68,y:83,l:13,w:17},{x:78,y:80,l:3,w:7},],
canvasWidth:100,
canvasHeight:100,
data:[{x:0,y:0,l:71,w:52},{x:52,y:0,l:50,w:48},{x:0,y:71,l:25,w:48},{x:52,y:50,l:31,w:37},{x:48,y:81,l:16,w:50},{x:89,y:53,l:28,w:9},{x:0,y:97,l:3,w:13},],
canvasWidth:100,
canvasHeight:100,
data:[{x:0,y:0,l:55,w:65},{x:65,y:0,l:44,w:35},{x:46,y:55,l:37,w:29},{x:11,y:55,l:41,w:35},{x:77,y:77,l:23,w:22},{x:0,y:55,l:45,w:11},{x:75,y:51,l:26,w:15},{x:46,y:93,l:7,w:31},],
canvasWidth:100,
canvasHeight:100,
data:[{x:0,y:0,l:60,w:57},{x:57,y:0,l:98,w:33},{x:0,y:60,l:28,w:37},{x:42,y:60,l:32,w:15},{x:90,y:0,l:35,w:10},{x:90,y:35,l:32,w:7},{x:90,y:67,l:19,w:9},{x:91,y:86,l:14,w:9},{x:68,y:98,l:2,w:23},],
canvasWidth:100,
canvasHeight:100,
data:[{x:0,y:0,l:53,w:85},{x:0,y:53,l:37,w:99},{x:85,y:16,l:37,w:14},{x:0,y:90,l:6,w:79},{x:85,y:0,l:8,w:14},],
canvasWidth:100,
canvasHeight:100,
data:[{x:0,y:0,l:48,w:100},{x:0,y:48,l:33,w:91},{x:91,y:48,l:19,w:7},],
canvasWidth:100,
canvasHeight:100,
data:[{x:0,y:0,l:88,w:50},{x:50,y:50,l:46,w:49},{x:50,y:0,l:50,w:16},{x:77,y:0,l:42,w:18},{x:66,y:0,l:50,w:11},{x:0,y:88,l:12,w:31},{x:96,y:0,l:47,w:4},{x:31,y:88,l:12,w:10},],
canvasWidth:100,
canvasHeight:100,
data:[{x:0,y:0,l:40,w:72},{x:0,y:40,l:39,w:72},{x:0,y:79,l:21,w:49},{x:72,y:0,l:34,w:19},{x:49,y:87,l:11,w:38},{x:72,y:34,l:32,w:12},{x:49,y:79,l:8,w:46},],
canvasWidth:100,
canvasHeight:100,
data:[{x:0,y:0,l:36,w:78},{x:0,y:36,l:37,w:66},{x:78,y:0,l:36,w:22},{x:66,y:36,l:21,w:34},{x:66,y:57,l:14,w:31},],
Best fit used bin number: 9
Found best solution: 9 0.043

   Statrt add columnAndCut col: 9 cons: 0 cut: 0	0.105

	1 Start Add column using column generation  col: 9 cons: 0 cut: 0	0.105
			Start solve  LP :0.105
			End solve LP obj: 9.0 t: 0
com.wlj.solver.BBSolver:
--------------------------------------- Price Problem Start --------------------------------------------------------
dualPrice.size = 60 , dualPrice = [1.0, 1.0, 1.0, 1.0, -0.0, 1.0, 1.0, -0.0, 1.0, -0.0, 1.0, -0.0, 1.0, -0.0, -0.0, -0.0, -0.0, -0.0, -0.0, -0.0, -0.0, -0.0, -0.0, -0.0, -0.0, -0.0, -0.0, -0.0, -0.0, -0.0, -0.0, -0.0, -0.0, -0.0, -0.0, -0.0, -0.0, -0.0, -0.0, -0.0, -0.0, -0.0, -0.0, -0.0, -0.0, -0.0, -0.0, -0.0, -0.0, -0.0, -0.0, -0.0, -0.0, -0.0, -0.0, -0.0, -0.0, -0.0, -0.0, -0.0]
			Active cut size: 0
W:100
H:100
xList.size = 3
yList.size = 7
squareList.size = 9
myConsList.size = 0
cplex1的参考解为：2.0 0.0 s
canvasWidth:100,
canvasHeight:100,
data:[{x:0,y:60,l:40,w:72},{x:0,y:0,l:60,w:57},],
curBestBinNum = 9
instance.getSquareList().size() = 9
solution.getPlaceSquareList().size() = 2
pattern.getKey() = 6@10@
用时：16 ms
--------------------------------------- Price Problem End --------------------------------------------------------
		1 Add column : 1 col:9 	0.137
			Start solve  LP :0.137
			End solve LP obj: 9.0 t: 0
com.wlj.solver.BBSolver:
--------------------------------------- Price Problem Start --------------------------------------------------------
dualPrice.size = 60 , dualPrice = [1.0, 1.0, 1.0, 1.0, -0.0, 1.0, 0.0, 1.0, 1.0, -0.0, 1.0, -0.0, 1.0, -0.0, -0.0, -0.0, -0.0, -0.0, -0.0, -0.0, -0.0, -0.0, -0.0, -0.0, -0.0, -0.0, -0.0, -0.0, -0.0, -0.0, -0.0, -0.0, -0.0, -0.0, -0.0, -0.0, -0.0, -0.0, -0.0, -0.0, -0.0, -0.0, -0.0, -0.0, -0.0, -0.0, -0.0, -0.0, -0.0, -0.0, -0.0, -0.0, -0.0, -0.0, -0.0, -0.0, -0.0, -0.0, -0.0, -0.0]
			Active cut size: 0
W:100
H:98
xList.size = 5
yList.size = 7
squareList.size = 9
myConsList.size = 0
cplex1的参考解为：2.0 0.0 s
canvasWidth:100,
canvasHeight:100,
data:[{x:0,y:62,l:36,w:78},{x:0,y:22,l:40,w:72},],
curBestBinNum = 9
instance.getSquareList().size() = 9
solution.getPlaceSquareList().size() = 2
pattern.getKey() = 10@12@
用时：0 ms
--------------------------------------- Price Problem End --------------------------------------------------------
		2 Add column : 1 col:10 	0.137
			Start solve  LP :0.152
			End solve LP obj: 9.0 t: 0
com.wlj.solver.BBSolver:
--------------------------------------- Price Problem Start --------------------------------------------------------
dualPrice.size = 60 , dualPrice = [1.0, 1.0, 1.0, 1.0, -0.0, 1.0, 1.0, 0.0, 1.0, -0.0, 0.0, 1.0, 1.0, -0.0, -0.0, -0.0, -0.0, -0.0, -0.0, -0.0, -0.0, -0.0, -0.0, -0.0, -0.0, -0.0, -0.0, -0.0, -0.0, -0.0, -0.0, -0.0, -0.0, -0.0, -0.0, -0.0, -0.0, -0.0, -0.0, -0.0, -0.0, -0.0, -0.0, -0.0, -0.0, -0.0, -0.0, -0.0, -0.0, -0.0, -0.0, -0.0, -0.0, -0.0, -0.0, -0.0, -0.0, -0.0, -0.0, -0.0]
			Active cut size: 0
W:100
H:100
xList.size = 3
yList.size = 5
squareList.size = 9
myConsList.size = 0
cplex1的参考解为：2.0 0.0 s
canvasWidth:100,
canvasHeight:100,
data:[{x:0,y:64,l:36,w:78},{x:0,y:4,l:60,w:57},],
curBestBinNum = 9
instance.getSquareList().size() = 9
solution.getPlaceSquareList().size() = 2
pattern.getKey() = 6@12@
用时：0 ms
--------------------------------------- Price Problem End --------------------------------------------------------
		3 Add column : 1 col:11 	0.152
			Start solve  LP :0.152
			End solve LP obj: 9.0 t: 0
com.wlj.solver.BBSolver:
--------------------------------------- Price Problem Start --------------------------------------------------------
dualPrice.size = 60 , dualPrice = [1.0, 1.0, 1.0, 1.0, -0.0, 1.0, 0.0, 1.0, 1.0, -0.0, 0.0, 1.0, 1.0, -0.0, -0.0, -0.0, -0.0, -0.0, -0.0, -0.0, -0.0, -0.0, -0.0, -0.0, -0.0, -0.0, -0.0, -0.0, -0.0, -0.0, -0.0, -0.0, -0.0, -0.0, -0.0, -0.0, -0.0, -0.0, -0.0, -0.0, -0.0, -0.0, -0.0, -0.0, -0.0, -0.0, -0.0, -0.0, -0.0, -0.0, -0.0, -0.0, -0.0, -0.0, -0.0, -0.0, -0.0, -0.0, -0.0, -0.0]
			Active cut size: 0
W:100
H:100
xList.size = 5
yList.size = 5
squareList.size = 9
myConsList.size = 0
cplex1的参考解为：2.0 0.0 s
canvasWidth:100,
canvasHeight:100,
data:[{x:0,y:0,l:39,w:72},{x:0,y:39,l:61,w:53},],
curBestBinNum = 9
instance.getSquareList().size() = 9
solution.getPlaceSquareList().size() = 2
pattern.getKey() = 8@11@
用时：0 ms
--------------------------------------- Price Problem End --------------------------------------------------------
		4 Add column : 1 col:12 	0.168
			Start solve  LP :0.168
			End solve LP obj: 9.0 t: 0
com.wlj.solver.BBSolver:
--------------------------------------- Price Problem Start --------------------------------------------------------
dualPrice.size = 60 , dualPrice = [1.0, 1.0, 1.0, 1.0, -0.0, 1.0, 0.0, 1.0, 1.0, -0.0, 1.0, 0.0, 0.0, 1.0, -0.0, -0.0, -0.0, -0.0, -0.0, -0.0, -0.0, -0.0, -0.0, -0.0, -0.0, -0.0, -0.0, -0.0, -0.0, -0.0, -0.0, -0.0, -0.0, -0.0, -0.0, -0.0, -0.0, -0.0, -0.0, -0.0, -0.0, -0.0, -0.0, -0.0, -0.0, -0.0, -0.0, -0.0, -0.0, -0.0, -0.0, -0.0, -0.0, -0.0, -0.0, -0.0, -0.0, -0.0, -0.0, -0.0]
			Active cut size: 0
W:100
H:98
xList.size = 5
yList.size = 7
squareList.size = 9
myConsList.size = 0
cplex1的参考解为：3.0 0.015 s
canvasWidth:100,
canvasHeight:100,
data:[{x:0,y:0,l:98,w:33},{x:33,y:61,l:37,w:66},{x:33,y:6,l:55,w:65},],
curBestBinNum = 9
instance.getSquareList().size() = 9
solution.getPlaceSquareList().size() = 3
pattern.getKey() = 5@7@13@
用时：15 ms
--------------------------------------- Price Problem End --------------------------------------------------------
		5 Add column : 1 col:13 	0.183
			Start solve  LP :0.183
			End solve LP obj: 9.0 t: 0
com.wlj.solver.BBSolver:
--------------------------------------- Price Problem Start --------------------------------------------------------
dualPrice.size = 60 , dualPrice = [1.0, 1.0, 1.0, 1.0, -0.0, 0.0, 0.5, 0.5, 0.5, -0.0, 0.5, 0.5, 0.5, 0.5, -0.0, -0.0, 0.5, -0.0, 1.0, -0.0, -0.0, -0.0, -0.0, -0.0, -0.0, -0.0, -0.0, -0.0, -0.0, -0.0, -0.0, -0.0, -0.0, -0.0, -0.0, -0.0, -0.0, -0.0, -0.0, -0.0, -0.0, -0.0, -0.0, -0.0, -0.0, -0.0, -0.0, -0.0, -0.0, -0.0, -0.0, -0.0, -0.0, -0.0, -0.0, -0.0, -0.0, -0.0, -0.0, -0.0]
			Active cut size: 0
W:100
H:100
xList.size = 9
yList.size = 9
squareList.size = 13
myConsList.size = 0
cplex1的参考解为：2.0 0.032 s
canvasWidth:100,
canvasHeight:100,
data:[{x:65,y:0,l:44,w:35},{x:13,y:0,l:71,w:52},],
curBestBinNum = 9
instance.getSquareList().size() = 13
solution.getPlaceSquareList().size() = 2
pattern.getKey() = 3@18@
用时：32 ms
--------------------------------------- Price Problem End --------------------------------------------------------
		6 Add column : 1 col:14 	0.215
			Start solve  LP :0.215
			End solve LP obj: 9.0 t: 0
com.wlj.solver.BBSolver:
--------------------------------------- Price Problem Start --------------------------------------------------------
dualPrice.size = 60 , dualPrice = [1.0, 1.0, 1.0, 0.0, -0.0, 0.0, 0.5, 0.5, 0.5, -0.0, 0.5, 0.5, 0.5, 0.5, 1.0, -0.0, 0.5, -0.0, 1.0, -0.0, -0.0, -0.0, -0.0, -0.0, -0.0, -0.0, -0.0, -0.0, -0.0, -0.0, -0.0, -0.0, -0.0, -0.0, -0.0, -0.0, -0.0, -0.0, -0.0, -0.0, -0.0, -0.0, -0.0, -0.0, -0.0, -0.0, -0.0, -0.0, -0.0, -0.0, -0.0, -0.0, -0.0, -0.0, -0.0, -0.0, -0.0, -0.0, -0.0, -0.0]
			Active cut size: 0
W:100
H:100
xList.size = 9
yList.size = 9
squareList.size = 13
myConsList.size = 0
cplex1的参考解为：3.0 0.0 s
canvasWidth:100,
canvasHeight:100,
data:[{x:65,y:0,l:44,w:35},{x:17,y:0,l:50,w:48},{x:0,y:50,l:48,w:100},],
curBestBinNum = 9
instance.getSquareList().size() = 13
solution.getPlaceSquareList().size() = 3
pattern.getKey() = 0@14@18@
用时：0 ms
--------------------------------------- Price Problem End --------------------------------------------------------
		7 Add column : 1 col:15 	0.215
			Start solve  LP :0.215
			End solve LP obj: 9.0 t: 0
com.wlj.solver.BBSolver:
--------------------------------------- Price Problem Start --------------------------------------------------------
dualPrice.size = 60 , dualPrice = [1.0, 1.0, 1.0, 1.0, -0.0, 0.0, 0.5, 0.5, 0.5, -0.0, 0.5, 0.5, 0.5, 0.5, 0.0, -0.0, 0.5, -0.0, 0.0, 1.0, -0.0, -0.0, -0.0, -0.0, -0.0, -0.0, -0.0, -0.0, -0.0, -0.0, -0.0, -0.0, -0.0, -0.0, -0.0, -0.0, -0.0, -0.0, -0.0, -0.0, -0.0, -0.0, -0.0, -0.0, -0.0, -0.0, -0.0, -0.0, -0.0, -0.0, -0.0, -0.0, -0.0, -0.0, -0.0, -0.0, -0.0, -0.0, -0.0, -0.0]
			Active cut size: 0
W:100
H:100
xList.size = 9
yList.size = 9
squareList.size = 13
myConsList.size = 0
cplex1的参考解为：2.0 0.032 s
canvasWidth:100,
canvasHeight:100,
data:[{x:65,y:0,l:41,w:35},{x:13,y:0,l:71,w:52},],
curBestBinNum = 9
instance.getSquareList().size() = 13
solution.getPlaceSquareList().size() = 2
pattern.getKey() = 3@19@
用时：32 ms
--------------------------------------- Price Problem End --------------------------------------------------------
		8 Add column : 1 col:16 	0.262
			Start solve  LP :0.262
			End solve LP obj: 9.0 t: 0
com.wlj.solver.BBSolver:
--------------------------------------- Price Problem Start --------------------------------------------------------
dualPrice.size = 60 , dualPrice = [0.0, 1.0, 1.0, 0.5, -0.0, 0.0, 0.5, 0.5, 0.5, 1.0, 0.5, 0.5, 0.5, 0.5, 0.5, -0.0, 0.5, -0.0, 0.5, 0.5, -0.0, -0.0, -0.0, -0.0, -0.0, -0.0, -0.0, -0.0, -0.0, -0.0, -0.0, -0.0, -0.0, -0.0, -0.0, -0.0, -0.0, -0.0, -0.0, -0.0, -0.0, -0.0, -0.0, -0.0, -0.0, -0.0, -0.0, -0.0, -0.0, -0.0, -0.0, -0.0, -0.0, -0.0, -0.0, -0.0, -0.0, -0.0, -0.0, -0.0]
			Active cut size: 0
W:100
H:100
xList.size = 11
yList.size = 9
squareList.size = 15
myConsList.size = 0
cplex1的参考解为：2.0 0.0 s
canvasWidth:100,
canvasHeight:100,
data:[{x:9,y:0,l:33,w:91},{x:47,y:39,l:61,w:53},{x:12,y:53,l:41,w:35},],
curBestBinNum = 9
instance.getSquareList().size() = 15
solution.getPlaceSquareList().size() = 3
pattern.getKey() = 8@9@19@
用时：15 ms
--------------------------------------- Price Problem End --------------------------------------------------------
		9 Add column : 1 col:17 	0.277
			Start solve  LP :0.277
			End solve LP obj: 9.0 t: 0
com.wlj.solver.BBSolver:
--------------------------------------- Price Problem Start --------------------------------------------------------
dualPrice.size = 60 , dualPrice = [0.33333333333333337, 1.0, 1.0, 0.6666666666666666, -0.0, 0.0, 0.5, 0.5, -0.0, 0.6666666666666666, 0.5, 0.5, 0.5, 0.5, 0.3333333333333333, -0.0, 1.0, -0.0, 0.33333333333333337, 0.33333333333333337, -0.0, -0.0, 0.33333333333333326, -0.0, -0.0, -0.0, -0.0, -0.0, -0.0, -0.0, -0.0, -0.0, -0.0, -0.0, -0.0, -0.0, -0.0, -0.0, -0.0, -0.0, -0.0, -0.0, -0.0, -0.0, -0.0, -0.0, -0.0, -0.0, -0.0, -0.0, -0.0, -0.0, -0.0, -0.0, -0.0, -0.0, -0.0, -0.0, -0.0, -0.0]
			Active cut size: 0
W:100
H:100
xList.size = 13
yList.size = 7
squareList.size = 16
myConsList.size = 0
cplex1的参考解为：2.166666666666667 0.016 s
canvasWidth:100,
canvasHeight:100,
data:[{x:75,y:0,l:83,w:25},{x:42,y:0,l:98,w:33},{x:7,y:0,l:41,w:35},{x:13,y:60,l:37,w:29},],
curBestBinNum = 9
instance.getSquareList().size() = 16
solution.getPlaceSquareList().size() = 4
pattern.getKey() = 7@16@19@22@
用时：16 ms
--------------------------------------- Price Problem End --------------------------------------------------------
		10 Add column : 1 col:18 	0.293
			Start solve  LP :0.293
			End solve LP obj: 9.0 t: 0
com.wlj.solver.BBSolver:
--------------------------------------- Price Problem Start --------------------------------------------------------
dualPrice.size = 60 , dualPrice = [0.0, 1.0, 1.0, 0.5, -0.0, 0.5, 0.5, -0.0, -0.0, 1.0, 0.5, 0.5, 0.5, 0.5, 0.5, -0.0, 1.0, -0.0, 0.5, 0.0, -0.0, -0.0, -0.0, 0.5, -0.0, -0.0, -0.0, -0.0, -0.0, -0.0, -0.0, -0.0, -0.0, -0.0, -0.0, -0.0, -0.0, -0.0, -0.0, -0.0, -0.0, -0.0, -0.0, -0.0, -0.0, -0.0, -0.0, -0.0, -0.0, -0.0, -0.0, -0.0, -0.0, -0.0, -0.0, -0.0, -0.0, -0.0, -0.0, -0.0]
			Active cut size: 0
W:100
H:100
xList.size = 11
yList.size = 15
squareList.size = 14
myConsList.size = 0
cplex1的参考解为：2.5 0.062 s
canvasWidth:100,
canvasHeight:100,
data:[{x:0,y:0,l:83,w:25},{x:25,y:35,l:28,w:37},{x:25,y:63,l:37,w:66},{x:65,y:19,l:44,w:35},],
curBestBinNum = 9
instance.getSquareList().size() = 14
solution.getPlaceSquareList().size() = 4
pattern.getKey() = 13@16@18@23@
用时：62 ms
--------------------------------------- Price Problem End --------------------------------------------------------
		11 Add column : 1 col:19 	0.355
			Start solve  LP :0.355
			End solve LP obj: 9.0 t: 0
com.wlj.solver.BBSolver:
--------------------------------------- Price Problem Start --------------------------------------------------------
dualPrice.size = 60 , dualPrice = [0.75, 1.0, 1.0, 0.75, -0.0, 0.75, 0.5, -0.0, 0.5, 0.25, 0.5, 0.5, 0.5, -0.0, 0.25, -0.0, 0.5, -0.0, 0.0, 0.25, -0.0, -0.0, -0.0, 0.5, -0.0, -0.0, -0.0, -0.0, 0.5, -0.0, -0.0, -0.0, -0.0, -0.0, -0.0, -0.0, -0.0, -0.0, -0.0, -0.0, -0.0, -0.0, -0.0, -0.0, -0.0, -0.0, -0.0, -0.0, -0.0, -0.0, -0.0, -0.0, -0.0, -0.0, -0.0, -0.0, -0.0, -0.0, -0.0, -0.0]
			Active cut size: 0
W:100
H:100
xList.size = 15
yList.size = 15
squareList.size = 16
myConsList.size = 0
cplex1的参考解为：2.25 0.016 s
canvasWidth:100,
canvasHeight:100,
data:[{x:23,y:0,l:71,w:52},{x:1,y:0,l:36,w:22},{x:75,y:0,l:83,w:25},{x:38,y:72,l:28,w:37},],
curBestBinNum = 9
instance.getSquareList().size() = 16
solution.getPlaceSquareList().size() = 4
pattern.getKey() = 3@16@23@28@
用时：32 ms
--------------------------------------- Price Problem End --------------------------------------------------------
		12 Add column : 1 col:20 	0.387
			Start solve  LP :0.387
			End solve LP obj: 9.0 t: 0
com.wlj.solver.BBSolver:
--------------------------------------- Price Problem Start --------------------------------------------------------
dualPrice.size = 60 , dualPrice = [0.0, 1.0, 1.0, 0.0, -0.0, 1.0, 0.5, -0.0, 0.0, 1.0, 0.5, 0.5, 0.5, -0.0, 1.0, -0.0, -0.0, 1.0, -0.0, 0.0, -0.0, -0.0, -0.0, 0.5, -0.0, -0.0, -0.0, -0.0, 0.5, -0.0, -0.0, -0.0, -0.0, -0.0, -0.0, -0.0, -0.0, -0.0, -0.0, -0.0, -0.0, -0.0, -0.0, -0.0, -0.0, -0.0, -0.0, -0.0, -0.0, -0.0, -0.0, -0.0, -0.0, -0.0, -0.0, -0.0, -0.0, -0.0, -0.0, -0.0]
			Active cut size: 0
W:100
H:100
xList.size = 7
yList.size = 13
squareList.size = 12
myConsList.size = 0
cplex1的参考解为：3.0 0.063 s
canvasWidth:100,
canvasHeight:100,
data:[{x:0,y:20,l:80,w:22},{x:22,y:50,l:50,w:48},{x:22,y:14,l:36,w:22},{x:50,y:22,l:28,w:37},],
curBestBinNum = 9
instance.getSquareList().size() = 12
solution.getPlaceSquareList().size() = 4
pattern.getKey() = 14@17@23@28@
用时：78 ms
--------------------------------------- Price Problem End --------------------------------------------------------
		13 Add column : 1 col:21 	0.48
			Start solve  LP :0.48
			End solve LP obj: 9.0 t: 0
com.wlj.solver.BBSolver:
--------------------------------------- Price Problem Start --------------------------------------------------------
dualPrice.size = 60 , dualPrice = [0.75, 1.0, 1.0, 0.75, -0.0, 0.75, 0.5, 0.25, 0.5, 0.25, 0.5, 0.5, 0.5, -0.0, 0.25, -0.0, -0.0, 0.5, -0.0, 0.25, -0.0, -0.0, -0.0, 0.25, -0.0, -0.0, -0.0, -0.0, -0.0, -0.0, 0.5, -0.0, -0.0, -0.0, -0.0, -0.0, -0.0, -0.0, -0.0, -0.0, -0.0, -0.0, -0.0, -0.0, -0.0, -0.0, -0.0, -0.0, -0.0, -0.0, -0.0, -0.0, -0.0, -0.0, -0.0, -0.0, -0.0, -0.0, -0.0, -0.0]
			Active cut size: 0
W:100
H:100
xList.size = 13
yList.size = 17
squareList.size = 17
myConsList.size = 0
cplex1的参考解为：2.0 0.016 s
canvasWidth:100,
canvasHeight:100,
data:[{x:0,y:29,l:71,w:52},{x:0,y:8,l:21,w:34},{x:37,y:1,l:28,w:37},{x:78,y:20,l:80,w:22},],
curBestBinNum = 9
instance.getSquareList().size() = 17
solution.getPlaceSquareList().size() = 4
pattern.getKey() = 3@17@23@30@
用时：32 ms
--------------------------------------- Price Problem End --------------------------------------------------------
		14 Add column : 1 col:22 	0.512
			Start solve  LP :0.512
			End solve LP obj: 9.0 t: 0
com.wlj.solver.BBSolver:
--------------------------------------- Price Problem Start --------------------------------------------------------
dualPrice.size = 60 , dualPrice = [0.0, 1.0, 1.0, 0.0, -0.0, 1.0, 1.0, 0.0, 0.0, 1.0, 0.0, 1.0, 0.0, -0.0, 1.0, -0.0, 1.0, 0.0, -0.0, 0.0, -0.0, -0.0, -0.0, 0.0, -0.0, -0.0, -0.0, -0.0, -0.0, -0.0, 1.0, -0.0, -0.0, -0.0, -0.0, -0.0, -0.0, -0.0, -0.0, -0.0, -0.0, -0.0, -0.0, -0.0, -0.0, -0.0, -0.0, -0.0, -0.0, -0.0, -0.0, -0.0, -0.0, -0.0, -0.0, -0.0, -0.0, -0.0, -0.0, -0.0]
			Active cut size: 0
W:99
H:99
xList.size = 8
yList.size = 6
squareList.size = 9
myConsList.size = 0
cplex1的参考解为：3.0 0.031 s
canvasWidth:100,
canvasHeight:100,
data:[{x:40,y:0,l:21,w:34},{x:74,y:0,l:83,w:25},{x:26,y:21,l:50,w:48},],
curBestBinNum = 9
instance.getSquareList().size() = 9
solution.getPlaceSquareList().size() = 3
pattern.getKey() = 14@16@30@
用时：31 ms
--------------------------------------- Price Problem End --------------------------------------------------------
		15 Add column : 1 col:23 	0.543
			Start solve  LP :0.543
			End solve LP obj: 9.0 t: 0
com.wlj.solver.BBSolver:
--------------------------------------- Price Problem Start --------------------------------------------------------
dualPrice.size = 60 , dualPrice = [0.6, 1.0, 1.0, 0.6, -0.0, 0.8, 0.3999999999999999, -0.0, 0.3999999999999999, 0.4, 0.3999999999999999, 0.6000000000000001, 0.6000000000000001, 0.19999999999999996, 0.4, -0.0, 0.4, 0.20000000000000018, -0.0, 0.19999999999999996, -0.0, -0.0, -0.0, -0.0, -0.0, -0.0, -0.0, -0.0, -0.0, -0.0, 0.19999999999999996, -0.0, -0.0, -0.0, -0.0, -0.0, 0.6000000000000001, -0.0, -0.0, -0.0, -0.0, -0.0, -0.0, -0.0, -0.0, -0.0, -0.0, -0.0, -0.0, -0.0, -0.0, -0.0, -0.0, -0.0, -0.0, -0.0, -0.0, -0.0, -0.0, -0.0]
			Active cut size: 0
W:100
H:100
xList.size = 21
yList.size = 17
squareList.size = 18
myConsList.size = 0
cplex1的参考解为：2.4000000000000004 0.078 s
canvasWidth:100,
canvasHeight:100,
data:[{x:35,y:0,l:55,w:65},{x:0,y:0,l:41,w:35},{x:1,y:41,l:21,w:34},{x:22,y:62,l:36,w:78},{x:7,y:65,l:32,w:15},],
curBestBinNum = 9
instance.getSquareList().size() = 18
solution.getPlaceSquareList().size() = 5
pattern.getKey() = 5@12@19@30@36@
用时：78 ms
--------------------------------------- Price Problem End --------------------------------------------------------
		16 Add column : 1 col:24 	0.621
			Start solve  LP :0.621
			End solve LP obj: 9.0 t: 0
com.wlj.solver.BBSolver:
--------------------------------------- Price Problem Start --------------------------------------------------------
dualPrice.size = 60 , dualPrice = [1.0, 1.0, 1.0, 0.0, -0.0, 0.0, 1.0, -0.0, 0.0, 0.0, 0.0, 1.0, -0.0, 1.0, 0.0, -0.0, 0.0, 1.0, -0.0, 1.0, 1.0, -0.0, -0.0, -0.0, -0.0, -0.0, -0.0, -0.0, -0.0, -0.0, 0.0, -0.0, -0.0, -0.0, -0.0, -0.0, 0.0, -0.0, -0.0, -0.0, -0.0, -0.0, -0.0, -0.0, -0.0, -0.0, -0.0, -0.0, -0.0, -0.0, -0.0, -0.0, -0.0, -0.0, -0.0, -0.0, -0.0, -0.0, -0.0, -0.0]
			Active cut size: 0
W:100
H:99
xList.size = 7
yList.size = 11
squareList.size = 9
myConsList.size = 0
cplex1的参考解为：3.0 0.016 s
canvasWidth:100,
canvasHeight:100,
data:[{x:0,y:74,l:25,w:48},{x:0,y:33,l:41,w:35},{x:35,y:14,l:60,w:57},],
curBestBinNum = 9
instance.getSquareList().size() = 9
solution.getPlaceSquareList().size() = 3
pattern.getKey() = 6@19@20@
用时：16 ms
--------------------------------------- Price Problem End --------------------------------------------------------
		17 Add column : 1 col:25 	0.637
			Start solve  LP :0.637
			End solve LP obj: 9.0 t: 0
com.wlj.solver.BBSolver:
--------------------------------------- Price Problem Start --------------------------------------------------------
dualPrice.size = 60 , dualPrice = [0.46153846153846156, 1.0, 1.0, 0.3076923076923077, -0.0, 0.23076923076923084, 0.6923076923076923, -0.0, 0.30769230769230765, 0.5384615384615384, 0.30769230769230765, 0.6923076923076923, -0.0, 0.7692307692307692, 0.5384615384615384, -0.0, 0.23076923076923078, 0.46153846153846156, -0.0, 0.15384615384615374, 0.15384615384615397, -0.0, -0.0, -0.0, -0.0, -0.0, -0.0, -0.0, -0.0, -0.0, 0.23076923076923078, -0.0, -0.0, -0.0, 0.6153846153846154, -0.0, 0.3076923076923077, -0.0, -0.0, -0.0, -0.0, -0.0, -0.0, -0.0, -0.0, -0.0, -0.0, -0.0, -0.0, -0.0, -0.0, -0.0, -0.0, -0.0, -0.0, -0.0, -0.0, -0.0, -0.0, -0.0]
			Active cut size: 0
W:100
H:100
xList.size = 23
yList.size = 23
squareList.size = 19
myConsList.size = 0
cplex1的参考解为：2.9230769230769234 0.062 s
canvasWidth:100,
canvasHeight:100,
data:[{x:0,y:0,l:53,w:85},{x:85,y:23,l:32,w:15},{x:0,y:54,l:21,w:34},{x:34,y:63,l:37,w:66},{x:12,y:75,l:23,w:22},],
curBestBinNum = 9
instance.getSquareList().size() = 19
solution.getPlaceSquareList().size() = 5
pattern.getKey() = 1@13@30@34@36@
用时：62 ms
--------------------------------------- Price Problem End --------------------------------------------------------
		18 Add column : 1 col:26 	0.699
			Start solve  LP :0.699
			End solve LP obj: 9.0 t: 0
com.wlj.solver.BBSolver:
--------------------------------------- Price Problem Start --------------------------------------------------------
dualPrice.size = 60 , dualPrice = [0.75, 0.0, 1.0, 0.25, 1.0, 0.5, 0.5, 0.5, 0.5, 0.25, 0.5, 0.5, -0.0, -0.0, 0.25, -0.0, 0.25, 0.25, -0.0, -0.0, 0.5, -0.0, -0.0, -0.0, -0.0, -0.0, -0.0, -0.0, 0.5, -0.0, 0.5, -0.0, -0.0, -0.0, 0.5, -0.0, -0.0, -0.0, -0.0, -0.0, -0.0, -0.0, -0.0, -0.0, -0.0, -0.0, -0.0, -0.0, -0.0, -0.0, -0.0, -0.0, -0.0, -0.0, -0.0, -0.0, -0.0, -0.0, -0.0, -0.0]
			Active cut size: 0
W:100
H:100
xList.size = 17
yList.size = 23
squareList.size = 18
myConsList.size = 0
cplex1的参考解为：3.0 0.047 s
canvasWidth:100,
canvasHeight:100,
data:[{x:0,y:63,l:37,w:99},{x:0,y:40,l:23,w:22},{x:44,y:2,l:36,w:22},{x:52,y:38,l:25,w:48},{x:66,y:17,l:21,w:34},],
curBestBinNum = 9
instance.getSquareList().size() = 18
solution.getPlaceSquareList().size() = 5
pattern.getKey() = 4@20@28@30@34@
用时：47 ms
--------------------------------------- Price Problem End --------------------------------------------------------
		19 Add column : 1 col:27 	0.746
			Start solve  LP :0.746
			End solve LP obj: 9.0 t: 0
com.wlj.solver.BBSolver:
--------------------------------------- Price Problem Start --------------------------------------------------------
dualPrice.size = 60 , dualPrice = [0.5833333333333334, 0.6666666666666667, 1.0, 0.41666666666666663, 0.3333333333333333, 0.8333333333333334, 0.8333333333333334, 0.16666666666666666, 0.16666666666666666, 0.41666666666666663, 0.16666666666666666, 0.8333333333333334, -0.0, -0.0, 0.41666666666666663, -0.0, 0.41666666666666663, 0.41666666666666674, -0.0, -0.0, 0.16666666666666666, -0.0, -0.0, -0.0, -0.0, -0.0, -0.0, -0.0, 0.16666666666666674, -0.0, 0.16666666666666666, -0.0, -0.0, -0.0, 0.16666666666666666, -0.0, -0.0, -0.0, 0.6666666666666666, -0.0, -0.0, -0.0, -0.0, -0.0, -0.0, -0.0, -0.0, -0.0, -0.0, -0.0, -0.0, -0.0, -0.0, -0.0, -0.0, -0.0, -0.0, -0.0, -0.0, -0.0]
			Active cut size: 0
W:100
H:100
xList.size = 19
yList.size = 31
squareList.size = 20
myConsList.size = 0
cplex1的参考解为：2.8333333333333335 0.031 s
canvasWidth:100,
canvasHeight:100,
data:[{x:0,y:61,l:39,w:72},{x:0,y:47,l:14,w:31},{x:0,y:3,l:23,w:22},{x:0,y:26,l:21,w:34},{x:34,y:6,l:55,w:65},{x:78,y:64,l:36,w:22},],
curBestBinNum = 9
instance.getSquareList().size() = 20
solution.getPlaceSquareList().size() = 6
pattern.getKey() = 5@11@28@30@34@38@
用时：31 ms
--------------------------------------- Price Problem End --------------------------------------------------------
		20 Add column : 1 col:28 	0.777
			Start solve  LP :0.777
			End solve LP obj: 9.0 t: 0
com.wlj.solver.BBSolver:
--------------------------------------- Price Problem Start --------------------------------------------------------
dualPrice.size = 60 , dualPrice = [0.625, 0.25, 1.0, 0.375, 0.75, 0.125, 0.625, 0.125, 0.375, 0.375, 0.375, 0.625, -0.0, 0.75, 0.375, -0.0, -0.0, 0.625, -0.0, -0.0, 0.25, -0.0, 0.875, -0.0, -0.0, -0.0, -0.0, -0.0, -0.0, -0.0, -0.0, -0.0, -0.0, -0.0, -0.0, -0.0, -0.0, -0.0, 0.25, -0.0, -0.0, -0.0, -0.0, -0.0, 0.25, -0.0, -0.0, -0.0, -0.0, -0.0, -0.0, -0.0, -0.0, -0.0, -0.0, -0.0, -0.0, -0.0, -0.0, -0.0]
			Active cut size: 0
W:100
H:100
xList.size = 19
yList.size = 21
squareList.size = 19
myConsList.size = 0
cplex1的参考解为：3.125 0.047 s
canvasWidth:100,
canvasHeight:100,
data:[{x:0,y:6,l:80,w:22},{x:0,y:86,l:14,w:31},{x:22,y:49,l:37,w:29},{x:22,y:14,l:35,w:10},{x:33,y:12,l:37,w:66},{x:52,y:50,l:50,w:48},],
curBestBinNum = 9
instance.getSquareList().size() = 19
solution.getPlaceSquareList().size() = 6
pattern.getKey() = 13@14@17@22@38@44@
用时：47 ms
--------------------------------------- Price Problem End --------------------------------------------------------
		21 Add column : 1 col:29 	0.824
			Start solve  LP :0.824
			End solve LP obj: 9.0 t: 0
com.wlj.solver.BBSolver:
--------------------------------------- Price Problem Start --------------------------------------------------------
dualPrice.size = 60 , dualPrice = [1.0, 0.33333333333333326, 1.0, 0.6666666666666667, 0.6666666666666667, 0.6666666666666666, 0.6666666666666667, -0.0, 1.0, -0.0, 0.33333333333333326, -0.0, 0.33333333333333326, 0.33333333333333337, -0.0, -0.0, -0.0, 0.0, -0.0, -0.0, 0.33333333333333326, -0.0, 0.33333333333333337, 0.33333333333333326, 0.6666666666666667, -0.0, -0.0, -0.0, -0.0, -0.0, -0.0, -0.0, -0.0, -0.0, -0.0, -0.0, -0.0, -0.0, 0.33333333333333337, -0.0, -0.0, -0.0, -0.0, -0.0, -0.0, -0.0, -0.0, -0.0, -0.0, -0.0, -0.0, -0.0, -0.0, -0.0, -0.0, -0.0, -0.0, -0.0, -0.0, -0.0]
			Active cut size: 0
W:100
H:100
xList.size = 9
yList.size = 27
squareList.size = 16
myConsList.size = 0
cplex1的参考解为：3.0 0.0 s
canvasWidth:100,
canvasHeight:100,
data:[{x:0,y:10,l:28,w:37},{x:0,y:38,l:37,w:29},{x:0,y:75,l:25,w:48},{x:37,y:14,l:61,w:53},{x:50,y:79,l:21,w:49},{x:60,y:0,l:14,w:31},],
curBestBinNum = 9
instance.getSquareList().size() = 16
solution.getPlaceSquareList().size() = 6
pattern.getKey() = 8@20@22@23@24@38@
用时：16 ms
--------------------------------------- Price Problem End --------------------------------------------------------
		22 Add column : 1 col:30 	0.84
			Start solve  LP :0.84
			End solve LP obj: 9.0 t: 0
com.wlj.solver.BBSolver:
--------------------------------------- Price Problem Start --------------------------------------------------------
dualPrice.size = 60 , dualPrice = [0.5, -0.0, 1.0, 0.75, 1.0, 0.5, 0.5, -0.0, 0.5, 0.5, 0.5, -0.0, 0.5, 0.5, 0.25, -0.0, 0.25, 0.25, 0.25, -0.0, 0.0, -0.0, 0.0, -0.0, 0.5, -0.0, -0.0, -0.0, 0.0, -0.0, -0.0, -0.0, -0.0, -0.0, -0.0, 0.25, -0.0, -0.0, 0.0, -0.0, -0.0, -0.0, -0.0, -0.0, -0.0, -0.0, -0.0, -0.0, 0.5, -0.0, -0.0, -0.0, -0.0, -0.0, -0.0, -0.0, -0.0, -0.0, -0.0, -0.0]
			Active cut size: 0
W:100
H:100
xList.size = 35
yList.size = 15
squareList.size = 18
myConsList.size = 0
cplex1的参考解为：2.75 0.031 s
canvasWidth:100,
canvasHeight:100,
data:[{x:0,y:0,l:37,w:99},{x:33,y:37,l:21,w:49},{x:82,y:45,l:32,w:7},{x:89,y:55,l:45,w:11},{x:10,y:60,l:40,w:72},],
curBestBinNum = 9
instance.getSquareList().size() = 18
solution.getPlaceSquareList().size() = 5
pattern.getKey() = 4@10@24@35@48@
用时：47 ms
--------------------------------------- Price Problem End --------------------------------------------------------
		23 Add column : 1 col:31 	0.887
			Start solve  LP :0.887
			End solve LP obj: 9.0 t: 0
com.wlj.solver.BBSolver:
--------------------------------------- Price Problem Start --------------------------------------------------------
dualPrice.size = 60 , dualPrice = [0.16666666666666669, 1.0, 1.0, 0.33333333333333337, 0.0, 0.0, 0.33333333333333326, -0.0, 0.16666666666666669, 0.8333333333333333, 0.33333333333333326, 0.6666666666666667, 0.6666666666666667, 0.0, 0.16666666666666669, -0.0, 0.33333333333333337, 0.5, 0.6666666666666666, -0.0, 0.49999999999999994, -0.0, 0.33333333333333337, -0.0, -0.0, -0.0, -0.0, -0.0, 0.33333333333333326, -0.0, -0.0, -0.0, -0.0, -0.0, -0.0, -0.0, -0.0, -0.0, -0.0, -0.0, -0.0, -0.0, -0.0, -0.0, -0.0, -0.0, -0.0, -0.0, 0.6666666666666667, -0.0, -0.0, -0.0, -0.0, -0.0, -0.0, -0.0, -0.0, -0.0, -0.0, -0.0]
			Active cut size: 0
W:100
H:100
xList.size = 23
yList.size = 19
squareList.size = 18
myConsList.size = 0
cplex1的参考解为：3.3333333333333335 0.031 s
canvasWidth:100,
canvasHeight:100,
data:[{x:9,y:0,l:33,w:91},{x:2,y:0,l:32,w:7},{x:36,y:37,l:37,w:29},{x:14,y:39,l:36,w:22},{x:65,y:53,l:44,w:35},{x:17,y:75,l:25,w:48},],
curBestBinNum = 9
instance.getSquareList().size() = 18
solution.getPlaceSquareList().size() = 6
pattern.getKey() = 9@18@20@22@28@48@
用时：31 ms
--------------------------------------- Price Problem End --------------------------------------------------------
		24 Add column : 1 col:32 	0.918
			Start solve  LP :0.918
			End solve LP obj: 9.0 t: 0
com.wlj.solver.BBSolver:
--------------------------------------- Price Problem Start --------------------------------------------------------
dualPrice.size = 60 , dualPrice = [0.7435897435897436, 0.5384615384615384, 1.0, 0.641025641025641, 0.46153846153846156, 0.25641025641025644, 0.5897435897435898, 0.28205128205128205, 0.41025641025641024, 0.25641025641025644, 0.41025641025641024, 0.5897435897435898, 0.41025641025641024, 0.46153846153846156, -0.0, -0.0, 0.23076923076923078, 0.358974358974359, 0.25641025641025644, 0.3333333333333333, 0.07692307692307693, 0.28205128205128216, 0.15384615384615383, -0.0, -0.0, -0.0, -0.0, -0.0, 0.1282051282051282, -0.0, -0.0, -0.0, -0.0, -0.0, -0.0, -0.0, -0.0, -0.0, -0.0, -0.0, -0.0, -0.0, -0.0, -0.0, -0.0, -0.0, -0.0, -0.0, 0.1282051282051282, -0.0, -0.0, -0.0, -0.0, -0.0, -0.0, -0.0, -0.0, -0.0, -0.0, -0.0]
			Active cut size: 0
W:100
H:100
xList.size = 31
yList.size = 23
squareList.size = 23
myConsList.size = 0
cplex1的参考解为：1.8205128205128207 0.14 s
canvasWidth:100,
canvasHeight:100,
data:[{x:50,y:0,l:88,w:50},{x:13,y:0,l:31,w:37},{x:2,y:31,l:25,w:48},{x:15,y:58,l:41,w:35},{x:8,y:68,l:32,w:7},],
curBestBinNum = 9
instance.getSquareList().size() = 23
solution.getPlaceSquareList().size() = 5
pattern.getKey() = 2@19@20@21@48@
用时：156 ms
--------------------------------------- Price Problem End --------------------------------------------------------
		25 Add column : 1 col:33 	1.074
			Start solve  LP :1.074
			End solve LP obj: 9.0 t: 0
com.wlj.solver.BBSolver:
--------------------------------------- Price Problem Start --------------------------------------------------------
dualPrice.size = 60 , dualPrice = [0.625, 0.625, 0.5, 0.625, 0.375, 0.375, 0.5, 0.25, 0.5, 0.375, 0.5, 0.5, 0.5, 0.375, -0.0, 0.5, 0.25, 0.25, 0.375, 0.125, -0.0, 0.375, 0.125, -0.0, -0.0, -0.0, -0.0, -0.0, 0.125, -0.0, -0.0, -0.0, -0.0, -0.0, -0.0, -0.0, -0.0, -0.0, -0.0, -0.0, -0.0, -0.0, -0.0, -0.0, 0.25, -0.0, -0.0, -0.0, -0.0, -0.0, -0.0, -0.0, -0.0, -0.0, -0.0, -0.0, -0.0, -0.0, -0.0, -0.0]
			Active cut size: 0
W:100
H:100
xList.size = 29
yList.size = 17
squareList.size = 23
myConsList.size = 0
cplex1的参考解为：1.75 0.047 s
canvasWidth:100,
canvasHeight:100,
data:[{x:4,y:0,l:44,w:35},{x:61,y:0,l:35,w:10},{x:39,y:0,l:36,w:22},{x:71,y:31,l:37,w:29},{x:14,y:53,l:46,w:49},{x:63,y:69,l:31,w:37},],
curBestBinNum = 9
instance.getSquareList().size() = 23
solution.getPlaceSquareList().size() = 6
pattern.getKey() = 15@18@21@22@28@44@
用时：47 ms
--------------------------------------- Price Problem End --------------------------------------------------------
		26 Add column : 1 col:34 	1.121
			Start solve  LP :1.121
			End solve LP obj: 9.0 t: 0
com.wlj.solver.BBSolver:
--------------------------------------- Price Problem Start --------------------------------------------------------
dualPrice.size = 60 , dualPrice = [0.6666666666666667, 0.6666666666666666, 0.8333333333333333, 0.6666666666666667, 0.33333333333333337, 0.33333333333333337, 0.5, 0.3333333333333333, 0.5, 0.3333333333333333, 0.5, 0.5, 0.5, 0.33333333333333337, -0.0, 0.16666666666666669, 0.16666666666666669, 0.3333333333333333, 0.3333333333333333, 0.16666666666666669, -0.0, 0.0, 0.16666666666666666, -0.0, -0.0, -0.0, 0.33333333333333326, -0.0, 0.16666666666666666, -0.0, -0.0, -0.0, -0.0, -0.0, -0.0, -0.0, -0.0, -0.0, -0.0, -0.0, -0.0, -0.0, -0.0, -0.0, 0.16666666666666669, -0.0, -0.0, -0.0, -0.0, -0.0, -0.0, -0.0, -0.0, -0.0, -0.0, -0.0, -0.0, -0.0, -0.0, -0.0]
			Active cut size: 0
W:100
H:100
xList.size = 27
yList.size = 22
squareList.size = 23
myConsList.size = 0
cplex1的参考解为：1.8333333333333333 0.047 s
canvasWidth:100,
canvasHeight:100,
data:[{x:50,y:0,l:88,w:50},{x:0,y:0,l:16,w:50},{x:15,y:16,l:44,w:35},{x:5,y:16,l:35,w:10},{x:21,y:62,l:37,w:29},],
curBestBinNum = 9
instance.getSquareList().size() = 23
solution.getPlaceSquareList().size() = 5
pattern.getKey() = 2@18@22@26@44@
用时：47 ms
--------------------------------------- Price Problem End --------------------------------------------------------
		27 Add column : 1 col:35 	1.168
			Start solve  LP :1.168
			End solve LP obj: 9.0 t: 0
com.wlj.solver.BBSolver:
--------------------------------------- Price Problem Start --------------------------------------------------------
dualPrice.size = 60 , dualPrice = [0.7999999999999998, 0.5999999999999996, 0.5000000000000004, 0.6000000000000001, 0.40000000000000036, 0.20000000000000018, 0.6000000000000001, 0.39999999999999947, 0.3999999999999999, 0.20000000000000018, 0.3999999999999999, 0.6000000000000001, 0.3999999999999999, 0.40000000000000036, -0.0, 0.49999999999999956, 0.20000000000000062, 0.3999999999999999, 0.20000000000000018, 0.3999999999999999, -0.0, 0.09999999999999964, 4.440892098500626E-16, -0.0, -0.0, -0.0, 0.30000000000000027, -0.0, 0.19999999999999973, -0.0, -0.0, -0.0, -0.0, -0.0, -0.0, 0.1999999999999993, -0.0, -0.0, -0.0, -0.0, -0.0, -0.0, -0.0, -0.0, 4.440892098500626E-16, -0.0, -0.0, -0.0, -0.0, -0.0, -0.0, -0.0, -0.0, -0.0, -0.0, -0.0, -0.0, -0.0, -0.0, -0.0]
			Active cut size: 0
W:100
H:100
xList.size = 23
yList.size = 27
squareList.size = 23
myConsList.size = 0
cplex1的参考解为：2.199999999999999 0.047 s
canvasWidth:100,
canvasHeight:100,
data:[{x:0,y:0,l:39,w:72},{x:0,y:54,l:46,w:49},{x:50,y:84,l:16,w:50},{x:52,y:39,l:45,w:11},{x:65,y:43,l:41,w:35},{x:78,y:7,l:36,w:22},],
curBestBinNum = 9
instance.getSquareList().size() = 23
solution.getPlaceSquareList().size() = 6
pattern.getKey() = 11@15@19@26@28@35@
用时：47 ms
--------------------------------------- Price Problem End --------------------------------------------------------
		28 Add column : 1 col:36 	1.215
			Start solve  LP :1.215
			End solve LP obj: 9.0 t: 0
com.wlj.solver.BBSolver:
--------------------------------------- Price Problem Start --------------------------------------------------------
dualPrice.size = 60 , dualPrice = [0.6666666666666667, 1.0, 0.6666666666666666, 0.6666666666666667, -2.7755575615628914E-17, 0.33333333333333337, 0.33333333333333337, 0.6666666666666666, 0.3333333333333335, 0.33333333333333326, 0.33333333333333337, 0.33333333333333326, 0.6666666666666666, -2.7755575615628914E-17, -0.0, 0.33333333333333337, 0.33333333333333326, 0.33333333333333326, 0.3333333333333333, -0.0, -0.0, 0.33333333333333326, 0.0, -0.0, 0.33333333333333326, -0.0, -0.0, -0.0, -0.0, -0.0, -0.0, -0.0, -0.0, -0.0, -0.0, 0.33333333333333326, -0.0, -0.0, 0.3333333333333333, -0.0, -0.0, -0.0, -0.0, -0.0, -0.0, -0.0, -0.0, -0.0, -0.0, -0.0, -0.0, -0.0, -0.0, -0.0, -0.0, -0.0, -0.0, -0.0, -0.0, -0.0]
			Active cut size: 0
W:100
H:100
xList.size = 27
yList.size = 27
squareList.size = 20
myConsList.size = 0
cplex1的参考解为：2.333333333333333 0.056 s
canvasWidth:100,
canvasHeight:100,
data:[{x:4,y:0,l:53,w:85},{x:89,y:0,l:45,w:11},{x:34,y:53,l:14,w:31},{x:65,y:54,l:44,w:35},{x:28,y:67,l:31,w:37},],
curBestBinNum = 9
instance.getSquareList().size() = 20
solution.getPlaceSquareList().size() = 5
pattern.getKey() = 1@18@21@35@38@
用时：56 ms
--------------------------------------- Price Problem End --------------------------------------------------------
		29 Add column : 1 col:37 	1.286
			Start solve  LP :1.286
			End solve LP obj: 9.0 t: 0
com.wlj.solver.BBSolver:
--------------------------------------- Price Problem Start --------------------------------------------------------
dualPrice.size = 60 , dualPrice = [0.868421052631579, 0.5789473684210527, 0.605263157894737, 0.7894736842105263, 0.42105263157894735, 0.07894736842105265, 0.5, 0.5, 0.5789473684210527, 0.13157894736842102, 0.5, 0.42105263157894735, 0.5, 0.42105263157894735, -0.0, 0.3947368421052631, 0.21052631578947367, 0.21052631578947367, 0.13157894736842102, -0.0, -0.0, 0.21052631578947367, 0.2631578947368421, -0.0, 0.07894736842105265, -0.0, -0.0, -0.0, -0.0, -0.0, -0.0, -0.0, -0.0, -0.0, -0.0, -0.0, -0.0, -0.0, 0.07894736842105265, -0.0, 0.5263157894736843, -0.0, -0.0, -0.0, -0.0, -0.0, -0.0, -0.0, -0.0, -0.0, -0.0, -0.0, -0.0, -0.0, -0.0, -0.0, -0.0, -0.0, -0.0, -0.0]
			Active cut size: 0
W:100
H:100
xList.size = 31
yList.size = 31
squareList.size = 23
myConsList.size = 0
cplex1的参考解为：2.1315789473684212 0.078 s
canvasWidth:100,
canvasHeight:100,
data:[{x:0,y:0,l:48,w:100},{x:36,y:48,l:26,w:15},{x:5,y:48,l:14,w:31},{x:51,y:52,l:46,w:49},{x:7,y:63,l:37,w:29},],
curBestBinNum = 9
instance.getSquareList().size() = 23
solution.getPlaceSquareList().size() = 5
pattern.getKey() = 0@15@22@38@40@
用时：85 ms
--------------------------------------- Price Problem End --------------------------------------------------------
		30 Add column : 1 col:38 	1.371
			Start solve  LP :1.371
			End solve LP obj: 9.0 t: 0
com.wlj.solver.BBSolver:
--------------------------------------- Price Problem Start --------------------------------------------------------
dualPrice.size = 60 , dualPrice = [0.33333333333333326, 0.3333333333333335, 0.6666666666666667, 0.6666666666666667, 0.6666666666666665, -0.0, 0.33333333333333337, 0.6666666666666666, 0.3333333333333333, 0.6666666666666667, 0.33333333333333337, 0.6666666666666667, 0.6666666666666666, 0.33333333333333337, -0.0, 0.0, 0.33333333333333337, 0.33333333333333326, 0.33333333333333326, -0.0, -0.0, 0.33333333333333326, -0.0, -0.0, -1.1102230246251565E-16, -0.0, -0.0, 0.33333333333333326, -0.0, -0.0, -0.0, -0.0, -0.0, -0.0, -0.0, -0.0, -0.0, -0.0, 0.0, -0.0, 0.6666666666666667, -0.0, -0.0, -0.0, -0.0, -0.0, -0.0, -0.0, -0.0, -0.0, -0.0, -0.0, -0.0, -0.0, -0.0, -0.0, -0.0, -0.0, -0.0, -0.0]
			Active cut size: 0
W:100
H:100
xList.size = 31
yList.size = 19
squareList.size = 19
myConsList.size = 0
cplex1的参考解为：2.666666666666667 0.031 s
canvasWidth:100,
canvasHeight:100,
data:[{x:6,y:0,l:36,w:78},{x:84,y:0,l:50,w:16},{x:47,y:36,l:31,w:37},{x:32,y:37,l:26,w:15},{x:0,y:67,l:33,w:91},],
curBestBinNum = 9
instance.getSquareList().size() = 19
solution.getPlaceSquareList().size() = 5
pattern.getKey() = 9@12@21@27@40@
用时：31 ms
--------------------------------------- Price Problem End --------------------------------------------------------
		31 Add column : 1 col:39 	1.402
			Start solve  LP :1.402
			End solve LP obj: 9.0 t: 0
com.wlj.solver.BBSolver:
--------------------------------------- Price Problem Start --------------------------------------------------------
dualPrice.size = 60 , dualPrice = [0.5, 0.5, 0.75, 0.75, 0.5, 0.25, 0.5, 0.5, 0.5, -0.0, 0.5, 0.5, 0.5, 0.25, 0.25, -0.0, 0.25, 0.25, 0.24999999999999997, 0.24999999999999997, -0.0, -2.7755575615628914E-17, -0.0, -0.0, 0.0, -0.0, -0.0, 0.24999999999999994, -0.0, -0.0, -0.0, -0.0, -0.0, -0.0, -0.0, -0.0, -0.0, -0.0, 0.25, -0.0, 0.25000000000000006, -0.0, -0.0, -0.0, -0.0, -0.0, -0.0, -0.0, -0.0, -0.0, -0.0, -0.0, -0.0, 0.5, -0.0, -0.0, -0.0, -0.0, -0.0, -0.0]
			Active cut size: 0
W:100
H:100
xList.size = 47
yList.size = 27
squareList.size = 22
myConsList.size = 0
cplex1的参考解为：2.25 0.11 s
canvasWidth:100,
canvasHeight:100,
data:[{x:15,y:0,l:71,w:52},{x:8,y:0,l:19,w:7},{x:67,y:0,l:98,w:33},{x:0,y:19,l:26,w:15},{x:36,y:86,l:14,w:31},],
curBestBinNum = 9
instance.getSquareList().size() = 22
solution.getPlaceSquareList().size() = 5
pattern.getKey() = 3@7@38@40@53@
用时：125 ms
--------------------------------------- Price Problem End --------------------------------------------------------
		32 Add column : 1 col:40 	1.527
			Start solve  LP :1.527
			End solve LP obj: 9.0 t: 0
com.wlj.solver.BBSolver:
--------------------------------------- Price Problem Start --------------------------------------------------------
dualPrice.size = 60 , dualPrice = [0.6875, 0.5, 0.5625, 0.6875, 0.5, 0.375, 0.625, -0.0, 0.5, -0.0, 0.375, 0.5, 0.375, 0.5, 0.0, -0.0, 0.1875, 0.3125, 0.3125, 0.25, -0.0, 0.1875, -0.0, -0.0, 0.125, -0.0, 0.125, 0.4375, 0.125, -0.0, -0.0, -0.0, -0.0, -0.0, -0.0, -0.0, -0.0, -0.0, -0.0, -0.0, -0.0, -0.0, -0.0, -0.0, -0.0, -0.0, -0.0, -0.0, -0.0, -0.0, 0.0625, -0.0, 0.375, 0.3125, -0.0, -0.0, -0.0, -0.0, -0.0, -0.0]
			Active cut size: 0
W:100
H:100
xList.size = 45
yList.size = 47
squareList.size = 24
myConsList.size = 0
cplex1的参考解为：2.625 0.203 s
canvasWidth:100,
canvasHeight:100,
data:[{x:0,y:20,l:80,w:22},{x:0,y:0,l:7,w:31},{x:22,y:12,l:19,w:7},{x:23,y:50,l:50,w:16},{x:23,y:31,l:19,w:9},{x:34,y:3,l:37,w:66},{x:42,y:40,l:60,w:57},],
curBestBinNum = 9
instance.getSquareList().size() = 24
solution.getPlaceSquareList().size() = 7
pattern.getKey() = 6@13@17@27@50@52@53@
用时：203 ms
--------------------------------------- Price Problem End --------------------------------------------------------
		33 Add column : 1 col:41 	1.73
			Start solve  LP :1.73
			End solve LP obj: 9.0 t: 0
com.wlj.solver.BBSolver:
--------------------------------------- Price Problem Start --------------------------------------------------------
dualPrice.size = 60 , dualPrice = [0.7, 0.8, 0.8, 0.30000000000000004, 0.19999999999999996, 0.30000000000000004, 0.30000000000000004, 0.7, 0.7, 0.30000000000000004, 0.5, 0.19999999999999996, 0.5, -0.0, 0.30000000000000004, 0.19999999999999996, 0.30000000000000004, -0.0, -0.0, -0.0, -0.0, 0.19999999999999996, -0.0, -0.0, 0.30000000000000004, -0.0, 0.19999999999999996, -0.0, 0.40000000000000013, -0.0, 0.09999999999999987, -0.0, -0.0, -0.0, -0.0, -0.0, -0.0, -0.0, -0.0, -0.0, -0.0, -0.0, -0.0, -0.0, -0.0, -0.0, -0.0, -0.0, -0.0, -0.0, 0.7, -0.0, -0.0, -0.0, -0.0, -0.0, -0.0, -0.0, -0.0, -0.0]
			Active cut size: 0
W:100
H:100
xList.size = 19
yList.size = 39
squareList.size = 22
myConsList.size = 0
cplex1的参考解为：2.7 0.047 s
canvasWidth:100,
canvasHeight:100,
data:[{x:0,y:0,l:98,w:33},{x:34,y:32,l:7,w:31},{x:37,y:1,l:31,w:37},{x:47,y:39,l:61,w:53},{x:78,y:3,l:36,w:22},],
curBestBinNum = 9
instance.getSquareList().size() = 22
solution.getPlaceSquareList().size() = 5
pattern.getKey() = 7@8@21@28@50@
用时：47 ms
--------------------------------------- Price Problem End --------------------------------------------------------
		34 Add column : 1 col:42 	1.793
			Start solve  LP :1.793
			End solve LP obj: 9.0 t: 0
com.wlj.solver.BBSolver:
--------------------------------------- Price Problem Start --------------------------------------------------------
dualPrice.size = 60 , dualPrice = [0.5714285714285714, 0.7142857142857143, 0.8571428571428572, 0.4285714285714286, 0.2857142857142857, 0.4285714285714286, 0.2857142857142857, -0.0, 0.4285714285714286, 0.4285714285714286, 0.4285714285714286, 0.2857142857142857, 0.5714285714285714, 0.1428571428571429, 0.4285714285714286, 0.1428571428571428, 0.5714285714285714, -0.0, -0.0, -0.0, -0.0, -0.0, -0.0, -0.0, 0.2857142857142857, -0.0, 0.1428571428571428, -0.0, -0.0, -0.0, 0.0, -0.0, -0.0, -0.0, -0.0, -0.0, -0.0, -0.0, 0.2857142857142857, -0.0, -0.0, -0.0, -0.0, -0.0, -0.0, -0.0, -0.0, -0.0, -0.0, -0.0, 0.5714285714285714, -0.0, -0.0, -0.0, 0.7142857142857143, -0.0, -0.0, -0.0, -0.0, -0.0]
			Active cut size: 0
W:100
H:100
xList.size = 13
yList.size = 43
squareList.size = 21
myConsList.size = 0
cplex1的参考解为：3.1428571428571432 0.047 s
canvasWidth:100,
canvasHeight:100,
data:[{x:0,y:12,l:88,w:50},{x:0,y:5,l:7,w:31},{x:50,y:86,l:14,w:9},{x:50,y:65,l:21,w:49},{x:52,y:15,l:50,w:48},{x:66,y:1,l:14,w:31},],
curBestBinNum = 9
instance.getSquareList().size() = 21
solution.getPlaceSquareList().size() = 6
pattern.getKey() = 2@14@24@38@50@54@
用时：47 ms
--------------------------------------- Price Problem End --------------------------------------------------------
		35 Add column : 1 col:43 	1.84
			Start solve  LP :1.84
			End solve LP obj: 9.0 t: 0
com.wlj.solver.BBSolver:
--------------------------------------- Price Problem Start --------------------------------------------------------
dualPrice.size = 60 , dualPrice = [0.7142857142857143, 0.5714285714285714, 0.2857142857142858, 0.5714285714285715, 0.4285714285714286, 0.5714285714285714, 0.4285714285714286, -0.0, 0.7142857142857143, 0.2857142857142857, 0.5714285714285714, 0.2857142857142857, 0.42857142857142855, 0.42857142857142855, -0.0, 0.14285714285714302, 0.2857142857142857, -0.0, 0.2857142857142857, -0.0, -0.0, -0.0, -0.0, -0.0, -0.0, -0.0, 0.4285714285714285, -0.0, 0.1428571428571428, 0.5714285714285712, 0.0, 0.1428571428571429, -0.0, -0.0, -0.0, -0.0, -0.0, -0.0, -0.0, -0.0, -0.0, -0.0, -0.0, -0.0, -0.0, -0.0, -0.0, -0.0, -0.0, -0.0, 0.1428571428571428, -0.0, -0.0, -0.0, 0.5714285714285714, -0.0, -0.0, -0.0, -0.0, -0.0]
			Active cut size: 0
W:100
H:100
xList.size = 35
yList.size = 43
squareList.size = 22
myConsList.size = 0
cplex1的参考解为：2.9999999999999996 0.109 s
canvasWidth:100,
canvasHeight:100,
data:[{x:0,y:5,l:61,w:53},{x:0,y:66,l:34,w:19},{x:19,y:79,l:7,w:31},{x:41,y:86,l:14,w:9},{x:50,y:84,l:16,w:50},{x:53,y:1,l:83,w:25},{x:78,y:6,l:36,w:22},{x:82,y:42,l:42,w:18},],
curBestBinNum = 9
instance.getSquareList().size() = 22
solution.getPlaceSquareList().size() = 8
pattern.getKey() = 8@16@26@28@29@31@50@54@
用时：109 ms
--------------------------------------- Price Problem End --------------------------------------------------------
		36 Add column : 1 col:44 	1.949
			Start solve  LP :1.949
			End solve LP obj: 9.0 t: 0
com.wlj.solver.BBSolver:
--------------------------------------- Price Problem Start --------------------------------------------------------
dualPrice.size = 60 , dualPrice = [0.5, 0.5, 0.5, 1.0, 0.5, 0.5, 0.5, -0.0, 0.0, 0.5, 0.5, 0.5, 0.5, 0.5, -0.0, 0.0, -0.0, -0.0, 0.0, -0.0, -0.0, -0.0, 0.5, -0.0, -0.0, 1.0, 0.0, -0.0, 0.0, 0.5, -0.0, -0.0, -0.0, -0.0, -0.0, -0.0, -0.0, -0.0, -0.0, -0.0, -0.0, -0.0, -0.0, -0.0, -0.0, -0.0, -0.0, -0.0, -0.0, -0.0, -0.0, -0.0, -0.0, -0.0, 0.5, -0.0, -0.0, -0.0, -0.0, -0.0]
			Active cut size: 0
W:100
H:100
xList.size = 19
yList.size = 23
squareList.size = 16
myConsList.size = 0
cplex1的参考解为：3.5 0.016 s
canvasWidth:100,
canvasHeight:100,
data:[{x:0,y:1,l:28,w:36},{x:0,y:29,l:71,w:52},{x:36,y:15,l:14,w:9},{x:52,y:58,l:42,w:18},{x:52,y:21,l:37,w:29},],
curBestBinNum = 9
instance.getSquareList().size() = 16
solution.getPlaceSquareList().size() = 5
pattern.getKey() = 3@22@25@29@54@
用时：16 ms
--------------------------------------- Price Problem End --------------------------------------------------------
		37 Add column : 1 col:45 	1.965
			Start solve  LP :1.965
			End solve LP obj: 9.0 t: 0
com.wlj.solver.BBSolver:
--------------------------------------- Price Problem Start --------------------------------------------------------
dualPrice.size = 60 , dualPrice = [0.75, 0.25, 0.5, 0.75, -0.0, 0.5, 0.5, -0.0, 0.75, 0.25, 0.5, 0.25, 0.5, 0.5, -0.0, 0.25, -0.0, -0.0, 0.0, -0.0, -0.0, 0.25, -0.0, -0.0, -0.0, 0.25, -0.0, -0.0, -0.0, -0.0, -0.0, 0.25, 0.25, 0.75, -0.0, 0.5, -0.0, -0.0, -0.0, -0.0, -0.0, -0.0, -0.0, -0.0, 0.5, -0.0, -0.0, -0.0, -0.0, -0.0, -0.0, -0.0, -0.0, -0.0, 0.0, -0.0, -0.0, -0.0, -0.0, -0.0]
			Active cut size: 0
W:100
H:100
xList.size = 49
yList.size = 25
squareList.size = 20
myConsList.size = 0
cplex1的参考解为：3.75 0.281 s
canvasWidth:100,
canvasHeight:100,
data:[{x:47,y:0,l:61,w:53},{x:37,y:0,l:35,w:10},{x:0,y:0,l:50,w:11},{x:18,y:0,l:34,w:19},{x:11,y:35,l:28,w:36},{x:0,y:55,l:45,w:11},{x:20,y:63,l:37,w:14},{x:34,y:63,l:37,w:66},],
curBestBinNum = 9
instance.getSquareList().size() = 20
solution.getPlaceSquareList().size() = 8
pattern.getKey() = 8@13@25@31@32@33@35@44@
用时：281 ms
--------------------------------------- Price Problem End --------------------------------------------------------
		38 Add column : 1 col:46 	2.246
			Start solve  LP :2.246
			End solve LP obj: 9.0 t: 0
com.wlj.solver.BBSolver:
--------------------------------------- Price Problem Start --------------------------------------------------------
dualPrice.size = 60 , dualPrice = [0.6590909090909092, 0.4545454545454546, 0.5909090909090908, 0.6931818181818181, -0.0, 0.3977272727272727, 0.5, 0.3068181818181818, -0.0, 0.3409090909090909, 0.5, 0.28409090909090906, 0.5, 0.2954545454545454, -0.0, 0.3295454545454546, -0.0, -0.0, 0.3068181818181818, 0.1022727272727273, 0.1477272727272727, 0.15909090909090912, -0.0, -0.0, 0.21590909090909094, -0.0, -0.0, -0.0, 0.20454545454545459, -0.0, -0.0, -0.0, 0.07954545454545459, 0.5454545454545454, 0.11363636363636362, 0.07954545454545456, -0.0, -0.0, -0.0, -0.0, -0.0, -0.0, -0.0, -0.0, -0.0, 1.0, -0.0, -0.0, -0.0, -0.0, -0.0, -0.0, -0.0, -0.0, 0.19318181818181818, -0.0, -0.0, -0.0, -0.0, -0.0]
			Active cut size: 0
W:100
H:100
xList.size = 49
yList.size = 37
squareList.size = 25
myConsList.size = 0
cplex1的参考解为：3.352272727272727 0.141 s
canvasWidth:100,
canvasHeight:100,
data:[{x:4,y:0,l:23,w:13},{x:17,y:0,l:40,w:72},{x:89,y:0,l:45,w:11},{x:3,y:23,l:37,w:14},{x:18,y:40,l:21,w:49},{x:67,y:40,l:23,w:22},{x:91,y:45,l:14,w:9},{x:0,y:61,l:36,w:22},{x:22,y:64,l:36,w:78},],
curBestBinNum = 9
instance.getSquareList().size() = 25
solution.getPlaceSquareList().size() = 9
pattern.getKey() = 10@12@24@28@33@34@35@45@54@
用时：156 ms
--------------------------------------- Price Problem End --------------------------------------------------------
		39 Add column : 1 col:47 	2.402
			Start solve  LP :2.402
			End solve LP obj: 9.0 t: 0
com.wlj.solver.BBSolver:
--------------------------------------- Price Problem Start --------------------------------------------------------
dualPrice.size = 60 , dualPrice = [0.8333333333333333, 0.8333333333333333, 0.16666666666666674, 0.5, 0.16666666666666674, 0.16666666666666674, 0.16666666666666663, 0.33333333333333337, -0.0, 0.16666666666666674, 0.16666666666666674, 0.8333333333333333, 0.8333333333333333, 0.16666666666666674, -0.0, -0.0, -0.0, -0.0, 0.16666666666666674, -0.0, 0.5, -0.0, -0.0, 0.5, -0.0, -0.0, -0.0, -0.0, -0.0, -0.0, -0.0, -0.0, 0.8333333333333333, -0.0, -0.0, -0.0, -0.0, -0.0, -0.0, -0.0, -0.0, -0.0, -0.0, -0.0, -0.0, 0.0, 1.0, -0.0, -0.0, -0.0, 0.6666666666666666, -0.0, -0.0, -0.0, -0.0, -0.0, -0.0, -0.0, -0.0, -0.0]
			Active cut size: 0
W:100
H:100
xList.size = 21
yList.size = 35
squareList.size = 19
myConsList.size = 0
cplex1的参考解为：4.666666666666666 0.031 s
canvasWidth:100,
canvasHeight:100,
data:[{x:0,y:36,l:39,w:72},{x:0,y:0,l:36,w:78},{x:0,y:75,l:25,w:48},{x:68,y:93,l:7,w:31},{x:85,y:75,l:18,w:15},{x:89,y:25,l:50,w:11},],
curBestBinNum = 9
instance.getSquareList().size() = 19
solution.getPlaceSquareList().size() = 6
pattern.getKey() = 11@12@20@32@46@50@
用时：31 ms
--------------------------------------- Price Problem End --------------------------------------------------------
		40 Add column : 1 col:48 	2.433
			Start solve  LP :2.433
			End solve LP obj: 9.0 t: 0
com.wlj.solver.BBSolver:
--------------------------------------- Price Problem Start --------------------------------------------------------
dualPrice.size = 60 , dualPrice = [0.6249999999999999, 0.3125, 0.6249999999999999, 0.4374999999999998, 0.6875, 0.49999999999999967, 0.3749999999999999, 0.25000000000000033, -0.0, 0.3750000000000001, 0.3125, -0.0, 0.24999999999999978, 0.25, -0.0, -0.0, -0.0, -0.0, 0.3750000000000001, 0.12500000000000022, -0.0, -0.0, -0.0, 0.3749999999999998, -0.0, -0.0, -0.0, 0.3750000000000001, 0.18750000000000044, -0.0, -0.0, 0.6875, -0.0, -0.0, -0.0, -0.0, -0.0, -0.0, 0.3124999999999999, -0.0, -0.0, -0.0, -0.0, -0.0, -0.0, 0.24999999999999978, 0.7500000000000002, 0.5625000000000002, -0.0, -0.0, -0.0, -0.0, -0.0, -0.0, -0.0, -0.0, -0.0, -0.0, -0.0, -0.0]
			Active cut size: 0
W:100
H:100
xList.size = 55
yList.size = 35
squareList.size = 22
myConsList.size = 0
cplex1的参考解为：4.375 0.094 s
canvasWidth:100,
canvasHeight:100,
data:[{x:0,y:0,l:37,w:99},{x:69,y:37,l:18,w:15},{x:0,y:37,l:28,w:37},{x:38,y:42,l:14,w:31},{x:84,y:50,l:50,w:16},{x:49,y:56,l:44,w:35},{x:17,y:66,l:34,w:19},{x:8,y:68,l:28,w:9},{x:36,y:77,l:23,w:13},],
curBestBinNum = 9
instance.getSquareList().size() = 22
solution.getPlaceSquareList().size() = 9
pattern.getKey() = 4@18@23@27@31@38@45@46@47@
用时：94 ms
--------------------------------------- Price Problem End --------------------------------------------------------
		41 Add column : 1 col:49 	2.543
			Start solve  LP :2.543
			End solve LP obj: 9.0 t: 0
com.wlj.solver.BBSolver:
--------------------------------------- Price Problem Start --------------------------------------------------------
dualPrice.size = 60 , dualPrice = [0.6666666666666667, 0.6666666666666667, 0.8333333333333334, 0.6666666666666666, 0.33333333333333326, 0.6666666666666666, 0.6666666666666666, 1.1102230246251565E-16, 0.5, 0.3333333333333333, 0.33333333333333326, -0.0, 0.33333333333333337, 0.33333333333333326, -0.0, -0.0, -0.0, -0.0, -0.0, -0.0, -0.0, -0.0, -0.0, -0.0, -0.0, -0.0, -0.0, -0.0, 0.33333333333333337, 0.16666666666666652, -0.0, -0.0, 1.1102230246251565E-16, -0.0, -0.0, -0.0, -0.0, -0.0, -0.0, 0.6666666666666667, 0.3333333333333333, -0.0, -0.0, -0.0, 0.16666666666666663, -0.0, 0.33333333333333337, 0.33333333333333337, 0.16666666666666663, -0.0, -0.0, -0.0, -0.0, -0.0, -0.0, -0.0, -0.0, -0.0, -0.0, 0.16666666666666663]
			Active cut size: 0
W:100
H:100
xList.size = 77
yList.size = 51
squareList.size = 21
myConsList.size = 0
cplex1的参考解为：3.6666666666666665 0.25 s
canvasWidth:100,
canvasHeight:100,
data:[{x:12,y:0,l:36,w:22},{x:34,y:0,l:37,w:66},{x:3,y:3,l:28,w:9},{x:0,y:31,l:32,w:7},{x:10,y:36,l:18,w:15},{x:43,y:37,l:60,w:57},{x:25,y:40,l:42,w:18},{x:15,y:54,l:35,w:10},{x:0,y:63,l:26,w:15},{x:36,y:86,l:3,w:7},{x:5,y:89,l:11,w:38},],
curBestBinNum = 9
instance.getSquareList().size() = 21
solution.getPlaceSquareList().size() = 11
pattern.getKey() = 6@13@28@29@39@40@44@46@47@48@59@
用时：250 ms
--------------------------------------- Price Problem End --------------------------------------------------------
		42 Add column : 1 col:50 	2.793
			Start solve  LP :2.793
			End solve LP obj: 9.0 t: 0
com.wlj.solver.BBSolver:
--------------------------------------- Price Problem Start --------------------------------------------------------
dualPrice.size = 60 , dualPrice = [0.33333333333333326, 0.6666666666666667, 0.3333333333333333, 0.3333333333333333, 0.33333333333333326, 0.33333333333333337, -0.0, 0.3333333333333333, 0.3333333333333333, 0.6666666666666667, 0.6666666666666667, -0.0, 0.3333333333333333, 0.0, -0.0, -0.0, -0.0, -0.0, -0.0, -0.0, -0.0, -0.0, 0.3333333333333333, 0.0, -0.0, -0.0, -0.0, -0.0, 0.0, -0.0, 0.3333333333333333, -0.0, 0.3333333333333334, -0.0, -0.0, -0.0, -0.0, -0.0, 0.33333333333333337, 0.33333333333333326, -0.0, -0.0, 0.3333333333333332, -0.0, -0.0, -0.0, -0.0, -0.0, -0.0, -0.0, 0.3333333333333333, -0.0, 0.6666666666666667, -0.0, -0.0, -0.0, -0.0, -0.0, 0.6666666666666667, 0.6666666666666667]
			Active cut size: 0
W:100
H:100
xList.size = 53
yList.size = 87
squareList.size = 21
myConsList.size = 0
cplex1的参考解为：5.0 0.594 s
canvasWidth:100,
canvasHeight:100,
data:[{x:0,y:74,l:3,w:7},{x:0,y:55,l:19,w:9},{x:0,y:77,l:12,w:31},{x:0,y:89,l:11,w:38},{x:13,y:74,l:3,w:13},{x:16,y:24,l:50,w:11},{x:27,y:0,l:40,w:72},{x:31,y:82,l:7,w:31},{x:34,y:61,l:21,w:34},{x:69,y:86,l:14,w:31},{x:69,y:49,l:37,w:29},],
curBestBinNum = 9
instance.getSquareList().size() = 21
solution.getPlaceSquareList().size() = 11
pattern.getKey() = 10@22@30@32@38@39@42@50@52@58@59@
用时：594 ms
--------------------------------------- Price Problem End --------------------------------------------------------
		43 Add column : 1 col:51 	3.387
			Start solve  LP :3.387
			End solve LP obj: 9.0 t: 0
com.wlj.solver.BBSolver:
--------------------------------------- Price Problem Start --------------------------------------------------------
dualPrice.size = 60 , dualPrice = [0.7777777777777777, 0.6666666666666667, 0.7777777777777777, 0.2777777777777778, 0.3333333333333333, 0.388888888888889, 0.05555555555555586, 0.49999999999999983, 0.22222222222222227, 0.22222222222222227, -0.0, 0.11111111111111083, 0.5555555555555555, 0.11111111111111113, -0.0, -0.0, -0.0, 0.22222222222222227, 0.22222222222222227, -0.0, -0.0, -0.0, -0.0, 0.44444444444444436, -0.0, 0.5555555555555554, -0.0, -0.0, 0.27777777777777785, -0.0, 0.055555555555555546, -0.0, -0.0, -0.0, 0.16666666666666669, -0.0, -0.0, -0.0, -0.0, -0.0, 0.22222222222222227, 0.8888888888888892, 0.22222222222222227, -0.0, -0.0, -0.0, -0.0, -0.0, -0.0, -0.0, -0.0, -0.0, -0.0, -0.0, -0.0, -0.0, -0.0, -0.0, 0.7222222222222222, -0.0]
			Active cut size: 0
W:100
H:100
xList.size = 43
yList.size = 55
squareList.size = 24
myConsList.size = 0
cplex1的参考解为：4.277777777777778 1.063 s
canvasWidth:100,
canvasHeight:100,
data:[{x:0,y:17,l:3,w:13},{x:0,y:1,l:12,w:31},{x:0,y:20,l:80,w:22},{x:22,y:64,l:36,w:78},{x:25,y:13,l:23,w:22},{x:27,y:36,l:28,w:36},{x:48,y:0,l:28,w:37},{x:66,y:32,l:32,w:12},{x:78,y:28,l:36,w:22},{x:85,y:2,l:26,w:15},],
curBestBinNum = 9
instance.getSquareList().size() = 24
solution.getPlaceSquareList().size() = 10
pattern.getKey() = 12@17@23@25@28@34@40@41@42@58@
用时：1082 ms
--------------------------------------- Price Problem End --------------------------------------------------------
		44 Add column : 1 col:52 	4.469
			Start solve  LP :4.469
			End solve LP obj: 9.0 t: 0
com.wlj.solver.BBSolver:
--------------------------------------- Price Problem Start --------------------------------------------------------
dualPrice.size = 60 , dualPrice = [0.49999999999999983, 0.5000000000000002, 0.6666666666666665, 0.6666666666666665, 0.4999999999999998, 0.33333333333333326, 0.4999999999999998, 0.3333333333333334, -0.0, 0.5000000000000002, -0.0, 0.5000000000000002, 0.5000000000000002, 0.3333333333333333, 0.3333333333333334, -0.0, 0.3333333333333335, -0.0, 0.16666666666666674, -0.0, -0.0, -0.0, 0.16666666666666674, -0.0, -0.0, -0.0, -0.0, -0.0, -0.0, -0.0, 0.16666666666666652, 0.3333333333333335, -0.0, -0.0, -0.0, 0.33333333333333315, -0.0, -0.0, -0.0, -0.0, -0.0, 0.1666666666666663, 0.3333333333333335, -0.0, -0.0, -0.0, -0.0, -0.0, -0.0, 0.6666666666666665, 1.1102230246251565E-16, -0.0, 0.1666666666666668, -0.0, -0.0, -0.0, -0.0, -0.0, -0.0, -0.0]
			Active cut size: 0
W:100
H:100
xList.size = 67
yList.size = 41
squareList.size = 23
myConsList.size = 0
cplex1的参考解为：3.1666666666666665 0.126 s
canvasWidth:100,
canvasHeight:100,
data:[{x:17,y:0,l:39,w:72},{x:89,y:0,l:45,w:11},{x:5,y:0,l:32,w:12},{x:3,y:39,l:36,w:78},{x:81,y:66,l:34,w:19},{x:7,y:75,l:12,w:31},{x:38,y:79,l:21,w:34},{x:72,y:81,l:19,w:9},{x:21,y:87,l:13,w:17},],
curBestBinNum = 9
instance.getSquareList().size() = 23
solution.getPlaceSquareList().size() = 9
pattern.getKey() = 11@12@30@31@35@41@42@49@52@
用时：131 ms
--------------------------------------- Price Problem End --------------------------------------------------------
		45 Add column : 1 col:53 	4.602
			Start solve  LP :4.602
			End solve LP obj: 9.0 t: 1
com.wlj.solver.BBSolver:
--------------------------------------- Price Problem Start --------------------------------------------------------
dualPrice.size = 60 , dualPrice = [0.2857142857142857, 0.4285714285714286, 0.42857142857142855, 0.2857142857142856, 0.5714285714285714, 0.4285714285714286, 0.4285714285714286, 0.2857142857142857, 0.5714285714285714, 0.4285714285714286, 0.14285714285714285, -0.0, 0.5714285714285714, 0.2857142857142857, 0.4285714285714286, 0.5714285714285714, 0.1428571428571428, 0.0, 0.28571428571428564, -0.0, -0.0, -0.0, -0.0, -0.0, -0.0, -0.0, 0.28571428571428575, -0.0, 0.0, -0.0, -0.0, -0.0, -0.0, -0.0, 0.28571428571428575, -0.0, -0.0, -0.0, 0.14285714285714285, -0.0, -0.0, 0.1428571428571428, -0.0, 0.7142857142857144, -0.0, -0.0, -0.0, -0.0, 0.2857142857142857, 0.2857142857142858, -0.0, -0.0, -0.0, 0.2857142857142857, -0.0, -0.0, -0.0, -0.0, -0.0, -0.0]
			Active cut size: 0
W:100
H:100
xList.size = 61
yList.size = 63
squareList.size = 25
myConsList.size = 0
cplex1的参考解为：3.7142857142857144 2.63 s
canvasWidth:100,
canvasHeight:100,
data:[{x:0,y:0,l:46,w:49},{x:0,y:68,l:32,w:7},{x:0,y:46,l:14,w:31},{x:7,y:73,l:8,w:46},{x:7,y:81,l:19,w:7},{x:7,y:60,l:13,w:17},{x:14,y:84,l:16,w:50},{x:31,y:50,l:23,w:22},{x:49,y:0,l:50,w:48},{x:53,y:52,l:32,w:12},{x:65,y:56,l:44,w:35},],
curBestBinNum = 9
instance.getSquareList().size() = 25
solution.getPlaceSquareList().size() = 11
pattern.getKey() = 14@15@18@26@34@38@41@43@48@49@53@
用时：2646 ms
--------------------------------------- Price Problem End --------------------------------------------------------
		46 Add column : 1 col:54 	7.25
			Start solve  LP :7.25
			End solve LP obj: 9.0 t: 1
com.wlj.solver.BBSolver:
--------------------------------------- Price Problem Start --------------------------------------------------------
dualPrice.size = 60 , dualPrice = [0.6666666666666667, 0.4999999999999999, -0.0, 0.5, 0.5000000000000001, 0.5, 0.4999999999999999, 0.16666666666666663, 0.6666666666666666, 0.3333333333333333, 0.4999999999999999, -0.0, 0.5, 0.33333333333333337, -0.0, -0.0, 0.33333333333333337, -0.0, 0.3333333333333333, -0.0, 0.16666666666666674, -0.0, -0.0, -0.0, -0.0, -0.0, -0.0, -0.0, 0.0, -0.0, -0.0, -0.0, -0.0, -0.0, 5.551115123125783E-17, -0.0, -0.0, -0.0, 0.16666666666666663, -0.0, 0.16666666666666674, -0.0, -0.0, 0.5000000000000001, -0.0, -0.0, -0.0, -0.0, -0.0, -0.0, -0.0, 1.0, 2.220446049250313E-16, -0.0, -0.0, -0.0, -0.0, 0.33333333333333326, 0.33333333333333326, -0.0]
			Active cut size: 0
W:100
H:100
xList.size = 48
yList.size = 76
squareList.size = 21
myConsList.size = 0
cplex1的参考解为：3.8333333333333335 0.129 s
canvasWidth:100,
canvasHeight:100,
data:[{x:0,y:39,l:61,w:53},{x:0,y:1,l:2,w:23},{x:4,y:3,l:36,w:78},{x:54,y:92,l:8,w:46},{x:61,y:48,l:44,w:35},{x:85,y:19,l:26,w:15},{x:87,y:16,l:3,w:13},{x:96,y:45,l:47,w:4},],
curBestBinNum = 9
instance.getSquareList().size() = 21
solution.getPlaceSquareList().size() = 8
pattern.getKey() = 8@12@18@40@43@51@57@58@
用时：134 ms
--------------------------------------- Price Problem End --------------------------------------------------------
		47 Add column : 1 col:55 	7.386
			Start solve  LP :7.386
			End solve LP obj: 9.0 t: 1
com.wlj.solver.BBSolver:
--------------------------------------- Price Problem Start --------------------------------------------------------
dualPrice.size = 60 , dualPrice = [0.5402855685874557, 0.5002549719530851, 0.4635390107088221, 0.4036206017338093, 0.4997450280469149, 0.3465068842427335, 0.4706782253952066, 0.37914329423763377, -0.0, 0.45971443141254437, 0.3342682304946456, 0.2215706272310045, 0.2937276899541051, 0.2743498215196328, 0.19428862825089238, 0.2743498215196329, 0.38832228454869955, -0.0, -0.0, 0.13437021927587967, 0.1555328913819478, 0.24655787863335055, 0.09816420193778688, 0.08873023967363597, -0.0, 0.49821519632840383, -0.0, -0.0, 0.11932687404385517, -0.0, 0.22539520652728212, -0.0, -0.0, -0.0, -0.0, 0.1659867414584395, -0.0, -0.0, 0.08720040795512485, -0.0, -0.0, -0.0, -0.0, 0.4441611422743499, 0.06144824069352389, 0.03926568077511461, 0.07419683834778196, -0.0, -0.0, -0.0, 0.2549719530851607, 0.262111167771545, -0.0, -0.0, -0.0, -0.0, -0.0, -0.0, -0.0, -0.0]
			Active cut size: 0
W:100
H:100
xList.size = 76
yList.size = 65
squareList.size = 32
myConsList.size = 0
cplex1的参考解为：3.0226925038245804 159.592 s
Check失败 第1次 0.031 s
cplex1的参考解为：3.0226925038245795 3593.923 s
尝试一个一个删除矩形(1) >>> 9 >>> 50,46,43,35,30,28,25,21,16,  0.438 s
null
用时：3754145 ms
--------------------------------------- Price Problem End --------------------------------------------------------
		48 Add column : 0 col:56 	3761.533
	1 End Add column using column generation : 9.0 col: 56 cons: 0 cut: 0	3761.533
   End add columnAndCut : 9.0 colGencnt: 1 price: 0 col: 56 cons: 0 cut: 0	3761.533

Node lb: 1.7976931348623157E308 ub: 9 : 3761.533

Final Found Solution: 9 genNode: 1 extendedNode: 0:3761.533
Bin size: 10000
1 : 3233,2075,1760,1008,299,270,221,21, : 8887
2 : 3692,2400,1200,1147,800,252,39, : 9530
3 : 3575,1540,1435,1073,506,495,390,217, : 9231
4 : 3420,3234,1036,480,350,224,171,126,46, : 9087
5 : 4505,3663,518,474,112, : 9272
6 : 4800,3003,133, : 7936
7 : 4400,2254,800,756,550,372,188,120, : 9440
8 : 2880,2808,1029,646,418,384,368, : 8533
9 : 2808,2442,792,714,434, : 7190
----------------------- 1 ---------------------------
canvasWidth:100,
canvasHeight:100,
data:[{x:53,y:0,l:83,w:25},{x:0,y:0,l:61,w:53},{x:78,y:0,l:80,w:22},{x:17,y:61,l:28,w:36},{x:0,y:61,l:23,w:13},{x:85,y:80,l:18,w:15},{x:68,y:83,l:13,w:17},{x:78,y:80,l:3,w:7},],
----------------------- 2 ---------------------------
canvasWidth:100,
canvasHeight:100,
data:[{x:0,y:0,l:71,w:52},{x:52,y:0,l:50,w:48},{x:0,y:71,l:25,w:48},{x:52,y:50,l:31,w:37},{x:48,y:81,l:16,w:50},{x:89,y:53,l:28,w:9},{x:0,y:97,l:3,w:13},],
----------------------- 3 ---------------------------
canvasWidth:100,
canvasHeight:100,
data:[{x:0,y:0,l:55,w:65},{x:65,y:0,l:44,w:35},{x:46,y:55,l:37,w:29},{x:11,y:55,l:41,w:35},{x:77,y:77,l:23,w:22},{x:0,y:55,l:45,w:11},{x:75,y:51,l:26,w:15},{x:46,y:93,l:7,w:31},],
----------------------- 4 ---------------------------
canvasWidth:100,
canvasHeight:100,
data:[{x:0,y:0,l:60,w:57},{x:57,y:0,l:98,w:33},{x:0,y:60,l:28,w:37},{x:42,y:60,l:32,w:15},{x:90,y:0,l:35,w:10},{x:90,y:35,l:32,w:7},{x:90,y:67,l:19,w:9},{x:91,y:86,l:14,w:9},{x:68,y:98,l:2,w:23},],
----------------------- 5 ---------------------------
canvasWidth:100,
canvasHeight:100,
data:[{x:0,y:0,l:53,w:85},{x:0,y:53,l:37,w:99},{x:85,y:16,l:37,w:14},{x:0,y:90,l:6,w:79},{x:85,y:0,l:8,w:14},],
----------------------- 6 ---------------------------
canvasWidth:100,
canvasHeight:100,
data:[{x:0,y:0,l:48,w:100},{x:0,y:48,l:33,w:91},{x:91,y:48,l:19,w:7},],
----------------------- 7 ---------------------------
canvasWidth:100,
canvasHeight:100,
data:[{x:0,y:0,l:88,w:50},{x:50,y:50,l:46,w:49},{x:50,y:0,l:50,w:16},{x:77,y:0,l:42,w:18},{x:66,y:0,l:50,w:11},{x:0,y:88,l:12,w:31},{x:96,y:0,l:47,w:4},{x:31,y:88,l:12,w:10},],
----------------------- 8 ---------------------------
canvasWidth:100,
canvasHeight:100,
data:[{x:0,y:0,l:40,w:72},{x:0,y:40,l:39,w:72},{x:0,y:79,l:21,w:49},{x:72,y:0,l:34,w:19},{x:49,y:87,l:11,w:38},{x:72,y:34,l:32,w:12},{x:49,y:79,l:8,w:46},],
----------------------- 9 ---------------------------
canvasWidth:100,
canvasHeight:100,
data:[{x:0,y:0,l:36,w:78},{x:0,y:36,l:37,w:66},{x:78,y:0,l:36,w:22},{x:66,y:36,l:21,w:34},{x:66,y:57,l:14,w:31},],
