====================================== Class_09.2bp-21 =====================================
Reduced size: 60 usedBin: 0
[0]
[1]
[2]
[3, 58]
[4]
[5]
[6, 51]
[7]
[8, 56]
[9, 57]
[10]
[12]
[11, 54]
[14]
[13]
[15]
[16, 53]
[17]
[18]
[19]
[20]
[21]
[22]
[23]
[24, 59]
[25]
[26]
[27, 55]
[28]
[29, 39]
[30]
[32]
[34]
[35]
[36]
[37]
[31, 38]
[33, 40]
[41]
[42]
[43]
[44]
[45, 46]
[47, 50, 52]
[48, 49]
canvasWidth:100,
canvasHeight:100,
data:[{x:0,y:0,l:98,w:100},],
canvasWidth:100,
canvasHeight:100,
data:[{x:0,y:0,l:97,w:98},],
canvasWidth:100,
canvasHeight:100,
data:[{x:0,y:0,l:99,w:95},],
canvasWidth:100,
canvasHeight:100,
data:[{x:0,y:0,l:91,w:99},{x:0,y:91,l:5,w:92},],
canvasWidth:100,
canvasHeight:100,
data:[{x:0,y:0,l:97,w:90},],
canvasWidth:100,
canvasHeight:100,
data:[{x:0,y:0,l:86,w:92},],
canvasWidth:100,
canvasHeight:100,
data:[{x:0,y:0,l:93,w:80},{x:80,y:0,l:90,w:20},],
canvasWidth:100,
canvasHeight:100,
data:[{x:0,y:0,l:75,w:98},],
canvasWidth:100,
canvasHeight:100,
data:[{x:0,y:0,l:98,w:74},{x:74,y:0,l:73,w:15},],
canvasWidth:100,
canvasHeight:100,
data:[{x:0,y:0,l:88,w:81},{x:81,y:0,l:41,w:15},],
canvasWidth:100,
canvasHeight:100,
data:[{x:0,y:0,l:94,w:74},],
canvasWidth:100,
canvasHeight:100,
data:[{x:0,y:0,l:69,w:100},],
canvasWidth:100,
canvasHeight:100,
data:[{x:0,y:0,l:100,w:69},{x:69,y:0,l:100,w:14},],
canvasWidth:100,
canvasHeight:100,
data:[{x:0,y:0,l:76,w:88},],
canvasWidth:100,
canvasHeight:100,
data:[{x:0,y:0,l:76,w:88},],
canvasWidth:100,
canvasHeight:100,
data:[{x:0,y:0,l:82,w:81},],
canvasWidth:100,
canvasHeight:100,
data:[{x:0,y:0,l:85,w:77},{x:77,y:0,l:67,w:22},],
canvasWidth:100,
canvasHeight:100,
data:[{x:0,y:0,l:76,w:81},],
canvasWidth:100,
canvasHeight:100,
data:[{x:0,y:0,l:97,w:63},],
canvasWidth:100,
canvasHeight:100,
data:[{x:0,y:0,l:68,w:88},],
canvasWidth:100,
canvasHeight:100,
data:[{x:0,y:0,l:59,w:97},],
canvasWidth:100,
canvasHeight:100,
data:[{x:0,y:0,l:88,w:65},],
canvasWidth:100,
canvasHeight:100,
data:[{x:0,y:0,l:95,w:60},],
canvasWidth:100,
canvasHeight:100,
data:[{x:0,y:0,l:61,w:93},],
canvasWidth:100,
canvasHeight:100,
data:[{x:0,y:0,l:74,w:76},{x:76,y:0,l:32,w:11},],
canvasWidth:100,
canvasHeight:100,
data:[{x:0,y:0,l:63,w:89},],
canvasWidth:100,
canvasHeight:100,
data:[{x:0,y:0,l:78,w:70},],
canvasWidth:100,
canvasHeight:100,
data:[{x:0,y:0,l:97,w:55},{x:55,y:0,l:27,w:43},],
canvasWidth:100,
canvasHeight:100,
data:[{x:0,y:0,l:81,w:65},],
canvasWidth:100,
canvasHeight:100,
data:[{x:0,y:0,l:94,w:55},{x:55,y:0,l:87,w:42},],
canvasWidth:100,
canvasHeight:100,
data:[{x:0,y:0,l:65,w:77},],
canvasWidth:100,
canvasHeight:100,
data:[{x:0,y:0,l:73,w:66},],
canvasWidth:100,
canvasHeight:100,
data:[{x:0,y:0,l:87,w:54},],
canvasWidth:100,
canvasHeight:100,
data:[{x:0,y:0,l:53,w:82},],
canvasWidth:100,
canvasHeight:100,
data:[{x:0,y:0,l:82,w:53},],
canvasWidth:100,
canvasHeight:100,
data:[{x:0,y:0,l:72,w:57},],
canvasWidth:100,
canvasHeight:100,
data:[{x:0,y:0,l:51,w:75},{x:0,y:51,l:49,w:99},],
canvasWidth:100,
canvasHeight:100,
data:[{x:52,y:0,l:100,w:48},{x:0,y:0,l:71,w:51},],
canvasWidth:100,
canvasHeight:100,
data:[{x:0,y:0,l:55,w:61},],
canvasWidth:100,
canvasHeight:100,
data:[{x:0,y:0,l:61,w:55},],
canvasWidth:100,
canvasHeight:100,
data:[{x:0,y:0,l:63,w:51},],
canvasWidth:100,
canvasHeight:100,
data:[{x:0,y:0,l:56,w:56},],
canvasWidth:100,
canvasHeight:100,
data:[{x:0,y:0,l:62,w:50},{x:50,y:0,l:61,w:50},],
canvasWidth:100,
canvasHeight:100,
data:[{x:0,y:50,l:50,w:60},{x:0,y:0,l:28,w:90},{x:0,y:28,l:22,w:78},],
canvasWidth:100,
canvasHeight:100,
data:[{x:0,y:39,l:53,w:50},{x:0,y:0,l:39,w:75},],
Best fit used bin number: 45
Found best solution: 45 0.047

   Statrt add columnAndCut col: 45 cons: 0 cut: 0	0.125

	1 Start Add column using column generation  col: 45 cons: 0 cut: 0	0.125
			Start solve  LP :0.125
			End solve LP obj: 45.0 t: 0
	1 End Add column using column generation : 45.0 col: 45 cons: 0 cut: 0	0.125
   End add columnAndCut : 45.0 colGencnt: 1 price: 0 col: 45 cons: 0 cut: 0	0.125

Node lb: 45.0 ub: 45 : 0.125

Final Found Solution: 45 genNode: 1 extendedNode: 0:0.125
Bin size: 10000
1 : 9800, : 9800
2 : 9506, : 9506
3 : 9405, : 9405
4 : 9009,460, : 9469
5 : 8730, : 8730
6 : 7912, : 7912
7 : 7440,1800, : 9240
8 : 7350, : 7350
9 : 7252,1095, : 8347
10 : 7128,615, : 7743
11 : 6956, : 6956
12 : 6900, : 6900
13 : 6900,1400, : 8300
14 : 6688, : 6688
15 : 6688, : 6688
16 : 6642, : 6642
17 : 6545,1474, : 8019
18 : 6156, : 6156
19 : 6111, : 6111
20 : 5984, : 5984
21 : 5723, : 5723
22 : 5720, : 5720
23 : 5700, : 5700
24 : 5673, : 5673
25 : 5624,352, : 5976
26 : 5607, : 5607
27 : 5460, : 5460
28 : 5335,1161, : 6496
29 : 5265, : 5265
30 : 5170,3654, : 8824
31 : 5005, : 5005
32 : 4818, : 4818
33 : 4698, : 4698
34 : 4346, : 4346
35 : 4346, : 4346
36 : 4104, : 4104
37 : 4851,3825, : 8676
38 : 4800,3621, : 8421
39 : 3355, : 3355
40 : 3355, : 3355
41 : 3213, : 3213
42 : 3136, : 3136
43 : 3100,3050, : 6150
44 : 3000,2520,1716, : 7236
45 : 2925,2650, : 5575
----------------------- 1 ---------------------------
canvasWidth:100,
canvasHeight:100,
data:[{x:0,y:0,l:98,w:100},],
----------------------- 2 ---------------------------
canvasWidth:100,
canvasHeight:100,
data:[{x:0,y:0,l:97,w:98},],
----------------------- 3 ---------------------------
canvasWidth:100,
canvasHeight:100,
data:[{x:0,y:0,l:99,w:95},],
----------------------- 4 ---------------------------
canvasWidth:100,
canvasHeight:100,
data:[{x:0,y:0,l:91,w:99},{x:0,y:91,l:5,w:92},],
----------------------- 5 ---------------------------
canvasWidth:100,
canvasHeight:100,
data:[{x:0,y:0,l:97,w:90},],
----------------------- 6 ---------------------------
canvasWidth:100,
canvasHeight:100,
data:[{x:0,y:0,l:86,w:92},],
----------------------- 7 ---------------------------
canvasWidth:100,
canvasHeight:100,
data:[{x:0,y:0,l:93,w:80},{x:80,y:0,l:90,w:20},],
----------------------- 8 ---------------------------
canvasWidth:100,
canvasHeight:100,
data:[{x:0,y:0,l:75,w:98},],
----------------------- 9 ---------------------------
canvasWidth:100,
canvasHeight:100,
data:[{x:0,y:0,l:98,w:74},{x:74,y:0,l:73,w:15},],
----------------------- 10 ---------------------------
canvasWidth:100,
canvasHeight:100,
data:[{x:0,y:0,l:88,w:81},{x:81,y:0,l:41,w:15},],
----------------------- 11 ---------------------------
canvasWidth:100,
canvasHeight:100,
data:[{x:0,y:0,l:94,w:74},],
----------------------- 12 ---------------------------
canvasWidth:100,
canvasHeight:100,
data:[{x:0,y:0,l:69,w:100},],
----------------------- 13 ---------------------------
canvasWidth:100,
canvasHeight:100,
data:[{x:0,y:0,l:100,w:69},{x:69,y:0,l:100,w:14},],
----------------------- 14 ---------------------------
canvasWidth:100,
canvasHeight:100,
data:[{x:0,y:0,l:76,w:88},],
----------------------- 15 ---------------------------
canvasWidth:100,
canvasHeight:100,
data:[{x:0,y:0,l:76,w:88},],
----------------------- 16 ---------------------------
canvasWidth:100,
canvasHeight:100,
data:[{x:0,y:0,l:82,w:81},],
----------------------- 17 ---------------------------
canvasWidth:100,
canvasHeight:100,
data:[{x:0,y:0,l:85,w:77},{x:77,y:0,l:67,w:22},],
----------------------- 18 ---------------------------
canvasWidth:100,
canvasHeight:100,
data:[{x:0,y:0,l:76,w:81},],
----------------------- 19 ---------------------------
canvasWidth:100,
canvasHeight:100,
data:[{x:0,y:0,l:97,w:63},],
----------------------- 20 ---------------------------
canvasWidth:100,
canvasHeight:100,
data:[{x:0,y:0,l:68,w:88},],
----------------------- 21 ---------------------------
canvasWidth:100,
canvasHeight:100,
data:[{x:0,y:0,l:59,w:97},],
----------------------- 22 ---------------------------
canvasWidth:100,
canvasHeight:100,
data:[{x:0,y:0,l:88,w:65},],
----------------------- 23 ---------------------------
canvasWidth:100,
canvasHeight:100,
data:[{x:0,y:0,l:95,w:60},],
----------------------- 24 ---------------------------
canvasWidth:100,
canvasHeight:100,
data:[{x:0,y:0,l:61,w:93},],
----------------------- 25 ---------------------------
canvasWidth:100,
canvasHeight:100,
data:[{x:0,y:0,l:74,w:76},{x:76,y:0,l:32,w:11},],
----------------------- 26 ---------------------------
canvasWidth:100,
canvasHeight:100,
data:[{x:0,y:0,l:63,w:89},],
----------------------- 27 ---------------------------
canvasWidth:100,
canvasHeight:100,
data:[{x:0,y:0,l:78,w:70},],
----------------------- 28 ---------------------------
canvasWidth:100,
canvasHeight:100,
data:[{x:0,y:0,l:97,w:55},{x:55,y:0,l:27,w:43},],
----------------------- 29 ---------------------------
canvasWidth:100,
canvasHeight:100,
data:[{x:0,y:0,l:81,w:65},],
----------------------- 30 ---------------------------
canvasWidth:100,
canvasHeight:100,
data:[{x:0,y:0,l:94,w:55},{x:55,y:0,l:87,w:42},],
----------------------- 31 ---------------------------
canvasWidth:100,
canvasHeight:100,
data:[{x:0,y:0,l:65,w:77},],
----------------------- 32 ---------------------------
canvasWidth:100,
canvasHeight:100,
data:[{x:0,y:0,l:73,w:66},],
----------------------- 33 ---------------------------
canvasWidth:100,
canvasHeight:100,
data:[{x:0,y:0,l:87,w:54},],
----------------------- 34 ---------------------------
canvasWidth:100,
canvasHeight:100,
data:[{x:0,y:0,l:53,w:82},],
----------------------- 35 ---------------------------
canvasWidth:100,
canvasHeight:100,
data:[{x:0,y:0,l:82,w:53},],
----------------------- 36 ---------------------------
canvasWidth:100,
canvasHeight:100,
data:[{x:0,y:0,l:72,w:57},],
----------------------- 37 ---------------------------
canvasWidth:100,
canvasHeight:100,
data:[{x:0,y:0,l:51,w:75},{x:0,y:51,l:49,w:99},],
----------------------- 38 ---------------------------
canvasWidth:100,
canvasHeight:100,
data:[{x:52,y:0,l:100,w:48},{x:0,y:0,l:71,w:51},],
----------------------- 39 ---------------------------
canvasWidth:100,
canvasHeight:100,
data:[{x:0,y:0,l:55,w:61},],
----------------------- 40 ---------------------------
canvasWidth:100,
canvasHeight:100,
data:[{x:0,y:0,l:61,w:55},],
----------------------- 41 ---------------------------
canvasWidth:100,
canvasHeight:100,
data:[{x:0,y:0,l:63,w:51},],
----------------------- 42 ---------------------------
canvasWidth:100,
canvasHeight:100,
data:[{x:0,y:0,l:56,w:56},],
----------------------- 43 ---------------------------
canvasWidth:100,
canvasHeight:100,
data:[{x:0,y:0,l:62,w:50},{x:50,y:0,l:61,w:50},],
----------------------- 44 ---------------------------
canvasWidth:100,
canvasHeight:100,
data:[{x:0,y:50,l:50,w:60},{x:0,y:0,l:28,w:90},{x:0,y:28,l:22,w:78},],
----------------------- 45 ---------------------------
canvasWidth:100,
canvasHeight:100,
data:[{x:0,y:39,l:53,w:50},{x:0,y:0,l:39,w:75},],
