====================================== Class_05.2bp-29 =====================================
Reduced size: 60 usedBin: 0
[0]
[1]
[2, 58]
[3, 46, 56]
[4, 50]
[5, 40]
[6, 36, 51]
[7, 34]
[8, 47, 53]
[9, 26, 48]
[10, 38, 42]
[11, 23]
[12, 33, 44]
[13, 29, 49]
[14, 41, 45]
[15, 57]
[16, 31, 43]
[17, 35, 39]
[18, 32]
[20, 55]
[22, 24, 52, 54]
[21, 27, 28]
[19, 25]
[30, 37, 59]
canvasWidth:100,
canvasHeight:100,
data:[{x:0,y:0,l:100,w:79},],
canvasWidth:100,
canvasHeight:100,
data:[{x:0,y:0,l:78,w:96},],
canvasWidth:100,
canvasHeight:100,
data:[{x:0,y:0,l:75,w:95},{x:95,y:0,l:71,w:2},],
canvasWidth:100,
canvasHeight:100,
data:[{x:0,y:0,l:85,w:80},{x:84,y:27,l:72,w:16},{x:80,y:0,l:27,w:17},],
canvasWidth:100,
canvasHeight:100,
data:[{x:0,y:0,l:77,w:88},{x:88,y:0,l:64,w:12},],
canvasWidth:100,
canvasHeight:100,
data:[{x:0,y:0,l:96,w:69},{x:69,y:0,l:55,w:30},],
canvasWidth:100,
canvasHeight:100,
data:[{x:0,y:0,l:97,w:66},{x:66,y:0,l:65,w:33},{x:66,y:65,l:24,w:32},],
canvasWidth:100,
canvasHeight:100,
data:[{x:0,y:0,l:91,w:70},{x:70,y:0,l:80,w:28},],
canvasWidth:100,
canvasHeight:100,
data:[{x:0,y:0,l:88,w:70},{x:70,y:0,l:38,w:28},{x:89,y:38,l:53,w:11},],
canvasWidth:100,
canvasHeight:100,
data:[{x:0,y:0,l:56,w:94},{x:0,y:56,l:30,w:90},{x:0,y:90,l:10,w:97},],
canvasWidth:100,
canvasHeight:100,
data:[{x:0,y:0,l:71,w:74},{x:0,y:71,l:26,w:75},{x:74,y:0,l:67,w:23},],
canvasWidth:100,
canvasHeight:100,
data:[{x:0,y:0,l:94,w:55},{x:55,y:0,l:76,w:40},],
canvasWidth:100,
canvasHeight:100,
data:[{x:0,y:0,l:63,w:81},{x:0,y:63,l:31,w:73},{x:84,y:0,l:89,w:16},],
canvasWidth:100,
canvasHeight:100,
data:[{x:0,y:58,l:31,w:80},{x:0,y:0,l:58,w:86},{x:0,y:92,l:8,w:98},],
canvasWidth:100,
canvasHeight:100,
data:[{x:0,y:0,l:90,w:55},{x:55,y:0,l:41,w:40},{x:55,y:41,l:38,w:35},],
canvasWidth:100,
canvasHeight:100,
data:[{x:0,y:0,l:56,w:83},{x:83,y:0,l:11,w:16},],
canvasWidth:100,
canvasHeight:100,
data:[{x:0,y:0,l:55,w:83},{x:0,y:55,l:27,w:85},{x:85,y:0,l:96,w:15},],
canvasWidth:100,
canvasHeight:100,
data:[{x:0,y:0,l:56,w:77},{x:0,y:56,l:28,w:79},{x:79,y:0,l:88,w:21},],
canvasWidth:100,
canvasHeight:100,
data:[{x:0,y:0,l:72,w:59},{x:59,y:0,l:60,w:38},],
canvasWidth:100,
canvasHeight:100,
data:[{x:0,y:0,l:57,w:70},{x:70,y:0,l:18,w:27},],
canvasWidth:100,
canvasHeight:100,
data:[{x:0,y:0,l:58,w:58},{x:64,y:0,l:84,w:36},{x:0,y:58,l:12,w:59},{x:0,y:70,l:11,w:47},],
canvasWidth:100,
canvasHeight:100,
data:[{x:64,y:0,l:98,w:36},{x:0,y:0,l:47,w:56},{x:0,y:47,l:48,w:53},],
canvasWidth:100,
canvasHeight:100,
data:[{x:0,y:0,l:87,w:46},{x:46,y:0,l:59,w:48},],
canvasWidth:100,
canvasHeight:100,
data:[{x:0,y:0,l:48,w:48},{x:0,y:48,l:21,w:96},{x:0,y:69,l:10,w:13},],
Best fit used bin number: 24
Found best solution: 24 0.047

   Statrt add columnAndCut col: 24 cons: 0 cut: 0	0.141

	1 Start Add column using column generation  col: 24 cons: 0 cut: 0	0.141
			Start solve  LP :0.141
			End solve LP obj: 24.0 t: 15
com.wlj.solver.BBSolver:
--------------------------------------- Price Problem Start --------------------------------------------------------
dualPrice.size = 60 , dualPrice = [1.0, 1.0, 1.0, 1.0, 1.0, 1.0, 1.0, 1.0, 1.0, 1.0, 1.0, 1.0, 1.0, 1.0, 1.0, 1.0, 1.0, 1.0, 1.0, 1.0, 1.0, 1.0, 1.0, -0.0, -0.0, -0.0, -0.0, -0.0, -0.0, -0.0, 1.0, -0.0, -0.0, -0.0, -0.0, -0.0, -0.0, -0.0, -0.0, -0.0, -0.0, -0.0, -0.0, -0.0, -0.0, -0.0, -0.0, -0.0, -0.0, -0.0, -0.0, -0.0, -0.0, -0.0, -0.0, -0.0, -0.0, -0.0, -0.0, -0.0]
			Active cut size: 0
W:96
H:100
xList.size = 5
yList.size = 3
squareList.size = 24
myConsList.size = 0
cplex1的参考解为：2.0 0.016 s
canvasWidth:100,
canvasHeight:100,
data:[{x:60,y:0,l:98,w:36},{x:5,y:0,l:94,w:55},],
curBestBinNum = 24
instance.getSquareList().size() = 24
solution.getPlaceSquareList().size() = 2
pattern.getKey() = 11@21@
用时：16 ms
--------------------------------------- Price Problem End --------------------------------------------------------
		1 Add column : 1 col:24 	0.172
			Start solve  LP :0.172
			End solve LP obj: 24.0 t: 0
com.wlj.solver.BBSolver:
--------------------------------------- Price Problem Start --------------------------------------------------------
dualPrice.size = 60 , dualPrice = [1.0, 1.0, 1.0, 1.0, 1.0, 1.0, 1.0, 1.0, 1.0, 1.0, 1.0, 0.0, 1.0, 1.0, 1.0, 1.0, 1.0, 1.0, 1.0, 1.0, 1.0, 1.0, 1.0, 1.0, -0.0, -0.0, -0.0, -0.0, -0.0, -0.0, 1.0, -0.0, -0.0, -0.0, -0.0, -0.0, -0.0, -0.0, -0.0, -0.0, -0.0, -0.0, -0.0, -0.0, -0.0, -0.0, -0.0, -0.0, -0.0, -0.0, -0.0, -0.0, -0.0, -0.0, -0.0, -0.0, -0.0, -0.0, -0.0, -0.0]
			Active cut size: 0
W:99
H:100
xList.size = 5
yList.size = 3
squareList.size = 24
myConsList.size = 0
cplex1的参考解为：2.0 0.015 s
canvasWidth:100,
canvasHeight:100,
data:[{x:51,y:0,l:48,w:48},{x:11,y:0,l:76,w:40},],
curBestBinNum = 24
instance.getSquareList().size() = 24
solution.getPlaceSquareList().size() = 2
pattern.getKey() = 23@30@
用时：15 ms
--------------------------------------- Price Problem End --------------------------------------------------------
		2 Add column : 1 col:25 	0.187
			Start solve  LP :0.187
			End solve LP obj: 24.0 t: 0
com.wlj.solver.BBSolver:
--------------------------------------- Price Problem Start --------------------------------------------------------
dualPrice.size = 60 , dualPrice = [1.0, 1.0, 1.0, 1.0, 1.0, 1.0, 1.0, 1.0, 1.0, 1.0, 1.0, 1.0, 1.0, 1.0, 1.0, 1.0, 1.0, 1.0, 1.0, 1.0, 1.0, 0.0, 1.0, 0.0, -0.0, -0.0, -0.0, 1.0, -0.0, -0.0, 1.0, -0.0, -0.0, -0.0, -0.0, -0.0, -0.0, -0.0, -0.0, -0.0, -0.0, -0.0, -0.0, -0.0, -0.0, -0.0, -0.0, -0.0, -0.0, -0.0, -0.0, -0.0, -0.0, -0.0, -0.0, -0.0, -0.0, -0.0, -0.0, -0.0]
			Active cut size: 0
W:96
H:100
xList.size = 3
yList.size = 3
squareList.size = 24
myConsList.size = 0
cplex1的参考解为：2.0 0.016 s
canvasWidth:100,
canvasHeight:100,
data:[{x:48,y:0,l:48,w:48},{x:2,y:0,l:87,w:46},],
curBestBinNum = 24
instance.getSquareList().size() = 24
solution.getPlaceSquareList().size() = 2
pattern.getKey() = 19@30@
用时：16 ms
--------------------------------------- Price Problem End --------------------------------------------------------
		3 Add column : 1 col:26 	0.203
			Start solve  LP :0.203
			End solve LP obj: 24.0 t: 0
com.wlj.solver.BBSolver:
--------------------------------------- Price Problem Start --------------------------------------------------------
dualPrice.size = 60 , dualPrice = [1.0, 1.0, 1.0, 1.0, 1.0, 1.0, 1.0, 1.0, 1.0, 1.0, 1.0, 1.0, 1.0, 1.0, 1.0, 1.0, 1.0, 1.0, 1.0, 0.0, 1.0, 0.0, 1.0, 0.0, -0.0, 1.0, -0.0, 1.0, -0.0, -0.0, 1.0, -0.0, -0.0, -0.0, -0.0, -0.0, -0.0, -0.0, -0.0, -0.0, -0.0, -0.0, -0.0, -0.0, -0.0, -0.0, -0.0, -0.0, -0.0, -0.0, -0.0, -0.0, -0.0, -0.0, -0.0, -0.0, -0.0, -0.0, -0.0, -0.0]
			Active cut size: 0
W:96
H:100
xList.size = 3
yList.size = 3
squareList.size = 24
myConsList.size = 0
cplex1的参考解为：2.0 0.0 s
canvasWidth:100,
canvasHeight:100,
data:[{x:48,y:0,l:48,w:48},{x:0,y:0,l:59,w:48},],
curBestBinNum = 24
instance.getSquareList().size() = 24
solution.getPlaceSquareList().size() = 2
pattern.getKey() = 25@30@
用时：16 ms
--------------------------------------- Price Problem End --------------------------------------------------------
		4 Add column : 1 col:27 	0.219
			Start solve  LP :0.219
			End solve LP obj: 24.0 t: 0
com.wlj.solver.BBSolver:
--------------------------------------- Price Problem Start --------------------------------------------------------
dualPrice.size = 60 , dualPrice = [1.0, 1.0, 1.0, 1.0, 1.0, 1.0, 1.0, 1.0, 1.0, 1.0, 1.0, 0.5, 1.0, 1.0, 1.0, 1.0, 1.0, 1.0, 1.0, 0.5, 1.0, 0.5, 1.0, 0.5, -0.0, 0.5, -0.0, 0.5, -0.0, -0.0, 0.5, -0.0, -0.0, -0.0, -0.0, -0.0, -0.0, 0.5, -0.0, -0.0, -0.0, -0.0, -0.0, -0.0, -0.0, -0.0, -0.0, -0.0, -0.0, -0.0, -0.0, -0.0, -0.0, -0.0, -0.0, -0.0, -0.0, -0.0, -0.0, -0.0]
			Active cut size: 0
W:99
H:100
xList.size = 5
yList.size = 5
squareList.size = 28
myConsList.size = 0
cplex1的参考解为：2.0 0.0 s
canvasWidth:100,
canvasHeight:100,
data:[{x:40,y:0,l:72,w:59},{x:0,y:0,l:76,w:40},{x:3,y:79,l:21,w:96},],
curBestBinNum = 24
instance.getSquareList().size() = 28
solution.getPlaceSquareList().size() = 3
pattern.getKey() = 18@23@37@
用时：0 ms
--------------------------------------- Price Problem End --------------------------------------------------------
		5 Add column : 1 col:28 	0.219
			Start solve  LP :0.219
			End solve LP obj: 24.0 t: 0
com.wlj.solver.BBSolver:
--------------------------------------- Price Problem Start --------------------------------------------------------
dualPrice.size = 60 , dualPrice = [1.0, 1.0, 1.0, 1.0, 1.0, 1.0, 1.0, 1.0, 1.0, 1.0, 1.0, 1.0, 1.0, 1.0, 1.0, 1.0, 1.0, 1.0, 0.5, 0.5, 1.0, -0.0, 1.0, 0.0, -0.0, 0.5, -0.0, 1.0, -0.0, -0.0, 0.5, -0.0, 0.5, -0.0, -0.0, -0.0, -0.0, 0.5, -0.0, -0.0, -0.0, -0.0, -0.0, -0.0, -0.0, -0.0, -0.0, -0.0, -0.0, -0.0, -0.0, -0.0, -0.0, -0.0, -0.0, -0.0, -0.0, -0.0, -0.0, -0.0]
			Active cut size: 0
W:97
H:100
xList.size = 5
yList.size = 5
squareList.size = 27
myConsList.size = 0
cplex1的参考解为：2.0 0.031 s
canvasWidth:100,
canvasHeight:100,
data:[{x:3,y:0,l:47,w:56},{x:59,y:0,l:60,w:38},{x:11,y:48,l:48,w:48},],
curBestBinNum = 24
instance.getSquareList().size() = 27
solution.getPlaceSquareList().size() = 3
pattern.getKey() = 27@30@32@
用时：31 ms
--------------------------------------- Price Problem End --------------------------------------------------------
		6 Add column : 1 col:29 	0.265
			Start solve  LP :0.265
			End solve LP obj: 24.0 t: 0
com.wlj.solver.BBSolver:
--------------------------------------- Price Problem Start --------------------------------------------------------
dualPrice.size = 60 , dualPrice = [1.0, 1.0, 1.0, 1.0, 1.0, 1.0, 1.0, 1.0, 1.0, 1.0, 1.0, 1.0, 1.0, 1.0, 1.0, 1.0, 1.0, 1.0, 0.5, 0.5, 1.0, -0.0, 1.0, 0.0, -0.0, 0.5, -0.0, 0.0, 1.0, -0.0, 0.5, -0.0, 0.5, -0.0, -0.0, -0.0, -0.0, 0.5, -0.0, -0.0, -0.0, -0.0, -0.0, -0.0, -0.0, -0.0, -0.0, -0.0, -0.0, -0.0, -0.0, -0.0, -0.0, -0.0, -0.0, -0.0, -0.0, -0.0, -0.0, -0.0]
			Active cut size: 0
W:99
H:100
xList.size = 7
yList.size = 5
squareList.size = 27
myConsList.size = 0
cplex1的参考解为：2.0 0.016 s
canvasWidth:100,
canvasHeight:100,
data:[{x:8,y:0,l:48,w:53},{x:61,y:0,l:60,w:38},{x:13,y:48,l:48,w:48},],
curBestBinNum = 24
instance.getSquareList().size() = 27
solution.getPlaceSquareList().size() = 3
pattern.getKey() = 28@30@32@
用时：16 ms
--------------------------------------- Price Problem End --------------------------------------------------------
		7 Add column : 1 col:30 	0.281
			Start solve  LP :0.281
			End solve LP obj: 24.0 t: 0
com.wlj.solver.BBSolver:
--------------------------------------- Price Problem Start --------------------------------------------------------
dualPrice.size = 60 , dualPrice = [1.0, 1.0, 1.0, 1.0, 1.0, 1.0, 1.0, 1.0, 1.0, 1.0, 1.0, 1.0, 1.0, 1.0, 1.0, 1.0, 1.0, 1.0, 1.0, 0.5, 1.0, -0.0, 1.0, 0.0, -0.0, 0.5, -0.0, 0.5, 0.5, -0.0, 0.5, -0.0, 0.0, -0.0, -0.0, -0.0, -0.0, 0.0, -0.0, -0.0, -0.0, -0.0, -0.0, -0.0, -0.0, -0.0, -0.0, -0.0, -0.0, -0.0, -0.0, -0.0, -0.0, -0.0, -0.0, -0.0, -0.0, -0.0, -0.0, 0.5]
			Active cut size: 0
W:99
H:100
xList.size = 7
yList.size = 5
squareList.size = 27
myConsList.size = 0
cplex1的参考解为：2.0 0.156 s
canvasWidth:100,
canvasHeight:100,
data:[{x:51,y:0,l:48,w:48},{x:0,y:0,l:87,w:46},{x:46,y:48,l:48,w:53},{x:33,y:90,l:10,w:13},],
curBestBinNum = 24
instance.getSquareList().size() = 27
solution.getPlaceSquareList().size() = 4
pattern.getKey() = 19@28@30@59@
用时：156 ms
--------------------------------------- Price Problem End --------------------------------------------------------
		8 Add column : 1 col:31 	0.437
			Start solve  LP :0.437
			End solve LP obj: 24.0 t: 0
com.wlj.solver.BBSolver:
--------------------------------------- Price Problem Start --------------------------------------------------------
dualPrice.size = 60 , dualPrice = [1.0, 1.0, 1.0, 1.0, 1.0, 1.0, 1.0, 1.0, 1.0, 1.0, 1.0, 1.0, 1.0, 1.0, 1.0, 1.0, 1.0, 1.0, 0.5, 0.0, 1.0, -0.0, 1.0, 0.0, -0.0, 1.0, -0.0, 0.5, 0.5, -0.0, 0.0, -0.0, 0.5, -0.0, -0.0, -0.0, -0.0, 0.5, -0.0, -0.0, -0.0, -0.0, -0.0, -0.0, -0.0, -0.0, -0.0, -0.0, -0.0, -0.0, -0.0, -0.0, -0.0, -0.0, -0.0, -0.0, -0.0, -0.0, -0.0, 0.5]
			Active cut size: 0
W:99
H:100
xList.size = 8
yList.size = 9
squareList.size = 27
myConsList.size = 0
cplex1的参考解为：2.5 0.0 s
canvasWidth:100,
canvasHeight:100,
data:[{x:0,y:20,l:59,w:48},{x:0,y:10,l:10,w:13},{x:0,y:79,l:21,w:96},{x:48,y:19,l:60,w:38},],
curBestBinNum = 24
instance.getSquareList().size() = 27
solution.getPlaceSquareList().size() = 4
pattern.getKey() = 25@32@37@59@
用时：16 ms
--------------------------------------- Price Problem End --------------------------------------------------------
		9 Add column : 1 col:32 	0.453
			Start solve  LP :0.453
			End solve LP obj: 23.5 t: 0
CompleteSolutionByBF前size: 23
count = 59
CompleteSolutionByBF后size: 24
com.wlj.solver.BBSolver:
--------------------------------------- Price Problem Start --------------------------------------------------------
dualPrice.size = 60 , dualPrice = [1.0, 1.0, 1.0, 1.0, 1.0, 1.0, 1.0, 1.0, 1.0, 1.0, 1.0, 1.0, 1.0, 1.0, 1.0, 1.0, 1.0, 1.0, 1.0, 0.5, 1.0, -0.0, 1.0, 0.0, -0.0, 0.5, -0.0, 1.0, -0.0, -0.0, 0.0, -0.0, -0.0, -0.0, -0.0, -0.0, -0.0, 0.0, -0.0, -0.0, -0.0, -0.0, -0.0, -0.0, -0.0, -0.0, -0.0, -0.0, -0.0, -0.0, -0.0, -0.0, -0.0, -0.0, -0.0, -0.0, -0.0, -0.0, -0.0, 0.5]
			Active cut size: 0
W:99
H:100
xList.size = 5
yList.size = 5
squareList.size = 25
myConsList.size = 0
cplex1的参考解为：1.5 0.046 s
canvasWidth:100,
canvasHeight:100,
data:[{x:0,y:0,l:47,w:56},{x:0,y:90,l:10,w:13},],
curBestBinNum = 24
instance.getSquareList().size() = 25
solution.getPlaceSquareList().size() = 2
pattern.getKey() = 27@59@
用时：46 ms
--------------------------------------- Price Problem End --------------------------------------------------------
		10 Add column : 1 col:33 	0.515
			Start solve  LP :0.515
			End solve LP obj: 23.5 t: 0
已存在该记忆
com.wlj.solver.BBSolver:
--------------------------------------- Price Problem Start --------------------------------------------------------
dualPrice.size = 60 , dualPrice = [1.0, 1.0, 1.0, 1.0, 1.0, 1.0, 1.0, 1.0, 1.0, 1.0, 1.0, 1.0, 1.0, 1.0, 1.0, 1.0, 1.0, 1.0, 1.0, 0.25, 1.0, -0.0, 1.0, 0.0, -0.0, 0.75, -0.0, 0.75, 0.25, -0.0, 0.25, -0.0, -0.0, -0.0, -0.0, -0.0, -0.0, 0.0, -0.0, -0.0, -0.0, -0.0, -0.0, -0.0, -0.0, -0.0, -0.0, -0.0, -0.0, -0.0, -0.0, -0.0, -0.0, -0.0, -0.0, -0.0, -0.0, -0.0, -0.0, 0.25]
			Active cut size: 0
W:99
H:100
xList.size = 7
yList.size = 5
squareList.size = 27
myConsList.size = 0
cplex1的参考解为：1.25 0.032 s
canvasWidth:100,
canvasHeight:100,
data:[{x:44,y:0,l:90,w:55},{x:31,y:0,l:10,w:13},],
curBestBinNum = 24
instance.getSquareList().size() = 27
solution.getPlaceSquareList().size() = 2
pattern.getKey() = 14@59@
用时：32 ms
--------------------------------------- Price Problem End --------------------------------------------------------
		11 Add column : 1 col:34 	0.547
			Start solve  LP :0.547
			End solve LP obj: 23.5 t: 0
已存在该记忆
com.wlj.solver.BBSolver:
--------------------------------------- Price Problem Start --------------------------------------------------------
dualPrice.size = 60 , dualPrice = [1.0, 1.0, 1.0, 1.0, 1.0, 1.0, 1.0, 1.0, 1.0, 1.0, 1.0, 1.0, 1.0, 1.0, 0.75, 1.0, 1.0, 1.0, 1.0, 0.25, 1.0, -0.0, 1.0, 0.0, -0.0, 0.75, -0.0, 0.75, 0.25, -0.0, 0.25, -0.0, -0.0, -0.0, -0.0, -0.0, -0.0, 0.0, -0.0, -0.0, -0.0, 0.25, -0.0, -0.0, -0.0, -0.0, -0.0, -0.0, -0.0, -0.0, -0.0, -0.0, -0.0, -0.0, -0.0, -0.0, -0.0, -0.0, -0.0, 0.25]
			Active cut size: 0
W:99
H:100
xList.size = 9
yList.size = 8
squareList.size = 28
myConsList.size = 0
cplex1的参考解为：1.5 0.033 s
canvasWidth:100,
canvasHeight:100,
data:[{x:41,y:0,l:58,w:58},{x:28,y:0,l:10,w:13},{x:1,y:10,l:41,w:40},],
curBestBinNum = 24
instance.getSquareList().size() = 28
solution.getPlaceSquareList().size() = 3
pattern.getKey() = 22@41@59@
用时：48 ms
--------------------------------------- Price Problem End --------------------------------------------------------
		12 Add column : 1 col:35 	0.595
			Start solve  LP :0.595
			End solve LP obj: 23.5 t: 0
已存在该记忆
com.wlj.solver.BBSolver:
--------------------------------------- Price Problem Start --------------------------------------------------------
dualPrice.size = 60 , dualPrice = [1.0, 1.0, 1.0, 1.0, 1.0, 1.0, 1.0, 1.0, 1.0, 1.0, 1.0, 1.0, 1.0, 1.0, 0.75, 1.0, 1.0, 1.0, 1.0, 0.25, 1.0, -0.0, 0.5, 0.0, 0.5, 0.75, -0.0, 0.75, 0.25, -0.0, 0.25, -0.0, -0.0, -0.0, -0.0, -0.0, -0.0, 0.0, -0.0, -0.0, -0.0, 0.25, -0.0, -0.0, -0.0, -0.0, -0.0, -0.0, -0.0, -0.0, -0.0, -0.0, -0.0, -0.0, -0.0, -0.0, -0.0, -0.0, -0.0, 0.25]
			Active cut size: 0
W:99
H:100
xList.size = 11
yList.size = 8
squareList.size = 29
myConsList.size = 0
cplex1的参考解为：1.75 0.049 s
canvasWidth:100,
canvasHeight:100,
data:[{x:7,y:0,l:84,w:36},{x:59,y:0,l:41,w:40},{x:43,y:51,l:47,w:56},{x:30,y:90,l:10,w:13},],
curBestBinNum = 24
instance.getSquareList().size() = 29
solution.getPlaceSquareList().size() = 4
pattern.getKey() = 24@27@41@59@
用时：49 ms
--------------------------------------- Price Problem End --------------------------------------------------------
		13 Add column : 1 col:36 	0.644
			Start solve  LP :0.644
			End solve LP obj: 23.5 t: 0
已存在该记忆
com.wlj.solver.BBSolver:
--------------------------------------- Price Problem Start --------------------------------------------------------
dualPrice.size = 60 , dualPrice = [1.0, 1.0, 1.0, 1.0, 1.0, 1.0, 1.0, 1.0, 1.0, 1.0, 1.0, 1.0, 1.0, 1.0, 0.75, 1.0, 1.0, 1.0, 1.0, 0.25, 1.0, -0.0, 0.75, 0.0, 0.0, 0.75, -0.0, 0.75, 0.25, -0.0, 0.25, -0.0, -0.0, -0.0, -0.0, -0.0, -0.0, 0.0, -0.0, -0.0, -0.0, -0.0, -0.0, -0.0, -0.0, 0.25, -0.0, -0.0, -0.0, -0.0, -0.0, -0.0, 0.25, -0.0, -0.0, -0.0, -0.0, -0.0, -0.0, 0.25]
			Active cut size: 0
W:99
H:100
xList.size = 9
yList.size = 11
squareList.size = 29
myConsList.size = 0
cplex1的参考解为：1.75 0.028 s
canvasWidth:100,
canvasHeight:100,
data:[{x:0,y:28,l:72,w:59},{x:0,y:18,l:10,w:13},{x:0,y:6,l:12,w:59},{x:61,y:62,l:38,w:35},],
curBestBinNum = 24
instance.getSquareList().size() = 29
solution.getPlaceSquareList().size() = 4
pattern.getKey() = 18@45@52@59@
用时：28 ms
--------------------------------------- Price Problem End --------------------------------------------------------
		14 Add column : 1 col:37 	0.672
			Start solve  LP :0.672
			End solve LP obj: 23.454545454545457 t: 0
CompleteSolutionByBF前size: 23
count = 59
CompleteSolutionByBF后size: 24
com.wlj.solver.BBSolver:
--------------------------------------- Price Problem Start --------------------------------------------------------
dualPrice.size = 60 , dualPrice = [1.0, 1.0, 1.0, 1.0, 1.0, 1.0, 1.0, 1.0, 1.0, 1.0, 1.0, 1.0, 1.0, 1.0, 0.9090909090909092, 1.0, 1.0, 1.0, 0.9090909090909092, 0.2727272727272727, 1.0, -0.0, 0.8181818181818183, 0.0, -0.0, 0.7272727272727273, -0.0, 0.6363636363636362, 0.36363636363636376, -0.0, 0.27272727272727276, -0.0, 0.09090909090909088, -0.0, -0.0, -0.0, -0.0, 0.09090909090909083, -0.0, -0.0, -0.0, 0.09090909090909083, -0.0, -0.0, -0.0, -0.0, -0.0, -0.0, -0.0, -0.0, -0.0, -0.0, -0.0, -0.0, 0.18181818181818166, -0.0, -0.0, -0.0, -0.0, 0.09090909090909088]
			Active cut size: 0
W:100
H:100
xList.size = 12
yList.size = 18
squareList.size = 31
myConsList.size = 0
cplex1的参考解为：1.3636363636363633 0.047 s
canvasWidth:100,
canvasHeight:100,
data:[{x:0,y:44,l:56,w:77},{x:0,y:33,l:11,w:47},{x:0,y:23,l:10,w:13},{x:0,y:2,l:21,w:96},],
curBestBinNum = 24
instance.getSquareList().size() = 31
solution.getPlaceSquareList().size() = 4
pattern.getKey() = 17@37@54@59@
用时：47 ms
--------------------------------------- Price Problem End --------------------------------------------------------
		15 Add column : 1 col:38 	0.719
			Start solve  LP :0.719
			End solve LP obj: 23.454545454545457 t: 0
已存在该记忆
com.wlj.solver.BBSolver:
--------------------------------------- Price Problem Start --------------------------------------------------------
dualPrice.size = 60 , dualPrice = [1.0, 1.0, 1.0, 1.0, 1.0, 1.0, 1.0, 1.0, 1.0, 1.0, 1.0, 1.0, 1.0, 1.0, 0.9090909090909092, 1.0, 1.0, 0.8181818181818183, 0.9090909090909092, 0.2727272727272727, 1.0, -0.0, 0.8181818181818183, 0.0, 0.18181818181818166, 0.7272727272727273, -0.0, 0.6363636363636362, 0.36363636363636376, -0.0, 0.27272727272727276, -0.0, 0.09090909090909088, -0.0, -0.0, 0.18181818181818166, -0.0, 0.09090909090909083, -0.0, -0.0, -0.0, 0.09090909090909083, -0.0, -0.0, -0.0, -0.0, -0.0, -0.0, -0.0, -0.0, -0.0, -0.0, -0.0, -0.0, -0.0, -0.0, -0.0, -0.0, -0.0, 0.09090909090909088]
			Active cut size: 0
W:99
H:100
xList.size = 13
yList.size = 16
squareList.size = 32
myConsList.size = 0
cplex1的参考解为：1.2727272727272725 0.046 s
canvasWidth:100,
canvasHeight:100,
data:[{x:0,y:45,l:55,w:83},{x:0,y:17,l:28,w:79},{x:0,y:7,l:10,w:13},],
curBestBinNum = 24
instance.getSquareList().size() = 32
solution.getPlaceSquareList().size() = 3
pattern.getKey() = 16@35@59@
用时：46 ms
--------------------------------------- Price Problem End --------------------------------------------------------
		16 Add column : 1 col:39 	0.765
			Start solve  LP :0.765
			End solve LP obj: 23.454545454545457 t: 0
已存在该记忆
com.wlj.solver.BBSolver:
--------------------------------------- Price Problem Start --------------------------------------------------------
dualPrice.size = 60 , dualPrice = [1.0, 1.0, 1.0, 1.0, 1.0, 1.0, 1.0, 1.0, 1.0, 1.0, 1.0, 1.0, 1.0, 1.0, 0.9090909090909092, 1.0, 0.7272727272727275, 0.8181818181818183, 0.9090909090909092, 0.2727272727272727, 1.0, -0.0, 0.8181818181818183, 0.0, 0.18181818181818166, 0.7272727272727273, -0.0, 0.6363636363636362, 0.36363636363636376, -0.0, 0.27272727272727276, 0.2727272727272725, 0.09090909090909088, -0.0, -0.0, 0.18181818181818166, -0.0, 0.09090909090909083, -0.0, -0.0, -0.0, 0.09090909090909083, -0.0, -0.0, -0.0, -0.0, -0.0, -0.0, -0.0, -0.0, -0.0, -0.0, -0.0, -0.0, -0.0, -0.0, -0.0, -0.0, -0.0, 0.09090909090909088]
			Active cut size: 0
W:99
H:100
xList.size = 13
yList.size = 20
squareList.size = 33
myConsList.size = 0
cplex1的参考解为：1.3636363636363633 0.064 s
canvasWidth:100,
canvasHeight:100,
data:[{x:0,y:44,l:56,w:83},{x:0,y:17,l:27,w:85},{x:0,y:7,l:10,w:13},],
curBestBinNum = 24
instance.getSquareList().size() = 33
solution.getPlaceSquareList().size() = 3
pattern.getKey() = 15@31@59@
用时：64 ms
--------------------------------------- Price Problem End --------------------------------------------------------
		17 Add column : 1 col:40 	0.829
			Start solve  LP :0.829
			End solve LP obj: 23.454545454545457 t: 0
已存在该记忆
com.wlj.solver.BBSolver:
--------------------------------------- Price Problem Start --------------------------------------------------------
dualPrice.size = 60 , dualPrice = [1.0, 1.0, 1.0, 1.0, 1.0, 1.0, 1.0, 1.0, 1.0, 1.0, 1.0, 1.0, 1.0, 1.0, 0.9090909090909092, 0.9090909090909092, 0.9090909090909092, 0.8181818181818183, 0.9090909090909092, 0.2727272727272727, 1.0, -0.0, 0.8181818181818183, 0.0, 0.18181818181818166, 0.7272727272727273, -0.0, 0.6363636363636362, 0.36363636363636376, -0.0, 0.27272727272727276, -0.0, 0.09090909090909088, -0.0, -0.0, -0.0, -0.0, 0.09090909090909083, -0.0, 0.18181818181818166, -0.0, 0.09090909090909083, -0.0, 0.09090909090909083, -0.0, -0.0, -0.0, -0.0, -0.0, -0.0, -0.0, -0.0, -0.0, -0.0, -0.0, -0.0, -0.0, 0.09090909090909083, -0.0, 0.09090909090909088]
			Active cut size: 0
W:100
H:100
xList.size = 35
yList.size = 18
squareList.size = 34
myConsList.size = 0
cplex1的参考解为：1.4545454545454541 0.077 s
canvasWidth:100,
canvasHeight:100,
data:[{x:9,y:0,l:57,w:70},{x:79,y:0,l:88,w:21},{x:66,y:58,l:10,w:13},{x:50,y:58,l:11,w:16},{x:10,y:59,l:41,w:40},],
curBestBinNum = 24
instance.getSquareList().size() = 34
solution.getPlaceSquareList().size() = 5
pattern.getKey() = 20@39@41@57@59@
用时：77 ms
--------------------------------------- Price Problem End --------------------------------------------------------
		18 Add column : 1 col:41 	0.906
			Start solve  LP :0.906
			End solve LP obj: 23.454545454545457 t: 0
已存在该记忆
com.wlj.solver.BBSolver:
--------------------------------------- Price Problem Start --------------------------------------------------------
dualPrice.size = 60 , dualPrice = [1.0, 1.0, 1.0, 1.0, 1.0, 1.0, 1.0, 1.0, 1.0, 1.0, 1.0, 1.0, 1.0, 1.0, 0.9090909090909092, 0.9090909090909092, 0.7272727272727275, 0.8181818181818183, 0.9090909090909092, 0.2727272727272727, 0.7272727272727275, -0.0, 0.8181818181818183, 0.0, 0.18181818181818166, 0.7272727272727273, -0.0, 0.6363636363636362, 0.36363636363636376, -0.0, 0.27272727272727276, -0.0, 0.09090909090909088, -0.0, -0.0, 0.18181818181818166, -0.0, 0.09090909090909083, -0.0, -0.0, -0.0, 0.09090909090909083, -0.0, 0.2727272727272725, -0.0, -0.0, -0.0, -0.0, -0.0, -0.0, -0.0, -0.0, -0.0, -0.0, -0.0, 0.2727272727272725, -0.0, 0.09090909090909083, -0.0, 0.09090909090909088]
			Active cut size: 0
W:100
H:100
xList.size = 32
yList.size = 31
squareList.size = 35
myConsList.size = 0
cplex1的参考解为：1.7272727272727266 0.125 s
canvasWidth:100,
canvasHeight:100,
data:[{x:32,y:0,l:48,w:53},{x:85,y:0,l:96,w:15},{x:19,y:18,l:10,w:13},{x:2,y:50,l:18,w:27},{x:29,y:52,l:47,w:56},{x:13,y:89,l:11,w:16},],
curBestBinNum = 24
instance.getSquareList().size() = 35
solution.getPlaceSquareList().size() = 6
pattern.getKey() = 27@28@43@55@57@59@
用时：125 ms
--------------------------------------- Price Problem End --------------------------------------------------------
		19 Add column : 1 col:42 	1.031
			Start solve  LP :1.031
			End solve LP obj: 23.399999999999995 t: 0
CompleteSolutionByBF前size: 23
count = 59
CompleteSolutionByBF后size: 24
com.wlj.solver.BBSolver:
--------------------------------------- Price Problem Start --------------------------------------------------------
dualPrice.size = 60 , dualPrice = [1.0, 1.0, 1.0, 1.0, 1.0, 1.0, 1.0, 1.0, 1.0, 1.0, 1.0, 0.8999999999999999, 1.0, 1.0, 1.0, 1.0, 0.9, 0.9, 0.8, 0.30000000000000004, 1.0, 0.10000000000000003, 1.0, 0.10000000000000003, 0.0, 0.7, -0.0, 0.49999999999999994, 0.4, -0.0, 0.3, 0.0, 0.2, -0.0, -0.0, 0.09999999999999998, -0.0, 0.09999999999999998, -0.0, -0.0, -0.0, -0.0, -0.0, 0.09999999999999998, -0.0, 0.0, -0.0, -0.0, -0.0, -0.0, -0.0, -0.0, -0.0, -0.0, -0.0, 0.0, -0.0, -0.0, -0.0, -0.0]
			Active cut size: 0
W:99
H:100
xList.size = 14
yList.size = 7
squareList.size = 32
myConsList.size = 0
cplex1的参考解为：1.3 0.031 s
canvasWidth:100,
canvasHeight:100,
data:[{x:41,y:0,l:58,w:58},{x:3,y:0,l:60,w:38},{x:20,y:72,l:28,w:79},],
curBestBinNum = 24
instance.getSquareList().size() = 32
solution.getPlaceSquareList().size() = 3
pattern.getKey() = 22@32@35@
用时：31 ms
--------------------------------------- Price Problem End --------------------------------------------------------
		20 Add column : 1 col:43 	1.062
			Start solve  LP :1.062
			End solve LP obj: 23.399999999999995 t: 0
已存在该记忆
com.wlj.solver.BBSolver:
--------------------------------------- Price Problem Start --------------------------------------------------------
dualPrice.size = 60 , dualPrice = [1.0, 1.0, 1.0, 1.0, 1.0, 1.0, 1.0, 1.0, 1.0, 1.0, 1.0, 0.8999999999999999, 1.0, 1.0, 1.0, 1.0, 0.9, 0.9, 0.8, 0.30000000000000004, 1.0, 0.10000000000000003, 0.7000000000000001, 0.10000000000000003, 0.29999999999999993, 0.7, -0.0, 0.49999999999999994, 0.4, -0.0, 0.3, 0.0, 0.2, -0.0, -0.0, 0.09999999999999998, -0.0, 0.09999999999999998, -0.0, -0.0, -0.0, -0.0, -0.0, 0.09999999999999998, -0.0, 0.0, -0.0, -0.0, -0.0, -0.0, -0.0, -0.0, -0.0, -0.0, -0.0, 0.0, -0.0, -0.0, -0.0, -0.0]
			Active cut size: 0
W:99
H:100
xList.size = 14
yList.size = 7
squareList.size = 33
myConsList.size = 0
cplex1的参考解为：1.2999999999999998 0.016 s
canvasWidth:100,
canvasHeight:100,
data:[{x:44,y:0,l:90,w:55},{x:8,y:0,l:84,w:36},],
curBestBinNum = 24
instance.getSquareList().size() = 33
solution.getPlaceSquareList().size() = 2
pattern.getKey() = 14@24@
用时：32 ms
--------------------------------------- Price Problem End --------------------------------------------------------
		21 Add column : 1 col:44 	1.094
			Start solve  LP :1.094
			End solve LP obj: 23.399999999999995 t: 0
CompleteSolutionByBF前size: 23
count = 59
CompleteSolutionByBF后size: 24
com.wlj.solver.BBSolver:
--------------------------------------- Price Problem Start --------------------------------------------------------
dualPrice.size = 60 , dualPrice = [1.0, 1.0, 1.0, 1.0, 1.0, 1.0, 1.0, 1.0, 1.0, 1.0, 1.0, 0.9, 1.0, 1.0, 0.8, 1.0, 1.0, 0.9, 0.8, 0.30000000000000004, 0.9, 0.09999999999999998, 0.8, 0.09999999999999998, 0.19999999999999996, 0.7, -0.0, 0.5000000000000001, 0.39999999999999997, -0.0, 0.30000000000000004, 0.0, 0.2, -0.0, -0.0, 0.0, -0.0, 0.1, -0.0, 0.1, -0.0, -0.0, -0.0, 0.0, -0.0, 0.19999999999999996, -0.0, -0.0, -0.0, -0.0, -0.0, -0.0, -0.0, -0.0, -0.0, 0.1, -0.0, -0.0, -0.0, -0.0]
			Active cut size: 0
W:100
H:100
xList.size = 17
yList.size = 9
squareList.size = 34
myConsList.size = 0
cplex1的参考解为：1.3 0.062 s
canvasWidth:100,
canvasHeight:100,
data:[{x:17,y:0,l:55,w:83},{x:65,y:60,l:38,w:35},{x:38,y:60,l:18,w:27},],
curBestBinNum = 24
instance.getSquareList().size() = 34
solution.getPlaceSquareList().size() = 3
pattern.getKey() = 16@45@55@
用时：62 ms
--------------------------------------- Price Problem End --------------------------------------------------------
		22 Add column : 1 col:45 	1.156
			Start solve  LP :1.156
			End solve LP obj: 23.384615384615373 t: 0
已存在该记忆
com.wlj.solver.BBSolver:
--------------------------------------- Price Problem Start --------------------------------------------------------
dualPrice.size = 60 , dualPrice = [1.0, 1.0, 1.0, 1.0, 1.0, 1.0, 1.0, 1.0, 1.0, 1.0, 1.0, 0.8461538461538461, 1.0, 1.0, 1.0, 1.0, 0.9230769230769231, 0.9230769230769231, 0.7692307692307693, 0.3076923076923077, 0.9230769230769231, 0.15384615384615385, 0.7692307692307693, 0.15384615384615385, 0.0, 0.6923076923076923, -0.0, 0.46153846153846156, 0.38461538461538464, -0.0, 0.3076923076923077, 0.0, 0.23076923076923075, -0.0, -0.0, 0.0, -0.0, 0.07692307692307691, -0.0, 0.07692307692307691, -0.0, 0.0, -0.0, 0.07692307692307691, -0.0, -0.0, -0.0, -0.0, -0.0, -0.0, -0.0, -0.0, 0.23076923076923073, -0.0, -0.0, 0.07692307692307691, -0.0, -0.0, -0.0, -0.0]
			Active cut size: 0
W:100
H:100
xList.size = 20
yList.size = 16
squareList.size = 34
myConsList.size = 0
cplex1的参考解为：1.3846153846153846 0.063 s
canvasWidth:100,
canvasHeight:100,
data:[{x:2,y:0,l:56,w:83},{x:85,y:0,l:96,w:15},{x:58,y:60,l:18,w:27},{x:26,y:88,l:12,w:59},],
curBestBinNum = 24
instance.getSquareList().size() = 34
solution.getPlaceSquareList().size() = 4
pattern.getKey() = 15@43@52@55@
用时：63 ms
--------------------------------------- Price Problem End --------------------------------------------------------
		23 Add column : 1 col:46 	1.219
			Start solve  LP :1.219
			End solve LP obj: 23.33333333333333 t: 0
CompleteSolutionByBF前size: 23
count = 59
CompleteSolutionByBF后size: 24
com.wlj.solver.BBSolver:
--------------------------------------- Price Problem Start --------------------------------------------------------
dualPrice.size = 60 , dualPrice = [1.0, 1.0, 1.0, 1.0, 1.0, 1.0, 1.0, 1.0, 1.0, 1.0, 1.0, 1.0, 1.0, 1.0, 1.0, 1.0, 1.0, 1.0, 1.0, 0.3333333333333333, 1.0, -4.163336342344337E-17, 1.0, -4.163336342344337E-17, 0.0, 0.6666666666666667, -0.0, 0.6666666666666666, 0.33333333333333337, -0.0, 0.3333333333333333, 0.0, -2.7755575615628914E-17, -0.0, -0.0, 0.0, -0.0, 1.3877787807814457E-17, -0.0, 1.3877787807814457E-17, -0.0, 0.0, -0.0, 1.3877787807814457E-17, -0.0, -0.0, -0.0, -0.0, -0.0, -0.0, -0.0, -0.0, -2.7755575615628914E-17, -0.0, -0.0, 1.3877787807814457E-17, -0.0, -0.0, -0.0, -0.0]
			Active cut size: 0
W:99
H:100
xList.size = 5
yList.size = 3
squareList.size = 26
myConsList.size = 0
cplex1的参考解为：1.0 0.0 s
canvasWidth:100,
canvasHeight:100,
data:[{x:0,y:0,l:72,w:59},],
curBestBinNum = 24
instance.getSquareList().size() = 26
solution.getPlaceSquareList().size() = 1
用时：15 ms
--------------------------------------- Price Problem End --------------------------------------------------------
		24 Add column : 0 col:47 	1.234
	1 End Add column using column generation : 23.33333333333333 col: 47 cons: 0 cut: 0	1.234
   End add columnAndCut : 23.33333333333333 colGencnt: 1 price: 0 col: 47 cons: 0 cut: 0	1.234

Node lb: 23.33333333333333 ub: 24 : 1.234

Final Found Solution: 24 genNode: 1 extendedNode: 0:1.234
Bin size: 10000
1 : 7900, : 7900
2 : 7488, : 7488
3 : 7125,142, : 7267
4 : 6800,1152,459, : 8411
5 : 6776,768, : 7544
6 : 6624,1650, : 8274
7 : 6402,2145,768, : 9315
8 : 6370,2240, : 8610
9 : 6160,1064,583, : 7807
10 : 5264,2700,970, : 8934
11 : 5254,1950,1541, : 8745
12 : 5170,3040, : 8210
13 : 5103,2263,1424, : 8790
14 : 4988,2480,784, : 8252
15 : 4950,1640,1330, : 7920
16 : 4648,176, : 4824
17 : 4565,2295,1440, : 8300
18 : 4312,2212,1848, : 8372
19 : 4248,2280, : 6528
20 : 3990,486, : 4476
21 : 3364,3024,708,517, : 7613
22 : 3528,2632,2544, : 8704
23 : 4002,2832, : 6834
24 : 2304,2016,130, : 4450
----------------------- 1 ---------------------------
canvasWidth:100,
canvasHeight:100,
data:[{x:0,y:0,l:100,w:79},],
----------------------- 2 ---------------------------
canvasWidth:100,
canvasHeight:100,
data:[{x:0,y:0,l:78,w:96},],
----------------------- 3 ---------------------------
canvasWidth:100,
canvasHeight:100,
data:[{x:0,y:0,l:75,w:95},{x:95,y:0,l:71,w:2},],
----------------------- 4 ---------------------------
canvasWidth:100,
canvasHeight:100,
data:[{x:0,y:0,l:85,w:80},{x:84,y:27,l:72,w:16},{x:80,y:0,l:27,w:17},],
----------------------- 5 ---------------------------
canvasWidth:100,
canvasHeight:100,
data:[{x:0,y:0,l:77,w:88},{x:88,y:0,l:64,w:12},],
----------------------- 6 ---------------------------
canvasWidth:100,
canvasHeight:100,
data:[{x:0,y:0,l:96,w:69},{x:69,y:0,l:55,w:30},],
----------------------- 7 ---------------------------
canvasWidth:100,
canvasHeight:100,
data:[{x:0,y:0,l:97,w:66},{x:66,y:0,l:65,w:33},{x:66,y:65,l:24,w:32},],
----------------------- 8 ---------------------------
canvasWidth:100,
canvasHeight:100,
data:[{x:0,y:0,l:91,w:70},{x:70,y:0,l:80,w:28},],
----------------------- 9 ---------------------------
canvasWidth:100,
canvasHeight:100,
data:[{x:0,y:0,l:88,w:70},{x:70,y:0,l:38,w:28},{x:89,y:38,l:53,w:11},],
----------------------- 10 ---------------------------
canvasWidth:100,
canvasHeight:100,
data:[{x:0,y:0,l:56,w:94},{x:0,y:56,l:30,w:90},{x:0,y:90,l:10,w:97},],
----------------------- 11 ---------------------------
canvasWidth:100,
canvasHeight:100,
data:[{x:0,y:0,l:71,w:74},{x:0,y:71,l:26,w:75},{x:74,y:0,l:67,w:23},],
----------------------- 12 ---------------------------
canvasWidth:100,
canvasHeight:100,
data:[{x:0,y:0,l:94,w:55},{x:55,y:0,l:76,w:40},],
----------------------- 13 ---------------------------
canvasWidth:100,
canvasHeight:100,
data:[{x:0,y:0,l:63,w:81},{x:0,y:63,l:31,w:73},{x:84,y:0,l:89,w:16},],
----------------------- 14 ---------------------------
canvasWidth:100,
canvasHeight:100,
data:[{x:0,y:58,l:31,w:80},{x:0,y:0,l:58,w:86},{x:0,y:92,l:8,w:98},],
----------------------- 15 ---------------------------
canvasWidth:100,
canvasHeight:100,
data:[{x:0,y:0,l:90,w:55},{x:55,y:0,l:41,w:40},{x:55,y:41,l:38,w:35},],
----------------------- 16 ---------------------------
canvasWidth:100,
canvasHeight:100,
data:[{x:0,y:0,l:56,w:83},{x:83,y:0,l:11,w:16},],
----------------------- 17 ---------------------------
canvasWidth:100,
canvasHeight:100,
data:[{x:0,y:0,l:55,w:83},{x:0,y:55,l:27,w:85},{x:85,y:0,l:96,w:15},],
----------------------- 18 ---------------------------
canvasWidth:100,
canvasHeight:100,
data:[{x:0,y:0,l:56,w:77},{x:0,y:56,l:28,w:79},{x:79,y:0,l:88,w:21},],
----------------------- 19 ---------------------------
canvasWidth:100,
canvasHeight:100,
data:[{x:0,y:0,l:72,w:59},{x:59,y:0,l:60,w:38},],
----------------------- 20 ---------------------------
canvasWidth:100,
canvasHeight:100,
data:[{x:0,y:0,l:57,w:70},{x:70,y:0,l:18,w:27},],
----------------------- 21 ---------------------------
canvasWidth:100,
canvasHeight:100,
data:[{x:0,y:0,l:58,w:58},{x:64,y:0,l:84,w:36},{x:0,y:58,l:12,w:59},{x:0,y:70,l:11,w:47},],
----------------------- 22 ---------------------------
canvasWidth:100,
canvasHeight:100,
data:[{x:64,y:0,l:98,w:36},{x:0,y:0,l:47,w:56},{x:0,y:47,l:48,w:53},],
----------------------- 23 ---------------------------
canvasWidth:100,
canvasHeight:100,
data:[{x:0,y:0,l:87,w:46},{x:46,y:0,l:59,w:48},],
----------------------- 24 ---------------------------
canvasWidth:100,
canvasHeight:100,
data:[{x:0,y:0,l:48,w:48},{x:0,y:48,l:21,w:96},{x:0,y:69,l:10,w:13},],
