====================================== Class_07.2bp-11 =====================================
Reduced size: 40 usedBin: 0
[0, 29]
[1, 21, 30]
[2, 22]
[7, 11]
[5, 20, 28, 36]
[6, 31, 32, 33]
[4, 16]
[3, 10, 35, 37]
[8, 13, 23, 34, 39]
[12, 15, 19, 25, 38]
[9, 14, 26]
[17, 18, 24, 27]
canvasWidth:100,
canvasHeight:100,
data:[{x:0,y:0,l:95,w:89},{x:89,y:0,l:92,w:11},],
canvasWidth:100,
canvasHeight:100,
data:[{x:0,y:0,l:68,w:87},{x:0,y:68,l:26,w:74},{x:87,y:0,l:76,w:13},],
canvasWidth:100,
canvasHeight:100,
data:[{x:0,y:0,l:76,w:75},{x:77,y:0,l:79,w:23},],
canvasWidth:100,
canvasHeight:100,
data:[{x:0,y:0,l:78,w:55},{x:56,y:0,l:80,w:44},],
canvasWidth:100,
canvasHeight:100,
data:[{x:0,y:0,l:99,w:55},{x:58,y:0,l:86,w:26},{x:55,y:0,l:91,w:3},{x:84,y:0,l:83,w:15},],
canvasWidth:100,
canvasHeight:100,
data:[{x:0,y:0,l:65,w:82},{x:82,y:0,l:89,w:10},{x:92,y:0,l:82,w:8},{x:0,y:65,l:34,w:13},],
canvasWidth:100,
canvasHeight:100,
data:[{x:0,y:0,l:83,w:66},{x:66,y:0,l:82,w:33},],
canvasWidth:100,
canvasHeight:100,
data:[{x:0,y:0,l:59,w:93},{x:0,y:59,l:37,w:96},{x:96,y:5,l:93,w:4},{x:0,y:98,l:2,w:98},],
canvasWidth:100,
canvasHeight:100,
data:[{x:0,y:56,l:44,w:92},{x:0,y:0,l:54,w:53},{x:53,y:0,l:47,w:35},{x:92,y:0,l:81,w:1},{x:93,y:0,l:67,w:6},],
canvasWidth:100,
canvasHeight:100,
data:[{x:0,y:0,l:70,w:43},{x:0,y:71,l:29,w:94},{x:43,y:0,l:71,w:33},{x:76,y:0,l:71,w:22},{x:98,y:0,l:78,w:2},],
canvasWidth:100,
canvasHeight:100,
data:[{x:0,y:0,l:97,w:39},{x:39,y:0,l:70,w:21},{x:60,y:0,l:77,w:37},],
canvasWidth:100,
canvasHeight:100,
data:[{x:17,y:0,l:84,w:31},{x:48,y:0,l:84,w:31},{x:0,y:0,l:95,w:17},{x:79,y:0,l:73,w:20},],
Best fit used bin number: 12
Found best solution: 12 0.062

   Statrt add columnAndCut col: 12 cons: 0 cut: 0	0.125

	1 Start Add column using column generation  col: 12 cons: 0 cut: 0	0.125
			Start solve  LP :0.125
			End solve LP obj: 12.0 t: 0
	1 End Add column using column generation : 12.0 col: 12 cons: 0 cut: 0	0.125
   End add columnAndCut : 12.0 colGencnt: 1 price: 0 col: 12 cons: 0 cut: 0	0.125

Node lb: 12.0 ub: 12 : 0.125

Final Found Solution: 12 genNode: 1 extendedNode: 0:0.125
Bin size: 10000
1 : 8455,1012, : 9467
2 : 5916,1924,988, : 8828
3 : 5700,1817, : 7517
4 : 4290,3520, : 7810
5 : 5445,2236,1245,273, : 9199
6 : 5330,890,656,442, : 7318
7 : 5478,2706, : 8184
8 : 5487,3552,372,196, : 9607
9 : 4048,2862,1645,402,81, : 9038
10 : 3010,2726,2343,1562,156, : 9797
11 : 3783,2849,1470, : 8102
12 : 2604,2604,1615,1460, : 8283
----------------------- 1 ---------------------------
canvasWidth:100,
canvasHeight:100,
data:[{x:0,y:0,l:95,w:89},{x:89,y:0,l:92,w:11},],
----------------------- 2 ---------------------------
canvasWidth:100,
canvasHeight:100,
data:[{x:0,y:0,l:68,w:87},{x:0,y:68,l:26,w:74},{x:87,y:0,l:76,w:13},],
----------------------- 3 ---------------------------
canvasWidth:100,
canvasHeight:100,
data:[{x:0,y:0,l:76,w:75},{x:77,y:0,l:79,w:23},],
----------------------- 4 ---------------------------
canvasWidth:100,
canvasHeight:100,
data:[{x:0,y:0,l:78,w:55},{x:56,y:0,l:80,w:44},],
----------------------- 5 ---------------------------
canvasWidth:100,
canvasHeight:100,
data:[{x:0,y:0,l:99,w:55},{x:58,y:0,l:86,w:26},{x:55,y:0,l:91,w:3},{x:84,y:0,l:83,w:15},],
----------------------- 6 ---------------------------
canvasWidth:100,
canvasHeight:100,
data:[{x:0,y:0,l:65,w:82},{x:82,y:0,l:89,w:10},{x:92,y:0,l:82,w:8},{x:0,y:65,l:34,w:13},],
----------------------- 7 ---------------------------
canvasWidth:100,
canvasHeight:100,
data:[{x:0,y:0,l:83,w:66},{x:66,y:0,l:82,w:33},],
----------------------- 8 ---------------------------
canvasWidth:100,
canvasHeight:100,
data:[{x:0,y:0,l:59,w:93},{x:0,y:59,l:37,w:96},{x:96,y:5,l:93,w:4},{x:0,y:98,l:2,w:98},],
----------------------- 9 ---------------------------
canvasWidth:100,
canvasHeight:100,
data:[{x:0,y:56,l:44,w:92},{x:0,y:0,l:54,w:53},{x:53,y:0,l:47,w:35},{x:92,y:0,l:81,w:1},{x:93,y:0,l:67,w:6},],
----------------------- 10 ---------------------------
canvasWidth:100,
canvasHeight:100,
data:[{x:0,y:0,l:70,w:43},{x:0,y:71,l:29,w:94},{x:43,y:0,l:71,w:33},{x:76,y:0,l:71,w:22},{x:98,y:0,l:78,w:2},],
----------------------- 11 ---------------------------
canvasWidth:100,
canvasHeight:100,
data:[{x:0,y:0,l:97,w:39},{x:39,y:0,l:70,w:21},{x:60,y:0,l:77,w:37},],
----------------------- 12 ---------------------------
canvasWidth:100,
canvasHeight:100,
data:[{x:17,y:0,l:84,w:31},{x:48,y:0,l:84,w:31},{x:0,y:0,l:95,w:17},{x:79,y:0,l:73,w:20},],
