====================================== Class_06.2bp-38 =====================================
Reduced size: 80 usedBin: 0
[0, 1, 2, 8, 13, 15, 18, 19, 20, 22, 30, 34, 35, 37, 39, 42, 53, 56, 58, 59, 62, 70, 74, 75]
[3, 4, 5, 6, 7, 9, 11, 12, 16, 29, 32, 36, 40, 41, 44, 48, 52, 55, 60, 61, 63, 65, 66, 67, 68, 69, 76, 77, 78, 79]
[10, 14, 17, 21, 23, 24, 25, 26, 27, 28, 31, 33, 38, 43, 45, 46, 47, 49, 50, 51, 54, 57, 64, 71, 72, 73]
canvasWidth:300,
canvasHeight:300,
data:[{x:0,y:0,l:96,w:92},{x:92,y:0,l:98,w:87},{x:179,y:0,l:90,w:94},{x:0,y:96,l:71,w:92},{x:2,y:222,l:59,w:41},{x:0,y:167,l:55,w:92},{x:92,y:98,l:56,w:87},{x:126,y:154,l:83,w:53},{x:179,y:90,l:45,w:95},{x:160,y:237,l:50,w:85},{x:43,y:222,l:64,w:65},{x:179,y:176,l:61,w:53},{x:245,y:176,l:98,w:29},{x:179,y:135,l:29,w:95},{x:274,y:0,l:98,w:26},{x:92,y:154,l:68,w:34},{x:274,y:165,l:88,w:20},{x:179,y:164,l:12,w:95},{x:274,y:108,l:57,w:19},{x:232,y:176,l:61,w:13},{x:108,y:222,l:41,w:16},{x:274,y:98,l:10,w:21},{x:0,y:222,l:78,w:2},{x:273,y:0,l:90,w:1},],
canvasWidth:300,
canvasHeight:300,
data:[{x:0,y:0,l:97,w:77},{x:135,y:0,l:91,w:82},{x:217,y:0,l:91,w:82},{x:147,y:91,l:90,w:79},{x:0,y:97,l:82,w:82},{x:226,y:91,l:95,w:62},{x:0,y:179,l:62,w:91},{x:178,y:186,l:66,w:85},{x:77,y:0,l:97,w:50},{x:82,y:97,l:82,w:40},{x:267,y:197,l:91,w:33},{x:0,y:241,l:27,w:98},{x:0,y:268,l:30,w:80},{x:98,y:233,l:39,w:61},{x:122,y:97,l:84,w:25},{x:122,y:198,l:35,w:56},{x:178,y:257,l:22,w:81},{x:159,y:233,l:67,w:19},{x:127,y:0,l:97,w:8},{x:91,y:179,l:25,w:31},{x:288,y:91,l:53,w:12},{x:127,y:186,l:12,w:51},{x:128,y:181,l:5,w:98},{x:178,y:252,l:5,w:86},{x:288,y:144,l:33,w:11},{x:263,y:186,l:11,w:25},{x:122,y:181,l:17,w:5},{x:135,y:91,l:6,w:12},{x:288,y:177,l:14,w:4},{x:299,y:0,l:43,w:1},],
canvasWidth:300,
canvasHeight:300,
data:[{x:0,y:0,l:85,w:59},{x:59,y:0,l:83,w:58},{x:117,y:0,l:80,w:52},{x:169,y:0,l:93,w:44},{x:213,y:0,l:99,w:41},{x:117,y:80,l:94,w:43},{x:0,y:104,l:82,w:49},{x:240,y:208,l:64,w:60},{x:0,y:224,l:76,w:45},{x:160,y:93,l:65,w:48},{x:224,y:169,l:39,w:76},{x:49,y:220,l:43,w:57},{x:49,y:133,l:87,w:67},{x:116,y:195,l:25,w:86},{x:116,y:174,l:21,w:100},{x:208,y:99,l:34,w:61},{x:224,y:133,l:36,w:57},{x:281,y:44,l:100,w:19},{x:254,y:0,l:44,w:43},{x:0,y:186,l:38,w:49},{x:49,y:112,l:21,w:66},{x:0,y:85,l:19,w:59},{x:59,y:83,l:21,w:30},{x:49,y:104,l:5,w:40},{x:49,y:109,l:3,w:62},{x:45,y:224,l:41,w:4},],
Best fit used bin number: 3
Found best solution: 3 0.059

   Statrt add columnAndCut col: 3 cons: 0 cut: 0	0.131

	1 Start Add column using column generation  col: 3 cons: 0 cut: 0	0.131
			Start solve  LP :0.132
			End solve LP obj: 3.0 t: 0
	1 End Add column using column generation : 3.0 col: 3 cons: 0 cut: 0	0.132
   End add columnAndCut : 3.0 colGencnt: 1 price: 0 col: 3 cons: 0 cut: 0	0.132

Node lb: 3.0 ub: 3 : 0.132

Final Found Solution: 3 genNode: 1 extendedNode: 0:0.133
Bin size: 90000
1 : 8832,8526,8460,6532,5060,4872,4399,4275,4250,4160,3233,2842,2755,2548,2419,2312,1760,1140,1083,793,656,210,156,90, : 81363
2 : 7469,7462,7462,7110,6724,5890,5642,5610,4850,3280,3003,2646,2400,2379,2100,1960,1782,1273,776,775,636,612,490,430,363,275,85,72,56,43, : 83655
3 : 5829,5015,4814,4160,4092,4059,4042,4018,3840,3420,3120,2964,2451,2150,2100,2074,2052,1900,1892,1862,1386,1121,630,200,186,164, : 69541
----------------------- 1 ---------------------------
canvasWidth:300,
canvasHeight:300,
data:[{x:0,y:0,l:96,w:92},{x:92,y:0,l:98,w:87},{x:179,y:0,l:90,w:94},{x:0,y:96,l:71,w:92},{x:2,y:222,l:59,w:41},{x:0,y:167,l:55,w:92},{x:92,y:98,l:56,w:87},{x:126,y:154,l:83,w:53},{x:179,y:90,l:45,w:95},{x:160,y:237,l:50,w:85},{x:43,y:222,l:64,w:65},{x:179,y:176,l:61,w:53},{x:245,y:176,l:98,w:29},{x:179,y:135,l:29,w:95},{x:274,y:0,l:98,w:26},{x:92,y:154,l:68,w:34},{x:274,y:165,l:88,w:20},{x:179,y:164,l:12,w:95},{x:274,y:108,l:57,w:19},{x:232,y:176,l:61,w:13},{x:108,y:222,l:41,w:16},{x:274,y:98,l:10,w:21},{x:0,y:222,l:78,w:2},{x:273,y:0,l:90,w:1},],
----------------------- 2 ---------------------------
canvasWidth:300,
canvasHeight:300,
data:[{x:0,y:0,l:97,w:77},{x:135,y:0,l:91,w:82},{x:217,y:0,l:91,w:82},{x:147,y:91,l:90,w:79},{x:0,y:97,l:82,w:82},{x:226,y:91,l:95,w:62},{x:0,y:179,l:62,w:91},{x:178,y:186,l:66,w:85},{x:77,y:0,l:97,w:50},{x:82,y:97,l:82,w:40},{x:267,y:197,l:91,w:33},{x:0,y:241,l:27,w:98},{x:0,y:268,l:30,w:80},{x:98,y:233,l:39,w:61},{x:122,y:97,l:84,w:25},{x:122,y:198,l:35,w:56},{x:178,y:257,l:22,w:81},{x:159,y:233,l:67,w:19},{x:127,y:0,l:97,w:8},{x:91,y:179,l:25,w:31},{x:288,y:91,l:53,w:12},{x:127,y:186,l:12,w:51},{x:128,y:181,l:5,w:98},{x:178,y:252,l:5,w:86},{x:288,y:144,l:33,w:11},{x:263,y:186,l:11,w:25},{x:122,y:181,l:17,w:5},{x:135,y:91,l:6,w:12},{x:288,y:177,l:14,w:4},{x:299,y:0,l:43,w:1},],
----------------------- 3 ---------------------------
canvasWidth:300,
canvasHeight:300,
data:[{x:0,y:0,l:85,w:59},{x:59,y:0,l:83,w:58},{x:117,y:0,l:80,w:52},{x:169,y:0,l:93,w:44},{x:213,y:0,l:99,w:41},{x:117,y:80,l:94,w:43},{x:0,y:104,l:82,w:49},{x:240,y:208,l:64,w:60},{x:0,y:224,l:76,w:45},{x:160,y:93,l:65,w:48},{x:224,y:169,l:39,w:76},{x:49,y:220,l:43,w:57},{x:49,y:133,l:87,w:67},{x:116,y:195,l:25,w:86},{x:116,y:174,l:21,w:100},{x:208,y:99,l:34,w:61},{x:224,y:133,l:36,w:57},{x:281,y:44,l:100,w:19},{x:254,y:0,l:44,w:43},{x:0,y:186,l:38,w:49},{x:49,y:112,l:21,w:66},{x:0,y:85,l:19,w:59},{x:59,y:83,l:21,w:30},{x:49,y:104,l:5,w:40},{x:49,y:109,l:3,w:62},{x:45,y:224,l:41,w:4},],
