====================================== Class_09.2bp-24 =====================================
Reduced size: 60 usedBin: 0
E:\WSKH\2DBPP\NonGuillotine\initSolution\9_25.pack
[0, 55]
[1, 58]
[2, 56]
[3, 52]
[4, 45]
[5, 47]
[6]
[7, 54]
[8, 51]
[9]
[10]
[11, 49]
[12]
[13]
[14]
[15, 46]
[16, 43, 59]
[17]
[18, 33]
[19]
[20]
[21]
[22]
[23]
[24]
[25]
[27, 44, 53]
[26]
[28, 57]
[29]
[30]
[31]
[32, 48]
[34]
[35]
[36]
[37]
[38]
[40]
[41]
[39, 42, 50]
canvasWidth:100,
canvasHeight:100,
data:[{x:0,y:0,l:94,w:93},{x:93,y:0,l:94,w:7},],
canvasWidth:100,
canvasHeight:100,
data:[{x:0,y:0,l:90,w:94},{x:94,y:0,l:79,w:3},],
canvasWidth:100,
canvasHeight:100,
data:[{x:0,y:0,l:97,w:83},{x:83,y:0,l:44,w:11},],
canvasWidth:100,
canvasHeight:100,
data:[{x:0,y:0,l:89,w:86},{x:86,y:0,l:78,w:12},],
canvasWidth:100,
canvasHeight:100,
data:[{x:0,y:0,l:97,w:75},{x:76,y:0,l:99,w:24},],
canvasWidth:100,
canvasHeight:100,
data:[{x:0,y:0,l:78,w:93},{x:0,y:78,l:15,w:91},],
canvasWidth:100,
canvasHeight:100,
data:[{x:0,y:0,l:92,w:77},],
canvasWidth:100,
canvasHeight:100,
data:[{x:0,y:0,l:97,w:73},{x:92,y:0,l:100,w:8},],
canvasWidth:100,
canvasHeight:100,
data:[{x:0,y:0,l:75,w:93},{x:0,y:75,l:15,w:66},],
canvasWidth:100,
canvasHeight:100,
data:[{x:0,y:0,l:88,w:76},],
canvasWidth:100,
canvasHeight:100,
data:[{x:0,y:0,l:87,w:76},],
canvasWidth:100,
canvasHeight:100,
data:[{x:0,y:0,l:79,w:82},{x:88,y:0,l:99,w:12},],
canvasWidth:100,
canvasHeight:100,
data:[{x:0,y:0,l:64,w:98},],
canvasWidth:100,
canvasHeight:100,
data:[{x:0,y:0,l:85,w:68},],
canvasWidth:100,
canvasHeight:100,
data:[{x:0,y:0,l:59,w:97},],
canvasWidth:100,
canvasHeight:100,
data:[{x:0,y:0,l:57,w:100},{x:0,y:57,l:28,w:82},],
canvasWidth:100,
canvasHeight:100,
data:[{x:0,y:0,l:89,w:62},{x:62,y:3,l:75,w:37},{x:62,y:0,l:3,w:31},],
canvasWidth:100,
canvasHeight:100,
data:[{x:0,y:0,l:75,w:73},],
canvasWidth:100,
canvasHeight:100,
data:[{x:0,y:0,l:96,w:53},{x:53,y:0,l:92,w:44},],
canvasWidth:100,
canvasHeight:100,
data:[{x:0,y:0,l:52,w:97},],
canvasWidth:100,
canvasHeight:100,
data:[{x:0,y:0,l:62,w:81},],
canvasWidth:100,
canvasHeight:100,
data:[{x:0,y:0,l:68,w:72},],
canvasWidth:100,
canvasHeight:100,
data:[{x:0,y:0,l:73,w:66},],
canvasWidth:100,
canvasHeight:100,
data:[{x:0,y:0,l:70,w:68},],
canvasWidth:100,
canvasHeight:100,
data:[{x:0,y:0,l:67,w:71},],
canvasWidth:100,
canvasHeight:100,
data:[{x:0,y:0,l:65,w:72},],
canvasWidth:100,
canvasHeight:100,
data:[{x:0,y:0,l:51,w:89},{x:0,y:51,l:30,w:81},{x:90,y:0,l:84,w:10},],
canvasWidth:100,
canvasHeight:100,
data:[{x:0,y:0,l:89,w:51},],
canvasWidth:100,
canvasHeight:100,
data:[{x:0,y:0,l:75,w:59},{x:59,y:0,l:7,w:39},],
canvasWidth:100,
canvasHeight:100,
data:[{x:0,y:0,l:70,w:63},],
canvasWidth:100,
canvasHeight:100,
data:[{x:0,y:0,l:80,w:53},],
canvasWidth:100,
canvasHeight:100,
data:[{x:0,y:0,l:53,w:78},],
canvasWidth:100,
canvasHeight:100,
data:[{x:0,y:0,l:76,w:54},{x:54,y:0,l:29,w:45},],
canvasWidth:100,
canvasHeight:100,
data:[{x:0,y:0,l:77,w:52},],
canvasWidth:100,
canvasHeight:100,
data:[{x:0,y:0,l:52,w:75},],
canvasWidth:100,
canvasHeight:100,
data:[{x:0,y:0,l:60,w:63},],
canvasWidth:100,
canvasHeight:100,
data:[{x:0,y:0,l:65,w:54},],
canvasWidth:100,
canvasHeight:100,
data:[{x:0,y:0,l:59,w:53},],
canvasWidth:100,
canvasHeight:100,
data:[{x:0,y:0,l:54,w:57},],
canvasWidth:100,
canvasHeight:100,
data:[{x:0,y:0,l:57,w:53},],
canvasWidth:100,
canvasHeight:100,
data:[{x:0,y:0,l:32,w:97},{x:0,y:32,l:13,w:84},{x:0,y:45,l:50,w:56},],
Best fit used bin number: 41
Found best solution: 41 0.063

   Statrt add columnAndCut col: 41 cons: 0 cut: 0	0.125

	1 Start Add column using column generation  col: 41 cons: 0 cut: 0	0.125
			Start solve  LP :0.125
			End solve LP obj: 41.0 t: 0
	1 End Add column using column generation : 41.0 col: 41 cons: 0 cut: 0	0.125
   End add columnAndCut : 41.0 colGencnt: 1 price: 0 col: 41 cons: 0 cut: 0	0.125

Node lb: 41.0 ub: 41 : 0.125

Final Found Solution: 41 genNode: 1 extendedNode: 0:0.141
Bin size: 10000
1 : 8742,658, : 9400
2 : 8460,237, : 8697
3 : 8051,484, : 8535
4 : 7654,936, : 8590
5 : 7275,2376, : 9651
6 : 7254,1365, : 8619
7 : 7084, : 7084
8 : 7081,800, : 7881
9 : 6975,990, : 7965
10 : 6688, : 6688
11 : 6612, : 6612
12 : 6478,1188, : 7666
13 : 6272, : 6272
14 : 5780, : 5780
15 : 5723, : 5723
16 : 5700,2296, : 7996
17 : 5518,2775,93, : 8386
18 : 5475, : 5475
19 : 5088,4048, : 9136
20 : 5044, : 5044
21 : 5022, : 5022
22 : 4896, : 4896
23 : 4818, : 4818
24 : 4760, : 4760
25 : 4757, : 4757
26 : 4680, : 4680
27 : 4539,2430,840, : 7809
28 : 4539, : 4539
29 : 4425,273, : 4698
30 : 4410, : 4410
31 : 4240, : 4240
32 : 4134, : 4134
33 : 4104,1305, : 5409
34 : 4004, : 4004
35 : 3900, : 3900
36 : 3780, : 3780
37 : 3510, : 3510
38 : 3127, : 3127
39 : 3078, : 3078
40 : 3021, : 3021
41 : 3104,2800,1092, : 6996
----------------------- 1 ---------------------------
canvasWidth:100,
canvasHeight:100,
data:[{x:0,y:0,l:94,w:93},{x:93,y:0,l:94,w:7},],
----------------------- 2 ---------------------------
canvasWidth:100,
canvasHeight:100,
data:[{x:0,y:0,l:90,w:94},{x:94,y:0,l:79,w:3},],
----------------------- 3 ---------------------------
canvasWidth:100,
canvasHeight:100,
data:[{x:0,y:0,l:97,w:83},{x:83,y:0,l:44,w:11},],
----------------------- 4 ---------------------------
canvasWidth:100,
canvasHeight:100,
data:[{x:0,y:0,l:89,w:86},{x:86,y:0,l:78,w:12},],
----------------------- 5 ---------------------------
canvasWidth:100,
canvasHeight:100,
data:[{x:0,y:0,l:97,w:75},{x:76,y:0,l:99,w:24},],
----------------------- 6 ---------------------------
canvasWidth:100,
canvasHeight:100,
data:[{x:0,y:0,l:78,w:93},{x:0,y:78,l:15,w:91},],
----------------------- 7 ---------------------------
canvasWidth:100,
canvasHeight:100,
data:[{x:0,y:0,l:92,w:77},],
----------------------- 8 ---------------------------
canvasWidth:100,
canvasHeight:100,
data:[{x:0,y:0,l:97,w:73},{x:92,y:0,l:100,w:8},],
----------------------- 9 ---------------------------
canvasWidth:100,
canvasHeight:100,
data:[{x:0,y:0,l:75,w:93},{x:0,y:75,l:15,w:66},],
----------------------- 10 ---------------------------
canvasWidth:100,
canvasHeight:100,
data:[{x:0,y:0,l:88,w:76},],
----------------------- 11 ---------------------------
canvasWidth:100,
canvasHeight:100,
data:[{x:0,y:0,l:87,w:76},],
----------------------- 12 ---------------------------
canvasWidth:100,
canvasHeight:100,
data:[{x:0,y:0,l:79,w:82},{x:88,y:0,l:99,w:12},],
----------------------- 13 ---------------------------
canvasWidth:100,
canvasHeight:100,
data:[{x:0,y:0,l:64,w:98},],
----------------------- 14 ---------------------------
canvasWidth:100,
canvasHeight:100,
data:[{x:0,y:0,l:85,w:68},],
----------------------- 15 ---------------------------
canvasWidth:100,
canvasHeight:100,
data:[{x:0,y:0,l:59,w:97},],
----------------------- 16 ---------------------------
canvasWidth:100,
canvasHeight:100,
data:[{x:0,y:0,l:57,w:100},{x:0,y:57,l:28,w:82},],
----------------------- 17 ---------------------------
canvasWidth:100,
canvasHeight:100,
data:[{x:0,y:0,l:89,w:62},{x:62,y:3,l:75,w:37},{x:62,y:0,l:3,w:31},],
----------------------- 18 ---------------------------
canvasWidth:100,
canvasHeight:100,
data:[{x:0,y:0,l:75,w:73},],
----------------------- 19 ---------------------------
canvasWidth:100,
canvasHeight:100,
data:[{x:0,y:0,l:96,w:53},{x:53,y:0,l:92,w:44},],
----------------------- 20 ---------------------------
canvasWidth:100,
canvasHeight:100,
data:[{x:0,y:0,l:52,w:97},],
----------------------- 21 ---------------------------
canvasWidth:100,
canvasHeight:100,
data:[{x:0,y:0,l:62,w:81},],
----------------------- 22 ---------------------------
canvasWidth:100,
canvasHeight:100,
data:[{x:0,y:0,l:68,w:72},],
----------------------- 23 ---------------------------
canvasWidth:100,
canvasHeight:100,
data:[{x:0,y:0,l:73,w:66},],
----------------------- 24 ---------------------------
canvasWidth:100,
canvasHeight:100,
data:[{x:0,y:0,l:70,w:68},],
----------------------- 25 ---------------------------
canvasWidth:100,
canvasHeight:100,
data:[{x:0,y:0,l:67,w:71},],
----------------------- 26 ---------------------------
canvasWidth:100,
canvasHeight:100,
data:[{x:0,y:0,l:65,w:72},],
----------------------- 27 ---------------------------
canvasWidth:100,
canvasHeight:100,
data:[{x:0,y:0,l:51,w:89},{x:0,y:51,l:30,w:81},{x:90,y:0,l:84,w:10},],
----------------------- 28 ---------------------------
canvasWidth:100,
canvasHeight:100,
data:[{x:0,y:0,l:89,w:51},],
----------------------- 29 ---------------------------
canvasWidth:100,
canvasHeight:100,
data:[{x:0,y:0,l:75,w:59},{x:59,y:0,l:7,w:39},],
----------------------- 30 ---------------------------
canvasWidth:100,
canvasHeight:100,
data:[{x:0,y:0,l:70,w:63},],
----------------------- 31 ---------------------------
canvasWidth:100,
canvasHeight:100,
data:[{x:0,y:0,l:80,w:53},],
----------------------- 32 ---------------------------
canvasWidth:100,
canvasHeight:100,
data:[{x:0,y:0,l:53,w:78},],
----------------------- 33 ---------------------------
canvasWidth:100,
canvasHeight:100,
data:[{x:0,y:0,l:76,w:54},{x:54,y:0,l:29,w:45},],
----------------------- 34 ---------------------------
canvasWidth:100,
canvasHeight:100,
data:[{x:0,y:0,l:77,w:52},],
----------------------- 35 ---------------------------
canvasWidth:100,
canvasHeight:100,
data:[{x:0,y:0,l:52,w:75},],
----------------------- 36 ---------------------------
canvasWidth:100,
canvasHeight:100,
data:[{x:0,y:0,l:60,w:63},],
----------------------- 37 ---------------------------
canvasWidth:100,
canvasHeight:100,
data:[{x:0,y:0,l:65,w:54},],
----------------------- 38 ---------------------------
canvasWidth:100,
canvasHeight:100,
data:[{x:0,y:0,l:59,w:53},],
----------------------- 39 ---------------------------
canvasWidth:100,
canvasHeight:100,
data:[{x:0,y:0,l:54,w:57},],
----------------------- 40 ---------------------------
canvasWidth:100,
canvasHeight:100,
data:[{x:0,y:0,l:57,w:53},],
----------------------- 41 ---------------------------
canvasWidth:100,
canvasHeight:100,
data:[{x:0,y:0,l:32,w:97},{x:0,y:32,l:13,w:84},{x:0,y:45,l:50,w:56},],
