====================================== Class_01.2bp-10 =====================================
Reduced size: 40 usedBin: 0
E:\WSKH\2DBPP\NonGuillotine\initSolution\1_11.pack
[0, 17, 30, 38]
[1, 15, 25, 36, 39]
[3, 10, 26, 28]
[4, 13, 24, 27, 34]
[2, 8]
[9, 11, 20, 29, 31, 32, 33, 37]
[12, 14, 18, 23, 35]
[16, 21, 22]
[6, 7]
[5, 19]
canvasWidth:10,
canvasHeight:10,
data:[{x:0,y:0,l:9,w:8},{x:8,y:0,l:10,w:2},{x:3,y:9,l:1,w:5},{x:1,y:9,l:1,w:2},],
canvasWidth:10,
canvasHeight:10,
data:[{x:0,y:0,l:9,w:7},{x:7,y:0,l:8,w:3},{x:1,y:9,l:1,w:9},{x:7,y:8,l:1,w:3},{x:0,y:9,l:1,w:1},],
canvasWidth:10,
canvasHeight:10,
data:[{x:0,y:0,l:6,w:9},{x:0,y:7,l:3,w:10},{x:0,y:6,l:1,w:9},{x:9,y:0,l:7,w:1},],
canvasWidth:10,
canvasHeight:10,
data:[{x:8,y:0,l:2,w:2},{x:0,y:0,l:6,w:8},{x:3,y:6,l:4,w:7},{x:0,y:6,l:4,w:3},{x:8,y:2,l:4,w:2},],
canvasWidth:10,
canvasHeight:10,
data:[{x:6,y:0,l:10,w:4},{x:0,y:0,l:10,w:6},],
canvasWidth:10,
canvasHeight:10,
data:[{x:0,y:0,l:8,w:4},{x:4,y:0,l:6,w:5},{x:4,y:6,l:4,w:4},{x:9,y:0,l:7,w:1},{x:0,y:8,l:2,w:2},{x:2,y:8,l:2,w:2},{x:8,y:6,l:4,w:1},{x:9,y:7,l:3,w:1},],
canvasWidth:10,
canvasHeight:10,
data:[{x:0,y:0,l:4,w:7},{x:0,y:7,l:3,w:9},{x:7,y:0,l:6,w:3},{x:0,y:4,l:3,w:4},{x:9,y:6,l:4,w:1},],
canvasWidth:10,
canvasHeight:10,
data:[{x:0,y:0,l:3,w:8},{x:0,y:3,l:2,w:8},{x:8,y:0,l:7,w:2},],
canvasWidth:10,
canvasHeight:10,
data:[{x:0,y:0,l:9,w:5},{x:5,y:0,l:9,w:5},],
canvasWidth:10,
canvasHeight:10,
data:[{x:0,y:0,l:9,w:5},{x:5,y:0,l:9,w:2},],
Best fit used bin number: 10
Found best solution: 10 0.063

   Statrt add columnAndCut col: 10 cons: 0 cut: 0	0.141

	1 Start Add column using column generation  col: 10 cons: 0 cut: 0	0.141
			Start solve  LP :0.141
			End solve LP obj: 10.0 t: 0
	1 End Add column using column generation : 10.0 col: 10 cons: 0 cut: 0	0.141
   End add columnAndCut : 10.0 colGencnt: 1 price: 0 col: 10 cons: 0 cut: 0	0.141

Node lb: 10.0 ub: 10 : 0.141

Final Found Solution: 10 genNode: 1 extendedNode: 0:0.141
Bin size: 100
1 : 72,20,5,2, : 99
2 : 63,24,9,3,1, : 100
3 : 54,30,9,7, : 100
4 : 48,28,12,8,4, : 100
5 : 60,40, : 100
6 : 32,30,16,7,4,4,4,3, : 100
7 : 28,27,18,12,4, : 89
8 : 24,16,14, : 54
9 : 45,45, : 90
10 : 45,18, : 63
----------------------- 1 ---------------------------
canvasWidth:10,
canvasHeight:10,
data:[{x:0,y:0,l:9,w:8},{x:8,y:0,l:10,w:2},{x:3,y:9,l:1,w:5},{x:1,y:9,l:1,w:2},],
----------------------- 2 ---------------------------
canvasWidth:10,
canvasHeight:10,
data:[{x:0,y:0,l:9,w:7},{x:7,y:0,l:8,w:3},{x:1,y:9,l:1,w:9},{x:7,y:8,l:1,w:3},{x:0,y:9,l:1,w:1},],
----------------------- 3 ---------------------------
canvasWidth:10,
canvasHeight:10,
data:[{x:0,y:0,l:6,w:9},{x:0,y:7,l:3,w:10},{x:0,y:6,l:1,w:9},{x:9,y:0,l:7,w:1},],
----------------------- 4 ---------------------------
canvasWidth:10,
canvasHeight:10,
data:[{x:8,y:0,l:2,w:2},{x:0,y:0,l:6,w:8},{x:3,y:6,l:4,w:7},{x:0,y:6,l:4,w:3},{x:8,y:2,l:4,w:2},],
----------------------- 5 ---------------------------
canvasWidth:10,
canvasHeight:10,
data:[{x:6,y:0,l:10,w:4},{x:0,y:0,l:10,w:6},],
----------------------- 6 ---------------------------
canvasWidth:10,
canvasHeight:10,
data:[{x:0,y:0,l:8,w:4},{x:4,y:0,l:6,w:5},{x:4,y:6,l:4,w:4},{x:9,y:0,l:7,w:1},{x:0,y:8,l:2,w:2},{x:2,y:8,l:2,w:2},{x:8,y:6,l:4,w:1},{x:9,y:7,l:3,w:1},],
----------------------- 7 ---------------------------
canvasWidth:10,
canvasHeight:10,
data:[{x:0,y:0,l:4,w:7},{x:0,y:7,l:3,w:9},{x:7,y:0,l:6,w:3},{x:0,y:4,l:3,w:4},{x:9,y:6,l:4,w:1},],
----------------------- 8 ---------------------------
canvasWidth:10,
canvasHeight:10,
data:[{x:0,y:0,l:3,w:8},{x:0,y:3,l:2,w:8},{x:8,y:0,l:7,w:2},],
----------------------- 9 ---------------------------
canvasWidth:10,
canvasHeight:10,
data:[{x:0,y:0,l:9,w:5},{x:5,y:0,l:9,w:5},],
----------------------- 10 ---------------------------
canvasWidth:10,
canvasHeight:10,
data:[{x:0,y:0,l:9,w:5},{x:5,y:0,l:9,w:2},],
