====================================== Class_08.2bp-30 =====================================
Reduced size: 80 usedBin: 0
[0]
[1, 26, 75, 77]
[2, 45, 46]
[3, 11]
[5, 9]
[6, 41, 71, 73]
[7, 19, 62]
[21, 25, 49, 61, 67]
[4, 27, 60]
[14, 17, 57, 58]
[16, 31, 37, 63, 76]
[15, 22, 39]
[32, 34, 35, 66, 78, 79]
[13, 44, 53, 59, 65]
[30, 36, 38, 64]
[28, 43, 54, 69, 70, 72]
[12, 29, 42]
[20, 24, 33]
[23, 48, 50, 56]
[18, 51, 52, 68, 74]
[8, 40]
[10, 47, 55]
canvasWidth:100,
canvasHeight:100,
data:[{x:0,y:0,l:95,w:89},],
canvasWidth:100,
canvasHeight:100,
data:[{x:0,y:0,l:68,w:87},{x:0,y:68,l:27,w:99},{x:0,y:95,l:3,w:86},{x:0,y:98,l:2,w:98},],
canvasWidth:100,
canvasHeight:100,
data:[{x:0,y:0,l:76,w:75},{x:77,y:0,l:79,w:23},{x:0,y:76,l:24,w:73},],
canvasWidth:100,
canvasHeight:100,
data:[{x:0,y:0,l:59,w:93},{x:0,y:59,l:41,w:92},],
canvasWidth:100,
canvasHeight:100,
data:[{x:0,y:0,l:99,w:55},{x:55,y:0,l:93,w:44},],
canvasWidth:100,
canvasHeight:100,
data:[{x:0,y:0,l:65,w:82},{x:0,y:65,l:30,w:69},{x:82,y:0,l:34,w:13},{x:0,y:95,l:4,w:77},],
canvasWidth:100,
canvasHeight:100,
data:[{x:0,y:0,l:78,w:55},{x:55,y:0,l:88,w:36},{x:0,y:88,l:11,w:79},],
canvasWidth:100,
canvasHeight:100,
data:[{x:0,y:0,l:54,w:53},{x:0,y:54,l:40,w:68},{x:53,y:0,l:47,w:35},{x:68,y:59,l:35,w:30},{x:0,y:94,l:6,w:95},],
canvasWidth:100,
canvasHeight:100,
data:[{x:0,y:0,l:83,w:66},{x:69,y:0,l:84,w:31},{x:26,y:84,l:16,w:74},],
canvasWidth:100,
canvasHeight:100,
data:[{x:0,y:0,l:50,w:71},{x:0,y:50,l:50,w:66},{x:85,y:0,l:83,w:15},{x:71,y:0,l:85,w:14},],
canvasWidth:100,
canvasHeight:100,
data:[{x:0,y:65,l:35,w:98},{x:0,y:0,l:37,w:68},{x:0,y:37,l:28,w:83},{x:68,y:0,l:31,w:26},{x:91,y:31,l:27,w:9},],
canvasWidth:100,
canvasHeight:100,
data:[{x:0,y:0,l:42,w:84},{x:0,y:42,l:34,w:84},{x:0,y:76,l:24,w:88},],
canvasWidth:100,
canvasHeight:100,
data:[{x:0,y:0,l:33,w:75},{x:0,y:33,l:32,w:75},{x:0,y:65,l:33,w:72},{x:75,y:0,l:34,w:17},{x:0,y:98,l:2,w:70},{x:92,y:0,l:24,w:1},],
canvasWidth:100,
canvasHeight:100,
data:[{x:0,y:0,l:37,w:96},{x:0,y:37,l:19,w:96},{x:0,y:56,l:18,w:81},{x:0,y:74,l:18,w:66},{x:0,y:92,l:8,w:80},],
canvasWidth:100,
canvasHeight:100,
data:[{x:0,y:0,l:27,w:87},{x:0,y:27,l:36,w:70},{x:0,y:63,l:29,w:80},{x:0,y:92,l:8,w:88},],
canvasWidth:100,
canvasHeight:100,
data:[{x:0,y:0,l:36,w:71},{x:0,y:36,l:26,w:74},{x:0,y:62,l:22,w:66},{x:0,y:84,l:5,w:74},{x:0,y:89,l:5,w:98},{x:0,y:94,l:6,w:80},],
canvasWidth:100,
canvasHeight:100,
data:[{x:0,y:0,l:29,w:88},{x:0,y:29,l:50,w:75},{x:0,y:79,l:21,w:96},],
canvasWidth:100,
canvasHeight:100,
data:[{x:0,y:58,l:42,w:71},{x:0,y:29,l:29,w:83},{x:0,y:0,l:29,w:94},],
canvasWidth:100,
canvasHeight:100,
data:[{x:0,y:53,l:38,w:73},{x:0,y:0,l:18,w:94},{x:0,y:33,l:20,w:82},{x:0,y:18,l:15,w:88},],
canvasWidth:100,
canvasHeight:100,
data:[{x:0,y:46,l:42,w:77},{x:0,y:3,l:18,w:91},{x:0,y:21,l:18,w:86},{x:0,y:39,l:7,w:80},{x:0,y:0,l:3,w:93},],
canvasWidth:100,
canvasHeight:100,
data:[{x:0,y:0,l:45,w:92},{x:0,y:45,l:27,w:78},],
canvasWidth:100,
canvasHeight:100,
data:[{x:0,y:0,l:44,w:92},{x:0,y:61,l:24,w:71},{x:0,y:44,l:17,w:79},],
Best fit used bin number: 22
Found best solution: 22 0.063

   Statrt add columnAndCut col: 22 cons: 0 cut: 0	0.141

	1 Start Add column using column generation  col: 22 cons: 0 cut: 0	0.141
			Start solve  LP :0.141
			End solve LP obj: 22.0 t: 0
	1 End Add column using column generation : 22.0 col: 22 cons: 0 cut: 0	0.141
   End add columnAndCut : 22.0 colGencnt: 1 price: 0 col: 22 cons: 0 cut: 0	0.141

Node lb: 22.0 ub: 22 : 0.141

Final Found Solution: 22 genNode: 1 extendedNode: 0:0.141
Bin size: 10000
1 : 8455, : 8455
2 : 5916,2673,258,196, : 9043
3 : 5700,1817,1752, : 9269
4 : 5487,3772, : 9259
5 : 5445,4092, : 9537
6 : 5330,2070,442,308, : 8150
7 : 4290,3168,869, : 8327
8 : 2862,2720,1645,1050,570, : 8847
9 : 5478,2604,1184, : 9266
10 : 3550,3300,1245,1190, : 9285
11 : 3430,2516,2324,806,243, : 9319
12 : 3528,2856,2112, : 8496
13 : 2475,2400,2376,578,140,24, : 7993
14 : 3552,1824,1458,1188,640, : 8662
15 : 2520,2349,2320,704, : 7893
16 : 2556,1924,1452,490,480,370, : 7272
17 : 3750,2552,2016, : 8318
18 : 2982,2726,2407, : 8115
19 : 2774,1692,1640,1320, : 7426
20 : 3234,1638,1548,560,279, : 7259
21 : 4140,2106, : 6246
22 : 4048,1704,1343, : 7095
----------------------- 1 ---------------------------
canvasWidth:100,
canvasHeight:100,
data:[{x:0,y:0,l:95,w:89},],
----------------------- 2 ---------------------------
canvasWidth:100,
canvasHeight:100,
data:[{x:0,y:0,l:68,w:87},{x:0,y:68,l:27,w:99},{x:0,y:95,l:3,w:86},{x:0,y:98,l:2,w:98},],
----------------------- 3 ---------------------------
canvasWidth:100,
canvasHeight:100,
data:[{x:0,y:0,l:76,w:75},{x:77,y:0,l:79,w:23},{x:0,y:76,l:24,w:73},],
----------------------- 4 ---------------------------
canvasWidth:100,
canvasHeight:100,
data:[{x:0,y:0,l:59,w:93},{x:0,y:59,l:41,w:92},],
----------------------- 5 ---------------------------
canvasWidth:100,
canvasHeight:100,
data:[{x:0,y:0,l:99,w:55},{x:55,y:0,l:93,w:44},],
----------------------- 6 ---------------------------
canvasWidth:100,
canvasHeight:100,
data:[{x:0,y:0,l:65,w:82},{x:0,y:65,l:30,w:69},{x:82,y:0,l:34,w:13},{x:0,y:95,l:4,w:77},],
----------------------- 7 ---------------------------
canvasWidth:100,
canvasHeight:100,
data:[{x:0,y:0,l:78,w:55},{x:55,y:0,l:88,w:36},{x:0,y:88,l:11,w:79},],
----------------------- 8 ---------------------------
canvasWidth:100,
canvasHeight:100,
data:[{x:0,y:0,l:54,w:53},{x:0,y:54,l:40,w:68},{x:53,y:0,l:47,w:35},{x:68,y:59,l:35,w:30},{x:0,y:94,l:6,w:95},],
----------------------- 9 ---------------------------
canvasWidth:100,
canvasHeight:100,
data:[{x:0,y:0,l:83,w:66},{x:69,y:0,l:84,w:31},{x:26,y:84,l:16,w:74},],
----------------------- 10 ---------------------------
canvasWidth:100,
canvasHeight:100,
data:[{x:0,y:0,l:50,w:71},{x:0,y:50,l:50,w:66},{x:85,y:0,l:83,w:15},{x:71,y:0,l:85,w:14},],
----------------------- 11 ---------------------------
canvasWidth:100,
canvasHeight:100,
data:[{x:0,y:65,l:35,w:98},{x:0,y:0,l:37,w:68},{x:0,y:37,l:28,w:83},{x:68,y:0,l:31,w:26},{x:91,y:31,l:27,w:9},],
----------------------- 12 ---------------------------
canvasWidth:100,
canvasHeight:100,
data:[{x:0,y:0,l:42,w:84},{x:0,y:42,l:34,w:84},{x:0,y:76,l:24,w:88},],
----------------------- 13 ---------------------------
canvasWidth:100,
canvasHeight:100,
data:[{x:0,y:0,l:33,w:75},{x:0,y:33,l:32,w:75},{x:0,y:65,l:33,w:72},{x:75,y:0,l:34,w:17},{x:0,y:98,l:2,w:70},{x:92,y:0,l:24,w:1},],
----------------------- 14 ---------------------------
canvasWidth:100,
canvasHeight:100,
data:[{x:0,y:0,l:37,w:96},{x:0,y:37,l:19,w:96},{x:0,y:56,l:18,w:81},{x:0,y:74,l:18,w:66},{x:0,y:92,l:8,w:80},],
----------------------- 15 ---------------------------
canvasWidth:100,
canvasHeight:100,
data:[{x:0,y:0,l:27,w:87},{x:0,y:27,l:36,w:70},{x:0,y:63,l:29,w:80},{x:0,y:92,l:8,w:88},],
----------------------- 16 ---------------------------
canvasWidth:100,
canvasHeight:100,
data:[{x:0,y:0,l:36,w:71},{x:0,y:36,l:26,w:74},{x:0,y:62,l:22,w:66},{x:0,y:84,l:5,w:74},{x:0,y:89,l:5,w:98},{x:0,y:94,l:6,w:80},],
----------------------- 17 ---------------------------
canvasWidth:100,
canvasHeight:100,
data:[{x:0,y:0,l:29,w:88},{x:0,y:29,l:50,w:75},{x:0,y:79,l:21,w:96},],
----------------------- 18 ---------------------------
canvasWidth:100,
canvasHeight:100,
data:[{x:0,y:58,l:42,w:71},{x:0,y:29,l:29,w:83},{x:0,y:0,l:29,w:94},],
----------------------- 19 ---------------------------
canvasWidth:100,
canvasHeight:100,
data:[{x:0,y:53,l:38,w:73},{x:0,y:0,l:18,w:94},{x:0,y:33,l:20,w:82},{x:0,y:18,l:15,w:88},],
----------------------- 20 ---------------------------
canvasWidth:100,
canvasHeight:100,
data:[{x:0,y:46,l:42,w:77},{x:0,y:3,l:18,w:91},{x:0,y:21,l:18,w:86},{x:0,y:39,l:7,w:80},{x:0,y:0,l:3,w:93},],
----------------------- 21 ---------------------------
canvasWidth:100,
canvasHeight:100,
data:[{x:0,y:0,l:45,w:92},{x:0,y:45,l:27,w:78},],
----------------------- 22 ---------------------------
canvasWidth:100,
canvasHeight:100,
data:[{x:0,y:0,l:44,w:92},{x:0,y:61,l:24,w:71},{x:0,y:44,l:17,w:79},],
