====================================== Class_03.2bp-37 =====================================
Reduced size: 80 usedBin: 0
[0, 54, 76]
[1, 46, 69]
[2, 58, 66]
[3]
[4]
[5, 32, 71]
[6, 40, 52, 53]
[7, 36, 55, 61, 62]
[8, 20, 70]
[10, 35, 39]
[9, 45]
[11, 44, 68, 73]
[12, 22, 51, 56, 75, 78]
[14, 25, 43]
[16, 19, 48, 60, 65, 72, 79]
[17, 30, 38, 57]
[18, 31, 37, 42, 74, 77]
[15, 21, 50, 67]
[23, 26, 41, 49, 63]
[24, 28, 47, 59]
[27, 33, 34, 64]
[13, 29]
canvasWidth:40,
canvasHeight:40,
data:[{x:0,y:0,l:35,w:34},{x:34,y:0,l:23,w:6},{x:34,y:23,l:3,w:6},],
canvasWidth:40,
canvasHeight:40,
data:[{x:0,y:0,l:35,w:32},{x:32,y:0,l:29,w:8},{x:36,y:29,l:11,w:4},],
canvasWidth:40,
canvasHeight:40,
data:[{x:0,y:0,l:32,w:34},{x:34,y:0,l:19,w:6},{x:37,y:19,l:21,w:3},],
canvasWidth:40,
canvasHeight:40,
data:[{x:0,y:0,l:31,w:35},],
canvasWidth:40,
canvasHeight:40,
data:[{x:0,y:0,l:31,w:34},],
canvasWidth:40,
canvasHeight:40,
data:[{x:0,y:0,l:35,w:28},{x:28,y:0,l:30,w:12},{x:28,y:30,l:3,w:11},],
canvasWidth:40,
canvasHeight:40,
data:[{x:0,y:0,l:33,w:29},{x:29,y:0,l:24,w:11},{x:29,y:24,l:16,w:11},{x:5,y:33,l:7,w:24},],
canvasWidth:40,
canvasHeight:40,
data:[{x:0,y:0,l:32,w:27},{x:27,y:0,l:24,w:13},{x:23,y:32,l:8,w:17},{x:27,y:24,l:8,w:13},{x:0,y:32,l:7,w:14},],
canvasWidth:40,
canvasHeight:40,
data:[{x:0,y:0,l:25,w:34},{x:0,y:25,l:15,w:34},{x:34,y:0,l:20,w:2},],
canvasWidth:40,
canvasHeight:40,
data:[{x:0,y:0,l:29,w:27},{x:27,y:0,l:27,w:12},{x:0,y:29,l:11,w:25},],
canvasWidth:40,
canvasHeight:40,
data:[{x:0,y:0,l:29,w:27},{x:27,y:0,l:25,w:10},],
canvasWidth:40,
canvasHeight:40,
data:[{x:0,y:0,l:28,w:27},{x:27,y:0,l:28,w:9},{x:36,y:0,l:28,w:1},{x:37,y:0,l:26,w:2},],
canvasWidth:40,
canvasHeight:40,
data:[{x:0,y:0,l:22,w:33},{x:0,y:22,l:18,w:24},{x:33,y:3,l:27,w:7},{x:24,y:23,l:15,w:8},{x:33,y:0,l:3,w:7},{x:25,y:22,l:1,w:8},],
canvasWidth:40,
canvasHeight:40,
data:[{x:0,y:0,l:32,w:21},{x:21,y:0,l:22,w:19},{x:26,y:22,l:18,w:14},],
canvasWidth:40,
canvasHeight:40,
data:[{x:0,y:0,l:27,w:22},{x:22,y:0,l:29,w:18},{x:10,y:30,l:10,w:20},{x:30,y:29,l:11,w:10},{x:0,y:27,l:3,w:22},{x:0,y:30,l:4,w:8},{x:22,y:29,l:1,w:8},],
canvasWidth:40,
canvasHeight:40,
data:[{x:0,y:0,l:28,w:21},{x:21,y:0,l:20,w:19},{x:22,y:20,l:17,w:18},{x:0,y:28,l:6,w:19},],
canvasWidth:40,
canvasHeight:40,
data:[{x:0,y:0,l:24,w:24},{x:16,y:25,l:15,w:24},{x:25,y:0,l:22,w:14},{x:0,y:24,l:16,w:16},{x:24,y:0,l:24,w:1},{x:16,y:24,l:1,w:18},],
canvasWidth:40,
canvasHeight:40,
data:[{x:0,y:0,l:19,w:33},{x:0,y:19,l:16,w:28},{x:28,y:21,l:19,w:10},{x:33,y:0,l:14,w:4},],
canvasWidth:40,
canvasHeight:40,
data:[{x:0,y:0,l:16,w:27},{x:11,y:26,l:14,w:29},{x:0,y:16,l:24,w:11},{x:27,y:0,l:18,w:11},{x:11,y:16,l:6,w:15},],
canvasWidth:40,
canvasHeight:40,
data:[{x:0,y:0,l:19,w:22},{x:0,y:23,l:17,w:23},{x:30,y:0,l:27,w:8},{x:22,y:0,l:14,w:8},],
canvasWidth:40,
canvasHeight:40,
data:[{x:0,y:0,l:17,w:23},{x:26,y:0,l:25,w:14},{x:0,y:20,l:14,w:24},{x:0,y:17,l:3,w:24},],
canvasWidth:40,
canvasHeight:40,
data:[{x:0,y:11,l:20,w:34},{x:0,y:0,l:11,w:35},],
Best fit used bin number: 22
Found best solution: 22 0.062

   Statrt add columnAndCut col: 22 cons: 0 cut: 0	0.125

	1 Start Add column using column generation  col: 22 cons: 0 cut: 0	0.125
			Start solve  LP :0.125
			End solve LP obj: 22.0 t: 0
	1 End Add column using column generation : 22.0 col: 22 cons: 0 cut: 0	0.125
   End add columnAndCut : 22.0 colGencnt: 1 price: 0 col: 22 cons: 0 cut: 0	0.125

Node lb: 22.0 ub: 22 : 0.125

Final Found Solution: 22 genNode: 1 extendedNode: 0:0.125
Bin size: 1600
1 : 1190,138,18, : 1346
2 : 1120,232,44, : 1396
3 : 1088,114,63, : 1265
4 : 1085, : 1085
5 : 1054, : 1054
6 : 980,360,33, : 1373
7 : 957,264,176,168, : 1565
8 : 864,312,136,104,98, : 1514
9 : 850,510,40, : 1400
10 : 783,324,275, : 1382
11 : 783,250, : 1033
12 : 756,252,52,28, : 1088
13 : 726,432,189,120,21,8, : 1496
14 : 672,418,252, : 1342
15 : 594,522,200,110,66,32,8, : 1532
16 : 588,380,306,114, : 1388
17 : 576,360,308,256,24,18, : 1542
18 : 627,448,190,56, : 1321
19 : 432,406,264,198,90, : 1390
20 : 418,391,216,112, : 1137
21 : 391,350,336,72, : 1149
22 : 680,385, : 1065
----------------------- 1 ---------------------------
canvasWidth:40,
canvasHeight:40,
data:[{x:0,y:0,l:35,w:34},{x:34,y:0,l:23,w:6},{x:34,y:23,l:3,w:6},],
----------------------- 2 ---------------------------
canvasWidth:40,
canvasHeight:40,
data:[{x:0,y:0,l:35,w:32},{x:32,y:0,l:29,w:8},{x:36,y:29,l:11,w:4},],
----------------------- 3 ---------------------------
canvasWidth:40,
canvasHeight:40,
data:[{x:0,y:0,l:32,w:34},{x:34,y:0,l:19,w:6},{x:37,y:19,l:21,w:3},],
----------------------- 4 ---------------------------
canvasWidth:40,
canvasHeight:40,
data:[{x:0,y:0,l:31,w:35},],
----------------------- 5 ---------------------------
canvasWidth:40,
canvasHeight:40,
data:[{x:0,y:0,l:31,w:34},],
----------------------- 6 ---------------------------
canvasWidth:40,
canvasHeight:40,
data:[{x:0,y:0,l:35,w:28},{x:28,y:0,l:30,w:12},{x:28,y:30,l:3,w:11},],
----------------------- 7 ---------------------------
canvasWidth:40,
canvasHeight:40,
data:[{x:0,y:0,l:33,w:29},{x:29,y:0,l:24,w:11},{x:29,y:24,l:16,w:11},{x:5,y:33,l:7,w:24},],
----------------------- 8 ---------------------------
canvasWidth:40,
canvasHeight:40,
data:[{x:0,y:0,l:32,w:27},{x:27,y:0,l:24,w:13},{x:23,y:32,l:8,w:17},{x:27,y:24,l:8,w:13},{x:0,y:32,l:7,w:14},],
----------------------- 9 ---------------------------
canvasWidth:40,
canvasHeight:40,
data:[{x:0,y:0,l:25,w:34},{x:0,y:25,l:15,w:34},{x:34,y:0,l:20,w:2},],
----------------------- 10 ---------------------------
canvasWidth:40,
canvasHeight:40,
data:[{x:0,y:0,l:29,w:27},{x:27,y:0,l:27,w:12},{x:0,y:29,l:11,w:25},],
----------------------- 11 ---------------------------
canvasWidth:40,
canvasHeight:40,
data:[{x:0,y:0,l:29,w:27},{x:27,y:0,l:25,w:10},],
----------------------- 12 ---------------------------
canvasWidth:40,
canvasHeight:40,
data:[{x:0,y:0,l:28,w:27},{x:27,y:0,l:28,w:9},{x:36,y:0,l:28,w:1},{x:37,y:0,l:26,w:2},],
----------------------- 13 ---------------------------
canvasWidth:40,
canvasHeight:40,
data:[{x:0,y:0,l:22,w:33},{x:0,y:22,l:18,w:24},{x:33,y:3,l:27,w:7},{x:24,y:23,l:15,w:8},{x:33,y:0,l:3,w:7},{x:25,y:22,l:1,w:8},],
----------------------- 14 ---------------------------
canvasWidth:40,
canvasHeight:40,
data:[{x:0,y:0,l:32,w:21},{x:21,y:0,l:22,w:19},{x:26,y:22,l:18,w:14},],
----------------------- 15 ---------------------------
canvasWidth:40,
canvasHeight:40,
data:[{x:0,y:0,l:27,w:22},{x:22,y:0,l:29,w:18},{x:10,y:30,l:10,w:20},{x:30,y:29,l:11,w:10},{x:0,y:27,l:3,w:22},{x:0,y:30,l:4,w:8},{x:22,y:29,l:1,w:8},],
----------------------- 16 ---------------------------
canvasWidth:40,
canvasHeight:40,
data:[{x:0,y:0,l:28,w:21},{x:21,y:0,l:20,w:19},{x:22,y:20,l:17,w:18},{x:0,y:28,l:6,w:19},],
----------------------- 17 ---------------------------
canvasWidth:40,
canvasHeight:40,
data:[{x:0,y:0,l:24,w:24},{x:16,y:25,l:15,w:24},{x:25,y:0,l:22,w:14},{x:0,y:24,l:16,w:16},{x:24,y:0,l:24,w:1},{x:16,y:24,l:1,w:18},],
----------------------- 18 ---------------------------
canvasWidth:40,
canvasHeight:40,
data:[{x:0,y:0,l:19,w:33},{x:0,y:19,l:16,w:28},{x:28,y:21,l:19,w:10},{x:33,y:0,l:14,w:4},],
----------------------- 19 ---------------------------
canvasWidth:40,
canvasHeight:40,
data:[{x:0,y:0,l:16,w:27},{x:11,y:26,l:14,w:29},{x:0,y:16,l:24,w:11},{x:27,y:0,l:18,w:11},{x:11,y:16,l:6,w:15},],
----------------------- 20 ---------------------------
canvasWidth:40,
canvasHeight:40,
data:[{x:0,y:0,l:19,w:22},{x:0,y:23,l:17,w:23},{x:30,y:0,l:27,w:8},{x:22,y:0,l:14,w:8},],
----------------------- 21 ---------------------------
canvasWidth:40,
canvasHeight:40,
data:[{x:0,y:0,l:17,w:23},{x:26,y:0,l:25,w:14},{x:0,y:20,l:14,w:24},{x:0,y:17,l:3,w:24},],
----------------------- 22 ---------------------------
canvasWidth:40,
canvasHeight:40,
data:[{x:0,y:11,l:20,w:34},{x:0,y:0,l:11,w:35},],
