====================================== Class_06.2bp-26 =====================================
Reduced size: 60 usedBin: 0
E:\WSKH\2DBPP\NonGuillotine\initSolution\6_27.pack
[0, 2, 3, 4, 5, 6, 7, 9, 10, 15, 18, 19, 21, 22, 23, 25, 27, 29, 30, 31, 32, 35, 36, 37, 41, 44, 47, 48, 52, 53, 54, 57, 58]
[1, 8, 11, 12, 13, 14, 16, 17, 20, 24, 26, 28, 33, 34, 38, 39, 40, 42, 43, 45, 46, 49, 50, 51, 55, 56, 59]
canvasWidth:300,
canvasHeight:300,
data:[{x:0,y:0,l:86,w:93},{x:158,y:0,l:8,w:26},{x:158,y:47,l:78,w:94},{x:0,y:86,l:75,w:81},{x:81,y:86,l:76,w:77},{x:158,y:125,l:98,w:58},{x:93,y:0,l:86,w:65},{x:0,y:201,l:94,w:58},{x:140,y:223,l:57,w:78},{x:184,y:0,l:47,w:87},{x:0,y:161,l:40,w:81},{x:216,y:125,l:98,w:24},{x:121,y:162,l:61,w:37},{x:81,y:162,l:45,w:40},{x:93,y:225,l:56,w:28},{x:278,y:0,l:73,w:21},{x:121,y:223,l:77,w:19},{x:252,y:47,l:67,w:21},{x:140,y:280,l:20,w:66},{x:252,y:114,l:35,w:30},{x:58,y:201,l:58,w:18},{x:158,y:8,l:39,w:26},{x:282,y:113,l:53,w:18},{x:76,y:225,l:50,w:17},{x:275,y:73,l:40,w:21},{x:81,y:207,l:18,w:40},{x:58,y:259,l:28,w:16},{x:240,y:125,l:32,w:12},{x:271,y:0,l:47,w:7},{x:111,y:281,l:19,w:10},{x:206,y:280,l:20,w:9},{x:273,y:47,l:67,w:2},{x:299,y:0,l:16,w:1},],
canvasWidth:300,
canvasHeight:300,
data:[{x:0,y:0,l:96,w:53},{x:53,y:0,l:81,w:49},{x:112,y:0,l:76,w:50},{x:162,y:0,l:62,w:61},{x:92,y:104,l:42,w:79},{x:221,y:128,l:34,w:79},{x:194,y:89,l:29,w:91},{x:112,y:76,l:28,w:70},{x:92,y:146,l:21,w:72},{x:237,y:0,l:27,w:54},{x:189,y:73,l:16,w:85},{x:223,y:0,l:70,w:14},{x:237,y:27,l:21,w:46},{x:237,y:48,l:22,w:37},{x:102,y:0,l:81,w:10},{x:285,y:56,l:50,w:15},{x:171,y:118,l:10,w:58},{x:162,y:62,l:8,w:61},{x:67,y:81,l:10,w:44},{x:0,y:96,l:5,w:87},{x:283,y:27,l:29,w:11},{x:294,y:0,l:40,w:6},{x:53,y:81,l:15,w:14},{x:0,y:101,l:85,w:92},{x:189,y:70,l:3,w:56},{x:162,y:70,l:6,w:27},{x:182,y:76,l:2,w:7},],
Best fit used bin number: 2
Found best solution: 2 0.063

   Statrt add columnAndCut col: 2 cons: 0 cut: 0	0.141

	1 Start Add column using column generation  col: 2 cons: 0 cut: 0	0.141
			Start solve  LP :0.141
			End solve LP obj: 2.0 t: 0
	1 End Add column using column generation : 2.0 col: 2 cons: 0 cut: 0	0.141
   End add columnAndCut : 2.0 colGencnt: 1 price: 0 col: 2 cons: 0 cut: 0	0.141

Node lb: 2.0 ub: 2 : 0.141

Final Found Solution: 2 genNode: 1 extendedNode: 0:0.141
Bin size: 90000
1 : 7998,7332,6075,5852,5684,5590,5452,4446,4089,3240,2352,2257,1800,1568,1533,1463,1407,1320,1050,1044,1014,954,850,840,720,448,384,329,208,190,180,134,16, : 77819
2 : 7820,5088,3969,3800,3782,3318,2686,2639,1960,1512,1458,1360,980,966,814,810,750,580,488,440,435,319,240,210,168,162,14, : 46768
----------------------- 1 ---------------------------
canvasWidth:300,
canvasHeight:300,
data:[{x:0,y:0,l:86,w:93},{x:158,y:0,l:8,w:26},{x:158,y:47,l:78,w:94},{x:0,y:86,l:75,w:81},{x:81,y:86,l:76,w:77},{x:158,y:125,l:98,w:58},{x:93,y:0,l:86,w:65},{x:0,y:201,l:94,w:58},{x:140,y:223,l:57,w:78},{x:184,y:0,l:47,w:87},{x:0,y:161,l:40,w:81},{x:216,y:125,l:98,w:24},{x:121,y:162,l:61,w:37},{x:81,y:162,l:45,w:40},{x:93,y:225,l:56,w:28},{x:278,y:0,l:73,w:21},{x:121,y:223,l:77,w:19},{x:252,y:47,l:67,w:21},{x:140,y:280,l:20,w:66},{x:252,y:114,l:35,w:30},{x:58,y:201,l:58,w:18},{x:158,y:8,l:39,w:26},{x:282,y:113,l:53,w:18},{x:76,y:225,l:50,w:17},{x:275,y:73,l:40,w:21},{x:81,y:207,l:18,w:40},{x:58,y:259,l:28,w:16},{x:240,y:125,l:32,w:12},{x:271,y:0,l:47,w:7},{x:111,y:281,l:19,w:10},{x:206,y:280,l:20,w:9},{x:273,y:47,l:67,w:2},{x:299,y:0,l:16,w:1},],
----------------------- 2 ---------------------------
canvasWidth:300,
canvasHeight:300,
data:[{x:0,y:0,l:96,w:53},{x:53,y:0,l:81,w:49},{x:112,y:0,l:76,w:50},{x:162,y:0,l:62,w:61},{x:92,y:104,l:42,w:79},{x:221,y:128,l:34,w:79},{x:194,y:89,l:29,w:91},{x:112,y:76,l:28,w:70},{x:92,y:146,l:21,w:72},{x:237,y:0,l:27,w:54},{x:189,y:73,l:16,w:85},{x:223,y:0,l:70,w:14},{x:237,y:27,l:21,w:46},{x:237,y:48,l:22,w:37},{x:102,y:0,l:81,w:10},{x:285,y:56,l:50,w:15},{x:171,y:118,l:10,w:58},{x:162,y:62,l:8,w:61},{x:67,y:81,l:10,w:44},{x:0,y:96,l:5,w:87},{x:283,y:27,l:29,w:11},{x:294,y:0,l:40,w:6},{x:53,y:81,l:15,w:14},{x:0,y:101,l:85,w:92},{x:189,y:70,l:3,w:56},{x:162,y:70,l:6,w:27},{x:182,y:76,l:2,w:7},],
