====================================== Class_09.2bp-30 =====================================
Reduced size: 80 usedBin: 0
[1]
[0]
[2]
[3]
[4, 79]
[5]
[6]
[7]
[8, 66]
[9]
[10, 76]
[11, 70]
[12, 59]
[13]
[14, 74]
[15]
[16]
[17]
[18]
[19]
[20, 67]
[21]
[22, 63, 77]
[23]
[24, 49]
[25, 64]
[26, 78]
[27, 72]
[28]
[29, 62]
[30]
[31, 58]
[32]
[33]
[34]
[35]
[36]
[37, 73]
[38]
[39, 71]
[40]
[41]
[42]
[43]
[44]
[45]
[46]
[47]
[48]
[50]
[51]
[52]
[54]
[55]
[56]
[60]
[61]
[53, 69, 75]
[57, 65, 68]
canvasWidth:100,
canvasHeight:100,
data:[{x:0,y:0,l:95,w:89},],
canvasWidth:100,
canvasHeight:100,
data:[{x:0,y:0,l:95,w:89},],
canvasWidth:100,
canvasHeight:100,
data:[{x:0,y:0,l:94,w:88},],
canvasWidth:100,
canvasHeight:100,
data:[{x:0,y:0,l:84,w:97},],
canvasWidth:100,
canvasHeight:100,
data:[{x:0,y:0,l:87,w:93},{x:93,y:0,l:24,w:1},],
canvasWidth:100,
canvasHeight:100,
data:[{x:0,y:0,l:91,w:88},],
canvasWidth:100,
canvasHeight:100,
data:[{x:0,y:0,l:76,w:99},],
canvasWidth:100,
canvasHeight:100,
data:[{x:0,y:0,l:78,w:92},],
canvasWidth:100,
canvasHeight:100,
data:[{x:0,y:0,l:92,w:76},{x:76,y:0,l:79,w:23},],
canvasWidth:100,
canvasHeight:100,
data:[{x:0,y:0,l:70,w:94},],
canvasWidth:100,
canvasHeight:100,
data:[{x:0,y:0,l:79,w:82},{x:82,y:0,l:34,w:13},],
canvasWidth:100,
canvasHeight:100,
data:[{x:0,y:0,l:84,w:77},{x:77,y:0,l:83,w:15},],
canvasWidth:100,
canvasHeight:100,
data:[{x:0,y:0,l:100,w:63},{x:63,y:0,l:88,w:36},],
canvasWidth:100,
canvasHeight:100,
data:[{x:0,y:0,l:68,w:92},],
canvasWidth:100,
canvasHeight:100,
data:[{x:0,y:0,l:77,w:81},{x:81,y:0,l:34,w:17},],
canvasWidth:100,
canvasHeight:100,
data:[{x:0,y:0,l:73,w:82},],
canvasWidth:100,
canvasHeight:100,
data:[{x:0,y:0,l:79,w:75},],
canvasWidth:100,
canvasHeight:100,
data:[{x:0,y:0,l:68,w:87},],
canvasWidth:100,
canvasHeight:100,
data:[{x:0,y:0,l:78,w:75},],
canvasWidth:100,
canvasHeight:100,
data:[{x:0,y:0,l:76,w:75},],
canvasWidth:100,
canvasHeight:100,
data:[{x:0,y:0,l:100,w:57},{x:57,y:0,l:47,w:35},],
canvasWidth:100,
canvasHeight:100,
data:[{x:0,y:0,l:78,w:71},],
canvasWidth:100,
canvasHeight:100,
data:[{x:0,y:0,l:59,w:93},{x:0,y:59,l:33,w:75},{x:0,y:92,l:3,w:86},],
canvasWidth:100,
canvasHeight:100,
data:[{x:0,y:0,l:83,w:66},],
canvasWidth:100,
canvasHeight:100,
data:[{x:0,y:0,l:99,w:55},{x:55,y:0,l:93,w:44},],
canvasWidth:100,
canvasHeight:100,
data:[{x:0,y:65,l:33,w:72},{x:0,y:0,l:65,w:83},],
canvasWidth:100,
canvasHeight:100,
data:[{x:0,y:0,l:68,w:79},{x:79,y:0,l:27,w:9},],
canvasWidth:100,
canvasHeight:100,
data:[{x:0,y:0,l:92,w:58},{x:58,y:0,l:35,w:30},],
canvasWidth:100,
canvasHeight:100,
data:[{x:0,y:0,l:65,w:82},],
canvasWidth:100,
canvasHeight:100,
data:[{x:0,y:0,l:88,w:60},{x:60,y:0,l:84,w:31},],
canvasWidth:100,
canvasHeight:100,
data:[{x:0,y:0,l:82,w:64},],
canvasWidth:100,
canvasHeight:100,
data:[{x:0,y:0,l:54,w:97},{x:0,y:54,l:42,w:77},],
canvasWidth:100,
canvasHeight:100,
data:[{x:0,y:0,l:56,w:93},],
canvasWidth:100,
canvasHeight:100,
data:[{x:0,y:0,l:76,w:68},],
canvasWidth:100,
canvasHeight:100,
data:[{x:0,y:0,l:86,w:58},],
canvasWidth:100,
canvasHeight:100,
data:[{x:0,y:0,l:51,w:96},],
canvasWidth:100,
canvasHeight:100,
data:[{x:0,y:0,l:85,w:57},],
canvasWidth:100,
canvasHeight:100,
data:[{x:0,y:0,l:67,w:72},{x:72,y:0,l:31,w:26},],
canvasWidth:100,
canvasHeight:100,
data:[{x:0,y:0,l:76,w:63},],
canvasWidth:100,
canvasHeight:100,
data:[{x:0,y:0,l:90,w:53},{x:53,y:0,l:85,w:14},],
canvasWidth:100,
canvasHeight:100,
data:[{x:0,y:0,l:57,w:83},],
canvasWidth:100,
canvasHeight:100,
data:[{x:0,y:0,l:52,w:90},],
canvasWidth:100,
canvasHeight:100,
data:[{x:0,y:0,l:87,w:53},],
canvasWidth:100,
canvasHeight:100,
data:[{x:0,y:0,l:66,w:69},],
canvasWidth:100,
canvasHeight:100,
data:[{x:0,y:0,l:80,w:55},],
canvasWidth:100,
canvasHeight:100,
data:[{x:0,y:0,l:73,w:60},],
canvasWidth:100,
canvasHeight:100,
data:[{x:0,y:0,l:78,w:55},],
canvasWidth:100,
canvasHeight:100,
data:[{x:0,y:0,l:73,w:57},],
canvasWidth:100,
canvasHeight:100,
data:[{x:0,y:0,l:60,w:69},],
canvasWidth:100,
canvasHeight:100,
data:[{x:0,y:0,l:57,w:71},],
canvasWidth:100,
canvasHeight:100,
data:[{x:0,y:0,l:65,w:62},],
canvasWidth:100,
canvasHeight:100,
data:[{x:0,y:0,l:56,w:71},],
canvasWidth:100,
canvasHeight:100,
data:[{x:0,y:0,l:53,w:66},],
canvasWidth:100,
canvasHeight:100,
data:[{x:0,y:0,l:68,w:51},],
canvasWidth:100,
canvasHeight:100,
data:[{x:0,y:0,l:54,w:62},],
canvasWidth:100,
canvasHeight:100,
data:[{x:0,y:0,l:54,w:53},],
canvasWidth:100,
canvasHeight:100,
data:[{x:0,y:0,l:51,w:56},],
canvasWidth:100,
canvasHeight:100,
data:[{x:0,y:6,l:18,w:91},{x:0,y:24,l:72,w:50},{x:0,y:0,l:6,w:80},],
canvasWidth:100,
canvasHeight:100,
data:[{x:0,y:39,l:50,w:66},{x:0,y:0,l:19,w:96},{x:0,y:19,l:20,w:82},],
Best fit used bin number: 59
Found best solution: 59 0.053

   Statrt add columnAndCut col: 59 cons: 0 cut: 0	0.131

	1 Start Add column using column generation  col: 59 cons: 0 cut: 0	0.131
			Start solve  LP :0.131
			End solve LP obj: 59.0 t: 0
	1 End Add column using column generation : 59.0 col: 59 cons: 0 cut: 0	0.131
   End add columnAndCut : 59.0 colGencnt: 1 price: 0 col: 59 cons: 0 cut: 0	0.131

Node lb: 59.0 ub: 59 : 0.131

Final Found Solution: 59 genNode: 1 extendedNode: 0:0.131
Bin size: 10000
1 : 8455, : 8455
2 : 8455, : 8455
3 : 8272, : 8272
4 : 8148, : 8148
5 : 8091,24, : 8115
6 : 8008, : 8008
7 : 7524, : 7524
8 : 7176, : 7176
9 : 6992,1817, : 8809
10 : 6580, : 6580
11 : 6478,442, : 6920
12 : 6468,1245, : 7713
13 : 6300,3168, : 9468
14 : 6256, : 6256
15 : 6237,578, : 6815
16 : 5986, : 5986
17 : 5925, : 5925
18 : 5916, : 5916
19 : 5850, : 5850
20 : 5700, : 5700
21 : 5700,1645, : 7345
22 : 5538, : 5538
23 : 5487,2475,258, : 8220
24 : 5478, : 5478
25 : 5445,4092, : 9537
26 : 5395,2376, : 7771
27 : 5372,243, : 5615
28 : 5336,1050, : 6386
29 : 5330, : 5330
30 : 5280,2604, : 7884
31 : 5248, : 5248
32 : 5238,3234, : 8472
33 : 5208, : 5208
34 : 5168, : 5168
35 : 4988, : 4988
36 : 4896, : 4896
37 : 4845, : 4845
38 : 4824,806, : 5630
39 : 4788, : 4788
40 : 4770,1190, : 5960
41 : 4731, : 4731
42 : 4680, : 4680
43 : 4611, : 4611
44 : 4554, : 4554
45 : 4400, : 4400
46 : 4380, : 4380
47 : 4290, : 4290
48 : 4161, : 4161
49 : 4140, : 4140
50 : 4047, : 4047
51 : 4030, : 4030
52 : 3976, : 3976
53 : 3498, : 3498
54 : 3468, : 3468
55 : 3348, : 3348
56 : 2862, : 2862
57 : 2856, : 2856
58 : 3600,1638,480, : 5718
59 : 3300,1824,1640, : 6764
----------------------- 1 ---------------------------
canvasWidth:100,
canvasHeight:100,
data:[{x:0,y:0,l:95,w:89},],
----------------------- 2 ---------------------------
canvasWidth:100,
canvasHeight:100,
data:[{x:0,y:0,l:95,w:89},],
----------------------- 3 ---------------------------
canvasWidth:100,
canvasHeight:100,
data:[{x:0,y:0,l:94,w:88},],
----------------------- 4 ---------------------------
canvasWidth:100,
canvasHeight:100,
data:[{x:0,y:0,l:84,w:97},],
----------------------- 5 ---------------------------
canvasWidth:100,
canvasHeight:100,
data:[{x:0,y:0,l:87,w:93},{x:93,y:0,l:24,w:1},],
----------------------- 6 ---------------------------
canvasWidth:100,
canvasHeight:100,
data:[{x:0,y:0,l:91,w:88},],
----------------------- 7 ---------------------------
canvasWidth:100,
canvasHeight:100,
data:[{x:0,y:0,l:76,w:99},],
----------------------- 8 ---------------------------
canvasWidth:100,
canvasHeight:100,
data:[{x:0,y:0,l:78,w:92},],
----------------------- 9 ---------------------------
canvasWidth:100,
canvasHeight:100,
data:[{x:0,y:0,l:92,w:76},{x:76,y:0,l:79,w:23},],
----------------------- 10 ---------------------------
canvasWidth:100,
canvasHeight:100,
data:[{x:0,y:0,l:70,w:94},],
----------------------- 11 ---------------------------
canvasWidth:100,
canvasHeight:100,
data:[{x:0,y:0,l:79,w:82},{x:82,y:0,l:34,w:13},],
----------------------- 12 ---------------------------
canvasWidth:100,
canvasHeight:100,
data:[{x:0,y:0,l:84,w:77},{x:77,y:0,l:83,w:15},],
----------------------- 13 ---------------------------
canvasWidth:100,
canvasHeight:100,
data:[{x:0,y:0,l:100,w:63},{x:63,y:0,l:88,w:36},],
----------------------- 14 ---------------------------
canvasWidth:100,
canvasHeight:100,
data:[{x:0,y:0,l:68,w:92},],
----------------------- 15 ---------------------------
canvasWidth:100,
canvasHeight:100,
data:[{x:0,y:0,l:77,w:81},{x:81,y:0,l:34,w:17},],
----------------------- 16 ---------------------------
canvasWidth:100,
canvasHeight:100,
data:[{x:0,y:0,l:73,w:82},],
----------------------- 17 ---------------------------
canvasWidth:100,
canvasHeight:100,
data:[{x:0,y:0,l:79,w:75},],
----------------------- 18 ---------------------------
canvasWidth:100,
canvasHeight:100,
data:[{x:0,y:0,l:68,w:87},],
----------------------- 19 ---------------------------
canvasWidth:100,
canvasHeight:100,
data:[{x:0,y:0,l:78,w:75},],
----------------------- 20 ---------------------------
canvasWidth:100,
canvasHeight:100,
data:[{x:0,y:0,l:76,w:75},],
----------------------- 21 ---------------------------
canvasWidth:100,
canvasHeight:100,
data:[{x:0,y:0,l:100,w:57},{x:57,y:0,l:47,w:35},],
----------------------- 22 ---------------------------
canvasWidth:100,
canvasHeight:100,
data:[{x:0,y:0,l:78,w:71},],
----------------------- 23 ---------------------------
canvasWidth:100,
canvasHeight:100,
data:[{x:0,y:0,l:59,w:93},{x:0,y:59,l:33,w:75},{x:0,y:92,l:3,w:86},],
----------------------- 24 ---------------------------
canvasWidth:100,
canvasHeight:100,
data:[{x:0,y:0,l:83,w:66},],
----------------------- 25 ---------------------------
canvasWidth:100,
canvasHeight:100,
data:[{x:0,y:0,l:99,w:55},{x:55,y:0,l:93,w:44},],
----------------------- 26 ---------------------------
canvasWidth:100,
canvasHeight:100,
data:[{x:0,y:65,l:33,w:72},{x:0,y:0,l:65,w:83},],
----------------------- 27 ---------------------------
canvasWidth:100,
canvasHeight:100,
data:[{x:0,y:0,l:68,w:79},{x:79,y:0,l:27,w:9},],
----------------------- 28 ---------------------------
canvasWidth:100,
canvasHeight:100,
data:[{x:0,y:0,l:92,w:58},{x:58,y:0,l:35,w:30},],
----------------------- 29 ---------------------------
canvasWidth:100,
canvasHeight:100,
data:[{x:0,y:0,l:65,w:82},],
----------------------- 30 ---------------------------
canvasWidth:100,
canvasHeight:100,
data:[{x:0,y:0,l:88,w:60},{x:60,y:0,l:84,w:31},],
----------------------- 31 ---------------------------
canvasWidth:100,
canvasHeight:100,
data:[{x:0,y:0,l:82,w:64},],
----------------------- 32 ---------------------------
canvasWidth:100,
canvasHeight:100,
data:[{x:0,y:0,l:54,w:97},{x:0,y:54,l:42,w:77},],
----------------------- 33 ---------------------------
canvasWidth:100,
canvasHeight:100,
data:[{x:0,y:0,l:56,w:93},],
----------------------- 34 ---------------------------
canvasWidth:100,
canvasHeight:100,
data:[{x:0,y:0,l:76,w:68},],
----------------------- 35 ---------------------------
canvasWidth:100,
canvasHeight:100,
data:[{x:0,y:0,l:86,w:58},],
----------------------- 36 ---------------------------
canvasWidth:100,
canvasHeight:100,
data:[{x:0,y:0,l:51,w:96},],
----------------------- 37 ---------------------------
canvasWidth:100,
canvasHeight:100,
data:[{x:0,y:0,l:85,w:57},],
----------------------- 38 ---------------------------
canvasWidth:100,
canvasHeight:100,
data:[{x:0,y:0,l:67,w:72},{x:72,y:0,l:31,w:26},],
----------------------- 39 ---------------------------
canvasWidth:100,
canvasHeight:100,
data:[{x:0,y:0,l:76,w:63},],
----------------------- 40 ---------------------------
canvasWidth:100,
canvasHeight:100,
data:[{x:0,y:0,l:90,w:53},{x:53,y:0,l:85,w:14},],
----------------------- 41 ---------------------------
canvasWidth:100,
canvasHeight:100,
data:[{x:0,y:0,l:57,w:83},],
----------------------- 42 ---------------------------
canvasWidth:100,
canvasHeight:100,
data:[{x:0,y:0,l:52,w:90},],
----------------------- 43 ---------------------------
canvasWidth:100,
canvasHeight:100,
data:[{x:0,y:0,l:87,w:53},],
----------------------- 44 ---------------------------
canvasWidth:100,
canvasHeight:100,
data:[{x:0,y:0,l:66,w:69},],
----------------------- 45 ---------------------------
canvasWidth:100,
canvasHeight:100,
data:[{x:0,y:0,l:80,w:55},],
----------------------- 46 ---------------------------
canvasWidth:100,
canvasHeight:100,
data:[{x:0,y:0,l:73,w:60},],
----------------------- 47 ---------------------------
canvasWidth:100,
canvasHeight:100,
data:[{x:0,y:0,l:78,w:55},],
----------------------- 48 ---------------------------
canvasWidth:100,
canvasHeight:100,
data:[{x:0,y:0,l:73,w:57},],
----------------------- 49 ---------------------------
canvasWidth:100,
canvasHeight:100,
data:[{x:0,y:0,l:60,w:69},],
----------------------- 50 ---------------------------
canvasWidth:100,
canvasHeight:100,
data:[{x:0,y:0,l:57,w:71},],
----------------------- 51 ---------------------------
canvasWidth:100,
canvasHeight:100,
data:[{x:0,y:0,l:65,w:62},],
----------------------- 52 ---------------------------
canvasWidth:100,
canvasHeight:100,
data:[{x:0,y:0,l:56,w:71},],
----------------------- 53 ---------------------------
canvasWidth:100,
canvasHeight:100,
data:[{x:0,y:0,l:53,w:66},],
----------------------- 54 ---------------------------
canvasWidth:100,
canvasHeight:100,
data:[{x:0,y:0,l:68,w:51},],
----------------------- 55 ---------------------------
canvasWidth:100,
canvasHeight:100,
data:[{x:0,y:0,l:54,w:62},],
----------------------- 56 ---------------------------
canvasWidth:100,
canvasHeight:100,
data:[{x:0,y:0,l:54,w:53},],
----------------------- 57 ---------------------------
canvasWidth:100,
canvasHeight:100,
data:[{x:0,y:0,l:51,w:56},],
----------------------- 58 ---------------------------
canvasWidth:100,
canvasHeight:100,
data:[{x:0,y:6,l:18,w:91},{x:0,y:24,l:72,w:50},{x:0,y:0,l:6,w:80},],
----------------------- 59 ---------------------------
canvasWidth:100,
canvasHeight:100,
data:[{x:0,y:39,l:50,w:66},{x:0,y:0,l:19,w:96},{x:0,y:19,l:20,w:82},],
