====================================== Class_05.2bp-40 =====================================
Reduced size: 100 usedBin: 0
E:\WSKH\2DBPP\NonGuillotine\initSolution\5_41.pack
[9, 45, 47]
[1, 83, 94, 99]
[2, 55, 93, 98]
[3, 60, 91]
[4, 40, 76, 89, 97]
[6, 37, 57, 96]
[7, 22, 95]
[8, 24, 72]
[0, 88]
[11, 42, 54, 71, 87]
[5, 50, 65, 77, 85]
[10, 35, 36]
[15, 46, 49, 56, 90]
[19, 31, 59, 70, 78]
[14, 58, 61, 74, 80, 84, 92]
[20, 29, 30, 82]
[17, 39, 43, 75, 86]
[12, 33, 41]
[13, 26, 63, 68]
[18, 32, 51, 73, 79]
[16, 44, 52, 66, 69]
[21, 23, 53, 67]
[25, 34, 48, 62, 81]
[27, 28, 38, 64]
canvasWidth:100,
canvasHeight:100,
data:[{x:0,y:0,l:59,w:92},{x:0,y:59,l:38,w:49},{x:49,y:59,l:36,w:49},],
canvasWidth:100,
canvasHeight:100,
data:[{x:0,y:0,l:91,w:93},{x:68,y:91,l:7,w:24},{x:0,y:91,l:8,w:68},{x:92,y:91,l:7,w:1},],
canvasWidth:100,
canvasHeight:100,
data:[{x:0,y:0,l:82,w:98},{x:0,y:86,l:14,w:100},{x:14,y:82,l:3,w:64},{x:0,y:82,l:4,w:14},],
canvasWidth:100,
canvasHeight:100,
data:[{x:0,y:0,l:90,w:85},{x:85,y:0,l:97,w:13},{x:0,y:90,l:7,w:39},],
canvasWidth:100,
canvasHeight:100,
data:[{x:0,y:0,l:73,w:88},{x:0,y:73,l:25,w:87},{x:88,y:0,l:63,w:11},{x:91,y:63,l:36,w:9},{x:0,y:98,l:2,w:46},],
canvasWidth:100,
canvasHeight:100,
data:[{x:0,y:0,l:59,w:96},{x:0,y:59,l:39,w:60},{x:60,y:59,l:38,w:35},{x:95,y:81,l:19,w:5},],
canvasWidth:100,
canvasHeight:100,
data:[{x:0,y:0,l:98,w:57},{x:57,y:3,l:95,w:36},{x:57,y:0,l:3,w:41},],
canvasWidth:100,
canvasHeight:100,
data:[{x:0,y:0,l:64,w:86},{x:0,y:65,l:35,w:91},{x:91,y:4,l:96,w:9},],
canvasWidth:100,
canvasHeight:100,
data:[{x:0,y:0,l:94,w:94},{x:0,y:94,l:5,w:65},],
canvasWidth:100,
canvasHeight:100,
data:[{x:0,y:0,l:67,w:72},{x:8,y:79,l:21,w:92},{x:72,y:0,l:58,w:25},{x:0,y:67,l:11,w:80},{x:82,y:58,l:21,w:18},],
canvasWidth:100,
canvasHeight:100,
data:[{x:0,y:0,l:70,w:83},{x:0,y:70,l:29,w:54},{x:83,y:0,l:61,w:17},{x:54,y:70,l:27,w:25},{x:79,y:70,l:27,w:19},],
canvasWidth:100,
canvasHeight:100,
data:[{x:0,y:0,l:75,w:68},{x:0,y:76,l:24,w:98},{x:68,y:0,l:75,w:32},],
canvasWidth:100,
canvasHeight:100,
data:[{x:0,y:0,l:68,w:62},{x:10,y:79,l:21,w:88},{x:62,y:0,l:79,w:20},{x:82,y:0,l:79,w:17},{x:0,y:68,l:31,w:10},],
canvasWidth:100,
canvasHeight:100,
data:[{x:0,y:53,l:33,w:81},{x:0,y:0,l:53,w:71},{x:0,y:86,l:14,w:91},{x:71,y:0,l:42,w:21},{x:81,y:48,l:38,w:17},],
canvasWidth:100,
canvasHeight:100,
data:[{x:68,y:0,l:26,w:32},{x:0,y:0,l:81,w:58},{x:0,y:81,l:19,w:70},{x:75,y:26,l:50,w:25},{x:58,y:0,l:59,w:10},{x:70,y:76,l:20,w:27},{x:58,y:59,l:17,w:16},],
canvasWidth:100,
canvasHeight:100,
data:[{x:0,y:0,l:57,w:66},{x:0,y:57,l:43,w:63},{x:66,y:0,l:82,w:33},{x:63,y:82,l:18,w:31},],
canvasWidth:100,
canvasHeight:100,
data:[{x:0,y:0,l:64,w:62},{x:0,y:66,l:34,w:66},{x:62,y:0,l:54,w:35},{x:66,y:66,l:34,w:24},{x:90,y:60,l:40,w:10},],
canvasWidth:100,
canvasHeight:100,
data:[{x:0,y:0,l:52,w:92},{x:0,y:52,l:26,w:98},{x:0,y:78,l:21,w:96},],
canvasWidth:100,
canvasHeight:100,
data:[{x:0,y:0,l:54,w:88},{x:0,y:89,l:11,w:82},{x:0,y:54,l:35,w:88},{x:88,y:0,l:93,w:12},],
canvasWidth:100,
canvasHeight:100,
data:[{x:0,y:0,l:60,w:63},{x:0,y:60,l:40,w:66},{x:66,y:35,l:65,w:24},{x:63,y:0,l:30,w:28},{x:91,y:0,l:79,w:8},],
canvasWidth:100,
canvasHeight:100,
data:[{x:0,y:0,l:85,w:48},{x:48,y:17,l:72,w:26},{x:74,y:17,l:70,w:22},{x:0,y:89,l:11,w:90},{x:48,y:0,l:17,w:52},],
canvasWidth:100,
canvasHeight:100,
data:[{x:0,y:0,l:97,w:37},{x:37,y:0,l:65,w:49},{x:37,y:74,l:26,w:58},{x:86,y:0,l:69,w:14},],
canvasWidth:100,
canvasHeight:100,
data:[{x:0,y:0,l:83,w:38},{x:38,y:57,l:43,w:56},{x:38,y:0,l:54,w:32},{x:70,y:0,l:40,w:30},{x:0,y:83,l:16,w:36},],
canvasWidth:100,
canvasHeight:100,
data:[{x:0,y:0,l:39,w:72},{x:0,y:39,l:44,w:69},{x:72,y:0,l:89,w:26},{x:0,y:89,l:11,w:98},],
Best fit used bin number: 24
Found best solution: 24 0.078

   Statrt add columnAndCut col: 24 cons: 0 cut: 0	0.156

	1 Start Add column using column generation  col: 24 cons: 0 cut: 0	0.156
			Start solve  LP :0.156
			End solve LP obj: 24.0 t: 0
	1 End Add column using column generation : 24.0 col: 24 cons: 0 cut: 0	0.156
   End add columnAndCut : 24.0 colGencnt: 1 price: 0 col: 24 cons: 0 cut: 0	0.156

Node lb: 24.0 ub: 24 : 0.156

Final Found Solution: 24 genNode: 1 extendedNode: 0:0.156
Bin size: 10000
1 : 5428,1862,1764, : 9054
2 : 8463,544,168,7, : 9182
3 : 8036,1400,192,56, : 9684
4 : 7650,1261,273, : 9184
5 : 6424,2175,693,324,92, : 9708
6 : 5664,2340,1330,95, : 9429
7 : 5586,3420,123, : 9129
8 : 5504,3185,864, : 9553
9 : 8836,325, : 9161
10 : 4824,1932,1450,880,378, : 9464
11 : 5810,1566,1037,675,513, : 9601
12 : 5100,2400,2352, : 9852
13 : 4216,1848,1580,1343,310, : 9297
14 : 3763,2673,1274,882,646, : 9238
15 : 4698,1330,1250,832,590,540,272, : 9512
16 : 3762,2709,2706,558, : 9735
17 : 3968,2244,1890,816,400, : 9318
18 : 4784,2548,2016, : 9348
19 : 4752,3080,1116,902, : 9850
20 : 3780,2640,1560,840,632, : 9452
21 : 4080,1872,1540,990,884, : 9366
22 : 3589,3185,1508,966, : 9248
23 : 3154,2408,1728,1200,576, : 9066
24 : 3036,2808,2314,1078, : 9236
----------------------- 1 ---------------------------
canvasWidth:100,
canvasHeight:100,
data:[{x:0,y:0,l:59,w:92},{x:0,y:59,l:38,w:49},{x:49,y:59,l:36,w:49},],
----------------------- 2 ---------------------------
canvasWidth:100,
canvasHeight:100,
data:[{x:0,y:0,l:91,w:93},{x:68,y:91,l:7,w:24},{x:0,y:91,l:8,w:68},{x:92,y:91,l:7,w:1},],
----------------------- 3 ---------------------------
canvasWidth:100,
canvasHeight:100,
data:[{x:0,y:0,l:82,w:98},{x:0,y:86,l:14,w:100},{x:14,y:82,l:3,w:64},{x:0,y:82,l:4,w:14},],
----------------------- 4 ---------------------------
canvasWidth:100,
canvasHeight:100,
data:[{x:0,y:0,l:90,w:85},{x:85,y:0,l:97,w:13},{x:0,y:90,l:7,w:39},],
----------------------- 5 ---------------------------
canvasWidth:100,
canvasHeight:100,
data:[{x:0,y:0,l:73,w:88},{x:0,y:73,l:25,w:87},{x:88,y:0,l:63,w:11},{x:91,y:63,l:36,w:9},{x:0,y:98,l:2,w:46},],
----------------------- 6 ---------------------------
canvasWidth:100,
canvasHeight:100,
data:[{x:0,y:0,l:59,w:96},{x:0,y:59,l:39,w:60},{x:60,y:59,l:38,w:35},{x:95,y:81,l:19,w:5},],
----------------------- 7 ---------------------------
canvasWidth:100,
canvasHeight:100,
data:[{x:0,y:0,l:98,w:57},{x:57,y:3,l:95,w:36},{x:57,y:0,l:3,w:41},],
----------------------- 8 ---------------------------
canvasWidth:100,
canvasHeight:100,
data:[{x:0,y:0,l:64,w:86},{x:0,y:65,l:35,w:91},{x:91,y:4,l:96,w:9},],
----------------------- 9 ---------------------------
canvasWidth:100,
canvasHeight:100,
data:[{x:0,y:0,l:94,w:94},{x:0,y:94,l:5,w:65},],
----------------------- 10 ---------------------------
canvasWidth:100,
canvasHeight:100,
data:[{x:0,y:0,l:67,w:72},{x:8,y:79,l:21,w:92},{x:72,y:0,l:58,w:25},{x:0,y:67,l:11,w:80},{x:82,y:58,l:21,w:18},],
----------------------- 11 ---------------------------
canvasWidth:100,
canvasHeight:100,
data:[{x:0,y:0,l:70,w:83},{x:0,y:70,l:29,w:54},{x:83,y:0,l:61,w:17},{x:54,y:70,l:27,w:25},{x:79,y:70,l:27,w:19},],
----------------------- 12 ---------------------------
canvasWidth:100,
canvasHeight:100,
data:[{x:0,y:0,l:75,w:68},{x:0,y:76,l:24,w:98},{x:68,y:0,l:75,w:32},],
----------------------- 13 ---------------------------
canvasWidth:100,
canvasHeight:100,
data:[{x:0,y:0,l:68,w:62},{x:10,y:79,l:21,w:88},{x:62,y:0,l:79,w:20},{x:82,y:0,l:79,w:17},{x:0,y:68,l:31,w:10},],
----------------------- 14 ---------------------------
canvasWidth:100,
canvasHeight:100,
data:[{x:0,y:53,l:33,w:81},{x:0,y:0,l:53,w:71},{x:0,y:86,l:14,w:91},{x:71,y:0,l:42,w:21},{x:81,y:48,l:38,w:17},],
----------------------- 15 ---------------------------
canvasWidth:100,
canvasHeight:100,
data:[{x:68,y:0,l:26,w:32},{x:0,y:0,l:81,w:58},{x:0,y:81,l:19,w:70},{x:75,y:26,l:50,w:25},{x:58,y:0,l:59,w:10},{x:70,y:76,l:20,w:27},{x:58,y:59,l:17,w:16},],
----------------------- 16 ---------------------------
canvasWidth:100,
canvasHeight:100,
data:[{x:0,y:0,l:57,w:66},{x:0,y:57,l:43,w:63},{x:66,y:0,l:82,w:33},{x:63,y:82,l:18,w:31},],
----------------------- 17 ---------------------------
canvasWidth:100,
canvasHeight:100,
data:[{x:0,y:0,l:64,w:62},{x:0,y:66,l:34,w:66},{x:62,y:0,l:54,w:35},{x:66,y:66,l:34,w:24},{x:90,y:60,l:40,w:10},],
----------------------- 18 ---------------------------
canvasWidth:100,
canvasHeight:100,
data:[{x:0,y:0,l:52,w:92},{x:0,y:52,l:26,w:98},{x:0,y:78,l:21,w:96},],
----------------------- 19 ---------------------------
canvasWidth:100,
canvasHeight:100,
data:[{x:0,y:0,l:54,w:88},{x:0,y:89,l:11,w:82},{x:0,y:54,l:35,w:88},{x:88,y:0,l:93,w:12},],
----------------------- 20 ---------------------------
canvasWidth:100,
canvasHeight:100,
data:[{x:0,y:0,l:60,w:63},{x:0,y:60,l:40,w:66},{x:66,y:35,l:65,w:24},{x:63,y:0,l:30,w:28},{x:91,y:0,l:79,w:8},],
----------------------- 21 ---------------------------
canvasWidth:100,
canvasHeight:100,
data:[{x:0,y:0,l:85,w:48},{x:48,y:17,l:72,w:26},{x:74,y:17,l:70,w:22},{x:0,y:89,l:11,w:90},{x:48,y:0,l:17,w:52},],
----------------------- 22 ---------------------------
canvasWidth:100,
canvasHeight:100,
data:[{x:0,y:0,l:97,w:37},{x:37,y:0,l:65,w:49},{x:37,y:74,l:26,w:58},{x:86,y:0,l:69,w:14},],
----------------------- 23 ---------------------------
canvasWidth:100,
canvasHeight:100,
data:[{x:0,y:0,l:83,w:38},{x:38,y:57,l:43,w:56},{x:38,y:0,l:54,w:32},{x:70,y:0,l:40,w:30},{x:0,y:83,l:16,w:36},],
----------------------- 24 ---------------------------
canvasWidth:100,
canvasHeight:100,
data:[{x:0,y:0,l:39,w:72},{x:0,y:39,l:44,w:69},{x:72,y:0,l:89,w:26},{x:0,y:89,l:11,w:98},],
