====================================== Class_07.2bp-27 =====================================
Reduced size: 60 usedBin: 0
E:\WSKH\2DBPP\NonGuillotine\initSolution\7_28.pack
[0, 21, 56]
[1, 38]
[2, 37]
[3, 30, 39]
[4, 11, 51]
[5, 20, 34, 58]
[9, 29, 45, 46, 57]
[10, 22, 43]
[6, 7]
[14, 16, 50]
[8, 12, 44]
[13, 15, 49, 52, 53, 54]
[18, 27, 33, 55, 59]
[17, 19, 32]
[23, 25, 28]
[24, 35, 36, 42, 47]
[26, 31, 40, 41, 48]
canvasWidth:100,
canvasHeight:100,
data:[{x:0,y:0,l:69,w:97},{x:8,y:69,l:31,w:92},{x:97,y:0,l:69,w:3},],
canvasWidth:100,
canvasHeight:100,
data:[{x:78,y:0,l:68,w:22},{x:0,y:0,l:85,w:78},],
canvasWidth:100,
canvasHeight:100,
data:[{x:0,y:0,l:81,w:81},{x:81,y:0,l:80,w:19},],
canvasWidth:100,
canvasHeight:100,
data:[{x:0,y:0,l:68,w:80},{x:80,y:0,l:78,w:19},{x:0,y:79,l:21,w:100},],
canvasWidth:100,
canvasHeight:100,
data:[{x:0,y:0,l:97,w:53},{x:61,y:0,l:100,w:39},{x:53,y:0,l:72,w:8},],
canvasWidth:100,
canvasHeight:100,
data:[{x:0,y:0,l:57,w:80},{x:0,y:57,l:37,w:78},{x:80,y:0,l:88,w:20},{x:78,y:88,l:4,w:16},],
canvasWidth:100,
canvasHeight:100,
data:[{x:0,y:0,l:79,w:51},{x:51,y:0,l:97,w:23},{x:76,y:0,l:87,w:12},{x:88,y:0,l:86,w:12},{x:74,y:0,l:89,w:2},],
canvasWidth:100,
canvasHeight:100,
data:[{x:0,y:0,l:73,w:55},{x:55,y:0,l:89,w:32},{x:87,y:0,l:100,w:13},],
canvasWidth:100,
canvasHeight:100,
data:[{x:0,y:0,l:49,w:91},{x:0,y:55,l:45,w:99},],
canvasWidth:100,
canvasHeight:100,
data:[{x:0,y:0,l:71,w:49},{x:49,y:0,l:91,w:36},{x:85,y:0,l:45,w:14},],
canvasWidth:100,
canvasHeight:100,
data:[{x:0,y:0,l:94,w:44},{x:44,y:0,l:89,w:42},{x:86,y:0,l:90,w:14},],
canvasWidth:100,
canvasHeight:100,
data:[{x:0,y:0,l:84,w:44},{x:44,y:0,l:72,w:48},{x:63,y:72,l:23,w:29},{x:44,y:72,l:28,w:19},{x:92,y:0,l:87,w:5},{x:97,y:0,l:89,w:3},],
canvasWidth:100,
canvasHeight:100,
data:[{x:0,y:0,l:93,w:33},{x:33,y:0,l:39,w:66},{x:33,y:39,l:39,w:49},{x:0,y:93,l:3,w:74},{x:99,y:0,l:38,w:1},],
canvasWidth:100,
canvasHeight:100,
data:[{x:0,y:0,l:85,w:37},{x:37,y:0,l:77,w:38},{x:75,y:0,l:77,w:25},],
canvasWidth:100,
canvasHeight:100,
data:[{x:0,y:0,l:72,w:38},{x:38,y:0,l:78,w:35},{x:73,y:0,l:85,w:27},],
canvasWidth:100,
canvasHeight:100,
data:[{x:25,y:0,l:86,w:20},{x:45,y:0,l:82,w:20},{x:65,y:0,l:78,w:35},{x:9,y:0,l:90,w:16},{x:0,y:0,l:92,w:9},],
canvasWidth:100,
canvasHeight:100,
data:[{x:0,y:0,l:33,w:81},{x:22,y:33,l:67,w:29},{x:0,y:33,l:67,w:22},{x:81,y:0,l:77,w:19},{x:51,y:33,l:66,w:12},],
Best fit used bin number: 17
Found best solution: 17 0.063

   Statrt add columnAndCut col: 17 cons: 0 cut: 0	0.125

	1 Start Add column using column generation  col: 17 cons: 0 cut: 0	0.125
			Start solve  LP :0.125
			End solve LP obj: 17.0 t: 0
	1 End Add column using column generation : 17.0 col: 17 cons: 0 cut: 0	0.125
   End add columnAndCut : 17.0 colGencnt: 1 price: 0 col: 17 cons: 0 cut: 0	0.125

Node lb: 17.0 ub: 17 : 0.125

Final Found Solution: 17 genNode: 1 extendedNode: 0:0.125
Bin size: 10000
1 : 6693,2852,207, : 9752
2 : 6630,1496, : 8126
3 : 6561,1520, : 8081
4 : 5440,2100,1482, : 9022
5 : 5141,3900,576, : 9617
6 : 4560,2886,1760,64, : 9270
7 : 4029,2231,1044,1032,178, : 8514
8 : 4015,2848,1300, : 8163
9 : 4459,4455, : 8914
10 : 3479,3276,630, : 7385
11 : 4136,3738,1260, : 9134
12 : 3696,3456,667,532,435,267, : 9053
13 : 3069,2574,1911,222,38, : 7814
14 : 3145,2926,1925, : 7996
15 : 2736,2730,2295, : 7761
16 : 2730,1720,1640,1440,828, : 8358
17 : 2673,1943,1474,1463,792, : 8345
----------------------- 1 ---------------------------
canvasWidth:100,
canvasHeight:100,
data:[{x:0,y:0,l:69,w:97},{x:8,y:69,l:31,w:92},{x:97,y:0,l:69,w:3},],
----------------------- 2 ---------------------------
canvasWidth:100,
canvasHeight:100,
data:[{x:78,y:0,l:68,w:22},{x:0,y:0,l:85,w:78},],
----------------------- 3 ---------------------------
canvasWidth:100,
canvasHeight:100,
data:[{x:0,y:0,l:81,w:81},{x:81,y:0,l:80,w:19},],
----------------------- 4 ---------------------------
canvasWidth:100,
canvasHeight:100,
data:[{x:0,y:0,l:68,w:80},{x:80,y:0,l:78,w:19},{x:0,y:79,l:21,w:100},],
----------------------- 5 ---------------------------
canvasWidth:100,
canvasHeight:100,
data:[{x:0,y:0,l:97,w:53},{x:61,y:0,l:100,w:39},{x:53,y:0,l:72,w:8},],
----------------------- 6 ---------------------------
canvasWidth:100,
canvasHeight:100,
data:[{x:0,y:0,l:57,w:80},{x:0,y:57,l:37,w:78},{x:80,y:0,l:88,w:20},{x:78,y:88,l:4,w:16},],
----------------------- 7 ---------------------------
canvasWidth:100,
canvasHeight:100,
data:[{x:0,y:0,l:79,w:51},{x:51,y:0,l:97,w:23},{x:76,y:0,l:87,w:12},{x:88,y:0,l:86,w:12},{x:74,y:0,l:89,w:2},],
----------------------- 8 ---------------------------
canvasWidth:100,
canvasHeight:100,
data:[{x:0,y:0,l:73,w:55},{x:55,y:0,l:89,w:32},{x:87,y:0,l:100,w:13},],
----------------------- 9 ---------------------------
canvasWidth:100,
canvasHeight:100,
data:[{x:0,y:0,l:49,w:91},{x:0,y:55,l:45,w:99},],
----------------------- 10 ---------------------------
canvasWidth:100,
canvasHeight:100,
data:[{x:0,y:0,l:71,w:49},{x:49,y:0,l:91,w:36},{x:85,y:0,l:45,w:14},],
----------------------- 11 ---------------------------
canvasWidth:100,
canvasHeight:100,
data:[{x:0,y:0,l:94,w:44},{x:44,y:0,l:89,w:42},{x:86,y:0,l:90,w:14},],
----------------------- 12 ---------------------------
canvasWidth:100,
canvasHeight:100,
data:[{x:0,y:0,l:84,w:44},{x:44,y:0,l:72,w:48},{x:63,y:72,l:23,w:29},{x:44,y:72,l:28,w:19},{x:92,y:0,l:87,w:5},{x:97,y:0,l:89,w:3},],
----------------------- 13 ---------------------------
canvasWidth:100,
canvasHeight:100,
data:[{x:0,y:0,l:93,w:33},{x:33,y:0,l:39,w:66},{x:33,y:39,l:39,w:49},{x:0,y:93,l:3,w:74},{x:99,y:0,l:38,w:1},],
----------------------- 14 ---------------------------
canvasWidth:100,
canvasHeight:100,
data:[{x:0,y:0,l:85,w:37},{x:37,y:0,l:77,w:38},{x:75,y:0,l:77,w:25},],
----------------------- 15 ---------------------------
canvasWidth:100,
canvasHeight:100,
data:[{x:0,y:0,l:72,w:38},{x:38,y:0,l:78,w:35},{x:73,y:0,l:85,w:27},],
----------------------- 16 ---------------------------
canvasWidth:100,
canvasHeight:100,
data:[{x:25,y:0,l:86,w:20},{x:45,y:0,l:82,w:20},{x:65,y:0,l:78,w:35},{x:9,y:0,l:90,w:16},{x:0,y:0,l:92,w:9},],
----------------------- 17 ---------------------------
canvasWidth:100,
canvasHeight:100,
data:[{x:0,y:0,l:33,w:81},{x:22,y:33,l:67,w:29},{x:0,y:33,l:67,w:22},{x:81,y:0,l:77,w:19},{x:51,y:33,l:66,w:12},],
