====================================== Class_03.2bp-33 =====================================
Reduced size: 80 usedBin: 0
[16, 27, 29]
[1, 42, 58, 61, 65, 66]
[2, 35, 36, 56]
[3, 28, 45, 59, 76, 77]
[5, 21, 51, 54]
[6, 23, 44, 74]
[7, 22, 53, 69, 73]
[8, 39, 41, 57, 64, 72]
[0, 46, 52, 70]
[4, 31, 33]
[11, 15, 47, 78]
[9, 37, 38, 40, 75]
[14, 19, 49, 68, 79]
[24, 25, 26]
[10, 34, 43, 48, 55]
[12, 20, 60, 62, 71]
[13, 18, 50]
[17, 30, 32, 63, 67]
canvasWidth:40,
canvasHeight:40,
data:[{x:0,y:0,l:24,w:25},{x:0,y:24,l:16,w:26},{x:26,y:0,l:26,w:14},],
canvasWidth:40,
canvasHeight:40,
data:[{x:0,y:0,l:27,w:35},{x:0,y:27,l:9,w:27},{x:35,y:0,l:31,w:3},{x:27,y:27,l:13,w:6},{x:10,y:36,l:4,w:17},{x:38,y:0,l:31,w:2},],
canvasWidth:40,
canvasHeight:40,
data:[{x:0,y:0,l:30,w:28},{x:0,y:30,l:10,w:30},{x:32,y:0,l:35,w:8},{x:28,y:0,l:26,w:4},],
canvasWidth:40,
canvasHeight:40,
data:[{x:0,y:0,l:25,w:33},{x:0,y:25,l:12,w:33},{x:33,y:0,l:33,w:7},{x:0,y:37,l:3,w:28},{x:33,y:33,l:3,w:7},{x:37,y:36,l:4,w:3},],
canvasWidth:40,
canvasHeight:40,
data:[{x:0,y:0,l:33,w:23},{x:23,y:0,l:31,w:16},{x:0,y:33,l:7,w:21},{x:23,y:31,l:8,w:15},],
canvasWidth:40,
canvasHeight:40,
data:[{x:0,y:0,l:33,w:23},{x:23,y:0,l:29,w:16},{x:0,y:33,l:7,w:34},{x:34,y:29,l:11,w:2},],
canvasWidth:40,
canvasHeight:40,
data:[{x:0,y:0,l:29,w:26},{x:26,y:0,l:35,w:14},{x:7,y:35,l:4,w:33},{x:0,y:30,l:2,w:23},{x:0,y:29,l:1,w:26},],
canvasWidth:40,
canvasHeight:40,
data:[{x:0,y:0,l:27,w:27},{x:27,y:0,l:33,w:8},{x:0,y:27,l:9,w:27},{x:35,y:0,l:33,w:3},{x:38,y:0,l:34,w:2},{x:0,y:36,l:4,w:8},],
canvasWidth:40,
canvasHeight:40,
data:[{x:0,y:0,l:29,w:35},{x:4,y:29,l:8,w:28},{x:35,y:0,l:28,w:5},{x:0,y:29,l:11,w:4},],
canvasWidth:40,
canvasHeight:40,
data:[{x:0,y:0,l:28,w:29},{x:29,y:0,l:31,w:11},{x:0,y:28,l:11,w:29},],
canvasWidth:40,
canvasHeight:40,
data:[{x:0,y:0,l:21,w:34},{x:0,y:21,l:18,w:34},{x:34,y:0,l:33,w:6},{x:34,y:33,l:2,w:6},],
canvasWidth:40,
canvasHeight:40,
data:[{x:0,y:0,l:28,w:26},{x:0,y:28,l:12,w:23},{x:26,y:0,l:19,w:14},{x:26,y:19,l:18,w:14},{x:29,y:37,l:2,w:11},],
canvasWidth:40,
canvasHeight:40,
data:[{x:22,y:0,l:34,w:18},{x:0,y:0,l:23,w:22},{x:0,y:23,l:16,w:10},{x:10,y:23,l:17,w:3},{x:13,y:23,l:8,w:1},],
canvasWidth:40,
canvasHeight:40,
data:[{x:0,y:0,l:21,w:22},{x:0,y:21,l:19,w:23},{x:23,y:0,l:28,w:16},],
canvasWidth:40,
canvasHeight:40,
data:[{x:0,y:0,l:30,w:24},{x:24,y:0,l:19,w:16},{x:24,y:19,l:18,w:9},{x:33,y:19,l:18,w:6},{x:0,y:30,l:10,w:24},],
canvasWidth:40,
canvasHeight:40,
data:[{x:0,y:0,l:20,w:31},{x:0,y:20,l:20,w:25},{x:31,y:0,l:21,w:4},{x:35,y:0,l:24,w:3},{x:38,y:0,l:21,w:2},],
canvasWidth:40,
canvasHeight:40,
data:[{x:0,y:0,l:31,w:20},{x:20,y:0,l:31,w:19},{x:0,y:31,l:8,w:19},],
canvasWidth:40,
canvasHeight:40,
data:[{x:0,y:0,l:17,w:35},{x:18,y:17,l:18,w:20},{x:3,y:17,l:22,w:15},{x:0,y:17,l:23,w:3},{x:38,y:0,l:26,w:2},],
Best fit used bin number: 18
Found best solution: 18 0.063

   Statrt add columnAndCut col: 18 cons: 0 cut: 0	0.141

	1 Start Add column using column generation  col: 18 cons: 0 cut: 0	0.141
			Start solve  LP :0.141
			End solve LP obj: 18.0 t: 0
	1 End Add column using column generation : 18.0 col: 18 cons: 0 cut: 0	0.141
   End add columnAndCut : 18.0 colGencnt: 1 price: 0 col: 18 cons: 0 cut: 0	0.141

Node lb: 18.0 ub: 18 : 0.141

Final Found Solution: 18 genNode: 1 extendedNode: 0:0.141
Bin size: 1600
1 : 600,416,364, : 1380
2 : 945,243,93,78,68,62, : 1489
3 : 840,300,280,104, : 1524
4 : 825,396,231,84,21,12, : 1569
5 : 759,496,147,120, : 1522
6 : 759,464,238,22, : 1483
7 : 754,490,132,46,26, : 1448
8 : 729,264,243,99,68,32, : 1435
9 : 1015,224,140,44, : 1423
10 : 812,341,319, : 1472
11 : 714,612,198,12, : 1536
12 : 728,276,266,252,22, : 1544
13 : 612,506,160,51,8, : 1337
14 : 462,448,437, : 1347
15 : 720,304,240,162,108, : 1534
16 : 620,500,84,72,42, : 1318
17 : 620,589,152, : 1361
18 : 595,360,330,69,52, : 1406
----------------------- 1 ---------------------------
canvasWidth:40,
canvasHeight:40,
data:[{x:0,y:0,l:24,w:25},{x:0,y:24,l:16,w:26},{x:26,y:0,l:26,w:14},],
----------------------- 2 ---------------------------
canvasWidth:40,
canvasHeight:40,
data:[{x:0,y:0,l:27,w:35},{x:0,y:27,l:9,w:27},{x:35,y:0,l:31,w:3},{x:27,y:27,l:13,w:6},{x:10,y:36,l:4,w:17},{x:38,y:0,l:31,w:2},],
----------------------- 3 ---------------------------
canvasWidth:40,
canvasHeight:40,
data:[{x:0,y:0,l:30,w:28},{x:0,y:30,l:10,w:30},{x:32,y:0,l:35,w:8},{x:28,y:0,l:26,w:4},],
----------------------- 4 ---------------------------
canvasWidth:40,
canvasHeight:40,
data:[{x:0,y:0,l:25,w:33},{x:0,y:25,l:12,w:33},{x:33,y:0,l:33,w:7},{x:0,y:37,l:3,w:28},{x:33,y:33,l:3,w:7},{x:37,y:36,l:4,w:3},],
----------------------- 5 ---------------------------
canvasWidth:40,
canvasHeight:40,
data:[{x:0,y:0,l:33,w:23},{x:23,y:0,l:31,w:16},{x:0,y:33,l:7,w:21},{x:23,y:31,l:8,w:15},],
----------------------- 6 ---------------------------
canvasWidth:40,
canvasHeight:40,
data:[{x:0,y:0,l:33,w:23},{x:23,y:0,l:29,w:16},{x:0,y:33,l:7,w:34},{x:34,y:29,l:11,w:2},],
----------------------- 7 ---------------------------
canvasWidth:40,
canvasHeight:40,
data:[{x:0,y:0,l:29,w:26},{x:26,y:0,l:35,w:14},{x:7,y:35,l:4,w:33},{x:0,y:30,l:2,w:23},{x:0,y:29,l:1,w:26},],
----------------------- 8 ---------------------------
canvasWidth:40,
canvasHeight:40,
data:[{x:0,y:0,l:27,w:27},{x:27,y:0,l:33,w:8},{x:0,y:27,l:9,w:27},{x:35,y:0,l:33,w:3},{x:38,y:0,l:34,w:2},{x:0,y:36,l:4,w:8},],
----------------------- 9 ---------------------------
canvasWidth:40,
canvasHeight:40,
data:[{x:0,y:0,l:29,w:35},{x:4,y:29,l:8,w:28},{x:35,y:0,l:28,w:5},{x:0,y:29,l:11,w:4},],
----------------------- 10 ---------------------------
canvasWidth:40,
canvasHeight:40,
data:[{x:0,y:0,l:28,w:29},{x:29,y:0,l:31,w:11},{x:0,y:28,l:11,w:29},],
----------------------- 11 ---------------------------
canvasWidth:40,
canvasHeight:40,
data:[{x:0,y:0,l:21,w:34},{x:0,y:21,l:18,w:34},{x:34,y:0,l:33,w:6},{x:34,y:33,l:2,w:6},],
----------------------- 12 ---------------------------
canvasWidth:40,
canvasHeight:40,
data:[{x:0,y:0,l:28,w:26},{x:0,y:28,l:12,w:23},{x:26,y:0,l:19,w:14},{x:26,y:19,l:18,w:14},{x:29,y:37,l:2,w:11},],
----------------------- 13 ---------------------------
canvasWidth:40,
canvasHeight:40,
data:[{x:22,y:0,l:34,w:18},{x:0,y:0,l:23,w:22},{x:0,y:23,l:16,w:10},{x:10,y:23,l:17,w:3},{x:13,y:23,l:8,w:1},],
----------------------- 14 ---------------------------
canvasWidth:40,
canvasHeight:40,
data:[{x:0,y:0,l:21,w:22},{x:0,y:21,l:19,w:23},{x:23,y:0,l:28,w:16},],
----------------------- 15 ---------------------------
canvasWidth:40,
canvasHeight:40,
data:[{x:0,y:0,l:30,w:24},{x:24,y:0,l:19,w:16},{x:24,y:19,l:18,w:9},{x:33,y:19,l:18,w:6},{x:0,y:30,l:10,w:24},],
----------------------- 16 ---------------------------
canvasWidth:40,
canvasHeight:40,
data:[{x:0,y:0,l:20,w:31},{x:0,y:20,l:20,w:25},{x:31,y:0,l:21,w:4},{x:35,y:0,l:24,w:3},{x:38,y:0,l:21,w:2},],
----------------------- 17 ---------------------------
canvasWidth:40,
canvasHeight:40,
data:[{x:0,y:0,l:31,w:20},{x:20,y:0,l:31,w:19},{x:0,y:31,l:8,w:19},],
----------------------- 18 ---------------------------
canvasWidth:40,
canvasHeight:40,
data:[{x:0,y:0,l:17,w:35},{x:18,y:17,l:18,w:20},{x:3,y:17,l:22,w:15},{x:0,y:17,l:23,w:3},{x:38,y:0,l:26,w:2},],
