====================================== Class_10.2bp-7 =====================================
Reduced size: 20 usedBin: 0
E:\WSKH\2DBPP\NonGuillotine\initSolution\10_8.pack
[0, 3, 12, 16, 19]
[1, 4, 5, 7, 9, 11, 13, 17]
[2, 6, 8, 10, 14, 15, 18]
canvasWidth:100,
canvasHeight:100,
data:[{x:0,y:0,l:48,w:81},{x:0,y:48,l:27,w:79},{x:81,y:2,l:16,w:17},{x:81,y:18,l:22,w:5},{x:81,y:0,l:2,w:19},],
canvasWidth:100,
canvasHeight:100,
data:[{x:0,y:0,l:98,w:33},{x:33,y:0,l:46,w:43},{x:33,y:51,l:37,w:39},{x:76,y:0,l:32,w:24},{x:76,y:32,l:19,w:22},{x:33,y:88,l:9,w:39},{x:33,y:46,l:5,w:43},{x:58,y:97,l:2,w:42},],
canvasWidth:100,
canvasHeight:100,
data:[{x:0,y:0,l:27,w:84},{x:0,y:27,l:34,w:23},{x:23,y:27,l:23,w:29},{x:6,y:67,l:21,w:17},{x:0,y:67,l:33,w:6},{x:0,y:61,l:6,w:23},{x:6,y:88,l:12,w:6},],
Best fit used bin number: 3
Found best solution: 3 0.058

   Statrt add columnAndCut col: 3 cons: 0 cut: 0	0.126

	1 Start Add column using column generation  col: 3 cons: 0 cut: 0	0.126
			Start solve  LP :0.127
			End solve LP obj: 3.0 t: 1
	1 End Add column using column generation : 3.0 col: 3 cons: 0 cut: 0	0.129
   End add columnAndCut : 3.0 colGencnt: 1 price: 0 col: 3 cons: 0 cut: 0	0.129

Node lb: 3.0 ub: 3 : 0.129

Final Found Solution: 3 genNode: 1 extendedNode: 0:0.129
Bin size: 10000
1 : 3888,2133,272,110,38, : 6441
2 : 3234,1978,1443,768,418,351,215,84, : 8491
3 : 2268,782,667,357,198,138,72, : 4482
----------------------- 1 ---------------------------
canvasWidth:100,
canvasHeight:100,
data:[{x:0,y:0,l:48,w:81},{x:0,y:48,l:27,w:79},{x:81,y:2,l:16,w:17},{x:81,y:18,l:22,w:5},{x:81,y:0,l:2,w:19},],
----------------------- 2 ---------------------------
canvasWidth:100,
canvasHeight:100,
data:[{x:0,y:0,l:98,w:33},{x:33,y:0,l:46,w:43},{x:33,y:51,l:37,w:39},{x:76,y:0,l:32,w:24},{x:76,y:32,l:19,w:22},{x:33,y:88,l:9,w:39},{x:33,y:46,l:5,w:43},{x:58,y:97,l:2,w:42},],
----------------------- 3 ---------------------------
canvasWidth:100,
canvasHeight:100,
data:[{x:0,y:0,l:27,w:84},{x:0,y:27,l:34,w:23},{x:23,y:27,l:23,w:29},{x:6,y:67,l:21,w:17},{x:0,y:67,l:33,w:6},{x:0,y:61,l:6,w:23},{x:6,y:88,l:12,w:6},],
