====================================== Class_02.2bp-47 =====================================
Reduced size: 100 usedBin: 0
[0, 1, 2, 3, 4, 5, 6, 8, 12, 41, 42, 61, 63, 75, 76, 77, 93]
[7, 9, 10, 11, 13, 14, 15, 16, 17, 21, 22, 23, 26, 31, 36, 54, 66, 67]
[18, 19, 20, 24, 25, 27, 28, 29, 30, 33, 34, 37, 38, 39, 43, 45, 46, 47, 48, 49, 50, 52, 57, 58, 59, 69, 71, 74, 78, 85, 86, 99]
[32, 35, 40, 44, 51, 53, 55, 56, 60, 62, 64, 65, 68, 70, 72, 73, 79, 80, 81, 82, 83, 84, 87, 88, 89, 90, 91, 92, 94, 95, 96, 97, 98]
canvasWidth:30,
canvasHeight:30,
data:[{x:0,y:0,l:10,w:10},{x:10,y:0,l:10,w:10},{x:20,y:0,l:9,w:10},{x:0,y:10,l:9,w:10},{x:21,y:20,l:10,w:9},{x:10,y:10,l:9,w:9},{x:19,y:10,l:9,w:9},{x:0,y:19,l:8,w:10},{x:10,y:19,l:8,w:8},{x:28,y:10,l:2,w:2},{x:8,y:27,l:3,w:10},{x:18,y:20,l:10,w:3},{x:28,y:12,l:8,w:2},{x:3,y:27,l:3,w:5},{x:20,y:9,l:1,w:10},{x:18,y:19,l:1,w:10},{x:0,y:27,l:3,w:3},],
canvasWidth:30,
canvasHeight:30,
data:[{x:0,y:0,l:10,w:8},{x:0,y:10,l:9,w:8},{x:0,y:19,l:9,w:8},{x:8,y:0,l:7,w:10},{x:18,y:0,l:7,w:9},{x:8,y:7,l:9,w:7},{x:15,y:7,l:10,w:6},{x:15,y:17,l:7,w:8},{x:21,y:7,l:6,w:9},{x:8,y:16,l:7,w:7},{x:8,y:23,l:7,w:7},{x:15,y:24,l:6,w:8},{x:23,y:17,l:6,w:7},{x:21,y:13,l:4,w:9},{x:23,y:23,l:5,w:7},{x:27,y:0,l:7,w:3},{x:0,y:28,l:2,w:7},{x:23,y:28,l:2,w:7},],
canvasWidth:30,
canvasHeight:30,
data:[{x:0,y:0,l:5,w:10},{x:0,y:9,l:10,w:5},{x:5,y:9,l:10,w:5},{x:0,y:22,l:8,w:6},{x:10,y:0,l:9,w:5},{x:0,y:5,l:4,w:10},{x:10,y:9,l:5,w:8},{x:25,y:22,l:8,w:5},{x:19,y:22,l:6,w:6},{x:10,y:18,l:6,w:6},{x:10,y:24,l:6,w:6},{x:21,y:11,l:7,w:5},{x:10,y:14,l:4,w:8},{x:0,y:19,l:3,w:10},{x:19,y:18,l:4,w:7},{x:21,y:0,l:3,w:9},{x:21,y:3,l:3,w:9},{x:15,y:0,l:9,w:3},{x:18,y:0,l:9,w:3},{x:18,y:9,l:9,w:3},{x:16,y:18,l:9,w:3},{x:6,y:22,l:6,w:4},{x:26,y:11,l:5,w:4},{x:21,y:6,l:2,w:9},{x:21,y:9,l:2,w:9},{x:19,y:28,l:2,w:6},{x:26,y:16,l:3,w:4},{x:26,y:19,l:3,w:4},{x:21,y:8,l:1,w:9},{x:6,y:28,l:2,w:3},{x:16,y:27,l:3,w:2},{x:18,y:27,l:3,w:1},],
canvasWidth:30,
canvasHeight:30,
data:[{x:0,y:0,l:6,w:6},{x:6,y:0,l:6,w:5},{x:14,y:0,l:9,w:3},{x:18,y:0,l:5,w:5},{x:23,y:1,l:4,w:6},{x:4,y:9,l:2,w:10},{x:18,y:5,l:4,w:5},{x:11,y:0,l:6,w:3},{x:9,y:6,l:3,w:5},{x:4,y:6,l:3,w:5},{x:6,y:11,l:5,w:3},{x:14,y:9,l:2,w:6},{x:20,y:9,l:2,w:6},{x:23,y:5,l:4,w:3},{x:26,y:5,l:4,w:3},{x:17,y:0,l:9,w:1},{x:12,y:11,l:1,w:8},{x:4,y:11,l:4,w:2},{x:23,y:0,l:1,w:7},{x:29,y:9,l:7,w:1},{x:29,y:16,l:7,w:1},{x:0,y:15,l:1,w:6},{x:20,y:11,l:1,w:6},{x:26,y:9,l:2,w:3},{x:9,y:11,l:5,w:1},{x:10,y:11,l:5,w:1},{x:11,y:11,l:5,w:1},{x:0,y:6,l:9,w:4},{x:29,y:1,l:4,w:1},{x:29,y:5,l:4,w:1},{x:26,y:11,l:1,w:3},{x:29,y:23,l:3,w:1},{x:29,y:26,l:3,w:1},],
Best fit used bin number: 4
Found best solution: 4 0.078

   Statrt add columnAndCut col: 4 cons: 0 cut: 0	0.156

	1 Start Add column using column generation  col: 4 cons: 0 cut: 0	0.156
			Start solve  LP :0.156
			End solve LP obj: 4.0 t: 16
	1 End Add column using column generation : 4.0 col: 4 cons: 0 cut: 0	0.172
   End add columnAndCut : 4.0 colGencnt: 1 price: 0 col: 4 cons: 0 cut: 0	0.172

Node lb: 4.0 ub: 4 : 0.172

Final Found Solution: 4 genNode: 1 extendedNode: 0:0.172
Bin size: 900
1 : 100,100,90,90,90,81,81,80,64,30,30,16,15,10,10,9,4, : 900
2 : 80,72,72,70,63,63,60,56,54,49,49,48,42,36,35,21,14,14, : 898
3 : 50,50,50,48,45,40,40,40,36,36,36,35,32,30,28,27,27,27,27,27,27,24,20,18,18,12,12,12,9,6,6,3, : 898
4 : 36,36,30,27,25,24,20,20,18,15,15,15,12,12,12,12,9,8,8,7,7,7,6,6,6,5,5,5,4,4,3,3,3, : 425
----------------------- 1 ---------------------------
canvasWidth:30,
canvasHeight:30,
data:[{x:0,y:0,l:10,w:10},{x:10,y:0,l:10,w:10},{x:20,y:0,l:9,w:10},{x:0,y:10,l:9,w:10},{x:21,y:20,l:10,w:9},{x:10,y:10,l:9,w:9},{x:19,y:10,l:9,w:9},{x:0,y:19,l:8,w:10},{x:10,y:19,l:8,w:8},{x:28,y:10,l:2,w:2},{x:8,y:27,l:3,w:10},{x:18,y:20,l:10,w:3},{x:28,y:12,l:8,w:2},{x:3,y:27,l:3,w:5},{x:20,y:9,l:1,w:10},{x:18,y:19,l:1,w:10},{x:0,y:27,l:3,w:3},],
----------------------- 2 ---------------------------
canvasWidth:30,
canvasHeight:30,
data:[{x:0,y:0,l:10,w:8},{x:0,y:10,l:9,w:8},{x:0,y:19,l:9,w:8},{x:8,y:0,l:7,w:10},{x:18,y:0,l:7,w:9},{x:8,y:7,l:9,w:7},{x:15,y:7,l:10,w:6},{x:15,y:17,l:7,w:8},{x:21,y:7,l:6,w:9},{x:8,y:16,l:7,w:7},{x:8,y:23,l:7,w:7},{x:15,y:24,l:6,w:8},{x:23,y:17,l:6,w:7},{x:21,y:13,l:4,w:9},{x:23,y:23,l:5,w:7},{x:27,y:0,l:7,w:3},{x:0,y:28,l:2,w:7},{x:23,y:28,l:2,w:7},],
----------------------- 3 ---------------------------
canvasWidth:30,
canvasHeight:30,
data:[{x:0,y:0,l:5,w:10},{x:0,y:9,l:10,w:5},{x:5,y:9,l:10,w:5},{x:0,y:22,l:8,w:6},{x:10,y:0,l:9,w:5},{x:0,y:5,l:4,w:10},{x:10,y:9,l:5,w:8},{x:25,y:22,l:8,w:5},{x:19,y:22,l:6,w:6},{x:10,y:18,l:6,w:6},{x:10,y:24,l:6,w:6},{x:21,y:11,l:7,w:5},{x:10,y:14,l:4,w:8},{x:0,y:19,l:3,w:10},{x:19,y:18,l:4,w:7},{x:21,y:0,l:3,w:9},{x:21,y:3,l:3,w:9},{x:15,y:0,l:9,w:3},{x:18,y:0,l:9,w:3},{x:18,y:9,l:9,w:3},{x:16,y:18,l:9,w:3},{x:6,y:22,l:6,w:4},{x:26,y:11,l:5,w:4},{x:21,y:6,l:2,w:9},{x:21,y:9,l:2,w:9},{x:19,y:28,l:2,w:6},{x:26,y:16,l:3,w:4},{x:26,y:19,l:3,w:4},{x:21,y:8,l:1,w:9},{x:6,y:28,l:2,w:3},{x:16,y:27,l:3,w:2},{x:18,y:27,l:3,w:1},],
----------------------- 4 ---------------------------
canvasWidth:30,
canvasHeight:30,
data:[{x:0,y:0,l:6,w:6},{x:6,y:0,l:6,w:5},{x:14,y:0,l:9,w:3},{x:18,y:0,l:5,w:5},{x:23,y:1,l:4,w:6},{x:4,y:9,l:2,w:10},{x:18,y:5,l:4,w:5},{x:11,y:0,l:6,w:3},{x:9,y:6,l:3,w:5},{x:4,y:6,l:3,w:5},{x:6,y:11,l:5,w:3},{x:14,y:9,l:2,w:6},{x:20,y:9,l:2,w:6},{x:23,y:5,l:4,w:3},{x:26,y:5,l:4,w:3},{x:17,y:0,l:9,w:1},{x:12,y:11,l:1,w:8},{x:4,y:11,l:4,w:2},{x:23,y:0,l:1,w:7},{x:29,y:9,l:7,w:1},{x:29,y:16,l:7,w:1},{x:0,y:15,l:1,w:6},{x:20,y:11,l:1,w:6},{x:26,y:9,l:2,w:3},{x:9,y:11,l:5,w:1},{x:10,y:11,l:5,w:1},{x:11,y:11,l:5,w:1},{x:0,y:6,l:9,w:4},{x:29,y:1,l:4,w:1},{x:29,y:5,l:4,w:1},{x:26,y:11,l:1,w:3},{x:29,y:23,l:3,w:1},{x:29,y:26,l:3,w:1},],
