====================================== Class_02.2bp-48 =====================================
Reduced size: 100 usedBin: 0
E:\WSKH\2DBPP\NonGuillotine\initSolution\2_49.pack
[0, 1, 2, 3, 4, 5, 6, 8, 13, 27, 37, 77, 80, 81, 82, 88, 90, 99]
[7, 9, 10, 11, 15, 17, 18, 20, 21, 22, 23, 26, 28, 29, 38, 49, 53, 64, 66, 67, 78, 84, 89, 96]
[12, 14, 16, 19, 24, 25, 30, 31, 32, 33, 34, 36, 39, 40, 41, 44, 45, 51, 54, 55, 56, 57, 58, 60, 61, 62, 63, 65, 69, 73, 74, 75, 79, 83, 91, 95, 97, 98]
[35, 42, 43, 46, 47, 48, 50, 52, 59, 68, 70, 71, 72, 76, 85, 86, 87, 92, 93, 94]
canvasWidth:30,
canvasHeight:30,
data:[{x:0,y:0,l:10,w:10},{x:10,y:0,l:10,w:10},{x:20,y:0,l:9,w:10},{x:0,y:10,l:9,w:10},{x:18,y:20,l:10,w:9},{x:0,y:19,l:10,w:9},{x:10,y:10,l:9,w:9},{x:9,y:19,l:10,w:8},{x:19,y:10,l:9,w:7},{x:26,y:10,l:10,w:4},{x:27,y:20,l:10,w:3},{x:20,y:9,l:1,w:10},{x:18,y:19,l:1,w:8},{x:9,y:29,l:1,w:8},{x:1,y:29,l:1,w:8},{x:17,y:19,l:6,w:1},{x:17,y:25,l:5,w:1},{x:0,y:29,l:1,w:1},],
canvasWidth:30,
canvasHeight:30,
data:[{x:0,y:0,l:8,w:10},{x:10,y:0,l:8,w:9},{x:15,y:18,l:7,w:10},{x:17,y:8,l:10,w:7},{x:1,y:18,l:2,w:5},{x:24,y:0,l:9,w:6},{x:24,y:9,l:9,w:6},{x:15,y:25,l:5,w:10},{x:12,y:8,l:10,w:5},{x:7,y:8,l:10,w:5},{x:0,y:20,l:10,w:5},{x:25,y:18,l:9,w:5},{x:7,y:20,l:5,w:8},{x:7,y:25,l:5,w:8},{x:19,y:0,l:8,w:5},{x:0,y:8,l:4,w:7},{x:5,y:20,l:10,w:2},{x:6,y:18,l:2,w:9},{x:25,y:27,l:3,w:5},{x:0,y:12,l:2,w:7},{x:0,y:14,l:2,w:7},{x:0,y:16,l:1,w:7},{x:1,y:17,l:1,w:6},{x:0,y:17,l:3,w:1},],
canvasWidth:30,
canvasHeight:30,
data:[{x:0,y:0,l:7,w:9},{x:0,y:10,l:6,w:10},{x:0,y:16,l:5,w:10},{x:9,y:0,l:7,w:6},{x:15,y:0,l:7,w:6},{x:10,y:10,l:6,w:6},{x:16,y:10,l:6,w:6},{x:5,y:21,l:7,w:5},{x:10,y:16,l:8,w:4},{x:14,y:16,l:5,w:6},{x:20,y:16,l:5,w:6},{x:0,y:21,l:9,w:3},{x:13,y:7,l:3,w:8},{x:10,y:24,l:6,w:4},{x:26,y:16,l:6,w:4},{x:27,y:22,l:8,w:3},{x:16,y:21,l:4,w:5},{x:21,y:0,l:2,w:9},{x:21,y:2,l:2,w:9},{x:7,y:7,l:3,w:6},{x:1,y:7,l:3,w:6},{x:3,y:21,l:9,w:2},{x:22,y:10,l:2,w:8},{x:22,y:12,l:2,w:8},{x:25,y:22,l:8,w:2},{x:22,y:25,l:5,w:3},{x:14,y:25,l:5,w:3},{x:22,y:14,l:2,w:6},{x:21,y:22,l:3,w:4},{x:19,y:25,l:4,w:3},{x:5,y:28,l:2,w:5},{x:21,y:4,l:6,w:9},{x:17,y:25,l:5,w:2},{x:14,y:21,l:4,w:2},{x:21,y:21,l:1,w:5},{x:28,y:14,l:2,w:2},{x:19,y:29,l:1,w:2},{x:0,y:7,l:2,w:1},],
canvasWidth:30,
canvasHeight:30,
data:[{x:0,y:0,l:6,w:5},{x:5,y:0,l:4,w:6},{x:11,y:0,l:4,w:6},{x:20,y:0,l:7,w:3},{x:23,y:0,l:7,w:3},{x:5,y:4,l:7,w:3},{x:0,y:6,l:4,w:5},{x:0,y:10,l:4,w:5},{x:5,y:11,l:6,w:3},{x:17,y:0,l:4,w:3},{x:26,y:1,l:6,w:2},{x:28,y:1,l:6,w:2},{x:8,y:4,l:6,w:2},{x:0,y:14,l:2,w:5},{x:10,y:4,l:2,w:3},{x:18,y:4,l:3,w:2},{x:16,y:4,l:3,w:2},{x:0,y:16,l:1,w:5},{x:26,y:0,l:1,w:4},{x:8,y:10,l:2,w:2},],
Best fit used bin number: 4
Found best solution: 4 0.063

   Statrt add columnAndCut col: 4 cons: 0 cut: 0	0.141

	1 Start Add column using column generation  col: 4 cons: 0 cut: 0	0.141
			Start solve  LP :0.141
			End solve LP obj: 4.0 t: 0
	1 End Add column using column generation : 4.0 col: 4 cons: 0 cut: 0	0.141
   End add columnAndCut : 4.0 colGencnt: 1 price: 0 col: 4 cons: 0 cut: 0	0.141

Node lb: 4.0 ub: 4 : 0.141

Final Found Solution: 4 genNode: 1 extendedNode: 0:0.141
Bin size: 900
1 : 100,100,90,90,90,90,81,80,63,40,30,10,8,8,8,6,5,1, : 900
2 : 80,72,70,70,54,54,50,50,50,50,45,40,40,40,28,20,18,15,14,14,10,7,6,3, : 900
3 : 63,60,54,50,42,42,36,36,35,32,30,30,27,24,24,24,24,20,18,18,18,18,18,16,16,16,15,15,12,12,12,10,10,8,5,4,2,2, : 898
4 : 30,24,24,21,21,21,20,20,18,12,12,12,12,10,6,6,6,5,4,4, : 288
----------------------- 1 ---------------------------
canvasWidth:30,
canvasHeight:30,
data:[{x:0,y:0,l:10,w:10},{x:10,y:0,l:10,w:10},{x:20,y:0,l:9,w:10},{x:0,y:10,l:9,w:10},{x:18,y:20,l:10,w:9},{x:0,y:19,l:10,w:9},{x:10,y:10,l:9,w:9},{x:9,y:19,l:10,w:8},{x:19,y:10,l:9,w:7},{x:26,y:10,l:10,w:4},{x:27,y:20,l:10,w:3},{x:20,y:9,l:1,w:10},{x:18,y:19,l:1,w:8},{x:9,y:29,l:1,w:8},{x:1,y:29,l:1,w:8},{x:17,y:19,l:6,w:1},{x:17,y:25,l:5,w:1},{x:0,y:29,l:1,w:1},],
----------------------- 2 ---------------------------
canvasWidth:30,
canvasHeight:30,
data:[{x:0,y:0,l:8,w:10},{x:10,y:0,l:8,w:9},{x:15,y:18,l:7,w:10},{x:17,y:8,l:10,w:7},{x:1,y:18,l:2,w:5},{x:24,y:0,l:9,w:6},{x:24,y:9,l:9,w:6},{x:15,y:25,l:5,w:10},{x:12,y:8,l:10,w:5},{x:7,y:8,l:10,w:5},{x:0,y:20,l:10,w:5},{x:25,y:18,l:9,w:5},{x:7,y:20,l:5,w:8},{x:7,y:25,l:5,w:8},{x:19,y:0,l:8,w:5},{x:0,y:8,l:4,w:7},{x:5,y:20,l:10,w:2},{x:6,y:18,l:2,w:9},{x:25,y:27,l:3,w:5},{x:0,y:12,l:2,w:7},{x:0,y:14,l:2,w:7},{x:0,y:16,l:1,w:7},{x:1,y:17,l:1,w:6},{x:0,y:17,l:3,w:1},],
----------------------- 3 ---------------------------
canvasWidth:30,
canvasHeight:30,
data:[{x:0,y:0,l:7,w:9},{x:0,y:10,l:6,w:10},{x:0,y:16,l:5,w:10},{x:9,y:0,l:7,w:6},{x:15,y:0,l:7,w:6},{x:10,y:10,l:6,w:6},{x:16,y:10,l:6,w:6},{x:5,y:21,l:7,w:5},{x:10,y:16,l:8,w:4},{x:14,y:16,l:5,w:6},{x:20,y:16,l:5,w:6},{x:0,y:21,l:9,w:3},{x:13,y:7,l:3,w:8},{x:10,y:24,l:6,w:4},{x:26,y:16,l:6,w:4},{x:27,y:22,l:8,w:3},{x:16,y:21,l:4,w:5},{x:21,y:0,l:2,w:9},{x:21,y:2,l:2,w:9},{x:7,y:7,l:3,w:6},{x:1,y:7,l:3,w:6},{x:3,y:21,l:9,w:2},{x:22,y:10,l:2,w:8},{x:22,y:12,l:2,w:8},{x:25,y:22,l:8,w:2},{x:22,y:25,l:5,w:3},{x:14,y:25,l:5,w:3},{x:22,y:14,l:2,w:6},{x:21,y:22,l:3,w:4},{x:19,y:25,l:4,w:3},{x:5,y:28,l:2,w:5},{x:21,y:4,l:6,w:9},{x:17,y:25,l:5,w:2},{x:14,y:21,l:4,w:2},{x:21,y:21,l:1,w:5},{x:28,y:14,l:2,w:2},{x:19,y:29,l:1,w:2},{x:0,y:7,l:2,w:1},],
----------------------- 4 ---------------------------
canvasWidth:30,
canvasHeight:30,
data:[{x:0,y:0,l:6,w:5},{x:5,y:0,l:4,w:6},{x:11,y:0,l:4,w:6},{x:20,y:0,l:7,w:3},{x:23,y:0,l:7,w:3},{x:5,y:4,l:7,w:3},{x:0,y:6,l:4,w:5},{x:0,y:10,l:4,w:5},{x:5,y:11,l:6,w:3},{x:17,y:0,l:4,w:3},{x:26,y:1,l:6,w:2},{x:28,y:1,l:6,w:2},{x:8,y:4,l:6,w:2},{x:0,y:14,l:2,w:5},{x:10,y:4,l:2,w:3},{x:18,y:4,l:3,w:2},{x:16,y:4,l:3,w:2},{x:0,y:16,l:1,w:5},{x:26,y:0,l:1,w:4},{x:8,y:10,l:2,w:2},],
