====================================== Class_02.2bp-39 =====================================
Reduced size: 80 usedBin: 0
[0, 1, 2, 3, 4, 5, 6, 7, 10, 20, 26, 37, 50, 53, 58, 62]
[8, 9, 11, 12, 13, 14, 15, 16, 17, 18, 23, 27, 31, 33, 34, 35, 36, 38, 40, 42, 44, 49, 59, 61, 63]
[19, 21, 22, 24, 25, 28, 29, 30, 32, 39, 41, 43, 45, 46, 47, 48, 51, 52, 54, 55, 56, 57, 60, 64, 65, 66, 67, 68, 69, 70, 71, 72, 73, 74, 75, 76, 77, 78, 79]
canvasWidth:30,
canvasHeight:30,
data:[{x:0,y:0,l:10,w:10},{x:10,y:0,l:10,w:10},{x:20,y:0,l:9,w:10},{x:0,y:10,l:9,w:10},{x:10,y:10,l:9,w:9},{x:0,y:19,l:10,w:8},{x:19,y:10,l:9,w:8},{x:8,y:19,l:9,w:8},{x:21,y:19,l:7,w:9},{x:16,y:19,l:9,w:5},{x:21,y:26,l:4,w:9},{x:27,y:10,l:9,w:3},{x:8,y:28,l:2,w:7},{x:15,y:28,l:2,w:6},{x:20,y:9,l:1,w:10},{x:0,y:29,l:1,w:8},],
canvasWidth:30,
canvasHeight:30,
data:[{x:0,y:0,l:10,w:6},{x:19,y:0,l:8,w:8},{x:5,y:21,l:7,w:10},{x:19,y:8,l:7,w:8},{x:0,y:10,l:6,w:9},{x:9,y:10,l:5,w:10},{x:6,y:0,l:10,w:5},{x:11,y:0,l:10,w:5},{x:15,y:21,l:7,w:7},{x:9,y:15,l:6,w:8},{x:22,y:21,l:5,w:8},{x:0,y:21,l:9,w:4},{x:17,y:15,l:3,w:10},{x:17,y:18,l:3,w:10},{x:16,y:0,l:10,w:3},{x:0,y:16,l:3,w:9},{x:27,y:0,l:9,w:3},{x:27,y:9,l:9,w:3},{x:22,y:26,l:4,w:6},{x:5,y:28,l:2,w:10},{x:0,y:19,l:2,w:9},{x:15,y:28,l:2,w:7},{x:27,y:18,l:3,w:3},{x:4,y:21,l:9,w:1},{x:28,y:26,l:4,w:2},],
canvasWidth:30,
canvasHeight:30,
data:[{x:0,y:0,l:8,w:6},{x:13,y:0,l:6,w:7},{x:20,y:0,l:4,w:10},{x:6,y:0,l:8,w:5},{x:0,y:14,l:6,w:6},{x:6,y:14,l:6,w:6},{x:13,y:6,l:5,w:7},{x:20,y:4,l:7,w:5},{x:25,y:4,l:6,w:5},{x:12,y:14,l:6,w:4},{x:25,y:10,l:4,w:5},{x:3,y:12,l:2,w:9},{x:11,y:0,l:8,w:2},{x:8,y:8,l:3,w:5},{x:3,y:8,l:3,w:5},{x:20,y:11,l:3,w:5},{x:16,y:14,l:2,w:6},{x:22,y:14,l:2,w:6},{x:16,y:11,l:3,w:4},{x:12,y:11,l:3,w:4},{x:0,y:8,l:4,w:3},{x:16,y:16,l:4,w:3},{x:3,y:11,l:1,w:9},{x:20,y:16,l:1,w:7},{x:27,y:18,l:7,w:1},{x:28,y:18,l:7,w:1},{x:24,y:17,l:1,w:6},{x:0,y:12,l:2,w:3},{x:24,y:18,l:2,w:3},{x:20,y:17,l:3,w:2},{x:29,y:18,l:5,w:1},{x:29,y:23,l:5,w:1},{x:26,y:20,l:5,w:1},{x:28,y:14,l:2,w:2},{x:19,y:16,l:4,w:1},{x:27,y:16,l:1,w:3},{x:22,y:17,l:3,w:1},{x:23,y:17,l:3,w:1},{x:0,y:20,l:3,w:1},],
Best fit used bin number: 3
Found best solution: 3 0.079

   Statrt add columnAndCut col: 3 cons: 0 cut: 0	0.157

	1 Start Add column using column generation  col: 3 cons: 0 cut: 0	0.157
			Start solve  LP :0.157
			End solve LP obj: 3.0 t: 0
	1 End Add column using column generation : 3.0 col: 3 cons: 0 cut: 0	0.157
   End add columnAndCut : 3.0 colGencnt: 1 price: 0 col: 3 cons: 0 cut: 0	0.157

Node lb: 3.0 ub: 3 : 0.157

Final Found Solution: 3 genNode: 1 extendedNode: 0:0.157
Bin size: 900
1 : 100,100,90,90,81,80,72,72,63,45,36,27,14,12,10,8, : 900
2 : 70,64,60,56,54,50,50,50,49,48,40,36,30,30,30,27,27,27,24,20,18,14,9,9,8, : 900
3 : 48,42,40,40,36,36,35,35,30,24,20,18,16,15,15,15,12,12,12,12,12,12,9,7,7,7,6,6,6,6,5,5,5,4,4,3,3,3,3, : 626
----------------------- 1 ---------------------------
canvasWidth:30,
canvasHeight:30,
data:[{x:0,y:0,l:10,w:10},{x:10,y:0,l:10,w:10},{x:20,y:0,l:9,w:10},{x:0,y:10,l:9,w:10},{x:10,y:10,l:9,w:9},{x:0,y:19,l:10,w:8},{x:19,y:10,l:9,w:8},{x:8,y:19,l:9,w:8},{x:21,y:19,l:7,w:9},{x:16,y:19,l:9,w:5},{x:21,y:26,l:4,w:9},{x:27,y:10,l:9,w:3},{x:8,y:28,l:2,w:7},{x:15,y:28,l:2,w:6},{x:20,y:9,l:1,w:10},{x:0,y:29,l:1,w:8},],
----------------------- 2 ---------------------------
canvasWidth:30,
canvasHeight:30,
data:[{x:0,y:0,l:10,w:6},{x:19,y:0,l:8,w:8},{x:5,y:21,l:7,w:10},{x:19,y:8,l:7,w:8},{x:0,y:10,l:6,w:9},{x:9,y:10,l:5,w:10},{x:6,y:0,l:10,w:5},{x:11,y:0,l:10,w:5},{x:15,y:21,l:7,w:7},{x:9,y:15,l:6,w:8},{x:22,y:21,l:5,w:8},{x:0,y:21,l:9,w:4},{x:17,y:15,l:3,w:10},{x:17,y:18,l:3,w:10},{x:16,y:0,l:10,w:3},{x:0,y:16,l:3,w:9},{x:27,y:0,l:9,w:3},{x:27,y:9,l:9,w:3},{x:22,y:26,l:4,w:6},{x:5,y:28,l:2,w:10},{x:0,y:19,l:2,w:9},{x:15,y:28,l:2,w:7},{x:27,y:18,l:3,w:3},{x:4,y:21,l:9,w:1},{x:28,y:26,l:4,w:2},],
----------------------- 3 ---------------------------
canvasWidth:30,
canvasHeight:30,
data:[{x:0,y:0,l:8,w:6},{x:13,y:0,l:6,w:7},{x:20,y:0,l:4,w:10},{x:6,y:0,l:8,w:5},{x:0,y:14,l:6,w:6},{x:6,y:14,l:6,w:6},{x:13,y:6,l:5,w:7},{x:20,y:4,l:7,w:5},{x:25,y:4,l:6,w:5},{x:12,y:14,l:6,w:4},{x:25,y:10,l:4,w:5},{x:3,y:12,l:2,w:9},{x:11,y:0,l:8,w:2},{x:8,y:8,l:3,w:5},{x:3,y:8,l:3,w:5},{x:20,y:11,l:3,w:5},{x:16,y:14,l:2,w:6},{x:22,y:14,l:2,w:6},{x:16,y:11,l:3,w:4},{x:12,y:11,l:3,w:4},{x:0,y:8,l:4,w:3},{x:16,y:16,l:4,w:3},{x:3,y:11,l:1,w:9},{x:20,y:16,l:1,w:7},{x:27,y:18,l:7,w:1},{x:28,y:18,l:7,w:1},{x:24,y:17,l:1,w:6},{x:0,y:12,l:2,w:3},{x:24,y:18,l:2,w:3},{x:20,y:17,l:3,w:2},{x:29,y:18,l:5,w:1},{x:29,y:23,l:5,w:1},{x:26,y:20,l:5,w:1},{x:28,y:14,l:2,w:2},{x:19,y:16,l:4,w:1},{x:27,y:16,l:1,w:3},{x:22,y:17,l:3,w:1},{x:23,y:17,l:3,w:1},{x:0,y:20,l:3,w:1},],
