====================================== Class_10.2bp-26 =====================================
Reduced size: 60 usedBin: 0
[1, 37, 45, 54, 58]
[2, 25, 28, 35, 41, 43, 44, 49]
[3, 19, 21, 27, 32, 59]
[4, 11, 20, 33, 46, 48]
[5, 9, 36, 40, 51, 53, 56, 57]
[7, 8, 18, 34, 38, 42, 55]
[0]
[6, 14, 22, 24, 31, 39, 47, 52]
[10, 12, 16, 29, 30]
[13, 15, 17, 23, 26, 50]
canvasWidth:100,
canvasHeight:100,
data:[{x:0,y:0,l:92,w:96},{x:56,y:92,l:8,w:44},{x:26,y:92,l:8,w:30},{x:19,y:92,l:8,w:7},{x:96,y:0,l:46,w:1},],
canvasWidth:100,
canvasHeight:100,
data:[{x:0,y:0,l:70,w:91},{x:0,y:70,l:19,w:50},{x:73,y:70,l:30,w:18},{x:91,y:0,l:44,w:9},{x:0,y:89,l:6,w:48},{x:91,y:44,l:29,w:9},{x:91,y:73,l:27,w:9},{x:0,y:95,l:3,w:48},],
canvasWidth:100,
canvasHeight:100,
data:[{x:0,y:0,l:99,w:61},{x:61,y:0,l:35,w:39},{x:61,y:51,l:31,w:38},{x:61,y:35,l:16,w:39},{x:61,y:82,l:14,w:30},{x:0,y:99,l:1,w:31},],
canvasWidth:100,
canvasHeight:100,
data:[{x:0,y:0,l:60,w:83},{x:0,y:60,l:29,w:83},{x:87,y:0,l:96,w:13},{x:0,y:89,l:11,w:37},{x:37,y:89,l:11,w:21},{x:58,y:89,l:11,w:19},],
canvasWidth:100,
canvasHeight:100,
data:[{x:0,y:0,l:87,w:51},{x:51,y:0,l:97,w:34},{x:85,y:0,l:28,w:14},{x:85,y:32,l:27,w:11},{x:85,y:59,l:12,w:11},{x:85,y:71,l:11,w:10},{x:85,y:28,l:4,w:13},{x:46,y:87,l:10,w:5},],
canvasWidth:100,
canvasHeight:100,
data:[{x:0,y:53,l:4,w:71},{x:0,y:0,l:53,w:67},{x:0,y:57,l:36,w:97},{x:67,y:0,l:43,w:33},{x:0,y:93,l:5,w:81},{x:67,y:43,l:10,w:33},{x:71,y:53,l:4,w:14},],
canvasWidth:100,
canvasHeight:100,
data:[{x:0,y:0,l:93,w:97},],
canvasWidth:100,
canvasHeight:100,
data:[{x:0,y:0,l:39,w:92},{x:0,y:39,l:41,w:47},{x:0,y:80,l:13,w:90},{x:47,y:39,l:41,w:25},{x:72,y:39,l:23,w:20},{x:92,y:0,l:40,w:8},{x:95,y:54,l:44,w:5},{x:92,y:40,l:14,w:8},],
canvasWidth:100,
canvasHeight:100,
data:[{x:0,y:0,l:75,w:41},{x:41,y:0,l:92,w:24},{x:65,y:0,l:66,w:28},{x:0,y:75,l:12,w:40},{x:94,y:0,l:77,w:6},],
canvasWidth:100,
canvasHeight:100,
data:[{x:0,y:0,l:68,w:31},{x:31,y:0,l:48,w:40},{x:15,y:75,l:23,w:75},{x:31,y:48,l:27,w:40},{x:90,y:6,l:70,w:10},{x:71,y:0,l:6,w:24},],
Best fit used bin number: 10
Found best solution: 10 0.062

   Statrt add columnAndCut col: 10 cons: 0 cut: 0	0.14

	1 Start Add column using column generation  col: 10 cons: 0 cut: 0	0.14
			Start solve  LP :0.14
			End solve LP obj: 10.0 t: 0
	1 End Add column using column generation : 10.0 col: 10 cons: 0 cut: 0	0.14
   End add columnAndCut : 10.0 colGencnt: 1 price: 0 col: 10 cons: 0 cut: 0	0.14

Node lb: 10.0 ub: 10 : 0.14

Final Found Solution: 10 genNode: 1 extendedNode: 0:0.14
Bin size: 10000
1 : 8832,352,240,56,46, : 9526
2 : 6370,950,540,396,288,261,243,144, : 9192
3 : 6039,1365,1178,624,420,31, : 9657
4 : 4980,2407,1248,407,231,209, : 9482
5 : 4437,3298,392,297,132,110,52,50, : 8768
6 : 3551,3492,1419,405,330,284,56, : 9537
7 : 9021, : 9021
8 : 3588,1927,1170,1025,460,320,220,112, : 8822
9 : 3075,2208,1848,480,462, : 8073
10 : 2108,1920,1725,1080,700,144, : 7677
----------------------- 1 ---------------------------
canvasWidth:100,
canvasHeight:100,
data:[{x:0,y:0,l:92,w:96},{x:56,y:92,l:8,w:44},{x:26,y:92,l:8,w:30},{x:19,y:92,l:8,w:7},{x:96,y:0,l:46,w:1},],
----------------------- 2 ---------------------------
canvasWidth:100,
canvasHeight:100,
data:[{x:0,y:0,l:70,w:91},{x:0,y:70,l:19,w:50},{x:73,y:70,l:30,w:18},{x:91,y:0,l:44,w:9},{x:0,y:89,l:6,w:48},{x:91,y:44,l:29,w:9},{x:91,y:73,l:27,w:9},{x:0,y:95,l:3,w:48},],
----------------------- 3 ---------------------------
canvasWidth:100,
canvasHeight:100,
data:[{x:0,y:0,l:99,w:61},{x:61,y:0,l:35,w:39},{x:61,y:51,l:31,w:38},{x:61,y:35,l:16,w:39},{x:61,y:82,l:14,w:30},{x:0,y:99,l:1,w:31},],
----------------------- 4 ---------------------------
canvasWidth:100,
canvasHeight:100,
data:[{x:0,y:0,l:60,w:83},{x:0,y:60,l:29,w:83},{x:87,y:0,l:96,w:13},{x:0,y:89,l:11,w:37},{x:37,y:89,l:11,w:21},{x:58,y:89,l:11,w:19},],
----------------------- 5 ---------------------------
canvasWidth:100,
canvasHeight:100,
data:[{x:0,y:0,l:87,w:51},{x:51,y:0,l:97,w:34},{x:85,y:0,l:28,w:14},{x:85,y:32,l:27,w:11},{x:85,y:59,l:12,w:11},{x:85,y:71,l:11,w:10},{x:85,y:28,l:4,w:13},{x:46,y:87,l:10,w:5},],
----------------------- 6 ---------------------------
canvasWidth:100,
canvasHeight:100,
data:[{x:0,y:53,l:4,w:71},{x:0,y:0,l:53,w:67},{x:0,y:57,l:36,w:97},{x:67,y:0,l:43,w:33},{x:0,y:93,l:5,w:81},{x:67,y:43,l:10,w:33},{x:71,y:53,l:4,w:14},],
----------------------- 7 ---------------------------
canvasWidth:100,
canvasHeight:100,
data:[{x:0,y:0,l:93,w:97},],
----------------------- 8 ---------------------------
canvasWidth:100,
canvasHeight:100,
data:[{x:0,y:0,l:39,w:92},{x:0,y:39,l:41,w:47},{x:0,y:80,l:13,w:90},{x:47,y:39,l:41,w:25},{x:72,y:39,l:23,w:20},{x:92,y:0,l:40,w:8},{x:95,y:54,l:44,w:5},{x:92,y:40,l:14,w:8},],
----------------------- 9 ---------------------------
canvasWidth:100,
canvasHeight:100,
data:[{x:0,y:0,l:75,w:41},{x:41,y:0,l:92,w:24},{x:65,y:0,l:66,w:28},{x:0,y:75,l:12,w:40},{x:94,y:0,l:77,w:6},],
----------------------- 10 ---------------------------
canvasWidth:100,
canvasHeight:100,
data:[{x:0,y:0,l:68,w:31},{x:31,y:0,l:48,w:40},{x:15,y:75,l:23,w:75},{x:31,y:48,l:27,w:40},{x:90,y:6,l:70,w:10},{x:71,y:0,l:6,w:24},],
