====================================== Class_10.2bp-36 =====================================
Reduced size: 80 usedBin: 0
[0, 56, 72, 74, 77, 79]
[1, 49, 76]
[2, 52, 55, 67, 71]
[9, 22, 27, 32, 37, 57, 66]
[6, 28, 39, 54]
[7, 30, 40, 41, 44, 50, 64, 75]
[3, 17, 63, 69, 78]
[10, 12, 24, 45, 73]
[4, 15]
[5, 31, 46, 53, 60, 65, 68]
[13, 19, 20, 26, 29, 51, 62]
[8, 18, 21, 23]
[11, 16, 25, 38, 42, 61]
[14, 33, 34, 35, 36, 43, 47, 48, 58, 59, 70]
canvasWidth:100,
canvasHeight:100,
data:[{x:0,y:0,l:98,w:94},{x:94,y:0,l:85,w:5},{x:99,y:0,l:99,w:1},{x:0,y:98,l:2,w:44},{x:44,y:98,l:2,w:23},{x:67,y:98,l:2,w:17},],
canvasWidth:100,
canvasHeight:100,
data:[{x:0,y:0,l:93,w:94},{x:0,y:93,l:7,w:72},{x:94,y:0,l:26,w:2},],
canvasWidth:100,
canvasHeight:100,
data:[{x:0,y:0,l:95,w:84},{x:84,y:0,l:45,w:10},{x:84,y:45,l:36,w:12},{x:88,y:81,l:19,w:12},{x:67,y:95,l:5,w:21},],
canvasWidth:100,
canvasHeight:100,
data:[{x:79,y:0,l:13,w:18},{x:80,y:13,l:50,w:20},{x:36,y:55,l:8,w:44},{x:65,y:63,l:37,w:35},{x:0,y:0,l:55,w:79},{x:0,y:55,l:39,w:21},{x:24,y:63,l:37,w:41},],
canvasWidth:100,
canvasHeight:100,
data:[{x:0,y:0,l:93,w:73},{x:73,y:0,l:46,w:27},{x:73,y:46,l:27,w:27},{x:73,y:73,l:20,w:22},],
canvasWidth:100,
canvasHeight:100,
data:[{x:0,y:0,l:75,w:76},{x:0,y:75,l:23,w:45},{x:76,y:0,l:30,w:24},{x:76,y:30,l:32,w:22},{x:79,y:62,l:32,w:21},{x:45,y:75,l:16,w:30},{x:59,y:94,l:6,w:41},{x:51,y:91,l:9,w:8},],
canvasWidth:100,
canvasHeight:100,
data:[{x:77,y:0,l:90,w:22},{x:0,y:94,l:6,w:44},{x:0,y:0,l:94,w:77},{x:77,y:90,l:9,w:16},{x:93,y:90,l:6,w:7},],
canvasWidth:100,
canvasHeight:100,
data:[{x:0,y:0,l:67,w:60},{x:64,y:0,l:97,w:36},{x:0,y:67,l:33,w:44},{x:44,y:67,l:33,w:20},{x:64,y:97,l:3,w:32},],
canvasWidth:100,
canvasHeight:100,
data:[{x:0,y:0,l:73,w:97},{x:0,y:73,l:26,w:95},],
canvasWidth:100,
canvasHeight:100,
data:[{x:0,y:0,l:79,w:86},{x:0,y:79,l:21,w:49},{x:86,y:0,l:49,w:13},{x:49,y:79,l:10,w:44},{x:49,y:89,l:11,w:29},{x:86,y:49,l:17,w:14},{x:93,y:66,l:31,w:7},],
canvasWidth:100,
canvasHeight:100,
data:[{x:0,y:0,l:31,w:50},{x:50,y:0,l:32,w:50},{x:1,y:32,l:33,w:99},{x:57,y:65,l:32,w:43},{x:19,y:65,l:32,w:38},{x:1,y:65,l:25,w:18},{x:1,y:97,l:3,w:99},],
canvasWidth:100,
canvasHeight:100,
data:[{x:0,y:0,l:48,w:100},{x:0,y:82,l:18,w:100},{x:43,y:48,l:33,w:46},{x:0,y:48,l:34,w:43},],
canvasWidth:100,
canvasHeight:100,
data:[{x:0,y:0,l:95,w:41},{x:41,y:0,l:48,w:48},{x:41,y:48,l:28,w:50},{x:91,y:0,l:78,w:9},{x:41,y:76,l:22,w:35},{x:79,y:78,l:15,w:21},],
canvasWidth:100,
canvasHeight:100,
data:[{x:0,y:0,l:38,w:80},{x:0,y:38,l:27,w:36},{x:36,y:38,l:38,w:26},{x:0,y:65,l:33,w:28},{x:80,y:0,l:41,w:20},{x:36,y:76,l:16,w:39},{x:64,y:41,l:15,w:36},{x:75,y:56,l:14,w:25},{x:75,y:70,l:28,w:25},{x:28,y:65,l:16,w:8},{x:34,y:92,l:8,w:41},],
Best fit used bin number: 14
Found best solution: 14 0.062

   Statrt add columnAndCut col: 14 cons: 0 cut: 0	0.125

	1 Start Add column using column generation  col: 14 cons: 0 cut: 0	0.125
			Start solve  LP :0.125
			End solve LP obj: 14.0 t: 0
	1 End Add column using column generation : 14.0 col: 14 cons: 0 cut: 0	0.14
   End add columnAndCut : 14.0 colGencnt: 1 price: 0 col: 14 cons: 0 cut: 0	0.14

Node lb: 14.0 ub: 14 : 0.14

Final Found Solution: 14 genNode: 1 extendedNode: 0:0.14
Bin size: 10000
1 : 9212,425,99,88,46,34, : 9904
2 : 8742,504,52, : 9298
3 : 7980,450,432,228,105, : 9195
4 : 4345,1517,1295,1000,819,352,234, : 9562
5 : 6789,1242,729,440, : 9200
6 : 5700,1035,720,704,672,480,246,72, : 9629
7 : 7238,1980,264,144,42, : 9668
8 : 4020,3492,1452,660,96, : 9720
9 : 7081,2470, : 9551
10 : 6794,1029,637,440,319,238,217, : 9674
11 : 3267,1600,1550,1376,1216,450,297, : 9756
12 : 4800,1800,1518,1462, : 9580
13 : 3895,2304,1400,770,702,315, : 9386
14 : 3040,988,972,924,820,700,624,540,350,328,128, : 9414
----------------------- 1 ---------------------------
canvasWidth:100,
canvasHeight:100,
data:[{x:0,y:0,l:98,w:94},{x:94,y:0,l:85,w:5},{x:99,y:0,l:99,w:1},{x:0,y:98,l:2,w:44},{x:44,y:98,l:2,w:23},{x:67,y:98,l:2,w:17},],
----------------------- 2 ---------------------------
canvasWidth:100,
canvasHeight:100,
data:[{x:0,y:0,l:93,w:94},{x:0,y:93,l:7,w:72},{x:94,y:0,l:26,w:2},],
----------------------- 3 ---------------------------
canvasWidth:100,
canvasHeight:100,
data:[{x:0,y:0,l:95,w:84},{x:84,y:0,l:45,w:10},{x:84,y:45,l:36,w:12},{x:88,y:81,l:19,w:12},{x:67,y:95,l:5,w:21},],
----------------------- 4 ---------------------------
canvasWidth:100,
canvasHeight:100,
data:[{x:79,y:0,l:13,w:18},{x:80,y:13,l:50,w:20},{x:36,y:55,l:8,w:44},{x:65,y:63,l:37,w:35},{x:0,y:0,l:55,w:79},{x:0,y:55,l:39,w:21},{x:24,y:63,l:37,w:41},],
----------------------- 5 ---------------------------
canvasWidth:100,
canvasHeight:100,
data:[{x:0,y:0,l:93,w:73},{x:73,y:0,l:46,w:27},{x:73,y:46,l:27,w:27},{x:73,y:73,l:20,w:22},],
----------------------- 6 ---------------------------
canvasWidth:100,
canvasHeight:100,
data:[{x:0,y:0,l:75,w:76},{x:0,y:75,l:23,w:45},{x:76,y:0,l:30,w:24},{x:76,y:30,l:32,w:22},{x:79,y:62,l:32,w:21},{x:45,y:75,l:16,w:30},{x:59,y:94,l:6,w:41},{x:51,y:91,l:9,w:8},],
----------------------- 7 ---------------------------
canvasWidth:100,
canvasHeight:100,
data:[{x:77,y:0,l:90,w:22},{x:0,y:94,l:6,w:44},{x:0,y:0,l:94,w:77},{x:77,y:90,l:9,w:16},{x:93,y:90,l:6,w:7},],
----------------------- 8 ---------------------------
canvasWidth:100,
canvasHeight:100,
data:[{x:0,y:0,l:67,w:60},{x:64,y:0,l:97,w:36},{x:0,y:67,l:33,w:44},{x:44,y:67,l:33,w:20},{x:64,y:97,l:3,w:32},],
----------------------- 9 ---------------------------
canvasWidth:100,
canvasHeight:100,
data:[{x:0,y:0,l:73,w:97},{x:0,y:73,l:26,w:95},],
----------------------- 10 ---------------------------
canvasWidth:100,
canvasHeight:100,
data:[{x:0,y:0,l:79,w:86},{x:0,y:79,l:21,w:49},{x:86,y:0,l:49,w:13},{x:49,y:79,l:10,w:44},{x:49,y:89,l:11,w:29},{x:86,y:49,l:17,w:14},{x:93,y:66,l:31,w:7},],
----------------------- 11 ---------------------------
canvasWidth:100,
canvasHeight:100,
data:[{x:0,y:0,l:31,w:50},{x:50,y:0,l:32,w:50},{x:1,y:32,l:33,w:99},{x:57,y:65,l:32,w:43},{x:19,y:65,l:32,w:38},{x:1,y:65,l:25,w:18},{x:1,y:97,l:3,w:99},],
----------------------- 12 ---------------------------
canvasWidth:100,
canvasHeight:100,
data:[{x:0,y:0,l:48,w:100},{x:0,y:82,l:18,w:100},{x:43,y:48,l:33,w:46},{x:0,y:48,l:34,w:43},],
----------------------- 13 ---------------------------
canvasWidth:100,
canvasHeight:100,
data:[{x:0,y:0,l:95,w:41},{x:41,y:0,l:48,w:48},{x:41,y:48,l:28,w:50},{x:91,y:0,l:78,w:9},{x:41,y:76,l:22,w:35},{x:79,y:78,l:15,w:21},],
----------------------- 14 ---------------------------
canvasWidth:100,
canvasHeight:100,
data:[{x:0,y:0,l:38,w:80},{x:0,y:38,l:27,w:36},{x:36,y:38,l:38,w:26},{x:0,y:65,l:33,w:28},{x:80,y:0,l:41,w:20},{x:36,y:76,l:16,w:39},{x:64,y:41,l:15,w:36},{x:75,y:56,l:14,w:25},{x:75,y:70,l:28,w:25},{x:28,y:65,l:16,w:8},{x:34,y:92,l:8,w:41},],
