====================================== Class_08.2bp-26 =====================================
Reduced size: 60 usedBin: 0
[0, 17, 59]
[1, 7]
[2, 14, 57]
[3, 26, 35, 40]
[8, 22, 24, 32]
[9, 11, 29, 50]
[12, 16, 28]
[13, 25, 27, 30]
[31, 34, 42, 43, 44, 52, 53, 58]
[15, 21, 23]
[18, 20, 37, 46, 47, 51, 54]
[5, 33, 38, 41, 45, 56]
[4, 19, 39, 48, 49, 55]
[6, 10, 36]
canvasWidth:100,
canvasHeight:100,
data:[{x:0,y:0,l:69,w:100},{x:0,y:69,l:31,w:92},{x:92,y:69,l:10,w:5},],
canvasWidth:100,
canvasHeight:100,
data:[{x:0,y:0,l:55,w:98},{x:0,y:55,l:43,w:88},],
canvasWidth:100,
canvasHeight:100,
data:[{x:0,y:0,l:90,w:57},{x:57,y:0,l:75,w:41},{x:0,y:90,l:4,w:71},],
canvasWidth:100,
canvasHeight:100,
data:[{x:0,y:0,l:57,w:79},{x:0,y:57,l:27,w:73},{x:87,y:0,l:96,w:13},{x:0,y:84,l:14,w:71},],
canvasWidth:100,
canvasHeight:100,
data:[{x:0,y:0,l:49,w:74},{x:76,y:0,l:92,w:24},{x:0,y:49,l:28,w:75},{x:0,y:77,l:23,w:75},],
canvasWidth:100,
canvasHeight:100,
data:[{x:0,y:0,l:39,w:92},{x:0,y:59,l:41,w:83},{x:0,y:39,l:20,w:94},{x:94,y:0,l:77,w:6},],
canvasWidth:100,
canvasHeight:100,
data:[{x:0,y:0,l:97,w:34},{x:34,y:0,l:46,w:66},{x:34,y:46,l:48,w:40},],
canvasWidth:100,
canvasHeight:100,
data:[{x:0,y:0,l:44,w:71},{x:0,y:44,l:29,w:72},{x:0,y:73,l:27,w:72},{x:72,y:0,l:66,w:28},],
canvasWidth:100,
canvasHeight:100,
data:[{x:0,y:0,l:23,w:79},{x:0,y:23,l:35,w:39},{x:39,y:23,l:8,w:44},{x:0,y:58,l:11,w:80},{x:0,y:69,l:12,w:73},{x:0,y:81,l:10,w:88},{x:0,y:91,l:4,w:78},{x:0,y:95,l:1,w:87},],
canvasWidth:100,
canvasHeight:100,
data:[{x:0,y:0,l:44,w:69},{x:23,y:68,l:30,w:77},{x:69,y:0,l:68,w:31},],
canvasWidth:100,
canvasHeight:100,
data:[{x:0,y:0,l:38,w:67},{x:0,y:56,l:29,w:83},{x:0,y:38,l:13,w:90},{x:0,y:89,l:11,w:72},{x:90,y:0,l:70,w:10},{x:0,y:51,l:5,w:81},{x:0,y:85,l:4,w:75},],
canvasWidth:100,
canvasHeight:100,
data:[{x:0,y:3,l:43,w:97},{x:0,y:74,l:11,w:89},{x:0,y:58,l:16,w:92},{x:0,y:46,l:12,w:93},{x:0,y:85,l:11,w:78},{x:0,y:0,l:3,w:99},],
canvasWidth:100,
canvasHeight:100,
data:[{x:0,y:0,l:43,w:98},{x:0,y:43,l:27,w:93},{x:0,y:70,l:11,w:91},{x:0,y:91,l:8,w:70},{x:0,y:81,l:6,w:82},{x:0,y:87,l:4,w:75},],
canvasWidth:100,
canvasHeight:100,
data:[{x:0,y:0,l:41,w:98},{x:0,y:41,l:36,w:97},{x:0,y:77,l:14,w:86},],
Best fit used bin number: 14
Found best solution: 14 0.062

   Statrt add columnAndCut col: 14 cons: 0 cut: 0	0.156

	1 Start Add column using column generation  col: 14 cons: 0 cut: 0	0.156
			Start solve  LP :0.156
			End solve LP obj: 14.0 t: 0
	1 End Add column using column generation : 14.0 col: 14 cons: 0 cut: 0	0.156
   End add columnAndCut : 14.0 colGencnt: 1 price: 0 col: 14 cons: 0 cut: 0	0.156

Node lb: 14.0 ub: 14 : 0.156

Final Found Solution: 14 genNode: 1 extendedNode: 0:0.156
Bin size: 10000
1 : 6900,2852,50, : 9802
2 : 5390,3784, : 9174
3 : 5130,3075,284, : 8489
4 : 4503,1971,1248,994, : 8716
5 : 3626,2208,2100,1725, : 9659
6 : 3588,3403,1880,462, : 9333
7 : 3298,3036,1920, : 8254
8 : 3124,2088,1944,1848, : 9004
9 : 1817,1365,880,880,876,352,312,87, : 6569
10 : 3036,2310,2108, : 7454
11 : 2546,2407,1170,792,700,405,300, : 8320
12 : 4171,1472,1116,979,858,297, : 8893
13 : 4214,2511,1001,560,492,300, : 9078
14 : 4018,3492,1204, : 8714
----------------------- 1 ---------------------------
canvasWidth:100,
canvasHeight:100,
data:[{x:0,y:0,l:69,w:100},{x:0,y:69,l:31,w:92},{x:92,y:69,l:10,w:5},],
----------------------- 2 ---------------------------
canvasWidth:100,
canvasHeight:100,
data:[{x:0,y:0,l:55,w:98},{x:0,y:55,l:43,w:88},],
----------------------- 3 ---------------------------
canvasWidth:100,
canvasHeight:100,
data:[{x:0,y:0,l:90,w:57},{x:57,y:0,l:75,w:41},{x:0,y:90,l:4,w:71},],
----------------------- 4 ---------------------------
canvasWidth:100,
canvasHeight:100,
data:[{x:0,y:0,l:57,w:79},{x:0,y:57,l:27,w:73},{x:87,y:0,l:96,w:13},{x:0,y:84,l:14,w:71},],
----------------------- 5 ---------------------------
canvasWidth:100,
canvasHeight:100,
data:[{x:0,y:0,l:49,w:74},{x:76,y:0,l:92,w:24},{x:0,y:49,l:28,w:75},{x:0,y:77,l:23,w:75},],
----------------------- 6 ---------------------------
canvasWidth:100,
canvasHeight:100,
data:[{x:0,y:0,l:39,w:92},{x:0,y:59,l:41,w:83},{x:0,y:39,l:20,w:94},{x:94,y:0,l:77,w:6},],
----------------------- 7 ---------------------------
canvasWidth:100,
canvasHeight:100,
data:[{x:0,y:0,l:97,w:34},{x:34,y:0,l:46,w:66},{x:34,y:46,l:48,w:40},],
----------------------- 8 ---------------------------
canvasWidth:100,
canvasHeight:100,
data:[{x:0,y:0,l:44,w:71},{x:0,y:44,l:29,w:72},{x:0,y:73,l:27,w:72},{x:72,y:0,l:66,w:28},],
----------------------- 9 ---------------------------
canvasWidth:100,
canvasHeight:100,
data:[{x:0,y:0,l:23,w:79},{x:0,y:23,l:35,w:39},{x:39,y:23,l:8,w:44},{x:0,y:58,l:11,w:80},{x:0,y:69,l:12,w:73},{x:0,y:81,l:10,w:88},{x:0,y:91,l:4,w:78},{x:0,y:95,l:1,w:87},],
----------------------- 10 ---------------------------
canvasWidth:100,
canvasHeight:100,
data:[{x:0,y:0,l:44,w:69},{x:23,y:68,l:30,w:77},{x:69,y:0,l:68,w:31},],
----------------------- 11 ---------------------------
canvasWidth:100,
canvasHeight:100,
data:[{x:0,y:0,l:38,w:67},{x:0,y:56,l:29,w:83},{x:0,y:38,l:13,w:90},{x:0,y:89,l:11,w:72},{x:90,y:0,l:70,w:10},{x:0,y:51,l:5,w:81},{x:0,y:85,l:4,w:75},],
----------------------- 12 ---------------------------
canvasWidth:100,
canvasHeight:100,
data:[{x:0,y:3,l:43,w:97},{x:0,y:74,l:11,w:89},{x:0,y:58,l:16,w:92},{x:0,y:46,l:12,w:93},{x:0,y:85,l:11,w:78},{x:0,y:0,l:3,w:99},],
----------------------- 13 ---------------------------
canvasWidth:100,
canvasHeight:100,
data:[{x:0,y:0,l:43,w:98},{x:0,y:43,l:27,w:93},{x:0,y:70,l:11,w:91},{x:0,y:91,l:8,w:70},{x:0,y:81,l:6,w:82},{x:0,y:87,l:4,w:75},],
----------------------- 14 ---------------------------
canvasWidth:100,
canvasHeight:100,
data:[{x:0,y:0,l:41,w:98},{x:0,y:41,l:36,w:97},{x:0,y:77,l:14,w:86},],
