====================================== Class_10.2bp-18 =====================================
Reduced size: 40 usedBin: 0
E:\WSKH\2DBPP\NonGuillotine\initSolution\10_19.pack
[0, 20, 26, 37]
[1, 8, 22, 39]
[2, 12, 24, 34]
[3, 17, 18, 28]
[4, 5, 30, 31]
[6, 9, 15, 21, 29, 36]
[7, 10, 11, 19, 35, 38]
[13, 14, 16, 23, 25, 27, 32, 33]
canvasWidth:100,
canvasHeight:100,
data:[{x:0,y:0,l:81,w:99},{x:56,y:81,l:19,w:44},{x:0,y:81,l:12,w:42},{x:0,y:93,l:4,w:24},],
canvasWidth:100,
canvasHeight:100,
data:[{x:0,y:0,l:77,w:87},{x:90,y:2,l:80,w:10},{x:0,y:77,l:23,w:89},{x:87,y:0,l:2,w:12},],
canvasWidth:100,
canvasHeight:100,
data:[{x:0,y:0,l:77,w:80},{x:0,y:81,l:19,w:96},{x:80,y:0,l:80,w:8},{x:88,y:0,l:39,w:7},],
canvasWidth:100,
canvasHeight:100,
data:[{x:0,y:0,l:73,w:69},{x:69,y:0,l:47,w:28},{x:69,y:47,l:47,w:23},{x:0,y:73,l:24,w:20},],
canvasWidth:100,
canvasHeight:100,
data:[{x:55,y:0,l:81,w:45},{x:0,y:0,l:65,w:55},{x:0,y:65,l:26,w:17},{x:17,y:65,l:14,w:30},],
canvasWidth:100,
canvasHeight:100,
data:[{x:0,y:0,l:83,w:41},{x:41,y:0,l:96,w:21},{x:62,y:0,l:41,w:35},{x:86,y:41,l:38,w:12},{x:62,y:79,l:10,w:15},{x:62,y:41,l:34,w:24},],
canvasWidth:100,
canvasHeight:100,
data:[{x:0,y:0,l:44,w:76},{x:0,y:44,l:48,w:41},{x:41,y:44,l:45,w:43},{x:76,y:0,l:41,w:24},{x:0,y:92,l:2,w:15},{x:84,y:41,l:37,w:6},],
canvasWidth:100,
canvasHeight:100,
data:[{x:0,y:0,l:31,w:18},{x:18,y:0,l:75,w:21},{x:39,y:0,l:71,w:22},{x:61,y:0,l:47,w:29},{x:0,y:31,l:36,w:18},{x:94,y:0,l:84,w:6},{x:0,y:67,l:28,w:14},{x:61,y:47,l:12,w:29},],
Best fit used bin number: 8
Found best solution: 8 0.047

   Statrt add columnAndCut col: 8 cons: 0 cut: 0	0.125

	1 Start Add column using column generation  col: 8 cons: 0 cut: 0	0.125
			Start solve  LP :0.125
			End solve LP obj: 8.0 t: 0
	1 End Add column using column generation : 8.0 col: 8 cons: 0 cut: 0	0.125
   End add columnAndCut : 8.0 colGencnt: 1 price: 0 col: 8 cons: 0 cut: 0	0.125

Node lb: 8.0 ub: 8 : 0.125

Final Found Solution: 8 genNode: 1 extendedNode: 0:0.125
Bin size: 10000
1 : 8019,836,504,96, : 9455
2 : 6699,2047,800,24, : 9570
3 : 6160,1824,640,273, : 8897
4 : 5037,1316,1081,480, : 7914
5 : 3645,3575,442,420, : 8082
6 : 3403,2016,1435,816,456,150, : 8276
7 : 3344,1968,1935,984,222,30, : 8483
8 : 1575,1562,1363,648,558,504,392,348, : 6950
----------------------- 1 ---------------------------
canvasWidth:100,
canvasHeight:100,
data:[{x:0,y:0,l:81,w:99},{x:56,y:81,l:19,w:44},{x:0,y:81,l:12,w:42},{x:0,y:93,l:4,w:24},],
----------------------- 2 ---------------------------
canvasWidth:100,
canvasHeight:100,
data:[{x:0,y:0,l:77,w:87},{x:90,y:2,l:80,w:10},{x:0,y:77,l:23,w:89},{x:87,y:0,l:2,w:12},],
----------------------- 3 ---------------------------
canvasWidth:100,
canvasHeight:100,
data:[{x:0,y:0,l:77,w:80},{x:0,y:81,l:19,w:96},{x:80,y:0,l:80,w:8},{x:88,y:0,l:39,w:7},],
----------------------- 4 ---------------------------
canvasWidth:100,
canvasHeight:100,
data:[{x:0,y:0,l:73,w:69},{x:69,y:0,l:47,w:28},{x:69,y:47,l:47,w:23},{x:0,y:73,l:24,w:20},],
----------------------- 5 ---------------------------
canvasWidth:100,
canvasHeight:100,
data:[{x:55,y:0,l:81,w:45},{x:0,y:0,l:65,w:55},{x:0,y:65,l:26,w:17},{x:17,y:65,l:14,w:30},],
----------------------- 6 ---------------------------
canvasWidth:100,
canvasHeight:100,
data:[{x:0,y:0,l:83,w:41},{x:41,y:0,l:96,w:21},{x:62,y:0,l:41,w:35},{x:86,y:41,l:38,w:12},{x:62,y:79,l:10,w:15},{x:62,y:41,l:34,w:24},],
----------------------- 7 ---------------------------
canvasWidth:100,
canvasHeight:100,
data:[{x:0,y:0,l:44,w:76},{x:0,y:44,l:48,w:41},{x:41,y:44,l:45,w:43},{x:76,y:0,l:41,w:24},{x:0,y:92,l:2,w:15},{x:84,y:41,l:37,w:6},],
----------------------- 8 ---------------------------
canvasWidth:100,
canvasHeight:100,
data:[{x:0,y:0,l:31,w:18},{x:18,y:0,l:75,w:21},{x:39,y:0,l:71,w:22},{x:61,y:0,l:47,w:29},{x:0,y:31,l:36,w:18},{x:94,y:0,l:84,w:6},{x:0,y:67,l:28,w:14},{x:61,y:47,l:12,w:29},],
