====================================== Class_04.2bp-14 =====================================
Reduced size: 40 usedBin: 0
[0, 1, 2, 7, 9, 10, 11, 13, 14, 19, 20, 23, 26, 27, 28, 29, 32, 33, 34, 35, 37, 38, 39]
[3, 4, 5, 6, 8, 12, 15, 16, 17, 18, 21, 22, 24, 25, 30, 31, 36]
canvasWidth:100,
canvasHeight:100,
data:[{x:0,y:0,l:34,w:35},{x:35,y:0,l:30,w:33},{x:35,y:30,l:6,w:30},{x:65,y:35,l:35,w:19},{x:0,y:34,l:17,w:35},{x:35,y:36,l:26,w:21},{x:68,y:0,l:30,w:17},{x:0,y:87,l:13,w:34},{x:85,y:0,l:25,w:15},{x:0,y:51,l:9,w:35},{x:35,y:69,l:18,w:16},{x:94,y:26,l:34,w:6},{x:56,y:36,l:21,w:9},{x:0,y:60,l:27,w:35},{x:35,y:62,l:7,w:21},{x:65,y:30,l:5,w:29},{x:84,y:35,l:27,w:3},{x:84,y:62,l:23,w:3},{x:87,y:35,l:7,w:7},{x:87,y:42,l:11,w:4},{x:85,y:26,l:4,w:9},{x:85,y:25,l:1,w:15},{x:91,y:42,l:5,w:2},],
canvasWidth:100,
canvasHeight:100,
data:[{x:0,y:0,l:27,w:34},{x:34,y:0,l:27,w:34},{x:73,y:0,l:33,w:27},{x:74,y:74,l:26,w:26},{x:73,y:33,l:24,w:27},{x:73,y:57,l:17,w:27},{x:0,y:27,l:15,w:24},{x:24,y:27,l:19,w:18},{x:42,y:27,l:11,w:31},{x:42,y:38,l:28,w:12},{x:0,y:59,l:9,w:27},{x:47,y:66,l:9,w:26},{x:0,y:46,l:6,w:33},{x:0,y:52,l:7,w:28},{x:68,y:0,l:27,w:5},{x:54,y:38,l:7,w:19},{x:54,y:45,l:11,w:4},],
Best fit used bin number: 2
Found best solution: 2 0.078

   Statrt add columnAndCut col: 2 cons: 0 cut: 0	0.141

	1 Start Add column using column generation  col: 2 cons: 0 cut: 0	0.141
			Start solve  LP :0.141
			End solve LP obj: 2.0 t: 0
	1 End Add column using column generation : 2.0 col: 2 cons: 0 cut: 0	0.141
   End add columnAndCut : 2.0 colGencnt: 1 price: 0 col: 2 cons: 0 cut: 0	0.141

Node lb: 2.0 ub: 2 : 0.141

Final Found Solution: 2 genNode: 1 extendedNode: 0:0.141
Bin size: 10000
1 : 1190,990,945,665,595,546,510,442,375,315,288,204,189,180,147,145,81,69,49,44,36,15,10, : 8030
2 : 918,918,891,676,648,459,360,342,341,336,243,234,198,196,135,133,44, : 7072
----------------------- 1 ---------------------------
canvasWidth:100,
canvasHeight:100,
data:[{x:0,y:0,l:34,w:35},{x:35,y:0,l:30,w:33},{x:35,y:30,l:6,w:30},{x:65,y:35,l:35,w:19},{x:0,y:34,l:17,w:35},{x:35,y:36,l:26,w:21},{x:68,y:0,l:30,w:17},{x:0,y:87,l:13,w:34},{x:85,y:0,l:25,w:15},{x:0,y:51,l:9,w:35},{x:35,y:69,l:18,w:16},{x:94,y:26,l:34,w:6},{x:56,y:36,l:21,w:9},{x:0,y:60,l:27,w:35},{x:35,y:62,l:7,w:21},{x:65,y:30,l:5,w:29},{x:84,y:35,l:27,w:3},{x:84,y:62,l:23,w:3},{x:87,y:35,l:7,w:7},{x:87,y:42,l:11,w:4},{x:85,y:26,l:4,w:9},{x:85,y:25,l:1,w:15},{x:91,y:42,l:5,w:2},],
----------------------- 2 ---------------------------
canvasWidth:100,
canvasHeight:100,
data:[{x:0,y:0,l:27,w:34},{x:34,y:0,l:27,w:34},{x:73,y:0,l:33,w:27},{x:74,y:74,l:26,w:26},{x:73,y:33,l:24,w:27},{x:73,y:57,l:17,w:27},{x:0,y:27,l:15,w:24},{x:24,y:27,l:19,w:18},{x:42,y:27,l:11,w:31},{x:42,y:38,l:28,w:12},{x:0,y:59,l:9,w:27},{x:47,y:66,l:9,w:26},{x:0,y:46,l:6,w:33},{x:0,y:52,l:7,w:28},{x:68,y:0,l:27,w:5},{x:54,y:38,l:7,w:19},{x:54,y:45,l:11,w:4},],
