====================================== Class_03.2bp-16 =====================================
Reduced size: 40 usedBin: 0
[0, 16, 27]
[1, 20, 32, 34, 35]
[2, 9, 15, 29, 38, 39]
[3, 11, 23, 26, 36]
[4, 5, 30]
[6, 13, 21, 22, 28, 31, 37]
[7, 14, 17, 18, 19, 33]
[8, 10, 12, 24, 25]
canvasWidth:40,
canvasHeight:40,
data:[{x:0,y:0,l:34,w:35},{x:0,y:34,l:6,w:35},{x:35,y:0,l:28,w:3},],
canvasWidth:40,
canvasHeight:40,
data:[{x:0,y:0,l:33,w:35},{x:0,y:33,l:5,w:30},{x:35,y:0,l:21,w:3},{x:0,y:38,l:2,w:24},{x:32,y:33,l:6,w:8},],
canvasWidth:40,
canvasHeight:40,
data:[{x:0,y:0,l:32,w:26},{x:26,y:0,l:29,w:14},{x:0,y:32,l:8,w:29},{x:29,y:31,l:9,w:9},{x:26,y:29,l:2,w:10},{x:38,y:29,l:5,w:2},],
canvasWidth:40,
canvasHeight:40,
data:[{x:0,y:0,l:32,w:24},{x:24,y:0,l:26,w:15},{x:24,y:26,l:9,w:13},{x:0,y:32,l:6,w:15},{x:0,y:38,l:2,w:19},],
canvasWidth:40,
canvasHeight:40,
data:[{x:0,y:0,l:21,w:35},{x:0,y:21,l:19,w:35},{x:35,y:0,l:27,w:3},],
canvasWidth:40,
canvasHeight:40,
data:[{x:0,y:0,l:21,w:27},{x:27,y:0,l:35,w:11},{x:0,y:21,l:11,w:12},{x:12,y:21,l:18,w:7},{x:19,y:21,l:14,w:6},{x:38,y:0,l:32,w:2},{x:0,y:32,l:5,w:7},],
canvasWidth:40,
canvasHeight:40,
data:[{x:0,y:0,l:24,w:22},{x:34,y:0,l:33,w:6},{x:11,y:24,l:12,w:15},{x:0,y:24,l:16,w:11},{x:26,y:3,l:35,w:8},{x:11,y:38,l:2,w:24},],
canvasWidth:40,
canvasHeight:40,
data:[{x:0,y:0,l:21,w:20},{x:20,y:0,l:21,w:19},{x:0,y:21,l:11,w:35},{x:0,y:32,l:3,w:34},{x:0,y:35,l:3,w:33},],
Best fit used bin number: 8
Found best solution: 8 0.063

   Statrt add columnAndCut col: 8 cons: 0 cut: 0	0.125

	1 Start Add column using column generation  col: 8 cons: 0 cut: 0	0.125
			Start solve  LP :0.125
			End solve LP obj: 8.0 t: 0
	1 End Add column using column generation : 8.0 col: 8 cons: 0 cut: 0	0.125
   End add columnAndCut : 8.0 colGencnt: 1 price: 0 col: 8 cons: 0 cut: 0	0.125

Node lb: 8.0 ub: 8 : 0.125

Final Found Solution: 8 genNode: 1 extendedNode: 0:0.125
Bin size: 1600
1 : 1190,210,84, : 1484
2 : 1155,150,63,48,48, : 1464
3 : 832,406,232,81,20,10, : 1581
4 : 768,390,117,90,38, : 1403
5 : 735,665,81, : 1481
6 : 567,385,132,126,84,64,35, : 1393
7 : 528,280,198,180,176,48, : 1410
8 : 420,399,385,102,99, : 1405
----------------------- 1 ---------------------------
canvasWidth:40,
canvasHeight:40,
data:[{x:0,y:0,l:34,w:35},{x:0,y:34,l:6,w:35},{x:35,y:0,l:28,w:3},],
----------------------- 2 ---------------------------
canvasWidth:40,
canvasHeight:40,
data:[{x:0,y:0,l:33,w:35},{x:0,y:33,l:5,w:30},{x:35,y:0,l:21,w:3},{x:0,y:38,l:2,w:24},{x:32,y:33,l:6,w:8},],
----------------------- 3 ---------------------------
canvasWidth:40,
canvasHeight:40,
data:[{x:0,y:0,l:32,w:26},{x:26,y:0,l:29,w:14},{x:0,y:32,l:8,w:29},{x:29,y:31,l:9,w:9},{x:26,y:29,l:2,w:10},{x:38,y:29,l:5,w:2},],
----------------------- 4 ---------------------------
canvasWidth:40,
canvasHeight:40,
data:[{x:0,y:0,l:32,w:24},{x:24,y:0,l:26,w:15},{x:24,y:26,l:9,w:13},{x:0,y:32,l:6,w:15},{x:0,y:38,l:2,w:19},],
----------------------- 5 ---------------------------
canvasWidth:40,
canvasHeight:40,
data:[{x:0,y:0,l:21,w:35},{x:0,y:21,l:19,w:35},{x:35,y:0,l:27,w:3},],
----------------------- 6 ---------------------------
canvasWidth:40,
canvasHeight:40,
data:[{x:0,y:0,l:21,w:27},{x:27,y:0,l:35,w:11},{x:0,y:21,l:11,w:12},{x:12,y:21,l:18,w:7},{x:19,y:21,l:14,w:6},{x:38,y:0,l:32,w:2},{x:0,y:32,l:5,w:7},],
----------------------- 7 ---------------------------
canvasWidth:40,
canvasHeight:40,
data:[{x:0,y:0,l:24,w:22},{x:34,y:0,l:33,w:6},{x:11,y:24,l:12,w:15},{x:0,y:24,l:16,w:11},{x:26,y:3,l:35,w:8},{x:11,y:38,l:2,w:24},],
----------------------- 8 ---------------------------
canvasWidth:40,
canvasHeight:40,
data:[{x:0,y:0,l:21,w:20},{x:20,y:0,l:21,w:19},{x:0,y:21,l:11,w:35},{x:0,y:32,l:3,w:34},{x:0,y:35,l:3,w:33},],
