====================================== Class_02.2bp-16 =====================================
Reduced size: 40 usedBin: 0
E:\WSKH\2DBPP\NonGuillotine\initSolution\2_17.pack
[0, 1, 2, 3, 4, 5, 6, 8, 9, 10, 11, 13, 14, 15, 16, 17, 18, 22, 23, 24, 25, 26, 28, 29, 30, 31, 34, 39]
[7, 12, 19, 20, 21, 27, 32, 33, 35, 36, 37, 38]
canvasWidth:30,
canvasHeight:30,
data:[{x:0,y:0,l:10,w:10},{x:10,y:0,l:10,w:10},{x:0,y:10,l:9,w:8},{x:8,y:10,l:9,w:7},{x:0,y:19,l:3,w:9},{x:20,y:0,l:6,w:10},{x:13,y:19,l:7,w:7},{x:20,y:6,l:4,w:10},{x:0,y:22,l:8,w:5},{x:7,y:22,l:6,w:6},{x:15,y:10,l:9,w:4},{x:20,y:20,l:10,w:3},{x:23,y:20,l:10,w:3},{x:20,y:10,l:6,w:10},{x:20,y:16,l:2,w:10},{x:13,y:26,l:4,w:5},{x:26,y:20,l:5,w:4},{x:9,y:19,l:3,w:4},{x:26,y:25,l:3,w:4},{x:20,y:18,l:1,w:10},{x:20,y:19,l:1,w:10},{x:7,y:28,l:2,w:5},{x:19,y:10,l:9,w:1},{x:18,y:26,l:4,w:2},{x:5,y:22,l:8,w:1},{x:6,y:22,l:8,w:1},{x:26,y:28,l:2,w:3},{x:12,y:28,l:2,w:1},],
canvasWidth:30,
canvasHeight:30,
data:[{x:0,y:0,l:6,w:8},{x:8,y:0,l:6,w:6},{x:17,y:0,l:10,w:2},{x:19,y:0,l:2,w:9},{x:14,y:0,l:6,w:2},{x:19,y:2,l:3,w:3},{x:22,y:2,l:1,w:7},{x:22,y:3,l:1,w:7},{x:22,y:4,l:1,w:6},{x:16,y:0,l:6,w:1},{x:28,y:0,l:2,w:2},{x:19,y:5,l:1,w:3},],
Best fit used bin number: 2
Found best solution: 2 0.062

   Statrt add columnAndCut col: 2 cons: 0 cut: 0	0.125

	1 Start Add column using column generation  col: 2 cons: 0 cut: 0	0.125
			Start solve  LP :0.125
			End solve LP obj: 2.0 t: 0
	1 End Add column using column generation : 2.0 col: 2 cons: 0 cut: 0	0.125
   End add columnAndCut : 2.0 colGencnt: 1 price: 0 col: 2 cons: 0 cut: 0	0.125

Node lb: 2.0 ub: 2 : 0.125

Final Found Solution: 2 genNode: 1 extendedNode: 0:0.125
Bin size: 900
1 : 100,100,72,63,60,60,49,40,40,36,36,30,30,27,20,20,20,12,12,10,10,10,9,8,8,8,6,2, : 898
2 : 48,36,20,18,12,9,7,7,6,6,4,3, : 176
----------------------- 1 ---------------------------
canvasWidth:30,
canvasHeight:30,
data:[{x:0,y:0,l:10,w:10},{x:10,y:0,l:10,w:10},{x:0,y:10,l:9,w:8},{x:8,y:10,l:9,w:7},{x:0,y:19,l:3,w:9},{x:20,y:0,l:6,w:10},{x:13,y:19,l:7,w:7},{x:20,y:6,l:4,w:10},{x:0,y:22,l:8,w:5},{x:7,y:22,l:6,w:6},{x:15,y:10,l:9,w:4},{x:20,y:20,l:10,w:3},{x:23,y:20,l:10,w:3},{x:20,y:10,l:6,w:10},{x:20,y:16,l:2,w:10},{x:13,y:26,l:4,w:5},{x:26,y:20,l:5,w:4},{x:9,y:19,l:3,w:4},{x:26,y:25,l:3,w:4},{x:20,y:18,l:1,w:10},{x:20,y:19,l:1,w:10},{x:7,y:28,l:2,w:5},{x:19,y:10,l:9,w:1},{x:18,y:26,l:4,w:2},{x:5,y:22,l:8,w:1},{x:6,y:22,l:8,w:1},{x:26,y:28,l:2,w:3},{x:12,y:28,l:2,w:1},],
----------------------- 2 ---------------------------
canvasWidth:30,
canvasHeight:30,
data:[{x:0,y:0,l:6,w:8},{x:8,y:0,l:6,w:6},{x:17,y:0,l:10,w:2},{x:19,y:0,l:2,w:9},{x:14,y:0,l:6,w:2},{x:19,y:2,l:3,w:3},{x:22,y:2,l:1,w:7},{x:22,y:3,l:1,w:7},{x:22,y:4,l:1,w:6},{x:16,y:0,l:6,w:1},{x:28,y:0,l:2,w:2},{x:19,y:5,l:1,w:3},],
