====================================== Class_07.2bp-35 =====================================
Reduced size: 80 usedBin: 0
[0, 31, 75]
[1, 52]
[2, 51]
[3, 48, 74]
[4, 12, 66]
[5, 30, 49]
[9, 13]
[10, 26, 57, 65, 78]
[8, 28, 46]
[11, 40, 42, 61]
[6, 21, 63, 71]
[7, 37, 79]
[14, 32, 41, 73]
[15, 16, 68, 69]
[17, 18, 58]
[19, 34, 67, 70]
[20, 23, 54]
[24, 25, 39, 76]
[27, 29, 44]
[33, 36, 53, 59, 77]
[35, 43, 45, 60]
[38, 47, 62, 72]
[22, 50, 55, 56, 64]
canvasWidth:100,
canvasHeight:100,
data:[{x:0,y:0,l:69,w:97},{x:8,y:69,l:31,w:92},{x:97,y:0,l:69,w:3},],
canvasWidth:100,
canvasHeight:100,
data:[{x:0,y:0,l:85,w:78},{x:78,y:0,l:68,w:22},],
canvasWidth:100,
canvasHeight:100,
data:[{x:0,y:0,l:81,w:81},{x:81,y:0,l:80,w:19},],
canvasWidth:100,
canvasHeight:100,
data:[{x:0,y:0,l:68,w:80},{x:80,y:0,l:88,w:20},{x:0,y:68,l:3,w:74},],
canvasWidth:100,
canvasHeight:100,
data:[{x:0,y:0,l:97,w:53},{x:61,y:0,l:100,w:39},{x:53,y:0,l:80,w:8},],
canvasWidth:100,
canvasHeight:100,
data:[{x:0,y:0,l:57,w:80},{x:0,y:57,l:37,w:78},{x:80,y:0,l:86,w:20},],
canvasWidth:100,
canvasHeight:100,
data:[{x:0,y:0,l:79,w:51},{x:51,y:0,l:78,w:49},],
canvasWidth:100,
canvasHeight:100,
data:[{x:0,y:0,l:73,w:55},{x:55,y:0,l:96,w:32},{x:87,y:0,l:100,w:13},{x:26,y:73,l:23,w:29},{x:71,y:96,l:4,w:16},],
canvasWidth:100,
canvasHeight:100,
data:[{x:56,y:0,l:94,w:44},{x:0,y:0,l:54,w:56},{x:0,y:54,l:39,w:49},],
canvasWidth:100,
canvasHeight:100,
data:[{x:50,y:21,l:79,w:50},{x:21,y:21,l:79,w:29},{x:0,y:0,l:21,w:100},{x:0,y:21,l:69,w:13},],
canvasWidth:100,
canvasHeight:100,
data:[{x:0,y:0,l:49,w:91},{x:0,y:49,l:38,w:86},{x:91,y:0,l:92,w:9},{x:0,y:87,l:13,w:40},],
canvasWidth:100,
canvasHeight:100,
data:[{x:0,y:0,l:45,w:99},{x:0,y:45,l:33,w:81},{x:99,y:0,l:38,w:1},],
canvasWidth:100,
canvasHeight:100,
data:[{x:0,y:0,l:89,w:42},{x:42,y:0,l:89,w:32},{x:77,y:0,l:97,w:23},{x:74,y:0,l:89,w:3},],
canvasWidth:100,
canvasHeight:100,
data:[{x:0,y:0,l:84,w:44},{x:44,y:0,l:73,w:48},{x:92,y:0,l:72,w:8},{x:0,y:84,l:13,w:44},],
canvasWidth:100,
canvasHeight:100,
data:[{x:0,y:0,l:71,w:49},{x:49,y:0,l:94,w:37},{x:86,y:0,l:90,w:14},],
canvasWidth:100,
canvasHeight:100,
data:[{x:0,y:0,l:72,w:48},{x:48,y:0,l:72,w:38},{x:86,y:0,l:45,w:14},{x:0,y:72,l:28,w:19},],
canvasWidth:100,
canvasHeight:100,
data:[{x:0,y:0,l:91,w:36},{x:36,y:0,l:76,w:42},{x:78,y:0,l:67,w:22},],
canvasWidth:100,
canvasHeight:100,
data:[{x:0,y:0,l:85,w:37},{x:64,y:0,l:94,w:33},{x:37,y:0,l:85,w:27},{x:97,y:0,l:89,w:2},],
canvasWidth:100,
canvasHeight:100,
data:[{x:0,y:0,l:93,w:33},{x:33,y:0,l:77,w:38},{x:71,y:0,l:67,w:29},],
canvasWidth:100,
canvasHeight:100,
data:[{x:0,y:0,l:88,w:32},{x:32,y:0,l:78,w:35},{x:86,y:0,l:87,w:12},{x:67,y:0,l:78,w:19},{x:98,y:0,l:87,w:2},],
canvasWidth:100,
canvasHeight:100,
data:[{x:0,y:0,l:78,w:35},{x:35,y:0,l:73,w:28},{x:63,y:0,l:77,w:25},{x:88,y:0,l:86,w:12},],
canvasWidth:100,
canvasHeight:100,
data:[{x:0,y:0,l:39,w:66},{x:66,y:0,l:70,w:27},{x:38,y:39,l:31,w:28},{x:95,y:0,l:87,w:5},],
canvasWidth:100,
canvasHeight:100,
data:[{x:67,y:0,l:98,w:33},{x:0,y:0,l:82,w:20},{x:20,y:0,l:77,w:19},{x:39,y:0,l:90,w:16},{x:55,y:0,l:66,w:12},],
Best fit used bin number: 23
Found best solution: 23 0.063

   Statrt add columnAndCut col: 23 cons: 0 cut: 0	0.141

	1 Start Add column using column generation  col: 23 cons: 0 cut: 0	0.141
			Start solve  LP :0.141
			End solve LP obj: 23.0 t: 0
	1 End Add column using column generation : 23.0 col: 23 cons: 0 cut: 0	0.141
   End add columnAndCut : 23.0 colGencnt: 1 price: 0 col: 23 cons: 0 cut: 0	0.141

Node lb: 23.0 ub: 23 : 0.141

Final Found Solution: 23 genNode: 1 extendedNode: 0:0.141
Bin size: 10000
1 : 6693,2852,207, : 9752
2 : 6630,1496, : 8126
3 : 6561,1520, : 8081
4 : 5440,1760,222, : 7422
5 : 5141,3900,640, : 9681
6 : 4560,2886,1720, : 9166
7 : 4029,3822, : 7851
8 : 4015,3072,1300,667,64, : 9118
9 : 4136,3024,1911, : 9071
10 : 3950,2291,2100,897, : 9238
11 : 4459,3268,828,520, : 9075
12 : 4455,2673,38, : 7166
13 : 3738,2848,2231,267, : 9084
14 : 3696,3504,576,572, : 8348
15 : 3479,3478,1260, : 8217
16 : 3456,2736,630,532, : 7354
17 : 3276,3192,1474, : 7942
18 : 3145,3102,2295,178, : 8720
19 : 3069,2926,1943, : 7938
20 : 2816,2730,1482,1044,174, : 8246
21 : 2730,2044,1925,1032, : 7731
22 : 2574,1890,868,435, : 5767
23 : 3234,1640,1463,1440,792, : 8569
----------------------- 1 ---------------------------
canvasWidth:100,
canvasHeight:100,
data:[{x:0,y:0,l:69,w:97},{x:8,y:69,l:31,w:92},{x:97,y:0,l:69,w:3},],
----------------------- 2 ---------------------------
canvasWidth:100,
canvasHeight:100,
data:[{x:0,y:0,l:85,w:78},{x:78,y:0,l:68,w:22},],
----------------------- 3 ---------------------------
canvasWidth:100,
canvasHeight:100,
data:[{x:0,y:0,l:81,w:81},{x:81,y:0,l:80,w:19},],
----------------------- 4 ---------------------------
canvasWidth:100,
canvasHeight:100,
data:[{x:0,y:0,l:68,w:80},{x:80,y:0,l:88,w:20},{x:0,y:68,l:3,w:74},],
----------------------- 5 ---------------------------
canvasWidth:100,
canvasHeight:100,
data:[{x:0,y:0,l:97,w:53},{x:61,y:0,l:100,w:39},{x:53,y:0,l:80,w:8},],
----------------------- 6 ---------------------------
canvasWidth:100,
canvasHeight:100,
data:[{x:0,y:0,l:57,w:80},{x:0,y:57,l:37,w:78},{x:80,y:0,l:86,w:20},],
----------------------- 7 ---------------------------
canvasWidth:100,
canvasHeight:100,
data:[{x:0,y:0,l:79,w:51},{x:51,y:0,l:78,w:49},],
----------------------- 8 ---------------------------
canvasWidth:100,
canvasHeight:100,
data:[{x:0,y:0,l:73,w:55},{x:55,y:0,l:96,w:32},{x:87,y:0,l:100,w:13},{x:26,y:73,l:23,w:29},{x:71,y:96,l:4,w:16},],
----------------------- 9 ---------------------------
canvasWidth:100,
canvasHeight:100,
data:[{x:56,y:0,l:94,w:44},{x:0,y:0,l:54,w:56},{x:0,y:54,l:39,w:49},],
----------------------- 10 ---------------------------
canvasWidth:100,
canvasHeight:100,
data:[{x:50,y:21,l:79,w:50},{x:21,y:21,l:79,w:29},{x:0,y:0,l:21,w:100},{x:0,y:21,l:69,w:13},],
----------------------- 11 ---------------------------
canvasWidth:100,
canvasHeight:100,
data:[{x:0,y:0,l:49,w:91},{x:0,y:49,l:38,w:86},{x:91,y:0,l:92,w:9},{x:0,y:87,l:13,w:40},],
----------------------- 12 ---------------------------
canvasWidth:100,
canvasHeight:100,
data:[{x:0,y:0,l:45,w:99},{x:0,y:45,l:33,w:81},{x:99,y:0,l:38,w:1},],
----------------------- 13 ---------------------------
canvasWidth:100,
canvasHeight:100,
data:[{x:0,y:0,l:89,w:42},{x:42,y:0,l:89,w:32},{x:77,y:0,l:97,w:23},{x:74,y:0,l:89,w:3},],
----------------------- 14 ---------------------------
canvasWidth:100,
canvasHeight:100,
data:[{x:0,y:0,l:84,w:44},{x:44,y:0,l:73,w:48},{x:92,y:0,l:72,w:8},{x:0,y:84,l:13,w:44},],
----------------------- 15 ---------------------------
canvasWidth:100,
canvasHeight:100,
data:[{x:0,y:0,l:71,w:49},{x:49,y:0,l:94,w:37},{x:86,y:0,l:90,w:14},],
----------------------- 16 ---------------------------
canvasWidth:100,
canvasHeight:100,
data:[{x:0,y:0,l:72,w:48},{x:48,y:0,l:72,w:38},{x:86,y:0,l:45,w:14},{x:0,y:72,l:28,w:19},],
----------------------- 17 ---------------------------
canvasWidth:100,
canvasHeight:100,
data:[{x:0,y:0,l:91,w:36},{x:36,y:0,l:76,w:42},{x:78,y:0,l:67,w:22},],
----------------------- 18 ---------------------------
canvasWidth:100,
canvasHeight:100,
data:[{x:0,y:0,l:85,w:37},{x:64,y:0,l:94,w:33},{x:37,y:0,l:85,w:27},{x:97,y:0,l:89,w:2},],
----------------------- 19 ---------------------------
canvasWidth:100,
canvasHeight:100,
data:[{x:0,y:0,l:93,w:33},{x:33,y:0,l:77,w:38},{x:71,y:0,l:67,w:29},],
----------------------- 20 ---------------------------
canvasWidth:100,
canvasHeight:100,
data:[{x:0,y:0,l:88,w:32},{x:32,y:0,l:78,w:35},{x:86,y:0,l:87,w:12},{x:67,y:0,l:78,w:19},{x:98,y:0,l:87,w:2},],
----------------------- 21 ---------------------------
canvasWidth:100,
canvasHeight:100,
data:[{x:0,y:0,l:78,w:35},{x:35,y:0,l:73,w:28},{x:63,y:0,l:77,w:25},{x:88,y:0,l:86,w:12},],
----------------------- 22 ---------------------------
canvasWidth:100,
canvasHeight:100,
data:[{x:0,y:0,l:39,w:66},{x:66,y:0,l:70,w:27},{x:38,y:39,l:31,w:28},{x:95,y:0,l:87,w:5},],
----------------------- 23 ---------------------------
canvasWidth:100,
canvasHeight:100,
data:[{x:67,y:0,l:98,w:33},{x:0,y:0,l:82,w:20},{x:20,y:0,l:77,w:19},{x:39,y:0,l:90,w:16},{x:55,y:0,l:66,w:12},],
