====================================== Class_07.2bp-7 =====================================
Reduced size: 20 usedBin: 0
[0]
[1, 6, 17]
[4, 5, 16, 19]
[7, 15]
[9, 11, 12, 13, 14, 18]
[2, 3, 10]
[8]
canvasWidth:100,
canvasHeight:100,
data:[{x:0,y:0,l:86,w:89},],
canvasWidth:100,
canvasHeight:100,
data:[{x:0,y:0,l:83,w:55},{x:55,y:0,l:72,w:39},{x:94,y:0,l:73,w:6},],
canvasWidth:100,
canvasHeight:100,
data:[{x:0,y:0,l:68,w:43},{x:43,y:0,l:67,w:42},{x:43,y:67,l:23,w:29},{x:95,y:0,l:81,w:5},],
canvasWidth:100,
canvasHeight:100,
data:[{x:0,y:0,l:34,w:81},{x:81,y:0,l:67,w:19},],
canvasWidth:100,
canvasHeight:100,
data:[{x:78,y:0,l:99,w:22},{x:58,y:0,l:84,w:20},{x:0,y:0,l:69,w:23},{x:23,y:0,l:80,w:17},{x:40,y:0,l:76,w:17},{x:0,y:69,l:19,w:22},],
canvasWidth:100,
canvasHeight:100,
data:[{x:33,y:0,l:97,w:43},{x:0,y:0,l:98,w:33},{x:76,y:0,l:88,w:24},],
canvasWidth:100,
canvasHeight:100,
data:[{x:0,y:0,l:84,w:27},],
Best fit used bin number: 7
Found best solution: 7 0.062

   Statrt add columnAndCut col: 7 cons: 0 cut: 0	0.109

	1 Start Add column using column generation  col: 7 cons: 0 cut: 0	0.109
			Start solve  LP :0.125
			End solve LP obj: 7.0 t: 0
	1 End Add column using column generation : 7.0 col: 7 cons: 0 cut: 0	0.125
   End add columnAndCut : 7.0 colGencnt: 1 price: 0 col: 7 cons: 0 cut: 0	0.125

Node lb: 7.0 ub: 7 : 0.125

Final Found Solution: 7 genNode: 1 extendedNode: 0:0.125
Bin size: 10000
1 : 7654, : 7654
2 : 4565,2808,438, : 7811
3 : 2924,2814,667,405, : 6810
4 : 2754,1273, : 4027
5 : 2178,1680,1587,1360,1292,418, : 8515
6 : 4171,3234,2112, : 9517
7 : 2268, : 2268
----------------------- 1 ---------------------------
canvasWidth:100,
canvasHeight:100,
data:[{x:0,y:0,l:86,w:89},],
----------------------- 2 ---------------------------
canvasWidth:100,
canvasHeight:100,
data:[{x:0,y:0,l:83,w:55},{x:55,y:0,l:72,w:39},{x:94,y:0,l:73,w:6},],
----------------------- 3 ---------------------------
canvasWidth:100,
canvasHeight:100,
data:[{x:0,y:0,l:68,w:43},{x:43,y:0,l:67,w:42},{x:43,y:67,l:23,w:29},{x:95,y:0,l:81,w:5},],
----------------------- 4 ---------------------------
canvasWidth:100,
canvasHeight:100,
data:[{x:0,y:0,l:34,w:81},{x:81,y:0,l:67,w:19},],
----------------------- 5 ---------------------------
canvasWidth:100,
canvasHeight:100,
data:[{x:78,y:0,l:99,w:22},{x:58,y:0,l:84,w:20},{x:0,y:0,l:69,w:23},{x:23,y:0,l:80,w:17},{x:40,y:0,l:76,w:17},{x:0,y:69,l:19,w:22},],
----------------------- 6 ---------------------------
canvasWidth:100,
canvasHeight:100,
data:[{x:33,y:0,l:97,w:43},{x:0,y:0,l:98,w:33},{x:76,y:0,l:88,w:24},],
----------------------- 7 ---------------------------
canvasWidth:100,
canvasHeight:100,
data:[{x:0,y:0,l:84,w:27},],
