====================================== Class_03.2bp-41 =====================================
Reduced size: 100 usedBin: 0
[1, 59, 68, 71]
[3, 35, 81, 88, 93, 98]
[5, 27, 55]
[4, 42, 66, 78, 89]
[8, 41, 48, 76]
[9, 30, 69, 74]
[12, 54, 60, 63, 72, 84, 95]
[10, 40, 49, 79, 83]
[13, 29, 33, 99]
[11, 22, 52, 85]
[7, 32, 67, 77]
[17, 25, 28, 82]
[21, 24, 47, 65, 86, 96]
[6, 31, 53]
[15, 46, 50, 57, 58]
[18, 20, 61, 62, 92]
[16, 37, 43, 45]
[19, 34, 51, 70, 75, 87]
[0, 56, 73, 90, 97]
[2, 39, 64]
[23, 26, 38, 91, 94]
[14, 36, 44, 80]
canvasWidth:40,
canvasHeight:40,
data:[{x:0,y:0,l:35,w:31},{x:31,y:0,l:21,w:9},{x:0,y:35,l:5,w:29},{x:31,y:21,l:18,w:9},],
canvasWidth:40,
canvasHeight:40,
data:[{x:0,y:0,l:27,w:35},{x:0,y:27,l:11,w:31},{x:35,y:0,l:27,w:3},{x:31,y:27,l:11,w:4},{x:35,y:27,l:4,w:5},{x:35,y:31,l:2,w:3},],
canvasWidth:40,
canvasHeight:40,
data:[{x:0,y:0,l:27,w:34},{x:0,y:27,l:13,w:34},{x:34,y:0,l:34,w:6},],
canvasWidth:40,
canvasHeight:40,
data:[{x:0,y:0,l:27,w:34},{x:0,y:27,l:9,w:33},{x:0,y:36,l:4,w:9},{x:34,y:0,l:28,w:6},{x:9,y:37,l:3,w:31},],
canvasWidth:40,
canvasHeight:40,
data:[{x:0,y:0,l:30,w:29},{x:0,y:30,l:10,w:26},{x:29,y:0,l:30,w:10},{x:26,y:30,l:10,w:13},],
canvasWidth:40,
canvasHeight:40,
data:[{x:0,y:0,l:33,w:25},{x:0,y:33,l:7,w:19},{x:25,y:0,l:25,w:15},{x:19,y:33,l:7,w:21},],
canvasWidth:40,
canvasHeight:40,
data:[{x:0,y:0,l:34,w:21},{x:21,y:0,l:1,w:15},{x:21,y:1,l:8,w:18},{x:21,y:9,l:21,w:9},{x:0,y:34,l:6,w:30},{x:30,y:9,l:24,w:9},{x:30,y:33,l:6,w:10},],
canvasWidth:40,
canvasHeight:40,
data:[{x:0,y:0,l:24,w:34},{x:16,y:24,l:15,w:21},{x:0,y:24,l:16,w:16},{x:37,y:0,l:31,w:3},{x:34,y:0,l:23,w:3},],
canvasWidth:40,
canvasHeight:40,
data:[{x:0,y:0,l:26,w:26},{x:26,y:0,l:30,w:13},{x:0,y:26,l:14,w:25},{x:25,y:26,l:6,w:1},],
canvasWidth:40,
canvasHeight:40,
data:[{x:0,y:0,l:24,w:33},{x:0,y:24,l:16,w:33},{x:33,y:0,l:33,w:7},{x:33,y:33,l:7,w:7},],
canvasWidth:40,
canvasHeight:40,
data:[{x:0,y:0,l:25,w:35},{x:0,y:25,l:15,w:24},{x:24,y:25,l:15,w:11},{x:35,y:0,l:35,w:3},],
canvasWidth:40,
canvasHeight:40,
data:[{x:0,y:0,l:23,w:21},{x:21,y:0,l:22,w:19},{x:0,y:23,l:17,w:35},{x:35,y:22,l:15,w:5},],
canvasWidth:40,
canvasHeight:40,
data:[{x:21,y:0,l:30,w:17},{x:0,y:26,l:14,w:20},{x:20,y:30,l:10,w:17},{x:38,y:0,l:24,w:2},{x:0,y:0,l:26,w:21},{x:38,y:24,l:6,w:2},],
canvasWidth:40,
canvasHeight:40,
data:[{x:27,y:0,l:31,w:12},{x:0,y:33,l:7,w:32},{x:0,y:0,l:33,w:27},],
canvasWidth:40,
canvasHeight:40,
data:[{x:0,y:0,l:24,w:27},{x:27,y:0,l:24,w:12},{x:0,y:24,l:9,w:27},{x:0,y:33,l:7,w:28},{x:28,y:24,l:16,w:12},],
canvasWidth:40,
canvasHeight:40,
data:[{x:0,y:23,l:17,w:34},{x:0,y:0,l:23,w:24},{x:24,y:0,l:23,w:8},{x:32,y:0,l:23,w:8},{x:34,y:23,l:5,w:4},],
canvasWidth:40,
canvasHeight:40,
data:[{x:0,y:0,l:27,w:23},{x:0,y:27,l:13,w:26},{x:26,y:19,l:21,w:14},{x:23,y:0,l:18,w:16},],
canvasWidth:40,
canvasHeight:40,
data:[{x:0,y:0,l:27,w:21},{x:21,y:0,l:19,w:18},{x:0,y:31,l:9,w:26},{x:21,y:19,l:11,w:4},{x:26,y:19,l:21,w:7},{x:33,y:21,l:19,w:7},],
canvasWidth:40,
canvasHeight:40,
data:[{x:0,y:34,l:6,w:33},{x:35,y:0,l:27,w:5},{x:35,y:27,l:7,w:5},{x:0,y:0,l:34,w:35},{x:33,y:34,l:5,w:2},],
canvasWidth:40,
canvasHeight:40,
data:[{x:33,y:0,l:25,w:7},{x:0,y:30,l:9,w:35},{x:0,y:0,l:30,w:33},],
canvasWidth:40,
canvasHeight:40,
data:[{x:0,y:0,l:20,w:26},{x:0,y:20,l:17,w:27},{x:27,y:0,l:28,w:12},{x:0,y:37,l:1,w:28},{x:28,y:28,l:3,w:6},],
canvasWidth:40,
canvasHeight:40,
data:[{x:0,y:0,l:35,w:19},{x:19,y:0,l:31,w:11},{x:30,y:0,l:29,w:10},{x:0,y:35,l:5,w:18},],
Best fit used bin number: 22
Found best solution: 22 0.063

   Statrt add columnAndCut col: 22 cons: 0 cut: 0	0.141

	1 Start Add column using column generation  col: 22 cons: 0 cut: 0	0.141
			Start solve  LP :0.141
			End solve LP obj: 22.0 t: 0
	1 End Add column using column generation : 22.0 col: 22 cons: 0 cut: 0	0.141
   End add columnAndCut : 22.0 colGencnt: 1 price: 0 col: 22 cons: 0 cut: 0	0.141

Node lb: 22.0 ub: 22 : 0.141

Final Found Solution: 22 genNode: 1 extendedNode: 0:0.141
Bin size: 1600
1 : 1085,189,162,145, : 1581
2 : 945,341,81,44,20,6, : 1437
3 : 918,442,204, : 1564
4 : 918,297,168,93,36, : 1512
5 : 870,300,260,130, : 1560
6 : 825,375,147,133, : 1480
7 : 714,216,189,180,144,60,15, : 1518
8 : 816,315,256,93,69, : 1549
9 : 676,390,350,6, : 1422
10 : 792,528,231,49, : 1600
11 : 875,360,165,105, : 1505
12 : 595,483,418,75, : 1571
13 : 546,510,280,170,48,12, : 1566
14 : 891,372,224, : 1487
15 : 648,288,243,196,192, : 1567
16 : 578,552,184,184,20, : 1518
17 : 621,338,294,288, : 1541
18 : 567,342,234,147,133,44, : 1467
19 : 1190,198,135,35,10, : 1568
20 : 990,315,175, : 1480
21 : 520,459,336,28,18, : 1361
22 : 665,341,290,90, : 1386
----------------------- 1 ---------------------------
canvasWidth:40,
canvasHeight:40,
data:[{x:0,y:0,l:35,w:31},{x:31,y:0,l:21,w:9},{x:0,y:35,l:5,w:29},{x:31,y:21,l:18,w:9},],
----------------------- 2 ---------------------------
canvasWidth:40,
canvasHeight:40,
data:[{x:0,y:0,l:27,w:35},{x:0,y:27,l:11,w:31},{x:35,y:0,l:27,w:3},{x:31,y:27,l:11,w:4},{x:35,y:27,l:4,w:5},{x:35,y:31,l:2,w:3},],
----------------------- 3 ---------------------------
canvasWidth:40,
canvasHeight:40,
data:[{x:0,y:0,l:27,w:34},{x:0,y:27,l:13,w:34},{x:34,y:0,l:34,w:6},],
----------------------- 4 ---------------------------
canvasWidth:40,
canvasHeight:40,
data:[{x:0,y:0,l:27,w:34},{x:0,y:27,l:9,w:33},{x:0,y:36,l:4,w:9},{x:34,y:0,l:28,w:6},{x:9,y:37,l:3,w:31},],
----------------------- 5 ---------------------------
canvasWidth:40,
canvasHeight:40,
data:[{x:0,y:0,l:30,w:29},{x:0,y:30,l:10,w:26},{x:29,y:0,l:30,w:10},{x:26,y:30,l:10,w:13},],
----------------------- 6 ---------------------------
canvasWidth:40,
canvasHeight:40,
data:[{x:0,y:0,l:33,w:25},{x:0,y:33,l:7,w:19},{x:25,y:0,l:25,w:15},{x:19,y:33,l:7,w:21},],
----------------------- 7 ---------------------------
canvasWidth:40,
canvasHeight:40,
data:[{x:0,y:0,l:34,w:21},{x:21,y:0,l:1,w:15},{x:21,y:1,l:8,w:18},{x:21,y:9,l:21,w:9},{x:0,y:34,l:6,w:30},{x:30,y:9,l:24,w:9},{x:30,y:33,l:6,w:10},],
----------------------- 8 ---------------------------
canvasWidth:40,
canvasHeight:40,
data:[{x:0,y:0,l:24,w:34},{x:16,y:24,l:15,w:21},{x:0,y:24,l:16,w:16},{x:37,y:0,l:31,w:3},{x:34,y:0,l:23,w:3},],
----------------------- 9 ---------------------------
canvasWidth:40,
canvasHeight:40,
data:[{x:0,y:0,l:26,w:26},{x:26,y:0,l:30,w:13},{x:0,y:26,l:14,w:25},{x:25,y:26,l:6,w:1},],
----------------------- 10 ---------------------------
canvasWidth:40,
canvasHeight:40,
data:[{x:0,y:0,l:24,w:33},{x:0,y:24,l:16,w:33},{x:33,y:0,l:33,w:7},{x:33,y:33,l:7,w:7},],
----------------------- 11 ---------------------------
canvasWidth:40,
canvasHeight:40,
data:[{x:0,y:0,l:25,w:35},{x:0,y:25,l:15,w:24},{x:24,y:25,l:15,w:11},{x:35,y:0,l:35,w:3},],
----------------------- 12 ---------------------------
canvasWidth:40,
canvasHeight:40,
data:[{x:0,y:0,l:23,w:21},{x:21,y:0,l:22,w:19},{x:0,y:23,l:17,w:35},{x:35,y:22,l:15,w:5},],
----------------------- 13 ---------------------------
canvasWidth:40,
canvasHeight:40,
data:[{x:21,y:0,l:30,w:17},{x:0,y:26,l:14,w:20},{x:20,y:30,l:10,w:17},{x:38,y:0,l:24,w:2},{x:0,y:0,l:26,w:21},{x:38,y:24,l:6,w:2},],
----------------------- 14 ---------------------------
canvasWidth:40,
canvasHeight:40,
data:[{x:27,y:0,l:31,w:12},{x:0,y:33,l:7,w:32},{x:0,y:0,l:33,w:27},],
----------------------- 15 ---------------------------
canvasWidth:40,
canvasHeight:40,
data:[{x:0,y:0,l:24,w:27},{x:27,y:0,l:24,w:12},{x:0,y:24,l:9,w:27},{x:0,y:33,l:7,w:28},{x:28,y:24,l:16,w:12},],
----------------------- 16 ---------------------------
canvasWidth:40,
canvasHeight:40,
data:[{x:0,y:23,l:17,w:34},{x:0,y:0,l:23,w:24},{x:24,y:0,l:23,w:8},{x:32,y:0,l:23,w:8},{x:34,y:23,l:5,w:4},],
----------------------- 17 ---------------------------
canvasWidth:40,
canvasHeight:40,
data:[{x:0,y:0,l:27,w:23},{x:0,y:27,l:13,w:26},{x:26,y:19,l:21,w:14},{x:23,y:0,l:18,w:16},],
----------------------- 18 ---------------------------
canvasWidth:40,
canvasHeight:40,
data:[{x:0,y:0,l:27,w:21},{x:21,y:0,l:19,w:18},{x:0,y:31,l:9,w:26},{x:21,y:19,l:11,w:4},{x:26,y:19,l:21,w:7},{x:33,y:21,l:19,w:7},],
----------------------- 19 ---------------------------
canvasWidth:40,
canvasHeight:40,
data:[{x:0,y:34,l:6,w:33},{x:35,y:0,l:27,w:5},{x:35,y:27,l:7,w:5},{x:0,y:0,l:34,w:35},{x:33,y:34,l:5,w:2},],
----------------------- 20 ---------------------------
canvasWidth:40,
canvasHeight:40,
data:[{x:33,y:0,l:25,w:7},{x:0,y:30,l:9,w:35},{x:0,y:0,l:30,w:33},],
----------------------- 21 ---------------------------
canvasWidth:40,
canvasHeight:40,
data:[{x:0,y:0,l:20,w:26},{x:0,y:20,l:17,w:27},{x:27,y:0,l:28,w:12},{x:0,y:37,l:1,w:28},{x:28,y:28,l:3,w:6},],
----------------------- 22 ---------------------------
canvasWidth:40,
canvasHeight:40,
data:[{x:0,y:0,l:35,w:19},{x:19,y:0,l:31,w:11},{x:30,y:0,l:29,w:10},{x:0,y:35,l:5,w:18},],
