====================================== Class_05.2bp-22 =====================================
Reduced size: 60 usedBin: 0
[0, 41, 54]
[1, 33, 47]
[2, 20]
[3, 24, 52, 55]
[4, 34, 45]
[5, 21, 51, 56]
[6, 37, 46, 49, 53, 57]
[7]
[9, 59]
[12, 25]
[13, 23, 39, 48]
[16, 27, 28]
[18, 29, 43]
[14, 19, 38]
[8, 32]
[10, 22, 42]
[11, 15, 58]
[17, 30, 31]
[26, 35, 36, 40, 44, 50]
canvasWidth:100,
canvasHeight:100,
data:[{x:0,y:0,l:94,w:78},{x:84,y:0,l:83,w:16},{x:78,y:0,l:43,w:6},],
canvasWidth:100,
canvasHeight:100,
data:[{x:0,y:0,l:73,w:89},{x:0,y:73,l:27,w:74},{x:89,y:0,l:58,w:11},],
canvasWidth:100,
canvasHeight:100,
data:[{x:0,y:0,l:92,w:66},{x:66,y:0,l:99,w:33},],
canvasWidth:100,
canvasHeight:100,
data:[{x:0,y:0,l:91,w:66},{x:66,y:0,l:87,w:29},{x:66,y:87,l:12,w:24},{x:95,y:0,l:61,w:4},],
canvasWidth:100,
canvasHeight:100,
data:[{x:0,y:0,l:76,w:79},{x:0,y:80,l:20,w:97},{x:79,y:0,l:54,w:18},],
canvasWidth:100,
canvasHeight:100,
data:[{x:0,y:0,l:64,w:85},{x:0,y:64,l:32,w:97},{x:85,y:0,l:41,w:8},{x:93,y:0,l:39,w:4},],
canvasWidth:100,
canvasHeight:100,
data:[{x:0,y:0,l:70,w:75},{x:75,y:0,l:73,w:25},{x:0,y:70,l:25,w:36},{x:36,y:70,l:10,w:39},{x:36,y:80,l:20,w:14},{x:75,y:73,l:4,w:25},],
canvasWidth:100,
canvasHeight:100,
data:[{x:0,y:0,l:68,w:73},],
canvasWidth:100,
canvasHeight:100,
data:[{x:0,y:0,l:70,w:68},{x:68,y:0,l:14,w:2},],
canvasWidth:100,
canvasHeight:100,
data:[{x:0,y:0,l:59,w:78},{x:0,y:59,l:39,w:62},],
canvasWidth:100,
canvasHeight:100,
data:[{x:0,y:0,l:55,w:81},{x:0,y:55,l:44,w:60},{x:60,y:56,l:44,w:34},{x:81,y:0,l:45,w:13},],
canvasWidth:100,
canvasHeight:100,
data:[{x:0,y:0,l:59,w:65},{x:0,y:59,l:41,w:55},{x:65,y:0,l:63,w:35},],
canvasWidth:100,
canvasHeight:100,
data:[{x:0,y:0,l:51,w:70},{x:0,y:51,l:36,w:61},{x:70,y:0,l:35,w:30},],
canvasWidth:100,
canvasHeight:100,
data:[{x:55,y:0,l:97,w:43},{x:0,y:0,l:61,w:55},{x:0,y:61,l:39,w:43},],
canvasWidth:100,
canvasHeight:100,
data:[{x:0,y:0,l:55,w:90},{x:0,y:55,l:42,w:48},],
canvasWidth:100,
canvasHeight:100,
data:[{x:0,y:0,l:99,w:48},{x:48,y:0,l:79,w:37},{x:85,y:0,l:89,w:13},],
canvasWidth:100,
canvasHeight:100,
data:[{x:0,y:0,l:50,w:93},{x:0,y:50,l:47,w:84},{x:0,y:97,l:1,w:92},],
canvasWidth:100,
canvasHeight:100,
data:[{x:0,y:0,l:40,w:94},{x:0,y:40,l:57,w:37},{x:37,y:40,l:60,w:35},],
canvasWidth:100,
canvasHeight:100,
data:[{x:0,y:0,l:34,w:68},{x:0,y:34,l:53,w:36},{x:36,y:34,l:52,w:36},{x:0,y:87,l:13,w:77},{x:92,y:48,l:48,w:8},{x:72,y:0,l:48,w:28},],
Best fit used bin number: 19
Found best solution: 19 0.063

   Statrt add columnAndCut col: 19 cons: 0 cut: 0	0.125

	1 Start Add column using column generation  col: 19 cons: 0 cut: 0	0.125
			Start solve  LP :0.125
			End solve LP obj: 19.0 t: 0
	1 End Add column using column generation : 19.0 col: 19 cons: 0 cut: 0	0.141
   End add columnAndCut : 19.0 colGencnt: 1 price: 0 col: 19 cons: 0 cut: 0	0.141

Node lb: 19.0 ub: 19 : 0.141

Final Found Solution: 19 genNode: 1 extendedNode: 0:0.141
Bin size: 10000
1 : 7332,1328,258, : 8918
2 : 6497,1998,638, : 9133
3 : 6072,3267, : 9339
4 : 6006,2523,288,244, : 9061
5 : 6004,1940,972, : 8916
6 : 5440,3104,328,156, : 9028
7 : 5250,1825,900,390,280,100, : 8745
8 : 4964, : 4964
9 : 4760,28, : 4788
10 : 4602,2418, : 7020
11 : 4455,2640,1496,585, : 9176
12 : 3835,2255,2205, : 8295
13 : 3570,2196,1050, : 6816
14 : 4171,3355,1677, : 9203
15 : 4950,2016, : 6966
16 : 4752,2923,1157, : 8832
17 : 4650,3948,92, : 8690
18 : 3760,2109,2100, : 7969
19 : 2312,1908,1872,1344,1001,384, : 8821
----------------------- 1 ---------------------------
canvasWidth:100,
canvasHeight:100,
data:[{x:0,y:0,l:94,w:78},{x:84,y:0,l:83,w:16},{x:78,y:0,l:43,w:6},],
----------------------- 2 ---------------------------
canvasWidth:100,
canvasHeight:100,
data:[{x:0,y:0,l:73,w:89},{x:0,y:73,l:27,w:74},{x:89,y:0,l:58,w:11},],
----------------------- 3 ---------------------------
canvasWidth:100,
canvasHeight:100,
data:[{x:0,y:0,l:92,w:66},{x:66,y:0,l:99,w:33},],
----------------------- 4 ---------------------------
canvasWidth:100,
canvasHeight:100,
data:[{x:0,y:0,l:91,w:66},{x:66,y:0,l:87,w:29},{x:66,y:87,l:12,w:24},{x:95,y:0,l:61,w:4},],
----------------------- 5 ---------------------------
canvasWidth:100,
canvasHeight:100,
data:[{x:0,y:0,l:76,w:79},{x:0,y:80,l:20,w:97},{x:79,y:0,l:54,w:18},],
----------------------- 6 ---------------------------
canvasWidth:100,
canvasHeight:100,
data:[{x:0,y:0,l:64,w:85},{x:0,y:64,l:32,w:97},{x:85,y:0,l:41,w:8},{x:93,y:0,l:39,w:4},],
----------------------- 7 ---------------------------
canvasWidth:100,
canvasHeight:100,
data:[{x:0,y:0,l:70,w:75},{x:75,y:0,l:73,w:25},{x:0,y:70,l:25,w:36},{x:36,y:70,l:10,w:39},{x:36,y:80,l:20,w:14},{x:75,y:73,l:4,w:25},],
----------------------- 8 ---------------------------
canvasWidth:100,
canvasHeight:100,
data:[{x:0,y:0,l:68,w:73},],
----------------------- 9 ---------------------------
canvasWidth:100,
canvasHeight:100,
data:[{x:0,y:0,l:70,w:68},{x:68,y:0,l:14,w:2},],
----------------------- 10 ---------------------------
canvasWidth:100,
canvasHeight:100,
data:[{x:0,y:0,l:59,w:78},{x:0,y:59,l:39,w:62},],
----------------------- 11 ---------------------------
canvasWidth:100,
canvasHeight:100,
data:[{x:0,y:0,l:55,w:81},{x:0,y:55,l:44,w:60},{x:60,y:56,l:44,w:34},{x:81,y:0,l:45,w:13},],
----------------------- 12 ---------------------------
canvasWidth:100,
canvasHeight:100,
data:[{x:0,y:0,l:59,w:65},{x:0,y:59,l:41,w:55},{x:65,y:0,l:63,w:35},],
----------------------- 13 ---------------------------
canvasWidth:100,
canvasHeight:100,
data:[{x:0,y:0,l:51,w:70},{x:0,y:51,l:36,w:61},{x:70,y:0,l:35,w:30},],
----------------------- 14 ---------------------------
canvasWidth:100,
canvasHeight:100,
data:[{x:55,y:0,l:97,w:43},{x:0,y:0,l:61,w:55},{x:0,y:61,l:39,w:43},],
----------------------- 15 ---------------------------
canvasWidth:100,
canvasHeight:100,
data:[{x:0,y:0,l:55,w:90},{x:0,y:55,l:42,w:48},],
----------------------- 16 ---------------------------
canvasWidth:100,
canvasHeight:100,
data:[{x:0,y:0,l:99,w:48},{x:48,y:0,l:79,w:37},{x:85,y:0,l:89,w:13},],
----------------------- 17 ---------------------------
canvasWidth:100,
canvasHeight:100,
data:[{x:0,y:0,l:50,w:93},{x:0,y:50,l:47,w:84},{x:0,y:97,l:1,w:92},],
----------------------- 18 ---------------------------
canvasWidth:100,
canvasHeight:100,
data:[{x:0,y:0,l:40,w:94},{x:0,y:40,l:57,w:37},{x:37,y:40,l:60,w:35},],
----------------------- 19 ---------------------------
canvasWidth:100,
canvasHeight:100,
data:[{x:0,y:0,l:34,w:68},{x:0,y:34,l:53,w:36},{x:36,y:34,l:52,w:36},{x:0,y:87,l:13,w:77},{x:92,y:48,l:48,w:8},{x:72,y:0,l:48,w:28},],
