====================================== Class_03.2bp-27 =====================================
Reduced size: 60 usedBin: 0
[0, 41, 58]
[1, 37, 40, 47, 48, 56]
[2, 30, 42, 51]
[3, 19, 52, 57]
[4, 34, 59]
[5, 18, 38, 50, 53]
[6, 24, 39]
[7, 27, 31]
[8, 23, 28, 43]
[9, 21, 29, 35, 49]
[12, 16, 33, 36]
[13, 17, 25, 44, 54, 55]
[10, 11, 32, 46]
[14, 22]
[15, 20, 26, 45]
canvasWidth:40,
canvasHeight:40,
data:[{x:0,y:0,l:34,w:28},{x:28,y:0,l:21,w:8},{x:28,y:21,l:1,w:12},],
canvasWidth:40,
canvasHeight:40,
data:[{x:0,y:0,l:35,w:27},{x:33,y:13,l:27,w:7},{x:27,y:0,l:13,w:13},{x:27,y:13,l:14,w:6},{x:0,y:35,l:3,w:27},{x:0,y:38,l:2,w:9},],
canvasWidth:40,
canvasHeight:40,
data:[{x:0,y:0,l:35,w:27},{x:27,y:0,l:25,w:11},{x:0,y:35,l:5,w:31},{x:38,y:0,l:24,w:2},],
canvasWidth:40,
canvasHeight:40,
data:[{x:0,y:0,l:26,w:35},{x:0,y:26,l:14,w:33},{x:35,y:0,l:24,w:2},{x:33,y:26,l:14,w:1},],
canvasWidth:40,
canvasHeight:40,
data:[{x:0,y:0,l:31,w:28},{x:0,y:31,l:9,w:24},{x:28,y:0,l:1,w:8},],
canvasWidth:40,
canvasHeight:40,
data:[{x:0,y:0,l:25,w:32},{x:32,y:0,l:23,w:8},{x:0,y:25,l:14,w:34},{x:37,y:23,l:17,w:3},{x:0,y:39,l:1,w:35},],
canvasWidth:40,
canvasHeight:40,
data:[{x:0,y:0,l:33,w:24},{x:24,y:0,l:23,w:16},{x:0,y:33,l:7,w:25},],
canvasWidth:40,
canvasHeight:40,
data:[{x:0,y:0,l:26,w:27},{x:0,y:26,l:12,w:27},{x:27,y:0,l:25,w:10},],
canvasWidth:40,
canvasHeight:40,
data:[{x:0,y:0,l:22,w:30},{x:0,y:22,l:18,w:21},{x:30,y:0,l:31,w:10},{x:21,y:22,l:18,w:7},],
canvasWidth:40,
canvasHeight:40,
data:[{x:0,y:0,l:24,w:26},{x:29,y:35,l:5,w:11},{x:0,y:24,l:16,w:24},{x:26,y:0,l:20,w:14},{x:26,y:20,l:15,w:14},],
canvasWidth:40,
canvasHeight:40,
data:[{x:0,y:0,l:24,w:23},{x:23,y:0,l:29,w:17},{x:0,y:24,l:10,w:23},{x:0,y:34,l:6,w:34},],
canvasWidth:40,
canvasHeight:40,
data:[{x:22,y:0,l:29,w:18},{x:0,y:0,l:22,w:22},{x:7,y:30,l:10,w:33},{x:0,y:22,l:4,w:22},{x:11,y:26,l:3,w:11},{x:11,y:29,l:1,w:29},],
canvasWidth:40,
canvasHeight:40,
data:[{x:0,y:0,l:20,w:31},{x:0,y:20,l:18,w:31},{x:31,y:0,l:26,w:9},{x:31,y:26,l:12,w:7},],
canvasWidth:40,
canvasHeight:40,
data:[{x:0,y:0,l:20,w:26},{x:0,y:20,l:20,w:19},],
canvasWidth:40,
canvasHeight:40,
data:[{x:0,y:0,l:23,w:19},{x:25,y:4,l:33,w:15},{x:0,y:23,l:13,w:25},{x:19,y:0,l:4,w:21},],
Best fit used bin number: 15
Found best solution: 15 0.063

   Statrt add columnAndCut col: 15 cons: 0 cut: 0	0.157

	1 Start Add column using column generation  col: 15 cons: 0 cut: 0	0.157
			Start solve  LP :0.157
			End solve LP obj: 15.0 t: 0
	1 End Add column using column generation : 15.0 col: 15 cons: 0 cut: 0	0.157
   End add columnAndCut : 15.0 colGencnt: 1 price: 0 col: 15 cons: 0 cut: 0	0.157

Node lb: 15.0 ub: 15 : 0.157

Final Found Solution: 15 genNode: 1 extendedNode: 0:0.157
Bin size: 1600
1 : 952,168,12, : 1132
2 : 945,189,169,84,81,18, : 1486
3 : 945,275,155,48, : 1423
4 : 910,462,48,14, : 1434
5 : 868,216,8, : 1092
6 : 800,476,184,51,35, : 1546
7 : 792,368,175, : 1335
8 : 702,324,250, : 1276
9 : 660,378,310,126, : 1474
10 : 624,384,280,210,55, : 1553
11 : 552,493,230,204, : 1479
12 : 522,484,330,88,33,29, : 1486
13 : 620,558,234,84, : 1496
14 : 520,380, : 900
15 : 495,437,325,84, : 1341
----------------------- 1 ---------------------------
canvasWidth:40,
canvasHeight:40,
data:[{x:0,y:0,l:34,w:28},{x:28,y:0,l:21,w:8},{x:28,y:21,l:1,w:12},],
----------------------- 2 ---------------------------
canvasWidth:40,
canvasHeight:40,
data:[{x:0,y:0,l:35,w:27},{x:33,y:13,l:27,w:7},{x:27,y:0,l:13,w:13},{x:27,y:13,l:14,w:6},{x:0,y:35,l:3,w:27},{x:0,y:38,l:2,w:9},],
----------------------- 3 ---------------------------
canvasWidth:40,
canvasHeight:40,
data:[{x:0,y:0,l:35,w:27},{x:27,y:0,l:25,w:11},{x:0,y:35,l:5,w:31},{x:38,y:0,l:24,w:2},],
----------------------- 4 ---------------------------
canvasWidth:40,
canvasHeight:40,
data:[{x:0,y:0,l:26,w:35},{x:0,y:26,l:14,w:33},{x:35,y:0,l:24,w:2},{x:33,y:26,l:14,w:1},],
----------------------- 5 ---------------------------
canvasWidth:40,
canvasHeight:40,
data:[{x:0,y:0,l:31,w:28},{x:0,y:31,l:9,w:24},{x:28,y:0,l:1,w:8},],
----------------------- 6 ---------------------------
canvasWidth:40,
canvasHeight:40,
data:[{x:0,y:0,l:25,w:32},{x:32,y:0,l:23,w:8},{x:0,y:25,l:14,w:34},{x:37,y:23,l:17,w:3},{x:0,y:39,l:1,w:35},],
----------------------- 7 ---------------------------
canvasWidth:40,
canvasHeight:40,
data:[{x:0,y:0,l:33,w:24},{x:24,y:0,l:23,w:16},{x:0,y:33,l:7,w:25},],
----------------------- 8 ---------------------------
canvasWidth:40,
canvasHeight:40,
data:[{x:0,y:0,l:26,w:27},{x:0,y:26,l:12,w:27},{x:27,y:0,l:25,w:10},],
----------------------- 9 ---------------------------
canvasWidth:40,
canvasHeight:40,
data:[{x:0,y:0,l:22,w:30},{x:0,y:22,l:18,w:21},{x:30,y:0,l:31,w:10},{x:21,y:22,l:18,w:7},],
----------------------- 10 ---------------------------
canvasWidth:40,
canvasHeight:40,
data:[{x:0,y:0,l:24,w:26},{x:29,y:35,l:5,w:11},{x:0,y:24,l:16,w:24},{x:26,y:0,l:20,w:14},{x:26,y:20,l:15,w:14},],
----------------------- 11 ---------------------------
canvasWidth:40,
canvasHeight:40,
data:[{x:0,y:0,l:24,w:23},{x:23,y:0,l:29,w:17},{x:0,y:24,l:10,w:23},{x:0,y:34,l:6,w:34},],
----------------------- 12 ---------------------------
canvasWidth:40,
canvasHeight:40,
data:[{x:22,y:0,l:29,w:18},{x:0,y:0,l:22,w:22},{x:7,y:30,l:10,w:33},{x:0,y:22,l:4,w:22},{x:11,y:26,l:3,w:11},{x:11,y:29,l:1,w:29},],
----------------------- 13 ---------------------------
canvasWidth:40,
canvasHeight:40,
data:[{x:0,y:0,l:20,w:31},{x:0,y:20,l:18,w:31},{x:31,y:0,l:26,w:9},{x:31,y:26,l:12,w:7},],
----------------------- 14 ---------------------------
canvasWidth:40,
canvasHeight:40,
data:[{x:0,y:0,l:20,w:26},{x:0,y:20,l:20,w:19},],
----------------------- 15 ---------------------------
canvasWidth:40,
canvasHeight:40,
data:[{x:0,y:0,l:23,w:19},{x:25,y:4,l:33,w:15},{x:0,y:23,l:13,w:25},{x:19,y:0,l:4,w:21},],
