====================================== Class_03.2bp-39 =====================================
Reduced size: 80 usedBin: 0
[0, 58, 61, 73]
[2, 33, 47, 74, 75]
[3, 30, 59]
[4, 31, 46, 60, 71]
[1, 41, 45]
[6, 42, 44, 48, 56, 64]
[7, 26, 37, 77]
[9, 24, 36]
[5, 32, 43, 52, 63, 76]
[11, 35, 39, 49, 57, 72]
[14, 18, 29]
[12, 25, 28, 53]
[8, 19, 62, 66, 68, 78]
[10, 21, 65, 79]
[13, 17, 50, 70]
[15, 16, 51, 54]
[20, 22, 34, 55]
[23, 27, 38, 40, 67, 69]
canvasWidth:40,
canvasHeight:40,
data:[{x:0,y:0,l:33,w:34},{x:0,y:33,l:3,w:32},{x:0,y:36,l:4,w:22},{x:32,y:33,l:3,w:8},],
canvasWidth:40,
canvasHeight:40,
data:[{x:0,y:0,l:30,w:35},{x:0,y:30,l:10,w:32},{x:35,y:0,l:28,w:5},{x:38,y:28,l:12,w:2},{x:32,y:30,l:10,w:2},],
canvasWidth:40,
canvasHeight:40,
data:[{x:0,y:0,l:29,w:33},{x:0,y:29,l:11,w:31},{x:33,y:0,l:30,w:3},],
canvasWidth:40,
canvasHeight:40,
data:[{x:0,y:0,l:33,w:28},{x:28,y:0,l:31,w:11},{x:0,y:33,l:7,w:22},{x:28,y:31,l:8,w:11},{x:39,y:0,l:25,w:1},],
canvasWidth:40,
canvasHeight:40,
data:[{x:0,y:0,l:35,w:32},{x:32,y:0,l:30,w:8},{x:0,y:35,l:5,w:34},],
canvasWidth:40,
canvasHeight:40,
data:[{x:0,y:0,l:30,w:28},{x:0,y:30,l:10,w:18},{x:18,y:30,l:10,w:17},{x:28,y:0,l:11,w:12},{x:28,y:11,l:12,w:9},{x:28,y:23,l:5,w:11},],
canvasWidth:40,
canvasHeight:40,
data:[{x:0,y:0,l:32,w:26},{x:26,y:0,l:30,w:14},{x:0,y:32,l:8,w:33},{x:33,y:30,l:10,w:2},],
canvasWidth:40,
canvasHeight:40,
data:[{x:0,y:0,l:23,w:31},{x:0,y:23,l:16,w:28},{x:31,y:0,l:30,w:9},],
canvasWidth:40,
canvasHeight:40,
data:[{x:0,y:0,l:29,w:30},{x:0,y:33,l:6,w:29},{x:30,y:0,l:34,w:10},{x:0,y:29,l:4,w:30},{x:30,y:34,l:6,w:10},{x:0,y:39,l:1,w:20},],
canvasWidth:40,
canvasHeight:40,
data:[{x:0,y:0,l:25,w:25},{x:25,y:0,l:20,w:14},{x:0,y:25,l:8,w:32},{x:0,y:33,l:7,w:18},{x:39,y:0,l:24,w:1},{x:18,y:33,l:5,w:21},],
canvasWidth:40,
canvasHeight:40,
data:[{x:23,y:0,l:33,w:17},{x:0,y:0,l:23,w:23},{x:0,y:23,l:15,w:23},],
canvasWidth:40,
canvasHeight:40,
data:[{x:21,y:0,l:32,w:19},{x:0,y:0,l:21,w:21},{x:0,y:21,l:18,w:21},{x:25,y:32,l:8,w:15},],
canvasWidth:40,
canvasHeight:40,
data:[{x:0,y:0,l:23,w:34},{x:0,y:23,l:16,w:33},{x:34,y:0,l:14,w:6},{x:34,y:14,l:8,w:6},{x:0,y:39,l:1,w:33},{x:33,y:23,l:17,w:1},],
canvasWidth:40,
canvasHeight:40,
data:[{x:0,y:0,l:24,w:27},{x:0,y:24,l:14,w:35},{x:0,y:38,l:2,w:27},{x:27,y:0,l:10,w:1},],
canvasWidth:40,
canvasHeight:40,
data:[{x:0,y:0,l:20,w:30},{x:0,y:20,l:19,w:28},{x:30,y:0,l:12,w:10},{x:28,y:20,l:15,w:2},],
canvasWidth:40,
canvasHeight:40,
data:[{x:0,y:0,l:28,w:20},{x:20,y:0,l:34,w:16},{x:0,y:28,l:6,w:20},{x:0,y:34,l:5,w:23},],
canvasWidth:40,
canvasHeight:40,
data:[{x:0,y:0,l:31,w:17},{x:17,y:0,l:20,w:23},{x:17,y:20,l:19,w:16},{x:3,y:31,l:8,w:14},],
canvasWidth:40,
canvasHeight:40,
data:[{x:0,y:0,l:27,w:17},{x:17,y:0,l:24,w:17},{x:0,y:27,l:13,w:20},{x:20,y:26,l:14,w:18},{x:34,y:0,l:16,w:3},{x:34,y:16,l:5,w:6},],
Best fit used bin number: 18
Found best solution: 18 0.062

   Statrt add columnAndCut col: 18 cons: 0 cut: 0	0.156

	1 Start Add column using column generation  col: 18 cons: 0 cut: 0	0.156
			Start solve  LP :0.156
			End solve LP obj: 18.0 t: 0
	1 End Add column using column generation : 18.0 col: 18 cons: 0 cut: 0	0.156
   End add columnAndCut : 18.0 colGencnt: 1 price: 0 col: 18 cons: 0 cut: 0	0.156

Node lb: 18.0 ub: 18 : 0.156

Final Found Solution: 18 genNode: 1 extendedNode: 0:0.156
Bin size: 1600
1 : 1122,96,88,24, : 1330
2 : 1050,320,140,24,20, : 1554
3 : 957,341,90, : 1388
4 : 924,341,154,88,25, : 1532
5 : 1120,240,170, : 1530
6 : 840,180,170,132,108,55, : 1485
7 : 832,420,264,20, : 1536
8 : 713,448,270, : 1431
9 : 870,340,174,120,60,20, : 1584
10 : 625,280,256,126,105,24, : 1416
11 : 561,529,345, : 1435
12 : 608,441,378,120, : 1547
13 : 782,528,84,48,33,17, : 1492
14 : 648,490,54,10, : 1202
15 : 600,532,120,30, : 1282
16 : 560,544,120,115, : 1339
17 : 527,460,304,112, : 1403
18 : 459,408,260,252,48,30, : 1457
----------------------- 1 ---------------------------
canvasWidth:40,
canvasHeight:40,
data:[{x:0,y:0,l:33,w:34},{x:0,y:33,l:3,w:32},{x:0,y:36,l:4,w:22},{x:32,y:33,l:3,w:8},],
----------------------- 2 ---------------------------
canvasWidth:40,
canvasHeight:40,
data:[{x:0,y:0,l:30,w:35},{x:0,y:30,l:10,w:32},{x:35,y:0,l:28,w:5},{x:38,y:28,l:12,w:2},{x:32,y:30,l:10,w:2},],
----------------------- 3 ---------------------------
canvasWidth:40,
canvasHeight:40,
data:[{x:0,y:0,l:29,w:33},{x:0,y:29,l:11,w:31},{x:33,y:0,l:30,w:3},],
----------------------- 4 ---------------------------
canvasWidth:40,
canvasHeight:40,
data:[{x:0,y:0,l:33,w:28},{x:28,y:0,l:31,w:11},{x:0,y:33,l:7,w:22},{x:28,y:31,l:8,w:11},{x:39,y:0,l:25,w:1},],
----------------------- 5 ---------------------------
canvasWidth:40,
canvasHeight:40,
data:[{x:0,y:0,l:35,w:32},{x:32,y:0,l:30,w:8},{x:0,y:35,l:5,w:34},],
----------------------- 6 ---------------------------
canvasWidth:40,
canvasHeight:40,
data:[{x:0,y:0,l:30,w:28},{x:0,y:30,l:10,w:18},{x:18,y:30,l:10,w:17},{x:28,y:0,l:11,w:12},{x:28,y:11,l:12,w:9},{x:28,y:23,l:5,w:11},],
----------------------- 7 ---------------------------
canvasWidth:40,
canvasHeight:40,
data:[{x:0,y:0,l:32,w:26},{x:26,y:0,l:30,w:14},{x:0,y:32,l:8,w:33},{x:33,y:30,l:10,w:2},],
----------------------- 8 ---------------------------
canvasWidth:40,
canvasHeight:40,
data:[{x:0,y:0,l:23,w:31},{x:0,y:23,l:16,w:28},{x:31,y:0,l:30,w:9},],
----------------------- 9 ---------------------------
canvasWidth:40,
canvasHeight:40,
data:[{x:0,y:0,l:29,w:30},{x:0,y:33,l:6,w:29},{x:30,y:0,l:34,w:10},{x:0,y:29,l:4,w:30},{x:30,y:34,l:6,w:10},{x:0,y:39,l:1,w:20},],
----------------------- 10 ---------------------------
canvasWidth:40,
canvasHeight:40,
data:[{x:0,y:0,l:25,w:25},{x:25,y:0,l:20,w:14},{x:0,y:25,l:8,w:32},{x:0,y:33,l:7,w:18},{x:39,y:0,l:24,w:1},{x:18,y:33,l:5,w:21},],
----------------------- 11 ---------------------------
canvasWidth:40,
canvasHeight:40,
data:[{x:23,y:0,l:33,w:17},{x:0,y:0,l:23,w:23},{x:0,y:23,l:15,w:23},],
----------------------- 12 ---------------------------
canvasWidth:40,
canvasHeight:40,
data:[{x:21,y:0,l:32,w:19},{x:0,y:0,l:21,w:21},{x:0,y:21,l:18,w:21},{x:25,y:32,l:8,w:15},],
----------------------- 13 ---------------------------
canvasWidth:40,
canvasHeight:40,
data:[{x:0,y:0,l:23,w:34},{x:0,y:23,l:16,w:33},{x:34,y:0,l:14,w:6},{x:34,y:14,l:8,w:6},{x:0,y:39,l:1,w:33},{x:33,y:23,l:17,w:1},],
----------------------- 14 ---------------------------
canvasWidth:40,
canvasHeight:40,
data:[{x:0,y:0,l:24,w:27},{x:0,y:24,l:14,w:35},{x:0,y:38,l:2,w:27},{x:27,y:0,l:10,w:1},],
----------------------- 15 ---------------------------
canvasWidth:40,
canvasHeight:40,
data:[{x:0,y:0,l:20,w:30},{x:0,y:20,l:19,w:28},{x:30,y:0,l:12,w:10},{x:28,y:20,l:15,w:2},],
----------------------- 16 ---------------------------
canvasWidth:40,
canvasHeight:40,
data:[{x:0,y:0,l:28,w:20},{x:20,y:0,l:34,w:16},{x:0,y:28,l:6,w:20},{x:0,y:34,l:5,w:23},],
----------------------- 17 ---------------------------
canvasWidth:40,
canvasHeight:40,
data:[{x:0,y:0,l:31,w:17},{x:17,y:0,l:20,w:23},{x:17,y:20,l:19,w:16},{x:3,y:31,l:8,w:14},],
----------------------- 18 ---------------------------
canvasWidth:40,
canvasHeight:40,
data:[{x:0,y:0,l:27,w:17},{x:17,y:0,l:24,w:17},{x:0,y:27,l:13,w:20},{x:20,y:26,l:14,w:18},{x:34,y:0,l:16,w:3},{x:34,y:16,l:5,w:6},],
