====================================== Class_03.2bp-49 =====================================
Reduced size: 100 usedBin: 0
E:\WSKH\2DBPP\NonGuillotine\initSolution\3_50.pack
[0, 67, 80]
[1, 73]
[2, 56, 77, 92, 95]
[3, 57, 58, 63]
[4, 51, 60, 84]
[6, 50, 69, 78, 91]
[5]
[7, 41, 64, 93, 98, 99]
[8, 40, 79]
[9, 39, 49, 82]
[10, 65, 68, 90, 96]
[12, 33, 74, 86, 89]
[13]
[14]
[15, 47, 71, 76]
[16, 45, 61, 83, 85, 87]
[17, 29, 75]
[18, 42, 46, 62]
[19, 53, 81]
[20, 43, 72]
[21, 30, 55, 70, 88]
[22, 31, 54, 94, 97]
[24, 59]
[25, 36]
[34, 35, 48]
[11, 38, 66]
[23, 27]
[26, 32, 52]
[28, 37, 44]
canvasWidth:40,
canvasHeight:40,
data:[{x:0,y:0,l:35,w:35},{x:0,y:35,l:2,w:35},{x:35,y:0,l:27,w:5},],
canvasWidth:40,
canvasHeight:40,
data:[{x:0,y:0,l:34,w:35},{x:35,y:0,l:21,w:5},],
canvasWidth:40,
canvasHeight:40,
data:[{x:0,y:0,l:31,w:31},{x:31,y:0,l:25,w:9},{x:0,y:31,l:3,w:31},{x:31,y:25,l:9,w:3},{x:39,y:25,l:15,w:1},],
canvasWidth:40,
canvasHeight:40,
data:[{x:0,y:0,l:32,w:30},{x:2,y:32,l:8,w:28},{x:30,y:0,l:22,w:10},{x:30,y:22,l:18,w:10},],
canvasWidth:40,
canvasHeight:40,
data:[{x:0,y:0,l:29,w:33},{x:0,y:29,l:8,w:33},{x:33,y:0,l:30,w:7},{x:34,y:30,l:10,w:6},],
canvasWidth:40,
canvasHeight:40,
data:[{x:0,y:0,l:31,w:30},{x:5,y:32,l:8,w:34},{x:33,y:0,l:32,w:4},{x:30,y:0,l:31,w:3},{x:39,y:0,l:35,w:1},],
canvasWidth:40,
canvasHeight:40,
data:[{x:0,y:0,l:31,w:30},],
canvasWidth:40,
canvasHeight:40,
data:[{x:0,y:0,l:27,w:33},{x:0,y:27,l:12,w:29},{x:33,y:0,l:24,w:7},{x:0,y:39,l:1,w:26},{x:33,y:24,l:1,w:7},{x:33,y:25,l:2,w:3},],
canvasWidth:40,
canvasHeight:40,
data:[{x:0,y:0,l:29,w:29},{x:0,y:29,l:11,w:32},{x:32,y:0,l:11,w:8},],
canvasWidth:40,
canvasHeight:40,
data:[{x:0,y:0,l:30,w:28},{x:28,y:0,l:32,w:12},{x:0,y:30,l:10,w:28},{x:28,y:32,l:8,w:8},],
canvasWidth:40,
canvasHeight:40,
data:[{x:0,y:0,l:31,w:27},{x:34,y:14,l:26,w:6},{x:27,y:0,l:10,w:13},{x:27,y:10,l:3,w:13},{x:27,y:13,l:1,w:13},],
canvasWidth:40,
canvasHeight:40,
data:[{x:0,y:0,l:23,w:35},{x:0,y:23,l:15,w:33},{x:35,y:0,l:20,w:5},{x:0,y:38,l:2,w:26},{x:38,y:20,l:20,w:2},],
canvasWidth:40,
canvasHeight:40,
data:[{x:0,y:0,l:26,w:30},],
canvasWidth:40,
canvasHeight:40,
data:[{x:0,y:0,l:25,w:30},],
canvasWidth:40,
canvasHeight:40,
data:[{x:0,y:0,l:31,w:24},{x:24,y:0,l:18,w:16},{x:24,y:18,l:7,w:16},{x:0,y:31,l:4,w:24},],
canvasWidth:40,
canvasHeight:40,
data:[{x:0,y:0,l:23,w:32},{x:0,y:25,l:12,w:25},{x:34,y:7,l:33,w:6},{x:0,y:23,l:2,w:32},{x:32,y:0,l:7,w:8},{x:32,y:7,l:23,w:2},],
canvasWidth:40,
canvasHeight:40,
data:[{x:0,y:0,l:32,w:23},{x:23,y:0,l:33,w:17},{x:26,y:33,l:7,w:14},],
canvasWidth:40,
canvasHeight:40,
data:[{x:0,y:0,l:26,w:28},{x:4,y:26,l:14,w:24},{x:28,y:0,l:24,w:12},{x:28,y:24,l:16,w:12},],
canvasWidth:40,
canvasHeight:40,
data:[{x:0,y:0,l:29,w:24},{x:24,y:0,l:18,w:14},{x:38,y:0,l:35,w:2},],
canvasWidth:40,
canvasHeight:40,
data:[{x:0,y:0,l:25,w:27},{x:27,y:0,l:18,w:6},{x:0,y:25,l:12,w:27},],
canvasWidth:40,
canvasHeight:40,
data:[{x:0,y:0,l:32,w:21},{x:21,y:0,l:27,w:19},{x:21,y:27,l:12,w:19},{x:0,y:32,l:6,w:21},{x:0,y:38,l:2,w:20},],
canvasWidth:40,
canvasHeight:40,
data:[{x:0,y:0,l:29,w:23},{x:23,y:0,l:30,w:17},{x:0,y:29,l:11,w:22},{x:22,y:30,l:2,w:11},{x:22,y:32,l:1,w:11},],
canvasWidth:40,
canvasHeight:40,
data:[{x:0,y:0,l:23,w:28},{x:28,y:0,l:18,w:12},],
canvasWidth:40,
canvasHeight:40,
data:[{x:0,y:0,l:21,w:30},{x:0,y:21,l:19,w:23},],
canvasWidth:40,
canvasHeight:40,
data:[{x:21,y:0,l:29,w:17},{x:0,y:0,l:23,w:21},{x:0,y:23,l:15,w:19},],
canvasWidth:40,
canvasHeight:40,
data:[{x:0,y:0,l:33,w:25},{x:25,y:0,l:27,w:15},{x:0,y:33,l:7,w:20},],
canvasWidth:40,
canvasHeight:40,
data:[{x:0,y:0,l:20,w:33},{x:0,y:20,l:20,w:29},],
canvasWidth:40,
canvasHeight:40,
data:[{x:0,y:0,l:29,w:20},{x:20,y:0,l:25,w:20},{x:0,y:29,l:10,w:26},],
canvasWidth:40,
canvasHeight:40,
data:[{x:0,y:0,l:32,w:18},{x:18,y:0,l:19,w:22},{x:20,y:19,l:16,w:20},],
Best fit used bin number: 29
Found best solution: 29 0.078

   Statrt add columnAndCut col: 29 cons: 0 cut: 0	0.172

	1 Start Add column using column generation  col: 29 cons: 0 cut: 0	0.172
			Start solve  LP :0.172
			End solve LP obj: 29.0 t: 0
	1 End Add column using column generation : 29.0 col: 29 cons: 0 cut: 0	0.172
   End add columnAndCut : 29.0 colGencnt: 1 price: 0 col: 29 cons: 0 cut: 0	0.172

Node lb: 29.0 ub: 29 : 0.172

Final Found Solution: 29 genNode: 1 extendedNode: 0:0.172
Bin size: 1600
1 : 1225,135,70, : 1430
2 : 1190,105, : 1295
3 : 961,225,93,27,15, : 1321
4 : 960,224,220,180, : 1584
5 : 957,264,210,60, : 1491
6 : 930,272,128,93,35, : 1458
7 : 930, : 930
8 : 891,348,168,26,7,6, : 1446
9 : 841,352,88, : 1281
10 : 840,384,280,64, : 1568
11 : 837,156,130,39,13, : 1175
12 : 805,495,100,52,40, : 1492
13 : 780, : 780
14 : 750, : 750
15 : 744,288,112,96, : 1240
16 : 736,300,198,64,56,46, : 1400
17 : 736,561,98, : 1395
18 : 728,336,288,192, : 1544
19 : 696,252,70, : 1018
20 : 675,324,108, : 1107
21 : 672,513,228,126,40, : 1579
22 : 667,510,242,22,11, : 1452
23 : 644,216, : 860
24 : 630,437, : 1067
25 : 493,483,285, : 1261
26 : 825,405,140, : 1370
27 : 660,580, : 1240
28 : 580,500,260, : 1340
29 : 576,418,320, : 1314
----------------------- 1 ---------------------------
canvasWidth:40,
canvasHeight:40,
data:[{x:0,y:0,l:35,w:35},{x:0,y:35,l:2,w:35},{x:35,y:0,l:27,w:5},],
----------------------- 2 ---------------------------
canvasWidth:40,
canvasHeight:40,
data:[{x:0,y:0,l:34,w:35},{x:35,y:0,l:21,w:5},],
----------------------- 3 ---------------------------
canvasWidth:40,
canvasHeight:40,
data:[{x:0,y:0,l:31,w:31},{x:31,y:0,l:25,w:9},{x:0,y:31,l:3,w:31},{x:31,y:25,l:9,w:3},{x:39,y:25,l:15,w:1},],
----------------------- 4 ---------------------------
canvasWidth:40,
canvasHeight:40,
data:[{x:0,y:0,l:32,w:30},{x:2,y:32,l:8,w:28},{x:30,y:0,l:22,w:10},{x:30,y:22,l:18,w:10},],
----------------------- 5 ---------------------------
canvasWidth:40,
canvasHeight:40,
data:[{x:0,y:0,l:29,w:33},{x:0,y:29,l:8,w:33},{x:33,y:0,l:30,w:7},{x:34,y:30,l:10,w:6},],
----------------------- 6 ---------------------------
canvasWidth:40,
canvasHeight:40,
data:[{x:0,y:0,l:31,w:30},{x:5,y:32,l:8,w:34},{x:33,y:0,l:32,w:4},{x:30,y:0,l:31,w:3},{x:39,y:0,l:35,w:1},],
----------------------- 7 ---------------------------
canvasWidth:40,
canvasHeight:40,
data:[{x:0,y:0,l:31,w:30},],
----------------------- 8 ---------------------------
canvasWidth:40,
canvasHeight:40,
data:[{x:0,y:0,l:27,w:33},{x:0,y:27,l:12,w:29},{x:33,y:0,l:24,w:7},{x:0,y:39,l:1,w:26},{x:33,y:24,l:1,w:7},{x:33,y:25,l:2,w:3},],
----------------------- 9 ---------------------------
canvasWidth:40,
canvasHeight:40,
data:[{x:0,y:0,l:29,w:29},{x:0,y:29,l:11,w:32},{x:32,y:0,l:11,w:8},],
----------------------- 10 ---------------------------
canvasWidth:40,
canvasHeight:40,
data:[{x:0,y:0,l:30,w:28},{x:28,y:0,l:32,w:12},{x:0,y:30,l:10,w:28},{x:28,y:32,l:8,w:8},],
----------------------- 11 ---------------------------
canvasWidth:40,
canvasHeight:40,
data:[{x:0,y:0,l:31,w:27},{x:34,y:14,l:26,w:6},{x:27,y:0,l:10,w:13},{x:27,y:10,l:3,w:13},{x:27,y:13,l:1,w:13},],
----------------------- 12 ---------------------------
canvasWidth:40,
canvasHeight:40,
data:[{x:0,y:0,l:23,w:35},{x:0,y:23,l:15,w:33},{x:35,y:0,l:20,w:5},{x:0,y:38,l:2,w:26},{x:38,y:20,l:20,w:2},],
----------------------- 13 ---------------------------
canvasWidth:40,
canvasHeight:40,
data:[{x:0,y:0,l:26,w:30},],
----------------------- 14 ---------------------------
canvasWidth:40,
canvasHeight:40,
data:[{x:0,y:0,l:25,w:30},],
----------------------- 15 ---------------------------
canvasWidth:40,
canvasHeight:40,
data:[{x:0,y:0,l:31,w:24},{x:24,y:0,l:18,w:16},{x:24,y:18,l:7,w:16},{x:0,y:31,l:4,w:24},],
----------------------- 16 ---------------------------
canvasWidth:40,
canvasHeight:40,
data:[{x:0,y:0,l:23,w:32},{x:0,y:25,l:12,w:25},{x:34,y:7,l:33,w:6},{x:0,y:23,l:2,w:32},{x:32,y:0,l:7,w:8},{x:32,y:7,l:23,w:2},],
----------------------- 17 ---------------------------
canvasWidth:40,
canvasHeight:40,
data:[{x:0,y:0,l:32,w:23},{x:23,y:0,l:33,w:17},{x:26,y:33,l:7,w:14},],
----------------------- 18 ---------------------------
canvasWidth:40,
canvasHeight:40,
data:[{x:0,y:0,l:26,w:28},{x:4,y:26,l:14,w:24},{x:28,y:0,l:24,w:12},{x:28,y:24,l:16,w:12},],
----------------------- 19 ---------------------------
canvasWidth:40,
canvasHeight:40,
data:[{x:0,y:0,l:29,w:24},{x:24,y:0,l:18,w:14},{x:38,y:0,l:35,w:2},],
----------------------- 20 ---------------------------
canvasWidth:40,
canvasHeight:40,
data:[{x:0,y:0,l:25,w:27},{x:27,y:0,l:18,w:6},{x:0,y:25,l:12,w:27},],
----------------------- 21 ---------------------------
canvasWidth:40,
canvasHeight:40,
data:[{x:0,y:0,l:32,w:21},{x:21,y:0,l:27,w:19},{x:21,y:27,l:12,w:19},{x:0,y:32,l:6,w:21},{x:0,y:38,l:2,w:20},],
----------------------- 22 ---------------------------
canvasWidth:40,
canvasHeight:40,
data:[{x:0,y:0,l:29,w:23},{x:23,y:0,l:30,w:17},{x:0,y:29,l:11,w:22},{x:22,y:30,l:2,w:11},{x:22,y:32,l:1,w:11},],
----------------------- 23 ---------------------------
canvasWidth:40,
canvasHeight:40,
data:[{x:0,y:0,l:23,w:28},{x:28,y:0,l:18,w:12},],
----------------------- 24 ---------------------------
canvasWidth:40,
canvasHeight:40,
data:[{x:0,y:0,l:21,w:30},{x:0,y:21,l:19,w:23},],
----------------------- 25 ---------------------------
canvasWidth:40,
canvasHeight:40,
data:[{x:21,y:0,l:29,w:17},{x:0,y:0,l:23,w:21},{x:0,y:23,l:15,w:19},],
----------------------- 26 ---------------------------
canvasWidth:40,
canvasHeight:40,
data:[{x:0,y:0,l:33,w:25},{x:25,y:0,l:27,w:15},{x:0,y:33,l:7,w:20},],
----------------------- 27 ---------------------------
canvasWidth:40,
canvasHeight:40,
data:[{x:0,y:0,l:20,w:33},{x:0,y:20,l:20,w:29},],
----------------------- 28 ---------------------------
canvasWidth:40,
canvasHeight:40,
data:[{x:0,y:0,l:29,w:20},{x:20,y:0,l:25,w:20},{x:0,y:29,l:10,w:26},],
----------------------- 29 ---------------------------
canvasWidth:40,
canvasHeight:40,
data:[{x:0,y:0,l:32,w:18},{x:18,y:0,l:19,w:22},{x:20,y:19,l:16,w:20},],
