====================================== Class_01.2bp-24 =====================================
Reduced size: 60 usedBin: 0
[0, 56, 57]
[1, 33]
[2, 43, 52, 55]
[3, 23]
[4, 31, 39]
[5, 22, 42]
[6, 19, 58, 59]
[9, 18, 46]
[8, 21]
[7, 38]
[12, 28, 40]
[14, 30, 32, 41]
[17, 24, 35]
[11, 15]
[10, 16, 45]
[25, 27, 37, 44, 48, 49, 50]
[20, 29, 51, 53, 54]
[13, 36]
[26, 34, 47]
canvasWidth:10,
canvasHeight:10,
data:[{x:0,y:0,l:9,w:9},{x:9,y:0,l:3,w:1},{x:9,y:3,l:3,w:1},],
canvasWidth:10,
canvasHeight:10,
data:[{x:0,y:0,l:8,w:10},{x:0,y:8,l:2,w:10},],
canvasWidth:10,
canvasHeight:10,
data:[{x:0,y:0,l:8,w:9},{x:0,y:8,l:2,w:5},{x:9,y:0,l:6,w:1},{x:5,y:8,l:1,w:5},],
canvasWidth:10,
canvasHeight:10,
data:[{x:0,y:0,l:10,w:7},{x:7,y:0,l:9,w:3},],
canvasWidth:10,
canvasHeight:10,
data:[{x:0,y:0,l:8,w:8},{x:0,y:8,l:2,w:10},{x:8,y:0,l:8,w:2},],
canvasWidth:10,
canvasHeight:10,
data:[{x:0,y:0,l:10,w:6},{x:6,y:0,l:7,w:4},{x:6,y:7,l:3,w:4},],
canvasWidth:10,
canvasHeight:10,
data:[{x:0,y:0,l:6,w:9},{x:2,y:6,l:4,w:8},{x:9,y:0,l:2,w:1},{x:9,y:2,l:2,w:1},],
canvasWidth:10,
canvasHeight:10,
data:[{x:0,y:0,l:9,w:6},{x:6,y:0,l:9,w:4},{x:0,y:9,l:1,w:10},],
canvasWidth:10,
canvasHeight:10,
data:[{x:0,y:0,l:9,w:6},{x:6,y:0,l:7,w:4},],
canvasWidth:10,
canvasHeight:10,
data:[{x:0,y:0,l:9,w:6},{x:6,y:0,l:4,w:4},],
canvasWidth:10,
canvasHeight:10,
data:[{x:0,y:0,l:7,w:7},{x:0,y:7,l:3,w:7},{x:7,y:0,l:5,w:3},],
canvasWidth:10,
canvasHeight:10,
data:[{x:0,y:0,l:6,w:7},{x:0,y:6,l:4,w:5},{x:5,y:6,l:4,w:5},{x:7,y:0,l:5,w:3},],
canvasWidth:10,
canvasHeight:10,
data:[{x:0,y:0,l:6,w:6},{x:0,y:6,l:4,w:6},{x:6,y:0,l:9,w:2},],
canvasWidth:10,
canvasHeight:10,
data:[{x:0,y:0,l:5,w:10},{x:2,y:5,l:5,w:8},],
canvasWidth:10,
canvasHeight:10,
data:[{x:5,y:0,l:10,w:5},{x:0,y:0,l:8,w:5},{x:0,y:8,l:2,w:5},],
canvasWidth:10,
canvasHeight:10,
data:[{x:0,y:2,l:3,w:8},{x:0,y:5,l:3,w:8},{x:8,y:1,l:9,w:2},{x:0,y:0,l:1,w:10},{x:0,y:1,l:1,w:8},{x:0,y:8,l:1,w:7},{x:0,y:9,l:1,w:7},],
canvasWidth:10,
canvasHeight:10,
data:[{x:0,y:0,l:6,w:5},{x:5,y:0,l:4,w:5},{x:0,y:6,l:1,w:6},{x:0,y:7,l:1,w:6},{x:0,y:8,l:1,w:6},],
canvasWidth:10,
canvasHeight:10,
data:[{x:0,y:0,l:5,w:9},{x:0,y:5,l:3,w:6},],
canvasWidth:10,
canvasHeight:10,
data:[{x:0,y:1,l:4,w:6},{x:0,y:5,l:3,w:6},{x:0,y:0,l:1,w:9},],
Best fit used bin number: 19
Found best solution: 19 0.062

   Statrt add columnAndCut col: 19 cons: 0 cut: 0	0.125

	1 Start Add column using column generation  col: 19 cons: 0 cut: 0	0.125
			Start solve  LP :0.125
			End solve LP obj: 19.0 t: 0
	1 End Add column using column generation : 19.0 col: 19 cons: 0 cut: 0	0.125
   End add columnAndCut : 19.0 colGencnt: 1 price: 0 col: 19 cons: 0 cut: 0	0.125

Node lb: 19.0 ub: 19 : 0.125

Final Found Solution: 19 genNode: 1 extendedNode: 0:0.125
Bin size: 100
1 : 81,3,3, : 87
2 : 80,20, : 100
3 : 72,10,6,5, : 93
4 : 70,27, : 97
5 : 64,20,16, : 100
6 : 60,28,12, : 100
7 : 54,32,2,2, : 90
8 : 54,36,10, : 100
9 : 54,28, : 82
10 : 54,16, : 70
11 : 49,21,15, : 85
12 : 42,20,20,15, : 97
13 : 36,24,18, : 78
14 : 50,40, : 90
15 : 50,40,10, : 100
16 : 24,24,18,10,8,7,7, : 98
17 : 30,20,6,6,6, : 68
18 : 45,18, : 63
19 : 24,18,9, : 51
----------------------- 1 ---------------------------
canvasWidth:10,
canvasHeight:10,
data:[{x:0,y:0,l:9,w:9},{x:9,y:0,l:3,w:1},{x:9,y:3,l:3,w:1},],
----------------------- 2 ---------------------------
canvasWidth:10,
canvasHeight:10,
data:[{x:0,y:0,l:8,w:10},{x:0,y:8,l:2,w:10},],
----------------------- 3 ---------------------------
canvasWidth:10,
canvasHeight:10,
data:[{x:0,y:0,l:8,w:9},{x:0,y:8,l:2,w:5},{x:9,y:0,l:6,w:1},{x:5,y:8,l:1,w:5},],
----------------------- 4 ---------------------------
canvasWidth:10,
canvasHeight:10,
data:[{x:0,y:0,l:10,w:7},{x:7,y:0,l:9,w:3},],
----------------------- 5 ---------------------------
canvasWidth:10,
canvasHeight:10,
data:[{x:0,y:0,l:8,w:8},{x:0,y:8,l:2,w:10},{x:8,y:0,l:8,w:2},],
----------------------- 6 ---------------------------
canvasWidth:10,
canvasHeight:10,
data:[{x:0,y:0,l:10,w:6},{x:6,y:0,l:7,w:4},{x:6,y:7,l:3,w:4},],
----------------------- 7 ---------------------------
canvasWidth:10,
canvasHeight:10,
data:[{x:0,y:0,l:6,w:9},{x:2,y:6,l:4,w:8},{x:9,y:0,l:2,w:1},{x:9,y:2,l:2,w:1},],
----------------------- 8 ---------------------------
canvasWidth:10,
canvasHeight:10,
data:[{x:0,y:0,l:9,w:6},{x:6,y:0,l:9,w:4},{x:0,y:9,l:1,w:10},],
----------------------- 9 ---------------------------
canvasWidth:10,
canvasHeight:10,
data:[{x:0,y:0,l:9,w:6},{x:6,y:0,l:7,w:4},],
----------------------- 10 ---------------------------
canvasWidth:10,
canvasHeight:10,
data:[{x:0,y:0,l:9,w:6},{x:6,y:0,l:4,w:4},],
----------------------- 11 ---------------------------
canvasWidth:10,
canvasHeight:10,
data:[{x:0,y:0,l:7,w:7},{x:0,y:7,l:3,w:7},{x:7,y:0,l:5,w:3},],
----------------------- 12 ---------------------------
canvasWidth:10,
canvasHeight:10,
data:[{x:0,y:0,l:6,w:7},{x:0,y:6,l:4,w:5},{x:5,y:6,l:4,w:5},{x:7,y:0,l:5,w:3},],
----------------------- 13 ---------------------------
canvasWidth:10,
canvasHeight:10,
data:[{x:0,y:0,l:6,w:6},{x:0,y:6,l:4,w:6},{x:6,y:0,l:9,w:2},],
----------------------- 14 ---------------------------
canvasWidth:10,
canvasHeight:10,
data:[{x:0,y:0,l:5,w:10},{x:2,y:5,l:5,w:8},],
----------------------- 15 ---------------------------
canvasWidth:10,
canvasHeight:10,
data:[{x:5,y:0,l:10,w:5},{x:0,y:0,l:8,w:5},{x:0,y:8,l:2,w:5},],
----------------------- 16 ---------------------------
canvasWidth:10,
canvasHeight:10,
data:[{x:0,y:2,l:3,w:8},{x:0,y:5,l:3,w:8},{x:8,y:1,l:9,w:2},{x:0,y:0,l:1,w:10},{x:0,y:1,l:1,w:8},{x:0,y:8,l:1,w:7},{x:0,y:9,l:1,w:7},],
----------------------- 17 ---------------------------
canvasWidth:10,
canvasHeight:10,
data:[{x:0,y:0,l:6,w:5},{x:5,y:0,l:4,w:5},{x:0,y:6,l:1,w:6},{x:0,y:7,l:1,w:6},{x:0,y:8,l:1,w:6},],
----------------------- 18 ---------------------------
canvasWidth:10,
canvasHeight:10,
data:[{x:0,y:0,l:5,w:9},{x:0,y:5,l:3,w:6},],
----------------------- 19 ---------------------------
canvasWidth:10,
canvasHeight:10,
data:[{x:0,y:1,l:4,w:6},{x:0,y:5,l:3,w:6},{x:0,y:0,l:1,w:9},],
