====================================== Class_05.2bp-33 =====================================
Reduced size: 80 usedBin: 0
E:\WSKH\2DBPP\NonGuillotine\initSolution\5_34.pack
[1, 43, 73]
[2, 58, 64, 71, 72]
[3, 57, 60, 69, 76, 78]
[4, 45]
[5, 37, 52, 70]
[6, 40, 56, 67, 75]
[7, 48, 61]
[8, 44, 49]
[9, 47]
[10, 59, 68]
[11, 41, 50, 65]
[12, 29]
[13, 27, 66]
[14, 46, 74, 77]
[15, 33]
[16, 19, 54]
[20, 36]
[22, 39, 53]
[23, 30, 42]
[26, 35]
[0, 51, 79]
[18, 31, 34]
[17, 21, 55]
[24, 25]
[28, 32, 38, 62, 63]
canvasWidth:100,
canvasHeight:100,
data:[{x:0,y:0,l:77,w:100},{x:20,y:77,l:23,w:80},{x:0,y:77,l:8,w:20},],
canvasWidth:100,
canvasHeight:100,
data:[{x:0,y:0,l:86,w:78},{x:78,y:9,l:60,w:11},{x:93,y:9,l:64,w:7},{x:89,y:9,l:60,w:4},{x:78,y:0,l:9,w:22},],
canvasWidth:100,
canvasHeight:100,
data:[{x:0,y:0,l:70,w:92},{x:92,y:0,l:89,w:8},{x:0,y:70,l:8,w:80},{x:80,y:70,l:30,w:12},{x:92,y:89,l:11,w:8},{x:0,y:78,l:1,w:73},],
canvasWidth:100,
canvasHeight:100,
data:[{x:0,y:0,l:78,w:81},{x:81,y:0,l:93,w:19},],
canvasWidth:100,
canvasHeight:100,
data:[{x:0,y:0,l:93,w:66},{x:79,y:0,l:100,w:21},{x:66,y:0,l:79,w:13},{x:0,y:93,l:4,w:66},],
canvasWidth:100,
canvasHeight:100,
data:[{x:0,y:0,l:93,w:64},{x:64,y:0,l:93,w:21},{x:85,y:0,l:52,w:15},{x:85,y:52,l:47,w:8},{x:93,y:52,l:30,w:4},],
canvasWidth:100,
canvasHeight:100,
data:[{x:0,y:0,l:82,w:72},{x:72,y:0,l:46,w:28},{x:72,y:46,l:35,w:17},],
canvasWidth:100,
canvasHeight:100,
data:[{x:0,y:0,l:76,w:76},{x:0,y:76,l:24,w:75},{x:76,y:0,l:50,w:24},],
canvasWidth:100,
canvasHeight:100,
data:[{x:0,y:0,l:78,w:74},{x:74,y:0,l:93,w:17},],
canvasWidth:100,
canvasHeight:100,
data:[{x:0,y:0,l:86,w:66},{x:66,y:0,l:94,w:7},{x:73,y:0,l:74,w:5},],
canvasWidth:100,
canvasHeight:100,
data:[{x:0,y:0,l:59,w:95},{x:0,y:59,l:20,w:95},{x:0,y:79,l:21,w:54},{x:95,y:0,l:87,w:5},],
canvasWidth:100,
canvasHeight:100,
data:[{x:0,y:0,l:88,w:58},{x:58,y:0,l:88,w:32},],
canvasWidth:100,
canvasHeight:100,
data:[{x:0,y:0,l:52,w:96},{x:0,y:52,l:44,w:72},{x:96,y:0,l:98,w:4},],
canvasWidth:100,
canvasHeight:100,
data:[{x:0,y:0,l:69,w:71},{x:0,y:69,l:26,w:66},{x:0,y:95,l:5,w:31},{x:31,y:95,l:5,w:16},],
canvasWidth:100,
canvasHeight:100,
data:[{x:0,y:0,l:55,w:88},{x:0,y:55,l:31,w:81},],
canvasWidth:100,
canvasHeight:100,
data:[{x:0,y:0,l:88,w:54},{x:54,y:0,l:87,w:46},{x:0,y:88,l:9,w:94},],
canvasWidth:100,
canvasHeight:100,
data:[{x:0,y:0,l:57,w:70},{x:0,y:57,l:33,w:64},],
canvasWidth:100,
canvasHeight:100,
data:[{x:0,y:0,l:63,w:61},{x:61,y:0,l:51,w:39},{x:0,y:63,l:23,w:43},],
canvasWidth:100,
canvasHeight:100,
data:[{x:0,y:0,l:60,w:62},{x:62,y:0,l:74,w:38},{x:25,y:74,l:25,w:75},],
canvasWidth:100,
canvasHeight:100,
data:[{x:0,y:0,l:54,w:65},{x:0,y:54,l:27,w:84},],
canvasWidth:100,
canvasHeight:100,
data:[{x:0,y:0,l:82,w:98},{x:40,y:82,l:18,w:60},{x:98,y:0,l:22,w:2},],
canvasWidth:100,
canvasHeight:100,
data:[{x:0,y:46,l:50,w:55},{x:0,y:0,l:46,w:100},{x:55,y:46,l:53,w:45},],
canvasWidth:100,
canvasHeight:100,
data:[{x:0,y:0,l:96,w:49},{x:49,y:0,l:98,w:40},{x:89,y:0,l:75,w:11},],
canvasWidth:100,
canvasHeight:100,
data:[{x:0,y:0,l:79,w:46},{x:46,y:0,l:82,w:44},],
canvasWidth:100,
canvasHeight:100,
data:[{x:0,y:0,l:33,w:92},{x:0,y:33,l:61,w:43},{x:43,y:43,l:52,w:40},{x:92,y:0,l:67,w:8},{x:43,y:33,l:10,w:49},],
Best fit used bin number: 25
Found best solution: 25 0.059

   Statrt add columnAndCut col: 25 cons: 0 cut: 0	0.134

	1 Start Add column using column generation  col: 25 cons: 0 cut: 0	0.135
			Start solve  LP :0.135
			End solve LP obj: 25.0 t: 2
	1 End Add column using column generation : 25.0 col: 25 cons: 0 cut: 0	0.137
   End add columnAndCut : 25.0 colGencnt: 1 price: 0 col: 25 cons: 0 cut: 0	0.137

Node lb: 25.0 ub: 25 : 0.137

Final Found Solution: 25 genNode: 1 extendedNode: 0:0.138
Bin size: 10000
1 : 7700,1840,160, : 9700
2 : 6708,660,448,240,198, : 8254
3 : 6440,712,640,360,88,73, : 8313
4 : 6318,1767, : 8085
5 : 6138,2100,1027,264, : 9529
6 : 5952,1953,780,376,120, : 9181
7 : 5904,1288,595, : 7787
8 : 5776,1800,1200, : 8776
9 : 5772,1581, : 7353
10 : 5676,658,370, : 6704
11 : 5605,1900,1134,435, : 9074
12 : 5104,2816, : 7920
13 : 4992,3168,392, : 8552
14 : 4899,1716,155,80, : 6850
15 : 4840,2511, : 7351
16 : 4752,4002,846, : 9600
17 : 3990,2112, : 6102
18 : 3843,1989,989, : 6821
19 : 3720,2812,1875, : 8407
20 : 3510,2268, : 5778
21 : 8036,1080,44, : 9160
22 : 4600,2750,2385, : 9735
23 : 4704,3920,825, : 9449
24 : 3634,3608, : 7242
25 : 3036,2623,2080,536,490, : 8765
----------------------- 1 ---------------------------
canvasWidth:100,
canvasHeight:100,
data:[{x:0,y:0,l:77,w:100},{x:20,y:77,l:23,w:80},{x:0,y:77,l:8,w:20},],
----------------------- 2 ---------------------------
canvasWidth:100,
canvasHeight:100,
data:[{x:0,y:0,l:86,w:78},{x:78,y:9,l:60,w:11},{x:93,y:9,l:64,w:7},{x:89,y:9,l:60,w:4},{x:78,y:0,l:9,w:22},],
----------------------- 3 ---------------------------
canvasWidth:100,
canvasHeight:100,
data:[{x:0,y:0,l:70,w:92},{x:92,y:0,l:89,w:8},{x:0,y:70,l:8,w:80},{x:80,y:70,l:30,w:12},{x:92,y:89,l:11,w:8},{x:0,y:78,l:1,w:73},],
----------------------- 4 ---------------------------
canvasWidth:100,
canvasHeight:100,
data:[{x:0,y:0,l:78,w:81},{x:81,y:0,l:93,w:19},],
----------------------- 5 ---------------------------
canvasWidth:100,
canvasHeight:100,
data:[{x:0,y:0,l:93,w:66},{x:79,y:0,l:100,w:21},{x:66,y:0,l:79,w:13},{x:0,y:93,l:4,w:66},],
----------------------- 6 ---------------------------
canvasWidth:100,
canvasHeight:100,
data:[{x:0,y:0,l:93,w:64},{x:64,y:0,l:93,w:21},{x:85,y:0,l:52,w:15},{x:85,y:52,l:47,w:8},{x:93,y:52,l:30,w:4},],
----------------------- 7 ---------------------------
canvasWidth:100,
canvasHeight:100,
data:[{x:0,y:0,l:82,w:72},{x:72,y:0,l:46,w:28},{x:72,y:46,l:35,w:17},],
----------------------- 8 ---------------------------
canvasWidth:100,
canvasHeight:100,
data:[{x:0,y:0,l:76,w:76},{x:0,y:76,l:24,w:75},{x:76,y:0,l:50,w:24},],
----------------------- 9 ---------------------------
canvasWidth:100,
canvasHeight:100,
data:[{x:0,y:0,l:78,w:74},{x:74,y:0,l:93,w:17},],
----------------------- 10 ---------------------------
canvasWidth:100,
canvasHeight:100,
data:[{x:0,y:0,l:86,w:66},{x:66,y:0,l:94,w:7},{x:73,y:0,l:74,w:5},],
----------------------- 11 ---------------------------
canvasWidth:100,
canvasHeight:100,
data:[{x:0,y:0,l:59,w:95},{x:0,y:59,l:20,w:95},{x:0,y:79,l:21,w:54},{x:95,y:0,l:87,w:5},],
----------------------- 12 ---------------------------
canvasWidth:100,
canvasHeight:100,
data:[{x:0,y:0,l:88,w:58},{x:58,y:0,l:88,w:32},],
----------------------- 13 ---------------------------
canvasWidth:100,
canvasHeight:100,
data:[{x:0,y:0,l:52,w:96},{x:0,y:52,l:44,w:72},{x:96,y:0,l:98,w:4},],
----------------------- 14 ---------------------------
canvasWidth:100,
canvasHeight:100,
data:[{x:0,y:0,l:69,w:71},{x:0,y:69,l:26,w:66},{x:0,y:95,l:5,w:31},{x:31,y:95,l:5,w:16},],
----------------------- 15 ---------------------------
canvasWidth:100,
canvasHeight:100,
data:[{x:0,y:0,l:55,w:88},{x:0,y:55,l:31,w:81},],
----------------------- 16 ---------------------------
canvasWidth:100,
canvasHeight:100,
data:[{x:0,y:0,l:88,w:54},{x:54,y:0,l:87,w:46},{x:0,y:88,l:9,w:94},],
----------------------- 17 ---------------------------
canvasWidth:100,
canvasHeight:100,
data:[{x:0,y:0,l:57,w:70},{x:0,y:57,l:33,w:64},],
----------------------- 18 ---------------------------
canvasWidth:100,
canvasHeight:100,
data:[{x:0,y:0,l:63,w:61},{x:61,y:0,l:51,w:39},{x:0,y:63,l:23,w:43},],
----------------------- 19 ---------------------------
canvasWidth:100,
canvasHeight:100,
data:[{x:0,y:0,l:60,w:62},{x:62,y:0,l:74,w:38},{x:25,y:74,l:25,w:75},],
----------------------- 20 ---------------------------
canvasWidth:100,
canvasHeight:100,
data:[{x:0,y:0,l:54,w:65},{x:0,y:54,l:27,w:84},],
----------------------- 21 ---------------------------
canvasWidth:100,
canvasHeight:100,
data:[{x:0,y:0,l:82,w:98},{x:40,y:82,l:18,w:60},{x:98,y:0,l:22,w:2},],
----------------------- 22 ---------------------------
canvasWidth:100,
canvasHeight:100,
data:[{x:0,y:46,l:50,w:55},{x:0,y:0,l:46,w:100},{x:55,y:46,l:53,w:45},],
----------------------- 23 ---------------------------
canvasWidth:100,
canvasHeight:100,
data:[{x:0,y:0,l:96,w:49},{x:49,y:0,l:98,w:40},{x:89,y:0,l:75,w:11},],
----------------------- 24 ---------------------------
canvasWidth:100,
canvasHeight:100,
data:[{x:0,y:0,l:79,w:46},{x:46,y:0,l:82,w:44},],
----------------------- 25 ---------------------------
canvasWidth:100,
canvasHeight:100,
data:[{x:0,y:0,l:33,w:92},{x:0,y:33,l:61,w:43},{x:43,y:43,l:52,w:40},{x:92,y:0,l:67,w:8},{x:43,y:33,l:10,w:49},],
