====================================== Class_03.2bp-20 =====================================
Reduced size: 60 usedBin: 0
[0, 37, 53]
[1, 30, 38]
[2, 24, 43, 48, 57]
[3, 32]
[4, 21, 39, 51]
[5, 23, 46, 59]
[6, 17, 50]
[7, 40, 41, 42, 55, 58]
[8, 27, 35, 56]
[11, 25, 45]
[9, 26, 31, 54]
[12, 19, 33, 34]
[13, 18, 44, 47, 49, 52]
[10, 14]
[15, 20, 29]
[16, 22, 28, 36]
canvasWidth:40,
canvasHeight:40,
data:[{x:0,y:0,l:34,w:34},{x:34,y:0,l:35,w:6},{x:0,y:34,l:6,w:4},],
canvasWidth:40,
canvasHeight:40,
data:[{x:0,y:0,l:31,w:33},{x:0,y:31,l:9,w:34},{x:34,y:7,l:33,w:6},],
canvasWidth:40,
canvasHeight:40,
data:[{x:0,y:0,l:29,w:33},{x:0,y:29,l:11,w:32},{x:33,y:0,l:23,w:6},{x:33,y:23,l:14,w:5},{x:39,y:0,l:19,w:1},],
canvasWidth:40,
canvasHeight:40,
data:[{x:0,y:0,l:33,w:27},{x:27,y:0,l:23,w:13},],
canvasWidth:40,
canvasHeight:40,
data:[{x:0,y:0,l:32,w:27},{x:28,y:0,l:33,w:12},{x:12,y:33,l:7,w:28},{x:0,y:32,l:8,w:6},],
canvasWidth:40,
canvasHeight:40,
data:[{x:0,y:0,l:27,w:31},{x:0,y:27,l:13,w:28},{x:31,y:0,l:11,w:8},{x:28,y:27,l:1,w:12},],
canvasWidth:40,
canvasHeight:40,
data:[{x:0,y:0,l:32,w:26},{x:26,y:4,l:31,w:14},{x:26,y:0,l:4,w:14},],
canvasWidth:40,
canvasHeight:40,
data:[{x:0,y:0,l:28,w:29},{x:0,y:29,l:11,w:14},{x:29,y:0,l:14,w:11},{x:28,y:28,l:12,w:12},{x:29,y:14,l:2,w:11},{x:0,y:28,l:1,w:16},],
canvasWidth:40,
canvasHeight:40,
data:[{x:0,y:0,l:28,w:29},{x:0,y:30,l:10,w:33},{x:29,y:0,l:29,w:8},{x:33,y:37,l:3,w:7},],
canvasWidth:40,
canvasHeight:40,
data:[{x:0,y:0,l:22,w:29},{x:0,y:22,l:13,w:27},{x:29,y:0,l:22,w:5},],
canvasWidth:40,
canvasHeight:40,
data:[{x:0,y:0,l:26,w:30},{x:0,y:26,l:13,w:26},{x:30,y:0,l:30,w:10},{x:0,y:39,l:1,w:23},],
canvasWidth:40,
canvasHeight:40,
data:[{x:0,y:0,l:26,w:23},{x:23,y:0,l:26,w:16},{x:0,y:26,l:14,w:20},{x:20,y:27,l:13,w:18},],
canvasWidth:40,
canvasHeight:40,
data:[{x:0,y:0,l:28,w:21},{x:25,y:0,l:28,w:15},{x:3,y:28,l:7,w:16},{x:21,y:0,l:20,w:4},{x:21,y:20,l:16,w:4},{x:0,y:28,l:10,w:3},],
canvasWidth:40,
canvasHeight:40,
data:[{x:0,y:0,l:35,w:20},{x:20,y:0,l:33,w:17},],
canvasWidth:40,
canvasHeight:40,
data:[{x:0,y:0,l:20,w:22},{x:22,y:0,l:25,w:16},{x:0,y:20,l:17,w:18},],
canvasWidth:40,
canvasHeight:40,
data:[{x:0,y:0,l:22,w:17},{x:0,y:22,l:13,w:24},{x:17,y:0,l:10,w:21},{x:25,y:10,l:29,w:15},],
Best fit used bin number: 16
Found best solution: 16 0.063

   Statrt add columnAndCut col: 16 cons: 0 cut: 0	0.125

	1 Start Add column using column generation  col: 16 cons: 0 cut: 0	0.125
			Start solve  LP :0.125
			End solve LP obj: 16.0 t: 0
	1 End Add column using column generation : 16.0 col: 16 cons: 0 cut: 0	0.125
   End add columnAndCut : 16.0 colGencnt: 1 price: 0 col: 16 cons: 0 cut: 0	0.125

Node lb: 16.0 ub: 16 : 0.125

Final Found Solution: 16 genNode: 1 extendedNode: 0:0.125
Bin size: 1600
1 : 1156,210,24, : 1390
2 : 1023,306,198, : 1527
3 : 957,352,138,70,19, : 1536
4 : 891,299, : 1190
5 : 864,396,196,48, : 1504
6 : 837,364,88,12, : 1301
7 : 832,434,56, : 1322
8 : 812,154,154,144,22,16, : 1302
9 : 812,330,232,21, : 1395
10 : 638,351,110, : 1099
11 : 780,338,300,23, : 1441
12 : 598,416,280,234, : 1528
13 : 588,420,112,80,64,30, : 1294
14 : 700,561, : 1261
15 : 440,400,306, : 1146
16 : 435,374,312,210, : 1331
----------------------- 1 ---------------------------
canvasWidth:40,
canvasHeight:40,
data:[{x:0,y:0,l:34,w:34},{x:34,y:0,l:35,w:6},{x:0,y:34,l:6,w:4},],
----------------------- 2 ---------------------------
canvasWidth:40,
canvasHeight:40,
data:[{x:0,y:0,l:31,w:33},{x:0,y:31,l:9,w:34},{x:34,y:7,l:33,w:6},],
----------------------- 3 ---------------------------
canvasWidth:40,
canvasHeight:40,
data:[{x:0,y:0,l:29,w:33},{x:0,y:29,l:11,w:32},{x:33,y:0,l:23,w:6},{x:33,y:23,l:14,w:5},{x:39,y:0,l:19,w:1},],
----------------------- 4 ---------------------------
canvasWidth:40,
canvasHeight:40,
data:[{x:0,y:0,l:33,w:27},{x:27,y:0,l:23,w:13},],
----------------------- 5 ---------------------------
canvasWidth:40,
canvasHeight:40,
data:[{x:0,y:0,l:32,w:27},{x:28,y:0,l:33,w:12},{x:12,y:33,l:7,w:28},{x:0,y:32,l:8,w:6},],
----------------------- 6 ---------------------------
canvasWidth:40,
canvasHeight:40,
data:[{x:0,y:0,l:27,w:31},{x:0,y:27,l:13,w:28},{x:31,y:0,l:11,w:8},{x:28,y:27,l:1,w:12},],
----------------------- 7 ---------------------------
canvasWidth:40,
canvasHeight:40,
data:[{x:0,y:0,l:32,w:26},{x:26,y:4,l:31,w:14},{x:26,y:0,l:4,w:14},],
----------------------- 8 ---------------------------
canvasWidth:40,
canvasHeight:40,
data:[{x:0,y:0,l:28,w:29},{x:0,y:29,l:11,w:14},{x:29,y:0,l:14,w:11},{x:28,y:28,l:12,w:12},{x:29,y:14,l:2,w:11},{x:0,y:28,l:1,w:16},],
----------------------- 9 ---------------------------
canvasWidth:40,
canvasHeight:40,
data:[{x:0,y:0,l:28,w:29},{x:0,y:30,l:10,w:33},{x:29,y:0,l:29,w:8},{x:33,y:37,l:3,w:7},],
----------------------- 10 ---------------------------
canvasWidth:40,
canvasHeight:40,
data:[{x:0,y:0,l:22,w:29},{x:0,y:22,l:13,w:27},{x:29,y:0,l:22,w:5},],
----------------------- 11 ---------------------------
canvasWidth:40,
canvasHeight:40,
data:[{x:0,y:0,l:26,w:30},{x:0,y:26,l:13,w:26},{x:30,y:0,l:30,w:10},{x:0,y:39,l:1,w:23},],
----------------------- 12 ---------------------------
canvasWidth:40,
canvasHeight:40,
data:[{x:0,y:0,l:26,w:23},{x:23,y:0,l:26,w:16},{x:0,y:26,l:14,w:20},{x:20,y:27,l:13,w:18},],
----------------------- 13 ---------------------------
canvasWidth:40,
canvasHeight:40,
data:[{x:0,y:0,l:28,w:21},{x:25,y:0,l:28,w:15},{x:3,y:28,l:7,w:16},{x:21,y:0,l:20,w:4},{x:21,y:20,l:16,w:4},{x:0,y:28,l:10,w:3},],
----------------------- 14 ---------------------------
canvasWidth:40,
canvasHeight:40,
data:[{x:0,y:0,l:35,w:20},{x:20,y:0,l:33,w:17},],
----------------------- 15 ---------------------------
canvasWidth:40,
canvasHeight:40,
data:[{x:0,y:0,l:20,w:22},{x:22,y:0,l:25,w:16},{x:0,y:20,l:17,w:18},],
----------------------- 16 ---------------------------
canvasWidth:40,
canvasHeight:40,
data:[{x:0,y:0,l:22,w:17},{x:0,y:22,l:13,w:24},{x:17,y:0,l:10,w:21},{x:25,y:10,l:29,w:15},],
