====================================== Class_04.2bp-19 =====================================
Reduced size: 40 usedBin: 0
[0, 1, 2, 3, 4, 6, 7, 8, 9, 10, 11, 13, 14, 15, 17, 18, 20, 21, 22, 23, 25, 28, 29, 30, 32, 33, 34, 35, 36, 37, 38, 39]
[5, 12, 16, 19, 24, 26, 27, 31]
canvasWidth:100,
canvasHeight:100,
data:[{x:0,y:0,l:25,w:27},{x:66,y:1,l:19,w:31},{x:0,y:25,l:35,w:16},{x:16,y:25,l:29,w:19},{x:27,y:0,l:25,w:20},{x:74,y:25,l:19,w:16},{x:47,y:0,l:25,w:19},{x:0,y:60,l:17,w:27},{x:48,y:25,l:20,w:22},{x:58,y:45,l:12,w:35},{x:0,y:77,l:15,w:27},{x:58,y:57,l:28,w:14},{x:72,y:65,l:27,w:14},{x:35,y:25,l:29,w:13},{x:46,y:54,l:31,w:12},{x:86,y:65,l:22,w:13},{x:27,y:60,l:14,w:19},{x:27,y:74,l:13,w:18},{x:72,y:57,l:8,w:28},{x:16,y:54,l:6,w:30},{x:90,y:20,l:15,w:10},{x:66,y:20,l:5,w:24},{x:93,y:44,l:13,w:7},{x:90,y:35,l:9,w:10},{x:89,y:87,l:6,w:11},{x:70,y:25,l:11,w:4},{x:66,y:0,l:1,w:34},{x:89,y:93,l:3,w:11},{x:48,y:45,l:3,w:9},{x:70,y:44,l:1,w:14},{x:84,y:44,l:1,w:9},{x:97,y:1,l:2,w:2},],
canvasWidth:100,
canvasHeight:100,
data:[{x:0,y:0,l:18,w:21},{x:21,y:0,l:14,w:25},{x:46,y:0,l:27,w:18},{x:64,y:0,l:22,w:13},{x:77,y:0,l:16,w:11},{x:0,y:18,l:6,w:21},{x:64,y:22,l:5,w:24},{x:21,y:14,l:3,w:25},],
Best fit used bin number: 2
Found best solution: 2 0.047

   Statrt add columnAndCut col: 2 cons: 0 cut: 0	0.109

	1 Start Add column using column generation  col: 2 cons: 0 cut: 0	0.109
			Start solve  LP :0.109
			End solve LP obj: 2.0 t: 0
	1 End Add column using column generation : 2.0 col: 2 cons: 0 cut: 0	0.109
   End add columnAndCut : 2.0 colGencnt: 1 price: 0 col: 2 cons: 0 cut: 0	0.109

Node lb: 2.0 ub: 2 : 0.109

Final Found Solution: 2 genNode: 1 extendedNode: 0:0.109
Bin size: 10000
1 : 675,589,560,551,500,475,459,440,420,405,392,378,377,372,304,286,266,234,224,180,150,120,91,90,66,44,34,33,27,14,9,4, : 8769
2 : 486,378,350,286,176,126,120,75, : 1997
----------------------- 1 ---------------------------
canvasWidth:100,
canvasHeight:100,
data:[{x:0,y:0,l:25,w:27},{x:66,y:1,l:19,w:31},{x:0,y:25,l:35,w:16},{x:16,y:25,l:29,w:19},{x:27,y:0,l:25,w:20},{x:74,y:25,l:19,w:16},{x:47,y:0,l:25,w:19},{x:0,y:60,l:17,w:27},{x:48,y:25,l:20,w:22},{x:58,y:45,l:12,w:35},{x:0,y:77,l:15,w:27},{x:58,y:57,l:28,w:14},{x:72,y:65,l:27,w:14},{x:35,y:25,l:29,w:13},{x:46,y:54,l:31,w:12},{x:86,y:65,l:22,w:13},{x:27,y:60,l:14,w:19},{x:27,y:74,l:13,w:18},{x:72,y:57,l:8,w:28},{x:16,y:54,l:6,w:30},{x:90,y:20,l:15,w:10},{x:66,y:20,l:5,w:24},{x:93,y:44,l:13,w:7},{x:90,y:35,l:9,w:10},{x:89,y:87,l:6,w:11},{x:70,y:25,l:11,w:4},{x:66,y:0,l:1,w:34},{x:89,y:93,l:3,w:11},{x:48,y:45,l:3,w:9},{x:70,y:44,l:1,w:14},{x:84,y:44,l:1,w:9},{x:97,y:1,l:2,w:2},],
----------------------- 2 ---------------------------
canvasWidth:100,
canvasHeight:100,
data:[{x:0,y:0,l:18,w:21},{x:21,y:0,l:14,w:25},{x:46,y:0,l:27,w:18},{x:64,y:0,l:22,w:13},{x:77,y:0,l:16,w:11},{x:0,y:18,l:6,w:21},{x:64,y:22,l:5,w:24},{x:21,y:14,l:3,w:25},],
