====================================== Class_10.2bp-24 =====================================
Reduced size: 60 usedBin: 0
[0, 27, 32, 45, 46, 48, 53]
[1, 30, 36, 38, 40, 42, 58]
[2, 13, 21, 25, 52, 54]
[3, 7, 20, 31, 43, 49, 56, 57]
[4, 6, 24, 28, 29]
[5, 12, 16, 18, 22, 33, 37, 41, 44]
[8, 10, 17, 23, 26, 34, 35, 39, 47, 50, 55, 59]
[9, 11, 14, 15, 19, 51]
canvasWidth:100,
canvasHeight:100,
data:[{x:0,y:0,l:89,w:86},{x:86,y:0,l:27,w:5},{x:92,y:0,l:100,w:8},{x:0,y:89,l:10,w:47},{x:86,y:43,l:46,w:4},{x:78,y:89,l:11,w:14},{x:86,y:27,l:16,w:5},],
canvasWidth:100,
canvasHeight:100,
data:[{x:0,y:0,l:92,w:77},{x:77,y:0,l:25,w:23},{x:0,y:92,l:8,w:50},{x:77,y:41,l:18,w:22},{x:77,y:25,l:16,w:23},{x:54,y:92,l:7,w:39},{x:50,y:92,l:8,w:4},],
canvasWidth:100,
canvasHeight:100,
data:[{x:0,y:0,l:85,w:68},{x:0,y:85,l:15,w:91},{x:68,y:29,l:39,w:26},{x:68,y:0,l:29,w:32},{x:96,y:29,l:27,w:3},{x:94,y:29,l:39,w:2},],
canvasWidth:100,
canvasHeight:100,
data:[{x:0,y:0,l:51,w:89},{x:0,y:51,l:30,w:81},{x:0,y:81,l:13,w:84},{x:89,y:0,l:44,w:11},{x:90,y:44,l:26,w:10},{x:81,y:51,l:30,w:4},{x:85,y:70,l:5,w:8},{x:85,y:51,l:10,w:4},],
canvasWidth:100,
canvasHeight:100,
data:[{x:0,y:0,l:92,w:44},{x:44,y:0,l:75,w:37},{x:81,y:0,l:78,w:12},{x:45,y:78,l:15,w:48},{x:93,y:0,l:94,w:7},],
canvasWidth:100,
canvasHeight:100,
data:[{x:0,y:0,l:32,w:97},{x:63,y:32,l:47,w:34},{x:37,y:32,l:47,w:26},{x:0,y:79,l:15,w:66},{x:0,y:32,l:39,w:12},{x:81,y:79,l:21,w:19},{x:67,y:79,l:21,w:14},{x:97,y:0,l:79,w:3},{x:13,y:32,l:47,w:24},],
canvasWidth:100,
canvasHeight:100,
data:[{x:0,y:0,l:99,w:24},{x:36,y:0,l:44,w:43},{x:24,y:0,l:99,w:12},{x:36,y:44,l:37,w:26},{x:90,y:0,l:84,w:10},{x:62,y:44,l:24,w:17},{x:36,y:81,l:13,w:31},{x:68,y:71,l:18,w:22},{x:36,y:94,l:3,w:47},{x:67,y:89,l:4,w:29},{x:62,y:68,l:3,w:25},{x:0,y:99,l:1,w:7},],
canvasWidth:100,
canvasHeight:100,
data:[{x:0,y:0,l:28,w:82},{x:0,y:28,l:40,w:45},{x:0,y:68,l:29,w:45},{x:45,y:28,l:29,w:44},{x:45,y:57,l:25,w:44},{x:0,y:97,l:3,w:31},],
Best fit used bin number: 8
Found best solution: 8 0.063

   Statrt add columnAndCut col: 8 cons: 0 cut: 0	0.157

	1 Start Add column using column generation  col: 8 cons: 0 cut: 0	0.157
			Start solve  LP :0.157
			End solve LP obj: 8.0 t: 0
	1 End Add column using column generation : 8.0 col: 8 cons: 0 cut: 0	0.157
   End add columnAndCut : 8.0 colGencnt: 1 price: 0 col: 8 cons: 0 cut: 0	0.157

Node lb: 8.0 ub: 8 : 0.157

Final Found Solution: 8 genNode: 1 extendedNode: 0:0.157
Bin size: 10000
1 : 7654,800,470,184,154,135,80, : 9477
2 : 7084,575,400,396,368,273,32, : 9128
3 : 5780,1365,1014,928,81,78, : 9246
4 : 4539,2430,1092,484,260,120,40,40, : 9005
5 : 4048,2775,936,720,658, : 9137
6 : 3104,1598,1222,1128,990,468,399,294,237, : 9440
7 : 2376,1892,1188,962,840,408,403,396,141,116,75,7, : 8804
8 : 2296,1800,1305,1276,1100,93, : 7870
----------------------- 1 ---------------------------
canvasWidth:100,
canvasHeight:100,
data:[{x:0,y:0,l:89,w:86},{x:86,y:0,l:27,w:5},{x:92,y:0,l:100,w:8},{x:0,y:89,l:10,w:47},{x:86,y:43,l:46,w:4},{x:78,y:89,l:11,w:14},{x:86,y:27,l:16,w:5},],
----------------------- 2 ---------------------------
canvasWidth:100,
canvasHeight:100,
data:[{x:0,y:0,l:92,w:77},{x:77,y:0,l:25,w:23},{x:0,y:92,l:8,w:50},{x:77,y:41,l:18,w:22},{x:77,y:25,l:16,w:23},{x:54,y:92,l:7,w:39},{x:50,y:92,l:8,w:4},],
----------------------- 3 ---------------------------
canvasWidth:100,
canvasHeight:100,
data:[{x:0,y:0,l:85,w:68},{x:0,y:85,l:15,w:91},{x:68,y:29,l:39,w:26},{x:68,y:0,l:29,w:32},{x:96,y:29,l:27,w:3},{x:94,y:29,l:39,w:2},],
----------------------- 4 ---------------------------
canvasWidth:100,
canvasHeight:100,
data:[{x:0,y:0,l:51,w:89},{x:0,y:51,l:30,w:81},{x:0,y:81,l:13,w:84},{x:89,y:0,l:44,w:11},{x:90,y:44,l:26,w:10},{x:81,y:51,l:30,w:4},{x:85,y:70,l:5,w:8},{x:85,y:51,l:10,w:4},],
----------------------- 5 ---------------------------
canvasWidth:100,
canvasHeight:100,
data:[{x:0,y:0,l:92,w:44},{x:44,y:0,l:75,w:37},{x:81,y:0,l:78,w:12},{x:45,y:78,l:15,w:48},{x:93,y:0,l:94,w:7},],
----------------------- 6 ---------------------------
canvasWidth:100,
canvasHeight:100,
data:[{x:0,y:0,l:32,w:97},{x:63,y:32,l:47,w:34},{x:37,y:32,l:47,w:26},{x:0,y:79,l:15,w:66},{x:0,y:32,l:39,w:12},{x:81,y:79,l:21,w:19},{x:67,y:79,l:21,w:14},{x:97,y:0,l:79,w:3},{x:13,y:32,l:47,w:24},],
----------------------- 7 ---------------------------
canvasWidth:100,
canvasHeight:100,
data:[{x:0,y:0,l:99,w:24},{x:36,y:0,l:44,w:43},{x:24,y:0,l:99,w:12},{x:36,y:44,l:37,w:26},{x:90,y:0,l:84,w:10},{x:62,y:44,l:24,w:17},{x:36,y:81,l:13,w:31},{x:68,y:71,l:18,w:22},{x:36,y:94,l:3,w:47},{x:67,y:89,l:4,w:29},{x:62,y:68,l:3,w:25},{x:0,y:99,l:1,w:7},],
----------------------- 8 ---------------------------
canvasWidth:100,
canvasHeight:100,
data:[{x:0,y:0,l:28,w:82},{x:0,y:28,l:40,w:45},{x:0,y:68,l:29,w:45},{x:45,y:28,l:29,w:44},{x:45,y:57,l:25,w:44},{x:0,y:97,l:3,w:31},],
