====================================== Class_01.2bp-7 =====================================
Reduced size: 20 usedBin: 0
[0, 15, 17]
[1, 12, 18]
[2, 13, 19]
[5, 6, 7]
[8, 9, 10, 11, 14, 16]
[3, 4]
canvasWidth:10,
canvasHeight:10,
data:[{x:0,y:0,l:10,w:9},{x:9,y:0,l:4,w:1},{x:9,y:4,l:6,w:1},],
canvasWidth:10,
canvasHeight:10,
data:[{x:0,y:0,l:10,w:7},{x:7,y:1,l:6,w:2},{x:7,y:0,l:1,w:3},],
canvasWidth:10,
canvasHeight:10,
data:[{x:0,y:0,l:8,w:7},{x:0,y:8,l:2,w:5},{x:5,y:8,l:2,w:1},],
canvasWidth:10,
canvasHeight:10,
data:[{x:0,y:0,l:6,w:6},{x:3,y:6,l:4,w:7},{x:6,y:0,l:6,w:4},],
canvasWidth:10,
canvasHeight:10,
data:[{x:0,y:0,l:5,w:4},{x:1,y:6,l:2,w:9},{x:0,y:8,l:2,w:8},{x:5,y:0,l:2,w:5},{x:4,y:0,l:5,w:1},{x:6,y:2,l:4,w:4},],
canvasWidth:10,
canvasHeight:10,
data:[{x:0,y:0,l:9,w:5},{x:5,y:0,l:9,w:4},],
Best fit used bin number: 6
Found best solution: 6 0.047

   Statrt add columnAndCut col: 6 cons: 0 cut: 0	0.125

	1 Start Add column using column generation  col: 6 cons: 0 cut: 0	0.125
			Start solve  LP :0.125
			End solve LP obj: 6.0 t: 0
	1 End Add column using column generation : 6.0 col: 6 cons: 0 cut: 0	0.125
   End add columnAndCut : 6.0 colGencnt: 1 price: 0 col: 6 cons: 0 cut: 0	0.125

Node lb: 6.0 ub: 6 : 0.125

Final Found Solution: 6 genNode: 1 extendedNode: 0:0.125
Bin size: 100
1 : 90,6,4, : 100
2 : 70,12,3, : 85
3 : 56,10,2, : 68
4 : 36,28,24, : 88
5 : 20,18,16,16,10,5, : 85
6 : 45,36, : 81
----------------------- 1 ---------------------------
canvasWidth:10,
canvasHeight:10,
data:[{x:0,y:0,l:10,w:9},{x:9,y:0,l:4,w:1},{x:9,y:4,l:6,w:1},],
----------------------- 2 ---------------------------
canvasWidth:10,
canvasHeight:10,
data:[{x:0,y:0,l:10,w:7},{x:7,y:1,l:6,w:2},{x:7,y:0,l:1,w:3},],
----------------------- 3 ---------------------------
canvasWidth:10,
canvasHeight:10,
data:[{x:0,y:0,l:8,w:7},{x:0,y:8,l:2,w:5},{x:5,y:8,l:2,w:1},],
----------------------- 4 ---------------------------
canvasWidth:10,
canvasHeight:10,
data:[{x:0,y:0,l:6,w:6},{x:3,y:6,l:4,w:7},{x:6,y:0,l:6,w:4},],
----------------------- 5 ---------------------------
canvasWidth:10,
canvasHeight:10,
data:[{x:0,y:0,l:5,w:4},{x:1,y:6,l:2,w:9},{x:0,y:8,l:2,w:8},{x:5,y:0,l:2,w:5},{x:4,y:0,l:5,w:1},{x:6,y:2,l:4,w:4},],
----------------------- 6 ---------------------------
canvasWidth:10,
canvasHeight:10,
data:[{x:0,y:0,l:9,w:5},{x:5,y:0,l:9,w:4},],
