====================================== Class_08.2bp-11 =====================================
Reduced size: 40 usedBin: 0
E:\WSKH\2DBPP\NonGuillotine\initSolution\8_12.pack
[0]
[1, 21, 33, 37]
[2, 25]
[3, 10, 38, 39]
[4, 29, 34, 36]
[5, 16]
[6, 14, 35]
[7, 26, 28]
[8, 12]
[9, 13, 30]
[11, 15, 24, 27]
[18, 19, 20, 32]
[17, 22, 23, 31]
canvasWidth:100,
canvasHeight:100,
data:[{x:0,y:0,l:95,w:89},],
canvasWidth:100,
canvasHeight:100,
data:[{x:0,y:0,l:68,w:87},{x:0,y:68,l:24,w:88},{x:0,y:92,l:8,w:88},{x:87,y:0,l:34,w:13},],
canvasWidth:100,
canvasHeight:100,
data:[{x:0,y:0,l:76,w:75},{x:0,y:76,l:24,w:71},],
canvasWidth:100,
canvasHeight:100,
data:[{x:0,y:0,l:59,w:93},{x:0,y:61,l:37,w:96},{x:0,y:59,l:2,w:98},{x:0,y:98,l:2,w:70},],
canvasWidth:100,
canvasHeight:100,
data:[{x:0,y:0,l:83,w:66},{x:80,y:17,l:83,w:15},{x:0,y:83,l:8,w:80},{x:0,y:91,l:7,w:80},],
canvasWidth:100,
canvasHeight:100,
data:[{x:0,y:0,l:99,w:55},{x:55,y:0,l:84,w:31},],
canvasWidth:100,
canvasHeight:100,
data:[{x:0,y:0,l:65,w:82},{x:0,y:65,l:29,w:94},{x:0,y:94,l:6,w:95},],
canvasWidth:100,
canvasHeight:100,
data:[{x:0,y:0,l:78,w:55},{x:0,y:78,l:22,w:66},{x:55,y:0,l:47,w:35},],
canvasWidth:100,
canvasHeight:100,
data:[{x:0,y:55,l:45,w:92},{x:0,y:0,l:54,w:53},],
canvasWidth:100,
canvasHeight:100,
data:[{x:0,y:44,l:18,w:66},{x:0,y:0,l:44,w:92},{x:0,y:62,l:38,w:73},],
canvasWidth:100,
canvasHeight:100,
data:[{x:0,y:0,l:42,w:77},{x:0,y:42,l:40,w:68},{x:77,y:0,l:79,w:23},{x:0,y:82,l:18,w:91},],
canvasWidth:100,
canvasHeight:100,
data:[{x:0,y:0,l:29,w:83},{x:0,y:29,l:33,w:72},{x:0,y:62,l:27,w:87},{x:0,y:89,l:11,w:79},],
canvasWidth:100,
canvasHeight:100,
data:[{x:0,y:0,l:21,w:96},{x:0,y:21,l:26,w:74},{x:0,y:63,l:37,w:68},{x:0,y:47,l:16,w:74},],
Best fit used bin number: 13
Found best solution: 13 0.047

   Statrt add columnAndCut col: 13 cons: 0 cut: 0	0.125

	1 Start Add column using column generation  col: 13 cons: 0 cut: 0	0.125
			Start solve  LP :0.125
			End solve LP obj: 13.0 t: 0
	1 End Add column using column generation : 13.0 col: 13 cons: 0 cut: 0	0.125
   End add columnAndCut : 13.0 colGencnt: 1 price: 0 col: 13 cons: 0 cut: 0	0.125

Node lb: 13.0 ub: 13 : 0.125

Final Found Solution: 13 genNode: 1 extendedNode: 0:0.125
Bin size: 10000
1 : 8455, : 8455
2 : 5916,2112,704,442, : 9174
3 : 5700,1704, : 7404
4 : 5487,3552,196,140, : 9375
5 : 5478,1245,640,560, : 7923
6 : 5445,2604, : 8049
7 : 5330,2726,570, : 8626
8 : 4290,1645,1452, : 7387
9 : 4140,2862, : 7002
10 : 4048,2774,1188, : 8010
11 : 3234,2720,1817,1638, : 9409
12 : 2407,2376,2349,869, : 8001
13 : 2516,2016,1924,1184, : 7640
----------------------- 1 ---------------------------
canvasWidth:100,
canvasHeight:100,
data:[{x:0,y:0,l:95,w:89},],
----------------------- 2 ---------------------------
canvasWidth:100,
canvasHeight:100,
data:[{x:0,y:0,l:68,w:87},{x:0,y:68,l:24,w:88},{x:0,y:92,l:8,w:88},{x:87,y:0,l:34,w:13},],
----------------------- 3 ---------------------------
canvasWidth:100,
canvasHeight:100,
data:[{x:0,y:0,l:76,w:75},{x:0,y:76,l:24,w:71},],
----------------------- 4 ---------------------------
canvasWidth:100,
canvasHeight:100,
data:[{x:0,y:0,l:59,w:93},{x:0,y:61,l:37,w:96},{x:0,y:59,l:2,w:98},{x:0,y:98,l:2,w:70},],
----------------------- 5 ---------------------------
canvasWidth:100,
canvasHeight:100,
data:[{x:0,y:0,l:83,w:66},{x:80,y:17,l:83,w:15},{x:0,y:83,l:8,w:80},{x:0,y:91,l:7,w:80},],
----------------------- 6 ---------------------------
canvasWidth:100,
canvasHeight:100,
data:[{x:0,y:0,l:99,w:55},{x:55,y:0,l:84,w:31},],
----------------------- 7 ---------------------------
canvasWidth:100,
canvasHeight:100,
data:[{x:0,y:0,l:65,w:82},{x:0,y:65,l:29,w:94},{x:0,y:94,l:6,w:95},],
----------------------- 8 ---------------------------
canvasWidth:100,
canvasHeight:100,
data:[{x:0,y:0,l:78,w:55},{x:0,y:78,l:22,w:66},{x:55,y:0,l:47,w:35},],
----------------------- 9 ---------------------------
canvasWidth:100,
canvasHeight:100,
data:[{x:0,y:55,l:45,w:92},{x:0,y:0,l:54,w:53},],
----------------------- 10 ---------------------------
canvasWidth:100,
canvasHeight:100,
data:[{x:0,y:44,l:18,w:66},{x:0,y:0,l:44,w:92},{x:0,y:62,l:38,w:73},],
----------------------- 11 ---------------------------
canvasWidth:100,
canvasHeight:100,
data:[{x:0,y:0,l:42,w:77},{x:0,y:42,l:40,w:68},{x:77,y:0,l:79,w:23},{x:0,y:82,l:18,w:91},],
----------------------- 12 ---------------------------
canvasWidth:100,
canvasHeight:100,
data:[{x:0,y:0,l:29,w:83},{x:0,y:29,l:33,w:72},{x:0,y:62,l:27,w:87},{x:0,y:89,l:11,w:79},],
----------------------- 13 ---------------------------
canvasWidth:100,
canvasHeight:100,
data:[{x:0,y:0,l:21,w:96},{x:0,y:21,l:26,w:74},{x:0,y:63,l:37,w:68},{x:0,y:47,l:16,w:74},],
