====================================== Class_08.2bp-21 =====================================
Reduced size: 60 usedBin: 0
E:\WSKH\2DBPP\NonGuillotine\initSolution\8_22.pack
[0, 22, 52]
[4, 10, 56]
[3, 33, 45]
[7, 15, 41]
[8, 19, 43, 47]
[17, 31, 38, 40]
[2, 12]
[9, 14, 36]
[1, 29, 34]
[5, 28, 30]
[23, 24, 27, 54]
[11, 13, 42, 48]
[20, 32, 35]
[18, 46, 49, 50, 51, 57]
[6, 21, 53]
[16, 37, 44, 58]
[25, 26, 39, 55, 59]
canvasWidth:100,
canvasHeight:100,
data:[{x:0,y:0,l:59,w:97},{x:85,y:59,l:41,w:15},{x:0,y:59,l:39,w:75},],
canvasWidth:100,
canvasHeight:100,
data:[{x:0,y:51,l:49,w:96},{x:0,y:0,l:51,w:75},{x:75,y:0,l:32,w:11},],
canvasWidth:100,
canvasHeight:100,
data:[{x:0,y:0,l:48,w:100},{x:0,y:48,l:25,w:84},{x:0,y:73,l:27,w:43},],
canvasWidth:100,
canvasHeight:100,
data:[{x:0,y:59,l:41,w:100},{x:0,y:0,l:36,w:95},{x:0,y:36,l:22,w:66},],
canvasWidth:100,
canvasHeight:100,
data:[{x:0,y:48,l:36,w:85},{x:0,y:0,l:48,w:83},{x:0,y:84,l:16,w:84},{x:85,y:0,l:73,w:15},],
canvasWidth:100,
canvasHeight:100,
data:[{x:0,y:0,l:45,w:73},{x:0,y:67,l:28,w:80},{x:0,y:45,l:22,w:78},{x:78,y:0,l:67,w:22},],
canvasWidth:100,
canvasHeight:100,
data:[{x:52,y:0,l:100,w:48},{x:0,y:0,l:87,w:42},],
canvasWidth:100,
canvasHeight:100,
data:[{x:0,y:0,l:48,w:74},{x:0,y:48,l:50,w:79},{x:80,y:0,l:90,w:20},],
canvasWidth:100,
canvasHeight:100,
data:[{x:0,y:19,l:49,w:99},{x:0,y:68,l:31,w:76},{x:0,y:0,l:19,w:100},],
canvasWidth:100,
canvasHeight:100,
data:[{x:0,y:47,l:26,w:92},{x:0,y:0,l:47,w:99},{x:0,y:73,l:27,w:87},],
canvasWidth:100,
canvasHeight:100,
data:[{x:0,y:0,l:32,w:87},{x:0,y:32,l:38,w:69},{x:0,y:70,l:25,w:99},{x:0,y:95,l:5,w:92},],
canvasWidth:100,
canvasHeight:100,
data:[{x:14,y:57,l:43,w:86},{x:14,y:0,l:44,w:83},{x:0,y:0,l:100,w:14},{x:14,y:44,l:13,w:67},],
canvasWidth:100,
canvasHeight:100,
data:[{x:0,y:24,l:44,w:69},{x:0,y:68,l:32,w:68},{x:0,y:0,l:24,w:77},],
canvasWidth:100,
canvasHeight:100,
data:[{x:0,y:0,l:47,w:69},{x:0,y:47,l:12,w:95},{x:0,y:59,l:13,w:66},{x:0,y:72,l:12,w:70},{x:0,y:84,l:12,w:66},{x:0,y:96,l:4,w:88},],
canvasWidth:100,
canvasHeight:100,
data:[{x:0,y:0,l:48,w:93},{x:0,y:48,l:39,w:76},{x:0,y:87,l:7,w:70},],
canvasWidth:100,
canvasHeight:100,
data:[{x:0,y:33,l:39,w:87},{x:0,y:14,l:19,w:92},{x:0,y:0,l:14,w:93},{x:0,y:72,l:4,w:66},],
canvasWidth:100,
canvasHeight:100,
data:[{x:0,y:27,l:28,w:90},{x:0,y:0,l:27,w:92},{x:0,y:62,l:22,w:70},{x:0,y:55,l:6,w:74},{x:0,y:61,l:1,w:73},],
Best fit used bin number: 17
Found best solution: 17 0.078

   Statrt add columnAndCut col: 17 cons: 0 cut: 0	0.14

	1 Start Add column using column generation  col: 17 cons: 0 cut: 0	0.14
			Start solve  LP :0.14
			End solve LP obj: 17.0 t: 0
	1 End Add column using column generation : 17.0 col: 17 cons: 0 cut: 0	0.14
   End add columnAndCut : 17.0 colGencnt: 1 price: 0 col: 17 cons: 0 cut: 0	0.14

Node lb: 17.0 ub: 17 : 0.14

Final Found Solution: 17 genNode: 1 extendedNode: 0:0.14
Bin size: 10000
1 : 5723,2925,615, : 9263
2 : 4704,3825,352, : 8881
3 : 4800,2100,1161, : 8061
4 : 4100,3420,1452, : 8972
5 : 3984,3060,1344,1095, : 9483
6 : 3285,2240,1716,1474, : 8715
7 : 4800,3654, : 8454
8 : 3950,3552,1800, : 9302
9 : 4851,2356,1900, : 9107
10 : 4653,2392,2349, : 9394
11 : 2784,2622,2475,460, : 8341
12 : 3698,3652,1400,871, : 9621
13 : 3036,2176,1848, : 7060
14 : 3243,1140,858,840,792,352, : 7225
15 : 4464,2964,490, : 7918
16 : 3393,1748,1302,264, : 6707
17 : 2520,2484,1540,444,73, : 7061
----------------------- 1 ---------------------------
canvasWidth:100,
canvasHeight:100,
data:[{x:0,y:0,l:59,w:97},{x:85,y:59,l:41,w:15},{x:0,y:59,l:39,w:75},],
----------------------- 2 ---------------------------
canvasWidth:100,
canvasHeight:100,
data:[{x:0,y:51,l:49,w:96},{x:0,y:0,l:51,w:75},{x:75,y:0,l:32,w:11},],
----------------------- 3 ---------------------------
canvasWidth:100,
canvasHeight:100,
data:[{x:0,y:0,l:48,w:100},{x:0,y:48,l:25,w:84},{x:0,y:73,l:27,w:43},],
----------------------- 4 ---------------------------
canvasWidth:100,
canvasHeight:100,
data:[{x:0,y:59,l:41,w:100},{x:0,y:0,l:36,w:95},{x:0,y:36,l:22,w:66},],
----------------------- 5 ---------------------------
canvasWidth:100,
canvasHeight:100,
data:[{x:0,y:48,l:36,w:85},{x:0,y:0,l:48,w:83},{x:0,y:84,l:16,w:84},{x:85,y:0,l:73,w:15},],
----------------------- 6 ---------------------------
canvasWidth:100,
canvasHeight:100,
data:[{x:0,y:0,l:45,w:73},{x:0,y:67,l:28,w:80},{x:0,y:45,l:22,w:78},{x:78,y:0,l:67,w:22},],
----------------------- 7 ---------------------------
canvasWidth:100,
canvasHeight:100,
data:[{x:52,y:0,l:100,w:48},{x:0,y:0,l:87,w:42},],
----------------------- 8 ---------------------------
canvasWidth:100,
canvasHeight:100,
data:[{x:0,y:0,l:48,w:74},{x:0,y:48,l:50,w:79},{x:80,y:0,l:90,w:20},],
----------------------- 9 ---------------------------
canvasWidth:100,
canvasHeight:100,
data:[{x:0,y:19,l:49,w:99},{x:0,y:68,l:31,w:76},{x:0,y:0,l:19,w:100},],
----------------------- 10 ---------------------------
canvasWidth:100,
canvasHeight:100,
data:[{x:0,y:47,l:26,w:92},{x:0,y:0,l:47,w:99},{x:0,y:73,l:27,w:87},],
----------------------- 11 ---------------------------
canvasWidth:100,
canvasHeight:100,
data:[{x:0,y:0,l:32,w:87},{x:0,y:32,l:38,w:69},{x:0,y:70,l:25,w:99},{x:0,y:95,l:5,w:92},],
----------------------- 12 ---------------------------
canvasWidth:100,
canvasHeight:100,
data:[{x:14,y:57,l:43,w:86},{x:14,y:0,l:44,w:83},{x:0,y:0,l:100,w:14},{x:14,y:44,l:13,w:67},],
----------------------- 13 ---------------------------
canvasWidth:100,
canvasHeight:100,
data:[{x:0,y:24,l:44,w:69},{x:0,y:68,l:32,w:68},{x:0,y:0,l:24,w:77},],
----------------------- 14 ---------------------------
canvasWidth:100,
canvasHeight:100,
data:[{x:0,y:0,l:47,w:69},{x:0,y:47,l:12,w:95},{x:0,y:59,l:13,w:66},{x:0,y:72,l:12,w:70},{x:0,y:84,l:12,w:66},{x:0,y:96,l:4,w:88},],
----------------------- 15 ---------------------------
canvasWidth:100,
canvasHeight:100,
data:[{x:0,y:0,l:48,w:93},{x:0,y:48,l:39,w:76},{x:0,y:87,l:7,w:70},],
----------------------- 16 ---------------------------
canvasWidth:100,
canvasHeight:100,
data:[{x:0,y:33,l:39,w:87},{x:0,y:14,l:19,w:92},{x:0,y:0,l:14,w:93},{x:0,y:72,l:4,w:66},],
----------------------- 17 ---------------------------
canvasWidth:100,
canvasHeight:100,
data:[{x:0,y:27,l:28,w:90},{x:0,y:0,l:27,w:92},{x:0,y:62,l:22,w:70},{x:0,y:55,l:6,w:74},{x:0,y:61,l:1,w:73},],
