====================================== Class_04.2bp-23 =====================================
Reduced size: 60 usedBin: 0
[0, 1, 2, 3, 4, 7, 8, 12, 14, 16, 20, 22, 23, 25, 32, 40, 41, 42, 44, 45, 49, 56, 58]
[5, 6, 9, 10, 11, 13, 15, 17, 18, 19, 21, 24, 26, 27, 28, 29, 30, 31, 33, 34, 35, 36, 37, 38, 39, 43, 46, 47, 48, 50, 51, 52, 53, 54, 55, 57, 59]
canvasWidth:100,
canvasHeight:100,
data:[{x:0,y:0,l:31,w:34},{x:60,y:49,l:20,w:6},{x:60,y:34,l:15,w:6},{x:66,y:31,l:25,w:10},{x:60,y:31,l:3,w:6},{x:0,y:65,l:35,w:10},{x:96,y:33,l:20,w:4},{x:66,y:56,l:24,w:28},{x:37,y:30,l:22,w:23},{x:0,y:31,l:34,w:34},{x:37,y:69,l:31,w:29},{x:76,y:33,l:23,w:20},{x:76,y:0,l:16,w:24},{x:34,y:0,l:30,w:26},{x:34,y:43,l:22,w:3},{x:37,y:52,l:17,w:23},{x:34,y:30,l:13,w:3},{x:10,y:65,l:35,w:27},{x:66,y:80,l:20,w:34},{x:76,y:16,l:17,w:24},{x:94,y:57,l:23,w:1},{x:96,y:53,l:27,w:4},{x:60,y:0,l:31,w:16},],
canvasWidth:100,
canvasHeight:100,
data:[{x:0,y:0,l:18,w:15},{x:0,y:18,l:21,w:21},{x:0,y:64,l:22,w:9},{x:0,y:39,l:21,w:21},{x:0,y:86,l:11,w:27},{x:21,y:27,l:17,w:35},{x:56,y:0,l:21,w:28},{x:15,y:0,l:18,w:26},{x:41,y:0,l:27,w:15},{x:42,y:64,l:17,w:26},{x:42,y:81,l:2,w:27},{x:0,y:60,l:4,w:21},{x:9,y:64,l:22,w:33},{x:18,y:99,l:1,w:26},{x:0,y:97,l:3,w:7},{x:71,y:76,l:24,w:13},{x:68,y:83,l:8,w:1},{x:21,y:44,l:20,w:35},{x:94,y:23,l:33,w:5},{x:27,y:86,l:11,w:23},{x:89,y:51,l:25,w:5},{x:85,y:23,l:28,w:7},{x:85,y:0,l:23,w:15},{x:7,y:97,l:3,w:11},{x:84,y:77,l:23,w:16},{x:44,y:99,l:1,w:26},{x:56,y:21,l:11,w:29},{x:21,y:18,l:9,w:20},{x:99,y:23,l:32,w:1},{x:68,y:91,l:8,w:3},{x:50,y:85,l:12,w:18},{x:42,y:83,l:2,w:23},{x:56,y:32,l:19,w:29},{x:18,y:97,l:2,w:32},{x:69,y:51,l:25,w:20},{x:68,y:56,l:25,w:1},{x:56,y:52,l:12,w:12},],
Best fit used bin number: 2
Found best solution: 2 0.062

   Statrt add columnAndCut col: 2 cons: 0 cut: 0	0.125

	1 Start Add column using column generation  col: 2 cons: 0 cut: 0	0.125
			Start solve  LP :0.125
			End solve LP obj: 2.0 t: 0
	1 End Add column using column generation : 2.0 col: 2 cons: 0 cut: 0	0.125
   End add columnAndCut : 2.0 colGencnt: 1 price: 0 col: 2 cons: 0 cut: 0	0.125

Node lb: 2.0 ub: 2 : 0.125

Final Found Solution: 2 genNode: 1 extendedNode: 0:0.125
Bin size: 10000
1 : 1156,1054,945,899,780,680,672,506,496,460,408,391,384,350,250,120,108,90,80,66,39,23,18, : 9975
2 : 726,700,595,588,551,500,468,442,441,441,405,368,345,319,312,297,270,253,216,198,196,180,165,144,125,84,64,54,46,33,32,26,26,25,24,21,8, : 9688
----------------------- 1 ---------------------------
canvasWidth:100,
canvasHeight:100,
data:[{x:0,y:0,l:31,w:34},{x:60,y:49,l:20,w:6},{x:60,y:34,l:15,w:6},{x:66,y:31,l:25,w:10},{x:60,y:31,l:3,w:6},{x:0,y:65,l:35,w:10},{x:96,y:33,l:20,w:4},{x:66,y:56,l:24,w:28},{x:37,y:30,l:22,w:23},{x:0,y:31,l:34,w:34},{x:37,y:69,l:31,w:29},{x:76,y:33,l:23,w:20},{x:76,y:0,l:16,w:24},{x:34,y:0,l:30,w:26},{x:34,y:43,l:22,w:3},{x:37,y:52,l:17,w:23},{x:34,y:30,l:13,w:3},{x:10,y:65,l:35,w:27},{x:66,y:80,l:20,w:34},{x:76,y:16,l:17,w:24},{x:94,y:57,l:23,w:1},{x:96,y:53,l:27,w:4},{x:60,y:0,l:31,w:16},],
----------------------- 2 ---------------------------
canvasWidth:100,
canvasHeight:100,
data:[{x:0,y:0,l:18,w:15},{x:0,y:18,l:21,w:21},{x:0,y:64,l:22,w:9},{x:0,y:39,l:21,w:21},{x:0,y:86,l:11,w:27},{x:21,y:27,l:17,w:35},{x:56,y:0,l:21,w:28},{x:15,y:0,l:18,w:26},{x:41,y:0,l:27,w:15},{x:42,y:64,l:17,w:26},{x:42,y:81,l:2,w:27},{x:0,y:60,l:4,w:21},{x:9,y:64,l:22,w:33},{x:18,y:99,l:1,w:26},{x:0,y:97,l:3,w:7},{x:71,y:76,l:24,w:13},{x:68,y:83,l:8,w:1},{x:21,y:44,l:20,w:35},{x:94,y:23,l:33,w:5},{x:27,y:86,l:11,w:23},{x:89,y:51,l:25,w:5},{x:85,y:23,l:28,w:7},{x:85,y:0,l:23,w:15},{x:7,y:97,l:3,w:11},{x:84,y:77,l:23,w:16},{x:44,y:99,l:1,w:26},{x:56,y:21,l:11,w:29},{x:21,y:18,l:9,w:20},{x:99,y:23,l:32,w:1},{x:68,y:91,l:8,w:3},{x:50,y:85,l:12,w:18},{x:42,y:83,l:2,w:23},{x:56,y:32,l:19,w:29},{x:18,y:97,l:2,w:32},{x:69,y:51,l:25,w:20},{x:68,y:56,l:25,w:1},{x:56,y:52,l:12,w:12},],
