====================================== Class_08.2bp-34 =====================================
Reduced size: 80 usedBin: 0
E:\WSKH\2DBPP\NonGuillotine\initSolution\8_35.pack
[0, 65]
[1, 61]
[2, 58, 69]
[3, 50]
[4, 40]
[5, 46, 70, 77]
[6, 47, 56]
[7, 9]
[8, 45, 63, 74, 79]
[10, 36, 62, 75]
[11, 15]
[13, 14, 76]
[17, 19, 64]
[42, 43, 49]
[16, 29, 73]
[25, 38, 52]
[21, 34, 51]
[18, 22, 68, 78]
[28, 37, 53]
[12, 23]
[26, 27, 48, 71]
[33, 35, 54]
[31, 39, 59, 60]
[30, 41, 66, 67]
[24, 32, 57]
[20, 44, 55, 72]
canvasWidth:100,
canvasHeight:100,
data:[{x:0,y:0,l:83,w:95},{x:0,y:83,l:14,w:66},],
canvasWidth:100,
canvasHeight:100,
data:[{x:0,y:0,l:82,w:89},{x:0,y:82,l:15,w:83},],
canvasWidth:100,
canvasHeight:100,
data:[{x:0,y:0,l:96,w:71},{x:71,y:27,l:67,w:21},{x:71,y:0,l:27,w:28},],
canvasWidth:100,
canvasHeight:100,
data:[{x:0,y:0,l:65,w:92},{x:0,y:65,l:31,w:78},],
canvasWidth:100,
canvasHeight:100,
data:[{x:0,y:0,l:69,w:77},{x:0,y:69,l:30,w:92},],
canvasWidth:100,
canvasHeight:100,
data:[{x:0,y:0,l:63,w:84},{x:0,y:63,l:29,w:87},{x:0,y:92,l:8,w:86},{x:87,y:84,l:16,w:7},],
canvasWidth:100,
canvasHeight:100,
data:[{x:0,y:0,l:68,w:76},{x:0,y:68,l:30,w:82},{x:82,y:0,l:85,w:18},],
canvasWidth:100,
canvasHeight:100,
data:[{x:0,y:0,l:97,w:52},{x:52,y:0,l:99,w:48},],
canvasWidth:100,
canvasHeight:100,
data:[{x:0,y:0,l:78,w:64},{x:73,y:2,l:94,w:27},{x:0,y:78,l:16,w:73},{x:0,y:94,l:4,w:73},{x:64,y:0,l:2,w:33},],
canvasWidth:100,
canvasHeight:100,
data:[{x:0,y:0,l:85,w:55},{x:55,y:0,l:78,w:37},{x:0,y:87,l:13,w:94},{x:94,y:10,l:90,w:3},],
canvasWidth:100,
canvasHeight:100,
data:[{x:0,y:0,l:56,w:83},{x:0,y:60,l:40,w:100},],
canvasWidth:100,
canvasHeight:100,
data:[{x:0,y:0,l:77,w:57},{x:57,y:0,l:97,w:42},{x:0,y:97,l:3,w:67},],
canvasWidth:100,
canvasHeight:100,
data:[{x:0,y:0,l:46,w:83},{x:0,y:46,l:40,w:91},{x:0,y:86,l:14,w:68},],
canvasWidth:100,
canvasHeight:100,
data:[{x:0,y:0,l:30,w:91},{x:0,y:61,l:38,w:71},{x:0,y:30,l:31,w:78},],
canvasWidth:100,
canvasHeight:100,
data:[{x:0,y:6,l:45,w:87},{x:0,y:51,l:44,w:72},{x:0,y:0,l:6,w:88},],
canvasWidth:100,
canvasHeight:100,
data:[{x:0,y:0,l:39,w:83},{x:0,y:39,l:40,w:71},{x:0,y:79,l:21,w:92},],
canvasWidth:100,
canvasHeight:100,
data:[{x:0,y:0,l:35,w:97},{x:0,y:35,l:38,w:79},{x:0,y:73,l:27,w:84},],
canvasWidth:100,
canvasHeight:100,
data:[{x:0,y:0,l:38,w:96},{x:0,y:38,l:49,w:69},{x:0,y:87,l:12,w:67},{x:0,y:99,l:1,w:99},],
canvasWidth:100,
canvasHeight:100,
data:[{x:0,y:0,l:44,w:72},{x:0,y:44,l:38,w:75},{x:0,y:82,l:17,w:100},],
canvasWidth:100,
canvasHeight:100,
data:[{x:0,y:0,l:49,w:92},{x:0,y:49,l:45,w:73},],
canvasWidth:100,
canvasHeight:100,
data:[{x:0,y:0,l:46,w:70},{x:0,y:46,l:44,w:73},{x:73,y:0,l:90,w:27},{x:0,y:90,l:10,w:66},],
canvasWidth:100,
canvasHeight:100,
data:[{x:0,y:0,l:45,w:68},{x:0,y:45,l:30,w:98},{x:0,y:75,l:22,w:76},],
canvasWidth:100,
canvasHeight:100,
data:[{x:0,y:0,l:39,w:79},{x:0,y:39,l:42,w:66},{x:0,y:83,l:17,w:76},{x:79,y:0,l:78,w:16},],
canvasWidth:100,
canvasHeight:100,
data:[{x:0,y:0,l:38,w:83},{x:0,y:50,l:38,w:72},{x:0,y:38,l:12,w:73},{x:0,y:88,l:12,w:71},],
canvasWidth:100,
canvasHeight:100,
data:[{x:0,y:0,l:41,w:80},{x:0,y:41,l:40,w:77},{x:0,y:81,l:19,w:77},],
canvasWidth:100,
canvasHeight:100,
data:[{x:0,y:0,l:17,w:90},{x:0,y:24,l:30,w:87},{x:0,y:54,l:43,w:80},{x:0,y:17,l:7,w:89},],
Best fit used bin number: 26
Found best solution: 26 0.078

   Statrt add columnAndCut col: 26 cons: 0 cut: 0	0.156

	1 Start Add column using column generation  col: 26 cons: 0 cut: 0	0.156
			Start solve  LP :0.156
			End solve LP obj: 26.0 t: 0
	1 End Add column using column generation : 26.0 col: 26 cons: 0 cut: 0	0.156
   End add columnAndCut : 26.0 colGencnt: 1 price: 0 col: 26 cons: 0 cut: 0	0.156

Node lb: 26.0 ub: 26 : 0.156

Final Found Solution: 26 genNode: 1 extendedNode: 0:0.156
Bin size: 10000
1 : 7885,924, : 8809
2 : 7298,1245, : 8543
3 : 6816,1407,756, : 8979
4 : 5980,2418, : 8398
5 : 5313,2760, : 8073
6 : 5292,2523,688,112, : 8615
7 : 5168,2460,1530, : 9158
8 : 5044,4752, : 9796
9 : 4992,2538,1168,292,66, : 9056
10 : 4675,2886,1222,270, : 9053
11 : 4648,4000, : 8648
12 : 4389,4074,201, : 8664
13 : 3818,3640,952, : 8410
14 : 2730,2698,2418, : 7846
15 : 3915,3168,528, : 7611
16 : 3237,2840,1932, : 8009
17 : 3395,3002,2268, : 8665
18 : 3648,3381,804,99, : 7932
19 : 3168,2850,1700, : 7718
20 : 4508,3285, : 7793
21 : 3220,3212,2430,660, : 9522
22 : 3060,2940,1672, : 7672
23 : 3081,2772,1292,1248, : 8393
24 : 3154,2736,876,852, : 7618
25 : 3280,3080,1463, : 7823
26 : 3440,2610,1530,623, : 8203
----------------------- 1 ---------------------------
canvasWidth:100,
canvasHeight:100,
data:[{x:0,y:0,l:83,w:95},{x:0,y:83,l:14,w:66},],
----------------------- 2 ---------------------------
canvasWidth:100,
canvasHeight:100,
data:[{x:0,y:0,l:82,w:89},{x:0,y:82,l:15,w:83},],
----------------------- 3 ---------------------------
canvasWidth:100,
canvasHeight:100,
data:[{x:0,y:0,l:96,w:71},{x:71,y:27,l:67,w:21},{x:71,y:0,l:27,w:28},],
----------------------- 4 ---------------------------
canvasWidth:100,
canvasHeight:100,
data:[{x:0,y:0,l:65,w:92},{x:0,y:65,l:31,w:78},],
----------------------- 5 ---------------------------
canvasWidth:100,
canvasHeight:100,
data:[{x:0,y:0,l:69,w:77},{x:0,y:69,l:30,w:92},],
----------------------- 6 ---------------------------
canvasWidth:100,
canvasHeight:100,
data:[{x:0,y:0,l:63,w:84},{x:0,y:63,l:29,w:87},{x:0,y:92,l:8,w:86},{x:87,y:84,l:16,w:7},],
----------------------- 7 ---------------------------
canvasWidth:100,
canvasHeight:100,
data:[{x:0,y:0,l:68,w:76},{x:0,y:68,l:30,w:82},{x:82,y:0,l:85,w:18},],
----------------------- 8 ---------------------------
canvasWidth:100,
canvasHeight:100,
data:[{x:0,y:0,l:97,w:52},{x:52,y:0,l:99,w:48},],
----------------------- 9 ---------------------------
canvasWidth:100,
canvasHeight:100,
data:[{x:0,y:0,l:78,w:64},{x:73,y:2,l:94,w:27},{x:0,y:78,l:16,w:73},{x:0,y:94,l:4,w:73},{x:64,y:0,l:2,w:33},],
----------------------- 10 ---------------------------
canvasWidth:100,
canvasHeight:100,
data:[{x:0,y:0,l:85,w:55},{x:55,y:0,l:78,w:37},{x:0,y:87,l:13,w:94},{x:94,y:10,l:90,w:3},],
----------------------- 11 ---------------------------
canvasWidth:100,
canvasHeight:100,
data:[{x:0,y:0,l:56,w:83},{x:0,y:60,l:40,w:100},],
----------------------- 12 ---------------------------
canvasWidth:100,
canvasHeight:100,
data:[{x:0,y:0,l:77,w:57},{x:57,y:0,l:97,w:42},{x:0,y:97,l:3,w:67},],
----------------------- 13 ---------------------------
canvasWidth:100,
canvasHeight:100,
data:[{x:0,y:0,l:46,w:83},{x:0,y:46,l:40,w:91},{x:0,y:86,l:14,w:68},],
----------------------- 14 ---------------------------
canvasWidth:100,
canvasHeight:100,
data:[{x:0,y:0,l:30,w:91},{x:0,y:61,l:38,w:71},{x:0,y:30,l:31,w:78},],
----------------------- 15 ---------------------------
canvasWidth:100,
canvasHeight:100,
data:[{x:0,y:6,l:45,w:87},{x:0,y:51,l:44,w:72},{x:0,y:0,l:6,w:88},],
----------------------- 16 ---------------------------
canvasWidth:100,
canvasHeight:100,
data:[{x:0,y:0,l:39,w:83},{x:0,y:39,l:40,w:71},{x:0,y:79,l:21,w:92},],
----------------------- 17 ---------------------------
canvasWidth:100,
canvasHeight:100,
data:[{x:0,y:0,l:35,w:97},{x:0,y:35,l:38,w:79},{x:0,y:73,l:27,w:84},],
----------------------- 18 ---------------------------
canvasWidth:100,
canvasHeight:100,
data:[{x:0,y:0,l:38,w:96},{x:0,y:38,l:49,w:69},{x:0,y:87,l:12,w:67},{x:0,y:99,l:1,w:99},],
----------------------- 19 ---------------------------
canvasWidth:100,
canvasHeight:100,
data:[{x:0,y:0,l:44,w:72},{x:0,y:44,l:38,w:75},{x:0,y:82,l:17,w:100},],
----------------------- 20 ---------------------------
canvasWidth:100,
canvasHeight:100,
data:[{x:0,y:0,l:49,w:92},{x:0,y:49,l:45,w:73},],
----------------------- 21 ---------------------------
canvasWidth:100,
canvasHeight:100,
data:[{x:0,y:0,l:46,w:70},{x:0,y:46,l:44,w:73},{x:73,y:0,l:90,w:27},{x:0,y:90,l:10,w:66},],
----------------------- 22 ---------------------------
canvasWidth:100,
canvasHeight:100,
data:[{x:0,y:0,l:45,w:68},{x:0,y:45,l:30,w:98},{x:0,y:75,l:22,w:76},],
----------------------- 23 ---------------------------
canvasWidth:100,
canvasHeight:100,
data:[{x:0,y:0,l:39,w:79},{x:0,y:39,l:42,w:66},{x:0,y:83,l:17,w:76},{x:79,y:0,l:78,w:16},],
----------------------- 24 ---------------------------
canvasWidth:100,
canvasHeight:100,
data:[{x:0,y:0,l:38,w:83},{x:0,y:50,l:38,w:72},{x:0,y:38,l:12,w:73},{x:0,y:88,l:12,w:71},],
----------------------- 25 ---------------------------
canvasWidth:100,
canvasHeight:100,
data:[{x:0,y:0,l:41,w:80},{x:0,y:41,l:40,w:77},{x:0,y:81,l:19,w:77},],
----------------------- 26 ---------------------------
canvasWidth:100,
canvasHeight:100,
data:[{x:0,y:0,l:17,w:90},{x:0,y:24,l:30,w:87},{x:0,y:54,l:43,w:80},{x:0,y:17,l:7,w:89},],
