====================================== Class_02.2bp-32 =====================================
Reduced size: 80 usedBin: 0
E:\WSKH\2DBPP\NonGuillotine\initSolution\2_33.pack
[0, 1, 2, 3, 4, 5, 6, 7, 11, 15, 21, 31, 34, 46, 51, 52, 66, 75, 77, 78, 79]
[8, 10, 12, 13, 14, 16, 17, 18, 19, 20, 22, 23, 24, 25, 28, 32, 37, 39, 40, 43, 44, 53, 56, 58, 59, 61, 65, 67, 68, 70, 71, 74]
[9, 26, 27, 29, 30, 33, 35, 36, 38, 41, 42, 45, 47, 48, 49, 50, 54, 55, 57, 60, 62, 63, 64, 69, 72, 73, 76]
canvasWidth:30,
canvasHeight:30,
data:[{x:0,y:0,l:10,w:10},{x:0,y:10,l:9,w:10},{x:10,y:0,l:9,w:9},{x:19,y:0,l:9,w:9},{x:10,y:9,l:10,w:8},{x:10,y:19,l:9,w:8},{x:0,y:19,l:7,w:10},{x:18,y:9,l:7,w:5},{x:18,y:16,l:6,w:10},{x:23,y:22,l:8,w:7},{x:23,y:9,l:7,w:7},{x:18,y:22,l:8,w:5},{x:0,y:26,l:4,w:7},{x:28,y:0,l:9,w:2},{x:7,y:26,l:4,w:3},{x:28,y:16,l:6,w:2},{x:10,y:28,l:2,w:3},{x:15,y:28,l:1,w:2},{x:15,y:29,l:1,w:2},{x:13,y:28,l:2,w:1},{x:14,y:28,l:2,w:1},],
canvasWidth:30,
canvasHeight:30,
data:[{x:0,y:0,l:6,w:10},{x:0,y:6,l:7,w:8},{x:10,y:0,l:6,w:9},{x:8,y:6,l:5,w:10},{x:8,y:11,l:10,w:5},{x:19,y:0,l:6,w:8},{x:0,y:13,l:6,w:8},{x:13,y:11,l:8,w:6},{x:8,y:21,l:9,w:5},{x:13,y:19,l:7,w:6},{x:0,y:19,l:5,w:8},{x:0,y:24,l:6,w:6},{x:19,y:17,l:6,w:6},{x:18,y:6,l:5,w:7},{x:19,y:23,l:7,w:5},{x:27,y:0,l:10,w:3},{x:27,y:10,l:9,w:3},{x:19,y:11,l:3,w:8},{x:27,y:19,l:8,w:3},{x:13,y:26,l:4,w:5},{x:25,y:17,l:10,w:2},{x:25,y:6,l:5,w:2},{x:19,y:14,l:1,w:8},{x:19,y:15,l:1,w:8},{x:19,y:16,l:1,w:8},{x:24,y:23,l:7,w:1},{x:28,y:27,l:3,w:2},{x:25,y:27,l:3,w:2},{x:6,y:24,l:6,w:1},{x:7,y:24,l:4,w:1},{x:18,y:26,l:4,w:1},{x:27,y:27,l:3,w:1},],
canvasWidth:30,
canvasHeight:30,
data:[{x:0,y:0,l:5,w:7},{x:7,y:0,l:5,w:7},{x:14,y:0,l:5,w:7},{x:0,y:5,l:6,w:10},{x:21,y:3,l:7,w:5},{x:10,y:5,l:6,w:5},{x:26,y:3,l:7,w:4},{x:21,y:0,l:3,w:9},{x:18,y:14,l:5,w:5},{x:15,y:5,l:6,w:4},{x:27,y:10,l:7,w:3},{x:21,y:10,l:3,w:6},{x:23,y:13,l:4,w:4},{x:19,y:5,l:8,w:2},{x:16,y:11,l:8,w:2},{x:0,y:11,l:7,w:2},{x:3,y:11,l:1,w:10},{x:29,y:18,l:9,w:1},{x:15,y:11,l:8,w:1},{x:14,y:11,l:8,w:1},{x:23,y:17,l:1,w:7},{x:2,y:11,l:7,w:1},{x:23,y:18,l:1,w:6},{x:19,y:13,l:1,w:4},{x:18,y:11,l:3,w:1},{x:29,y:27,l:3,w:1},{x:3,y:12,l:1,w:2},],
Best fit used bin number: 3
Found best solution: 3 0.063

   Statrt add columnAndCut col: 3 cons: 0 cut: 0	0.141

	1 Start Add column using column generation  col: 3 cons: 0 cut: 0	0.141
			Start solve  LP :0.141
			End solve LP obj: 3.0 t: 0
	1 End Add column using column generation : 3.0 col: 3 cons: 0 cut: 0	0.141
   End add columnAndCut : 3.0 colGencnt: 1 price: 0 col: 3 cons: 0 cut: 0	0.141

Node lb: 3.0 ub: 3 : 0.141

Final Found Solution: 3 genNode: 1 extendedNode: 0:0.141
Bin size: 900
1 : 100,90,81,81,80,72,70,60,56,49,40,35,28,18,12,12,6,2,2,2,2, : 898
2 : 60,56,54,50,50,48,48,48,45,42,40,36,36,35,35,30,27,24,24,20,20,10,8,8,8,7,6,6,6,4,4,3, : 898
3 : 60,35,35,35,35,30,28,27,25,24,21,18,16,16,16,14,10,9,8,8,7,7,6,4,3,3,2, : 502
----------------------- 1 ---------------------------
canvasWidth:30,
canvasHeight:30,
data:[{x:0,y:0,l:10,w:10},{x:0,y:10,l:9,w:10},{x:10,y:0,l:9,w:9},{x:19,y:0,l:9,w:9},{x:10,y:9,l:10,w:8},{x:10,y:19,l:9,w:8},{x:0,y:19,l:7,w:10},{x:18,y:9,l:7,w:5},{x:18,y:16,l:6,w:10},{x:23,y:22,l:8,w:7},{x:23,y:9,l:7,w:7},{x:18,y:22,l:8,w:5},{x:0,y:26,l:4,w:7},{x:28,y:0,l:9,w:2},{x:7,y:26,l:4,w:3},{x:28,y:16,l:6,w:2},{x:10,y:28,l:2,w:3},{x:15,y:28,l:1,w:2},{x:15,y:29,l:1,w:2},{x:13,y:28,l:2,w:1},{x:14,y:28,l:2,w:1},],
----------------------- 2 ---------------------------
canvasWidth:30,
canvasHeight:30,
data:[{x:0,y:0,l:6,w:10},{x:0,y:6,l:7,w:8},{x:10,y:0,l:6,w:9},{x:8,y:6,l:5,w:10},{x:8,y:11,l:10,w:5},{x:19,y:0,l:6,w:8},{x:0,y:13,l:6,w:8},{x:13,y:11,l:8,w:6},{x:8,y:21,l:9,w:5},{x:13,y:19,l:7,w:6},{x:0,y:19,l:5,w:8},{x:0,y:24,l:6,w:6},{x:19,y:17,l:6,w:6},{x:18,y:6,l:5,w:7},{x:19,y:23,l:7,w:5},{x:27,y:0,l:10,w:3},{x:27,y:10,l:9,w:3},{x:19,y:11,l:3,w:8},{x:27,y:19,l:8,w:3},{x:13,y:26,l:4,w:5},{x:25,y:17,l:10,w:2},{x:25,y:6,l:5,w:2},{x:19,y:14,l:1,w:8},{x:19,y:15,l:1,w:8},{x:19,y:16,l:1,w:8},{x:24,y:23,l:7,w:1},{x:28,y:27,l:3,w:2},{x:25,y:27,l:3,w:2},{x:6,y:24,l:6,w:1},{x:7,y:24,l:4,w:1},{x:18,y:26,l:4,w:1},{x:27,y:27,l:3,w:1},],
----------------------- 3 ---------------------------
canvasWidth:30,
canvasHeight:30,
data:[{x:0,y:0,l:5,w:7},{x:7,y:0,l:5,w:7},{x:14,y:0,l:5,w:7},{x:0,y:5,l:6,w:10},{x:21,y:3,l:7,w:5},{x:10,y:5,l:6,w:5},{x:26,y:3,l:7,w:4},{x:21,y:0,l:3,w:9},{x:18,y:14,l:5,w:5},{x:15,y:5,l:6,w:4},{x:27,y:10,l:7,w:3},{x:21,y:10,l:3,w:6},{x:23,y:13,l:4,w:4},{x:19,y:5,l:8,w:2},{x:16,y:11,l:8,w:2},{x:0,y:11,l:7,w:2},{x:3,y:11,l:1,w:10},{x:29,y:18,l:9,w:1},{x:15,y:11,l:8,w:1},{x:14,y:11,l:8,w:1},{x:23,y:17,l:1,w:7},{x:2,y:11,l:7,w:1},{x:23,y:18,l:1,w:6},{x:19,y:13,l:1,w:4},{x:18,y:11,l:3,w:1},{x:29,y:27,l:3,w:1},{x:3,y:12,l:1,w:2},],
