====================================== Class_03.2bp-31 =====================================
Reduced size: 80 usedBin: 0
[0, 47, 53, 64]
[1, 46, 56, 57, 76]
[2, 37, 60, 68, 71, 73]
[3, 41, 43]
[5, 23, 59, 72, 75]
[4, 31, 51, 55, 69]
[6, 33, 40, 52]
[7, 26, 35]
[8, 20]
[9, 19, 36, 78, 79]
[10, 22, 42, 77]
[11, 18, 63]
[12, 29, 38, 39, 58]
[13, 15, 50, 66, 67]
[14, 28, 34, 45]
[16, 32, 44, 54, 62, 65, 70]
[17, 25, 27, 61, 74]
[21, 24, 30, 48, 49]
canvasWidth:40,
canvasHeight:40,
data:[{x:0,y:0,l:33,w:34},{x:34,y:0,l:31,w:6},{x:0,y:33,l:7,w:17},{x:17,y:33,l:5,w:17},],
canvasWidth:40,
canvasHeight:40,
data:[{x:0,y:0,l:33,w:34},{x:7,y:33,l:7,w:27},{x:34,y:0,l:18,w:6},{x:34,y:18,l:17,w:6},{x:34,y:35,l:5,w:6},],
canvasWidth:40,
canvasHeight:40,
data:[{x:30,y:0,l:25,w:10},{x:0,y:0,l:32,w:30},{x:0,y:32,l:8,w:12},{x:12,y:32,l:4,w:18},{x:12,y:36,l:4,w:15},{x:30,y:25,l:5,w:10},],
canvasWidth:40,
canvasHeight:40,
data:[{x:0,y:0,l:29,w:33},{x:0,y:29,l:9,w:26},{x:33,y:0,l:30,w:7},],
canvasWidth:40,
canvasHeight:40,
data:[{x:0,y:0,l:27,w:34},{x:0,y:27,l:13,w:29},{x:34,y:0,l:33,w:3},{x:37,y:0,l:20,w:3},{x:37,y:20,l:13,w:3},],
canvasWidth:40,
canvasHeight:40,
data:[{x:0,y:0,l:27,w:34},{x:0,y:27,l:12,w:23},{x:23,y:27,l:13,w:12},{x:34,y:0,l:27,w:4},{x:38,y:0,l:34,w:2},],
canvasWidth:40,
canvasHeight:40,
data:[{x:0,y:0,l:34,w:26},{x:26,y:0,l:19,w:14},{x:26,y:19,l:17,w:14},{x:9,y:36,l:4,w:31},],
canvasWidth:40,
canvasHeight:40,
data:[{x:0,y:0,l:27,w:31},{x:0,y:27,l:12,w:30},{x:32,y:0,l:33,w:8},],
canvasWidth:40,
canvasHeight:40,
data:[{x:0,y:0,l:30,w:26},{x:26,y:0,l:30,w:13},],
canvasWidth:40,
canvasHeight:40,
data:[{x:0,y:0,l:33,w:23},{x:23,y:0,l:23,w:17},{x:25,y:23,l:17,w:15},{x:23,y:23,l:7,w:2},{x:23,y:30,l:6,w:2},],
canvasWidth:40,
canvasHeight:40,
data:[{x:0,y:0,l:30,w:24},{x:24,y:0,l:24,w:16},{x:24,y:24,l:14,w:16},{x:32,y:38,l:2,w:8},],
canvasWidth:40,
canvasHeight:40,
data:[{x:0,y:0,l:29,w:24},{x:25,y:0,l:30,w:15},{x:31,y:30,l:10,w:9},],
canvasWidth:40,
canvasHeight:40,
data:[{x:0,y:0,l:27,w:23},{x:23,y:0,l:28,w:12},{x:0,y:28,l:12,w:20},{x:20,y:28,l:12,w:20},{x:35,y:0,l:20,w:5},],
canvasWidth:40,
canvasHeight:40,
data:[{x:0,y:0,l:17,w:34},{x:0,y:17,l:18,w:29},{x:0,y:35,l:5,w:15},{x:35,y:0,l:34,w:5},{x:29,y:17,l:19,w:4},],
canvasWidth:40,
canvasHeight:40,
data:[{x:0,y:0,l:29,w:19},{x:29,y:16,l:24,w:11},{x:19,y:16,l:19,w:10},{x:19,y:0,l:16,w:21},],
canvasWidth:40,
canvasHeight:40,
data:[{x:0,y:0,l:24,w:20},{x:24,y:0,l:25,w:11},{x:9,y:25,l:12,w:17},{x:20,y:0,l:24,w:4},{x:36,y:0,l:29,w:4},{x:0,y:24,l:16,w:5},{x:5,y:24,l:16,w:4},],
canvasWidth:40,
canvasHeight:40,
data:[{x:0,y:0,l:18,w:26},{x:0,y:18,l:19,w:19},{x:26,y:0,l:29,w:12},{x:19,y:18,l:16,w:6},{x:38,y:0,l:21,w:2},],
canvasWidth:40,
canvasHeight:40,
data:[{x:0,y:0,l:24,w:16},{x:0,y:26,l:14,w:26},{x:16,y:0,l:18,w:16},{x:26,y:25,l:15,w:12},{x:32,y:0,l:25,w:7},],
Best fit used bin number: 18
Found best solution: 18 0.056

   Statrt add columnAndCut col: 18 cons: 0 cut: 0	0.127

	1 Start Add column using column generation  col: 18 cons: 0 cut: 0	0.127
			Start solve  LP :0.127
			End solve LP obj: 18.0 t: 1
	1 End Add column using column generation : 18.0 col: 18 cons: 0 cut: 0	0.129
   End add columnAndCut : 18.0 colGencnt: 1 price: 0 col: 18 cons: 0 cut: 0	0.129

Node lb: 18.0 ub: 18 : 0.129

Final Found Solution: 18 genNode: 1 extendedNode: 0:0.129
Bin size: 1600
1 : 1122,186,119,85, : 1512
2 : 1122,189,108,102,30, : 1551
3 : 960,250,96,72,60,50, : 1488
4 : 957,234,210, : 1401
5 : 918,377,99,60,39, : 1493
6 : 918,276,156,108,68, : 1526
7 : 884,266,238,124, : 1512
8 : 837,360,264, : 1461
9 : 780,390, : 1170
10 : 759,391,255,14,12, : 1431
11 : 720,384,224,16, : 1344
12 : 696,450,90, : 1236
13 : 621,336,240,240,100, : 1537
14 : 578,522,170,76,75, : 1421
15 : 551,336,264,190, : 1341
16 : 480,275,204,116,96,80,64, : 1315
17 : 468,361,348,96,42, : 1315
18 : 384,364,288,180,175, : 1391
----------------------- 1 ---------------------------
canvasWidth:40,
canvasHeight:40,
data:[{x:0,y:0,l:33,w:34},{x:34,y:0,l:31,w:6},{x:0,y:33,l:7,w:17},{x:17,y:33,l:5,w:17},],
----------------------- 2 ---------------------------
canvasWidth:40,
canvasHeight:40,
data:[{x:0,y:0,l:33,w:34},{x:7,y:33,l:7,w:27},{x:34,y:0,l:18,w:6},{x:34,y:18,l:17,w:6},{x:34,y:35,l:5,w:6},],
----------------------- 3 ---------------------------
canvasWidth:40,
canvasHeight:40,
data:[{x:30,y:0,l:25,w:10},{x:0,y:0,l:32,w:30},{x:0,y:32,l:8,w:12},{x:12,y:32,l:4,w:18},{x:12,y:36,l:4,w:15},{x:30,y:25,l:5,w:10},],
----------------------- 4 ---------------------------
canvasWidth:40,
canvasHeight:40,
data:[{x:0,y:0,l:29,w:33},{x:0,y:29,l:9,w:26},{x:33,y:0,l:30,w:7},],
----------------------- 5 ---------------------------
canvasWidth:40,
canvasHeight:40,
data:[{x:0,y:0,l:27,w:34},{x:0,y:27,l:13,w:29},{x:34,y:0,l:33,w:3},{x:37,y:0,l:20,w:3},{x:37,y:20,l:13,w:3},],
----------------------- 6 ---------------------------
canvasWidth:40,
canvasHeight:40,
data:[{x:0,y:0,l:27,w:34},{x:0,y:27,l:12,w:23},{x:23,y:27,l:13,w:12},{x:34,y:0,l:27,w:4},{x:38,y:0,l:34,w:2},],
----------------------- 7 ---------------------------
canvasWidth:40,
canvasHeight:40,
data:[{x:0,y:0,l:34,w:26},{x:26,y:0,l:19,w:14},{x:26,y:19,l:17,w:14},{x:9,y:36,l:4,w:31},],
----------------------- 8 ---------------------------
canvasWidth:40,
canvasHeight:40,
data:[{x:0,y:0,l:27,w:31},{x:0,y:27,l:12,w:30},{x:32,y:0,l:33,w:8},],
----------------------- 9 ---------------------------
canvasWidth:40,
canvasHeight:40,
data:[{x:0,y:0,l:30,w:26},{x:26,y:0,l:30,w:13},],
----------------------- 10 ---------------------------
canvasWidth:40,
canvasHeight:40,
data:[{x:0,y:0,l:33,w:23},{x:23,y:0,l:23,w:17},{x:25,y:23,l:17,w:15},{x:23,y:23,l:7,w:2},{x:23,y:30,l:6,w:2},],
----------------------- 11 ---------------------------
canvasWidth:40,
canvasHeight:40,
data:[{x:0,y:0,l:30,w:24},{x:24,y:0,l:24,w:16},{x:24,y:24,l:14,w:16},{x:32,y:38,l:2,w:8},],
----------------------- 12 ---------------------------
canvasWidth:40,
canvasHeight:40,
data:[{x:0,y:0,l:29,w:24},{x:25,y:0,l:30,w:15},{x:31,y:30,l:10,w:9},],
----------------------- 13 ---------------------------
canvasWidth:40,
canvasHeight:40,
data:[{x:0,y:0,l:27,w:23},{x:23,y:0,l:28,w:12},{x:0,y:28,l:12,w:20},{x:20,y:28,l:12,w:20},{x:35,y:0,l:20,w:5},],
----------------------- 14 ---------------------------
canvasWidth:40,
canvasHeight:40,
data:[{x:0,y:0,l:17,w:34},{x:0,y:17,l:18,w:29},{x:0,y:35,l:5,w:15},{x:35,y:0,l:34,w:5},{x:29,y:17,l:19,w:4},],
----------------------- 15 ---------------------------
canvasWidth:40,
canvasHeight:40,
data:[{x:0,y:0,l:29,w:19},{x:29,y:16,l:24,w:11},{x:19,y:16,l:19,w:10},{x:19,y:0,l:16,w:21},],
----------------------- 16 ---------------------------
canvasWidth:40,
canvasHeight:40,
data:[{x:0,y:0,l:24,w:20},{x:24,y:0,l:25,w:11},{x:9,y:25,l:12,w:17},{x:20,y:0,l:24,w:4},{x:36,y:0,l:29,w:4},{x:0,y:24,l:16,w:5},{x:5,y:24,l:16,w:4},],
----------------------- 17 ---------------------------
canvasWidth:40,
canvasHeight:40,
data:[{x:0,y:0,l:18,w:26},{x:0,y:18,l:19,w:19},{x:26,y:0,l:29,w:12},{x:19,y:18,l:16,w:6},{x:38,y:0,l:21,w:2},],
----------------------- 18 ---------------------------
canvasWidth:40,
canvasHeight:40,
data:[{x:0,y:0,l:24,w:16},{x:0,y:26,l:14,w:26},{x:16,y:0,l:18,w:16},{x:26,y:25,l:15,w:12},{x:32,y:0,l:25,w:7},],
