====================================== Class_04.2bp-37 =====================================
Reduced size: 80 usedBin: 0
[0, 1, 2, 3, 4, 6, 9, 10, 23, 36, 53, 55, 60, 61, 64, 65, 67, 69, 72, 75, 76, 77, 78, 79]
[5, 7, 8, 12, 13, 15, 18, 21, 25, 26, 27, 28, 30, 31, 33, 40, 44, 48, 49, 50, 57, 59, 71]
[11, 14, 16, 17, 19, 20, 22, 24, 29, 32, 34, 35, 37, 38, 39, 41, 42, 43, 45, 46, 47, 51, 52, 54, 56, 58, 62, 63, 66, 68, 70, 73, 74]
canvasWidth:100,
canvasHeight:100,
data:[{x:0,y:0,l:35,w:34},{x:34,y:0,l:35,w:32},{x:66,y:0,l:32,w:34},{x:0,y:35,l:31,w:35},{x:35,y:35,l:31,w:34},{x:0,y:66,l:33,w:29},{x:69,y:35,l:29,w:27},{x:29,y:66,l:29,w:27},{x:66,y:32,l:3,w:6},{x:69,y:64,l:16,w:27},{x:56,y:66,l:24,w:13},{x:56,y:90,l:7,w:24},{x:69,y:80,l:8,w:17},{x:80,y:89,l:11,w:10},{x:86,y:80,l:8,w:13},{x:72,y:32,l:3,w:24},{x:37,y:97,l:3,w:22},{x:96,y:32,l:14,w:4},{x:96,y:46,l:11,w:4},{x:29,y:95,l:4,w:8},{x:59,y:97,l:3,w:7},{x:0,y:99,l:1,w:18},{x:18,y:99,l:1,w:8},{x:26,y:99,l:1,w:8},],
canvasWidth:100,
canvasHeight:100,
data:[{x:0,y:0,l:35,w:28},{x:0,y:51,l:32,w:27},{x:28,y:0,l:25,w:34},{x:47,y:39,l:22,w:33},{x:46,y:61,l:20,w:34},{x:46,y:81,l:19,w:33},{x:76,y:0,l:24,w:24},{x:0,y:35,l:16,w:28},{x:27,y:61,l:22,w:19},{x:47,y:25,l:14,w:29},{x:0,y:83,l:17,w:23},{x:23,y:83,l:17,w:23},{x:28,y:31,l:20,w:19},{x:76,y:24,l:15,w:24},{x:62,y:0,l:25,w:14},{x:89,y:58,l:24,w:11},{x:80,y:53,l:28,w:9},{x:27,y:51,l:10,w:20},{x:89,y:82,l:18,w:11},{x:79,y:81,l:19,w:10},{x:28,y:25,l:6,w:19},{x:80,y:39,l:14,w:8},{x:89,y:55,l:3,w:11},],
canvasWidth:100,
canvasHeight:100,
data:[{x:0,y:0,l:28,w:27},{x:0,y:28,l:27,w:22},{x:27,y:0,l:28,w:21},{x:22,y:28,l:29,w:18},{x:2,y:74,l:15,w:34},{x:40,y:28,l:18,w:24},{x:0,y:55,l:19,w:22},{x:2,y:89,l:11,w:35},{x:64,y:18,l:30,w:12},{x:40,y:46,l:14,w:24},{x:76,y:25,l:27,w:12},{x:49,y:0,l:22,w:14},{x:22,y:57,l:17,w:18},{x:37,y:89,l:11,w:25},{x:87,y:0,l:24,w:11},{x:63,y:84,l:16,w:16},{x:63,y:0,l:18,w:14},{x:77,y:0,l:25,w:10},{x:55,y:60,l:29,w:8},{x:88,y:24,l:27,w:8},{x:85,y:57,l:27,w:7},{x:79,y:84,l:16,w:11},{x:92,y:51,l:23,w:6},{x:36,y:74,l:15,w:8},{x:49,y:67,l:19,w:6},{x:40,y:60,l:7,w:14},{x:49,y:22,l:6,w:15},{x:44,y:67,l:21,w:3},{x:0,y:74,l:26,w:2},{x:47,y:67,l:20,w:2},{x:48,y:0,l:28,w:1},{x:63,y:60,l:24,w:1},{x:64,y:52,l:32,w:21},],
Best fit used bin number: 3
Found best solution: 3 0.069

   Statrt add columnAndCut col: 3 cons: 0 cut: 0	0.13

	1 Start Add column using column generation  col: 3 cons: 0 cut: 0	0.13
			Start solve  LP :0.13
			End solve LP obj: 3.0 t: 1
	1 End Add column using column generation : 3.0 col: 3 cons: 0 cut: 0	0.131
   End add columnAndCut : 3.0 colGencnt: 1 price: 0 col: 3 cons: 0 cut: 0	0.132

Node lb: 3.0 ub: 3 : 0.132

Final Found Solution: 3 genNode: 1 extendedNode: 0:0.132
Bin size: 10000
1 : 1190,1120,1088,1085,1054,957,783,783,432,312,168,136,110,104,72,66,56,44,32,21,18,18,8,8, : 9665
2 : 980,864,850,726,680,627,576,448,418,406,391,391,380,360,350,264,252,200,198,190,114,112,33, : 9810
3 : 756,672,594,588,522,510,432,418,385,360,336,324,308,306,275,264,256,252,250,232,216,189,176,138,120,114,98,90,63,52,40,28,24, : 9388
----------------------- 1 ---------------------------
canvasWidth:100,
canvasHeight:100,
data:[{x:0,y:0,l:35,w:34},{x:34,y:0,l:35,w:32},{x:66,y:0,l:32,w:34},{x:0,y:35,l:31,w:35},{x:35,y:35,l:31,w:34},{x:0,y:66,l:33,w:29},{x:69,y:35,l:29,w:27},{x:29,y:66,l:29,w:27},{x:66,y:32,l:3,w:6},{x:69,y:64,l:16,w:27},{x:56,y:66,l:24,w:13},{x:56,y:90,l:7,w:24},{x:69,y:80,l:8,w:17},{x:80,y:89,l:11,w:10},{x:86,y:80,l:8,w:13},{x:72,y:32,l:3,w:24},{x:37,y:97,l:3,w:22},{x:96,y:32,l:14,w:4},{x:96,y:46,l:11,w:4},{x:29,y:95,l:4,w:8},{x:59,y:97,l:3,w:7},{x:0,y:99,l:1,w:18},{x:18,y:99,l:1,w:8},{x:26,y:99,l:1,w:8},],
----------------------- 2 ---------------------------
canvasWidth:100,
canvasHeight:100,
data:[{x:0,y:0,l:35,w:28},{x:0,y:51,l:32,w:27},{x:28,y:0,l:25,w:34},{x:47,y:39,l:22,w:33},{x:46,y:61,l:20,w:34},{x:46,y:81,l:19,w:33},{x:76,y:0,l:24,w:24},{x:0,y:35,l:16,w:28},{x:27,y:61,l:22,w:19},{x:47,y:25,l:14,w:29},{x:0,y:83,l:17,w:23},{x:23,y:83,l:17,w:23},{x:28,y:31,l:20,w:19},{x:76,y:24,l:15,w:24},{x:62,y:0,l:25,w:14},{x:89,y:58,l:24,w:11},{x:80,y:53,l:28,w:9},{x:27,y:51,l:10,w:20},{x:89,y:82,l:18,w:11},{x:79,y:81,l:19,w:10},{x:28,y:25,l:6,w:19},{x:80,y:39,l:14,w:8},{x:89,y:55,l:3,w:11},],
----------------------- 3 ---------------------------
canvasWidth:100,
canvasHeight:100,
data:[{x:0,y:0,l:28,w:27},{x:0,y:28,l:27,w:22},{x:27,y:0,l:28,w:21},{x:22,y:28,l:29,w:18},{x:2,y:74,l:15,w:34},{x:40,y:28,l:18,w:24},{x:0,y:55,l:19,w:22},{x:2,y:89,l:11,w:35},{x:64,y:18,l:30,w:12},{x:40,y:46,l:14,w:24},{x:76,y:25,l:27,w:12},{x:49,y:0,l:22,w:14},{x:22,y:57,l:17,w:18},{x:37,y:89,l:11,w:25},{x:87,y:0,l:24,w:11},{x:63,y:84,l:16,w:16},{x:63,y:0,l:18,w:14},{x:77,y:0,l:25,w:10},{x:55,y:60,l:29,w:8},{x:88,y:24,l:27,w:8},{x:85,y:57,l:27,w:7},{x:79,y:84,l:16,w:11},{x:92,y:51,l:23,w:6},{x:36,y:74,l:15,w:8},{x:49,y:67,l:19,w:6},{x:40,y:60,l:7,w:14},{x:49,y:22,l:6,w:15},{x:44,y:67,l:21,w:3},{x:0,y:74,l:26,w:2},{x:47,y:67,l:20,w:2},{x:48,y:0,l:28,w:1},{x:63,y:60,l:24,w:1},{x:64,y:52,l:32,w:21},],
