====================================== Class_08.2bp-20 =====================================
Reduced size: 60 usedBin: 0
[0, 47]
[1, 34, 52, 54]
[2, 48, 51]
[3, 30, 38]
[4, 22, 39]
[6, 27, 36]
[13, 15]
[17, 25, 28, 40]
[8, 16, 44]
[24, 29, 32, 33, 55, 56]
[10, 12, 49, 58]
[9, 19, 45]
[20, 23, 41, 43, 53, 57]
[21, 31, 37, 42, 50]
[11, 18, 46, 59]
[5, 14]
[7, 26, 35]
canvasWidth:100,
canvasHeight:100,
data:[{x:0,y:0,l:86,w:93},{x:0,y:86,l:13,w:73},],
canvasWidth:100,
canvasHeight:100,
data:[{x:0,y:0,l:88,w:77},{x:77,y:0,l:88,w:19},{x:0,y:92,l:8,w:69},{x:0,y:88,l:4,w:76},],
canvasWidth:100,
canvasHeight:100,
data:[{x:0,y:0,l:88,w:73},{x:0,y:88,l:12,w:71},{x:73,y:0,l:25,w:26},],
canvasWidth:100,
canvasHeight:100,
data:[{x:0,y:0,l:60,w:90},{x:0,y:60,l:40,w:48},{x:48,y:60,l:36,w:42},],
canvasWidth:100,
canvasHeight:100,
data:[{x:0,y:0,l:57,w:80},{x:0,y:57,l:42,w:66},{x:80,y:0,l:85,w:17},],
canvasWidth:100,
canvasHeight:100,
data:[{x:0,y:0,l:80,w:56},{x:56,y:0,l:68,w:32},{x:0,y:80,l:19,w:83},],
canvasWidth:100,
canvasHeight:100,
data:[{x:0,y:0,l:49,w:78},{x:0,y:49,l:47,w:77},],
canvasWidth:100,
canvasHeight:100,
data:[{x:0,y:0,l:49,w:71},{x:71,y:0,l:76,w:29},{x:0,y:69,l:31,w:69},{x:0,y:49,l:20,w:70},],
canvasWidth:100,
canvasHeight:100,
data:[{x:0,y:0,l:45,w:98},{x:0,y:45,l:40,w:88},{x:0,y:85,l:15,w:75},],
canvasWidth:100,
canvasHeight:100,
data:[{x:0,y:0,l:29,w:87},{x:0,y:29,l:29,w:68},{x:0,y:58,l:19,w:93},{x:0,y:77,l:19,w:91},{x:0,y:96,l:2,w:78},{x:0,y:98,l:2,w:77},],
canvasWidth:100,
canvasHeight:100,
data:[{x:0,y:9,l:44,w:98},{x:0,y:53,l:44,w:87},{x:0,y:0,l:8,w:100},{x:0,y:8,l:1,w:99},],
canvasWidth:100,
canvasHeight:100,
data:[{x:0,y:11,l:47,w:92},{x:0,y:58,l:39,w:79},{x:0,y:0,l:11,w:98},],
canvasWidth:100,
canvasHeight:100,
data:[{x:0,y:65,l:15,w:79},{x:0,y:0,l:31,w:97},{x:0,y:36,l:29,w:90},{x:0,y:80,l:18,w:77},{x:0,y:31,l:5,w:91},{x:0,y:98,l:2,w:76},],
canvasWidth:100,
canvasHeight:100,
data:[{x:0,y:60,l:36,w:79},{x:0,y:16,l:20,w:91},{x:0,y:0,l:16,w:97},{x:0,y:36,l:15,w:89},{x:0,y:51,l:9,w:81},],
canvasWidth:100,
canvasHeight:100,
data:[{x:0,y:11,l:45,w:92},{x:0,y:57,l:41,w:80},{x:0,y:0,l:11,w:96},{x:0,y:56,l:1,w:81},],
canvasWidth:100,
canvasHeight:100,
data:[{x:0,y:0,l:48,w:95},{x:0,y:48,l:46,w:82},],
canvasWidth:100,
canvasHeight:100,
data:[{x:0,y:0,l:47,w:95},{x:0,y:66,l:28,w:78},{x:0,y:47,l:19,w:86},],
Best fit used bin number: 17
Found best solution: 17 0.047

   Statrt add columnAndCut col: 17 cons: 0 cut: 0	0.109

	1 Start Add column using column generation  col: 17 cons: 0 cut: 0	0.109
			Start solve  LP :0.109
			End solve LP obj: 17.0 t: 16
	1 End Add column using column generation : 17.0 col: 17 cons: 0 cut: 0	0.125
   End add columnAndCut : 17.0 colGencnt: 1 price: 0 col: 17 cons: 0 cut: 0	0.125

Node lb: 17.0 ub: 17 : 0.125

Final Found Solution: 17 genNode: 1 extendedNode: 0:0.125
Bin size: 10000
1 : 7998,949, : 8947
2 : 6776,1672,552,304, : 9304
3 : 6424,852,650, : 7926
4 : 5400,1920,1512, : 8832
5 : 4560,2772,1445, : 8777
6 : 4480,2176,1577, : 8233
7 : 3822,3619, : 7441
8 : 3479,2204,2139,1400, : 9222
9 : 4410,3520,1125, : 9055
10 : 2523,1972,1767,1729,156,154, : 8301
11 : 4312,3828,800,99, : 9039
12 : 4324,3081,1078, : 8483
13 : 3007,2610,1386,1185,455,152, : 8795
14 : 2844,1820,1552,1335,729, : 8280
15 : 4140,3280,1056,81, : 8557
16 : 4560,3772, : 8332
17 : 4465,2184,1634, : 8283
----------------------- 1 ---------------------------
canvasWidth:100,
canvasHeight:100,
data:[{x:0,y:0,l:86,w:93},{x:0,y:86,l:13,w:73},],
----------------------- 2 ---------------------------
canvasWidth:100,
canvasHeight:100,
data:[{x:0,y:0,l:88,w:77},{x:77,y:0,l:88,w:19},{x:0,y:92,l:8,w:69},{x:0,y:88,l:4,w:76},],
----------------------- 3 ---------------------------
canvasWidth:100,
canvasHeight:100,
data:[{x:0,y:0,l:88,w:73},{x:0,y:88,l:12,w:71},{x:73,y:0,l:25,w:26},],
----------------------- 4 ---------------------------
canvasWidth:100,
canvasHeight:100,
data:[{x:0,y:0,l:60,w:90},{x:0,y:60,l:40,w:48},{x:48,y:60,l:36,w:42},],
----------------------- 5 ---------------------------
canvasWidth:100,
canvasHeight:100,
data:[{x:0,y:0,l:57,w:80},{x:0,y:57,l:42,w:66},{x:80,y:0,l:85,w:17},],
----------------------- 6 ---------------------------
canvasWidth:100,
canvasHeight:100,
data:[{x:0,y:0,l:80,w:56},{x:56,y:0,l:68,w:32},{x:0,y:80,l:19,w:83},],
----------------------- 7 ---------------------------
canvasWidth:100,
canvasHeight:100,
data:[{x:0,y:0,l:49,w:78},{x:0,y:49,l:47,w:77},],
----------------------- 8 ---------------------------
canvasWidth:100,
canvasHeight:100,
data:[{x:0,y:0,l:49,w:71},{x:71,y:0,l:76,w:29},{x:0,y:69,l:31,w:69},{x:0,y:49,l:20,w:70},],
----------------------- 9 ---------------------------
canvasWidth:100,
canvasHeight:100,
data:[{x:0,y:0,l:45,w:98},{x:0,y:45,l:40,w:88},{x:0,y:85,l:15,w:75},],
----------------------- 10 ---------------------------
canvasWidth:100,
canvasHeight:100,
data:[{x:0,y:0,l:29,w:87},{x:0,y:29,l:29,w:68},{x:0,y:58,l:19,w:93},{x:0,y:77,l:19,w:91},{x:0,y:96,l:2,w:78},{x:0,y:98,l:2,w:77},],
----------------------- 11 ---------------------------
canvasWidth:100,
canvasHeight:100,
data:[{x:0,y:9,l:44,w:98},{x:0,y:53,l:44,w:87},{x:0,y:0,l:8,w:100},{x:0,y:8,l:1,w:99},],
----------------------- 12 ---------------------------
canvasWidth:100,
canvasHeight:100,
data:[{x:0,y:11,l:47,w:92},{x:0,y:58,l:39,w:79},{x:0,y:0,l:11,w:98},],
----------------------- 13 ---------------------------
canvasWidth:100,
canvasHeight:100,
data:[{x:0,y:65,l:15,w:79},{x:0,y:0,l:31,w:97},{x:0,y:36,l:29,w:90},{x:0,y:80,l:18,w:77},{x:0,y:31,l:5,w:91},{x:0,y:98,l:2,w:76},],
----------------------- 14 ---------------------------
canvasWidth:100,
canvasHeight:100,
data:[{x:0,y:60,l:36,w:79},{x:0,y:16,l:20,w:91},{x:0,y:0,l:16,w:97},{x:0,y:36,l:15,w:89},{x:0,y:51,l:9,w:81},],
----------------------- 15 ---------------------------
canvasWidth:100,
canvasHeight:100,
data:[{x:0,y:11,l:45,w:92},{x:0,y:57,l:41,w:80},{x:0,y:0,l:11,w:96},{x:0,y:56,l:1,w:81},],
----------------------- 16 ---------------------------
canvasWidth:100,
canvasHeight:100,
data:[{x:0,y:0,l:48,w:95},{x:0,y:48,l:46,w:82},],
----------------------- 17 ---------------------------
canvasWidth:100,
canvasHeight:100,
data:[{x:0,y:0,l:47,w:95},{x:0,y:66,l:28,w:78},{x:0,y:47,l:19,w:86},],
