====================================== Class_07.2bp-6 =====================================
Reduced size: 20 usedBin: 0
[0, 6, 7, 17, 18]
[1, 5, 8, 11, 16]
[3, 10, 12, 13, 15]
[2, 4, 9, 14, 19]
canvasWidth:100,
canvasHeight:100,
data:[{x:0,y:0,l:80,w:41},{x:62,y:0,l:66,w:25},{x:41,y:0,l:89,w:21},{x:0,y:80,l:11,w:39},{x:39,y:89,l:11,w:35},],
canvasWidth:100,
canvasHeight:100,
data:[{x:0,y:0,l:67,w:48},{x:0,y:71,l:29,w:74},{x:48,y:0,l:68,w:20},{x:77,y:0,l:75,w:22},{x:68,y:0,l:67,w:9},],
canvasWidth:100,
canvasHeight:100,
data:[{x:65,y:0,l:90,w:35},{x:37,y:0,l:92,w:16},{x:0,y:0,l:35,w:37},{x:53,y:0,l:92,w:12},{x:0,y:35,l:43,w:19},],
canvasWidth:100,
canvasHeight:100,
data:[{x:0,y:0,l:99,w:32},{x:42,y:0,l:96,w:24},{x:66,y:0,l:96,w:16},{x:32,y:0,l:98,w:10},{x:82,y:0,l:82,w:4},],
Best fit used bin number: 4
Found best solution: 4 0.063

   Statrt add columnAndCut col: 4 cons: 0 cut: 0	0.141

	1 Start Add column using column generation  col: 4 cons: 0 cut: 0	0.141
			Start solve  LP :0.141
			End solve LP obj: 4.0 t: 0
	1 End Add column using column generation : 4.0 col: 4 cons: 0 cut: 0	0.141
   End add columnAndCut : 4.0 colGencnt: 1 price: 0 col: 4 cons: 0 cut: 0	0.141

Node lb: 4.0 ub: 4 : 0.141

Final Found Solution: 4 genNode: 1 extendedNode: 0:0.141
Bin size: 10000
1 : 3280,1869,1650,429,385, : 7613
2 : 3216,2146,1650,1360,603, : 8975
3 : 3150,1472,1295,1104,817, : 7838
4 : 3168,2304,1536,980,328, : 8316
----------------------- 1 ---------------------------
canvasWidth:100,
canvasHeight:100,
data:[{x:0,y:0,l:80,w:41},{x:62,y:0,l:66,w:25},{x:41,y:0,l:89,w:21},{x:0,y:80,l:11,w:39},{x:39,y:89,l:11,w:35},],
----------------------- 2 ---------------------------
canvasWidth:100,
canvasHeight:100,
data:[{x:0,y:0,l:67,w:48},{x:0,y:71,l:29,w:74},{x:48,y:0,l:68,w:20},{x:77,y:0,l:75,w:22},{x:68,y:0,l:67,w:9},],
----------------------- 3 ---------------------------
canvasWidth:100,
canvasHeight:100,
data:[{x:65,y:0,l:90,w:35},{x:37,y:0,l:92,w:16},{x:0,y:0,l:35,w:37},{x:53,y:0,l:92,w:12},{x:0,y:35,l:43,w:19},],
----------------------- 4 ---------------------------
canvasWidth:100,
canvasHeight:100,
data:[{x:0,y:0,l:99,w:32},{x:42,y:0,l:96,w:24},{x:66,y:0,l:96,w:16},{x:32,y:0,l:98,w:10},{x:82,y:0,l:82,w:4},],
