====================================== Class_07.2bp-16 =====================================
Reduced size: 40 usedBin: 0
E:\WSKH\2DBPP\NonGuillotine\initSolution\7_17.pack
[0, 24, 39]
[1, 21, 29, 33]
[5, 15]
[10, 17, 32]
[2, 3, 30]
[4, 7, 35]
[8, 22, 25, 31, 37]
[9, 18, 20, 36]
[11, 12, 34, 38]
[13, 19, 27]
[14, 16, 26, 28]
[6, 23]
canvasWidth:100,
canvasHeight:100,
data:[{x:0,y:0,l:77,w:99},{x:99,y:0,l:90,w:1},{x:0,y:77,l:17,w:98},],
canvasWidth:100,
canvasHeight:100,
data:[{x:0,y:0,l:95,w:57},{x:57,y:0,l:72,w:26},{x:89,y:0,l:100,w:11},{x:85,y:0,l:86,w:4},],
canvasWidth:100,
canvasHeight:100,
data:[{x:0,y:0,l:64,w:60},{x:60,y:0,l:74,w:33},],
canvasWidth:100,
canvasHeight:100,
data:[{x:0,y:0,l:58,w:60},{x:60,y:0,l:67,w:34},{x:96,y:0,l:93,w:4},],
canvasWidth:100,
canvasHeight:100,
data:[{x:56,y:0,l:100,w:44},{x:0,y:0,l:92,w:45},{x:45,y:0,l:80,w:11},],
canvasWidth:100,
canvasHeight:100,
data:[{x:0,y:0,l:89,w:45},{x:45,y:0,l:89,w:41},{x:86,y:0,l:84,w:3},],
canvasWidth:100,
canvasHeight:100,
data:[{x:0,y:0,l:77,w:47},{x:78,y:18,l:80,w:22},{x:47,y:0,l:77,w:21},{x:70,y:0,l:18,w:29},{x:68,y:0,l:77,w:2},],
canvasWidth:100,
canvasHeight:100,
data:[{x:0,y:0,l:91,w:39},{x:60,y:0,l:67,w:34},{x:39,y:0,l:91,w:21},{x:94,y:0,l:43,w:4},],
canvasWidth:100,
canvasHeight:100,
data:[{x:0,y:0,l:71,w:49},{x:49,y:0,l:68,w:48},{x:97,y:0,l:85,w:3},{x:49,y:68,l:2,w:48},],
canvasWidth:100,
canvasHeight:100,
data:[{x:0,y:0,l:78,w:41},{x:77,y:0,l:92,w:23},{x:41,y:0,l:78,w:19},],
canvasWidth:100,
canvasHeight:100,
data:[{x:0,y:0,l:34,w:82},{x:21,y:34,l:47,w:50},{x:84,y:0,l:97,w:16},{x:0,y:34,l:66,w:21},],
canvasWidth:100,
canvasHeight:100,
data:[{x:50,y:0,l:85,w:20},{x:0,y:0,l:76,w:50},],
Best fit used bin number: 12
Found best solution: 12 0.046

   Statrt add columnAndCut col: 12 cons: 0 cut: 0	0.125

	1 Start Add column using column generation  col: 12 cons: 0 cut: 0	0.125
			Start solve  LP :0.125
			End solve LP obj: 12.0 t: 0
	1 End Add column using column generation : 12.0 col: 12 cons: 0 cut: 0	0.125
   End add columnAndCut : 12.0 colGencnt: 1 price: 0 col: 12 cons: 0 cut: 0	0.125

Node lb: 12.0 ub: 12 : 0.125

Final Found Solution: 12 genNode: 1 extendedNode: 0:0.125
Bin size: 10000
1 : 7623,1666,90, : 9379
2 : 5415,1872,1100,344, : 8731
3 : 3840,2442, : 6282
4 : 3480,2278,372, : 6130
5 : 4400,4140,880, : 9420
6 : 4005,3649,252, : 7906
7 : 3619,1760,1617,522,154, : 7672
8 : 3549,2278,1911,172, : 7910
9 : 3479,3264,255,96, : 7094
10 : 3198,2116,1482, : 6796
11 : 2788,2350,1552,1386, : 8076
12 : 3800,1700, : 5500
----------------------- 1 ---------------------------
canvasWidth:100,
canvasHeight:100,
data:[{x:0,y:0,l:77,w:99},{x:99,y:0,l:90,w:1},{x:0,y:77,l:17,w:98},],
----------------------- 2 ---------------------------
canvasWidth:100,
canvasHeight:100,
data:[{x:0,y:0,l:95,w:57},{x:57,y:0,l:72,w:26},{x:89,y:0,l:100,w:11},{x:85,y:0,l:86,w:4},],
----------------------- 3 ---------------------------
canvasWidth:100,
canvasHeight:100,
data:[{x:0,y:0,l:64,w:60},{x:60,y:0,l:74,w:33},],
----------------------- 4 ---------------------------
canvasWidth:100,
canvasHeight:100,
data:[{x:0,y:0,l:58,w:60},{x:60,y:0,l:67,w:34},{x:96,y:0,l:93,w:4},],
----------------------- 5 ---------------------------
canvasWidth:100,
canvasHeight:100,
data:[{x:56,y:0,l:100,w:44},{x:0,y:0,l:92,w:45},{x:45,y:0,l:80,w:11},],
----------------------- 6 ---------------------------
canvasWidth:100,
canvasHeight:100,
data:[{x:0,y:0,l:89,w:45},{x:45,y:0,l:89,w:41},{x:86,y:0,l:84,w:3},],
----------------------- 7 ---------------------------
canvasWidth:100,
canvasHeight:100,
data:[{x:0,y:0,l:77,w:47},{x:78,y:18,l:80,w:22},{x:47,y:0,l:77,w:21},{x:70,y:0,l:18,w:29},{x:68,y:0,l:77,w:2},],
----------------------- 8 ---------------------------
canvasWidth:100,
canvasHeight:100,
data:[{x:0,y:0,l:91,w:39},{x:60,y:0,l:67,w:34},{x:39,y:0,l:91,w:21},{x:94,y:0,l:43,w:4},],
----------------------- 9 ---------------------------
canvasWidth:100,
canvasHeight:100,
data:[{x:0,y:0,l:71,w:49},{x:49,y:0,l:68,w:48},{x:97,y:0,l:85,w:3},{x:49,y:68,l:2,w:48},],
----------------------- 10 ---------------------------
canvasWidth:100,
canvasHeight:100,
data:[{x:0,y:0,l:78,w:41},{x:77,y:0,l:92,w:23},{x:41,y:0,l:78,w:19},],
----------------------- 11 ---------------------------
canvasWidth:100,
canvasHeight:100,
data:[{x:0,y:0,l:34,w:82},{x:21,y:34,l:47,w:50},{x:84,y:0,l:97,w:16},{x:0,y:34,l:66,w:21},],
----------------------- 12 ---------------------------
canvasWidth:100,
canvasHeight:100,
data:[{x:50,y:0,l:85,w:20},{x:0,y:0,l:76,w:50},],
