====================================== Class_01.2bp-30 =====================================
Reduced size: 80 usedBin: 0
E:\WSKH\2DBPP\NonGuillotine\initSolution\1_31.pack
[0, 64, 65]
[1, 45, 71]
[3, 43, 70]
[5, 51, 69]
[2, 42, 72]
[4, 55, 79]
[6, 30]
[7, 50, 53, 76]
[8, 39, 56]
[9, 26, 68]
[11, 23, 60]
[10, 24, 74]
[13, 36, 41, 75]
[14, 38, 66, 67, 78]
[17, 29, 48, 77]
[20, 35, 47]
[19, 33, 52, 61]
[18, 34, 49]
[25, 32, 40, 58]
[27, 28]
[21, 44, 62]
[12, 16, 73]
[22, 31, 46, 63]
[37, 54, 59]
[15, 57]
canvasWidth:10,
canvasHeight:10,
data:[{x:0,y:0,l:9,w:9},{x:9,y:0,l:10,w:1},{x:0,y:9,l:1,w:9},],
canvasWidth:10,
canvasHeight:10,
data:[{x:0,y:0,l:8,w:9},{x:0,y:8,l:2,w:10},{x:9,y:0,l:8,w:1},],
canvasWidth:10,
canvasHeight:10,
data:[{x:0,y:0,l:8,w:9},{x:0,y:8,l:2,w:10},{x:9,y:0,l:8,w:1},],
canvasWidth:10,
canvasHeight:10,
data:[{x:0,y:0,l:8,w:9},{x:2,y:8,l:2,w:8},{x:9,y:0,l:8,w:1},],
canvasWidth:10,
canvasHeight:10,
data:[{x:0,y:0,l:9,w:8},{x:8,y:0,l:10,w:2},{x:2,y:9,l:1,w:6},],
canvasWidth:10,
canvasHeight:10,
data:[{x:0,y:0,l:9,w:8},{x:8,y:0,l:7,w:2},{x:8,y:7,l:1,w:2},],
canvasWidth:10,
canvasHeight:10,
data:[{x:0,y:0,l:7,w:10},{x:0,y:7,l:3,w:10},],
canvasWidth:10,
canvasHeight:10,
data:[{x:0,y:0,l:8,w:8},{x:8,y:0,l:8,w:2},{x:3,y:8,l:2,w:7},{x:0,y:8,l:1,w:3},],
canvasWidth:10,
canvasHeight:10,
data:[{x:0,y:0,l:8,w:7},{x:7,y:0,l:8,w:3},{x:3,y:8,l:2,w:7},],
canvasWidth:10,
canvasHeight:10,
data:[{x:0,y:0,l:6,w:9},{x:0,y:6,l:4,w:9},{x:9,y:0,l:9,w:1},],
canvasWidth:10,
canvasHeight:10,
data:[{x:0,y:0,l:9,w:6},{x:6,y:0,l:9,w:4},{x:0,y:9,l:1,w:10},],
canvasWidth:10,
canvasHeight:10,
data:[{x:0,y:0,l:9,w:6},{x:6,y:0,l:9,w:4},{x:6,y:9,l:1,w:4},],
canvasWidth:10,
canvasHeight:10,
data:[{x:0,y:0,l:7,w:7},{x:7,y:0,l:9,w:3},{x:0,y:7,l:3,w:7},{x:7,y:9,l:1,w:3},],
canvasWidth:10,
canvasHeight:10,
data:[{x:0,y:0,l:7,w:7},{x:2,y:7,l:3,w:8},{x:7,y:0,l:3,w:3},{x:7,y:3,l:3,w:3},{x:7,y:6,l:1,w:3},],
canvasWidth:10,
canvasHeight:10,
data:[{x:0,y:0,l:6,w:7},{x:2,y:6,l:4,w:8},{x:7,y:0,l:6,w:3},{x:0,y:6,l:3,w:1},],
canvasWidth:10,
canvasHeight:10,
data:[{x:0,y:0,l:7,w:6},{x:6,y:0,l:7,w:4},{x:4,y:7,l:3,w:6},],
canvasWidth:10,
canvasHeight:10,
data:[{x:0,y:0,l:7,w:6},{x:6,y:0,l:7,w:4},{x:5,y:7,l:3,w:5},{x:0,y:7,l:2,w:5},],
canvasWidth:10,
canvasHeight:10,
data:[{x:0,y:0,l:7,w:6},{x:6,y:0,l:7,w:4},{x:0,y:7,l:2,w:9},],
canvasWidth:10,
canvasHeight:10,
data:[{x:0,y:0,l:6,w:6},{x:3,y:6,l:4,w:7},{x:6,y:0,l:6,w:4},{x:0,y:6,l:4,w:3},],
canvasWidth:10,
canvasHeight:10,
data:[{x:0,y:0,l:6,w:6},{x:6,y:0,l:8,w:4},],
canvasWidth:10,
canvasHeight:10,
data:[{x:6,y:0,l:5,w:4},{x:0,y:0,l:7,w:6},{x:8,y:5,l:5,w:2},],
canvasWidth:10,
canvasHeight:10,
data:[{x:0,y:0,l:5,w:10},{x:1,y:5,l:5,w:9},{x:0,y:5,l:5,w:1},],
canvasWidth:10,
canvasHeight:10,
data:[{x:0,y:0,l:8,w:5},{x:5,y:0,l:6,w:5},{x:5,y:6,l:4,w:5},{x:0,y:8,l:2,w:5},],
canvasWidth:10,
canvasHeight:10,
data:[{x:0,y:0,l:5,w:5},{x:5,y:0,l:7,w:2},{x:7,y:0,l:6,w:2},],
canvasWidth:10,
canvasHeight:10,
data:[{x:2,y:0,l:9,w:5},{x:0,y:0,l:6,w:2},],
Best fit used bin number: 25
Found best solution: 25 0.062

   Statrt add columnAndCut col: 25 cons: 0 cut: 0	0.14

	1 Start Add column using column generation  col: 25 cons: 0 cut: 0	0.14
			Start solve  LP :0.14
			End solve LP obj: 25.0 t: 0
	1 End Add column using column generation : 25.0 col: 25 cons: 0 cut: 0	0.14
   End add columnAndCut : 25.0 colGencnt: 1 price: 0 col: 25 cons: 0 cut: 0	0.14

Node lb: 25.0 ub: 25 : 0.14

Final Found Solution: 25 genNode: 1 extendedNode: 0:0.14
Bin size: 100
1 : 81,10,9, : 100
2 : 72,20,8, : 100
3 : 72,20,8, : 100
4 : 72,16,8, : 96
5 : 72,20,6, : 98
6 : 72,14,2, : 88
7 : 70,30, : 100
8 : 64,16,14,3, : 97
9 : 56,24,14, : 94
10 : 54,36,9, : 99
11 : 54,36,10, : 100
12 : 54,36,4, : 94
13 : 49,27,21,3, : 100
14 : 49,24,9,9,3, : 94
15 : 42,32,18,3, : 95
16 : 42,28,18, : 88
17 : 42,28,15,10, : 95
18 : 42,28,18, : 88
19 : 36,28,24,12, : 100
20 : 36,32, : 68
21 : 42,20,10, : 72
22 : 50,45,5, : 100
23 : 40,30,20,10, : 100
24 : 25,14,12, : 51
25 : 45,12, : 57
----------------------- 1 ---------------------------
canvasWidth:10,
canvasHeight:10,
data:[{x:0,y:0,l:9,w:9},{x:9,y:0,l:10,w:1},{x:0,y:9,l:1,w:9},],
----------------------- 2 ---------------------------
canvasWidth:10,
canvasHeight:10,
data:[{x:0,y:0,l:8,w:9},{x:0,y:8,l:2,w:10},{x:9,y:0,l:8,w:1},],
----------------------- 3 ---------------------------
canvasWidth:10,
canvasHeight:10,
data:[{x:0,y:0,l:8,w:9},{x:0,y:8,l:2,w:10},{x:9,y:0,l:8,w:1},],
----------------------- 4 ---------------------------
canvasWidth:10,
canvasHeight:10,
data:[{x:0,y:0,l:8,w:9},{x:2,y:8,l:2,w:8},{x:9,y:0,l:8,w:1},],
----------------------- 5 ---------------------------
canvasWidth:10,
canvasHeight:10,
data:[{x:0,y:0,l:9,w:8},{x:8,y:0,l:10,w:2},{x:2,y:9,l:1,w:6},],
----------------------- 6 ---------------------------
canvasWidth:10,
canvasHeight:10,
data:[{x:0,y:0,l:9,w:8},{x:8,y:0,l:7,w:2},{x:8,y:7,l:1,w:2},],
----------------------- 7 ---------------------------
canvasWidth:10,
canvasHeight:10,
data:[{x:0,y:0,l:7,w:10},{x:0,y:7,l:3,w:10},],
----------------------- 8 ---------------------------
canvasWidth:10,
canvasHeight:10,
data:[{x:0,y:0,l:8,w:8},{x:8,y:0,l:8,w:2},{x:3,y:8,l:2,w:7},{x:0,y:8,l:1,w:3},],
----------------------- 9 ---------------------------
canvasWidth:10,
canvasHeight:10,
data:[{x:0,y:0,l:8,w:7},{x:7,y:0,l:8,w:3},{x:3,y:8,l:2,w:7},],
----------------------- 10 ---------------------------
canvasWidth:10,
canvasHeight:10,
data:[{x:0,y:0,l:6,w:9},{x:0,y:6,l:4,w:9},{x:9,y:0,l:9,w:1},],
----------------------- 11 ---------------------------
canvasWidth:10,
canvasHeight:10,
data:[{x:0,y:0,l:9,w:6},{x:6,y:0,l:9,w:4},{x:0,y:9,l:1,w:10},],
----------------------- 12 ---------------------------
canvasWidth:10,
canvasHeight:10,
data:[{x:0,y:0,l:9,w:6},{x:6,y:0,l:9,w:4},{x:6,y:9,l:1,w:4},],
----------------------- 13 ---------------------------
canvasWidth:10,
canvasHeight:10,
data:[{x:0,y:0,l:7,w:7},{x:7,y:0,l:9,w:3},{x:0,y:7,l:3,w:7},{x:7,y:9,l:1,w:3},],
----------------------- 14 ---------------------------
canvasWidth:10,
canvasHeight:10,
data:[{x:0,y:0,l:7,w:7},{x:2,y:7,l:3,w:8},{x:7,y:0,l:3,w:3},{x:7,y:3,l:3,w:3},{x:7,y:6,l:1,w:3},],
----------------------- 15 ---------------------------
canvasWidth:10,
canvasHeight:10,
data:[{x:0,y:0,l:6,w:7},{x:2,y:6,l:4,w:8},{x:7,y:0,l:6,w:3},{x:0,y:6,l:3,w:1},],
----------------------- 16 ---------------------------
canvasWidth:10,
canvasHeight:10,
data:[{x:0,y:0,l:7,w:6},{x:6,y:0,l:7,w:4},{x:4,y:7,l:3,w:6},],
----------------------- 17 ---------------------------
canvasWidth:10,
canvasHeight:10,
data:[{x:0,y:0,l:7,w:6},{x:6,y:0,l:7,w:4},{x:5,y:7,l:3,w:5},{x:0,y:7,l:2,w:5},],
----------------------- 18 ---------------------------
canvasWidth:10,
canvasHeight:10,
data:[{x:0,y:0,l:7,w:6},{x:6,y:0,l:7,w:4},{x:0,y:7,l:2,w:9},],
----------------------- 19 ---------------------------
canvasWidth:10,
canvasHeight:10,
data:[{x:0,y:0,l:6,w:6},{x:3,y:6,l:4,w:7},{x:6,y:0,l:6,w:4},{x:0,y:6,l:4,w:3},],
----------------------- 20 ---------------------------
canvasWidth:10,
canvasHeight:10,
data:[{x:0,y:0,l:6,w:6},{x:6,y:0,l:8,w:4},],
----------------------- 21 ---------------------------
canvasWidth:10,
canvasHeight:10,
data:[{x:6,y:0,l:5,w:4},{x:0,y:0,l:7,w:6},{x:8,y:5,l:5,w:2},],
----------------------- 22 ---------------------------
canvasWidth:10,
canvasHeight:10,
data:[{x:0,y:0,l:5,w:10},{x:1,y:5,l:5,w:9},{x:0,y:5,l:5,w:1},],
----------------------- 23 ---------------------------
canvasWidth:10,
canvasHeight:10,
data:[{x:0,y:0,l:8,w:5},{x:5,y:0,l:6,w:5},{x:5,y:6,l:4,w:5},{x:0,y:8,l:2,w:5},],
----------------------- 24 ---------------------------
canvasWidth:10,
canvasHeight:10,
data:[{x:0,y:0,l:5,w:5},{x:5,y:0,l:7,w:2},{x:7,y:0,l:6,w:2},],
----------------------- 25 ---------------------------
canvasWidth:10,
canvasHeight:10,
data:[{x:2,y:0,l:9,w:5},{x:0,y:0,l:6,w:2},],
