====================================== Class_09.2bp-20 =====================================
Reduced size: 60 usedBin: 0
[0]
[1]
[2]
[3]
[4]
[5]
[6, 55]
[7]
[8]
[9, 52]
[10]
[11]
[12, 51]
[13, 58]
[14]
[15]
[16, 57]
[17]
[18]
[19]
[20, 54]
[22, 53]
[21, 56]
[23]
[24]
[25]
[26]
[27]
[28]
[30, 43]
[32, 46]
[33]
[34]
[35]
[37]
[38]
[40]
[41]
[42]
[45]
[36, 47]
[39, 48, 59]
[49]
[50]
[31]
[29, 44]
canvasWidth:100,
canvasHeight:100,
data:[{x:0,y:0,l:98,w:93},],
canvasWidth:100,
canvasHeight:100,
data:[{x:0,y:0,l:94,w:96},],
canvasWidth:100,
canvasHeight:100,
data:[{x:0,y:0,l:96,w:92},],
canvasWidth:100,
canvasHeight:100,
data:[{x:0,y:0,l:97,w:89},],
canvasWidth:100,
canvasHeight:100,
data:[{x:0,y:0,l:86,w:93},],
canvasWidth:100,
canvasHeight:100,
data:[{x:0,y:0,l:81,w:96},],
canvasWidth:100,
canvasHeight:100,
data:[{x:0,y:0,l:94,w:81},{x:81,y:0,l:88,w:19},],
canvasWidth:100,
canvasHeight:100,
data:[{x:0,y:0,l:79,w:86},],
canvasWidth:100,
canvasHeight:100,
data:[{x:0,y:0,l:88,w:77},],
canvasWidth:100,
canvasHeight:100,
data:[{x:0,y:0,l:99,w:68},{x:68,y:0,l:68,w:32},],
canvasWidth:100,
canvasHeight:100,
data:[{x:0,y:0,l:88,w:73},],
canvasWidth:100,
canvasHeight:100,
data:[{x:0,y:0,l:78,w:82},],
canvasWidth:100,
canvasHeight:100,
data:[{x:0,y:0,l:90,w:71},{x:71,y:0,l:76,w:29},],
canvasWidth:100,
canvasHeight:100,
data:[{x:0,y:0,l:96,w:66},{x:66,y:0,l:25,w:26},],
canvasWidth:100,
canvasHeight:100,
data:[{x:0,y:0,l:69,w:90},],
canvasWidth:100,
canvasHeight:100,
data:[{x:0,y:0,l:65,w:95},],
canvasWidth:100,
canvasHeight:100,
data:[{x:0,y:0,l:89,w:69},{x:69,y:0,l:85,w:17},],
canvasWidth:100,
canvasHeight:100,
data:[{x:0,y:0,l:69,w:87},],
canvasWidth:100,
canvasHeight:100,
data:[{x:0,y:0,l:69,w:87},],
canvasWidth:100,
canvasHeight:100,
data:[{x:0,y:0,l:85,w:69},],
canvasWidth:100,
canvasHeight:100,
data:[{x:0,y:0,l:60,w:96},{x:52,y:60,l:40,w:48},],
canvasWidth:100,
canvasHeight:100,
data:[{x:0,y:0,l:57,w:99},{x:0,y:57,l:29,w:68},],
canvasWidth:100,
canvasHeight:100,
data:[{x:0,y:0,l:99,w:57},{x:57,y:0,l:36,w:42},],
canvasWidth:100,
canvasHeight:100,
data:[{x:0,y:0,l:60,w:94},],
canvasWidth:100,
canvasHeight:100,
data:[{x:0,y:0,l:68,w:80},],
canvasWidth:100,
canvasHeight:100,
data:[{x:0,y:0,l:60,w:90},],
canvasWidth:100,
canvasHeight:100,
data:[{x:0,y:0,l:64,w:83},],
canvasWidth:100,
canvasHeight:100,
data:[{x:0,y:0,l:77,w:68},],
canvasWidth:100,
canvasHeight:100,
data:[{x:0,y:0,l:68,w:75},],
canvasWidth:100,
canvasHeight:100,
data:[{x:0,y:54,l:46,w:82},{x:0,y:0,l:54,w:87},],
canvasWidth:100,
canvasHeight:100,
data:[{x:0,y:0,l:57,w:80},{x:0,y:60,l:40,w:88},],
canvasWidth:100,
canvasHeight:100,
data:[{x:0,y:0,l:67,w:67},],
canvasWidth:100,
canvasHeight:100,
data:[{x:0,y:0,l:80,w:56},],
canvasWidth:100,
canvasHeight:100,
data:[{x:0,y:0,l:64,w:69},],
canvasWidth:100,
canvasHeight:100,
data:[{x:0,y:0,l:80,w:54},],
canvasWidth:100,
canvasHeight:100,
data:[{x:0,y:0,l:58,w:72},],
canvasWidth:100,
canvasHeight:100,
data:[{x:0,y:0,l:64,w:63},],
canvasWidth:100,
canvasHeight:100,
data:[{x:0,y:0,l:69,w:56},],
canvasWidth:100,
canvasHeight:100,
data:[{x:0,y:0,l:63,w:60},],
canvasWidth:100,
canvasHeight:100,
data:[{x:0,y:0,l:62,w:57},],
canvasWidth:100,
canvasHeight:100,
data:[{x:0,y:55,l:45,w:98},{x:0,y:0,l:54,w:65},],
canvasWidth:100,
canvasHeight:100,
data:[{x:0,y:55,l:45,w:92},{x:0,y:0,l:51,w:67},{x:0,y:51,l:2,w:76},],
canvasWidth:100,
canvasHeight:100,
data:[{x:0,y:0,l:51,w:66},],
canvasWidth:100,
canvasHeight:100,
data:[{x:0,y:0,l:57,w:55},],
canvasWidth:100,
canvasHeight:100,
data:[{x:0,y:0,l:92,w:50},],
canvasWidth:100,
canvasHeight:100,
data:[{x:0,y:0,l:50,w:99},{x:0,y:50,l:50,w:72},],
Best fit used bin number: 46
Found best solution: 46 0.062

   Statrt add columnAndCut col: 46 cons: 0 cut: 0	0.14

	1 Start Add column using column generation  col: 46 cons: 0 cut: 0	0.14
			Start solve  LP :0.14
			End solve LP obj: 46.0 t: 0
	1 End Add column using column generation : 46.0 col: 46 cons: 0 cut: 0	0.14
   End add columnAndCut : 46.0 colGencnt: 1 price: 0 col: 46 cons: 0 cut: 0	0.14

Node lb: 46.0 ub: 46 : 0.14

Final Found Solution: 46 genNode: 1 extendedNode: 0:0.14
Bin size: 10000
1 : 9114, : 9114
2 : 9024, : 9024
3 : 8832, : 8832
4 : 8633, : 8633
5 : 7998, : 7998
6 : 7776, : 7776
7 : 7614,1672, : 9286
8 : 6794, : 6794
9 : 6776, : 6776
10 : 6732,2176, : 8908
11 : 6424, : 6424
12 : 6396, : 6396
13 : 6390,2204, : 8594
14 : 6336,650, : 6986
15 : 6210, : 6210
16 : 6175, : 6175
17 : 6141,1445, : 7586
18 : 6003, : 6003
19 : 6003, : 6003
20 : 5865, : 5865
21 : 5760,1920, : 7680
22 : 5643,1972, : 7615
23 : 5643,1512, : 7155
24 : 5640, : 5640
25 : 5440, : 5440
26 : 5400, : 5400
27 : 5312, : 5312
28 : 5236, : 5236
29 : 5100, : 5100
30 : 4698,3772, : 8470
31 : 4560,3520, : 8080
32 : 4489, : 4489
33 : 4480, : 4480
34 : 4416, : 4416
35 : 4320, : 4320
36 : 4176, : 4176
37 : 4032, : 4032
38 : 3864, : 3864
39 : 3780, : 3780
40 : 3534, : 3534
41 : 4410,3510, : 7920
42 : 4140,3417,152, : 7709
43 : 3366, : 3366
44 : 3135, : 3135
45 : 4600, : 4600
46 : 4950,3600, : 8550
----------------------- 1 ---------------------------
canvasWidth:100,
canvasHeight:100,
data:[{x:0,y:0,l:98,w:93},],
----------------------- 2 ---------------------------
canvasWidth:100,
canvasHeight:100,
data:[{x:0,y:0,l:94,w:96},],
----------------------- 3 ---------------------------
canvasWidth:100,
canvasHeight:100,
data:[{x:0,y:0,l:96,w:92},],
----------------------- 4 ---------------------------
canvasWidth:100,
canvasHeight:100,
data:[{x:0,y:0,l:97,w:89},],
----------------------- 5 ---------------------------
canvasWidth:100,
canvasHeight:100,
data:[{x:0,y:0,l:86,w:93},],
----------------------- 6 ---------------------------
canvasWidth:100,
canvasHeight:100,
data:[{x:0,y:0,l:81,w:96},],
----------------------- 7 ---------------------------
canvasWidth:100,
canvasHeight:100,
data:[{x:0,y:0,l:94,w:81},{x:81,y:0,l:88,w:19},],
----------------------- 8 ---------------------------
canvasWidth:100,
canvasHeight:100,
data:[{x:0,y:0,l:79,w:86},],
----------------------- 9 ---------------------------
canvasWidth:100,
canvasHeight:100,
data:[{x:0,y:0,l:88,w:77},],
----------------------- 10 ---------------------------
canvasWidth:100,
canvasHeight:100,
data:[{x:0,y:0,l:99,w:68},{x:68,y:0,l:68,w:32},],
----------------------- 11 ---------------------------
canvasWidth:100,
canvasHeight:100,
data:[{x:0,y:0,l:88,w:73},],
----------------------- 12 ---------------------------
canvasWidth:100,
canvasHeight:100,
data:[{x:0,y:0,l:78,w:82},],
----------------------- 13 ---------------------------
canvasWidth:100,
canvasHeight:100,
data:[{x:0,y:0,l:90,w:71},{x:71,y:0,l:76,w:29},],
----------------------- 14 ---------------------------
canvasWidth:100,
canvasHeight:100,
data:[{x:0,y:0,l:96,w:66},{x:66,y:0,l:25,w:26},],
----------------------- 15 ---------------------------
canvasWidth:100,
canvasHeight:100,
data:[{x:0,y:0,l:69,w:90},],
----------------------- 16 ---------------------------
canvasWidth:100,
canvasHeight:100,
data:[{x:0,y:0,l:65,w:95},],
----------------------- 17 ---------------------------
canvasWidth:100,
canvasHeight:100,
data:[{x:0,y:0,l:89,w:69},{x:69,y:0,l:85,w:17},],
----------------------- 18 ---------------------------
canvasWidth:100,
canvasHeight:100,
data:[{x:0,y:0,l:69,w:87},],
----------------------- 19 ---------------------------
canvasWidth:100,
canvasHeight:100,
data:[{x:0,y:0,l:69,w:87},],
----------------------- 20 ---------------------------
canvasWidth:100,
canvasHeight:100,
data:[{x:0,y:0,l:85,w:69},],
----------------------- 21 ---------------------------
canvasWidth:100,
canvasHeight:100,
data:[{x:0,y:0,l:60,w:96},{x:52,y:60,l:40,w:48},],
----------------------- 22 ---------------------------
canvasWidth:100,
canvasHeight:100,
data:[{x:0,y:0,l:57,w:99},{x:0,y:57,l:29,w:68},],
----------------------- 23 ---------------------------
canvasWidth:100,
canvasHeight:100,
data:[{x:0,y:0,l:99,w:57},{x:57,y:0,l:36,w:42},],
----------------------- 24 ---------------------------
canvasWidth:100,
canvasHeight:100,
data:[{x:0,y:0,l:60,w:94},],
----------------------- 25 ---------------------------
canvasWidth:100,
canvasHeight:100,
data:[{x:0,y:0,l:68,w:80},],
----------------------- 26 ---------------------------
canvasWidth:100,
canvasHeight:100,
data:[{x:0,y:0,l:60,w:90},],
----------------------- 27 ---------------------------
canvasWidth:100,
canvasHeight:100,
data:[{x:0,y:0,l:64,w:83},],
----------------------- 28 ---------------------------
canvasWidth:100,
canvasHeight:100,
data:[{x:0,y:0,l:77,w:68},],
----------------------- 29 ---------------------------
canvasWidth:100,
canvasHeight:100,
data:[{x:0,y:0,l:68,w:75},],
----------------------- 30 ---------------------------
canvasWidth:100,
canvasHeight:100,
data:[{x:0,y:54,l:46,w:82},{x:0,y:0,l:54,w:87},],
----------------------- 31 ---------------------------
canvasWidth:100,
canvasHeight:100,
data:[{x:0,y:0,l:57,w:80},{x:0,y:60,l:40,w:88},],
----------------------- 32 ---------------------------
canvasWidth:100,
canvasHeight:100,
data:[{x:0,y:0,l:67,w:67},],
----------------------- 33 ---------------------------
canvasWidth:100,
canvasHeight:100,
data:[{x:0,y:0,l:80,w:56},],
----------------------- 34 ---------------------------
canvasWidth:100,
canvasHeight:100,
data:[{x:0,y:0,l:64,w:69},],
----------------------- 35 ---------------------------
canvasWidth:100,
canvasHeight:100,
data:[{x:0,y:0,l:80,w:54},],
----------------------- 36 ---------------------------
canvasWidth:100,
canvasHeight:100,
data:[{x:0,y:0,l:58,w:72},],
----------------------- 37 ---------------------------
canvasWidth:100,
canvasHeight:100,
data:[{x:0,y:0,l:64,w:63},],
----------------------- 38 ---------------------------
canvasWidth:100,
canvasHeight:100,
data:[{x:0,y:0,l:69,w:56},],
----------------------- 39 ---------------------------
canvasWidth:100,
canvasHeight:100,
data:[{x:0,y:0,l:63,w:60},],
----------------------- 40 ---------------------------
canvasWidth:100,
canvasHeight:100,
data:[{x:0,y:0,l:62,w:57},],
----------------------- 41 ---------------------------
canvasWidth:100,
canvasHeight:100,
data:[{x:0,y:55,l:45,w:98},{x:0,y:0,l:54,w:65},],
----------------------- 42 ---------------------------
canvasWidth:100,
canvasHeight:100,
data:[{x:0,y:55,l:45,w:92},{x:0,y:0,l:51,w:67},{x:0,y:51,l:2,w:76},],
----------------------- 43 ---------------------------
canvasWidth:100,
canvasHeight:100,
data:[{x:0,y:0,l:51,w:66},],
----------------------- 44 ---------------------------
canvasWidth:100,
canvasHeight:100,
data:[{x:0,y:0,l:57,w:55},],
----------------------- 45 ---------------------------
canvasWidth:100,
canvasHeight:100,
data:[{x:0,y:0,l:92,w:50},],
----------------------- 46 ---------------------------
canvasWidth:100,
canvasHeight:100,
data:[{x:0,y:0,l:50,w:99},{x:0,y:50,l:50,w:72},],
