====================================== Class_08.2bp-36 =====================================
Reduced size: 80 usedBin: 0
E:\WSKH\2DBPP\NonGuillotine\initSolution\8_37.pack
[0, 37, 70]
[1, 46, 55]
[2, 33, 71]
[3, 26, 69]
[4, 10]
[5, 21, 74, 76]
[14, 15, 54, 64, 78]
[6, 11, 75]
[7, 29, 45]
[8, 20, 56, 72, 77]
[12, 16, 65, 73]
[13, 17, 60]
[24, 27, 49, 79]
[19, 22, 47]
[25, 34, 43, 62]
[9, 28, 58]
[32, 35, 40, 59]
[44, 48, 50, 51, 63, 66]
[39, 41, 52, 53]
[23, 31, 36]
[30, 42, 57, 61, 67]
[18, 38, 68]
canvasWidth:100,
canvasHeight:100,
data:[{x:0,y:0,l:66,w:89},{x:0,y:66,l:26,w:95},{x:0,y:92,l:5,w:86},],
canvasWidth:100,
canvasHeight:100,
data:[{x:0,y:0,l:82,w:71},{x:73,y:10,l:90,w:22},{x:0,y:83,l:17,w:73},],
canvasWidth:100,
canvasHeight:100,
data:[{x:0,y:0,l:65,w:85},{x:0,y:65,l:33,w:85},{x:85,y:0,l:85,w:5},],
canvasWidth:100,
canvasHeight:100,
data:[{x:0,y:0,l:65,w:80},{x:0,y:65,l:33,w:96},{x:80,y:0,l:25,w:18},],
canvasWidth:100,
canvasHeight:100,
data:[{x:0,y:0,l:55,w:94},{x:0,y:55,l:45,w:89},],
canvasWidth:100,
canvasHeight:100,
data:[{x:0,y:0,l:55,w:91},{x:0,y:55,l:45,w:72},{x:91,y:0,l:31,w:7},{x:72,y:55,l:5,w:21},],
canvasWidth:100,
canvasHeight:100,
data:[{x:0,y:0,l:51,w:73},{x:0,y:51,l:49,w:74},{x:73,y:0,l:46,w:27},{x:74,y:68,l:32,w:22},{x:74,y:62,l:6,w:7},],
canvasWidth:100,
canvasHeight:100,
data:[{x:0,y:52,l:48,w:100},{x:0,y:0,l:50,w:79},{x:0,y:50,l:2,w:96},],
canvasWidth:100,
canvasHeight:100,
data:[{x:0,y:31,l:48,w:99},{x:0,y:0,l:31,w:100},{x:0,y:79,l:21,w:99},],
canvasWidth:100,
canvasHeight:100,
data:[{x:0,y:0,l:48,w:96},{x:0,y:48,l:33,w:99},{x:0,y:84,l:15,w:80},{x:0,y:81,l:3,w:99},{x:99,y:0,l:99,w:1},],
canvasWidth:100,
canvasHeight:100,
data:[{x:0,y:0,l:95,w:41},{x:41,y:0,l:97,w:36},{x:77,y:0,l:78,w:9},{x:0,y:97,l:3,w:88},],
canvasWidth:100,
canvasHeight:100,
data:[{x:0,y:0,l:44,w:85},{x:0,y:44,l:43,w:81},{x:0,y:90,l:10,w:96},],
canvasWidth:100,
canvasHeight:100,
data:[{x:0,y:0,l:33,w:97},{x:0,y:33,l:38,w:83},{x:0,y:71,l:26,w:66},{x:83,y:33,l:2,w:17},],
canvasWidth:100,
canvasHeight:100,
data:[{x:0,y:0,l:37,w:89},{x:0,y:37,l:41,w:79},{x:0,y:78,l:22,w:89},],
canvasWidth:100,
canvasHeight:100,
data:[{x:0,y:68,l:32,w:100},{x:0,y:0,l:36,w:74},{x:0,y:36,l:23,w:97},{x:0,y:59,l:8,w:96},],
canvasWidth:100,
canvasHeight:100,
data:[{x:0,y:0,l:44,w:96},{x:0,y:44,l:39,w:80},{x:0,y:83,l:16,w:71},],
canvasWidth:100,
canvasHeight:100,
data:[{x:0,y:0,l:32,w:92},{x:0,y:32,l:29,w:91},{x:0,y:61,l:24,w:98},{x:0,y:85,l:13,w:78},],
canvasWidth:100,
canvasHeight:100,
data:[{x:0,y:0,l:26,w:84},{x:0,y:82,l:18,w:100},{x:0,y:26,l:20,w:81},{x:0,y:46,l:19,w:74},{x:0,y:65,l:8,w:94},{x:0,y:73,l:9,w:76},],
canvasWidth:100,
canvasHeight:100,
data:[{x:0,y:0,l:27,w:90},{x:0,y:27,l:28,w:83},{x:0,y:55,l:28,w:50},{x:0,y:83,l:17,w:75},],
canvasWidth:100,
canvasHeight:100,
data:[{x:0,y:0,l:34,w:95},{x:0,y:34,l:32,w:95},{x:0,y:66,l:33,w:79},],
canvasWidth:100,
canvasHeight:100,
data:[{x:0,y:52,l:38,w:80},{x:0,y:38,l:14,w:83},{x:0,y:0,l:11,w:86},{x:0,y:90,l:9,w:71},{x:0,y:11,l:27,w:84},],
canvasWidth:100,
canvasHeight:100,
data:[{x:0,y:0,l:37,w:94},{x:0,y:37,l:30,w:82},{x:0,y:67,l:7,w:72},],
Best fit used bin number: 22
Found best solution: 22 0.062

   Statrt add columnAndCut col: 22 cons: 0 cut: 0	0.125

	1 Start Add column using column generation  col: 22 cons: 0 cut: 0	0.125
			Start solve  LP :0.125
			End solve LP obj: 22.0 t: 0
	1 End Add column using column generation : 22.0 col: 22 cons: 0 cut: 0	0.125
   End add columnAndCut : 22.0 colGencnt: 1 price: 0 col: 22 cons: 0 cut: 0	0.125

Node lb: 22.0 ub: 22 : 0.125

Final Found Solution: 22 genNode: 1 extendedNode: 0:0.125
Bin size: 10000
1 : 5874,2470,430, : 8774
2 : 5822,1980,1241, : 9043
3 : 5525,2805,425, : 8755
4 : 5200,3168,450, : 8818
5 : 5170,4005, : 9175
6 : 5005,3240,217,105, : 8567
7 : 3723,3626,1242,704,42, : 9337
8 : 4800,3950,192, : 8942
9 : 4752,3100,2079, : 9931
10 : 4608,3267,1200,297,99, : 9471
11 : 3895,3492,702,264, : 8353
12 : 3740,3483,960, : 8183
13 : 3201,3154,1716,34, : 8105
14 : 3293,3239,1958, : 8490
15 : 3200,2664,2231,768, : 8863
16 : 4224,3120,1136, : 8480
17 : 2944,2639,2352,1014, : 8949
18 : 2184,1800,1620,1406,752,684, : 8446
19 : 2430,2324,1400,1275, : 7429
20 : 3230,3040,2607, : 8877
21 : 3040,2268,1162,946,639, : 8055
22 : 3478,2460,504, : 6442
----------------------- 1 ---------------------------
canvasWidth:100,
canvasHeight:100,
data:[{x:0,y:0,l:66,w:89},{x:0,y:66,l:26,w:95},{x:0,y:92,l:5,w:86},],
----------------------- 2 ---------------------------
canvasWidth:100,
canvasHeight:100,
data:[{x:0,y:0,l:82,w:71},{x:73,y:10,l:90,w:22},{x:0,y:83,l:17,w:73},],
----------------------- 3 ---------------------------
canvasWidth:100,
canvasHeight:100,
data:[{x:0,y:0,l:65,w:85},{x:0,y:65,l:33,w:85},{x:85,y:0,l:85,w:5},],
----------------------- 4 ---------------------------
canvasWidth:100,
canvasHeight:100,
data:[{x:0,y:0,l:65,w:80},{x:0,y:65,l:33,w:96},{x:80,y:0,l:25,w:18},],
----------------------- 5 ---------------------------
canvasWidth:100,
canvasHeight:100,
data:[{x:0,y:0,l:55,w:94},{x:0,y:55,l:45,w:89},],
----------------------- 6 ---------------------------
canvasWidth:100,
canvasHeight:100,
data:[{x:0,y:0,l:55,w:91},{x:0,y:55,l:45,w:72},{x:91,y:0,l:31,w:7},{x:72,y:55,l:5,w:21},],
----------------------- 7 ---------------------------
canvasWidth:100,
canvasHeight:100,
data:[{x:0,y:0,l:51,w:73},{x:0,y:51,l:49,w:74},{x:73,y:0,l:46,w:27},{x:74,y:68,l:32,w:22},{x:74,y:62,l:6,w:7},],
----------------------- 8 ---------------------------
canvasWidth:100,
canvasHeight:100,
data:[{x:0,y:52,l:48,w:100},{x:0,y:0,l:50,w:79},{x:0,y:50,l:2,w:96},],
----------------------- 9 ---------------------------
canvasWidth:100,
canvasHeight:100,
data:[{x:0,y:31,l:48,w:99},{x:0,y:0,l:31,w:100},{x:0,y:79,l:21,w:99},],
----------------------- 10 ---------------------------
canvasWidth:100,
canvasHeight:100,
data:[{x:0,y:0,l:48,w:96},{x:0,y:48,l:33,w:99},{x:0,y:84,l:15,w:80},{x:0,y:81,l:3,w:99},{x:99,y:0,l:99,w:1},],
----------------------- 11 ---------------------------
canvasWidth:100,
canvasHeight:100,
data:[{x:0,y:0,l:95,w:41},{x:41,y:0,l:97,w:36},{x:77,y:0,l:78,w:9},{x:0,y:97,l:3,w:88},],
----------------------- 12 ---------------------------
canvasWidth:100,
canvasHeight:100,
data:[{x:0,y:0,l:44,w:85},{x:0,y:44,l:43,w:81},{x:0,y:90,l:10,w:96},],
----------------------- 13 ---------------------------
canvasWidth:100,
canvasHeight:100,
data:[{x:0,y:0,l:33,w:97},{x:0,y:33,l:38,w:83},{x:0,y:71,l:26,w:66},{x:83,y:33,l:2,w:17},],
----------------------- 14 ---------------------------
canvasWidth:100,
canvasHeight:100,
data:[{x:0,y:0,l:37,w:89},{x:0,y:37,l:41,w:79},{x:0,y:78,l:22,w:89},],
----------------------- 15 ---------------------------
canvasWidth:100,
canvasHeight:100,
data:[{x:0,y:68,l:32,w:100},{x:0,y:0,l:36,w:74},{x:0,y:36,l:23,w:97},{x:0,y:59,l:8,w:96},],
----------------------- 16 ---------------------------
canvasWidth:100,
canvasHeight:100,
data:[{x:0,y:0,l:44,w:96},{x:0,y:44,l:39,w:80},{x:0,y:83,l:16,w:71},],
----------------------- 17 ---------------------------
canvasWidth:100,
canvasHeight:100,
data:[{x:0,y:0,l:32,w:92},{x:0,y:32,l:29,w:91},{x:0,y:61,l:24,w:98},{x:0,y:85,l:13,w:78},],
----------------------- 18 ---------------------------
canvasWidth:100,
canvasHeight:100,
data:[{x:0,y:0,l:26,w:84},{x:0,y:82,l:18,w:100},{x:0,y:26,l:20,w:81},{x:0,y:46,l:19,w:74},{x:0,y:65,l:8,w:94},{x:0,y:73,l:9,w:76},],
----------------------- 19 ---------------------------
canvasWidth:100,
canvasHeight:100,
data:[{x:0,y:0,l:27,w:90},{x:0,y:27,l:28,w:83},{x:0,y:55,l:28,w:50},{x:0,y:83,l:17,w:75},],
----------------------- 20 ---------------------------
canvasWidth:100,
canvasHeight:100,
data:[{x:0,y:0,l:34,w:95},{x:0,y:34,l:32,w:95},{x:0,y:66,l:33,w:79},],
----------------------- 21 ---------------------------
canvasWidth:100,
canvasHeight:100,
data:[{x:0,y:52,l:38,w:80},{x:0,y:38,l:14,w:83},{x:0,y:0,l:11,w:86},{x:0,y:90,l:9,w:71},{x:0,y:11,l:27,w:84},],
----------------------- 22 ---------------------------
canvasWidth:100,
canvasHeight:100,
data:[{x:0,y:0,l:37,w:94},{x:0,y:37,l:30,w:82},{x:0,y:67,l:7,w:72},],
