====================================== Class_07.2bp-40 =====================================
Reduced size: 100 usedBin: 0
[0, 80, 90]
[1, 58]
[2, 48]
[3, 46]
[4, 45, 88, 96]
[6, 50, 56, 91]
[5, 38, 79, 95]
[8, 28, 68, 99]
[7, 26, 66]
[9, 11, 93, 97, 98]
[12, 24, 54]
[13, 22, 73]
[32, 34, 53]
[16, 18, 83]
[14, 31, 57]
[17, 19, 78]
[21, 36, 72, 75]
[20, 25, 77]
[27, 39, 44, 74]
[23, 29, 61, 84]
[30, 35, 76, 82]
[33, 43, 51, 70]
[10, 15, 85]
[37, 41, 42, 63, 87]
[40, 47, 52, 67, 81, 92]
[49, 60, 64, 71, 86, 89, 94]
[55, 59, 62, 65, 69]
canvasWidth:100,
canvasHeight:100,
data:[{x:0,y:0,l:91,w:90},{x:91,y:0,l:94,w:9},{x:0,y:91,l:9,w:46},],
canvasWidth:100,
canvasHeight:100,
data:[{x:0,y:0,l:96,w:83},{x:83,y:0,l:88,w:17},],
canvasWidth:100,
canvasHeight:100,
data:[{x:0,y:0,l:93,w:79},{x:79,y:0,l:97,w:21},],
canvasWidth:100,
canvasHeight:100,
data:[{x:0,y:0,l:95,w:70},{x:70,y:0,l:72,w:29},],
canvasWidth:100,
canvasHeight:100,
data:[{x:0,y:0,l:67,w:94},{x:0,y:67,l:28,w:77},{x:94,y:0,l:98,w:6},{x:77,y:67,l:15,w:7},],
canvasWidth:100,
canvasHeight:100,
data:[{x:0,y:0,l:99,w:60},{x:60,y:0,l:99,w:20},{x:80,y:0,l:96,w:16},{x:96,y:0,l:78,w:4},],
canvasWidth:100,
canvasHeight:100,
data:[{x:0,y:0,l:90,w:66},{x:66,y:0,l:78,w:34},{x:0,y:90,l:10,w:93},{x:66,y:78,l:10,w:11},],
canvasWidth:100,
canvasHeight:100,
data:[{x:0,y:0,l:97,w:48},{x:48,y:0,l:82,w:39},{x:88,y:0,l:98,w:12},{x:48,y:82,l:15,w:4},],
canvasWidth:100,
canvasHeight:100,
data:[{x:0,y:0,l:98,w:48},{x:48,y:0,l:91,w:36},{x:87,y:0,l:97,w:13},],
canvasWidth:100,
canvasHeight:100,
data:[{x:0,y:0,l:95,w:49},{x:49,y:0,l:94,w:49},{x:0,y:95,l:5,w:30},{x:98,y:0,l:69,w:1},{x:99,y:0,l:68,w:1},],
canvasWidth:100,
canvasHeight:100,
data:[{x:0,y:0,l:94,w:45},{x:45,y:0,l:94,w:35},{x:80,y:0,l:94,w:19},],
canvasWidth:100,
canvasHeight:100,
data:[{x:0,y:0,l:49,w:85},{x:0,y:49,l:45,w:79},{x:85,y:0,l:69,w:15},],
canvasWidth:100,
canvasHeight:100,
data:[{x:0,y:0,l:39,w:78},{x:0,y:39,l:40,w:71},{x:78,y:0,l:82,w:22},],
canvasWidth:100,
canvasHeight:100,
data:[{x:0,y:0,l:84,w:46},{x:46,y:0,l:84,w:44},{x:90,y:0,l:75,w:10},],
canvasWidth:100,
canvasHeight:100,
data:[{x:33,y:0,l:86,w:47},{x:0,y:0,l:94,w:33},{x:80,y:0,l:76,w:20},],
canvasWidth:100,
canvasHeight:100,
data:[{x:0,y:0,l:76,w:50},{x:50,y:0,l:74,w:49},{x:0,y:76,l:12,w:79},],
canvasWidth:100,
canvasHeight:100,
data:[{x:0,y:0,l:78,w:46},{x:46,y:0,l:94,w:29},{x:86,y:21,l:79,w:14},{x:75,y:0,l:90,w:11},],
canvasWidth:100,
canvasHeight:100,
data:[{x:51,y:0,l:74,w:49},{x:10,y:0,l:80,w:41},{x:0,y:0,l:96,w:10},],
canvasWidth:100,
canvasHeight:100,
data:[{x:0,y:0,l:27,w:90},{x:0,y:27,l:68,w:48},{x:48,y:27,l:67,w:33},{x:85,y:27,l:68,w:15},],
canvasWidth:100,
canvasHeight:100,
data:[{x:0,y:0,l:74,w:47},{x:47,y:0,l:74,w:43},{x:0,y:74,l:21,w:69},{x:90,y:0,l:75,w:10},],
canvasWidth:100,
canvasHeight:100,
data:[{x:0,y:0,l:69,w:45},{x:45,y:0,l:69,w:41},{x:86,y:0,l:75,w:13},{x:0,y:75,l:11,w:71},],
canvasWidth:100,
canvasHeight:100,
data:[{x:87,y:0,l:88,w:13},{x:0,y:0,l:79,w:36},{x:61,y:0,l:86,w:26},{x:36,y:0,l:79,w:25},],
canvasWidth:100,
canvasHeight:100,
data:[{x:0,y:0,l:99,w:47},{x:54,y:0,l:86,w:45},{x:47,y:0,l:99,w:7},],
canvasWidth:100,
canvasHeight:100,
data:[{x:0,y:0,l:84,w:32},{x:48,y:0,l:87,w:27},{x:75,y:0,l:93,w:25},{x:32,y:0,l:84,w:16},{x:11,y:93,l:7,w:89},],
canvasWidth:100,
canvasHeight:100,
data:[{x:0,y:0,l:96,w:25},{x:25,y:0,l:71,w:29},{x:54,y:0,l:78,w:25},{x:79,y:0,l:74,w:17},{x:25,y:78,l:19,w:43},{x:96,y:0,l:74,w:4},],
canvasWidth:100,
canvasHeight:100,
data:[{x:0,y:0,l:75,w:27},{x:77,y:2,l:87,w:13},{x:61,y:2,l:92,w:16},{x:27,y:2,l:38,w:34},{x:44,y:40,l:40,w:17},{x:90,y:2,l:71,w:8},{x:27,y:0,l:2,w:73},],
canvasWidth:100,
canvasHeight:100,
data:[{x:0,y:0,l:87,w:17},{x:73,y:0,l:68,w:20},{x:33,y:0,l:71,w:18},{x:17,y:0,l:72,w:16},{x:51,y:0,l:70,w:22},],
Best fit used bin number: 27
Found best solution: 27 0.047

   Statrt add columnAndCut col: 27 cons: 0 cut: 0	0.125

	1 Start Add column using column generation  col: 27 cons: 0 cut: 0	0.125
			Start solve  LP :0.125
			End solve LP obj: 27.0 t: 0
	1 End Add column using column generation : 27.0 col: 27 cons: 0 cut: 0	0.125
   End add columnAndCut : 27.0 colGencnt: 1 price: 0 col: 27 cons: 0 cut: 0	0.125

Node lb: 27.0 ub: 27 : 0.125

Final Found Solution: 27 genNode: 1 extendedNode: 0:0.125
Bin size: 10000
1 : 8190,846,414, : 9450
2 : 7968,1496, : 9464
3 : 7347,2037, : 9384
4 : 6650,2088, : 8738
5 : 6298,2156,588,105, : 9147
6 : 5940,1980,1536,312, : 9768
7 : 5940,2652,930,110, : 9632
8 : 4656,3198,1176,60, : 9090
9 : 4704,3276,1261, : 9241
10 : 4655,4606,150,69,68, : 9548
11 : 4230,3290,1786, : 9306
12 : 4165,3555,1035, : 8755
13 : 3042,2840,1804, : 7686
14 : 3864,3696,750, : 8310
15 : 4042,3102,1520, : 8664
16 : 3800,3626,948, : 8374
17 : 3588,2726,1106,990, : 8410
18 : 3626,3280,960, : 7866
19 : 3264,2430,2211,1020, : 8925
20 : 3478,3182,1449,750, : 8859
21 : 3105,2829,975,781, : 7690
22 : 2844,2236,1975,1144, : 8199
23 : 4653,3870,693, : 9216
24 : 2688,2349,2325,1344,623, : 9329
25 : 2400,2059,1950,1258,817,296, : 8780
26 : 2025,1472,1292,1131,680,568,146, : 7314
27 : 1540,1479,1360,1278,1152, : 6809
----------------------- 1 ---------------------------
canvasWidth:100,
canvasHeight:100,
data:[{x:0,y:0,l:91,w:90},{x:91,y:0,l:94,w:9},{x:0,y:91,l:9,w:46},],
----------------------- 2 ---------------------------
canvasWidth:100,
canvasHeight:100,
data:[{x:0,y:0,l:96,w:83},{x:83,y:0,l:88,w:17},],
----------------------- 3 ---------------------------
canvasWidth:100,
canvasHeight:100,
data:[{x:0,y:0,l:93,w:79},{x:79,y:0,l:97,w:21},],
----------------------- 4 ---------------------------
canvasWidth:100,
canvasHeight:100,
data:[{x:0,y:0,l:95,w:70},{x:70,y:0,l:72,w:29},],
----------------------- 5 ---------------------------
canvasWidth:100,
canvasHeight:100,
data:[{x:0,y:0,l:67,w:94},{x:0,y:67,l:28,w:77},{x:94,y:0,l:98,w:6},{x:77,y:67,l:15,w:7},],
----------------------- 6 ---------------------------
canvasWidth:100,
canvasHeight:100,
data:[{x:0,y:0,l:99,w:60},{x:60,y:0,l:99,w:20},{x:80,y:0,l:96,w:16},{x:96,y:0,l:78,w:4},],
----------------------- 7 ---------------------------
canvasWidth:100,
canvasHeight:100,
data:[{x:0,y:0,l:90,w:66},{x:66,y:0,l:78,w:34},{x:0,y:90,l:10,w:93},{x:66,y:78,l:10,w:11},],
----------------------- 8 ---------------------------
canvasWidth:100,
canvasHeight:100,
data:[{x:0,y:0,l:97,w:48},{x:48,y:0,l:82,w:39},{x:88,y:0,l:98,w:12},{x:48,y:82,l:15,w:4},],
----------------------- 9 ---------------------------
canvasWidth:100,
canvasHeight:100,
data:[{x:0,y:0,l:98,w:48},{x:48,y:0,l:91,w:36},{x:87,y:0,l:97,w:13},],
----------------------- 10 ---------------------------
canvasWidth:100,
canvasHeight:100,
data:[{x:0,y:0,l:95,w:49},{x:49,y:0,l:94,w:49},{x:0,y:95,l:5,w:30},{x:98,y:0,l:69,w:1},{x:99,y:0,l:68,w:1},],
----------------------- 11 ---------------------------
canvasWidth:100,
canvasHeight:100,
data:[{x:0,y:0,l:94,w:45},{x:45,y:0,l:94,w:35},{x:80,y:0,l:94,w:19},],
----------------------- 12 ---------------------------
canvasWidth:100,
canvasHeight:100,
data:[{x:0,y:0,l:49,w:85},{x:0,y:49,l:45,w:79},{x:85,y:0,l:69,w:15},],
----------------------- 13 ---------------------------
canvasWidth:100,
canvasHeight:100,
data:[{x:0,y:0,l:39,w:78},{x:0,y:39,l:40,w:71},{x:78,y:0,l:82,w:22},],
----------------------- 14 ---------------------------
canvasWidth:100,
canvasHeight:100,
data:[{x:0,y:0,l:84,w:46},{x:46,y:0,l:84,w:44},{x:90,y:0,l:75,w:10},],
----------------------- 15 ---------------------------
canvasWidth:100,
canvasHeight:100,
data:[{x:33,y:0,l:86,w:47},{x:0,y:0,l:94,w:33},{x:80,y:0,l:76,w:20},],
----------------------- 16 ---------------------------
canvasWidth:100,
canvasHeight:100,
data:[{x:0,y:0,l:76,w:50},{x:50,y:0,l:74,w:49},{x:0,y:76,l:12,w:79},],
----------------------- 17 ---------------------------
canvasWidth:100,
canvasHeight:100,
data:[{x:0,y:0,l:78,w:46},{x:46,y:0,l:94,w:29},{x:86,y:21,l:79,w:14},{x:75,y:0,l:90,w:11},],
----------------------- 18 ---------------------------
canvasWidth:100,
canvasHeight:100,
data:[{x:51,y:0,l:74,w:49},{x:10,y:0,l:80,w:41},{x:0,y:0,l:96,w:10},],
----------------------- 19 ---------------------------
canvasWidth:100,
canvasHeight:100,
data:[{x:0,y:0,l:27,w:90},{x:0,y:27,l:68,w:48},{x:48,y:27,l:67,w:33},{x:85,y:27,l:68,w:15},],
----------------------- 20 ---------------------------
canvasWidth:100,
canvasHeight:100,
data:[{x:0,y:0,l:74,w:47},{x:47,y:0,l:74,w:43},{x:0,y:74,l:21,w:69},{x:90,y:0,l:75,w:10},],
----------------------- 21 ---------------------------
canvasWidth:100,
canvasHeight:100,
data:[{x:0,y:0,l:69,w:45},{x:45,y:0,l:69,w:41},{x:86,y:0,l:75,w:13},{x:0,y:75,l:11,w:71},],
----------------------- 22 ---------------------------
canvasWidth:100,
canvasHeight:100,
data:[{x:87,y:0,l:88,w:13},{x:0,y:0,l:79,w:36},{x:61,y:0,l:86,w:26},{x:36,y:0,l:79,w:25},],
----------------------- 23 ---------------------------
canvasWidth:100,
canvasHeight:100,
data:[{x:0,y:0,l:99,w:47},{x:54,y:0,l:86,w:45},{x:47,y:0,l:99,w:7},],
----------------------- 24 ---------------------------
canvasWidth:100,
canvasHeight:100,
data:[{x:0,y:0,l:84,w:32},{x:48,y:0,l:87,w:27},{x:75,y:0,l:93,w:25},{x:32,y:0,l:84,w:16},{x:11,y:93,l:7,w:89},],
----------------------- 25 ---------------------------
canvasWidth:100,
canvasHeight:100,
data:[{x:0,y:0,l:96,w:25},{x:25,y:0,l:71,w:29},{x:54,y:0,l:78,w:25},{x:79,y:0,l:74,w:17},{x:25,y:78,l:19,w:43},{x:96,y:0,l:74,w:4},],
----------------------- 26 ---------------------------
canvasWidth:100,
canvasHeight:100,
data:[{x:0,y:0,l:75,w:27},{x:77,y:2,l:87,w:13},{x:61,y:2,l:92,w:16},{x:27,y:2,l:38,w:34},{x:44,y:40,l:40,w:17},{x:90,y:2,l:71,w:8},{x:27,y:0,l:2,w:73},],
----------------------- 27 ---------------------------
canvasWidth:100,
canvasHeight:100,
data:[{x:0,y:0,l:87,w:17},{x:73,y:0,l:68,w:20},{x:33,y:0,l:71,w:18},{x:17,y:0,l:72,w:16},{x:51,y:0,l:70,w:22},],
