====================================== Class_08.2bp-27 =====================================
Reduced size: 60 usedBin: 0
E:\WSKH\2DBPP\NonGuillotine\initSolution\8_28.pack
[1, 40, 50, 54, 58]
[0, 20]
[2, 38, 52, 53]
[3, 28, 45]
[6, 21, 36, 55]
[9, 33, 34, 51, 59]
[4, 18, 56]
[10, 25]
[5, 12]
[23, 26, 41, 49]
[11, 35, 39, 42]
[14, 17, 43, 47, 48]
[16, 31, 32]
[15, 24, 30]
[7, 27, 37]
[19, 22, 29, 44, 57]
[8, 13, 46]
canvasWidth:100,
canvasHeight:100,
data:[{x:0,y:0,l:85,w:78},{x:78,y:0,l:67,w:22},{x:0,y:85,l:10,w:70},{x:0,y:95,l:5,w:67},{x:67,y:96,l:4,w:16},],
canvasWidth:100,
canvasHeight:100,
data:[{x:0,y:0,l:69,w:97},{x:0,y:69,l:31,w:92},],
canvasWidth:100,
canvasHeight:100,
data:[{x:0,y:0,l:81,w:81},{x:0,y:82,l:18,w:90},{x:81,y:0,l:45,w:14},{x:81,y:45,l:28,w:19},],
canvasWidth:100,
canvasHeight:100,
data:[{x:0,y:0,l:68,w:80},{x:0,y:68,l:32,w:74},{x:80,y:0,l:86,w:12},],
canvasWidth:100,
canvasHeight:100,
data:[{x:0,y:0,l:57,w:80},{x:0,y:57,l:39,w:72},{x:80,y:0,l:88,w:20},{x:0,y:96,l:4,w:81},],
canvasWidth:100,
canvasHeight:100,
data:[{x:0,y:79,l:21,w:100},{x:51,y:40,l:39,w:49},{x:0,y:0,l:79,w:51},{x:52,y:0,l:23,w:29},{x:51,y:0,l:38,w:1},],
canvasWidth:100,
canvasHeight:100,
data:[{x:0,y:97,l:3,w:74},{x:53,y:0,l:77,w:38},{x:0,y:0,l:97,w:53},],
canvasWidth:100,
canvasHeight:100,
data:[{x:0,y:73,l:27,w:96},{x:0,y:0,l:73,w:55},],
canvasWidth:100,
canvasHeight:100,
data:[{x:0,y:0,l:50,w:92},{x:0,y:50,l:50,w:75},],
canvasWidth:100,
canvasHeight:100,
data:[{x:0,y:0,l:35,w:76},{x:0,y:74,l:18,w:78},{x:0,y:92,l:8,w:99},{x:0,y:35,l:39,w:66},],
canvasWidth:100,
canvasHeight:100,
data:[{x:0,y:0,l:41,w:96},{x:0,y:41,l:24,w:79},{x:0,y:65,l:18,w:90},{x:0,y:83,l:17,w:79},],
canvasWidth:100,
canvasHeight:100,
data:[{x:0,y:0,l:40,w:88},{x:0,y:40,l:34,w:88},{x:0,y:90,l:10,w:91},{x:88,y:0,l:66,w:12},{x:0,y:74,l:16,w:83},],
canvasWidth:100,
canvasHeight:100,
data:[{x:0,y:0,l:34,w:94},{x:0,y:34,l:34,w:67},{x:0,y:68,l:32,w:69},],
canvasWidth:100,
canvasHeight:100,
data:[{x:0,y:0,l:36,w:91},{x:0,y:36,l:29,w:91},{x:0,y:65,l:35,w:67},],
canvasWidth:100,
canvasHeight:100,
data:[{x:0,y:0,l:30,w:79},{x:0,y:51,l:49,w:91},{x:0,y:30,l:21,w:79},],
canvasWidth:100,
canvasHeight:100,
data:[{x:0,y:0,l:37,w:78},{x:0,y:67,l:33,w:81},{x:0,y:39,l:28,w:84},{x:86,y:0,l:90,w:14},{x:0,y:37,l:2,w:86},],
canvasWidth:100,
canvasHeight:100,
data:[{x:0,y:0,l:45,w:81},{x:0,y:45,l:45,w:99},{x:0,y:90,l:10,w:98},],
Best fit used bin number: 17
Found best solution: 17 0.062

   Statrt add columnAndCut col: 17 cons: 0 cut: 0	0.125

	1 Start Add column using column generation  col: 17 cons: 0 cut: 0	0.125
			Start solve  LP :0.125
			End solve LP obj: 17.0 t: 0
	1 End Add column using column generation : 17.0 col: 17 cons: 0 cut: 0	0.125
   End add columnAndCut : 17.0 colGencnt: 1 price: 0 col: 17 cons: 0 cut: 0	0.125

Node lb: 17.0 ub: 17 : 0.125

Final Found Solution: 17 genNode: 1 extendedNode: 0:0.125
Bin size: 10000
1 : 6630,1474,700,335,64, : 9203
2 : 6693,2852, : 9545
3 : 6561,1620,630,532, : 9343
4 : 5440,2368,1032, : 8840
5 : 4560,2808,1760,324, : 9452
6 : 4029,2100,1911,667,38, : 8745
7 : 5141,2926,222, : 8289
8 : 4015,2592, : 6607
9 : 4600,3750, : 8350
10 : 2660,2574,1404,792, : 7430
11 : 3936,1896,1620,1343, : 8795
12 : 3520,2992,1328,910,792, : 9542
13 : 3196,2278,2208, : 7682
14 : 3276,2639,2345, : 8260
15 : 4459,2370,1659, : 8488
16 : 2886,2673,2352,1260,172, : 9343
17 : 4455,3645,980, : 9080
----------------------- 1 ---------------------------
canvasWidth:100,
canvasHeight:100,
data:[{x:0,y:0,l:85,w:78},{x:78,y:0,l:67,w:22},{x:0,y:85,l:10,w:70},{x:0,y:95,l:5,w:67},{x:67,y:96,l:4,w:16},],
----------------------- 2 ---------------------------
canvasWidth:100,
canvasHeight:100,
data:[{x:0,y:0,l:69,w:97},{x:0,y:69,l:31,w:92},],
----------------------- 3 ---------------------------
canvasWidth:100,
canvasHeight:100,
data:[{x:0,y:0,l:81,w:81},{x:0,y:82,l:18,w:90},{x:81,y:0,l:45,w:14},{x:81,y:45,l:28,w:19},],
----------------------- 4 ---------------------------
canvasWidth:100,
canvasHeight:100,
data:[{x:0,y:0,l:68,w:80},{x:0,y:68,l:32,w:74},{x:80,y:0,l:86,w:12},],
----------------------- 5 ---------------------------
canvasWidth:100,
canvasHeight:100,
data:[{x:0,y:0,l:57,w:80},{x:0,y:57,l:39,w:72},{x:80,y:0,l:88,w:20},{x:0,y:96,l:4,w:81},],
----------------------- 6 ---------------------------
canvasWidth:100,
canvasHeight:100,
data:[{x:0,y:79,l:21,w:100},{x:51,y:40,l:39,w:49},{x:0,y:0,l:79,w:51},{x:52,y:0,l:23,w:29},{x:51,y:0,l:38,w:1},],
----------------------- 7 ---------------------------
canvasWidth:100,
canvasHeight:100,
data:[{x:0,y:97,l:3,w:74},{x:53,y:0,l:77,w:38},{x:0,y:0,l:97,w:53},],
----------------------- 8 ---------------------------
canvasWidth:100,
canvasHeight:100,
data:[{x:0,y:73,l:27,w:96},{x:0,y:0,l:73,w:55},],
----------------------- 9 ---------------------------
canvasWidth:100,
canvasHeight:100,
data:[{x:0,y:0,l:50,w:92},{x:0,y:50,l:50,w:75},],
----------------------- 10 ---------------------------
canvasWidth:100,
canvasHeight:100,
data:[{x:0,y:0,l:35,w:76},{x:0,y:74,l:18,w:78},{x:0,y:92,l:8,w:99},{x:0,y:35,l:39,w:66},],
----------------------- 11 ---------------------------
canvasWidth:100,
canvasHeight:100,
data:[{x:0,y:0,l:41,w:96},{x:0,y:41,l:24,w:79},{x:0,y:65,l:18,w:90},{x:0,y:83,l:17,w:79},],
----------------------- 12 ---------------------------
canvasWidth:100,
canvasHeight:100,
data:[{x:0,y:0,l:40,w:88},{x:0,y:40,l:34,w:88},{x:0,y:90,l:10,w:91},{x:88,y:0,l:66,w:12},{x:0,y:74,l:16,w:83},],
----------------------- 13 ---------------------------
canvasWidth:100,
canvasHeight:100,
data:[{x:0,y:0,l:34,w:94},{x:0,y:34,l:34,w:67},{x:0,y:68,l:32,w:69},],
----------------------- 14 ---------------------------
canvasWidth:100,
canvasHeight:100,
data:[{x:0,y:0,l:36,w:91},{x:0,y:36,l:29,w:91},{x:0,y:65,l:35,w:67},],
----------------------- 15 ---------------------------
canvasWidth:100,
canvasHeight:100,
data:[{x:0,y:0,l:30,w:79},{x:0,y:51,l:49,w:91},{x:0,y:30,l:21,w:79},],
----------------------- 16 ---------------------------
canvasWidth:100,
canvasHeight:100,
data:[{x:0,y:0,l:37,w:78},{x:0,y:67,l:33,w:81},{x:0,y:39,l:28,w:84},{x:86,y:0,l:90,w:14},{x:0,y:37,l:2,w:86},],
----------------------- 17 ---------------------------
canvasWidth:100,
canvasHeight:100,
data:[{x:0,y:0,l:45,w:81},{x:0,y:45,l:45,w:99},{x:0,y:90,l:10,w:98},],
