====================================== Class_03.2bp-35 =====================================
Reduced size: 80 usedBin: 0
[3, 41, 56, 59, 76]
[1, 38, 49]
[0, 34, 57]
[2, 46, 54, 66, 72]
[4, 25, 63]
[5, 36, 47, 70]
[6, 51, 53, 71, 74]
[7, 35, 40, 52, 78, 79]
[8, 20, 44]
[9, 42, 60, 61, 64]
[10, 26, 43, 62]
[11, 33, 37, 75, 77]
[12, 16, 50, 58]
[13, 28, 69]
[15, 21, 48, 67]
[17, 22, 45]
[18, 23, 30]
[24, 31, 32, 73]
[14, 19, 55, 68]
[27, 29, 39, 65]
canvasWidth:40,
canvasHeight:40,
data:[{x:0,y:35,l:5,w:31},{x:0,y:0,l:35,w:27},{x:30,y:0,l:25,w:10},{x:27,y:0,l:33,w:3},{x:31,y:38,l:2,w:9},],
canvasWidth:40,
canvasHeight:40,
data:[{x:0,y:0,l:34,w:28},{x:28,y:0,l:25,w:11},{x:0,y:34,l:6,w:34},],
canvasWidth:40,
canvasHeight:40,
data:[{x:0,y:28,l:12,w:27},{x:0,y:0,l:28,w:35},{x:27,y:28,l:12,w:12},],
canvasWidth:40,
canvasHeight:40,
data:[{x:0,y:0,l:35,w:27},{x:27,y:0,l:25,w:9},{x:27,y:25,l:13,w:13},{x:0,y:35,l:5,w:13},{x:13,y:35,l:3,w:11},],
canvasWidth:40,
canvasHeight:40,
data:[{x:0,y:0,l:26,w:35},{x:0,y:26,l:14,w:34},{x:34,y:26,l:14,w:6},],
canvasWidth:40,
canvasHeight:40,
data:[{x:0,y:0,l:31,w:28},{x:28,y:0,l:31,w:10},{x:0,y:31,l:9,w:24},{x:38,y:0,l:24,w:2},],
canvasWidth:40,
canvasHeight:40,
data:[{x:0,y:0,l:31,w:28},{x:28,y:0,l:27,w:7},{x:0,y:31,l:7,w:25},{x:0,y:38,l:1,w:35},{x:0,y:39,l:1,w:29},],
canvasWidth:40,
canvasHeight:40,
data:[{x:0,y:0,l:25,w:32},{x:0,y:25,l:15,w:21},{x:21,y:26,l:14,w:19},{x:32,y:0,l:23,w:8},{x:21,y:25,l:1,w:12},{x:32,y:23,l:1,w:8},],
canvasWidth:40,
canvasHeight:40,
data:[{x:0,y:0,l:33,w:24},{x:24,y:0,l:32,w:16},{x:0,y:33,l:7,w:33},],
canvasWidth:40,
canvasHeight:40,
data:[{x:0,y:0,l:21,w:35},{x:0,y:21,l:19,w:13},{x:13,y:21,l:4,w:22},{x:13,y:25,l:4,w:21},{x:13,y:37,l:3,w:27},],
canvasWidth:40,
canvasHeight:40,
data:[{x:0,y:0,l:26,w:27},{x:0,y:26,l:14,w:33},{x:27,y:0,l:26,w:9},{x:33,y:28,l:12,w:7},],
canvasWidth:40,
canvasHeight:40,
data:[{x:0,y:0,l:26,w:26},{x:1,y:26,l:13,w:25},{x:26,y:20,l:20,w:14},{x:1,y:39,l:1,w:25},{x:0,y:26,l:14,w:1},],
canvasWidth:40,
canvasHeight:40,
data:[{x:0,y:0,l:22,w:30},{x:0,y:22,l:18,w:31},{x:30,y:0,l:22,w:9},{x:31,y:22,l:18,w:7},],
canvasWidth:40,
canvasHeight:40,
data:[{x:0,y:0,l:24,w:26},{x:0,y:24,l:16,w:24},{x:26,y:0,l:24,w:2},],
canvasWidth:40,
canvasHeight:40,
data:[{x:0,y:0,l:25,w:23},{x:25,y:0,l:33,w:15},{x:0,y:25,l:15,w:14},{x:14,y:25,l:5,w:11},],
canvasWidth:40,
canvasHeight:40,
data:[{x:0,y:0,l:24,w:23},{x:23,y:0,l:29,w:17},{x:0,y:24,l:10,w:23},],
canvasWidth:40,
canvasHeight:40,
data:[{x:22,y:0,l:29,w:18},{x:0,y:0,l:22,w:22},{x:0,y:22,l:18,w:21},],
canvasWidth:40,
canvasHeight:40,
data:[{x:0,y:0,l:21,w:23},{x:24,y:0,l:23,w:16},{x:7,y:23,l:10,w:33},{x:11,y:33,l:1,w:29},],
canvasWidth:40,
canvasHeight:40,
data:[{x:0,y:0,l:20,w:31},{x:0,y:20,l:20,w:26},{x:31,y:0,l:21,w:8},{x:26,y:21,l:17,w:3},],
canvasWidth:40,
canvasHeight:40,
data:[{x:0,y:0,l:23,w:19},{x:19,y:0,l:20,w:19},{x:0,y:23,l:17,w:16},{x:38,y:0,l:33,w:2},],
Best fit used bin number: 20
Found best solution: 20 0.071

   Statrt add columnAndCut col: 20 cons: 0 cut: 0	0.145

	1 Start Add column using column generation  col: 20 cons: 0 cut: 0	0.145
			Start solve  LP :0.146
			End solve LP obj: 20.0 t: 1
	1 End Add column using column generation : 20.0 col: 20 cons: 0 cut: 0	0.148
   End add columnAndCut : 20.0 colGencnt: 1 price: 0 col: 20 cons: 0 cut: 0	0.148

Node lb: 20.0 ub: 20 : 0.148

Final Found Solution: 20 genNode: 1 extendedNode: 0:0.148
Bin size: 1600
1 : 945,250,155,99,18, : 1467
2 : 952,275,204, : 1431
3 : 980,324,144, : 1448
4 : 945,225,169,65,33, : 1437
5 : 910,476,84, : 1470
6 : 868,310,216,48, : 1442
7 : 868,189,175,35,29, : 1296
8 : 800,315,266,184,12,8, : 1585
9 : 792,512,231, : 1535
10 : 735,247,88,84,81, : 1235
11 : 702,462,234,84, : 1482
12 : 676,325,280,25,14, : 1320
13 : 660,558,198,126, : 1542
14 : 624,384,48, : 1056
15 : 575,495,210,55, : 1335
16 : 552,493,230, : 1275
17 : 522,484,378, : 1384
18 : 483,368,330,29, : 1210
19 : 620,520,168,51, : 1359
20 : 437,380,272,66, : 1155
----------------------- 1 ---------------------------
canvasWidth:40,
canvasHeight:40,
data:[{x:0,y:35,l:5,w:31},{x:0,y:0,l:35,w:27},{x:30,y:0,l:25,w:10},{x:27,y:0,l:33,w:3},{x:31,y:38,l:2,w:9},],
----------------------- 2 ---------------------------
canvasWidth:40,
canvasHeight:40,
data:[{x:0,y:0,l:34,w:28},{x:28,y:0,l:25,w:11},{x:0,y:34,l:6,w:34},],
----------------------- 3 ---------------------------
canvasWidth:40,
canvasHeight:40,
data:[{x:0,y:28,l:12,w:27},{x:0,y:0,l:28,w:35},{x:27,y:28,l:12,w:12},],
----------------------- 4 ---------------------------
canvasWidth:40,
canvasHeight:40,
data:[{x:0,y:0,l:35,w:27},{x:27,y:0,l:25,w:9},{x:27,y:25,l:13,w:13},{x:0,y:35,l:5,w:13},{x:13,y:35,l:3,w:11},],
----------------------- 5 ---------------------------
canvasWidth:40,
canvasHeight:40,
data:[{x:0,y:0,l:26,w:35},{x:0,y:26,l:14,w:34},{x:34,y:26,l:14,w:6},],
----------------------- 6 ---------------------------
canvasWidth:40,
canvasHeight:40,
data:[{x:0,y:0,l:31,w:28},{x:28,y:0,l:31,w:10},{x:0,y:31,l:9,w:24},{x:38,y:0,l:24,w:2},],
----------------------- 7 ---------------------------
canvasWidth:40,
canvasHeight:40,
data:[{x:0,y:0,l:31,w:28},{x:28,y:0,l:27,w:7},{x:0,y:31,l:7,w:25},{x:0,y:38,l:1,w:35},{x:0,y:39,l:1,w:29},],
----------------------- 8 ---------------------------
canvasWidth:40,
canvasHeight:40,
data:[{x:0,y:0,l:25,w:32},{x:0,y:25,l:15,w:21},{x:21,y:26,l:14,w:19},{x:32,y:0,l:23,w:8},{x:21,y:25,l:1,w:12},{x:32,y:23,l:1,w:8},],
----------------------- 9 ---------------------------
canvasWidth:40,
canvasHeight:40,
data:[{x:0,y:0,l:33,w:24},{x:24,y:0,l:32,w:16},{x:0,y:33,l:7,w:33},],
----------------------- 10 ---------------------------
canvasWidth:40,
canvasHeight:40,
data:[{x:0,y:0,l:21,w:35},{x:0,y:21,l:19,w:13},{x:13,y:21,l:4,w:22},{x:13,y:25,l:4,w:21},{x:13,y:37,l:3,w:27},],
----------------------- 11 ---------------------------
canvasWidth:40,
canvasHeight:40,
data:[{x:0,y:0,l:26,w:27},{x:0,y:26,l:14,w:33},{x:27,y:0,l:26,w:9},{x:33,y:28,l:12,w:7},],
----------------------- 12 ---------------------------
canvasWidth:40,
canvasHeight:40,
data:[{x:0,y:0,l:26,w:26},{x:1,y:26,l:13,w:25},{x:26,y:20,l:20,w:14},{x:1,y:39,l:1,w:25},{x:0,y:26,l:14,w:1},],
----------------------- 13 ---------------------------
canvasWidth:40,
canvasHeight:40,
data:[{x:0,y:0,l:22,w:30},{x:0,y:22,l:18,w:31},{x:30,y:0,l:22,w:9},{x:31,y:22,l:18,w:7},],
----------------------- 14 ---------------------------
canvasWidth:40,
canvasHeight:40,
data:[{x:0,y:0,l:24,w:26},{x:0,y:24,l:16,w:24},{x:26,y:0,l:24,w:2},],
----------------------- 15 ---------------------------
canvasWidth:40,
canvasHeight:40,
data:[{x:0,y:0,l:25,w:23},{x:25,y:0,l:33,w:15},{x:0,y:25,l:15,w:14},{x:14,y:25,l:5,w:11},],
----------------------- 16 ---------------------------
canvasWidth:40,
canvasHeight:40,
data:[{x:0,y:0,l:24,w:23},{x:23,y:0,l:29,w:17},{x:0,y:24,l:10,w:23},],
----------------------- 17 ---------------------------
canvasWidth:40,
canvasHeight:40,
data:[{x:22,y:0,l:29,w:18},{x:0,y:0,l:22,w:22},{x:0,y:22,l:18,w:21},],
----------------------- 18 ---------------------------
canvasWidth:40,
canvasHeight:40,
data:[{x:0,y:0,l:21,w:23},{x:24,y:0,l:23,w:16},{x:7,y:23,l:10,w:33},{x:11,y:33,l:1,w:29},],
----------------------- 19 ---------------------------
canvasWidth:40,
canvasHeight:40,
data:[{x:0,y:0,l:20,w:31},{x:0,y:20,l:20,w:26},{x:31,y:0,l:21,w:8},{x:26,y:21,l:17,w:3},],
----------------------- 20 ---------------------------
canvasWidth:40,
canvasHeight:40,
data:[{x:0,y:0,l:23,w:19},{x:19,y:0,l:20,w:19},{x:0,y:23,l:17,w:16},{x:38,y:0,l:33,w:2},],
