====================================== Class_01.2bp-41 =====================================
Reduced size: 100 usedBin: 0
E:\WSKH\2DBPP\NonGuillotine\initSolution\1_42.pack
[0]
[1, 80]
[2, 78]
[3, 81, 84, 96]
[4, 58]
[5, 55]
[7, 62, 95]
[6, 57]
[10, 39]
[11, 38]
[8, 42, 98, 99]
[9, 43]
[12, 56, 64]
[13, 32]
[14, 30]
[15, 51, 65, 92]
[16, 44, 76]
[20, 48, 53, 87]
[23, 29, 77]
[22, 34, 60, 94]
[21, 31, 72]
[25, 41, 47, 91, 97]
[26, 54, 73, 74, 83, 90]
[18, 19]
[17, 27, 79]
[24, 28, 88, 93]
[33, 40, 67, 86]
[36, 37, 61, 75, 82]
[35, 49, 63, 66, 89]
[45, 46, 59, 69, 71]
[50, 52, 68, 70, 85]
canvasWidth:10,
canvasHeight:10,
data:[{x:0,y:0,l:10,w:10},],
canvasWidth:10,
canvasHeight:10,
data:[{x:0,y:0,l:9,w:10},{x:1,y:9,l:1,w:9},],
canvasWidth:10,
canvasHeight:10,
data:[{x:0,y:0,l:10,w:9},{x:9,y:0,l:10,w:1},],
canvasWidth:10,
canvasHeight:10,
data:[{x:0,y:0,l:9,w:9},{x:9,y:0,l:9,w:1},{x:2,y:9,l:1,w:8},{x:0,y:9,l:1,w:2},],
canvasWidth:10,
canvasHeight:10,
data:[{x:0,y:0,l:8,w:10},{x:0,y:8,l:2,w:10},],
canvasWidth:10,
canvasHeight:10,
data:[{x:0,y:0,l:8,w:10},{x:0,y:8,l:2,w:10},],
canvasWidth:10,
canvasHeight:10,
data:[{x:0,y:0,l:8,w:10},{x:1,y:8,l:2,w:9},{x:0,y:8,l:2,w:1},],
canvasWidth:10,
canvasHeight:10,
data:[{x:0,y:0,l:10,w:8},{x:8,y:0,l:10,w:2},],
canvasWidth:10,
canvasHeight:10,
data:[{x:0,y:0,l:7,w:10},{x:0,y:7,l:3,w:10},],
canvasWidth:10,
canvasHeight:10,
data:[{x:0,y:0,l:7,w:10},{x:0,y:7,l:3,w:10},],
canvasWidth:10,
canvasHeight:10,
data:[{x:0,y:0,l:7,w:10},{x:1,y:7,l:3,w:9},{x:0,y:7,l:2,w:1},{x:0,y:9,l:1,w:1},],
canvasWidth:10,
canvasHeight:10,
data:[{x:0,y:0,l:10,w:7},{x:7,y:0,l:9,w:3},],
canvasWidth:10,
canvasHeight:10,
data:[{x:0,y:0,l:8,w:8},{x:8,y:0,l:10,w:2},{x:0,y:8,l:2,w:8},],
canvasWidth:10,
canvasHeight:10,
data:[{x:0,y:0,l:10,w:6},{x:6,y:0,l:9,w:4},],
canvasWidth:10,
canvasHeight:10,
data:[{x:0,y:0,l:10,w:6},{x:6,y:0,l:9,w:4},],
canvasWidth:10,
canvasHeight:10,
data:[{x:0,y:0,l:7,w:8},{x:0,y:7,l:3,w:8},{x:8,y:0,l:8,w:2},{x:8,y:8,l:2,w:2},],
canvasWidth:10,
canvasHeight:10,
data:[{x:0,y:0,l:8,w:7},{x:7,y:0,l:9,w:3},{x:0,y:8,l:2,w:6},],
canvasWidth:10,
canvasHeight:10,
data:[{x:0,y:0,l:7,w:7},{x:2,y:7,l:3,w:8},{x:7,y:0,l:7,w:3},{x:0,y:7,l:3,w:2},],
canvasWidth:10,
canvasHeight:10,
data:[{x:0,y:0,l:6,w:8},{x:0,y:6,l:4,w:10},{x:8,y:0,l:6,w:2},],
canvasWidth:10,
canvasHeight:10,
data:[{x:0,y:0,l:8,w:6},{x:6,y:0,l:8,w:4},{x:1,y:8,l:2,w:9},{x:0,y:8,l:2,w:1},],
canvasWidth:10,
canvasHeight:10,
data:[{x:0,y:0,l:8,w:6},{x:6,y:0,l:9,w:4},{x:0,y:8,l:2,w:6},],
canvasWidth:10,
canvasHeight:10,
data:[{x:0,y:0,l:7,w:6},{x:6,y:0,l:7,w:4},{x:2,y:7,l:3,w:8},{x:0,y:7,l:2,w:2},{x:0,y:9,l:1,w:2},],
canvasWidth:10,
canvasHeight:10,
data:[{x:0,y:0,l:7,w:6},{x:6,y:0,l:7,w:3},{x:4,y:8,l:2,w:6},{x:0,y:7,l:3,w:4},{x:9,y:0,l:8,w:1},{x:4,y:7,l:1,w:5},],
canvasWidth:10,
canvasHeight:10,
data:[{x:0,y:0,l:5,w:10},{x:0,y:5,l:5,w:10},],
canvasWidth:10,
canvasHeight:10,
data:[{x:0,y:0,l:5,w:10},{x:2,y:5,l:5,w:8},{x:0,y:5,l:5,w:2},],
canvasWidth:10,
canvasHeight:10,
data:[{x:0,y:0,l:9,w:5},{x:5,y:0,l:8,w:5},{x:7,y:8,l:2,w:3},{x:5,y:8,l:2,w:2},],
canvasWidth:10,
canvasHeight:10,
data:[{x:0,y:0,l:5,w:7},{x:0,y:5,l:5,w:6},{x:7,y:0,l:8,w:2},{x:9,y:0,l:7,w:1},],
canvasWidth:10,
canvasHeight:10,
data:[{x:0,y:0,l:4,w:8},{x:5,y:4,l:6,w:5},{x:2,y:4,l:6,w:3},{x:0,y:4,l:6,w:2},{x:8,y:0,l:4,w:2},],
canvasWidth:10,
canvasHeight:10,
data:[{x:0,y:0,l:4,w:8},{x:0,y:4,l:6,w:4},{x:4,y:4,l:6,w:3},{x:8,y:0,l:8,w:2},{x:7,y:8,l:2,w:3},],
canvasWidth:10,
canvasHeight:10,
data:[{x:0,y:0,l:5,w:5},{x:5,y:0,l:5,w:5},{x:6,y:5,l:5,w:4},{x:3,y:5,l:5,w:3},{x:0,y:5,l:5,w:3},],
canvasWidth:10,
canvasHeight:10,
data:[{x:0,y:0,l:4,w:6},{x:6,y:0,l:7,w:3},{x:1,y:4,l:3,w:5},{x:5,y:7,l:3,w:5},{x:9,y:0,l:7,w:1},],
Best fit used bin number: 31
Found best solution: 31 0.063

   Statrt add columnAndCut col: 31 cons: 0 cut: 0	0.157

	1 Start Add column using column generation  col: 31 cons: 0 cut: 0	0.157
			Start solve  LP :0.157
			End solve LP obj: 31.0 t: 0
	1 End Add column using column generation : 31.0 col: 31 cons: 0 cut: 0	0.157
   End add columnAndCut : 31.0 colGencnt: 1 price: 0 col: 31 cons: 0 cut: 0	0.157

Node lb: 31.0 ub: 31 : 0.157

Final Found Solution: 31 genNode: 1 extendedNode: 0:0.157
Bin size: 100
1 : 100, : 100
2 : 90,9, : 99
3 : 90,10, : 100
4 : 81,9,8,2, : 100
5 : 80,20, : 100
6 : 80,20, : 100
7 : 80,18,2, : 100
8 : 80,20, : 100
9 : 70,30, : 100
10 : 70,30, : 100
11 : 70,27,2,1, : 100
12 : 70,27, : 97
13 : 64,20,16, : 100
14 : 60,36, : 96
15 : 60,36, : 96
16 : 56,24,16,4, : 100
17 : 56,27,12, : 95
18 : 49,24,21,6, : 100
19 : 48,40,12, : 100
20 : 48,32,18,2, : 100
21 : 48,36,12, : 96
22 : 42,28,24,4,2, : 100
23 : 42,21,12,12,8,5, : 100
24 : 50,50, : 100
25 : 50,40,10, : 100
26 : 45,40,6,4, : 95
27 : 35,30,16,7, : 88
28 : 32,30,18,12,8, : 100
29 : 32,24,18,16,6, : 96
30 : 25,25,20,15,15, : 100
31 : 24,21,15,15,7, : 82
----------------------- 1 ---------------------------
canvasWidth:10,
canvasHeight:10,
data:[{x:0,y:0,l:10,w:10},],
----------------------- 2 ---------------------------
canvasWidth:10,
canvasHeight:10,
data:[{x:0,y:0,l:9,w:10},{x:1,y:9,l:1,w:9},],
----------------------- 3 ---------------------------
canvasWidth:10,
canvasHeight:10,
data:[{x:0,y:0,l:10,w:9},{x:9,y:0,l:10,w:1},],
----------------------- 4 ---------------------------
canvasWidth:10,
canvasHeight:10,
data:[{x:0,y:0,l:9,w:9},{x:9,y:0,l:9,w:1},{x:2,y:9,l:1,w:8},{x:0,y:9,l:1,w:2},],
----------------------- 5 ---------------------------
canvasWidth:10,
canvasHeight:10,
data:[{x:0,y:0,l:8,w:10},{x:0,y:8,l:2,w:10},],
----------------------- 6 ---------------------------
canvasWidth:10,
canvasHeight:10,
data:[{x:0,y:0,l:8,w:10},{x:0,y:8,l:2,w:10},],
----------------------- 7 ---------------------------
canvasWidth:10,
canvasHeight:10,
data:[{x:0,y:0,l:8,w:10},{x:1,y:8,l:2,w:9},{x:0,y:8,l:2,w:1},],
----------------------- 8 ---------------------------
canvasWidth:10,
canvasHeight:10,
data:[{x:0,y:0,l:10,w:8},{x:8,y:0,l:10,w:2},],
----------------------- 9 ---------------------------
canvasWidth:10,
canvasHeight:10,
data:[{x:0,y:0,l:7,w:10},{x:0,y:7,l:3,w:10},],
----------------------- 10 ---------------------------
canvasWidth:10,
canvasHeight:10,
data:[{x:0,y:0,l:7,w:10},{x:0,y:7,l:3,w:10},],
----------------------- 11 ---------------------------
canvasWidth:10,
canvasHeight:10,
data:[{x:0,y:0,l:7,w:10},{x:1,y:7,l:3,w:9},{x:0,y:7,l:2,w:1},{x:0,y:9,l:1,w:1},],
----------------------- 12 ---------------------------
canvasWidth:10,
canvasHeight:10,
data:[{x:0,y:0,l:10,w:7},{x:7,y:0,l:9,w:3},],
----------------------- 13 ---------------------------
canvasWidth:10,
canvasHeight:10,
data:[{x:0,y:0,l:8,w:8},{x:8,y:0,l:10,w:2},{x:0,y:8,l:2,w:8},],
----------------------- 14 ---------------------------
canvasWidth:10,
canvasHeight:10,
data:[{x:0,y:0,l:10,w:6},{x:6,y:0,l:9,w:4},],
----------------------- 15 ---------------------------
canvasWidth:10,
canvasHeight:10,
data:[{x:0,y:0,l:10,w:6},{x:6,y:0,l:9,w:4},],
----------------------- 16 ---------------------------
canvasWidth:10,
canvasHeight:10,
data:[{x:0,y:0,l:7,w:8},{x:0,y:7,l:3,w:8},{x:8,y:0,l:8,w:2},{x:8,y:8,l:2,w:2},],
----------------------- 17 ---------------------------
canvasWidth:10,
canvasHeight:10,
data:[{x:0,y:0,l:8,w:7},{x:7,y:0,l:9,w:3},{x:0,y:8,l:2,w:6},],
----------------------- 18 ---------------------------
canvasWidth:10,
canvasHeight:10,
data:[{x:0,y:0,l:7,w:7},{x:2,y:7,l:3,w:8},{x:7,y:0,l:7,w:3},{x:0,y:7,l:3,w:2},],
----------------------- 19 ---------------------------
canvasWidth:10,
canvasHeight:10,
data:[{x:0,y:0,l:6,w:8},{x:0,y:6,l:4,w:10},{x:8,y:0,l:6,w:2},],
----------------------- 20 ---------------------------
canvasWidth:10,
canvasHeight:10,
data:[{x:0,y:0,l:8,w:6},{x:6,y:0,l:8,w:4},{x:1,y:8,l:2,w:9},{x:0,y:8,l:2,w:1},],
----------------------- 21 ---------------------------
canvasWidth:10,
canvasHeight:10,
data:[{x:0,y:0,l:8,w:6},{x:6,y:0,l:9,w:4},{x:0,y:8,l:2,w:6},],
----------------------- 22 ---------------------------
canvasWidth:10,
canvasHeight:10,
data:[{x:0,y:0,l:7,w:6},{x:6,y:0,l:7,w:4},{x:2,y:7,l:3,w:8},{x:0,y:7,l:2,w:2},{x:0,y:9,l:1,w:2},],
----------------------- 23 ---------------------------
canvasWidth:10,
canvasHeight:10,
data:[{x:0,y:0,l:7,w:6},{x:6,y:0,l:7,w:3},{x:4,y:8,l:2,w:6},{x:0,y:7,l:3,w:4},{x:9,y:0,l:8,w:1},{x:4,y:7,l:1,w:5},],
----------------------- 24 ---------------------------
canvasWidth:10,
canvasHeight:10,
data:[{x:0,y:0,l:5,w:10},{x:0,y:5,l:5,w:10},],
----------------------- 25 ---------------------------
canvasWidth:10,
canvasHeight:10,
data:[{x:0,y:0,l:5,w:10},{x:2,y:5,l:5,w:8},{x:0,y:5,l:5,w:2},],
----------------------- 26 ---------------------------
canvasWidth:10,
canvasHeight:10,
data:[{x:0,y:0,l:9,w:5},{x:5,y:0,l:8,w:5},{x:7,y:8,l:2,w:3},{x:5,y:8,l:2,w:2},],
----------------------- 27 ---------------------------
canvasWidth:10,
canvasHeight:10,
data:[{x:0,y:0,l:5,w:7},{x:0,y:5,l:5,w:6},{x:7,y:0,l:8,w:2},{x:9,y:0,l:7,w:1},],
----------------------- 28 ---------------------------
canvasWidth:10,
canvasHeight:10,
data:[{x:0,y:0,l:4,w:8},{x:5,y:4,l:6,w:5},{x:2,y:4,l:6,w:3},{x:0,y:4,l:6,w:2},{x:8,y:0,l:4,w:2},],
----------------------- 29 ---------------------------
canvasWidth:10,
canvasHeight:10,
data:[{x:0,y:0,l:4,w:8},{x:0,y:4,l:6,w:4},{x:4,y:4,l:6,w:3},{x:8,y:0,l:8,w:2},{x:7,y:8,l:2,w:3},],
----------------------- 30 ---------------------------
canvasWidth:10,
canvasHeight:10,
data:[{x:0,y:0,l:5,w:5},{x:5,y:0,l:5,w:5},{x:6,y:5,l:5,w:4},{x:3,y:5,l:5,w:3},{x:0,y:5,l:5,w:3},],
----------------------- 31 ---------------------------
canvasWidth:10,
canvasHeight:10,
data:[{x:0,y:0,l:4,w:6},{x:6,y:0,l:7,w:3},{x:1,y:4,l:3,w:5},{x:5,y:7,l:3,w:5},{x:9,y:0,l:7,w:1},],
