====================================== Class_06.2bp-16 =====================================
Reduced size: 40 usedBin: 0
E:\WSKH\2DBPP\NonGuillotine\initSolution\6_17.pack
[0, 1, 2, 3, 4, 6, 7, 8, 9, 10, 11, 14, 16, 18, 19, 20, 21, 22, 23, 27, 28, 29, 31, 32, 33, 34, 35, 36, 37, 38, 39]
[5, 12, 13, 15, 17, 24, 25, 26, 30]
canvasWidth:300,
canvasHeight:300,
data:[{x:0,y:0,l:96,w:99},{x:99,y:0,l:93,w:100},{x:199,y:0,l:90,w:74},{x:199,y:90,l:90,w:68},{x:99,y:93,l:58,w:100},{x:0,y:96,l:59,w:77},{x:0,y:155,l:66,w:62},{x:131,y:186,l:60,w:57},{x:188,y:186,l:59,w:53},{x:7,y:221,l:74,w:42},{x:99,y:182,l:13,w:4},{x:77,y:96,l:99,w:22},{x:273,y:0,l:94,w:16},{x:258,y:237,l:33,w:42},{x:267,y:124,l:44,w:31},{x:49,y:246,l:14,w:85},{x:267,y:94,l:30,w:33},{x:241,y:186,l:51,w:19},{x:260,y:192,l:24,w:36},{x:62,y:155,l:39,w:15},{x:276,y:168,l:24,w:24},{x:0,y:221,l:79,w:7},{x:199,y:180,l:6,w:68},{x:124,y:188,l:58,w:7},{x:103,y:188,l:17,w:21},{x:289,y:0,l:89,w:4},{x:131,y:182,l:4,w:68},{x:62,y:205,l:4,w:54},{x:260,y:216,l:12,w:18},{x:103,y:182,l:6,w:28},{x:99,y:151,l:31,w:100},],
canvasWidth:300,
canvasHeight:300,
data:[{x:0,y:0,l:55,w:98},{x:98,y:0,l:81,w:38},{x:136,y:0,l:98,w:30},{x:166,y:0,l:21,w:82},{x:0,y:55,l:15,w:98},{x:0,y:77,l:8,w:92},{x:248,y:0,l:17,w:42},{x:0,y:70,l:7,w:95},{x:166,y:21,l:77,w:7},],
Best fit used bin number: 2
Found best solution: 2 0.074

   Statrt add columnAndCut col: 2 cons: 0 cut: 0	0.144

	1 Start Add column using column generation  col: 2 cons: 0 cut: 0	0.144
			Start solve  LP :0.144
			End solve LP obj: 2.0 t: 2
	1 End Add column using column generation : 2.0 col: 2 cons: 0 cut: 0	0.146
   End add columnAndCut : 2.0 colGencnt: 1 price: 0 col: 2 cons: 0 cut: 0	0.146

Node lb: 2.0 ub: 2 : 0.146

Final Found Solution: 2 genNode: 1 extendedNode: 0:0.147
Bin size: 90000
1 : 9504,9300,6660,6120,5800,4543,4092,3420,3127,3108,3100,2178,1504,1386,1364,1190,990,969,864,585,576,553,408,406,357,356,272,216,216,168,52, : 73384
2 : 5390,3078,2940,1722,1470,736,714,665,539, : 17254
----------------------- 1 ---------------------------
canvasWidth:300,
canvasHeight:300,
data:[{x:0,y:0,l:96,w:99},{x:99,y:0,l:93,w:100},{x:199,y:0,l:90,w:74},{x:199,y:90,l:90,w:68},{x:99,y:93,l:58,w:100},{x:0,y:96,l:59,w:77},{x:0,y:155,l:66,w:62},{x:131,y:186,l:60,w:57},{x:188,y:186,l:59,w:53},{x:7,y:221,l:74,w:42},{x:99,y:182,l:13,w:4},{x:77,y:96,l:99,w:22},{x:273,y:0,l:94,w:16},{x:258,y:237,l:33,w:42},{x:267,y:124,l:44,w:31},{x:49,y:246,l:14,w:85},{x:267,y:94,l:30,w:33},{x:241,y:186,l:51,w:19},{x:260,y:192,l:24,w:36},{x:62,y:155,l:39,w:15},{x:276,y:168,l:24,w:24},{x:0,y:221,l:79,w:7},{x:199,y:180,l:6,w:68},{x:124,y:188,l:58,w:7},{x:103,y:188,l:17,w:21},{x:289,y:0,l:89,w:4},{x:131,y:182,l:4,w:68},{x:62,y:205,l:4,w:54},{x:260,y:216,l:12,w:18},{x:103,y:182,l:6,w:28},{x:99,y:151,l:31,w:100},],
----------------------- 2 ---------------------------
canvasWidth:300,
canvasHeight:300,
data:[{x:0,y:0,l:55,w:98},{x:98,y:0,l:81,w:38},{x:136,y:0,l:98,w:30},{x:166,y:0,l:21,w:82},{x:0,y:55,l:15,w:98},{x:0,y:77,l:8,w:92},{x:248,y:0,l:17,w:42},{x:0,y:70,l:7,w:95},{x:166,y:21,l:77,w:7},],
