====================================== Class_08.2bp-42 =====================================
Reduced size: 100 usedBin: 0
E:\WSKH\2DBPP\NonGuillotine\initSolution\8_43.pack
[0, 91]
[1, 63, 82]
[2, 23, 78, 93, 99]
[3, 44, 73, 75, 98]
[7, 10, 94, 97]
[25, 29, 60, 62]
[4, 14, 70]
[6, 11, 80, 85]
[9, 12, 83, 86]
[16, 34, 64, 65, 69]
[13, 21, 72, 76, 96]
[8, 49, 55, 71]
[19, 38, 41, 43]
[5, 46, 58, 66]
[27, 32, 47]
[17, 31, 51]
[18, 20, 57, 95]
[33, 35, 36, 77]
[22, 26, 48, 84, 89]
[24, 50, 54, 61, 81]
[28, 37, 56, 59, 87, 88, 90]
[30, 39, 53, 68]
[40, 45, 52, 67, 79, 92]
[15, 42, 74]
canvasWidth:100,
canvasHeight:100,
data:[{x:0,y:0,l:90,w:94},{x:0,y:90,l:7,w:39},],
canvasWidth:100,
canvasHeight:100,
data:[{x:0,y:0,l:93,w:87},{x:87,y:0,l:94,w:13},{x:0,y:93,l:7,w:79},],
canvasWidth:100,
canvasHeight:100,
data:[{x:0,y:0,l:59,w:97},{x:0,y:59,l:32,w:97},{x:16,y:91,l:9,w:82},{x:97,y:0,l:79,w:3},{x:98,y:79,l:21,w:2},],
canvasWidth:100,
canvasHeight:100,
data:[{x:0,y:0,l:72,w:79},{x:79,y:0,l:25,w:2},{x:0,y:72,l:27,w:69},{x:90,y:0,l:84,w:10},{x:82,y:0,l:100,w:8},],
canvasWidth:100,
canvasHeight:100,
data:[{x:0,y:0,l:80,w:53},{x:56,y:0,l:92,w:44},{x:30,y:92,l:3,w:70},{x:0,y:95,l:1,w:70},],
canvasWidth:100,
canvasHeight:100,
data:[{x:0,y:0,l:57,w:53},{x:63,y:0,l:75,w:37},{x:0,y:57,l:29,w:45},{x:0,y:86,l:13,w:96},],
canvasWidth:100,
canvasHeight:100,
data:[{x:0,y:0,l:50,w:90},{x:0,y:62,l:38,w:100},{x:0,y:50,l:12,w:91},],
canvasWidth:100,
canvasHeight:100,
data:[{x:0,y:0,l:47,w:92},{x:0,y:47,l:47,w:83},{x:92,y:0,l:94,w:7},{x:0,y:94,l:5,w:90},],
canvasWidth:100,
canvasHeight:100,
data:[{x:0,y:0,l:47,w:89},{x:0,y:47,l:47,w:82},{x:89,y:0,l:44,w:11},{x:0,y:94,l:6,w:73},],
canvasWidth:100,
canvasHeight:100,
data:[{x:0,y:0,l:42,w:84},{x:0,y:55,l:31,w:81},{x:0,y:86,l:14,w:87},{x:87,y:1,l:99,w:12},{x:0,y:42,l:13,w:84},],
canvasWidth:100,
canvasHeight:100,
data:[{x:0,y:0,l:45,w:85},{x:0,y:45,l:46,w:68},{x:85,y:0,l:78,w:12},{x:0,y:92,l:8,w:100},{x:68,y:78,l:3,w:31},],
canvasWidth:100,
canvasHeight:100,
data:[{x:0,y:0,l:44,w:96},{x:0,y:44,l:26,w:67},{x:0,y:70,l:15,w:99},{x:0,y:85,l:15,w:66},],
canvasWidth:100,
canvasHeight:100,
data:[{x:0,y:0,l:46,w:71},{x:76,y:0,l:99,w:24},{x:0,y:46,l:28,w:75},{x:0,y:74,l:26,w:72},],
canvasWidth:100,
canvasHeight:100,
data:[{x:0,y:0,l:45,w:99},{x:0,y:72,l:27,w:68},{x:0,y:57,l:15,w:91},{x:0,y:45,l:12,w:98},],
canvasWidth:100,
canvasHeight:100,
data:[{x:0,y:56,l:39,w:74},{x:0,y:23,l:33,w:78},{x:0,y:0,l:23,w:79},],
canvasWidth:100,
canvasHeight:100,
data:[{x:0,y:0,l:39,w:84},{x:0,y:61,l:39,w:67},{x:0,y:39,l:22,w:74},],
canvasWidth:100,
canvasHeight:100,
data:[{x:0,y:0,l:36,w:91},{x:0,y:36,l:44,w:73},{x:0,y:80,l:18,w:81},{x:0,y:98,l:2,w:92},],
canvasWidth:100,
canvasHeight:100,
data:[{x:0,y:0,l:29,w:88},{x:0,y:29,l:30,w:82},{x:0,y:59,l:30,w:81},{x:0,y:89,l:10,w:77},],
canvasWidth:100,
canvasHeight:100,
data:[{x:0,y:0,l:42,w:74},{x:0,y:42,l:31,w:97},{x:0,y:73,l:23,w:76},{x:76,y:73,l:21,w:23},{x:0,y:96,l:4,w:83},],
canvasWidth:100,
canvasHeight:100,
data:[{x:0,y:0,l:37,w:83},{x:0,y:37,l:21,w:78},{x:0,y:58,l:19,w:80},{x:0,y:77,l:16,w:81},{x:0,y:93,l:7,w:86},],
canvasWidth:100,
canvasHeight:100,
data:[{x:0,y:3,l:29,w:96},{x:0,y:32,l:25,w:96},{x:0,y:77,l:18,w:81},{x:0,y:57,l:16,w:85},{x:0,y:95,l:5,w:70},{x:0,y:73,l:4,w:85},{x:0,y:0,l:3,w:98},],
canvasWidth:100,
canvasHeight:100,
data:[{x:0,y:28,l:35,w:78},{x:0,y:0,l:28,w:82},{x:0,y:63,l:21,w:75},{x:0,y:84,l:16,w:69},],
canvasWidth:100,
canvasHeight:100,
data:[{x:0,y:33,l:27,w:82},{x:0,y:17,l:13,w:87},{x:0,y:0,l:17,w:94},{x:0,y:60,l:24,w:77},{x:0,y:84,l:10,w:68},{x:0,y:30,l:3,w:83},],
canvasWidth:100,
canvasHeight:100,
data:[{x:0,y:0,l:40,w:91},{x:0,y:40,l:25,w:81},{x:0,y:65,l:11,w:75},],
Best fit used bin number: 24
Found best solution: 24 0.062

   Statrt add columnAndCut col: 24 cons: 0 cut: 0	0.14

	1 Start Add column using column generation  col: 24 cons: 0 cut: 0	0.14
			Start solve  LP :0.14
			End solve LP obj: 24.0 t: 0
	1 End Add column using column generation : 24.0 col: 24 cons: 0 cut: 0	0.14
   End add columnAndCut : 24.0 colGencnt: 1 price: 0 col: 24 cons: 0 cut: 0	0.14

Node lb: 24.0 ub: 24 : 0.14

Final Found Solution: 24 genNode: 1 extendedNode: 0:0.14
Bin size: 10000
1 : 8460,273, : 8733
2 : 8091,1222,553, : 9866
3 : 5723,3104,738,237,42, : 9844
4 : 5688,1863,840,800,50, : 9241
5 : 4240,4048,210,70, : 8568
6 : 3021,2775,1305,1248, : 8349
7 : 4500,3800,1092, : 9392
8 : 4324,3901,658,450, : 9333
9 : 4183,3854,484,438, : 8959
10 : 3528,2511,1218,1188,1092, : 9537
11 : 3825,3128,936,800,93, : 8782
12 : 4224,1742,1485,990, : 8441
13 : 3266,2376,2100,1872, : 9614
14 : 4455,1836,1365,1176, : 8832
15 : 2886,2574,1817, : 7277
16 : 3276,2613,1628, : 7517
17 : 3276,3212,1458,184, : 8130
18 : 2552,2460,2430,770, : 8212
19 : 3108,3007,1748,483,332, : 8678
20 : 3071,1638,1520,1296,602, : 8127
21 : 2784,2400,1458,1360,350,340,294, : 8986
22 : 2730,2296,1575,1104, : 7705
23 : 2214,1848,1598,1131,680,249, : 7720
24 : 3640,2025,825, : 6490
----------------------- 1 ---------------------------
canvasWidth:100,
canvasHeight:100,
data:[{x:0,y:0,l:90,w:94},{x:0,y:90,l:7,w:39},],
----------------------- 2 ---------------------------
canvasWidth:100,
canvasHeight:100,
data:[{x:0,y:0,l:93,w:87},{x:87,y:0,l:94,w:13},{x:0,y:93,l:7,w:79},],
----------------------- 3 ---------------------------
canvasWidth:100,
canvasHeight:100,
data:[{x:0,y:0,l:59,w:97},{x:0,y:59,l:32,w:97},{x:16,y:91,l:9,w:82},{x:97,y:0,l:79,w:3},{x:98,y:79,l:21,w:2},],
----------------------- 4 ---------------------------
canvasWidth:100,
canvasHeight:100,
data:[{x:0,y:0,l:72,w:79},{x:79,y:0,l:25,w:2},{x:0,y:72,l:27,w:69},{x:90,y:0,l:84,w:10},{x:82,y:0,l:100,w:8},],
----------------------- 5 ---------------------------
canvasWidth:100,
canvasHeight:100,
data:[{x:0,y:0,l:80,w:53},{x:56,y:0,l:92,w:44},{x:30,y:92,l:3,w:70},{x:0,y:95,l:1,w:70},],
----------------------- 6 ---------------------------
canvasWidth:100,
canvasHeight:100,
data:[{x:0,y:0,l:57,w:53},{x:63,y:0,l:75,w:37},{x:0,y:57,l:29,w:45},{x:0,y:86,l:13,w:96},],
----------------------- 7 ---------------------------
canvasWidth:100,
canvasHeight:100,
data:[{x:0,y:0,l:50,w:90},{x:0,y:62,l:38,w:100},{x:0,y:50,l:12,w:91},],
----------------------- 8 ---------------------------
canvasWidth:100,
canvasHeight:100,
data:[{x:0,y:0,l:47,w:92},{x:0,y:47,l:47,w:83},{x:92,y:0,l:94,w:7},{x:0,y:94,l:5,w:90},],
----------------------- 9 ---------------------------
canvasWidth:100,
canvasHeight:100,
data:[{x:0,y:0,l:47,w:89},{x:0,y:47,l:47,w:82},{x:89,y:0,l:44,w:11},{x:0,y:94,l:6,w:73},],
----------------------- 10 ---------------------------
canvasWidth:100,
canvasHeight:100,
data:[{x:0,y:0,l:42,w:84},{x:0,y:55,l:31,w:81},{x:0,y:86,l:14,w:87},{x:87,y:1,l:99,w:12},{x:0,y:42,l:13,w:84},],
----------------------- 11 ---------------------------
canvasWidth:100,
canvasHeight:100,
data:[{x:0,y:0,l:45,w:85},{x:0,y:45,l:46,w:68},{x:85,y:0,l:78,w:12},{x:0,y:92,l:8,w:100},{x:68,y:78,l:3,w:31},],
----------------------- 12 ---------------------------
canvasWidth:100,
canvasHeight:100,
data:[{x:0,y:0,l:44,w:96},{x:0,y:44,l:26,w:67},{x:0,y:70,l:15,w:99},{x:0,y:85,l:15,w:66},],
----------------------- 13 ---------------------------
canvasWidth:100,
canvasHeight:100,
data:[{x:0,y:0,l:46,w:71},{x:76,y:0,l:99,w:24},{x:0,y:46,l:28,w:75},{x:0,y:74,l:26,w:72},],
----------------------- 14 ---------------------------
canvasWidth:100,
canvasHeight:100,
data:[{x:0,y:0,l:45,w:99},{x:0,y:72,l:27,w:68},{x:0,y:57,l:15,w:91},{x:0,y:45,l:12,w:98},],
----------------------- 15 ---------------------------
canvasWidth:100,
canvasHeight:100,
data:[{x:0,y:56,l:39,w:74},{x:0,y:23,l:33,w:78},{x:0,y:0,l:23,w:79},],
----------------------- 16 ---------------------------
canvasWidth:100,
canvasHeight:100,
data:[{x:0,y:0,l:39,w:84},{x:0,y:61,l:39,w:67},{x:0,y:39,l:22,w:74},],
----------------------- 17 ---------------------------
canvasWidth:100,
canvasHeight:100,
data:[{x:0,y:0,l:36,w:91},{x:0,y:36,l:44,w:73},{x:0,y:80,l:18,w:81},{x:0,y:98,l:2,w:92},],
----------------------- 18 ---------------------------
canvasWidth:100,
canvasHeight:100,
data:[{x:0,y:0,l:29,w:88},{x:0,y:29,l:30,w:82},{x:0,y:59,l:30,w:81},{x:0,y:89,l:10,w:77},],
----------------------- 19 ---------------------------
canvasWidth:100,
canvasHeight:100,
data:[{x:0,y:0,l:42,w:74},{x:0,y:42,l:31,w:97},{x:0,y:73,l:23,w:76},{x:76,y:73,l:21,w:23},{x:0,y:96,l:4,w:83},],
----------------------- 20 ---------------------------
canvasWidth:100,
canvasHeight:100,
data:[{x:0,y:0,l:37,w:83},{x:0,y:37,l:21,w:78},{x:0,y:58,l:19,w:80},{x:0,y:77,l:16,w:81},{x:0,y:93,l:7,w:86},],
----------------------- 21 ---------------------------
canvasWidth:100,
canvasHeight:100,
data:[{x:0,y:3,l:29,w:96},{x:0,y:32,l:25,w:96},{x:0,y:77,l:18,w:81},{x:0,y:57,l:16,w:85},{x:0,y:95,l:5,w:70},{x:0,y:73,l:4,w:85},{x:0,y:0,l:3,w:98},],
----------------------- 22 ---------------------------
canvasWidth:100,
canvasHeight:100,
data:[{x:0,y:28,l:35,w:78},{x:0,y:0,l:28,w:82},{x:0,y:63,l:21,w:75},{x:0,y:84,l:16,w:69},],
----------------------- 23 ---------------------------
canvasWidth:100,
canvasHeight:100,
data:[{x:0,y:33,l:27,w:82},{x:0,y:17,l:13,w:87},{x:0,y:0,l:17,w:94},{x:0,y:60,l:24,w:77},{x:0,y:84,l:10,w:68},{x:0,y:30,l:3,w:83},],
----------------------- 24 ---------------------------
canvasWidth:100,
canvasHeight:100,
data:[{x:0,y:0,l:40,w:91},{x:0,y:40,l:25,w:81},{x:0,y:65,l:11,w:75},],
