====================================== Class_02.2bp-14 =====================================
Reduced size: 40 usedBin: 0
[0, 1, 2, 3, 4, 5, 6, 10, 11, 13, 15, 16, 18, 20, 26, 30, 31, 32, 33, 36, 37]
[7, 8, 9, 12, 14, 17, 19, 21, 22, 23, 24, 25, 27, 28, 29, 34, 35, 38, 39]
canvasWidth:30,
canvasHeight:30,
data:[{x:0,y:0,l:10,w:10},{x:0,y:10,l:9,w:10},{x:0,y:19,l:8,w:10},{x:10,y:0,l:8,w:10},{x:20,y:0,l:8,w:10},{x:10,y:8,l:10,w:8},{x:10,y:18,l:8,w:8},{x:18,y:8,l:8,w:5},{x:23,y:13,l:8,w:6},{x:18,y:16,l:9,w:5},{x:23,y:8,l:5,w:7},{x:23,y:21,l:8,w:4},{x:0,y:27,l:3,w:10},{x:18,y:25,l:5,w:5},{x:27,y:21,l:6,w:3},{x:12,y:26,l:2,w:6},{x:12,y:28,l:2,w:6},{x:10,y:26,l:4,w:2},{x:29,y:13,l:8,w:1},{x:27,y:27,l:2,w:3},{x:23,y:29,l:1,w:5},],
canvasWidth:30,
canvasHeight:30,
data:[{x:0,y:0,l:7,w:8},{x:8,y:0,l:5,w:10},{x:8,y:5,l:4,w:10},{x:0,y:7,l:5,w:8},{x:0,y:20,l:10,w:6},{x:18,y:0,l:6,w:5},{x:8,y:11,l:3,w:9},{x:0,y:12,l:3,w:8},{x:0,y:15,l:3,w:8},{x:8,y:9,l:2,w:10},{x:6,y:20,l:10,w:2},{x:8,y:14,l:2,w:9},{x:8,y:16,l:2,w:9},{x:0,y:18,l:2,w:8},{x:23,y:0,l:8,w:2},{x:17,y:11,l:7,w:1},{x:18,y:6,l:3,w:2},{x:21,y:6,l:2,w:2},{x:20,y:6,l:2,w:1},],
Best fit used bin number: 2
Found best solution: 2 0.046

   Statrt add columnAndCut col: 2 cons: 0 cut: 0	0.125

	1 Start Add column using column generation  col: 2 cons: 0 cut: 0	0.125
			Start solve  LP :0.125
			End solve LP obj: 2.0 t: 0
	1 End Add column using column generation : 2.0 col: 2 cons: 0 cut: 0	0.125
   End add columnAndCut : 2.0 colGencnt: 1 price: 0 col: 2 cons: 0 cut: 0	0.125

Node lb: 2.0 ub: 2 : 0.125

Final Found Solution: 2 genNode: 1 extendedNode: 0:0.125
Bin size: 900
1 : 100,90,80,80,80,80,64,48,45,40,35,32,30,25,18,12,12,8,8,6,5, : 898
2 : 60,56,50,40,40,30,27,24,24,20,20,18,18,16,16,7,6,4,2, : 478
----------------------- 1 ---------------------------
canvasWidth:30,
canvasHeight:30,
data:[{x:0,y:0,l:10,w:10},{x:0,y:10,l:9,w:10},{x:0,y:19,l:8,w:10},{x:10,y:0,l:8,w:10},{x:20,y:0,l:8,w:10},{x:10,y:8,l:10,w:8},{x:10,y:18,l:8,w:8},{x:18,y:8,l:8,w:5},{x:23,y:13,l:8,w:6},{x:18,y:16,l:9,w:5},{x:23,y:8,l:5,w:7},{x:23,y:21,l:8,w:4},{x:0,y:27,l:3,w:10},{x:18,y:25,l:5,w:5},{x:27,y:21,l:6,w:3},{x:12,y:26,l:2,w:6},{x:12,y:28,l:2,w:6},{x:10,y:26,l:4,w:2},{x:29,y:13,l:8,w:1},{x:27,y:27,l:2,w:3},{x:23,y:29,l:1,w:5},],
----------------------- 2 ---------------------------
canvasWidth:30,
canvasHeight:30,
data:[{x:0,y:0,l:7,w:8},{x:8,y:0,l:5,w:10},{x:8,y:5,l:4,w:10},{x:0,y:7,l:5,w:8},{x:0,y:20,l:10,w:6},{x:18,y:0,l:6,w:5},{x:8,y:11,l:3,w:9},{x:0,y:12,l:3,w:8},{x:0,y:15,l:3,w:8},{x:8,y:9,l:2,w:10},{x:6,y:20,l:10,w:2},{x:8,y:14,l:2,w:9},{x:8,y:16,l:2,w:9},{x:0,y:18,l:2,w:8},{x:23,y:0,l:8,w:2},{x:17,y:11,l:7,w:1},{x:18,y:6,l:3,w:2},{x:21,y:6,l:2,w:2},{x:20,y:6,l:2,w:1},],
