====================================== Class_05.2bp-26 =====================================
Reduced size: 60 usedBin: 0
[9, 14, 27, 49]
[1, 42, 46, 58]
[2, 34, 38, 50]
[3, 25, 29, 51]
[4, 23, 24, 55, 57]
[6, 22, 30]
[7, 19, 32, 44, 56]
[8, 21, 36, 40, 47]
[0, 48, 52]
[5, 18, 31]
[13, 17, 33, 37, 43, 54]
[10, 16, 35, 41, 59]
[15, 20, 26, 39, 45]
[11, 12, 28, 53]
canvasWidth:100,
canvasHeight:100,
data:[{x:78,y:0,l:29,w:11},{x:0,y:0,l:57,w:78},{x:0,y:57,l:42,w:79},{x:79,y:29,l:67,w:21},],
canvasWidth:100,
canvasHeight:100,
data:[{x:0,y:0,l:85,w:92},{x:0,y:85,l:10,w:58},{x:0,y:95,l:5,w:87},{x:92,y:0,l:16,w:1},],
canvasWidth:100,
canvasHeight:100,
data:[{x:0,y:0,l:78,w:94},{x:0,y:78,l:21,w:46},{x:46,y:78,l:22,w:37},{x:94,y:0,l:40,w:6},],
canvasWidth:100,
canvasHeight:100,
data:[{x:0,y:0,l:75,w:81},{x:81,y:0,l:77,w:19},{x:34,y:77,l:20,w:66},{x:0,y:75,l:15,w:14},],
canvasWidth:100,
canvasHeight:100,
data:[{x:0,y:0,l:76,w:77},{x:77,y:0,l:73,w:21},{x:0,y:76,l:21,w:72},{x:0,y:97,l:3,w:56},{x:98,y:0,l:67,w:2},],
canvasWidth:100,
canvasHeight:100,
data:[{x:0,y:0,l:86,w:65},{x:65,y:0,l:56,w:28},{x:70,y:56,l:35,w:30},],
canvasWidth:100,
canvasHeight:100,
data:[{x:0,y:0,l:94,w:58},{x:58,y:0,l:61,w:37},{x:74,y:61,l:39,w:26},{x:58,y:61,l:28,w:16},{x:0,y:94,l:6,w:27},],
canvasWidth:100,
canvasHeight:100,
data:[{x:0,y:0,l:96,w:53},{x:53,y:0,l:45,w:40},{x:53,y:45,l:50,w:17},{x:70,y:45,l:50,w:15},{x:85,y:45,l:32,w:12},],
canvasWidth:100,
canvasHeight:100,
data:[{x:93,y:0,l:47,w:7},{x:0,y:0,l:86,w:93},{x:0,y:86,l:8,w:26},],
canvasWidth:100,
canvasHeight:100,
data:[{x:0,y:0,l:98,w:58},{x:76,y:0,l:98,w:24},{x:58,y:0,l:58,w:18},],
canvasWidth:100,
canvasHeight:100,
data:[{x:0,y:0,l:62,w:61},{x:0,y:71,l:29,w:91},{x:61,y:0,l:70,w:14},{x:75,y:0,l:40,w:21},{x:0,y:62,l:8,w:61},{x:91,y:80,l:20,w:9},],
canvasWidth:100,
canvasHeight:100,
data:[{x:0,y:0,l:47,w:87},{x:18,y:47,l:34,w:79},{x:0,y:47,l:53,w:18},{x:18,y:81,l:18,w:40},{x:58,y:81,l:2,w:7},],
canvasWidth:100,
canvasHeight:100,
data:[{x:0,y:0,l:40,w:81},{x:0,y:40,l:28,w:70},{x:0,y:68,l:27,w:54},{x:81,y:0,l:81,w:10},{x:54,y:90,l:10,w:44},],
canvasWidth:100,
canvasHeight:100,
data:[{x:0,y:0,l:81,w:49},{x:49,y:0,l:76,w:50},{x:10,y:84,l:16,w:85},{x:0,y:81,l:19,w:10},],
Best fit used bin number: 14
Found best solution: 14 0.063

   Statrt add columnAndCut col: 14 cons: 0 cut: 0	0.141

	1 Start Add column using column generation  col: 14 cons: 0 cut: 0	0.141
			Start solve  LP :0.141
			End solve LP obj: 14.0 t: 0
	1 End Add column using column generation : 14.0 col: 14 cons: 0 cut: 0	0.141
   End add columnAndCut : 14.0 colGencnt: 1 price: 0 col: 14 cons: 0 cut: 0	0.141

Node lb: 14.0 ub: 14 : 0.141

Final Found Solution: 14 genNode: 1 extendedNode: 0:0.141
Bin size: 10000
1 : 4446,3318,1407,319, : 9490
2 : 7820,580,435,16, : 8851
3 : 7332,966,814,240, : 9352
4 : 6075,1463,1320,210, : 9068
5 : 5852,1533,1512,168,134, : 9199
6 : 5590,1568,1050, : 8208
7 : 5452,2257,1014,448,162, : 9333
8 : 5088,1800,850,750,384, : 8872
9 : 7998,329,208, : 8535
10 : 5684,2352,1044, : 9080
11 : 3782,2639,980,840,488,180, : 8909
12 : 4089,2686,954,720,14, : 8463
13 : 3240,1960,1458,810,440, : 7908
14 : 3969,3800,1360,190, : 9319
----------------------- 1 ---------------------------
canvasWidth:100,
canvasHeight:100,
data:[{x:78,y:0,l:29,w:11},{x:0,y:0,l:57,w:78},{x:0,y:57,l:42,w:79},{x:79,y:29,l:67,w:21},],
----------------------- 2 ---------------------------
canvasWidth:100,
canvasHeight:100,
data:[{x:0,y:0,l:85,w:92},{x:0,y:85,l:10,w:58},{x:0,y:95,l:5,w:87},{x:92,y:0,l:16,w:1},],
----------------------- 3 ---------------------------
canvasWidth:100,
canvasHeight:100,
data:[{x:0,y:0,l:78,w:94},{x:0,y:78,l:21,w:46},{x:46,y:78,l:22,w:37},{x:94,y:0,l:40,w:6},],
----------------------- 4 ---------------------------
canvasWidth:100,
canvasHeight:100,
data:[{x:0,y:0,l:75,w:81},{x:81,y:0,l:77,w:19},{x:34,y:77,l:20,w:66},{x:0,y:75,l:15,w:14},],
----------------------- 5 ---------------------------
canvasWidth:100,
canvasHeight:100,
data:[{x:0,y:0,l:76,w:77},{x:77,y:0,l:73,w:21},{x:0,y:76,l:21,w:72},{x:0,y:97,l:3,w:56},{x:98,y:0,l:67,w:2},],
----------------------- 6 ---------------------------
canvasWidth:100,
canvasHeight:100,
data:[{x:0,y:0,l:86,w:65},{x:65,y:0,l:56,w:28},{x:70,y:56,l:35,w:30},],
----------------------- 7 ---------------------------
canvasWidth:100,
canvasHeight:100,
data:[{x:0,y:0,l:94,w:58},{x:58,y:0,l:61,w:37},{x:74,y:61,l:39,w:26},{x:58,y:61,l:28,w:16},{x:0,y:94,l:6,w:27},],
----------------------- 8 ---------------------------
canvasWidth:100,
canvasHeight:100,
data:[{x:0,y:0,l:96,w:53},{x:53,y:0,l:45,w:40},{x:53,y:45,l:50,w:17},{x:70,y:45,l:50,w:15},{x:85,y:45,l:32,w:12},],
----------------------- 9 ---------------------------
canvasWidth:100,
canvasHeight:100,
data:[{x:93,y:0,l:47,w:7},{x:0,y:0,l:86,w:93},{x:0,y:86,l:8,w:26},],
----------------------- 10 ---------------------------
canvasWidth:100,
canvasHeight:100,
data:[{x:0,y:0,l:98,w:58},{x:76,y:0,l:98,w:24},{x:58,y:0,l:58,w:18},],
----------------------- 11 ---------------------------
canvasWidth:100,
canvasHeight:100,
data:[{x:0,y:0,l:62,w:61},{x:0,y:71,l:29,w:91},{x:61,y:0,l:70,w:14},{x:75,y:0,l:40,w:21},{x:0,y:62,l:8,w:61},{x:91,y:80,l:20,w:9},],
----------------------- 12 ---------------------------
canvasWidth:100,
canvasHeight:100,
data:[{x:0,y:0,l:47,w:87},{x:18,y:47,l:34,w:79},{x:0,y:47,l:53,w:18},{x:18,y:81,l:18,w:40},{x:58,y:81,l:2,w:7},],
----------------------- 13 ---------------------------
canvasWidth:100,
canvasHeight:100,
data:[{x:0,y:0,l:40,w:81},{x:0,y:40,l:28,w:70},{x:0,y:68,l:27,w:54},{x:81,y:0,l:81,w:10},{x:54,y:90,l:10,w:44},],
----------------------- 14 ---------------------------
canvasWidth:100,
canvasHeight:100,
data:[{x:0,y:0,l:81,w:49},{x:49,y:0,l:76,w:50},{x:10,y:84,l:16,w:85},{x:0,y:81,l:19,w:10},],
