====================================== Class_01.2bp-8 =====================================
Reduced size: 20 usedBin: 0
E:\WSKH\2DBPP\NonGuillotine\initSolution\1_9.pack
[0, 13, 19]
[1]
[2, 14]
[3, 7, 16]
[5, 17]
[4, 9, 15, 18]
[6, 12]
[8, 10, 11]
canvasWidth:10,
canvasHeight:10,
data:[{x:0,y:0,l:8,w:9},{x:0,y:8,l:2,w:10},{x:9,y:0,l:4,w:1},],
canvasWidth:10,
canvasHeight:10,
data:[{x:0,y:0,l:7,w:9},],
canvasWidth:10,
canvasHeight:10,
data:[{x:0,y:0,l:7,w:8},{x:8,y:0,l:9,w:2},],
canvasWidth:10,
canvasHeight:10,
data:[{x:0,y:0,l:6,w:9},{x:0,y:6,l:4,w:7},{x:7,y:6,l:4,w:3},],
canvasWidth:10,
canvasHeight:10,
data:[{x:0,y:0,l:6,w:8},{x:8,y:0,l:5,w:2},],
canvasWidth:10,
canvasHeight:10,
data:[{x:5,y:0,l:10,w:5},{x:0,y:5,l:1,w:4},{x:0,y:6,l:3,w:4},{x:0,y:0,l:5,w:5},],
canvasWidth:10,
canvasHeight:10,
data:[{x:0,y:0,l:4,w:10},{x:6,y:4,l:6,w:4},],
canvasWidth:10,
canvasHeight:10,
data:[{x:0,y:0,l:9,w:3},{x:6,y:0,l:6,w:4},{x:3,y:0,l:8,w:3},],
Best fit used bin number: 8
Found best solution: 8 0.063

   Statrt add columnAndCut col: 8 cons: 0 cut: 0	0.125

	1 Start Add column using column generation  col: 8 cons: 0 cut: 0	0.125
			Start solve  LP :0.125
			End solve LP obj: 8.0 t: 16
	1 End Add column using column generation : 8.0 col: 8 cons: 0 cut: 0	0.141
   End add columnAndCut : 8.0 colGencnt: 1 price: 0 col: 8 cons: 0 cut: 0	0.141

Node lb: 8.0 ub: 8 : 0.141

Final Found Solution: 8 genNode: 1 extendedNode: 0:0.141
Bin size: 100
1 : 72,20,4, : 96
2 : 63, : 63
3 : 56,18, : 74
4 : 54,28,12, : 94
5 : 48,10, : 58
6 : 50,25,12,4, : 91
7 : 40,24, : 64
8 : 27,24,24, : 75
----------------------- 1 ---------------------------
canvasWidth:10,
canvasHeight:10,
data:[{x:0,y:0,l:8,w:9},{x:0,y:8,l:2,w:10},{x:9,y:0,l:4,w:1},],
----------------------- 2 ---------------------------
canvasWidth:10,
canvasHeight:10,
data:[{x:0,y:0,l:7,w:9},],
----------------------- 3 ---------------------------
canvasWidth:10,
canvasHeight:10,
data:[{x:0,y:0,l:7,w:8},{x:8,y:0,l:9,w:2},],
----------------------- 4 ---------------------------
canvasWidth:10,
canvasHeight:10,
data:[{x:0,y:0,l:6,w:9},{x:0,y:6,l:4,w:7},{x:7,y:6,l:4,w:3},],
----------------------- 5 ---------------------------
canvasWidth:10,
canvasHeight:10,
data:[{x:0,y:0,l:6,w:8},{x:8,y:0,l:5,w:2},],
----------------------- 6 ---------------------------
canvasWidth:10,
canvasHeight:10,
data:[{x:5,y:0,l:10,w:5},{x:0,y:5,l:1,w:4},{x:0,y:6,l:3,w:4},{x:0,y:0,l:5,w:5},],
----------------------- 7 ---------------------------
canvasWidth:10,
canvasHeight:10,
data:[{x:0,y:0,l:4,w:10},{x:6,y:4,l:6,w:4},],
----------------------- 8 ---------------------------
canvasWidth:10,
canvasHeight:10,
data:[{x:0,y:0,l:9,w:3},{x:6,y:0,l:6,w:4},{x:3,y:0,l:8,w:3},],
