====================================== Class_09.2bp-23 =====================================
Reduced size: 60 usedBin: 0
[0, 54, 57]
[1, 53, 55]
[2, 50]
[3]
[4, 59]
[5, 49]
[6, 52]
[7]
[8]
[9]
[10]
[11]
[12]
[13, 56]
[14]
[15, 51]
[16, 38]
[17]
[18]
[19]
[20]
[21]
[22]
[23]
[24]
[25]
[26]
[27, 58]
[29, 48]
[30]
[31]
[32]
[34]
[33, 39]
[35]
[36]
[37]
[40]
[42]
[43]
[45]
[46]
[28, 44]
[41, 47]
canvasWidth:100,
canvasHeight:100,
data:[{x:0,y:0,l:98,w:90},{x:90,y:0,l:98,w:7},{x:0,y:99,l:1,w:96},],
canvasWidth:100,
canvasHeight:100,
data:[{x:0,y:0,l:92,w:87},{x:87,y:0,l:68,w:11},{x:0,y:92,l:8,w:73},],
canvasWidth:100,
canvasHeight:100,
data:[{x:0,y:0,l:98,w:81},{x:81,y:0,l:78,w:15},],
canvasWidth:100,
canvasHeight:100,
data:[{x:0,y:0,l:95,w:83},],
canvasWidth:100,
canvasHeight:100,
data:[{x:0,y:0,l:81,w:97},{x:97,y:0,l:8,w:1},],
canvasWidth:100,
canvasHeight:100,
data:[{x:0,y:0,l:78,w:99},{x:0,y:78,l:21,w:93},],
canvasWidth:100,
canvasHeight:100,
data:[{x:0,y:0,l:99,w:74},{x:74,y:0,l:37,w:24},],
canvasWidth:100,
canvasHeight:100,
data:[{x:0,y:0,l:93,w:73},],
canvasWidth:100,
canvasHeight:100,
data:[{x:0,y:0,l:81,w:83},],
canvasWidth:100,
canvasHeight:100,
data:[{x:0,y:0,l:79,w:83},],
canvasWidth:100,
canvasHeight:100,
data:[{x:0,y:0,l:74,w:87},],
canvasWidth:100,
canvasHeight:100,
data:[{x:0,y:0,l:99,w:65},],
canvasWidth:100,
canvasHeight:100,
data:[{x:0,y:0,l:80,w:79},],
canvasWidth:100,
canvasHeight:100,
data:[{x:0,y:0,l:100,w:63},{x:63,y:0,l:82,w:6},],
canvasWidth:100,
canvasHeight:100,
data:[{x:0,y:0,l:74,w:83},],
canvasWidth:100,
canvasHeight:100,
data:[{x:0,y:0,l:83,w:67},{x:67,y:0,l:38,w:28},],
canvasWidth:100,
canvasHeight:100,
data:[{x:0,y:0,l:92,w:60},{x:61,y:0,l:100,w:39},],
canvasWidth:100,
canvasHeight:100,
data:[{x:0,y:0,l:86,w:63},],
canvasWidth:100,
canvasHeight:100,
data:[{x:0,y:0,l:65,w:82},],
canvasWidth:100,
canvasHeight:100,
data:[{x:0,y:0,l:77,w:68},],
canvasWidth:100,
canvasHeight:100,
data:[{x:0,y:0,l:74,w:70},],
canvasWidth:100,
canvasHeight:100,
data:[{x:0,y:0,l:67,w:74},],
canvasWidth:100,
canvasHeight:100,
data:[{x:0,y:0,l:85,w:56},],
canvasWidth:100,
canvasHeight:100,
data:[{x:0,y:0,l:66,w:72},],
canvasWidth:100,
canvasHeight:100,
data:[{x:0,y:0,l:53,w:89},],
canvasWidth:100,
canvasHeight:100,
data:[{x:0,y:0,l:55,w:84},],
canvasWidth:100,
canvasHeight:100,
data:[{x:0,y:0,l:58,w:79},],
canvasWidth:100,
canvasHeight:100,
data:[{x:0,y:0,l:52,w:88},{x:88,y:0,l:4,w:10},],
canvasWidth:100,
canvasHeight:100,
data:[{x:0,y:0,l:89,w:51},{x:51,y:0,l:67,w:46},],
canvasWidth:100,
canvasHeight:100,
data:[{x:0,y:0,l:55,w:81},],
canvasWidth:100,
canvasHeight:100,
data:[{x:0,y:0,l:54,w:82},],
canvasWidth:100,
canvasHeight:100,
data:[{x:0,y:0,l:66,w:66},],
canvasWidth:100,
canvasHeight:100,
data:[{x:0,y:0,l:53,w:81},],
canvasWidth:100,
canvasHeight:100,
data:[{x:0,y:0,l:81,w:53},{x:55,y:0,l:85,w:45},],
canvasWidth:100,
canvasHeight:100,
data:[{x:0,y:0,l:58,w:73},],
canvasWidth:100,
canvasHeight:100,
data:[{x:0,y:0,l:71,w:58},],
canvasWidth:100,
canvasHeight:100,
data:[{x:0,y:0,l:53,w:76},],
canvasWidth:100,
canvasHeight:100,
data:[{x:0,y:0,l:59,w:64},],
canvasWidth:100,
canvasHeight:100,
data:[{x:0,y:0,l:63,w:57},],
canvasWidth:100,
canvasHeight:100,
data:[{x:0,y:0,l:60,w:59},],
canvasWidth:100,
canvasHeight:100,
data:[{x:0,y:0,l:60,w:58},],
canvasWidth:100,
canvasHeight:100,
data:[{x:0,y:0,l:54,w:58},],
canvasWidth:100,
canvasHeight:100,
data:[{x:0,y:0,l:91,w:50},{x:50,y:0,l:70,w:50},],
canvasWidth:100,
canvasHeight:100,
data:[{x:0,y:0,l:50,w:75},{x:0,y:50,l:50,w:62},],
Best fit used bin number: 44
Found best solution: 44 0.078

   Statrt add columnAndCut col: 44 cons: 0 cut: 0	0.156

	1 Start Add column using column generation  col: 44 cons: 0 cut: 0	0.156
			Start solve  LP :0.156
			End solve LP obj: 44.0 t: 0
	1 End Add column using column generation : 44.0 col: 44 cons: 0 cut: 0	0.156
   End add columnAndCut : 44.0 colGencnt: 1 price: 0 col: 44 cons: 0 cut: 0	0.156

Node lb: 44.0 ub: 44 : 0.156

Final Found Solution: 44 genNode: 1 extendedNode: 0:0.156
Bin size: 10000
1 : 8820,686,96, : 9602
2 : 8004,748,584, : 9336
3 : 7938,1170, : 9108
4 : 7885, : 7885
5 : 7857,8, : 7865
6 : 7722,1953, : 9675
7 : 7326,888, : 8214
8 : 6789, : 6789
9 : 6723, : 6723
10 : 6557, : 6557
11 : 6438, : 6438
12 : 6435, : 6435
13 : 6320, : 6320
14 : 6300,492, : 6792
15 : 6142, : 6142
16 : 5561,1064, : 6625
17 : 5520,3900, : 9420
18 : 5418, : 5418
19 : 5330, : 5330
20 : 5236, : 5236
21 : 5180, : 5180
22 : 4958, : 4958
23 : 4760, : 4760
24 : 4752, : 4752
25 : 4717, : 4717
26 : 4620, : 4620
27 : 4582, : 4582
28 : 4576,40, : 4616
29 : 4539,3082, : 7621
30 : 4455, : 4455
31 : 4428, : 4428
32 : 4356, : 4356
33 : 4293, : 4293
34 : 4293,3825, : 8118
35 : 4234, : 4234
36 : 4118, : 4118
37 : 4028, : 4028
38 : 3776, : 3776
39 : 3591, : 3591
40 : 3540, : 3540
41 : 3480, : 3480
42 : 3132, : 3132
43 : 4550,3500, : 8050
44 : 3750,3100, : 6850
----------------------- 1 ---------------------------
canvasWidth:100,
canvasHeight:100,
data:[{x:0,y:0,l:98,w:90},{x:90,y:0,l:98,w:7},{x:0,y:99,l:1,w:96},],
----------------------- 2 ---------------------------
canvasWidth:100,
canvasHeight:100,
data:[{x:0,y:0,l:92,w:87},{x:87,y:0,l:68,w:11},{x:0,y:92,l:8,w:73},],
----------------------- 3 ---------------------------
canvasWidth:100,
canvasHeight:100,
data:[{x:0,y:0,l:98,w:81},{x:81,y:0,l:78,w:15},],
----------------------- 4 ---------------------------
canvasWidth:100,
canvasHeight:100,
data:[{x:0,y:0,l:95,w:83},],
----------------------- 5 ---------------------------
canvasWidth:100,
canvasHeight:100,
data:[{x:0,y:0,l:81,w:97},{x:97,y:0,l:8,w:1},],
----------------------- 6 ---------------------------
canvasWidth:100,
canvasHeight:100,
data:[{x:0,y:0,l:78,w:99},{x:0,y:78,l:21,w:93},],
----------------------- 7 ---------------------------
canvasWidth:100,
canvasHeight:100,
data:[{x:0,y:0,l:99,w:74},{x:74,y:0,l:37,w:24},],
----------------------- 8 ---------------------------
canvasWidth:100,
canvasHeight:100,
data:[{x:0,y:0,l:93,w:73},],
----------------------- 9 ---------------------------
canvasWidth:100,
canvasHeight:100,
data:[{x:0,y:0,l:81,w:83},],
----------------------- 10 ---------------------------
canvasWidth:100,
canvasHeight:100,
data:[{x:0,y:0,l:79,w:83},],
----------------------- 11 ---------------------------
canvasWidth:100,
canvasHeight:100,
data:[{x:0,y:0,l:74,w:87},],
----------------------- 12 ---------------------------
canvasWidth:100,
canvasHeight:100,
data:[{x:0,y:0,l:99,w:65},],
----------------------- 13 ---------------------------
canvasWidth:100,
canvasHeight:100,
data:[{x:0,y:0,l:80,w:79},],
----------------------- 14 ---------------------------
canvasWidth:100,
canvasHeight:100,
data:[{x:0,y:0,l:100,w:63},{x:63,y:0,l:82,w:6},],
----------------------- 15 ---------------------------
canvasWidth:100,
canvasHeight:100,
data:[{x:0,y:0,l:74,w:83},],
----------------------- 16 ---------------------------
canvasWidth:100,
canvasHeight:100,
data:[{x:0,y:0,l:83,w:67},{x:67,y:0,l:38,w:28},],
----------------------- 17 ---------------------------
canvasWidth:100,
canvasHeight:100,
data:[{x:0,y:0,l:92,w:60},{x:61,y:0,l:100,w:39},],
----------------------- 18 ---------------------------
canvasWidth:100,
canvasHeight:100,
data:[{x:0,y:0,l:86,w:63},],
----------------------- 19 ---------------------------
canvasWidth:100,
canvasHeight:100,
data:[{x:0,y:0,l:65,w:82},],
----------------------- 20 ---------------------------
canvasWidth:100,
canvasHeight:100,
data:[{x:0,y:0,l:77,w:68},],
----------------------- 21 ---------------------------
canvasWidth:100,
canvasHeight:100,
data:[{x:0,y:0,l:74,w:70},],
----------------------- 22 ---------------------------
canvasWidth:100,
canvasHeight:100,
data:[{x:0,y:0,l:67,w:74},],
----------------------- 23 ---------------------------
canvasWidth:100,
canvasHeight:100,
data:[{x:0,y:0,l:85,w:56},],
----------------------- 24 ---------------------------
canvasWidth:100,
canvasHeight:100,
data:[{x:0,y:0,l:66,w:72},],
----------------------- 25 ---------------------------
canvasWidth:100,
canvasHeight:100,
data:[{x:0,y:0,l:53,w:89},],
----------------------- 26 ---------------------------
canvasWidth:100,
canvasHeight:100,
data:[{x:0,y:0,l:55,w:84},],
----------------------- 27 ---------------------------
canvasWidth:100,
canvasHeight:100,
data:[{x:0,y:0,l:58,w:79},],
----------------------- 28 ---------------------------
canvasWidth:100,
canvasHeight:100,
data:[{x:0,y:0,l:52,w:88},{x:88,y:0,l:4,w:10},],
----------------------- 29 ---------------------------
canvasWidth:100,
canvasHeight:100,
data:[{x:0,y:0,l:89,w:51},{x:51,y:0,l:67,w:46},],
----------------------- 30 ---------------------------
canvasWidth:100,
canvasHeight:100,
data:[{x:0,y:0,l:55,w:81},],
----------------------- 31 ---------------------------
canvasWidth:100,
canvasHeight:100,
data:[{x:0,y:0,l:54,w:82},],
----------------------- 32 ---------------------------
canvasWidth:100,
canvasHeight:100,
data:[{x:0,y:0,l:66,w:66},],
----------------------- 33 ---------------------------
canvasWidth:100,
canvasHeight:100,
data:[{x:0,y:0,l:53,w:81},],
----------------------- 34 ---------------------------
canvasWidth:100,
canvasHeight:100,
data:[{x:0,y:0,l:81,w:53},{x:55,y:0,l:85,w:45},],
----------------------- 35 ---------------------------
canvasWidth:100,
canvasHeight:100,
data:[{x:0,y:0,l:58,w:73},],
----------------------- 36 ---------------------------
canvasWidth:100,
canvasHeight:100,
data:[{x:0,y:0,l:71,w:58},],
----------------------- 37 ---------------------------
canvasWidth:100,
canvasHeight:100,
data:[{x:0,y:0,l:53,w:76},],
----------------------- 38 ---------------------------
canvasWidth:100,
canvasHeight:100,
data:[{x:0,y:0,l:59,w:64},],
----------------------- 39 ---------------------------
canvasWidth:100,
canvasHeight:100,
data:[{x:0,y:0,l:63,w:57},],
----------------------- 40 ---------------------------
canvasWidth:100,
canvasHeight:100,
data:[{x:0,y:0,l:60,w:59},],
----------------------- 41 ---------------------------
canvasWidth:100,
canvasHeight:100,
data:[{x:0,y:0,l:60,w:58},],
----------------------- 42 ---------------------------
canvasWidth:100,
canvasHeight:100,
data:[{x:0,y:0,l:54,w:58},],
----------------------- 43 ---------------------------
canvasWidth:100,
canvasHeight:100,
data:[{x:0,y:0,l:91,w:50},{x:50,y:0,l:70,w:50},],
----------------------- 44 ---------------------------
canvasWidth:100,
canvasHeight:100,
data:[{x:0,y:0,l:50,w:75},{x:0,y:50,l:50,w:62},],
