====================================== Class_01.2bp-26 =====================================
Reduced size: 60 usedBin: 0
[0, 40]
[2, 31, 53, 58]
[3, 26, 41, 59]
[4, 28, 42, 46, 48]
[5, 18, 45]
[7, 19, 33]
[6, 24, 38, 39]
[8, 27, 36]
[9, 17, 23]
[10, 15, 37, 52]
[1, 50, 55]
[12, 13, 43, 51]
[11, 14, 54, 56, 57]
[16, 21, 22, 30, 49]
[25, 29, 32, 34, 35, 44, 47]
[20]
canvasWidth:10,
canvasHeight:10,
data:[{x:0,y:0,l:9,w:10},{x:1,y:9,l:1,w:9},],
canvasWidth:10,
canvasHeight:10,
data:[{x:0,y:0,l:8,w:10},{x:3,y:8,l:2,w:7},{x:1,y:8,l:2,w:2},{x:0,y:8,l:2,w:1},],
canvasWidth:10,
canvasHeight:10,
data:[{x:0,y:0,l:8,w:9},{x:0,y:8,l:2,w:9},{x:9,y:0,l:9,w:1},{x:9,y:9,l:1,w:1},],
canvasWidth:10,
canvasHeight:10,
data:[{x:0,y:0,l:8,w:8},{x:8,y:0,l:8,w:2},{x:6,y:8,l:2,w:4},{x:0,y:8,l:1,w:6},{x:0,y:9,l:1,w:6},],
canvasWidth:10,
canvasHeight:10,
data:[{x:0,y:0,l:9,w:7},{x:7,y:0,l:10,w:3},{x:0,y:9,l:1,w:7},],
canvasWidth:10,
canvasHeight:10,
data:[{x:0,y:0,l:10,w:6},{x:6,y:0,l:7,w:4},{x:6,y:7,l:3,w:4},],
canvasWidth:10,
canvasHeight:10,
data:[{x:0,y:0,l:10,w:6},{x:6,y:0,l:5,w:4},{x:6,y:5,l:5,w:2},{x:8,y:5,l:5,w:2},],
canvasWidth:10,
canvasHeight:10,
data:[{x:0,y:0,l:10,w:6},{x:6,y:0,l:6,w:3},{x:6,y:6,l:4,w:3},],
canvasWidth:10,
canvasHeight:10,
data:[{x:0,y:7,l:3,w:10},{x:0,y:0,l:7,w:7},{x:7,y:0,l:7,w:3},],
canvasWidth:10,
canvasHeight:10,
data:[{x:0,y:0,l:6,w:8},{x:1,y:6,l:4,w:9},{x:8,y:0,l:6,w:2},{x:0,y:6,l:4,w:1},],
canvasWidth:10,
canvasHeight:10,
data:[{x:0,y:0,l:9,w:10},{x:5,y:9,l:1,w:5},{x:2,y:9,l:1,w:3},],
canvasWidth:10,
canvasHeight:10,
data:[{x:0,y:0,l:5,w:9},{x:2,y:5,l:5,w:8},{x:0,y:5,l:4,w:2},{x:9,y:0,l:5,w:1},],
canvasWidth:10,
canvasHeight:10,
data:[{x:0,y:0,l:9,w:5},{x:5,y:0,l:8,w:5},{x:0,y:9,l:1,w:3},{x:9,y:8,l:2,w:1},{x:8,y:8,l:2,w:1},],
canvasWidth:10,
canvasHeight:10,
data:[{x:0,y:0,l:4,w:8},{x:0,y:4,l:3,w:8},{x:3,y:7,l:3,w:7},{x:8,y:0,l:7,w:2},{x:1,y:7,l:3,w:2},],
canvasWidth:10,
canvasHeight:10,
data:[{x:0,y:0,l:3,w:6},{x:1,y:3,l:3,w:5},{x:1,y:6,l:4,w:3},{x:4,y:6,l:4,w:3},{x:6,y:0,l:6,w:2},{x:0,y:3,l:7,w:1},{x:8,y:0,l:3,w:2},],
canvasWidth:10,
canvasHeight:10,
data:[{x:0,y:0,l:8,w:3},],
Best fit used bin number: 16
Found best solution: 16 0.062

   Statrt add columnAndCut col: 16 cons: 0 cut: 0	0.125

	1 Start Add column using column generation  col: 16 cons: 0 cut: 0	0.125
			Start solve  LP :0.125
			End solve LP obj: 16.0 t: 0
	1 End Add column using column generation : 16.0 col: 16 cons: 0 cut: 0	0.125
   End add columnAndCut : 16.0 colGencnt: 1 price: 0 col: 16 cons: 0 cut: 0	0.125

Node lb: 16.0 ub: 16 : 0.125

Final Found Solution: 16 genNode: 1 extendedNode: 0:0.125
Bin size: 100
1 : 90,9, : 99
2 : 80,14,4,2, : 100
3 : 72,18,9,1, : 100
4 : 64,16,8,6,6, : 100
5 : 63,30,7, : 100
6 : 60,28,12, : 100
7 : 60,20,10,10, : 100
8 : 60,18,12, : 90
9 : 49,30,21, : 100
10 : 48,36,12,4, : 100
11 : 90,5,3, : 98
12 : 45,40,8,5, : 98
13 : 45,40,3,2,2, : 92
14 : 32,24,21,14,6, : 97
15 : 18,15,12,12,12,7,6, : 82
16 : 24, : 24
----------------------- 1 ---------------------------
canvasWidth:10,
canvasHeight:10,
data:[{x:0,y:0,l:9,w:10},{x:1,y:9,l:1,w:9},],
----------------------- 2 ---------------------------
canvasWidth:10,
canvasHeight:10,
data:[{x:0,y:0,l:8,w:10},{x:3,y:8,l:2,w:7},{x:1,y:8,l:2,w:2},{x:0,y:8,l:2,w:1},],
----------------------- 3 ---------------------------
canvasWidth:10,
canvasHeight:10,
data:[{x:0,y:0,l:8,w:9},{x:0,y:8,l:2,w:9},{x:9,y:0,l:9,w:1},{x:9,y:9,l:1,w:1},],
----------------------- 4 ---------------------------
canvasWidth:10,
canvasHeight:10,
data:[{x:0,y:0,l:8,w:8},{x:8,y:0,l:8,w:2},{x:6,y:8,l:2,w:4},{x:0,y:8,l:1,w:6},{x:0,y:9,l:1,w:6},],
----------------------- 5 ---------------------------
canvasWidth:10,
canvasHeight:10,
data:[{x:0,y:0,l:9,w:7},{x:7,y:0,l:10,w:3},{x:0,y:9,l:1,w:7},],
----------------------- 6 ---------------------------
canvasWidth:10,
canvasHeight:10,
data:[{x:0,y:0,l:10,w:6},{x:6,y:0,l:7,w:4},{x:6,y:7,l:3,w:4},],
----------------------- 7 ---------------------------
canvasWidth:10,
canvasHeight:10,
data:[{x:0,y:0,l:10,w:6},{x:6,y:0,l:5,w:4},{x:6,y:5,l:5,w:2},{x:8,y:5,l:5,w:2},],
----------------------- 8 ---------------------------
canvasWidth:10,
canvasHeight:10,
data:[{x:0,y:0,l:10,w:6},{x:6,y:0,l:6,w:3},{x:6,y:6,l:4,w:3},],
----------------------- 9 ---------------------------
canvasWidth:10,
canvasHeight:10,
data:[{x:0,y:7,l:3,w:10},{x:0,y:0,l:7,w:7},{x:7,y:0,l:7,w:3},],
----------------------- 10 ---------------------------
canvasWidth:10,
canvasHeight:10,
data:[{x:0,y:0,l:6,w:8},{x:1,y:6,l:4,w:9},{x:8,y:0,l:6,w:2},{x:0,y:6,l:4,w:1},],
----------------------- 11 ---------------------------
canvasWidth:10,
canvasHeight:10,
data:[{x:0,y:0,l:9,w:10},{x:5,y:9,l:1,w:5},{x:2,y:9,l:1,w:3},],
----------------------- 12 ---------------------------
canvasWidth:10,
canvasHeight:10,
data:[{x:0,y:0,l:5,w:9},{x:2,y:5,l:5,w:8},{x:0,y:5,l:4,w:2},{x:9,y:0,l:5,w:1},],
----------------------- 13 ---------------------------
canvasWidth:10,
canvasHeight:10,
data:[{x:0,y:0,l:9,w:5},{x:5,y:0,l:8,w:5},{x:0,y:9,l:1,w:3},{x:9,y:8,l:2,w:1},{x:8,y:8,l:2,w:1},],
----------------------- 14 ---------------------------
canvasWidth:10,
canvasHeight:10,
data:[{x:0,y:0,l:4,w:8},{x:0,y:4,l:3,w:8},{x:3,y:7,l:3,w:7},{x:8,y:0,l:7,w:2},{x:1,y:7,l:3,w:2},],
----------------------- 15 ---------------------------
canvasWidth:10,
canvasHeight:10,
data:[{x:0,y:0,l:3,w:6},{x:1,y:3,l:3,w:5},{x:1,y:6,l:4,w:3},{x:4,y:6,l:4,w:3},{x:6,y:0,l:6,w:2},{x:0,y:3,l:7,w:1},{x:8,y:0,l:3,w:2},],
----------------------- 16 ---------------------------
canvasWidth:10,
canvasHeight:10,
data:[{x:0,y:0,l:8,w:3},],
