====================================== Class_07.2bp-10 =====================================
Reduced size: 40 usedBin: 0
[0, 19, 34]
[5, 14, 31, 38]
[2, 6]
[1, 9, 23]
[4, 8, 26, 35, 39]
[7, 20, 22, 25, 27]
[10, 11, 13, 36]
[15, 16, 24, 29, 33]
[17, 18, 21, 28, 30, 37]
[3, 12, 32]
canvasWidth:100,
canvasHeight:100,
data:[{x:0,y:0,l:66,w:81},{x:81,y:0,l:100,w:19},{x:0,y:66,l:6,w:74},],
canvasWidth:100,
canvasHeight:100,
data:[{x:0,y:0,l:68,w:61},{x:74,y:0,l:100,w:26},{x:62,y:0,l:76,w:10},{x:72,y:0,l:100,w:2},],
canvasWidth:100,
canvasHeight:100,
data:[{x:53,y:0,l:95,w:47},{x:0,y:0,l:74,w:53},],
canvasWidth:100,
canvasHeight:100,
data:[{x:0,y:0,l:96,w:49},{x:49,y:0,l:96,w:33},{x:82,y:0,l:78,w:18},],
canvasWidth:100,
canvasHeight:100,
data:[{x:0,y:0,l:88,w:49},{x:53,y:0,l:72,w:45},{x:0,y:88,l:11,w:97},{x:49,y:0,l:88,w:4},{x:98,y:0,l:72,w:1},],
canvasWidth:100,
canvasHeight:100,
data:[{x:0,y:0,l:74,w:50},{x:50,y:0,l:74,w:24},{x:0,y:74,l:19,w:77},{x:87,y:0,l:84,w:13},{x:74,y:0,l:74,w:13},],
canvasWidth:100,
canvasHeight:100,
data:[{x:0,y:0,l:94,w:33},{x:33,y:0,l:94,w:33},{x:66,y:0,l:89,w:30},{x:96,y:0,l:77,w:4},],
canvasWidth:100,
canvasHeight:100,
data:[{x:0,y:0,l:26,w:92},{x:0,y:26,l:68,w:38},{x:38,y:26,l:41,w:30},{x:92,y:0,l:97,w:8},{x:85,y:26,l:71,w:7},],
canvasWidth:100,
canvasHeight:100,
data:[{x:0,y:0,l:79,w:30},{x:58,y:3,l:96,w:22},{x:30,y:3,l:90,w:19},{x:49,y:3,l:90,w:9},{x:92,y:3,l:97,w:8},{x:30,y:0,l:3,w:70},],
canvasWidth:100,
canvasHeight:100,
data:[{x:0,y:0,l:99,w:44},{x:50,y:0,l:98,w:29},{x:44,y:0,l:99,w:6},],
Best fit used bin number: 10
Found best solution: 10 0.049

   Statrt add columnAndCut col: 10 cons: 0 cut: 0	0.11

	1 Start Add column using column generation  col: 10 cons: 0 cut: 0	0.11
			Start solve  LP :0.111
			End solve LP obj: 10.0 t: 1
	1 End Add column using column generation : 10.0 col: 10 cons: 0 cut: 0	0.112
   End add columnAndCut : 10.0 colGencnt: 1 price: 0 col: 10 cons: 0 cut: 0	0.112

Node lb: 10.0 ub: 10 : 0.112

Final Found Solution: 10 genNode: 1 extendedNode: 0:0.112
Bin size: 10000
1 : 5346,1900,444, : 7690
2 : 4148,2600,760,200, : 7708
3 : 4465,3922, : 8387
4 : 4704,3168,1404, : 9276
5 : 4312,3240,1067,352,72, : 9043
6 : 3700,1776,1463,1092,962, : 8993
7 : 3102,3102,2670,308, : 9182
8 : 2584,2392,1230,776,497, : 7479
9 : 2370,2112,1710,810,776,210, : 7988
10 : 4356,2842,594, : 7792
----------------------- 1 ---------------------------
canvasWidth:100,
canvasHeight:100,
data:[{x:0,y:0,l:66,w:81},{x:81,y:0,l:100,w:19},{x:0,y:66,l:6,w:74},],
----------------------- 2 ---------------------------
canvasWidth:100,
canvasHeight:100,
data:[{x:0,y:0,l:68,w:61},{x:74,y:0,l:100,w:26},{x:62,y:0,l:76,w:10},{x:72,y:0,l:100,w:2},],
----------------------- 3 ---------------------------
canvasWidth:100,
canvasHeight:100,
data:[{x:53,y:0,l:95,w:47},{x:0,y:0,l:74,w:53},],
----------------------- 4 ---------------------------
canvasWidth:100,
canvasHeight:100,
data:[{x:0,y:0,l:96,w:49},{x:49,y:0,l:96,w:33},{x:82,y:0,l:78,w:18},],
----------------------- 5 ---------------------------
canvasWidth:100,
canvasHeight:100,
data:[{x:0,y:0,l:88,w:49},{x:53,y:0,l:72,w:45},{x:0,y:88,l:11,w:97},{x:49,y:0,l:88,w:4},{x:98,y:0,l:72,w:1},],
----------------------- 6 ---------------------------
canvasWidth:100,
canvasHeight:100,
data:[{x:0,y:0,l:74,w:50},{x:50,y:0,l:74,w:24},{x:0,y:74,l:19,w:77},{x:87,y:0,l:84,w:13},{x:74,y:0,l:74,w:13},],
----------------------- 7 ---------------------------
canvasWidth:100,
canvasHeight:100,
data:[{x:0,y:0,l:94,w:33},{x:33,y:0,l:94,w:33},{x:66,y:0,l:89,w:30},{x:96,y:0,l:77,w:4},],
----------------------- 8 ---------------------------
canvasWidth:100,
canvasHeight:100,
data:[{x:0,y:0,l:26,w:92},{x:0,y:26,l:68,w:38},{x:38,y:26,l:41,w:30},{x:92,y:0,l:97,w:8},{x:85,y:26,l:71,w:7},],
----------------------- 9 ---------------------------
canvasWidth:100,
canvasHeight:100,
data:[{x:0,y:0,l:79,w:30},{x:58,y:3,l:96,w:22},{x:30,y:3,l:90,w:19},{x:49,y:3,l:90,w:9},{x:92,y:3,l:97,w:8},{x:30,y:0,l:3,w:70},],
----------------------- 10 ---------------------------
canvasWidth:100,
canvasHeight:100,
data:[{x:0,y:0,l:99,w:44},{x:50,y:0,l:98,w:29},{x:44,y:0,l:99,w:6},],
