====================================== Class_09.2bp-32 =====================================
Reduced size: 80 usedBin: 0
[0, 75, 77]
[1]
[2, 79]
[3, 71]
[4]
[5]
[6]
[7, 76]
[8, 64]
[9, 63]
[10, 68]
[11, 73]
[12, 65]
[13]
[14]
[15]
[16]
[17]
[18]
[19, 72]
[20]
[21]
[22]
[23]
[24, 66]
[25, 50]
[26, 69]
[27]
[28, 70]
[29]
[30]
[31]
[32]
[33]
[34, 49, 78]
[35, 74]
[36]
[37]
[39, 51]
[40]
[41]
[42]
[43, 67]
[45]
[44, 62]
[46]
[47]
[48]
[52]
[54]
[55]
[56]
[58]
[59]
[60]
[38, 57]
[53, 61]
canvasWidth:100,
canvasHeight:100,
data:[{x:0,y:0,l:98,w:90},{x:90,y:0,l:82,w:6},{x:0,y:98,l:1,w:96},],
canvasWidth:100,
canvasHeight:100,
data:[{x:0,y:0,l:89,w:99},],
canvasWidth:100,
canvasHeight:100,
data:[{x:0,y:0,l:87,w:97},{x:97,y:0,l:8,w:1},],
canvasWidth:100,
canvasHeight:100,
data:[{x:0,y:0,l:95,w:85},{x:85,y:0,l:68,w:11},],
canvasWidth:100,
canvasHeight:100,
data:[{x:0,y:0,l:92,w:87},],
canvasWidth:100,
canvasHeight:100,
data:[{x:0,y:0,l:98,w:81},],
canvasWidth:100,
canvasHeight:100,
data:[{x:0,y:0,l:90,w:88},],
canvasWidth:100,
canvasHeight:100,
data:[{x:0,y:0,l:95,w:83},{x:83,y:0,l:24,w:12},],
canvasWidth:100,
canvasHeight:100,
data:[{x:0,y:0,l:81,w:97},{x:0,y:81,l:14,w:86},],
canvasWidth:100,
canvasHeight:100,
data:[{x:0,y:0,l:78,w:99},{x:0,y:78,l:21,w:93},],
canvasWidth:100,
canvasHeight:100,
data:[{x:0,y:0,l:99,w:74},{x:74,y:0,l:37,w:24},],
canvasWidth:100,
canvasHeight:100,
data:[{x:0,y:0,l:93,w:73},{x:73,y:0,l:28,w:22},],
canvasWidth:100,
canvasHeight:100,
data:[{x:0,y:0,l:81,w:83},{x:83,y:0,l:78,w:15},],
canvasWidth:100,
canvasHeight:100,
data:[{x:0,y:0,l:79,w:83},],
canvasWidth:100,
canvasHeight:100,
data:[{x:0,y:0,l:66,w:98},],
canvasWidth:100,
canvasHeight:100,
data:[{x:0,y:0,l:74,w:87},],
canvasWidth:100,
canvasHeight:100,
data:[{x:0,y:0,l:99,w:65},],
canvasWidth:100,
canvasHeight:100,
data:[{x:0,y:0,l:80,w:79},],
canvasWidth:100,
canvasHeight:100,
data:[{x:0,y:0,l:97,w:65},],
canvasWidth:100,
canvasHeight:100,
data:[{x:0,y:0,l:100,w:63},{x:63,y:0,l:98,w:7},],
canvasWidth:100,
canvasHeight:100,
data:[{x:0,y:0,l:74,w:83},],
canvasWidth:100,
canvasHeight:100,
data:[{x:0,y:0,l:69,w:88},],
canvasWidth:100,
canvasHeight:100,
data:[{x:0,y:0,l:69,w:86},],
canvasWidth:100,
canvasHeight:100,
data:[{x:0,y:0,l:69,w:82},],
canvasWidth:100,
canvasHeight:100,
data:[{x:0,y:0,l:83,w:67},{x:67,y:0,l:38,w:28},],
canvasWidth:100,
canvasHeight:100,
data:[{x:0,y:0,l:92,w:60},{x:61,y:0,l:100,w:39},],
canvasWidth:100,
canvasHeight:100,
data:[{x:0,y:0,l:86,w:63},{x:63,y:0,l:84,w:10},],
canvasWidth:100,
canvasHeight:100,
data:[{x:0,y:0,l:65,w:82},],
canvasWidth:100,
canvasHeight:100,
data:[{x:0,y:0,l:77,w:68},{x:68,y:0,l:28,w:30},],
canvasWidth:100,
canvasHeight:100,
data:[{x:0,y:0,l:74,w:70},],
canvasWidth:100,
canvasHeight:100,
data:[{x:0,y:0,l:87,w:58},],
canvasWidth:100,
canvasHeight:100,
data:[{x:0,y:0,l:67,w:74},],
canvasWidth:100,
canvasHeight:100,
data:[{x:0,y:0,l:85,w:56},],
canvasWidth:100,
canvasHeight:100,
data:[{x:0,y:0,l:66,w:72},],
canvasWidth:100,
canvasHeight:100,
data:[{x:0,y:0,l:53,w:89},{x:0,y:53,l:40,w:98},{x:0,y:93,l:4,w:10},],
canvasWidth:100,
canvasHeight:100,
data:[{x:0,y:0,l:55,w:84},{x:0,y:55,l:8,w:73},],
canvasWidth:100,
canvasHeight:100,
data:[{x:0,y:0,l:58,w:79},],
canvasWidth:100,
canvasHeight:100,
data:[{x:0,y:0,l:52,w:88},],
canvasWidth:100,
canvasHeight:100,
data:[{x:0,y:0,l:89,w:51},{x:51,y:0,l:85,w:45},],
canvasWidth:100,
canvasHeight:100,
data:[{x:0,y:0,l:62,w:73},],
canvasWidth:100,
canvasHeight:100,
data:[{x:0,y:0,l:55,w:81},],
canvasWidth:100,
canvasHeight:100,
data:[{x:0,y:0,l:54,w:82},],
canvasWidth:100,
canvasHeight:100,
data:[{x:0,y:0,l:66,w:66},{x:66,y:0,l:28,w:33},],
canvasWidth:100,
canvasHeight:100,
data:[{x:0,y:0,l:53,w:81},],
canvasWidth:100,
canvasHeight:100,
data:[{x:0,y:0,l:81,w:53},{x:53,y:0,l:67,w:46},],
canvasWidth:100,
canvasHeight:100,
data:[{x:0,y:0,l:58,w:73},],
canvasWidth:100,
canvasHeight:100,
data:[{x:0,y:0,l:71,w:58},],
canvasWidth:100,
canvasHeight:100,
data:[{x:0,y:0,l:53,w:76},],
canvasWidth:100,
canvasHeight:100,
data:[{x:0,y:0,l:59,w:64},],
canvasWidth:100,
canvasHeight:100,
data:[{x:0,y:0,l:63,w:57},],
canvasWidth:100,
canvasHeight:100,
data:[{x:0,y:0,l:54,w:66},],
canvasWidth:100,
canvasHeight:100,
data:[{x:0,y:0,l:60,w:59},],
canvasWidth:100,
canvasHeight:100,
data:[{x:0,y:0,l:60,w:58},],
canvasWidth:100,
canvasHeight:100,
data:[{x:0,y:0,l:60,w:56},],
canvasWidth:100,
canvasHeight:100,
data:[{x:0,y:0,l:54,w:58},],
canvasWidth:100,
canvasHeight:100,
data:[{x:0,y:0,l:91,w:50},{x:50,y:0,l:70,w:50},],
canvasWidth:100,
canvasHeight:100,
data:[{x:0,y:50,l:50,w:62},{x:0,y:0,l:50,w:75},],
Best fit used bin number: 57
Found best solution: 57 0.062

   Statrt add columnAndCut col: 57 cons: 0 cut: 0	0.14

	1 Start Add column using column generation  col: 57 cons: 0 cut: 0	0.14
			Start solve  LP :0.14
			End solve LP obj: 57.0 t: 0
	1 End Add column using column generation : 57.0 col: 57 cons: 0 cut: 0	0.14
   End add columnAndCut : 57.0 colGencnt: 1 price: 0 col: 57 cons: 0 cut: 0	0.14

Node lb: 57.0 ub: 57 : 0.14

Final Found Solution: 57 genNode: 1 extendedNode: 0:0.14
Bin size: 10000
1 : 8820,492,96, : 9408
2 : 8811, : 8811
3 : 8439,8, : 8447
4 : 8075,748, : 8823
5 : 8004, : 8004
6 : 7938, : 7938
7 : 7920, : 7920
8 : 7885,288, : 8173
9 : 7857,1204, : 9061
10 : 7722,1953, : 9675
11 : 7326,888, : 8214
12 : 6789,616, : 7405
13 : 6723,1170, : 7893
14 : 6557, : 6557
15 : 6468, : 6468
16 : 6438, : 6438
17 : 6435, : 6435
18 : 6320, : 6320
19 : 6305, : 6305
20 : 6300,686, : 6986
21 : 6142, : 6142
22 : 6072, : 6072
23 : 5934, : 5934
24 : 5658, : 5658
25 : 5561,1064, : 6625
26 : 5520,3900, : 9420
27 : 5418,840, : 6258
28 : 5330, : 5330
29 : 5236,840, : 6076
30 : 5180, : 5180
31 : 5046, : 5046
32 : 4958, : 4958
33 : 4760, : 4760
34 : 4752, : 4752
35 : 4717,3920,40, : 8677
36 : 4620,584, : 5204
37 : 4582, : 4582
38 : 4576, : 4576
39 : 4539,3825, : 8364
40 : 4526, : 4526
41 : 4455, : 4455
42 : 4428, : 4428
43 : 4356,924, : 5280
44 : 4293, : 4293
45 : 4293,3082, : 7375
46 : 4234, : 4234
47 : 4118, : 4118
48 : 4028, : 4028
49 : 3776, : 3776
50 : 3591, : 3591
51 : 3564, : 3564
52 : 3540, : 3540
53 : 3480, : 3480
54 : 3360, : 3360
55 : 3132, : 3132
56 : 4550,3500, : 8050
57 : 3750,3100, : 6850
----------------------- 1 ---------------------------
canvasWidth:100,
canvasHeight:100,
data:[{x:0,y:0,l:98,w:90},{x:90,y:0,l:82,w:6},{x:0,y:98,l:1,w:96},],
----------------------- 2 ---------------------------
canvasWidth:100,
canvasHeight:100,
data:[{x:0,y:0,l:89,w:99},],
----------------------- 3 ---------------------------
canvasWidth:100,
canvasHeight:100,
data:[{x:0,y:0,l:87,w:97},{x:97,y:0,l:8,w:1},],
----------------------- 4 ---------------------------
canvasWidth:100,
canvasHeight:100,
data:[{x:0,y:0,l:95,w:85},{x:85,y:0,l:68,w:11},],
----------------------- 5 ---------------------------
canvasWidth:100,
canvasHeight:100,
data:[{x:0,y:0,l:92,w:87},],
----------------------- 6 ---------------------------
canvasWidth:100,
canvasHeight:100,
data:[{x:0,y:0,l:98,w:81},],
----------------------- 7 ---------------------------
canvasWidth:100,
canvasHeight:100,
data:[{x:0,y:0,l:90,w:88},],
----------------------- 8 ---------------------------
canvasWidth:100,
canvasHeight:100,
data:[{x:0,y:0,l:95,w:83},{x:83,y:0,l:24,w:12},],
----------------------- 9 ---------------------------
canvasWidth:100,
canvasHeight:100,
data:[{x:0,y:0,l:81,w:97},{x:0,y:81,l:14,w:86},],
----------------------- 10 ---------------------------
canvasWidth:100,
canvasHeight:100,
data:[{x:0,y:0,l:78,w:99},{x:0,y:78,l:21,w:93},],
----------------------- 11 ---------------------------
canvasWidth:100,
canvasHeight:100,
data:[{x:0,y:0,l:99,w:74},{x:74,y:0,l:37,w:24},],
----------------------- 12 ---------------------------
canvasWidth:100,
canvasHeight:100,
data:[{x:0,y:0,l:93,w:73},{x:73,y:0,l:28,w:22},],
----------------------- 13 ---------------------------
canvasWidth:100,
canvasHeight:100,
data:[{x:0,y:0,l:81,w:83},{x:83,y:0,l:78,w:15},],
----------------------- 14 ---------------------------
canvasWidth:100,
canvasHeight:100,
data:[{x:0,y:0,l:79,w:83},],
----------------------- 15 ---------------------------
canvasWidth:100,
canvasHeight:100,
data:[{x:0,y:0,l:66,w:98},],
----------------------- 16 ---------------------------
canvasWidth:100,
canvasHeight:100,
data:[{x:0,y:0,l:74,w:87},],
----------------------- 17 ---------------------------
canvasWidth:100,
canvasHeight:100,
data:[{x:0,y:0,l:99,w:65},],
----------------------- 18 ---------------------------
canvasWidth:100,
canvasHeight:100,
data:[{x:0,y:0,l:80,w:79},],
----------------------- 19 ---------------------------
canvasWidth:100,
canvasHeight:100,
data:[{x:0,y:0,l:97,w:65},],
----------------------- 20 ---------------------------
canvasWidth:100,
canvasHeight:100,
data:[{x:0,y:0,l:100,w:63},{x:63,y:0,l:98,w:7},],
----------------------- 21 ---------------------------
canvasWidth:100,
canvasHeight:100,
data:[{x:0,y:0,l:74,w:83},],
----------------------- 22 ---------------------------
canvasWidth:100,
canvasHeight:100,
data:[{x:0,y:0,l:69,w:88},],
----------------------- 23 ---------------------------
canvasWidth:100,
canvasHeight:100,
data:[{x:0,y:0,l:69,w:86},],
----------------------- 24 ---------------------------
canvasWidth:100,
canvasHeight:100,
data:[{x:0,y:0,l:69,w:82},],
----------------------- 25 ---------------------------
canvasWidth:100,
canvasHeight:100,
data:[{x:0,y:0,l:83,w:67},{x:67,y:0,l:38,w:28},],
----------------------- 26 ---------------------------
canvasWidth:100,
canvasHeight:100,
data:[{x:0,y:0,l:92,w:60},{x:61,y:0,l:100,w:39},],
----------------------- 27 ---------------------------
canvasWidth:100,
canvasHeight:100,
data:[{x:0,y:0,l:86,w:63},{x:63,y:0,l:84,w:10},],
----------------------- 28 ---------------------------
canvasWidth:100,
canvasHeight:100,
data:[{x:0,y:0,l:65,w:82},],
----------------------- 29 ---------------------------
canvasWidth:100,
canvasHeight:100,
data:[{x:0,y:0,l:77,w:68},{x:68,y:0,l:28,w:30},],
----------------------- 30 ---------------------------
canvasWidth:100,
canvasHeight:100,
data:[{x:0,y:0,l:74,w:70},],
----------------------- 31 ---------------------------
canvasWidth:100,
canvasHeight:100,
data:[{x:0,y:0,l:87,w:58},],
----------------------- 32 ---------------------------
canvasWidth:100,
canvasHeight:100,
data:[{x:0,y:0,l:67,w:74},],
----------------------- 33 ---------------------------
canvasWidth:100,
canvasHeight:100,
data:[{x:0,y:0,l:85,w:56},],
----------------------- 34 ---------------------------
canvasWidth:100,
canvasHeight:100,
data:[{x:0,y:0,l:66,w:72},],
----------------------- 35 ---------------------------
canvasWidth:100,
canvasHeight:100,
data:[{x:0,y:0,l:53,w:89},{x:0,y:53,l:40,w:98},{x:0,y:93,l:4,w:10},],
----------------------- 36 ---------------------------
canvasWidth:100,
canvasHeight:100,
data:[{x:0,y:0,l:55,w:84},{x:0,y:55,l:8,w:73},],
----------------------- 37 ---------------------------
canvasWidth:100,
canvasHeight:100,
data:[{x:0,y:0,l:58,w:79},],
----------------------- 38 ---------------------------
canvasWidth:100,
canvasHeight:100,
data:[{x:0,y:0,l:52,w:88},],
----------------------- 39 ---------------------------
canvasWidth:100,
canvasHeight:100,
data:[{x:0,y:0,l:89,w:51},{x:51,y:0,l:85,w:45},],
----------------------- 40 ---------------------------
canvasWidth:100,
canvasHeight:100,
data:[{x:0,y:0,l:62,w:73},],
----------------------- 41 ---------------------------
canvasWidth:100,
canvasHeight:100,
data:[{x:0,y:0,l:55,w:81},],
----------------------- 42 ---------------------------
canvasWidth:100,
canvasHeight:100,
data:[{x:0,y:0,l:54,w:82},],
----------------------- 43 ---------------------------
canvasWidth:100,
canvasHeight:100,
data:[{x:0,y:0,l:66,w:66},{x:66,y:0,l:28,w:33},],
----------------------- 44 ---------------------------
canvasWidth:100,
canvasHeight:100,
data:[{x:0,y:0,l:53,w:81},],
----------------------- 45 ---------------------------
canvasWidth:100,
canvasHeight:100,
data:[{x:0,y:0,l:81,w:53},{x:53,y:0,l:67,w:46},],
----------------------- 46 ---------------------------
canvasWidth:100,
canvasHeight:100,
data:[{x:0,y:0,l:58,w:73},],
----------------------- 47 ---------------------------
canvasWidth:100,
canvasHeight:100,
data:[{x:0,y:0,l:71,w:58},],
----------------------- 48 ---------------------------
canvasWidth:100,
canvasHeight:100,
data:[{x:0,y:0,l:53,w:76},],
----------------------- 49 ---------------------------
canvasWidth:100,
canvasHeight:100,
data:[{x:0,y:0,l:59,w:64},],
----------------------- 50 ---------------------------
canvasWidth:100,
canvasHeight:100,
data:[{x:0,y:0,l:63,w:57},],
----------------------- 51 ---------------------------
canvasWidth:100,
canvasHeight:100,
data:[{x:0,y:0,l:54,w:66},],
----------------------- 52 ---------------------------
canvasWidth:100,
canvasHeight:100,
data:[{x:0,y:0,l:60,w:59},],
----------------------- 53 ---------------------------
canvasWidth:100,
canvasHeight:100,
data:[{x:0,y:0,l:60,w:58},],
----------------------- 54 ---------------------------
canvasWidth:100,
canvasHeight:100,
data:[{x:0,y:0,l:60,w:56},],
----------------------- 55 ---------------------------
canvasWidth:100,
canvasHeight:100,
data:[{x:0,y:0,l:54,w:58},],
----------------------- 56 ---------------------------
canvasWidth:100,
canvasHeight:100,
data:[{x:0,y:0,l:91,w:50},{x:50,y:0,l:70,w:50},],
----------------------- 57 ---------------------------
canvasWidth:100,
canvasHeight:100,
data:[{x:0,y:50,l:50,w:62},{x:0,y:0,l:50,w:75},],
