====================================== Class_02.2bp-46 =====================================
Reduced size: 100 usedBin: 0
[0, 1, 2, 3, 4, 5, 6, 7, 8, 19, 34, 39, 44, 51, 52, 71, 95]
[9, 10, 11, 12, 13, 14, 15, 16, 17, 18, 21, 24, 29, 35, 36, 38, 43, 58, 59, 73, 74, 80, 83, 84]
[20, 22, 23, 25, 26, 27, 28, 30, 31, 32, 33, 37, 40, 41, 42, 45, 46, 47, 48, 49, 50, 53, 54, 55, 56, 57, 60, 61, 62, 64, 65, 66, 68, 70, 72, 75, 76, 77, 78, 79, 81, 82, 85, 86, 87, 88, 89, 90, 91, 93, 94, 99]
[63, 67, 69, 92, 96, 97, 98]
canvasWidth:30,
canvasHeight:30,
data:[{x:0,y:0,l:10,w:9},{x:0,y:10,l:9,w:9},{x:0,y:19,l:9,w:9},{x:9,y:0,l:9,w:9},{x:18,y:0,l:9,w:9},{x:9,y:9,l:8,w:10},{x:9,y:17,l:10,w:8},{x:17,y:17,l:10,w:8},{x:19,y:9,l:8,w:9},{x:25,y:17,l:10,w:5},{x:17,y:27,l:3,w:10},{x:27,y:0,l:9,w:3},{x:9,y:27,l:3,w:8},{x:0,y:28,l:2,w:8},{x:28,y:9,l:8,w:2},{x:27,y:27,l:3,w:3},{x:8,y:28,l:2,w:1},],
canvasWidth:30,
canvasHeight:30,
data:[{x:0,y:0,l:7,w:10},{x:10,y:0,l:7,w:10},{x:0,y:8,l:10,w:7},{x:7,y:8,l:10,w:7},{x:14,y:8,l:10,w:6},{x:0,y:18,l:7,w:8},{x:8,y:18,l:6,w:9},{x:8,y:24,l:6,w:9},{x:20,y:0,l:5,w:10},{x:20,y:8,l:10,w:5},{x:25,y:8,l:9,w:5},{x:0,y:25,l:5,w:8},{x:17,y:21,l:9,w:4},{x:20,y:5,l:3,w:10},{x:25,y:17,l:6,w:5},{x:21,y:21,l:9,w:3},{x:17,y:18,l:3,w:8},{x:28,y:23,l:7,w:2},{x:26,y:23,l:7,w:2},{x:11,y:7,l:1,w:9},{x:24,y:21,l:9,w:1},{x:25,y:23,l:7,w:1},{x:5,y:7,l:1,w:6},{x:0,y:7,l:1,w:5},],
canvasWidth:30,
canvasHeight:30,
data:[{x:0,y:0,l:8,w:6},{x:6,y:0,l:5,w:9},{x:0,y:8,l:7,w:6},{x:26,y:0,l:10,w:4},{x:0,y:15,l:6,w:6},{x:0,y:21,l:6,w:6},{x:6,y:5,l:6,w:6},{x:15,y:0,l:5,w:7},{x:26,y:10,l:8,w:4},{x:26,y:18,l:8,w:4},{x:12,y:5,l:10,w:3},{x:19,y:5,l:4,w:7},{x:6,y:17,l:9,w:3},{x:6,y:11,l:4,w:6},{x:9,y:17,l:4,w:6},{x:11,y:21,l:8,w:3},{x:15,y:17,l:4,w:5},{x:20,y:17,l:4,w:5},{x:22,y:0,l:5,w:4},{x:15,y:5,l:10,w:2},{x:19,y:9,l:6,w:3},{x:26,y:26,l:4,w:4},{x:22,y:9,l:4,w:4},{x:22,y:13,l:4,w:4},{x:0,y:27,l:3,w:5},{x:14,y:21,l:5,w:3},{x:15,y:15,l:2,w:7},{x:6,y:26,l:4,w:3},{x:22,y:22,l:6,w:2},{x:10,y:15,l:2,w:5},{x:17,y:21,l:5,w:2},{x:19,y:21,l:5,w:2},{x:17,y:5,l:10,w:1},{x:18,y:5,l:10,w:1},{x:9,y:21,l:9,w:1},{x:10,y:21,l:9,w:1},{x:14,y:26,l:4,w:2},{x:16,y:26,l:4,w:2},{x:18,y:26,l:4,w:2},{x:25,y:17,l:8,w:1},{x:24,y:22,l:7,w:1},{x:20,y:26,l:3,w:2},{x:25,y:25,l:5,w:1},{x:5,y:27,l:3,w:1},{x:6,y:15,l:1,w:4},{x:6,y:16,l:1,w:4},{x:22,y:28,l:2,w:2},{x:11,y:29,l:1,w:3},{x:22,y:21,l:1,w:3},{x:21,y:21,l:5,w:1},{x:20,y:29,l:1,w:2},{x:24,y:29,l:1,w:1},],
canvasWidth:30,
canvasHeight:30,
data:[{x:0,y:0,l:2,w:5},{x:5,y:0,l:2,w:5},{x:10,y:0,l:2,w:5},{x:16,y:0,l:3,w:1},{x:15,y:0,l:2,w:1},{x:15,y:2,l:1,w:1},{x:14,y:2,l:1,w:1},],
Best fit used bin number: 4
Found best solution: 4 0.063

   Statrt add columnAndCut col: 4 cons: 0 cut: 0	0.125

	1 Start Add column using column generation  col: 4 cons: 0 cut: 0	0.125
			Start solve  LP :0.125
			End solve LP obj: 4.0 t: 0
	1 End Add column using column generation : 4.0 col: 4 cons: 0 cut: 0	0.125
   End add columnAndCut : 4.0 colGencnt: 1 price: 0 col: 4 cons: 0 cut: 0	0.125

Node lb: 4.0 ub: 4 : 0.125

Final Found Solution: 4 genNode: 1 extendedNode: 0:0.125
Bin size: 900
1 : 90,81,81,81,81,80,80,80,72,50,30,27,24,16,16,9,2, : 900
2 : 70,70,70,70,60,56,54,54,50,50,45,40,36,30,30,27,24,14,14,9,9,7,6,5, : 900
3 : 48,45,42,40,36,36,36,35,32,32,30,28,27,24,24,24,20,20,20,20,18,16,16,16,15,15,14,12,12,10,10,10,10,10,9,9,8,8,8,8,7,6,5,5,4,4,4,3,3,3,2,1, : 900
4 : 10,10,10,3,2,1,1, : 37
----------------------- 1 ---------------------------
canvasWidth:30,
canvasHeight:30,
data:[{x:0,y:0,l:10,w:9},{x:0,y:10,l:9,w:9},{x:0,y:19,l:9,w:9},{x:9,y:0,l:9,w:9},{x:18,y:0,l:9,w:9},{x:9,y:9,l:8,w:10},{x:9,y:17,l:10,w:8},{x:17,y:17,l:10,w:8},{x:19,y:9,l:8,w:9},{x:25,y:17,l:10,w:5},{x:17,y:27,l:3,w:10},{x:27,y:0,l:9,w:3},{x:9,y:27,l:3,w:8},{x:0,y:28,l:2,w:8},{x:28,y:9,l:8,w:2},{x:27,y:27,l:3,w:3},{x:8,y:28,l:2,w:1},],
----------------------- 2 ---------------------------
canvasWidth:30,
canvasHeight:30,
data:[{x:0,y:0,l:7,w:10},{x:10,y:0,l:7,w:10},{x:0,y:8,l:10,w:7},{x:7,y:8,l:10,w:7},{x:14,y:8,l:10,w:6},{x:0,y:18,l:7,w:8},{x:8,y:18,l:6,w:9},{x:8,y:24,l:6,w:9},{x:20,y:0,l:5,w:10},{x:20,y:8,l:10,w:5},{x:25,y:8,l:9,w:5},{x:0,y:25,l:5,w:8},{x:17,y:21,l:9,w:4},{x:20,y:5,l:3,w:10},{x:25,y:17,l:6,w:5},{x:21,y:21,l:9,w:3},{x:17,y:18,l:3,w:8},{x:28,y:23,l:7,w:2},{x:26,y:23,l:7,w:2},{x:11,y:7,l:1,w:9},{x:24,y:21,l:9,w:1},{x:25,y:23,l:7,w:1},{x:5,y:7,l:1,w:6},{x:0,y:7,l:1,w:5},],
----------------------- 3 ---------------------------
canvasWidth:30,
canvasHeight:30,
data:[{x:0,y:0,l:8,w:6},{x:6,y:0,l:5,w:9},{x:0,y:8,l:7,w:6},{x:26,y:0,l:10,w:4},{x:0,y:15,l:6,w:6},{x:0,y:21,l:6,w:6},{x:6,y:5,l:6,w:6},{x:15,y:0,l:5,w:7},{x:26,y:10,l:8,w:4},{x:26,y:18,l:8,w:4},{x:12,y:5,l:10,w:3},{x:19,y:5,l:4,w:7},{x:6,y:17,l:9,w:3},{x:6,y:11,l:4,w:6},{x:9,y:17,l:4,w:6},{x:11,y:21,l:8,w:3},{x:15,y:17,l:4,w:5},{x:20,y:17,l:4,w:5},{x:22,y:0,l:5,w:4},{x:15,y:5,l:10,w:2},{x:19,y:9,l:6,w:3},{x:26,y:26,l:4,w:4},{x:22,y:9,l:4,w:4},{x:22,y:13,l:4,w:4},{x:0,y:27,l:3,w:5},{x:14,y:21,l:5,w:3},{x:15,y:15,l:2,w:7},{x:6,y:26,l:4,w:3},{x:22,y:22,l:6,w:2},{x:10,y:15,l:2,w:5},{x:17,y:21,l:5,w:2},{x:19,y:21,l:5,w:2},{x:17,y:5,l:10,w:1},{x:18,y:5,l:10,w:1},{x:9,y:21,l:9,w:1},{x:10,y:21,l:9,w:1},{x:14,y:26,l:4,w:2},{x:16,y:26,l:4,w:2},{x:18,y:26,l:4,w:2},{x:25,y:17,l:8,w:1},{x:24,y:22,l:7,w:1},{x:20,y:26,l:3,w:2},{x:25,y:25,l:5,w:1},{x:5,y:27,l:3,w:1},{x:6,y:15,l:1,w:4},{x:6,y:16,l:1,w:4},{x:22,y:28,l:2,w:2},{x:11,y:29,l:1,w:3},{x:22,y:21,l:1,w:3},{x:21,y:21,l:5,w:1},{x:20,y:29,l:1,w:2},{x:24,y:29,l:1,w:1},],
----------------------- 4 ---------------------------
canvasWidth:30,
canvasHeight:30,
data:[{x:0,y:0,l:2,w:5},{x:5,y:0,l:2,w:5},{x:10,y:0,l:2,w:5},{x:16,y:0,l:3,w:1},{x:15,y:0,l:2,w:1},{x:15,y:2,l:1,w:1},{x:14,y:2,l:1,w:1},],
