====================================== Class_10.2bp-15 =====================================
Reduced size: 40 usedBin: 0
[0, 17, 20]
[2, 8, 9, 15, 21, 24, 31, 35, 37, 38]
[1, 36, 39]
[3, 7, 12, 14, 18, 19, 22, 27, 32]
[4, 5, 16, 25, 28, 29, 34]
[6, 10, 11, 13, 23, 26, 30, 33]
canvasWidth:100,
canvasHeight:100,
data:[{x:0,y:0,l:98,w:81},{x:88,y:0,l:68,w:11},{x:81,y:0,l:98,w:7},],
canvasWidth:100,
canvasHeight:100,
data:[{x:0,y:0,l:67,w:74},{x:18,y:67,l:31,w:47},{x:74,y:0,l:49,w:25},{x:74,y:50,l:37,w:24},{x:0,y:67,l:33,w:18},{x:69,y:87,l:9,w:29},{x:65,y:67,l:31,w:4},{x:99,y:0,l:41,w:1},{x:74,y:49,l:1,w:25},{x:99,y:41,l:21,w:1},],
canvasWidth:100,
canvasHeight:100,
data:[{x:0,y:0,l:74,w:87},{x:87,y:1,l:4,w:10},{x:87,y:0,l:1,w:13},],
canvasWidth:100,
canvasHeight:100,
data:[{x:0,y:0,l:43,w:38},{x:61,y:0,l:100,w:39},{x:38,y:0,l:44,w:23},{x:31,y:69,l:30,w:30},{x:0,y:46,l:49,w:15},{x:15,y:46,l:50,w:14},{x:29,y:53,l:16,w:32},{x:38,y:44,l:9,w:23},{x:0,y:43,l:3,w:38},],
canvasWidth:100,
canvasHeight:100,
data:[{x:0,y:0,l:85,w:45},{x:45,y:0,l:67,w:46},{x:45,y:67,l:24,w:33},{x:78,y:67,l:16,w:16},{x:91,y:0,l:22,w:9},{x:0,y:85,l:5,w:34},{x:91,y:22,l:39,w:2},],
canvasWidth:100,
canvasHeight:100,
data:[{x:0,y:0,l:21,w:93},{x:0,y:21,l:38,w:28},{x:28,y:21,l:32,w:33},{x:28,y:53,l:29,w:33},{x:0,y:63,l:36,w:14},{x:93,y:0,l:35,w:7},{x:61,y:21,l:5,w:32},{x:0,y:59,l:4,w:27},],
Best fit used bin number: 6
Found best solution: 6 0.047

   Statrt add columnAndCut col: 6 cons: 0 cut: 0	0.125

	1 Start Add column using column generation  col: 6 cons: 0 cut: 0	0.125
			Start solve  LP :0.125
			End solve LP obj: 6.0 t: 0
	1 End Add column using column generation : 6.0 col: 6 cons: 0 cut: 0	0.125
   End add columnAndCut : 6.0 colGencnt: 1 price: 0 col: 6 cons: 0 cut: 0	0.125

Node lb: 6.0 ub: 6 : 0.125

Final Found Solution: 6 genNode: 1 extendedNode: 0:0.125
Bin size: 10000
1 : 7938,748,686, : 9372
2 : 4958,1457,1225,888,594,261,124,41,25,21, : 9594
3 : 6438,40,13, : 6491
4 : 3900,1634,1012,900,735,700,512,207,114, : 9714
5 : 3825,3082,792,256,198,170,78, : 8401
6 : 1953,1064,1056,957,504,245,160,108, : 6047
----------------------- 1 ---------------------------
canvasWidth:100,
canvasHeight:100,
data:[{x:0,y:0,l:98,w:81},{x:88,y:0,l:68,w:11},{x:81,y:0,l:98,w:7},],
----------------------- 2 ---------------------------
canvasWidth:100,
canvasHeight:100,
data:[{x:0,y:0,l:67,w:74},{x:18,y:67,l:31,w:47},{x:74,y:0,l:49,w:25},{x:74,y:50,l:37,w:24},{x:0,y:67,l:33,w:18},{x:69,y:87,l:9,w:29},{x:65,y:67,l:31,w:4},{x:99,y:0,l:41,w:1},{x:74,y:49,l:1,w:25},{x:99,y:41,l:21,w:1},],
----------------------- 3 ---------------------------
canvasWidth:100,
canvasHeight:100,
data:[{x:0,y:0,l:74,w:87},{x:87,y:1,l:4,w:10},{x:87,y:0,l:1,w:13},],
----------------------- 4 ---------------------------
canvasWidth:100,
canvasHeight:100,
data:[{x:0,y:0,l:43,w:38},{x:61,y:0,l:100,w:39},{x:38,y:0,l:44,w:23},{x:31,y:69,l:30,w:30},{x:0,y:46,l:49,w:15},{x:15,y:46,l:50,w:14},{x:29,y:53,l:16,w:32},{x:38,y:44,l:9,w:23},{x:0,y:43,l:3,w:38},],
----------------------- 5 ---------------------------
canvasWidth:100,
canvasHeight:100,
data:[{x:0,y:0,l:85,w:45},{x:45,y:0,l:67,w:46},{x:45,y:67,l:24,w:33},{x:78,y:67,l:16,w:16},{x:91,y:0,l:22,w:9},{x:0,y:85,l:5,w:34},{x:91,y:22,l:39,w:2},],
----------------------- 6 ---------------------------
canvasWidth:100,
canvasHeight:100,
data:[{x:0,y:0,l:21,w:93},{x:0,y:21,l:38,w:28},{x:28,y:21,l:32,w:33},{x:28,y:53,l:29,w:33},{x:0,y:63,l:36,w:14},{x:93,y:0,l:35,w:7},{x:61,y:21,l:5,w:32},{x:0,y:59,l:4,w:27},],
