====================================== Class_09.2bp-29 =====================================
Reduced size: 60 usedBin: 0
[0]
[1]
[2]
[3]
[5]
[6]
[7]
[8, 59]
[9]
[10]
[11]
[12]
[13]
[14, 57]
[15, 53]
[16, 54]
[17, 48]
[18, 47]
[19]
[20, 51]
[21]
[22, 56]
[23]
[24]
[25]
[26]
[27, 50, 55]
[28]
[29]
[30]
[31]
[32]
[33]
[34, 46, 58]
[35]
[36]
[37, 52]
[38]
[40]
[41]
[42, 49]
[43]
[39, 44]
[45]
[4]
canvasWidth:100,
canvasHeight:100,
data:[{x:0,y:0,l:100,w:89},],
canvasWidth:100,
canvasHeight:100,
data:[{x:0,y:0,l:90,w:98},],
canvasWidth:100,
canvasHeight:100,
data:[{x:0,y:0,l:89,w:98},],
canvasWidth:100,
canvasHeight:100,
data:[{x:0,y:0,l:88,w:98},],
canvasWidth:100,
canvasHeight:100,
data:[{x:0,y:0,l:89,w:94},],
canvasWidth:100,
canvasHeight:100,
data:[{x:0,y:0,l:99,w:83},],
canvasWidth:100,
canvasHeight:100,
data:[{x:0,y:0,l:94,w:87},],
canvasWidth:100,
canvasHeight:100,
data:[{x:0,y:0,l:100,w:76},{x:76,y:0,l:7,w:11},],
canvasWidth:100,
canvasHeight:100,
data:[{x:0,y:0,l:87,w:85},],
canvasWidth:100,
canvasHeight:100,
data:[{x:0,y:0,l:78,w:92},],
canvasWidth:100,
canvasHeight:100,
data:[{x:0,y:0,l:77,w:92},],
canvasWidth:100,
canvasHeight:100,
data:[{x:0,y:0,l:85,w:83},],
canvasWidth:100,
canvasHeight:100,
data:[{x:0,y:0,l:79,w:86},],
canvasWidth:100,
canvasHeight:100,
data:[{x:0,y:0,l:95,w:69},{x:69,y:0,l:31,w:14},],
canvasWidth:100,
canvasHeight:100,
data:[{x:0,y:0,l:99,w:65},{x:65,y:0,l:46,w:35},],
canvasWidth:100,
canvasHeight:100,
data:[{x:0,y:0,l:68,w:94},{x:0,y:68,l:18,w:75},],
canvasWidth:100,
canvasHeight:100,
data:[{x:0,y:0,l:64,w:92},{x:0,y:64,l:32,w:69},],
canvasWidth:100,
canvasHeight:100,
data:[{x:0,y:0,l:63,w:93},{x:0,y:63,l:30,w:77},],
canvasWidth:100,
canvasHeight:100,
data:[{x:0,y:0,l:79,w:74},],
canvasWidth:100,
canvasHeight:100,
data:[{x:0,y:0,l:90,w:64},{x:82,y:0,l:100,w:18},],
canvasWidth:100,
canvasHeight:100,
data:[{x:0,y:0,l:74,w:74},],
canvasWidth:100,
canvasHeight:100,
data:[{x:0,y:0,l:57,w:95},{x:0,y:57,l:11,w:69},],
canvasWidth:100,
canvasHeight:100,
data:[{x:0,y:0,l:82,w:66},],
canvasWidth:100,
canvasHeight:100,
data:[{x:0,y:0,l:61,w:88},],
canvasWidth:100,
canvasHeight:100,
data:[{x:0,y:0,l:62,w:86},],
canvasWidth:100,
canvasHeight:100,
data:[{x:0,y:0,l:71,w:74},],
canvasWidth:100,
canvasHeight:100,
data:[{x:0,y:0,l:53,w:99},{x:0,y:65,l:24,w:85},{x:0,y:53,l:12,w:85},],
canvasWidth:100,
canvasHeight:100,
data:[{x:0,y:0,l:68,w:77},],
canvasWidth:100,
canvasHeight:100,
data:[{x:0,y:0,l:78,w:65},],
canvasWidth:100,
canvasHeight:100,
data:[{x:0,y:0,l:64,w:79},],
canvasWidth:100,
canvasHeight:100,
data:[{x:0,y:0,l:79,w:63},],
canvasWidth:100,
canvasHeight:100,
data:[{x:0,y:0,l:63,w:78},],
canvasWidth:100,
canvasHeight:100,
data:[{x:0,y:0,l:70,w:70},],
canvasWidth:100,
canvasHeight:100,
data:[{x:0,y:51,l:1,w:99},{x:0,y:0,l:51,w:90},{x:0,y:52,l:27,w:97},],
canvasWidth:100,
canvasHeight:100,
data:[{x:0,y:0,l:65,w:69},],
canvasWidth:100,
canvasHeight:100,
data:[{x:0,y:0,l:52,w:81},],
canvasWidth:100,
canvasHeight:100,
data:[{x:0,y:0,l:76,w:55},{x:55,y:0,l:45,w:39},],
canvasWidth:100,
canvasHeight:100,
data:[{x:0,y:0,l:62,w:65},],
canvasWidth:100,
canvasHeight:100,
data:[{x:0,y:0,l:56,w:70},],
canvasWidth:100,
canvasHeight:100,
data:[{x:0,y:0,l:70,w:55},],
canvasWidth:100,
canvasHeight:100,
data:[{x:0,y:0,l:71,w:54},{x:54,y:0,l:47,w:46},],
canvasWidth:100,
canvasHeight:100,
data:[{x:0,y:0,l:58,w:65},],
canvasWidth:100,
canvasHeight:100,
data:[{x:53,y:0,l:85,w:47},{x:0,y:0,l:60,w:53},],
canvasWidth:100,
canvasHeight:100,
data:[{x:0,y:0,l:55,w:52},],
canvasWidth:100,
canvasHeight:100,
data:[{x:0,y:0,l:98,w:86},],
Best fit used bin number: 45
Found best solution: 45 0.061

   Statrt add columnAndCut col: 45 cons: 0 cut: 0	0.144

	1 Start Add column using column generation  col: 45 cons: 0 cut: 0	0.144
			Start solve  LP :0.145
			End solve LP obj: 45.0 t: 1
	1 End Add column using column generation : 45.0 col: 45 cons: 0 cut: 0	0.147
   End add columnAndCut : 45.0 colGencnt: 1 price: 0 col: 45 cons: 0 cut: 0	0.147

Node lb: 45.0 ub: 45 : 0.147

Final Found Solution: 45 genNode: 1 extendedNode: 0:0.147
Bin size: 10000
1 : 8900, : 8900
2 : 8820, : 8820
3 : 8722, : 8722
4 : 8624, : 8624
5 : 8366, : 8366
6 : 8217, : 8217
7 : 8178, : 8178
8 : 7600,77, : 7677
9 : 7395, : 7395
10 : 7176, : 7176
11 : 7084, : 7084
12 : 7055, : 7055
13 : 6794, : 6794
14 : 6555,434, : 6989
15 : 6435,1610, : 8045
16 : 6392,1350, : 7742
17 : 5888,2208, : 8096
18 : 5859,2310, : 8169
19 : 5846, : 5846
20 : 5760,1800, : 7560
21 : 5476, : 5476
22 : 5415,759, : 6174
23 : 5412, : 5412
24 : 5368, : 5368
25 : 5332, : 5332
26 : 5254, : 5254
27 : 5247,2040,1020, : 8307
28 : 5236, : 5236
29 : 5070, : 5070
30 : 5056, : 5056
31 : 4977, : 4977
32 : 4914, : 4914
33 : 4900, : 4900
34 : 4590,2619,99, : 7308
35 : 4485, : 4485
36 : 4212, : 4212
37 : 4180,1755, : 5935
38 : 4030, : 4030
39 : 3920, : 3920
40 : 3850, : 3850
41 : 3834,2162, : 5996
42 : 3770, : 3770
43 : 3995,3180, : 7175
44 : 2860, : 2860
45 : 8428, : 8428
----------------------- 1 ---------------------------
canvasWidth:100,
canvasHeight:100,
data:[{x:0,y:0,l:100,w:89},],
----------------------- 2 ---------------------------
canvasWidth:100,
canvasHeight:100,
data:[{x:0,y:0,l:90,w:98},],
----------------------- 3 ---------------------------
canvasWidth:100,
canvasHeight:100,
data:[{x:0,y:0,l:89,w:98},],
----------------------- 4 ---------------------------
canvasWidth:100,
canvasHeight:100,
data:[{x:0,y:0,l:88,w:98},],
----------------------- 5 ---------------------------
canvasWidth:100,
canvasHeight:100,
data:[{x:0,y:0,l:89,w:94},],
----------------------- 6 ---------------------------
canvasWidth:100,
canvasHeight:100,
data:[{x:0,y:0,l:99,w:83},],
----------------------- 7 ---------------------------
canvasWidth:100,
canvasHeight:100,
data:[{x:0,y:0,l:94,w:87},],
----------------------- 8 ---------------------------
canvasWidth:100,
canvasHeight:100,
data:[{x:0,y:0,l:100,w:76},{x:76,y:0,l:7,w:11},],
----------------------- 9 ---------------------------
canvasWidth:100,
canvasHeight:100,
data:[{x:0,y:0,l:87,w:85},],
----------------------- 10 ---------------------------
canvasWidth:100,
canvasHeight:100,
data:[{x:0,y:0,l:78,w:92},],
----------------------- 11 ---------------------------
canvasWidth:100,
canvasHeight:100,
data:[{x:0,y:0,l:77,w:92},],
----------------------- 12 ---------------------------
canvasWidth:100,
canvasHeight:100,
data:[{x:0,y:0,l:85,w:83},],
----------------------- 13 ---------------------------
canvasWidth:100,
canvasHeight:100,
data:[{x:0,y:0,l:79,w:86},],
----------------------- 14 ---------------------------
canvasWidth:100,
canvasHeight:100,
data:[{x:0,y:0,l:95,w:69},{x:69,y:0,l:31,w:14},],
----------------------- 15 ---------------------------
canvasWidth:100,
canvasHeight:100,
data:[{x:0,y:0,l:99,w:65},{x:65,y:0,l:46,w:35},],
----------------------- 16 ---------------------------
canvasWidth:100,
canvasHeight:100,
data:[{x:0,y:0,l:68,w:94},{x:0,y:68,l:18,w:75},],
----------------------- 17 ---------------------------
canvasWidth:100,
canvasHeight:100,
data:[{x:0,y:0,l:64,w:92},{x:0,y:64,l:32,w:69},],
----------------------- 18 ---------------------------
canvasWidth:100,
canvasHeight:100,
data:[{x:0,y:0,l:63,w:93},{x:0,y:63,l:30,w:77},],
----------------------- 19 ---------------------------
canvasWidth:100,
canvasHeight:100,
data:[{x:0,y:0,l:79,w:74},],
----------------------- 20 ---------------------------
canvasWidth:100,
canvasHeight:100,
data:[{x:0,y:0,l:90,w:64},{x:82,y:0,l:100,w:18},],
----------------------- 21 ---------------------------
canvasWidth:100,
canvasHeight:100,
data:[{x:0,y:0,l:74,w:74},],
----------------------- 22 ---------------------------
canvasWidth:100,
canvasHeight:100,
data:[{x:0,y:0,l:57,w:95},{x:0,y:57,l:11,w:69},],
----------------------- 23 ---------------------------
canvasWidth:100,
canvasHeight:100,
data:[{x:0,y:0,l:82,w:66},],
----------------------- 24 ---------------------------
canvasWidth:100,
canvasHeight:100,
data:[{x:0,y:0,l:61,w:88},],
----------------------- 25 ---------------------------
canvasWidth:100,
canvasHeight:100,
data:[{x:0,y:0,l:62,w:86},],
----------------------- 26 ---------------------------
canvasWidth:100,
canvasHeight:100,
data:[{x:0,y:0,l:71,w:74},],
----------------------- 27 ---------------------------
canvasWidth:100,
canvasHeight:100,
data:[{x:0,y:0,l:53,w:99},{x:0,y:65,l:24,w:85},{x:0,y:53,l:12,w:85},],
----------------------- 28 ---------------------------
canvasWidth:100,
canvasHeight:100,
data:[{x:0,y:0,l:68,w:77},],
----------------------- 29 ---------------------------
canvasWidth:100,
canvasHeight:100,
data:[{x:0,y:0,l:78,w:65},],
----------------------- 30 ---------------------------
canvasWidth:100,
canvasHeight:100,
data:[{x:0,y:0,l:64,w:79},],
----------------------- 31 ---------------------------
canvasWidth:100,
canvasHeight:100,
data:[{x:0,y:0,l:79,w:63},],
----------------------- 32 ---------------------------
canvasWidth:100,
canvasHeight:100,
data:[{x:0,y:0,l:63,w:78},],
----------------------- 33 ---------------------------
canvasWidth:100,
canvasHeight:100,
data:[{x:0,y:0,l:70,w:70},],
----------------------- 34 ---------------------------
canvasWidth:100,
canvasHeight:100,
data:[{x:0,y:51,l:1,w:99},{x:0,y:0,l:51,w:90},{x:0,y:52,l:27,w:97},],
----------------------- 35 ---------------------------
canvasWidth:100,
canvasHeight:100,
data:[{x:0,y:0,l:65,w:69},],
----------------------- 36 ---------------------------
canvasWidth:100,
canvasHeight:100,
data:[{x:0,y:0,l:52,w:81},],
----------------------- 37 ---------------------------
canvasWidth:100,
canvasHeight:100,
data:[{x:0,y:0,l:76,w:55},{x:55,y:0,l:45,w:39},],
----------------------- 38 ---------------------------
canvasWidth:100,
canvasHeight:100,
data:[{x:0,y:0,l:62,w:65},],
----------------------- 39 ---------------------------
canvasWidth:100,
canvasHeight:100,
data:[{x:0,y:0,l:56,w:70},],
----------------------- 40 ---------------------------
canvasWidth:100,
canvasHeight:100,
data:[{x:0,y:0,l:70,w:55},],
----------------------- 41 ---------------------------
canvasWidth:100,
canvasHeight:100,
data:[{x:0,y:0,l:71,w:54},{x:54,y:0,l:47,w:46},],
----------------------- 42 ---------------------------
canvasWidth:100,
canvasHeight:100,
data:[{x:0,y:0,l:58,w:65},],
----------------------- 43 ---------------------------
canvasWidth:100,
canvasHeight:100,
data:[{x:53,y:0,l:85,w:47},{x:0,y:0,l:60,w:53},],
----------------------- 44 ---------------------------
canvasWidth:100,
canvasHeight:100,
data:[{x:0,y:0,l:55,w:52},],
----------------------- 45 ---------------------------
canvasWidth:100,
canvasHeight:100,
data:[{x:0,y:0,l:98,w:86},],
