====================================== Class_03.2bp-38 =====================================
Reduced size: 80 usedBin: 0
[2, 54, 57, 62]
[3, 53, 56, 64, 68, 79]
[5, 42]
[9, 30, 44, 77]
[10, 16, 65, 73, 75]
[6, 32, 43]
[12, 33, 35]
[1, 38, 66]
[17, 18, 34]
[0, 49, 58, 67]
[4, 52, 55]
[21, 22, 40, 74]
[24, 27, 48, 69]
[7, 39, 45, 61, 76]
[14, 25, 36]
[8, 41, 51, 71, 72]
[11, 19, 78]
[13, 15, 70]
[23, 29, 37, 63]
[26, 28, 47, 59]
[20, 31, 46, 50, 60]
canvasWidth:40,
canvasHeight:40,
data:[{x:33,y:0,l:20,w:7},{x:0,y:0,l:32,w:33},{x:0,y:32,l:8,w:23},{x:33,y:20,l:19,w:5},],
canvasWidth:40,
canvasHeight:40,
data:[{x:0,y:0,l:32,w:29},{x:29,y:0,l:8,w:11},{x:29,y:8,l:31,w:7},{x:8,y:32,l:7,w:21},{x:36,y:8,l:12,w:4},{x:36,y:20,l:2,w:4},],
canvasWidth:40,
canvasHeight:40,
data:[{x:0,y:0,l:34,w:27},{x:27,y:0,l:24,w:12},],
canvasWidth:40,
canvasHeight:40,
data:[{x:0,y:0,l:31,w:24},{x:24,y:0,l:29,w:14},{x:0,y:31,l:9,w:31},{x:38,y:0,l:6,w:2},],
canvasWidth:40,
canvasHeight:40,
data:[{x:0,y:0,l:33,w:22},{x:22,y:0,l:34,w:18},{x:22,y:34,l:4,w:18},{x:26,y:38,l:2,w:14},{x:0,y:33,l:1,w:22},],
canvasWidth:40,
canvasHeight:40,
data:[{x:28,y:0,l:32,w:12},{x:0,y:0,l:32,w:28},{x:5,y:32,l:8,w:35},],
canvasWidth:40,
canvasHeight:40,
data:[{x:0,y:0,l:23,w:30},{x:0,y:23,l:14,w:27},{x:30,y:0,l:35,w:10},],
canvasWidth:40,
canvasHeight:40,
data:[{x:0,y:0,l:35,w:31},{x:31,y:0,l:35,w:9},{x:0,y:35,l:2,w:35},],
canvasWidth:40,
canvasHeight:40,
data:[{x:21,y:0,l:29,w:19},{x:0,y:0,l:29,w:21},{x:6,y:29,l:11,w:34},],
canvasWidth:40,
canvasHeight:40,
data:[{x:0,y:0,l:34,w:33},{x:33,y:0,l:35,w:7},{x:0,y:34,l:4,w:33},{x:0,y:38,l:2,w:30},],
canvasWidth:40,
canvasHeight:40,
data:[{x:0,y:0,l:32,w:29},{x:29,y:0,l:24,w:7},{x:0,y:32,l:8,w:29},],
canvasWidth:40,
canvasHeight:40,
data:[{x:0,y:0,l:23,w:23},{x:23,y:0,l:33,w:16},{x:0,y:23,l:14,w:22},{x:39,y:0,l:27,w:1},],
canvasWidth:40,
canvasHeight:40,
data:[{x:21,y:0,l:35,w:15},{x:0,y:0,l:23,w:21},{x:0,y:23,l:13,w:20},{x:0,y:36,l:4,w:9},],
canvasWidth:40,
canvasHeight:40,
data:[{x:0,y:0,l:29,w:29},{x:0,y:29,l:11,w:28},{x:29,y:0,l:9,w:11},{x:29,y:9,l:30,w:9},{x:38,y:9,l:15,w:1},],
canvasWidth:40,
canvasHeight:40,
data:[{x:21,y:0,l:29,w:18},{x:0,y:30,l:10,w:34},{x:0,y:0,l:30,w:21},],
canvasWidth:40,
canvasHeight:40,
data:[{x:0,y:25,l:15,w:2},{x:2,y:25,l:15,w:20},{x:22,y:25,l:14,w:17},{x:0,y:0,l:25,w:33},{x:39,y:0,l:32,w:1},],
canvasWidth:40,
canvasHeight:40,
data:[{x:0,y:22,l:18,w:30},{x:0,y:0,l:22,w:32},{x:32,y:0,l:5,w:2},],
canvasWidth:40,
canvasHeight:40,
data:[{x:0,y:0,l:20,w:32},{x:0,y:20,l:20,w:31},{x:32,y:0,l:4,w:8},],
canvasWidth:40,
canvasHeight:40,
data:[{x:0,y:0,l:16,w:33},{x:0,y:16,l:22,w:19},{x:19,y:16,l:21,w:15},{x:34,y:0,l:15,w:6},],
canvasWidth:40,
canvasHeight:40,
data:[{x:0,y:0,l:33,w:15},{x:15,y:0,l:27,w:16},{x:15,y:27,l:13,w:20},{x:35,y:0,l:22,w:5},],
canvasWidth:40,
canvasHeight:40,
data:[{x:0,y:0,l:28,w:19},{x:19,y:0,l:23,w:17},{x:0,y:28,l:12,w:22},{x:22,y:23,l:16,w:15},{x:37,y:0,l:34,w:3},],
Best fit used bin number: 21
Found best solution: 21 0.078

   Statrt add columnAndCut col: 21 cons: 0 cut: 0	0.157

	1 Start Add column using column generation  col: 21 cons: 0 cut: 0	0.157
			Start solve  LP :0.157
			End solve LP obj: 21.0 t: 0
	1 End Add column using column generation : 21.0 col: 21 cons: 0 cut: 0	0.157
   End add columnAndCut : 21.0 colGencnt: 1 price: 0 col: 21 cons: 0 cut: 0	0.157

Node lb: 21.0 ub: 21 : 0.157

Final Found Solution: 21 genNode: 1 extendedNode: 0:0.157
Bin size: 1600
1 : 1056,184,140,95, : 1475
2 : 928,217,147,88,48,8, : 1436
3 : 918,288, : 1206
4 : 744,406,279,12, : 1441
5 : 726,612,72,28,22, : 1460
6 : 896,384,280, : 1560
7 : 690,378,350, : 1418
8 : 1085,315,70, : 1470
9 : 609,551,374, : 1534
10 : 1122,245,132,60, : 1559
11 : 928,232,168, : 1328
12 : 529,528,308,27, : 1392
13 : 525,483,260,36, : 1304
14 : 841,308,270,99,15, : 1533
15 : 630,522,340, : 1492
16 : 825,300,238,32,30, : 1425
17 : 704,540,10, : 1254
18 : 640,620,32, : 1292
19 : 528,418,315,90, : 1351
20 : 495,432,260,110, : 1297
21 : 532,391,264,240,102, : 1529
----------------------- 1 ---------------------------
canvasWidth:40,
canvasHeight:40,
data:[{x:33,y:0,l:20,w:7},{x:0,y:0,l:32,w:33},{x:0,y:32,l:8,w:23},{x:33,y:20,l:19,w:5},],
----------------------- 2 ---------------------------
canvasWidth:40,
canvasHeight:40,
data:[{x:0,y:0,l:32,w:29},{x:29,y:0,l:8,w:11},{x:29,y:8,l:31,w:7},{x:8,y:32,l:7,w:21},{x:36,y:8,l:12,w:4},{x:36,y:20,l:2,w:4},],
----------------------- 3 ---------------------------
canvasWidth:40,
canvasHeight:40,
data:[{x:0,y:0,l:34,w:27},{x:27,y:0,l:24,w:12},],
----------------------- 4 ---------------------------
canvasWidth:40,
canvasHeight:40,
data:[{x:0,y:0,l:31,w:24},{x:24,y:0,l:29,w:14},{x:0,y:31,l:9,w:31},{x:38,y:0,l:6,w:2},],
----------------------- 5 ---------------------------
canvasWidth:40,
canvasHeight:40,
data:[{x:0,y:0,l:33,w:22},{x:22,y:0,l:34,w:18},{x:22,y:34,l:4,w:18},{x:26,y:38,l:2,w:14},{x:0,y:33,l:1,w:22},],
----------------------- 6 ---------------------------
canvasWidth:40,
canvasHeight:40,
data:[{x:28,y:0,l:32,w:12},{x:0,y:0,l:32,w:28},{x:5,y:32,l:8,w:35},],
----------------------- 7 ---------------------------
canvasWidth:40,
canvasHeight:40,
data:[{x:0,y:0,l:23,w:30},{x:0,y:23,l:14,w:27},{x:30,y:0,l:35,w:10},],
----------------------- 8 ---------------------------
canvasWidth:40,
canvasHeight:40,
data:[{x:0,y:0,l:35,w:31},{x:31,y:0,l:35,w:9},{x:0,y:35,l:2,w:35},],
----------------------- 9 ---------------------------
canvasWidth:40,
canvasHeight:40,
data:[{x:21,y:0,l:29,w:19},{x:0,y:0,l:29,w:21},{x:6,y:29,l:11,w:34},],
----------------------- 10 ---------------------------
canvasWidth:40,
canvasHeight:40,
data:[{x:0,y:0,l:34,w:33},{x:33,y:0,l:35,w:7},{x:0,y:34,l:4,w:33},{x:0,y:38,l:2,w:30},],
----------------------- 11 ---------------------------
canvasWidth:40,
canvasHeight:40,
data:[{x:0,y:0,l:32,w:29},{x:29,y:0,l:24,w:7},{x:0,y:32,l:8,w:29},],
----------------------- 12 ---------------------------
canvasWidth:40,
canvasHeight:40,
data:[{x:0,y:0,l:23,w:23},{x:23,y:0,l:33,w:16},{x:0,y:23,l:14,w:22},{x:39,y:0,l:27,w:1},],
----------------------- 13 ---------------------------
canvasWidth:40,
canvasHeight:40,
data:[{x:21,y:0,l:35,w:15},{x:0,y:0,l:23,w:21},{x:0,y:23,l:13,w:20},{x:0,y:36,l:4,w:9},],
----------------------- 14 ---------------------------
canvasWidth:40,
canvasHeight:40,
data:[{x:0,y:0,l:29,w:29},{x:0,y:29,l:11,w:28},{x:29,y:0,l:9,w:11},{x:29,y:9,l:30,w:9},{x:38,y:9,l:15,w:1},],
----------------------- 15 ---------------------------
canvasWidth:40,
canvasHeight:40,
data:[{x:21,y:0,l:29,w:18},{x:0,y:30,l:10,w:34},{x:0,y:0,l:30,w:21},],
----------------------- 16 ---------------------------
canvasWidth:40,
canvasHeight:40,
data:[{x:0,y:25,l:15,w:2},{x:2,y:25,l:15,w:20},{x:22,y:25,l:14,w:17},{x:0,y:0,l:25,w:33},{x:39,y:0,l:32,w:1},],
----------------------- 17 ---------------------------
canvasWidth:40,
canvasHeight:40,
data:[{x:0,y:22,l:18,w:30},{x:0,y:0,l:22,w:32},{x:32,y:0,l:5,w:2},],
----------------------- 18 ---------------------------
canvasWidth:40,
canvasHeight:40,
data:[{x:0,y:0,l:20,w:32},{x:0,y:20,l:20,w:31},{x:32,y:0,l:4,w:8},],
----------------------- 19 ---------------------------
canvasWidth:40,
canvasHeight:40,
data:[{x:0,y:0,l:16,w:33},{x:0,y:16,l:22,w:19},{x:19,y:16,l:21,w:15},{x:34,y:0,l:15,w:6},],
----------------------- 20 ---------------------------
canvasWidth:40,
canvasHeight:40,
data:[{x:0,y:0,l:33,w:15},{x:15,y:0,l:27,w:16},{x:15,y:27,l:13,w:20},{x:35,y:0,l:22,w:5},],
----------------------- 21 ---------------------------
canvasWidth:40,
canvasHeight:40,
data:[{x:0,y:0,l:28,w:19},{x:19,y:0,l:23,w:17},{x:0,y:28,l:12,w:22},{x:22,y:23,l:16,w:15},{x:37,y:0,l:34,w:3},],
