====================================== Class_06.2bp-32 =====================================
Reduced size: 80 usedBin: 0
[0, 2, 3, 4, 5, 18, 20, 21, 27, 28, 29, 33, 38, 41, 43, 45, 46, 48, 52, 55, 57, 60, 62, 66, 67, 68, 69, 74, 75]
[6, 7, 8, 9, 10, 11, 12, 13, 14, 15, 16, 17, 25, 30, 31, 40, 47, 50, 54, 56, 58, 59, 61, 63, 64, 71, 73, 77, 78, 79]
[1, 19, 22, 23, 24, 26, 32, 34, 35, 36, 37, 39, 42, 44, 49, 51, 53, 65, 70, 72, 76]
canvasWidth:300,
canvasHeight:300,
data:[{x:0,y:0,l:96,w:96},{x:96,y:0,l:28,w:7},{x:177,y:0,l:88,w:90},{x:0,y:96,l:100,w:77},{x:96,y:49,l:87,w:81},{x:0,y:196,l:85,w:75},{x:126,y:136,l:71,w:55},{x:181,y:177,l:65,w:57},{x:103,y:0,l:49,w:74},{x:177,y:88,l:48,w:65},{x:77,y:219,l:67,w:46},{x:136,y:207,l:64,w:45},{x:181,y:136,l:41,w:61},{x:77,y:147,l:72,w:28},{x:105,y:136,l:83,w:21},{x:242,y:88,l:80,w:20},{x:181,y:242,l:25,w:57},{x:267,y:0,l:87,w:16},{x:285,y:55,l:77,w:15},{x:283,y:0,l:55,w:17},{x:123,y:271,l:10,w:58},{x:0,y:281,l:19,w:28},{x:77,y:96,l:21,w:19},{x:77,y:126,l:21,w:18},{x:75,y:196,l:90,w:2},{x:77,y:117,l:9,w:17},{x:96,y:28,l:21,w:7},{x:95,y:136,l:11,w:10},{x:55,y:281,l:5,w:20},],
canvasWidth:300,
canvasHeight:300,
data:[{x:0,y:0,l:62,w:93},{x:101,y:0,l:57,w:98},{x:199,y:0,l:57,w:98},{x:0,y:62,l:56,w:95},{x:154,y:62,l:68,w:78},{x:0,y:118,l:77,w:66},{x:0,y:195,l:48,w:98},{x:154,y:130,l:60,w:78},{x:0,y:243,l:53,w:83},{x:107,y:118,l:91,w:47},{x:154,y:190,l:63,w:65},{x:108,y:209,l:87,w:46},{x:66,y:118,l:77,w:41},{x:95,y:62,l:56,w:49},{x:232,y:116,l:99,w:27},{x:232,y:62,l:54,w:36},{x:219,y:190,l:93,w:13},{x:268,y:57,l:36,w:30},{x:154,y:253,l:43,w:17},{x:144,y:62,l:56,w:10},{x:93,y:0,l:62,w:8},{x:101,y:57,l:5,w:91},{x:192,y:57,l:5,w:76},{x:98,y:195,l:37,w:8},{x:0,y:296,l:4,w:65},{x:298,y:21,l:71,w:2},{x:298,y:92,l:64,w:2},{x:297,y:0,l:21,w:3},{x:107,y:209,l:31,w:1},{x:107,y:240,l:16,w:1},],
canvasWidth:300,
canvasHeight:300,
data:[{x:0,y:0,l:51,w:74},{x:74,y:0,l:59,w:59},{x:133,y:0,l:58,w:60},{x:193,y:0,l:49,w:69},{x:193,y:49,l:46,w:68},{x:0,y:51,l:64,w:41},{x:219,y:213,l:30,w:81},{x:133,y:58,l:66,w:35},{x:41,y:137,l:30,w:76},{x:0,y:115,l:50,w:41},{x:191,y:95,l:31,w:64},{x:84,y:59,l:34,w:49},{x:168,y:65,l:63,w:23},{x:262,y:0,l:32,w:34},{x:41,y:58,l:70,w:14},{x:74,y:59,l:78,w:10},{x:41,y:51,l:7,w:32},{x:203,y:126,l:87,w:97},{x:84,y:125,l:2,w:72},{x:168,y:58,l:7,w:20},{x:84,y:124,l:1,w:72},],
Best fit used bin number: 3
Found best solution: 3 0.079

   Statrt add columnAndCut col: 3 cons: 0 cut: 0	0.141

	1 Start Add column using column generation  col: 3 cons: 0 cut: 0	0.141
			Start solve  LP :0.141
			End solve LP obj: 3.0 t: 0
	1 End Add column using column generation : 3.0 col: 3 cons: 0 cut: 0	0.141
   End add columnAndCut : 3.0 colGencnt: 1 price: 0 col: 3 cons: 0 cut: 0	0.141

Node lb: 3.0 ub: 3 : 0.141

Final Found Solution: 3 genNode: 1 extendedNode: 0:0.141
Bin size: 90000
1 : 9216,7920,7700,7047,6375,3905,3705,3626,3120,3082,2880,2501,2016,1743,1600,1425,1392,1155,935,580,532,399,378,196,180,153,147,110,100, : 74118
2 : 5766,5586,5586,5320,5304,5082,4704,4680,4399,4277,4095,4002,3157,2744,2673,1944,1209,1080,731,560,496,455,380,296,260,142,128,63,31,16, : 75166
3 : 8439,3774,3481,3480,3381,3128,2624,2430,2310,2280,2050,1984,1666,1449,1088,980,780,224,144,140,72, : 45904
----------------------- 1 ---------------------------
canvasWidth:300,
canvasHeight:300,
data:[{x:0,y:0,l:96,w:96},{x:96,y:0,l:28,w:7},{x:177,y:0,l:88,w:90},{x:0,y:96,l:100,w:77},{x:96,y:49,l:87,w:81},{x:0,y:196,l:85,w:75},{x:126,y:136,l:71,w:55},{x:181,y:177,l:65,w:57},{x:103,y:0,l:49,w:74},{x:177,y:88,l:48,w:65},{x:77,y:219,l:67,w:46},{x:136,y:207,l:64,w:45},{x:181,y:136,l:41,w:61},{x:77,y:147,l:72,w:28},{x:105,y:136,l:83,w:21},{x:242,y:88,l:80,w:20},{x:181,y:242,l:25,w:57},{x:267,y:0,l:87,w:16},{x:285,y:55,l:77,w:15},{x:283,y:0,l:55,w:17},{x:123,y:271,l:10,w:58},{x:0,y:281,l:19,w:28},{x:77,y:96,l:21,w:19},{x:77,y:126,l:21,w:18},{x:75,y:196,l:90,w:2},{x:77,y:117,l:9,w:17},{x:96,y:28,l:21,w:7},{x:95,y:136,l:11,w:10},{x:55,y:281,l:5,w:20},],
----------------------- 2 ---------------------------
canvasWidth:300,
canvasHeight:300,
data:[{x:0,y:0,l:62,w:93},{x:101,y:0,l:57,w:98},{x:199,y:0,l:57,w:98},{x:0,y:62,l:56,w:95},{x:154,y:62,l:68,w:78},{x:0,y:118,l:77,w:66},{x:0,y:195,l:48,w:98},{x:154,y:130,l:60,w:78},{x:0,y:243,l:53,w:83},{x:107,y:118,l:91,w:47},{x:154,y:190,l:63,w:65},{x:108,y:209,l:87,w:46},{x:66,y:118,l:77,w:41},{x:95,y:62,l:56,w:49},{x:232,y:116,l:99,w:27},{x:232,y:62,l:54,w:36},{x:219,y:190,l:93,w:13},{x:268,y:57,l:36,w:30},{x:154,y:253,l:43,w:17},{x:144,y:62,l:56,w:10},{x:93,y:0,l:62,w:8},{x:101,y:57,l:5,w:91},{x:192,y:57,l:5,w:76},{x:98,y:195,l:37,w:8},{x:0,y:296,l:4,w:65},{x:298,y:21,l:71,w:2},{x:298,y:92,l:64,w:2},{x:297,y:0,l:21,w:3},{x:107,y:209,l:31,w:1},{x:107,y:240,l:16,w:1},],
----------------------- 3 ---------------------------
canvasWidth:300,
canvasHeight:300,
data:[{x:0,y:0,l:51,w:74},{x:74,y:0,l:59,w:59},{x:133,y:0,l:58,w:60},{x:193,y:0,l:49,w:69},{x:193,y:49,l:46,w:68},{x:0,y:51,l:64,w:41},{x:219,y:213,l:30,w:81},{x:133,y:58,l:66,w:35},{x:41,y:137,l:30,w:76},{x:0,y:115,l:50,w:41},{x:191,y:95,l:31,w:64},{x:84,y:59,l:34,w:49},{x:168,y:65,l:63,w:23},{x:262,y:0,l:32,w:34},{x:41,y:58,l:70,w:14},{x:74,y:59,l:78,w:10},{x:41,y:51,l:7,w:32},{x:203,y:126,l:87,w:97},{x:84,y:125,l:2,w:72},{x:168,y:58,l:7,w:20},{x:84,y:124,l:1,w:72},],
