====================================== Class_04.2bp-8 =====================================
Reduced size: 20 usedBin: 0
[0, 1, 2, 3, 4, 5, 6, 7, 8, 9, 10, 11, 12, 13, 14, 15, 16, 17, 18, 19]
canvasWidth:100,
canvasHeight:100,
data:[{x:0,y:0,l:26,w:31},{x:40,y:0,l:23,w:30},{x:70,y:0,l:25,w:27},{x:0,y:26,l:19,w:32},{x:0,y:45,l:21,w:28},{x:97,y:0,l:14,w:2},{x:66,y:51,l:12,w:34},{x:40,y:23,l:31,w:11},{x:51,y:38,l:13,w:22},{x:15,y:66,l:20,w:13},{x:51,y:23,l:15,w:17},{x:87,y:25,l:19,w:13},{x:28,y:61,l:7,w:34},{x:31,y:0,l:26,w:9},{x:35,y:26,l:32,w:5},{x:68,y:25,l:13,w:11},{x:15,y:86,l:9,w:13},{x:28,y:45,l:16,w:5},{x:73,y:38,l:4,w:14},{x:0,y:66,l:34,w:15},],
Best fit used bin number: 1
Found best solution: 1 0.047

   Statrt add columnAndCut col: 1 cons: 0 cut: 0	0.125

	1 Start Add column using column generation  col: 1 cons: 0 cut: 0	0.125
			Start solve  LP :0.125
			End solve LP obj: 1.0 t: 0
	1 End Add column using column generation : 1.0 col: 1 cons: 0 cut: 0	0.125
   End add columnAndCut : 1.0 colGencnt: 1 price: 0 col: 1 cons: 0 cut: 0	0.125

Node lb: 1.0 ub: 1 : 0.125

Final Found Solution: 1 genNode: 1 extendedNode: 0:0.125
Bin size: 10000
1 : 806,690,675,608,588,510,408,341,286,260,255,247,238,234,160,143,117,80,56,28, : 6730
----------------------- 1 ---------------------------
canvasWidth:100,
canvasHeight:100,
data:[{x:0,y:0,l:26,w:31},{x:40,y:0,l:23,w:30},{x:70,y:0,l:25,w:27},{x:0,y:26,l:19,w:32},{x:0,y:45,l:21,w:28},{x:97,y:0,l:14,w:2},{x:66,y:51,l:12,w:34},{x:40,y:23,l:31,w:11},{x:51,y:38,l:13,w:22},{x:15,y:66,l:20,w:13},{x:51,y:23,l:15,w:17},{x:87,y:25,l:19,w:13},{x:28,y:61,l:7,w:34},{x:31,y:0,l:26,w:9},{x:35,y:26,l:32,w:5},{x:68,y:25,l:13,w:11},{x:15,y:86,l:9,w:13},{x:28,y:45,l:16,w:5},{x:73,y:38,l:4,w:14},{x:0,y:66,l:34,w:15},],
