====================================== Class_05.2bp-16 =====================================
Reduced size: 40 usedBin: 0
[0, 35]
[1, 26]
[2, 16, 29, 38]
[4, 11, 24]
[3, 14, 30, 31, 37]
[5, 19, 21, 23, 33]
[7, 12, 17]
[8, 10, 15, 39]
[9, 13, 18, 27, 32]
[6, 20, 22, 25, 28, 34, 36]
canvasWidth:100,
canvasHeight:100,
data:[{x:0,y:0,l:96,w:99},{x:0,y:96,l:4,w:68},],
canvasWidth:100,
canvasHeight:100,
data:[{x:0,y:0,l:93,w:100},{x:0,y:93,l:7,w:95},],
canvasWidth:100,
canvasHeight:100,
data:[{x:0,y:0,l:90,w:74},{x:74,y:0,l:94,w:16},{x:90,y:0,l:79,w:7},{x:0,y:90,l:6,w:28},],
canvasWidth:100,
canvasHeight:100,
data:[{x:0,y:0,l:58,w:100},{x:0,y:58,l:31,w:100},{x:0,y:89,l:8,w:92},],
canvasWidth:100,
canvasHeight:100,
data:[{x:0,y:0,l:90,w:68},{x:68,y:0,l:99,w:22},{x:90,y:0,l:77,w:7},{x:0,y:90,l:6,w:68},{x:14,y:96,l:4,w:54},],
canvasWidth:100,
canvasHeight:100,
data:[{x:0,y:0,l:55,w:98},{x:0,y:55,l:30,w:33},{x:69,y:55,l:44,w:31},{x:33,y:55,l:24,w:36},{x:48,y:79,l:17,w:21},],
canvasWidth:100,
canvasHeight:100,
data:[{x:0,y:0,l:66,w:62},{x:62,y:0,l:81,w:38},{x:2,y:81,l:15,w:98},],
canvasWidth:100,
canvasHeight:100,
data:[{x:0,y:0,l:60,w:57},{x:57,y:0,l:74,w:42},{x:0,y:74,l:21,w:82},{x:82,y:74,l:13,w:4},],
canvasWidth:100,
canvasHeight:100,
data:[{x:0,y:0,l:59,w:53},{x:60,y:0,l:98,w:30},{x:15,y:59,l:33,w:42},{x:0,y:59,l:39,w:15},{x:53,y:0,l:58,w:7},],
canvasWidth:100,
canvasHeight:100,
data:[{x:0,y:83,l:14,w:85},{x:0,y:0,l:59,w:77},{x:77,y:0,l:51,w:19},{x:0,y:59,l:17,w:42},{x:42,y:59,l:24,w:24},{x:96,y:0,l:89,w:4},{x:78,y:51,l:12,w:18},],
Best fit used bin number: 10
Found best solution: 10 0.063

   Statrt add columnAndCut col: 10 cons: 0 cut: 0	0.141

	1 Start Add column using column generation  col: 10 cons: 0 cut: 0	0.141
			Start solve  LP :0.141
			End solve LP obj: 10.0 t: 0
	1 End Add column using column generation : 10.0 col: 10 cons: 0 cut: 0	0.141
   End add columnAndCut : 10.0 colGencnt: 1 price: 0 col: 10 cons: 0 cut: 0	0.141

Node lb: 10.0 ub: 10 : 0.141

Final Found Solution: 10 genNode: 1 extendedNode: 0:0.141
Bin size: 10000
1 : 9504,272, : 9776
2 : 9300,665, : 9965
3 : 6660,1504,553,168, : 8885
4 : 5800,3100,736, : 9636
5 : 6120,2178,539,408,216, : 9461
6 : 5390,1364,990,864,357, : 8965
7 : 4092,3078,1470, : 8640
8 : 3420,3108,1722,52, : 8302
9 : 3127,2940,1386,585,406, : 8444
10 : 4543,1190,969,714,576,356,216, : 8564
----------------------- 1 ---------------------------
canvasWidth:100,
canvasHeight:100,
data:[{x:0,y:0,l:96,w:99},{x:0,y:96,l:4,w:68},],
----------------------- 2 ---------------------------
canvasWidth:100,
canvasHeight:100,
data:[{x:0,y:0,l:93,w:100},{x:0,y:93,l:7,w:95},],
----------------------- 3 ---------------------------
canvasWidth:100,
canvasHeight:100,
data:[{x:0,y:0,l:90,w:74},{x:74,y:0,l:94,w:16},{x:90,y:0,l:79,w:7},{x:0,y:90,l:6,w:28},],
----------------------- 4 ---------------------------
canvasWidth:100,
canvasHeight:100,
data:[{x:0,y:0,l:58,w:100},{x:0,y:58,l:31,w:100},{x:0,y:89,l:8,w:92},],
----------------------- 5 ---------------------------
canvasWidth:100,
canvasHeight:100,
data:[{x:0,y:0,l:90,w:68},{x:68,y:0,l:99,w:22},{x:90,y:0,l:77,w:7},{x:0,y:90,l:6,w:68},{x:14,y:96,l:4,w:54},],
----------------------- 6 ---------------------------
canvasWidth:100,
canvasHeight:100,
data:[{x:0,y:0,l:55,w:98},{x:0,y:55,l:30,w:33},{x:69,y:55,l:44,w:31},{x:33,y:55,l:24,w:36},{x:48,y:79,l:17,w:21},],
----------------------- 7 ---------------------------
canvasWidth:100,
canvasHeight:100,
data:[{x:0,y:0,l:66,w:62},{x:62,y:0,l:81,w:38},{x:2,y:81,l:15,w:98},],
----------------------- 8 ---------------------------
canvasWidth:100,
canvasHeight:100,
data:[{x:0,y:0,l:60,w:57},{x:57,y:0,l:74,w:42},{x:0,y:74,l:21,w:82},{x:82,y:74,l:13,w:4},],
----------------------- 9 ---------------------------
canvasWidth:100,
canvasHeight:100,
data:[{x:0,y:0,l:59,w:53},{x:60,y:0,l:98,w:30},{x:15,y:59,l:33,w:42},{x:0,y:59,l:39,w:15},{x:53,y:0,l:58,w:7},],
----------------------- 10 ---------------------------
canvasWidth:100,
canvasHeight:100,
data:[{x:0,y:83,l:14,w:85},{x:0,y:0,l:59,w:77},{x:77,y:0,l:51,w:19},{x:0,y:59,l:17,w:42},{x:42,y:59,l:24,w:24},{x:96,y:0,l:89,w:4},{x:78,y:51,l:12,w:18},],
