====================================== Class_01.2bp-27 =====================================
Reduced size: 60 usedBin: 0
E:\WSKH\2DBPP\NonGuillotine\initSolution\1_28.pack
[1, 37]
[0, 42]
[3, 44, 47]
[2]
[4, 39, 51]
[5, 43]
[6, 29, 58]
[7, 41]
[8, 26, 50]
[9, 46]
[11, 20, 54]
[10, 28, 52, 55]
[13, 31, 35, 53]
[14, 32, 34, 59]
[15, 19, 57]
[18, 33, 45, 49]
[21, 25, 30, 48]
[12, 17, 56]
[23, 27, 36]
[22, 38, 40]
[16, 24]
canvasWidth:10,
canvasHeight:10,
data:[{x:0,y:0,l:8,w:10},{x:0,y:8,l:2,w:10},],
canvasWidth:10,
canvasHeight:10,
data:[{x:0,y:0,l:10,w:8},{x:8,y:2,l:8,w:2},],
canvasWidth:10,
canvasHeight:10,
data:[{x:0,y:0,l:10,w:8},{x:8,y:5,l:5,w:2},{x:8,y:1,l:4,w:2},],
canvasWidth:10,
canvasHeight:10,
data:[{x:0,y:0,l:10,w:8},],
canvasWidth:10,
canvasHeight:10,
data:[{x:0,y:0,l:8,w:9},{x:0,y:8,l:2,w:9},{x:9,y:3,l:7,w:1},],
canvasWidth:10,
canvasHeight:10,
data:[{x:0,y:0,l:9,w:8},{x:0,y:9,l:1,w:10},],
canvasWidth:10,
canvasHeight:10,
data:[{x:0,y:0,l:10,w:7},{x:7,y:1,l:9,w:3},{x:7,y:0,l:1,w:3},],
canvasWidth:10,
canvasHeight:10,
data:[{x:0,y:0,l:8,w:8},{x:0,y:8,l:2,w:8},],
canvasWidth:10,
canvasHeight:10,
data:[{x:0,y:0,l:7,w:9},{x:9,y:0,l:7,w:1},{x:0,y:7,l:3,w:10},],
canvasWidth:10,
canvasHeight:10,
data:[{x:0,y:0,l:7,w:8},{x:0,y:7,l:1,w:8},],
canvasWidth:10,
canvasHeight:10,
data:[{x:0,y:0,l:6,w:9},{x:0,y:6,l:4,w:10},{x:9,y:1,l:5,w:1},],
canvasWidth:10,
canvasHeight:10,
data:[{x:0,y:0,l:9,w:6},{x:6,y:3,l:7,w:4},{x:0,y:9,l:1,w:6},{x:6,y:2,l:1,w:4},],
canvasWidth:10,
canvasHeight:10,
data:[{x:0,y:0,l:7,w:7},{x:7,y:2,l:8,w:3},{x:0,y:7,l:3,w:7},{x:7,y:0,l:2,w:3},],
canvasWidth:10,
canvasHeight:10,
data:[{x:0,y:0,l:7,w:7},{x:0,y:7,l:3,w:7},{x:7,y:3,l:7,w:3},{x:7,y:2,l:1,w:3},],
canvasWidth:10,
canvasHeight:10,
data:[{x:0,y:0,l:6,w:8},{x:0,y:6,l:4,w:10},{x:8,y:0,l:4,w:1},],
canvasWidth:10,
canvasHeight:10,
data:[{x:0,y:0,l:7,w:6},{x:6,y:0,l:7,w:3},{x:0,y:7,l:1,w:9},{x:0,y:8,l:1,w:7},],
canvasWidth:10,
canvasHeight:10,
data:[{x:0,y:0,l:6,w:6},{x:0,y:6,l:4,w:8},{x:6,y:0,l:6,w:4},{x:8,y:6,l:4,w:2},],
canvasWidth:10,
canvasHeight:10,
data:[{x:0,y:0,l:10,w:5},{x:5,y:1,l:9,w:5},{x:5,y:0,l:1,w:4},],
canvasWidth:10,
canvasHeight:10,
data:[{x:0,y:0,l:5,w:7},{x:0,y:5,l:5,w:6},{x:6,y:5,l:5,w:4},],
canvasWidth:10,
canvasHeight:10,
data:[{x:4,y:3,l:7,w:5},{x:0,y:0,l:6,w:3},{x:0,y:6,l:4,w:4},],
canvasWidth:10,
canvasHeight:10,
data:[{x:0,y:0,l:5,w:9},{x:0,y:5,l:4,w:8},],
Best fit used bin number: 21
Found best solution: 21 0.063

   Statrt add columnAndCut col: 21 cons: 0 cut: 0	0.141

	1 Start Add column using column generation  col: 21 cons: 0 cut: 0	0.141
			Start solve  LP :0.141
			End solve LP obj: 21.0 t: 0
	1 End Add column using column generation : 21.0 col: 21 cons: 0 cut: 0	0.141
   End add columnAndCut : 21.0 colGencnt: 1 price: 0 col: 21 cons: 0 cut: 0	0.141

Node lb: 21.0 ub: 21 : 0.141

Final Found Solution: 21 genNode: 1 extendedNode: 0:0.141
Bin size: 100
1 : 80,20, : 100
2 : 80,16, : 96
3 : 80,10,8, : 98
4 : 80, : 80
5 : 72,18,7, : 97
6 : 72,10, : 82
7 : 70,27,3, : 100
8 : 64,16, : 80
9 : 63,30,7, : 100
10 : 56,8, : 64
11 : 54,40,5, : 99
12 : 54,28,6,4, : 92
13 : 49,24,21,6, : 100
14 : 49,21,21,3, : 94
15 : 48,40,4, : 92
16 : 42,21,9,7, : 79
17 : 36,32,24,8, : 100
18 : 50,45,4, : 99
19 : 35,30,20, : 85
20 : 35,18,16, : 69
21 : 45,32, : 77
----------------------- 1 ---------------------------
canvasWidth:10,
canvasHeight:10,
data:[{x:0,y:0,l:8,w:10},{x:0,y:8,l:2,w:10},],
----------------------- 2 ---------------------------
canvasWidth:10,
canvasHeight:10,
data:[{x:0,y:0,l:10,w:8},{x:8,y:2,l:8,w:2},],
----------------------- 3 ---------------------------
canvasWidth:10,
canvasHeight:10,
data:[{x:0,y:0,l:10,w:8},{x:8,y:5,l:5,w:2},{x:8,y:1,l:4,w:2},],
----------------------- 4 ---------------------------
canvasWidth:10,
canvasHeight:10,
data:[{x:0,y:0,l:10,w:8},],
----------------------- 5 ---------------------------
canvasWidth:10,
canvasHeight:10,
data:[{x:0,y:0,l:8,w:9},{x:0,y:8,l:2,w:9},{x:9,y:3,l:7,w:1},],
----------------------- 6 ---------------------------
canvasWidth:10,
canvasHeight:10,
data:[{x:0,y:0,l:9,w:8},{x:0,y:9,l:1,w:10},],
----------------------- 7 ---------------------------
canvasWidth:10,
canvasHeight:10,
data:[{x:0,y:0,l:10,w:7},{x:7,y:1,l:9,w:3},{x:7,y:0,l:1,w:3},],
----------------------- 8 ---------------------------
canvasWidth:10,
canvasHeight:10,
data:[{x:0,y:0,l:8,w:8},{x:0,y:8,l:2,w:8},],
----------------------- 9 ---------------------------
canvasWidth:10,
canvasHeight:10,
data:[{x:0,y:0,l:7,w:9},{x:9,y:0,l:7,w:1},{x:0,y:7,l:3,w:10},],
----------------------- 10 ---------------------------
canvasWidth:10,
canvasHeight:10,
data:[{x:0,y:0,l:7,w:8},{x:0,y:7,l:1,w:8},],
----------------------- 11 ---------------------------
canvasWidth:10,
canvasHeight:10,
data:[{x:0,y:0,l:6,w:9},{x:0,y:6,l:4,w:10},{x:9,y:1,l:5,w:1},],
----------------------- 12 ---------------------------
canvasWidth:10,
canvasHeight:10,
data:[{x:0,y:0,l:9,w:6},{x:6,y:3,l:7,w:4},{x:0,y:9,l:1,w:6},{x:6,y:2,l:1,w:4},],
----------------------- 13 ---------------------------
canvasWidth:10,
canvasHeight:10,
data:[{x:0,y:0,l:7,w:7},{x:7,y:2,l:8,w:3},{x:0,y:7,l:3,w:7},{x:7,y:0,l:2,w:3},],
----------------------- 14 ---------------------------
canvasWidth:10,
canvasHeight:10,
data:[{x:0,y:0,l:7,w:7},{x:0,y:7,l:3,w:7},{x:7,y:3,l:7,w:3},{x:7,y:2,l:1,w:3},],
----------------------- 15 ---------------------------
canvasWidth:10,
canvasHeight:10,
data:[{x:0,y:0,l:6,w:8},{x:0,y:6,l:4,w:10},{x:8,y:0,l:4,w:1},],
----------------------- 16 ---------------------------
canvasWidth:10,
canvasHeight:10,
data:[{x:0,y:0,l:7,w:6},{x:6,y:0,l:7,w:3},{x:0,y:7,l:1,w:9},{x:0,y:8,l:1,w:7},],
----------------------- 17 ---------------------------
canvasWidth:10,
canvasHeight:10,
data:[{x:0,y:0,l:6,w:6},{x:0,y:6,l:4,w:8},{x:6,y:0,l:6,w:4},{x:8,y:6,l:4,w:2},],
----------------------- 18 ---------------------------
canvasWidth:10,
canvasHeight:10,
data:[{x:0,y:0,l:10,w:5},{x:5,y:1,l:9,w:5},{x:5,y:0,l:1,w:4},],
----------------------- 19 ---------------------------
canvasWidth:10,
canvasHeight:10,
data:[{x:0,y:0,l:5,w:7},{x:0,y:5,l:5,w:6},{x:6,y:5,l:5,w:4},],
----------------------- 20 ---------------------------
canvasWidth:10,
canvasHeight:10,
data:[{x:4,y:3,l:7,w:5},{x:0,y:0,l:6,w:3},{x:0,y:6,l:4,w:4},],
----------------------- 21 ---------------------------
canvasWidth:10,
canvasHeight:10,
data:[{x:0,y:0,l:5,w:9},{x:0,y:5,l:4,w:8},],
