====================================== Class_04.2bp-42 =====================================
Reduced size: 100 usedBin: 0
[0, 1, 4, 6, 7, 8, 9, 10, 13, 17, 24, 26, 32, 34, 41, 54, 55, 60, 67, 68, 85, 90, 94, 95, 96, 98]
[2, 3, 5, 12, 14, 16, 19, 27, 28, 29, 35, 38, 39, 40, 42, 44, 45, 46, 47, 53, 56, 58, 61, 62, 64, 65, 71, 74, 80, 83, 86, 88, 89, 92, 93, 99]
[11, 15, 18, 20, 21, 22, 23, 25, 30, 31, 33, 36, 37, 43, 48, 49, 50, 51, 52, 57, 59, 63, 66, 69, 70, 72, 73, 75, 76, 77, 78, 79, 81, 82, 84, 87, 91, 97]
canvasWidth:100,
canvasHeight:100,
data:[{x:0,y:0,l:28,w:34},{x:0,y:28,l:31,w:29},{x:48,y:28,l:25,w:33},{x:34,y:0,l:28,w:26},{x:48,y:53,l:22,w:33},{x:50,y:75,l:21,w:31},{x:81,y:22,l:34,w:19},{x:0,y:68,l:32,w:20},{x:81,y:56,l:33,w:19},{x:29,y:28,l:31,w:19},{x:60,y:0,l:28,w:17},{x:77,y:0,l:18,w:23},{x:34,y:75,l:21,w:16},{x:20,y:75,l:25,w:13},{x:32,y:59,l:16,w:16},{x:0,y:60,l:8,w:22},{x:84,y:89,l:11,w:16},{x:22,y:60,l:15,w:10},{x:58,y:96,l:4,w:25},{x:77,y:18,l:4,w:23},{x:0,y:59,l:1,w:32},{x:77,y:22,l:6,w:4},{x:81,y:89,l:7,w:2},{x:20,y:68,l:7,w:2},{x:83,y:89,l:11,w:1},{x:33,y:75,l:8,w:1},],
canvasWidth:100,
canvasHeight:100,
data:[{x:0,y:0,l:35,w:25},{x:43,y:0,l:27,w:31},{x:0,y:35,l:33,w:24},{x:25,y:0,l:35,w:18},{x:43,y:27,l:8,w:11},{x:0,y:68,l:32,w:19},{x:41,y:61,l:30,w:19},{x:82,y:54,l:31,w:13},{x:54,y:27,l:18,w:20},{x:73,y:85,l:13,w:27},{x:23,y:68,l:17,w:18},{x:40,y:35,l:19,w:14},{x:74,y:0,l:10,w:26},{x:74,y:10,l:10,w:26},{x:74,y:54,l:31,w:8},{x:27,y:54,l:7,w:33},{x:23,y:85,l:12,w:18},{x:60,y:54,l:27,w:8},{x:74,y:20,l:8,w:26},{x:54,y:45,l:9,w:20},{x:41,y:91,l:9,w:19},{x:95,y:52,l:33,w:5},{x:68,y:54,l:29,w:5},{x:24,y:35,l:11,w:13},{x:19,y:68,l:32,w:4},{x:24,y:61,l:7,w:17},{x:74,y:28,l:24,w:26},{x:27,y:46,l:8,w:10},{x:37,y:35,l:19,w:3},{x:74,y:52,l:2,w:21},{x:73,y:54,l:31,w:1},{x:73,y:98,l:1,w:27},{x:24,y:52,l:9,w:3},{x:23,y:97,l:3,w:6},{x:24,y:46,l:6,w:3},{x:95,y:99,l:1,w:5},],
canvasWidth:100,
canvasHeight:100,
data:[{x:0,y:0,l:18,w:35},{x:0,y:18,l:20,w:31},{x:48,y:18,l:34,w:17},{x:65,y:18,l:33,w:17},{x:35,y:0,l:18,w:31},{x:0,y:38,l:22,w:24},{x:0,y:60,l:17,w:28},{x:82,y:10,l:28,w:15},{x:74,y:63,l:18,w:19},{x:31,y:18,l:20,w:17},{x:24,y:38,l:22,w:15},{x:60,y:81,l:9,w:33},{x:0,y:77,l:23,w:12},{x:39,y:63,l:11,w:21},{x:66,y:5,l:13,w:16},{x:65,y:51,l:12,w:17},{x:28,y:60,l:18,w:11},{x:12,y:77,l:12,w:16},{x:93,y:56,l:27,w:7},{x:66,y:0,l:5,w:34},{x:39,y:38,l:18,w:9},{x:48,y:52,l:8,w:17},{x:12,y:89,l:11,w:10},{x:82,y:5,l:5,w:18},{x:93,y:38,l:18,w:5},{x:28,y:81,l:3,w:29},{x:28,y:84,l:3,w:28},{x:60,y:63,l:5,w:14},{x:60,y:68,l:5,w:14},{x:39,y:74,l:2,w:33},{x:53,y:77,l:3,w:21},{x:28,y:78,l:3,w:20},{x:97,y:10,l:27,w:2},{x:48,y:60,l:3,w:17},{x:39,y:76,l:1,w:33},{x:98,y:37,l:14,w:2},{x:82,y:38,l:5,w:4},{x:98,y:51,l:5,w:2},],
Best fit used bin number: 3
Found best solution: 3 0.062

   Statrt add columnAndCut col: 3 cons: 0 cut: 0	0.133

	1 Start Add column using column generation  col: 3 cons: 0 cut: 0	0.133
			Start solve  LP :0.134
			End solve LP obj: 3.0 t: 2
	1 End Add column using column generation : 3.0 col: 3 cons: 0 cut: 0	0.136
   End add columnAndCut : 3.0 colGencnt: 1 price: 0 col: 3 cons: 0 cut: 0	0.136

Node lb: 3.0 ub: 3 : 0.136

Final Found Solution: 3 genNode: 1 extendedNode: 0:0.137
Bin size: 10000
1 : 952,899,825,728,726,651,646,640,627,589,476,414,336,325,256,176,176,150,100,92,32,24,14,14,11,8, : 9887
2 : 875,837,792,630,624,608,570,403,360,351,306,266,260,260,248,231,216,216,208,180,171,165,145,143,128,119,88,80,57,42,31,27,27,18,18,5, : 9705
3 : 630,620,578,561,558,528,476,420,342,340,330,297,276,231,208,204,198,192,189,170,162,136,110,90,90,87,84,70,70,66,63,60,54,51,33,28,20,10, : 8632
----------------------- 1 ---------------------------
canvasWidth:100,
canvasHeight:100,
data:[{x:0,y:0,l:28,w:34},{x:0,y:28,l:31,w:29},{x:48,y:28,l:25,w:33},{x:34,y:0,l:28,w:26},{x:48,y:53,l:22,w:33},{x:50,y:75,l:21,w:31},{x:81,y:22,l:34,w:19},{x:0,y:68,l:32,w:20},{x:81,y:56,l:33,w:19},{x:29,y:28,l:31,w:19},{x:60,y:0,l:28,w:17},{x:77,y:0,l:18,w:23},{x:34,y:75,l:21,w:16},{x:20,y:75,l:25,w:13},{x:32,y:59,l:16,w:16},{x:0,y:60,l:8,w:22},{x:84,y:89,l:11,w:16},{x:22,y:60,l:15,w:10},{x:58,y:96,l:4,w:25},{x:77,y:18,l:4,w:23},{x:0,y:59,l:1,w:32},{x:77,y:22,l:6,w:4},{x:81,y:89,l:7,w:2},{x:20,y:68,l:7,w:2},{x:83,y:89,l:11,w:1},{x:33,y:75,l:8,w:1},],
----------------------- 2 ---------------------------
canvasWidth:100,
canvasHeight:100,
data:[{x:0,y:0,l:35,w:25},{x:43,y:0,l:27,w:31},{x:0,y:35,l:33,w:24},{x:25,y:0,l:35,w:18},{x:43,y:27,l:8,w:11},{x:0,y:68,l:32,w:19},{x:41,y:61,l:30,w:19},{x:82,y:54,l:31,w:13},{x:54,y:27,l:18,w:20},{x:73,y:85,l:13,w:27},{x:23,y:68,l:17,w:18},{x:40,y:35,l:19,w:14},{x:74,y:0,l:10,w:26},{x:74,y:10,l:10,w:26},{x:74,y:54,l:31,w:8},{x:27,y:54,l:7,w:33},{x:23,y:85,l:12,w:18},{x:60,y:54,l:27,w:8},{x:74,y:20,l:8,w:26},{x:54,y:45,l:9,w:20},{x:41,y:91,l:9,w:19},{x:95,y:52,l:33,w:5},{x:68,y:54,l:29,w:5},{x:24,y:35,l:11,w:13},{x:19,y:68,l:32,w:4},{x:24,y:61,l:7,w:17},{x:74,y:28,l:24,w:26},{x:27,y:46,l:8,w:10},{x:37,y:35,l:19,w:3},{x:74,y:52,l:2,w:21},{x:73,y:54,l:31,w:1},{x:73,y:98,l:1,w:27},{x:24,y:52,l:9,w:3},{x:23,y:97,l:3,w:6},{x:24,y:46,l:6,w:3},{x:95,y:99,l:1,w:5},],
----------------------- 3 ---------------------------
canvasWidth:100,
canvasHeight:100,
data:[{x:0,y:0,l:18,w:35},{x:0,y:18,l:20,w:31},{x:48,y:18,l:34,w:17},{x:65,y:18,l:33,w:17},{x:35,y:0,l:18,w:31},{x:0,y:38,l:22,w:24},{x:0,y:60,l:17,w:28},{x:82,y:10,l:28,w:15},{x:74,y:63,l:18,w:19},{x:31,y:18,l:20,w:17},{x:24,y:38,l:22,w:15},{x:60,y:81,l:9,w:33},{x:0,y:77,l:23,w:12},{x:39,y:63,l:11,w:21},{x:66,y:5,l:13,w:16},{x:65,y:51,l:12,w:17},{x:28,y:60,l:18,w:11},{x:12,y:77,l:12,w:16},{x:93,y:56,l:27,w:7},{x:66,y:0,l:5,w:34},{x:39,y:38,l:18,w:9},{x:48,y:52,l:8,w:17},{x:12,y:89,l:11,w:10},{x:82,y:5,l:5,w:18},{x:93,y:38,l:18,w:5},{x:28,y:81,l:3,w:29},{x:28,y:84,l:3,w:28},{x:60,y:63,l:5,w:14},{x:60,y:68,l:5,w:14},{x:39,y:74,l:2,w:33},{x:53,y:77,l:3,w:21},{x:28,y:78,l:3,w:20},{x:97,y:10,l:27,w:2},{x:48,y:60,l:3,w:17},{x:39,y:76,l:1,w:33},{x:98,y:37,l:14,w:2},{x:82,y:38,l:5,w:4},{x:98,y:51,l:5,w:2},],
