====================================== Class_02.2bp-25 =====================================
Reduced size: 60 usedBin: 0
[0, 1, 2, 3, 4, 5, 6, 7, 8, 9, 10, 11, 12, 15, 17, 25, 42, 44, 53, 54, 59]
[13, 14, 16, 18, 19, 20, 21, 22, 23, 24, 26, 27, 28, 29, 30, 31, 32, 33, 34, 35, 36, 37, 38, 39, 40, 41, 43, 45, 46, 47, 48, 49, 50, 51, 52, 55, 56, 57, 58]
canvasWidth:30,
canvasHeight:30,
data:[{x:0,y:0,l:10,w:9},{x:9,y:0,l:10,w:9},{x:0,y:10,l:8,w:8},{x:8,y:10,l:9,w:7},{x:18,y:0,l:10,w:6},{x:24,y:0,l:10,w:6},{x:0,y:18,l:7,w:8},{x:20,y:10,l:5,w:10},{x:8,y:19,l:10,w:5},{x:13,y:19,l:5,w:9},{x:15,y:10,l:9,w:5},{x:22,y:19,l:9,w:5},{x:13,y:24,l:6,w:7},{x:20,y:15,l:4,w:10},{x:0,y:25,l:5,w:7},{x:27,y:19,l:9,w:3},{x:22,y:28,l:2,w:7},{x:20,y:24,l:6,w:2},{x:8,y:29,l:1,w:5},{x:7,y:25,l:5,w:1},{x:29,y:28,l:2,w:1},],
canvasWidth:30,
canvasHeight:30,
data:[{x:0,y:0,l:8,w:5},{x:5,y:0,l:10,w:4},{x:12,y:0,l:4,w:9},{x:5,y:10,l:5,w:7},{x:0,y:8,l:7,w:5},{x:0,y:15,l:7,w:5},{x:12,y:4,l:3,w:10},{x:9,y:0,l:10,w:3},{x:24,y:7,l:7,w:4},{x:20,y:7,l:7,w:4},{x:21,y:0,l:3,w:9},{x:5,y:15,l:4,w:6},{x:0,y:22,l:8,w:3},{x:12,y:7,l:8,w:3},{x:22,y:4,l:3,w:6},{x:15,y:7,l:4,w:5},{x:15,y:15,l:5,w:4},{x:28,y:4,l:10,w:2},{x:19,y:15,l:3,w:6},{x:25,y:14,l:4,w:5},{x:5,y:19,l:6,w:3},{x:8,y:19,l:6,w:3},{x:28,y:18,l:9,w:2},{x:11,y:15,l:4,w:4},{x:3,y:22,l:8,w:2},{x:15,y:11,l:3,w:5},{x:26,y:20,l:7,w:2},{x:19,y:18,l:2,w:6},{x:14,y:20,l:4,w:3},{x:11,y:19,l:6,w:2},{x:15,y:14,l:1,w:10},{x:25,y:20,l:10,w:1},{x:21,y:3,l:1,w:9},{x:13,y:19,l:9,w:1},{x:25,y:18,l:2,w:3},{x:26,y:27,l:1,w:4},{x:27,y:28,l:1,w:3},{x:27,y:29,l:1,w:3},{x:26,y:28,l:2,w:1},],
Best fit used bin number: 2
Found best solution: 2 0.063

   Statrt add columnAndCut col: 2 cons: 0 cut: 0	0.125

	1 Start Add column using column generation  col: 2 cons: 0 cut: 0	0.125
			Start solve  LP :0.125
			End solve LP obj: 2.0 t: 0
	1 End Add column using column generation : 2.0 col: 2 cons: 0 cut: 0	0.125
   End add columnAndCut : 2.0 colGencnt: 1 price: 0 col: 2 cons: 0 cut: 0	0.125

Node lb: 2.0 ub: 2 : 0.125

Final Found Solution: 2 genNode: 1 extendedNode: 0:0.125
Bin size: 900
1 : 90,90,64,63,60,60,56,50,50,45,45,45,42,40,35,27,14,12,5,5,2, : 900
2 : 40,40,36,35,35,35,30,30,28,28,27,24,24,24,20,20,20,20,18,18,18,18,18,16,16,15,14,12,12,12,10,10,9,9,6,4,3,3,2, : 759
----------------------- 1 ---------------------------
canvasWidth:30,
canvasHeight:30,
data:[{x:0,y:0,l:10,w:9},{x:9,y:0,l:10,w:9},{x:0,y:10,l:8,w:8},{x:8,y:10,l:9,w:7},{x:18,y:0,l:10,w:6},{x:24,y:0,l:10,w:6},{x:0,y:18,l:7,w:8},{x:20,y:10,l:5,w:10},{x:8,y:19,l:10,w:5},{x:13,y:19,l:5,w:9},{x:15,y:10,l:9,w:5},{x:22,y:19,l:9,w:5},{x:13,y:24,l:6,w:7},{x:20,y:15,l:4,w:10},{x:0,y:25,l:5,w:7},{x:27,y:19,l:9,w:3},{x:22,y:28,l:2,w:7},{x:20,y:24,l:6,w:2},{x:8,y:29,l:1,w:5},{x:7,y:25,l:5,w:1},{x:29,y:28,l:2,w:1},],
----------------------- 2 ---------------------------
canvasWidth:30,
canvasHeight:30,
data:[{x:0,y:0,l:8,w:5},{x:5,y:0,l:10,w:4},{x:12,y:0,l:4,w:9},{x:5,y:10,l:5,w:7},{x:0,y:8,l:7,w:5},{x:0,y:15,l:7,w:5},{x:12,y:4,l:3,w:10},{x:9,y:0,l:10,w:3},{x:24,y:7,l:7,w:4},{x:20,y:7,l:7,w:4},{x:21,y:0,l:3,w:9},{x:5,y:15,l:4,w:6},{x:0,y:22,l:8,w:3},{x:12,y:7,l:8,w:3},{x:22,y:4,l:3,w:6},{x:15,y:7,l:4,w:5},{x:15,y:15,l:5,w:4},{x:28,y:4,l:10,w:2},{x:19,y:15,l:3,w:6},{x:25,y:14,l:4,w:5},{x:5,y:19,l:6,w:3},{x:8,y:19,l:6,w:3},{x:28,y:18,l:9,w:2},{x:11,y:15,l:4,w:4},{x:3,y:22,l:8,w:2},{x:15,y:11,l:3,w:5},{x:26,y:20,l:7,w:2},{x:19,y:18,l:2,w:6},{x:14,y:20,l:4,w:3},{x:11,y:19,l:6,w:2},{x:15,y:14,l:1,w:10},{x:25,y:20,l:10,w:1},{x:21,y:3,l:1,w:9},{x:13,y:19,l:9,w:1},{x:25,y:18,l:2,w:3},{x:26,y:27,l:1,w:4},{x:27,y:28,l:1,w:3},{x:27,y:29,l:1,w:3},{x:26,y:28,l:2,w:1},],
