====================================== Class_10.2bp-31 =====================================
Reduced size: 80 usedBin: 0
E:\WSKH\2DBPP\NonGuillotine\initSolution\10_32.pack
[0, 67, 76, 79]
[1, 7, 48, 61, 63, 73, 74]
[2, 20, 28, 33, 35, 56, 59]
[3, 23, 32, 34, 41, 58, 68]
[5, 22, 25, 37, 39, 47, 50]
[4, 11, 38, 42, 44, 54, 77]
[6, 10, 31, 36, 46, 75]
[8, 9, 13, 65, 69, 71, 72]
[12, 16, 27, 29, 43, 45, 51, 57, 60, 64]
[14, 15, 17, 40, 49, 52, 53, 55, 62, 66, 70, 78]
[18, 19, 21, 24, 26, 30]
canvasWidth:100,
canvasHeight:100,
data:[{x:0,y:0,l:89,w:98},{x:0,y:89,l:3,w:50},{x:98,y:0,l:21,w:2},{x:98,y:21,l:11,w:1},],
canvasWidth:100,
canvasHeight:100,
data:[{x:0,y:0,l:55,w:94},{x:0,y:55,l:43,w:78},{x:94,y:0,l:69,w:6},{x:86,y:55,l:26,w:8},{x:78,y:55,l:28,w:7},{x:0,y:98,l:2,w:42},{x:94,y:69,l:12,w:6},],
canvasWidth:100,
canvasHeight:100,
data:[{x:0,y:0,l:83,w:59},{x:59,y:0,l:36,w:41},{x:59,y:55,l:34,w:34},{x:59,y:36,l:19,w:41},{x:0,y:83,l:17,w:42},{x:42,y:83,l:16,w:17},{x:94,y:55,l:38,w:6},],
canvasWidth:100,
canvasHeight:100,
data:[{x:0,y:0,l:63,w:77},{x:18,y:63,l:32,w:44},{x:77,y:0,l:34,w:23},{x:62,y:63,l:32,w:24},{x:0,y:63,l:37,w:18},{x:77,y:40,l:23,w:10},{x:77,y:34,l:6,w:23},],
canvasWidth:100,
canvasHeight:100,
data:[{x:0,y:0,l:63,w:61},{x:61,y:0,l:37,w:39},{x:61,y:37,l:34,w:39},{x:0,y:63,l:35,w:20},{x:20,y:63,l:34,w:20},{x:78,y:81,l:19,w:22},{x:61,y:71,l:10,w:39},],
canvasWidth:100,
canvasHeight:100,
data:[{x:0,y:0,l:48,w:81},{x:0,y:56,l:33,w:79},{x:81,y:0,l:2,w:19},{x:81,y:2,l:36,w:19},{x:0,y:48,l:8,w:81},{x:88,y:38,l:41,w:12},{x:81,y:38,l:48,w:7},],
canvasWidth:100,
canvasHeight:100,
data:[{x:0,y:0,l:76,w:49},{x:49,y:0,l:98,w:33},{x:82,y:0,l:99,w:8},{x:90,y:0,l:79,w:9},{x:28,y:76,l:22,w:21},{x:36,y:98,l:1,w:46},],
canvasWidth:100,
canvasHeight:100,
data:[{x:0,y:0,l:69,w:48},{x:48,y:0,l:69,w:47},{x:0,y:69,l:27,w:84},{x:84,y:69,l:10,w:16},{x:95,y:0,l:22,w:5},{x:95,y:22,l:21,w:5},{x:0,y:96,l:4,w:22},],
canvasWidth:100,
canvasHeight:100,
data:[{x:0,y:0,l:47,w:49},{x:0,y:47,l:46,w:43},{x:43,y:47,l:49,w:25},{x:49,y:0,l:47,w:11},{x:68,y:14,l:16,w:29},{x:60,y:0,l:47,w:8},{x:68,y:0,l:8,w:32},{x:0,y:93,l:5,w:43},{x:68,y:8,l:6,w:30},{x:68,y:30,l:38,w:29},],
canvasWidth:100,
canvasHeight:100,
data:[{x:0,y:0,l:27,w:79},{x:0,y:27,l:71,w:28},{x:28,y:27,l:42,w:47},{x:28,y:69,l:23,w:29},{x:75,y:27,l:17,w:24},{x:79,y:6,l:21,w:17},{x:57,y:77,l:9,w:39},{x:53,y:92,l:6,w:46},{x:75,y:44,l:33,w:6},{x:28,y:92,l:6,w:25},{x:79,y:0,l:5,w:21},{x:80,y:5,l:1,w:20},],
canvasWidth:100,
canvasHeight:100,
data:[{x:0,y:0,l:42,w:37},{x:0,y:42,l:16,w:96},{x:0,y:72,l:17,w:85},{x:37,y:0,l:38,w:36},{x:0,y:58,l:14,w:90},{x:73,y:0,l:32,w:27},],
Best fit used bin number: 11
Found best solution: 11 0.063

   Statrt add columnAndCut col: 11 cons: 0 cut: 0	0.141

	1 Start Add column using column generation  col: 11 cons: 0 cut: 0	0.141
			Start solve  LP :0.141
			End solve LP obj: 11.0 t: 0
com.wlj.solver.BBSolver:
--------------------------------------- Price Problem Start --------------------------------------------------------
constraints.size = 0 , dualPrice.size = 80 , dualPrice = [1.0, 1.0, 1.0, 1.0, 1.0, 1.0, 1.0, -0.0, 1.0, -0.0, -0.0, -0.0, 1.0, -0.0, 1.0, -0.0, -0.0, -0.0, 1.0, -0.0, -0.0, -0.0, -0.0, -0.0, -0.0, -0.0, -0.0, -0.0, -0.0, -0.0, -0.0, -0.0, -0.0, -0.0, -0.0, -0.0, -0.0, -0.0, -0.0, -0.0, -0.0, -0.0, -0.0, -0.0, -0.0, -0.0, -0.0, -0.0, -0.0, -0.0, -0.0, -0.0, -0.0, -0.0, -0.0, -0.0, -0.0, -0.0, -0.0, -0.0, -0.0, -0.0, -0.0, -0.0, -0.0, -0.0, -0.0, -0.0, -0.0, -0.0, -0.0, -0.0, -0.0, -0.0, -0.0, -0.0, -0.0, -0.0, -0.0, -0.0]
			Active cut size: 0
W:98
H:97
xList.size = 5
yList.size = 7
squareList.size = 11
myConsList.size = 0
cplex1的参考解为：3.0 0.016 s
canvasWidth:100,
canvasHeight:100,
data:[{x:0,y:28,l:42,w:37},{x:0,y:70,l:27,w:79},{x:37,y:23,l:47,w:49},],
curBestBinNum = 11
instance.getSquareList().size() = 11
solution.getPlaceSquareList().size() = 3
pattern.getKey() = 12@14@18@
solveSubProblemByIp 总用时：31 ms
--------------------------------------- Price Problem End --------------------------------------------------------
		1 Add column : 1 col:11 	0.172
			Start solve  LP :0.172
			End solve LP obj: 11.0 t: 0
com.wlj.solver.BBSolver:
--------------------------------------- Price Problem Start --------------------------------------------------------
constraints.size = 0 , dualPrice.size = 80 , dualPrice = [1.0, 1.0, 1.0, 1.0, 1.0, 1.0, 1.0, -0.0, 1.0, -0.0, -0.0, -0.0, 0.0, -0.0, -0.0, 1.0, 1.0, -0.0, 1.0, -0.0, -0.0, -0.0, -0.0, -0.0, -0.0, -0.0, -0.0, -0.0, -0.0, -0.0, -0.0, -0.0, -0.0, -0.0, -0.0, -0.0, -0.0, -0.0, -0.0, -0.0, -0.0, -0.0, -0.0, -0.0, -0.0, -0.0, -0.0, -0.0, -0.0, -0.0, -0.0, -0.0, -0.0, -0.0, -0.0, -0.0, -0.0, -0.0, -0.0, -0.0, -0.0, -0.0, -0.0, -0.0, -0.0, -0.0, -0.0, -0.0, -0.0, -0.0, -0.0, -0.0, -0.0, -0.0, -0.0, -0.0, -0.0, -0.0, -0.0, -0.0]
			Active cut size: 0
W:98
H:97
xList.size = 7
yList.size = 5
squareList.size = 11
myConsList.size = 0
cplex1的参考解为：3.0 0.0 s
canvasWidth:100,
canvasHeight:100,
data:[{x:61,y:0,l:42,w:37},{x:18,y:0,l:46,w:43},{x:17,y:48,l:48,w:81},],
curBestBinNum = 11
instance.getSquareList().size() = 11
solution.getPlaceSquareList().size() = 3
pattern.getKey() = 4@16@18@
solveSubProblemByIp 总用时：0 ms
--------------------------------------- Price Problem End --------------------------------------------------------
		2 Add column : 1 col:12 	0.172
			Start solve  LP :0.172
			End solve LP obj: 11.0 t: 0
com.wlj.solver.BBSolver:
--------------------------------------- Price Problem Start --------------------------------------------------------
constraints.size = 0 , dualPrice.size = 80 , dualPrice = [1.0, 1.0, 1.0, 1.0, 1.0, 1.0, 1.0, -0.0, 1.0, -0.0, -0.0, -0.0, 1.0, -0.0, -0.0, 1.0, 0.0, -0.0, 0.0, 1.0, -0.0, -0.0, -0.0, -0.0, -0.0, -0.0, -0.0, -0.0, -0.0, -0.0, -0.0, -0.0, -0.0, -0.0, -0.0, -0.0, -0.0, -0.0, -0.0, -0.0, -0.0, -0.0, -0.0, -0.0, -0.0, -0.0, -0.0, -0.0, -0.0, -0.0, -0.0, -0.0, -0.0, -0.0, -0.0, -0.0, -0.0, -0.0, -0.0, -0.0, -0.0, -0.0, -0.0, -0.0, -0.0, -0.0, -0.0, -0.0, -0.0, -0.0, -0.0, -0.0, -0.0, -0.0, -0.0, -0.0, -0.0, -0.0, -0.0, -0.0]
			Active cut size: 0
W:98
H:99
xList.size = 5
yList.size = 5
squareList.size = 11
myConsList.size = 0
cplex1的参考解为：3.0 0.0 s
canvasWidth:100,
canvasHeight:100,
data:[{x:2,y:0,l:16,w:96},{x:70,y:16,l:71,w:28},{x:21,y:16,l:47,w:49},],
curBestBinNum = 11
instance.getSquareList().size() = 11
solution.getPlaceSquareList().size() = 3
pattern.getKey() = 12@15@19@
solveSubProblemByIp 总用时：0 ms
--------------------------------------- Price Problem End --------------------------------------------------------
		3 Add column : 1 col:13 	0.188
			Start solve  LP :0.188
			End solve LP obj: 11.0 t: 0
com.wlj.solver.BBSolver:
--------------------------------------- Price Problem Start --------------------------------------------------------
constraints.size = 0 , dualPrice.size = 80 , dualPrice = [1.0, 1.0, 1.0, 1.0, -0.0, 1.0, 1.0, -0.0, 1.0, -0.0, -0.0, 1.0, 0.0, -0.0, 1.0, 0.0, 1.0, -0.0, 0.0, 1.0, -0.0, -0.0, -0.0, -0.0, -0.0, -0.0, -0.0, -0.0, -0.0, -0.0, -0.0, -0.0, -0.0, -0.0, -0.0, -0.0, -0.0, -0.0, -0.0, -0.0, -0.0, -0.0, -0.0, -0.0, -0.0, -0.0, -0.0, -0.0, -0.0, -0.0, -0.0, -0.0, -0.0, -0.0, -0.0, -0.0, -0.0, -0.0, -0.0, -0.0, -0.0, -0.0, -0.0, -0.0, -0.0, -0.0, -0.0, -0.0, -0.0, -0.0, -0.0, -0.0, -0.0, -0.0, -0.0, -0.0, -0.0, -0.0, -0.0, -0.0]
			Active cut size: 0
W:98
H:99
xList.size = 3
yList.size = 11
squareList.size = 11
myConsList.size = 0
cplex1的参考解为：3.0 0.219 s
canvasWidth:100,
canvasHeight:100,
data:[{x:0,y:83,l:16,w:96},{x:0,y:37,l:46,w:43},{x:0,y:10,l:27,w:79},],
curBestBinNum = 11
instance.getSquareList().size() = 11
solution.getPlaceSquareList().size() = 3
pattern.getKey() = 14@16@19@
solveSubProblemByIp 总用时：219 ms
--------------------------------------- Price Problem End --------------------------------------------------------
		4 Add column : 1 col:14 	0.407
			Start solve  LP :0.407
			End solve LP obj: 11.0 t: 0
com.wlj.solver.BBSolver:
--------------------------------------- Price Problem Start --------------------------------------------------------
constraints.size = 0 , dualPrice.size = 80 , dualPrice = [1.0, 1.0, 1.0, 1.0, -0.0, 1.0, 1.0, -0.0, 1.0, -0.0, -0.0, 1.0, 0.33333333333333337, -0.0, 0.33333333333333337, 0.6666666666666666, 0.6666666666666667, -0.0, 0.33333333333333326, 0.0, -0.0, 0.6666666666666667, -0.0, -0.0, -0.0, -0.0, -0.0, -0.0, -0.0, -0.0, -0.0, -0.0, -0.0, -0.0, -0.0, -0.0, -0.0, -0.0, -0.0, -0.0, -0.0, -0.0, -0.0, -0.0, -0.0, -0.0, -0.0, -0.0, -0.0, -0.0, -0.0, -0.0, -0.0, -0.0, -0.0, -0.0, -0.0, -0.0, -0.0, -0.0, -0.0, -0.0, -0.0, -0.0, -0.0, -0.0, -0.0, -0.0, -0.0, -0.0, -0.0, -0.0, -0.0, -0.0, -0.0, -0.0, -0.0, -0.0, -0.0, -0.0]
			Active cut size: 0
W:98
H:100
xList.size = 7
yList.size = 11
squareList.size = 14
myConsList.size = 0
cplex1的参考解为：2.666666666666667 0.0 s
canvasWidth:100,
canvasHeight:100,
data:[{x:0,y:67,l:33,w:79},{x:0,y:50,l:17,w:85},{x:0,y:8,l:42,w:37},{x:49,y:4,l:46,w:43},],
curBestBinNum = 11
instance.getSquareList().size() = 14
solution.getPlaceSquareList().size() = 4
pattern.getKey() = 11@16@18@21@
solveSubProblemByIp 总用时：31 ms
--------------------------------------- Price Problem End --------------------------------------------------------
		5 Add column : 1 col:15 	0.438
			Start solve  LP :0.438
			End solve LP obj: 11.0 t: 0
com.wlj.solver.BBSolver:
--------------------------------------- Price Problem Start --------------------------------------------------------
constraints.size = 0 , dualPrice.size = 80 , dualPrice = [1.0, 1.0, 1.0, 1.0, 0.5, 1.0, 1.0, -0.0, 1.0, -0.0, -0.0, 0.5, -0.0, -0.0, 0.5, 0.5, -0.0, -0.0, -0.0, 0.5, -0.0, 0.5, -0.0, -0.0, -0.0, -0.0, -0.0, 1.0, -0.0, -0.0, -0.0, -0.0, -0.0, -0.0, -0.0, -0.0, -0.0, -0.0, -0.0, -0.0, -0.0, -0.0, -0.0, -0.0, -0.0, -0.0, -0.0, -0.0, -0.0, -0.0, -0.0, -0.0, -0.0, -0.0, -0.0, -0.0, -0.0, -0.0, -0.0, -0.0, -0.0, -0.0, -0.0, -0.0, -0.0, -0.0, -0.0, -0.0, -0.0, -0.0, -0.0, -0.0, -0.0, -0.0, -0.0, -0.0, -0.0, -0.0, -0.0, -0.0]
			Active cut size: 0
W:98
H:100
xList.size = 7
yList.size = 11
squareList.size = 14
myConsList.size = 0
cplex1的参考解为：3.0 0.0 s
canvasWidth:100,
canvasHeight:100,
data:[{x:0,y:18,l:49,w:25},{x:0,y:67,l:17,w:85},{x:0,y:84,l:16,w:96},{x:28,y:4,l:63,w:61},],
curBestBinNum = 11
instance.getSquareList().size() = 14
solution.getPlaceSquareList().size() = 4
pattern.getKey() = 5@19@21@27@
solveSubProblemByIp 总用时：0 ms
--------------------------------------- Price Problem End --------------------------------------------------------
		6 Add column : 1 col:16 	0.438
			Start solve  LP :0.438
			End solve LP obj: 11.0 t: 0
com.wlj.solver.BBSolver:
--------------------------------------- Price Problem Start --------------------------------------------------------
constraints.size = 0 , dualPrice.size = 80 , dualPrice = [1.0, 1.0, 1.0, 1.0, 0.5, 1.0, 1.0, -0.0, 1.0, -0.0, -0.0, 0.5, 0.5, -0.0, 0.5, 0.5, 0.5, -0.0, -0.0, -0.0, -0.0, -0.0, -0.0, -0.0, 1.0, -0.0, -0.0, 0.0, -0.0, -0.0, -0.0, -0.0, -0.0, -0.0, -0.0, -0.0, -0.0, -0.0, -0.0, -0.0, -0.0, -0.0, -0.0, -0.0, -0.0, -0.0, -0.0, -0.0, -0.0, -0.0, -0.0, -0.0, -0.0, -0.0, -0.0, -0.0, -0.0, -0.0, -0.0, -0.0, -0.0, -0.0, -0.0, -0.0, -0.0, -0.0, -0.0, -0.0, -0.0, -0.0, -0.0, -0.0, -0.0, -0.0, -0.0, -0.0, -0.0, -0.0, -0.0, -0.0]
			Active cut size: 0
W:98
H:98
xList.size = 7
yList.size = 9
squareList.size = 14
myConsList.size = 0
cplex1的参考解为：2.5 0.375 s
canvasWidth:100,
canvasHeight:100,
data:[{x:0,y:29,l:69,w:48},{x:49,y:52,l:46,w:43},{x:61,y:14,l:38,w:36},],
curBestBinNum = 11
instance.getSquareList().size() = 14
solution.getPlaceSquareList().size() = 3
pattern.getKey() = 8@16@24@
solveSubProblemByIp 总用时：375 ms
--------------------------------------- Price Problem End --------------------------------------------------------
		7 Add column : 1 col:17 	0.829
			Start solve  LP :0.829
			End solve LP obj: 11.0 t: 0
com.wlj.solver.BBSolver:
--------------------------------------- Price Problem Start --------------------------------------------------------
constraints.size = 0 , dualPrice.size = 80 , dualPrice = [1.0, 1.0, 1.0, 1.0, 1.0, 0.5, 1.0, -0.0, -0.0, 1.0, -0.0, 0.0, 0.5, -0.0, 0.5, 0.5, 0.0, -0.0, -0.0, -0.0, -0.0, -0.0, 0.5, -0.0, 1.0, -0.0, -0.0, 0.5, -0.0, -0.0, -0.0, -0.0, -0.0, -0.0, -0.0, -0.0, -0.0, -0.0, -0.0, -0.0, -0.0, -0.0, -0.0, -0.0, -0.0, -0.0, -0.0, -0.0, -0.0, -0.0, -0.0, -0.0, -0.0, -0.0, -0.0, -0.0, -0.0, -0.0, -0.0, -0.0, -0.0, -0.0, -0.0, -0.0, -0.0, -0.0, -0.0, -0.0, -0.0, -0.0, -0.0, -0.0, -0.0, -0.0, -0.0, -0.0, -0.0, -0.0, -0.0, -0.0]
			Active cut size: 0
W:100
H:100
xList.size = 13
yList.size = 9
squareList.size = 14
myConsList.size = 0
cplex1的参考解为：3.0 0.015 s
canvasWidth:100,
canvasHeight:100,
data:[{x:64,y:0,l:38,w:36},{x:39,y:0,l:49,w:25},{x:0,y:0,l:37,w:39},{x:19,y:49,l:48,w:81},],
curBestBinNum = 11
instance.getSquareList().size() = 14
solution.getPlaceSquareList().size() = 4
pattern.getKey() = 4@22@24@27@
solveSubProblemByIp 总用时：31 ms
--------------------------------------- Price Problem End --------------------------------------------------------
		8 Add column : 1 col:18 	0.86
			Start solve  LP :0.86
			End solve LP obj: 11.0 t: 0
com.wlj.solver.BBSolver:
--------------------------------------- Price Problem Start --------------------------------------------------------
constraints.size = 0 , dualPrice.size = 80 , dualPrice = [1.0, 1.0, 1.0, 1.0, 0.5, 1.0, 1.0, -0.0, -0.0, 1.0, -0.0, 0.5, 0.5, -0.0, 0.5, 0.5, 0.5, -0.0, -0.0, -0.0, -0.0, -0.0, 0.0, -0.0, 0.5, -0.0, 0.5, 0.0, -0.0, -0.0, -0.0, -0.0, -0.0, -0.0, -0.0, -0.0, -0.0, -0.0, -0.0, -0.0, -0.0, -0.0, -0.0, -0.0, -0.0, -0.0, -0.0, -0.0, -0.0, -0.0, -0.0, -0.0, -0.0, -0.0, -0.0, -0.0, -0.0, -0.0, -0.0, -0.0, -0.0, -0.0, -0.0, -0.0, -0.0, -0.0, -0.0, -0.0, -0.0, -0.0, -0.0, -0.0, -0.0, -0.0, -0.0, -0.0, -0.0, -0.0, -0.0, -0.0]
			Active cut size: 0
W:98
H:100
xList.size = 7
yList.size = 14
squareList.size = 15
myConsList.size = 0
cplex1的参考解为：2.5 0.0 s
canvasWidth:100,
canvasHeight:100,
data:[{x:0,y:17,l:69,w:47},{x:0,y:86,l:14,w:90},{x:49,y:10,l:76,w:49},],
curBestBinNum = 11
instance.getSquareList().size() = 15
solution.getPlaceSquareList().size() = 3
pattern.getKey() = 6@9@26@
solveSubProblemByIp 总用时：0 ms
--------------------------------------- Price Problem End --------------------------------------------------------
		9 Add column : 1 col:19 	0.86
			Start solve  LP :0.86
			End solve LP obj: 11.0 t: 0
com.wlj.solver.BBSolver:
--------------------------------------- Price Problem Start --------------------------------------------------------
constraints.size = 0 , dualPrice.size = 80 , dualPrice = [1.0, 1.0, 1.0, 1.0, 0.5, 1.0, -0.0, -0.0, -0.0, 0.5, 1.0, 0.5, 0.5, 0.5, 0.5, 0.5, 0.5, -0.0, -0.0, -0.0, -0.0, -0.0, 0.0, -0.0, 0.5, -0.0, 0.5, 0.0, -0.0, -0.0, -0.0, -0.0, -0.0, -0.0, -0.0, -0.0, -0.0, -0.0, -0.0, -0.0, -0.0, -0.0, -0.0, -0.0, -0.0, -0.0, -0.0, -0.0, -0.0, -0.0, -0.0, -0.0, -0.0, -0.0, -0.0, -0.0, -0.0, -0.0, -0.0, -0.0, -0.0, -0.0, -0.0, -0.0, -0.0, -0.0, -0.0, -0.0, -0.0, -0.0, -0.0, -0.0, -0.0, -0.0, -0.0, -0.0, -0.0, -0.0, -0.0, -0.0]
			Active cut size: 0
W:98
H:100
xList.size = 9
yList.size = 16
squareList.size = 16
myConsList.size = 0
cplex1的参考解为：2.0 0.031 s
canvasWidth:100,
canvasHeight:100,
data:[{x:0,y:2,l:98,w:33},{x:33,y:62,l:38,w:36},{x:36,y:15,l:47,w:49},],
curBestBinNum = 11
instance.getSquareList().size() = 16
solution.getPlaceSquareList().size() = 3
pattern.getKey() = 10@12@24@
solveSubProblemByIp 总用时：31 ms
--------------------------------------- Price Problem End --------------------------------------------------------
		10 Add column : 1 col:20 	0.891
			Start solve  LP :0.891
			End solve LP obj: 11.0 t: 0
com.wlj.solver.BBSolver:
--------------------------------------- Price Problem Start --------------------------------------------------------
constraints.size = 0 , dualPrice.size = 80 , dualPrice = [1.0, 1.0, 1.0, 1.0, 0.5, 0.75, 0.25, -0.0, -0.0, -0.0, 0.75, 0.5, 0.25, 1.0, 0.25, 0.75, 0.5, -0.0, -0.0, -0.0, -0.0, -0.0, 0.25, -0.0, -0.0, -0.0, 0.75, 0.25, -0.0, -0.0, 0.25, -0.0, -0.0, -0.0, -0.0, -0.0, -0.0, -0.0, -0.0, -0.0, -0.0, -0.0, -0.0, -0.0, -0.0, -0.0, -0.0, -0.0, -0.0, -0.0, -0.0, -0.0, -0.0, -0.0, -0.0, -0.0, -0.0, -0.0, -0.0, -0.0, -0.0, -0.0, -0.0, -0.0, -0.0, -0.0, -0.0, -0.0, -0.0, -0.0, -0.0, -0.0, -0.0, -0.0, -0.0, -0.0, -0.0, -0.0, -0.0, -0.0]
			Active cut size: 0
W:100
H:100
xList.size = 13
yList.size = 18
squareList.size = 18
myConsList.size = 0
cplex1的参考解为：2.75 0.015 s
canvasWidth:100,
canvasHeight:100,
data:[{x:0,y:73,l:27,w:84},{x:0,y:59,l:14,w:90},{x:0,y:10,l:49,w:25},{x:28,y:13,l:46,w:43},{x:72,y:27,l:32,w:27},],
curBestBinNum = 11
instance.getSquareList().size() = 18
solution.getPlaceSquareList().size() = 5
pattern.getKey() = 13@16@26@27@30@
solveSubProblemByIp 总用时：47 ms
--------------------------------------- Price Problem End --------------------------------------------------------
		11 Add column : 1 col:21 	0.938
			Start solve  LP :0.938
			End solve LP obj: 11.0 t: 0
com.wlj.solver.BBSolver:
--------------------------------------- Price Problem Start --------------------------------------------------------
constraints.size = 0 , dualPrice.size = 80 , dualPrice = [1.0, 1.0, 1.0, 1.0, 0.25, 0.5, 0.5, -0.0, 1.0, -0.0, 0.5, 0.75, 0.5, -0.0, 0.5, 0.5, 0.0, -0.0, -0.0, -0.0, -0.0, 0.25, 0.5, -0.0, -0.0, -0.0, 0.5, 0.25, -0.0, 0.25, 0.25, -0.0, -0.0, -0.0, -0.0, -0.0, -0.0, -0.0, -0.0, -0.0, -0.0, -0.0, -0.0, -0.0, -0.0, -0.0, -0.0, -0.0, -0.0, -0.0, -0.0, -0.0, -0.0, -0.0, -0.0, -0.0, -0.0, -0.0, -0.0, -0.0, -0.0, -0.0, -0.0, -0.0, -0.0, -0.0, -0.0, -0.0, -0.0, -0.0, -0.0, -0.0, -0.0, -0.0, -0.0, -0.0, -0.0, -0.0, -0.0, -0.0]
			Active cut size: 0
W:100
H:100
xList.size = 17
yList.size = 29
squareList.size = 19
myConsList.size = 0
cplex1的参考解为：2.5 0.016 s
canvasWidth:100,
canvasHeight:100,
data:[{x:0,y:0,l:69,w:48},{x:0,y:86,l:14,w:90},{x:0,y:69,l:17,w:85},{x:48,y:37,l:32,w:27},{x:52,y:0,l:37,w:39},],
curBestBinNum = 11
instance.getSquareList().size() = 19
solution.getPlaceSquareList().size() = 5
pattern.getKey() = 8@21@22@26@30@
solveSubProblemByIp 总用时：16 ms
--------------------------------------- Price Problem End --------------------------------------------------------
		12 Add column : 1 col:22 	0.954
			Start solve  LP :0.954
			End solve LP obj: 11.0 t: 0
com.wlj.solver.BBSolver:
--------------------------------------- Price Problem Start --------------------------------------------------------
constraints.size = 0 , dualPrice.size = 80 , dualPrice = [1.0, 1.0, 1.0, 1.0, -0.0, 1.0, 0.0, -0.0, 0.0, 1.0, 1.0, 1.0, 0.0, -0.0, 0.0, 1.0, 0.0, -0.0, -0.0, -0.0, -0.0, -0.0, 0.0, -0.0, -0.0, -0.0, -0.0, -0.0, -0.0, 1.0, 1.0, -0.0, -0.0, -0.0, -0.0, -0.0, -0.0, -0.0, -0.0, -0.0, -0.0, -0.0, -0.0, -0.0, -0.0, -0.0, -0.0, -0.0, -0.0, -0.0, -0.0, -0.0, -0.0, -0.0, -0.0, -0.0, -0.0, -0.0, -0.0, -0.0, -0.0, -0.0, -0.0, -0.0, -0.0, -0.0, -0.0, -0.0, -0.0, -0.0, -0.0, -0.0, -0.0, -0.0, -0.0, -0.0, -0.0, -0.0, -0.0, -0.0]
			Active cut size: 0
W:98
H:98
xList.size = 5
yList.size = 6
squareList.size = 11
myConsList.size = 0
cplex1的参考解为：4.0 0.015 s
canvasWidth:100,
canvasHeight:100,
data:[{x:0,y:66,l:32,w:27},{x:0,y:28,l:38,w:29},{x:33,y:27,l:71,w:28},{x:62,y:0,l:98,w:33},],
curBestBinNum = 11
instance.getSquareList().size() = 11
solution.getPlaceSquareList().size() = 4
pattern.getKey() = 10@15@29@30@
solveSubProblemByIp 总用时：15 ms
--------------------------------------- Price Problem End --------------------------------------------------------
		13 Add column : 1 col:23 	0.969
			Start solve  LP :0.969
			End solve LP obj: 11.0 t: 0
com.wlj.solver.BBSolver:
--------------------------------------- Price Problem Start --------------------------------------------------------
constraints.size = 0 , dualPrice.size = 80 , dualPrice = [1.0, 1.0, 1.0, 1.0, -0.0, 1.0, 1.0, -0.0, 0.0, -0.0, 0.0, 1.0, 0.0, 1.0, 1.0, 0.0, 0.0, -0.0, -0.0, -0.0, -0.0, -0.0, 0.0, -0.0, 1.0, -0.0, -0.0, -0.0, -0.0, 1.0, 0.0, -0.0, -0.0, -0.0, -0.0, -0.0, -0.0, -0.0, -0.0, -0.0, -0.0, -0.0, -0.0, -0.0, -0.0, -0.0, -0.0, -0.0, -0.0, -0.0, -0.0, -0.0, -0.0, -0.0, -0.0, -0.0, -0.0, -0.0, -0.0, -0.0, -0.0, -0.0, -0.0, -0.0, -0.0, -0.0, -0.0, -0.0, -0.0, -0.0, -0.0, -0.0, -0.0, -0.0, -0.0, -0.0, -0.0, -0.0, -0.0, -0.0]
			Active cut size: 0
W:98
H:98
xList.size = 7
yList.size = 8
squareList.size = 11
myConsList.size = 0
cplex1的参考解为：4.0 0.0 s
canvasWidth:100,
canvasHeight:100,
data:[{x:0,y:6,l:38,w:29},{x:0,y:44,l:27,w:79},{x:0,y:71,l:27,w:84},{x:61,y:6,l:38,w:36},],
curBestBinNum = 11
instance.getSquareList().size() = 11
solution.getPlaceSquareList().size() = 4
pattern.getKey() = 13@14@24@29@
solveSubProblemByIp 总用时：16 ms
--------------------------------------- Price Problem End --------------------------------------------------------
		14 Add column : 1 col:24 	0.985
			Start solve  LP :0.985
			End solve LP obj: 11.0 t: 0
com.wlj.solver.BBSolver:
--------------------------------------- Price Problem Start --------------------------------------------------------
constraints.size = 0 , dualPrice.size = 80 , dualPrice = [1.0, 1.0, 1.0, 1.0, 0.375, 0.875, 1.0, -0.0, 0.625, -0.0, -0.0, 0.625, 0.25, 0.375, 0.25, 0.75, -0.0, -0.0, 0.375, -0.0, -0.0, -0.0, 0.125, -0.0, 0.375, -0.0, -0.0, 0.125, -0.0, -0.0, 0.25, 0.0, -0.0, -0.0, -0.0, -0.0, -0.0, -0.0, -0.0, -0.0, -0.0, -0.0, -0.0, 0.625, -0.0, -0.0, -0.0, -0.0, -0.0, -0.0, -0.0, -0.0, -0.0, -0.0, -0.0, -0.0, -0.0, -0.0, -0.0, -0.0, -0.0, -0.0, -0.0, -0.0, -0.0, -0.0, -0.0, -0.0, -0.0, -0.0, -0.0, -0.0, -0.0, -0.0, -0.0, -0.0, -0.0, -0.0, -0.0, -0.0]
			Active cut size: 0
W:100
H:100
xList.size = 23
yList.size = 13
squareList.size = 19
myConsList.size = 0
cplex1的参考解为：2.625 0.031 s
canvasWidth:100,
canvasHeight:100,
data:[{x:0,y:0,l:63,w:61},{x:61,y:0,l:47,w:11},{x:72,y:27,l:71,w:28},{x:6,y:63,l:37,w:39},{x:45,y:65,l:32,w:27},],
curBestBinNum = 11
instance.getSquareList().size() = 19
solution.getPlaceSquareList().size() = 5
pattern.getKey() = 5@15@22@30@43@
solveSubProblemByIp 总用时：31 ms
--------------------------------------- Price Problem End --------------------------------------------------------
		15 Add column : 1 col:25 	1.016
			Start solve  LP :1.016
			End solve LP obj: 11.0 t: 0
com.wlj.solver.BBSolver:
--------------------------------------- Price Problem Start --------------------------------------------------------
constraints.size = 0 , dualPrice.size = 80 , dualPrice = [1.0, 1.0, 1.0, 1.0, 0.3, -0.0, 1.0, -0.0, 0.6, -0.0, -0.0, 0.7, 0.5, 0.4, 0.19999999999999996, 0.5, -0.0, 0.30000000000000004, 0.3, -0.0, -0.0, -0.0, -0.0, -0.0, 0.4, 1.0, -0.0, 0.3, -0.0, -0.0, 0.3, 0.0, -0.0, -0.0, -0.0, -0.0, -0.0, -0.0, -0.0, -0.0, -0.0, -0.0, -0.0, 0.19999999999999996, -0.0, -0.0, -0.0, -0.0, -0.0, -0.0, -0.0, -0.0, -0.0, -0.0, -0.0, -0.0, -0.0, -0.0, -0.0, -0.0, -0.0, -0.0, -0.0, -0.0, -0.0, -0.0, -0.0, -0.0, -0.0, -0.0, -0.0, -0.0, -0.0, -0.0, -0.0, -0.0, -0.0, -0.0, -0.0, -0.0]
			Active cut size: 0
W:100
H:99
xList.size = 23
yList.size = 15
squareList.size = 19
myConsList.size = 0
cplex1的参考解为：2.9000000000000004 0.078 s
canvasWidth:100,
canvasHeight:100,
data:[{x:0,y:0,l:34,w:39},{x:39,y:0,l:38,w:36},{x:75,y:0,l:49,w:25},{x:12,y:34,l:32,w:27},{x:89,y:49,l:47,w:11},{x:10,y:66,l:33,w:79},],
curBestBinNum = 11
instance.getSquareList().size() = 19
solution.getPlaceSquareList().size() = 6
pattern.getKey() = 11@24@25@27@30@43@
solveSubProblemByIp 总用时：78 ms
--------------------------------------- Price Problem End --------------------------------------------------------
		16 Add column : 1 col:26 	1.094
			Start solve  LP :1.094
			End solve LP obj: 11.0 t: 0
com.wlj.solver.BBSolver:
--------------------------------------- Price Problem Start --------------------------------------------------------
constraints.size = 0 , dualPrice.size = 80 , dualPrice = [1.0, 1.0, 1.0, 1.0, 0.7333333333333334, 0.5333333333333333, 1.0, -0.0, 0.6, -0.0, -0.0, 0.26666666666666666, 0.7333333333333334, 0.4, -0.0, -0.0, -0.0, 1.0, 0.26666666666666666, 0.26666666666666666, -0.0, -0.0, -0.0, -0.0, 0.06666666666666665, -0.0, -0.0, 0.2, -0.0, -0.0, 0.4, 0.0, -0.0, -0.0, -0.0, -0.0, -0.0, 0.4666666666666667, -0.0, -0.0, -0.0, -0.0, -0.0, 0.06666666666666665, -0.0, -0.0, -0.0, -0.0, -0.0, -0.0, -0.0, -0.0, -0.0, -0.0, -0.0, -0.0, -0.0, -0.0, -0.0, -0.0, -0.0, -0.0, -0.0, -0.0, -0.0, -0.0, -0.0, -0.0, -0.0, -0.0, -0.0, -0.0, -0.0, -0.0, -0.0, -0.0, -0.0, -0.0, -0.0, -0.0]
			Active cut size: 0
W:100
H:100
xList.size = 21
yList.size = 20
squareList.size = 19
myConsList.size = 0
cplex1的参考解为：3.1333333333333333 0.125 s
canvasWidth:100,
canvasHeight:100,
data:[{x:4,y:0,l:42,w:47},{x:51,y:0,l:76,w:49},{x:31,y:49,l:35,w:20},{x:4,y:51,l:32,w:27},{x:0,y:84,l:16,w:96},],
curBestBinNum = 11
instance.getSquareList().size() = 19
solution.getPlaceSquareList().size() = 5
pattern.getKey() = 6@17@19@30@37@
solveSubProblemByIp 总用时：141 ms
--------------------------------------- Price Problem End --------------------------------------------------------
		17 Add column : 1 col:27 	1.235
			Start solve  LP :1.235
			End solve LP obj: 11.0 t: 0
com.wlj.solver.BBSolver:
--------------------------------------- Price Problem Start --------------------------------------------------------
constraints.size = 0 , dualPrice.size = 80 , dualPrice = [1.0, 1.0, 1.0, 1.0, 0.6666666666666667, 0.6666666666666666, -0.0, -0.0, 0.6666666666666667, -0.0, -0.0, 0.33333333333333326, 0.6666666666666666, 0.33333333333333326, -0.0, -0.0, -0.0, 0.6666666666666666, 0.3333333333333333, 0.33333333333333337, -0.0, -0.0, -0.0, -0.0, 0.3333333333333333, 0.33333333333333337, -0.0, -0.0, -0.0, 0.33333333333333326, -0.0, 1.0, -0.0, -0.0, -0.0, -0.0, -0.0, -0.0, -0.0, -0.0, 0.33333333333333337, -0.0, -0.0, 1.1102230246251565E-16, -0.0, -0.0, -0.0, -0.0, -0.0, -0.0, -0.0, -0.0, -0.0, -0.0, -0.0, -0.0, -0.0, -0.0, -0.0, -0.0, -0.0, -0.0, -0.0, -0.0, -0.0, -0.0, -0.0, -0.0, -0.0, -0.0, -0.0, -0.0, -0.0, -0.0, -0.0, -0.0, -0.0, -0.0, -0.0, -0.0]
			Active cut size: 0
W:100
H:100
xList.size = 13
yList.size = 19
squareList.size = 18
myConsList.size = 0
cplex1的参考解为：3.3333333333333335 0.031 s
canvasWidth:100,
canvasHeight:100,
data:[{x:0,y:39,l:23,w:29},{x:0,y:1,l:38,w:29},{x:8,y:62,l:38,w:36},{x:39,y:11,l:47,w:49},{x:45,y:58,l:42,w:47},{x:92,y:0,l:99,w:8},],
curBestBinNum = 11
instance.getSquareList().size() = 18
solution.getPlaceSquareList().size() = 6
pattern.getKey() = 12@17@24@29@31@40@
solveSubProblemByIp 总用时：31 ms
--------------------------------------- Price Problem End --------------------------------------------------------
		18 Add column : 1 col:28 	1.266
			Start solve  LP :1.266
			End solve LP obj: 11.0 t: 0
com.wlj.solver.BBSolver:
--------------------------------------- Price Problem Start --------------------------------------------------------
constraints.size = 0 , dualPrice.size = 80 , dualPrice = [1.0, 1.0, 1.0, 1.0, 1.0, 0.5, 0.5, -0.0, 0.5, -0.0, 0.5, 0.0, 0.5, 0.5, -0.0, -0.0, -0.0, -0.0, -0.0, 0.5, -0.0, -0.0, -0.0, -0.0, -0.0, 0.5, 0.5, -0.0, -0.0, 0.0, -0.0, -0.0, -0.0, -0.0, -0.0, -0.0, -0.0, -0.0, -0.0, -0.0, 0.5, -0.0, -0.0, 0.5, -0.0, -0.0, -0.0, -0.0, -0.0, -0.0, -0.0, -0.0, -0.0, -0.0, -0.0, -0.0, -0.0, -0.0, -0.0, -0.0, -0.0, -0.0, -0.0, -0.0, -0.0, -0.0, -0.0, -0.0, -0.0, -0.0, -0.0, -0.0, -0.0, -0.0, -0.0, -0.0, -0.0, -0.0, 0.5, -0.0]
			Active cut size: 0
W:100
H:100
xList.size = 19
yList.size = 44
squareList.size = 17
myConsList.size = 0
cplex1的参考解为：3.5 0.047 s
canvasWidth:100,
canvasHeight:100,
data:[{x:0,y:38,l:48,w:81},{x:0,y:86,l:14,w:90},{x:11,y:14,l:23,w:29},{x:29,y:37,l:1,w:20},{x:61,y:4,l:34,w:39},{x:89,y:39,l:47,w:11},],
curBestBinNum = 11
instance.getSquareList().size() = 17
solution.getPlaceSquareList().size() = 6
pattern.getKey() = 4@25@26@40@43@78@
solveSubProblemByIp 总用时：47 ms
--------------------------------------- Price Problem End --------------------------------------------------------
		19 Add column : 1 col:29 	1.313
			Start solve  LP :1.313
			End solve LP obj: 11.0 t: 0
com.wlj.solver.BBSolver:
--------------------------------------- Price Problem Start --------------------------------------------------------
constraints.size = 0 , dualPrice.size = 80 , dualPrice = [1.0, 1.0, 1.0, 1.0, -0.0, 1.0, 1.0, -0.0, 1.0, -0.0, 0.0, 0.0, 0.0, 0.0, 0.0, -0.0, -0.0, -0.0, 1.0, 0.0, -0.0, -0.0, -0.0, -0.0, -0.0, -0.0, 0.0, -0.0, -0.0, 1.0, -0.0, -0.0, -0.0, -0.0, -0.0, -0.0, -0.0, 0.0, -0.0, -0.0, -0.0, -0.0, -0.0, 0.0, -0.0, -0.0, -0.0, -0.0, -0.0, -0.0, -0.0, -0.0, -0.0, -0.0, -0.0, -0.0, -0.0, -0.0, -0.0, -0.0, -0.0, -0.0, -0.0, -0.0, -0.0, -0.0, -0.0, -0.0, -0.0, -0.0, -0.0, -0.0, -0.0, -0.0, -0.0, -0.0, -0.0, 1.0, 1.0, -0.0]
			Active cut size: 0
W:100
H:100
xList.size = 11
yList.size = 15
squareList.size = 11
myConsList.size = 0
cplex1的参考解为：5.0 0.0 s
canvasWidth:100,
canvasHeight:100,
data:[{x:0,y:99,l:1,w:20},{x:0,y:97,l:2,w:19},{x:0,y:59,l:38,w:29},{x:0,y:17,l:42,w:37},{x:39,y:37,l:63,w:61},],
curBestBinNum = 11
instance.getSquareList().size() = 11
solution.getPlaceSquareList().size() = 5
pattern.getKey() = 5@18@29@77@78@
solveSubProblemByIp 总用时：16 ms
--------------------------------------- Price Problem End --------------------------------------------------------
		20 Add column : 1 col:30 	1.329
			Start solve  LP :1.329
			End solve LP obj: 11.0 t: 0
com.wlj.solver.BBSolver:
--------------------------------------- Price Problem Start --------------------------------------------------------
constraints.size = 0 , dualPrice.size = 80 , dualPrice = [1.0, 1.0, 1.0, 1.0, -0.0, 0.19999999999999984, -0.0, -0.0, 0.6, -0.0, 1.0, 0.4, -0.0, 0.4, -0.0, -0.0, 0.4, -0.0, 0.20000000000000018, 0.6, -0.0, -0.0, -0.0, -0.0, -0.0, -0.0, 0.19999999999999996, -0.0, -0.0, -0.0, -0.0, 0.0, -0.0, -0.0, -0.0, -0.0, -0.0, 0.4, -0.0, 0.40000000000000013, -0.0, -0.0, -0.0, 0.6, -0.0, -0.0, -0.0, -0.0, -0.0, 1.0, -0.0, -0.0, -0.0, -0.0, -0.0, -0.0, -0.0, -0.0, -0.0, -0.0, -0.0, -0.0, -0.0, -0.0, -0.0, -0.0, -0.0, -0.0, -0.0, -0.0, -0.0, -0.0, -0.0, -0.0, -0.0, -0.0, -0.0, 0.6, -0.0, -0.0]
			Active cut size: 0
W:100
H:100
xList.size = 31
yList.size = 53
squareList.size = 18
myConsList.size = 0
cplex1的参考解为：4.6 0.078 s
canvasWidth:100,
canvasHeight:100,
data:[{x:0,y:67,l:17,w:24},{x:0,y:30,l:2,w:19},{x:0,y:84,l:16,w:96},{x:0,y:32,l:35,w:20},{x:20,y:3,l:34,w:20},{x:24,y:37,l:47,w:11},{x:40,y:1,l:83,w:59},],
curBestBinNum = 11
instance.getSquareList().size() = 18
solution.getPlaceSquareList().size() = 7
pattern.getKey() = 2@19@37@39@43@49@77@
solveSubProblemByIp 总用时：78 ms
--------------------------------------- Price Problem End --------------------------------------------------------
		21 Add column : 1 col:31 	1.407
			Start solve  LP :1.407
			End solve LP obj: 11.0 t: 0
com.wlj.solver.BBSolver:
--------------------------------------- Price Problem Start --------------------------------------------------------
constraints.size = 0 , dualPrice.size = 80 , dualPrice = [1.0, 1.0, 0.33333333333333326, 1.0, 0.33333333333333337, 0.6666666666666666, -0.0, -0.0, 0.6666666666666666, -0.0, 0.6666666666666666, 0.6666666666666666, -0.0, 0.33333333333333337, 0.6666666666666666, 0.33333333333333337, -0.0, -0.0, 0.33333333333333337, 0.33333333333333337, 0.6666666666666667, -0.0, -0.0, -0.0, -0.0, -0.0, 0.33333333333333337, -0.0, -0.0, -0.0, -0.0, 0.33333333333333337, -0.0, -0.0, -0.0, -0.0, -0.0, 0.33333333333333337, -0.0, -0.0, -0.0, -0.0, -0.0, -0.0, -0.0, 1.0, -0.0, -0.0, -0.0, -0.0, -0.0, -0.0, -0.0, -0.0, -0.0, -0.0, -0.0, -0.0, -0.0, -0.0, -0.0, -0.0, -0.0, -0.0, -0.0, -0.0, -0.0, -0.0, -0.0, -0.0, -0.0, -0.0, -0.0, -0.0, -0.0, -0.0, -0.0, -0.0, -0.0, -0.0]
			Active cut size: 0
W:100
H:100
xList.size = 17
yList.size = 31
squareList.size = 19
myConsList.size = 0
cplex1的参考解为：3.666666666666667 0.047 s
canvasWidth:100,
canvasHeight:100,
data:[{x:0,y:0,l:99,w:8},{x:8,y:24,l:16,w:29},{x:8,y:73,l:27,w:79},{x:20,y:40,l:33,w:79},{x:37,y:5,l:35,w:20},{x:59,y:4,l:36,w:41},],
curBestBinNum = 11
instance.getSquareList().size() = 19
solution.getPlaceSquareList().size() = 6
pattern.getKey() = 11@14@20@31@37@45@
solveSubProblemByIp 总用时：47 ms
--------------------------------------- Price Problem End --------------------------------------------------------
		22 Add column : 1 col:32 	1.454
			Start solve  LP :1.454
			End solve LP obj: 11.0 t: 0
com.wlj.solver.BBSolver:
--------------------------------------- Price Problem Start --------------------------------------------------------
constraints.size = 0 , dualPrice.size = 80 , dualPrice = [1.0, 1.0, 1.0, 1.0, 0.5, 0.5, -0.0, -0.0, 0.5, -0.0, 0.5, 0.5, 0.5, 0.5, -0.0, 0.5, -0.0, 0.5, 0.5, -0.0, -0.0, -0.0, -0.0, -0.0, 0.0, 0.0, 0.5, -0.0, -0.0, -0.0, -0.0, -0.0, -0.0, -0.0, -0.0, -0.0, 0.5, -0.0, -0.0, -0.0, -0.0, -0.0, -0.0, -0.0, -0.0, 0.5, -0.0, 0.5, -0.0, -0.0, -0.0, -0.0, -0.0, -0.0, -0.0, -0.0, -0.0, -0.0, -0.0, -0.0, -0.0, -0.0, -0.0, -0.0, -0.0, -0.0, -0.0, -0.0, -0.0, -0.0, -0.0, -0.0, -0.0, -0.0, -0.0, -0.0, -0.0, -0.0, -0.0, -0.0]
			Active cut size: 0
W:100
H:100
xList.size = 19
yList.size = 23
squareList.size = 18
myConsList.size = 0
cplex1的参考解为：3.5 0.046 s
canvasWidth:100,
canvasHeight:100,
data:[{x:0,y:5,l:16,w:29},{x:0,y:21,l:79,w:9},{x:9,y:25,l:19,w:22},{x:9,y:86,l:14,w:90},{x:9,y:44,l:42,w:47},{x:33,y:2,l:42,w:37},{x:71,y:15,l:71,w:28},],
curBestBinNum = 11
instance.getSquareList().size() = 18
solution.getPlaceSquareList().size() = 7
pattern.getKey() = 15@17@18@26@36@45@47@
solveSubProblemByIp 总用时：46 ms
--------------------------------------- Price Problem End --------------------------------------------------------
		23 Add column : 1 col:33 	1.5
			Start solve  LP :1.5
			End solve LP obj: 11.0 t: 0
com.wlj.solver.BBSolver:
--------------------------------------- Price Problem Start --------------------------------------------------------
constraints.size = 0 , dualPrice.size = 80 , dualPrice = [1.0, 1.0, -0.0, 1.0, 0.25, 0.5, 0.25, -0.0, 0.75, -0.0, 0.5, -0.0, 0.5, 0.25, 0.0, -0.0, 0.25, 0.25, 0.5, 0.25, 1.0, -0.0, -0.0, -0.0, -0.0, 0.5, -0.0, 0.25, -0.0, -0.0, 0.25, -0.0, -0.0, -0.0, -0.0, -0.0, 0.25, -0.0, 0.75, -0.0, -0.0, -0.0, -0.0, -0.0, -0.0, -0.0, -0.0, -0.0, -0.0, 0.75, -0.0, -0.0, -0.0, -0.0, -0.0, -0.0, -0.0, -0.0, -0.0, -0.0, -0.0, -0.0, -0.0, -0.0, -0.0, -0.0, -0.0, -0.0, -0.0, -0.0, -0.0, -0.0, -0.0, -0.0, -0.0, -0.0, -0.0, -0.0, -0.0, -0.0]
			Active cut size: 0
W:100
H:100
xList.size = 37
yList.size = 27
squareList.size = 21
myConsList.size = 0
cplex1的参考解为：4.25 0.063 s
canvasWidth:100,
canvasHeight:100,
data:[{x:0,y:0,l:16,w:96},{x:52,y:16,l:34,w:39},{x:4,y:17,l:36,w:41},{x:91,y:17,l:79,w:9},{x:45,y:51,l:32,w:27},{x:8,y:58,l:42,w:37},{x:72,y:64,l:36,w:19},{x:48,y:83,l:17,w:24},],
curBestBinNum = 11
instance.getSquareList().size() = 21
solution.getPlaceSquareList().size() = 8
pattern.getKey() = 18@19@20@25@30@36@38@49@
solveSubProblemByIp 总用时：63 ms
--------------------------------------- Price Problem End --------------------------------------------------------
		24 Add column : 1 col:34 	1.563
			Start solve  LP :1.563
			End solve LP obj: 11.0 t: 0
com.wlj.solver.BBSolver:
--------------------------------------- Price Problem Start --------------------------------------------------------
constraints.size = 0 , dualPrice.size = 80 , dualPrice = [1.0, 1.0, 1.0, 1.0, 0.3999999999999999, 0.6, -0.0, -0.0, 0.19999999999999998, 0.6000000000000001, 1.0, -0.0, 0.0, 0.19999999999999996, 0.8, -0.0, 0.19999999999999996, 0.19999999999999996, 0.19999999999999998, -0.0, -0.0, 0.4, -0.0, -0.0, -0.0, 0.20000000000000007, 0.39999999999999997, -0.0, -0.0, -0.0, -0.0, 0.0, -0.0, -0.0, -0.0, -0.0, -0.0, 0.0, 0.6000000000000001, -0.0, -0.0, -0.0, -0.0, -0.0, -0.0, -0.0, -0.0, 0.20000000000000012, -0.0, -0.0, -0.0, 0.8, -0.0, -0.0, -0.0, -0.0, -0.0, -0.0, -0.0, -0.0, -0.0, -0.0, -0.0, -0.0, -0.0, -0.0, -0.0, -0.0, -0.0, -0.0, -0.0, -0.0, -0.0, -0.0, -0.0, -0.0, -0.0, -0.0, -0.0, -0.0]
			Active cut size: 0
W:100
H:100
xList.size = 28
yList.size = 31
squareList.size = 20
myConsList.size = 0
cplex1的参考解为：3.4000000000000004 0.062 s
canvasWidth:100,
canvasHeight:100,
data:[{x:0,y:39,l:47,w:8},{x:0,y:3,l:36,w:19},{x:0,y:86,l:14,w:90},{x:8,y:69,l:17,w:85},{x:8,y:50,l:19,w:22},{x:19,y:8,l:27,w:79},{x:30,y:35,l:34,w:39},],
curBestBinNum = 11
instance.getSquareList().size() = 20
solution.getPlaceSquareList().size() = 7
pattern.getKey() = 14@21@25@26@38@47@51@
solveSubProblemByIp 总用时：62 ms
--------------------------------------- Price Problem End --------------------------------------------------------
		25 Add column : 1 col:35 	1.625
			Start solve  LP :1.625
			End solve LP obj: 11.0 t: 0
com.wlj.solver.BBSolver:
--------------------------------------- Price Problem Start --------------------------------------------------------
constraints.size = 0 , dualPrice.size = 80 , dualPrice = [1.0, 1.0, 0.8333333333333334, 1.0, 0.5, 0.33333333333333337, -0.0, -0.0, -0.0, 0.6666666666666667, 0.6666666666666667, 0.5, 0.33333333333333326, 0.33333333333333326, -0.0, -0.0, -0.0, -0.0, 0.5, -0.0, 0.16666666666666666, -0.0, 0.5, -0.0, -0.0, -0.0, 0.3333333333333333, -0.0, -0.0, -0.0, 0.16666666666666666, 0.16666666666666652, -0.0, -0.0, -0.0, -0.0, 0.16666666666666669, 0.16666666666666666, -0.0, -0.0, -0.0, -0.0, -0.0, -0.0, -0.0, -0.0, -0.0, -0.0, -0.0, -0.0, -0.0, 0.6666666666666667, 1.0, -0.0, -0.0, -0.0, -0.0, -0.0, -0.0, -0.0, -0.0, -0.0, -0.0, -0.0, -0.0, -0.0, -0.0, -0.0, -0.0, -0.0, -0.0, -0.0, -0.0, -0.0, -0.0, -0.0, -0.0, -0.0, -0.0, -0.0]
			Active cut size: 0
W:100
H:100
xList.size = 51
yList.size = 29
squareList.size = 21
myConsList.size = 0
cplex1的参考解为：3.6666666666666665 0.063 s
canvasWidth:100,
canvasHeight:100,
data:[{x:2,y:0,l:14,w:90},{x:92,y:0,l:99,w:8},{x:19,y:14,l:42,w:37},{x:83,y:14,l:79,w:9},{x:56,y:21,l:32,w:27},{x:0,y:42,l:21,w:17},{x:75,y:53,l:47,w:8},{x:36,y:63,l:37,w:39},{x:16,y:64,l:35,w:20},],
curBestBinNum = 11
instance.getSquareList().size() = 21
solution.getPlaceSquareList().size() = 9
pattern.getKey() = 18@22@26@30@31@36@37@51@52@
solveSubProblemByIp 总用时：94 ms
--------------------------------------- Price Problem End --------------------------------------------------------
		26 Add column : 1 col:36 	1.719
			Start solve  LP :1.719
			End solve LP obj: 11.0 t: 0
com.wlj.solver.BBSolver:
--------------------------------------- Price Problem Start --------------------------------------------------------
constraints.size = 0 , dualPrice.size = 80 , dualPrice = [1.0, 1.0, 0.6666666666666666, 1.0, 0.6666666666666667, 0.33333333333333326, 0.6666666666666667, -0.0, -0.0, 0.3333333333333333, 0.3333333333333333, 0.33333333333333337, 0.33333333333333337, 0.6666666666666667, -0.0, -0.0, 0.3333333333333333, -0.0, -0.0, 0.33333333333333337, 0.33333333333333337, 0.33333333333333337, -0.0, -0.0, 0.3333333333333333, -0.0, -0.0, -0.0, -0.0, -0.0, -0.0, -0.0, -0.0, -0.0, -0.0, -0.0, -0.0, -0.0, -0.0, -0.0, -0.0, -0.0, -0.0, -0.0, -0.0, 0.3333333333333333, -0.0, -0.0, -0.0, -0.0, 0.6666666666666667, 0.0, 1.0, -0.0, -0.0, -0.0, -0.0, -0.0, -0.0, -0.0, -0.0, -0.0, -0.0, -0.0, -0.0, -0.0, -0.0, -0.0, -0.0, -0.0, -0.0, -0.0, -0.0, -0.0, -0.0, -0.0, -0.0, -0.0, -0.0, -0.0]
			Active cut size: 0
W:100
H:100
xList.size = 19
yList.size = 39
squareList.size = 20
myConsList.size = 0
cplex1的参考解为：3.666666666666667 0.016 s
canvasWidth:100,
canvasHeight:100,
data:[{x:0,y:19,l:21,w:17},{x:0,y:56,l:27,w:84},{x:0,y:83,l:17,w:85},{x:0,y:40,l:16,w:96},{x:17,y:4,l:36,w:41},{x:61,y:30,l:10,w:39},{x:70,y:14,l:16,w:29},],
curBestBinNum = 11
instance.getSquareList().size() = 20
solution.getPlaceSquareList().size() = 7
pattern.getKey() = 13@19@20@21@45@50@52@
solveSubProblemByIp 总用时：16 ms
--------------------------------------- Price Problem End --------------------------------------------------------
		27 Add column : 1 col:37 	1.735
			Start solve  LP :1.735
			End solve LP obj: 11.0 t: 0
com.wlj.solver.BBSolver:
--------------------------------------- Price Problem Start --------------------------------------------------------
constraints.size = 0 , dualPrice.size = 80 , dualPrice = [1.0, 1.0, 0.9729729729729728, 1.0, 0.3513513513513513, 0.5675675675675675, 0.43243243243243246, -0.0, 0.027027027027027306, 0.5675675675675675, 0.5675675675675675, 0.2432432432432431, -0.0, 0.40540540540540515, -0.0, 0.35135135135135115, 0.21621621621621645, 0.2162162162162164, 0.4324324324324324, 0.027027027027027195, 0.027027027027027195, 0.108108108108108, -0.0, -0.0, 0.35135135135135115, -0.0, -0.0, 0.29729729729729715, -0.0, -0.0, 0.08108108108108125, -0.0, -0.0, -0.0, -0.0, -0.0, -0.0, -0.0, 0.4054054054054056, -0.0, 0.4324324324324325, -0.0, -0.0, -0.0, -0.0, -0.0, -0.0, -0.0, -0.0, -0.0, 0.43243243243243246, 0.4864864864864864, -0.0, -0.0, -0.0, -0.0, -0.0, -0.0, -0.0, -0.0, -0.0, -0.0, -0.0, -0.0, -0.0, -0.0, -0.0, -0.0, -0.0, -0.0, -0.0, -0.0, -0.0, -0.0, -0.0, -0.0, -0.0, -0.0, -0.0, -0.0]
			Active cut size: 0
W:100
H:100
xList.size = 40
yList.size = 41
squareList.size = 26
myConsList.size = 0
cplex1的参考解为：3.189189189189189 2.109 s
canvasWidth:100,
canvasHeight:100,
data:[{x:0,y:90,l:10,w:39},{x:0,y:48,l:42,w:37},{x:0,y:12,l:36,w:19},{x:19,y:1,l:47,w:8},{x:35,y:3,l:38,w:36},{x:37,y:41,l:49,w:25},{x:71,y:77,l:23,w:29},{x:71,y:6,l:71,w:28},],
curBestBinNum = 11
instance.getSquareList().size() = 26
solution.getPlaceSquareList().size() = 8
pattern.getKey() = 15@18@24@27@38@40@50@51@
solveSubProblemByIp 总用时：2109 ms
--------------------------------------- Price Problem End --------------------------------------------------------
		28 Add column : 1 col:38 	3.844
			Start solve  LP :3.844
			End solve LP obj: 11.0 t: 0
com.wlj.solver.BBSolver:
--------------------------------------- Price Problem Start --------------------------------------------------------
constraints.size = 0 , dualPrice.size = 80 , dualPrice = [1.0, 1.0, 0.7272727272727273, 1.0, 0.5454545454545454, 0.6363636363636365, 0.27272727272727293, -0.0, 0.36363636363636365, 0.5454545454545455, 0.7272727272727271, 0.4545454545454546, -0.0, 0.09090909090909083, -0.0, -0.0, 0.4545454545454546, -0.0, -0.0, 0.27272727272727276, 0.27272727272727276, 0.09090909090909083, -0.0, -0.0, 0.18181818181818174, 0.09090909090909072, 0.18181818181818163, -0.0, -0.0, -0.0, 0.27272727272727293, -0.0, -0.0, -0.0, -0.0, -0.0, -0.0, -0.0, -0.0, -0.0, -0.0, -0.0, -0.0, -0.0, -0.0, -0.0, -0.0, -0.0, -0.0, -0.0, 0.2727272727272728, 0.5454545454545454, -0.0, 1.0, -0.0, -0.0, -0.0, -0.0, -0.0, -0.0, -0.0, -0.0, -0.0, -0.0, -0.0, -0.0, -0.0, -0.0, -0.0, -0.0, -0.0, -0.0, -0.0, -0.0, -0.0, -0.0, -0.0, -0.0, -0.0, -0.0]
			Active cut size: 0
W:100
H:100
xList.size = 20
yList.size = 65
squareList.size = 23
myConsList.size = 0
cplex1的参考解为：3.3636363636363638 0.063 s
canvasWidth:100,
canvasHeight:100,
data:[{x:0,y:43,l:47,w:8},{x:0,y:90,l:10,w:39},{x:0,y:11,l:32,w:27},{x:8,y:44,l:46,w:43},{x:27,y:35,l:9,w:39},{x:27,y:1,l:34,w:39},{x:67,y:0,l:98,w:33},],
curBestBinNum = 11
instance.getSquareList().size() = 23
solution.getPlaceSquareList().size() = 7
pattern.getKey() = 10@16@25@30@50@51@53@
solveSubProblemByIp 总用时：63 ms
--------------------------------------- Price Problem End --------------------------------------------------------
		29 Add column : 1 col:39 	3.907
			Start solve  LP :3.907
			End solve LP obj: 11.0 t: 0
com.wlj.solver.BBSolver:
--------------------------------------- Price Problem Start --------------------------------------------------------
constraints.size = 0 , dualPrice.size = 80 , dualPrice = [1.0, 1.0, 1.0, 1.0, 0.6, 0.8, 0.7999999999999999, -0.0, 0.6, -0.0, -0.0, 0.4, 0.6, 0.4, 0.20000000000000007, -0.0, -0.0, -0.0, 0.19999999999999996, -0.0, 0.0, 0.19999999999999996, 0.0, -0.0, 0.4, 0.19999999999999996, 0.20000000000000007, -0.0, -0.0, -0.0, -0.0, -0.0, -0.0, -0.0, -0.0, -0.0, 0.20000000000000007, -0.0, -0.0, -0.0, -0.0, -0.0, -0.0, -0.0, -0.0, 0.4, -0.0, -0.0, -0.0, -0.0, 0.0, -0.0, -0.0, 0.7999999999999999, -0.0, -0.0, -0.0, -0.0, -0.0, -0.0, -0.0, -0.0, -0.0, -0.0, -0.0, -0.0, -0.0, -0.0, -0.0, -0.0, -0.0, -0.0, -0.0, -0.0, -0.0, -0.0, -0.0, -0.0, -0.0, -0.0]
			Active cut size: 0
W:100
H:100
xList.size = 9
yList.size = 49
squareList.size = 20
myConsList.size = 0
cplex1的参考解为：3.0 0.062 s
canvasWidth:100,
canvasHeight:100,
data:[{x:0,y:53,l:47,w:49},{x:9,y:44,l:9,w:39},{x:9,y:6,l:38,w:36},{x:49,y:24,l:76,w:49},{x:70,y:8,l:16,w:29},],
curBestBinNum = 11
instance.getSquareList().size() = 20
solution.getPlaceSquareList().size() = 5
pattern.getKey() = 6@12@24@45@53@
solveSubProblemByIp 总用时：62 ms
--------------------------------------- Price Problem End --------------------------------------------------------
		30 Add column : 1 col:40 	3.969
			Start solve  LP :3.969
			End solve LP obj: 11.0 t: 0
com.wlj.solver.BBSolver:
--------------------------------------- Price Problem Start --------------------------------------------------------
constraints.size = 0 , dualPrice.size = 80 , dualPrice = [1.0, 1.0, 0.9999999999999999, 1.0, 0.6666666666666667, 0.6666666666666665, 0.33333333333333326, -0.0, 0.33333333333333326, 0.6666666666666667, -0.0, 0.33333333333333326, 0.33333333333333337, -0.0, 0.6666666666666666, -0.0, 0.33333333333333337, -0.0, -0.0, -0.0, 1.1102230246251565E-16, 0.3333333333333334, -0.0, -0.0, 0.33333333333333326, -0.0, 0.0, -0.0, -0.0, 1.1102230246251565E-16, 0.33333333333333315, -0.0, -0.0, -0.0, -0.0, -0.0, 0.6666666666666667, -0.0, -0.0, -0.0, 0.33333333333333326, -0.0, -0.0, -0.0, -0.0, -0.0, -0.0, -0.0, -0.0, -0.0, 0.3333333333333334, -0.0, -0.0, 1.1102230246251565E-16, -0.0, -0.0, -0.0, 0.33333333333333315, -0.0, -0.0, -0.0, -0.0, -0.0, -0.0, -0.0, -0.0, -0.0, -0.0, -0.0, -0.0, -0.0, -0.0, -0.0, -0.0, -0.0, -0.0, -0.0, -0.0, -0.0, -0.0]
			Active cut size: 0
W:100
H:100
xList.size = 21
yList.size = 47
squareList.size = 20
myConsList.size = 0
cplex1的参考解为：3.333333333333333 0.031 s
canvasWidth:100,
canvasHeight:100,
data:[{x:0,y:21,l:79,w:9},{x:0,y:13,l:8,w:32},{x:9,y:56,l:27,w:79},{x:9,y:24,l:32,w:27},{x:9,y:83,l:17,w:85},{x:32,y:1,l:23,w:29},{x:52,y:46,l:10,w:39},{x:63,y:8,l:38,w:36},],
curBestBinNum = 11
instance.getSquareList().size() = 20
solution.getPlaceSquareList().size() = 8
pattern.getKey() = 14@21@24@30@36@40@50@57@
solveSubProblemByIp 总用时：31 ms
--------------------------------------- Price Problem End --------------------------------------------------------
		31 Add column : 1 col:41 	4.0
			Start solve  LP :4.0
			End solve LP obj: 11.0 t: 0
com.wlj.solver.BBSolver:
--------------------------------------- Price Problem Start --------------------------------------------------------
constraints.size = 0 , dualPrice.size = 80 , dualPrice = [1.0, 1.0, 0.7441860465116279, 1.0, 0.5348837209302326, 0.5116279069767442, 0.20930232558139528, -0.0, 0.6046511627906976, 0.39534883720930236, 0.5116279069767442, 0.4651162790697674, -0.0, -0.0, -0.0, -0.0, 0.04651162790697683, -0.0, -0.0, 0.2558139534883721, 0.2558139534883721, -0.0, -0.0, -0.0, 0.34883720930232553, -0.0, 0.39534883720930236, -0.0, -0.0, 0.48837209302325574, -0.0, -0.0, -0.0, -0.0, -0.0, -0.0, 0.1162790697674419, -0.0, -0.0, -0.0, 0.06976744186046502, -0.0, -0.0, -0.0, -0.0, -0.0, 0.16279069767441867, 0.48837209302325574, -0.0, -0.0, -0.0, -0.0, 0.48837209302325574, 0.4418604651162792, -0.0, -0.0, -0.0, 0.4651162790697674, -0.0, -0.0, -0.0, -0.0, -0.0, -0.0, -0.0, -0.0, -0.0, -0.0, -0.0, -0.0, -0.0, -0.0, -0.0, -0.0, -0.0, -0.0, -0.0, -0.0, -0.0, -0.0]
			Active cut size: 0
W:100
H:100
xList.size = 45
yList.size = 69
squareList.size = 24
myConsList.size = 0
cplex1的参考解为：3.86046511627907 1.708 s
canvasWidth:100,
canvasHeight:100,
data:[{x:0,y:0,l:21,w:17},{x:0,y:21,l:79,w:9},{x:9,y:86,l:14,w:90},{x:9,y:39,l:38,w:36},{x:21,y:0,l:33,w:79},{x:30,y:77,l:9,w:39},{x:45,y:36,l:19,w:22},{x:48,y:55,l:22,w:21},{x:67,y:40,l:8,w:32},{x:69,y:48,l:38,w:29},],
curBestBinNum = 11
instance.getSquareList().size() = 24
solution.getPlaceSquareList().size() = 10
pattern.getKey() = 11@24@26@29@36@46@47@52@53@57@
solveSubProblemByIp 总用时：1724 ms
--------------------------------------- Price Problem End --------------------------------------------------------
		32 Add column : 1 col:42 	5.724
			Start solve  LP :5.724
			End solve LP obj: 11.0 t: 0
com.wlj.solver.BBSolver:
--------------------------------------- Price Problem Start --------------------------------------------------------
constraints.size = 0 , dualPrice.size = 80 , dualPrice = [1.0, 1.0, 0.7333333333333333, 1.0, 0.9333333333333333, 0.6000000000000001, 0.3333333333333333, -0.0, 0.40000000000000013, 0.5999999999999999, 0.33333333333333337, 0.06666666666666665, 0.6, -0.0, -0.0, -0.0, -0.0, -0.0, 0.06666666666666665, 0.2666666666666667, 0.2666666666666667, 0.13333333333333325, -0.0, -0.0, 0.06666666666666665, -0.0, 0.06666666666666679, -0.0, -0.0, -0.0, 0.3999999999999999, 0.33333333333333337, -0.0, -0.0, -0.0, -0.0, -0.0, -0.0, -0.0, -0.0, -0.0, -0.0, -0.0, -0.0, -0.0, -0.0, -0.0, 0.3999999999999999, -0.0, -0.0, -0.0, -0.0, -0.0, -0.0, -0.0, 1.0, -0.0, 0.4, -0.0, -0.0, -0.0, -0.0, -0.0, -0.0, -0.0, -0.0, -0.0, -0.0, -0.0, -0.0, -0.0, -0.0, -0.0, -0.0, -0.0, -0.0, -0.0, -0.0, -0.0, -0.0]
			Active cut size: 0
W:100
H:100
xList.size = 31
yList.size = 67
squareList.size = 23
myConsList.size = 0
cplex1的参考解为：3.733333333333333 0.097 s
canvasWidth:100,
canvasHeight:100,
data:[{x:0,y:5,l:47,w:49},{x:8,y:52,l:48,w:81},{x:49,y:19,l:19,w:22},{x:54,y:38,l:6,w:46},{x:68,y:44,l:8,w:32},{x:73,y:6,l:32,w:27},],
curBestBinNum = 11
instance.getSquareList().size() = 23
solution.getPlaceSquareList().size() = 6
pattern.getKey() = 4@12@30@47@55@57@
solveSubProblemByIp 总用时：97 ms
--------------------------------------- Price Problem End --------------------------------------------------------
		33 Add column : 1 col:43 	5.821
			Start solve  LP :5.821
			End solve LP obj: 11.0 t: 0
com.wlj.solver.BBSolver:
--------------------------------------- Price Problem Start --------------------------------------------------------
constraints.size = 0 , dualPrice.size = 80 , dualPrice = [1.0, 1.0, 0.6666666666666667, 1.0, 0.0, 0.6666666666666666, 0.33333333333333337, -0.0, 0.6666666666666666, 0.33333333333333337, 0.6666666666666666, 0.6666666666666667, -0.0, -0.0, -0.0, -0.0, -0.0, -0.0, 0.33333333333333337, 0.3333333333333333, 0.3333333333333333, 0.0, -0.0, -0.0, -0.0, -0.0, 0.3333333333333333, -0.0, -0.0, -0.0, -0.0, -0.0, -0.0, -0.0, -0.0, -0.0, -0.0, -0.0, -0.0, -0.0, -0.0, -0.0, 0.33333333333333326, -0.0, -0.0, -0.0, -0.0, -0.0, -0.0, -0.0, 0.33333333333333337, -0.0, -0.0, -0.0, -0.0, 1.0, -0.0, -0.0, -0.0, -0.0, 1.0, -0.0, -0.0, -0.0, -0.0, -0.0, -0.0, -0.0, -0.0, -0.0, -0.0, -0.0, -0.0, -0.0, -0.0, -0.0, -0.0, -0.0, -0.0, -0.0]
			Active cut size: 0
W:100
H:100
xList.size = 7
yList.size = 85
squareList.size = 18
myConsList.size = 0
cplex1的参考解为：4.0 0.091 s
canvasWidth:100,
canvasHeight:100,
data:[{x:0,y:67,l:33,w:79},{x:0,y:57,l:10,w:39},{x:0,y:49,l:8,w:81},{x:0,y:35,l:14,w:90},{x:0,y:19,l:16,w:96},{x:49,y:14,l:5,w:43},{x:49,y:8,l:6,w:46},],
curBestBinNum = 11
instance.getSquareList().size() = 18
solution.getPlaceSquareList().size() = 7
pattern.getKey() = 11@19@26@42@50@55@60@
solveSubProblemByIp 总用时：91 ms
--------------------------------------- Price Problem End --------------------------------------------------------
		34 Add column : 1 col:44 	5.912
			Start solve  LP :5.912
			End solve LP obj: 11.0 t: 0
com.wlj.solver.BBSolver:
--------------------------------------- Price Problem Start --------------------------------------------------------
constraints.size = 0 , dualPrice.size = 80 , dualPrice = [1.0, 1.0, 0.6666666666666667, 1.0, 0.6666666666666667, 0.3333333333333335, 0.6666666666666665, -0.0, 0.6666666666666665, 0.3333333333333334, 0.3333333333333334, -0.0, -0.0, -0.0, 0.33333333333333337, 0.3333333333333335, -0.0, -0.0, 0.33333333333333326, -0.0, 0.3333333333333333, 0.3333333333333334, -0.0, -0.0, 0.33333333333333326, 0.33333333333333326, -0.0, -0.0, -0.0, 0.33333333333333326, -0.0, -0.0, -0.0, -0.0, -0.0, -0.0, -0.0, 0.3333333333333333, -0.0, -0.0, -0.0, -0.0, 0.33333333333333326, -0.0, -0.0, -0.0, -0.0, -5.551115123125783E-17, -0.0, -0.0, -0.0, -0.0, 0.33333333333333315, -0.0, -0.0, -0.0, -0.0, -0.0, -0.0, -0.0, 0.6666666666666667, -0.0, -0.0, -0.0, -0.0, -0.0, -0.0, -0.0, -0.0, -0.0, -0.0, -0.0, -0.0, -0.0, -0.0, -0.0, -0.0, -0.0, -0.0, -0.0]
			Active cut size: 0
W:100
H:100
xList.size = 27
yList.size = 53
squareList.size = 22
myConsList.size = 0
cplex1的参考解为：2.9999999999999996 0.078 s
canvasWidth:100,
canvasHeight:100,
data:[{x:0,y:87,l:5,w:43},{x:0,y:92,l:8,w:81},{x:0,y:49,l:38,w:29},{x:0,y:11,l:38,w:36},{x:29,y:51,l:36,w:41},{x:41,y:16,l:35,w:20},{x:61,y:17,l:34,w:39},{x:83,y:79,l:21,w:17},],
curBestBinNum = 11
instance.getSquareList().size() = 22
solution.getPlaceSquareList().size() = 8
pattern.getKey() = 20@24@25@29@37@42@52@60@
solveSubProblemByIp 总用时：93 ms
--------------------------------------- Price Problem End --------------------------------------------------------
		35 Add column : 1 col:45 	6.005
			Start solve  LP :6.005
			End solve LP obj: 11.0 t: 0
com.wlj.solver.BBSolver:
--------------------------------------- Price Problem Start --------------------------------------------------------
constraints.size = 0 , dualPrice.size = 80 , dualPrice = [1.0, 1.0, 1.0, 1.0, 0.6301369863013699, 0.6301369863013699, 0.28767123287671237, -0.0, 0.28767123287671237, 0.7123287671232876, 0.7123287671232876, 0.013698630136986134, 0.1780821917808219, -0.0, 0.23287671232876705, 0.0273972602739726, -0.0, 0.5616438356164384, 0.3698630136986301, -0.0, -0.0, 0.3698630136986301, 0.1917808219178082, -0.0, 0.10958904109589046, -0.0, -0.0, -0.0, -0.0, -0.0, 0.1506849315068493, -0.0, -0.0, -0.0, -0.0, -0.0, -0.0, -0.0, 0.356164383561644, 0.0, -0.0, -0.0, -0.0, -0.0, -0.0, -0.0, -0.0, 0.041095890410958846, -0.0, -0.0, 0.13698630136986312, -0.0, 0.17808219178082196, -0.0, -0.0, -0.0, -0.0, -0.0, -0.0, -0.0, 0.7123287671232876, -0.0, -0.0, -0.0, 0.1095890410958904, -0.0, -0.0, -0.0, -0.0, -0.0, -0.0, -0.0, -0.0, -0.0, -0.0, -0.0, -0.0, -0.0, -0.0, -0.0]
			Active cut size: 0
W:100
H:100
xList.size = 37
yList.size = 77
squareList.size = 26
myConsList.size = 0
cplex1的参考解为：3.2876712328767126 0.11 s
canvasWidth:100,
canvasHeight:100,
data:[{x:0,y:95,l:5,w:43},{x:0,y:43,l:42,w:47},{x:0,y:5,l:32,w:27},{x:0,y:85,l:10,w:39},{x:0,y:37,l:6,w:30},{x:30,y:1,l:42,w:37},{x:48,y:43,l:36,w:19},{x:50,y:79,l:21,w:17},{x:67,y:0,l:98,w:33},],
curBestBinNum = 11
instance.getSquareList().size() = 26
solution.getPlaceSquareList().size() = 9
pattern.getKey() = 10@17@18@30@38@50@52@60@64@
solveSubProblemByIp 总用时：110 ms
--------------------------------------- Price Problem End --------------------------------------------------------
		36 Add column : 1 col:46 	6.115
			Start solve  LP :6.115
			End solve LP obj: 11.0 t: 0
com.wlj.solver.BBSolver:
--------------------------------------- Price Problem Start --------------------------------------------------------
constraints.size = 0 , dualPrice.size = 80 , dualPrice = [1.0, 1.0, 0.7142857142857143, 1.0, 0.7142857142857143, 0.5714285714285714, 0.5714285714285714, -0.0, 0.5714285714285714, 0.42857142857142855, 0.42857142857142855, 0.2857142857142857, -0.0, -0.0, -0.0, -0.0, -0.0, -0.0, 0.2857142857142857, -0.0, 0.2857142857142857, 0.42857142857142855, -0.0, -0.0, 0.28571428571428575, -0.0, -0.0, -0.0, -0.0, 0.14285714285714285, -0.0, -0.0, -0.0, -0.0, -0.0, -0.0, -0.0, -0.0, -0.0, 0.2857142857142857, -0.0, -0.0, -0.0, -0.0, -0.0, 0.1428571428571428, -0.0, 0.14285714285714285, -0.0, -0.0, -0.0, 0.42857142857142855, -0.0, -0.0, -0.0, -0.0, -0.0, -0.0, -0.0, -0.0, 0.2857142857142857, -0.0, 1.0, -0.0, -0.0, -0.0, -0.0, -0.0, -0.0, -0.0, -0.0, -0.0, -0.0, -0.0, -0.0, -0.0, -0.0, -0.0, -0.0, -0.0]
			Active cut size: 0
W:100
H:100
xList.size = 47
yList.size = 43
squareList.size = 22
myConsList.size = 0
cplex1的参考解为：3.7142857142857144 0.125 s
canvasWidth:100,
canvasHeight:100,
data:[{x:57,y:0,l:5,w:43},{x:0,y:0,l:19,w:22},{x:28,y:0,l:16,w:29},{x:92,y:17,l:47,w:8},{x:1,y:19,l:17,w:85},{x:86,y:24,l:33,w:6},{x:3,y:36,l:63,w:77},{x:80,y:66,l:34,w:20},],
curBestBinNum = 11
instance.getSquareList().size() = 22
solution.getPlaceSquareList().size() = 8
pattern.getKey() = 3@21@39@45@47@51@60@62@
solveSubProblemByIp 总用时：125 ms
--------------------------------------- Price Problem End --------------------------------------------------------
		37 Add column : 1 col:47 	6.24
			Start solve  LP :6.24
			End solve LP obj: 11.0 t: 15
com.wlj.solver.BBSolver:
--------------------------------------- Price Problem Start --------------------------------------------------------
constraints.size = 0 , dualPrice.size = 80 , dualPrice = [1.0, 1.0, 0.8, -0.0, 0.5333333333333332, 0.7333333333333333, 0.33333333333333337, -0.0, 0.5333333333333334, 0.4666666666666665, 0.33333333333333337, 0.4666666666666668, 0.40000000000000013, -0.0, -0.0, 0.2666666666666667, 0.2, -0.0, 0.2666666666666668, 0.19999999999999996, 0.19999999999999996, 0.06666666666666676, -0.0, 1.0, 0.2666666666666665, 0.2666666666666667, 0.20000000000000007, -0.0, -0.0, -5.551115123125783E-17, -0.0, 0.33333333333333326, -0.0, -0.0, -0.0, -0.0, -0.0, -0.0, -0.0, -0.0, -0.0, -0.0, -0.0, -0.0, -0.0, -0.0, -0.0, -0.0, -0.0, -0.0, -0.0, -0.0, -0.0, -0.0, -0.0, -0.0, -0.0, -0.0, -0.0, -0.0, -0.0, -0.0, 0.7333333333333333, -0.0, 0.3999999999999998, -0.0, -0.0, -0.0, -0.0, -0.0, -0.0, -0.0, -0.0, -0.0, -0.0, -0.0, -0.0, -0.0, -0.0, -0.0]
			Active cut size: 0
W:100
H:100
xList.size = 41
yList.size = 49
squareList.size = 24
myConsList.size = 0
cplex1的参考解为：3.6 0.438 s
canvasWidth:100,
canvasHeight:100,
data:[{x:0,y:48,l:6,w:30},{x:0,y:10,l:38,w:36},{x:0,y:86,l:14,w:90},{x:8,y:54,l:32,w:44},{x:37,y:5,l:47,w:49},{x:53,y:52,l:34,w:39},{x:86,y:19,l:33,w:6},{x:92,y:0,l:99,w:8},],
curBestBinNum = 11
instance.getSquareList().size() = 24
solution.getPlaceSquareList().size() = 8
pattern.getKey() = 12@23@24@25@26@31@62@64@
solveSubProblemByIp 总用时：438 ms
--------------------------------------- Price Problem End --------------------------------------------------------
		38 Add column : 1 col:48 	6.693
			Start solve  LP :6.693
			End solve LP obj: 11.0 t: 0
com.wlj.solver.BBSolver:
--------------------------------------- Price Problem Start --------------------------------------------------------
constraints.size = 0 , dualPrice.size = 80 , dualPrice = [1.0, 1.0, 0.3114754098360655, 0.0, 0.40983606557377045, 0.2295081967213115, 0.42622950819672134, -0.0, 0.42622950819672134, 0.5737704918032787, 0.5737704918032787, -0.0, -0.0, -0.0, 0.4426229508196722, 0.08196721311475408, 0.1639344262295082, -0.0, 0.4262295081967213, 0.39344262295081966, 0.180327868852459, 0.180327868852459, 0.39344262295081966, 1.0, -0.0, -0.0, -0.0, 0.19672131147540983, 0.5081967213114755, 0.3442622950819672, -0.0, -0.0, -0.0, -0.0, -0.0, -0.0, -0.0, -0.0, -0.0, -0.0, 0.2950819672131147, -0.0, 0.4262295081967213, 0.2950819672131148, 0.1639344262295082, -0.0, -0.0, 0.3770491803278688, -0.0, -0.0, -0.0, -0.0, -0.0, -0.0, -0.0, 0.18032786885245905, -0.0, -0.0, -0.0, -0.0, -0.0, -0.0, -0.0, -0.0, -0.0, -0.0, -0.0, -0.0, -0.0, -0.0, -0.0, -0.0, -0.0, -0.0, -0.0, -0.0, -0.0, -0.0, -0.0, -0.0]
			Active cut size: 0
W:100
H:100
xList.size = 45
yList.size = 67
squareList.size = 27
myConsList.size = 0
cplex1的参考解为：4.213114754098361 1.953 s
canvasWidth:100,
canvasHeight:100,
data:[{x:0,y:0,l:37,w:39},{x:0,y:84,l:16,w:96},{x:0,y:37,l:47,w:11},{x:11,y:38,l:6,w:46},{x:12,y:76,l:8,w:81},{x:22,y:44,l:32,w:44},{x:41,y:0,l:38,w:29},{x:66,y:42,l:34,w:34},{x:71,y:0,l:23,w:29},{x:78,y:23,l:19,w:22},],
curBestBinNum = 11
instance.getSquareList().size() = 27
solution.getPlaceSquareList().size() = 10
pattern.getKey() = 19@22@23@28@29@40@42@43@47@55@
solveSubProblemByIp 总用时：1969 ms
--------------------------------------- Price Problem End --------------------------------------------------------
		39 Add column : 1 col:49 	8.662
			Start solve  LP :8.662
			End solve LP obj: 11.0 t: 0
com.wlj.solver.BBSolver:
--------------------------------------- Price Problem Start --------------------------------------------------------
constraints.size = 0 , dualPrice.size = 80 , dualPrice = [1.0, 1.0, 0.6745027124773959, 0.6726943942133817, -0.0, 0.5244122965641952, 0.45569620253164567, -0.0, 0.4629294755877035, 0.5370705244122965, 0.45569620253164567, -0.0, 0.35443037974683533, -0.0, 0.2820976491862568, 0.26039783001808303, 0.3471971066907775, -0.0, 0.3634719710669078, -0.0, 0.32549728752260404, 0.2893309222423146, 0.06509945750452087, 0.32730560578661827, 0.18987341772151903, 0.04701627486437601, 0.00723327305605781, 0.18625678119349015, -0.0, 0.11211573236889694, 0.1500904159132008, -0.0, -0.0, -0.0, -0.0, -0.0, 0.08860759493670872, 0.32549728752260404, -0.0, -0.0, -0.0, -0.0, -0.0, -0.0, 1.0, -0.0, -0.0, 0.03797468354430367, -0.0, -0.0, -0.0, -0.0, -0.0, -0.0, -0.0, 0.4575045207956602, -0.0, -0.0, -0.0, -0.0, -0.0, -0.0, -0.0, -0.0, -0.0, -0.0, -0.0, -0.0, -0.0, -0.0, -0.0, -0.0, -0.0, -0.0, -0.0, -0.0, -0.0, -0.0, -0.0, -0.0]
			Active cut size: 0
W:100
H:100
xList.size = 57
yList.size = 55
squareList.size = 29
myConsList.size = 0
cplex1的参考解为：3.4358047016274864 3.046 s
canvasWidth:100,
canvasHeight:100,
data:[{x:44,y:0,l:41,w:12},{x:56,y:0,l:32,w:44},{x:3,y:0,l:36,w:41},{x:63,y:34,l:42,w:37},{x:0,y:37,l:46,w:43},{x:43,y:42,l:35,w:20},{x:54,y:77,l:6,w:46},{x:0,y:83,l:17,w:85},],
curBestBinNum = 11
instance.getSquareList().size() = 29
solution.getPlaceSquareList().size() = 8
pattern.getKey() = 16@18@20@21@23@37@44@55@
solveSubProblemByIp 总用时：3046 ms
--------------------------------------- Price Problem End --------------------------------------------------------
		40 Add column : 1 col:50 	11.708
			Start solve  LP :11.708
			End solve LP obj: 11.0 t: 0
com.wlj.solver.BBSolver:
--------------------------------------- Price Problem Start --------------------------------------------------------
constraints.size = 0 , dualPrice.size = 80 , dualPrice = [1.0, 1.0, 0.6470588235294117, 0.970588235294118, 0.29411764705882304, 0.3823529411764708, 0.5294117647058829, -0.0, 0.35294117647058854, 0.26470588235294046, 0.4705882352941171, -0.0, 0.2941176470588236, 0.382352941176471, 0.4411764705882351, 0.32352941176470623, -0.0, -0.0, 0.26470588235294135, 0.3529411764705883, -0.0, -0.0, 0.264705882352941, -0.0, 0.14705882352941158, 0.35294117647058826, 0.20588235294117668, 0.2647058823529409, 0.3529411764705883, 0.02941176470588236, 0.029411764705882026, -0.0, 0.029411764705882026, -0.0, -0.0, -0.0, -0.0, -0.0, -0.0, -0.0, -0.0, -0.0, -0.0, -0.0, 0.705882352941177, 0.02941176470588197, -0.0, -0.0, -0.0, -0.0, -0.0, -0.0, 0.2352941176470587, -0.0, -0.0, -0.0, -0.0, 0.38235294117647134, -0.0, -0.0, -0.0, -0.0, -0.0, -0.0, -0.0, -0.0, -0.0, -0.0, -0.0, -0.0, -0.0, -0.0, -0.0, -0.0, -0.0, -0.0, -0.0, -0.0, -0.0, -0.0]
			Active cut size: 0
W:100
H:100
xList.size = 49
yList.size = 49
squareList.size = 29
myConsList.size = 0
cplex1的参考解为：3.11764705882353 3.219 s
canvasWidth:100,
canvasHeight:100,
data:[{x:0,y:0,l:16,w:96},{x:21,y:16,l:27,w:79},{x:9,y:24,l:41,w:12},{x:68,y:43,l:8,w:32},{x:51,y:45,l:21,w:17},{x:22,y:49,l:16,w:29},{x:75,y:51,l:49,w:25},{x:2,y:65,l:34,w:34},{x:36,y:66,l:34,w:39},],
curBestBinNum = 11
instance.getSquareList().size() = 29
solution.getPlaceSquareList().size() = 9
pattern.getKey() = 14@19@25@27@28@44@45@52@57@
solveSubProblemByIp 总用时：3219 ms
--------------------------------------- Price Problem End --------------------------------------------------------
		41 Add column : 1 col:51 	14.927
			Start solve  LP :14.927
			End solve LP obj: 11.0 t: 0
com.wlj.solver.BBSolver:
--------------------------------------- Price Problem Start --------------------------------------------------------
constraints.size = 0 , dualPrice.size = 80 , dualPrice = [1.0, 1.0, 0.9142857142857146, -0.0, 0.5999999999999998, 0.7714285714285718, 0.6857142857142855, -0.0, 0.48571428571428554, -0.0, 0.3142857142857145, -0.0, -0.0, 0.5142857142857145, -0.0, 0.02857142857142858, 0.17142857142857104, 0.2857142857142859, 0.2285714285714282, 0.028571428571428595, -0.0, 0.1999999999999999, -0.0, -0.0, 0.22857142857142876, -0.0, 0.3142857142857145, -0.0, 0.08571428571428537, -0.0, -0.0, -0.0, 1.0, -0.0, -0.0, -0.0, -0.0, -0.0, -0.0, 0.05714285714285677, -0.0, -0.0, -0.0, -0.0, 0.40000000000000024, 0.08571428571428572, -0.0, -0.0, -0.0, -0.0, 0.17142857142857143, 0.34285714285714297, -0.0, -0.0, -0.0, -0.0, -0.0, 0.40000000000000024, -0.0, -0.0, -0.0, -0.0, 0.31428571428571467, -0.0, -0.0, -0.0, 0.37142857142857083, -0.0, -0.0, -0.0, -0.0, -0.0, -0.0, -0.0, -0.0, -0.0, -0.0, -0.0, -0.0, -0.0]
			Active cut size: 0
W:100
H:100
xList.size = 63
yList.size = 73
squareList.size = 27
myConsList.size = 0
cplex1的参考解为：4.371428571428573 1.89 s
canvasWidth:100,
canvasHeight:100,
data:[{x:0,y:0,l:63,w:61},{x:0,y:73,l:27,w:84},{x:0,y:63,l:10,w:39},{x:39,y:67,l:6,w:25},{x:61,y:34,l:33,w:6},{x:68,y:1,l:8,w:32},{x:69,y:26,l:47,w:8},{x:71,y:9,l:16,w:29},{x:77,y:25,l:34,w:23},{x:86,y:59,l:41,w:12},],
curBestBinNum = 11
instance.getSquareList().size() = 27
solution.getPlaceSquareList().size() = 10
pattern.getKey() = 5@13@32@44@45@50@51@57@62@66@
solveSubProblemByIp 总用时：1922 ms
--------------------------------------- Price Problem End --------------------------------------------------------
		42 Add column : 1 col:52 	16.849
			Start solve  LP :16.849
			End solve LP obj: 11.0 t: 0
com.wlj.solver.BBSolver:
--------------------------------------- Price Problem Start --------------------------------------------------------
constraints.size = 0 , dualPrice.size = 80 , dualPrice = [1.0, 1.0, 0.22222222222222224, -0.0, 0.6666666666666666, 0.4444444444444445, 0.5555555555555556, -0.0, 0.5555555555555556, 0.4444444444444444, -0.0, 0.33333333333333337, -0.0, -0.0, -0.0, 0.44444444444444436, 0.2222222222222222, -0.0, 0.11111111111111116, 0.22222222222222224, -0.0, 0.33333333333333326, -0.0, -0.0, 0.2222222222222222, -0.0, -0.0, -0.0, 0.7777777777777778, -0.0, 0.11111111111111116, -0.0, 0.0, -0.0, 1.0, -0.0, 0.33333333333333337, -0.0, -0.0, 0.5555555555555556, -0.0, -0.0, -0.0, -0.0, -0.0, -0.0, 0.11111111111111105, -0.0, -0.0, -0.0, -0.0, -0.0, -0.0, -0.0, -0.0, -0.0, -0.0, -0.0, -0.0, -0.0, -0.0, -0.0, -0.0, -0.0, 0.7777777777777778, -0.0, 0.5555555555555556, -0.0, -0.0, -0.0, -0.0, -0.0, -0.0, -0.0, -0.0, -0.0, -0.0, -0.0, -0.0, -0.0]
			Active cut size: 0
W:100
H:100
xList.size = 47
yList.size = 43
squareList.size = 23
myConsList.size = 0
cplex1的参考解为：5.0 0.766 s
canvasWidth:100,
canvasHeight:100,
data:[{x:3,y:0,l:32,w:24},{x:61,y:0,l:6,w:30},{x:27,y:0,l:34,w:34},{x:91,y:0,l:79,w:9},{x:63,y:6,l:71,w:28},{x:7,y:32,l:34,w:20},{x:27,y:34,l:38,w:36},{x:2,y:71,l:6,w:25},{x:0,y:83,l:17,w:85},],
curBestBinNum = 11
instance.getSquareList().size() = 23
solution.getPlaceSquareList().size() = 9
pattern.getKey() = 15@21@24@28@34@36@39@64@66@
solveSubProblemByIp 总用时：781 ms
--------------------------------------- Price Problem End --------------------------------------------------------
		43 Add column : 1 col:53 	17.63
			Start solve  LP :17.63
			End solve LP obj: 11.0 t: 0
com.wlj.solver.BBSolver:
--------------------------------------- Price Problem Start --------------------------------------------------------
constraints.size = 0 , dualPrice.size = 80 , dualPrice = [1.0, 1.0, 0.9230769230769231, -0.0, -0.0, 0.5384615384615385, 0.5384615384615384, -0.0, 0.5384615384615384, 0.46153846153846156, -0.0, -0.0, 0.30769230769230776, -0.0, -0.0, -0.0, 0.30769230769230765, -0.0, 0.4615384615384615, 0.0769230769230769, 0.0769230769230769, -0.0, -0.0, -0.0, 0.15384615384615388, 0.07692307692307698, -0.0, 0.3846153846153846, -0.0, -0.0, 0.3076923076923077, -0.0, 0.15384615384615385, -0.0, 0.8461538461538461, -0.0, -0.0, -0.0, -0.0, -0.0, -0.0, -0.0, -0.0, -0.0, -0.0, -0.0, 0.46153846153846156, 0.3846153846153845, -0.0, -0.0, -0.0, -0.0, -0.0, -0.0, 1.0, -0.0, -0.0, -0.0, -0.0, -0.0, -0.0, -0.0, -0.0, -0.0, -0.0, -0.0, -0.0, -0.0, -0.0, -0.0, 1.0, -0.0, -0.0, -0.0, -0.0, -0.0, -0.0, -0.0, -0.0, -0.0]
			Active cut size: 0
W:100
H:100
xList.size = 53
yList.size = 47
squareList.size = 22
myConsList.size = 0
cplex1的参考解为：5.3076923076923075 1.485 s
canvasWidth:100,
canvasHeight:100,
data:[{x:79,y:0,l:22,w:21},{x:11,y:0,l:42,w:37},{x:48,y:0,l:49,w:25},{x:73,y:34,l:32,w:27},{x:1,y:42,l:19,w:22},{x:27,y:47,l:5,w:21},{x:66,y:52,l:48,w:7},{x:23,y:53,l:46,w:43},{x:0,y:66,l:34,w:23},{x:76,y:68,l:32,w:24},],
curBestBinNum = 11
instance.getSquareList().size() = 22
solution.getPlaceSquareList().size() = 10
pattern.getKey() = 16@18@27@30@32@34@46@47@54@70@
solveSubProblemByIp 总用时：1500 ms
--------------------------------------- Price Problem End --------------------------------------------------------
		44 Add column : 1 col:54 	19.13
			Start solve  LP :19.13
			End solve LP obj: 11.0 t: 0
com.wlj.solver.BBSolver:
--------------------------------------- Price Problem Start --------------------------------------------------------
constraints.size = 0 , dualPrice.size = 80 , dualPrice = [1.0, 1.0, 0.5714285714285712, 1.0, 0.47619047619047605, 0.47619047619047594, 0.33333333333333315, -0.0, 0.5238095238095237, 0.4761904761904763, 0.33333333333333315, 0.28571428571428553, 0.4285714285714286, -0.0, 0.2857142857142857, -0.0, -0.0, -0.0, 0.2857142857142857, 0.28571428571428553, 0.42857142857142877, -0.0, 0.2857142857142857, -0.0, 0.23809523809523825, -0.0, 0.19047619047619058, -0.0, -0.0, 0.23809523809523833, -0.0, -0.0, -0.0, -0.0, 0.0, -0.0, -0.0, -0.0, -0.0, -0.0, -0.0, -0.0, -0.0, 0.14285714285714324, 0.23809523809523836, -0.0, -0.0, -0.0, -0.0, -0.0, 0.23809523809523836, -0.0, -0.0, -0.0, -0.0, -0.0, -0.0, 0.047619047619047256, -0.0, -0.0, -0.0, -0.0, -0.0, -0.0, 0.14285714285714257, -0.0, -0.0, -0.0, -0.0, -0.0, 0.7142857142857143, -0.0, -0.0, -0.0, -0.0, 0.3333333333333337, -0.0, -0.0, -0.0, -0.0]
			Active cut size: 0
W:100
H:100
xList.size = 45
yList.size = 94
squareList.size = 27
myConsList.size = 0
cplex1的参考解为：3.333333333333334 1.657 s
canvasWidth:100,
canvasHeight:100,
data:[{x:0,y:0,l:36,w:41},{x:0,y:84,l:16,w:96},{x:0,y:37,l:47,w:11},{x:11,y:43,l:41,w:12},{x:23,y:46,l:38,w:36},{x:32,y:36,l:10,w:39},{x:41,y:25,l:6,w:30},{x:42,y:31,l:5,w:21},{x:47,y:1,l:8,w:32},{x:54,y:0,l:1,w:46},{x:61,y:47,l:37,w:39},{x:71,y:9,l:38,w:29},],
curBestBinNum = 11
instance.getSquareList().size() = 27
solution.getPlaceSquareList().size() = 12
pattern.getKey() = 19@20@22@24@29@43@44@50@57@64@70@75@
solveSubProblemByIp 总用时：1672 ms
--------------------------------------- Price Problem End --------------------------------------------------------
		45 Add column : 1 col:55 	20.802
			Start solve  LP :20.802
			End solve LP obj: 11.0 t: 0
com.wlj.solver.BBSolver:
--------------------------------------- Price Problem Start --------------------------------------------------------
constraints.size = 0 , dualPrice.size = 80 , dualPrice = [1.0, 1.0, -0.0, 0.8032786885245901, 0.4098360655737705, 0.7704918032786885, -0.0, -0.0, 0.4754098360655738, 0.5245901639344261, 0.4426229508196722, -0.0, 0.39344262295081966, -0.0, 0.3770491803278688, -0.0, 0.36065573770491804, -0.0, 0.22950819672131145, 0.11475409836065573, -0.0, -0.0, 0.03278688524590159, -0.0, 0.1639344262295082, -0.0, 0.29508196721311475, 0.11475409836065573, -0.0, -0.0, 0.19672131147540986, -0.0, -0.0, 1.0, 0.09836065573770489, -0.0, -0.0, -0.0, -0.0, 0.19672131147540994, 0.2622950819672132, 0.09836065573770503, 0.5901639344262295, -0.0, -0.0, -0.0, -0.0, -0.0, -0.0, 0.36065573770491804, -0.0, -0.0, -0.0, -5.551115123125783E-17, -0.0, -0.0, -0.0, -0.0, -0.0, -0.0, -0.0, -0.0, -0.0, -0.0, 0.13114754098360656, -0.0, -0.0, -0.0, -0.0, -0.0, -0.0, -0.0, -0.0, -0.0, -0.0, 0.5573770491803278, -0.0, -0.0, -0.0, -0.0]
			Active cut size: 0
W:100
H:100
xList.size = 45
yList.size = 84
squareList.size = 27
myConsList.size = 0
cplex1的参考解为：4.19672131147541 1.515 s
canvasWidth:100,
canvasHeight:100,
data:[{x:0,y:3,l:19,w:41},{x:0,y:31,l:55,w:94},{x:0,y:22,l:1,w:46},{x:0,y:86,l:14,w:90},{x:18,y:23,l:8,w:81},{x:41,y:0,l:6,w:30},{x:46,y:6,l:17,w:24},{x:71,y:0,l:23,w:29},],
curBestBinNum = 11
instance.getSquareList().size() = 27
solution.getPlaceSquareList().size() = 8
pattern.getKey() = 1@26@33@40@42@49@64@75@
solveSubProblemByIp 总用时：1531 ms
--------------------------------------- Price Problem End --------------------------------------------------------
		46 Add column : 1 col:56 	22.333
			Start solve  LP :22.333
			End solve LP obj: 11.0 t: 0
com.wlj.solver.BBSolver:
--------------------------------------- Price Problem Start --------------------------------------------------------
constraints.size = 0 , dualPrice.size = 80 , dualPrice = [1.0, -0.0, 0.7610208816705336, -0.0, 0.42923433874709976, 0.6334106728538282, -0.0, 1.0, 0.4872389791183295, 0.5127610208816705, -0.0, -0.0, 0.28538283062645015, -0.0, 0.37819025522041766, -0.0, 0.234338747099768, -0.0, 0.33642691415313225, -0.0, -0.0, 0.24361948955916474, 0.12761020881670532, -0.0, 0.27842227378190254, -0.0, 0.04176334106728535, 0.12296983758700697, 0.23897911832946636, -0.0, 0.09976798143851506, 0.39443155452436196, -0.0, -0.0, -0.0, -0.0, -0.0, -0.0, 0.20649651972157773, 0.23897911832946636, -0.0, 1.0, 0.3642691415313225, -0.0, -0.0, -0.0, 0.011600928074245842, -0.0, -0.0, -0.0, -0.0, -0.0, -0.0, 0.4361948955916473, -0.0, 0.18561484918793508, -0.0, -0.0, -0.0, -0.0, 0.35730858468677495, -0.0, -0.0, -0.0, -0.0, -0.0, -0.0, -0.0, -0.0, -0.0, -0.0, -0.0, -0.0, -0.0, -0.0, 0.5939675174013922, -0.0, -0.0, -0.0, -0.0]
			Active cut size: 0
W:100
H:100
xList.size = 56
yList.size = 94
squareList.size = 28
myConsList.size = 0
cplex1的参考解为：5.016241299303944 1.83 s
canvasWidth:100,
canvasHeight:100,
data:[{x:0,y:0,l:99,w:8},{x:8,y:0,l:9,w:39},{x:8,y:13,l:36,w:19},{x:19,y:92,l:8,w:81},{x:21,y:49,l:43,w:78},{x:27,y:12,l:37,w:18},{x:45,y:48,l:1,w:46},{x:45,y:9,l:34,w:20},{x:54,y:3,l:6,w:46},{x:57,y:43,l:5,w:43},{x:65,y:9,l:34,w:34},],
curBestBinNum = 11
instance.getSquareList().size() = 28
solution.getPlaceSquareList().size() = 11
pattern.getKey() = 7@28@31@38@39@41@42@53@55@60@75@
solveSubProblemByIp 总用时：1830 ms
--------------------------------------- Price Problem End --------------------------------------------------------
		47 Add column : 1 col:57 	24.163
			Start solve  LP :24.163
			End solve LP obj: 11.0 t: 0
com.wlj.solver.BBSolver:
--------------------------------------- Price Problem Start --------------------------------------------------------
constraints.size = 0 , dualPrice.size = 80 , dualPrice = [1.0, 1.0, 0.6000000000000001, 0.19999999999999996, 0.6, 0.2, -0.0, -0.0, 0.0, 1.0, 0.6000000000000001, -0.0, 0.3999999999999999, -0.0, -0.0, -0.0, -0.0, 0.19999999999999996, 0.2, 0.2, -0.0, 0.6, 0.4, -0.0, -0.0, 0.19999999999999996, 0.0, -0.0, -0.0, 0.40000000000000013, -0.0, -0.0, -0.0, -0.0, -0.0, 0.3999999999999999, -0.0, 0.2, -0.0, -0.0, -0.0, 0.8, -0.0, -0.0, -0.0, 0.19999999999999996, 0.3999999999999999, -0.0, -0.0, -0.0, -0.0, -0.0, -0.0, 0.19999999999999996, 0.4, -0.0, -0.0, -0.0, -0.0, -0.0, -0.0, -0.0, -0.0, -0.0, -0.0, -0.0, 0.4, -0.0, -0.0, -0.0, -0.0, -0.0, -0.0, -0.0, -0.0, -0.0, -0.0, -0.0, 0.20000000000000007, -0.0]
			Active cut size: 0
W:100
H:100
xList.size = 51
yList.size = 74
squareList.size = 25
myConsList.size = 0
cplex1的参考解为：4.8 0.547 s
canvasWidth:100,
canvasHeight:100,
data:[{x:0,y:4,l:69,w:47},{x:0,y:82,l:1,w:20},{x:0,y:73,l:9,w:39},{x:7,y:83,l:17,w:85},{x:49,y:35,l:48,w:7},{x:49,y:9,l:22,w:21},{x:57,y:3,l:6,w:25},{x:58,y:66,l:17,w:42},{x:62,y:31,l:35,w:20},{x:71,y:13,l:16,w:29},{x:82,y:29,l:37,w:18},],
curBestBinNum = 11
instance.getSquareList().size() = 25
solution.getPlaceSquareList().size() = 11
pattern.getKey() = 9@21@35@37@41@45@46@53@54@66@78@
solveSubProblemByIp 总用时：562 ms
--------------------------------------- Price Problem End --------------------------------------------------------
		48 Add column : 1 col:58 	24.725
			Start solve  LP :24.725
			End solve LP obj: 11.0 t: 0
com.wlj.solver.BBSolver:
--------------------------------------- Price Problem Start --------------------------------------------------------
constraints.size = 0 , dualPrice.size = 80 , dualPrice = [1.0, 0.47205960617349657, 0.71261309207025, 0.9430548163916976, 0.42416178818520495, 0.5939329430548164, 0.37892496008515164, 0.5279403938265035, 0.47418839808408714, 0.35284725918041504, 0.36136242682277825, 0.42416178818520495, 0.38690792974986704, 0.17296434273549777, 0.3650878126663119, 0.14848323576370415, 0.327833954230974, 0.33528472591804154, 0.248004257583821, 0.23044172432144766, -0.0, -0.0, 0.20223523150612044, -0.0, 0.19797764768493883, 0.14688664183076086, 0.2682277807344333, 0.17562533262373597, -0.0, 0.027674294837679414, 0.05534858967535916, -0.0, -0.0, -0.0, -0.0, 0.28738690792975, -0.0, -0.0, -0.0, 0.05694518360830236, -0.0, 0.05694518360830236, -0.0, -0.0, -0.0, -0.0, -0.0, -0.0, -0.0, -0.0, -0.0, -0.0, -0.0, -0.0, 0.15167642362959016, -0.0, -0.0, 0.08195848855774351, -0.0, -0.0, -0.0, -0.0, -0.0, -0.0, -0.0, -0.0, 0.15114422565194235, -0.0, -0.0, -0.0, -0.0, -0.0, -0.0, -0.0, -0.0, 0.2597126130920701, -0.0, -0.0, -0.0, -0.0]
			Active cut size: 0
W:100
H:100
xList.size = 51
yList.size = 82
squareList.size = 34
myConsList.size = 0
cplex1的参考解为：2.228312932410857 4.033 s
canvasWidth:100,
canvasHeight:100,
data:[{x:0,y:59,l:27,w:79},{x:0,y:0,l:42,w:47},{x:0,y:42,l:17,w:42},{x:7,y:86,l:14,w:90},{x:42,y:52,l:6,w:25},{x:49,y:4,l:48,w:7},{x:54,y:58,l:1,w:46},{x:57,y:4,l:46,w:43},{x:68,y:50,l:8,w:32},],
curBestBinNum = 11
instance.getSquareList().size() = 34
solution.getPlaceSquareList().size() = 9
pattern.getKey() = 14@16@17@26@35@54@57@66@75@
solveSubProblemByIp 总用时：4033 ms
--------------------------------------- Price Problem End --------------------------------------------------------
		49 Add column : 1 col:59 	28.758
			Start solve  LP :28.758
			End solve LP obj: 11.0 t: 0
com.wlj.solver.BBSolver:
--------------------------------------- Price Problem Start --------------------------------------------------------
constraints.size = 0 , dualPrice.size = 80 , dualPrice = [1.0, 0.7967244701348748, 0.5886319845857416, 0.561657032755299, 0.5597302504816954, 0.4147398843930633, 0.5544315992292872, 0.2032755298651252, 0.485067437379576, -0.0, 0.43882466281310223, 0.42485549132947986, 0.3925818882466281, 0.514932562620424, 0.23843930635838145, 0.3675337186897879, 0.071290944123314, 0.06021194605009633, 0.36897880539499045, 0.239884393063584, -0.0, 0.1348747591522158, 0.17678227360308307, -0.0, 0.05298651252408465, 0.23699421965317935, 0.20327552986512526, 0.21050096339113689, -0.0, 0.19364161849710987, -0.0, 0.006743737957610518, -0.0, -0.0, -0.0, 0.4113680154142584, -0.0, -0.0, -0.0, 0.17148362235067438, -0.0, 0.43834296724470106, -0.0, -0.0, -0.0, -0.0, -0.0, -0.0, -0.0, -0.0, -0.0, -0.0, -0.0, -0.0, 0.015414258188824685, -0.0, -0.0, -0.0, -0.0, -0.0, 0.13198458574181088, -0.0, -0.0, -0.0, -0.0, -0.0, -0.0, -0.0, -0.0, -0.0, 0.33381502890173426, -0.0, -0.0, -0.0, -0.0, -0.0, -0.0, -0.0, -0.0, -0.0]
			Active cut size: 0
W:100
H:100
xList.size = 59
yList.size = 63
squareList.size = 33
myConsList.size = 0
cplex1的参考解为：2.8169556840077075 5.203 s
canvasWidth:100,
canvasHeight:100,
data:[{x:0,y:1,l:34,w:39},{x:0,y:52,l:48,w:7},{x:7,y:35,l:38,w:29},{x:8,y:73,l:27,w:84},{x:36,y:39,l:34,w:20},{x:39,y:2,l:37,w:18},{x:56,y:56,l:17,w:42},{x:56,y:51,l:5,w:21},{x:57,y:4,l:5,w:43},{x:63,y:9,l:42,w:37},],
curBestBinNum = 11
instance.getSquareList().size() = 33
solution.getPlaceSquareList().size() = 10
pattern.getKey() = 13@18@25@29@35@39@41@54@60@70@
solveSubProblemByIp 总用时：5219 ms
--------------------------------------- Price Problem End --------------------------------------------------------
		50 Add column : 1 col:60 	33.977
			Start solve  LP :33.977
			End solve LP obj: 11.0 t: 0
com.wlj.solver.BBSolver:
--------------------------------------- Price Problem Start --------------------------------------------------------
constraints.size = 0 , dualPrice.size = 80 , dualPrice = [1.0, 0.7007984031936126, 0.5459081836327351, 0.8459081836327339, 0.485828343313373, 0.5968063872255489, 0.4365269461077844, 0.29920159680638736, 0.48722554890219555, 0.26427145708582817, 0.4365269461077844, 0.3337325349301399, 0.4506986027944111, 0.24850299401197623, 0.2928143712574851, 0.34171656686626756, 0.34730538922155696, -0.0, 0.16686626746507002, 0.2075848303393213, -0.0, 0.15209580838323367, -0.0, -0.0, 0.11277445109780448, -0.0, 0.29920159680638736, 0.043512974051896025, 0.3934131736526943, 0.15848303393213592, 0.06147704590818348, 0.12694610778443116, -0.0, -0.0, -0.0, 0.060678642714570574, -0.0, 0.2465069860279438, 0.18043912175648713, -0.0, -0.0, -0.0, -0.0, -0.0, -0.0, -0.0, -0.0, 0.001996007984032433, -0.0, -0.0, 0.1546906187624748, -0.0, -0.0, -0.0, -0.0, -0.0, -0.0, -0.0, 0.1540918163672661, -0.0, -0.0, -0.0, -0.0, -0.0, -0.0, -0.0, -0.0, -0.0, -0.0, -0.0, 0.3654690618762473, -0.0, -0.0, -0.0, -0.0, -0.0, -0.0, -0.0, -0.0, -0.0]
			Active cut size: 0
W:100
H:100
xList.size = 65
yList.size = 73
squareList.size = 34
myConsList.size = 0
cplex1的参考解为：2.6097804391217565 41.757 s
canvasWidth:100,
canvasHeight:100,
data:[{x:0,y:0,l:99,w:8},{x:8,y:15,l:35,w:20},{x:8,y:50,l:36,w:19},{x:10,y:86,l:14,w:90},{x:27,y:52,l:34,w:34},{x:29,y:1,l:46,w:43},{x:49,y:47,l:5,w:21},{x:61,y:76,l:10,w:39},{x:62,y:53,l:23,w:10},{x:72,y:5,l:71,w:28},],
curBestBinNum = 11
instance.getSquareList().size() = 34
solution.getPlaceSquareList().size() = 10
pattern.getKey() = 15@16@26@28@31@37@38@50@58@70@
solveSubProblemByIp 总用时：41772 ms
--------------------------------------- Price Problem End --------------------------------------------------------
		51 Add column : 1 col:61 	75.749
			Start solve  LP :75.749
			End solve LP obj: 11.0 t: 0
com.wlj.solver.BBSolver:
--------------------------------------- Price Problem Start --------------------------------------------------------
constraints.size = 0 , dualPrice.size = 80 , dualPrice = [1.0, 0.6306584362139915, 0.7057613168724279, 0.7263374485596709, 0.4876543209876545, 0.5555555555555556, 0.42592592592592593, 0.3693415637860084, 0.5905349794238685, 0.40946502057613154, 0.4032921810699589, 0.354938271604938, 0.2901234567901236, -0.0, 0.4176954732510288, 0.2119341563786008, 0.22016460905349788, 0.19753086419753085, 0.2921810699588477, 0.29423868312757206, -0.0, -0.0, 0.1728395061728395, -0.0, 0.18930041152263366, 0.1378600823045268, 0.16460905349794253, 0.1502057613168724, -0.0, 0.1522633744855968, 0.059670781893004204, 0.17078189300411523, -0.0, -0.0, -0.0, -0.0, -0.0, -0.0, -0.0, -0.0, -0.0, 0.27366255144032914, 0.1574074074074075, -0.0, -0.0, -0.0, -0.0, 0.1337448559670782, -0.0, -0.0, -0.0, 0.13991769547325095, -0.0, -0.0, -0.0, 0.028806584362139898, 0.29423868312757206, -0.0, -0.0, -0.0, -0.0, -0.0, -0.0, -0.0, 0.04732510288065839, -0.0, -0.0, -0.0, -0.0, -0.0, 0.1440329218106996, -0.0, -0.0, -0.0, -0.0, -0.0, -0.0, -0.0, -0.0, -0.0]
			Active cut size: 0
W:100
H:100
xList.size = 61
yList.size = 81
squareList.size = 35
myConsList.size = 0
cplex1的参考解为：2.375514403292181 27.373 s
canvasWidth:100,
canvasHeight:100,
data:[{x:0,y:1,l:16,w:17},{x:0,y:84,l:16,w:96},{x:0,y:47,l:37,w:18},{x:0,y:17,l:5,w:21},{x:0,y:22,l:19,w:22},{x:0,y:41,l:6,w:46},{x:18,y:76,l:8,w:81},{x:21,y:49,l:27,w:79},{x:22,y:3,l:38,w:29},{x:51,y:2,l:47,w:8},{x:60,y:1,l:42,w:37},{x:70,y:43,l:6,w:30},],
curBestBinNum = 11
instance.getSquareList().size() = 35
solution.getPlaceSquareList().size() = 12
pattern.getKey() = 14@18@19@29@41@42@47@51@55@56@64@70@
solveSubProblemByIp 总用时：27378 ms
--------------------------------------- Price Problem End --------------------------------------------------------
		52 Add column : 1 col:62 	103.127
			Start solve  LP :103.127
			End solve LP obj: 11.0 t: 1
com.wlj.solver.BBSolver:
--------------------------------------- Price Problem Start --------------------------------------------------------
constraints.size = 0 , dualPrice.size = 80 , dualPrice = [1.0, 0.8498701298701301, 0.7314285714285713, 0.8581818181818183, 0.48883116883116895, 0.38909090909090915, 0.5033766233766233, 0.1501298701298699, 0.38285714285714356, -0.0, 0.33922077922077915, 0.4114285714285715, 0.4155844155844156, -0.0, -0.0, 0.28571428571428603, 0.18389610389610406, 0.13246753246753262, 0.2628571428571428, 0.2685714285714287, -0.0, 0.14181818181818173, 0.22961038961038938, 0.14181818181818173, 0.08103896103896109, 0.2114285714285715, 0.15012987012986995, 0.2005194805194806, -0.0, 0.19999999999999984, 0.09558441558441547, -0.0, -0.0, -0.0, -0.0, -0.0, -0.0, -0.0, -0.0, -0.0, -0.0, -0.0, -0.0, -0.0, -0.0, -0.0, 0.15740259740259754, -0.0, -0.0, -0.0, 0.1698701298701299, -0.0, -0.0, -0.0, 0.09974025974025957, -0.0, 0.2685714285714287, -0.0, -0.0, -0.0, -0.0, -0.0, -0.0, -0.0, -0.0, 0.6171428571428564, 0.4337662337662339, -0.0, -0.0, -0.0, -0.0, -0.0, -0.0, -0.0, -0.0, -0.0, -0.0, -0.0, 0.14805194805194744, -0.0]
			Active cut size: 0
W:100
H:100
xList.size = 61
yList.size = 82
squareList.size = 33
myConsList.size = 0
cplex1的参考解为：3.1864935064935054 45.058 s
canvasWidth:100,
canvasHeight:100,
data:[{x:0,y:46,l:16,w:17},{x:0,y:84,l:16,w:96},{x:0,y:0,l:34,w:39},{x:0,y:35,l:10,w:39},{x:0,y:62,l:22,w:21},{x:17,y:45,l:6,w:25},{x:21,y:51,l:33,w:79},{x:39,y:2,l:38,w:29},{x:44,y:40,l:10,w:16},{x:59,y:50,l:1,w:20},{x:68,y:2,l:48,w:7},{x:75,y:1,l:49,w:25},],
curBestBinNum = 11
instance.getSquareList().size() = 33
solution.getPlaceSquareList().size() = 12
pattern.getKey() = 11@19@25@27@29@46@50@54@56@65@66@78@
solveSubProblemByIp 总用时：45065 ms
--------------------------------------- Price Problem End --------------------------------------------------------
		53 Add column : 1 col:63 	148.193
			Start solve  LP :148.193
			End solve LP obj: 11.0 t: 0
com.wlj.solver.BBSolver:
--------------------------------------- Price Problem Start --------------------------------------------------------
constraints.size = 0 , dualPrice.size = 80 , dualPrice = [1.0, 0.19913398851805023, 0.38221270798871315, 0.6605040381434273, 0.5625668969543642, 0.6127761019752846, 0.5, 0.8008660114819498, 0.33302520190717133, -0.0, 0.5, -0.0, 0.2831565631993772, -0.0, 0.3332684635594048, 0.19047387369855018, 0.23469884207453529, 0.003600272453050557, 0.20273426097110048, -0.0, -0.0, 0.25318672764425426, 0.08655249586455188, -0.0, 0.21684343680062276, -0.0, 0.32723557458402247, 0.1340371703804611, -0.0, 0.10348350685997876, -0.0, -0.0, -0.0, -0.0, 0.33949596185657277, -0.0, -0.0, 0.15208718497616053, -0.0, -0.0, -0.0, -0.0, 0.19913398851805023, 0.11019752846161329, 0.15729298433394945, -0.0, -0.0, 0.05307969251727139, -0.0, 0.274496448379877, 0.09550452466673154, 0.03322954169504713, 0.19816094190911743, -0.0, -0.0, -0.0, -0.0, 0.10119684732898714, -0.0, 0.6177872920112868, -0.0, -0.0, -0.0, -0.0, -0.0, 0.6669747980928287, -0.0, -0.0, -0.0, -0.0, -0.0, -0.0, -0.0, -0.0, -0.0, -0.0, -0.0, 0.08100613019363612, -0.0, -0.0]
			Active cut size: 0
W:100
H:100
xList.size = 79
yList.size = 81
squareList.size = 36
myConsList.size = 0
cplex1的参考解为：4.064318380850441 109.137 s
canvasWidth:100,
canvasHeight:100,
data:[{x:0,y:4,l:38,w:6},{x:0,y:42,l:21,w:17},{x:0,y:63,l:35,w:20},{x:0,y:98,l:2,w:19},{x:6,y:22,l:10,w:16},{x:6,y:14,l:8,w:81},{x:6,y:32,l:8,w:32},{x:8,y:0,l:14,w:90},{x:17,y:40,l:17,w:24},{x:22,y:57,l:43,w:78},{x:23,y:22,l:10,w:39},{x:41,y:38,l:19,w:22},{x:64,y:25,l:32,w:24},{x:88,y:16,l:41,w:12},],
curBestBinNum = 11
instance.getSquareList().size() = 36
solution.getPlaceSquareList().size() = 14
pattern.getKey() = 7@26@34@37@42@44@47@49@50@52@57@59@65@77@
solveSubProblemByIp 总用时：109168 ms
--------------------------------------- Price Problem End --------------------------------------------------------
		54 Add column : 1 col:64 	257.361
			Start solve  LP :257.361
			End solve LP obj: 11.0 t: 0
com.wlj.solver.BBSolver:
--------------------------------------- Price Problem Start --------------------------------------------------------
constraints.size = 0 , dualPrice.size = 80 , dualPrice = [1.0, 0.8475908953031234, 0.5684666305841208, 0.4428339469348672, 0.6112779763639501, 0.5475070331225875, 0.45396204195488077, 0.15240910469687663, 0.5679313400700639, 0.43206865992993615, 0.44662856191229605, 0.31952680318557347, 0.13239518714351164, -0.0, 0.2379425811708592, 0.2655992577304875, 0.15360458684493816, 0.31348991572148227, 0.23511743679111177, 0.1607417936990359, -0.0, 0.2917511731783766, 0.1063919635050819, 0.18151106564446048, 0.278464073084998, 0.27429475474772913, 0.03392552324647763, -0.0, -0.0, 0.17624142791718483, -0.0, 0.09940939613282321, -0.0, -0.0, -0.0, -0.0, -0.0, 0.07180624862460111, -0.0, -0.0, -0.0, -0.0, -0.0, 0.08050174564184315, -0.0, 0.13517869781660957, -0.0, -0.0, -0.0, 0.118483581450399, -0.0, 0.1254720964950367, -0.0, -0.0, 0.06919522045047644, 0.06448466392677205, -0.0, 0.19184217256576624, 0.37565498742067227, 0.43153336941587916, 0.004764085575109933, -0.0, -0.0, -0.0, -0.0, -0.0, -0.0, -0.0, -0.0, -0.0, -0.0, -0.0, -0.0, -0.0, -0.0, -0.0, -0.0, -0.0, -0.0, -0.0]
			Active cut size: 0
W:100
H:100
xList.size = 87
yList.size = 79
squareList.size = 38
myConsList.size = 0
cplex1的参考解为：2.776890913740906 3344.65 s
canvasWidth:100,
canvasHeight:100,
data:[{x:90,y:0,l:23,w:10},{x:5,y:0,l:17,w:85},{x:3,y:17,l:16,w:29},{x:44,y:17,l:6,w:46},{x:32,y:24,l:34,w:39},{x:71,y:24,l:38,w:29},{x:0,y:33,l:8,w:32},{x:8,y:41,l:17,w:24},{x:0,y:53,l:47,w:8},{x:11,y:58,l:42,w:47},{x:58,y:60,l:38,w:6},{x:64,y:62,l:38,w:36},],
curBestBinNum = 11
instance.getSquareList().size() = 38
solution.getPlaceSquareList().size() = 12
pattern.getKey() = 17@21@24@25@29@45@49@51@55@57@58@59@
solveSubProblemByIp 总用时：3344675 ms
--------------------------------------- Price Problem End --------------------------------------------------------
		55 Add column : 1 col:65 	3602.036
	1 End Add column using column generation : 11.0 col: 66 cons: 0 cut: 0	3602.036
   End add columnAndCut : 11.0 colGencnt: 1 price: 0 col: 66 cons: 0 cut: 0	3602.036

Node lb: 1.7976931348623157E308 ub: 11 : 3602.036

Final Found Solution: 11 genNode: 1 extendedNode: 0:3602.04
Bin size: 10000
1 : 8722,150,42,11, : 8925
2 : 5170,3354,414,208,196,84,72, : 9498
3 : 4897,1476,1156,779,714,272,228, : 9522
4 : 4851,1408,782,768,666,230,138, : 8843
5 : 3843,1443,1326,700,680,418,390, : 8800
6 : 3888,2607,684,648,492,336,38, : 8693
7 : 3724,3234,792,711,462,46, : 8969
8 : 3312,3243,2268,160,110,105,88, : 9286
9 : 2303,1978,1225,1102,517,464,376,256,215,180, : 8616
10 : 2133,1988,1974,667,408,357,351,276,198,150,105,20, : 8627
11 : 1554,1536,1445,1368,1260,864, : 8027
----------------------- 1 ---------------------------
canvasWidth:100,
canvasHeight:100,
data:[{x:0,y:0,l:89,w:98},{x:0,y:89,l:3,w:50},{x:98,y:0,l:21,w:2},{x:98,y:21,l:11,w:1},],
----------------------- 2 ---------------------------
canvasWidth:100,
canvasHeight:100,
data:[{x:0,y:0,l:55,w:94},{x:0,y:55,l:43,w:78},{x:94,y:0,l:69,w:6},{x:86,y:55,l:26,w:8},{x:78,y:55,l:28,w:7},{x:0,y:98,l:2,w:42},{x:94,y:69,l:12,w:6},],
----------------------- 3 ---------------------------
canvasWidth:100,
canvasHeight:100,
data:[{x:0,y:0,l:83,w:59},{x:59,y:0,l:36,w:41},{x:59,y:55,l:34,w:34},{x:59,y:36,l:19,w:41},{x:0,y:83,l:17,w:42},{x:42,y:83,l:16,w:17},{x:94,y:55,l:38,w:6},],
----------------------- 4 ---------------------------
canvasWidth:100,
canvasHeight:100,
data:[{x:0,y:0,l:63,w:77},{x:18,y:63,l:32,w:44},{x:77,y:0,l:34,w:23},{x:62,y:63,l:32,w:24},{x:0,y:63,l:37,w:18},{x:77,y:40,l:23,w:10},{x:77,y:34,l:6,w:23},],
----------------------- 5 ---------------------------
canvasWidth:100,
canvasHeight:100,
data:[{x:0,y:0,l:63,w:61},{x:61,y:0,l:37,w:39},{x:61,y:37,l:34,w:39},{x:0,y:63,l:35,w:20},{x:20,y:63,l:34,w:20},{x:78,y:81,l:19,w:22},{x:61,y:71,l:10,w:39},],
----------------------- 6 ---------------------------
canvasWidth:100,
canvasHeight:100,
data:[{x:0,y:0,l:48,w:81},{x:0,y:56,l:33,w:79},{x:81,y:0,l:2,w:19},{x:81,y:2,l:36,w:19},{x:0,y:48,l:8,w:81},{x:88,y:38,l:41,w:12},{x:81,y:38,l:48,w:7},],
----------------------- 7 ---------------------------
canvasWidth:100,
canvasHeight:100,
data:[{x:0,y:0,l:76,w:49},{x:49,y:0,l:98,w:33},{x:82,y:0,l:99,w:8},{x:90,y:0,l:79,w:9},{x:28,y:76,l:22,w:21},{x:36,y:98,l:1,w:46},],
----------------------- 8 ---------------------------
canvasWidth:100,
canvasHeight:100,
data:[{x:0,y:0,l:69,w:48},{x:48,y:0,l:69,w:47},{x:0,y:69,l:27,w:84},{x:84,y:69,l:10,w:16},{x:95,y:0,l:22,w:5},{x:95,y:22,l:21,w:5},{x:0,y:96,l:4,w:22},],
----------------------- 9 ---------------------------
canvasWidth:100,
canvasHeight:100,
data:[{x:0,y:0,l:47,w:49},{x:0,y:47,l:46,w:43},{x:43,y:47,l:49,w:25},{x:49,y:0,l:47,w:11},{x:68,y:14,l:16,w:29},{x:60,y:0,l:47,w:8},{x:68,y:0,l:8,w:32},{x:0,y:93,l:5,w:43},{x:68,y:8,l:6,w:30},{x:68,y:30,l:38,w:29},],
----------------------- 10 ---------------------------
canvasWidth:100,
canvasHeight:100,
data:[{x:0,y:0,l:27,w:79},{x:0,y:27,l:71,w:28},{x:28,y:27,l:42,w:47},{x:28,y:69,l:23,w:29},{x:75,y:27,l:17,w:24},{x:79,y:6,l:21,w:17},{x:57,y:77,l:9,w:39},{x:53,y:92,l:6,w:46},{x:75,y:44,l:33,w:6},{x:28,y:92,l:6,w:25},{x:79,y:0,l:5,w:21},{x:80,y:5,l:1,w:20},],
----------------------- 11 ---------------------------
canvasWidth:100,
canvasHeight:100,
data:[{x:0,y:0,l:42,w:37},{x:0,y:42,l:16,w:96},{x:0,y:72,l:17,w:85},{x:37,y:0,l:38,w:36},{x:0,y:58,l:14,w:90},{x:73,y:0,l:32,w:27},],
