====================================== Class_06.2bp-21 =====================================
Reduced size: 60 usedBin: 0
E:\WSKH\2DBPP\NonGuillotine\initSolution\6_22.pack
[0, 1, 2, 3, 4, 6, 8, 9, 11, 12, 18, 20, 23, 26, 30, 31, 37, 39, 40, 43, 46, 48, 50, 51, 53, 57, 58, 59]
[5, 7, 10, 13, 14, 15, 16, 17, 19, 21, 22, 24, 25, 27, 28, 29, 32, 33, 34, 35, 36, 38, 41, 42, 44, 45, 47, 49, 52, 54, 55, 56]
canvasWidth:300,
canvasHeight:300,
data:[{x:0,y:0,l:97,w:96},{x:185,y:0,l:94,w:95},{x:96,y:0,l:97,w:89},{x:185,y:94,l:66,w:95},{x:0,y:97,l:78,w:75},{x:103,y:97,l:63,w:82},{x:101,y:237,l:50,w:96},{x:103,y:160,l:77,w:62},{x:197,y:160,l:90,w:48},{x:30,y:237,l:60,w:71},{x:0,y:175,l:38,w:75},{x:165,y:160,l:77,w:32},{x:75,y:97,l:75,w:28},{x:197,y:250,l:45,w:44},{x:75,y:172,l:65,w:28},{x:1,y:213,l:24,w:74},{x:280,y:0,l:76,w:13},{x:280,y:76,l:74,w:13},{x:280,y:150,l:87,w:11},{x:245,y:160,l:30,w:27},{x:245,y:190,l:44,w:14},{x:293,y:0,l:96,w:5},{x:23,y:237,l:60,w:7},{x:101,y:287,l:7,w:56},{x:0,y:237,l:22,w:10},{x:293,y:96,l:43,w:3},{x:298,y:0,l:92,w:1},{x:291,y:150,l:24,w:2},],
canvasWidth:300,
canvasHeight:300,
data:[{x:0,y:0,l:62,w:84},{x:115,y:0,l:57,w:86},{x:0,y:62,l:53,w:85},{x:218,y:43,l:56,w:70},{x:163,y:80,l:71,w:55},{x:218,y:102,l:84,w:42},{x:0,y:115,l:64,w:52},{x:101,y:80,l:53,w:62},{x:121,y:174,l:29,w:97},{x:107,y:133,l:41,w:56},{x:201,y:0,l:22,w:99},{x:201,y:22,l:21,w:99},{x:138,y:203,l:22,w:93},{x:115,y:57,l:23,w:86},{x:0,y:179,l:53,w:37},{x:84,y:0,l:62,w:31},{x:236,y:212,l:25,w:64},{x:52,y:115,l:31,w:49},{x:182,y:225,l:26,w:54},{x:260,y:102,l:33,w:39},{x:101,y:133,l:40,w:6},{x:231,y:198,l:14,w:69},{x:52,y:150,l:21,w:45},{x:218,y:186,l:12,w:72},{x:163,y:151,l:23,w:30},{x:201,y:43,l:37,w:17},{x:288,y:43,l:44,w:12},{x:89,y:62,l:18,w:26},{x:0,y:232,l:38,w:32},{x:218,y:99,l:3,w:70},{x:52,y:173,l:4,w:51},{x:52,y:146,l:4,w:44},],
Best fit used bin number: 2
Found best solution: 2 0.062

   Statrt add columnAndCut col: 2 cons: 0 cut: 0	0.125

	1 Start Add column using column generation  col: 2 cons: 0 cut: 0	0.125
			Start solve  LP :0.125
			End solve LP obj: 2.0 t: 0
	1 End Add column using column generation : 2.0 col: 2 cons: 0 cut: 0	0.125
   End add columnAndCut : 2.0 colGencnt: 1 price: 0 col: 2 cons: 0 cut: 0	0.125

Node lb: 2.0 ub: 2 : 0.125

Final Found Solution: 2 genNode: 1 extendedNode: 0:0.125
Bin size: 90000
1 : 9312,8930,8633,6270,5850,5166,4800,4774,4320,4260,2850,2464,2100,1980,1820,1776,988,962,957,810,616,480,420,392,220,129,92,48, : 81419
2 : 5208,4902,4505,3920,3905,3528,3328,3286,2813,2296,2178,2079,2046,1978,1961,1922,1600,1519,1404,1287,1216,966,945,864,690,629,528,468,240,210,204,176, : 62801
----------------------- 1 ---------------------------
canvasWidth:300,
canvasHeight:300,
data:[{x:0,y:0,l:97,w:96},{x:185,y:0,l:94,w:95},{x:96,y:0,l:97,w:89},{x:185,y:94,l:66,w:95},{x:0,y:97,l:78,w:75},{x:103,y:97,l:63,w:82},{x:101,y:237,l:50,w:96},{x:103,y:160,l:77,w:62},{x:197,y:160,l:90,w:48},{x:30,y:237,l:60,w:71},{x:0,y:175,l:38,w:75},{x:165,y:160,l:77,w:32},{x:75,y:97,l:75,w:28},{x:197,y:250,l:45,w:44},{x:75,y:172,l:65,w:28},{x:1,y:213,l:24,w:74},{x:280,y:0,l:76,w:13},{x:280,y:76,l:74,w:13},{x:280,y:150,l:87,w:11},{x:245,y:160,l:30,w:27},{x:245,y:190,l:44,w:14},{x:293,y:0,l:96,w:5},{x:23,y:237,l:60,w:7},{x:101,y:287,l:7,w:56},{x:0,y:237,l:22,w:10},{x:293,y:96,l:43,w:3},{x:298,y:0,l:92,w:1},{x:291,y:150,l:24,w:2},],
----------------------- 2 ---------------------------
canvasWidth:300,
canvasHeight:300,
data:[{x:0,y:0,l:62,w:84},{x:115,y:0,l:57,w:86},{x:0,y:62,l:53,w:85},{x:218,y:43,l:56,w:70},{x:163,y:80,l:71,w:55},{x:218,y:102,l:84,w:42},{x:0,y:115,l:64,w:52},{x:101,y:80,l:53,w:62},{x:121,y:174,l:29,w:97},{x:107,y:133,l:41,w:56},{x:201,y:0,l:22,w:99},{x:201,y:22,l:21,w:99},{x:138,y:203,l:22,w:93},{x:115,y:57,l:23,w:86},{x:0,y:179,l:53,w:37},{x:84,y:0,l:62,w:31},{x:236,y:212,l:25,w:64},{x:52,y:115,l:31,w:49},{x:182,y:225,l:26,w:54},{x:260,y:102,l:33,w:39},{x:101,y:133,l:40,w:6},{x:231,y:198,l:14,w:69},{x:52,y:150,l:21,w:45},{x:218,y:186,l:12,w:72},{x:163,y:151,l:23,w:30},{x:201,y:43,l:37,w:17},{x:288,y:43,l:44,w:12},{x:89,y:62,l:18,w:26},{x:0,y:232,l:38,w:32},{x:218,y:99,l:3,w:70},{x:52,y:173,l:4,w:51},{x:52,y:146,l:4,w:44},],
