====================================== Class_04.2bp-31 =====================================
Reduced size: 80 usedBin: 0
E:\WSKH\2DBPP\NonGuillotine\initSolution\4_32.pack
[0, 1, 2, 3, 5, 9, 11, 18, 19, 26, 31, 41, 46, 48, 52, 54, 55, 60, 63, 74, 77, 78, 79]
[4, 6, 7, 8, 10, 12, 13, 15, 20, 27, 29, 32, 33, 36, 37, 40, 43, 49, 50, 57, 66, 68, 69, 71]
[14, 16, 17, 21, 22, 23, 24, 25, 28, 30, 34, 35, 38, 39, 42, 44, 45, 47, 51, 53, 56, 58, 59, 61, 62, 64, 65, 67, 70, 72, 73, 75, 76]
canvasWidth:100,
canvasHeight:100,
data:[{x:0,y:0,l:33,w:34},{x:34,y:0,l:33,w:34},{x:0,y:33,l:32,w:30},{x:30,y:33,l:29,w:33},{x:42,y:62,l:27,w:34},{x:68,y:0,l:33,w:23},{x:63,y:33,l:29,w:24},{x:76,y:62,l:30,w:15},{x:0,y:77,l:23,w:17},{x:0,y:65,l:12,w:30},{x:19,y:77,l:12,w:23},{x:87,y:33,l:29,w:4},{x:19,y:89,l:9,w:26},{x:45,y:93,l:7,w:27},{x:30,y:62,l:15,w:12},{x:45,y:89,l:4,w:31},{x:91,y:10,l:27,w:4},{x:76,y:92,l:8,w:12},{x:91,y:0,l:10,w:9},{x:17,y:77,l:21,w:2},{x:17,y:98,l:2,w:8},{x:72,y:93,l:7,w:2},{x:74,y:93,l:6,w:2},],
canvasWidth:100,
canvasHeight:100,
data:[{x:0,y:0,l:27,w:34},{x:74,y:57,l:34,w:26},{x:34,y:0,l:27,w:31},{x:62,y:27,l:30,w:26},{x:38,y:27,l:30,w:24},{x:65,y:0,l:27,w:23},{x:33,y:57,l:17,w:34},{x:18,y:74,l:18,w:29},{x:25,y:27,l:30,w:13},{x:88,y:0,l:29,w:12},{x:88,y:29,l:28,w:12},{x:0,y:31,l:25,w:11},{x:0,y:56,l:19,w:14},{x:18,y:57,l:17,w:15},{x:53,y:74,l:17,w:14},{x:18,y:27,l:30,w:7},{x:11,y:31,l:25,w:7},{x:69,y:57,l:34,w:5},{x:0,y:75,l:25,w:10},{x:47,y:74,l:17,w:6},{x:14,y:56,l:19,w:4},{x:0,y:27,l:4,w:18},{x:67,y:57,l:34,w:2},{x:47,y:91,l:4,w:15},],
canvasWidth:100,
canvasHeight:100,
data:[{x:0,y:0,l:29,w:19},{x:19,y:0,l:24,w:20},{x:71,y:13,l:18,w:26},{x:39,y:0,l:24,w:16},{x:55,y:0,l:24,w:16},{x:71,y:0,l:13,w:29},{x:71,y:31,l:14,w:26},{x:0,y:29,l:19,w:19},{x:34,y:24,l:16,w:21},{x:55,y:24,l:18,w:16},{x:19,y:24,l:24,w:11},{x:71,y:45,l:33,w:8},{x:0,y:48,l:12,w:20},{x:0,y:60,l:12,w:20},{x:55,y:42,l:14,w:16},{x:44,y:56,l:12,w:17},{x:34,y:40,l:19,w:10},{x:79,y:45,l:31,w:6},{x:85,y:45,l:13,w:12},{x:0,y:72,l:7,w:17},{x:85,y:58,l:18,w:6},{x:91,y:63,l:20,w:5},{x:97,y:13,l:33,w:3},{x:49,y:40,l:16,w:6},{x:30,y:24,l:24,w:4},{x:20,y:59,l:5,w:17},{x:44,y:40,l:16,w:5},{x:20,y:64,l:5,w:15},{x:96,y:79,l:16,w:4},{x:97,y:46,l:20,w:3},{x:61,y:56,l:5,w:10},{x:97,y:66,l:13,w:3},{x:91,y:58,l:5,w:6},],
Best fit used bin number: 3
Found best solution: 3 0.063

   Statrt add columnAndCut col: 3 cons: 0 cut: 0	0.141

	1 Start Add column using column generation  col: 3 cons: 0 cut: 0	0.141
			Start solve  LP :0.141
			End solve LP obj: 3.0 t: 0
	1 End Add column using column generation : 3.0 col: 3 cons: 0 cut: 0	0.141
   End add columnAndCut : 3.0 colGencnt: 1 price: 0 col: 3 cons: 0 cut: 0	0.141

Node lb: 3.0 ub: 3 : 0.141

Final Found Solution: 3 genNode: 1 extendedNode: 0:0.141
Bin size: 10000
1 : 1122,1122,960,957,918,759,696,450,391,360,276,234,189,180,124,116,108,96,90,42,16,14,12, : 9232
2 : 918,884,837,780,720,621,578,522,390,348,336,275,266,255,250,238,210,175,170,102,76,72,68,60, : 9151
3 : 551,480,468,384,384,377,364,361,336,288,264,264,240,240,224,204,190,186,156,119,108,100,99,96,96,85,80,75,64,60,50,39,30, : 7062
----------------------- 1 ---------------------------
canvasWidth:100,
canvasHeight:100,
data:[{x:0,y:0,l:33,w:34},{x:34,y:0,l:33,w:34},{x:0,y:33,l:32,w:30},{x:30,y:33,l:29,w:33},{x:42,y:62,l:27,w:34},{x:68,y:0,l:33,w:23},{x:63,y:33,l:29,w:24},{x:76,y:62,l:30,w:15},{x:0,y:77,l:23,w:17},{x:0,y:65,l:12,w:30},{x:19,y:77,l:12,w:23},{x:87,y:33,l:29,w:4},{x:19,y:89,l:9,w:26},{x:45,y:93,l:7,w:27},{x:30,y:62,l:15,w:12},{x:45,y:89,l:4,w:31},{x:91,y:10,l:27,w:4},{x:76,y:92,l:8,w:12},{x:91,y:0,l:10,w:9},{x:17,y:77,l:21,w:2},{x:17,y:98,l:2,w:8},{x:72,y:93,l:7,w:2},{x:74,y:93,l:6,w:2},],
----------------------- 2 ---------------------------
canvasWidth:100,
canvasHeight:100,
data:[{x:0,y:0,l:27,w:34},{x:74,y:57,l:34,w:26},{x:34,y:0,l:27,w:31},{x:62,y:27,l:30,w:26},{x:38,y:27,l:30,w:24},{x:65,y:0,l:27,w:23},{x:33,y:57,l:17,w:34},{x:18,y:74,l:18,w:29},{x:25,y:27,l:30,w:13},{x:88,y:0,l:29,w:12},{x:88,y:29,l:28,w:12},{x:0,y:31,l:25,w:11},{x:0,y:56,l:19,w:14},{x:18,y:57,l:17,w:15},{x:53,y:74,l:17,w:14},{x:18,y:27,l:30,w:7},{x:11,y:31,l:25,w:7},{x:69,y:57,l:34,w:5},{x:0,y:75,l:25,w:10},{x:47,y:74,l:17,w:6},{x:14,y:56,l:19,w:4},{x:0,y:27,l:4,w:18},{x:67,y:57,l:34,w:2},{x:47,y:91,l:4,w:15},],
----------------------- 3 ---------------------------
canvasWidth:100,
canvasHeight:100,
data:[{x:0,y:0,l:29,w:19},{x:19,y:0,l:24,w:20},{x:71,y:13,l:18,w:26},{x:39,y:0,l:24,w:16},{x:55,y:0,l:24,w:16},{x:71,y:0,l:13,w:29},{x:71,y:31,l:14,w:26},{x:0,y:29,l:19,w:19},{x:34,y:24,l:16,w:21},{x:55,y:24,l:18,w:16},{x:19,y:24,l:24,w:11},{x:71,y:45,l:33,w:8},{x:0,y:48,l:12,w:20},{x:0,y:60,l:12,w:20},{x:55,y:42,l:14,w:16},{x:44,y:56,l:12,w:17},{x:34,y:40,l:19,w:10},{x:79,y:45,l:31,w:6},{x:85,y:45,l:13,w:12},{x:0,y:72,l:7,w:17},{x:85,y:58,l:18,w:6},{x:91,y:63,l:20,w:5},{x:97,y:13,l:33,w:3},{x:49,y:40,l:16,w:6},{x:30,y:24,l:24,w:4},{x:20,y:59,l:5,w:17},{x:44,y:40,l:16,w:5},{x:20,y:64,l:5,w:15},{x:96,y:79,l:16,w:4},{x:97,y:46,l:20,w:3},{x:61,y:56,l:5,w:10},{x:97,y:66,l:13,w:3},{x:91,y:58,l:5,w:6},],
