====================================== Class_08.2bp-44 =====================================
Reduced size: 100 usedBin: 0
[0]
[1, 87, 91]
[2, 70, 77, 97]
[3, 67]
[4, 58, 74]
[5, 81, 85, 92]
[6, 15, 79, 94]
[7, 38, 78]
[8, 24, 93, 99]
[9, 17, 80]
[10, 42, 90, 95]
[13, 34, 49, 88]
[21, 40, 69, 83]
[22, 32, 73, 84]
[25, 43, 56, 98]
[16, 46, 61, 68]
[27, 35, 45]
[19, 30, 71]
[11, 50, 55]
[14, 39, 63]
[18, 52, 53]
[23, 31, 75, 82, 96]
[12, 29, 86]
[20, 37, 64]
[26, 54, 57]
[33, 36, 65]
[28, 41, 47]
[48, 51, 62, 72, 76, 89]
[44, 59, 60, 66]
canvasWidth:100,
canvasHeight:100,
data:[{x:0,y:0,l:98,w:89},],
canvasWidth:100,
canvasHeight:100,
data:[{x:0,y:0,l:86,w:97},{x:0,y:86,l:5,w:75},{x:0,y:91,l:8,w:70},],
canvasWidth:100,
canvasHeight:100,
data:[{x:0,y:0,l:74,w:93},{x:0,y:74,l:17,w:69},{x:0,y:91,l:9,w:89},{x:93,y:0,l:94,w:1},],
canvasWidth:100,
canvasHeight:100,
data:[{x:0,y:0,l:80,w:81},{x:0,y:80,l:20,w:66},],
canvasWidth:100,
canvasHeight:100,
data:[{x:0,y:0,l:89,w:72},{x:72,y:0,l:84,w:22},{x:0,y:89,l:10,w:89},],
canvasWidth:100,
canvasHeight:100,
data:[{x:0,y:0,l:96,w:66},{x:66,y:32,l:30,w:22},{x:66,y:0,l:18,w:33},{x:66,y:18,l:14,w:25},],
canvasWidth:100,
canvasHeight:100,
data:[{x:0,y:0,l:93,w:53},{x:53,y:0,l:99,w:39},{x:92,y:0,l:92,w:8},{x:0,y:93,l:4,w:47},],
canvasWidth:100,
canvasHeight:100,
data:[{x:0,y:0,l:57,w:86},{x:0,y:57,l:33,w:81},{x:25,y:90,l:10,w:75},],
canvasWidth:100,
canvasHeight:100,
data:[{x:0,y:0,l:53,w:88},{x:0,y:53,l:47,w:76},{x:88,y:0,l:27,w:11},{x:88,y:27,l:3,w:3},],
canvasWidth:100,
canvasHeight:100,
data:[{x:0,y:0,l:88,w:53},{x:53,y:0,l:91,w:42},{x:0,y:91,l:8,w:85},],
canvasWidth:100,
canvasHeight:100,
data:[{x:0,y:0,l:65,w:68},{x:0,y:65,l:33,w:78},{x:78,y:0,l:20,w:20},{x:78,y:20,l:12,w:15},],
canvasWidth:100,
canvasHeight:100,
data:[{x:0,y:0,l:59,w:66},{x:68,y:0,l:97,w:32},{x:0,y:59,l:32,w:67},{x:0,y:91,l:7,w:66},],
canvasWidth:100,
canvasHeight:100,
data:[{x:0,y:0,l:50,w:74},{x:0,y:50,l:50,w:52},{x:52,y:71,l:29,w:41},{x:74,y:0,l:42,w:15},],
canvasWidth:100,
canvasHeight:100,
data:[{x:0,y:0,l:92,w:40},{x:40,y:0,l:74,w:42},{x:40,y:74,l:18,w:50},{x:0,y:92,l:7,w:85},],
canvasWidth:100,
canvasHeight:100,
data:[{x:0,y:0,l:19,w:99},{x:0,y:19,l:48,w:74},{x:0,y:67,l:31,w:83},{x:0,y:98,l:1,w:35},],
canvasWidth:100,
canvasHeight:100,
data:[{x:0,y:0,l:39,w:99},{x:0,y:39,l:23,w:98},{x:0,y:79,l:21,w:73},{x:0,y:62,l:17,w:76},],
canvasWidth:100,
canvasHeight:100,
data:[{x:0,y:32,l:39,w:86},{x:0,y:0,l:32,w:95},{x:0,y:71,l:29,w:81},],
canvasWidth:100,
canvasHeight:100,
data:[{x:0,y:0,l:40,w:94},{x:0,y:40,l:45,w:71},{x:0,y:85,l:15,w:76},],
canvasWidth:100,
canvasHeight:100,
data:[{x:0,y:0,l:46,w:90},{x:0,y:71,l:29,w:72},{x:0,y:46,l:25,w:80},],
canvasWidth:100,
canvasHeight:100,
data:[{x:0,y:0,l:43,w:90},{x:0,y:43,l:35,w:76},{x:0,y:78,l:21,w:67},],
canvasWidth:100,
canvasHeight:100,
data:[{x:0,y:0,l:42,w:90},{x:0,y:42,l:27,w:76},{x:0,y:69,l:31,w:66},],
canvasWidth:100,
canvasHeight:100,
data:[{x:0,y:0,l:44,w:83},{x:0,y:44,l:46,w:69},{x:83,y:0,l:68,w:13},{x:0,y:90,l:9,w:71},{x:71,y:68,l:4,w:25},],
canvasWidth:100,
canvasHeight:100,
data:[{x:0,y:7,l:50,w:81},{x:0,y:57,l:43,w:76},{x:0,y:0,l:7,w:83},],
canvasWidth:100,
canvasHeight:100,
data:[{x:0,y:0,l:47,w:79},{x:0,y:47,l:31,w:88},{x:0,y:78,l:21,w:66},],
canvasWidth:100,
canvasHeight:100,
data:[{x:0,y:0,l:40,w:86},{x:0,y:40,l:28,w:73},{x:0,y:68,l:28,w:67},],
canvasWidth:100,
canvasHeight:100,
data:[{x:0,y:0,l:45,w:69},{x:0,y:45,l:37,w:74},{x:0,y:82,l:16,w:86},],
canvasWidth:100,
canvasHeight:100,
data:[{x:0,y:26,l:41,w:81},{x:0,y:67,l:32,w:81},{x:0,y:0,l:26,w:86},],
canvasWidth:100,
canvasHeight:100,
data:[{x:0,y:44,l:27,w:80},{x:0,y:10,l:24,w:86},{x:0,y:77,l:22,w:66},{x:0,y:0,l:10,w:99},{x:0,y:71,l:6,w:71},{x:0,y:34,l:10,w:82},],
canvasWidth:100,
canvasHeight:100,
data:[{x:0,y:18,l:30,w:83},{x:0,y:0,l:18,w:86},{x:0,y:66,l:22,w:70},{x:0,y:48,l:18,w:76},],
Best fit used bin number: 29
Found best solution: 29 0.046

   Statrt add columnAndCut col: 29 cons: 0 cut: 0	0.124

	1 Start Add column using column generation  col: 29 cons: 0 cut: 0	0.124
			Start solve  LP :0.124
			End solve LP obj: 29.0 t: 0
	1 End Add column using column generation : 29.0 col: 29 cons: 0 cut: 0	0.124
   End add columnAndCut : 29.0 colGencnt: 1 price: 0 col: 29 cons: 0 cut: 0	0.124

Node lb: 29.0 ub: 29 : 0.124

Final Found Solution: 29 genNode: 1 extendedNode: 0:0.124
Bin size: 10000
1 : 8722, : 8722
2 : 8342,560,375, : 9277
3 : 6882,1173,801,94, : 8950
4 : 6480,1320, : 7800
5 : 6408,1848,890, : 9146
6 : 6336,660,594,350, : 7940
7 : 4929,3861,736,188, : 9714
8 : 4902,2673,750, : 8325
9 : 4664,3572,297,9, : 8542
10 : 4664,3822,680, : 9166
11 : 4420,2574,400,180, : 7574
12 : 3894,3104,2144,462, : 9604
13 : 3700,2600,1189,630, : 8119
14 : 3680,3108,900,595, : 8283
15 : 3552,2573,1881,35, : 8041
16 : 3861,2254,1533,1292, : 8940
17 : 3354,3040,2349, : 8743
18 : 3760,3195,1140, : 8095
19 : 4140,2088,2000, : 8228
20 : 3870,2660,1407, : 7937
21 : 3780,2052,2046, : 7878
22 : 3652,3174,884,639,100, : 8449
23 : 4050,3268,581, : 7899
24 : 3713,2728,1386, : 7827
25 : 3440,2044,1876, : 7360
26 : 3105,2738,1376, : 7219
27 : 3321,2592,2236, : 8149
28 : 2160,2064,1452,990,820,426, : 7912
29 : 2490,1548,1540,1368, : 6946
----------------------- 1 ---------------------------
canvasWidth:100,
canvasHeight:100,
data:[{x:0,y:0,l:98,w:89},],
----------------------- 2 ---------------------------
canvasWidth:100,
canvasHeight:100,
data:[{x:0,y:0,l:86,w:97},{x:0,y:86,l:5,w:75},{x:0,y:91,l:8,w:70},],
----------------------- 3 ---------------------------
canvasWidth:100,
canvasHeight:100,
data:[{x:0,y:0,l:74,w:93},{x:0,y:74,l:17,w:69},{x:0,y:91,l:9,w:89},{x:93,y:0,l:94,w:1},],
----------------------- 4 ---------------------------
canvasWidth:100,
canvasHeight:100,
data:[{x:0,y:0,l:80,w:81},{x:0,y:80,l:20,w:66},],
----------------------- 5 ---------------------------
canvasWidth:100,
canvasHeight:100,
data:[{x:0,y:0,l:89,w:72},{x:72,y:0,l:84,w:22},{x:0,y:89,l:10,w:89},],
----------------------- 6 ---------------------------
canvasWidth:100,
canvasHeight:100,
data:[{x:0,y:0,l:96,w:66},{x:66,y:32,l:30,w:22},{x:66,y:0,l:18,w:33},{x:66,y:18,l:14,w:25},],
----------------------- 7 ---------------------------
canvasWidth:100,
canvasHeight:100,
data:[{x:0,y:0,l:93,w:53},{x:53,y:0,l:99,w:39},{x:92,y:0,l:92,w:8},{x:0,y:93,l:4,w:47},],
----------------------- 8 ---------------------------
canvasWidth:100,
canvasHeight:100,
data:[{x:0,y:0,l:57,w:86},{x:0,y:57,l:33,w:81},{x:25,y:90,l:10,w:75},],
----------------------- 9 ---------------------------
canvasWidth:100,
canvasHeight:100,
data:[{x:0,y:0,l:53,w:88},{x:0,y:53,l:47,w:76},{x:88,y:0,l:27,w:11},{x:88,y:27,l:3,w:3},],
----------------------- 10 ---------------------------
canvasWidth:100,
canvasHeight:100,
data:[{x:0,y:0,l:88,w:53},{x:53,y:0,l:91,w:42},{x:0,y:91,l:8,w:85},],
----------------------- 11 ---------------------------
canvasWidth:100,
canvasHeight:100,
data:[{x:0,y:0,l:65,w:68},{x:0,y:65,l:33,w:78},{x:78,y:0,l:20,w:20},{x:78,y:20,l:12,w:15},],
----------------------- 12 ---------------------------
canvasWidth:100,
canvasHeight:100,
data:[{x:0,y:0,l:59,w:66},{x:68,y:0,l:97,w:32},{x:0,y:59,l:32,w:67},{x:0,y:91,l:7,w:66},],
----------------------- 13 ---------------------------
canvasWidth:100,
canvasHeight:100,
data:[{x:0,y:0,l:50,w:74},{x:0,y:50,l:50,w:52},{x:52,y:71,l:29,w:41},{x:74,y:0,l:42,w:15},],
----------------------- 14 ---------------------------
canvasWidth:100,
canvasHeight:100,
data:[{x:0,y:0,l:92,w:40},{x:40,y:0,l:74,w:42},{x:40,y:74,l:18,w:50},{x:0,y:92,l:7,w:85},],
----------------------- 15 ---------------------------
canvasWidth:100,
canvasHeight:100,
data:[{x:0,y:0,l:19,w:99},{x:0,y:19,l:48,w:74},{x:0,y:67,l:31,w:83},{x:0,y:98,l:1,w:35},],
----------------------- 16 ---------------------------
canvasWidth:100,
canvasHeight:100,
data:[{x:0,y:0,l:39,w:99},{x:0,y:39,l:23,w:98},{x:0,y:79,l:21,w:73},{x:0,y:62,l:17,w:76},],
----------------------- 17 ---------------------------
canvasWidth:100,
canvasHeight:100,
data:[{x:0,y:32,l:39,w:86},{x:0,y:0,l:32,w:95},{x:0,y:71,l:29,w:81},],
----------------------- 18 ---------------------------
canvasWidth:100,
canvasHeight:100,
data:[{x:0,y:0,l:40,w:94},{x:0,y:40,l:45,w:71},{x:0,y:85,l:15,w:76},],
----------------------- 19 ---------------------------
canvasWidth:100,
canvasHeight:100,
data:[{x:0,y:0,l:46,w:90},{x:0,y:71,l:29,w:72},{x:0,y:46,l:25,w:80},],
----------------------- 20 ---------------------------
canvasWidth:100,
canvasHeight:100,
data:[{x:0,y:0,l:43,w:90},{x:0,y:43,l:35,w:76},{x:0,y:78,l:21,w:67},],
----------------------- 21 ---------------------------
canvasWidth:100,
canvasHeight:100,
data:[{x:0,y:0,l:42,w:90},{x:0,y:42,l:27,w:76},{x:0,y:69,l:31,w:66},],
----------------------- 22 ---------------------------
canvasWidth:100,
canvasHeight:100,
data:[{x:0,y:0,l:44,w:83},{x:0,y:44,l:46,w:69},{x:83,y:0,l:68,w:13},{x:0,y:90,l:9,w:71},{x:71,y:68,l:4,w:25},],
----------------------- 23 ---------------------------
canvasWidth:100,
canvasHeight:100,
data:[{x:0,y:7,l:50,w:81},{x:0,y:57,l:43,w:76},{x:0,y:0,l:7,w:83},],
----------------------- 24 ---------------------------
canvasWidth:100,
canvasHeight:100,
data:[{x:0,y:0,l:47,w:79},{x:0,y:47,l:31,w:88},{x:0,y:78,l:21,w:66},],
----------------------- 25 ---------------------------
canvasWidth:100,
canvasHeight:100,
data:[{x:0,y:0,l:40,w:86},{x:0,y:40,l:28,w:73},{x:0,y:68,l:28,w:67},],
----------------------- 26 ---------------------------
canvasWidth:100,
canvasHeight:100,
data:[{x:0,y:0,l:45,w:69},{x:0,y:45,l:37,w:74},{x:0,y:82,l:16,w:86},],
----------------------- 27 ---------------------------
canvasWidth:100,
canvasHeight:100,
data:[{x:0,y:26,l:41,w:81},{x:0,y:67,l:32,w:81},{x:0,y:0,l:26,w:86},],
----------------------- 28 ---------------------------
canvasWidth:100,
canvasHeight:100,
data:[{x:0,y:44,l:27,w:80},{x:0,y:10,l:24,w:86},{x:0,y:77,l:22,w:66},{x:0,y:0,l:10,w:99},{x:0,y:71,l:6,w:71},{x:0,y:34,l:10,w:82},],
----------------------- 29 ---------------------------
canvasWidth:100,
canvasHeight:100,
data:[{x:0,y:18,l:30,w:83},{x:0,y:0,l:18,w:86},{x:0,y:66,l:22,w:70},{x:0,y:48,l:18,w:76},],
