====================================== Class_03.2bp-12 =====================================
Reduced size: 40 usedBin: 0
[0, 28, 33, 39]
[1, 29]
[2, 37]
[3, 18, 19]
[4, 15, 17]
[5, 16, 26, 30, 35]
[6, 7, 22]
[9, 21, 23, 25]
[11, 13, 24, 31, 32]
[8, 14, 20, 38]
[10, 12, 27, 34, 36]
canvasWidth:40,
canvasHeight:40,
data:[{x:0,y:0,l:34,w:34},{x:35,y:13,l:27,w:5},{x:34,y:0,l:13,w:6},{x:34,y:13,l:9,w:1},],
canvasWidth:40,
canvasHeight:40,
data:[{x:0,y:0,l:33,w:34},{x:34,y:0,l:26,w:5},],
canvasWidth:40,
canvasHeight:40,
data:[{x:0,y:0,l:34,w:31},{x:31,y:0,l:8,w:4},],
canvasWidth:40,
canvasHeight:40,
data:[{x:0,y:0,l:23,w:33},{x:0,y:23,l:8,w:35},{x:0,y:31,l:8,w:33},],
canvasWidth:40,
canvasHeight:40,
data:[{x:0,y:0,l:28,w:26},{x:0,y:30,l:10,w:34},{x:26,y:0,l:27,w:11},],
canvasWidth:40,
canvasHeight:40,
data:[{x:0,y:0,l:22,w:30},{x:0,y:22,l:15,w:20},{x:20,y:22,l:9,w:19},{x:24,y:31,l:8,w:16},{x:0,y:37,l:3,w:20},],
canvasWidth:40,
canvasHeight:40,
data:[{x:0,y:0,l:22,w:29},{x:6,y:22,l:18,w:34},{x:29,y:0,l:22,w:11},],
canvasWidth:40,
canvasHeight:40,
data:[{x:22,y:0,l:11,w:17},{x:27,y:11,l:19,w:13},{x:10,y:30,l:8,w:30},{x:0,y:0,l:27,w:22},],
canvasWidth:40,
canvasHeight:40,
data:[{x:0,y:0,l:21,w:25},{x:25,y:0,l:30,w:15},{x:0,y:31,l:9,w:23},{x:0,y:21,l:5,w:25},{x:0,y:26,l:5,w:25},],
canvasWidth:40,
canvasHeight:40,
data:[{x:0,y:0,l:20,w:30},{x:22,y:20,l:16,w:16},{x:0,y:20,l:19,w:22},{x:22,y:36,l:2,w:16},],
canvasWidth:40,
canvasHeight:40,
data:[{x:0,y:0,l:19,w:30},{x:0,y:19,l:20,w:25},{x:25,y:19,l:14,w:11},{x:25,y:33,l:7,w:10},{x:36,y:0,l:33,w:1},],
Best fit used bin number: 11
Found best solution: 11 0.047

   Statrt add columnAndCut col: 11 cons: 0 cut: 0	0.125

	1 Start Add column using column generation  col: 11 cons: 0 cut: 0	0.125
			Start solve  LP :0.125
			End solve LP obj: 11.0 t: 0
	1 End Add column using column generation : 11.0 col: 11 cons: 0 cut: 0	0.125
   End add columnAndCut : 11.0 colGencnt: 1 price: 0 col: 11 cons: 0 cut: 0	0.125

Node lb: 11.0 ub: 11 : 0.125

Final Found Solution: 11 genNode: 1 extendedNode: 0:0.125
Bin size: 1600
1 : 1156,135,78,9, : 1378
2 : 1122,130, : 1252
3 : 1054,32, : 1086
4 : 759,280,264, : 1303
5 : 728,340,297, : 1365
6 : 660,300,171,128,60, : 1319
7 : 638,612,242, : 1492
8 : 594,247,240,187, : 1268
9 : 525,450,207,125,125, : 1432
10 : 600,418,256,32, : 1306
11 : 570,500,154,70,33, : 1327
----------------------- 1 ---------------------------
canvasWidth:40,
canvasHeight:40,
data:[{x:0,y:0,l:34,w:34},{x:35,y:13,l:27,w:5},{x:34,y:0,l:13,w:6},{x:34,y:13,l:9,w:1},],
----------------------- 2 ---------------------------
canvasWidth:40,
canvasHeight:40,
data:[{x:0,y:0,l:33,w:34},{x:34,y:0,l:26,w:5},],
----------------------- 3 ---------------------------
canvasWidth:40,
canvasHeight:40,
data:[{x:0,y:0,l:34,w:31},{x:31,y:0,l:8,w:4},],
----------------------- 4 ---------------------------
canvasWidth:40,
canvasHeight:40,
data:[{x:0,y:0,l:23,w:33},{x:0,y:23,l:8,w:35},{x:0,y:31,l:8,w:33},],
----------------------- 5 ---------------------------
canvasWidth:40,
canvasHeight:40,
data:[{x:0,y:0,l:28,w:26},{x:0,y:30,l:10,w:34},{x:26,y:0,l:27,w:11},],
----------------------- 6 ---------------------------
canvasWidth:40,
canvasHeight:40,
data:[{x:0,y:0,l:22,w:30},{x:0,y:22,l:15,w:20},{x:20,y:22,l:9,w:19},{x:24,y:31,l:8,w:16},{x:0,y:37,l:3,w:20},],
----------------------- 7 ---------------------------
canvasWidth:40,
canvasHeight:40,
data:[{x:0,y:0,l:22,w:29},{x:6,y:22,l:18,w:34},{x:29,y:0,l:22,w:11},],
----------------------- 8 ---------------------------
canvasWidth:40,
canvasHeight:40,
data:[{x:22,y:0,l:11,w:17},{x:27,y:11,l:19,w:13},{x:10,y:30,l:8,w:30},{x:0,y:0,l:27,w:22},],
----------------------- 9 ---------------------------
canvasWidth:40,
canvasHeight:40,
data:[{x:0,y:0,l:21,w:25},{x:25,y:0,l:30,w:15},{x:0,y:31,l:9,w:23},{x:0,y:21,l:5,w:25},{x:0,y:26,l:5,w:25},],
----------------------- 10 ---------------------------
canvasWidth:40,
canvasHeight:40,
data:[{x:0,y:0,l:20,w:30},{x:22,y:20,l:16,w:16},{x:0,y:20,l:19,w:22},{x:22,y:36,l:2,w:16},],
----------------------- 11 ---------------------------
canvasWidth:40,
canvasHeight:40,
data:[{x:0,y:0,l:19,w:30},{x:0,y:19,l:20,w:25},{x:25,y:19,l:14,w:11},{x:25,y:33,l:7,w:10},{x:36,y:0,l:33,w:1},],
