====================================== Class_09.2bp-6 =====================================
Reduced size: 20 usedBin: 0
[0, 16]
[1, 12]
[2, 10]
[7, 13, 15, 19]
[4, 8]
[5, 14]
[6]
[3]
[9, 11, 17, 18]
canvasWidth:100,
canvasHeight:100,
data:[{x:0,y:0,l:98,w:81},{x:81,y:0,l:43,w:19},],
canvasWidth:100,
canvasHeight:100,
data:[{x:0,y:0,l:71,w:91},{x:0,y:71,l:24,w:68},],
canvasWidth:100,
canvasHeight:100,
data:[{x:0,y:0,l:94,w:65},{x:65,y:0,l:90,w:35},],
canvasWidth:100,
canvasHeight:100,
data:[{x:0,y:0,l:53,w:69},{x:69,y:0,l:92,w:16},{x:85,y:0,l:92,w:12},{x:0,y:92,l:2,w:82},],
canvasWidth:100,
canvasHeight:100,
data:[{x:0,y:0,l:52,w:98},{x:0,y:52,l:44,w:82},],
canvasWidth:100,
canvasHeight:100,
data:[{x:0,y:0,l:78,w:63},{x:63,y:0,l:35,w:37},],
canvasWidth:100,
canvasHeight:100,
data:[{x:0,y:0,l:63,w:72},],
canvasWidth:100,
canvasHeight:100,
data:[{x:0,y:0,l:83,w:70},],
canvasWidth:100,
canvasHeight:100,
data:[{x:0,y:52,l:47,w:72},{x:0,y:0,l:52,w:58},{x:58,y:0,l:11,w:39},{x:58,y:11,l:11,w:35},],
Best fit used bin number: 9
Found best solution: 9 0.047

   Statrt add columnAndCut col: 9 cons: 0 cut: 0	0.11

	1 Start Add column using column generation  col: 9 cons: 0 cut: 0	0.11
			Start solve  LP :0.11
			End solve LP obj: 9.0 t: 0
	1 End Add column using column generation : 9.0 col: 9 cons: 0 cut: 0	0.11
   End add columnAndCut : 9.0 colGencnt: 1 price: 0 col: 9 cons: 0 cut: 0	0.11

Node lb: 9.0 ub: 9 : 0.11

Final Found Solution: 9 genNode: 1 extendedNode: 0:0.11
Bin size: 10000
1 : 7938,817, : 8755
2 : 6461,1632, : 8093
3 : 6110,3150, : 9260
4 : 3657,1472,1104,164, : 6397
5 : 5096,3608, : 8704
6 : 4914,1295, : 6209
7 : 4536, : 4536
8 : 5810, : 5810
9 : 3384,3016,429,385, : 7214
----------------------- 1 ---------------------------
canvasWidth:100,
canvasHeight:100,
data:[{x:0,y:0,l:98,w:81},{x:81,y:0,l:43,w:19},],
----------------------- 2 ---------------------------
canvasWidth:100,
canvasHeight:100,
data:[{x:0,y:0,l:71,w:91},{x:0,y:71,l:24,w:68},],
----------------------- 3 ---------------------------
canvasWidth:100,
canvasHeight:100,
data:[{x:0,y:0,l:94,w:65},{x:65,y:0,l:90,w:35},],
----------------------- 4 ---------------------------
canvasWidth:100,
canvasHeight:100,
data:[{x:0,y:0,l:53,w:69},{x:69,y:0,l:92,w:16},{x:85,y:0,l:92,w:12},{x:0,y:92,l:2,w:82},],
----------------------- 5 ---------------------------
canvasWidth:100,
canvasHeight:100,
data:[{x:0,y:0,l:52,w:98},{x:0,y:52,l:44,w:82},],
----------------------- 6 ---------------------------
canvasWidth:100,
canvasHeight:100,
data:[{x:0,y:0,l:78,w:63},{x:63,y:0,l:35,w:37},],
----------------------- 7 ---------------------------
canvasWidth:100,
canvasHeight:100,
data:[{x:0,y:0,l:63,w:72},],
----------------------- 8 ---------------------------
canvasWidth:100,
canvasHeight:100,
data:[{x:0,y:0,l:83,w:70},],
----------------------- 9 ---------------------------
canvasWidth:100,
canvasHeight:100,
data:[{x:0,y:52,l:47,w:72},{x:0,y:0,l:52,w:58},{x:58,y:0,l:11,w:39},{x:58,y:11,l:11,w:35},],
