====================================== Class_09.2bp-13 =====================================
Reduced size: 40 usedBin: 0
[0]
[1, 38]
[2]
[3]
[4]
[5]
[6, 35]
[7]
[8, 39]
[9, 33]
[10, 37]
[11, 36]
[12]
[13]
[14]
[15]
[16]
[17]
[18, 27]
[19]
[20]
[21]
[22]
[23]
[24]
[25]
[26]
[30]
[29]
[28]
[31, 32, 34]
canvasWidth:100,
canvasHeight:100,
data:[{x:0,y:0,l:97,w:99},],
canvasWidth:100,
canvasHeight:100,
data:[{x:0,y:0,l:92,w:97},{x:0,y:92,l:8,w:81},],
canvasWidth:100,
canvasHeight:100,
data:[{x:0,y:0,l:96,w:92},],
canvasWidth:100,
canvasHeight:100,
data:[{x:0,y:0,l:89,w:98},],
canvasWidth:100,
canvasHeight:100,
data:[{x:0,y:0,l:92,w:87},],
canvasWidth:100,
canvasHeight:100,
data:[{x:0,y:0,l:86,w:89},],
canvasWidth:100,
canvasHeight:100,
data:[{x:0,y:0,l:68,w:91},{x:0,y:68,l:27,w:79},],
canvasWidth:100,
canvasHeight:100,
data:[{x:0,y:0,l:82,w:74},],
canvasWidth:100,
canvasHeight:100,
data:[{x:0,y:0,l:84,w:72},{x:72,y:0,l:19,w:22},],
canvasWidth:100,
canvasHeight:100,
data:[{x:0,y:0,l:87,w:67},{x:67,y:0,l:98,w:33},],
canvasWidth:100,
canvasHeight:100,
data:[{x:0,y:0,l:84,w:69},{x:69,y:0,l:23,w:29},],
canvasWidth:100,
canvasHeight:100,
data:[{x:0,y:0,l:98,w:56},{x:92,y:0,l:99,w:8},],
canvasWidth:100,
canvasHeight:100,
data:[{x:0,y:0,l:60,w:89},],
canvasWidth:100,
canvasHeight:100,
data:[{x:0,y:0,l:66,w:79},],
canvasWidth:100,
canvasHeight:100,
data:[{x:0,y:0,l:58,w:88},],
canvasWidth:100,
canvasHeight:100,
data:[{x:0,y:0,l:54,w:92},],
canvasWidth:100,
canvasHeight:100,
data:[{x:0,y:0,l:63,w:77},],
canvasWidth:100,
canvasHeight:100,
data:[{x:0,y:0,l:66,w:73},],
canvasWidth:100,
canvasHeight:100,
data:[{x:0,y:0,l:51,w:91},{x:0,y:51,l:48,w:81},],
canvasWidth:100,
canvasHeight:100,
data:[{x:0,y:0,l:70,w:66},],
canvasWidth:100,
canvasHeight:100,
data:[{x:0,y:0,l:83,w:55},],
canvasWidth:100,
canvasHeight:100,
data:[{x:0,y:0,l:65,w:66},],
canvasWidth:100,
canvasHeight:100,
data:[{x:0,y:0,l:72,w:59},],
canvasWidth:100,
canvasHeight:100,
data:[{x:0,y:0,l:55,w:75},],
canvasWidth:100,
canvasHeight:100,
data:[{x:0,y:0,l:55,w:73},],
canvasWidth:100,
canvasHeight:100,
data:[{x:0,y:0,l:55,w:71},],
canvasWidth:100,
canvasHeight:100,
data:[{x:0,y:0,l:72,w:54},],
canvasWidth:100,
canvasHeight:100,
data:[{x:0,y:0,l:61,w:55},],
canvasWidth:100,
canvasHeight:100,
data:[{x:0,y:0,l:51,w:68},],
canvasWidth:100,
canvasHeight:100,
data:[{x:0,y:0,l:63,w:61},],
canvasWidth:100,
canvasHeight:100,
data:[{x:0,y:0,l:69,w:48},{x:48,y:0,l:69,w:47},{x:0,y:69,l:27,w:84},],
Best fit used bin number: 31
Found best solution: 31 0.049

   Statrt add columnAndCut col: 31 cons: 0 cut: 0	0.114

	1 Start Add column using column generation  col: 31 cons: 0 cut: 0	0.114
			Start solve  LP :0.114
			End solve LP obj: 31.0 t: 0
	1 End Add column using column generation : 31.0 col: 31 cons: 0 cut: 0	0.114
   End add columnAndCut : 31.0 colGencnt: 1 price: 0 col: 31 cons: 0 cut: 0	0.114

Node lb: 31.0 ub: 31 : 0.114

Final Found Solution: 31 genNode: 1 extendedNode: 0:0.129
Bin size: 10000
1 : 9603, : 9603
2 : 8924,648, : 9572
3 : 8832, : 8832
4 : 8722, : 8722
5 : 8004, : 8004
6 : 7654, : 7654
7 : 6188,2133, : 8321
8 : 6068, : 6068
9 : 6048,418, : 6466
10 : 5829,3234, : 9063
11 : 5796,667, : 6463
12 : 5488,792, : 6280
13 : 5340, : 5340
14 : 5214, : 5214
15 : 5104, : 5104
16 : 4968, : 4968
17 : 4851, : 4851
18 : 4818, : 4818
19 : 4641,3888, : 8529
20 : 4620, : 4620
21 : 4565, : 4565
22 : 4290, : 4290
23 : 4248, : 4248
24 : 4125, : 4125
25 : 4015, : 4015
26 : 3905, : 3905
27 : 3888, : 3888
28 : 3355, : 3355
29 : 3468, : 3468
30 : 3843, : 3843
31 : 3312,3243,2268, : 8823
----------------------- 1 ---------------------------
canvasWidth:100,
canvasHeight:100,
data:[{x:0,y:0,l:97,w:99},],
----------------------- 2 ---------------------------
canvasWidth:100,
canvasHeight:100,
data:[{x:0,y:0,l:92,w:97},{x:0,y:92,l:8,w:81},],
----------------------- 3 ---------------------------
canvasWidth:100,
canvasHeight:100,
data:[{x:0,y:0,l:96,w:92},],
----------------------- 4 ---------------------------
canvasWidth:100,
canvasHeight:100,
data:[{x:0,y:0,l:89,w:98},],
----------------------- 5 ---------------------------
canvasWidth:100,
canvasHeight:100,
data:[{x:0,y:0,l:92,w:87},],
----------------------- 6 ---------------------------
canvasWidth:100,
canvasHeight:100,
data:[{x:0,y:0,l:86,w:89},],
----------------------- 7 ---------------------------
canvasWidth:100,
canvasHeight:100,
data:[{x:0,y:0,l:68,w:91},{x:0,y:68,l:27,w:79},],
----------------------- 8 ---------------------------
canvasWidth:100,
canvasHeight:100,
data:[{x:0,y:0,l:82,w:74},],
----------------------- 9 ---------------------------
canvasWidth:100,
canvasHeight:100,
data:[{x:0,y:0,l:84,w:72},{x:72,y:0,l:19,w:22},],
----------------------- 10 ---------------------------
canvasWidth:100,
canvasHeight:100,
data:[{x:0,y:0,l:87,w:67},{x:67,y:0,l:98,w:33},],
----------------------- 11 ---------------------------
canvasWidth:100,
canvasHeight:100,
data:[{x:0,y:0,l:84,w:69},{x:69,y:0,l:23,w:29},],
----------------------- 12 ---------------------------
canvasWidth:100,
canvasHeight:100,
data:[{x:0,y:0,l:98,w:56},{x:92,y:0,l:99,w:8},],
----------------------- 13 ---------------------------
canvasWidth:100,
canvasHeight:100,
data:[{x:0,y:0,l:60,w:89},],
----------------------- 14 ---------------------------
canvasWidth:100,
canvasHeight:100,
data:[{x:0,y:0,l:66,w:79},],
----------------------- 15 ---------------------------
canvasWidth:100,
canvasHeight:100,
data:[{x:0,y:0,l:58,w:88},],
----------------------- 16 ---------------------------
canvasWidth:100,
canvasHeight:100,
data:[{x:0,y:0,l:54,w:92},],
----------------------- 17 ---------------------------
canvasWidth:100,
canvasHeight:100,
data:[{x:0,y:0,l:63,w:77},],
----------------------- 18 ---------------------------
canvasWidth:100,
canvasHeight:100,
data:[{x:0,y:0,l:66,w:73},],
----------------------- 19 ---------------------------
canvasWidth:100,
canvasHeight:100,
data:[{x:0,y:0,l:51,w:91},{x:0,y:51,l:48,w:81},],
----------------------- 20 ---------------------------
canvasWidth:100,
canvasHeight:100,
data:[{x:0,y:0,l:70,w:66},],
----------------------- 21 ---------------------------
canvasWidth:100,
canvasHeight:100,
data:[{x:0,y:0,l:83,w:55},],
----------------------- 22 ---------------------------
canvasWidth:100,
canvasHeight:100,
data:[{x:0,y:0,l:65,w:66},],
----------------------- 23 ---------------------------
canvasWidth:100,
canvasHeight:100,
data:[{x:0,y:0,l:72,w:59},],
----------------------- 24 ---------------------------
canvasWidth:100,
canvasHeight:100,
data:[{x:0,y:0,l:55,w:75},],
----------------------- 25 ---------------------------
canvasWidth:100,
canvasHeight:100,
data:[{x:0,y:0,l:55,w:73},],
----------------------- 26 ---------------------------
canvasWidth:100,
canvasHeight:100,
data:[{x:0,y:0,l:55,w:71},],
----------------------- 27 ---------------------------
canvasWidth:100,
canvasHeight:100,
data:[{x:0,y:0,l:72,w:54},],
----------------------- 28 ---------------------------
canvasWidth:100,
canvasHeight:100,
data:[{x:0,y:0,l:61,w:55},],
----------------------- 29 ---------------------------
canvasWidth:100,
canvasHeight:100,
data:[{x:0,y:0,l:51,w:68},],
----------------------- 30 ---------------------------
canvasWidth:100,
canvasHeight:100,
data:[{x:0,y:0,l:63,w:61},],
----------------------- 31 ---------------------------
canvasWidth:100,
canvasHeight:100,
data:[{x:0,y:0,l:69,w:48},{x:48,y:0,l:69,w:47},{x:0,y:69,l:27,w:84},],
