====================================== Class_07.2bp-15 =====================================
Reduced size: 40 usedBin: 0
[0, 32, 36]
[1, 9]
[2, 7, 34]
[3, 16, 30, 31]
[4, 5, 29, 39]
[8, 14, 23]
[10, 11, 21, 33]
[6, 19, 25]
[12, 13, 18]
[15, 20, 22, 27]
[17, 24, 26, 28, 35, 37, 38]
canvasWidth:100,
canvasHeight:100,
data:[{x:0,y:0,l:92,w:87},{x:87,y:0,l:66,w:13},{x:0,y:92,l:5,w:89},],
canvasWidth:100,
canvasHeight:100,
data:[{x:0,y:0,l:99,w:65},{x:65,y:0,l:99,w:32},],
canvasWidth:100,
canvasHeight:100,
data:[{x:0,y:52,l:44,w:81},{x:0,y:0,l:52,w:88},{x:88,y:0,l:80,w:9},],
canvasWidth:100,
canvasHeight:100,
data:[{x:0,y:0,l:53,w:76},{x:0,y:53,l:41,w:66},{x:66,y:62,l:38,w:28},{x:76,y:0,l:37,w:24},],
canvasWidth:100,
canvasHeight:100,
data:[{x:0,y:0,l:100,w:39},{x:39,y:0,l:85,w:45},{x:84,y:24,l:76,w:16},{x:39,y:85,l:4,w:10},],
canvasWidth:100,
canvasHeight:100,
data:[{x:0,y:0,l:80,w:40},{x:40,y:0,l:86,w:33},{x:73,y:0,l:77,w:25},],
canvasWidth:100,
canvasHeight:100,
data:[{x:0,y:0,l:67,w:46},{x:0,y:69,l:31,w:98},{x:46,y:0,l:69,w:32},{x:78,y:0,l:68,w:11},],
canvasWidth:100,
canvasHeight:100,
data:[{x:0,y:0,l:50,w:75},{x:0,y:50,l:35,w:70},{x:75,y:0,l:71,w:23},],
canvasWidth:100,
canvasHeight:100,
data:[{x:0,y:0,l:82,w:37},{x:37,y:0,l:87,w:33},{x:75,y:0,l:99,w:25},],
canvasWidth:100,
canvasHeight:100,
data:[{x:0,y:0,l:82,w:33},{x:33,y:0,l:76,w:32},{x:65,y:0,l:71,w:29},{x:33,y:76,l:21,w:66},],
canvasWidth:100,
canvasHeight:100,
data:[{x:45,y:0,l:86,w:30},{x:75,y:0,l:66,w:25},{x:23,y:0,l:89,w:18},{x:9,y:0,l:90,w:14},{x:0,y:0,l:98,w:7},{x:41,y:0,l:87,w:4},{x:7,y:0,l:93,w:2},],
Best fit used bin number: 11
Found best solution: 11 0.047

   Statrt add columnAndCut col: 11 cons: 0 cut: 0	0.125

	1 Start Add column using column generation  col: 11 cons: 0 cut: 0	0.125
			Start solve  LP :0.125
			End solve LP obj: 11.0 t: 0
	1 End Add column using column generation : 11.0 col: 11 cons: 0 cut: 0	0.125
   End add columnAndCut : 11.0 colGencnt: 1 price: 0 col: 11 cons: 0 cut: 0	0.125

Node lb: 11.0 ub: 11 : 0.125

Final Found Solution: 11 genNode: 1 extendedNode: 0:0.125
Bin size: 10000
1 : 8004,858,445, : 9307
2 : 6435,3168, : 9603
3 : 4576,3564,720, : 8860
4 : 4028,2706,1064,888, : 8686
5 : 3900,3825,1216,40, : 8981
6 : 3200,2838,1925, : 7963
7 : 3082,3038,2208,748, : 9076
8 : 3750,2450,1633, : 7833
9 : 3034,2871,2475, : 8380
10 : 2706,2432,2059,1386, : 8583
11 : 2580,1650,1602,1260,686,348,186, : 8312
----------------------- 1 ---------------------------
canvasWidth:100,
canvasHeight:100,
data:[{x:0,y:0,l:92,w:87},{x:87,y:0,l:66,w:13},{x:0,y:92,l:5,w:89},],
----------------------- 2 ---------------------------
canvasWidth:100,
canvasHeight:100,
data:[{x:0,y:0,l:99,w:65},{x:65,y:0,l:99,w:32},],
----------------------- 3 ---------------------------
canvasWidth:100,
canvasHeight:100,
data:[{x:0,y:52,l:44,w:81},{x:0,y:0,l:52,w:88},{x:88,y:0,l:80,w:9},],
----------------------- 4 ---------------------------
canvasWidth:100,
canvasHeight:100,
data:[{x:0,y:0,l:53,w:76},{x:0,y:53,l:41,w:66},{x:66,y:62,l:38,w:28},{x:76,y:0,l:37,w:24},],
----------------------- 5 ---------------------------
canvasWidth:100,
canvasHeight:100,
data:[{x:0,y:0,l:100,w:39},{x:39,y:0,l:85,w:45},{x:84,y:24,l:76,w:16},{x:39,y:85,l:4,w:10},],
----------------------- 6 ---------------------------
canvasWidth:100,
canvasHeight:100,
data:[{x:0,y:0,l:80,w:40},{x:40,y:0,l:86,w:33},{x:73,y:0,l:77,w:25},],
----------------------- 7 ---------------------------
canvasWidth:100,
canvasHeight:100,
data:[{x:0,y:0,l:67,w:46},{x:0,y:69,l:31,w:98},{x:46,y:0,l:69,w:32},{x:78,y:0,l:68,w:11},],
----------------------- 8 ---------------------------
canvasWidth:100,
canvasHeight:100,
data:[{x:0,y:0,l:50,w:75},{x:0,y:50,l:35,w:70},{x:75,y:0,l:71,w:23},],
----------------------- 9 ---------------------------
canvasWidth:100,
canvasHeight:100,
data:[{x:0,y:0,l:82,w:37},{x:37,y:0,l:87,w:33},{x:75,y:0,l:99,w:25},],
----------------------- 10 ---------------------------
canvasWidth:100,
canvasHeight:100,
data:[{x:0,y:0,l:82,w:33},{x:33,y:0,l:76,w:32},{x:65,y:0,l:71,w:29},{x:33,y:76,l:21,w:66},],
----------------------- 11 ---------------------------
canvasWidth:100,
canvasHeight:100,
data:[{x:45,y:0,l:86,w:30},{x:75,y:0,l:66,w:25},{x:23,y:0,l:89,w:18},{x:9,y:0,l:90,w:14},{x:0,y:0,l:98,w:7},{x:41,y:0,l:87,w:4},{x:7,y:0,l:93,w:2},],
