====================================== Class_06.2bp-46 =====================================
Reduced size: 100 usedBin: 0
[0, 1, 2, 3, 4, 6, 7, 9, 16, 28, 29, 32, 38, 45, 52, 58, 61, 62, 78, 82, 86, 87]
[5, 8, 10, 11, 12, 13, 17, 18, 21, 22, 25, 31, 37, 41, 43, 44, 47, 48, 54, 57, 59, 60, 64, 68, 71, 73, 75, 76, 80, 81, 83, 85, 92, 93, 94, 96, 97, 99]
[14, 15, 19, 20, 23, 24, 26, 27, 30, 33, 34, 35, 36, 39, 40, 42, 46, 49, 50, 51, 53, 55, 56, 63, 65, 66, 67, 69, 70, 72, 74, 77, 79, 84, 88, 89, 90, 91, 95, 98]
canvasWidth:300,
canvasHeight:300,
data:[{x:0,y:0,l:94,w:89},{x:167,y:0,l:78,w:100},{x:84,y:144,l:90,w:85},{x:169,y:144,l:96,w:79},{x:89,y:0,l:94,w:78},{x:0,y:94,l:83,w:84},{x:0,y:177,l:82,w:84},{x:167,y:78,l:66,w:100},{x:84,y:234,l:52,w:85},{x:267,y:0,l:91,w:33},{x:0,y:259,l:41,w:72},{x:169,y:240,l:60,w:47},{x:267,y:91,l:91,w:24},{x:130,y:94,l:50,w:37},{x:104,y:94,l:50,w:26},{x:248,y:144,l:62,w:19},{x:84,y:94,l:50,w:20},{x:102,y:286,l:14,w:67},{x:294,y:111,l:76,w:6},{x:248,y:206,l:19,w:19},{x:72,y:259,l:28,w:6},{x:291,y:91,l:20,w:8},],
canvasWidth:300,
canvasHeight:300,
data:[{x:0,y:0,l:82,w:89},{x:89,y:0,l:75,w:90},{x:179,y:0,l:62,w:100},{x:89,y:75,l:91,w:66},{x:217,y:118,l:96,w:61},{x:0,y:130,l:97,w:59},{x:0,y:82,l:48,w:89},{x:59,y:203,l:51,w:81},{x:0,y:227,l:73,w:55},{x:155,y:75,l:91,w:41},{x:140,y:166,l:59,w:56},{x:140,y:225,l:56,w:51},{x:59,y:130,l:73,w:30},{x:222,y:62,l:35,w:57},{x:89,y:166,l:37,w:51},{x:215,y:215,l:38,w:49},{x:202,y:97,l:21,w:77},{x:59,y:254,l:40,w:38},{x:55,y:227,l:23,w:4},{x:287,y:164,l:99,w:13},{x:279,y:57,l:70,w:17},{x:97,y:254,l:27,w:43},{x:279,y:0,l:57,w:18},{x:205,y:165,l:88,w:10},{x:202,y:118,l:47,w:15},{x:196,y:165,l:69,w:9},{x:278,y:127,l:37,w:16},{x:179,y:62,l:13,w:43},{x:196,y:75,l:90,w:6},{x:202,y:75,l:22,w:20},{x:191,y:236,l:33,w:13},{x:55,y:294,l:6,w:43},{x:55,y:250,l:44,w:4},{x:97,y:281,l:13,w:7},{x:215,y:214,l:1,w:60},{x:191,y:225,l:7,w:5},{x:191,y:234,l:2,w:14},{x:191,y:232,l:2,w:5},],
canvasWidth:300,
canvasHeight:300,
data:[{x:0,y:0,l:69,w:79},{x:133,y:0,l:95,w:48},{x:181,y:0,l:82,w:50},{x:0,y:69,l:44,w:93},{x:79,y:0,l:69,w:54},{x:181,y:82,l:59,w:60},{x:0,y:113,l:48,w:66},{x:231,y:0,l:82,w:37},{x:93,y:69,l:80,w:36},{x:140,y:141,l:74,w:37},{x:177,y:141,l:84,w:28},{x:163,y:225,l:23,w:99},{x:0,y:226,l:23,w:99},{x:138,y:215,l:85,w:25},{x:0,y:161,l:31,w:66},{x:276,y:72,l:81,w:24},{x:0,y:202,l:24,w:73},{x:140,y:106,l:35,w:41},{x:241,y:82,l:51,w:27},{x:242,y:133,l:39,w:34},{x:66,y:113,l:79,w:16},{x:220,y:172,l:15,w:80},{x:82,y:113,l:92,w:10},{x:268,y:38,l:34,w:25},{x:205,y:187,l:20,w:42},{x:0,y:192,l:10,w:82},{x:268,y:13,l:25,w:28},{x:133,y:106,l:99,w:7},{x:92,y:184,l:15,w:41},{x:205,y:146,l:38,w:15},{x:133,y:95,l:11,w:48},{x:133,y:205,l:88,w:5},{x:268,y:0,l:8,w:31},{x:268,y:8,l:5,w:29},{x:129,y:69,l:43,w:3},{x:205,y:141,l:5,w:25},{x:131,y:112,l:61,w:2},{x:92,y:150,l:34,w:38},{x:92,y:149,l:1,w:39},{x:138,y:205,l:10,w:2},],
Best fit used bin number: 3
Found best solution: 3 0.063

   Statrt add columnAndCut col: 3 cons: 0 cut: 0	0.125

	1 Start Add column using column generation  col: 3 cons: 0 cut: 0	0.125
			Start solve  LP :0.125
			End solve LP obj: 3.0 t: 0
	1 End Add column using column generation : 3.0 col: 3 cons: 0 cut: 0	0.125
   End add columnAndCut : 3.0 colGencnt: 1 price: 0 col: 3 cons: 0 cut: 0	0.125

Node lb: 3.0 ub: 3 : 0.125

Final Found Solution: 3 genNode: 1 extendedNode: 0:0.125
Bin size: 90000
1 : 8366,7800,7650,7584,7332,6972,6888,6600,4420,3003,2952,2820,2184,1850,1300,1178,1000,938,456,361,168,160, : 81982
2 : 7298,6750,6200,6006,5856,5723,4272,4131,4015,3731,3304,2856,2190,1995,1887,1862,1617,1520,1287,1190,1161,1026,880,705,621,592,559,540,440,429,258,176,92,91,60,35,28,10, : 81393
3 : 5451,4560,4100,4092,3726,3540,3168,3034,2880,2738,2352,2277,2277,2125,2046,1944,1752,1435,1377,1326,1292,1264,1200,920,850,840,820,700,693,615,570,528,440,248,145,129,125,122,39,20, : 67760
----------------------- 1 ---------------------------
canvasWidth:300,
canvasHeight:300,
data:[{x:0,y:0,l:94,w:89},{x:167,y:0,l:78,w:100},{x:84,y:144,l:90,w:85},{x:169,y:144,l:96,w:79},{x:89,y:0,l:94,w:78},{x:0,y:94,l:83,w:84},{x:0,y:177,l:82,w:84},{x:167,y:78,l:66,w:100},{x:84,y:234,l:52,w:85},{x:267,y:0,l:91,w:33},{x:0,y:259,l:41,w:72},{x:169,y:240,l:60,w:47},{x:267,y:91,l:91,w:24},{x:130,y:94,l:50,w:37},{x:104,y:94,l:50,w:26},{x:248,y:144,l:62,w:19},{x:84,y:94,l:50,w:20},{x:102,y:286,l:14,w:67},{x:294,y:111,l:76,w:6},{x:248,y:206,l:19,w:19},{x:72,y:259,l:28,w:6},{x:291,y:91,l:20,w:8},],
----------------------- 2 ---------------------------
canvasWidth:300,
canvasHeight:300,
data:[{x:0,y:0,l:82,w:89},{x:89,y:0,l:75,w:90},{x:179,y:0,l:62,w:100},{x:89,y:75,l:91,w:66},{x:217,y:118,l:96,w:61},{x:0,y:130,l:97,w:59},{x:0,y:82,l:48,w:89},{x:59,y:203,l:51,w:81},{x:0,y:227,l:73,w:55},{x:155,y:75,l:91,w:41},{x:140,y:166,l:59,w:56},{x:140,y:225,l:56,w:51},{x:59,y:130,l:73,w:30},{x:222,y:62,l:35,w:57},{x:89,y:166,l:37,w:51},{x:215,y:215,l:38,w:49},{x:202,y:97,l:21,w:77},{x:59,y:254,l:40,w:38},{x:55,y:227,l:23,w:4},{x:287,y:164,l:99,w:13},{x:279,y:57,l:70,w:17},{x:97,y:254,l:27,w:43},{x:279,y:0,l:57,w:18},{x:205,y:165,l:88,w:10},{x:202,y:118,l:47,w:15},{x:196,y:165,l:69,w:9},{x:278,y:127,l:37,w:16},{x:179,y:62,l:13,w:43},{x:196,y:75,l:90,w:6},{x:202,y:75,l:22,w:20},{x:191,y:236,l:33,w:13},{x:55,y:294,l:6,w:43},{x:55,y:250,l:44,w:4},{x:97,y:281,l:13,w:7},{x:215,y:214,l:1,w:60},{x:191,y:225,l:7,w:5},{x:191,y:234,l:2,w:14},{x:191,y:232,l:2,w:5},],
----------------------- 3 ---------------------------
canvasWidth:300,
canvasHeight:300,
data:[{x:0,y:0,l:69,w:79},{x:133,y:0,l:95,w:48},{x:181,y:0,l:82,w:50},{x:0,y:69,l:44,w:93},{x:79,y:0,l:69,w:54},{x:181,y:82,l:59,w:60},{x:0,y:113,l:48,w:66},{x:231,y:0,l:82,w:37},{x:93,y:69,l:80,w:36},{x:140,y:141,l:74,w:37},{x:177,y:141,l:84,w:28},{x:163,y:225,l:23,w:99},{x:0,y:226,l:23,w:99},{x:138,y:215,l:85,w:25},{x:0,y:161,l:31,w:66},{x:276,y:72,l:81,w:24},{x:0,y:202,l:24,w:73},{x:140,y:106,l:35,w:41},{x:241,y:82,l:51,w:27},{x:242,y:133,l:39,w:34},{x:66,y:113,l:79,w:16},{x:220,y:172,l:15,w:80},{x:82,y:113,l:92,w:10},{x:268,y:38,l:34,w:25},{x:205,y:187,l:20,w:42},{x:0,y:192,l:10,w:82},{x:268,y:13,l:25,w:28},{x:133,y:106,l:99,w:7},{x:92,y:184,l:15,w:41},{x:205,y:146,l:38,w:15},{x:133,y:95,l:11,w:48},{x:133,y:205,l:88,w:5},{x:268,y:0,l:8,w:31},{x:268,y:8,l:5,w:29},{x:129,y:69,l:43,w:3},{x:205,y:141,l:5,w:25},{x:131,y:112,l:61,w:2},{x:92,y:150,l:34,w:38},{x:92,y:149,l:1,w:39},{x:138,y:205,l:10,w:2},],
