====================================== Class_10.2bp-49 =====================================
Reduced size: 100 usedBin: 0
[0, 47, 69, 71]
[1, 61, 73, 86]
[2, 18, 31, 67, 94]
[4, 15, 55, 66, 76, 88, 91]
[9, 29, 41, 43, 50, 52, 84]
[10, 28, 34, 48, 49, 54, 85, 95, 98]
[3, 23, 26, 44]
[5, 6, 56, 87, 89, 92]
[7, 13, 39, 40, 79, 96]
[8, 12, 58, 63, 65, 74, 81]
[11, 14, 27, 51, 59]
[16, 19, 20, 42, 70, 80, 82, 83, 93]
[17, 21, 36, 38, 45, 53, 77, 99]
[22, 24, 35, 37, 57, 60, 68, 72, 78, 97]
[25, 30, 32, 33, 46, 62, 64, 75, 90]
canvasWidth:100,
canvasHeight:100,
data:[{x:0,y:0,l:85,w:89},{x:89,y:0,l:96,w:11},{x:41,y:85,l:11,w:48},{x:0,y:85,l:12,w:41},],
canvasWidth:100,
canvasHeight:100,
data:[{x:0,y:0,l:91,w:83},{x:83,y:39,l:40,w:12},{x:83,y:0,l:39,w:17},{x:88,y:79,l:16,w:12},],
canvasWidth:100,
canvasHeight:100,
data:[{x:0,y:0,l:96,w:54},{x:54,y:0,l:48,w:46},{x:54,y:48,l:35,w:46},{x:54,y:83,l:12,w:44},{x:0,y:96,l:2,w:32},],
canvasWidth:100,
canvasHeight:100,
data:[{x:0,y:0,l:63,w:67},{x:0,y:72,l:28,w:100},{x:67,y:0,l:44,w:21},{x:67,y:47,l:25,w:22},{x:89,y:31,l:41,w:10},{x:0,y:63,l:7,w:23},{x:88,y:0,l:22,w:4},],
canvasWidth:100,
canvasHeight:100,
data:[{x:0,y:0,l:51,w:65},{x:65,y:0,l:47,w:35},{x:0,y:51,l:49,w:26},{x:26,y:51,l:46,w:25},{x:51,y:58,l:42,w:24},{x:75,y:59,l:41,w:24},{x:65,y:47,l:11,w:21},],
canvasWidth:100,
canvasHeight:100,
data:[{x:0,y:0,l:62,w:53},{x:53,y:0,l:38,w:47},{x:0,y:62,l:38,w:37},{x:37,y:62,l:38,w:27},{x:64,y:62,l:35,w:29},{x:53,y:38,l:24,w:40},{x:93,y:38,l:29,w:1},{x:95,y:38,l:46,w:5},{x:64,y:97,l:3,w:4},],
canvasWidth:100,
canvasHeight:100,
data:[{x:0,y:0,l:47,w:91},{x:0,y:47,l:50,w:37},{x:37,y:47,l:50,w:36},{x:73,y:54,l:46,w:24},],
canvasWidth:100,
canvasHeight:100,
data:[{x:0,y:0,l:96,w:43},{x:43,y:0,l:80,w:50},{x:43,y:80,l:17,w:48},{x:93,y:0,l:42,w:4},{x:0,y:96,l:3,w:36},{x:91,y:80,l:8,w:9},],
canvasWidth:100,
canvasHeight:100,
data:[{x:0,y:0,l:36,w:95},{x:0,y:36,l:33,w:95},{x:0,y:69,l:31,w:42},{x:42,y:69,l:31,w:42},{x:95,y:0,l:75,w:5},{x:84,y:69,l:5,w:5},],
canvasWidth:100,
canvasHeight:100,
data:[{x:0,y:0,l:75,w:45},{x:45,y:0,l:77,w:41},{x:0,y:77,l:19,w:39},{x:86,y:0,l:75,w:8},{x:39,y:77,l:16,w:35},{x:74,y:77,l:22,w:20},{x:94,y:50,l:50,w:6},],
canvasWidth:100,
canvasHeight:100,
data:[{x:0,y:0,l:33,w:97},{x:0,y:33,l:44,w:66},{x:0,y:77,l:23,w:78},{x:66,y:33,l:33,w:30},{x:78,y:66,l:34,w:21},],
canvasWidth:100,
canvasHeight:100,
data:[{x:0,y:0,l:28,w:98},{x:0,y:28,l:43,w:50},{x:55,y:34,l:45,w:45},{x:0,y:71,l:29,w:42},{x:63,y:86,l:14,w:37},{x:55,y:79,l:7,w:45},{x:53,y:28,l:6,w:45},{x:42,y:71,l:29,w:8},{x:98,y:0,l:34,w:2},],
canvasWidth:100,
canvasHeight:100,
data:[{x:0,y:0,l:83,w:27},{x:27,y:0,l:50,w:39},{x:27,y:51,l:33,w:42},{x:0,y:84,l:16,w:83},{x:66,y:0,l:50,w:22},{x:69,y:53,l:31,w:31},{x:88,y:0,l:40,w:10},{x:83,y:84,l:10,w:1},],
canvasWidth:100,
canvasHeight:100,
data:[{x:0,y:0,l:86,w:22},{x:22,y:0,l:36,w:39},{x:22,y:36,l:39,w:35},{x:61,y:32,l:24,w:31},{x:61,y:0,l:32,w:22},{x:9,y:89,l:11,w:48},{x:22,y:75,l:14,w:35},{x:57,y:56,l:43,w:43},{x:83,y:0,l:32,w:12},{x:0,y:86,l:2,w:10},],
canvasWidth:100,
canvasHeight:100,
data:[{x:0,y:0,l:43,w:42},{x:0,y:43,l:39,w:42},{x:42,y:0,l:45,w:35},{x:42,y:62,l:36,w:43},{x:88,y:0,l:90,w:12},{x:42,y:45,l:17,w:35},{x:77,y:0,l:43,w:10},{x:86,y:43,l:49,w:2},{x:0,y:82,l:18,w:36},],
Best fit used bin number: 15
Found best solution: 15 0.063

   Statrt add columnAndCut col: 15 cons: 0 cut: 0	0.125

	1 Start Add column using column generation  col: 15 cons: 0 cut: 0	0.125
			Start solve  LP :0.125
			End solve LP obj: 15.0 t: 0
	1 End Add column using column generation : 15.0 col: 15 cons: 0 cut: 0	0.125
   End add columnAndCut : 15.0 colGencnt: 1 price: 0 col: 15 cons: 0 cut: 0	0.125

Node lb: 15.0 ub: 15 : 0.125

Final Found Solution: 15 genNode: 1 extendedNode: 0:0.125
Bin size: 10000
1 : 7565,1056,528,492, : 9641
2 : 7553,663,480,192, : 8888
3 : 5184,2208,1610,528,64, : 9594
4 : 4221,2800,924,550,410,161,88, : 9154
5 : 3315,1645,1274,1150,1008,984,231, : 9607
6 : 3286,1786,1406,1026,1015,960,230,29,12, : 9750
7 : 4277,1850,1800,1104, : 9031
8 : 4128,4000,816,168,108,72, : 9292
9 : 3420,3135,1302,1302,375,25, : 9559
10 : 3375,3157,741,600,560,440,300, : 9173
11 : 3201,2904,1794,990,714, : 9603
12 : 2744,2150,2025,1218,518,315,270,232,68, : 9540
13 : 2241,1950,1386,1328,1100,961,400,10, : 9376
14 : 1892,1849,1404,1365,744,704,528,490,384,20, : 9380
15 : 1806,1638,1575,1548,1080,648,595,430,98, : 9418
----------------------- 1 ---------------------------
canvasWidth:100,
canvasHeight:100,
data:[{x:0,y:0,l:85,w:89},{x:89,y:0,l:96,w:11},{x:41,y:85,l:11,w:48},{x:0,y:85,l:12,w:41},],
----------------------- 2 ---------------------------
canvasWidth:100,
canvasHeight:100,
data:[{x:0,y:0,l:91,w:83},{x:83,y:39,l:40,w:12},{x:83,y:0,l:39,w:17},{x:88,y:79,l:16,w:12},],
----------------------- 3 ---------------------------
canvasWidth:100,
canvasHeight:100,
data:[{x:0,y:0,l:96,w:54},{x:54,y:0,l:48,w:46},{x:54,y:48,l:35,w:46},{x:54,y:83,l:12,w:44},{x:0,y:96,l:2,w:32},],
----------------------- 4 ---------------------------
canvasWidth:100,
canvasHeight:100,
data:[{x:0,y:0,l:63,w:67},{x:0,y:72,l:28,w:100},{x:67,y:0,l:44,w:21},{x:67,y:47,l:25,w:22},{x:89,y:31,l:41,w:10},{x:0,y:63,l:7,w:23},{x:88,y:0,l:22,w:4},],
----------------------- 5 ---------------------------
canvasWidth:100,
canvasHeight:100,
data:[{x:0,y:0,l:51,w:65},{x:65,y:0,l:47,w:35},{x:0,y:51,l:49,w:26},{x:26,y:51,l:46,w:25},{x:51,y:58,l:42,w:24},{x:75,y:59,l:41,w:24},{x:65,y:47,l:11,w:21},],
----------------------- 6 ---------------------------
canvasWidth:100,
canvasHeight:100,
data:[{x:0,y:0,l:62,w:53},{x:53,y:0,l:38,w:47},{x:0,y:62,l:38,w:37},{x:37,y:62,l:38,w:27},{x:64,y:62,l:35,w:29},{x:53,y:38,l:24,w:40},{x:93,y:38,l:29,w:1},{x:95,y:38,l:46,w:5},{x:64,y:97,l:3,w:4},],
----------------------- 7 ---------------------------
canvasWidth:100,
canvasHeight:100,
data:[{x:0,y:0,l:47,w:91},{x:0,y:47,l:50,w:37},{x:37,y:47,l:50,w:36},{x:73,y:54,l:46,w:24},],
----------------------- 8 ---------------------------
canvasWidth:100,
canvasHeight:100,
data:[{x:0,y:0,l:96,w:43},{x:43,y:0,l:80,w:50},{x:43,y:80,l:17,w:48},{x:93,y:0,l:42,w:4},{x:0,y:96,l:3,w:36},{x:91,y:80,l:8,w:9},],
----------------------- 9 ---------------------------
canvasWidth:100,
canvasHeight:100,
data:[{x:0,y:0,l:36,w:95},{x:0,y:36,l:33,w:95},{x:0,y:69,l:31,w:42},{x:42,y:69,l:31,w:42},{x:95,y:0,l:75,w:5},{x:84,y:69,l:5,w:5},],
----------------------- 10 ---------------------------
canvasWidth:100,
canvasHeight:100,
data:[{x:0,y:0,l:75,w:45},{x:45,y:0,l:77,w:41},{x:0,y:77,l:19,w:39},{x:86,y:0,l:75,w:8},{x:39,y:77,l:16,w:35},{x:74,y:77,l:22,w:20},{x:94,y:50,l:50,w:6},],
----------------------- 11 ---------------------------
canvasWidth:100,
canvasHeight:100,
data:[{x:0,y:0,l:33,w:97},{x:0,y:33,l:44,w:66},{x:0,y:77,l:23,w:78},{x:66,y:33,l:33,w:30},{x:78,y:66,l:34,w:21},],
----------------------- 12 ---------------------------
canvasWidth:100,
canvasHeight:100,
data:[{x:0,y:0,l:28,w:98},{x:0,y:28,l:43,w:50},{x:55,y:34,l:45,w:45},{x:0,y:71,l:29,w:42},{x:63,y:86,l:14,w:37},{x:55,y:79,l:7,w:45},{x:53,y:28,l:6,w:45},{x:42,y:71,l:29,w:8},{x:98,y:0,l:34,w:2},],
----------------------- 13 ---------------------------
canvasWidth:100,
canvasHeight:100,
data:[{x:0,y:0,l:83,w:27},{x:27,y:0,l:50,w:39},{x:27,y:51,l:33,w:42},{x:0,y:84,l:16,w:83},{x:66,y:0,l:50,w:22},{x:69,y:53,l:31,w:31},{x:88,y:0,l:40,w:10},{x:83,y:84,l:10,w:1},],
----------------------- 14 ---------------------------
canvasWidth:100,
canvasHeight:100,
data:[{x:0,y:0,l:86,w:22},{x:22,y:0,l:36,w:39},{x:22,y:36,l:39,w:35},{x:61,y:32,l:24,w:31},{x:61,y:0,l:32,w:22},{x:9,y:89,l:11,w:48},{x:22,y:75,l:14,w:35},{x:57,y:56,l:43,w:43},{x:83,y:0,l:32,w:12},{x:0,y:86,l:2,w:10},],
----------------------- 15 ---------------------------
canvasWidth:100,
canvasHeight:100,
data:[{x:0,y:0,l:43,w:42},{x:0,y:43,l:39,w:42},{x:42,y:0,l:45,w:35},{x:42,y:62,l:36,w:43},{x:88,y:0,l:90,w:12},{x:42,y:45,l:17,w:35},{x:77,y:0,l:43,w:10},{x:86,y:43,l:49,w:2},{x:0,y:82,l:18,w:36},],
