====================================== Class_04.2bp-0 =====================================
Reduced size: 20 usedBin: 0
[0, 1, 2, 3, 4, 5, 6, 7, 8, 9, 10, 11, 12, 13, 14, 15, 16, 17, 18, 19]
canvasWidth:100,
canvasHeight:100,
data:[{x:0,y:0,l:34,w:24},{x:33,y:0,l:33,w:19},{x:52,y:0,l:25,w:25},{x:0,y:47,l:22,w:28},{x:0,y:69,l:19,w:31},{x:77,y:19,l:1,w:16},{x:77,y:0,l:19,w:23},{x:0,y:34,l:13,w:33},{x:52,y:25,l:17,w:22},{x:24,y:0,l:34,w:9},{x:31,y:69,l:26,w:11},{x:33,y:33,l:27,w:10},{x:43,y:33,l:27,w:9},{x:81,y:20,l:13,w:15},{x:43,y:60,l:18,w:9},{x:28,y:60,l:9,w:15},{x:96,y:19,l:24,w:4},{x:28,y:47,l:13,w:5},{x:0,y:88,l:4,w:11},{x:52,y:42,l:18,w:30},],
Best fit used bin number: 1
Found best solution: 1 0.054

   Statrt add columnAndCut col: 1 cons: 0 cut: 0	0.12

	1 Start Add column using column generation  col: 1 cons: 0 cut: 0	0.12
			Start solve  LP :0.12
			End solve LP obj: 1.0 t: 1
	1 End Add column using column generation : 1.0 col: 1 cons: 0 cut: 0	0.122
   End add columnAndCut : 1.0 colGencnt: 1 price: 0 col: 1 cons: 0 cut: 0	0.122

Node lb: 1.0 ub: 1 : 0.122

Final Found Solution: 1 genNode: 1 extendedNode: 0:0.122
Bin size: 10000
1 : 816,627,625,616,589,540,437,429,374,306,286,270,243,195,162,135,96,65,44,16, : 6871
----------------------- 1 ---------------------------
canvasWidth:100,
canvasHeight:100,
data:[{x:0,y:0,l:34,w:24},{x:33,y:0,l:33,w:19},{x:52,y:0,l:25,w:25},{x:0,y:47,l:22,w:28},{x:0,y:69,l:19,w:31},{x:77,y:19,l:1,w:16},{x:77,y:0,l:19,w:23},{x:0,y:34,l:13,w:33},{x:52,y:25,l:17,w:22},{x:24,y:0,l:34,w:9},{x:31,y:69,l:26,w:11},{x:33,y:33,l:27,w:10},{x:43,y:33,l:27,w:9},{x:81,y:20,l:13,w:15},{x:43,y:60,l:18,w:9},{x:28,y:60,l:9,w:15},{x:96,y:19,l:24,w:4},{x:28,y:47,l:13,w:5},{x:0,y:88,l:4,w:11},{x:52,y:42,l:18,w:30},],
