====================================== Class_09.2bp-27 =====================================
Reduced size: 60 usedBin: 0
E:\WSKH\2DBPP\NonGuillotine\initSolution\9_28.pack
[28]
[1]
[2, 54]
[3, 59]
[4, 56]
[5]
[6, 53]
[7]
[8]
[9]
[10, 50]
[11]
[12, 57]
[13]
[14, 52]
[15, 51, 58]
[16, 55]
[17]
[18]
[19]
[20]
[21]
[22]
[23]
[24]
[25]
[26, 47]
[27]
[0]
[29]
[30]
[31]
[32]
[34]
[35]
[36, 49]
[37]
[38]
[39]
[40]
[41]
[42]
[43]
[44]
[46]
[48]
[33, 45]
canvasWidth:100,
canvasHeight:100,
data:[{x:0,y:0,l:73,w:70},],
canvasWidth:100,
canvasHeight:100,
data:[{x:0,y:0,l:91,w:94},],
canvasWidth:100,
canvasHeight:100,
data:[{x:0,y:0,l:99,w:86},{x:86,y:0,l:66,w:12},],
canvasWidth:100,
canvasHeight:100,
data:[{x:0,y:0,l:83,w:91},{x:91,y:0,l:38,w:1},],
canvasWidth:100,
canvasHeight:100,
data:[{x:0,y:0,l:90,w:83},{x:83,y:0,l:45,w:14},],
canvasWidth:100,
canvasHeight:100,
data:[{x:0,y:0,l:77,w:94},],
canvasWidth:100,
canvasHeight:100,
data:[{x:0,y:0,l:81,w:88},{x:88,y:0,l:86,w:12},],
canvasWidth:100,
canvasHeight:100,
data:[{x:0,y:0,l:71,w:100},],
canvasWidth:100,
canvasHeight:100,
data:[{x:0,y:0,l:84,w:82},],
canvasWidth:100,
canvasHeight:100,
data:[{x:0,y:0,l:79,w:87},],
canvasWidth:100,
canvasHeight:100,
data:[{x:0,y:0,l:95,w:72},{x:72,y:0,l:88,w:20},],
canvasWidth:100,
canvasHeight:100,
data:[{x:0,y:0,l:69,w:97},],
canvasWidth:100,
canvasHeight:100,
data:[{x:0,y:0,l:85,w:78},{x:78,y:0,l:28,w:19},],
canvasWidth:100,
canvasHeight:100,
data:[{x:0,y:0,l:81,w:81},],
canvasWidth:100,
canvasHeight:100,
data:[{x:0,y:0,l:100,w:63},{x:63,y:0,l:90,w:14},],
canvasWidth:100,
canvasHeight:100,
data:[{x:0,y:0,l:78,w:77},{x:77,y:4,l:67,w:22},{x:77,y:0,l:4,w:16},],
canvasWidth:100,
canvasHeight:100,
data:[{x:0,y:0,l:86,w:68},{x:68,y:0,l:23,w:29},],
canvasWidth:100,
canvasHeight:100,
data:[{x:0,y:0,l:82,w:71},],
canvasWidth:100,
canvasHeight:100,
data:[{x:0,y:0,l:59,w:98},],
canvasWidth:100,
canvasHeight:100,
data:[{x:0,y:0,l:68,w:85},],
canvasWidth:100,
canvasHeight:100,
data:[{x:0,y:0,l:67,w:85},],
canvasWidth:100,
canvasHeight:100,
data:[{x:0,y:0,l:57,w:99},],
canvasWidth:100,
canvasHeight:100,
data:[{x:0,y:0,l:85,w:65},],
canvasWidth:100,
canvasHeight:100,
data:[{x:0,y:0,l:80,w:69},],
canvasWidth:100,
canvasHeight:100,
data:[{x:0,y:0,l:68,w:80},],
canvasWidth:100,
canvasHeight:100,
data:[{x:0,y:0,l:89,w:59},],
canvasWidth:100,
canvasHeight:100,
data:[{x:0,y:0,l:97,w:53},{x:53,y:0,l:77,w:38},],
canvasWidth:100,
canvasHeight:100,
data:[{x:0,y:0,l:59,w:87},],
canvasWidth:100,
canvasHeight:100,
data:[{x:0,y:0,l:94,w:98},],
canvasWidth:100,
canvasHeight:100,
data:[{x:0,y:0,l:82,w:61},],
canvasWidth:100,
canvasHeight:100,
data:[{x:0,y:0,l:66,w:74},],
canvasWidth:100,
canvasHeight:100,
data:[{x:0,y:0,l:70,w:69},],
canvasWidth:100,
canvasHeight:100,
data:[{x:0,y:0,l:67,w:69},],
canvasWidth:100,
canvasHeight:100,
data:[{x:0,y:0,l:57,w:80},],
canvasWidth:100,
canvasHeight:100,
data:[{x:0,y:0,l:67,w:68},],
canvasWidth:100,
canvasHeight:100,
data:[{x:0,y:0,l:89,w:51},{x:51,y:0,l:39,w:49},],
canvasWidth:100,
canvasHeight:100,
data:[{x:0,y:0,l:81,w:54},],
canvasWidth:100,
canvasHeight:100,
data:[{x:0,y:0,l:84,w:52},],
canvasWidth:100,
canvasHeight:100,
data:[{x:0,y:0,l:83,w:51},],
canvasWidth:100,
canvasHeight:100,
data:[{x:0,y:0,l:51,w:79},],
canvasWidth:100,
canvasHeight:100,
data:[{x:0,y:0,l:79,w:51},],
canvasWidth:100,
canvasHeight:100,
data:[{x:0,y:0,l:73,w:55},],
canvasWidth:100,
canvasHeight:100,
data:[{x:0,y:0,l:53,w:72},],
canvasWidth:100,
canvasHeight:100,
data:[{x:0,y:0,l:59,w:57},],
canvasWidth:100,
canvasHeight:100,
data:[{x:0,y:0,l:52,w:61},],
canvasWidth:100,
canvasHeight:100,
data:[{x:0,y:0,l:54,w:52},],
canvasWidth:100,
canvasHeight:100,
data:[{x:0,y:36,l:50,w:92},{x:0,y:0,l:36,w:91},],
Best fit used bin number: 47
Found best solution: 47 0.063

   Statrt add columnAndCut col: 47 cons: 0 cut: 0	0.141

	1 Start Add column using column generation  col: 47 cons: 0 cut: 0	0.141
			Start solve  LP :0.141
			End solve LP obj: 47.0 t: 0
	1 End Add column using column generation : 47.0 col: 47 cons: 0 cut: 0	0.141
   End add columnAndCut : 47.0 colGencnt: 1 price: 0 col: 47 cons: 0 cut: 0	0.141

Node lb: 47.0 ub: 47 : 0.141

Final Found Solution: 47 genNode: 1 extendedNode: 0:0.141
Bin size: 10000
1 : 5110, : 5110
2 : 8554, : 8554
3 : 8514,792, : 9306
4 : 7553,38, : 7591
5 : 7470,630, : 8100
6 : 7238, : 7238
7 : 7128,1032, : 8160
8 : 7100, : 7100
9 : 6888, : 6888
10 : 6873, : 6873
11 : 6840,1760, : 8600
12 : 6693, : 6693
13 : 6630,532, : 7162
14 : 6561, : 6561
15 : 6300,1260, : 7560
16 : 6006,1474,64, : 7544
17 : 5848,667, : 6515
18 : 5822, : 5822
19 : 5782, : 5782
20 : 5780, : 5780
21 : 5695, : 5695
22 : 5643, : 5643
23 : 5525, : 5525
24 : 5520, : 5520
25 : 5440, : 5440
26 : 5251, : 5251
27 : 5141,2926, : 8067
28 : 5133, : 5133
29 : 9212, : 9212
30 : 5002, : 5002
31 : 4884, : 4884
32 : 4830, : 4830
33 : 4623, : 4623
34 : 4560, : 4560
35 : 4556, : 4556
36 : 4539,1911, : 6450
37 : 4374, : 4374
38 : 4368, : 4368
39 : 4233, : 4233
40 : 4029, : 4029
41 : 4029, : 4029
42 : 4015, : 4015
43 : 3816, : 3816
44 : 3363, : 3363
45 : 3172, : 3172
46 : 2808, : 2808
47 : 4600,3276, : 7876
----------------------- 1 ---------------------------
canvasWidth:100,
canvasHeight:100,
data:[{x:0,y:0,l:73,w:70},],
----------------------- 2 ---------------------------
canvasWidth:100,
canvasHeight:100,
data:[{x:0,y:0,l:91,w:94},],
----------------------- 3 ---------------------------
canvasWidth:100,
canvasHeight:100,
data:[{x:0,y:0,l:99,w:86},{x:86,y:0,l:66,w:12},],
----------------------- 4 ---------------------------
canvasWidth:100,
canvasHeight:100,
data:[{x:0,y:0,l:83,w:91},{x:91,y:0,l:38,w:1},],
----------------------- 5 ---------------------------
canvasWidth:100,
canvasHeight:100,
data:[{x:0,y:0,l:90,w:83},{x:83,y:0,l:45,w:14},],
----------------------- 6 ---------------------------
canvasWidth:100,
canvasHeight:100,
data:[{x:0,y:0,l:77,w:94},],
----------------------- 7 ---------------------------
canvasWidth:100,
canvasHeight:100,
data:[{x:0,y:0,l:81,w:88},{x:88,y:0,l:86,w:12},],
----------------------- 8 ---------------------------
canvasWidth:100,
canvasHeight:100,
data:[{x:0,y:0,l:71,w:100},],
----------------------- 9 ---------------------------
canvasWidth:100,
canvasHeight:100,
data:[{x:0,y:0,l:84,w:82},],
----------------------- 10 ---------------------------
canvasWidth:100,
canvasHeight:100,
data:[{x:0,y:0,l:79,w:87},],
----------------------- 11 ---------------------------
canvasWidth:100,
canvasHeight:100,
data:[{x:0,y:0,l:95,w:72},{x:72,y:0,l:88,w:20},],
----------------------- 12 ---------------------------
canvasWidth:100,
canvasHeight:100,
data:[{x:0,y:0,l:69,w:97},],
----------------------- 13 ---------------------------
canvasWidth:100,
canvasHeight:100,
data:[{x:0,y:0,l:85,w:78},{x:78,y:0,l:28,w:19},],
----------------------- 14 ---------------------------
canvasWidth:100,
canvasHeight:100,
data:[{x:0,y:0,l:81,w:81},],
----------------------- 15 ---------------------------
canvasWidth:100,
canvasHeight:100,
data:[{x:0,y:0,l:100,w:63},{x:63,y:0,l:90,w:14},],
----------------------- 16 ---------------------------
canvasWidth:100,
canvasHeight:100,
data:[{x:0,y:0,l:78,w:77},{x:77,y:4,l:67,w:22},{x:77,y:0,l:4,w:16},],
----------------------- 17 ---------------------------
canvasWidth:100,
canvasHeight:100,
data:[{x:0,y:0,l:86,w:68},{x:68,y:0,l:23,w:29},],
----------------------- 18 ---------------------------
canvasWidth:100,
canvasHeight:100,
data:[{x:0,y:0,l:82,w:71},],
----------------------- 19 ---------------------------
canvasWidth:100,
canvasHeight:100,
data:[{x:0,y:0,l:59,w:98},],
----------------------- 20 ---------------------------
canvasWidth:100,
canvasHeight:100,
data:[{x:0,y:0,l:68,w:85},],
----------------------- 21 ---------------------------
canvasWidth:100,
canvasHeight:100,
data:[{x:0,y:0,l:67,w:85},],
----------------------- 22 ---------------------------
canvasWidth:100,
canvasHeight:100,
data:[{x:0,y:0,l:57,w:99},],
----------------------- 23 ---------------------------
canvasWidth:100,
canvasHeight:100,
data:[{x:0,y:0,l:85,w:65},],
----------------------- 24 ---------------------------
canvasWidth:100,
canvasHeight:100,
data:[{x:0,y:0,l:80,w:69},],
----------------------- 25 ---------------------------
canvasWidth:100,
canvasHeight:100,
data:[{x:0,y:0,l:68,w:80},],
----------------------- 26 ---------------------------
canvasWidth:100,
canvasHeight:100,
data:[{x:0,y:0,l:89,w:59},],
----------------------- 27 ---------------------------
canvasWidth:100,
canvasHeight:100,
data:[{x:0,y:0,l:97,w:53},{x:53,y:0,l:77,w:38},],
----------------------- 28 ---------------------------
canvasWidth:100,
canvasHeight:100,
data:[{x:0,y:0,l:59,w:87},],
----------------------- 29 ---------------------------
canvasWidth:100,
canvasHeight:100,
data:[{x:0,y:0,l:94,w:98},],
----------------------- 30 ---------------------------
canvasWidth:100,
canvasHeight:100,
data:[{x:0,y:0,l:82,w:61},],
----------------------- 31 ---------------------------
canvasWidth:100,
canvasHeight:100,
data:[{x:0,y:0,l:66,w:74},],
----------------------- 32 ---------------------------
canvasWidth:100,
canvasHeight:100,
data:[{x:0,y:0,l:70,w:69},],
----------------------- 33 ---------------------------
canvasWidth:100,
canvasHeight:100,
data:[{x:0,y:0,l:67,w:69},],
----------------------- 34 ---------------------------
canvasWidth:100,
canvasHeight:100,
data:[{x:0,y:0,l:57,w:80},],
----------------------- 35 ---------------------------
canvasWidth:100,
canvasHeight:100,
data:[{x:0,y:0,l:67,w:68},],
----------------------- 36 ---------------------------
canvasWidth:100,
canvasHeight:100,
data:[{x:0,y:0,l:89,w:51},{x:51,y:0,l:39,w:49},],
----------------------- 37 ---------------------------
canvasWidth:100,
canvasHeight:100,
data:[{x:0,y:0,l:81,w:54},],
----------------------- 38 ---------------------------
canvasWidth:100,
canvasHeight:100,
data:[{x:0,y:0,l:84,w:52},],
----------------------- 39 ---------------------------
canvasWidth:100,
canvasHeight:100,
data:[{x:0,y:0,l:83,w:51},],
----------------------- 40 ---------------------------
canvasWidth:100,
canvasHeight:100,
data:[{x:0,y:0,l:51,w:79},],
----------------------- 41 ---------------------------
canvasWidth:100,
canvasHeight:100,
data:[{x:0,y:0,l:79,w:51},],
----------------------- 42 ---------------------------
canvasWidth:100,
canvasHeight:100,
data:[{x:0,y:0,l:73,w:55},],
----------------------- 43 ---------------------------
canvasWidth:100,
canvasHeight:100,
data:[{x:0,y:0,l:53,w:72},],
----------------------- 44 ---------------------------
canvasWidth:100,
canvasHeight:100,
data:[{x:0,y:0,l:59,w:57},],
----------------------- 45 ---------------------------
canvasWidth:100,
canvasHeight:100,
data:[{x:0,y:0,l:52,w:61},],
----------------------- 46 ---------------------------
canvasWidth:100,
canvasHeight:100,
data:[{x:0,y:0,l:54,w:52},],
----------------------- 47 ---------------------------
canvasWidth:100,
canvasHeight:100,
data:[{x:0,y:36,l:50,w:92},{x:0,y:0,l:36,w:91},],
