====================================== Class_09.2bp-11 =====================================
Reduced size: 40 usedBin: 0
E:\WSKH\2DBPP\NonGuillotine\initSolution\9_12.pack
[1]
[0]
[2]
[3]
[4]
[5]
[6]
[7]
[8, 35]
[9]
[10, 39]
[11, 34]
[12]
[13, 36]
[14]
[15, 33]
[16]
[17, 30]
[18]
[19, 38]
[20]
[21]
[22]
[23]
[24]
[25]
[26]
[27]
[29]
[31]
[32]
[28, 37]
canvasWidth:100,
canvasHeight:99,
data:[{x:0,y:0,l:95,w:89},],
canvasWidth:100,
canvasHeight:99,
data:[{x:0,y:0,l:95,w:89},],
canvasWidth:100,
canvasHeight:99,
data:[{x:0,y:0,l:94,w:88},],
canvasWidth:100,
canvasHeight:99,
data:[{x:0,y:0,l:87,w:93},],
canvasWidth:100,
canvasHeight:99,
data:[{x:0,y:0,l:78,w:92},],
canvasWidth:100,
canvasHeight:99,
data:[{x:0,y:0,l:70,w:94},],
canvasWidth:100,
canvasHeight:99,
data:[{x:0,y:0,l:77,w:81},],
canvasWidth:100,
canvasHeight:99,
data:[{x:0,y:0,l:73,w:82},],
canvasWidth:100,
canvasHeight:99,
data:[{x:0,y:0,l:79,w:75},{x:75,y:0,l:79,w:23},],
canvasWidth:100,
canvasHeight:99,
data:[{x:0,y:0,l:68,w:87},],
canvasWidth:100,
canvasHeight:99,
data:[{x:0,y:0,l:76,w:75},{x:75,y:0,l:34,w:13},],
canvasWidth:100,
canvasHeight:99,
data:[{x:0,y:59,l:33,w:72},{x:0,y:0,l:59,w:93},],
canvasWidth:100,
canvasHeight:99,
data:[{x:0,y:0,l:83,w:66},],
canvasWidth:100,
canvasHeight:99,
data:[{x:0,y:0,l:99,w:55},{x:55,y:0,l:47,w:35},],
canvasWidth:100,
canvasHeight:99,
data:[{x:0,y:0,l:65,w:82},],
canvasWidth:100,
canvasHeight:99,
data:[{x:0,y:0,l:88,w:60},{x:60,y:0,l:84,w:31},],
canvasWidth:100,
canvasHeight:99,
data:[{x:0,y:0,l:56,w:93},],
canvasWidth:100,
canvasHeight:99,
data:[{x:0,y:0,l:51,w:96},{x:0,y:51,l:42,w:77},],
canvasWidth:100,
canvasHeight:99,
data:[{x:0,y:0,l:76,w:63},],
canvasWidth:100,
canvasHeight:99,
data:[{x:0,y:0,l:90,w:53},{x:53,y:0,l:83,w:15},],
canvasWidth:100,
canvasHeight:99,
data:[{x:0,y:0,l:57,w:83},],
canvasWidth:100,
canvasHeight:99,
data:[{x:0,y:0,l:87,w:53},],
canvasWidth:100,
canvasHeight:99,
data:[{x:0,y:0,l:78,w:55},],
canvasWidth:100,
canvasHeight:99,
data:[{x:0,y:0,l:73,w:57},],
canvasWidth:100,
canvasHeight:99,
data:[{x:0,y:0,l:60,w:69},],
canvasWidth:100,
canvasHeight:99,
data:[{x:0,y:0,l:57,w:71},],
canvasWidth:100,
canvasHeight:99,
data:[{x:0,y:0,l:65,w:62},],
canvasWidth:100,
canvasHeight:99,
data:[{x:0,y:0,l:56,w:71},],
canvasWidth:100,
canvasHeight:99,
data:[{x:0,y:0,l:68,w:51},],
canvasWidth:100,
canvasHeight:99,
data:[{x:0,y:0,l:54,w:53},],
canvasWidth:100,
canvasHeight:99,
data:[{x:0,y:0,l:51,w:56},],
canvasWidth:100,
canvasHeight:99,
data:[{x:0,y:0,l:18,w:91},{x:0,y:18,l:72,w:50},],
Best fit used bin number: 32
Found best solution: 32 0.047

   Statrt add columnAndCut col: 32 cons: 0 cut: 0	0.125

	1 Start Add column using column generation  col: 32 cons: 0 cut: 0	0.125
			Start solve  LP :0.125
			End solve LP obj: 32.0 t: 0
	1 End Add column using column generation : 32.0 col: 32 cons: 0 cut: 0	0.125
   End add columnAndCut : 32.0 colGencnt: 1 price: 0 col: 32 cons: 0 cut: 0	0.125

Node lb: 32.0 ub: 32 : 0.125

Final Found Solution: 32 genNode: 1 extendedNode: 0:0.125
Bin size: 10000
1 : 8455, : 8455
2 : 8455, : 8455
3 : 8272, : 8272
4 : 8091, : 8091
5 : 7176, : 7176
6 : 6580, : 6580
7 : 6237, : 6237
8 : 5986, : 5986
9 : 5925,1817, : 7742
10 : 5916, : 5916
11 : 5700,442, : 6142
12 : 5487,2376, : 7863
13 : 5478, : 5478
14 : 5445,1645, : 7090
15 : 5330, : 5330
16 : 5280,2604, : 7884
17 : 5208, : 5208
18 : 4896,3234, : 8130
19 : 4788, : 4788
20 : 4770,1245, : 6015
21 : 4731, : 4731
22 : 4611, : 4611
23 : 4290, : 4290
24 : 4161, : 4161
25 : 4140, : 4140
26 : 4047, : 4047
27 : 4030, : 4030
28 : 3976, : 3976
29 : 3468, : 3468
30 : 2862, : 2862
31 : 2856, : 2856
32 : 3600,1638, : 5238
----------------------- 1 ---------------------------
canvasWidth:100,
canvasHeight:99,
data:[{x:0,y:0,l:95,w:89},],
----------------------- 2 ---------------------------
canvasWidth:100,
canvasHeight:99,
data:[{x:0,y:0,l:95,w:89},],
----------------------- 3 ---------------------------
canvasWidth:100,
canvasHeight:99,
data:[{x:0,y:0,l:94,w:88},],
----------------------- 4 ---------------------------
canvasWidth:100,
canvasHeight:99,
data:[{x:0,y:0,l:87,w:93},],
----------------------- 5 ---------------------------
canvasWidth:100,
canvasHeight:99,
data:[{x:0,y:0,l:78,w:92},],
----------------------- 6 ---------------------------
canvasWidth:100,
canvasHeight:99,
data:[{x:0,y:0,l:70,w:94},],
----------------------- 7 ---------------------------
canvasWidth:100,
canvasHeight:99,
data:[{x:0,y:0,l:77,w:81},],
----------------------- 8 ---------------------------
canvasWidth:100,
canvasHeight:99,
data:[{x:0,y:0,l:73,w:82},],
----------------------- 9 ---------------------------
canvasWidth:100,
canvasHeight:99,
data:[{x:0,y:0,l:79,w:75},{x:75,y:0,l:79,w:23},],
----------------------- 10 ---------------------------
canvasWidth:100,
canvasHeight:99,
data:[{x:0,y:0,l:68,w:87},],
----------------------- 11 ---------------------------
canvasWidth:100,
canvasHeight:99,
data:[{x:0,y:0,l:76,w:75},{x:75,y:0,l:34,w:13},],
----------------------- 12 ---------------------------
canvasWidth:100,
canvasHeight:99,
data:[{x:0,y:59,l:33,w:72},{x:0,y:0,l:59,w:93},],
----------------------- 13 ---------------------------
canvasWidth:100,
canvasHeight:99,
data:[{x:0,y:0,l:83,w:66},],
----------------------- 14 ---------------------------
canvasWidth:100,
canvasHeight:99,
data:[{x:0,y:0,l:99,w:55},{x:55,y:0,l:47,w:35},],
----------------------- 15 ---------------------------
canvasWidth:100,
canvasHeight:99,
data:[{x:0,y:0,l:65,w:82},],
----------------------- 16 ---------------------------
canvasWidth:100,
canvasHeight:99,
data:[{x:0,y:0,l:88,w:60},{x:60,y:0,l:84,w:31},],
----------------------- 17 ---------------------------
canvasWidth:100,
canvasHeight:99,
data:[{x:0,y:0,l:56,w:93},],
----------------------- 18 ---------------------------
canvasWidth:100,
canvasHeight:99,
data:[{x:0,y:0,l:51,w:96},{x:0,y:51,l:42,w:77},],
----------------------- 19 ---------------------------
canvasWidth:100,
canvasHeight:99,
data:[{x:0,y:0,l:76,w:63},],
----------------------- 20 ---------------------------
canvasWidth:100,
canvasHeight:99,
data:[{x:0,y:0,l:90,w:53},{x:53,y:0,l:83,w:15},],
----------------------- 21 ---------------------------
canvasWidth:100,
canvasHeight:99,
data:[{x:0,y:0,l:57,w:83},],
----------------------- 22 ---------------------------
canvasWidth:100,
canvasHeight:99,
data:[{x:0,y:0,l:87,w:53},],
----------------------- 23 ---------------------------
canvasWidth:100,
canvasHeight:99,
data:[{x:0,y:0,l:78,w:55},],
----------------------- 24 ---------------------------
canvasWidth:100,
canvasHeight:99,
data:[{x:0,y:0,l:73,w:57},],
----------------------- 25 ---------------------------
canvasWidth:100,
canvasHeight:99,
data:[{x:0,y:0,l:60,w:69},],
----------------------- 26 ---------------------------
canvasWidth:100,
canvasHeight:99,
data:[{x:0,y:0,l:57,w:71},],
----------------------- 27 ---------------------------
canvasWidth:100,
canvasHeight:99,
data:[{x:0,y:0,l:65,w:62},],
----------------------- 28 ---------------------------
canvasWidth:100,
canvasHeight:99,
data:[{x:0,y:0,l:56,w:71},],
----------------------- 29 ---------------------------
canvasWidth:100,
canvasHeight:99,
data:[{x:0,y:0,l:68,w:51},],
----------------------- 30 ---------------------------
canvasWidth:100,
canvasHeight:99,
data:[{x:0,y:0,l:54,w:53},],
----------------------- 31 ---------------------------
canvasWidth:100,
canvasHeight:99,
data:[{x:0,y:0,l:51,w:56},],
----------------------- 32 ---------------------------
canvasWidth:100,
canvasHeight:99,
data:[{x:0,y:0,l:18,w:91},{x:0,y:18,l:72,w:50},],
