====================================== Class_02.2bp-44 =====================================
Reduced size: 100 usedBin: 0
[0, 1, 2, 3, 4, 5, 6, 7, 8, 26, 30, 33, 34, 50, 62, 73, 91, 94, 97]
[9, 10, 11, 12, 13, 14, 15, 16, 17, 18, 19, 20, 21, 23, 24, 41, 52, 66, 72, 74, 75, 82, 89, 95, 99]
[22, 25, 27, 28, 29, 31, 32, 35, 36, 37, 38, 39, 40, 42, 45, 46, 47, 48, 49, 53, 54, 55, 60, 61, 63, 64, 69, 81, 85, 86, 88, 90, 93]
[43, 44, 51, 56, 57, 58, 59, 65, 67, 68, 70, 71, 76, 77, 78, 79, 80, 83, 84, 87, 92, 96, 98]
canvasWidth:30,
canvasHeight:30,
data:[{x:0,y:0,l:8,w:10},{x:10,y:0,l:8,w:10},{x:0,y:8,l:10,w:8},{x:8,y:8,l:8,w:9},{x:17,y:8,l:8,w:9},{x:0,y:18,l:9,w:8},{x:8,y:16,l:9,w:8},{x:20,y:0,l:7,w:10},{x:16,y:20,l:10,w:7},{x:16,y:16,l:4,w:10},{x:0,y:27,l:3,w:6},{x:8,y:25,l:5,w:8},{x:26,y:8,l:10,w:4},{x:26,y:18,l:10,w:4},{x:23,y:20,l:10,w:3},{x:20,y:7,l:1,w:10},{x:27,y:28,l:2,w:3},{x:6,y:27,l:3,w:2},{x:26,y:28,l:2,w:1},],
canvasWidth:30,
canvasHeight:30,
data:[{x:0,y:0,l:9,w:7},{x:7,y:0,l:10,w:6},{x:13,y:0,l:7,w:8},{x:0,y:9,l:8,w:7},{x:21,y:0,l:6,w:9},{x:7,y:10,l:9,w:6},{x:13,y:7,l:10,w:5},{x:18,y:7,l:10,w:5},{x:13,y:17,l:10,w:5},{x:0,y:17,l:7,w:7},{x:7,y:19,l:8,w:6},{x:18,y:17,l:8,w:6},{x:24,y:17,l:8,w:6},{x:0,y:24,l:6,w:7},{x:23,y:7,l:6,w:7},{x:23,y:25,l:5,w:7},{x:23,y:13,l:4,w:7},{x:7,y:27,l:3,w:5},{x:12,y:28,l:2,w:5},{x:21,y:25,l:5,w:2},{x:21,y:6,l:1,w:9},{x:18,y:25,l:3,w:3},{x:17,y:28,l:2,w:3},{x:13,y:27,l:1,w:5},{x:12,y:27,l:1,w:1},],
canvasWidth:30,
canvasHeight:30,
data:[{x:0,y:0,l:9,w:5},{x:5,y:0,l:7,w:6},{x:11,y:0,l:4,w:10},{x:11,y:4,l:4,w:10},{x:0,y:9,l:8,w:5},{x:11,y:8,l:10,w:4},{x:21,y:0,l:4,w:9},{x:21,y:4,l:4,w:9},{x:5,y:7,l:6,w:6},{x:5,y:13,l:6,w:6},{x:11,y:18,l:9,w:4},{x:15,y:8,l:9,w:4},{x:0,y:17,l:7,w:5},{x:15,y:17,l:3,w:10},{x:17,y:20,l:3,w:10},{x:0,y:24,l:6,w:5},{x:22,y:11,l:6,w:5},{x:27,y:11,l:10,w:3},{x:17,y:27,l:3,w:9},{x:19,y:8,l:9,w:3},{x:5,y:19,l:4,w:6},{x:5,y:23,l:7,w:3},{x:15,y:20,l:10,w:2},{x:17,y:23,l:4,w:10},{x:28,y:21,l:9,w:2},{x:22,y:8,l:2,w:8},{x:11,y:27,l:3,w:4},{x:27,y:21,l:9,w:1},{x:22,y:10,l:1,w:8},{x:8,y:23,l:7,w:1},{x:9,y:23,l:7,w:1},{x:25,y:17,l:3,w:2},{x:10,y:23,l:6,w:1},],
canvasWidth:30,
canvasHeight:30,
data:[{x:0,y:0,l:6,w:5},{x:5,y:0,l:6,w:5},{x:22,y:0,l:4,w:7},{x:10,y:0,l:6,w:4},{x:14,y:0,l:6,w:4},{x:22,y:4,l:3,w:7},{x:22,y:7,l:3,w:7},{x:27,y:10,l:8,w:2},{x:19,y:6,l:4,w:3},{x:18,y:0,l:6,w:2},{x:20,y:0,l:6,w:2},{x:0,y:6,l:2,w:5},{x:5,y:6,l:1,w:9},{x:5,y:7,l:1,w:9},{x:27,y:18,l:3,w:3},{x:29,y:0,l:9,w:1},{x:29,y:9,l:9,w:1},{x:17,y:6,l:4,w:2},{x:14,y:6,l:8,w:1},{x:5,y:8,l:1,w:7},{x:27,y:21,l:2,w:3},{x:0,y:8,l:1,w:5},{x:12,y:8,l:1,w:2},],
Best fit used bin number: 4
Found best solution: 4 0.062

   Statrt add columnAndCut col: 4 cons: 0 cut: 0	0.14

	1 Start Add column using column generation  col: 4 cons: 0 cut: 0	0.14
			Start solve  LP :0.14
			End solve LP obj: 4.0 t: 0
	1 End Add column using column generation : 4.0 col: 4 cons: 0 cut: 0	0.14
   End add columnAndCut : 4.0 colGencnt: 1 price: 0 col: 4 cons: 0 cut: 0	0.14

Node lb: 4.0 ub: 4 : 0.14

Final Found Solution: 4 genNode: 1 extendedNode: 0:0.14
Bin size: 900
1 : 80,80,80,72,72,72,72,70,70,40,40,40,40,30,18,10,6,6,2, : 900
2 : 63,60,56,56,54,54,50,50,50,49,48,48,48,42,42,35,28,15,10,10,9,9,6,5,1, : 898
3 : 45,42,40,40,40,40,40,36,36,36,36,36,36,35,30,30,30,30,30,27,27,24,21,20,18,16,12,9,8,7,7,6,6, : 896
4 : 30,30,28,24,24,21,21,16,12,12,12,10,9,9,9,9,9,8,8,7,6,5,2, : 321
----------------------- 1 ---------------------------
canvasWidth:30,
canvasHeight:30,
data:[{x:0,y:0,l:8,w:10},{x:10,y:0,l:8,w:10},{x:0,y:8,l:10,w:8},{x:8,y:8,l:8,w:9},{x:17,y:8,l:8,w:9},{x:0,y:18,l:9,w:8},{x:8,y:16,l:9,w:8},{x:20,y:0,l:7,w:10},{x:16,y:20,l:10,w:7},{x:16,y:16,l:4,w:10},{x:0,y:27,l:3,w:6},{x:8,y:25,l:5,w:8},{x:26,y:8,l:10,w:4},{x:26,y:18,l:10,w:4},{x:23,y:20,l:10,w:3},{x:20,y:7,l:1,w:10},{x:27,y:28,l:2,w:3},{x:6,y:27,l:3,w:2},{x:26,y:28,l:2,w:1},],
----------------------- 2 ---------------------------
canvasWidth:30,
canvasHeight:30,
data:[{x:0,y:0,l:9,w:7},{x:7,y:0,l:10,w:6},{x:13,y:0,l:7,w:8},{x:0,y:9,l:8,w:7},{x:21,y:0,l:6,w:9},{x:7,y:10,l:9,w:6},{x:13,y:7,l:10,w:5},{x:18,y:7,l:10,w:5},{x:13,y:17,l:10,w:5},{x:0,y:17,l:7,w:7},{x:7,y:19,l:8,w:6},{x:18,y:17,l:8,w:6},{x:24,y:17,l:8,w:6},{x:0,y:24,l:6,w:7},{x:23,y:7,l:6,w:7},{x:23,y:25,l:5,w:7},{x:23,y:13,l:4,w:7},{x:7,y:27,l:3,w:5},{x:12,y:28,l:2,w:5},{x:21,y:25,l:5,w:2},{x:21,y:6,l:1,w:9},{x:18,y:25,l:3,w:3},{x:17,y:28,l:2,w:3},{x:13,y:27,l:1,w:5},{x:12,y:27,l:1,w:1},],
----------------------- 3 ---------------------------
canvasWidth:30,
canvasHeight:30,
data:[{x:0,y:0,l:9,w:5},{x:5,y:0,l:7,w:6},{x:11,y:0,l:4,w:10},{x:11,y:4,l:4,w:10},{x:0,y:9,l:8,w:5},{x:11,y:8,l:10,w:4},{x:21,y:0,l:4,w:9},{x:21,y:4,l:4,w:9},{x:5,y:7,l:6,w:6},{x:5,y:13,l:6,w:6},{x:11,y:18,l:9,w:4},{x:15,y:8,l:9,w:4},{x:0,y:17,l:7,w:5},{x:15,y:17,l:3,w:10},{x:17,y:20,l:3,w:10},{x:0,y:24,l:6,w:5},{x:22,y:11,l:6,w:5},{x:27,y:11,l:10,w:3},{x:17,y:27,l:3,w:9},{x:19,y:8,l:9,w:3},{x:5,y:19,l:4,w:6},{x:5,y:23,l:7,w:3},{x:15,y:20,l:10,w:2},{x:17,y:23,l:4,w:10},{x:28,y:21,l:9,w:2},{x:22,y:8,l:2,w:8},{x:11,y:27,l:3,w:4},{x:27,y:21,l:9,w:1},{x:22,y:10,l:1,w:8},{x:8,y:23,l:7,w:1},{x:9,y:23,l:7,w:1},{x:25,y:17,l:3,w:2},{x:10,y:23,l:6,w:1},],
----------------------- 4 ---------------------------
canvasWidth:30,
canvasHeight:30,
data:[{x:0,y:0,l:6,w:5},{x:5,y:0,l:6,w:5},{x:22,y:0,l:4,w:7},{x:10,y:0,l:6,w:4},{x:14,y:0,l:6,w:4},{x:22,y:4,l:3,w:7},{x:22,y:7,l:3,w:7},{x:27,y:10,l:8,w:2},{x:19,y:6,l:4,w:3},{x:18,y:0,l:6,w:2},{x:20,y:0,l:6,w:2},{x:0,y:6,l:2,w:5},{x:5,y:6,l:1,w:9},{x:5,y:7,l:1,w:9},{x:27,y:18,l:3,w:3},{x:29,y:0,l:9,w:1},{x:29,y:9,l:9,w:1},{x:17,y:6,l:4,w:2},{x:14,y:6,l:8,w:1},{x:5,y:8,l:1,w:7},{x:27,y:21,l:2,w:3},{x:0,y:8,l:1,w:5},{x:12,y:8,l:1,w:2},],
