====================================== Class_06.2bp-10 =====================================
Reduced size: 40 usedBin: 0
[0, 1, 2, 3, 4, 5, 6, 7, 8, 9, 10, 11, 12, 13, 14, 15, 16, 17, 18, 19, 20, 21, 22, 23, 24, 25, 26, 27, 28, 29, 30, 31, 32, 33, 34, 35, 36, 37, 38, 39]
canvasWidth:300,
canvasHeight:300,
data:[{x:0,y:0,l:81,w:71},{x:119,y:0,l:82,w:65},{x:184,y:0,l:99,w:51},{x:96,y:82,l:51,w:88},{x:235,y:0,l:7,w:24},{x:184,y:99,l:89,w:44},{x:71,y:0,l:81,w:48},{x:24,y:82,l:51,w:72},{x:259,y:0,l:98,w:37},{x:38,y:133,l:60,w:47},{x:85,y:133,l:40,w:67},{x:152,y:133,l:75,w:32},{x:90,y:177,l:33,w:62},{x:0,y:234,l:24,w:80},{x:0,y:213,l:21,w:91},{x:184,y:225,l:75,w:25},{x:216,y:196,l:21,w:81},{x:235,y:106,l:90,w:16},{x:152,y:236,l:52,w:25},{x:184,y:188,l:37,w:32},{x:0,y:81,l:95,w:12},{x:0,y:200,l:13,w:79},{x:152,y:208,l:28,w:32},{x:235,y:11,l:37,w:23},{x:235,y:66,l:40,w:20},{x:12,y:82,l:66,w:12},{x:0,y:193,l:7,w:85},{x:228,y:99,l:64,w:7},{x:12,y:148,l:19,w:16},{x:235,y:48,l:18,w:16},{x:24,y:133,l:15,w:14},{x:229,y:163,l:33,w:6},{x:85,y:173,l:4,w:48},{x:106,y:210,l:90,w:46},{x:296,y:0,l:37,w:4},{x:298,y:37,l:65,w:2},{x:30,y:81,l:1,w:89},{x:235,y:7,l:4,w:18},{x:228,y:163,l:25,w:1},{x:21,y:81,l:1,w:9},],
Best fit used bin number: 1
Found best solution: 1 0.047

   Statrt add columnAndCut col: 1 cons: 0 cut: 0	0.14

	1 Start Add column using column generation  col: 1 cons: 0 cut: 0	0.14
			Start solve  LP :0.14
			End solve LP obj: 1.0 t: 0
	1 End Add column using column generation : 1.0 col: 1 cons: 0 cut: 0	0.14
   End add columnAndCut : 1.0 colGencnt: 1 price: 0 col: 1 cons: 0 cut: 0	0.14

Node lb: 1.0 ub: 1 : 0.14

Final Found Solution: 1 genNode: 1 extendedNode: 0:0.14
Bin size: 90000
1 : 5751,5330,5049,4488,4140,3916,3888,3672,3626,2820,2680,2400,2046,1920,1911,1875,1701,1440,1300,1184,1140,1027,896,851,800,792,595,448,304,288,210,198,192,168,148,130,89,72,25,9, : 69519
----------------------- 1 ---------------------------
canvasWidth:300,
canvasHeight:300,
data:[{x:0,y:0,l:81,w:71},{x:119,y:0,l:82,w:65},{x:184,y:0,l:99,w:51},{x:96,y:82,l:51,w:88},{x:235,y:0,l:7,w:24},{x:184,y:99,l:89,w:44},{x:71,y:0,l:81,w:48},{x:24,y:82,l:51,w:72},{x:259,y:0,l:98,w:37},{x:38,y:133,l:60,w:47},{x:85,y:133,l:40,w:67},{x:152,y:133,l:75,w:32},{x:90,y:177,l:33,w:62},{x:0,y:234,l:24,w:80},{x:0,y:213,l:21,w:91},{x:184,y:225,l:75,w:25},{x:216,y:196,l:21,w:81},{x:235,y:106,l:90,w:16},{x:152,y:236,l:52,w:25},{x:184,y:188,l:37,w:32},{x:0,y:81,l:95,w:12},{x:0,y:200,l:13,w:79},{x:152,y:208,l:28,w:32},{x:235,y:11,l:37,w:23},{x:235,y:66,l:40,w:20},{x:12,y:82,l:66,w:12},{x:0,y:193,l:7,w:85},{x:228,y:99,l:64,w:7},{x:12,y:148,l:19,w:16},{x:235,y:48,l:18,w:16},{x:24,y:133,l:15,w:14},{x:229,y:163,l:33,w:6},{x:85,y:173,l:4,w:48},{x:106,y:210,l:90,w:46},{x:296,y:0,l:37,w:4},{x:298,y:37,l:65,w:2},{x:30,y:81,l:1,w:89},{x:235,y:7,l:4,w:18},{x:228,y:163,l:25,w:1},{x:21,y:81,l:1,w:9},],
