====================================== Class_03.2bp-44 =====================================
Reduced size: 100 usedBin: 0
E:\WSKH\2DBPP\NonGuillotine\initSolution\3_45.pack
[0, 55, 64, 75, 84]
[1, 45, 58]
[2, 28, 68, 76, 96]
[3, 25, 65, 81]
[4, 26, 62, 77]
[5, 42, 48, 98]
[6, 29, 61, 78, 89]
[7, 36, 52, 94]
[8, 14, 71, 80, 97]
[9, 21, 63, 90, 91]
[10, 40, 41, 92]
[11, 12, 56]
[13, 34, 57, 86, 99]
[15, 20, 38, 83, 95]
[18, 27, 53, 66, 79]
[17, 22, 46, 85, 88]
[19, 24, 49, 67]
[23, 31, 50, 69, 72, 87]
[32, 33, 39]
[16, 35, 51, 70, 73, 93]
[30, 54, 59, 60, 74]
[37, 43, 44, 47, 82]
canvasWidth:40,
canvasHeight:40,
data:[{x:0,y:0,l:28,w:32},{x:0,y:28,l:9,w:30},{x:32,y:0,l:30,w:6},{x:0,y:37,l:3,w:30},{x:38,y:0,l:32,w:2},],
canvasWidth:40,
canvasHeight:40,
data:[{x:0,y:0,l:28,w:31},{x:31,y:0,l:35,w:9},{x:0,y:28,l:11,w:23},],
canvasWidth:40,
canvasHeight:40,
data:[{x:0,y:0,l:24,w:35},{x:0,y:24,l:13,w:35},{x:36,y:0,l:32,w:4},{x:0,y:37,l:3,w:29},{x:35,y:0,l:22,w:1},],
canvasWidth:40,
canvasHeight:40,
data:[{x:0,y:0,l:32,w:26},{x:26,y:0,l:33,w:14},{x:0,y:32,l:8,w:22},{x:30,y:33,l:7,w:10},],
canvasWidth:40,
canvasHeight:40,
data:[{x:0,y:0,l:25,w:33},{x:0,y:25,l:14,w:33},{x:33,y:0,l:26,w:7},{x:33,y:26,l:12,w:7},],
canvasWidth:40,
canvasHeight:40,
data:[{x:0,y:0,l:28,w:29},{x:0,y:28,l:12,w:29},{x:29,y:0,l:29,w:10},{x:39,y:0,l:5,w:1},],
canvasWidth:40,
canvasHeight:40,
data:[{x:0,y:0,l:30,w:27},{x:27,y:0,l:35,w:13},{x:0,y:30,l:7,w:27},{x:0,y:37,l:3,w:27},{x:27,y:35,l:5,w:10},],
canvasWidth:40,
canvasHeight:40,
data:[{x:0,y:0,l:29,w:27},{x:27,y:0,l:33,w:12},{x:0,y:29,l:11,w:25},{x:39,y:0,l:28,w:1},],
canvasWidth:40,
canvasHeight:40,
data:[{x:0,y:0,l:33,w:23},{x:23,y:0,l:35,w:17},{x:0,y:33,l:7,w:17},{x:25,y:35,l:5,w:15},{x:17,y:33,l:2,w:6},],
canvasWidth:40,
canvasHeight:40,
data:[{x:0,y:0,l:30,w:25},{x:25,y:0,l:34,w:15},{x:0,y:30,l:9,w:20},{x:32,y:34,l:6,w:8},{x:20,y:30,l:9,w:5},],
canvasWidth:40,
canvasHeight:40,
data:[{x:0,y:0,l:25,w:25},{x:0,y:25,l:15,w:24},{x:25,y:0,l:30,w:12},{x:37,y:0,l:22,w:2},],
canvasWidth:40,
canvasHeight:40,
data:[{x:0,y:0,l:29,w:21},{x:21,y:0,l:32,w:19},{x:7,y:32,l:8,w:33},],
canvasWidth:40,
canvasHeight:40,
data:[{x:0,y:0,l:23,w:26},{x:26,y:0,l:30,w:14},{x:7,y:30,l:8,w:33},{x:10,y:38,l:2,w:30},{x:0,y:23,l:1,w:3},],
canvasWidth:40,
canvasHeight:40,
data:[{x:0,y:0,l:28,w:21},{x:21,y:0,l:28,w:19},{x:0,y:28,l:11,w:34},{x:34,y:28,l:11,w:6},{x:16,y:39,l:1,w:24},],
canvasWidth:40,
canvasHeight:40,
data:[{x:0,y:0,l:27,w:21},{x:21,y:0,l:24,w:19},{x:0,y:27,l:13,w:21},{x:21,y:24,l:11,w:13},{x:35,y:24,l:16,w:5},],
canvasWidth:40,
canvasHeight:40,
data:[{x:22,y:0,l:32,w:18},{x:0,y:0,l:22,w:22},{x:0,y:22,l:14,w:22},{x:22,y:32,l:4,w:16},{x:0,y:36,l:3,w:18},],
canvasWidth:40,
canvasHeight:40,
data:[{x:22,y:0,l:31,w:18},{x:0,y:0,l:21,w:22},{x:0,y:21,l:18,w:16},{x:25,y:31,l:9,w:15},],
canvasWidth:40,
canvasHeight:40,
data:[{x:0,y:0,l:21,w:22},{x:22,y:0,l:28,w:16},{x:0,y:21,l:19,w:15},{x:15,y:21,l:18,w:7},{x:22,y:28,l:10,w:11},{x:38,y:0,l:29,w:2},],
canvasWidth:40,
canvasHeight:40,
data:[{x:0,y:0,l:21,w:21},{x:0,y:25,l:15,w:28},{x:21,y:0,l:23,w:16},],
canvasWidth:40,
canvasHeight:40,
data:[{x:0,y:0,l:20,w:6},{x:6,y:0,l:20,w:20},{x:26,y:0,l:20,w:14},{x:11,y:20,l:20,w:29},{x:0,y:20,l:13,w:8},{x:9,y:20,l:20,w:2},],
canvasWidth:40,
canvasHeight:40,
data:[{x:0,y:0,l:14,w:32},{x:10,y:14,l:21,w:13},{x:0,y:14,l:24,w:10},{x:34,y:0,l:33,w:6},{x:23,y:14,l:9,w:11},],
canvasWidth:40,
canvasHeight:40,
data:[{x:0,y:0,l:13,w:29},{x:0,y:13,l:21,w:16},{x:16,y:13,l:21,w:15},{x:31,y:0,l:34,w:9},{x:0,y:34,l:2,w:35},],
Best fit used bin number: 22
Found best solution: 22 0.078

   Statrt add columnAndCut col: 22 cons: 0 cut: 0	0.156

	1 Start Add column using column generation  col: 22 cons: 0 cut: 0	0.156
			Start solve  LP :0.156
			End solve LP obj: 22.0 t: 0
	1 End Add column using column generation : 22.0 col: 22 cons: 0 cut: 0	0.156
   End add columnAndCut : 22.0 colGencnt: 1 price: 0 col: 22 cons: 0 cut: 0	0.156

Node lb: 22.0 ub: 22 : 0.156

Final Found Solution: 22 genNode: 1 extendedNode: 0:0.156
Bin size: 1600
1 : 896,270,180,90,64, : 1500
2 : 868,315,253, : 1436
3 : 840,455,128,87,22, : 1532
4 : 832,462,176,70, : 1540
5 : 825,462,182,84, : 1553
6 : 812,348,290,5, : 1455
7 : 810,455,189,81,50, : 1585
8 : 783,396,275,28, : 1482
9 : 759,595,119,75,12, : 1560
10 : 750,510,180,48,45, : 1533
11 : 625,360,360,44, : 1389
12 : 609,608,264, : 1481
13 : 598,420,264,60,3, : 1345
14 : 588,532,374,66,24, : 1584
15 : 567,456,273,143,80, : 1519
16 : 576,484,308,64,54, : 1486
17 : 558,462,288,135, : 1443
18 : 462,448,285,126,110,58, : 1489
19 : 441,420,368, : 1229
20 : 580,400,280,120,104,40, : 1524
21 : 448,273,240,198,99, : 1258
22 : 377,336,315,306,70, : 1404
----------------------- 1 ---------------------------
canvasWidth:40,
canvasHeight:40,
data:[{x:0,y:0,l:28,w:32},{x:0,y:28,l:9,w:30},{x:32,y:0,l:30,w:6},{x:0,y:37,l:3,w:30},{x:38,y:0,l:32,w:2},],
----------------------- 2 ---------------------------
canvasWidth:40,
canvasHeight:40,
data:[{x:0,y:0,l:28,w:31},{x:31,y:0,l:35,w:9},{x:0,y:28,l:11,w:23},],
----------------------- 3 ---------------------------
canvasWidth:40,
canvasHeight:40,
data:[{x:0,y:0,l:24,w:35},{x:0,y:24,l:13,w:35},{x:36,y:0,l:32,w:4},{x:0,y:37,l:3,w:29},{x:35,y:0,l:22,w:1},],
----------------------- 4 ---------------------------
canvasWidth:40,
canvasHeight:40,
data:[{x:0,y:0,l:32,w:26},{x:26,y:0,l:33,w:14},{x:0,y:32,l:8,w:22},{x:30,y:33,l:7,w:10},],
----------------------- 5 ---------------------------
canvasWidth:40,
canvasHeight:40,
data:[{x:0,y:0,l:25,w:33},{x:0,y:25,l:14,w:33},{x:33,y:0,l:26,w:7},{x:33,y:26,l:12,w:7},],
----------------------- 6 ---------------------------
canvasWidth:40,
canvasHeight:40,
data:[{x:0,y:0,l:28,w:29},{x:0,y:28,l:12,w:29},{x:29,y:0,l:29,w:10},{x:39,y:0,l:5,w:1},],
----------------------- 7 ---------------------------
canvasWidth:40,
canvasHeight:40,
data:[{x:0,y:0,l:30,w:27},{x:27,y:0,l:35,w:13},{x:0,y:30,l:7,w:27},{x:0,y:37,l:3,w:27},{x:27,y:35,l:5,w:10},],
----------------------- 8 ---------------------------
canvasWidth:40,
canvasHeight:40,
data:[{x:0,y:0,l:29,w:27},{x:27,y:0,l:33,w:12},{x:0,y:29,l:11,w:25},{x:39,y:0,l:28,w:1},],
----------------------- 9 ---------------------------
canvasWidth:40,
canvasHeight:40,
data:[{x:0,y:0,l:33,w:23},{x:23,y:0,l:35,w:17},{x:0,y:33,l:7,w:17},{x:25,y:35,l:5,w:15},{x:17,y:33,l:2,w:6},],
----------------------- 10 ---------------------------
canvasWidth:40,
canvasHeight:40,
data:[{x:0,y:0,l:30,w:25},{x:25,y:0,l:34,w:15},{x:0,y:30,l:9,w:20},{x:32,y:34,l:6,w:8},{x:20,y:30,l:9,w:5},],
----------------------- 11 ---------------------------
canvasWidth:40,
canvasHeight:40,
data:[{x:0,y:0,l:25,w:25},{x:0,y:25,l:15,w:24},{x:25,y:0,l:30,w:12},{x:37,y:0,l:22,w:2},],
----------------------- 12 ---------------------------
canvasWidth:40,
canvasHeight:40,
data:[{x:0,y:0,l:29,w:21},{x:21,y:0,l:32,w:19},{x:7,y:32,l:8,w:33},],
----------------------- 13 ---------------------------
canvasWidth:40,
canvasHeight:40,
data:[{x:0,y:0,l:23,w:26},{x:26,y:0,l:30,w:14},{x:7,y:30,l:8,w:33},{x:10,y:38,l:2,w:30},{x:0,y:23,l:1,w:3},],
----------------------- 14 ---------------------------
canvasWidth:40,
canvasHeight:40,
data:[{x:0,y:0,l:28,w:21},{x:21,y:0,l:28,w:19},{x:0,y:28,l:11,w:34},{x:34,y:28,l:11,w:6},{x:16,y:39,l:1,w:24},],
----------------------- 15 ---------------------------
canvasWidth:40,
canvasHeight:40,
data:[{x:0,y:0,l:27,w:21},{x:21,y:0,l:24,w:19},{x:0,y:27,l:13,w:21},{x:21,y:24,l:11,w:13},{x:35,y:24,l:16,w:5},],
----------------------- 16 ---------------------------
canvasWidth:40,
canvasHeight:40,
data:[{x:22,y:0,l:32,w:18},{x:0,y:0,l:22,w:22},{x:0,y:22,l:14,w:22},{x:22,y:32,l:4,w:16},{x:0,y:36,l:3,w:18},],
----------------------- 17 ---------------------------
canvasWidth:40,
canvasHeight:40,
data:[{x:22,y:0,l:31,w:18},{x:0,y:0,l:21,w:22},{x:0,y:21,l:18,w:16},{x:25,y:31,l:9,w:15},],
----------------------- 18 ---------------------------
canvasWidth:40,
canvasHeight:40,
data:[{x:0,y:0,l:21,w:22},{x:22,y:0,l:28,w:16},{x:0,y:21,l:19,w:15},{x:15,y:21,l:18,w:7},{x:22,y:28,l:10,w:11},{x:38,y:0,l:29,w:2},],
----------------------- 19 ---------------------------
canvasWidth:40,
canvasHeight:40,
data:[{x:0,y:0,l:21,w:21},{x:0,y:25,l:15,w:28},{x:21,y:0,l:23,w:16},],
----------------------- 20 ---------------------------
canvasWidth:40,
canvasHeight:40,
data:[{x:0,y:0,l:20,w:6},{x:6,y:0,l:20,w:20},{x:26,y:0,l:20,w:14},{x:11,y:20,l:20,w:29},{x:0,y:20,l:13,w:8},{x:9,y:20,l:20,w:2},],
----------------------- 21 ---------------------------
canvasWidth:40,
canvasHeight:40,
data:[{x:0,y:0,l:14,w:32},{x:10,y:14,l:21,w:13},{x:0,y:14,l:24,w:10},{x:34,y:0,l:33,w:6},{x:23,y:14,l:9,w:11},],
----------------------- 22 ---------------------------
canvasWidth:40,
canvasHeight:40,
data:[{x:0,y:0,l:13,w:29},{x:0,y:13,l:21,w:16},{x:16,y:13,l:21,w:15},{x:31,y:0,l:34,w:9},{x:0,y:34,l:2,w:35},],
