====================================== Class_06.2bp-0 =====================================
Reduced size: 20 usedBin: 0
[0, 1, 2, 3, 4, 5, 6, 7, 8, 9, 10, 11, 12, 13, 14, 15, 16, 17, 18, 19]
canvasWidth:300,
canvasHeight:300,
data:[{x:0,y:0,l:96,w:67},{x:67,y:0,l:94,w:54},{x:121,y:0,l:71,w:69},{x:190,y:0,l:61,w:79},{x:0,y:143,l:53,w:86},{x:190,y:162,l:50,w:85},{x:62,y:107,l:36,w:94},{x:190,y:61,l:52,w:65},{x:0,y:96,l:47,w:62},{x:275,y:161,l:52,w:25},{x:271,y:85,l:76,w:29},{x:269,y:11,l:74,w:29},{x:275,y:213,l:76,w:25},{x:121,y:71,l:36,w:42},{x:166,y:71,l:97,w:24},{x:190,y:114,l:24,w:42},{x:260,y:96,l:66,w:11},{x:255,y:61,l:35,w:14},{x:269,y:0,l:11,w:31},{x:190,y:113,l:1,w:43},],
Best fit used bin number: 1
Found best solution: 1 0.063

   Statrt add columnAndCut col: 1 cons: 0 cut: 0	0.125

	1 Start Add column using column generation  col: 1 cons: 0 cut: 0	0.125
			Start solve  LP :0.125
			End solve LP obj: 1.0 t: 0
	1 End Add column using column generation : 1.0 col: 1 cons: 0 cut: 0	0.125
   End add columnAndCut : 1.0 colGencnt: 1 price: 0 col: 1 cons: 0 cut: 0	0.125

Node lb: 1.0 ub: 1 : 0.125

Final Found Solution: 1 genNode: 1 extendedNode: 0:0.125
Bin size: 90000
1 : 6432,5076,4899,4819,4558,4250,3384,3380,2914,2328,2204,2146,1900,1512,1300,1008,726,490,341,43, : 53710
----------------------- 1 ---------------------------
canvasWidth:300,
canvasHeight:300,
data:[{x:0,y:0,l:96,w:67},{x:67,y:0,l:94,w:54},{x:121,y:0,l:71,w:69},{x:190,y:0,l:61,w:79},{x:0,y:143,l:53,w:86},{x:190,y:162,l:50,w:85},{x:62,y:107,l:36,w:94},{x:190,y:61,l:52,w:65},{x:0,y:96,l:47,w:62},{x:275,y:161,l:52,w:25},{x:271,y:85,l:76,w:29},{x:269,y:11,l:74,w:29},{x:275,y:213,l:76,w:25},{x:121,y:71,l:36,w:42},{x:166,y:71,l:97,w:24},{x:190,y:114,l:24,w:42},{x:260,y:96,l:66,w:11},{x:255,y:61,l:35,w:14},{x:269,y:0,l:11,w:31},{x:190,y:113,l:1,w:43},],
