====================================== Class_04.2bp-5 =====================================
Reduced size: 20 usedBin: 0
[0, 1, 2, 3, 4, 5, 6, 7, 8, 9, 10, 11, 12, 13, 14, 15, 16, 17, 18, 19]
canvasWidth:100,
canvasHeight:100,
data:[{x:0,y:0,l:34,w:34},{x:34,y:0,l:26,w:5},{x:39,y:0,l:22,w:29},{x:0,y:34,l:18,w:34},{x:0,y:62,l:20,w:30},{x:78,y:61,l:27,w:22},{x:75,y:35,l:21,w:25},{x:51,y:22,l:30,w:15},{x:30,y:62,l:19,w:22},{x:0,y:52,l:10,w:34},{x:55,y:52,l:15,w:20},{x:66,y:22,l:8,w:33},{x:0,y:82,l:8,w:30},{x:52,y:67,l:9,w:23},{x:68,y:0,l:22,w:30},{x:34,y:26,l:8,w:16},{x:66,y:30,l:5,w:25},{x:75,y:56,l:5,w:25},{x:34,y:52,l:3,w:20},{x:99,y:0,l:33,w:1},],
Best fit used bin number: 1
Found best solution: 1 0.063

   Statrt add columnAndCut col: 1 cons: 0 cut: 0	0.125

	1 Start Add column using column generation  col: 1 cons: 0 cut: 0	0.125
			Start solve  LP :0.125
			End solve LP obj: 1.0 t: 0
	1 End Add column using column generation : 1.0 col: 1 cons: 0 cut: 0	0.125
   End add columnAndCut : 1.0 colGencnt: 1 price: 0 col: 1 cons: 0 cut: 0	0.125

Node lb: 1.0 ub: 1 : 0.125

Final Found Solution: 1 genNode: 1 extendedNode: 0:0.125
Bin size: 10000
1 : 1156,660,638,612,600,594,525,450,418,340,300,264,240,207,130,128,125,125,60,33, : 7605
----------------------- 1 ---------------------------
canvasWidth:100,
canvasHeight:100,
data:[{x:0,y:0,l:34,w:34},{x:34,y:0,l:26,w:5},{x:39,y:0,l:22,w:29},{x:0,y:34,l:18,w:34},{x:0,y:62,l:20,w:30},{x:78,y:61,l:27,w:22},{x:75,y:35,l:21,w:25},{x:51,y:22,l:30,w:15},{x:30,y:62,l:19,w:22},{x:0,y:52,l:10,w:34},{x:55,y:52,l:15,w:20},{x:66,y:22,l:8,w:33},{x:0,y:82,l:8,w:30},{x:52,y:67,l:9,w:23},{x:68,y:0,l:22,w:30},{x:34,y:26,l:8,w:16},{x:66,y:30,l:5,w:25},{x:75,y:56,l:5,w:25},{x:34,y:52,l:3,w:20},{x:99,y:0,l:33,w:1},],
