====================================== Class_02.2bp-11 =====================================
Reduced size: 40 usedBin: 0
E:\WSKH\2DBPP\NonGuillotine\initSolution\2_12.pack
[0, 1, 2, 3, 4, 5, 6, 7, 8, 9, 10, 11, 12, 13, 14, 18, 20, 21, 22, 25, 26, 28, 30, 31, 32, 33, 37, 38]
[15, 16, 17, 19, 23, 24, 27, 29, 34, 35, 36, 39]
canvasWidth:30,
canvasHeight:30,
data:[{x:0,y:0,l:9,w:9},{x:0,y:9,l:8,w:9},{x:9,y:0,l:7,w:10},{x:0,y:17,l:6,w:9},{x:19,y:0,l:9,w:6},{x:9,y:7,l:5,w:10},{x:0,y:23,l:7,w:7},{x:25,y:0,l:9,w:5},{x:9,y:18,l:5,w:9},{x:23,y:9,l:6,w:7},{x:9,y:23,l:7,w:6},{x:19,y:9,l:9,w:4},{x:20,y:18,l:9,w:4},{x:26,y:21,l:8,w:4},{x:9,y:12,l:3,w:10},{x:23,y:15,l:3,w:7},{x:9,y:15,l:2,w:10},{x:24,y:18,l:3,w:6},{x:17,y:23,l:6,w:3},{x:7,y:23,l:7,w:2},{x:15,y:23,l:7,w:2},{x:24,y:21,l:6,w:2},{x:9,y:17,l:1,w:10},{x:21,y:27,l:2,w:5},{x:18,y:18,l:5,w:2},{x:21,y:29,l:1,w:9},{x:17,y:29,l:1,w:3},{x:20,y:27,l:3,w:1},],
canvasWidth:30,
canvasHeight:30,
data:[{x:0,y:0,l:4,w:7},{x:13,y:0,l:3,w:8},{x:7,y:0,l:8,w:3},{x:21,y:0,l:10,w:2},{x:10,y:0,l:8,w:2},{x:0,y:4,l:2,w:7},{x:0,y:6,l:2,w:7},{x:23,y:0,l:4,w:3},{x:12,y:0,l:8,w:1},{x:13,y:3,l:5,w:1},{x:26,y:0,l:1,w:3},{x:26,y:1,l:1,w:2},],
Best fit used bin number: 2
Found best solution: 2 0.063

   Statrt add columnAndCut col: 2 cons: 0 cut: 0	0.125

	1 Start Add column using column generation  col: 2 cons: 0 cut: 0	0.125
			Start solve  LP :0.125
			End solve LP obj: 2.0 t: 0
	1 End Add column using column generation : 2.0 col: 2 cons: 0 cut: 0	0.125
   End add columnAndCut : 2.0 colGencnt: 1 price: 0 col: 2 cons: 0 cut: 0	0.125

Node lb: 2.0 ub: 2 : 0.125

Final Found Solution: 2 genNode: 1 extendedNode: 0:0.125
Bin size: 900
1 : 81,72,70,54,54,50,49,45,45,42,42,36,36,32,30,21,20,18,18,14,14,12,10,10,10,9,3,3, : 900
2 : 28,24,24,20,16,14,14,12,8,5,3,2, : 170
----------------------- 1 ---------------------------
canvasWidth:30,
canvasHeight:30,
data:[{x:0,y:0,l:9,w:9},{x:0,y:9,l:8,w:9},{x:9,y:0,l:7,w:10},{x:0,y:17,l:6,w:9},{x:19,y:0,l:9,w:6},{x:9,y:7,l:5,w:10},{x:0,y:23,l:7,w:7},{x:25,y:0,l:9,w:5},{x:9,y:18,l:5,w:9},{x:23,y:9,l:6,w:7},{x:9,y:23,l:7,w:6},{x:19,y:9,l:9,w:4},{x:20,y:18,l:9,w:4},{x:26,y:21,l:8,w:4},{x:9,y:12,l:3,w:10},{x:23,y:15,l:3,w:7},{x:9,y:15,l:2,w:10},{x:24,y:18,l:3,w:6},{x:17,y:23,l:6,w:3},{x:7,y:23,l:7,w:2},{x:15,y:23,l:7,w:2},{x:24,y:21,l:6,w:2},{x:9,y:17,l:1,w:10},{x:21,y:27,l:2,w:5},{x:18,y:18,l:5,w:2},{x:21,y:29,l:1,w:9},{x:17,y:29,l:1,w:3},{x:20,y:27,l:3,w:1},],
----------------------- 2 ---------------------------
canvasWidth:30,
canvasHeight:30,
data:[{x:0,y:0,l:4,w:7},{x:13,y:0,l:3,w:8},{x:7,y:0,l:8,w:3},{x:21,y:0,l:10,w:2},{x:10,y:0,l:8,w:2},{x:0,y:4,l:2,w:7},{x:0,y:6,l:2,w:7},{x:23,y:0,l:4,w:3},{x:12,y:0,l:8,w:1},{x:13,y:3,l:5,w:1},{x:26,y:0,l:1,w:3},{x:26,y:1,l:1,w:2},],
