====================================== Class_05.2bp-35 =====================================
Reduced size: 80 usedBin: 0
[0, 54]
[1, 49, 74, 77]
[2, 44, 76]
[3, 61, 70]
[4, 45]
[5, 57, 58, 62]
[6, 52]
[7, 35, 59]
[8, 34, 68]
[9, 36, 47]
[10, 43, 46]
[11, 50]
[12, 33, 71]
[13, 41, 48]
[14, 32]
[15, 56]
[17, 21, 66, 69]
[18, 42]
[19, 51, 53, 60, 64, 73, 75]
[22, 38, 40]
[25, 26, 65]
[27, 31, 79]
[28, 29, 39, 72]
[16, 37, 78]
[20, 23, 63, 67]
[24, 30, 55]
canvasWidth:100,
canvasHeight:100,
data:[{x:0,y:0,l:100,w:77},{x:77,y:0,l:59,w:23},],
canvasWidth:100,
canvasHeight:100,
data:[{x:0,y:0,l:78,w:98},{x:0,y:80,l:16,w:97},{x:0,y:78,l:2,w:98},{x:98,y:0,l:40,w:1},],
canvasWidth:100,
canvasHeight:100,
data:[{x:0,y:0,l:99,w:76},{x:76,y:0,l:75,w:24},{x:76,y:75,l:6,w:24},],
canvasWidth:100,
canvasHeight:100,
data:[{x:0,y:0,l:95,w:79},{x:79,y:0,l:33,w:19},{x:96,y:33,l:67,w:4},],
canvasWidth:100,
canvasHeight:100,
data:[{x:0,y:0,l:74,w:99},{x:0,y:74,l:26,w:65},],
canvasWidth:100,
canvasHeight:100,
data:[{x:0,y:0,l:88,w:80},{x:0,y:88,l:12,w:89},{x:80,y:0,l:49,w:20},{x:80,y:49,l:39,w:16},],
canvasWidth:100,
canvasHeight:100,
data:[{x:0,y:0,l:89,w:78},{x:78,y:0,l:64,w:22},],
canvasWidth:100,
canvasHeight:100,
data:[{x:0,y:0,l:71,w:90},{x:0,y:71,l:27,w:92},{x:92,y:0,l:93,w:8},],
canvasWidth:100,
canvasHeight:100,
data:[{x:0,y:0,l:94,w:67},{x:67,y:0,l:87,w:29},{x:96,y:0,l:93,w:4},],
canvasWidth:100,
canvasHeight:100,
data:[{x:0,y:0,l:58,w:100},{x:0,y:58,l:41,w:59},{x:62,y:58,l:42,w:38},],
canvasWidth:100,
canvasHeight:100,
data:[{x:0,y:0,l:73,w:76},{x:0,y:73,l:19,w:95},{x:76,y:0,l:70,w:24},],
canvasWidth:100,
canvasHeight:100,
data:[{x:0,y:0,l:72,w:72},{x:72,y:0,l:63,w:24},],
canvasWidth:100,
canvasHeight:100,
data:[{x:0,y:0,l:61,w:83},{x:0,y:64,l:34,w:76},{x:0,y:61,l:3,w:83},],
canvasWidth:100,
canvasHeight:100,
data:[{x:0,y:0,l:68,w:73},{x:73,y:0,l:69,w:27},{x:0,y:68,l:23,w:68},],
canvasWidth:100,
canvasHeight:100,
data:[{x:0,y:0,l:57,w:87},{x:0,y:57,l:37,w:72},],
canvasWidth:100,
canvasHeight:100,
data:[{x:0,y:0,l:70,w:66},{x:66,y:0,l:32,w:34},],
canvasWidth:100,
canvasHeight:100,
data:[{x:0,y:0,l:83,w:52},{x:52,y:0,l:95,w:42},{x:16,y:83,l:12,w:36},{x:94,y:0,l:69,w:5},],
canvasWidth:100,
canvasHeight:100,
data:[{x:0,y:0,l:66,w:65},{x:65,y:0,l:52,w:35},],
canvasWidth:100,
canvasHeight:100,
data:[{x:0,y:0,l:57,w:74},{x:0,y:71,l:20,w:71},{x:82,y:0,l:77,w:18},{x:0,y:59,l:9,w:75},{x:0,y:91,l:9,w:63},{x:0,y:68,l:3,w:71},{x:0,y:57,l:2,w:81},],
canvasWidth:100,
canvasHeight:100,
data:[{x:0,y:0,l:62,w:63},{x:63,y:0,l:70,w:31},{x:0,y:62,l:38,w:53},],
canvasWidth:100,
canvasHeight:100,
data:[{x:0,y:0,l:58,w:66},{x:66,y:0,l:15,w:30},{x:0,y:58,l:38,w:94},],
canvasWidth:100,
canvasHeight:100,
data:[{x:0,y:0,l:66,w:54},{x:54,y:0,l:65,w:44},{x:0,y:66,l:1,w:23},],
canvasWidth:100,
canvasHeight:100,
data:[{x:0,y:0,l:56,w:54},{x:0,y:56,l:44,w:67},{x:54,y:0,l:56,w:38},{x:67,y:56,l:7,w:31},],
canvasWidth:100,
canvasHeight:100,
data:[{x:0,y:0,l:50,w:89},{x:0,y:50,l:49,w:45},{x:0,y:99,l:1,w:32},],
canvasWidth:100,
canvasHeight:100,
data:[{x:0,y:0,l:83,w:47},{x:47,y:0,l:90,w:45},{x:0,y:90,l:10,w:60},{x:92,y:0,l:47,w:8},],
canvasWidth:100,
canvasHeight:100,
data:[{x:0,y:49,l:40,w:97},{x:0,y:0,l:49,w:60},{x:60,y:0,l:35,w:38},],
Best fit used bin number: 26
Found best solution: 26 0.063

   Statrt add columnAndCut col: 26 cons: 0 cut: 0	0.141

	1 Start Add column using column generation  col: 26 cons: 0 cut: 0	0.141
			Start solve  LP :0.141
			End solve LP obj: 26.0 t: 0
com.wlj.solver.BBSolver:
--------------------------------------- Price Problem Start --------------------------------------------------------
dualPrice.size = 80 , dualPrice = [1.0, 1.0, 1.0, 1.0, 1.0, 1.0, 1.0, 1.0, 1.0, 1.0, 1.0, 1.0, 1.0, 1.0, 1.0, 1.0, 1.0, 1.0, 1.0, 1.0, 1.0, -0.0, 1.0, -0.0, 1.0, 1.0, -0.0, 1.0, 1.0, -0.0, -0.0, -0.0, -0.0, -0.0, -0.0, -0.0, -0.0, -0.0, -0.0, -0.0, -0.0, -0.0, -0.0, -0.0, -0.0, -0.0, -0.0, -0.0, -0.0, -0.0, -0.0, -0.0, -0.0, -0.0, -0.0, -0.0, -0.0, -0.0, -0.0, -0.0, -0.0, -0.0, -0.0, -0.0, -0.0, -0.0, -0.0, -0.0, -0.0, -0.0, -0.0, -0.0, -0.0, -0.0, -0.0, -0.0, -0.0, -0.0, -0.0, -0.0]
			Active cut size: 0
W:100
H:100
xList.size = 4
yList.size = 5
squareList.size = 26
myConsList.size = 0
cplex1的参考解为：2.0 0.016 s
canvasWidth:100,
canvasHeight:100,
data:[{x:0,y:60,l:40,w:97},{x:0,y:10,l:50,w:89},],
curBestBinNum = 26
instance.getSquareList().size() = 26
solution.getPlaceSquareList().size() = 2
pattern.getKey() = 16@24@
用时：16 ms
--------------------------------------- Price Problem End --------------------------------------------------------
		1 Add column : 1 col:26 	0.157
			Start solve  LP :0.157
			End solve LP obj: 26.0 t: 0
com.wlj.solver.BBSolver:
--------------------------------------- Price Problem Start --------------------------------------------------------
dualPrice.size = 80 , dualPrice = [1.0, 1.0, 1.0, 1.0, 1.0, 1.0, 1.0, 1.0, 1.0, 1.0, 1.0, 1.0, 1.0, 1.0, 1.0, 1.0, 1.0, 1.0, 1.0, 1.0, 1.0, -0.0, 1.0, -0.0, 0.0, 1.0, -0.0, 1.0, 1.0, -0.0, -0.0, -0.0, -0.0, -0.0, -0.0, -0.0, -0.0, -0.0, -0.0, -0.0, -0.0, -0.0, -0.0, -0.0, -0.0, -0.0, -0.0, -0.0, -0.0, -0.0, -0.0, -0.0, -0.0, -0.0, -0.0, 1.0, -0.0, -0.0, -0.0, -0.0, -0.0, -0.0, -0.0, -0.0, -0.0, -0.0, -0.0, -0.0, -0.0, -0.0, -0.0, -0.0, -0.0, -0.0, -0.0, -0.0, -0.0, -0.0, -0.0, -0.0]
			Active cut size: 0
W:100
H:100
xList.size = 4
yList.size = 5
squareList.size = 26
myConsList.size = 0
cplex1的参考解为：3.0 0.015 s
canvasWidth:100,
canvasHeight:100,
data:[{x:0,y:65,l:35,w:38},{x:0,y:9,l:56,w:54},{x:54,y:10,l:90,w:45},],
curBestBinNum = 26
instance.getSquareList().size() = 26
solution.getPlaceSquareList().size() = 3
pattern.getKey() = 20@28@55@
用时：15 ms
--------------------------------------- Price Problem End --------------------------------------------------------
		2 Add column : 1 col:27 	0.172
			Start solve  LP :0.172
			End solve LP obj: 26.0 t: 0
com.wlj.solver.BBSolver:
--------------------------------------- Price Problem Start --------------------------------------------------------
dualPrice.size = 80 , dualPrice = [1.0, 1.0, 1.0, 1.0, 1.0, 1.0, 1.0, 1.0, 1.0, 1.0, 1.0, 1.0, 1.0, 1.0, 1.0, 1.0, 0.0, 1.0, 1.0, 1.0, -0.0, -0.0, 1.0, 1.0, 1.0, 1.0, -0.0, 1.0, 1.0, -0.0, -0.0, -0.0, -0.0, -0.0, -0.0, -0.0, -0.0, -0.0, -0.0, -0.0, -0.0, -0.0, -0.0, -0.0, -0.0, -0.0, -0.0, -0.0, -0.0, -0.0, -0.0, -0.0, -0.0, -0.0, -0.0, 0.0, -0.0, -0.0, -0.0, -0.0, -0.0, -0.0, -0.0, -0.0, -0.0, -0.0, -0.0, -0.0, -0.0, -0.0, -0.0, -0.0, -0.0, -0.0, -0.0, -0.0, -0.0, -0.0, 1.0, -0.0]
			Active cut size: 0
W:100
H:100
xList.size = 6
yList.size = 5
squareList.size = 26
myConsList.size = 0
cplex1的参考解为：3.0 0.0 s
canvasWidth:100,
canvasHeight:100,
data:[{x:0,y:0,l:1,w:32},{x:0,y:1,l:56,w:54},{x:0,y:59,l:40,w:97},],
curBestBinNum = 26
instance.getSquareList().size() = 26
solution.getPlaceSquareList().size() = 3
pattern.getKey() = 24@28@78@
用时：15 ms
--------------------------------------- Price Problem End --------------------------------------------------------
		3 Add column : 1 col:28 	0.203
			Start solve  LP :0.203
			End solve LP obj: 26.0 t: 0
com.wlj.solver.BBSolver:
--------------------------------------- Price Problem Start --------------------------------------------------------
dualPrice.size = 80 , dualPrice = [1.0, 1.0, 1.0, 1.0, 1.0, 1.0, 1.0, 1.0, 1.0, 1.0, 1.0, 1.0, 1.0, 1.0, 1.0, 1.0, 0.6666666666666667, 1.0, 1.0, 1.0, -0.0, -0.0, 1.0, 1.0, 0.3333333333333333, 1.0, -0.0, 1.0, 0.33333333333333326, 0.6666666666666667, -0.0, -0.0, -0.0, -0.0, -0.0, -0.0, -0.0, -0.0, -0.0, -0.0, -0.0, -0.0, -0.0, -0.0, -0.0, -0.0, -0.0, -0.0, -0.0, -0.0, -0.0, -0.0, -0.0, -0.0, -0.0, 0.6666666666666667, -0.0, -0.0, -0.0, -0.0, -0.0, -0.0, -0.0, -0.0, -0.0, -0.0, -0.0, -0.0, -0.0, -0.0, -0.0, -0.0, -0.0, -0.0, -0.0, -0.0, -0.0, -0.0, 0.3333333333333333, -0.0]
			Active cut size: 0
W:100
H:100
xList.size = 8
yList.size = 12
squareList.size = 29
myConsList.size = 0
cplex1的参考解为：2.3333333333333335 0.204 s
canvasWidth:100,
canvasHeight:100,
data:[{x:0,y:17,l:83,w:47},{x:47,y:17,l:83,w:52},{x:67,y:16,l:1,w:32},],
curBestBinNum = 26
instance.getSquareList().size() = 29
solution.getPlaceSquareList().size() = 3
pattern.getKey() = 17@23@78@
用时：204 ms
--------------------------------------- Price Problem End --------------------------------------------------------
		4 Add column : 1 col:29 	0.407
			Start solve  LP :0.407
			End solve LP obj: 26.0 t: 0
com.wlj.solver.BBSolver:
--------------------------------------- Price Problem Start --------------------------------------------------------
dualPrice.size = 80 , dualPrice = [1.0, 1.0, 1.0, 1.0, 1.0, 1.0, 1.0, 1.0, 1.0, 1.0, 1.0, 1.0, 1.0, 1.0, 1.0, 1.0, 1.0, 1.0, 1.0, 1.0, -0.0, -0.0, 1.0, 0.0, -0.0, 1.0, -0.0, 1.0, 0.0, 1.0, -0.0, -0.0, -0.0, -0.0, -0.0, -0.0, -0.0, -0.0, -0.0, -0.0, -0.0, -0.0, -0.0, -0.0, -0.0, -0.0, -0.0, -0.0, -0.0, -0.0, -0.0, -0.0, -0.0, -0.0, -0.0, 1.0, -0.0, -0.0, -0.0, -0.0, -0.0, -0.0, -0.0, -0.0, -0.0, -0.0, -0.0, 1.0, -0.0, -0.0, -0.0, -0.0, -0.0, -0.0, -0.0, -0.0, -0.0, -0.0, 0.0, -0.0]
			Active cut size: 0
W:100
H:100
xList.size = 8
yList.size = 5
squareList.size = 26
myConsList.size = 0
cplex1的参考解为：3.0 0.015 s
canvasWidth:100,
canvasHeight:100,
data:[{x:92,y:0,l:47,w:8},{x:54,y:0,l:35,w:38},{x:0,y:0,l:66,w:54},],
curBestBinNum = 26
instance.getSquareList().size() = 26
solution.getPlaceSquareList().size() = 3
pattern.getKey() = 27@55@67@
用时：15 ms
--------------------------------------- Price Problem End --------------------------------------------------------
		5 Add column : 1 col:30 	0.422
			Start solve  LP :0.422
			End solve LP obj: 26.0 t: 0
com.wlj.solver.BBSolver:
--------------------------------------- Price Problem Start --------------------------------------------------------
dualPrice.size = 80 , dualPrice = [1.0, 1.0, 1.0, 1.0, 1.0, 1.0, 1.0, 1.0, 1.0, 1.0, 1.0, 1.0, 1.0, 1.0, 1.0, 1.0, 1.0, 1.0, 1.0, 1.0, 1.0, -0.0, 1.0, 0.0, -0.0, 1.0, -0.0, 1.0, -0.0, 1.0, 1.0, -0.0, -0.0, -0.0, -0.0, -0.0, -0.0, -0.0, -0.0, -0.0, -0.0, -0.0, -0.0, -0.0, -0.0, -0.0, -0.0, -0.0, -0.0, -0.0, -0.0, -0.0, -0.0, -0.0, -0.0, 0.0, -0.0, -0.0, -0.0, -0.0, -0.0, -0.0, -0.0, -0.0, -0.0, -0.0, -0.0, 0.0, -0.0, -0.0, -0.0, -0.0, -0.0, -0.0, -0.0, -0.0, -0.0, -0.0, 0.0, -0.0]
			Active cut size: 0
W:100
H:100
xList.size = 4
yList.size = 3
squareList.size = 26
myConsList.size = 0
cplex1的参考解为：2.0 0.016 s
canvasWidth:100,
canvasHeight:100,
data:[{x:0,y:0,l:49,w:60},{x:0,y:50,l:44,w:67},],
curBestBinNum = 26
instance.getSquareList().size() = 26
solution.getPlaceSquareList().size() = 2
pattern.getKey() = 29@30@
用时：16 ms
--------------------------------------- Price Problem End --------------------------------------------------------
		6 Add column : 1 col:31 	0.438
			Start solve  LP :0.438
			End solve LP obj: 26.0 t: 0
com.wlj.solver.BBSolver:
--------------------------------------- Price Problem Start --------------------------------------------------------
dualPrice.size = 80 , dualPrice = [1.0, 1.0, 1.0, 1.0, 1.0, 1.0, 1.0, 1.0, 1.0, 1.0, 1.0, 1.0, 1.0, 1.0, 1.0, 1.0, 1.0, 1.0, 1.0, 1.0, 1.0, -0.0, 1.0, 0.0, -0.0, 1.0, -0.0, 1.0, -0.0, 0.0, 1.0, -0.0, -0.0, -0.0, -0.0, -0.0, -0.0, -0.0, -0.0, 1.0, -0.0, -0.0, -0.0, -0.0, -0.0, -0.0, -0.0, -0.0, -0.0, -0.0, -0.0, -0.0, -0.0, -0.0, -0.0, 0.0, -0.0, -0.0, -0.0, -0.0, -0.0, -0.0, -0.0, -0.0, -0.0, -0.0, -0.0, 0.0, -0.0, -0.0, -0.0, -0.0, -0.0, -0.0, -0.0, -0.0, -0.0, -0.0, 0.0, -0.0]
			Active cut size: 0
W:100
H:100
xList.size = 6
yList.size = 3
squareList.size = 26
myConsList.size = 0
cplex1的参考解为：2.0 0.0 s
canvasWidth:100,
canvasHeight:100,
data:[{x:62,y:0,l:56,w:38},{x:2,y:0,l:49,w:60},],
curBestBinNum = 26
instance.getSquareList().size() = 26
solution.getPlaceSquareList().size() = 2
pattern.getKey() = 30@39@
用时：0 ms
--------------------------------------- Price Problem End --------------------------------------------------------
		7 Add column : 1 col:32 	0.453
			Start solve  LP :0.453
			End solve LP obj: 26.0 t: 0
com.wlj.solver.BBSolver:
--------------------------------------- Price Problem Start --------------------------------------------------------
dualPrice.size = 80 , dualPrice = [1.0, 1.0, 1.0, 1.0, 1.0, 1.0, 1.0, 1.0, 1.0, 1.0, 1.0, 1.0, 1.0, 1.0, 1.0, 1.0, 0.5, 0.5, 1.0, 1.0, 1.0, 0.5, 1.0, 0.0, 0.5, 1.0, -0.0, 1.0, -0.0, 0.5, 0.5, -0.0, -0.0, -0.0, -0.0, -0.0, -0.0, -0.0, -0.0, 0.5, -0.0, -0.0, -0.0, -0.0, -0.0, -0.0, -0.0, -0.0, -0.0, -0.0, -0.0, -0.0, -0.0, -0.0, -0.0, 0.0, -0.0, -0.0, -0.0, -0.0, -0.0, -0.0, -0.0, -0.0, -0.0, -0.0, -0.0, -0.0, -0.0, -0.0, -0.0, -0.0, -0.0, -0.0, -0.0, -0.0, -0.0, -0.0, 0.5, -0.0]
			Active cut size: 0
W:100
H:100
xList.size = 8
yList.size = 10
squareList.size = 30
myConsList.size = 0
cplex1的参考解为：2.5 0.0 s
canvasWidth:100,
canvasHeight:100,
data:[{x:0,y:34,l:66,w:54},{x:0,y:33,l:1,w:32},{x:54,y:10,l:90,w:45},],
curBestBinNum = 26
instance.getSquareList().size() = 30
solution.getPlaceSquareList().size() = 3
pattern.getKey() = 20@27@78@
用时：0 ms
--------------------------------------- Price Problem End --------------------------------------------------------
		8 Add column : 1 col:33 	0.453
			Start solve  LP :0.453
			End solve LP obj: 26.0 t: 0
com.wlj.solver.BBSolver:
--------------------------------------- Price Problem Start --------------------------------------------------------
dualPrice.size = 80 , dualPrice = [1.0, 1.0, 1.0, 1.0, 1.0, 1.0, 1.0, 1.0, 1.0, 1.0, 1.0, 1.0, 1.0, 1.0, 1.0, 1.0, 0.8333333333333333, -0.0, 1.0, 1.0, 0.16666666666666666, 1.0, 1.0, 0.8333333333333334, 0.16666666666666669, 1.0, -0.0, 0.6666666666666667, -0.0, 0.5, 0.5, 0.33333333333333326, -0.0, -0.0, -0.0, -0.0, -0.0, -0.0, -0.0, 0.5, -0.0, -0.0, -0.0, -0.0, -0.0, -0.0, -0.0, -0.0, -0.0, -0.0, -0.0, -0.0, -0.0, -0.0, -0.0, 0.3333333333333333, -0.0, -0.0, -0.0, -0.0, -0.0, -0.0, -0.0, -0.0, -0.0, -0.0, -0.0, -0.0, -0.0, -0.0, -0.0, -0.0, -0.0, -0.0, -0.0, -0.0, -0.0, -0.0, 0.16666666666666669, -0.0]
			Active cut size: 0
W:100
H:100
xList.size = 9
yList.size = 14
squareList.size = 32
myConsList.size = 0
cplex1的参考解为：2.0 0.0 s
canvasWidth:100,
canvasHeight:100,
data:[{x:0,y:44,l:56,w:38},{x:0,y:9,l:35,w:38},{x:0,y:8,l:1,w:32},{x:54,y:5,l:95,w:42},],
curBestBinNum = 26
instance.getSquareList().size() = 32
solution.getPlaceSquareList().size() = 4
pattern.getKey() = 21@39@55@78@
用时：16 ms
--------------------------------------- Price Problem End --------------------------------------------------------
		9 Add column : 1 col:34 	0.469
			Start solve  LP :0.469
			End solve LP obj: 26.0 t: 0
com.wlj.solver.BBSolver:
--------------------------------------- Price Problem Start --------------------------------------------------------
dualPrice.size = 80 , dualPrice = [1.0, 1.0, 1.0, 1.0, 1.0, 1.0, 1.0, 1.0, 1.0, 1.0, 1.0, 1.0, 1.0, 1.0, 1.0, 1.0, 0.75, 0.75, 1.0, 1.0, 0.75, 0.25, 1.0, 0.25, 0.25, 1.0, -0.0, 0.25, -0.0, 0.5, 0.5, 0.75, -0.0, -0.0, -0.0, -0.0, -0.0, 0.25, -0.0, 0.5, -0.0, -0.0, -0.0, -0.0, -0.0, -0.0, -0.0, -0.0, -0.0, -0.0, -0.0, -0.0, -0.0, -0.0, -0.0, 0.25, -0.0, -0.0, -0.0, -0.0, -0.0, -0.0, -0.0, -0.0, -0.0, -0.0, -0.0, -0.0, -0.0, -0.0, -0.0, -0.0, -0.0, -0.0, -0.0, -0.0, -0.0, -0.0, -0.0, -0.0]
			Active cut size: 0
W:100
H:100
xList.size = 8
yList.size = 9
squareList.size = 33
myConsList.size = 0
cplex1的参考解为：1.75 0.016 s
canvasWidth:100,
canvasHeight:100,
data:[{x:0,y:35,l:65,w:44},{x:0,y:0,l:35,w:38},{x:54,y:10,l:90,w:45},],
curBestBinNum = 26
instance.getSquareList().size() = 33
solution.getPlaceSquareList().size() = 3
pattern.getKey() = 20@31@55@
用时：16 ms
--------------------------------------- Price Problem End --------------------------------------------------------
		10 Add column : 1 col:35 	0.485
			Start solve  LP :0.485
			End solve LP obj: 26.0 t: 0
com.wlj.solver.BBSolver:
--------------------------------------- Price Problem Start --------------------------------------------------------
dualPrice.size = 80 , dualPrice = [1.0, 1.0, 1.0, 1.0, 1.0, 1.0, 1.0, 1.0, 1.0, 1.0, 1.0, 1.0, 1.0, 1.0, 1.0, 1.0, 0.5, 0.5, 1.0, 1.0, 0.5, 0.5, 1.0, 0.5, 0.5, 1.0, -0.0, 0.5, -0.0, 0.5, 0.5, 0.5, -0.0, -0.0, -0.0, -0.0, -0.0, 0.5, -0.0, 0.5, -0.0, -0.0, -0.0, -0.0, -0.0, -0.0, -0.0, -0.0, -0.0, -0.0, -0.0, -0.0, -0.0, -0.0, -0.0, 0.0, -0.0, -0.0, -0.0, -0.0, -0.0, -0.0, -0.0, -0.0, -0.0, -0.0, -0.0, -0.0, -0.0, -0.0, -0.0, -0.0, -0.0, -0.0, -0.0, -0.0, -0.0, -0.0, -0.0, -0.0]
			Active cut size: 0
W:100
H:100
xList.size = 8
yList.size = 7
squareList.size = 32
myConsList.size = 0
cplex1的参考解为：1.5 0.015 s
canvasWidth:100,
canvasHeight:100,
data:[{x:0,y:0,l:58,w:66},{x:0,y:58,l:40,w:97},],
curBestBinNum = 26
instance.getSquareList().size() = 32
solution.getPlaceSquareList().size() = 2
pattern.getKey() = 24@25@
用时：15 ms
--------------------------------------- Price Problem End --------------------------------------------------------
		11 Add column : 1 col:36 	0.5
			Start solve  LP :0.5
			End solve LP obj: 26.0 t: 0
com.wlj.solver.BBSolver:
--------------------------------------- Price Problem Start --------------------------------------------------------
dualPrice.size = 80 , dualPrice = [1.0, 1.0, 1.0, 1.0, 1.0, 1.0, 1.0, 1.0, 1.0, 1.0, 1.0, 1.0, 1.0, 1.0, 1.0, 1.0, 0.5, 0.5, 1.0, 1.0, 0.5, 0.5, 1.0, 0.5, 0.5, 0.5, 0.5, 0.5, -0.0, 0.5, 0.5, 0.5, -0.0, -0.0, -0.0, -0.0, -0.0, 0.5, -0.0, 0.5, -0.0, -0.0, -0.0, -0.0, -0.0, -0.0, -0.0, -0.0, -0.0, -0.0, -0.0, -0.0, -0.0, -0.0, -0.0, 0.0, -0.0, -0.0, -0.0, -0.0, -0.0, -0.0, -0.0, -0.0, -0.0, -0.0, -0.0, -0.0, -0.0, -0.0, -0.0, -0.0, -0.0, -0.0, -0.0, -0.0, -0.0, -0.0, -0.0, -0.0]
			Active cut size: 0
W:100
H:100
xList.size = 8
yList.size = 9
squareList.size = 33
myConsList.size = 0
cplex1的参考解为：1.5 0.0 s
canvasWidth:100,
canvasHeight:100,
data:[{x:0,y:38,l:62,w:63},{x:0,y:0,l:38,w:94},],
curBestBinNum = 26
instance.getSquareList().size() = 33
solution.getPlaceSquareList().size() = 2
pattern.getKey() = 22@26@
用时：16 ms
--------------------------------------- Price Problem End --------------------------------------------------------
		12 Add column : 1 col:37 	0.516
			Start solve  LP :0.516
			End solve LP obj: 26.0 t: 0
com.wlj.solver.BBSolver:
--------------------------------------- Price Problem Start --------------------------------------------------------
dualPrice.size = 80 , dualPrice = [1.0, 1.0, 1.0, 1.0, 1.0, 1.0, 1.0, 1.0, 1.0, 1.0, 1.0, 1.0, 1.0, 1.0, 1.0, 1.0, 0.5, 0.5, 1.0, 1.0, 0.5, 0.5, 0.5, 0.5, 0.5, 0.5, 0.5, 0.5, -0.0, 0.5, 0.5, 0.5, -0.0, -0.0, -0.0, -0.0, -0.0, 0.5, 0.5, 0.5, -0.0, -0.0, -0.0, -0.0, -0.0, -0.0, -0.0, -0.0, -0.0, -0.0, -0.0, -0.0, -0.0, -0.0, -0.0, 0.0, -0.0, -0.0, -0.0, -0.0, -0.0, -0.0, -0.0, -0.0, -0.0, -0.0, -0.0, -0.0, -0.0, -0.0, -0.0, -0.0, -0.0, -0.0, -0.0, -0.0, -0.0, -0.0, -0.0, -0.0]
			Active cut size: 0
W:100
H:100
xList.size = 10
yList.size = 9
squareList.size = 34
myConsList.size = 0
cplex1的参考解为：1.5 0.0 s
canvasWidth:100,
canvasHeight:100,
data:[{x:0,y:0,l:57,w:74},{x:0,y:58,l:38,w:94},],
curBestBinNum = 26
instance.getSquareList().size() = 34
solution.getPlaceSquareList().size() = 2
pattern.getKey() = 19@26@
用时：0 ms
--------------------------------------- Price Problem End --------------------------------------------------------
		13 Add column : 1 col:38 	0.516
			Start solve  LP :0.516
			End solve LP obj: 26.0 t: 0
com.wlj.solver.BBSolver:
--------------------------------------- Price Problem Start --------------------------------------------------------
dualPrice.size = 80 , dualPrice = [1.0, 1.0, 1.0, 1.0, 1.0, 1.0, 1.0, 1.0, 1.0, 1.0, 1.0, 1.0, 1.0, 1.0, 1.0, 1.0, 0.5, 0.5, 1.0, 0.5, 0.5, 0.5, 0.5, 0.5, 0.5, 0.5, 0.5, 0.5, -0.0, 0.5, 0.5, 0.5, -0.0, -0.0, -0.0, -0.0, -0.0, 0.5, 0.5, 0.5, -0.0, -0.0, -0.0, -0.0, -0.0, -0.0, -0.0, -0.0, -0.0, -0.0, -0.0, 0.5, -0.0, -0.0, -0.0, 0.0, -0.0, -0.0, -0.0, -0.0, -0.0, -0.0, -0.0, -0.0, -0.0, -0.0, -0.0, -0.0, -0.0, -0.0, -0.0, -0.0, -0.0, -0.0, -0.0, -0.0, -0.0, -0.0, -0.0, -0.0]
			Active cut size: 0
W:100
H:100
xList.size = 10
yList.size = 11
squareList.size = 35
myConsList.size = 0
cplex1的参考解为：2.0 0.016 s
canvasWidth:100,
canvasHeight:100,
data:[{x:0,y:14,l:66,w:65},{x:0,y:80,l:20,w:71},{x:69,y:10,l:70,w:31},],
curBestBinNum = 26
instance.getSquareList().size() = 35
solution.getPlaceSquareList().size() = 3
pattern.getKey() = 18@38@51@
用时：16 ms
--------------------------------------- Price Problem End --------------------------------------------------------
		14 Add column : 1 col:39 	0.532
			Start solve  LP :0.532
			End solve LP obj: 26.0 t: 0
com.wlj.solver.BBSolver:
--------------------------------------- Price Problem Start --------------------------------------------------------
dualPrice.size = 80 , dualPrice = [1.0, 1.0, 1.0, 1.0, 1.0, 1.0, 1.0, 1.0, 1.0, 1.0, 1.0, 1.0, 1.0, 1.0, 1.0, 1.0, 0.5, 0.5, 1.0, 1.0, 0.5, 0.5, 1.0, 0.5, 0.5, 0.5, 0.0, 0.5, -0.0, 0.5, 0.5, 0.5, -0.0, -0.0, -0.0, -0.0, -0.0, 0.5, 0.0, 0.5, -0.0, -0.0, -0.0, -0.0, -0.0, -0.0, -0.0, -0.0, -0.0, -0.0, -0.0, 0.0, -0.0, -0.0, -0.0, 0.0, -0.0, -0.0, -0.0, -0.0, -0.0, -0.0, -0.0, -0.0, -0.0, 0.5, -0.0, -0.0, -0.0, -0.0, -0.0, -0.0, -0.0, -0.0, -0.0, -0.0, -0.0, -0.0, -0.0, -0.0]
			Active cut size: 0
W:100
H:100
xList.size = 10
yList.size = 9
squareList.size = 33
myConsList.size = 0
cplex1的参考解为：2.0 0.015 s
canvasWidth:100,
canvasHeight:100,
data:[{x:10,y:0,l:15,w:30},{x:40,y:0,l:49,w:60},{x:2,y:44,l:56,w:38},{x:55,y:50,l:49,w:45},],
curBestBinNum = 26
instance.getSquareList().size() = 33
solution.getPlaceSquareList().size() = 4
pattern.getKey() = 30@37@39@65@
用时：15 ms
--------------------------------------- Price Problem End --------------------------------------------------------
		15 Add column : 1 col:40 	0.547
			Start solve  LP :0.547
			End solve LP obj: 26.0 t: 0
com.wlj.solver.BBSolver:
--------------------------------------- Price Problem Start --------------------------------------------------------
dualPrice.size = 80 , dualPrice = [1.0, 1.0, 1.0, 1.0, 1.0, 1.0, 1.0, 1.0, 1.0, 1.0, 1.0, 1.0, 1.0, 1.0, 1.0, 1.0, 0.6666666666666667, 0.3333333333333333, 1.0, 1.0, 0.3333333333333333, 0.6666666666666667, 1.0, 0.6666666666666667, 0.33333333333333326, 0.6666666666666667, 0.0, 0.6666666666666666, 0.3333333333333335, 0.6666666666666665, 0.3333333333333335, 0.33333333333333337, -0.0, -0.0, -0.0, -0.0, -0.0, 0.33333333333333326, 0.0, -0.0, -0.0, -0.0, -0.0, -0.0, -0.0, -0.0, -0.0, -0.0, -0.0, -0.0, -0.0, 0.0, -0.0, -0.0, -0.0, 0.3333333333333333, -0.0, -0.0, -0.0, -0.0, -0.0, -0.0, -0.0, -0.0, -0.0, 0.33333333333333326, -0.0, -0.0, -0.0, -0.0, -0.0, -0.0, -0.0, -0.0, -0.0, -0.0, -0.0, -0.0, -0.0, -0.0]
			Active cut size: 0
W:100
H:100
xList.size = 10
yList.size = 11
squareList.size = 34
myConsList.size = 0
cplex1的参考解为：1.6666666666666665 0.016 s
canvasWidth:100,
canvasHeight:100,
data:[{x:0,y:38,l:62,w:63},{x:0,y:23,l:15,w:30},{x:30,y:3,l:35,w:38},],
curBestBinNum = 26
instance.getSquareList().size() = 34
solution.getPlaceSquareList().size() = 3
pattern.getKey() = 22@55@65@
用时：16 ms
--------------------------------------- Price Problem End --------------------------------------------------------
		16 Add column : 1 col:41 	0.563
			Start solve  LP :0.563
			End solve LP obj: 26.0 t: 0
com.wlj.solver.BBSolver:
--------------------------------------- Price Problem Start --------------------------------------------------------
dualPrice.size = 80 , dualPrice = [1.0, 1.0, 1.0, 1.0, 1.0, 1.0, 1.0, 1.0, 1.0, 1.0, 1.0, 1.0, 1.0, 1.0, 1.0, 1.0, 1.0, 0.0, 1.0, 1.0, 0.0, 1.0, 1.0, 1.0, 0.0, 1.0, 0.0, 0.0, 1.0, 0.0, 1.0, 1.0, -0.0, -0.0, -0.0, -0.0, -0.0, 0.0, 0.0, -0.0, -0.0, -0.0, -0.0, -0.0, -0.0, -0.0, -0.0, -0.0, -0.0, -0.0, -0.0, 0.0, -0.0, -0.0, -0.0, 0.0, -0.0, -0.0, -0.0, -0.0, -0.0, -0.0, -0.0, -0.0, -0.0, 0.0, -0.0, -0.0, -0.0, -0.0, -0.0, -0.0, -0.0, -0.0, -0.0, -0.0, -0.0, -0.0, -0.0, -0.0]
			Active cut size: 0
W:100
H:100
xList.size = 5
yList.size = 3
squareList.size = 26
myConsList.size = 0
cplex1的参考解为：2.0 0.015 s
canvasWidth:100,
canvasHeight:100,
data:[{x:56,y:0,l:65,w:44},{x:2,y:0,l:56,w:54},],
curBestBinNum = 26
instance.getSquareList().size() = 26
solution.getPlaceSquareList().size() = 2
pattern.getKey() = 28@31@
用时：15 ms
--------------------------------------- Price Problem End --------------------------------------------------------
		17 Add column : 1 col:42 	0.578
			Start solve  LP :0.578
			End solve LP obj: 26.0 t: 0
com.wlj.solver.BBSolver:
--------------------------------------- Price Problem Start --------------------------------------------------------
dualPrice.size = 80 , dualPrice = [1.0, 1.0, 1.0, 1.0, 1.0, 1.0, 1.0, 1.0, 1.0, 1.0, 1.0, 1.0, 1.0, 1.0, 1.0, 1.0, 1.0, 0.0, 1.0, 1.0, 0.0, 1.0, 1.0, 1.0, 0.0, 1.0, 0.0, 1.0, 1.0, 0.0, 1.0, 0.0, -0.0, -0.0, -0.0, -0.0, -0.0, 0.0, 0.0, -0.0, -0.0, -0.0, -0.0, -0.0, -0.0, -0.0, -0.0, -0.0, -0.0, -0.0, -0.0, 0.0, -0.0, -0.0, -0.0, 0.0, -0.0, -0.0, -0.0, -0.0, -0.0, -0.0, -0.0, -0.0, -0.0, 0.0, -0.0, -0.0, -0.0, -0.0, -0.0, -0.0, -0.0, -0.0, -0.0, -0.0, -0.0, -0.0, -0.0, -0.0]
			Active cut size: 0
W:100
H:100
xList.size = 5
yList.size = 3
squareList.size = 26
myConsList.size = 0
cplex1的参考解为：2.0 0.0 s
canvasWidth:100,
canvasHeight:100,
data:[{x:0,y:0,l:49,w:60},{x:0,y:50,l:50,w:89},],
curBestBinNum = 26
instance.getSquareList().size() = 26
solution.getPlaceSquareList().size() = 2
pattern.getKey() = 16@30@
用时：0 ms
--------------------------------------- Price Problem End --------------------------------------------------------
		18 Add column : 1 col:43 	0.578
			Start solve  LP :0.578
			End solve LP obj: 26.0 t: 0
com.wlj.solver.BBSolver:
--------------------------------------- Price Problem Start --------------------------------------------------------
dualPrice.size = 80 , dualPrice = [1.0, 1.0, 1.0, 1.0, 1.0, 1.0, 1.0, 1.0, 1.0, 1.0, 1.0, 1.0, 1.0, 1.0, 1.0, 1.0, 0.6666666666666666, 0.33333333333333326, 1.0, 1.0, 0.33333333333333326, 0.6666666666666667, 0.33333333333333337, 0.6666666666666667, 0.33333333333333337, 0.6666666666666666, 0.0, 0.6666666666666665, 0.3333333333333335, 0.6666666666666665, 0.33333333333333337, 0.3333333333333335, -0.0, -0.0, -0.0, -0.0, -0.0, 0.33333333333333337, -0.0, -0.0, 0.6666666666666666, -0.0, -0.0, -0.0, -0.0, -0.0, -0.0, -0.0, -0.0, -0.0, -0.0, 0.0, -0.0, -0.0, -0.0, 0.33333333333333326, -0.0, -0.0, -0.0, -0.0, -0.0, -0.0, -0.0, -0.0, -0.0, 0.33333333333333337, -0.0, -0.0, -0.0, -0.0, -0.0, -0.0, -0.0, -0.0, -0.0, -0.0, -0.0, -0.0, -0.0, -0.0]
			Active cut size: 0
W:100
H:100
xList.size = 10
yList.size = 13
squareList.size = 35
myConsList.size = 0
cplex1的参考解为：2.0 0.016 s
canvasWidth:100,
canvasHeight:100,
data:[{x:0,y:42,l:58,w:100},{x:0,y:7,l:35,w:38},{x:47,y:4,l:38,w:53},],
curBestBinNum = 26
instance.getSquareList().size() = 35
solution.getPlaceSquareList().size() = 3
pattern.getKey() = 9@40@55@
用时：32 ms
--------------------------------------- Price Problem End --------------------------------------------------------
		19 Add column : 1 col:44 	0.61
			Start solve  LP :0.61
			End solve LP obj: 26.0 t: 0
com.wlj.solver.BBSolver:
--------------------------------------- Price Problem Start --------------------------------------------------------
dualPrice.size = 80 , dualPrice = [1.0, 1.0, 1.0, 1.0, 1.0, 1.0, 1.0, 1.0, 1.0, 0.5714285714285714, 1.0, 1.0, 1.0, 1.0, 1.0, 1.0, 0.5714285714285714, 0.3571428571428571, 0.7142857142857143, 0.7142857142857143, 0.3571428571428571, 0.6428571428571429, 0.7142857142857143, 0.6428571428571429, 0.4285714285714286, 0.5714285714285714, 0.2857142857142857, 0.5, 0.5, 0.5, 0.4285714285714286, 0.5, -0.0, -0.0, -0.0, -0.0, 0.4285714285714286, 0.4285714285714286, -0.0, -0.0, 0.2857142857142857, -0.0, 0.2857142857142857, -0.0, -0.0, -0.0, -0.0, -0.0, -0.0, -0.0, -0.0, 0.2857142857142857, -0.0, -0.0, -0.0, 0.14285714285714288, -0.0, -0.0, -0.0, -0.0, -0.0, -0.0, -0.0, -0.0, -0.0, 0.14285714285714285, -0.0, -0.0, -0.0, -0.0, -0.0, -0.0, -0.0, -0.0, -0.0, -0.0, -0.0, -0.0, -0.0, -0.0]
			Active cut size: 0
W:100
H:100
xList.size = 12
yList.size = 17
squareList.size = 39
myConsList.size = 0
cplex1的参考解为：1.6428571428571428 0.031 s
canvasWidth:100,
canvasHeight:100,
data:[{x:0,y:51,l:49,w:45},{x:0,y:36,l:15,w:30},{x:0,y:1,l:35,w:38},{x:38,y:3,l:41,w:59},{x:45,y:44,l:56,w:54},],
curBestBinNum = 26
instance.getSquareList().size() = 39
solution.getPlaceSquareList().size() = 5
pattern.getKey() = 28@36@37@55@65@
用时：31 ms
--------------------------------------- Price Problem End --------------------------------------------------------
		20 Add column : 1 col:45 	0.641
			Start solve  LP :0.641
			End solve LP obj: 26.0 t: 0
com.wlj.solver.BBSolver:
--------------------------------------- Price Problem Start --------------------------------------------------------
dualPrice.size = 80 , dualPrice = [1.0, 1.0, 1.0, 1.0, 1.0, 1.0, 1.0, 1.0, 1.0, 1.0, 1.0, 1.0, 1.0, 1.0, 1.0, 1.0, 0.5, 0.5, 0.0, 0.5, 0.5, 0.5, 0.5, 0.5, 0.5, 0.5, 0.5, 0.5, 0.5, 0.5, 0.5, 0.5, -0.0, -0.0, -0.0, -0.0, -0.0, 0.5, 0.5, -0.0, 0.0, -0.0, 1.0, -0.0, -0.0, -0.0, -0.0, -0.0, -0.0, -0.0, -0.0, 0.5, -0.0, -0.0, -0.0, -0.0, -0.0, -0.0, -0.0, -0.0, -0.0, -0.0, -0.0, -0.0, -0.0, 0.0, -0.0, -0.0, -0.0, -0.0, -0.0, -0.0, -0.0, -0.0, -0.0, -0.0, -0.0, -0.0, 0.0, -0.0]
			Active cut size: 0
W:100
H:100
xList.size = 10
yList.size = 11
squareList.size = 35
myConsList.size = 0
cplex1的参考解为：2.0 0.0 s
canvasWidth:100,
canvasHeight:100,
data:[{x:0,y:28,l:52,w:35},{x:0,y:80,l:20,w:71},{x:35,y:10,l:70,w:31},],
curBestBinNum = 26
instance.getSquareList().size() = 35
solution.getPlaceSquareList().size() = 3
pattern.getKey() = 38@42@51@
用时：0 ms
--------------------------------------- Price Problem End --------------------------------------------------------
		21 Add column : 1 col:46 	0.657
			Start solve  LP :0.672
			End solve LP obj: 26.0 t: 0
com.wlj.solver.BBSolver:
--------------------------------------- Price Problem Start --------------------------------------------------------
dualPrice.size = 80 , dualPrice = [1.0, 1.0, 1.0, 1.0, 1.0, 1.0, 1.0, 1.0, 1.0, 0.9444444444444444, 1.0, 1.0, 1.0, 1.0, 1.0, 1.0, 0.5185185185185185, 0.2222222222222221, 0.5, 0.7407407407407407, 0.38888888888888884, 0.7777777777777779, 0.7407407407407407, 0.6111111111111112, 0.46296296296296297, 0.537037037037037, 0.2592592592592593, 0.4444444444444444, 0.3703703703703704, 0.5185185185185185, 0.4814814814814815, 0.5555555555555556, -0.0, -0.0, -0.0, -0.0, 0.055555555555555546, 0.3148148148148148, 0.25925925925925924, -0.0, -0.0, -0.0, 0.5, -0.0, -0.0, -0.0, -0.0, -0.0, -0.0, -0.0, -0.0, 0.24074074074074076, -0.0, 0.0185185185185186, -0.0, 0.055555555555555546, -0.0, -0.0, -0.0, -0.0, -0.0, -0.0, -0.0, -0.0, -0.0, 0.20370370370370372, -0.0, -0.0, -0.0, -0.0, -0.0, -0.0, 0.11111111111111105, -0.0, -0.0, -0.0, -0.0, -0.0, 0.16666666666666669, -0.0]
			Active cut size: 0
W:100
H:100
xList.size = 23
yList.size = 52
squareList.size = 42
myConsList.size = 0
cplex1的参考解为：1.9814814814814816 0.031 s
canvasWidth:100,
canvasHeight:100,
data:[{x:0,y:0,l:44,w:67},{x:0,y:44,l:49,w:60},{x:0,y:93,l:7,w:31},{x:50,y:99,l:1,w:32},{x:65,y:47,l:52,w:35},{x:70,y:32,l:15,w:30},],
curBestBinNum = 26
instance.getSquareList().size() = 42
solution.getPlaceSquareList().size() = 6
pattern.getKey() = 29@30@42@65@72@78@
用时：47 ms
--------------------------------------- Price Problem End --------------------------------------------------------
		22 Add column : 1 col:47 	0.719
			Start solve  LP :0.719
			End solve LP obj: 26.0 t: 0
com.wlj.solver.BBSolver:
--------------------------------------- Price Problem Start --------------------------------------------------------
dualPrice.size = 80 , dualPrice = [1.0, 1.0, 1.0, 1.0, 1.0, 1.0, 1.0, 1.0, 1.0, 0.6111111111111112, 1.0, 1.0, 1.0, 1.0, 1.0, 1.0, 0.5555555555555556, 0.33333333333333326, 0.8333333333333333, 0.5555555555555556, 0.38888888888888884, 0.6666666666666667, 0.5555555555555556, 0.6111111111111112, 0.4444444444444444, 0.5555555555555556, 0.4444444444444444, 0.5555555555555556, 0.5, 0.33333333333333326, 0.4444444444444444, 0.4444444444444444, -0.0, -0.0, -0.0, -0.0, -0.0, 0.38888888888888884, 0.16666666666666674, 0.16666666666666674, 0.2777777777777777, -0.0, 0.16666666666666674, -0.0, -0.0, -0.0, -0.0, 0.38888888888888884, -0.0, -0.0, -0.0, -0.0, -0.0, 0.4444444444444444, -0.0, 0.11111111111111116, -0.0, -0.0, -0.0, -0.0, -0.0, -0.0, -0.0, -0.0, -0.0, -0.0, -0.0, -0.0, -0.0, -0.0, -0.0, -0.0, -0.0, -0.0, -0.0, -0.0, -0.0, -0.0, 0.05555555555555558, -0.0]
			Active cut size: 0
W:100
H:100
xList.size = 19
yList.size = 24
squareList.size = 41
myConsList.size = 0
cplex1的参考解为：1.722222222222222 0.047 s
canvasWidth:100,
canvasHeight:100,
data:[{x:0,y:43,l:57,w:87},{x:0,y:1,l:42,w:38},{x:0,y:0,l:1,w:32},{x:47,y:5,l:38,w:53},],
curBestBinNum = 26
instance.getSquareList().size() = 41
solution.getPlaceSquareList().size() = 4
pattern.getKey() = 14@40@47@78@
用时：47 ms
--------------------------------------- Price Problem End --------------------------------------------------------
		23 Add column : 1 col:48 	0.766
			Start solve  LP :0.766
			End solve LP obj: 26.0 t: 0
com.wlj.solver.BBSolver:
--------------------------------------- Price Problem Start --------------------------------------------------------
dualPrice.size = 80 , dualPrice = [1.0, 1.0, 1.0, 1.0, 1.0, 1.0, 1.0, 1.0, 1.0, 0.6, 1.0, 1.0, 1.0, 1.0, 0.3999999999999999, 1.0, 0.6, 0.4, 0.8, 0.6, 0.4, 0.6, 0.6, 0.6, 0.4, 0.6, 0.4, 0.6, 0.39999999999999997, 0.4000000000000001, 0.4, 0.4, 0.6000000000000001, -0.0, -0.0, -0.0, -0.0, 0.4, 0.19999999999999996, 0.19999999999999996, 0.20000000000000007, -0.0, 0.1999999999999999, -0.0, -0.0, -0.0, -0.0, 0.4, -0.0, -0.0, -0.0, -0.0, -0.0, 0.4, -0.0, 0.2, -0.0, -0.0, -0.0, -0.0, -0.0, -0.0, -0.0, -0.0, -0.0, -0.0, -0.0, -0.0, -0.0, -0.0, -0.0, -0.0, -0.0, -0.0, -0.0, -0.0, -0.0, -0.0, -0.0, -0.0]
			Active cut size: 0
W:100
H:100
xList.size = 17
yList.size = 11
squareList.size = 41
myConsList.size = 0
cplex1的参考解为：1.6 0.015 s
canvasWidth:100,
canvasHeight:100,
data:[{x:16,y:0,l:58,w:66},{x:82,y:0,l:77,w:18},{x:44,y:58,l:42,w:38},{x:6,y:65,l:35,w:38},],
curBestBinNum = 26
instance.getSquareList().size() = 41
solution.getPlaceSquareList().size() = 4
pattern.getKey() = 25@47@53@55@
用时：31 ms
--------------------------------------- Price Problem End --------------------------------------------------------
		24 Add column : 1 col:49 	0.797
			Start solve  LP :0.797
			End solve LP obj: 26.0 t: 0
com.wlj.solver.BBSolver:
--------------------------------------- Price Problem Start --------------------------------------------------------
dualPrice.size = 80 , dualPrice = [1.0, 1.0, 1.0, 1.0, 1.0, 1.0, 1.0, 1.0, 1.0, 0.499999999999999, 1.0, 1.0, 1.0, 1.0, -0.0, 1.0, 0.49999999999999967, 0.500000000000001, 1.0000000000000013, 0.49999999999999967, 0.5000000000000006, 0.499999999999999, 0.49999999999999967, 0.49999999999999944, 0.5000000000000003, 0.49999999999999967, 0.5000000000000003, 0.4999999999999999, 0.5000000000000001, 0.5000000000000012, 0.5000000000000003, 0.5000000000000001, 1.0, -0.0, -0.0, -0.0, -0.0, 0.5000000000000006, -1.3322676295501878E-15, -1.3322676295501878E-15, 0.5000000000000017, -0.0, -1.3322676295501878E-15, -0.0, -0.0, -0.0, -0.0, 0.500000000000001, -0.0, -0.0, -0.0, -0.0, -0.0, -0.0, -0.0, -6.661338147750939E-16, -0.0, -0.0, -0.0, -0.0, 0.5000000000000003, -0.0, -0.0, -0.0, -0.0, -0.0, -0.0, -0.0, -0.0, -0.0, -0.0, -0.0, -0.0, -0.0, -0.0, -0.0, -0.0, -0.0, -3.3306690738754696E-16, -0.0]
			Active cut size: 0
W:100
H:100
xList.size = 8
yList.size = 17
squareList.size = 36
myConsList.size = 0
cplex1的参考解为：2.500000000000003 0.0 s
canvasWidth:100,
canvasHeight:100,
data:[{x:0,y:63,l:37,w:72},{x:0,y:54,l:9,w:75},{x:0,y:12,l:42,w:38},{x:47,y:16,l:38,w:53},],
curBestBinNum = 26
instance.getSquareList().size() = 36
solution.getPlaceSquareList().size() = 4
pattern.getKey() = 32@40@47@60@
用时：16 ms
--------------------------------------- Price Problem End --------------------------------------------------------
		25 Add column : 1 col:50 	0.813
			Start solve  LP :0.813
			End solve LP obj: 26.0 t: 0
com.wlj.solver.BBSolver:
--------------------------------------- Price Problem Start --------------------------------------------------------
dualPrice.size = 80 , dualPrice = [1.0, 1.0, 1.0, 1.0, 1.0, 1.0, 1.0, 1.0, 1.0, 0.6000000000000002, 1.0, 1.0, 1.0, 1.0, 0.40000000000000013, 1.0, 0.5999999999999999, 0.7999999999999992, 0.7999999999999998, 0.5999999999999999, 0.3000000000000002, 0.20000000000000084, 0.5999999999999999, 1.1102230246251565E-15, 0.4000000000000001, 0.5999999999999999, 0.4000000000000001, 0.5, 0.40000000000000013, 0.2000000000000003, 0.4000000000000001, 0.49999999999999994, 0.5999999999999999, -0.0, -0.0, -0.0, 0.19999999999999962, 0.20000000000000034, 0.20000000000000012, 0.3999999999999996, 0.19999999999999996, -0.0, 0.20000000000000012, -0.0, -0.0, -0.0, -0.0, 0.20000000000000018, -0.0, -0.0, -0.0, -0.0, -0.0, -0.0, -0.0, 0.19999999999999984, -0.0, -0.0, -0.0, -0.0, -0.0, -0.0, -0.0, 0.6999999999999986, 0.40000000000000013, -0.0, -0.0, -0.0, -0.0, -0.0, -0.0, -0.0, -0.0, -0.0, -0.0, -0.0, -0.0, -0.0, 0.19999999999999973, -0.0]
			Active cut size: 0
W:100
H:100
xList.size = 12
yList.size = 44
squareList.size = 43
myConsList.size = 0
cplex1的参考解为：2.4999999999999987 0.031 s
canvasWidth:100,
canvasHeight:100,
data:[{x:0,y:30,l:70,w:66},{x:0,y:20,l:10,w:60},{x:0,y:11,l:9,w:63},{x:0,y:10,l:1,w:32},{x:67,y:30,l:70,w:31},],
curBestBinNum = 26
instance.getSquareList().size() = 43
solution.getPlaceSquareList().size() = 5
pattern.getKey() = 15@38@63@64@78@
用时：31 ms
--------------------------------------- Price Problem End --------------------------------------------------------
		26 Add column : 1 col:51 	0.844
			Start solve  LP :0.844
			End solve LP obj: 26.0 t: 0
com.wlj.solver.BBSolver:
--------------------------------------- Price Problem Start --------------------------------------------------------
dualPrice.size = 80 , dualPrice = [1.0, 1.0, 1.0, 1.0, 1.0, 1.0, 1.0, 1.0, 1.0, 0.6000000000000002, 1.0, 1.0, 1.0, 1.0, 0.40000000000000013, -0.0, 0.5999999999999999, 0.3000000000000005, 0.7999999999999998, 0.5999999999999999, 0.3000000000000002, 0.20000000000000084, 0.5999999999999999, 0.4999999999999998, 0.4000000000000001, 0.5999999999999999, 0.4000000000000001, 0.5, 0.40000000000000013, 0.2000000000000003, 0.4000000000000001, 0.49999999999999994, 0.5999999999999999, -0.0, -0.0, -0.0, 0.19999999999999962, 0.20000000000000034, 0.20000000000000012, 0.3999999999999996, 0.19999999999999996, -0.0, 0.20000000000000012, -0.0, -0.0, -0.0, -0.0, 0.20000000000000018, -0.0, -0.0, -0.0, -0.0, -0.0, -0.0, -0.0, 0.19999999999999984, 1.0, -0.0, -0.0, -0.0, -0.0, -0.0, -0.0, 0.19999999999999996, 0.40000000000000013, -0.0, 0.49999999999999867, -0.0, -0.0, -0.0, -0.0, -0.0, -0.0, -0.0, -0.0, -0.0, -0.0, -0.0, 0.19999999999999973, -0.0]
			Active cut size: 0
W:100
H:100
xList.size = 18
yList.size = 60
squareList.size = 45
myConsList.size = 0
cplex1的参考解为：3.2999999999999985 0.156 s
canvasWidth:100,
canvasHeight:100,
data:[{x:0,y:68,l:32,w:34},{x:0,y:0,l:68,w:73},{x:34,y:68,l:1,w:32},{x:36,y:69,l:9,w:63},{x:38,y:78,l:10,w:60},{x:63,y:88,l:12,w:36},],
curBestBinNum = 26
instance.getSquareList().size() = 45
solution.getPlaceSquareList().size() = 6
pattern.getKey() = 13@56@63@64@66@78@
用时：156 ms
--------------------------------------- Price Problem End --------------------------------------------------------
		27 Add column : 1 col:52 	1.0
			Start solve  LP :1.0
			End solve LP obj: 26.0 t: 0
com.wlj.solver.BBSolver:
--------------------------------------- Price Problem Start --------------------------------------------------------
dualPrice.size = 80 , dualPrice = [1.0, 1.0, 1.0, 1.0, 1.0, 1.0, 1.0, 1.0, 1.0, 0.6000000000000002, 1.0, 1.0, 1.0, -0.0, 0.40000000000000013, 0.6000000000000001, 0.5999999999999999, 0.3999999999999988, 0.7999999999999998, 0.5999999999999999, 0.3000000000000002, 0.20000000000000084, 0.5999999999999999, 0.40000000000000147, 0.4000000000000001, 0.5999999999999999, 0.4000000000000001, 0.5, 0.40000000000000013, 0.2000000000000003, 0.4000000000000001, 0.49999999999999994, 0.5999999999999999, -0.0, -0.0, -0.0, 0.19999999999999962, 0.20000000000000034, 0.20000000000000012, 0.3999999999999996, 0.19999999999999996, 1.0, 0.20000000000000012, -0.0, -0.0, -0.0, -0.0, 0.20000000000000018, -0.0, -0.0, -0.0, -0.0, -0.0, -0.0, -0.0, 0.19999999999999984, 0.3999999999999999, -0.0, -0.0, -0.0, -0.0, -0.0, -0.0, -0.0, -0.0, -0.0, 0.40000000000000036, 0.29999999999999827, -0.0, -0.0, -0.0, -0.0, -0.0, 0.40000000000000013, -0.0, -0.0, -0.0, -0.0, 0.19999999999999973, -0.0]
			Active cut size: 0
W:100
H:100
xList.size = 31
yList.size = 50
squareList.size = 46
myConsList.size = 0
cplex1的参考解为：3.4999999999999982 0.094 s
canvasWidth:100,
canvasHeight:100,
data:[{x:0,y:35,l:62,w:63},{x:0,y:0,l:35,w:38},{x:27,y:97,l:3,w:71},{x:39,y:3,l:32,w:34},{x:63,y:84,l:12,w:36},{x:65,y:37,l:47,w:8},{x:68,y:96,l:1,w:32},{x:73,y:15,l:69,w:27},],
curBestBinNum = 26
instance.getSquareList().size() = 46
solution.getPlaceSquareList().size() = 8
pattern.getKey() = 22@41@55@56@66@67@73@78@
用时：94 ms
--------------------------------------- Price Problem End --------------------------------------------------------
		28 Add column : 1 col:53 	1.094
			Start solve  LP :1.094
			End solve LP obj: 25.956989247311824 t: 0
CompleteSolutionByBF前size: 25
count = 78
CompleteSolutionByBF后size: 26
com.wlj.solver.BBSolver:
--------------------------------------- Price Problem Start --------------------------------------------------------
dualPrice.size = 80 , dualPrice = [1.0, 1.0, 1.0, 1.0, 1.0, 1.0, 1.0, 1.0, 1.0, 0.6989247311827957, 1.0, 1.0, 1.0, 0.6989247311827959, 0.4838709677419355, 0.7311827956989249, 0.5806451612903226, 0.3548387096774194, 0.7634408602150539, 0.5806451612903226, 0.3870967741935484, 0.6451612903225806, 0.5806451612903226, 0.6129032258064516, 0.4193548387096774, 0.5806451612903226, 0.4193548387096774, 0.5806451612903226, 0.4946236559139785, 0.311827956989247, 0.4193548387096774, 0.4193548387096774, 0.5161290322580645, -0.0, -0.0, -0.0, -0.0, 0.3870967741935484, 0.23655913978494614, 0.19354838709677447, 0.1827956989247312, -0.0, 0.23655913978494614, -0.0, -0.0, -0.0, -0.0, 0.3010752688172043, 0.30107526881720414, -0.0, -0.0, -0.0, -0.0, -0.0, -0.0, 0.11827956989247312, 0.26881720430107514, -0.0, -0.0, -0.0, -0.0, -0.0, -0.0, -0.0, -0.0, -0.0, -0.0, -0.0, -0.0, -0.0, -0.0, -0.0, -0.0, -0.0, -0.0, 0.4193548387096774, -0.0, -0.0, 0.03225806451612903, -0.0]
			Active cut size: 0
W:100
H:100
xList.size = 16
yList.size = 50
squareList.size = 44
myConsList.size = 0
cplex1的参考解为：1.989247311827957 0.093 s
canvasWidth:100,
canvasHeight:100,
data:[{x:0,y:98,l:2,w:81},{x:0,y:49,l:49,w:45},{x:0,y:7,l:42,w:38},{x:0,y:6,l:1,w:32},{x:45,y:32,l:66,w:54},{x:66,y:0,l:32,w:34},],
curBestBinNum = 26
instance.getSquareList().size() = 44
solution.getPlaceSquareList().size() = 6
pattern.getKey() = 27@37@47@56@75@78@
用时：109 ms
--------------------------------------- Price Problem End --------------------------------------------------------
		29 Add column : 1 col:54 	1.203
			Start solve  LP :1.203
			End solve LP obj: 25.92727272727273 t: 0
CompleteSolutionByBF前size: 25
count = 78
CompleteSolutionByBF后size: 26
com.wlj.solver.BBSolver:
--------------------------------------- Price Problem Start --------------------------------------------------------
dualPrice.size = 80 , dualPrice = [1.0, 1.0, 1.0, 1.0, 1.0, 1.0, 1.0, 1.0, 1.0, 0.490909090909091, 1.0, 1.0, 1.0, 0.8363636363636364, 0.4727272727272729, 0.8909090909090909, 0.6363636363636364, -0.0, 0.9454545454545453, 0.6363636363636364, 0.05454545454545445, 0.41818181818181843, 0.6363636363636364, 0.9454545454545455, 0.36363636363636365, 0.6363636363636364, 0.36363636363636365, -0.0, 0.1454545454545455, 0.5272727272727273, 0.36363636363636365, 0.7454545454545456, 0.5272727272727271, -0.0, -0.0, -0.0, 0.3454545454545452, 0.3090909090909092, 0.05454545454545462, 0.32727272727272716, 0.309090909090909, -0.0, 0.05454545454545462, -0.0, -0.0, -0.0, -0.0, 0.16363636363636375, 0.16363636363636358, -0.0, -0.0, -0.0, -0.0, -0.0, -0.0, 0.19999999999999996, 0.10909090909090907, -0.0, -0.0, -0.0, -0.0, -0.0, -0.0, -0.0, -0.0, -0.0, -0.0, -0.0, -0.0, 0.5818181818181816, -0.0, -0.0, -0.0, -0.0, -0.0, 0.36363636363636365, -0.0, -0.0, 0.05454545454545445, 0.2545454545454544]
			Active cut size: 0
W:100
H:100
xList.size = 35
yList.size = 56
squareList.size = 45
myConsList.size = 0
cplex1的参考解为：3.0545454545454542 0.083 s
canvasWidth:100,
canvasHeight:100,
data:[{x:0,y:33,l:65,w:44},{x:0,y:1,l:32,w:34},{x:5,y:98,l:2,w:81},{x:45,y:29,l:69,w:5},{x:53,y:15,l:83,w:47},{x:68,y:13,l:1,w:32},{x:77,y:14,l:1,w:23},],
curBestBinNum = 26
instance.getSquareList().size() = 45
solution.getPlaceSquareList().size() = 7
pattern.getKey() = 23@31@56@69@75@78@79@
用时：99 ms
--------------------------------------- Price Problem End --------------------------------------------------------
		30 Add column : 1 col:55 	1.302
			Start solve  LP :1.302
			End solve LP obj: 25.875 t: 0
CompleteSolutionByBF前size: 25
count = 78
CompleteSolutionByBF后size: 26
com.wlj.solver.BBSolver:
--------------------------------------- Price Problem Start --------------------------------------------------------
dualPrice.size = 80 , dualPrice = [1.0, 1.0, 1.0, 1.0, 1.0, 1.0, 1.0, 1.0, 1.0, 0.45833333333333326, 1.0, 1.0, 1.0, 1.0, 0.5833333333333333, 1.0, 0.6666666666666666, 0.5416666666666667, 1.0, 0.6666666666666666, 0.7916666666666666, 0.45833333333333326, 0.6666666666666666, 0.20833333333333337, 0.33333333333333337, 0.6666666666666666, 0.33333333333333337, 0.20833333333333337, -0.0, 0.6666666666666666, 0.33333333333333337, 0.0, 0.41666666666666674, -0.0, -0.0, -0.0, 0.45833333333333337, 0.3333333333333333, 0.0, 0.33333333333333337, 0.33333333333333337, -0.0, 0.0, -0.0, -0.0, -0.0, -0.0, 0.08333333333333337, -0.0, -0.0, -0.0, -0.0, -0.0, 0.04166666666666663, -0.0, 0.20833333333333337, -0.0, -0.0, -0.0, -0.0, 0.16666666666666652, -0.0, -0.0, -0.0, -0.0, -0.0, -0.0, -0.0, -0.0, -0.0, -0.0, -0.0, 0.0, 0.125, -0.0, 2.220446049250313E-16, -0.0, -0.0, -0.0, 0.7916666666666666]
			Active cut size: 0
W:100
H:100
xList.size = 16
yList.size = 46
squareList.size = 41
myConsList.size = 0
cplex1的参考解为：2.4166666666666665 0.229 s
canvasWidth:100,
canvasHeight:100,
data:[{x:0,y:53,l:38,w:53},{x:0,y:4,l:49,w:45},{x:0,y:91,l:9,w:75},{x:54,y:1,l:90,w:45},{x:77,y:99,l:1,w:23},],
curBestBinNum = 26
instance.getSquareList().size() = 41
solution.getPlaceSquareList().size() = 5
pattern.getKey() = 20@37@40@60@79@
用时：229 ms
--------------------------------------- Price Problem End --------------------------------------------------------
		31 Add column : 1 col:56 	1.531
			Start solve  LP :1.531
			End solve LP obj: 25.833333333333332 t: 0
已存在该记忆
com.wlj.solver.BBSolver:
--------------------------------------- Price Problem Start --------------------------------------------------------
dualPrice.size = 80 , dualPrice = [1.0, 1.0, 1.0, 1.0, 1.0, 1.0, 1.0, 1.0, 1.0, 0.4722222222222223, 1.0, 1.0, 1.0, 1.0, 0.5, 1.0, 0.5833333333333334, 0.38888888888888884, 1.0, 0.5833333333333334, 0.2777777777777778, 0.6111111111111112, 0.5833333333333334, 0.6111111111111112, 0.41666666666666663, 0.5833333333333334, 0.41666666666666663, 0.6111111111111112, 0.13888888888888884, 0.5833333333333334, 0.41666666666666663, 0.38888888888888884, 0.5, -0.0, -0.0, -0.0, 0.4444444444444443, 0.30555555555555564, 0.0, 0.2777777777777778, 0.41666666666666663, -0.0, 0.0, -0.0, -0.0, -0.0, -0.0, 0.08333333333333337, -0.0, -0.0, -0.0, -0.0, -0.0, 0.2222222222222221, -0.0, 0.11111111111111105, -0.0, -0.0, -0.0, -0.0, -0.0, -0.0, -0.0, -0.0, -0.0, -0.0, -0.0, 0.11111111111111105, -0.0, -0.0, -0.0, -0.0, 0.0, 0.19444444444444453, -0.0, -0.0, -0.0, -0.0, -0.0, -0.0]
			Active cut size: 0
W:100
H:100
xList.size = 19
yList.size = 21
squareList.size = 42
myConsList.size = 0
cplex1的参考解为：1.6388888888888888 0.11 s
canvasWidth:100,
canvasHeight:100,
data:[{x:0,y:18,l:47,w:8},{x:0,y:65,l:35,w:38},{x:8,y:1,l:61,w:83},{x:47,y:62,l:38,w:53},],
curBestBinNum = 26
instance.getSquareList().size() = 42
solution.getPlaceSquareList().size() = 4
pattern.getKey() = 12@40@55@67@
用时：110 ms
--------------------------------------- Price Problem End --------------------------------------------------------
		32 Add column : 1 col:57 	1.657
			Start solve  LP :1.657
			End solve LP obj: 25.833333333333332 t: 0
已存在该记忆
com.wlj.solver.BBSolver:
--------------------------------------- Price Problem Start --------------------------------------------------------
dualPrice.size = 80 , dualPrice = [1.0, 1.0, 1.0, 1.0, 1.0, 1.0, 1.0, 1.0, 1.0, 0.5277777777777778, 1.0, 1.0, 0.41666666666666685, 1.0, 0.6111111111111112, 1.0, 0.638888888888889, 0.38888888888888884, 1.0, 0.638888888888889, 0.2777777777777779, 0.6111111111111112, 0.638888888888889, 0.6111111111111112, 0.36111111111111105, 0.638888888888889, 0.36111111111111105, 0.6111111111111112, 0.08333333333333304, 0.638888888888889, 0.36111111111111105, 0.38888888888888884, 0.38888888888888884, 0.5833333333333331, -0.0, -0.0, 0.4444444444444444, 0.36111111111111105, 0.0, 0.2777777777777779, 0.36111111111111105, -0.0, 0.0, -0.0, -0.0, -0.0, -0.0, 0.02777777777777779, -0.0, -0.0, -0.0, -0.0, -0.0, 0.2222222222222221, -0.0, 0.11111111111111116, -0.0, -0.0, -0.0, -0.0, -0.0, -0.0, -0.0, -0.0, -0.0, -0.0, -0.0, 0.11111111111111094, -0.0, -0.0, -0.0, -0.0, 0.0, 0.13888888888888895, -0.0, -0.0, -0.0, -0.0, -0.0, -0.0]
			Active cut size: 0
W:100
H:100
xList.size = 19
yList.size = 23
squareList.size = 43
myConsList.size = 0
cplex1的参考解为：1.9166666666666663 0.375 s
canvasWidth:100,
canvasHeight:100,
data:[{x:0,y:66,l:34,w:76},{x:0,y:19,l:47,w:8},{x:8,y:0,l:66,w:65},{x:82,y:23,l:77,w:18},],
curBestBinNum = 26
instance.getSquareList().size() = 43
solution.getPlaceSquareList().size() = 4
pattern.getKey() = 18@33@53@67@
用时：391 ms
--------------------------------------- Price Problem End --------------------------------------------------------
		33 Add column : 1 col:58 	2.063
			Start solve  LP :2.063
			End solve LP obj: 25.799999999999997 t: 0
CompleteSolutionByBF前size: 25
count = 78
CompleteSolutionByBF后size: 27
com.wlj.solver.BBSolver:
--------------------------------------- Price Problem Start --------------------------------------------------------
dualPrice.size = 80 , dualPrice = [1.0, 1.0, 1.0, 1.0, 1.0, 1.0, 1.0, 1.0, 1.0, 0.5333333333333333, 1.0, 1.0, 0.4, 1.0, 0.5333333333333333, 1.0, 0.6666666666666666, 0.46666666666666656, 0.8, 0.6666666666666666, 0.33333333333333326, 0.5333333333333334, 0.6666666666666666, 0.5333333333333334, 0.33333333333333337, 0.6666666666666666, 0.33333333333333337, 0.5333333333333334, 0.20000000000000007, 0.4666666666666667, 0.33333333333333337, 0.46666666666666656, 0.4666666666666667, -0.0, -0.0, -0.0, 0.33333333333333337, 0.33333333333333337, 0.0, 0.33333333333333326, 0.33333333333333337, -0.0, 0.19999999999999996, -0.0, -0.0, -0.0, -0.0, 0.1333333333333333, -0.0, -0.0, -0.0, 0.19999999999999996, -0.0, 0.06666666666666668, -0.0, 0.13333333333333336, -0.0, -0.0, -0.0, -0.0, -0.0, -0.0, -0.0, -0.0, -0.0, -0.0, -0.0, 0.13333333333333336, -0.0, -0.0, -0.0, 0.6, -0.0, 0.06666666666666676, -0.0, -0.0, -0.0, -0.0, -0.0, -0.0]
			Active cut size: 0
W:100
H:100
xList.size = 21
yList.size = 35
squareList.size = 45
myConsList.size = 0
cplex1的参考解为：2.066666666666667 0.109 s
canvasWidth:100,
canvasHeight:100,
data:[{x:0,y:6,l:68,w:73},{x:0,y:77,l:20,w:71},{x:0,y:74,l:3,w:71},{x:8,y:97,l:3,w:83},{x:74,y:50,l:47,w:8},{x:82,y:20,l:77,w:18},],
curBestBinNum = 26
instance.getSquareList().size() = 45
solution.getPlaceSquareList().size() = 6
pattern.getKey() = 13@51@53@67@71@73@
用时：109 ms
--------------------------------------- Price Problem End --------------------------------------------------------
		34 Add column : 1 col:59 	2.172
			Start solve  LP :2.172
			End solve LP obj: 25.79775280898876 t: 0
CompleteSolutionByBF前size: 25
count = 77
CompleteSolutionByBF后size: 26
com.wlj.solver.BBSolver:
--------------------------------------- Price Problem Start --------------------------------------------------------
dualPrice.size = 80 , dualPrice = [1.0, 1.0, 1.0, 1.0, 1.0, 1.0, 1.0, 1.0, 1.0, 0.5449438202247191, 1.0, 1.0, 0.4325842696629214, -0.0, 0.550561797752809, 1.0, 0.6685393258426966, 0.4606741573033707, 0.8202247191011236, 0.6797752808988764, 0.348314606741573, 0.5393258426966293, 0.6797752808988764, 0.5393258426966293, 0.3314606741573034, 0.6685393258426966, 0.32022471910112366, 0.5393258426966293, 0.19662921348314621, 0.4775280898876404, 0.3314606741573034, 0.4606741573033707, 0.449438202247191, -0.0, -0.0, -0.0, 0.3258426966292136, 0.3314606741573034, 0.0, 0.3258426966292134, 0.32022471910112366, -0.0, 0.17977528089887634, -0.0, -0.0, -0.0, -0.0, 0.1292134831460673, 1.0, -0.0, -0.0, 0.17977528089887634, -0.0, 0.06741573033707865, -0.0, 0.1348314606741573, -0.0, -0.0, -0.0, -0.0, -0.0, -0.0, -0.0, -0.0, -0.0, 0.011235955056179803, -0.0, 0.1123595505617977, -0.0, -0.0, -0.0, 0.5674157303370786, -0.0, 0.07303370786516866, -0.0, -0.0, -0.0, -0.0, -0.0, -0.0]
			Active cut size: 0
W:100
H:100
xList.size = 25
yList.size = 43
squareList.size = 46
myConsList.size = 0
cplex1的参考解为：2.8314606741573036 0.13 s
canvasWidth:100,
canvasHeight:100,
data:[{x:0,y:4,l:23,w:68},{x:0,y:27,l:70,w:66},{x:0,y:0,l:3,w:71},{x:8,y:97,l:3,w:83},{x:70,y:82,l:15,w:30},{x:74,y:35,l:47,w:8},{x:82,y:5,l:77,w:18},],
curBestBinNum = 26
instance.getSquareList().size() = 46
solution.getPlaceSquareList().size() = 7
pattern.getKey() = 15@48@53@65@67@71@73@
用时：156 ms
--------------------------------------- Price Problem End --------------------------------------------------------
		35 Add column : 1 col:60 	2.328
			Start solve  LP :2.328
			End solve LP obj: 25.666666666666664 t: 0
CompleteSolutionByBF前size: 25
count = 78
CompleteSolutionByBF后size: 26
com.wlj.solver.BBSolver:
--------------------------------------- Price Problem Start --------------------------------------------------------
dualPrice.size = 80 , dualPrice = [1.0, 1.0, 1.0, 1.0, 1.0, 1.0, 1.0, 1.0, 1.0, 0.6666666666666669, 1.0, 1.0, 0.666666666666667, 0.666666666666667, 0.6666666666666671, 1.0, 0.6666666666666667, 0.33333333333333304, 0.666666666666667, 0.6666666666666667, 0.33333333333333304, 0.666666666666667, 0.6666666666666667, 0.666666666666667, 0.33333333333333326, 0.6666666666666667, 0.33333333333333326, 0.666666666666667, 0.33333333333333337, 0.3333333333333335, 0.3333333333333333, 0.33333333333333304, 0.3333333333333329, 0.33333333333333304, -0.0, -0.0, 0.3333333333333334, 0.3333333333333333, -0.0, 0.33333333333333315, 0.33333333333333326, 0.3333333333333332, 0.333333333333333, -0.0, -0.0, -0.0, -0.0, -3.3306690738754696E-16, -2.220446049250313E-16, -0.0, -0.0, 0.333333333333333, -0.0, -0.0, -0.0, -1.3877787807814457E-16, -0.0, -0.0, -0.0, -0.0, 2.7755575615628914E-16, -0.0, -0.0, 0.0, -0.0, 2.220446049250313E-16, -0.0, -0.0, -0.0, -0.0, -0.0, -0.0, -0.0, -0.0, -0.0, -0.0, -0.0, -0.0, -0.0, -0.0]
			Active cut size: 0
W:100
H:100
xList.size = 12
yList.size = 15
squareList.size = 41
myConsList.size = 0
cplex1的参考解为：1.6666666666666663 0.0 s
canvasWidth:100,
canvasHeight:100,
data:[{x:0,y:30,l:70,w:66},{x:0,y:10,l:20,w:71},{x:73,y:31,l:69,w:27},],
curBestBinNum = 26
instance.getSquareList().size() = 41
solution.getPlaceSquareList().size() = 3
pattern.getKey() = 15@41@51@
用时：16 ms
--------------------------------------- Price Problem End --------------------------------------------------------
		36 Add column : 1 col:61 	2.344
			Start solve  LP :2.344
			End solve LP obj: 25.64705882352942 t: 0
CompleteSolutionByBF前size: 25
count = 78
CompleteSolutionByBF后size: 26
com.wlj.solver.BBSolver:
--------------------------------------- Price Problem Start --------------------------------------------------------
dualPrice.size = 80 , dualPrice = [1.0, 1.0, 1.0, 1.0, 1.0, 1.0, 1.0, 1.0, 1.0, 0.7254901960784315, 1.0, 1.0, 0.7254901960784313, 0.9215686274509801, 0.7647058823529416, 0.8823529411764703, 0.7058823529411764, 0.47058823529411786, 0.7254901960784313, 0.784313725490196, 0.43137254901960786, 0.5294117647058821, 0.784313725490196, 0.5294117647058821, 0.2941176470588236, 0.7058823529411764, 0.21568627450980404, 0.5686274509803921, 0.3137254901960782, 0.3529411764705883, 0.2941176470588236, 0.43137254901960786, 0.23529411764705843, 0.27450980392156865, -0.0, -0.0, 0.17647058823529435, 0.2941176470588236, 0.07843137254901972, 0.3333333333333335, 0.13725490196078433, 0.039215686274509776, 0.27450980392156865, -0.0, -0.0, -0.0, -0.0, 0.09803921568627416, 0.039215686274510136, -0.0, -0.0, 0.07843137254901991, -0.0, -0.0, -0.0, 0.1372549019607843, 0.03921568627450997, -0.0, -0.0, -0.0, 0.13725490196078413, -0.0, -0.0, 0.03921568627451, -0.0, 0.07843137254901955, -0.0, -0.0, -0.0, -0.0, -0.0, -0.0, -0.0, -0.0, -0.0, -0.0, -0.0, -0.0, -0.0, -0.0]
			Active cut size: 0
W:100
H:100
xList.size = 18
yList.size = 57
squareList.size = 49
myConsList.size = 0
cplex1的参考解为：1.3529411764705883 0.484 s
canvasWidth:100,
canvasHeight:100,
data:[{x:0,y:39,l:52,w:35},{x:0,y:91,l:9,w:75},{x:0,y:7,l:32,w:34},{x:35,y:29,l:62,w:63},{x:38,y:4,l:10,w:60},{x:69,y:14,l:15,w:30},],
curBestBinNum = 26
instance.getSquareList().size() = 49
solution.getPlaceSquareList().size() = 6
pattern.getKey() = 22@42@56@60@63@65@
用时：484 ms
--------------------------------------- Price Problem End --------------------------------------------------------
		37 Add column : 1 col:62 	2.828
			Start solve  LP :2.828
			End solve LP obj: 25.578125 t: 0
CompleteSolutionByBF前size: 25
count = 78
CompleteSolutionByBF后size: 26
com.wlj.solver.BBSolver:
--------------------------------------- Price Problem Start --------------------------------------------------------
dualPrice.size = 80 , dualPrice = [1.0, 1.0, 1.0, 1.0, 1.0, 1.0, 1.0, 1.0, 1.0, 0.703125, 1.0, 1.0, 0.703125, 0.765625, 0.734375, 0.765625, 0.65625, 0.4375, 0.703125, 0.65625, 0.4375, 0.5625, 0.65625, 0.5625, 0.34375, 0.65625, 0.34375, 0.5625, 0.328125, 0.359375, 0.34375, 0.4375, 0.265625, 0.296875, -0.0, -0.0, 0.203125, 0.34375, 0.171875, 0.3125, 0.171875, 0.109375, 0.296875, -0.0, -0.0, -0.0, -0.0, 0.09375, 0.125, -0.0, -0.0, 0.125, -0.0, -0.0, -0.0, 0.125, -0.0, -0.0, -0.0, -0.0, 0.046875, -0.0, -0.0, -0.0, 0.0625, -0.0, 0.0, -0.0, -0.0, -0.0, -0.0, -0.0, -0.0, 0.109375, -0.0, 0.0, -0.0, -0.0, -0.0, -0.0]
			Active cut size: 0
W:100
H:100
xList.size = 16
yList.size = 49
squareList.size = 48
myConsList.size = 0
cplex1的参考解为：1.359375 0.063 s
canvasWidth:100,
canvasHeight:100,
data:[{x:0,y:11,l:52,w:35},{x:0,y:63,l:34,w:76},{x:27,y:97,l:3,w:71},{x:35,y:1,l:62,w:63},],
curBestBinNum = 26
instance.getSquareList().size() = 48
solution.getPlaceSquareList().size() = 4
pattern.getKey() = 22@33@42@73@
用时：63 ms
--------------------------------------- Price Problem End --------------------------------------------------------
		38 Add column : 1 col:63 	2.891
			Start solve  LP :2.891
			End solve LP obj: 25.54464285714286 t: 0
CompleteSolutionByBF前size: 25
count = 78
CompleteSolutionByBF后size: 26
com.wlj.solver.BBSolver:
--------------------------------------- Price Problem Start --------------------------------------------------------
dualPrice.size = 80 , dualPrice = [1.0, 1.0, 1.0, 1.0, 1.0, 1.0, 1.0, 1.0, 1.0, 0.7299107142857142, 1.0, 1.0, 0.7299107142857142, 0.8169642857142856, 0.8325892857142856, 0.8080357142857142, 0.6383928571428572, 0.3616071428571428, 0.8727678571428572, 0.7455357142857143, 0.3616071428571428, 0.6383928571428572, 0.7455357142857143, 0.6383928571428572, 0.3616071428571428, 0.6383928571428572, 0.2544642857142857, 0.6383928571428572, 0.2477678571428571, 0.4933035714285715, 0.3616071428571428, 0.3616071428571428, 0.1674107142857144, 0.12723214285714285, -0.0, -0.0, 0.2700892857142858, 0.3616071428571428, 0.08705357142857148, 0.2589285714285714, 0.1674107142857144, 0.1517857142857144, 0.12723214285714285, -0.0, -0.0, -0.0, -0.0, -0.0, 0.03125, -0.0, -0.0, 0.04017857142857137, -0.0, -0.0, -0.0, 0.10267857142857138, -0.0, -0.0, -0.0, -0.0, 0.10937499999999997, -0.0, -0.0, -0.0, 0.10491071428571433, 0.017857142857142877, -0.0, -0.0, -0.0, -0.0, -0.0, 0.14285714285714302, -0.0, -0.0, -0.0, 0.0, -0.0, -0.0, -0.0, -0.0]
			Active cut size: 0
W:100
H:100
xList.size = 16
yList.size = 53
squareList.size = 48
myConsList.size = 0
cplex1的参考解为：1.5267857142857146 0.078 s
canvasWidth:100,
canvasHeight:100,
data:[{x:0,y:16,l:72,w:72},{x:0,y:88,l:3,w:83},{x:0,y:91,l:9,w:75},{x:0,y:7,l:9,w:63},{x:69,y:1,l:15,w:30},{x:73,y:19,l:69,w:27},],
curBestBinNum = 26
instance.getSquareList().size() = 48
solution.getPlaceSquareList().size() = 6
pattern.getKey() = 11@41@60@64@65@71@
用时：93 ms
--------------------------------------- Price Problem End --------------------------------------------------------
		39 Add column : 1 col:64 	3.0
			Start solve  LP :3.0
			End solve LP obj: 25.544642857142858 t: 0
已存在该记忆
com.wlj.solver.BBSolver:
--------------------------------------- Price Problem Start --------------------------------------------------------
dualPrice.size = 80 , dualPrice = [1.0, 1.0, 1.0, 1.0, 1.0, 1.0, 1.0, 1.0, 1.0, 0.7299107142857142, 1.0, 0.47321428571428537, 0.7299107142857142, 0.8169642857142856, 0.8325892857142856, 0.8080357142857142, 0.6383928571428572, 0.3616071428571428, 0.8727678571428572, 0.7455357142857143, 0.3616071428571428, 0.6383928571428572, 0.7455357142857143, 0.6383928571428572, 0.3616071428571428, 0.6383928571428572, 0.2544642857142857, 0.6383928571428572, 0.2477678571428571, 0.4933035714285715, 0.3616071428571428, 0.3616071428571428, 0.1674107142857144, 0.12723214285714285, -0.0, -0.0, 0.2700892857142858, 0.3616071428571428, 0.08705357142857148, 0.2589285714285714, 0.1674107142857144, 0.1517857142857144, 0.12723214285714285, -0.0, -0.0, -0.0, -0.0, -0.0, 0.03125, -0.0, 0.5267857142857146, 0.04017857142857137, -0.0, -0.0, -0.0, 0.10267857142857138, -0.0, -0.0, -0.0, -0.0, 0.10937499999999997, -0.0, -0.0, -0.0, 0.10491071428571433, 0.017857142857142877, -0.0, -0.0, -0.0, -0.0, -0.0, 0.14285714285714302, -0.0, -0.0, -0.0, 0.0, -0.0, -0.0, -0.0, -0.0]
			Active cut size: 0
W:100
H:100
xList.size = 18
yList.size = 53
squareList.size = 49
myConsList.size = 0
cplex1的参考解为：1.9017857142857149 0.047 s
canvasWidth:100,
canvasHeight:100,
data:[{x:0,y:24,l:73,w:76},{x:0,y:97,l:3,w:83},{x:0,y:15,l:9,w:75},{x:0,y:6,l:9,w:63},{x:69,y:0,l:15,w:30},{x:76,y:34,l:63,w:24},],
curBestBinNum = 26
instance.getSquareList().size() = 49
solution.getPlaceSquareList().size() = 6
pattern.getKey() = 10@50@60@64@65@71@
用时：47 ms
--------------------------------------- Price Problem End --------------------------------------------------------
		40 Add column : 1 col:65 	3.047
			Start solve  LP :3.047
			End solve LP obj: 25.544642857142858 t: 0
已存在该记忆
com.wlj.solver.BBSolver:
--------------------------------------- Price Problem Start --------------------------------------------------------
dualPrice.size = 80 , dualPrice = [1.0, 1.0, 1.0, 1.0, 1.0, 1.0, 1.0, 1.0, 1.0, 0.7299107142857142, 0.09821428571428514, 0.47321428571428537, 0.7299107142857142, 0.8169642857142856, 0.8325892857142856, 0.8080357142857142, 0.6383928571428572, 0.3616071428571428, 0.8727678571428572, 0.7455357142857143, 0.3616071428571428, 0.6383928571428572, 0.7455357142857143, 0.6383928571428572, 0.3616071428571428, 0.6383928571428572, 0.2544642857142857, 0.6383928571428572, 0.2477678571428571, 0.4933035714285715, 0.3616071428571428, 0.3616071428571428, 0.1674107142857144, 0.12723214285714285, -0.0, -0.0, 0.2700892857142858, 0.3616071428571428, 0.08705357142857148, 0.2589285714285714, 0.1674107142857144, 0.1517857142857144, 0.12723214285714285, 0.9017857142857149, -0.0, -0.0, -0.0, -0.0, 0.03125, -0.0, 0.5267857142857146, 0.04017857142857137, -0.0, -0.0, -0.0, 0.10267857142857138, -0.0, -0.0, -0.0, -0.0, 0.10937499999999997, -0.0, -0.0, -0.0, 0.10491071428571433, 0.017857142857142877, -0.0, -0.0, -0.0, -0.0, -0.0, 0.14285714285714302, -0.0, -0.0, -0.0, 0.0, -0.0, -0.0, -0.0, -0.0]
			Active cut size: 0
W:100
H:100
xList.size = 18
yList.size = 71
squareList.size = 50
myConsList.size = 0
cplex1的参考解为：2.5714285714285747 0.031 s
canvasWidth:100,
canvasHeight:100,
data:[{x:0,y:78,l:19,w:95},{x:0,y:3,l:66,w:65},{x:0,y:97,l:3,w:83},{x:0,y:69,l:9,w:75},{x:69,y:0,l:15,w:30},{x:76,y:15,l:63,w:24},],
curBestBinNum = 26
instance.getSquareList().size() = 50
solution.getPlaceSquareList().size() = 6
pattern.getKey() = 18@43@50@60@65@71@
用时：31 ms
--------------------------------------- Price Problem End --------------------------------------------------------
		41 Add column : 1 col:66 	3.078
			Start solve  LP :3.078
			End solve LP obj: 25.500000000000007 t: 0
已存在该记忆
com.wlj.solver.BBSolver:
--------------------------------------- Price Problem Start --------------------------------------------------------
dualPrice.size = 80 , dualPrice = [1.0, 1.0, 1.0, 1.0, 1.0, 1.0, 1.0, 1.0, 1.0, 1.0000000000000002, 1.0, 0.9999999999999998, 1.0000000000000002, 1.0000000000000002, 1.0000000000000002, 1.0, 0.4999999999999999, 0.5000000000000001, 1.0, 1.0, 0.5000000000000001, 0.4999999999999999, 1.0, 0.4999999999999999, 0.5000000000000001, 0.4999999999999999, 0.0, 0.4999999999999999, 0.5000000000000004, 0.4999999999999998, 0.5000000000000001, 0.5000000000000001, -2.220446049250313E-16, 0.0, -0.0, -0.0, -2.7755575615628914E-16, 0.5000000000000001, 0.0, -2.220446049250313E-16, -2.220446049250313E-16, 5.551115123125783E-17, 0.0, -0.0, -0.0, -0.0, 0.0, -0.0, -2.220446049250313E-16, -0.0, 1.6653345369377348E-16, 0.0, -0.0, -0.0, -0.0, -5.551115123125783E-17, -0.0, -0.0, -0.0, -0.0, 0.0, -0.0, -0.0, -0.0, 0.0, -0.0, -0.0, -0.0, -0.0, -0.0, -0.0, -1.6653345369377348E-16, -0.0, -0.0, -0.0, 0.0, -0.0, -0.0, -0.0, -0.0]
			Active cut size: 0
W:100
H:100
xList.size = 6
yList.size = 7
squareList.size = 32
myConsList.size = 0
cplex1的参考解为：1.5000000000000004 0.0 s
canvasWidth:100,
canvasHeight:100,
data:[{x:0,y:43,l:57,w:87},{x:0,y:3,l:40,w:97},],
curBestBinNum = 26
instance.getSquareList().size() = 32
solution.getPlaceSquareList().size() = 2
pattern.getKey() = 14@24@
用时：0 ms
--------------------------------------- Price Problem End --------------------------------------------------------
		42 Add column : 1 col:67 	3.078
			Start solve  LP :3.078
			End solve LP obj: 25.500000000000007 t: 0
已存在该记忆
com.wlj.solver.BBSolver:
--------------------------------------- Price Problem Start --------------------------------------------------------
dualPrice.size = 80 , dualPrice = [1.0, 1.0, 1.0, 1.0, 1.0, 1.0, 1.0, 1.0, 1.0, 1.0000000000000002, 1.0, 0.9999999999999998, 1.0000000000000002, 1.0000000000000002, 0.4999999999999999, 1.0, 0.4999999999999999, 0.5000000000000001, 1.0, 1.0, 0.5000000000000001, 0.4999999999999999, 1.0, 0.4999999999999999, 0.5000000000000001, 0.4999999999999999, 0.0, 0.4999999999999999, 0.5000000000000004, 0.4999999999999998, 0.5000000000000001, 0.5000000000000001, 0.5000000000000001, 0.0, -0.0, -0.0, -2.7755575615628914E-16, 0.5000000000000001, 0.0, -2.220446049250313E-16, -2.220446049250313E-16, 5.551115123125783E-17, 0.0, -0.0, -0.0, -0.0, 0.0, -0.0, -2.220446049250313E-16, -0.0, 1.6653345369377348E-16, 0.0, -0.0, -0.0, -0.0, -5.551115123125783E-17, -0.0, -0.0, -0.0, -0.0, 0.0, -0.0, -0.0, -0.0, 0.0, -0.0, -0.0, -0.0, -0.0, -0.0, -0.0, -1.6653345369377348E-16, -0.0, -0.0, -0.0, 0.0, -0.0, -0.0, -0.0, -0.0]
			Active cut size: 0
W:100
H:100
xList.size = 6
yList.size = 9
squareList.size = 33
myConsList.size = 0
cplex1的参考解为：1.5000000000000004 0.0 s
canvasWidth:100,
canvasHeight:100,
data:[{x:0,y:14,l:49,w:45},{x:0,y:63,l:37,w:72},{x:45,y:7,l:56,w:54},],
curBestBinNum = 26
instance.getSquareList().size() = 33
solution.getPlaceSquareList().size() = 3
pattern.getKey() = 28@32@37@
用时：16 ms
--------------------------------------- Price Problem End --------------------------------------------------------
		43 Add column : 1 col:68 	3.094
			Start solve  LP :3.094
			End solve LP obj: 25.500000000000007 t: 0
已存在该记忆
com.wlj.solver.BBSolver:
--------------------------------------- Price Problem Start --------------------------------------------------------
dualPrice.size = 80 , dualPrice = [1.0, 1.0, 1.0, 1.0, 1.0, 1.0, 1.0, 1.0, 1.0, 1.0000000000000002, 1.0, 0.9999999999999998, 1.0000000000000002, 1.0000000000000002, 1.0000000000000004, 1.0, 0.4999999999999999, 0.5000000000000001, 1.0, 1.0, 0.5000000000000001, 0.4999999999999999, 1.0, 0.4999999999999999, -4.440892098500626E-16, 1.0000000000000004, 0.0, 0.4999999999999999, 0.5000000000000004, 0.4999999999999998, 0.5000000000000001, 0.5000000000000001, -5.551115123125783E-16, 0.0, -0.0, -0.0, -2.7755575615628914E-16, 0.5000000000000001, 0.0, -2.220446049250313E-16, -2.220446049250313E-16, 5.551115123125783E-17, 0.0, -0.0, -0.0, -0.0, 0.0, -0.0, -2.220446049250313E-16, -0.0, 1.6653345369377348E-16, 0.0, -0.0, -0.0, -0.0, -5.551115123125783E-17, -0.0, -0.0, -0.0, -0.0, 0.0, -0.0, -0.0, -0.0, 0.0, -0.0, -0.0, -0.0, -0.0, -0.0, -0.0, -1.6653345369377348E-16, -0.0, -0.0, -0.0, 0.0, -0.0, -0.0, -0.0, -0.0]
			Active cut size: 0
W:100
H:100
xList.size = 6
yList.size = 5
squareList.size = 31
myConsList.size = 0
cplex1的参考解为：1.5000000000000002 0.016 s
canvasWidth:100,
canvasHeight:100,
data:[{x:55,y:0,l:49,w:45},{x:1,y:0,l:56,w:54},{x:33,y:56,l:44,w:67},],
curBestBinNum = 26
instance.getSquareList().size() = 31
solution.getPlaceSquareList().size() = 3
pattern.getKey() = 28@29@37@
用时：16 ms
--------------------------------------- Price Problem End --------------------------------------------------------
		44 Add column : 1 col:69 	3.11
			Start solve  LP :3.11
			End solve LP obj: 25.500000000000007 t: 0
已存在该记忆
com.wlj.solver.BBSolver:
--------------------------------------- Price Problem Start --------------------------------------------------------
dualPrice.size = 80 , dualPrice = [1.0, 1.0, 1.0, 1.0, 1.0, 1.0, 1.0, 1.0, 1.0, 1.0000000000000002, 1.0, 0.9999999999999998, 1.0000000000000002, 1.0000000000000002, 1.0, 1.0, 0.5, 0.5, 1.0, 1.0, 0.5, 0.5, 1.0, 0.5, 0.0, 1.0, 0.0, 0.5, 0.5, 0.0, 0.5, 0.5, 0.0, 0.0, -0.0, -0.0, -1.6653345369377348E-16, 0.5, 0.0, 0.0, -1.1102230246251565E-16, 5.551115123125783E-17, 0.0, -0.0, -0.0, -0.0, 0.0, -0.0, -2.220446049250313E-16, -0.0, 1.6653345369377348E-16, 0.0, -0.0, -0.0, -0.0, -5.551115123125783E-17, -0.0, -0.0, -0.0, -0.0, 0.0, -0.0, -0.0, -0.0, 0.0, -0.0, -0.0, -0.0, -0.0, -0.0, -0.0, -1.6653345369377348E-16, 0.5, -0.0, -0.0, 0.0, -0.0, -0.0, -0.0, -0.0]
			Active cut size: 0
W:100
H:100
xList.size = 8
yList.size = 5
squareList.size = 31
myConsList.size = 0
cplex1的参考解为：1.5 0.0 s
canvasWidth:100,
canvasHeight:100,
data:[{x:33,y:0,l:94,w:67},{x:2,y:0,l:7,w:31},],
curBestBinNum = 26
instance.getSquareList().size() = 31
solution.getPlaceSquareList().size() = 2
pattern.getKey() = 8@72@
用时：0 ms
--------------------------------------- Price Problem End --------------------------------------------------------
		45 Add column : 1 col:70 	3.11
			Start solve  LP :3.11
			End solve LP obj: 25.500000000000007 t: 0
已存在该记忆
com.wlj.solver.BBSolver:
--------------------------------------- Price Problem Start --------------------------------------------------------
dualPrice.size = 80 , dualPrice = [1.0, 1.0, 1.0, 1.0, 1.0, 1.0, 1.0, 1.0, 0.5, 1.0000000000000002, 1.0, 0.9999999999999998, 1.0000000000000002, 1.0000000000000002, 1.0, 1.0, 0.5, 0.5, 1.0, 1.0, 0.5, 0.5, 1.0, 0.5, 0.0, 1.0, 0.0, 0.5, 0.5, 0.0, 0.5, 0.5, 0.0, 0.0, 0.5, -0.0, -1.6653345369377348E-16, 0.5, 0.0, 0.0, -1.1102230246251565E-16, 5.551115123125783E-17, 0.0, -0.0, -0.0, -0.0, 0.0, -0.0, -2.220446049250313E-16, -0.0, 1.6653345369377348E-16, 0.0, -0.0, -0.0, -0.0, -5.551115123125783E-17, -0.0, -0.0, -0.0, -0.0, 0.0, -0.0, -0.0, -0.0, 0.0, -0.0, -0.0, -0.0, -0.0, -0.0, -0.0, -1.6653345369377348E-16, 0.5, -0.0, -0.0, 0.0, -0.0, -0.0, -0.0, -0.0]
			Active cut size: 0
W:100
H:100
xList.size = 10
yList.size = 5
squareList.size = 32
myConsList.size = 0
cplex1的参考解为：2.0 0.0 s
canvasWidth:100,
canvasHeight:100,
data:[{x:24,y:0,l:7,w:31},{x:55,y:0,l:49,w:45},{x:11,y:7,l:87,w:29},{x:40,y:50,l:49,w:60},],
curBestBinNum = 26
instance.getSquareList().size() = 32
solution.getPlaceSquareList().size() = 4
pattern.getKey() = 30@34@37@72@
用时：0 ms
--------------------------------------- Price Problem End --------------------------------------------------------
		46 Add column : 1 col:71 	3.125
			Start solve  LP :3.125
			End solve LP obj: 25.436363636363645 t: 0
CompleteSolutionByBF前size: 25
count = 79
CompleteSolutionByBF后size: 26
com.wlj.solver.BBSolver:
--------------------------------------- Price Problem Start --------------------------------------------------------
dualPrice.size = 80 , dualPrice = [1.0, 1.0, 1.0, 1.0, 1.0, 1.0, 1.0, 1.0, 0.8, 0.8727272727272726, 0.8545454545454546, 0.9272727272727274, 0.8727272727272726, 0.8909090909090909, 0.7454545454545451, 0.8909090909090909, 0.6, 0.5454545454545453, 0.8727272727272726, 0.7454545454545451, 0.4727272727272726, 0.4545454545454547, 0.7454545454545451, 0.4545454545454547, 0.25454545454545485, 0.7454545454545451, 0.25454545454545485, 0.5272727272727273, 0.3454545454545451, 0.25454545454545485, 0.4, 0.4727272727272726, 0.25454545454545485, 0.12727272727272743, -0.0, -0.0, 0.12727272727272743, 0.4, 0.0181818181818183, 0.19999999999999996, 0.07272727272727264, 0.0, 0.12727272727272743, -0.0, -0.0, -0.0, 0.1454545454545454, -0.0, 0.10909090909090913, -0.0, 0.07272727272727264, 0.10909090909090907, -0.0, -0.0, -0.0, 0.054545454545454786, -0.0, -0.0, -0.0, -0.0, 0.05454545454545476, -0.0, -0.0, 0.0727272727272727, 0.018181818181817952, -0.0, -0.0, -0.0, 0.19999999999999996, -0.0, -0.0, -0.0, 0.19999999999999996, -0.0, -0.0, 0.07272727272727258, -0.0, -0.0, -0.0, -0.0]
			Active cut size: 0
W:100
H:100
xList.size = 30
yList.size = 81
squareList.size = 51
myConsList.size = 0
cplex1的参考解为：1.6727272727272722 0.11 s
canvasWidth:100,
canvasHeight:100,
data:[{x:0,y:2,l:66,w:65},{x:0,y:78,l:20,w:71},{x:0,y:68,l:10,w:60},{x:4,y:98,l:2,w:81},{x:69,y:0,l:7,w:31},{x:72,y:28,l:70,w:24},{x:96,y:7,l:93,w:4},],
curBestBinNum = 26
instance.getSquareList().size() = 51
solution.getPlaceSquareList().size() = 7
pattern.getKey() = 18@46@51@63@68@72@75@
用时：110 ms
--------------------------------------- Price Problem End --------------------------------------------------------
		47 Add column : 1 col:72 	3.235
			Start solve  LP :3.235
			End solve LP obj: 25.34722222222222 t: 0
已存在该记忆
com.wlj.solver.BBSolver:
--------------------------------------- Price Problem Start --------------------------------------------------------
dualPrice.size = 80 , dualPrice = [1.0, 1.0, 1.0, 1.0, 1.0, 1.0, 1.0, 1.0, 0.875, 0.9375, 0.9305555555555556, 0.9652777777777778, 0.9375, 0.9236111111111112, 0.7986111111111112, 0.8472222222222223, 0.625, 0.5138888888888888, 0.8611111111111112, 0.7986111111111112, 0.5, 0.48611111111111116, 0.7986111111111112, 0.4861111111111111, 0.20138888888888884, 0.7986111111111112, 0.20138888888888884, 0.5, 0.42361111111111116, 0.20138888888888884, 0.375, 0.5, 0.20138888888888884, 0.0625, 0.125, -0.0, 0.0625, 0.375, 0.13888888888888884, 0.25, 0.0625, -0.0, 0.13888888888888884, 0.06944444444444442, -0.0, -0.0, -0.0, -0.0, 0.07638888888888884, -0.0, 0.03472222222222221, -0.0, -0.0, 0.07638888888888884, -0.0, -0.0, 0.013888888888888888, -0.0, -0.0, -0.0, 0.03472222222222221, -0.0, -0.0, 0.013888888888888888, -0.0, -0.0, -0.0, -0.0, -0.0, -0.0, -0.0, -0.0, 0.125, -0.0, -0.0, -0.0, -0.0, -0.0, -0.0, -0.0]
			Active cut size: 0
W:100
H:100
xList.size = 25
yList.size = 61
squareList.size = 49
myConsList.size = 0
cplex1的参考解为：1.2638888888888888 0.125 s
canvasWidth:100,
canvasHeight:100,
data:[{x:0,y:1,l:62,w:63},{x:0,y:63,l:37,w:72},{x:65,y:11,l:52,w:35},{x:66,y:4,l:7,w:31},],
curBestBinNum = 26
instance.getSquareList().size() = 49
solution.getPlaceSquareList().size() = 4
pattern.getKey() = 22@32@42@72@
用时：125 ms
--------------------------------------- Price Problem End --------------------------------------------------------
		48 Add column : 1 col:73 	3.36
			Start solve  LP :3.36
			End solve LP obj: 25.333333333333336 t: 0
CompleteSolutionByBF前size: 25
count = 78
CompleteSolutionByBF后size: 26
com.wlj.solver.BBSolver:
--------------------------------------- Price Problem Start --------------------------------------------------------
dualPrice.size = 80 , dualPrice = [1.0, 1.0, 1.0, 1.0, 1.0, 1.0, 1.0, 1.0, 0.9999999999999998, 0.9999999999999999, 0.9999999999999998, 0.9999999999999999, 0.9999999999999999, 0.9999999999999998, 0.9999999999999997, 0.9999999999999996, 0.6666666666666665, 0.5, 0.9999999999999997, 0.9999999999999997, 0.5, 0.5, 0.9999999999999996, 0.49999999999999994, 3.3306690738754696E-16, 0.9999999999999997, 2.8449465006019636E-16, 0.5, 0.5, 0.16666666666666657, 0.3333333333333334, 0.5, 3.3306690738754696E-16, 1.1102230246251565E-16, 2.220446049250313E-16, -0.0, 1.1102230246251565E-16, 0.3333333333333334, 3.3306690738754696E-16, 0.33333333333333315, 1.1102230246251565E-16, -0.0, 2.220446049250313E-16, 1.6653345369377348E-16, -0.0, -0.0, -0.0, -0.0, 2.0122792321330962E-16, -0.0, 8.326672684688674E-17, -0.0, -0.0, 2.0122792321330962E-16, -0.0, -0.0, 6.938893903907228E-17, -0.0, -0.0, -0.0, 8.326672684688674E-17, -0.0, -0.0, 6.938893903907228E-17, -0.0, -0.0, -0.0, -0.0, -0.0, -0.0, -0.0, -0.0, 2.636779683484747E-16, -0.0, -0.0, -0.0, -0.0, -0.0, -0.0, -0.0]
			Active cut size: 0
W:100
H:100
xList.size = 8
yList.size = 5
squareList.size = 32
myConsList.size = 0
cplex1的参考解为：1.0 0.015 s
canvasWidth:100,
canvasHeight:100,
data:[{x:0,y:0,l:95,w:79},],
curBestBinNum = 26
instance.getSquareList().size() = 32
solution.getPlaceSquareList().size() = 1
用时：15 ms
--------------------------------------- Price Problem End --------------------------------------------------------
		49 Add column : 0 col:74 	3.375
	1 End Add column using column generation : 25.333333333333336 col: 74 cons: 0 cut: 0	3.375
   End add columnAndCut : 25.333333333333336 colGencnt: 1 price: 0 col: 74 cons: 0 cut: 0	3.375

Node lb: 25.333333333333336 ub: 26 : 3.375

Final Found Solution: 26 genNode: 1 extendedNode: 0:3.375
Bin size: 10000
1 : 7700,1357, : 9057
2 : 7644,1552,196,40, : 9432
3 : 7524,1800,144, : 9468
4 : 7505,627,268, : 8400
5 : 7326,1690, : 9016
6 : 7040,1068,980,624, : 9712
7 : 6942,1408, : 8350
8 : 6390,2484,744, : 9618
9 : 6298,2523,372, : 9193
10 : 5800,2419,1596, : 9815
11 : 5548,1805,1680, : 9033
12 : 5184,1512, : 6696
13 : 5063,2584,249, : 7896
14 : 4964,1863,1564, : 8391
15 : 4959,2664, : 7623
16 : 4620,1088, : 5708
17 : 4316,3990,432,345, : 9083
18 : 4290,1820, : 6110
19 : 4218,1420,1386,675,567,213,162, : 8641
20 : 3906,2170,2014, : 8090
21 : 3828,3572,450, : 7850
22 : 3564,2860,23, : 6447
23 : 3024,2948,2128,217, : 8317
24 : 4450,2205,32, : 6687
25 : 4050,3901,600,376, : 8927
26 : 3880,2940,1330, : 8150
----------------------- 1 ---------------------------
canvasWidth:100,
canvasHeight:100,
data:[{x:0,y:0,l:100,w:77},{x:77,y:0,l:59,w:23},],
----------------------- 2 ---------------------------
canvasWidth:100,
canvasHeight:100,
data:[{x:0,y:0,l:78,w:98},{x:0,y:80,l:16,w:97},{x:0,y:78,l:2,w:98},{x:98,y:0,l:40,w:1},],
----------------------- 3 ---------------------------
canvasWidth:100,
canvasHeight:100,
data:[{x:0,y:0,l:99,w:76},{x:76,y:0,l:75,w:24},{x:76,y:75,l:6,w:24},],
----------------------- 4 ---------------------------
canvasWidth:100,
canvasHeight:100,
data:[{x:0,y:0,l:95,w:79},{x:79,y:0,l:33,w:19},{x:96,y:33,l:67,w:4},],
----------------------- 5 ---------------------------
canvasWidth:100,
canvasHeight:100,
data:[{x:0,y:0,l:74,w:99},{x:0,y:74,l:26,w:65},],
----------------------- 6 ---------------------------
canvasWidth:100,
canvasHeight:100,
data:[{x:0,y:0,l:88,w:80},{x:0,y:88,l:12,w:89},{x:80,y:0,l:49,w:20},{x:80,y:49,l:39,w:16},],
----------------------- 7 ---------------------------
canvasWidth:100,
canvasHeight:100,
data:[{x:0,y:0,l:89,w:78},{x:78,y:0,l:64,w:22},],
----------------------- 8 ---------------------------
canvasWidth:100,
canvasHeight:100,
data:[{x:0,y:0,l:71,w:90},{x:0,y:71,l:27,w:92},{x:92,y:0,l:93,w:8},],
----------------------- 9 ---------------------------
canvasWidth:100,
canvasHeight:100,
data:[{x:0,y:0,l:94,w:67},{x:67,y:0,l:87,w:29},{x:96,y:0,l:93,w:4},],
----------------------- 10 ---------------------------
canvasWidth:100,
canvasHeight:100,
data:[{x:0,y:0,l:58,w:100},{x:0,y:58,l:41,w:59},{x:62,y:58,l:42,w:38},],
----------------------- 11 ---------------------------
canvasWidth:100,
canvasHeight:100,
data:[{x:0,y:0,l:73,w:76},{x:0,y:73,l:19,w:95},{x:76,y:0,l:70,w:24},],
----------------------- 12 ---------------------------
canvasWidth:100,
canvasHeight:100,
data:[{x:0,y:0,l:72,w:72},{x:72,y:0,l:63,w:24},],
----------------------- 13 ---------------------------
canvasWidth:100,
canvasHeight:100,
data:[{x:0,y:0,l:61,w:83},{x:0,y:64,l:34,w:76},{x:0,y:61,l:3,w:83},],
----------------------- 14 ---------------------------
canvasWidth:100,
canvasHeight:100,
data:[{x:0,y:0,l:68,w:73},{x:73,y:0,l:69,w:27},{x:0,y:68,l:23,w:68},],
----------------------- 15 ---------------------------
canvasWidth:100,
canvasHeight:100,
data:[{x:0,y:0,l:57,w:87},{x:0,y:57,l:37,w:72},],
----------------------- 16 ---------------------------
canvasWidth:100,
canvasHeight:100,
data:[{x:0,y:0,l:70,w:66},{x:66,y:0,l:32,w:34},],
----------------------- 17 ---------------------------
canvasWidth:100,
canvasHeight:100,
data:[{x:0,y:0,l:83,w:52},{x:52,y:0,l:95,w:42},{x:16,y:83,l:12,w:36},{x:94,y:0,l:69,w:5},],
----------------------- 18 ---------------------------
canvasWidth:100,
canvasHeight:100,
data:[{x:0,y:0,l:66,w:65},{x:65,y:0,l:52,w:35},],
----------------------- 19 ---------------------------
canvasWidth:100,
canvasHeight:100,
data:[{x:0,y:0,l:57,w:74},{x:0,y:71,l:20,w:71},{x:82,y:0,l:77,w:18},{x:0,y:59,l:9,w:75},{x:0,y:91,l:9,w:63},{x:0,y:68,l:3,w:71},{x:0,y:57,l:2,w:81},],
----------------------- 20 ---------------------------
canvasWidth:100,
canvasHeight:100,
data:[{x:0,y:0,l:62,w:63},{x:63,y:0,l:70,w:31},{x:0,y:62,l:38,w:53},],
----------------------- 21 ---------------------------
canvasWidth:100,
canvasHeight:100,
data:[{x:0,y:0,l:58,w:66},{x:66,y:0,l:15,w:30},{x:0,y:58,l:38,w:94},],
----------------------- 22 ---------------------------
canvasWidth:100,
canvasHeight:100,
data:[{x:0,y:0,l:66,w:54},{x:54,y:0,l:65,w:44},{x:0,y:66,l:1,w:23},],
----------------------- 23 ---------------------------
canvasWidth:100,
canvasHeight:100,
data:[{x:0,y:0,l:56,w:54},{x:0,y:56,l:44,w:67},{x:54,y:0,l:56,w:38},{x:67,y:56,l:7,w:31},],
----------------------- 24 ---------------------------
canvasWidth:100,
canvasHeight:100,
data:[{x:0,y:0,l:50,w:89},{x:0,y:50,l:49,w:45},{x:0,y:99,l:1,w:32},],
----------------------- 25 ---------------------------
canvasWidth:100,
canvasHeight:100,
data:[{x:0,y:0,l:83,w:47},{x:47,y:0,l:90,w:45},{x:0,y:90,l:10,w:60},{x:92,y:0,l:47,w:8},],
----------------------- 26 ---------------------------
canvasWidth:100,
canvasHeight:100,
data:[{x:0,y:49,l:40,w:97},{x:0,y:0,l:49,w:60},{x:60,y:0,l:35,w:38},],
