====================================== Class_06.2bp-17 =====================================
Reduced size: 40 usedBin: 0
[0, 1, 2, 3, 4, 5, 6, 7, 18, 20, 22, 25, 29, 30, 34, 35, 36, 37, 38]
[8, 9, 10, 11, 12, 13, 14, 15, 16, 17, 19, 21, 23, 24, 26, 27, 28, 31, 32, 33, 39]
canvasWidth:300,
canvasHeight:300,
data:[{x:0,y:0,l:82,w:98},{x:0,y:82,l:77,w:100},{x:214,y:0,l:86,w:78},{x:100,y:82,l:70,w:92},{x:0,y:159,l:78,w:81},{x:214,y:86,l:93,w:66},{x:100,y:185,l:78,w:74},{x:98,y:0,l:82,w:44},{x:100,y:152,l:33,w:92},{x:0,y:237,l:31,w:81},{x:142,y:0,l:82,w:72},{x:81,y:159,l:93,w:19},{x:292,y:0,l:89,w:8},{x:293,y:100,l:64,w:7},{x:280,y:86,l:30,w:12},{x:192,y:82,l:9,w:22},{x:192,y:91,l:8,w:20},{x:192,y:99,l:30,w:4},{x:292,y:89,l:11,w:8},],
canvasWidth:300,
canvasHeight:300,
data:[{x:0,y:0,l:20,w:95},{x:141,y:0,l:86,w:66},{x:0,y:20,l:59,w:95},{x:0,y:79,l:52,w:96},{x:207,y:0,l:55,w:88},{x:207,y:55,l:96,w:49},{x:0,y:131,l:87,w:46},{x:193,y:151,l:57,w:70},{x:46,y:131,l:98,w:40},{x:90,y:161,l:60,w:62},{x:95,y:0,l:79,w:46},{x:111,y:117,l:44,w:72},{x:263,y:106,l:88,w:32},{x:256,y:55,l:51,w:39},{x:111,y:96,l:21,w:54},{x:111,y:86,l:9,w:94},{x:96,y:79,l:52,w:15},{x:295,y:0,l:87,w:5},{x:86,y:131,l:98,w:4},{x:295,y:87,l:74,w:5},{x:111,y:95,l:1,w:73},],
Best fit used bin number: 2
Found best solution: 2 0.062

   Statrt add columnAndCut col: 2 cons: 0 cut: 0	0.156

	1 Start Add column using column generation  col: 2 cons: 0 cut: 0	0.156
			Start solve  LP :0.156
			End solve LP obj: 2.0 t: 0
	1 End Add column using column generation : 2.0 col: 2 cons: 0 cut: 0	0.172
   End add columnAndCut : 2.0 colGencnt: 1 price: 0 col: 2 cons: 0 cut: 0	0.172

Node lb: 2.0 ub: 2 : 0.172

Final Found Solution: 2 genNode: 1 extendedNode: 0:0.172
Bin size: 90000
1 : 8036,7700,6708,6440,6318,6138,5904,5772,3608,3036,2511,1767,712,448,360,198,160,120,88, : 66024
2 : 5676,5605,4992,4840,4704,4002,3990,3920,3720,3634,3168,2816,1989,1900,1134,846,780,435,392,370,73, : 58986
----------------------- 1 ---------------------------
canvasWidth:300,
canvasHeight:300,
data:[{x:0,y:0,l:82,w:98},{x:0,y:82,l:77,w:100},{x:214,y:0,l:86,w:78},{x:100,y:82,l:70,w:92},{x:0,y:159,l:78,w:81},{x:214,y:86,l:93,w:66},{x:100,y:185,l:78,w:74},{x:98,y:0,l:82,w:44},{x:100,y:152,l:33,w:92},{x:0,y:237,l:31,w:81},{x:142,y:0,l:82,w:72},{x:81,y:159,l:93,w:19},{x:292,y:0,l:89,w:8},{x:293,y:100,l:64,w:7},{x:280,y:86,l:30,w:12},{x:192,y:82,l:9,w:22},{x:192,y:91,l:8,w:20},{x:192,y:99,l:30,w:4},{x:292,y:89,l:11,w:8},],
----------------------- 2 ---------------------------
canvasWidth:300,
canvasHeight:300,
data:[{x:0,y:0,l:20,w:95},{x:141,y:0,l:86,w:66},{x:0,y:20,l:59,w:95},{x:0,y:79,l:52,w:96},{x:207,y:0,l:55,w:88},{x:207,y:55,l:96,w:49},{x:0,y:131,l:87,w:46},{x:193,y:151,l:57,w:70},{x:46,y:131,l:98,w:40},{x:90,y:161,l:60,w:62},{x:95,y:0,l:79,w:46},{x:111,y:117,l:44,w:72},{x:263,y:106,l:88,w:32},{x:256,y:55,l:51,w:39},{x:111,y:96,l:21,w:54},{x:111,y:86,l:9,w:94},{x:96,y:79,l:52,w:15},{x:295,y:0,l:87,w:5},{x:86,y:131,l:98,w:4},{x:295,y:87,l:74,w:5},{x:111,y:95,l:1,w:73},],
