====================================== Class_10.2bp-20 =====================================
Reduced size: 60 usedBin: 0
E:\WSKH\2DBPP\NonGuillotine\initSolution\10_21.pack
[0, 43, 48, 56, 57, 59]
[1, 53, 54, 58]
[2, 13, 40, 50, 51]
[3, 14, 27]
[4, 21, 22, 26, 46]
[7, 19, 20, 30, 35, 38, 42, 45]
[10, 15, 17, 31, 34]
[5, 12, 24, 47, 55]
[6, 8, 29, 44]
[9, 16, 25, 28, 36, 37, 41]
[11, 18, 23, 32, 33, 39, 49, 52]
canvasWidth:100,
canvasHeight:100,
data:[{x:92,y:0,l:42,w:1},{x:92,y:51,l:49,w:8},{x:93,y:0,l:31,w:7},{x:92,y:43,l:8,w:6},{x:0,y:0,l:96,w:92},{x:0,y:96,l:2,w:17},],
canvasWidth:100,
canvasHeight:100,
data:[{x:0,y:0,l:97,w:89},{x:0,y:97,l:2,w:76},{x:89,y:0,l:20,w:7},{x:76,y:98,l:2,w:18},],
canvasWidth:100,
canvasHeight:100,
data:[{x:0,y:0,l:90,w:71},{x:71,y:0,l:76,w:29},{x:74,y:76,l:19,w:26},{x:0,y:90,l:9,w:23},{x:63,y:95,l:5,w:37},],
canvasWidth:100,
canvasHeight:100,
data:[{x:0,y:0,l:96,w:66},{x:66,y:0,l:68,w:32},{x:66,y:68,l:29,w:32},],
canvasWidth:100,
canvasHeight:100,
data:[{x:0,y:0,l:64,w:83},{x:0,y:64,l:36,w:42},{x:83,y:0,l:85,w:17},{x:42,y:64,l:29,w:36},{x:80,y:85,l:15,w:20},],
canvasWidth:100,
canvasHeight:100,
data:[{x:0,y:0,l:63,w:60},{x:80,y:11,l:88,w:19},{x:0,y:63,l:37,w:43},{x:60,y:11,l:39,w:20},{x:43,y:81,l:19,w:37},{x:61,y:50,l:28,w:19},{x:60,y:0,l:11,w:40},{x:43,y:63,l:18,w:18},],
canvasWidth:100,
canvasHeight:100,
data:[{x:57,y:0,l:19,w:40},{x:57,y:19,l:48,w:43},{x:32,y:67,l:29,w:68},{x:0,y:0,l:62,w:57},{x:0,y:62,l:36,w:20},],
canvasWidth:100,
canvasHeight:100,
data:[{x:0,y:54,l:45,w:98},{x:0,y:0,l:54,w:65},{x:65,y:0,l:44,w:31},{x:65,y:44,l:8,w:31},{x:0,y:99,l:1,w:49},],
canvasWidth:100,
canvasHeight:100,
data:[{x:0,y:0,l:45,w:92},{x:0,y:45,l:46,w:82},{x:82,y:45,l:49,w:18},{x:0,y:91,l:8,w:49},],
canvasWidth:100,
canvasHeight:100,
data:[{x:0,y:0,l:50,w:72},{x:0,y:50,l:44,w:46},{x:72,y:0,l:38,w:28},{x:46,y:50,l:39,w:23},{x:72,y:38,l:25,w:26},{x:69,y:63,l:19,w:30},{x:46,y:89,l:11,w:44},],
canvasWidth:100,
canvasHeight:100,
data:[{x:0,y:0,l:40,w:88},{x:0,y:40,l:40,w:48},{x:48,y:40,l:31,w:46},{x:0,y:80,l:20,w:37},{x:37,y:84,l:16,w:45},{x:48,y:71,l:11,w:46},{x:82,y:85,l:15,w:14},{x:88,y:9,l:31,w:5},],
Best fit used bin number: 11
Found best solution: 11 0.063

   Statrt add columnAndCut col: 11 cons: 0 cut: 0	0.125

	1 Start Add column using column generation  col: 11 cons: 0 cut: 0	0.125
			Start solve  LP :0.125
			End solve LP obj: 11.0 t: 0
	1 End Add column using column generation : 11.0 col: 11 cons: 0 cut: 0	0.125
   End add columnAndCut : 11.0 colGencnt: 1 price: 0 col: 11 cons: 0 cut: 0	0.125

Node lb: 11.0 ub: 11 : 0.125

Final Found Solution: 11 genNode: 1 extendedNode: 0:0.125
Bin size: 10000
1 : 8832,392,217,48,42,34, : 9565
2 : 8633,152,140,36, : 8961
3 : 6390,2204,494,207,185, : 9480
4 : 6336,2176,928, : 9440
5 : 5312,1512,1445,1044,300, : 9613
6 : 3780,1672,1591,780,703,532,440,324, : 9822
7 : 3534,2064,1972,760,720, : 9050
8 : 4410,3510,1364,248,49, : 9581
9 : 4140,3772,882,392, : 9186
10 : 3600,2024,1064,897,650,570,484, : 9289
11 : 3520,1920,1426,740,720,506,210,155, : 9197
----------------------- 1 ---------------------------
canvasWidth:100,
canvasHeight:100,
data:[{x:92,y:0,l:42,w:1},{x:92,y:51,l:49,w:8},{x:93,y:0,l:31,w:7},{x:92,y:43,l:8,w:6},{x:0,y:0,l:96,w:92},{x:0,y:96,l:2,w:17},],
----------------------- 2 ---------------------------
canvasWidth:100,
canvasHeight:100,
data:[{x:0,y:0,l:97,w:89},{x:0,y:97,l:2,w:76},{x:89,y:0,l:20,w:7},{x:76,y:98,l:2,w:18},],
----------------------- 3 ---------------------------
canvasWidth:100,
canvasHeight:100,
data:[{x:0,y:0,l:90,w:71},{x:71,y:0,l:76,w:29},{x:74,y:76,l:19,w:26},{x:0,y:90,l:9,w:23},{x:63,y:95,l:5,w:37},],
----------------------- 4 ---------------------------
canvasWidth:100,
canvasHeight:100,
data:[{x:0,y:0,l:96,w:66},{x:66,y:0,l:68,w:32},{x:66,y:68,l:29,w:32},],
----------------------- 5 ---------------------------
canvasWidth:100,
canvasHeight:100,
data:[{x:0,y:0,l:64,w:83},{x:0,y:64,l:36,w:42},{x:83,y:0,l:85,w:17},{x:42,y:64,l:29,w:36},{x:80,y:85,l:15,w:20},],
----------------------- 6 ---------------------------
canvasWidth:100,
canvasHeight:100,
data:[{x:0,y:0,l:63,w:60},{x:80,y:11,l:88,w:19},{x:0,y:63,l:37,w:43},{x:60,y:11,l:39,w:20},{x:43,y:81,l:19,w:37},{x:61,y:50,l:28,w:19},{x:60,y:0,l:11,w:40},{x:43,y:63,l:18,w:18},],
----------------------- 7 ---------------------------
canvasWidth:100,
canvasHeight:100,
data:[{x:57,y:0,l:19,w:40},{x:57,y:19,l:48,w:43},{x:32,y:67,l:29,w:68},{x:0,y:0,l:62,w:57},{x:0,y:62,l:36,w:20},],
----------------------- 8 ---------------------------
canvasWidth:100,
canvasHeight:100,
data:[{x:0,y:54,l:45,w:98},{x:0,y:0,l:54,w:65},{x:65,y:0,l:44,w:31},{x:65,y:44,l:8,w:31},{x:0,y:99,l:1,w:49},],
----------------------- 9 ---------------------------
canvasWidth:100,
canvasHeight:100,
data:[{x:0,y:0,l:45,w:92},{x:0,y:45,l:46,w:82},{x:82,y:45,l:49,w:18},{x:0,y:91,l:8,w:49},],
----------------------- 10 ---------------------------
canvasWidth:100,
canvasHeight:100,
data:[{x:0,y:0,l:50,w:72},{x:0,y:50,l:44,w:46},{x:72,y:0,l:38,w:28},{x:46,y:50,l:39,w:23},{x:72,y:38,l:25,w:26},{x:69,y:63,l:19,w:30},{x:46,y:89,l:11,w:44},],
----------------------- 11 ---------------------------
canvasWidth:100,
canvasHeight:100,
data:[{x:0,y:0,l:40,w:88},{x:0,y:40,l:40,w:48},{x:48,y:40,l:31,w:46},{x:0,y:80,l:20,w:37},{x:37,y:84,l:16,w:45},{x:48,y:71,l:11,w:46},{x:82,y:85,l:15,w:14},{x:88,y:9,l:31,w:5},],
