====================================== Class_04.2bp-27 =====================================
Reduced size: 60 usedBin: 0
E:\WSKH\2DBPP\NonGuillotine\initSolution\4_28.pack
[0, 1, 2, 3, 4, 5, 7, 13, 16, 18, 23, 28, 29, 31, 40, 41, 42, 46, 47, 49, 50, 51, 52, 53, 54, 56, 57, 58, 59]
[6, 8, 9, 10, 11, 12, 14, 15, 24, 26, 32, 35, 37, 39, 43, 45]
[17, 19, 20, 21, 22, 25, 27, 30, 33, 34, 36, 38, 44, 48, 55]
canvasWidth:100,
canvasHeight:100,
data:[{x:0,y:0,l:34,w:28},{x:0,y:65,l:35,w:27},{x:28,y:0,l:35,w:27},{x:55,y:0,l:26,w:35},{x:0,y:34,l:31,w:28},{x:68,y:56,l:25,w:32},{x:28,y:35,l:26,w:27},{x:72,y:27,l:29,w:18},{x:55,y:27,l:29,w:17},{x:66,y:86,l:14,w:34},{x:28,y:61,l:18,w:21},{x:90,y:0,l:31,w:10},{x:35,y:79,l:20,w:14},{x:90,y:31,l:25,w:10},{x:55,y:56,l:13,w:13},{x:27,y:79,l:21,w:8},{x:58,y:81,l:5,w:31},{x:61,y:69,l:12,w:7},{x:49,y:61,l:14,w:6},{x:89,y:81,l:5,w:11},{x:55,y:69,l:17,w:3},{x:49,y:75,l:24,w:2},{x:51,y:75,l:24,w:2},{x:55,y:26,l:1,w:35},{x:53,y:86,l:3,w:11},{x:53,y:89,l:2,w:9},{x:27,y:65,l:14,w:1},{x:35,y:99,l:1,w:12},{x:53,y:91,l:1,w:8},],
canvasWidth:100,
canvasHeight:100,
data:[{x:0,y:0,l:33,w:24},{x:39,y:0,l:22,w:30},{x:39,y:22,l:26,w:9},{x:69,y:0,l:20,w:31},{x:69,y:20,l:18,w:31},{x:25,y:48,l:24,w:23},{x:74,y:38,l:20,w:26},{x:24,y:0,l:33,w:15},{x:0,y:53,l:23,w:16},{x:0,y:33,l:13,w:25},{x:74,y:58,l:24,w:26},{x:25,y:33,l:15,w:14},{x:16,y:53,l:27,w:7},{x:0,y:46,l:7,w:25},{x:93,y:82,l:18,w:7},{x:48,y:22,l:4,w:21},],
canvasWidth:100,
canvasHeight:100,
data:[{x:0,y:0,l:22,w:22},{x:22,y:0,l:14,w:33},{x:55,y:0,l:23,w:19},{x:22,y:24,l:16,w:24},{x:55,y:23,l:20,w:19},{x:22,y:14,l:10,w:33},{x:0,y:46,l:12,w:27},{x:89,y:19,l:25,w:11},{x:74,y:9,l:10,w:23},{x:74,y:0,l:9,w:24},{x:0,y:40,l:6,w:34},{x:47,y:24,l:23,w:8},{x:0,y:22,l:4,w:22},{x:55,y:44,l:3,w:27},{x:55,y:43,l:1,w:29},],
Best fit used bin number: 3
Found best solution: 3 0.062

   Statrt add columnAndCut col: 3 cons: 0 cut: 0	0.141

	1 Start Add column using column generation  col: 3 cons: 0 cut: 0	0.141
			Start solve  LP :0.141
			End solve LP obj: 3.0 t: 0
	1 End Add column using column generation : 3.0 col: 3 cons: 0 cut: 0	0.141
   End add columnAndCut : 3.0 colGencnt: 1 price: 0 col: 3 cons: 0 cut: 0	0.141

Node lb: 3.0 ub: 3 : 0.141

Final Found Solution: 3 genNode: 1 extendedNode: 0:0.141
Bin size: 10000
1 : 952,945,945,910,868,800,702,522,493,476,378,310,280,250,169,168,155,84,84,55,51,48,48,35,33,18,14,12,8, : 9813
2 : 792,660,624,620,558,552,520,495,368,325,234,210,189,175,126,84, : 6532
3 : 484,462,437,384,380,330,324,275,230,216,204,184,88,81,29, : 4108
----------------------- 1 ---------------------------
canvasWidth:100,
canvasHeight:100,
data:[{x:0,y:0,l:34,w:28},{x:0,y:65,l:35,w:27},{x:28,y:0,l:35,w:27},{x:55,y:0,l:26,w:35},{x:0,y:34,l:31,w:28},{x:68,y:56,l:25,w:32},{x:28,y:35,l:26,w:27},{x:72,y:27,l:29,w:18},{x:55,y:27,l:29,w:17},{x:66,y:86,l:14,w:34},{x:28,y:61,l:18,w:21},{x:90,y:0,l:31,w:10},{x:35,y:79,l:20,w:14},{x:90,y:31,l:25,w:10},{x:55,y:56,l:13,w:13},{x:27,y:79,l:21,w:8},{x:58,y:81,l:5,w:31},{x:61,y:69,l:12,w:7},{x:49,y:61,l:14,w:6},{x:89,y:81,l:5,w:11},{x:55,y:69,l:17,w:3},{x:49,y:75,l:24,w:2},{x:51,y:75,l:24,w:2},{x:55,y:26,l:1,w:35},{x:53,y:86,l:3,w:11},{x:53,y:89,l:2,w:9},{x:27,y:65,l:14,w:1},{x:35,y:99,l:1,w:12},{x:53,y:91,l:1,w:8},],
----------------------- 2 ---------------------------
canvasWidth:100,
canvasHeight:100,
data:[{x:0,y:0,l:33,w:24},{x:39,y:0,l:22,w:30},{x:39,y:22,l:26,w:9},{x:69,y:0,l:20,w:31},{x:69,y:20,l:18,w:31},{x:25,y:48,l:24,w:23},{x:74,y:38,l:20,w:26},{x:24,y:0,l:33,w:15},{x:0,y:53,l:23,w:16},{x:0,y:33,l:13,w:25},{x:74,y:58,l:24,w:26},{x:25,y:33,l:15,w:14},{x:16,y:53,l:27,w:7},{x:0,y:46,l:7,w:25},{x:93,y:82,l:18,w:7},{x:48,y:22,l:4,w:21},],
----------------------- 3 ---------------------------
canvasWidth:100,
canvasHeight:100,
data:[{x:0,y:0,l:22,w:22},{x:22,y:0,l:14,w:33},{x:55,y:0,l:23,w:19},{x:22,y:24,l:16,w:24},{x:55,y:23,l:20,w:19},{x:22,y:14,l:10,w:33},{x:0,y:46,l:12,w:27},{x:89,y:19,l:25,w:11},{x:74,y:9,l:10,w:23},{x:74,y:0,l:9,w:24},{x:0,y:40,l:6,w:34},{x:47,y:24,l:23,w:8},{x:0,y:22,l:4,w:22},{x:55,y:44,l:3,w:27},{x:55,y:43,l:1,w:29},],
