====================================== Class_01.2bp-22 =====================================
Reduced size: 60 usedBin: 0
[0, 41]
[1, 50]
[2, 32]
[3, 43, 57, 58]
[4, 40]
[7]
[6]
[9, 19, 53]
[8, 28, 56]
[13, 36, 45, 48]
[14, 21, 47]
[17, 26, 29]
[18, 37, 42, 46, 51]
[16, 20, 44]
[5, 54, 55, 59]
[12, 15, 52]
[10, 11]
[23, 30, 31, 38]
[24, 27, 39]
[25, 34, 35]
[22, 33, 49]
canvasWidth:10,
canvasHeight:10,
data:[{x:0,y:0,l:10,w:8},{x:8,y:0,l:9,w:2},],
canvasWidth:10,
canvasHeight:10,
data:[{x:0,y:0,l:8,w:9},{x:9,y:0,l:7,w:1},],
canvasWidth:10,
canvasHeight:10,
data:[{x:0,y:0,l:10,w:7},{x:7,y:0,l:8,w:3},],
canvasWidth:10,
canvasHeight:10,
data:[{x:0,y:0,l:10,w:7},{x:7,y:0,l:5,w:3},{x:7,y:6,l:2,w:2},{x:7,y:5,l:1,w:3},],
canvasWidth:10,
canvasHeight:10,
data:[{x:0,y:0,l:8,w:8},{x:8,y:0,l:9,w:2},],
canvasWidth:10,
canvasHeight:10,
data:[{x:0,y:0,l:7,w:8},],
canvasWidth:10,
canvasHeight:10,
data:[{x:0,y:0,l:7,w:8},],
canvasWidth:10,
canvasHeight:10,
data:[{x:0,y:0,l:6,w:9},{x:0,y:6,l:4,w:10},{x:9,y:1,l:5,w:1},],
canvasWidth:10,
canvasHeight:10,
data:[{x:0,y:0,l:6,w:9},{x:0,y:6,l:4,w:7},{x:9,y:0,l:4,w:1},],
canvasWidth:10,
canvasHeight:10,
data:[{x:0,y:0,l:7,w:7},{x:0,y:7,l:3,w:8},{x:7,y:0,l:4,w:3},{x:8,y:4,l:5,w:2},],
canvasWidth:10,
canvasHeight:10,
data:[{x:0,y:0,l:6,w:8},{x:0,y:6,l:4,w:10},{x:8,y:0,l:6,w:2},],
canvasWidth:10,
canvasHeight:10,
data:[{x:0,y:0,l:6,w:7},{x:0,y:6,l:4,w:7},{x:7,y:0,l:9,w:3},],
canvasWidth:10,
canvasHeight:10,
data:[{x:0,y:0,l:6,w:7},{x:0,y:8,l:2,w:10},{x:0,y:6,l:2,w:8},{x:8,y:2,l:6,w:2},{x:7,y:0,l:2,w:3},],
canvasWidth:10,
canvasHeight:10,
data:[{x:0,y:0,l:7,w:6},{x:6,y:0,l:10,w:4},{x:0,y:7,l:3,w:4},],
canvasWidth:10,
canvasHeight:10,
data:[{x:0,y:0,l:7,w:9},{x:9,y:0,l:5,w:1},{x:0,y:7,l:1,w:4},{x:9,y:5,l:2,w:1},],
canvasWidth:10,
canvasHeight:10,
data:[{x:0,y:5,l:5,w:10},{x:0,y:0,l:5,w:9},{x:9,y:0,l:5,w:1},],
canvasWidth:10,
canvasHeight:10,
data:[{x:5,y:0,l:10,w:5},{x:0,y:0,l:10,w:5},],
canvasWidth:10,
canvasHeight:10,
data:[{x:0,y:5,l:5,w:6},{x:0,y:0,l:5,w:5},{x:6,y:4,l:6,w:4},{x:5,y:0,l:4,w:5},],
canvasWidth:10,
canvasHeight:10,
data:[{x:0,y:0,l:5,w:6},{x:6,y:0,l:7,w:4},{x:0,y:5,l:5,w:4},],
canvasWidth:10,
canvasHeight:10,
data:[{x:0,y:0,l:4,w:7},{x:6,y:4,l:6,w:4},{x:0,y:4,l:6,w:4},],
canvasWidth:10,
canvasHeight:10,
data:[{x:0,y:1,l:8,w:4},{x:4,y:1,l:6,w:4},{x:0,y:0,l:1,w:10},],
Best fit used bin number: 21
Found best solution: 21 0.046

   Statrt add columnAndCut col: 21 cons: 0 cut: 0	0.125

	1 Start Add column using column generation  col: 21 cons: 0 cut: 0	0.125
			Start solve  LP :0.125
			End solve LP obj: 21.0 t: 0
	1 End Add column using column generation : 21.0 col: 21 cons: 0 cut: 0	0.125
   End add columnAndCut : 21.0 colGencnt: 1 price: 0 col: 21 cons: 0 cut: 0	0.125

Node lb: 21.0 ub: 21 : 0.125

Final Found Solution: 21 genNode: 1 extendedNode: 0:0.125
Bin size: 100
1 : 80,18, : 98
2 : 72,7, : 79
3 : 70,24, : 94
4 : 70,15,4,3, : 92
5 : 64,18, : 82
6 : 56, : 56
7 : 56, : 56
8 : 54,40,5, : 99
9 : 54,28,4, : 86
10 : 49,24,12,10, : 95
11 : 48,40,12, : 100
12 : 42,28,27, : 97
13 : 42,20,16,12,6, : 96
14 : 42,40,12, : 94
15 : 63,5,4,2, : 74
16 : 50,45,5, : 100
17 : 50,50, : 100
18 : 30,25,24,20, : 99
19 : 30,28,20, : 78
20 : 28,24,24, : 76
21 : 32,24,10, : 66
----------------------- 1 ---------------------------
canvasWidth:10,
canvasHeight:10,
data:[{x:0,y:0,l:10,w:8},{x:8,y:0,l:9,w:2},],
----------------------- 2 ---------------------------
canvasWidth:10,
canvasHeight:10,
data:[{x:0,y:0,l:8,w:9},{x:9,y:0,l:7,w:1},],
----------------------- 3 ---------------------------
canvasWidth:10,
canvasHeight:10,
data:[{x:0,y:0,l:10,w:7},{x:7,y:0,l:8,w:3},],
----------------------- 4 ---------------------------
canvasWidth:10,
canvasHeight:10,
data:[{x:0,y:0,l:10,w:7},{x:7,y:0,l:5,w:3},{x:7,y:6,l:2,w:2},{x:7,y:5,l:1,w:3},],
----------------------- 5 ---------------------------
canvasWidth:10,
canvasHeight:10,
data:[{x:0,y:0,l:8,w:8},{x:8,y:0,l:9,w:2},],
----------------------- 6 ---------------------------
canvasWidth:10,
canvasHeight:10,
data:[{x:0,y:0,l:7,w:8},],
----------------------- 7 ---------------------------
canvasWidth:10,
canvasHeight:10,
data:[{x:0,y:0,l:7,w:8},],
----------------------- 8 ---------------------------
canvasWidth:10,
canvasHeight:10,
data:[{x:0,y:0,l:6,w:9},{x:0,y:6,l:4,w:10},{x:9,y:1,l:5,w:1},],
----------------------- 9 ---------------------------
canvasWidth:10,
canvasHeight:10,
data:[{x:0,y:0,l:6,w:9},{x:0,y:6,l:4,w:7},{x:9,y:0,l:4,w:1},],
----------------------- 10 ---------------------------
canvasWidth:10,
canvasHeight:10,
data:[{x:0,y:0,l:7,w:7},{x:0,y:7,l:3,w:8},{x:7,y:0,l:4,w:3},{x:8,y:4,l:5,w:2},],
----------------------- 11 ---------------------------
canvasWidth:10,
canvasHeight:10,
data:[{x:0,y:0,l:6,w:8},{x:0,y:6,l:4,w:10},{x:8,y:0,l:6,w:2},],
----------------------- 12 ---------------------------
canvasWidth:10,
canvasHeight:10,
data:[{x:0,y:0,l:6,w:7},{x:0,y:6,l:4,w:7},{x:7,y:0,l:9,w:3},],
----------------------- 13 ---------------------------
canvasWidth:10,
canvasHeight:10,
data:[{x:0,y:0,l:6,w:7},{x:0,y:8,l:2,w:10},{x:0,y:6,l:2,w:8},{x:8,y:2,l:6,w:2},{x:7,y:0,l:2,w:3},],
----------------------- 14 ---------------------------
canvasWidth:10,
canvasHeight:10,
data:[{x:0,y:0,l:7,w:6},{x:6,y:0,l:10,w:4},{x:0,y:7,l:3,w:4},],
----------------------- 15 ---------------------------
canvasWidth:10,
canvasHeight:10,
data:[{x:0,y:0,l:7,w:9},{x:9,y:0,l:5,w:1},{x:0,y:7,l:1,w:4},{x:9,y:5,l:2,w:1},],
----------------------- 16 ---------------------------
canvasWidth:10,
canvasHeight:10,
data:[{x:0,y:5,l:5,w:10},{x:0,y:0,l:5,w:9},{x:9,y:0,l:5,w:1},],
----------------------- 17 ---------------------------
canvasWidth:10,
canvasHeight:10,
data:[{x:5,y:0,l:10,w:5},{x:0,y:0,l:10,w:5},],
----------------------- 18 ---------------------------
canvasWidth:10,
canvasHeight:10,
data:[{x:0,y:5,l:5,w:6},{x:0,y:0,l:5,w:5},{x:6,y:4,l:6,w:4},{x:5,y:0,l:4,w:5},],
----------------------- 19 ---------------------------
canvasWidth:10,
canvasHeight:10,
data:[{x:0,y:0,l:5,w:6},{x:6,y:0,l:7,w:4},{x:0,y:5,l:5,w:4},],
----------------------- 20 ---------------------------
canvasWidth:10,
canvasHeight:10,
data:[{x:0,y:0,l:4,w:7},{x:6,y:4,l:6,w:4},{x:0,y:4,l:6,w:4},],
----------------------- 21 ---------------------------
canvasWidth:10,
canvasHeight:10,
data:[{x:0,y:1,l:8,w:4},{x:4,y:1,l:6,w:4},{x:0,y:0,l:1,w:10},],
