====================================== Class_03.2bp-26 =====================================
Reduced size: 60 usedBin: 0
[0, 30, 33, 45]
[1, 20, 22, 47, 58]
[2, 17, 27, 46]
[3, 18, 31, 39]
[4, 8, 42, 51, 57, 59]
[5, 16, 19, 48, 54]
[6, 25, 26, 34, 35, 49, 50, 52, 55]
[11, 13, 21, 37, 41, 43, 56]
[7, 12, 29, 32, 44]
[9, 15, 24, 28, 40, 53]
[10, 14, 23, 36, 38]
canvasWidth:40,
canvasHeight:40,
data:[{x:0,y:0,l:31,w:33},{x:33,y:0,l:21,w:7},{x:33,y:21,l:19,w:7},{x:0,y:31,l:2,w:31},],
canvasWidth:40,
canvasHeight:40,
data:[{x:0,y:0,l:30,w:32},{x:0,y:30,l:10,w:25},{x:32,y:0,l:26,w:8},{x:25,y:30,l:10,w:6},{x:31,y:30,l:6,w:1},],
canvasWidth:40,
canvasHeight:40,
data:[{x:0,y:0,l:28,w:33},{x:0,y:28,l:12,w:28},{x:33,y:13,l:27,w:7},{x:28,y:28,l:12,w:5},],
canvasWidth:40,
canvasHeight:40,
data:[{x:0,y:0,l:27,w:29},{x:31,y:0,l:34,w:9},{x:0,y:27,l:13,w:11},{x:11,y:27,l:8,w:13},],
canvasWidth:40,
canvasHeight:40,
data:[{x:0,y:0,l:35,w:21},{x:20,y:39,l:1,w:3},{x:21,y:0,l:34,w:19},{x:0,y:35,l:4,w:21},{x:21,y:34,l:3,w:10},{x:0,y:39,l:1,w:20},],
canvasWidth:40,
canvasHeight:40,
data:[{x:0,y:0,l:27,w:27},{x:0,y:29,l:11,w:32},{x:27,y:0,l:22,w:13},{x:32,y:23,l:17,w:3},{x:35,y:22,l:7,w:4},],
canvasWidth:40,
canvasHeight:40,
data:[{x:0,y:0,l:30,w:23},{x:23,y:0,l:24,w:8},{x:0,y:30,l:10,w:19},{x:31,y:0,l:14,w:9},{x:31,y:14,l:25,w:5},{x:19,y:30,l:10,w:4},{x:23,y:24,l:6,w:5},{x:28,y:24,l:14,w:2},{x:36,y:14,l:24,w:1},],
canvasWidth:40,
canvasHeight:40,
data:[{x:22,y:0,l:29,w:18},{x:0,y:0,l:22,w:22},{x:0,y:22,l:16,w:14},{x:14,y:22,l:14,w:8},{x:22,y:29,l:6,w:14},{x:14,y:36,l:3,w:22},{x:0,y:38,l:2,w:10},],
canvasWidth:40,
canvasHeight:40,
data:[{x:0,y:0,l:33,w:20},{x:20,y:0,l:27,w:18},{x:0,y:33,l:7,w:23},{x:23,y:32,l:8,w:17},{x:20,y:27,l:4,w:16},],
canvasWidth:40,
canvasHeight:40,
data:[{x:0,y:0,l:20,w:27},{x:0,y:20,l:14,w:29},{x:27,y:0,l:20,w:10},{x:0,y:34,l:6,w:30},{x:30,y:22,l:18,w:5},{x:35,y:33,l:7,w:4},],
canvasWidth:40,
canvasHeight:40,
data:[{x:0,y:0,l:15,w:28},{x:0,y:23,l:17,w:31},{x:0,y:15,l:8,w:25},{x:36,y:0,l:29,w:4},{x:28,y:0,l:18,w:6},],
Best fit used bin number: 11
Found best solution: 11 0.062

   Statrt add columnAndCut col: 11 cons: 0 cut: 0	0.141

	1 Start Add column using column generation  col: 11 cons: 0 cut: 0	0.141
			Start solve  LP :0.141
			End solve LP obj: 11.0 t: 0
	1 End Add column using column generation : 11.0 col: 11 cons: 0 cut: 0	0.141
   End add columnAndCut : 11.0 colGencnt: 1 price: 0 col: 11 cons: 0 cut: 0	0.141

Node lb: 11.0 ub: 11 : 0.141

Final Found Solution: 11 genNode: 1 extendedNode: 0:0.141
Bin size: 1600
1 : 1023,147,133,62, : 1365
2 : 960,250,208,60,6, : 1484
3 : 924,336,189,60, : 1509
4 : 783,306,143,104, : 1336
5 : 735,646,84,30,20,3, : 1518
6 : 729,352,286,51,28, : 1446
7 : 690,192,190,126,125,40,30,28,24, : 1445
8 : 522,484,224,112,84,66,20, : 1512
9 : 660,486,161,136,64, : 1507
10 : 540,406,200,180,90,28, : 1444
11 : 527,420,200,116,108, : 1371
----------------------- 1 ---------------------------
canvasWidth:40,
canvasHeight:40,
data:[{x:0,y:0,l:31,w:33},{x:33,y:0,l:21,w:7},{x:33,y:21,l:19,w:7},{x:0,y:31,l:2,w:31},],
----------------------- 2 ---------------------------
canvasWidth:40,
canvasHeight:40,
data:[{x:0,y:0,l:30,w:32},{x:0,y:30,l:10,w:25},{x:32,y:0,l:26,w:8},{x:25,y:30,l:10,w:6},{x:31,y:30,l:6,w:1},],
----------------------- 3 ---------------------------
canvasWidth:40,
canvasHeight:40,
data:[{x:0,y:0,l:28,w:33},{x:0,y:28,l:12,w:28},{x:33,y:13,l:27,w:7},{x:28,y:28,l:12,w:5},],
----------------------- 4 ---------------------------
canvasWidth:40,
canvasHeight:40,
data:[{x:0,y:0,l:27,w:29},{x:31,y:0,l:34,w:9},{x:0,y:27,l:13,w:11},{x:11,y:27,l:8,w:13},],
----------------------- 5 ---------------------------
canvasWidth:40,
canvasHeight:40,
data:[{x:0,y:0,l:35,w:21},{x:20,y:39,l:1,w:3},{x:21,y:0,l:34,w:19},{x:0,y:35,l:4,w:21},{x:21,y:34,l:3,w:10},{x:0,y:39,l:1,w:20},],
----------------------- 6 ---------------------------
canvasWidth:40,
canvasHeight:40,
data:[{x:0,y:0,l:27,w:27},{x:0,y:29,l:11,w:32},{x:27,y:0,l:22,w:13},{x:32,y:23,l:17,w:3},{x:35,y:22,l:7,w:4},],
----------------------- 7 ---------------------------
canvasWidth:40,
canvasHeight:40,
data:[{x:0,y:0,l:30,w:23},{x:23,y:0,l:24,w:8},{x:0,y:30,l:10,w:19},{x:31,y:0,l:14,w:9},{x:31,y:14,l:25,w:5},{x:19,y:30,l:10,w:4},{x:23,y:24,l:6,w:5},{x:28,y:24,l:14,w:2},{x:36,y:14,l:24,w:1},],
----------------------- 8 ---------------------------
canvasWidth:40,
canvasHeight:40,
data:[{x:22,y:0,l:29,w:18},{x:0,y:0,l:22,w:22},{x:0,y:22,l:16,w:14},{x:14,y:22,l:14,w:8},{x:22,y:29,l:6,w:14},{x:14,y:36,l:3,w:22},{x:0,y:38,l:2,w:10},],
----------------------- 9 ---------------------------
canvasWidth:40,
canvasHeight:40,
data:[{x:0,y:0,l:33,w:20},{x:20,y:0,l:27,w:18},{x:0,y:33,l:7,w:23},{x:23,y:32,l:8,w:17},{x:20,y:27,l:4,w:16},],
----------------------- 10 ---------------------------
canvasWidth:40,
canvasHeight:40,
data:[{x:0,y:0,l:20,w:27},{x:0,y:20,l:14,w:29},{x:27,y:0,l:20,w:10},{x:0,y:34,l:6,w:30},{x:30,y:22,l:18,w:5},{x:35,y:33,l:7,w:4},],
----------------------- 11 ---------------------------
canvasWidth:40,
canvasHeight:40,
data:[{x:0,y:0,l:15,w:28},{x:0,y:23,l:17,w:31},{x:0,y:15,l:8,w:25},{x:36,y:0,l:29,w:4},{x:28,y:0,l:18,w:6},],
