====================================== Class_06.2bp-49 =====================================
Reduced size: 100 usedBin: 0
[0, 1, 2, 3, 4, 11, 13, 22, 24, 38, 44, 50, 51, 56, 60, 66, 72, 73, 76, 78, 80, 81, 88, 91, 93, 96, 97]
[5, 6, 7, 8, 9, 10, 14, 18, 19, 32, 39, 59, 61, 69, 77, 82, 86, 87, 89, 90, 98]
[12, 15, 16, 17, 20, 21, 23, 26, 27, 28, 37, 43, 47, 52, 57, 58, 63, 64, 65, 67, 68, 71, 74, 75, 79, 83, 84, 85, 92, 94, 95]
[25, 29, 30, 31, 33, 34, 35, 36, 40, 41, 42, 45, 46, 48, 49, 53, 54, 55, 62, 70, 99]
canvasWidth:300,
canvasHeight:300,
data:[{x:0,y:0,l:100,w:98},{x:98,y:0,l:96,w:100},{x:198,y:0,l:83,w:94},{x:198,y:160,l:89,w:87},{x:0,y:164,l:91,w:85},{x:85,y:164,l:93,w:70},{x:0,y:100,l:64,w:98},{x:198,y:83,l:56,w:94},{x:98,y:101,l:63,w:80},{x:155,y:186,l:75,w:43},{x:98,y:257,l:43,w:57},{x:0,y:257,l:21,w:96},{x:198,y:139,l:21,w:94},{x:178,y:101,l:85,w:20},{x:0,y:278,l:21,w:78},{x:155,y:280,l:20,w:56},{x:288,y:160,l:91,w:9},{x:155,y:261,l:19,w:43},{x:292,y:0,l:89,w:8},{x:198,y:249,l:31,w:22},{x:155,y:164,l:22,w:23},{x:98,y:96,l:5,w:100},{x:297,y:113,l:98,w:3},{x:292,y:89,l:24,w:8},{x:10,y:255,l:2,w:75},{x:211,y:280,l:6,w:9},{x:97,y:257,l:43,w:1},],
canvasWidth:300,
canvasHeight:300,
data:[{x:0,y:0,l:87,w:85},{x:85,y:0,l:86,w:84},{x:169,y:0,l:75,w:93},{x:168,y:118,l:83,w:82},{x:0,y:158,l:88,w:76},{x:168,y:201,l:83,w:79},{x:0,y:87,l:71,w:85},{x:85,y:86,l:72,w:78},{x:76,y:163,l:83,w:66},{x:169,y:75,l:43,w:93},{x:262,y:36,l:91,w:34},{x:267,y:127,l:50,w:33},{x:148,y:158,l:94,w:15},{x:262,y:1,l:27,w:35},{x:250,y:118,l:57,w:12},{x:163,y:86,l:100,w:5},{x:76,y:158,l:5,w:72},{x:163,y:186,l:66,w:5},{x:262,y:28,l:8,w:35},{x:142,y:163,l:57,w:4},{x:262,y:0,l:1,w:36},],
canvasWidth:300,
canvasHeight:300,
data:[{x:0,y:0,l:73,w:86},{x:86,y:0,l:66,w:91},{x:177,y:0,l:90,w:65},{x:0,y:73,l:87,w:67},{x:114,y:90,l:82,w:66},{x:0,y:226,l:70,w:77},{x:130,y:205,l:89,w:59},{x:0,y:169,l:57,w:83},{x:180,y:90,l:82,w:57},{x:189,y:172,l:92,w:48},{x:237,y:115,l:53,w:61},{x:114,y:172,l:33,w:75},{x:242,y:3,l:42,w:54},{x:227,y:272,l:27,w:73},{x:242,y:45,l:70,w:24},{x:87,y:71,l:62,w:27},{x:103,y:205,l:50,w:27},{x:67,y:73,l:67,w:19},{x:97,y:133,l:72,w:17},{x:83,y:140,l:77,w:14},{x:237,y:168,l:17,w:59},{x:83,y:220,l:49,w:17},{x:137,y:71,l:19,w:40},{x:189,y:264,l:8,w:89},{x:0,y:160,l:9,w:67},{x:86,y:66,l:5,w:91},{x:114,y:71,l:19,w:23},{x:67,y:140,l:29,w:16},{x:242,y:0,l:3,w:55},{x:0,y:296,l:4,w:32},{x:83,y:217,l:3,w:19},],
canvasWidth:300,
canvasHeight:300,
data:[{x:0,y:0,l:58,w:84},{x:99,y:0,l:90,w:49},{x:148,y:0,l:84,w:48},{x:196,y:0,l:76,w:53},{x:196,y:76,l:69,w:57},{x:0,y:58,l:65,w:60},{x:253,y:0,l:81,w:47},{x:234,y:180,l:55,w:66},{x:81,y:153,l:40,w:69},{x:0,y:152,l:34,w:81},{x:0,y:123,l:29,w:90},{x:164,y:182,l:34,w:70},{x:162,y:84,l:69,w:34},{x:150,y:153,l:29,w:78},{x:253,y:81,l:50,w:44},{x:260,y:131,l:49,w:40},{x:107,y:119,l:34,w:55},{x:99,y:90,l:29,w:63},{x:60,y:58,l:44,w:32},{x:84,y:0,l:58,w:15},{x:60,y:102,l:1,w:31},],
Best fit used bin number: 4
Found best solution: 4 0.047

   Statrt add columnAndCut col: 4 cons: 0 cut: 0	0.125

	1 Start Add column using column generation  col: 4 cons: 0 cut: 0	0.125
			Start solve  LP :0.125
			End solve LP obj: 4.0 t: 0
	1 End Add column using column generation : 4.0 col: 4 cons: 0 cut: 0	0.125
   End add columnAndCut : 4.0 colGencnt: 1 price: 0 col: 4 cons: 0 cut: 0	0.125

Node lb: 4.0 ub: 4 : 0.125

Final Found Solution: 4 genNode: 1 extendedNode: 0:0.125
Bin size: 90000
1 : 9800,9600,7802,7743,7735,6510,6272,5264,5040,3225,2451,2016,1974,1700,1638,1120,819,817,712,682,506,500,294,192,150,54,43, : 84659
2 : 7395,7224,6975,6806,6688,6557,6035,5616,5478,3999,3094,1650,1410,945,684,500,360,330,280,228,36, : 72290
3 : 6278,6006,5850,5829,5412,5390,5251,4731,4674,4416,3233,2475,2268,1971,1680,1674,1350,1273,1224,1078,1003,833,760,712,603,464,455,437,165,128,57, : 77680
4 : 4872,4410,4032,4028,3933,3900,3807,3630,2760,2754,2610,2380,2346,2262,2200,1960,1870,1827,1408,870,31, : 57890
----------------------- 1 ---------------------------
canvasWidth:300,
canvasHeight:300,
data:[{x:0,y:0,l:100,w:98},{x:98,y:0,l:96,w:100},{x:198,y:0,l:83,w:94},{x:198,y:160,l:89,w:87},{x:0,y:164,l:91,w:85},{x:85,y:164,l:93,w:70},{x:0,y:100,l:64,w:98},{x:198,y:83,l:56,w:94},{x:98,y:101,l:63,w:80},{x:155,y:186,l:75,w:43},{x:98,y:257,l:43,w:57},{x:0,y:257,l:21,w:96},{x:198,y:139,l:21,w:94},{x:178,y:101,l:85,w:20},{x:0,y:278,l:21,w:78},{x:155,y:280,l:20,w:56},{x:288,y:160,l:91,w:9},{x:155,y:261,l:19,w:43},{x:292,y:0,l:89,w:8},{x:198,y:249,l:31,w:22},{x:155,y:164,l:22,w:23},{x:98,y:96,l:5,w:100},{x:297,y:113,l:98,w:3},{x:292,y:89,l:24,w:8},{x:10,y:255,l:2,w:75},{x:211,y:280,l:6,w:9},{x:97,y:257,l:43,w:1},],
----------------------- 2 ---------------------------
canvasWidth:300,
canvasHeight:300,
data:[{x:0,y:0,l:87,w:85},{x:85,y:0,l:86,w:84},{x:169,y:0,l:75,w:93},{x:168,y:118,l:83,w:82},{x:0,y:158,l:88,w:76},{x:168,y:201,l:83,w:79},{x:0,y:87,l:71,w:85},{x:85,y:86,l:72,w:78},{x:76,y:163,l:83,w:66},{x:169,y:75,l:43,w:93},{x:262,y:36,l:91,w:34},{x:267,y:127,l:50,w:33},{x:148,y:158,l:94,w:15},{x:262,y:1,l:27,w:35},{x:250,y:118,l:57,w:12},{x:163,y:86,l:100,w:5},{x:76,y:158,l:5,w:72},{x:163,y:186,l:66,w:5},{x:262,y:28,l:8,w:35},{x:142,y:163,l:57,w:4},{x:262,y:0,l:1,w:36},],
----------------------- 3 ---------------------------
canvasWidth:300,
canvasHeight:300,
data:[{x:0,y:0,l:73,w:86},{x:86,y:0,l:66,w:91},{x:177,y:0,l:90,w:65},{x:0,y:73,l:87,w:67},{x:114,y:90,l:82,w:66},{x:0,y:226,l:70,w:77},{x:130,y:205,l:89,w:59},{x:0,y:169,l:57,w:83},{x:180,y:90,l:82,w:57},{x:189,y:172,l:92,w:48},{x:237,y:115,l:53,w:61},{x:114,y:172,l:33,w:75},{x:242,y:3,l:42,w:54},{x:227,y:272,l:27,w:73},{x:242,y:45,l:70,w:24},{x:87,y:71,l:62,w:27},{x:103,y:205,l:50,w:27},{x:67,y:73,l:67,w:19},{x:97,y:133,l:72,w:17},{x:83,y:140,l:77,w:14},{x:237,y:168,l:17,w:59},{x:83,y:220,l:49,w:17},{x:137,y:71,l:19,w:40},{x:189,y:264,l:8,w:89},{x:0,y:160,l:9,w:67},{x:86,y:66,l:5,w:91},{x:114,y:71,l:19,w:23},{x:67,y:140,l:29,w:16},{x:242,y:0,l:3,w:55},{x:0,y:296,l:4,w:32},{x:83,y:217,l:3,w:19},],
----------------------- 4 ---------------------------
canvasWidth:300,
canvasHeight:300,
data:[{x:0,y:0,l:58,w:84},{x:99,y:0,l:90,w:49},{x:148,y:0,l:84,w:48},{x:196,y:0,l:76,w:53},{x:196,y:76,l:69,w:57},{x:0,y:58,l:65,w:60},{x:253,y:0,l:81,w:47},{x:234,y:180,l:55,w:66},{x:81,y:153,l:40,w:69},{x:0,y:152,l:34,w:81},{x:0,y:123,l:29,w:90},{x:164,y:182,l:34,w:70},{x:162,y:84,l:69,w:34},{x:150,y:153,l:29,w:78},{x:253,y:81,l:50,w:44},{x:260,y:131,l:49,w:40},{x:107,y:119,l:34,w:55},{x:99,y:90,l:29,w:63},{x:60,y:58,l:44,w:32},{x:84,y:0,l:58,w:15},{x:60,y:102,l:1,w:31},],
