====================================== Class_03.2bp-40 =====================================
Reduced size: 100 usedBin: 0
E:\WSKH\2DBPP\NonGuillotine\initSolution\3_41.pack
[0, 52, 57, 82, 90]
[2, 40, 59, 88]
[3, 41, 66, 84]
[4, 27, 39, 89, 93]
[5, 29, 62, 74, 75, 83]
[6, 14, 60, 65]
[7, 35, 42, 50]
[9, 13, 51, 69]
[10, 23, 32, 64, 87]
[1, 44, 76, 78, 85]
[12, 30, 49, 53, 81, 92]
[15, 31, 43, 47, 54, 94]
[17, 25, 34, 71, 73]
[20, 21, 37, 56, 58]
[11, 24, 38, 67, 91]
[8, 36, 45, 61, 79]
[16, 33, 48, 68, 70, 77, 96]
[19, 22, 28, 72, 80, 95, 97, 98, 99]
[18, 26, 46, 55, 63, 86]
canvasWidth:40,
canvasHeight:40,
data:[{x:0,y:0,l:33,w:33},{x:33,y:0,l:28,w:7},{x:0,y:33,l:7,w:25},{x:25,y:33,l:7,w:11},{x:36,y:28,l:11,w:4},],
canvasWidth:40,
canvasHeight:40,
data:[{x:0,y:0,l:29,w:34},{x:0,y:29,l:9,w:31},{x:34,y:0,l:28,w:6},{x:31,y:32,l:8,w:6},],
canvasWidth:40,
canvasHeight:40,
data:[{x:0,y:0,l:32,w:30},{x:0,y:32,l:8,w:34},{x:34,y:7,l:33,w:4},{x:30,y:0,l:7,w:10},],
canvasWidth:40,
canvasHeight:40,
data:[{x:0,y:0,l:26,w:31},{x:0,y:26,l:12,w:31},{x:31,y:0,l:32,w:9},{x:0,y:38,l:2,w:23},{x:31,y:32,l:3,w:9},],
canvasWidth:40,
canvasHeight:40,
data:[{x:0,y:0,l:25,w:29},{x:0,y:25,l:12,w:29},{x:29,y:0,l:14,w:11},{x:29,y:14,l:11,w:10},{x:29,y:25,l:12,w:9},{x:0,y:37,l:3,w:24},],
canvasWidth:40,
canvasHeight:40,
data:[{x:0,y:0,l:21,w:34},{x:0,y:21,l:19,w:31},{x:31,y:22,l:18,w:9},{x:34,y:0,l:22,w:6},],
canvasWidth:40,
canvasHeight:40,
data:[{x:0,y:0,l:23,w:31},{x:0,y:32,l:8,w:33},{x:31,y:0,l:23,w:9},{x:0,y:23,l:9,w:35},],
canvasWidth:40,
canvasHeight:40,
data:[{x:0,y:0,l:21,w:32},{x:0,y:21,l:19,w:32},{x:32,y:0,l:25,w:8},{x:32,y:25,l:15,w:8},],
canvasWidth:40,
canvasHeight:40,
data:[{x:0,y:0,l:27,w:24},{x:0,y:27,l:13,w:32},{x:24,y:0,l:27,w:12},{x:36,y:0,l:34,w:4},{x:32,y:27,l:13,w:4},],
canvasWidth:40,
canvasHeight:40,
data:[{x:0,y:0,l:32,w:33},{x:0,y:32,l:8,w:31},{x:33,y:0,l:23,w:4},{x:37,y:0,l:28,w:3},{x:33,y:28,l:10,w:7},],
canvasWidth:40,
canvasHeight:40,
data:[{x:0,y:0,l:29,w:21},{x:28,y:11,l:29,w:12},{x:21,y:0,l:11,w:19},{x:0,y:29,l:9,w:21},{x:21,y:11,l:13,w:6},{x:22,y:24,l:6,w:6},],
canvasWidth:40,
canvasHeight:40,
data:[{x:0,y:0,l:24,w:22},{x:0,y:24,l:15,w:22},{x:22,y:0,l:14,w:18},{x:22,y:14,l:25,w:9},{x:31,y:14,l:21,w:9},{x:17,y:39,l:1,w:23},],
canvasWidth:40,
canvasHeight:40,
data:[{x:0,y:0,l:23,w:22},{x:22,y:0,l:23,w:17},{x:0,y:23,l:9,w:35},{x:0,y:32,l:4,w:29},{x:0,y:36,l:4,w:28},],
canvasWidth:40,
canvasHeight:40,
data:[{x:0,y:0,l:21,w:22},{x:22,y:0,l:34,w:13},{x:0,y:21,l:14,w:21},{x:0,y:35,l:5,w:35},{x:35,y:0,l:34,w:5},],
canvasWidth:40,
canvasHeight:40,
data:[{x:0,y:0,l:24,w:26},{x:26,y:0,l:29,w:14},{x:0,y:24,l:12,w:24},{x:0,y:36,l:4,w:32},{x:26,y:29,l:3,w:14},],
canvasWidth:40,
canvasHeight:40,
data:[{x:0,y:0,l:35,w:20},{x:20,y:0,l:15,w:20},{x:20,y:15,l:19,w:13},{x:0,y:35,l:5,w:32},{x:33,y:15,l:21,w:4},],
canvasWidth:40,
canvasHeight:40,
data:[{x:0,y:0,l:30,w:17},{x:17,y:0,l:14,w:23},{x:17,y:14,l:13,w:17},{x:0,y:30,l:10,w:9},{x:9,y:30,l:10,w:12},{x:34,y:14,l:24,w:5},{x:21,y:38,l:1,w:15},],
canvasWidth:40,
canvasHeight:40,
data:[{x:0,y:19,l:14,w:25},{x:0,y:0,l:19,w:25},{x:25,y:0,l:34,w:13},{x:7,y:34,l:6,w:19},{x:27,y:34,l:6,w:13},{x:8,y:33,l:1,w:17},{x:0,y:33,l:7,w:2},{x:2,y:33,l:2,w:5},{x:38,y:0,l:3,w:1},],
canvasWidth:40,
canvasHeight:40,
data:[{x:0,y:20,l:16,w:24},{x:0,y:0,l:20,w:24},{x:24,y:0,l:19,w:12},{x:24,y:19,l:14,w:13},{x:0,y:36,l:4,w:35},{x:36,y:0,l:14,w:4},],
Best fit used bin number: 19
Found best solution: 19 0.062

   Statrt add columnAndCut col: 19 cons: 0 cut: 0	0.14

	1 Start Add column using column generation  col: 19 cons: 0 cut: 0	0.14
			Start solve  LP :0.14
			End solve LP obj: 19.0 t: 0
	1 End Add column using column generation : 19.0 col: 19 cons: 0 cut: 0	0.14
   End add columnAndCut : 19.0 colGencnt: 1 price: 0 col: 19 cons: 0 cut: 0	0.14

Node lb: 19.0 ub: 19 : 0.14

Final Found Solution: 19 genNode: 1 extendedNode: 0:0.14
Bin size: 1600
1 : 1089,196,175,77,44, : 1581
2 : 986,279,168,48, : 1481
3 : 960,272,132,70, : 1434
4 : 806,372,288,46,27, : 1539
5 : 725,348,154,110,108,72, : 1517
6 : 714,589,162,132, : 1597
7 : 713,315,264,207, : 1499
8 : 672,608,200,120, : 1600
9 : 648,416,324,136,52, : 1576
10 : 1056,248,92,84,70, : 1550
11 : 609,348,209,189,78,36, : 1469
12 : 528,330,252,225,189,23, : 1547
13 : 506,391,315,116,112, : 1440
14 : 462,442,294,175,170, : 1543
15 : 624,406,288,128,42, : 1488
16 : 700,300,247,160,84, : 1491
17 : 510,322,221,120,120,90,15, : 1398
18 : 475,442,350,114,78,17,14,10,3, : 1503
19 : 480,384,228,182,140,56, : 1470
----------------------- 1 ---------------------------
canvasWidth:40,
canvasHeight:40,
data:[{x:0,y:0,l:33,w:33},{x:33,y:0,l:28,w:7},{x:0,y:33,l:7,w:25},{x:25,y:33,l:7,w:11},{x:36,y:28,l:11,w:4},],
----------------------- 2 ---------------------------
canvasWidth:40,
canvasHeight:40,
data:[{x:0,y:0,l:29,w:34},{x:0,y:29,l:9,w:31},{x:34,y:0,l:28,w:6},{x:31,y:32,l:8,w:6},],
----------------------- 3 ---------------------------
canvasWidth:40,
canvasHeight:40,
data:[{x:0,y:0,l:32,w:30},{x:0,y:32,l:8,w:34},{x:34,y:7,l:33,w:4},{x:30,y:0,l:7,w:10},],
----------------------- 4 ---------------------------
canvasWidth:40,
canvasHeight:40,
data:[{x:0,y:0,l:26,w:31},{x:0,y:26,l:12,w:31},{x:31,y:0,l:32,w:9},{x:0,y:38,l:2,w:23},{x:31,y:32,l:3,w:9},],
----------------------- 5 ---------------------------
canvasWidth:40,
canvasHeight:40,
data:[{x:0,y:0,l:25,w:29},{x:0,y:25,l:12,w:29},{x:29,y:0,l:14,w:11},{x:29,y:14,l:11,w:10},{x:29,y:25,l:12,w:9},{x:0,y:37,l:3,w:24},],
----------------------- 6 ---------------------------
canvasWidth:40,
canvasHeight:40,
data:[{x:0,y:0,l:21,w:34},{x:0,y:21,l:19,w:31},{x:31,y:22,l:18,w:9},{x:34,y:0,l:22,w:6},],
----------------------- 7 ---------------------------
canvasWidth:40,
canvasHeight:40,
data:[{x:0,y:0,l:23,w:31},{x:0,y:32,l:8,w:33},{x:31,y:0,l:23,w:9},{x:0,y:23,l:9,w:35},],
----------------------- 8 ---------------------------
canvasWidth:40,
canvasHeight:40,
data:[{x:0,y:0,l:21,w:32},{x:0,y:21,l:19,w:32},{x:32,y:0,l:25,w:8},{x:32,y:25,l:15,w:8},],
----------------------- 9 ---------------------------
canvasWidth:40,
canvasHeight:40,
data:[{x:0,y:0,l:27,w:24},{x:0,y:27,l:13,w:32},{x:24,y:0,l:27,w:12},{x:36,y:0,l:34,w:4},{x:32,y:27,l:13,w:4},],
----------------------- 10 ---------------------------
canvasWidth:40,
canvasHeight:40,
data:[{x:0,y:0,l:32,w:33},{x:0,y:32,l:8,w:31},{x:33,y:0,l:23,w:4},{x:37,y:0,l:28,w:3},{x:33,y:28,l:10,w:7},],
----------------------- 11 ---------------------------
canvasWidth:40,
canvasHeight:40,
data:[{x:0,y:0,l:29,w:21},{x:28,y:11,l:29,w:12},{x:21,y:0,l:11,w:19},{x:0,y:29,l:9,w:21},{x:21,y:11,l:13,w:6},{x:22,y:24,l:6,w:6},],
----------------------- 12 ---------------------------
canvasWidth:40,
canvasHeight:40,
data:[{x:0,y:0,l:24,w:22},{x:0,y:24,l:15,w:22},{x:22,y:0,l:14,w:18},{x:22,y:14,l:25,w:9},{x:31,y:14,l:21,w:9},{x:17,y:39,l:1,w:23},],
----------------------- 13 ---------------------------
canvasWidth:40,
canvasHeight:40,
data:[{x:0,y:0,l:23,w:22},{x:22,y:0,l:23,w:17},{x:0,y:23,l:9,w:35},{x:0,y:32,l:4,w:29},{x:0,y:36,l:4,w:28},],
----------------------- 14 ---------------------------
canvasWidth:40,
canvasHeight:40,
data:[{x:0,y:0,l:21,w:22},{x:22,y:0,l:34,w:13},{x:0,y:21,l:14,w:21},{x:0,y:35,l:5,w:35},{x:35,y:0,l:34,w:5},],
----------------------- 15 ---------------------------
canvasWidth:40,
canvasHeight:40,
data:[{x:0,y:0,l:24,w:26},{x:26,y:0,l:29,w:14},{x:0,y:24,l:12,w:24},{x:0,y:36,l:4,w:32},{x:26,y:29,l:3,w:14},],
----------------------- 16 ---------------------------
canvasWidth:40,
canvasHeight:40,
data:[{x:0,y:0,l:35,w:20},{x:20,y:0,l:15,w:20},{x:20,y:15,l:19,w:13},{x:0,y:35,l:5,w:32},{x:33,y:15,l:21,w:4},],
----------------------- 17 ---------------------------
canvasWidth:40,
canvasHeight:40,
data:[{x:0,y:0,l:30,w:17},{x:17,y:0,l:14,w:23},{x:17,y:14,l:13,w:17},{x:0,y:30,l:10,w:9},{x:9,y:30,l:10,w:12},{x:34,y:14,l:24,w:5},{x:21,y:38,l:1,w:15},],
----------------------- 18 ---------------------------
canvasWidth:40,
canvasHeight:40,
data:[{x:0,y:19,l:14,w:25},{x:0,y:0,l:19,w:25},{x:25,y:0,l:34,w:13},{x:7,y:34,l:6,w:19},{x:27,y:34,l:6,w:13},{x:8,y:33,l:1,w:17},{x:0,y:33,l:7,w:2},{x:2,y:33,l:2,w:5},{x:38,y:0,l:3,w:1},],
----------------------- 19 ---------------------------
canvasWidth:40,
canvasHeight:40,
data:[{x:0,y:20,l:16,w:24},{x:0,y:0,l:20,w:24},{x:24,y:0,l:19,w:12},{x:24,y:19,l:14,w:13},{x:0,y:36,l:4,w:35},{x:36,y:0,l:14,w:4},],
