====================================== Class_07.2bp-25 =====================================
Reduced size: 60 usedBin: 0
[0, 48, 56, 57, 58]
[1, 26, 54]
[2, 14]
[4, 9]
[3, 23, 33, 50, 53, 59]
[6, 18, 32, 43]
[7, 8, 31]
[10, 21, 22, 46]
[11, 12, 39, 55]
[13, 15, 19]
[16, 17, 41, 45, 49]
[20, 24, 28, 42]
[25, 27, 29, 36, 40]
[30, 34, 35, 38, 44, 52]
[5, 37, 47, 51]
canvasWidth:100,
canvasHeight:100,
data:[{x:0,y:0,l:69,w:91},{x:91,y:0,l:71,w:9},{x:15,y:69,l:2,w:76},{x:0,y:69,l:10,w:15},{x:15,y:71,l:2,w:74},],
canvasWidth:100,
canvasHeight:100,
data:[{x:0,y:0,l:72,w:79},{x:79,y:0,l:96,w:21},{x:0,y:72,l:28,w:14},],
canvasWidth:100,
canvasHeight:100,
data:[{x:0,y:0,l:76,w:68},{x:68,y:0,l:98,w:32},],
canvasWidth:100,
canvasHeight:100,
data:[{x:0,y:0,l:71,w:59},{x:59,y:0,l:83,w:41},],
canvasWidth:100,
canvasHeight:100,
data:[{x:0,y:0,l:87,w:49},{x:67,y:0,l:84,w:6},{x:73,y:0,l:80,w:27},{x:49,y:0,l:87,w:18},{x:67,y:84,l:14,w:30},{x:73,y:80,l:4,w:24},],
canvasWidth:100,
canvasHeight:100,
data:[{x:0,y:0,l:81,w:45},{x:45,y:0,l:81,w:34},{x:79,y:0,l:75,w:21},{x:0,y:81,l:19,w:44},],
canvasWidth:100,
canvasHeight:100,
data:[{x:0,y:0,l:95,w:38},{x:38,y:0,l:79,w:44},{x:82,y:0,l:90,w:18},],
canvasWidth:100,
canvasHeight:100,
data:[{x:0,y:0,l:84,w:40},{x:40,y:0,l:84,w:30},{x:70,y:0,l:98,w:23},{x:93,y:0,l:92,w:7},],
canvasWidth:100,
canvasHeight:100,
data:[{x:0,y:0,l:68,w:49},{x:49,y:0,l:94,w:35},{x:84,y:0,l:91,w:11},{x:98,y:0,l:96,w:2},],
canvasWidth:100,
canvasHeight:100,
data:[{x:0,y:0,l:85,w:37},{x:37,y:0,l:88,w:35},{x:72,y:0,l:98,w:28},],
canvasWidth:100,
canvasHeight:100,
data:[{x:0,y:0,l:73,w:42},{x:65,y:0,l:98,w:29},{x:42,y:0,l:73,w:13},{x:55,y:0,l:73,w:10},{x:94,y:0,l:91,w:6},],
canvasWidth:100,
canvasHeight:100,
data:[{x:0,y:0,l:72,w:38},{x:51,y:0,l:74,w:29},{x:80,y:0,l:93,w:20},{x:38,y:0,l:72,w:13},],
canvasWidth:100,
canvasHeight:100,
data:[{x:0,y:0,l:89,w:24},{x:24,y:0,l:48,w:41},{x:65,y:0,l:82,w:20},{x:85,y:0,l:96,w:15},{x:24,y:48,l:41,w:24},],
canvasWidth:100,
canvasHeight:100,
data:[{x:0,y:0,l:81,w:20},{x:20,y:0,l:71,w:22},{x:59,y:0,l:80,w:19},{x:42,y:0,l:71,w:17},{x:78,y:0,l:80,w:10},{x:88,y:0,l:38,w:12},],
canvasWidth:100,
canvasHeight:100,
data:[{x:0,y:0,l:83,w:17},{x:17,y:0,l:80,w:8},{x:25,y:0,l:97,w:43},{x:68,y:0,l:76,w:6},],
Best fit used bin number: 15
Found best solution: 15 0.078

   Statrt add columnAndCut col: 15 cons: 0 cut: 0	0.141

	1 Start Add column using column generation  col: 15 cons: 0 cut: 0	0.141
			Start solve  LP :0.141
			End solve LP obj: 15.0 t: 16
	1 End Add column using column generation : 15.0 col: 15 cons: 0 cut: 0	0.157
   End add columnAndCut : 15.0 colGencnt: 1 price: 0 col: 15 cons: 0 cut: 0	0.157

Node lb: 15.0 ub: 15 : 0.157

Final Found Solution: 15 genNode: 1 extendedNode: 0:0.157
Bin size: 10000
1 : 6279,639,152,150,148, : 7368
2 : 5688,2016,392, : 8096
3 : 5168,3136, : 8304
4 : 4189,3403, : 7592
5 : 4263,2160,1566,504,420,96, : 9009
6 : 3645,2754,1575,836, : 8810
7 : 3610,3476,1620, : 8706
8 : 3360,2520,2254,644, : 8778
9 : 3332,3290,1001,192, : 7815
10 : 3145,3080,2744, : 8969
11 : 3066,2842,949,730,546, : 8133
12 : 2736,2146,1860,936, : 7678
13 : 2136,1968,1640,1440,984, : 8168
14 : 1620,1562,1520,1207,800,456, : 7165
15 : 4171,1411,640,456, : 6678
----------------------- 1 ---------------------------
canvasWidth:100,
canvasHeight:100,
data:[{x:0,y:0,l:69,w:91},{x:91,y:0,l:71,w:9},{x:15,y:69,l:2,w:76},{x:0,y:69,l:10,w:15},{x:15,y:71,l:2,w:74},],
----------------------- 2 ---------------------------
canvasWidth:100,
canvasHeight:100,
data:[{x:0,y:0,l:72,w:79},{x:79,y:0,l:96,w:21},{x:0,y:72,l:28,w:14},],
----------------------- 3 ---------------------------
canvasWidth:100,
canvasHeight:100,
data:[{x:0,y:0,l:76,w:68},{x:68,y:0,l:98,w:32},],
----------------------- 4 ---------------------------
canvasWidth:100,
canvasHeight:100,
data:[{x:0,y:0,l:71,w:59},{x:59,y:0,l:83,w:41},],
----------------------- 5 ---------------------------
canvasWidth:100,
canvasHeight:100,
data:[{x:0,y:0,l:87,w:49},{x:67,y:0,l:84,w:6},{x:73,y:0,l:80,w:27},{x:49,y:0,l:87,w:18},{x:67,y:84,l:14,w:30},{x:73,y:80,l:4,w:24},],
----------------------- 6 ---------------------------
canvasWidth:100,
canvasHeight:100,
data:[{x:0,y:0,l:81,w:45},{x:45,y:0,l:81,w:34},{x:79,y:0,l:75,w:21},{x:0,y:81,l:19,w:44},],
----------------------- 7 ---------------------------
canvasWidth:100,
canvasHeight:100,
data:[{x:0,y:0,l:95,w:38},{x:38,y:0,l:79,w:44},{x:82,y:0,l:90,w:18},],
----------------------- 8 ---------------------------
canvasWidth:100,
canvasHeight:100,
data:[{x:0,y:0,l:84,w:40},{x:40,y:0,l:84,w:30},{x:70,y:0,l:98,w:23},{x:93,y:0,l:92,w:7},],
----------------------- 9 ---------------------------
canvasWidth:100,
canvasHeight:100,
data:[{x:0,y:0,l:68,w:49},{x:49,y:0,l:94,w:35},{x:84,y:0,l:91,w:11},{x:98,y:0,l:96,w:2},],
----------------------- 10 ---------------------------
canvasWidth:100,
canvasHeight:100,
data:[{x:0,y:0,l:85,w:37},{x:37,y:0,l:88,w:35},{x:72,y:0,l:98,w:28},],
----------------------- 11 ---------------------------
canvasWidth:100,
canvasHeight:100,
data:[{x:0,y:0,l:73,w:42},{x:65,y:0,l:98,w:29},{x:42,y:0,l:73,w:13},{x:55,y:0,l:73,w:10},{x:94,y:0,l:91,w:6},],
----------------------- 12 ---------------------------
canvasWidth:100,
canvasHeight:100,
data:[{x:0,y:0,l:72,w:38},{x:51,y:0,l:74,w:29},{x:80,y:0,l:93,w:20},{x:38,y:0,l:72,w:13},],
----------------------- 13 ---------------------------
canvasWidth:100,
canvasHeight:100,
data:[{x:0,y:0,l:89,w:24},{x:24,y:0,l:48,w:41},{x:65,y:0,l:82,w:20},{x:85,y:0,l:96,w:15},{x:24,y:48,l:41,w:24},],
----------------------- 14 ---------------------------
canvasWidth:100,
canvasHeight:100,
data:[{x:0,y:0,l:81,w:20},{x:20,y:0,l:71,w:22},{x:59,y:0,l:80,w:19},{x:42,y:0,l:71,w:17},{x:78,y:0,l:80,w:10},{x:88,y:0,l:38,w:12},],
----------------------- 15 ---------------------------
canvasWidth:100,
canvasHeight:100,
data:[{x:0,y:0,l:83,w:17},{x:17,y:0,l:80,w:8},{x:25,y:0,l:97,w:43},{x:68,y:0,l:76,w:6},],
