====================================== Class_01.2bp-1 =====================================
Reduced size: 20 usedBin: 0
E:\WSKH\2DBPP\NonGuillotine\initSolution\1_2.pack
[0, 7, 14, 18]
[1, 8, 13, 17, 19]
[2, 9, 10, 11, 15]
[5, 6, 16]
[3, 4, 12]
canvasWidth:10,
canvasHeight:10,
data:[{x:0,y:0,l:9,w:8},{x:8,y:0,l:10,w:2},{x:3,y:9,l:1,w:5},{x:0,y:9,l:1,w:3},],
canvasWidth:10,
canvasHeight:10,
data:[{x:0,y:0,l:9,w:7},{x:7,y:0,l:6,w:3},{x:8,y:6,l:4,w:2},{x:7,y:6,l:4,w:1},{x:6,y:9,l:1,w:1},],
canvasWidth:10,
canvasHeight:10,
data:[{x:0,y:0,l:6,w:8},{x:0,y:9,l:1,w:9},{x:8,y:0,l:9,w:2},{x:4,y:6,l:3,w:4},{x:0,y:6,l:2,w:2},],
canvasWidth:10,
canvasHeight:10,
data:[{x:0,y:0,l:3,w:10},{x:0,y:3,l:4,w:7},{x:7,y:3,l:2,w:2},],
canvasWidth:10,
canvasHeight:10,
data:[{x:0,y:0,l:9,w:5},{x:5,y:0,l:8,w:4},{x:0,y:9,l:1,w:9},],
Best fit used bin number: 5
Found best solution: 5 0.059

   Statrt add columnAndCut col: 5 cons: 0 cut: 0	0.138

	1 Start Add column using column generation  col: 5 cons: 0 cut: 0	0.138
			Start solve  LP :0.139
			End solve LP obj: 5.0 t: 2
	1 End Add column using column generation : 5.0 col: 5 cons: 0 cut: 0	0.141
   End add columnAndCut : 5.0 colGencnt: 1 price: 0 col: 5 cons: 0 cut: 0	0.141

Node lb: 5.0 ub: 5 : 0.141

Final Found Solution: 5 genNode: 1 extendedNode: 0:0.142
Bin size: 100
1 : 72,20,5,3, : 100
2 : 63,18,8,4,1, : 94
3 : 48,18,12,9,4, : 91
4 : 30,28,4, : 62
5 : 45,32,9, : 86
----------------------- 1 ---------------------------
canvasWidth:10,
canvasHeight:10,
data:[{x:0,y:0,l:9,w:8},{x:8,y:0,l:10,w:2},{x:3,y:9,l:1,w:5},{x:0,y:9,l:1,w:3},],
----------------------- 2 ---------------------------
canvasWidth:10,
canvasHeight:10,
data:[{x:0,y:0,l:9,w:7},{x:7,y:0,l:6,w:3},{x:8,y:6,l:4,w:2},{x:7,y:6,l:4,w:1},{x:6,y:9,l:1,w:1},],
----------------------- 3 ---------------------------
canvasWidth:10,
canvasHeight:10,
data:[{x:0,y:0,l:6,w:8},{x:0,y:9,l:1,w:9},{x:8,y:0,l:9,w:2},{x:4,y:6,l:3,w:4},{x:0,y:6,l:2,w:2},],
----------------------- 4 ---------------------------
canvasWidth:10,
canvasHeight:10,
data:[{x:0,y:0,l:3,w:10},{x:0,y:3,l:4,w:7},{x:7,y:3,l:2,w:2},],
----------------------- 5 ---------------------------
canvasWidth:10,
canvasHeight:10,
data:[{x:0,y:0,l:9,w:5},{x:5,y:0,l:8,w:4},{x:0,y:9,l:1,w:9},],
