====================================== Class_10.2bp-48 =====================================
Reduced size: 100 usedBin: 0
[0, 76, 86]
[1, 52, 64, 92, 93, 94]
[2, 49, 50]
[3, 46, 55, 56, 90]
[4, 24, 42, 63]
[5, 28, 35, 72, 81]
[6, 13, 77, 83, 85, 88, 91]
[7, 11, 59, 71, 98]
[9, 14, 17, 53, 84, 87]
[8, 20, 22, 61, 97]
[10, 16, 29, 65, 69, 70, 78, 99]
[12, 18, 26, 48, 54, 62]
[19, 31, 36, 38, 39, 47, 60, 68, 80]
[15, 32, 34, 44, 45, 58, 73, 75, 82, 89, 95, 96]
[23, 27, 30, 33, 40, 66, 67, 74, 79]
[21, 25, 37, 41, 43, 51, 57]
canvasWidth:100,
canvasHeight:100,
data:[{x:0,y:0,l:99,w:95},{x:95,y:0,l:72,w:3},{x:95,y:82,l:18,w:5},],
canvasWidth:100,
canvasHeight:100,
data:[{x:0,y:0,l:99,w:82},{x:82,y:0,l:50,w:18},{x:83,y:52,l:33,w:17},{x:82,y:52,l:48,w:1},{x:83,y:85,l:10,w:4},{x:82,y:50,l:2,w:18},],
canvasWidth:100,
canvasHeight:100,
data:[{x:0,y:0,l:99,w:77},{x:77,y:0,l:46,w:21},{x:77,y:46,l:45,w:21},],
canvasWidth:100,
canvasHeight:100,
data:[{x:84,y:0,l:33,w:2},{x:0,y:74,l:23,w:48},{x:48,y:77,l:23,w:37},{x:86,y:0,l:77,w:11},{x:0,y:0,l:74,w:84},],
canvasWidth:100,
canvasHeight:100,
data:[{x:0,y:0,l:61,w:100},{x:0,y:61,l:39,w:48},{x:48,y:61,l:37,w:33},{x:81,y:61,l:37,w:16},],
canvasWidth:100,
canvasHeight:100,
data:[{x:0,y:0,l:79,w:77},{x:77,y:0,l:76,w:23},{x:0,y:79,l:16,w:87},{x:0,y:97,l:3,w:93},{x:87,y:76,l:16,w:11},],
canvasWidth:100,
canvasHeight:100,
data:[{x:0,y:0,l:70,w:85},{x:0,y:70,l:30,w:98},{x:85,y:0,l:14,w:15},{x:85,y:14,l:21,w:6},{x:85,y:63,l:7,w:13},{x:85,y:35,l:19,w:4},{x:85,y:54,l:9,w:7},],
canvasWidth:100,
canvasHeight:100,
data:[{x:0,y:0,l:57,w:86},{x:0,y:57,l:43,w:80},{x:80,y:64,l:36,w:20},{x:86,y:0,l:36,w:9},{x:80,y:57,l:6,w:3},],
canvasWidth:100,
canvasHeight:100,
data:[{x:0,y:0,l:56,w:72},{x:72,y:0,l:94,w:28},{x:0,y:56,l:44,w:47},{x:47,y:56,l:39,w:23},{x:47,y:95,l:5,w:19},{x:70,y:94,l:3,w:26},],
canvasWidth:100,
canvasHeight:100,
data:[{x:0,y:0,l:48,w:87},{x:0,y:48,l:42,w:46},{x:46,y:48,l:46,w:41},{x:87,y:0,l:89,w:7},{x:0,y:90,l:1,w:22},],
canvasWidth:100,
canvasHeight:100,
data:[{x:0,y:0,l:42,w:93},{x:0,y:42,l:34,w:67},{x:0,y:78,l:22,w:74},{x:67,y:42,l:20,w:27},{x:67,y:62,l:12,w:30},{x:74,y:74,l:17,w:21},{x:93,y:0,l:27,w:7},{x:93,y:27,l:6,w:2},],
canvasWidth:100,
canvasHeight:100,
data:[{x:0,y:0,l:69,w:44},{x:44,y:0,l:49,w:42},{x:28,y:71,l:25,w:71},{x:44,y:49,l:22,w:46},{x:0,y:69,l:31,w:28},{x:91,y:0,l:67,w:9},],
canvasWidth:100,
canvasHeight:100,
data:[{x:0,y:0,l:35,w:38},{x:0,y:35,l:44,w:44},{x:0,y:80,l:20,w:79},{x:44,y:46,l:34,w:38},{x:38,y:0,l:33,w:38},{x:82,y:0,l:97,w:11},{x:93,y:0,l:96,w:7},{x:44,y:33,l:13,w:28},{x:76,y:0,l:30,w:6},],
canvasWidth:100,
canvasHeight:100,
data:[{x:0,y:0,l:79,w:32},{x:32,y:11,l:30,w:48},{x:32,y:41,l:45,w:31},{x:63,y:46,l:32,w:35},{x:0,y:79,l:21,w:8},{x:32,y:0,l:11,w:68},{x:80,y:11,l:12,w:20},{x:63,y:78,l:7,w:32},{x:8,y:86,l:14,w:80},{x:80,y:23,l:23,w:3},{x:83,y:23,l:3,w:8},{x:8,y:79,l:3,w:8},],
canvasWidth:100,
canvasHeight:100,
data:[{x:0,y:0,l:43,w:29},{x:29,y:0,l:43,w:41},{x:0,y:43,l:44,w:37},{x:70,y:0,l:47,w:30},{x:51,y:59,l:41,w:46},{x:0,y:90,l:10,w:50},{x:37,y:43,l:15,w:29},{x:37,y:58,l:30,w:8},{x:45,y:58,l:30,w:6},],
canvasWidth:100,
canvasHeight:100,
data:[{x:0,y:0,l:77,w:25},{x:25,y:0,l:44,w:41},{x:25,y:44,l:28,w:47},{x:66,y:0,l:41,w:30},{x:75,y:41,l:48,w:25},{x:40,y:72,l:26,w:35},{x:0,y:77,l:22,w:36},],
Best fit used bin number: 16
Found best solution: 16 0.057

   Statrt add columnAndCut col: 16 cons: 0 cut: 0	0.13

	1 Start Add column using column generation  col: 16 cons: 0 cut: 0	0.13
			Start solve  LP :0.13
			End solve LP obj: 16.0 t: 2
	1 End Add column using column generation : 16.0 col: 16 cons: 0 cut: 0	0.132
   End add columnAndCut : 16.0 colGencnt: 1 price: 0 col: 16 cons: 0 cut: 0	0.132

Node lb: 16.0 ub: 16 : 0.132

Final Found Solution: 16 genNode: 1 extendedNode: 0:0.132
Bin size: 10000
1 : 9405,216,90, : 9711
2 : 8118,900,561,48,40,36, : 9703
3 : 7623,966,945, : 9534
4 : 6216,1104,851,847,66, : 9084
5 : 6100,1872,1221,592, : 9785
6 : 6083,1748,1392,279,176, : 9678
7 : 5950,2940,210,126,91,76,63, : 9456
8 : 4902,3440,720,324,18, : 9404
9 : 4032,2632,2068,897,95,78, : 9802
10 : 4176,1932,1886,623,22, : 8639
11 : 3906,2278,1628,540,360,357,189,12, : 9270
12 : 3036,2058,1775,1012,868,603, : 9352
13 : 1936,1580,1330,1292,1254,1067,672,364,180, : 9675
14 : 2528,1440,1395,1120,1120,748,240,224,168,69,24,24, : 9100
15 : 1886,1763,1628,1410,1247,500,435,240,180, : 9289
16 : 1925,1804,1316,1230,1200,910,792, : 9177
----------------------- 1 ---------------------------
canvasWidth:100,
canvasHeight:100,
data:[{x:0,y:0,l:99,w:95},{x:95,y:0,l:72,w:3},{x:95,y:82,l:18,w:5},],
----------------------- 2 ---------------------------
canvasWidth:100,
canvasHeight:100,
data:[{x:0,y:0,l:99,w:82},{x:82,y:0,l:50,w:18},{x:83,y:52,l:33,w:17},{x:82,y:52,l:48,w:1},{x:83,y:85,l:10,w:4},{x:82,y:50,l:2,w:18},],
----------------------- 3 ---------------------------
canvasWidth:100,
canvasHeight:100,
data:[{x:0,y:0,l:99,w:77},{x:77,y:0,l:46,w:21},{x:77,y:46,l:45,w:21},],
----------------------- 4 ---------------------------
canvasWidth:100,
canvasHeight:100,
data:[{x:84,y:0,l:33,w:2},{x:0,y:74,l:23,w:48},{x:48,y:77,l:23,w:37},{x:86,y:0,l:77,w:11},{x:0,y:0,l:74,w:84},],
----------------------- 5 ---------------------------
canvasWidth:100,
canvasHeight:100,
data:[{x:0,y:0,l:61,w:100},{x:0,y:61,l:39,w:48},{x:48,y:61,l:37,w:33},{x:81,y:61,l:37,w:16},],
----------------------- 6 ---------------------------
canvasWidth:100,
canvasHeight:100,
data:[{x:0,y:0,l:79,w:77},{x:77,y:0,l:76,w:23},{x:0,y:79,l:16,w:87},{x:0,y:97,l:3,w:93},{x:87,y:76,l:16,w:11},],
----------------------- 7 ---------------------------
canvasWidth:100,
canvasHeight:100,
data:[{x:0,y:0,l:70,w:85},{x:0,y:70,l:30,w:98},{x:85,y:0,l:14,w:15},{x:85,y:14,l:21,w:6},{x:85,y:63,l:7,w:13},{x:85,y:35,l:19,w:4},{x:85,y:54,l:9,w:7},],
----------------------- 8 ---------------------------
canvasWidth:100,
canvasHeight:100,
data:[{x:0,y:0,l:57,w:86},{x:0,y:57,l:43,w:80},{x:80,y:64,l:36,w:20},{x:86,y:0,l:36,w:9},{x:80,y:57,l:6,w:3},],
----------------------- 9 ---------------------------
canvasWidth:100,
canvasHeight:100,
data:[{x:0,y:0,l:56,w:72},{x:72,y:0,l:94,w:28},{x:0,y:56,l:44,w:47},{x:47,y:56,l:39,w:23},{x:47,y:95,l:5,w:19},{x:70,y:94,l:3,w:26},],
----------------------- 10 ---------------------------
canvasWidth:100,
canvasHeight:100,
data:[{x:0,y:0,l:48,w:87},{x:0,y:48,l:42,w:46},{x:46,y:48,l:46,w:41},{x:87,y:0,l:89,w:7},{x:0,y:90,l:1,w:22},],
----------------------- 11 ---------------------------
canvasWidth:100,
canvasHeight:100,
data:[{x:0,y:0,l:42,w:93},{x:0,y:42,l:34,w:67},{x:0,y:78,l:22,w:74},{x:67,y:42,l:20,w:27},{x:67,y:62,l:12,w:30},{x:74,y:74,l:17,w:21},{x:93,y:0,l:27,w:7},{x:93,y:27,l:6,w:2},],
----------------------- 12 ---------------------------
canvasWidth:100,
canvasHeight:100,
data:[{x:0,y:0,l:69,w:44},{x:44,y:0,l:49,w:42},{x:28,y:71,l:25,w:71},{x:44,y:49,l:22,w:46},{x:0,y:69,l:31,w:28},{x:91,y:0,l:67,w:9},],
----------------------- 13 ---------------------------
canvasWidth:100,
canvasHeight:100,
data:[{x:0,y:0,l:35,w:38},{x:0,y:35,l:44,w:44},{x:0,y:80,l:20,w:79},{x:44,y:46,l:34,w:38},{x:38,y:0,l:33,w:38},{x:82,y:0,l:97,w:11},{x:93,y:0,l:96,w:7},{x:44,y:33,l:13,w:28},{x:76,y:0,l:30,w:6},],
----------------------- 14 ---------------------------
canvasWidth:100,
canvasHeight:100,
data:[{x:0,y:0,l:79,w:32},{x:32,y:11,l:30,w:48},{x:32,y:41,l:45,w:31},{x:63,y:46,l:32,w:35},{x:0,y:79,l:21,w:8},{x:32,y:0,l:11,w:68},{x:80,y:11,l:12,w:20},{x:63,y:78,l:7,w:32},{x:8,y:86,l:14,w:80},{x:80,y:23,l:23,w:3},{x:83,y:23,l:3,w:8},{x:8,y:79,l:3,w:8},],
----------------------- 15 ---------------------------
canvasWidth:100,
canvasHeight:100,
data:[{x:0,y:0,l:43,w:29},{x:29,y:0,l:43,w:41},{x:0,y:43,l:44,w:37},{x:70,y:0,l:47,w:30},{x:51,y:59,l:41,w:46},{x:0,y:90,l:10,w:50},{x:37,y:43,l:15,w:29},{x:37,y:58,l:30,w:8},{x:45,y:58,l:30,w:6},],
----------------------- 16 ---------------------------
canvasWidth:100,
canvasHeight:100,
data:[{x:0,y:0,l:77,w:25},{x:25,y:0,l:44,w:41},{x:25,y:44,l:28,w:47},{x:66,y:0,l:41,w:30},{x:75,y:41,l:48,w:25},{x:40,y:72,l:26,w:35},{x:0,y:77,l:22,w:36},],
