====================================== Class_04.2bp-48 =====================================
Reduced size: 100 usedBin: 0
[0, 1, 2, 3, 4, 5, 6, 7, 13, 42, 47, 49, 52, 55, 56, 90, 91, 93, 98, 99]
[8, 9, 10, 12, 14, 16, 21, 22, 23, 25, 26, 28, 34, 40, 41, 45, 46, 48, 53, 57, 69, 75, 77, 82, 86, 94, 95]
[11, 15, 17, 18, 19, 20, 24, 27, 30, 31, 32, 33, 35, 36, 37, 44, 50, 51, 54, 58, 59, 60, 62, 65, 70, 71, 72, 74, 76, 81, 88, 89, 96, 97]
[29, 38, 39, 43, 61, 63, 64, 66, 67, 68, 73, 78, 79, 80, 83, 84, 85, 87, 92]
canvasWidth:100,
canvasHeight:100,
data:[{x:0,y:0,l:33,w:34},{x:34,y:0,l:33,w:33},{x:0,y:33,l:35,w:29},{x:29,y:33,l:31,w:32},{x:61,y:33,l:34,w:29},{x:29,y:64,l:29,w:32},{x:61,y:67,l:33,w:28},{x:0,y:68,l:31,w:29},{x:67,y:0,l:21,w:33},{x:90,y:33,l:25,w:10},{x:90,y:58,l:22,w:10},{x:67,y:21,l:12,w:18},{x:29,y:93,l:7,w:27},{x:85,y:21,l:12,w:15},{x:89,y:80,l:20,w:9},{x:56,y:93,l:7,w:5},{x:98,y:80,l:16,w:2},{x:0,y:99,l:1,w:26},{x:89,y:67,l:8,w:1},{x:98,y:96,l:2,w:2},],
canvasWidth:100,
canvasHeight:100,
data:[{x:0,y:0,l:28,w:32},{x:0,y:28,l:25,w:35},{x:32,y:0,l:28,w:31},{x:78,y:68,l:32,w:22},{x:71,y:0,l:23,w:29},{x:0,y:68,l:5,w:16},{x:69,y:28,l:34,w:18},{x:35,y:28,l:16,w:34},{x:0,y:53,l:15,w:35},{x:87,y:27,l:35,w:13},{x:27,y:68,l:22,w:20},{x:0,y:73,l:27,w:16},{x:44,y:44,l:16,w:25},{x:53,y:81,l:19,w:17},{x:27,y:90,l:10,w:26},{x:70,y:68,l:32,w:8},{x:47,y:68,l:13,w:18},{x:63,y:0,l:28,w:8},{x:35,y:44,l:24,w:9},{x:69,y:62,l:6,w:31},{x:44,y:60,l:8,w:21},{x:71,y:23,l:4,w:29},{x:16,y:68,l:21,w:4},{x:65,y:66,l:15,w:4},{x:47,y:81,l:9,w:6},{x:65,y:60,l:6,w:4},{x:71,y:27,l:1,w:16},],
canvasWidth:100,
canvasHeight:100,
data:[{x:0,y:0,l:33,w:22},{x:22,y:0,l:29,w:21},{x:70,y:21,l:35,w:17},{x:70,y:56,l:35,w:17},{x:43,y:0,l:29,w:20},{x:38,y:29,l:30,w:15},{x:20,y:59,l:22,w:19},{x:39,y:59,l:20,w:19},{x:22,y:29,l:23,w:16},{x:0,y:73,l:18,w:20},{x:87,y:21,l:27,w:13},{x:0,y:33,l:14,w:22},{x:20,y:81,l:16,w:19},{x:39,y:79,l:21,w:14},{x:87,y:48,l:18,w:13},{x:53,y:29,l:12,w:17},{x:63,y:0,l:29,w:7},{x:0,y:91,l:9,w:20},{x:0,y:52,l:11,w:15},{x:15,y:52,l:7,w:23},{x:87,y:66,l:16,w:10},{x:0,y:63,l:10,w:15},{x:78,y:91,l:9,w:14},{x:0,y:47,l:5,w:22},{x:53,y:41,l:6,w:17},{x:53,y:47,l:12,w:8},{x:92,y:82,l:11,w:8},{x:53,y:79,l:21,w:4},{x:70,y:0,l:21,w:30},{x:15,y:59,l:14,w:5},{x:61,y:47,l:5,w:9},{x:87,y:82,l:9,w:5},{x:20,y:97,l:3,w:5},{x:97,y:66,l:5,w:2},],
canvasWidth:100,
canvasHeight:100,
data:[{x:0,y:0,l:15,w:26},{x:26,y:0,l:15,w:19},{x:53,y:0,l:35,w:8},{x:61,y:0,l:35,w:7},{x:68,y:0,l:6,w:26},{x:68,y:6,l:7,w:21},{x:89,y:6,l:28,w:5},{x:94,y:0,l:21,w:6},{x:69,y:34,l:4,w:31},{x:45,y:0,l:15,w:8},{x:68,y:16,l:5,w:18},{x:49,y:15,l:20,w:4},{x:0,y:15,l:3,w:25},{x:0,y:18,l:2,w:35},{x:68,y:13,l:3,w:20},{x:0,y:20,l:2,w:28},{x:68,y:23,l:4,w:14},{x:25,y:15,l:2,w:24},{x:68,y:21,l:2,w:15},],
Best fit used bin number: 4
Found best solution: 4 0.063

   Statrt add columnAndCut col: 4 cons: 0 cut: 0	0.141

	1 Start Add column using column generation  col: 4 cons: 0 cut: 0	0.141
			Start solve  LP :0.141
			End solve LP obj: 4.0 t: 0
	1 End Add column using column generation : 4.0 col: 4 cons: 0 cut: 0	0.141
   End add columnAndCut : 4.0 colGencnt: 1 price: 0 col: 4 cons: 0 cut: 0	0.141

Node lb: 4.0 ub: 4 : 0.141

Final Found Solution: 4 genNode: 1 extendedNode: 0:0.141
Bin size: 10000
1 : 1122,1089,1015,992,986,928,924,899,693,250,220,216,189,180,180,35,32,26,8,4, : 9988
2 : 896,875,868,704,667,612,544,525,455,440,432,400,323,260,256,234,224,216,186,168,116,84,80,60,54,24,16, : 9719
3 : 726,630,609,595,595,580,450,418,380,368,360,351,308,304,294,234,204,203,180,165,161,160,150,126,110,102,96,88,84,70,45,45,15,10, : 9216
4 : 390,285,280,245,156,147,140,126,124,120,90,80,75,70,60,56,56,48,30, : 2578
----------------------- 1 ---------------------------
canvasWidth:100,
canvasHeight:100,
data:[{x:0,y:0,l:33,w:34},{x:34,y:0,l:33,w:33},{x:0,y:33,l:35,w:29},{x:29,y:33,l:31,w:32},{x:61,y:33,l:34,w:29},{x:29,y:64,l:29,w:32},{x:61,y:67,l:33,w:28},{x:0,y:68,l:31,w:29},{x:67,y:0,l:21,w:33},{x:90,y:33,l:25,w:10},{x:90,y:58,l:22,w:10},{x:67,y:21,l:12,w:18},{x:29,y:93,l:7,w:27},{x:85,y:21,l:12,w:15},{x:89,y:80,l:20,w:9},{x:56,y:93,l:7,w:5},{x:98,y:80,l:16,w:2},{x:0,y:99,l:1,w:26},{x:89,y:67,l:8,w:1},{x:98,y:96,l:2,w:2},],
----------------------- 2 ---------------------------
canvasWidth:100,
canvasHeight:100,
data:[{x:0,y:0,l:28,w:32},{x:0,y:28,l:25,w:35},{x:32,y:0,l:28,w:31},{x:78,y:68,l:32,w:22},{x:71,y:0,l:23,w:29},{x:0,y:68,l:5,w:16},{x:69,y:28,l:34,w:18},{x:35,y:28,l:16,w:34},{x:0,y:53,l:15,w:35},{x:87,y:27,l:35,w:13},{x:27,y:68,l:22,w:20},{x:0,y:73,l:27,w:16},{x:44,y:44,l:16,w:25},{x:53,y:81,l:19,w:17},{x:27,y:90,l:10,w:26},{x:70,y:68,l:32,w:8},{x:47,y:68,l:13,w:18},{x:63,y:0,l:28,w:8},{x:35,y:44,l:24,w:9},{x:69,y:62,l:6,w:31},{x:44,y:60,l:8,w:21},{x:71,y:23,l:4,w:29},{x:16,y:68,l:21,w:4},{x:65,y:66,l:15,w:4},{x:47,y:81,l:9,w:6},{x:65,y:60,l:6,w:4},{x:71,y:27,l:1,w:16},],
----------------------- 3 ---------------------------
canvasWidth:100,
canvasHeight:100,
data:[{x:0,y:0,l:33,w:22},{x:22,y:0,l:29,w:21},{x:70,y:21,l:35,w:17},{x:70,y:56,l:35,w:17},{x:43,y:0,l:29,w:20},{x:38,y:29,l:30,w:15},{x:20,y:59,l:22,w:19},{x:39,y:59,l:20,w:19},{x:22,y:29,l:23,w:16},{x:0,y:73,l:18,w:20},{x:87,y:21,l:27,w:13},{x:0,y:33,l:14,w:22},{x:20,y:81,l:16,w:19},{x:39,y:79,l:21,w:14},{x:87,y:48,l:18,w:13},{x:53,y:29,l:12,w:17},{x:63,y:0,l:29,w:7},{x:0,y:91,l:9,w:20},{x:0,y:52,l:11,w:15},{x:15,y:52,l:7,w:23},{x:87,y:66,l:16,w:10},{x:0,y:63,l:10,w:15},{x:78,y:91,l:9,w:14},{x:0,y:47,l:5,w:22},{x:53,y:41,l:6,w:17},{x:53,y:47,l:12,w:8},{x:92,y:82,l:11,w:8},{x:53,y:79,l:21,w:4},{x:70,y:0,l:21,w:30},{x:15,y:59,l:14,w:5},{x:61,y:47,l:5,w:9},{x:87,y:82,l:9,w:5},{x:20,y:97,l:3,w:5},{x:97,y:66,l:5,w:2},],
----------------------- 4 ---------------------------
canvasWidth:100,
canvasHeight:100,
data:[{x:0,y:0,l:15,w:26},{x:26,y:0,l:15,w:19},{x:53,y:0,l:35,w:8},{x:61,y:0,l:35,w:7},{x:68,y:0,l:6,w:26},{x:68,y:6,l:7,w:21},{x:89,y:6,l:28,w:5},{x:94,y:0,l:21,w:6},{x:69,y:34,l:4,w:31},{x:45,y:0,l:15,w:8},{x:68,y:16,l:5,w:18},{x:49,y:15,l:20,w:4},{x:0,y:15,l:3,w:25},{x:0,y:18,l:2,w:35},{x:68,y:13,l:3,w:20},{x:0,y:20,l:2,w:28},{x:68,y:23,l:4,w:14},{x:25,y:15,l:2,w:24},{x:68,y:21,l:2,w:15},],
