====================================== Class_02.2bp-35 =====================================
Reduced size: 80 usedBin: 0
[0, 1, 2, 3, 4, 5, 8, 10, 12, 14, 24, 26, 28, 51, 57, 66, 68, 73, 77]
[6, 7, 9, 11, 13, 15, 16, 17, 19, 20, 21, 22, 23, 32, 34, 35, 46, 53, 56, 60, 61, 69, 70, 72]
[18, 25, 27, 29, 30, 31, 33, 36, 37, 38, 39, 40, 41, 42, 43, 44, 45, 47, 48, 49, 50, 52, 54, 55, 58, 59, 62, 63, 64, 65, 67, 71, 74, 75, 76, 78, 79]
canvasWidth:30,
canvasHeight:30,
data:[{x:0,y:0,l:8,w:10},{x:10,y:0,l:8,w:10},{x:0,y:8,l:10,w:8},{x:8,y:8,l:10,w:8},{x:16,y:8,l:10,w:8},{x:0,y:18,l:8,w:9},{x:17,y:18,l:10,w:7},{x:9,y:18,l:8,w:8},{x:20,y:0,l:6,w:10},{x:15,y:26,l:4,w:2},{x:24,y:8,l:7,w:6},{x:5,y:26,l:4,w:10},{x:24,y:15,l:6,w:6},{x:20,y:6,l:2,w:10},{x:1,y:26,l:4,w:4},{x:20,y:28,l:2,w:4},{x:24,y:21,l:9,w:6},{x:17,y:28,l:2,w:3},{x:0,y:26,l:4,w:1},],
canvasWidth:30,
canvasHeight:30,
data:[{x:0,y:0,l:9,w:8},{x:8,y:0,l:9,w:8},{x:0,y:9,l:8,w:8},{x:21,y:0,l:7,w:9},{x:0,y:17,l:7,w:8},{x:8,y:9,l:6,w:9},{x:8,y:20,l:10,w:5},{x:17,y:9,l:7,w:7},{x:23,y:23,l:7,w:7},{x:0,y:24,l:6,w:8},{x:8,y:15,l:5,w:9},{x:16,y:0,l:9,w:5},{x:17,y:19,l:9,w:5},{x:22,y:19,l:4,w:8},{x:24,y:9,l:5,w:6},{x:24,y:14,l:5,w:6},{x:17,y:16,l:3,w:7},{x:21,y:7,l:2,w:9},{x:15,y:20,l:8,w:2},{x:13,y:20,l:10,w:1},{x:14,y:20,l:10,w:1},{x:15,y:28,l:1,w:7},{x:22,y:23,l:7,w:1},{x:15,y:29,l:1,w:6},],
canvasWidth:30,
canvasHeight:30,
data:[{x:0,y:0,l:7,w:7},{x:0,y:7,l:6,w:7},{x:7,y:0,l:4,w:10},{x:0,y:13,l:5,w:7},{x:25,y:0,l:7,w:5},{x:17,y:0,l:4,w:8},{x:15,y:4,l:3,w:10},{x:3,y:21,l:7,w:4},{x:0,y:21,l:9,w:3},{x:7,y:7,l:5,w:5},{x:19,y:7,l:4,w:6},{x:7,y:12,l:6,w:4},{x:11,y:12,l:6,w:4},{x:15,y:12,l:8,w:3},{x:0,y:18,l:3,w:7},{x:7,y:19,l:7,w:3},{x:23,y:16,l:7,w:3},{x:26,y:16,l:7,w:3},{x:27,y:23,l:7,w:3},{x:19,y:12,l:2,w:10},{x:12,y:7,l:5,w:4},{x:18,y:14,l:6,w:3},{x:7,y:4,l:2,w:8},{x:25,y:7,l:4,w:4},{x:19,y:11,l:1,w:10},{x:16,y:7,l:5,w:2},{x:21,y:14,l:1,w:9},{x:21,y:15,l:1,w:9},{x:7,y:6,l:1,w:8},{x:7,y:18,l:1,w:8},{x:21,y:16,l:4,w:2},{x:29,y:7,l:7,w:1},{x:18,y:7,l:5,w:1},{x:3,y:28,l:1,w:4},{x:3,y:29,l:1,w:4},{x:12,y:19,l:1,w:3},{x:7,y:26,l:1,w:3},],
Best fit used bin number: 3
Found best solution: 3 0.062

   Statrt add columnAndCut col: 3 cons: 0 cut: 0	0.125

	1 Start Add column using column generation  col: 3 cons: 0 cut: 0	0.125
			Start solve  LP :0.125
			End solve LP obj: 3.0 t: 0
	1 End Add column using column generation : 3.0 col: 3 cons: 0 cut: 0	0.125
   End add columnAndCut : 3.0 colGencnt: 1 price: 0 col: 3 cons: 0 cut: 0	0.125

Node lb: 3.0 ub: 3 : 0.125

Final Found Solution: 3 genNode: 1 extendedNode: 0:0.125
Bin size: 900
1 : 80,80,80,80,80,72,70,64,60,54,42,40,36,20,16,8,8,6,4, : 900
2 : 72,72,64,63,56,54,50,49,49,48,45,45,45,32,30,30,21,18,16,10,10,7,7,6, : 899
3 : 49,42,40,35,35,32,30,28,27,25,24,24,24,24,21,21,21,21,21,20,20,18,16,16,10,10,9,9,8,8,8,7,5,4,4,3,3, : 722
----------------------- 1 ---------------------------
canvasWidth:30,
canvasHeight:30,
data:[{x:0,y:0,l:8,w:10},{x:10,y:0,l:8,w:10},{x:0,y:8,l:10,w:8},{x:8,y:8,l:10,w:8},{x:16,y:8,l:10,w:8},{x:0,y:18,l:8,w:9},{x:17,y:18,l:10,w:7},{x:9,y:18,l:8,w:8},{x:20,y:0,l:6,w:10},{x:15,y:26,l:4,w:2},{x:24,y:8,l:7,w:6},{x:5,y:26,l:4,w:10},{x:24,y:15,l:6,w:6},{x:20,y:6,l:2,w:10},{x:1,y:26,l:4,w:4},{x:20,y:28,l:2,w:4},{x:24,y:21,l:9,w:6},{x:17,y:28,l:2,w:3},{x:0,y:26,l:4,w:1},],
----------------------- 2 ---------------------------
canvasWidth:30,
canvasHeight:30,
data:[{x:0,y:0,l:9,w:8},{x:8,y:0,l:9,w:8},{x:0,y:9,l:8,w:8},{x:21,y:0,l:7,w:9},{x:0,y:17,l:7,w:8},{x:8,y:9,l:6,w:9},{x:8,y:20,l:10,w:5},{x:17,y:9,l:7,w:7},{x:23,y:23,l:7,w:7},{x:0,y:24,l:6,w:8},{x:8,y:15,l:5,w:9},{x:16,y:0,l:9,w:5},{x:17,y:19,l:9,w:5},{x:22,y:19,l:4,w:8},{x:24,y:9,l:5,w:6},{x:24,y:14,l:5,w:6},{x:17,y:16,l:3,w:7},{x:21,y:7,l:2,w:9},{x:15,y:20,l:8,w:2},{x:13,y:20,l:10,w:1},{x:14,y:20,l:10,w:1},{x:15,y:28,l:1,w:7},{x:22,y:23,l:7,w:1},{x:15,y:29,l:1,w:6},],
----------------------- 3 ---------------------------
canvasWidth:30,
canvasHeight:30,
data:[{x:0,y:0,l:7,w:7},{x:0,y:7,l:6,w:7},{x:7,y:0,l:4,w:10},{x:0,y:13,l:5,w:7},{x:25,y:0,l:7,w:5},{x:17,y:0,l:4,w:8},{x:15,y:4,l:3,w:10},{x:3,y:21,l:7,w:4},{x:0,y:21,l:9,w:3},{x:7,y:7,l:5,w:5},{x:19,y:7,l:4,w:6},{x:7,y:12,l:6,w:4},{x:11,y:12,l:6,w:4},{x:15,y:12,l:8,w:3},{x:0,y:18,l:3,w:7},{x:7,y:19,l:7,w:3},{x:23,y:16,l:7,w:3},{x:26,y:16,l:7,w:3},{x:27,y:23,l:7,w:3},{x:19,y:12,l:2,w:10},{x:12,y:7,l:5,w:4},{x:18,y:14,l:6,w:3},{x:7,y:4,l:2,w:8},{x:25,y:7,l:4,w:4},{x:19,y:11,l:1,w:10},{x:16,y:7,l:5,w:2},{x:21,y:14,l:1,w:9},{x:21,y:15,l:1,w:9},{x:7,y:6,l:1,w:8},{x:7,y:18,l:1,w:8},{x:21,y:16,l:4,w:2},{x:29,y:7,l:7,w:1},{x:18,y:7,l:5,w:1},{x:3,y:28,l:1,w:4},{x:3,y:29,l:1,w:4},{x:12,y:19,l:1,w:3},{x:7,y:26,l:1,w:3},],
