====================================== Class_06.2bp-45 =====================================
Reduced size: 100 usedBin: 0
[0, 1, 2, 4, 5, 9, 16, 19, 20, 28, 41, 51, 52, 56, 58, 62, 66, 72, 76, 77, 78, 80, 83, 89, 91, 95, 96, 97, 98]
[3, 6, 7, 8, 10, 11, 22, 26, 39, 40, 42, 45, 55, 61, 63, 65, 68, 70, 71, 73, 82, 84, 87, 88, 94]
[12, 13, 14, 15, 18, 24, 30, 31, 33, 35, 44, 48, 50, 75, 79, 85, 90]
[17, 21, 23, 25, 27, 29, 32, 34, 36, 37, 38, 43, 46, 47, 49, 53, 54, 57, 59, 60, 64, 67, 69, 74, 81, 86, 92, 93, 99]
canvasWidth:300,
canvasHeight:300,
data:[{x:0,y:0,l:94,w:91},{x:0,y:94,l:100,w:79},{x:0,y:194,l:78,w:99},{x:205,y:0,l:75,w:95},{x:219,y:103,l:96,w:71},{x:219,y:199,l:96,w:69},{x:91,y:0,l:94,w:59},{x:150,y:0,l:94,w:55},{x:138,y:103,l:63,w:81},{x:79,y:94,l:72,w:59},{x:205,y:75,l:28,w:95},{x:79,y:166,l:28,w:79},{x:157,y:228,l:65,w:33},{x:99,y:194,l:34,w:59},{x:158,y:166,l:32,w:61},{x:99,y:228,l:44,w:42},{x:190,y:204,l:96,w:15},{x:141,y:228,l:72,w:16},{x:0,y:280,l:10,w:97},{x:205,y:204,l:57,w:14},{x:0,y:272,l:8,w:98},{x:158,y:204,l:24,w:32},{x:138,y:94,l:9,w:67},{x:290,y:103,l:43,w:9},{x:158,y:198,l:6,w:61},{x:290,y:146,l:21,w:7},{x:288,y:199,l:71,w:2},{x:205,y:261,l:10,w:13},{x:290,y:167,l:11,w:5},],
canvasWidth:300,
canvasHeight:300,
data:[{x:0,y:0,l:78,w:96},{x:108,y:0,l:85,w:80},{x:188,y:0,l:77,w:88},{x:0,y:99,l:74,w:90},{x:108,y:116,l:87,w:74},{x:0,y:203,l:97,w:66},{x:216,y:77,l:47,w:56},{x:216,y:124,l:90,w:55},{x:106,y:203,l:97,w:46},{x:182,y:116,l:83,w:34},{x:0,y:173,l:30,w:90},{x:108,y:85,l:31,w:80},{x:0,y:78,l:21,w:96},{x:276,y:55,l:88,w:21},{x:152,y:203,l:55,w:30},{x:66,y:203,l:67,w:23},{x:90,y:162,l:89,w:16},{x:276,y:0,l:55,w:24},{x:96,y:0,l:99,w:12},{x:188,y:77,l:39,w:28},{x:90,y:99,l:36,w:18},{x:152,y:258,l:42,w:14},{x:271,y:143,l:18,w:27},{x:90,y:135,l:27,w:17},{x:166,y:258,l:11,w:16},],
canvasWidth:300,
canvasHeight:300,
data:[{x:0,y:0,l:91,w:70},{x:70,y:0,l:62,w:100},{x:170,y:0,l:72,w:84},{x:70,y:62,l:71,w:74},{x:188,y:72,l:70,w:66},{x:254,y:0,l:87,w:46},{x:0,y:91,l:57,w:70},{x:70,y:133,l:98,w:36},{x:12,y:236,l:58,w:58},{x:0,y:148,l:88,w:70},{x:106,y:133,l:66,w:38},{x:106,y:199,l:60,w:38},{x:254,y:87,l:80,w:28},{x:70,y:231,l:31,w:33},{x:0,y:236,l:64,w:12},{x:289,y:119,l:53,w:11},{x:282,y:87,l:32,w:12},],
canvasWidth:300,
canvasHeight:300,
data:[{x:0,y:0,l:56,w:94},{x:0,y:56,l:58,w:86},{x:94,y:0,l:56,w:83},{x:86,y:56,l:55,w:83},{x:177,y:0,l:56,w:77},{x:0,y:114,l:52,w:78},{x:169,y:56,l:42,w:85},{x:132,y:111,l:92,w:37},{x:169,y:125,l:76,w:40},{x:209,y:125,l:84,w:36},{x:0,y:166,l:59,w:48},{x:245,y:184,l:48,w:53},{x:0,y:225,l:48,w:48},{x:169,y:98,l:27,w:85},{x:227,y:232,l:31,w:73},{x:254,y:89,l:84,w:25},{x:78,y:151,l:42,w:49},{x:78,y:114,l:37,w:54},{x:48,y:196,l:26,w:75},{x:48,y:222,l:29,w:64},{x:169,y:201,l:41,w:40},{x:254,y:5,l:46,w:31},{x:134,y:204,l:38,w:35},{x:254,y:51,l:38,w:28},{x:168,y:242,l:12,w:59},{x:245,y:173,l:11,w:47},{x:48,y:193,l:3,w:80},{x:254,y:0,l:5,w:39},{x:132,y:203,l:1,w:37},],
Best fit used bin number: 4
Found best solution: 4 0.062

   Statrt add columnAndCut col: 4 cons: 0 cut: 0	0.125

	1 Start Add column using column generation  col: 4 cons: 0 cut: 0	0.125
			Start solve  LP :0.125
			End solve LP obj: 4.0 t: 0
	1 End Add column using column generation : 4.0 col: 4 cons: 0 cut: 0	0.125
   End add columnAndCut : 4.0 colGencnt: 1 price: 0 col: 4 cons: 0 cut: 0	0.125

Node lb: 4.0 ub: 4 : 0.125

Final Found Solution: 4 genNode: 1 extendedNode: 0:0.125
Bin size: 90000
1 : 8554,7900,7722,7125,6816,6624,5546,5170,5103,4248,2660,2212,2145,2006,1952,1848,1440,1152,970,798,784,768,603,387,366,147,142,130,55, : 85373
2 : 7488,6800,6776,6660,6438,6402,4950,4462,2822,2700,2632,2480,2016,1848,1650,1541,1424,1320,1188,1092,648,588,486,459,176, : 75046
3 : 6370,6200,6160,6048,5254,4620,4002,3990,3528,3364,2508,2280,2240,1023,768,583,384, : 59322
4 : 5264,4988,4648,4565,4312,4056,3570,3404,3040,3024,2832,2544,2304,2295,2263,2100,2058,1998,1950,1856,1640,1426,1330,1064,708,517,240,195,37, : 70228
----------------------- 1 ---------------------------
canvasWidth:300,
canvasHeight:300,
data:[{x:0,y:0,l:94,w:91},{x:0,y:94,l:100,w:79},{x:0,y:194,l:78,w:99},{x:205,y:0,l:75,w:95},{x:219,y:103,l:96,w:71},{x:219,y:199,l:96,w:69},{x:91,y:0,l:94,w:59},{x:150,y:0,l:94,w:55},{x:138,y:103,l:63,w:81},{x:79,y:94,l:72,w:59},{x:205,y:75,l:28,w:95},{x:79,y:166,l:28,w:79},{x:157,y:228,l:65,w:33},{x:99,y:194,l:34,w:59},{x:158,y:166,l:32,w:61},{x:99,y:228,l:44,w:42},{x:190,y:204,l:96,w:15},{x:141,y:228,l:72,w:16},{x:0,y:280,l:10,w:97},{x:205,y:204,l:57,w:14},{x:0,y:272,l:8,w:98},{x:158,y:204,l:24,w:32},{x:138,y:94,l:9,w:67},{x:290,y:103,l:43,w:9},{x:158,y:198,l:6,w:61},{x:290,y:146,l:21,w:7},{x:288,y:199,l:71,w:2},{x:205,y:261,l:10,w:13},{x:290,y:167,l:11,w:5},],
----------------------- 2 ---------------------------
canvasWidth:300,
canvasHeight:300,
data:[{x:0,y:0,l:78,w:96},{x:108,y:0,l:85,w:80},{x:188,y:0,l:77,w:88},{x:0,y:99,l:74,w:90},{x:108,y:116,l:87,w:74},{x:0,y:203,l:97,w:66},{x:216,y:77,l:47,w:56},{x:216,y:124,l:90,w:55},{x:106,y:203,l:97,w:46},{x:182,y:116,l:83,w:34},{x:0,y:173,l:30,w:90},{x:108,y:85,l:31,w:80},{x:0,y:78,l:21,w:96},{x:276,y:55,l:88,w:21},{x:152,y:203,l:55,w:30},{x:66,y:203,l:67,w:23},{x:90,y:162,l:89,w:16},{x:276,y:0,l:55,w:24},{x:96,y:0,l:99,w:12},{x:188,y:77,l:39,w:28},{x:90,y:99,l:36,w:18},{x:152,y:258,l:42,w:14},{x:271,y:143,l:18,w:27},{x:90,y:135,l:27,w:17},{x:166,y:258,l:11,w:16},],
----------------------- 3 ---------------------------
canvasWidth:300,
canvasHeight:300,
data:[{x:0,y:0,l:91,w:70},{x:70,y:0,l:62,w:100},{x:170,y:0,l:72,w:84},{x:70,y:62,l:71,w:74},{x:188,y:72,l:70,w:66},{x:254,y:0,l:87,w:46},{x:0,y:91,l:57,w:70},{x:70,y:133,l:98,w:36},{x:12,y:236,l:58,w:58},{x:0,y:148,l:88,w:70},{x:106,y:133,l:66,w:38},{x:106,y:199,l:60,w:38},{x:254,y:87,l:80,w:28},{x:70,y:231,l:31,w:33},{x:0,y:236,l:64,w:12},{x:289,y:119,l:53,w:11},{x:282,y:87,l:32,w:12},],
----------------------- 4 ---------------------------
canvasWidth:300,
canvasHeight:300,
data:[{x:0,y:0,l:56,w:94},{x:0,y:56,l:58,w:86},{x:94,y:0,l:56,w:83},{x:86,y:56,l:55,w:83},{x:177,y:0,l:56,w:77},{x:0,y:114,l:52,w:78},{x:169,y:56,l:42,w:85},{x:132,y:111,l:92,w:37},{x:169,y:125,l:76,w:40},{x:209,y:125,l:84,w:36},{x:0,y:166,l:59,w:48},{x:245,y:184,l:48,w:53},{x:0,y:225,l:48,w:48},{x:169,y:98,l:27,w:85},{x:227,y:232,l:31,w:73},{x:254,y:89,l:84,w:25},{x:78,y:151,l:42,w:49},{x:78,y:114,l:37,w:54},{x:48,y:196,l:26,w:75},{x:48,y:222,l:29,w:64},{x:169,y:201,l:41,w:40},{x:254,y:5,l:46,w:31},{x:134,y:204,l:38,w:35},{x:254,y:51,l:38,w:28},{x:168,y:242,l:12,w:59},{x:245,y:173,l:11,w:47},{x:48,y:193,l:3,w:80},{x:254,y:0,l:5,w:39},{x:132,y:203,l:1,w:37},],
