====================================== Class_02.2bp-28 =====================================
Reduced size: 60 usedBin: 0
E:\WSKH\2DBPP\NonGuillotine\initSolution\2_29.pack
[0, 1, 2, 3, 4, 5, 6, 9, 15, 16, 18, 19, 22, 23, 30, 32, 34, 40, 47, 57]
[7, 8, 10, 11, 12, 13, 14, 17, 20, 21, 24, 25, 26, 27, 28, 29, 31, 33, 35, 36, 37, 38, 39, 41, 42, 43, 44, 45, 46, 48, 49, 50, 51, 52, 53, 54, 55, 56, 58, 59]
canvasWidth:30,
canvasHeight:30,
data:[{x:0,y:0,l:10,w:10},{x:10,y:0,l:10,w:10},{x:0,y:10,l:10,w:8},{x:0,y:20,l:10,w:8},{x:20,y:0,l:7,w:10},{x:8,y:10,l:10,w:7},{x:17,y:10,l:8,w:8},{x:17,y:18,l:7,w:8},{x:17,y:25,l:5,w:8},{x:8,y:20,l:10,w:4},{x:20,y:7,l:3,w:10},{x:25,y:10,l:6,w:5},{x:14,y:20,l:9,w:3},{x:25,y:16,l:5,w:5},{x:25,y:21,l:4,w:5},{x:12,y:20,l:10,w:2},{x:15,y:10,l:10,w:2},{x:25,y:25,l:5,w:3},{x:28,y:25,l:5,w:2},{x:14,y:29,l:1,w:3},],
canvasWidth:30,
canvasHeight:30,
data:[{x:0,y:0,l:9,w:7},{x:7,y:0,l:9,w:7},{x:14,y:0,l:5,w:10},{x:0,y:9,l:7,w:7},{x:0,y:20,l:8,w:6},{x:7,y:9,l:7,w:6},{x:13,y:9,l:7,w:6},{x:24,y:0,l:5,w:6},{x:19,y:9,l:7,w:4},{x:21,y:16,l:1,w:2},{x:25,y:17,l:6,w:4},{x:6,y:20,l:8,w:3},{x:23,y:9,l:3,w:7},{x:23,y:12,l:3,w:7},{x:27,y:23,l:7,w:3},{x:9,y:20,l:7,w:3},{x:20,y:5,l:2,w:10},{x:20,y:7,l:2,w:10},{x:0,y:16,l:2,w:8},{x:0,y:18,l:2,w:8},{x:14,y:5,l:4,w:4},{x:12,y:20,l:8,w:2},{x:14,y:20,l:8,w:2},{x:23,y:15,l:2,w:7},{x:17,y:20,l:2,w:7},{x:25,y:23,l:7,w:2},{x:0,y:28,l:2,w:6},{x:8,y:17,l:3,w:4},{x:17,y:22,l:6,w:2},{x:12,y:16,l:1,w:9},{x:12,y:17,l:3,w:3},{x:18,y:5,l:4,w:2},{x:16,y:20,l:8,w:1},{x:6,y:28,l:2,w:3},{x:29,y:17,l:6,w:1},{x:24,y:20,l:5,w:1},{x:24,y:25,l:5,w:1},{x:8,y:16,l:1,w:4},{x:15,y:17,l:3,w:1},{x:16,y:17,l:3,w:9},],
Best fit used bin number: 2
Found best solution: 2 0.079

   Statrt add columnAndCut col: 2 cons: 0 cut: 0	0.172

	1 Start Add column using column generation  col: 2 cons: 0 cut: 0	0.172
			Start solve  LP :0.172
			End solve LP obj: 2.0 t: 0
	1 End Add column using column generation : 2.0 col: 2 cons: 0 cut: 0	0.172
   End add columnAndCut : 2.0 colGencnt: 1 price: 0 col: 2 cons: 0 cut: 0	0.172

Node lb: 2.0 ub: 2 : 0.172

Final Found Solution: 2 genNode: 1 extendedNode: 0:0.172
Bin size: 900
1 : 100,100,80,80,70,70,64,56,40,40,30,30,27,25,20,20,20,15,10,3, : 900
2 : 63,63,50,49,48,42,42,30,28,27,24,24,21,21,21,21,20,20,16,16,16,16,16,14,14,14,12,12,12,9,9,8,8,6,6,5,5,4,3,2, : 837
----------------------- 1 ---------------------------
canvasWidth:30,
canvasHeight:30,
data:[{x:0,y:0,l:10,w:10},{x:10,y:0,l:10,w:10},{x:0,y:10,l:10,w:8},{x:0,y:20,l:10,w:8},{x:20,y:0,l:7,w:10},{x:8,y:10,l:10,w:7},{x:17,y:10,l:8,w:8},{x:17,y:18,l:7,w:8},{x:17,y:25,l:5,w:8},{x:8,y:20,l:10,w:4},{x:20,y:7,l:3,w:10},{x:25,y:10,l:6,w:5},{x:14,y:20,l:9,w:3},{x:25,y:16,l:5,w:5},{x:25,y:21,l:4,w:5},{x:12,y:20,l:10,w:2},{x:15,y:10,l:10,w:2},{x:25,y:25,l:5,w:3},{x:28,y:25,l:5,w:2},{x:14,y:29,l:1,w:3},],
----------------------- 2 ---------------------------
canvasWidth:30,
canvasHeight:30,
data:[{x:0,y:0,l:9,w:7},{x:7,y:0,l:9,w:7},{x:14,y:0,l:5,w:10},{x:0,y:9,l:7,w:7},{x:0,y:20,l:8,w:6},{x:7,y:9,l:7,w:6},{x:13,y:9,l:7,w:6},{x:24,y:0,l:5,w:6},{x:19,y:9,l:7,w:4},{x:21,y:16,l:1,w:2},{x:25,y:17,l:6,w:4},{x:6,y:20,l:8,w:3},{x:23,y:9,l:3,w:7},{x:23,y:12,l:3,w:7},{x:27,y:23,l:7,w:3},{x:9,y:20,l:7,w:3},{x:20,y:5,l:2,w:10},{x:20,y:7,l:2,w:10},{x:0,y:16,l:2,w:8},{x:0,y:18,l:2,w:8},{x:14,y:5,l:4,w:4},{x:12,y:20,l:8,w:2},{x:14,y:20,l:8,w:2},{x:23,y:15,l:2,w:7},{x:17,y:20,l:2,w:7},{x:25,y:23,l:7,w:2},{x:0,y:28,l:2,w:6},{x:8,y:17,l:3,w:4},{x:17,y:22,l:6,w:2},{x:12,y:16,l:1,w:9},{x:12,y:17,l:3,w:3},{x:18,y:5,l:4,w:2},{x:16,y:20,l:8,w:1},{x:6,y:28,l:2,w:3},{x:29,y:17,l:6,w:1},{x:24,y:20,l:5,w:1},{x:24,y:25,l:5,w:1},{x:8,y:16,l:1,w:4},{x:15,y:17,l:3,w:1},{x:16,y:17,l:3,w:9},],
