====================================== Class_02.2bp-21 =====================================
Reduced size: 60 usedBin: 0
E:\WSKH\2DBPP\NonGuillotine\initSolution\2_22.pack
[0, 1, 2, 3, 4, 5, 6, 7, 9, 12, 15, 16, 20, 25, 27, 43, 44, 56]
[8, 10, 11, 13, 14, 17, 18, 19, 21, 22, 23, 24, 26, 28, 29, 30, 31, 32, 33, 34, 35, 36, 37, 38, 39, 40, 41, 42, 45, 46, 47, 48, 49, 50, 51, 52, 53, 54, 55, 57, 58, 59]
canvasWidth:30,
canvasHeight:30,
data:[{x:0,y:0,l:10,w:10},{x:0,y:10,l:6,w:7},{x:10,y:0,l:10,w:9},{x:7,y:10,l:7,w:10},{x:7,y:17,l:8,w:8},{x:17,y:10,l:7,w:9},{x:15,y:17,l:7,w:9},{x:0,y:16,l:8,w:7},{x:15,y:24,l:6,w:9},{x:24,y:17,l:8,w:6},{x:0,y:24,l:6,w:7},{x:19,y:0,l:10,w:10},{x:7,y:25,l:5,w:6},{x:26,y:10,l:7,w:4},{x:24,y:25,l:5,w:5},{x:13,y:25,l:5,w:2},{x:29,y:0,l:10,w:1},{x:29,y:25,l:5,w:1},],
canvasWidth:30,
canvasHeight:30,
data:[{x:0,y:0,l:6,w:9},{x:0,y:6,l:5,w:10},{x:9,y:0,l:6,w:8},{x:21,y:6,l:9,w:5},{x:0,y:18,l:9,w:5},{x:5,y:18,l:7,w:6},{x:0,y:14,l:4,w:8},{x:10,y:6,l:8,w:4},{x:0,y:11,l:3,w:10},{x:8,y:15,l:3,w:10},{x:12,y:18,l:3,w:10},{x:12,y:21,l:3,w:10},{x:21,y:0,l:3,w:9},{x:21,y:3,l:3,w:8},{x:17,y:0,l:6,w:4},{x:14,y:6,l:8,w:3},{x:18,y:15,l:3,w:7},{x:27,y:23,l:7,w:3},{x:12,y:24,l:4,w:5},{x:5,y:25,l:3,w:6},{x:28,y:14,l:9,w:2},{x:8,y:28,l:2,w:8},{x:26,y:6,l:4,w:4},{x:26,y:10,l:4,w:4},{x:17,y:6,l:8,w:2},{x:19,y:6,l:8,w:2},{x:0,y:27,l:3,w:5},{x:16,y:28,l:2,w:7},{x:26,y:18,l:5,w:2},{x:11,y:18,l:10,w:1},{x:17,y:25,l:3,w:3},{x:22,y:18,l:3,w:3},{x:26,y:14,l:4,w:2},{x:14,y:14,l:1,w:7},{x:8,y:14,l:1,w:6},{x:20,y:25,l:1,w:6},{x:5,y:28,l:2,w:3},{x:26,y:23,l:6,w:1},{x:17,y:24,l:1,w:5},{x:25,y:18,l:4,w:1},{x:29,y:3,l:3,w:1},{x:25,y:15,l:3,w:1},],
Best fit used bin number: 2
Found best solution: 2 0.062

   Statrt add columnAndCut col: 2 cons: 0 cut: 0	0.156

	1 Start Add column using column generation  col: 2 cons: 0 cut: 0	0.156
			Start solve  LP :0.156
			End solve LP obj: 2.0 t: 0
	1 End Add column using column generation : 2.0 col: 2 cons: 0 cut: 0	0.156
   End add columnAndCut : 2.0 colGencnt: 1 price: 0 col: 2 cons: 0 cut: 0	0.156

Node lb: 2.0 ub: 2 : 0.156

Final Found Solution: 2 genNode: 1 extendedNode: 0:0.156
Bin size: 900
1 : 100,100,90,70,64,63,63,56,54,48,42,42,30,28,25,10,10,5, : 900
2 : 54,50,48,45,45,42,32,32,30,30,30,30,27,24,24,24,21,21,20,18,18,16,16,16,16,16,15,14,10,10,9,9,8,7,6,6,6,6,5,4,3,3, : 866
----------------------- 1 ---------------------------
canvasWidth:30,
canvasHeight:30,
data:[{x:0,y:0,l:10,w:10},{x:0,y:10,l:6,w:7},{x:10,y:0,l:10,w:9},{x:7,y:10,l:7,w:10},{x:7,y:17,l:8,w:8},{x:17,y:10,l:7,w:9},{x:15,y:17,l:7,w:9},{x:0,y:16,l:8,w:7},{x:15,y:24,l:6,w:9},{x:24,y:17,l:8,w:6},{x:0,y:24,l:6,w:7},{x:19,y:0,l:10,w:10},{x:7,y:25,l:5,w:6},{x:26,y:10,l:7,w:4},{x:24,y:25,l:5,w:5},{x:13,y:25,l:5,w:2},{x:29,y:0,l:10,w:1},{x:29,y:25,l:5,w:1},],
----------------------- 2 ---------------------------
canvasWidth:30,
canvasHeight:30,
data:[{x:0,y:0,l:6,w:9},{x:0,y:6,l:5,w:10},{x:9,y:0,l:6,w:8},{x:21,y:6,l:9,w:5},{x:0,y:18,l:9,w:5},{x:5,y:18,l:7,w:6},{x:0,y:14,l:4,w:8},{x:10,y:6,l:8,w:4},{x:0,y:11,l:3,w:10},{x:8,y:15,l:3,w:10},{x:12,y:18,l:3,w:10},{x:12,y:21,l:3,w:10},{x:21,y:0,l:3,w:9},{x:21,y:3,l:3,w:8},{x:17,y:0,l:6,w:4},{x:14,y:6,l:8,w:3},{x:18,y:15,l:3,w:7},{x:27,y:23,l:7,w:3},{x:12,y:24,l:4,w:5},{x:5,y:25,l:3,w:6},{x:28,y:14,l:9,w:2},{x:8,y:28,l:2,w:8},{x:26,y:6,l:4,w:4},{x:26,y:10,l:4,w:4},{x:17,y:6,l:8,w:2},{x:19,y:6,l:8,w:2},{x:0,y:27,l:3,w:5},{x:16,y:28,l:2,w:7},{x:26,y:18,l:5,w:2},{x:11,y:18,l:10,w:1},{x:17,y:25,l:3,w:3},{x:22,y:18,l:3,w:3},{x:26,y:14,l:4,w:2},{x:14,y:14,l:1,w:7},{x:8,y:14,l:1,w:6},{x:20,y:25,l:1,w:6},{x:5,y:28,l:2,w:3},{x:26,y:23,l:6,w:1},{x:17,y:24,l:1,w:5},{x:25,y:18,l:4,w:1},{x:29,y:3,l:3,w:1},{x:25,y:15,l:3,w:1},],
