====================================== Class_08.2bp-19 =====================================
Reduced size: 40 usedBin: 0
E:\WSKH\2DBPP\NonGuillotine\initSolution\8_20.pack
[0, 31]
[1, 27]
[2, 22]
[3, 23]
[5, 7, 37]
[6, 16, 26]
[4, 21, 39]
[8, 10, 28]
[9, 17, 24]
[11, 15, 25, 35]
[12, 14, 33, 34, 36]
[13, 29, 30, 32, 38]
[18, 19, 20]
canvasWidth:100,
canvasHeight:100,
data:[{x:0,y:0,l:83,w:95},{x:0,y:83,l:14,w:68},],
canvasWidth:100,
canvasHeight:100,
data:[{x:0,y:0,l:82,w:89},{x:0,y:83,l:17,w:90},],
canvasWidth:100,
canvasHeight:100,
data:[{x:0,y:0,l:69,w:77},{x:0,y:69,l:31,w:78},],
canvasWidth:100,
canvasHeight:100,
data:[{x:0,y:0,l:68,w:76},{x:0,y:68,l:27,w:84},],
canvasWidth:100,
canvasHeight:100,
data:[{x:0,y:0,l:56,w:83},{x:0,y:60,l:40,w:100},{x:0,y:56,l:4,w:73},],
canvasWidth:100,
canvasHeight:100,
data:[{x:0,y:0,l:77,w:57},{x:57,y:0,l:78,w:37},{x:0,y:78,l:22,w:76},],
canvasWidth:100,
canvasHeight:100,
data:[{x:0,y:0,l:99,w:48},{x:48,y:0,l:90,w:27},{x:0,y:99,l:1,w:99},],
canvasWidth:100,
canvasHeight:100,
data:[{x:0,y:0,l:40,w:91},{x:0,y:40,l:39,w:83},{x:0,y:79,l:19,w:77},],
canvasWidth:100,
canvasHeight:100,
data:[{x:0,y:21,l:41,w:80},{x:0,y:62,l:38,w:72},{x:0,y:0,l:21,w:92},],
canvasWidth:100,
canvasHeight:100,
data:[{x:0,y:30,l:46,w:70},{x:0,y:76,l:17,w:100},{x:0,y:0,l:30,w:98},{x:0,y:93,l:7,w:89},],
canvasWidth:100,
canvasHeight:100,
data:[{x:0,y:14,l:38,w:83},{x:0,y:52,l:38,w:79},{x:0,y:6,l:8,w:86},{x:0,y:90,l:10,w:66},{x:0,y:0,l:6,w:88},],
canvasWidth:100,
canvasHeight:100,
data:[{x:0,y:0,l:45,w:68},{x:68,y:0,l:78,w:16},{x:94,y:0,l:90,w:3},{x:0,y:45,l:14,w:66},{x:0,y:87,l:13,w:94},],
canvasWidth:100,
canvasHeight:100,
data:[{x:0,y:0,l:38,w:71},{x:0,y:38,l:30,w:87},{x:0,y:68,l:29,w:87},],
Best fit used bin number: 13
Found best solution: 13 0.047

   Statrt add columnAndCut col: 13 cons: 0 cut: 0	0.125

	1 Start Add column using column generation  col: 13 cons: 0 cut: 0	0.125
			Start solve  LP :0.125
			End solve LP obj: 13.0 t: 0
	1 End Add column using column generation : 13.0 col: 13 cons: 0 cut: 0	0.125
   End add columnAndCut : 13.0 colGencnt: 1 price: 0 col: 13 cons: 0 cut: 0	0.125

Node lb: 13.0 ub: 13 : 0.125

Final Found Solution: 13 genNode: 1 extendedNode: 0:0.125
Bin size: 10000
1 : 7885,952, : 8837
2 : 7298,1530, : 8828
3 : 5313,2418, : 7731
4 : 5168,2268, : 7436
5 : 4648,4000,292, : 8940
6 : 4389,2886,1672, : 8947
7 : 4752,2430,99, : 7281
8 : 3640,3237,1463, : 8340
9 : 3280,2736,1932, : 7948
10 : 3220,2940,1700,623, : 8483
11 : 3154,3002,688,660,528, : 8032
12 : 3060,1248,1222,924,270, : 6724
13 : 2698,2610,2523, : 7831
----------------------- 1 ---------------------------
canvasWidth:100,
canvasHeight:100,
data:[{x:0,y:0,l:83,w:95},{x:0,y:83,l:14,w:68},],
----------------------- 2 ---------------------------
canvasWidth:100,
canvasHeight:100,
data:[{x:0,y:0,l:82,w:89},{x:0,y:83,l:17,w:90},],
----------------------- 3 ---------------------------
canvasWidth:100,
canvasHeight:100,
data:[{x:0,y:0,l:69,w:77},{x:0,y:69,l:31,w:78},],
----------------------- 4 ---------------------------
canvasWidth:100,
canvasHeight:100,
data:[{x:0,y:0,l:68,w:76},{x:0,y:68,l:27,w:84},],
----------------------- 5 ---------------------------
canvasWidth:100,
canvasHeight:100,
data:[{x:0,y:0,l:56,w:83},{x:0,y:60,l:40,w:100},{x:0,y:56,l:4,w:73},],
----------------------- 6 ---------------------------
canvasWidth:100,
canvasHeight:100,
data:[{x:0,y:0,l:77,w:57},{x:57,y:0,l:78,w:37},{x:0,y:78,l:22,w:76},],
----------------------- 7 ---------------------------
canvasWidth:100,
canvasHeight:100,
data:[{x:0,y:0,l:99,w:48},{x:48,y:0,l:90,w:27},{x:0,y:99,l:1,w:99},],
----------------------- 8 ---------------------------
canvasWidth:100,
canvasHeight:100,
data:[{x:0,y:0,l:40,w:91},{x:0,y:40,l:39,w:83},{x:0,y:79,l:19,w:77},],
----------------------- 9 ---------------------------
canvasWidth:100,
canvasHeight:100,
data:[{x:0,y:21,l:41,w:80},{x:0,y:62,l:38,w:72},{x:0,y:0,l:21,w:92},],
----------------------- 10 ---------------------------
canvasWidth:100,
canvasHeight:100,
data:[{x:0,y:30,l:46,w:70},{x:0,y:76,l:17,w:100},{x:0,y:0,l:30,w:98},{x:0,y:93,l:7,w:89},],
----------------------- 11 ---------------------------
canvasWidth:100,
canvasHeight:100,
data:[{x:0,y:14,l:38,w:83},{x:0,y:52,l:38,w:79},{x:0,y:6,l:8,w:86},{x:0,y:90,l:10,w:66},{x:0,y:0,l:6,w:88},],
----------------------- 12 ---------------------------
canvasWidth:100,
canvasHeight:100,
data:[{x:0,y:0,l:45,w:68},{x:68,y:0,l:78,w:16},{x:94,y:0,l:90,w:3},{x:0,y:45,l:14,w:66},{x:0,y:87,l:13,w:94},],
----------------------- 13 ---------------------------
canvasWidth:100,
canvasHeight:100,
data:[{x:0,y:0,l:38,w:71},{x:0,y:38,l:30,w:87},{x:0,y:68,l:29,w:87},],
