====================================== Class_10.2bp-16 =====================================
Reduced size: 40 usedBin: 0
[0, 9, 16, 19, 38, 39]
[1, 12, 17, 29, 31]
[2, 13, 18, 22, 25, 35]
[3, 8, 23, 24, 32, 34, 37]
[5, 6, 21, 28, 36]
[4, 7, 20]
[10, 11, 14, 15, 26, 27, 30, 33]
canvasWidth:100,
canvasHeight:100,
data:[{x:0,y:0,l:53,w:98},{x:50,y:53,l:47,w:50},{x:0,y:53,l:16,w:50},{x:0,y:69,l:28,w:49},{x:98,y:17,l:36,w:1},{x:98,y:0,l:17,w:2},],
canvasWidth:100,
canvasHeight:100,
data:[{x:0,y:0,l:68,w:69},{x:0,y:68,l:29,w:68},{x:69,y:0,l:38,w:23},{x:97,y:0,l:85,w:3},{x:0,y:97,l:2,w:89},],
canvasWidth:100,
canvasHeight:100,
data:[{x:0,y:0,l:66,w:70},{x:0,y:66,l:17,w:98},{x:70,y:18,l:34,w:25},{x:0,y:83,l:9,w:83},{x:70,y:0,l:18,w:29},{x:70,y:52,l:9,w:11},],
canvasWidth:100,
canvasHeight:100,
data:[{x:0,y:0,l:52,w:84},{x:0,y:52,l:37,w:80},{x:84,y:0,l:45,w:16},{x:84,y:45,l:50,w:11},{x:80,y:52,l:43,w:4},{x:95,y:45,l:40,w:4},{x:0,y:89,l:1,w:80},],
canvasWidth:100,
canvasHeight:100,
data:[{x:0,y:0,l:76,w:52},{x:52,y:2,l:91,w:39},{x:5,y:76,l:17,w:47},{x:91,y:2,l:45,w:8},{x:52,y:0,l:2,w:48},],
canvasWidth:100,
canvasHeight:100,
data:[{x:55,y:8,l:92,w:45},{x:0,y:8,l:78,w:41},{x:0,y:0,l:8,w:100},],
canvasWidth:100,
canvasHeight:100,
data:[{x:0,y:0,l:29,w:79},{x:0,y:29,l:50,w:44},{x:44,y:29,l:34,w:45},{x:59,y:63,l:34,w:41},{x:0,y:79,l:21,w:22},{x:22,y:79,l:12,w:33},{x:79,y:0,l:21,w:11},{x:89,y:21,l:15,w:11},],
Best fit used bin number: 7
Found best solution: 7 0.047

   Statrt add columnAndCut col: 7 cons: 0 cut: 0	0.125

	1 Start Add column using column generation  col: 7 cons: 0 cut: 0	0.125
			Start solve  LP :0.125
			End solve LP obj: 7.0 t: 0
	1 End Add column using column generation : 7.0 col: 7 cons: 0 cut: 0	0.125
   End add columnAndCut : 7.0 colGencnt: 1 price: 0 col: 7 cons: 0 cut: 0	0.125

Node lb: 7.0 ub: 7 : 0.125

Final Found Solution: 7 genNode: 1 extendedNode: 0:0.125
Bin size: 10000
1 : 5194,2350,1372,800,36,34, : 9786
2 : 4692,1972,874,255,178, : 7971
3 : 4620,1666,850,747,522,99, : 8504
4 : 4368,2960,720,550,172,160,80, : 9010
5 : 3952,3549,799,360,96, : 8756
6 : 4140,3198,800, : 8138
7 : 2291,2200,1530,1394,462,396,231,165, : 8669
----------------------- 1 ---------------------------
canvasWidth:100,
canvasHeight:100,
data:[{x:0,y:0,l:53,w:98},{x:50,y:53,l:47,w:50},{x:0,y:53,l:16,w:50},{x:0,y:69,l:28,w:49},{x:98,y:17,l:36,w:1},{x:98,y:0,l:17,w:2},],
----------------------- 2 ---------------------------
canvasWidth:100,
canvasHeight:100,
data:[{x:0,y:0,l:68,w:69},{x:0,y:68,l:29,w:68},{x:69,y:0,l:38,w:23},{x:97,y:0,l:85,w:3},{x:0,y:97,l:2,w:89},],
----------------------- 3 ---------------------------
canvasWidth:100,
canvasHeight:100,
data:[{x:0,y:0,l:66,w:70},{x:0,y:66,l:17,w:98},{x:70,y:18,l:34,w:25},{x:0,y:83,l:9,w:83},{x:70,y:0,l:18,w:29},{x:70,y:52,l:9,w:11},],
----------------------- 4 ---------------------------
canvasWidth:100,
canvasHeight:100,
data:[{x:0,y:0,l:52,w:84},{x:0,y:52,l:37,w:80},{x:84,y:0,l:45,w:16},{x:84,y:45,l:50,w:11},{x:80,y:52,l:43,w:4},{x:95,y:45,l:40,w:4},{x:0,y:89,l:1,w:80},],
----------------------- 5 ---------------------------
canvasWidth:100,
canvasHeight:100,
data:[{x:0,y:0,l:76,w:52},{x:52,y:2,l:91,w:39},{x:5,y:76,l:17,w:47},{x:91,y:2,l:45,w:8},{x:52,y:0,l:2,w:48},],
----------------------- 6 ---------------------------
canvasWidth:100,
canvasHeight:100,
data:[{x:55,y:8,l:92,w:45},{x:0,y:8,l:78,w:41},{x:0,y:0,l:8,w:100},],
----------------------- 7 ---------------------------
canvasWidth:100,
canvasHeight:100,
data:[{x:0,y:0,l:29,w:79},{x:0,y:29,l:50,w:44},{x:44,y:29,l:34,w:45},{x:59,y:63,l:34,w:41},{x:0,y:79,l:21,w:22},{x:22,y:79,l:12,w:33},{x:79,y:0,l:21,w:11},{x:89,y:21,l:15,w:11},],
