====================================== Class_02.2bp-18 =====================================
Reduced size: 40 usedBin: 0
E:\WSKH\2DBPP\NonGuillotine\initSolution\2_19.pack
[0, 1, 2, 3, 4, 5, 6, 7, 8, 9, 10, 11, 12, 13, 14, 15, 19, 24, 25, 28, 29, 30, 31, 32, 33, 34, 35, 36, 37, 38, 39]
[16, 17, 18, 20, 21, 22, 23, 26, 27]
canvasWidth:30,
canvasHeight:30,
data:[{x:0,y:0,l:8,w:8},{x:8,y:0,l:9,w:7},{x:0,y:8,l:7,w:8},{x:15,y:0,l:5,w:10},{x:0,y:15,l:5,w:9},{x:25,y:0,l:9,w:5},{x:16,y:15,l:8,w:5},{x:8,y:9,l:6,w:7},{x:15,y:5,l:4,w:10},{x:21,y:16,l:9,w:5},{x:0,y:20,l:10,w:4},{x:9,y:15,l:5,w:7},{x:20,y:9,l:3,w:10},{x:7,y:23,l:7,w:4},{x:7,y:20,l:3,w:9},{x:27,y:21,l:9,w:3},{x:4,y:20,l:10,w:2},{x:15,y:9,l:6,w:3},{x:26,y:16,l:4,w:4},{x:20,y:13,l:2,w:7},{x:15,y:23,l:2,w:6},{x:24,y:26,l:4,w:3},{x:18,y:9,l:6,w:2},{x:20,y:12,l:1,w:10},{x:6,y:20,l:10,w:1},{x:21,y:15,l:1,w:9},{x:27,y:13,l:2,w:3},{x:26,y:21,l:5,w:1},{x:26,y:20,l:1,w:4},{x:23,y:25,l:1,w:3},{x:20,y:25,l:1,w:3},],
canvasWidth:30,
canvasHeight:30,
data:[{x:0,y:0,l:4,w:6},{x:11,y:0,l:8,w:3},{x:14,y:0,l:8,w:3},{x:6,y:0,l:4,w:5},{x:19,y:0,l:3,w:6},{x:19,y:3,l:3,w:6},{x:25,y:3,l:9,w:2},{x:17,y:0,l:8,w:2},{x:25,y:0,l:3,w:5},],
Best fit used bin number: 2
Found best solution: 2 0.063

   Statrt add columnAndCut col: 2 cons: 0 cut: 0	0.125

	1 Start Add column using column generation  col: 2 cons: 0 cut: 0	0.125
			Start solve  LP :0.125
			End solve LP obj: 2.0 t: 0
	1 End Add column using column generation : 2.0 col: 2 cons: 0 cut: 0	0.125
   End add columnAndCut : 2.0 colGencnt: 1 price: 0 col: 2 cons: 0 cut: 0	0.125

Node lb: 2.0 ub: 2 : 0.125

Final Found Solution: 2 genNode: 1 extendedNode: 0:0.125
Bin size: 900
1 : 64,63,56,50,45,45,45,42,40,40,40,35,30,28,27,27,20,18,16,14,12,12,12,10,10,9,6,5,4,3,3, : 831
2 : 24,24,24,20,18,18,18,16,15, : 177
----------------------- 1 ---------------------------
canvasWidth:30,
canvasHeight:30,
data:[{x:0,y:0,l:8,w:8},{x:8,y:0,l:9,w:7},{x:0,y:8,l:7,w:8},{x:15,y:0,l:5,w:10},{x:0,y:15,l:5,w:9},{x:25,y:0,l:9,w:5},{x:16,y:15,l:8,w:5},{x:8,y:9,l:6,w:7},{x:15,y:5,l:4,w:10},{x:21,y:16,l:9,w:5},{x:0,y:20,l:10,w:4},{x:9,y:15,l:5,w:7},{x:20,y:9,l:3,w:10},{x:7,y:23,l:7,w:4},{x:7,y:20,l:3,w:9},{x:27,y:21,l:9,w:3},{x:4,y:20,l:10,w:2},{x:15,y:9,l:6,w:3},{x:26,y:16,l:4,w:4},{x:20,y:13,l:2,w:7},{x:15,y:23,l:2,w:6},{x:24,y:26,l:4,w:3},{x:18,y:9,l:6,w:2},{x:20,y:12,l:1,w:10},{x:6,y:20,l:10,w:1},{x:21,y:15,l:1,w:9},{x:27,y:13,l:2,w:3},{x:26,y:21,l:5,w:1},{x:26,y:20,l:1,w:4},{x:23,y:25,l:1,w:3},{x:20,y:25,l:1,w:3},],
----------------------- 2 ---------------------------
canvasWidth:30,
canvasHeight:30,
data:[{x:0,y:0,l:4,w:6},{x:11,y:0,l:8,w:3},{x:14,y:0,l:8,w:3},{x:6,y:0,l:4,w:5},{x:19,y:0,l:3,w:6},{x:19,y:3,l:3,w:6},{x:25,y:3,l:9,w:2},{x:17,y:0,l:8,w:2},{x:25,y:0,l:3,w:5},],
