====================================== Class_09.2bp-25 =====================================
Reduced size: 60 usedBin: 0
[0, 54]
[1, 45]
[2, 57, 58]
[3]
[4, 46]
[5, 47]
[6, 48, 59]
[8, 49]
[9]
[10, 56]
[11]
[12, 43]
[13]
[14]
[15]
[16]
[17]
[18, 31]
[19, 53]
[20, 41, 55]
[21]
[22]
[23]
[24]
[25, 36, 52]
[26]
[27]
[28]
[29, 34, 50]
[30]
[7, 42, 51]
[32]
[33]
[35]
[37, 44]
[38, 39]
[40]
canvasWidth:100,
canvasHeight:100,
data:[{x:0,y:0,l:95,w:93},{x:93,y:0,l:84,w:6},],
canvasWidth:100,
canvasHeight:100,
data:[{x:0,y:0,l:81,w:99},{x:0,y:81,l:19,w:96},],
canvasWidth:100,
canvasHeight:100,
data:[{x:0,y:0,l:97,w:82},{x:82,y:10,l:28,w:14},{x:82,y:0,l:10,w:15},],
canvasWidth:100,
canvasHeight:100,
data:[{x:0,y:0,l:91,w:85},],
canvasWidth:100,
canvasHeight:100,
data:[{x:0,y:0,l:97,w:78},{x:78,y:0,l:75,w:21},],
canvasWidth:100,
canvasHeight:100,
data:[{x:0,y:0,l:97,w:77},{x:77,y:0,l:71,w:22},],
canvasWidth:100,
canvasHeight:100,
data:[{x:0,y:0,l:97,w:73},{x:73,y:4,l:41,w:24},{x:73,y:0,l:4,w:24},],
canvasWidth:100,
canvasHeight:100,
data:[{x:0,y:0,l:77,w:87},{x:87,y:0,l:72,w:13},],
canvasWidth:100,
canvasHeight:100,
data:[{x:0,y:0,l:69,w:91},],
canvasWidth:100,
canvasHeight:100,
data:[{x:0,y:0,l:90,w:69},{x:69,y:0,l:14,w:30},],
canvasWidth:100,
canvasHeight:100,
data:[{x:0,y:0,l:77,w:80},],
canvasWidth:100,
canvasHeight:100,
data:[{x:0,y:0,l:84,w:73},{x:79,y:0,l:96,w:21},],
canvasWidth:100,
canvasHeight:100,
data:[{x:0,y:0,l:86,w:68},],
canvasWidth:100,
canvasHeight:100,
data:[{x:0,y:0,l:72,w:79},],
canvasWidth:100,
canvasHeight:100,
data:[{x:0,y:0,l:61,w:92},],
canvasWidth:100,
canvasHeight:100,
data:[{x:0,y:0,l:81,w:67},],
canvasWidth:100,
canvasHeight:100,
data:[{x:0,y:0,l:70,w:76},],
canvasWidth:100,
canvasHeight:100,
data:[{x:0,y:53,l:43,w:92},{x:0,y:0,l:53,w:99},],
canvasWidth:100,
canvasHeight:100,
data:[{x:0,y:0,l:87,w:60},{x:60,y:0,l:80,w:8},],
canvasWidth:100,
canvasHeight:100,
data:[{x:0,y:0,l:59,w:88},{x:0,y:59,l:33,w:89},{x:88,y:0,l:38,w:12},],
canvasWidth:100,
canvasHeight:100,
data:[{x:0,y:0,l:76,w:68},],
canvasWidth:100,
canvasHeight:100,
data:[{x:0,y:0,l:73,w:69},],
canvasWidth:100,
canvasHeight:100,
data:[{x:0,y:0,l:73,w:69},],
canvasWidth:100,
canvasHeight:100,
data:[{x:0,y:0,l:75,w:67},],
canvasWidth:100,
canvasHeight:100,
data:[{x:0,y:0,l:88,w:56},{x:56,y:0,l:83,w:41},{x:0,y:88,l:11,w:72},],
canvasWidth:100,
canvasHeight:100,
data:[{x:0,y:0,l:71,w:69},],
canvasWidth:100,
canvasHeight:100,
data:[{x:0,y:0,l:87,w:56},],
canvasWidth:100,
canvasHeight:100,
data:[{x:0,y:0,l:61,w:79},],
canvasWidth:100,
canvasHeight:100,
data:[{x:0,y:0,l:93,w:51},{x:51,y:19,l:81,w:45},{x:51,y:0,l:19,w:44},],
canvasWidth:100,
canvasHeight:100,
data:[{x:0,y:0,l:71,w:59},],
canvasWidth:100,
canvasHeight:100,
data:[{x:0,y:0,l:77,w:89},{x:0,y:77,l:23,w:89},{x:90,y:0,l:80,w:10},],
canvasWidth:100,
canvasHeight:100,
data:[{x:0,y:0,l:58,w:66},],
canvasWidth:100,
canvasHeight:100,
data:[{x:0,y:0,l:61,w:62},],
canvasWidth:100,
canvasHeight:100,
data:[{x:0,y:0,l:65,w:55},],
canvasWidth:100,
canvasHeight:100,
data:[{x:0,y:0,l:58,w:58},{x:58,y:0,l:48,w:41},],
canvasWidth:100,
canvasHeight:100,
data:[{x:0,y:51,l:44,w:76},{x:0,y:0,l:51,w:65},],
canvasWidth:100,
canvasHeight:100,
data:[{x:0,y:0,l:52,w:61},],
Best fit used bin number: 37
Found best solution: 37 0.057

   Statrt add columnAndCut col: 37 cons: 0 cut: 0	0.137

	1 Start Add column using column generation  col: 37 cons: 0 cut: 0	0.137
			Start solve  LP :0.137
			End solve LP obj: 37.0 t: 2
	1 End Add column using column generation : 37.0 col: 37 cons: 0 cut: 0	0.139
   End add columnAndCut : 37.0 colGencnt: 1 price: 0 col: 37 cons: 0 cut: 0	0.139

Node lb: 37.0 ub: 37 : 0.139

Final Found Solution: 37 genNode: 1 extendedNode: 0:0.139
Bin size: 10000
1 : 8835,504, : 9339
2 : 8019,1824, : 9843
3 : 7954,392,150, : 8496
4 : 7735, : 7735
5 : 7566,1575, : 9141
6 : 7469,1562, : 9031
7 : 7081,984,96, : 8161
8 : 6699,936, : 7635
9 : 6279, : 6279
10 : 6210,420, : 6630
11 : 6160, : 6160
12 : 6132,2016, : 8148
13 : 5848, : 5848
14 : 5688, : 5688
15 : 5612, : 5612
16 : 5427, : 5427
17 : 5320, : 5320
18 : 5247,3956, : 9203
19 : 5220,640, : 5860
20 : 5192,2937,456, : 8585
21 : 5168, : 5168
22 : 5037, : 5037
23 : 5037, : 5037
24 : 5025, : 5025
25 : 4928,3403,792, : 9123
26 : 4899, : 4899
27 : 4872, : 4872
28 : 4819, : 4819
29 : 4743,3645,836, : 9224
30 : 4189, : 4189
31 : 6853,2047,800, : 9700
32 : 3828, : 3828
33 : 3782, : 3782
34 : 3575, : 3575
35 : 3364,1968, : 5332
36 : 3344,3315, : 6659
37 : 3172, : 3172
----------------------- 1 ---------------------------
canvasWidth:100,
canvasHeight:100,
data:[{x:0,y:0,l:95,w:93},{x:93,y:0,l:84,w:6},],
----------------------- 2 ---------------------------
canvasWidth:100,
canvasHeight:100,
data:[{x:0,y:0,l:81,w:99},{x:0,y:81,l:19,w:96},],
----------------------- 3 ---------------------------
canvasWidth:100,
canvasHeight:100,
data:[{x:0,y:0,l:97,w:82},{x:82,y:10,l:28,w:14},{x:82,y:0,l:10,w:15},],
----------------------- 4 ---------------------------
canvasWidth:100,
canvasHeight:100,
data:[{x:0,y:0,l:91,w:85},],
----------------------- 5 ---------------------------
canvasWidth:100,
canvasHeight:100,
data:[{x:0,y:0,l:97,w:78},{x:78,y:0,l:75,w:21},],
----------------------- 6 ---------------------------
canvasWidth:100,
canvasHeight:100,
data:[{x:0,y:0,l:97,w:77},{x:77,y:0,l:71,w:22},],
----------------------- 7 ---------------------------
canvasWidth:100,
canvasHeight:100,
data:[{x:0,y:0,l:97,w:73},{x:73,y:4,l:41,w:24},{x:73,y:0,l:4,w:24},],
----------------------- 8 ---------------------------
canvasWidth:100,
canvasHeight:100,
data:[{x:0,y:0,l:77,w:87},{x:87,y:0,l:72,w:13},],
----------------------- 9 ---------------------------
canvasWidth:100,
canvasHeight:100,
data:[{x:0,y:0,l:69,w:91},],
----------------------- 10 ---------------------------
canvasWidth:100,
canvasHeight:100,
data:[{x:0,y:0,l:90,w:69},{x:69,y:0,l:14,w:30},],
----------------------- 11 ---------------------------
canvasWidth:100,
canvasHeight:100,
data:[{x:0,y:0,l:77,w:80},],
----------------------- 12 ---------------------------
canvasWidth:100,
canvasHeight:100,
data:[{x:0,y:0,l:84,w:73},{x:79,y:0,l:96,w:21},],
----------------------- 13 ---------------------------
canvasWidth:100,
canvasHeight:100,
data:[{x:0,y:0,l:86,w:68},],
----------------------- 14 ---------------------------
canvasWidth:100,
canvasHeight:100,
data:[{x:0,y:0,l:72,w:79},],
----------------------- 15 ---------------------------
canvasWidth:100,
canvasHeight:100,
data:[{x:0,y:0,l:61,w:92},],
----------------------- 16 ---------------------------
canvasWidth:100,
canvasHeight:100,
data:[{x:0,y:0,l:81,w:67},],
----------------------- 17 ---------------------------
canvasWidth:100,
canvasHeight:100,
data:[{x:0,y:0,l:70,w:76},],
----------------------- 18 ---------------------------
canvasWidth:100,
canvasHeight:100,
data:[{x:0,y:53,l:43,w:92},{x:0,y:0,l:53,w:99},],
----------------------- 19 ---------------------------
canvasWidth:100,
canvasHeight:100,
data:[{x:0,y:0,l:87,w:60},{x:60,y:0,l:80,w:8},],
----------------------- 20 ---------------------------
canvasWidth:100,
canvasHeight:100,
data:[{x:0,y:0,l:59,w:88},{x:0,y:59,l:33,w:89},{x:88,y:0,l:38,w:12},],
----------------------- 21 ---------------------------
canvasWidth:100,
canvasHeight:100,
data:[{x:0,y:0,l:76,w:68},],
----------------------- 22 ---------------------------
canvasWidth:100,
canvasHeight:100,
data:[{x:0,y:0,l:73,w:69},],
----------------------- 23 ---------------------------
canvasWidth:100,
canvasHeight:100,
data:[{x:0,y:0,l:73,w:69},],
----------------------- 24 ---------------------------
canvasWidth:100,
canvasHeight:100,
data:[{x:0,y:0,l:75,w:67},],
----------------------- 25 ---------------------------
canvasWidth:100,
canvasHeight:100,
data:[{x:0,y:0,l:88,w:56},{x:56,y:0,l:83,w:41},{x:0,y:88,l:11,w:72},],
----------------------- 26 ---------------------------
canvasWidth:100,
canvasHeight:100,
data:[{x:0,y:0,l:71,w:69},],
----------------------- 27 ---------------------------
canvasWidth:100,
canvasHeight:100,
data:[{x:0,y:0,l:87,w:56},],
----------------------- 28 ---------------------------
canvasWidth:100,
canvasHeight:100,
data:[{x:0,y:0,l:61,w:79},],
----------------------- 29 ---------------------------
canvasWidth:100,
canvasHeight:100,
data:[{x:0,y:0,l:93,w:51},{x:51,y:19,l:81,w:45},{x:51,y:0,l:19,w:44},],
----------------------- 30 ---------------------------
canvasWidth:100,
canvasHeight:100,
data:[{x:0,y:0,l:71,w:59},],
----------------------- 31 ---------------------------
canvasWidth:100,
canvasHeight:100,
data:[{x:0,y:0,l:77,w:89},{x:0,y:77,l:23,w:89},{x:90,y:0,l:80,w:10},],
----------------------- 32 ---------------------------
canvasWidth:100,
canvasHeight:100,
data:[{x:0,y:0,l:58,w:66},],
----------------------- 33 ---------------------------
canvasWidth:100,
canvasHeight:100,
data:[{x:0,y:0,l:61,w:62},],
----------------------- 34 ---------------------------
canvasWidth:100,
canvasHeight:100,
data:[{x:0,y:0,l:65,w:55},],
----------------------- 35 ---------------------------
canvasWidth:100,
canvasHeight:100,
data:[{x:0,y:0,l:58,w:58},{x:58,y:0,l:48,w:41},],
----------------------- 36 ---------------------------
canvasWidth:100,
canvasHeight:100,
data:[{x:0,y:51,l:44,w:76},{x:0,y:0,l:51,w:65},],
----------------------- 37 ---------------------------
canvasWidth:100,
canvasHeight:100,
data:[{x:0,y:0,l:52,w:61},],
