====================================== Class_02.2bp-10 =====================================
Reduced size: 40 usedBin: 0
[0, 1, 2, 3, 4, 5, 6, 7, 8, 9, 10, 11, 12, 13, 14, 15, 16, 17, 18, 19, 20, 21, 22, 23, 24, 25, 26, 27, 28, 29, 30, 31, 32, 33, 34, 35, 36, 37, 38, 39]
canvasWidth:30,
canvasHeight:30,
data:[{x:0,y:0,l:9,w:8},{x:8,y:0,l:9,w:7},{x:0,y:9,l:10,w:6},{x:17,y:9,l:6,w:9},{x:19,y:20,l:6,w:8},{x:15,y:0,l:9,w:5},{x:20,y:0,l:9,w:5},{x:25,y:0,l:9,w:5},{x:6,y:9,l:10,w:4},{x:0,y:22,l:8,w:4},{x:0,y:19,l:3,w:10},{x:10,y:22,l:6,w:5},{x:10,y:17,l:4,w:7},{x:10,y:13,l:4,w:7},{x:17,y:15,l:3,w:9},{x:22,y:27,l:3,w:8},{x:4,y:22,l:8,w:3},{x:17,y:20,l:10,w:2},{x:7,y:22,l:6,w:3},{x:15,y:21,l:9,w:2},{x:7,y:28,l:2,w:8},{x:10,y:9,l:4,w:4},{x:26,y:17,l:3,w:1},{x:26,y:9,l:3,w:4},{x:14,y:9,l:4,w:3},{x:17,y:18,l:1,w:9},{x:17,y:19,l:1,w:9},{x:19,y:26,l:4,w:2},{x:27,y:12,l:7,w:1},{x:29,y:19,l:7,w:1},{x:10,y:21,l:1,w:5},{x:27,y:19,l:2,w:2},{x:27,y:21,l:2,w:2},{x:27,y:23,l:2,w:2},{x:21,y:26,l:4,w:1},{x:26,y:13,l:4,w:1},{x:22,y:26,l:1,w:3},{x:28,y:12,l:7,w:2},{x:25,y:26,l:1,w:2},{x:26,y:12,l:1,w:1},],
Best fit used bin number: 1
Found best solution: 1 0.055

   Statrt add columnAndCut col: 1 cons: 0 cut: 0	0.12

	1 Start Add column using column generation  col: 1 cons: 0 cut: 0	0.12
			Start solve  LP :0.121
			End solve LP obj: 1.0 t: 1
	1 End Add column using column generation : 1.0 col: 1 cons: 0 cut: 0	0.122
   End add columnAndCut : 1.0 colGencnt: 1 price: 0 col: 1 cons: 0 cut: 0	0.122

Node lb: 1.0 ub: 1 : 0.123

Final Found Solution: 1 genNode: 1 extendedNode: 0:0.123
Bin size: 900
1 : 72,63,60,54,48,45,45,45,40,32,30,30,28,28,27,24,24,20,18,18,16,16,14,12,12,9,9,8,7,7,5,4,4,4,4,4,3,3,2,1, : 895
----------------------- 1 ---------------------------
canvasWidth:30,
canvasHeight:30,
data:[{x:0,y:0,l:9,w:8},{x:8,y:0,l:9,w:7},{x:0,y:9,l:10,w:6},{x:17,y:9,l:6,w:9},{x:19,y:20,l:6,w:8},{x:15,y:0,l:9,w:5},{x:20,y:0,l:9,w:5},{x:25,y:0,l:9,w:5},{x:6,y:9,l:10,w:4},{x:0,y:22,l:8,w:4},{x:0,y:19,l:3,w:10},{x:10,y:22,l:6,w:5},{x:10,y:17,l:4,w:7},{x:10,y:13,l:4,w:7},{x:17,y:15,l:3,w:9},{x:22,y:27,l:3,w:8},{x:4,y:22,l:8,w:3},{x:17,y:20,l:10,w:2},{x:7,y:22,l:6,w:3},{x:15,y:21,l:9,w:2},{x:7,y:28,l:2,w:8},{x:10,y:9,l:4,w:4},{x:26,y:17,l:3,w:1},{x:26,y:9,l:3,w:4},{x:14,y:9,l:4,w:3},{x:17,y:18,l:1,w:9},{x:17,y:19,l:1,w:9},{x:19,y:26,l:4,w:2},{x:27,y:12,l:7,w:1},{x:29,y:19,l:7,w:1},{x:10,y:21,l:1,w:5},{x:27,y:19,l:2,w:2},{x:27,y:21,l:2,w:2},{x:27,y:23,l:2,w:2},{x:21,y:26,l:4,w:1},{x:26,y:13,l:4,w:1},{x:22,y:26,l:1,w:3},{x:28,y:12,l:7,w:2},{x:25,y:26,l:1,w:2},{x:26,y:12,l:1,w:1},],
