====================================== Class_02.2bp-27 =====================================
Reduced size: 60 usedBin: 0
[0, 1, 2, 3, 4, 5, 6, 7, 10, 13, 17, 23, 26, 29, 31, 41, 52, 53, 56]
[8, 9, 11, 12, 14, 15, 16, 18, 19, 20, 21, 22, 24, 25, 27, 28, 30, 32, 34, 35, 36, 38, 40, 42, 43, 44, 46, 47, 48, 49, 51, 54]
[33, 37, 39, 45, 50, 55, 57, 58, 59]
canvasWidth:30,
canvasHeight:30,
data:[{x:0,y:0,l:8,w:10},{x:0,y:8,l:10,w:8},{x:8,y:8,l:10,w:8},{x:16,y:8,l:10,w:8},{x:10,y:0,l:8,w:9},{x:0,y:18,l:9,w:8},{x:16,y:18,l:10,w:7},{x:19,y:0,l:8,w:8},{x:24,y:8,l:9,w:6},{x:23,y:18,l:7,w:7},{x:8,y:18,l:9,w:5},{x:23,y:25,l:5,w:7},{x:0,y:27,l:3,w:10},{x:13,y:18,l:9,w:3},{x:27,y:0,l:8,w:3},{x:12,y:28,l:2,w:8},{x:24,y:17,l:1,w:6},{x:20,y:28,l:2,w:3},{x:12,y:27,l:1,w:4},],
canvasWidth:30,
canvasHeight:30,
data:[{x:0,y:0,l:7,w:9},{x:9,y:0,l:7,w:8},{x:0,y:7,l:6,w:9},{x:0,y:13,l:10,w:5},{x:17,y:0,l:7,w:7},{x:9,y:7,l:6,w:8},{x:5,y:13,l:5,w:9},{x:24,y:0,l:7,w:6},{x:20,y:13,l:4,w:10},{x:5,y:18,l:4,w:10},{x:17,y:7,l:6,w:6},{x:0,y:23,l:7,w:5},{x:15,y:18,l:4,w:8},{x:7,y:22,l:4,w:8},{x:14,y:13,l:5,w:6},{x:15,y:23,l:7,w:4},{x:23,y:19,l:6,w:4},{x:23,y:7,l:3,w:7},{x:23,y:10,l:3,w:7},{x:19,y:23,l:7,w:3},{x:23,y:25,l:5,w:2},{x:27,y:19,l:6,w:3},{x:7,y:26,l:4,w:4},{x:5,y:22,l:8,w:2},{x:20,y:17,l:1,w:10},{x:25,y:25,l:5,w:4},{x:15,y:22,l:1,w:8},{x:11,y:26,l:4,w:2},{x:13,y:26,l:4,w:2},{x:23,y:18,l:1,w:7},{x:22,y:23,l:7,w:1},{x:29,y:25,l:5,w:1},],
canvasWidth:30,
canvasHeight:30,
data:[{x:0,y:0,l:7,w:3},{x:4,y:0,l:2,w:10},{x:14,y:0,l:2,w:9},{x:4,y:2,l:1,w:9},{x:3,y:0,l:7,w:1},{x:0,y:7,l:1,w:4},{x:23,y:0,l:4,w:1},{x:13,y:2,l:1,w:3},{x:16,y:2,l:1,w:3},],
Best fit used bin number: 3
Found best solution: 3 0.063

   Statrt add columnAndCut col: 3 cons: 0 cut: 0	0.141

	1 Start Add column using column generation  col: 3 cons: 0 cut: 0	0.141
			Start solve  LP :0.141
			End solve LP obj: 3.0 t: 0
	1 End Add column using column generation : 3.0 col: 3 cons: 0 cut: 0	0.141
   End add columnAndCut : 3.0 colGencnt: 1 price: 0 col: 3 cons: 0 cut: 0	0.141

Node lb: 3.0 ub: 3 : 0.141

Final Found Solution: 3 genNode: 1 extendedNode: 0:0.141
Bin size: 900
1 : 80,80,80,80,72,72,70,64,54,49,45,35,30,27,24,16,6,6,4, : 894
2 : 63,56,54,50,49,48,45,42,40,40,36,35,32,32,30,28,24,21,21,21,20,18,16,16,10,10,8,8,8,7,7,5, : 900
3 : 21,20,18,9,7,4,4,3,3, : 89
----------------------- 1 ---------------------------
canvasWidth:30,
canvasHeight:30,
data:[{x:0,y:0,l:8,w:10},{x:0,y:8,l:10,w:8},{x:8,y:8,l:10,w:8},{x:16,y:8,l:10,w:8},{x:10,y:0,l:8,w:9},{x:0,y:18,l:9,w:8},{x:16,y:18,l:10,w:7},{x:19,y:0,l:8,w:8},{x:24,y:8,l:9,w:6},{x:23,y:18,l:7,w:7},{x:8,y:18,l:9,w:5},{x:23,y:25,l:5,w:7},{x:0,y:27,l:3,w:10},{x:13,y:18,l:9,w:3},{x:27,y:0,l:8,w:3},{x:12,y:28,l:2,w:8},{x:24,y:17,l:1,w:6},{x:20,y:28,l:2,w:3},{x:12,y:27,l:1,w:4},],
----------------------- 2 ---------------------------
canvasWidth:30,
canvasHeight:30,
data:[{x:0,y:0,l:7,w:9},{x:9,y:0,l:7,w:8},{x:0,y:7,l:6,w:9},{x:0,y:13,l:10,w:5},{x:17,y:0,l:7,w:7},{x:9,y:7,l:6,w:8},{x:5,y:13,l:5,w:9},{x:24,y:0,l:7,w:6},{x:20,y:13,l:4,w:10},{x:5,y:18,l:4,w:10},{x:17,y:7,l:6,w:6},{x:0,y:23,l:7,w:5},{x:15,y:18,l:4,w:8},{x:7,y:22,l:4,w:8},{x:14,y:13,l:5,w:6},{x:15,y:23,l:7,w:4},{x:23,y:19,l:6,w:4},{x:23,y:7,l:3,w:7},{x:23,y:10,l:3,w:7},{x:19,y:23,l:7,w:3},{x:23,y:25,l:5,w:2},{x:27,y:19,l:6,w:3},{x:7,y:26,l:4,w:4},{x:5,y:22,l:8,w:2},{x:20,y:17,l:1,w:10},{x:25,y:25,l:5,w:4},{x:15,y:22,l:1,w:8},{x:11,y:26,l:4,w:2},{x:13,y:26,l:4,w:2},{x:23,y:18,l:1,w:7},{x:22,y:23,l:7,w:1},{x:29,y:25,l:5,w:1},],
----------------------- 3 ---------------------------
canvasWidth:30,
canvasHeight:30,
data:[{x:0,y:0,l:7,w:3},{x:4,y:0,l:2,w:10},{x:14,y:0,l:2,w:9},{x:4,y:2,l:1,w:9},{x:3,y:0,l:7,w:1},{x:0,y:7,l:1,w:4},{x:23,y:0,l:4,w:1},{x:13,y:2,l:1,w:3},{x:16,y:2,l:1,w:3},],
