====================================== Class_08.2bp-31 =====================================
Reduced size: 80 usedBin: 0
E:\WSKH\2DBPP\NonGuillotine\initSolution\8_32.pack
[0]
[1, 58, 61]
[2, 52]
[3, 68, 69]
[4, 55, 74]
[5, 24, 57]
[6, 53, 60, 77]
[7, 23]
[8, 39]
[9, 45]
[11, 42]
[10, 13, 63, 76, 79]
[15, 21, 43]
[22, 28, 49, 65, 72]
[14, 16, 50]
[12, 20]
[17, 33, 40, 71]
[19, 36, 54, 62, 64, 73]
[25, 30, 32]
[27, 31, 35, 78]
[26, 34, 44]
[29, 37, 56, 59, 67]
[18, 46, 48, 51, 75]
[38, 41, 47, 66, 70]
canvasWidth:100,
canvasHeight:100,
data:[{x:0,y:0,l:97,w:99},],
canvasWidth:100,
canvasHeight:100,
data:[{x:0,y:0,l:92,w:87},{x:87,y:0,l:79,w:9},{x:0,y:92,l:8,w:81},],
canvasWidth:100,
canvasHeight:100,
data:[{x:0,y:0,l:86,w:89},{x:0,y:86,l:14,w:84},],
canvasWidth:100,
canvasHeight:100,
data:[{x:0,y:0,l:99,w:74},{x:74,y:0,l:19,w:22},{x:74,y:19,l:69,w:6},],
canvasWidth:100,
canvasHeight:100,
data:[{x:0,y:0,l:88,w:79},{x:0,y:88,l:12,w:70},{x:70,y:90,l:10,w:16},],
canvasWidth:100,
canvasHeight:100,
data:[{x:0,y:0,l:66,w:92},{x:0,y:66,l:34,w:92},{x:92,y:0,l:99,w:8},],
canvasWidth:100,
canvasHeight:100,
data:[{x:0,y:0,l:85,w:69},{x:0,y:85,l:14,w:74},{x:69,y:0,l:23,w:29},{x:0,y:99,l:1,w:97},],
canvasWidth:100,
canvasHeight:100,
data:[{x:0,y:0,l:87,w:67},{x:67,y:0,l:98,w:33},],
canvasWidth:100,
canvasHeight:100,
data:[{x:0,y:0,l:98,w:56},{x:56,y:0,l:71,w:28},],
canvasWidth:100,
canvasHeight:100,
data:[{x:0,y:0,l:83,w:55},{x:0,y:83,l:16,w:96},],
canvasWidth:100,
canvasHeight:100,
data:[{x:0,y:0,l:78,w:56},{x:0,y:78,l:22,w:80},],
canvasWidth:100,
canvasHeight:100,
data:[{x:0,y:0,l:46,w:95},{x:0,y:46,l:48,w:81},{x:0,y:94,l:6,w:96},{x:95,y:0,l:21,w:5},{x:81,y:46,l:21,w:2},],
canvasWidth:100,
canvasHeight:100,
data:[{x:0,y:0,l:76,w:49},{x:49,y:0,l:69,w:48},{x:0,y:76,l:23,w:72},],
canvasWidth:100,
canvasHeight:100,
data:[{x:0,y:0,l:69,w:47},{x:47,y:0,l:60,w:50},{x:0,y:69,l:16,w:85},{x:0,y:85,l:6,w:83},{x:0,y:97,l:3,w:100},],
canvasWidth:100,
canvasHeight:100,
data:[{x:0,y:0,l:39,w:99},{x:0,y:39,l:47,w:73},{x:0,y:86,l:14,w:90},],
canvasWidth:100,
canvasHeight:100,
data:[{x:0,y:0,l:42,w:98},{x:0,y:42,l:47,w:71},],
canvasWidth:100,
canvasHeight:100,
data:[{x:0,y:0,l:38,w:90},{x:0,y:38,l:32,w:82},{x:0,y:70,l:26,w:71},{x:0,y:96,l:4,w:80},],
canvasWidth:100,
canvasHeight:100,
data:[{x:0,y:0,l:43,w:78},{x:0,y:43,l:33,w:72},{x:0,y:76,l:10,w:93},{x:0,y:86,l:6,w:97},{x:0,y:92,l:6,w:86},{x:0,y:98,l:2,w:94},],
canvasWidth:100,
canvasHeight:100,
data:[{x:0,y:0,l:32,w:96},{x:0,y:32,l:34,w:81},{x:0,y:66,l:34,w:79},],
canvasWidth:100,
canvasHeight:100,
data:[{x:0,y:66,l:1,w:79},{x:0,y:34,l:32,w:84},{x:0,y:67,l:33,w:79},{x:0,y:0,l:34,w:89},],
canvasWidth:100,
canvasHeight:100,
data:[{x:0,y:21,l:41,w:74},{x:0,y:62,l:38,w:69},{x:0,y:0,l:21,w:77},],
canvasWidth:100,
canvasHeight:100,
data:[{x:0,y:49,l:36,w:78},{x:0,y:22,l:27,w:84},{x:0,y:5,l:9,w:92},{x:0,y:14,l:8,w:88},{x:0,y:0,l:5,w:95},],
canvasWidth:100,
canvasHeight:100,
data:[{x:0,y:0,l:36,w:94},{x:0,y:71,l:22,w:69},{x:0,y:36,l:17,w:82},{x:0,y:55,l:16,w:77},{x:0,y:53,l:2,w:78},],
canvasWidth:100,
canvasHeight:100,
data:[{x:0,y:47,l:27,w:79},{x:0,y:0,l:19,w:94},{x:0,y:19,l:17,w:85},{x:0,y:36,l:6,w:82},{x:0,y:42,l:5,w:80},],
Best fit used bin number: 24
Found best solution: 24 0.047

   Statrt add columnAndCut col: 24 cons: 0 cut: 0	0.125

	1 Start Add column using column generation  col: 24 cons: 0 cut: 0	0.125
			Start solve  LP :0.125
			End solve LP obj: 24.0 t: 0
	1 End Add column using column generation : 24.0 col: 24 cons: 0 cut: 0	0.125
   End add columnAndCut : 24.0 colGencnt: 1 price: 0 col: 24 cons: 0 cut: 0	0.125

Node lb: 24.0 ub: 24 : 0.125

Final Found Solution: 24 genNode: 1 extendedNode: 0:0.125
Bin size: 10000
1 : 9603, : 9603
2 : 8004,711,648, : 9363
3 : 7654,1176, : 8830
4 : 7326,418,414, : 8158
5 : 6952,840,160, : 7952
6 : 6072,3128,792, : 9992
7 : 5865,1036,667,97, : 7665
8 : 5829,3234, : 9063
9 : 5488,1988, : 7476
10 : 4565,1536, : 6101
11 : 4368,1760, : 6128
12 : 4370,3888,576,105,42, : 8981
13 : 3724,3312,1656, : 8692
14 : 3243,3000,1360,498,300, : 8401
15 : 3861,3431,1260, : 8552
16 : 4116,3337, : 7453
17 : 3420,2624,1846,320, : 8210
18 : 3354,2376,930,582,516,188, : 7946
19 : 3072,2754,2686, : 8512
20 : 3026,2688,2607,79, : 8400
21 : 3034,2622,1617, : 7273
22 : 2808,2268,828,704,475, : 7083
23 : 3384,1518,1394,1232,156, : 7684
24 : 2133,1786,1445,492,400, : 6256
----------------------- 1 ---------------------------
canvasWidth:100,
canvasHeight:100,
data:[{x:0,y:0,l:97,w:99},],
----------------------- 2 ---------------------------
canvasWidth:100,
canvasHeight:100,
data:[{x:0,y:0,l:92,w:87},{x:87,y:0,l:79,w:9},{x:0,y:92,l:8,w:81},],
----------------------- 3 ---------------------------
canvasWidth:100,
canvasHeight:100,
data:[{x:0,y:0,l:86,w:89},{x:0,y:86,l:14,w:84},],
----------------------- 4 ---------------------------
canvasWidth:100,
canvasHeight:100,
data:[{x:0,y:0,l:99,w:74},{x:74,y:0,l:19,w:22},{x:74,y:19,l:69,w:6},],
----------------------- 5 ---------------------------
canvasWidth:100,
canvasHeight:100,
data:[{x:0,y:0,l:88,w:79},{x:0,y:88,l:12,w:70},{x:70,y:90,l:10,w:16},],
----------------------- 6 ---------------------------
canvasWidth:100,
canvasHeight:100,
data:[{x:0,y:0,l:66,w:92},{x:0,y:66,l:34,w:92},{x:92,y:0,l:99,w:8},],
----------------------- 7 ---------------------------
canvasWidth:100,
canvasHeight:100,
data:[{x:0,y:0,l:85,w:69},{x:0,y:85,l:14,w:74},{x:69,y:0,l:23,w:29},{x:0,y:99,l:1,w:97},],
----------------------- 8 ---------------------------
canvasWidth:100,
canvasHeight:100,
data:[{x:0,y:0,l:87,w:67},{x:67,y:0,l:98,w:33},],
----------------------- 9 ---------------------------
canvasWidth:100,
canvasHeight:100,
data:[{x:0,y:0,l:98,w:56},{x:56,y:0,l:71,w:28},],
----------------------- 10 ---------------------------
canvasWidth:100,
canvasHeight:100,
data:[{x:0,y:0,l:83,w:55},{x:0,y:83,l:16,w:96},],
----------------------- 11 ---------------------------
canvasWidth:100,
canvasHeight:100,
data:[{x:0,y:0,l:78,w:56},{x:0,y:78,l:22,w:80},],
----------------------- 12 ---------------------------
canvasWidth:100,
canvasHeight:100,
data:[{x:0,y:0,l:46,w:95},{x:0,y:46,l:48,w:81},{x:0,y:94,l:6,w:96},{x:95,y:0,l:21,w:5},{x:81,y:46,l:21,w:2},],
----------------------- 13 ---------------------------
canvasWidth:100,
canvasHeight:100,
data:[{x:0,y:0,l:76,w:49},{x:49,y:0,l:69,w:48},{x:0,y:76,l:23,w:72},],
----------------------- 14 ---------------------------
canvasWidth:100,
canvasHeight:100,
data:[{x:0,y:0,l:69,w:47},{x:47,y:0,l:60,w:50},{x:0,y:69,l:16,w:85},{x:0,y:85,l:6,w:83},{x:0,y:97,l:3,w:100},],
----------------------- 15 ---------------------------
canvasWidth:100,
canvasHeight:100,
data:[{x:0,y:0,l:39,w:99},{x:0,y:39,l:47,w:73},{x:0,y:86,l:14,w:90},],
----------------------- 16 ---------------------------
canvasWidth:100,
canvasHeight:100,
data:[{x:0,y:0,l:42,w:98},{x:0,y:42,l:47,w:71},],
----------------------- 17 ---------------------------
canvasWidth:100,
canvasHeight:100,
data:[{x:0,y:0,l:38,w:90},{x:0,y:38,l:32,w:82},{x:0,y:70,l:26,w:71},{x:0,y:96,l:4,w:80},],
----------------------- 18 ---------------------------
canvasWidth:100,
canvasHeight:100,
data:[{x:0,y:0,l:43,w:78},{x:0,y:43,l:33,w:72},{x:0,y:76,l:10,w:93},{x:0,y:86,l:6,w:97},{x:0,y:92,l:6,w:86},{x:0,y:98,l:2,w:94},],
----------------------- 19 ---------------------------
canvasWidth:100,
canvasHeight:100,
data:[{x:0,y:0,l:32,w:96},{x:0,y:32,l:34,w:81},{x:0,y:66,l:34,w:79},],
----------------------- 20 ---------------------------
canvasWidth:100,
canvasHeight:100,
data:[{x:0,y:66,l:1,w:79},{x:0,y:34,l:32,w:84},{x:0,y:67,l:33,w:79},{x:0,y:0,l:34,w:89},],
----------------------- 21 ---------------------------
canvasWidth:100,
canvasHeight:100,
data:[{x:0,y:21,l:41,w:74},{x:0,y:62,l:38,w:69},{x:0,y:0,l:21,w:77},],
----------------------- 22 ---------------------------
canvasWidth:100,
canvasHeight:100,
data:[{x:0,y:49,l:36,w:78},{x:0,y:22,l:27,w:84},{x:0,y:5,l:9,w:92},{x:0,y:14,l:8,w:88},{x:0,y:0,l:5,w:95},],
----------------------- 23 ---------------------------
canvasWidth:100,
canvasHeight:100,
data:[{x:0,y:0,l:36,w:94},{x:0,y:71,l:22,w:69},{x:0,y:36,l:17,w:82},{x:0,y:55,l:16,w:77},{x:0,y:53,l:2,w:78},],
----------------------- 24 ---------------------------
canvasWidth:100,
canvasHeight:100,
data:[{x:0,y:47,l:27,w:79},{x:0,y:0,l:19,w:94},{x:0,y:19,l:17,w:85},{x:0,y:36,l:6,w:82},{x:0,y:42,l:5,w:80},],
