====================================== Class_02.2bp-19 =====================================
Reduced size: 40 usedBin: 0
[0, 1, 2, 3, 4, 5, 6, 7, 8, 9, 10, 11, 12, 13, 16, 17, 18, 19, 20, 21, 22, 26, 27, 29, 30, 31, 32, 34, 35, 37, 38, 39]
[14, 15, 23, 24, 25, 28, 33, 36]
canvasWidth:30,
canvasHeight:30,
data:[{x:0,y:0,l:8,w:8},{x:21,y:9,l:6,w:9},{x:5,y:20,l:9,w:6},{x:0,y:20,l:10,w:5},{x:8,y:0,l:8,w:6},{x:14,y:0,l:8,w:6},{x:0,y:8,l:6,w:7},{x:15,y:8,l:7,w:6},{x:20,y:0,l:4,w:10},{x:7,y:15,l:5,w:8},{x:15,y:15,l:5,w:8},{x:20,y:20,l:6,w:6},{x:26,y:17,l:9,w:4},{x:11,y:20,l:9,w:4},{x:0,y:14,l:4,w:7},{x:11,y:8,l:7,w:4},{x:7,y:8,l:7,w:4},{x:20,y:5,l:3,w:8},{x:23,y:26,l:4,w:6},{x:17,y:26,l:4,w:6},{x:15,y:20,l:6,w:5},{x:0,y:18,l:2,w:7},{x:23,y:15,l:2,w:7},{x:20,y:4,l:1,w:10},{x:23,y:17,l:3,w:3},{x:28,y:5,l:4,w:2},{x:21,y:8,l:1,w:7},{x:5,y:29,l:1,w:4},{x:29,y:26,l:4,w:1},{x:9,y:29,l:1,w:3},{x:12,y:29,l:1,w:3},{x:15,y:26,l:1,w:1},],
canvasWidth:30,
canvasHeight:30,
data:[{x:0,y:0,l:8,w:4},{x:4,y:0,l:8,w:4},{x:8,y:0,l:5,w:3},{x:14,y:0,l:2,w:9},{x:11,y:0,l:5,w:3},{x:8,y:5,l:2,w:6},{x:11,y:7,l:2,w:3},{x:8,y:7,l:1,w:3},],
Best fit used bin number: 2
Found best solution: 2 0.047

   Statrt add columnAndCut col: 2 cons: 0 cut: 0	0.11

	1 Start Add column using column generation  col: 2 cons: 0 cut: 0	0.11
			Start solve  LP :0.11
			End solve LP obj: 2.0 t: 0
	1 End Add column using column generation : 2.0 col: 2 cons: 0 cut: 0	0.11
   End add columnAndCut : 2.0 colGencnt: 1 price: 0 col: 2 cons: 0 cut: 0	0.11

Node lb: 2.0 ub: 2 : 0.11

Final Found Solution: 2 genNode: 1 extendedNode: 0:0.11
Bin size: 900
1 : 64,54,54,50,48,48,42,42,40,40,40,36,36,36,30,28,28,28,24,24,24,14,14,10,9,8,7,4,4,3,3,1, : 893
2 : 32,32,18,15,15,12,6,3, : 133
----------------------- 1 ---------------------------
canvasWidth:30,
canvasHeight:30,
data:[{x:0,y:0,l:8,w:8},{x:21,y:9,l:6,w:9},{x:5,y:20,l:9,w:6},{x:0,y:20,l:10,w:5},{x:8,y:0,l:8,w:6},{x:14,y:0,l:8,w:6},{x:0,y:8,l:6,w:7},{x:15,y:8,l:7,w:6},{x:20,y:0,l:4,w:10},{x:7,y:15,l:5,w:8},{x:15,y:15,l:5,w:8},{x:20,y:20,l:6,w:6},{x:26,y:17,l:9,w:4},{x:11,y:20,l:9,w:4},{x:0,y:14,l:4,w:7},{x:11,y:8,l:7,w:4},{x:7,y:8,l:7,w:4},{x:20,y:5,l:3,w:8},{x:23,y:26,l:4,w:6},{x:17,y:26,l:4,w:6},{x:15,y:20,l:6,w:5},{x:0,y:18,l:2,w:7},{x:23,y:15,l:2,w:7},{x:20,y:4,l:1,w:10},{x:23,y:17,l:3,w:3},{x:28,y:5,l:4,w:2},{x:21,y:8,l:1,w:7},{x:5,y:29,l:1,w:4},{x:29,y:26,l:4,w:1},{x:9,y:29,l:1,w:3},{x:12,y:29,l:1,w:3},{x:15,y:26,l:1,w:1},],
----------------------- 2 ---------------------------
canvasWidth:30,
canvasHeight:30,
data:[{x:0,y:0,l:8,w:4},{x:4,y:0,l:8,w:4},{x:8,y:0,l:5,w:3},{x:14,y:0,l:2,w:9},{x:11,y:0,l:5,w:3},{x:8,y:5,l:2,w:6},{x:11,y:7,l:2,w:3},{x:8,y:7,l:1,w:3},],
