====================================== Class_02.2bp-33 =====================================
Reduced size: 80 usedBin: 0
[0, 1, 2, 3, 4, 5, 6, 8, 11, 12, 13, 34, 36, 44, 47, 57, 60, 66, 68]
[7, 9, 10, 14, 15, 16, 17, 19, 21, 24, 25, 26, 30, 33, 38, 40, 42, 43, 45, 48, 49, 50, 54, 61, 63, 69, 71]
[18, 20, 22, 23, 27, 28, 29, 31, 32, 35, 37, 39, 41, 46, 51, 52, 53, 55, 56, 58, 59, 62, 64, 65, 67, 70, 72, 73, 74, 75, 76, 77, 78, 79]
canvasWidth:30,
canvasHeight:30,
data:[{x:0,y:0,l:9,w:10},{x:0,y:9,l:8,w:10},{x:10,y:0,l:8,w:9},{x:10,y:8,l:9,w:8},{x:18,y:8,l:9,w:8},{x:0,y:17,l:7,w:10},{x:10,y:17,l:10,w:7},{x:19,y:0,l:8,w:8},{x:0,y:24,l:6,w:10},{x:17,y:17,l:6,w:10},{x:17,y:23,l:7,w:8},{x:27,y:0,l:10,w:3},{x:27,y:10,l:10,w:3},{x:10,y:27,l:3,w:7},{x:28,y:20,l:10,w:2},{x:27,y:20,l:10,w:1},{x:26,y:8,l:9,w:1},{x:25,y:23,l:7,w:1},{x:26,y:23,l:7,w:1},],
canvasWidth:30,
canvasHeight:30,
data:[{x:0,y:0,l:10,w:7},{x:7,y:0,l:8,w:8},{x:0,y:10,l:9,w:7},{x:15,y:0,l:6,w:9},{x:24,y:0,l:9,w:6},{x:15,y:9,l:9,w:6},{x:0,y:19,l:6,w:7},{x:21,y:13,l:7,w:7},{x:15,y:21,l:9,w:5},{x:21,y:20,l:10,w:5},{x:7,y:8,l:5,w:8},{x:7,y:22,l:8,w:5},{x:21,y:9,l:4,w:9},{x:0,y:25,l:5,w:6},{x:15,y:6,l:3,w:9},{x:7,y:13,l:3,w:8},{x:7,y:16,l:3,w:8},{x:7,y:19,l:3,w:8},{x:26,y:20,l:10,w:2},{x:15,y:18,l:3,w:6},{x:12,y:22,l:8,w:2},{x:28,y:13,l:8,w:2},{x:28,y:21,l:6,w:2},{x:20,y:21,l:9,w:1},{x:14,y:22,l:8,w:1},{x:28,y:27,l:3,w:2},{x:6,y:25,l:5,w:1},],
canvasWidth:30,
canvasHeight:30,
data:[{x:0,y:0,l:5,w:10},{x:10,y:0,l:9,w:5},{x:19,y:0,l:6,w:7},{x:0,y:9,l:6,w:7},{x:0,y:5,l:4,w:10},{x:18,y:9,l:10,w:4},{x:15,y:0,l:9,w:4},{x:0,y:15,l:7,w:5},{x:25,y:14,l:8,w:4},{x:7,y:9,l:6,w:5},{x:22,y:9,l:4,w:7},{x:26,y:0,l:6,w:4},{x:12,y:9,l:6,w:4},{x:5,y:15,l:2,w:10},{x:19,y:6,l:3,w:5},{x:22,y:14,l:5,w:3},{x:5,y:17,l:5,w:3},{x:24,y:6,l:2,w:6},{x:16,y:9,l:6,w:2},{x:8,y:19,l:1,w:10},{x:29,y:8,l:10,w:1},{x:8,y:17,l:1,w:8},{x:8,y:18,l:1,w:8},{x:16,y:15,l:4,w:2},{x:22,y:13,l:1,w:7},{x:29,y:18,l:6,w:1},{x:24,y:8,l:1,w:5},{x:25,y:22,l:1,w:4},{x:18,y:19,l:1,w:3},{x:29,y:24,l:3,w:1},{x:29,y:27,l:3,w:1},{x:21,y:19,l:1,w:2},{x:23,y:19,l:1,w:2},{x:15,y:15,l:2,w:1},],
Best fit used bin number: 3
Found best solution: 3 0.062

   Statrt add columnAndCut col: 3 cons: 0 cut: 0	0.14

	1 Start Add column using column generation  col: 3 cons: 0 cut: 0	0.14
			Start solve  LP :0.14
			End solve LP obj: 3.0 t: 0
	1 End Add column using column generation : 3.0 col: 3 cons: 0 cut: 0	0.14
   End add columnAndCut : 3.0 colGencnt: 1 price: 0 col: 3 cons: 0 cut: 0	0.14

Node lb: 3.0 ub: 3 : 0.14

Final Found Solution: 3 genNode: 1 extendedNode: 0:0.14
Bin size: 900
1 : 90,80,72,72,72,70,70,64,60,60,56,30,30,21,20,10,9,7,7, : 900
2 : 70,64,63,54,54,54,50,49,45,42,40,40,36,30,27,24,24,24,20,18,16,16,12,9,8,6,5, : 900
3 : 50,45,42,42,40,40,36,35,32,30,28,24,24,20,15,15,15,12,12,10,10,8,8,8,7,6,5,4,3,3,3,2,2,2, : 638
----------------------- 1 ---------------------------
canvasWidth:30,
canvasHeight:30,
data:[{x:0,y:0,l:9,w:10},{x:0,y:9,l:8,w:10},{x:10,y:0,l:8,w:9},{x:10,y:8,l:9,w:8},{x:18,y:8,l:9,w:8},{x:0,y:17,l:7,w:10},{x:10,y:17,l:10,w:7},{x:19,y:0,l:8,w:8},{x:0,y:24,l:6,w:10},{x:17,y:17,l:6,w:10},{x:17,y:23,l:7,w:8},{x:27,y:0,l:10,w:3},{x:27,y:10,l:10,w:3},{x:10,y:27,l:3,w:7},{x:28,y:20,l:10,w:2},{x:27,y:20,l:10,w:1},{x:26,y:8,l:9,w:1},{x:25,y:23,l:7,w:1},{x:26,y:23,l:7,w:1},],
----------------------- 2 ---------------------------
canvasWidth:30,
canvasHeight:30,
data:[{x:0,y:0,l:10,w:7},{x:7,y:0,l:8,w:8},{x:0,y:10,l:9,w:7},{x:15,y:0,l:6,w:9},{x:24,y:0,l:9,w:6},{x:15,y:9,l:9,w:6},{x:0,y:19,l:6,w:7},{x:21,y:13,l:7,w:7},{x:15,y:21,l:9,w:5},{x:21,y:20,l:10,w:5},{x:7,y:8,l:5,w:8},{x:7,y:22,l:8,w:5},{x:21,y:9,l:4,w:9},{x:0,y:25,l:5,w:6},{x:15,y:6,l:3,w:9},{x:7,y:13,l:3,w:8},{x:7,y:16,l:3,w:8},{x:7,y:19,l:3,w:8},{x:26,y:20,l:10,w:2},{x:15,y:18,l:3,w:6},{x:12,y:22,l:8,w:2},{x:28,y:13,l:8,w:2},{x:28,y:21,l:6,w:2},{x:20,y:21,l:9,w:1},{x:14,y:22,l:8,w:1},{x:28,y:27,l:3,w:2},{x:6,y:25,l:5,w:1},],
----------------------- 3 ---------------------------
canvasWidth:30,
canvasHeight:30,
data:[{x:0,y:0,l:5,w:10},{x:10,y:0,l:9,w:5},{x:19,y:0,l:6,w:7},{x:0,y:9,l:6,w:7},{x:0,y:5,l:4,w:10},{x:18,y:9,l:10,w:4},{x:15,y:0,l:9,w:4},{x:0,y:15,l:7,w:5},{x:25,y:14,l:8,w:4},{x:7,y:9,l:6,w:5},{x:22,y:9,l:4,w:7},{x:26,y:0,l:6,w:4},{x:12,y:9,l:6,w:4},{x:5,y:15,l:2,w:10},{x:19,y:6,l:3,w:5},{x:22,y:14,l:5,w:3},{x:5,y:17,l:5,w:3},{x:24,y:6,l:2,w:6},{x:16,y:9,l:6,w:2},{x:8,y:19,l:1,w:10},{x:29,y:8,l:10,w:1},{x:8,y:17,l:1,w:8},{x:8,y:18,l:1,w:8},{x:16,y:15,l:4,w:2},{x:22,y:13,l:1,w:7},{x:29,y:18,l:6,w:1},{x:24,y:8,l:1,w:5},{x:25,y:22,l:1,w:4},{x:18,y:19,l:1,w:3},{x:29,y:24,l:3,w:1},{x:29,y:27,l:3,w:1},{x:21,y:19,l:1,w:2},{x:23,y:19,l:1,w:2},{x:15,y:15,l:2,w:1},],
