====================================== Class_05.2bp-42 =====================================
Reduced size: 100 usedBin: 0
[0, 43, 82, 94]
[1, 58, 68, 84]
[2, 59, 69, 87]
[3, 36, 81, 92]
[5, 46, 70, 79, 90, 98]
[4, 47, 64, 95]
[6, 53, 54, 78]
[7, 51, 57, 73]
[8, 26, 76, 77]
[9, 41, 44, 85, 97]
[10, 37, 65]
[11, 33, 48, 89]
[12, 28, 62, 91, 93, 96]
[14, 32, 61, 72]
[15, 17, 83]
[16, 21, 75]
[18, 34, 66, 67]
[19, 24, 56]
[22, 38, 45, 49, 99]
[25, 27, 55, 63, 80]
[23, 30, 50, 74]
[13, 20]
[29, 35, 39, 40, 88]
[31, 42, 52, 60, 71, 86]
canvasWidth:100,
canvasHeight:100,
data:[{x:0,y:0,l:78,w:96},{x:0,y:78,l:20,w:93},{x:96,y:0,l:78,w:4},{x:93,y:84,l:16,w:7},],
canvasWidth:100,
canvasHeight:100,
data:[{x:0,y:0,l:89,w:83},{x:86,y:0,l:93,w:14},{x:0,y:89,l:10,w:70},{x:83,y:0,l:88,w:3},],
canvasWidth:100,
canvasHeight:100,
data:[{x:0,y:0,l:100,w:71},{x:71,y:51,l:49,w:26},{x:71,y:0,l:50,w:14},{x:85,y:0,l:38,w:5},],
canvasWidth:100,
canvasHeight:100,
data:[{x:0,y:0,l:71,w:94},{x:0,y:71,l:29,w:75},{x:94,y:0,l:54,w:6},{x:94,y:54,l:19,w:6},],
canvasWidth:100,
canvasHeight:100,
data:[{x:0,y:0,l:93,w:67},{x:78,y:0,l:78,w:22},{x:67,y:15,l:23,w:2},{x:69,y:78,l:22,w:31},{x:0,y:93,l:7,w:59},{x:67,y:0,l:15,w:10},],
canvasWidth:100,
canvasHeight:100,
data:[{x:0,y:0,l:75,w:88},{x:0,y:75,l:23,w:74},{x:89,y:0,l:89,w:11},{x:74,y:75,l:7,w:15},],
canvasWidth:100,
canvasHeight:100,
data:[{x:0,y:61,l:8,w:57},{x:0,y:69,l:31,w:46},{x:46,y:69,l:26,w:54},{x:0,y:0,l:61,w:94},],
canvasWidth:100,
canvasHeight:100,
data:[{x:0,y:0,l:79,w:72},{x:72,y:0,l:75,w:20},{x:0,y:79,l:21,w:63},{x:72,y:75,l:22,w:28},],
canvasWidth:100,
canvasHeight:100,
data:[{x:0,y:0,l:95,w:55},{x:55,y:0,l:80,w:41},{x:55,y:80,l:13,w:38},{x:0,y:95,l:5,w:94},],
canvasWidth:100,
canvasHeight:100,
data:[{x:0,y:0,l:69,w:75},{x:0,y:69,l:27,w:74},{x:76,y:12,l:88,w:21},{x:0,y:96,l:4,w:58},{x:74,y:70,l:30,w:2},],
canvasWidth:100,
canvasHeight:100,
data:[{x:0,y:0,l:58,w:89},{x:0,y:58,l:23,w:94},{x:0,y:81,l:19,w:48},],
canvasWidth:100,
canvasHeight:100,
data:[{x:0,y:0,l:99,w:51},{x:51,y:0,l:63,w:42},{x:51,y:64,l:36,w:44},{x:93,y:0,l:24,w:7},],
canvasWidth:100,
canvasHeight:100,
data:[{x:0,y:0,l:57,w:87},{x:0,y:57,l:37,w:78},{x:87,y:0,l:81,w:13},{x:78,y:57,l:14,w:9},{x:94,y:81,l:19,w:6},{x:78,y:71,l:13,w:6},],
canvasWidth:100,
canvasHeight:100,
data:[{x:0,y:0,l:90,w:55},{x:55,y:0,l:59,w:45},{x:65,y:59,l:32,w:35},{x:22,y:91,l:8,w:78},],
canvasWidth:100,
canvasHeight:100,
data:[{x:0,y:0,l:95,w:52},{x:52,y:0,l:97,w:48},{x:7,y:97,l:3,w:93},],
canvasWidth:100,
canvasHeight:100,
data:[{x:0,y:0,l:90,w:53},{x:53,y:0,l:93,w:47},{x:17,y:93,l:7,w:83},],
canvasWidth:100,
canvasHeight:100,
data:[{x:0,y:0,l:86,w:54},{x:54,y:0,l:69,w:37},{x:54,y:69,l:29,w:28},{x:0,y:86,l:14,w:50},],
canvasWidth:100,
canvasHeight:100,
data:[{x:0,y:0,l:84,w:53},{x:53,y:0,l:80,w:47},{x:0,y:84,l:14,w:97},],
canvasWidth:100,
canvasHeight:100,
data:[{x:0,y:0,l:62,w:68},{x:68,y:0,l:64,w:32},{x:0,y:62,l:35,w:51},{x:51,y:64,l:33,w:47},{x:55,y:62,l:2,w:13},],
canvasWidth:100,
canvasHeight:100,
data:[{x:0,y:0,l:51,w:65},{x:65,y:0,l:87,w:35},{x:0,y:51,l:24,w:57},{x:0,y:75,l:21,w:49},{x:49,y:87,l:7,w:48},],
canvasWidth:100,
canvasHeight:100,
data:[{x:0,y:51,l:49,w:80},{x:0,y:0,l:51,w:54},{x:54,y:0,l:35,w:44},{x:54,y:35,l:15,w:40},],
canvasWidth:100,
canvasHeight:100,
data:[{x:0,y:0,l:50,w:99},{x:0,y:50,l:50,w:88},],
canvasWidth:100,
canvasHeight:100,
data:[{x:0,y:0,l:50,w:56},{x:0,y:50,l:48,w:50},{x:56,y:0,l:52,w:39},{x:50,y:52,l:46,w:44},{x:0,y:98,l:2,w:91},],
canvasWidth:100,
canvasHeight:100,
data:[{x:0,y:0,l:56,w:48},{x:0,y:56,l:31,w:60},{x:60,y:0,l:50,w:30},{x:72,y:50,l:41,w:28},{x:0,y:87,l:10,w:66},{x:0,y:97,l:3,w:77},],
Best fit used bin number: 24
Found best solution: 24 0.062

   Statrt add columnAndCut col: 24 cons: 0 cut: 0	0.172

	1 Start Add column using column generation  col: 24 cons: 0 cut: 0	0.172
			Start solve  LP :0.172
			End solve LP obj: 24.0 t: 0
	1 End Add column using column generation : 24.0 col: 24 cons: 0 cut: 0	0.172
   End add columnAndCut : 24.0 colGencnt: 1 price: 0 col: 24 cons: 0 cut: 0	0.172

Node lb: 24.0 ub: 24 : 0.172

Final Found Solution: 24 genNode: 1 extendedNode: 0:0.172
Bin size: 10000
1 : 7488,1860,312,112, : 9772
2 : 7387,1302,700,264, : 9653
3 : 7100,1274,700,190, : 9264
4 : 6674,2175,324,114, : 9287
5 : 6231,1716,682,413,150,46, : 9238
6 : 6600,1702,979,105, : 9386
7 : 5734,1426,1404,456, : 9020
8 : 5688,1500,1323,616, : 9127
9 : 5225,3280,494,470, : 9469
10 : 5175,1998,1848,232,60, : 9313
11 : 5162,2162,912, : 8236
12 : 5049,2646,1584,168, : 9447
13 : 4959,2886,1053,126,114,78, : 9216
14 : 4950,2655,1120,624, : 9349
15 : 4940,4656,279, : 9875
16 : 4770,4371,581, : 9722
17 : 4644,2553,812,700, : 8709
18 : 4452,3760,1358, : 9570
19 : 4216,2048,1785,1551,26, : 9626
20 : 3315,3045,1368,1029,336, : 9093
21 : 3920,2754,1540,600, : 8814
22 : 4950,4400, : 9350
23 : 2800,2400,2028,2024,182, : 9434
24 : 2688,1860,1500,1148,660,231, : 8087
----------------------- 1 ---------------------------
canvasWidth:100,
canvasHeight:100,
data:[{x:0,y:0,l:78,w:96},{x:0,y:78,l:20,w:93},{x:96,y:0,l:78,w:4},{x:93,y:84,l:16,w:7},],
----------------------- 2 ---------------------------
canvasWidth:100,
canvasHeight:100,
data:[{x:0,y:0,l:89,w:83},{x:86,y:0,l:93,w:14},{x:0,y:89,l:10,w:70},{x:83,y:0,l:88,w:3},],
----------------------- 3 ---------------------------
canvasWidth:100,
canvasHeight:100,
data:[{x:0,y:0,l:100,w:71},{x:71,y:51,l:49,w:26},{x:71,y:0,l:50,w:14},{x:85,y:0,l:38,w:5},],
----------------------- 4 ---------------------------
canvasWidth:100,
canvasHeight:100,
data:[{x:0,y:0,l:71,w:94},{x:0,y:71,l:29,w:75},{x:94,y:0,l:54,w:6},{x:94,y:54,l:19,w:6},],
----------------------- 5 ---------------------------
canvasWidth:100,
canvasHeight:100,
data:[{x:0,y:0,l:93,w:67},{x:78,y:0,l:78,w:22},{x:67,y:15,l:23,w:2},{x:69,y:78,l:22,w:31},{x:0,y:93,l:7,w:59},{x:67,y:0,l:15,w:10},],
----------------------- 6 ---------------------------
canvasWidth:100,
canvasHeight:100,
data:[{x:0,y:0,l:75,w:88},{x:0,y:75,l:23,w:74},{x:89,y:0,l:89,w:11},{x:74,y:75,l:7,w:15},],
----------------------- 7 ---------------------------
canvasWidth:100,
canvasHeight:100,
data:[{x:0,y:61,l:8,w:57},{x:0,y:69,l:31,w:46},{x:46,y:69,l:26,w:54},{x:0,y:0,l:61,w:94},],
----------------------- 8 ---------------------------
canvasWidth:100,
canvasHeight:100,
data:[{x:0,y:0,l:79,w:72},{x:72,y:0,l:75,w:20},{x:0,y:79,l:21,w:63},{x:72,y:75,l:22,w:28},],
----------------------- 9 ---------------------------
canvasWidth:100,
canvasHeight:100,
data:[{x:0,y:0,l:95,w:55},{x:55,y:0,l:80,w:41},{x:55,y:80,l:13,w:38},{x:0,y:95,l:5,w:94},],
----------------------- 10 ---------------------------
canvasWidth:100,
canvasHeight:100,
data:[{x:0,y:0,l:69,w:75},{x:0,y:69,l:27,w:74},{x:76,y:12,l:88,w:21},{x:0,y:96,l:4,w:58},{x:74,y:70,l:30,w:2},],
----------------------- 11 ---------------------------
canvasWidth:100,
canvasHeight:100,
data:[{x:0,y:0,l:58,w:89},{x:0,y:58,l:23,w:94},{x:0,y:81,l:19,w:48},],
----------------------- 12 ---------------------------
canvasWidth:100,
canvasHeight:100,
data:[{x:0,y:0,l:99,w:51},{x:51,y:0,l:63,w:42},{x:51,y:64,l:36,w:44},{x:93,y:0,l:24,w:7},],
----------------------- 13 ---------------------------
canvasWidth:100,
canvasHeight:100,
data:[{x:0,y:0,l:57,w:87},{x:0,y:57,l:37,w:78},{x:87,y:0,l:81,w:13},{x:78,y:57,l:14,w:9},{x:94,y:81,l:19,w:6},{x:78,y:71,l:13,w:6},],
----------------------- 14 ---------------------------
canvasWidth:100,
canvasHeight:100,
data:[{x:0,y:0,l:90,w:55},{x:55,y:0,l:59,w:45},{x:65,y:59,l:32,w:35},{x:22,y:91,l:8,w:78},],
----------------------- 15 ---------------------------
canvasWidth:100,
canvasHeight:100,
data:[{x:0,y:0,l:95,w:52},{x:52,y:0,l:97,w:48},{x:7,y:97,l:3,w:93},],
----------------------- 16 ---------------------------
canvasWidth:100,
canvasHeight:100,
data:[{x:0,y:0,l:90,w:53},{x:53,y:0,l:93,w:47},{x:17,y:93,l:7,w:83},],
----------------------- 17 ---------------------------
canvasWidth:100,
canvasHeight:100,
data:[{x:0,y:0,l:86,w:54},{x:54,y:0,l:69,w:37},{x:54,y:69,l:29,w:28},{x:0,y:86,l:14,w:50},],
----------------------- 18 ---------------------------
canvasWidth:100,
canvasHeight:100,
data:[{x:0,y:0,l:84,w:53},{x:53,y:0,l:80,w:47},{x:0,y:84,l:14,w:97},],
----------------------- 19 ---------------------------
canvasWidth:100,
canvasHeight:100,
data:[{x:0,y:0,l:62,w:68},{x:68,y:0,l:64,w:32},{x:0,y:62,l:35,w:51},{x:51,y:64,l:33,w:47},{x:55,y:62,l:2,w:13},],
----------------------- 20 ---------------------------
canvasWidth:100,
canvasHeight:100,
data:[{x:0,y:0,l:51,w:65},{x:65,y:0,l:87,w:35},{x:0,y:51,l:24,w:57},{x:0,y:75,l:21,w:49},{x:49,y:87,l:7,w:48},],
----------------------- 21 ---------------------------
canvasWidth:100,
canvasHeight:100,
data:[{x:0,y:51,l:49,w:80},{x:0,y:0,l:51,w:54},{x:54,y:0,l:35,w:44},{x:54,y:35,l:15,w:40},],
----------------------- 22 ---------------------------
canvasWidth:100,
canvasHeight:100,
data:[{x:0,y:0,l:50,w:99},{x:0,y:50,l:50,w:88},],
----------------------- 23 ---------------------------
canvasWidth:100,
canvasHeight:100,
data:[{x:0,y:0,l:50,w:56},{x:0,y:50,l:48,w:50},{x:56,y:0,l:52,w:39},{x:50,y:52,l:46,w:44},{x:0,y:98,l:2,w:91},],
----------------------- 24 ---------------------------
canvasWidth:100,
canvasHeight:100,
data:[{x:0,y:0,l:56,w:48},{x:0,y:56,l:31,w:60},{x:60,y:0,l:50,w:30},{x:72,y:50,l:41,w:28},{x:0,y:87,l:10,w:66},{x:0,y:97,l:3,w:77},],
