====================================== Class_02.2bp-29 =====================================
Reduced size: 60 usedBin: 0
[0, 1, 2, 3, 4, 7, 8, 11, 12, 19, 29, 30, 31, 32, 37, 44, 49, 50, 51, 52, 54, 58]
[5, 6, 10, 13, 14, 15, 16, 17, 20, 21, 22, 23, 24, 25, 27, 28, 33, 35, 41, 42, 43, 53, 55, 56, 57, 59]
[9, 18, 26, 34, 36, 38, 39, 40, 45, 46, 47, 48]
canvasWidth:30,
canvasHeight:30,
data:[{x:0,y:0,l:8,w:10},{x:10,y:0,l:8,w:10},{x:0,y:9,l:10,w:8},{x:8,y:9,l:8,w:9},{x:0,y:19,l:9,w:8},{x:8,y:17,l:10,w:7},{x:17,y:9,l:8,w:8},{x:8,y:27,l:3,w:9},{x:20,y:0,l:6,w:10},{x:15,y:17,l:10,w:6},{x:25,y:9,l:9,w:5},{x:20,y:6,l:3,w:10},{x:25,y:18,l:6,w:5},{x:21,y:17,l:7,w:4},{x:26,y:24,l:6,w:4},{x:23,y:24,l:6,w:3},{x:0,y:28,l:2,w:6},{x:17,y:27,l:3,w:4},{x:21,y:24,l:6,w:2},{x:10,y:8,l:1,w:10},{x:0,y:8,l:1,w:10},{x:6,y:28,l:2,w:2},],
canvasWidth:30,
canvasHeight:30,
data:[{x:0,y:0,l:10,w:7},{x:7,y:0,l:10,w:7},{x:20,y:0,l:9,w:7},{x:0,y:10,l:6,w:9},{x:0,y:24,l:6,w:9},{x:16,y:19,l:6,w:9},{x:16,y:10,l:9,w:6},{x:22,y:9,l:6,w:8},{x:9,y:24,l:6,w:7},{x:14,y:0,l:10,w:4},{x:4,y:18,l:6,w:6},{x:12,y:10,l:9,w:4},{x:22,y:15,l:4,w:8},{x:0,y:16,l:8,w:4},{x:10,y:19,l:5,w:6},{x:16,y:25,l:5,w:6},{x:27,y:0,l:9,w:3},{x:25,y:19,l:5,w:5},{x:26,y:24,l:5,w:4},{x:18,y:0,l:10,w:2},{x:10,y:10,l:9,w:2},{x:4,y:16,l:2,w:5},{x:9,y:10,l:8,w:1},{x:22,y:25,l:2,w:3},{x:22,y:27,l:3,w:2},{x:20,y:9,l:1,w:2},],
canvasWidth:30,
canvasHeight:30,
data:[{x:0,y:0,l:8,w:6},{x:9,y:0,l:4,w:8},{x:0,y:8,l:3,w:9},{x:0,y:11,l:7,w:9},{x:9,y:4,l:3,w:8},{x:9,y:7,l:3,w:8},{x:6,y:0,l:8,w:3},{x:17,y:0,l:7,w:3},{x:22,y:0,l:4,w:4},{x:9,y:10,l:8,w:2},{x:20,y:0,l:7,w:2},{x:26,y:0,l:4,w:3},],
Best fit used bin number: 3
Found best solution: 3 0.062

   Statrt add columnAndCut col: 3 cons: 0 cut: 0	0.125

	1 Start Add column using column generation  col: 3 cons: 0 cut: 0	0.125
			Start solve  LP :0.125
			End solve LP obj: 3.0 t: 0
	1 End Add column using column generation : 3.0 col: 3 cons: 0 cut: 0	0.125
   End add columnAndCut : 3.0 colGencnt: 1 price: 0 col: 3 cons: 0 cut: 0	0.125

Node lb: 3.0 ub: 3 : 0.125

Final Found Solution: 3 genNode: 1 extendedNode: 0:0.125
Bin size: 900
1 : 80,80,80,72,72,70,64,60,60,45,30,30,28,27,24,18,12,12,12,10,10,4, : 900
2 : 70,70,63,54,54,54,54,48,42,40,36,36,32,32,30,30,27,25,20,20,18,10,8,6,6,2, : 887
3 : 63,48,32,27,24,24,24,21,16,16,14,12, : 321
----------------------- 1 ---------------------------
canvasWidth:30,
canvasHeight:30,
data:[{x:0,y:0,l:8,w:10},{x:10,y:0,l:8,w:10},{x:0,y:9,l:10,w:8},{x:8,y:9,l:8,w:9},{x:0,y:19,l:9,w:8},{x:8,y:17,l:10,w:7},{x:17,y:9,l:8,w:8},{x:8,y:27,l:3,w:9},{x:20,y:0,l:6,w:10},{x:15,y:17,l:10,w:6},{x:25,y:9,l:9,w:5},{x:20,y:6,l:3,w:10},{x:25,y:18,l:6,w:5},{x:21,y:17,l:7,w:4},{x:26,y:24,l:6,w:4},{x:23,y:24,l:6,w:3},{x:0,y:28,l:2,w:6},{x:17,y:27,l:3,w:4},{x:21,y:24,l:6,w:2},{x:10,y:8,l:1,w:10},{x:0,y:8,l:1,w:10},{x:6,y:28,l:2,w:2},],
----------------------- 2 ---------------------------
canvasWidth:30,
canvasHeight:30,
data:[{x:0,y:0,l:10,w:7},{x:7,y:0,l:10,w:7},{x:20,y:0,l:9,w:7},{x:0,y:10,l:6,w:9},{x:0,y:24,l:6,w:9},{x:16,y:19,l:6,w:9},{x:16,y:10,l:9,w:6},{x:22,y:9,l:6,w:8},{x:9,y:24,l:6,w:7},{x:14,y:0,l:10,w:4},{x:4,y:18,l:6,w:6},{x:12,y:10,l:9,w:4},{x:22,y:15,l:4,w:8},{x:0,y:16,l:8,w:4},{x:10,y:19,l:5,w:6},{x:16,y:25,l:5,w:6},{x:27,y:0,l:9,w:3},{x:25,y:19,l:5,w:5},{x:26,y:24,l:5,w:4},{x:18,y:0,l:10,w:2},{x:10,y:10,l:9,w:2},{x:4,y:16,l:2,w:5},{x:9,y:10,l:8,w:1},{x:22,y:25,l:2,w:3},{x:22,y:27,l:3,w:2},{x:20,y:9,l:1,w:2},],
----------------------- 3 ---------------------------
canvasWidth:30,
canvasHeight:30,
data:[{x:0,y:0,l:8,w:6},{x:9,y:0,l:4,w:8},{x:0,y:8,l:3,w:9},{x:0,y:11,l:7,w:9},{x:9,y:4,l:3,w:8},{x:9,y:7,l:3,w:8},{x:6,y:0,l:8,w:3},{x:17,y:0,l:7,w:3},{x:22,y:0,l:4,w:4},{x:9,y:10,l:8,w:2},{x:20,y:0,l:7,w:2},{x:26,y:0,l:4,w:3},],
