====================================== Class_08.2bp-38 =====================================
Reduced size: 80 usedBin: 0
[0, 48, 64, 78]
[1, 43, 70, 74]
[2, 54, 58, 61, 67]
[3, 25, 57]
[4, 37, 65]
[5, 11, 79]
[6, 27, 55, 63]
[7, 9]
[20, 23, 34]
[8, 12, 71, 77]
[10, 13, 68, 76]
[14, 15]
[16, 28, 66]
[17, 18, 59]
[19, 22, 42, 53]
[26, 29, 31, 72]
[21, 33, 36]
[30, 35, 40, 60]
[24, 38, 41, 51, 69]
[39, 44, 45, 49, 56, 62, 73]
[32, 46, 47, 50, 52, 75]
canvasWidth:100,
canvasHeight:100,
data:[{x:0,y:0,l:77,w:96},{x:0,y:83,l:15,w:90},{x:0,y:77,l:6,w:100},{x:96,y:0,l:25,w:3},],
canvasWidth:100,
canvasHeight:100,
data:[{x:0,y:0,l:93,w:79},{x:79,y:0,l:89,w:21},{x:0,y:96,l:4,w:89},{x:0,y:93,l:3,w:79},],
canvasWidth:100,
canvasHeight:100,
data:[{x:0,y:0,l:82,w:80},{x:80,y:0,l:48,w:20},{x:80,y:48,l:37,w:20},{x:0,y:82,l:9,w:80},{x:0,y:91,l:6,w:69},],
canvasWidth:100,
canvasHeight:100,
data:[{x:0,y:0,l:60,w:91},{x:0,y:60,l:40,w:79},{x:91,y:0,l:83,w:9},],
canvasWidth:100,
canvasHeight:100,
data:[{x:0,y:0,l:72,w:75},{x:0,y:72,l:28,w:84},{x:75,y:0,l:22,w:22},],
canvasWidth:100,
canvasHeight:100,
data:[{x:0,y:0,l:56,w:96},{x:0,y:56,l:44,w:99},{x:99,y:78,l:22,w:1},],
canvasWidth:100,
canvasHeight:100,
data:[{x:0,y:0,l:90,w:56},{x:56,y:0,l:71,w:44},{x:0,y:90,l:10,w:94},{x:56,y:71,l:15,w:40},],
canvasWidth:100,
canvasHeight:100,
data:[{x:0,y:0,l:52,w:93},{x:0,y:52,l:48,w:96},],
canvasWidth:100,
canvasHeight:100,
data:[{x:0,y:33,l:36,w:98},{x:0,y:0,l:33,w:98},{x:0,y:69,l:27,w:100},],
canvasWidth:100,
canvasHeight:100,
data:[{x:0,y:0,l:49,w:96},{x:0,y:49,l:46,w:94},{x:0,y:95,l:4,w:74},{x:94,y:49,l:16,w:6},],
canvasWidth:100,
canvasHeight:100,
data:[{x:0,y:0,l:48,w:91},{x:0,y:48,l:48,w:87},{x:87,y:48,l:33,w:12},{x:0,y:96,l:2,w:67},],
canvasWidth:100,
canvasHeight:100,
data:[{x:0,y:0,l:50,w:81},{x:0,y:50,l:50,w:77},],
canvasWidth:100,
canvasHeight:100,
data:[{x:0,y:0,l:92,w:41},{x:41,y:0,l:80,w:39},{x:0,y:94,l:6,w:74},],
canvasWidth:100,
canvasHeight:100,
data:[{x:0,y:90,l:10,w:74},{x:0,y:0,l:41,w:89},{x:0,y:41,l:49,w:74},],
canvasWidth:100,
canvasHeight:100,
data:[{x:0,y:0,l:46,w:77},{x:78,y:0,l:86,w:22},{x:0,y:46,l:43,w:77},{x:0,y:89,l:11,w:88},],
canvasWidth:100,
canvasHeight:100,
data:[{x:0,y:0,l:33,w:95},{x:0,y:33,l:31,w:97},{x:0,y:64,l:31,w:94},{x:0,y:95,l:4,w:73},],
canvasWidth:100,
canvasHeight:100,
data:[{x:0,y:0,l:69,w:48},{x:48,y:0,l:73,w:37},{x:0,y:73,l:27,w:94},],
canvasWidth:100,
canvasHeight:100,
data:[{x:0,y:0,l:80,w:32},{x:32,y:0,l:45,w:66},{x:53,y:45,l:45,w:47},{x:0,y:80,l:15,w:48},],
canvasWidth:100,
canvasHeight:100,
data:[{x:0,y:0,l:37,w:87},{x:0,y:37,l:28,w:79},{x:0,y:65,l:22,w:88},{x:0,y:87,l:12,w:86},{x:79,y:39,l:26,w:14},],
canvasWidth:100,
canvasHeight:100,
data:[{x:0,y:0,l:66,w:28},{x:28,y:13,l:31,w:70},{x:0,y:77,l:21,w:80},{x:28,y:54,l:20,w:67},{x:28,y:0,l:13,w:72},{x:28,y:44,l:10,w:69},{x:0,y:74,l:3,w:94},],
canvasWidth:100,
canvasHeight:100,
data:[{x:0,y:71,l:29,w:99},{x:0,y:0,l:21,w:71},{x:0,y:56,l:15,w:99},{x:0,y:24,l:16,w:81},{x:0,y:40,l:13,w:76},{x:0,y:21,l:3,w:71},],
Best fit used bin number: 21
Found best solution: 21 0.063

   Statrt add columnAndCut col: 21 cons: 0 cut: 0	0.141

	1 Start Add column using column generation  col: 21 cons: 0 cut: 0	0.141
			Start solve  LP :0.141
			End solve LP obj: 21.0 t: 0
	1 End Add column using column generation : 21.0 col: 21 cons: 0 cut: 0	0.141
   End add columnAndCut : 21.0 colGencnt: 1 price: 0 col: 21 cons: 0 cut: 0	0.141

Node lb: 21.0 ub: 21 : 0.141

Final Found Solution: 21 genNode: 1 extendedNode: 0:0.141
Bin size: 10000
1 : 7392,1350,600,75, : 9417
2 : 7347,1869,356,237, : 9809
3 : 6560,960,740,720,414, : 9394
4 : 5460,3160,747, : 9367
5 : 5400,2352,484, : 8236
6 : 5376,4356,22, : 9754
7 : 5040,3124,940,600, : 9704
8 : 4836,4608, : 9444
9 : 3528,3234,2700, : 9462
10 : 4704,4324,296,96, : 9420
11 : 4368,4176,396,134, : 9074
12 : 4050,3850, : 7900
13 : 3772,3120,444, : 7336
14 : 3649,3626,740, : 8015
15 : 3542,3311,1892,968, : 9713
16 : 3135,3007,2914,292, : 9348
17 : 3312,2701,2538, : 8551
18 : 2970,2560,2115,720, : 8365
19 : 3219,2212,1936,1032,364, : 8763
20 : 2170,1848,1680,1340,936,690,282, : 8946
21 : 2871,1491,1485,1296,988,213, : 8344
----------------------- 1 ---------------------------
canvasWidth:100,
canvasHeight:100,
data:[{x:0,y:0,l:77,w:96},{x:0,y:83,l:15,w:90},{x:0,y:77,l:6,w:100},{x:96,y:0,l:25,w:3},],
----------------------- 2 ---------------------------
canvasWidth:100,
canvasHeight:100,
data:[{x:0,y:0,l:93,w:79},{x:79,y:0,l:89,w:21},{x:0,y:96,l:4,w:89},{x:0,y:93,l:3,w:79},],
----------------------- 3 ---------------------------
canvasWidth:100,
canvasHeight:100,
data:[{x:0,y:0,l:82,w:80},{x:80,y:0,l:48,w:20},{x:80,y:48,l:37,w:20},{x:0,y:82,l:9,w:80},{x:0,y:91,l:6,w:69},],
----------------------- 4 ---------------------------
canvasWidth:100,
canvasHeight:100,
data:[{x:0,y:0,l:60,w:91},{x:0,y:60,l:40,w:79},{x:91,y:0,l:83,w:9},],
----------------------- 5 ---------------------------
canvasWidth:100,
canvasHeight:100,
data:[{x:0,y:0,l:72,w:75},{x:0,y:72,l:28,w:84},{x:75,y:0,l:22,w:22},],
----------------------- 6 ---------------------------
canvasWidth:100,
canvasHeight:100,
data:[{x:0,y:0,l:56,w:96},{x:0,y:56,l:44,w:99},{x:99,y:78,l:22,w:1},],
----------------------- 7 ---------------------------
canvasWidth:100,
canvasHeight:100,
data:[{x:0,y:0,l:90,w:56},{x:56,y:0,l:71,w:44},{x:0,y:90,l:10,w:94},{x:56,y:71,l:15,w:40},],
----------------------- 8 ---------------------------
canvasWidth:100,
canvasHeight:100,
data:[{x:0,y:0,l:52,w:93},{x:0,y:52,l:48,w:96},],
----------------------- 9 ---------------------------
canvasWidth:100,
canvasHeight:100,
data:[{x:0,y:33,l:36,w:98},{x:0,y:0,l:33,w:98},{x:0,y:69,l:27,w:100},],
----------------------- 10 ---------------------------
canvasWidth:100,
canvasHeight:100,
data:[{x:0,y:0,l:49,w:96},{x:0,y:49,l:46,w:94},{x:0,y:95,l:4,w:74},{x:94,y:49,l:16,w:6},],
----------------------- 11 ---------------------------
canvasWidth:100,
canvasHeight:100,
data:[{x:0,y:0,l:48,w:91},{x:0,y:48,l:48,w:87},{x:87,y:48,l:33,w:12},{x:0,y:96,l:2,w:67},],
----------------------- 12 ---------------------------
canvasWidth:100,
canvasHeight:100,
data:[{x:0,y:0,l:50,w:81},{x:0,y:50,l:50,w:77},],
----------------------- 13 ---------------------------
canvasWidth:100,
canvasHeight:100,
data:[{x:0,y:0,l:92,w:41},{x:41,y:0,l:80,w:39},{x:0,y:94,l:6,w:74},],
----------------------- 14 ---------------------------
canvasWidth:100,
canvasHeight:100,
data:[{x:0,y:90,l:10,w:74},{x:0,y:0,l:41,w:89},{x:0,y:41,l:49,w:74},],
----------------------- 15 ---------------------------
canvasWidth:100,
canvasHeight:100,
data:[{x:0,y:0,l:46,w:77},{x:78,y:0,l:86,w:22},{x:0,y:46,l:43,w:77},{x:0,y:89,l:11,w:88},],
----------------------- 16 ---------------------------
canvasWidth:100,
canvasHeight:100,
data:[{x:0,y:0,l:33,w:95},{x:0,y:33,l:31,w:97},{x:0,y:64,l:31,w:94},{x:0,y:95,l:4,w:73},],
----------------------- 17 ---------------------------
canvasWidth:100,
canvasHeight:100,
data:[{x:0,y:0,l:69,w:48},{x:48,y:0,l:73,w:37},{x:0,y:73,l:27,w:94},],
----------------------- 18 ---------------------------
canvasWidth:100,
canvasHeight:100,
data:[{x:0,y:0,l:80,w:32},{x:32,y:0,l:45,w:66},{x:53,y:45,l:45,w:47},{x:0,y:80,l:15,w:48},],
----------------------- 19 ---------------------------
canvasWidth:100,
canvasHeight:100,
data:[{x:0,y:0,l:37,w:87},{x:0,y:37,l:28,w:79},{x:0,y:65,l:22,w:88},{x:0,y:87,l:12,w:86},{x:79,y:39,l:26,w:14},],
----------------------- 20 ---------------------------
canvasWidth:100,
canvasHeight:100,
data:[{x:0,y:0,l:66,w:28},{x:28,y:13,l:31,w:70},{x:0,y:77,l:21,w:80},{x:28,y:54,l:20,w:67},{x:28,y:0,l:13,w:72},{x:28,y:44,l:10,w:69},{x:0,y:74,l:3,w:94},],
----------------------- 21 ---------------------------
canvasWidth:100,
canvasHeight:100,
data:[{x:0,y:71,l:29,w:99},{x:0,y:0,l:21,w:71},{x:0,y:56,l:15,w:99},{x:0,y:24,l:16,w:81},{x:0,y:40,l:13,w:76},{x:0,y:21,l:3,w:71},],
