====================================== Class_08.2bp-14 =====================================
Reduced size: 40 usedBin: 0
E:\WSKH\2DBPP\NonGuillotine\initSolution\8_15.pack
[0, 19]
[5, 8, 12, 36]
[14, 15, 24, 26, 33, 34]
[4, 6, 37]
[7, 16, 21, 30, 38]
[9, 10, 25, 28]
[11, 13, 17, 22, 32, 39]
[1, 3, 23, 35]
[2, 18, 20, 27, 29, 31]
canvasWidth:100,
canvasHeight:100,
data:[{x:0,y:0,l:63,w:73},{x:0,y:63,l:37,w:48},],
canvasWidth:100,
canvasHeight:100,
data:[{x:0,y:0,l:35,w:100},{x:0,y:59,l:36,w:80},{x:0,y:35,l:24,w:100},{x:0,y:95,l:5,w:71},],
canvasWidth:100,
canvasHeight:100,
data:[{x:0,y:0,l:67,w:33},{x:33,y:7,l:49,w:43},{x:0,y:81,l:16,w:69},{x:61,y:56,l:25,w:39},{x:33,y:0,l:7,w:67},{x:0,y:67,l:12,w:37},],
canvasWidth:100,
canvasHeight:100,
data:[{x:0,y:0,l:44,w:82},{x:0,y:44,l:50,w:68},{x:0,y:94,l:6,w:42},],
canvasWidth:100,
canvasHeight:100,
data:[{x:0,y:0,l:47,w:72},{x:0,y:47,l:26,w:72},{x:0,y:82,l:18,w:91},{x:0,y:73,l:9,w:72},{x:72,y:0,l:71,w:2},],
canvasWidth:100,
canvasHeight:100,
data:[{x:0,y:0,l:34,w:83},{x:0,y:34,l:39,w:68},{x:0,y:73,l:15,w:69},{x:0,y:88,l:12,w:74},],
canvasWidth:100,
canvasHeight:100,
data:[{x:0,y:0,l:30,w:86},{x:0,y:31,l:27,w:86},{x:0,y:58,l:23,w:81},{x:0,y:81,l:19,w:71},{x:87,y:0,l:42,w:13},{x:0,y:30,l:1,w:80},],
canvasWidth:100,
canvasHeight:100,
data:[{x:0,y:0,l:39,w:99},{x:0,y:43,l:39,w:95},{x:0,y:82,l:13,w:91},{x:0,y:39,l:4,w:98},],
canvasWidth:100,
canvasHeight:100,
data:[{x:0,y:0,l:38,w:99},{x:0,y:38,l:18,w:99},{x:0,y:72,l:18,w:92},{x:0,y:56,l:10,w:93},{x:0,y:90,l:10,w:88},{x:0,y:66,l:6,w:93},],
Best fit used bin number: 9
Found best solution: 9 0.063

   Statrt add columnAndCut col: 9 cons: 0 cut: 0	0.125

	1 Start Add column using column generation  col: 9 cons: 0 cut: 0	0.125
			Start solve  LP :0.125
			End solve LP obj: 9.0 t: 0
	1 End Add column using column generation : 9.0 col: 9 cons: 0 cut: 0	0.125
   End add columnAndCut : 9.0 colGencnt: 1 price: 0 col: 9 cons: 0 cut: 0	0.125

Node lb: 9.0 ub: 9 : 0.125

Final Found Solution: 9 genNode: 1 extendedNode: 0:0.125
Bin size: 10000
1 : 4599,1776, : 6375
2 : 3500,2880,2400,355, : 9135
3 : 2211,2107,1104,975,469,444, : 7310
4 : 3608,3400,252, : 7260
5 : 3384,1872,1638,648,142, : 7684
6 : 2822,2652,1035,888, : 7397
7 : 2580,2322,1863,1349,546,80, : 8740
8 : 3861,3705,1183,392, : 9141
9 : 3762,1782,1656,930,880,558, : 9568
----------------------- 1 ---------------------------
canvasWidth:100,
canvasHeight:100,
data:[{x:0,y:0,l:63,w:73},{x:0,y:63,l:37,w:48},],
----------------------- 2 ---------------------------
canvasWidth:100,
canvasHeight:100,
data:[{x:0,y:0,l:35,w:100},{x:0,y:59,l:36,w:80},{x:0,y:35,l:24,w:100},{x:0,y:95,l:5,w:71},],
----------------------- 3 ---------------------------
canvasWidth:100,
canvasHeight:100,
data:[{x:0,y:0,l:67,w:33},{x:33,y:7,l:49,w:43},{x:0,y:81,l:16,w:69},{x:61,y:56,l:25,w:39},{x:33,y:0,l:7,w:67},{x:0,y:67,l:12,w:37},],
----------------------- 4 ---------------------------
canvasWidth:100,
canvasHeight:100,
data:[{x:0,y:0,l:44,w:82},{x:0,y:44,l:50,w:68},{x:0,y:94,l:6,w:42},],
----------------------- 5 ---------------------------
canvasWidth:100,
canvasHeight:100,
data:[{x:0,y:0,l:47,w:72},{x:0,y:47,l:26,w:72},{x:0,y:82,l:18,w:91},{x:0,y:73,l:9,w:72},{x:72,y:0,l:71,w:2},],
----------------------- 6 ---------------------------
canvasWidth:100,
canvasHeight:100,
data:[{x:0,y:0,l:34,w:83},{x:0,y:34,l:39,w:68},{x:0,y:73,l:15,w:69},{x:0,y:88,l:12,w:74},],
----------------------- 7 ---------------------------
canvasWidth:100,
canvasHeight:100,
data:[{x:0,y:0,l:30,w:86},{x:0,y:31,l:27,w:86},{x:0,y:58,l:23,w:81},{x:0,y:81,l:19,w:71},{x:87,y:0,l:42,w:13},{x:0,y:30,l:1,w:80},],
----------------------- 8 ---------------------------
canvasWidth:100,
canvasHeight:100,
data:[{x:0,y:0,l:39,w:99},{x:0,y:43,l:39,w:95},{x:0,y:82,l:13,w:91},{x:0,y:39,l:4,w:98},],
----------------------- 9 ---------------------------
canvasWidth:100,
canvasHeight:100,
data:[{x:0,y:0,l:38,w:99},{x:0,y:38,l:18,w:99},{x:0,y:72,l:18,w:92},{x:0,y:56,l:10,w:93},{x:0,y:90,l:10,w:88},{x:0,y:66,l:6,w:93},],
