====================================== Class_05.2bp-4 =====================================
Reduced size: 20 usedBin: 0
E:\WSKH\2DBPP\NonGuillotine\initSolution\5_5.pack
[1, 14, 19]
[0, 16]
[6, 7, 8, 9, 10]
[2, 4, 11, 17, 18]
[3, 5, 12, 13, 15]
canvasWidth:100,
canvasHeight:100,
data:[{x:0,y:0,l:82,w:98},{x:0,y:82,l:11,w:80},{x:0,y:93,l:7,w:1},],
canvasWidth:100,
canvasHeight:100,
data:[{x:0,y:91,l:8,w:68},{x:0,y:0,l:91,w:93},],
canvasWidth:100,
canvasHeight:100,
data:[{x:0,y:0,l:43,w:56},{x:0,y:43,l:25,w:87},{x:0,y:86,l:14,w:100},{x:56,y:0,l:38,w:35},{x:0,y:72,l:14,w:91},],
canvasWidth:100,
canvasHeight:100,
data:[{x:0,y:0,l:95,w:36},{x:36,y:0,l:83,w:38},{x:74,y:0,l:50,w:25},{x:74,y:50,l:17,w:16},{x:0,y:95,l:5,w:65},],
canvasWidth:100,
canvasHeight:100,
data:[{x:0,y:0,l:33,w:81},{x:0,y:33,l:65,w:49},{x:49,y:33,l:40,w:30},{x:81,y:0,l:61,w:17},{x:49,y:73,l:16,w:36},],
Best fit used bin number: 5
Found best solution: 5 0.065

   Statrt add columnAndCut col: 5 cons: 0 cut: 0	0.128

	1 Start Add column using column generation  col: 5 cons: 0 cut: 0	0.128
			Start solve  LP :0.128
			End solve LP obj: 5.0 t: 0
	1 End Add column using column generation : 5.0 col: 5 cons: 0 cut: 0	0.128
   End add columnAndCut : 5.0 colGencnt: 1 price: 0 col: 5 cons: 0 cut: 0	0.128

Node lb: 5.0 ub: 5 : 0.128

Final Found Solution: 5 genNode: 1 extendedNode: 0:0.128
Bin size: 10000
1 : 8036,880,7, : 8923
2 : 8463,544, : 9007
3 : 2408,2175,1400,1330,1274, : 8587
4 : 3420,3154,1250,325,272, : 8421
5 : 3185,2673,1200,1037,576, : 8671
----------------------- 1 ---------------------------
canvasWidth:100,
canvasHeight:100,
data:[{x:0,y:0,l:82,w:98},{x:0,y:82,l:11,w:80},{x:0,y:93,l:7,w:1},],
----------------------- 2 ---------------------------
canvasWidth:100,
canvasHeight:100,
data:[{x:0,y:91,l:8,w:68},{x:0,y:0,l:91,w:93},],
----------------------- 3 ---------------------------
canvasWidth:100,
canvasHeight:100,
data:[{x:0,y:0,l:43,w:56},{x:0,y:43,l:25,w:87},{x:0,y:86,l:14,w:100},{x:56,y:0,l:38,w:35},{x:0,y:72,l:14,w:91},],
----------------------- 4 ---------------------------
canvasWidth:100,
canvasHeight:100,
data:[{x:0,y:0,l:95,w:36},{x:36,y:0,l:83,w:38},{x:74,y:0,l:50,w:25},{x:74,y:50,l:17,w:16},{x:0,y:95,l:5,w:65},],
----------------------- 5 ---------------------------
canvasWidth:100,
canvasHeight:100,
data:[{x:0,y:0,l:33,w:81},{x:0,y:33,l:65,w:49},{x:49,y:33,l:40,w:30},{x:81,y:0,l:61,w:17},{x:49,y:73,l:16,w:36},],
