====================================== Class_07.2bp-14 =====================================
Reduced size: 40 usedBin: 0
[0, 22, 30, 31, 35]
[1, 3]
[2, 4, 23, 36]
[6, 10, 25, 27, 28, 33]
[7, 19, 37, 39]
[8, 9, 29, 32]
[11, 16, 17, 38]
[12, 14, 18, 34]
[13, 15, 20, 24, 26]
[5, 21]
canvasWidth:100,
canvasHeight:100,
data:[{x:0,y:0,l:63,w:73},{x:0,y:63,l:37,w:48},{x:73,y:0,l:42,w:13},{x:95,y:0,l:100,w:5},{x:86,y:0,l:92,w:4},],
canvasWidth:100,
canvasHeight:100,
data:[{x:0,y:0,l:90,w:50},{x:50,y:0,l:82,w:50},],
canvasWidth:100,
canvasHeight:100,
data:[{x:0,y:0,l:92,w:48},{x:48,y:0,l:92,w:42},{x:90,y:0,l:98,w:10},{x:48,y:92,l:6,w:42},],
canvasWidth:100,
canvasHeight:100,
data:[{x:0,y:0,l:78,w:48},{x:48,y:0,l:78,w:38},{x:0,y:78,l:12,w:74},{x:0,y:90,l:9,w:72},{x:86,y:0,l:78,w:8},{x:94,y:0,l:76,w:6},],
canvasWidth:100,
canvasHeight:100,
data:[{x:0,y:0,l:44,w:82},{x:0,y:44,l:49,w:43},{x:0,y:93,l:1,w:80},{x:82,y:0,l:71,w:2},],
canvasWidth:100,
canvasHeight:100,
data:[{x:0,y:0,l:68,w:47},{x:56,y:0,l:78,w:38},{x:47,y:0,l:68,w:9},{x:94,y:0,l:76,w:6},],
canvasWidth:100,
canvasHeight:100,
data:[{x:0,y:0,l:72,w:40},{x:40,y:0,l:72,w:33},{x:73,y:0,l:89,w:25},{x:98,y:0,l:70,w:2},],
canvasWidth:100,
canvasHeight:100,
data:[{x:0,y:0,l:74,w:37},{x:37,y:0,l:86,w:30},{x:67,y:0,l:67,w:33},{x:0,y:74,l:12,w:37},],
canvasWidth:100,
canvasHeight:100,
data:[{x:0,y:0,l:70,w:39},{x:39,y:0,l:84,w:30},{x:79,y:0,l:90,w:21},{x:0,y:70,l:25,w:39},{x:69,y:0,l:84,w:10},],
canvasWidth:100,
canvasHeight:100,
data:[{x:0,y:23,l:39,w:99},{x:0,y:0,l:23,w:81},],
Best fit used bin number: 10
Found best solution: 10 0.062

   Statrt add columnAndCut col: 10 cons: 0 cut: 0	0.125

	1 Start Add column using column generation  col: 10 cons: 0 cut: 0	0.125
			Start solve  LP :0.125
			End solve LP obj: 10.0 t: 0
	1 End Add column using column generation : 10.0 col: 10 cons: 0 cut: 0	0.125
   End add columnAndCut : 10.0 colGencnt: 1 price: 0 col: 10 cons: 0 cut: 0	0.125

Node lb: 10.0 ub: 10 : 0.125

Final Found Solution: 10 genNode: 1 extendedNode: 0:0.125
Bin size: 10000
1 : 4599,1776,546,500,368, : 7789
2 : 4500,4100, : 8600
3 : 4416,3864,980,252, : 9512
4 : 3744,2964,888,648,624,456, : 9324
5 : 3608,2107,142,80, : 5937
6 : 3196,2964,612,456, : 7228
7 : 2880,2376,2225,140, : 7621
8 : 2738,2580,2211,444, : 7973
9 : 2730,2520,1890,975,840, : 8955
10 : 3861,1863, : 5724
----------------------- 1 ---------------------------
canvasWidth:100,
canvasHeight:100,
data:[{x:0,y:0,l:63,w:73},{x:0,y:63,l:37,w:48},{x:73,y:0,l:42,w:13},{x:95,y:0,l:100,w:5},{x:86,y:0,l:92,w:4},],
----------------------- 2 ---------------------------
canvasWidth:100,
canvasHeight:100,
data:[{x:0,y:0,l:90,w:50},{x:50,y:0,l:82,w:50},],
----------------------- 3 ---------------------------
canvasWidth:100,
canvasHeight:100,
data:[{x:0,y:0,l:92,w:48},{x:48,y:0,l:92,w:42},{x:90,y:0,l:98,w:10},{x:48,y:92,l:6,w:42},],
----------------------- 4 ---------------------------
canvasWidth:100,
canvasHeight:100,
data:[{x:0,y:0,l:78,w:48},{x:48,y:0,l:78,w:38},{x:0,y:78,l:12,w:74},{x:0,y:90,l:9,w:72},{x:86,y:0,l:78,w:8},{x:94,y:0,l:76,w:6},],
----------------------- 5 ---------------------------
canvasWidth:100,
canvasHeight:100,
data:[{x:0,y:0,l:44,w:82},{x:0,y:44,l:49,w:43},{x:0,y:93,l:1,w:80},{x:82,y:0,l:71,w:2},],
----------------------- 6 ---------------------------
canvasWidth:100,
canvasHeight:100,
data:[{x:0,y:0,l:68,w:47},{x:56,y:0,l:78,w:38},{x:47,y:0,l:68,w:9},{x:94,y:0,l:76,w:6},],
----------------------- 7 ---------------------------
canvasWidth:100,
canvasHeight:100,
data:[{x:0,y:0,l:72,w:40},{x:40,y:0,l:72,w:33},{x:73,y:0,l:89,w:25},{x:98,y:0,l:70,w:2},],
----------------------- 8 ---------------------------
canvasWidth:100,
canvasHeight:100,
data:[{x:0,y:0,l:74,w:37},{x:37,y:0,l:86,w:30},{x:67,y:0,l:67,w:33},{x:0,y:74,l:12,w:37},],
----------------------- 9 ---------------------------
canvasWidth:100,
canvasHeight:100,
data:[{x:0,y:0,l:70,w:39},{x:39,y:0,l:84,w:30},{x:79,y:0,l:90,w:21},{x:0,y:70,l:25,w:39},{x:69,y:0,l:84,w:10},],
----------------------- 10 ---------------------------
canvasWidth:100,
canvasHeight:100,
data:[{x:0,y:23,l:39,w:99},{x:0,y:0,l:23,w:81},],
