====================================== Class_02.2bp-26 =====================================
Reduced size: 60 usedBin: 0
E:\WSKH\2DBPP\NonGuillotine\initSolution\2_27.pack
[0, 1, 2, 3, 4, 5, 9, 10, 13, 14, 17, 19, 20, 21, 22, 26, 27, 28, 31, 34, 37, 40, 42, 45, 46, 48, 53, 56, 57, 58, 59]
[6, 7, 8, 11, 12, 15, 16, 18, 23, 24, 25, 29, 30, 32, 33, 35, 36, 38, 39, 41, 43, 44, 47, 49, 50, 51, 52, 54, 55]
canvasWidth:30,
canvasHeight:30,
data:[{x:0,y:0,l:9,w:10},{x:10,y:0,l:9,w:10},{x:20,y:0,l:8,w:10},{x:0,y:11,l:8,w:9},{x:9,y:11,l:8,w:8},{x:0,y:19,l:9,w:7},{x:14,y:22,l:7,w:7},{x:22,y:11,l:6,w:8},{x:22,y:17,l:5,w:8},{x:17,y:11,l:8,w:5},{x:20,y:8,l:3,w:10},{x:21,y:22,l:7,w:4},{x:14,y:19,l:3,w:8},{x:27,y:22,l:8,w:3},{x:7,y:19,l:3,w:7},{x:11,y:9,l:2,w:9},{x:7,y:22,l:6,w:3},{x:25,y:22,l:8,w:2},{x:4,y:9,l:2,w:7},{x:10,y:22,l:6,w:2},{x:12,y:22,l:6,w:2},{x:5,y:29,l:1,w:7},{x:5,y:28,l:1,w:9},{x:0,y:9,l:2,w:4},{x:13,y:29,l:1,w:6},{x:19,y:29,l:1,w:6},{x:0,y:28,l:2,w:2},{x:2,y:28,l:2,w:1},{x:3,y:28,l:2,w:1},{x:4,y:28,l:2,w:1},{x:12,y:29,l:1,w:1},],
canvasWidth:30,
canvasHeight:30,
data:[{x:0,y:0,l:10,w:6},{x:6,y:0,l:10,w:6},{x:12,y:0,l:10,w:6},{x:21,y:0,l:5,w:9},{x:0,y:14,l:9,w:5},{x:21,y:5,l:4,w:9},{x:18,y:10,l:4,w:8},{x:18,y:0,l:10,w:3},{x:0,y:23,l:7,w:3},{x:26,y:9,l:5,w:4},{x:0,y:10,l:3,w:6},{x:5,y:14,l:3,w:5},{x:3,y:23,l:7,w:2},{x:10,y:14,l:3,w:4},{x:15,y:10,l:4,w:3},{x:12,y:10,l:4,w:3},{x:9,y:10,l:4,w:3},{x:18,y:14,l:5,w:2},{x:23,y:14,l:9,w:1},{x:7,y:10,l:4,w:2},{x:20,y:14,l:5,w:2},{x:24,y:14,l:7,w:1},{x:14,y:14,l:3,w:2},{x:16,y:14,l:3,w:2},{x:21,y:9,l:1,w:5},{x:22,y:14,l:5,w:1},{x:6,y:10,l:4,w:1},{x:3,y:13,l:1,w:3},{x:0,y:13,l:1,w:3},],
Best fit used bin number: 2
Found best solution: 2 0.063

   Statrt add columnAndCut col: 2 cons: 0 cut: 0	0.141

	1 Start Add column using column generation  col: 2 cons: 0 cut: 0	0.141
			Start solve  LP :0.141
			End solve LP obj: 2.0 t: 0
	1 End Add column using column generation : 2.0 col: 2 cons: 0 cut: 0	0.141
   End add columnAndCut : 2.0 colGencnt: 1 price: 0 col: 2 cons: 0 cut: 0	0.141

Node lb: 2.0 ub: 2 : 0.141

Final Found Solution: 2 genNode: 1 extendedNode: 0:0.141
Bin size: 900
1 : 90,90,80,72,64,63,49,48,40,40,30,28,24,24,21,18,18,16,14,12,12,9,8,7,6,6,4,2,2,2,1, : 900
2 : 60,60,60,45,45,36,32,30,21,20,18,15,14,12,12,12,12,10,10,9,8,7,6,6,5,5,4,3,3, : 580
----------------------- 1 ---------------------------
canvasWidth:30,
canvasHeight:30,
data:[{x:0,y:0,l:9,w:10},{x:10,y:0,l:9,w:10},{x:20,y:0,l:8,w:10},{x:0,y:11,l:8,w:9},{x:9,y:11,l:8,w:8},{x:0,y:19,l:9,w:7},{x:14,y:22,l:7,w:7},{x:22,y:11,l:6,w:8},{x:22,y:17,l:5,w:8},{x:17,y:11,l:8,w:5},{x:20,y:8,l:3,w:10},{x:21,y:22,l:7,w:4},{x:14,y:19,l:3,w:8},{x:27,y:22,l:8,w:3},{x:7,y:19,l:3,w:7},{x:11,y:9,l:2,w:9},{x:7,y:22,l:6,w:3},{x:25,y:22,l:8,w:2},{x:4,y:9,l:2,w:7},{x:10,y:22,l:6,w:2},{x:12,y:22,l:6,w:2},{x:5,y:29,l:1,w:7},{x:5,y:28,l:1,w:9},{x:0,y:9,l:2,w:4},{x:13,y:29,l:1,w:6},{x:19,y:29,l:1,w:6},{x:0,y:28,l:2,w:2},{x:2,y:28,l:2,w:1},{x:3,y:28,l:2,w:1},{x:4,y:28,l:2,w:1},{x:12,y:29,l:1,w:1},],
----------------------- 2 ---------------------------
canvasWidth:30,
canvasHeight:30,
data:[{x:0,y:0,l:10,w:6},{x:6,y:0,l:10,w:6},{x:12,y:0,l:10,w:6},{x:21,y:0,l:5,w:9},{x:0,y:14,l:9,w:5},{x:21,y:5,l:4,w:9},{x:18,y:10,l:4,w:8},{x:18,y:0,l:10,w:3},{x:0,y:23,l:7,w:3},{x:26,y:9,l:5,w:4},{x:0,y:10,l:3,w:6},{x:5,y:14,l:3,w:5},{x:3,y:23,l:7,w:2},{x:10,y:14,l:3,w:4},{x:15,y:10,l:4,w:3},{x:12,y:10,l:4,w:3},{x:9,y:10,l:4,w:3},{x:18,y:14,l:5,w:2},{x:23,y:14,l:9,w:1},{x:7,y:10,l:4,w:2},{x:20,y:14,l:5,w:2},{x:24,y:14,l:7,w:1},{x:14,y:14,l:3,w:2},{x:16,y:14,l:3,w:2},{x:21,y:9,l:1,w:5},{x:22,y:14,l:5,w:1},{x:6,y:10,l:4,w:1},{x:3,y:13,l:1,w:3},{x:0,y:13,l:1,w:3},],
