====================================== Class_06.2bp-5 =====================================
Reduced size: 20 usedBin: 0
E:\WSKH\2DBPP\NonGuillotine\initSolution\6_6.pack
[0, 1, 2, 3, 4, 5, 6, 7, 8, 9, 10, 11, 12, 13, 14, 15, 16, 17, 18, 19]
canvasWidth:300,
canvasHeight:300,
data:[{x:0,y:0,l:97,w:96},{x:96,y:0,l:12,w:72},{x:168,y:0,l:63,w:82},{x:0,y:147,l:57,w:86},{x:0,y:97,l:50,w:96},{x:96,y:12,l:77,w:62},{x:229,y:105,l:60,w:71},{x:258,y:21,l:84,w:42},{x:96,y:89,l:53,w:62},{x:86,y:151,l:29,w:97},{x:159,y:63,l:41,w:56},{x:207,y:165,l:22,w:93},{x:0,y:204,l:23,w:86},{x:0,y:227,l:25,w:64},{x:160,y:137,l:14,w:69},{x:215,y:63,l:74,w:13},{x:250,y:0,l:21,w:45},{x:216,y:187,l:62,w:84},{x:158,y:104,l:7,w:56},{x:158,y:12,l:92,w:1},],
Best fit used bin number: 1
Found best solution: 1 0.062

   Statrt add columnAndCut col: 1 cons: 0 cut: 0	0.125

	1 Start Add column using column generation  col: 1 cons: 0 cut: 0	0.125
			Start solve  LP :0.125
			End solve LP obj: 1.0 t: 0
	1 End Add column using column generation : 1.0 col: 1 cons: 0 cut: 0	0.125
   End add columnAndCut : 1.0 colGencnt: 1 price: 0 col: 1 cons: 0 cut: 0	0.125

Node lb: 1.0 ub: 1 : 0.125

Final Found Solution: 1 genNode: 1 extendedNode: 0:0.125
Bin size: 90000
1 : 9312,5208,5166,4902,4800,4774,4260,3528,3286,2813,2296,2046,1978,1600,966,962,945,864,392,92, : 60190
----------------------- 1 ---------------------------
canvasWidth:300,
canvasHeight:300,
data:[{x:0,y:0,l:97,w:96},{x:96,y:0,l:12,w:72},{x:168,y:0,l:63,w:82},{x:0,y:147,l:57,w:86},{x:0,y:97,l:50,w:96},{x:96,y:12,l:77,w:62},{x:229,y:105,l:60,w:71},{x:258,y:21,l:84,w:42},{x:96,y:89,l:53,w:62},{x:86,y:151,l:29,w:97},{x:159,y:63,l:41,w:56},{x:207,y:165,l:22,w:93},{x:0,y:204,l:23,w:86},{x:0,y:227,l:25,w:64},{x:160,y:137,l:14,w:69},{x:215,y:63,l:74,w:13},{x:250,y:0,l:21,w:45},{x:216,y:187,l:62,w:84},{x:158,y:104,l:7,w:56},{x:158,y:12,l:92,w:1},],
