====================================== Class_04.2bp-20 =====================================
Reduced size: 60 usedBin: 0
[0, 1, 2, 3, 4, 10, 13, 15, 16, 18, 25, 27, 30, 40, 41, 42, 46, 49, 53, 55, 56, 58]
[5, 6, 7, 8, 9, 11, 12, 17, 26, 28, 29, 32, 35, 36, 37, 43, 45, 47, 50, 52, 54, 57, 59]
[14, 19, 20, 21, 22, 23, 24, 31, 33, 34, 38, 39, 44, 48, 51]
canvasWidth:100,
canvasHeight:100,
data:[{x:0,y:0,l:34,w:34},{x:34,y:0,l:31,w:33},{x:67,y:0,l:29,w:33},{x:0,y:43,l:33,w:27},{x:42,y:59,l:32,w:27},{x:69,y:59,l:35,w:20},{x:46,y:31,l:28,w:21},{x:67,y:39,l:20,w:22},{x:27,y:43,l:29,w:15},{x:27,y:72,l:28,w:15},{x:0,y:76,l:13,w:27},{x:67,y:29,l:10,w:33},{x:0,y:34,l:9,w:34},{x:13,y:89,l:11,w:14},{x:89,y:39,l:14,w:11},{x:34,y:31,l:12,w:12},{x:5,y:89,l:11,w:8},{x:42,y:43,l:16,w:4},{x:0,y:89,l:6,w:4},{x:89,y:53,l:2,w:11},{x:62,y:91,l:3,w:7},{x:42,y:91,l:1,w:16},],
canvasWidth:100,
canvasHeight:100,
data:[{x:0,y:0,l:27,w:31},{x:31,y:0,l:32,w:26},{x:57,y:0,l:28,w:29},{x:57,y:28,l:28,w:29},{x:0,y:27,l:22,w:29},{x:8,y:59,l:26,w:30},{x:57,y:56,l:26,w:23},{x:86,y:0,l:31,w:14},{x:31,y:32,l:13,w:26},{x:29,y:46,l:13,w:24},{x:38,y:65,l:17,w:18},{x:86,y:35,l:23,w:13},{x:0,y:49,l:29,w:8},{x:8,y:49,l:10,w:21},{x:80,y:56,l:35,w:6},{x:86,y:59,l:23,w:6},{x:0,y:78,l:22,w:5},{x:53,y:45,l:20,w:4},{x:86,y:31,l:4,w:14},{x:5,y:78,l:10,w:3},{x:30,y:45,l:1,w:23},{x:29,y:27,l:19,w:1},{x:86,y:58,l:1,w:12},],
canvasWidth:100,
canvasHeight:100,
data:[{x:0,y:0,l:33,w:17},{x:35,y:0,l:26,w:16},{x:51,y:0,l:25,w:16},{x:17,y:0,l:33,w:12},{x:40,y:33,l:22,w:17},{x:67,y:0,l:13,w:28},{x:67,y:20,l:11,w:32},{x:57,y:25,l:30,w:10},{x:67,y:31,l:14,w:20},{x:82,y:45,l:13,w:18},{x:29,y:0,l:33,w:6},{x:67,y:13,l:7,w:28},{x:35,y:26,l:7,w:16},{x:95,y:0,l:14,w:5},{x:51,y:25,l:8,w:6},],
Best fit used bin number: 3
Found best solution: 3 0.046

   Statrt add columnAndCut col: 3 cons: 0 cut: 0	0.125

	1 Start Add column using column generation  col: 3 cons: 0 cut: 0	0.125
			Start solve  LP :0.125
			End solve LP obj: 3.0 t: 0
	1 End Add column using column generation : 3.0 col: 3 cons: 0 cut: 0	0.125
   End add columnAndCut : 3.0 colGencnt: 1 price: 0 col: 3 cons: 0 cut: 0	0.125

Node lb: 3.0 ub: 3 : 0.125

Final Found Solution: 3 genNode: 1 extendedNode: 0:0.125
Bin size: 10000
1 : 1156,1023,957,891,864,700,588,440,435,420,351,330,306,154,154,144,88,64,24,22,21,16, : 9148
2 : 837,832,812,812,780,638,598,434,338,312,306,299,232,210,210,138,110,80,56,30,23,19,12, : 8118
3 : 561,416,400,396,374,364,352,300,280,234,198,196,112,70,48, : 4301
----------------------- 1 ---------------------------
canvasWidth:100,
canvasHeight:100,
data:[{x:0,y:0,l:34,w:34},{x:34,y:0,l:31,w:33},{x:67,y:0,l:29,w:33},{x:0,y:43,l:33,w:27},{x:42,y:59,l:32,w:27},{x:69,y:59,l:35,w:20},{x:46,y:31,l:28,w:21},{x:67,y:39,l:20,w:22},{x:27,y:43,l:29,w:15},{x:27,y:72,l:28,w:15},{x:0,y:76,l:13,w:27},{x:67,y:29,l:10,w:33},{x:0,y:34,l:9,w:34},{x:13,y:89,l:11,w:14},{x:89,y:39,l:14,w:11},{x:34,y:31,l:12,w:12},{x:5,y:89,l:11,w:8},{x:42,y:43,l:16,w:4},{x:0,y:89,l:6,w:4},{x:89,y:53,l:2,w:11},{x:62,y:91,l:3,w:7},{x:42,y:91,l:1,w:16},],
----------------------- 2 ---------------------------
canvasWidth:100,
canvasHeight:100,
data:[{x:0,y:0,l:27,w:31},{x:31,y:0,l:32,w:26},{x:57,y:0,l:28,w:29},{x:57,y:28,l:28,w:29},{x:0,y:27,l:22,w:29},{x:8,y:59,l:26,w:30},{x:57,y:56,l:26,w:23},{x:86,y:0,l:31,w:14},{x:31,y:32,l:13,w:26},{x:29,y:46,l:13,w:24},{x:38,y:65,l:17,w:18},{x:86,y:35,l:23,w:13},{x:0,y:49,l:29,w:8},{x:8,y:49,l:10,w:21},{x:80,y:56,l:35,w:6},{x:86,y:59,l:23,w:6},{x:0,y:78,l:22,w:5},{x:53,y:45,l:20,w:4},{x:86,y:31,l:4,w:14},{x:5,y:78,l:10,w:3},{x:30,y:45,l:1,w:23},{x:29,y:27,l:19,w:1},{x:86,y:58,l:1,w:12},],
----------------------- 3 ---------------------------
canvasWidth:100,
canvasHeight:100,
data:[{x:0,y:0,l:33,w:17},{x:35,y:0,l:26,w:16},{x:51,y:0,l:25,w:16},{x:17,y:0,l:33,w:12},{x:40,y:33,l:22,w:17},{x:67,y:0,l:13,w:28},{x:67,y:20,l:11,w:32},{x:57,y:25,l:30,w:10},{x:67,y:31,l:14,w:20},{x:82,y:45,l:13,w:18},{x:29,y:0,l:33,w:6},{x:67,y:13,l:7,w:28},{x:35,y:26,l:7,w:16},{x:95,y:0,l:14,w:5},{x:51,y:25,l:8,w:6},],
