====================================== Class_01.2bp-32 =====================================
Reduced size: 80 usedBin: 0
E:\WSKH\2DBPP\NonGuillotine\initSolution\1_33.pack
[0]
[1, 54]
[2, 55, 58, 79]
[3, 57, 59, 78]
[4, 43]
[5, 46, 56, 75]
[6, 36, 74]
[9, 34, 52]
[7, 44, 47, 71]
[8, 70]
[10, 40, 50, 68]
[11, 32, 66, 69, 76]
[12, 62, 65]
[15, 42, 45, 67, 72, 73]
[18, 51]
[17, 49, 77]
[16, 39, 60]
[20, 35]
[24, 41]
[23, 37, 61, 64]
[13, 22, 53]
[14, 19]
[21, 31]
[25, 29, 48]
[26, 30, 63]
[27, 28]
[33, 38]
canvasWidth:10,
canvasHeight:10,
data:[{x:0,y:0,l:10,w:10},],
canvasWidth:10,
canvasHeight:10,
data:[{x:0,y:0,l:9,w:10},{x:0,y:9,l:1,w:10},],
canvasWidth:10,
canvasHeight:10,
data:[{x:0,y:0,l:9,w:9},{x:9,y:0,l:9,w:1},{x:2,y:9,l:1,w:8},{x:0,y:9,l:1,w:2},],
canvasWidth:10,
canvasHeight:10,
data:[{x:0,y:0,l:9,w:9},{x:1,y:9,l:1,w:8},{x:9,y:0,l:8,w:1},{x:9,y:8,l:2,w:1},],
canvasWidth:10,
canvasHeight:10,
data:[{x:0,y:0,l:10,w:8},{x:8,y:0,l:10,w:2},],
canvasWidth:10,
canvasHeight:10,
data:[{x:0,y:0,l:9,w:8},{x:8,y:0,l:9,w:2},{x:2,y:9,l:1,w:8},{x:0,y:9,l:1,w:2},],
canvasWidth:10,
canvasHeight:10,
data:[{x:0,y:0,l:7,w:10},{x:1,y:7,l:3,w:9},{x:0,y:7,l:3,w:1},],
canvasWidth:10,
canvasHeight:10,
data:[{x:0,y:0,l:6,w:10},{x:3,y:6,l:4,w:7},{x:0,y:6,l:4,w:3},],
canvasWidth:10,
canvasHeight:10,
data:[{x:0,y:0,l:6,w:10},{x:5,y:6,l:4,w:5},{x:1,y:6,l:4,w:4},{x:0,y:6,l:4,w:1},],
canvasWidth:10,
canvasHeight:10,
data:[{x:0,y:0,l:6,w:10},{x:9,y:6,l:4,w:1},],
canvasWidth:10,
canvasHeight:10,
data:[{x:0,y:0,l:7,w:8},{x:2,y:7,l:3,w:8},{x:8,y:0,l:7,w:2},{x:0,y:7,l:3,w:2},],
canvasWidth:10,
canvasHeight:10,
data:[{x:0,y:0,l:8,w:7},{x:4,y:8,l:2,w:3},{x:7,y:0,l:10,w:3},{x:0,y:8,l:1,w:4},{x:2,y:9,l:1,w:2},],
canvasWidth:10,
canvasHeight:10,
data:[{x:0,y:0,l:6,w:9},{x:0,y:6,l:1,w:7},{x:9,y:0,l:6,w:1},],
canvasWidth:10,
canvasHeight:10,
data:[{x:0,y:0,l:7,w:7},{x:7,y:0,l:7,w:3},{x:4,y:7,l:3,w:6},{x:2,y:7,l:3,w:2},{x:1,y:7,l:3,w:1},{x:0,y:7,l:3,w:1},],
canvasWidth:10,
canvasHeight:10,
data:[{x:0,y:0,l:6,w:8},{x:8,y:0,l:6,w:2},],
canvasWidth:10,
canvasHeight:10,
data:[{x:0,y:0,l:6,w:8},{x:8,y:0,l:8,w:2},{x:9,y:8,l:2,w:1},],
canvasWidth:10,
canvasHeight:10,
data:[{x:0,y:0,l:8,w:6},{x:6,y:0,l:8,w:3},{x:9,y:0,l:8,w:1},],
canvasWidth:10,
canvasHeight:10,
data:[{x:0,y:0,l:7,w:6},{x:6,y:0,l:7,w:4},],
canvasWidth:10,
canvasHeight:10,
data:[{x:0,y:0,l:6,w:6},{x:6,y:0,l:6,w:4},],
canvasWidth:10,
canvasHeight:10,
data:[{x:0,y:0,l:6,w:6},{x:7,y:0,l:9,w:3},{x:6,y:0,l:7,w:1},{x:0,y:6,l:1,w:6},],
canvasWidth:10,
canvasHeight:10,
data:[{x:0,y:0,l:5,w:10},{x:2,y:5,l:5,w:8},{x:0,y:5,l:5,w:2},],
canvasWidth:10,
canvasHeight:10,
data:[{x:5,y:0,l:10,w:5},{x:0,y:0,l:9,w:5},],
canvasWidth:10,
canvasHeight:10,
data:[{x:0,y:0,l:8,w:5},{x:5,y:0,l:7,w:5},],
canvasWidth:10,
canvasHeight:10,
data:[{x:0,y:0,l:5,w:7},{x:0,y:5,l:5,w:7},{x:7,y:0,l:8,w:2},],
canvasWidth:10,
canvasHeight:10,
data:[{x:0,y:0,l:5,w:7},{x:0,y:5,l:5,w:7},{x:7,y:0,l:7,w:1},],
canvasWidth:10,
canvasHeight:10,
data:[{x:0,y:0,l:7,w:5},{x:5,y:0,l:7,w:5},],
canvasWidth:10,
canvasHeight:10,
data:[{x:0,y:0,l:6,w:5},{x:5,y:0,l:5,w:5},],
Best fit used bin number: 27
Found best solution: 27 0.078

   Statrt add columnAndCut col: 27 cons: 0 cut: 0	0.156

	1 Start Add column using column generation  col: 27 cons: 0 cut: 0	0.156
			Start solve  LP :0.156
			End solve LP obj: 27.0 t: 16
	1 End Add column using column generation : 27.0 col: 27 cons: 0 cut: 0	0.172
   End add columnAndCut : 27.0 colGencnt: 1 price: 0 col: 27 cons: 0 cut: 0	0.172

Node lb: 27.0 ub: 27 : 0.172

Final Found Solution: 27 genNode: 1 extendedNode: 0:0.172
Bin size: 100
1 : 100, : 100
2 : 90,10, : 100
3 : 81,9,8,2, : 100
4 : 81,8,8,2, : 99
5 : 80,20, : 100
6 : 72,18,8,2, : 100
7 : 70,27,3, : 100
8 : 60,28,12, : 100
9 : 60,20,16,4, : 100
10 : 60,4, : 64
11 : 56,24,14,6, : 100
12 : 56,30,6,4,2, : 98
13 : 54,7,6, : 67
14 : 49,21,18,6,3,3, : 100
15 : 48,12, : 60
16 : 48,16,2, : 66
17 : 48,24,8, : 80
18 : 42,28, : 70
19 : 36,24, : 60
20 : 36,27,7,6, : 76
21 : 50,40,10, : 100
22 : 50,45, : 95
23 : 40,35, : 75
24 : 35,35,16, : 86
25 : 35,35,7, : 77
26 : 35,35, : 70
27 : 30,25, : 55
----------------------- 1 ---------------------------
canvasWidth:10,
canvasHeight:10,
data:[{x:0,y:0,l:10,w:10},],
----------------------- 2 ---------------------------
canvasWidth:10,
canvasHeight:10,
data:[{x:0,y:0,l:9,w:10},{x:0,y:9,l:1,w:10},],
----------------------- 3 ---------------------------
canvasWidth:10,
canvasHeight:10,
data:[{x:0,y:0,l:9,w:9},{x:9,y:0,l:9,w:1},{x:2,y:9,l:1,w:8},{x:0,y:9,l:1,w:2},],
----------------------- 4 ---------------------------
canvasWidth:10,
canvasHeight:10,
data:[{x:0,y:0,l:9,w:9},{x:1,y:9,l:1,w:8},{x:9,y:0,l:8,w:1},{x:9,y:8,l:2,w:1},],
----------------------- 5 ---------------------------
canvasWidth:10,
canvasHeight:10,
data:[{x:0,y:0,l:10,w:8},{x:8,y:0,l:10,w:2},],
----------------------- 6 ---------------------------
canvasWidth:10,
canvasHeight:10,
data:[{x:0,y:0,l:9,w:8},{x:8,y:0,l:9,w:2},{x:2,y:9,l:1,w:8},{x:0,y:9,l:1,w:2},],
----------------------- 7 ---------------------------
canvasWidth:10,
canvasHeight:10,
data:[{x:0,y:0,l:7,w:10},{x:1,y:7,l:3,w:9},{x:0,y:7,l:3,w:1},],
----------------------- 8 ---------------------------
canvasWidth:10,
canvasHeight:10,
data:[{x:0,y:0,l:6,w:10},{x:3,y:6,l:4,w:7},{x:0,y:6,l:4,w:3},],
----------------------- 9 ---------------------------
canvasWidth:10,
canvasHeight:10,
data:[{x:0,y:0,l:6,w:10},{x:5,y:6,l:4,w:5},{x:1,y:6,l:4,w:4},{x:0,y:6,l:4,w:1},],
----------------------- 10 ---------------------------
canvasWidth:10,
canvasHeight:10,
data:[{x:0,y:0,l:6,w:10},{x:9,y:6,l:4,w:1},],
----------------------- 11 ---------------------------
canvasWidth:10,
canvasHeight:10,
data:[{x:0,y:0,l:7,w:8},{x:2,y:7,l:3,w:8},{x:8,y:0,l:7,w:2},{x:0,y:7,l:3,w:2},],
----------------------- 12 ---------------------------
canvasWidth:10,
canvasHeight:10,
data:[{x:0,y:0,l:8,w:7},{x:4,y:8,l:2,w:3},{x:7,y:0,l:10,w:3},{x:0,y:8,l:1,w:4},{x:2,y:9,l:1,w:2},],
----------------------- 13 ---------------------------
canvasWidth:10,
canvasHeight:10,
data:[{x:0,y:0,l:6,w:9},{x:0,y:6,l:1,w:7},{x:9,y:0,l:6,w:1},],
----------------------- 14 ---------------------------
canvasWidth:10,
canvasHeight:10,
data:[{x:0,y:0,l:7,w:7},{x:7,y:0,l:7,w:3},{x:4,y:7,l:3,w:6},{x:2,y:7,l:3,w:2},{x:1,y:7,l:3,w:1},{x:0,y:7,l:3,w:1},],
----------------------- 15 ---------------------------
canvasWidth:10,
canvasHeight:10,
data:[{x:0,y:0,l:6,w:8},{x:8,y:0,l:6,w:2},],
----------------------- 16 ---------------------------
canvasWidth:10,
canvasHeight:10,
data:[{x:0,y:0,l:6,w:8},{x:8,y:0,l:8,w:2},{x:9,y:8,l:2,w:1},],
----------------------- 17 ---------------------------
canvasWidth:10,
canvasHeight:10,
data:[{x:0,y:0,l:8,w:6},{x:6,y:0,l:8,w:3},{x:9,y:0,l:8,w:1},],
----------------------- 18 ---------------------------
canvasWidth:10,
canvasHeight:10,
data:[{x:0,y:0,l:7,w:6},{x:6,y:0,l:7,w:4},],
----------------------- 19 ---------------------------
canvasWidth:10,
canvasHeight:10,
data:[{x:0,y:0,l:6,w:6},{x:6,y:0,l:6,w:4},],
----------------------- 20 ---------------------------
canvasWidth:10,
canvasHeight:10,
data:[{x:0,y:0,l:6,w:6},{x:7,y:0,l:9,w:3},{x:6,y:0,l:7,w:1},{x:0,y:6,l:1,w:6},],
----------------------- 21 ---------------------------
canvasWidth:10,
canvasHeight:10,
data:[{x:0,y:0,l:5,w:10},{x:2,y:5,l:5,w:8},{x:0,y:5,l:5,w:2},],
----------------------- 22 ---------------------------
canvasWidth:10,
canvasHeight:10,
data:[{x:5,y:0,l:10,w:5},{x:0,y:0,l:9,w:5},],
----------------------- 23 ---------------------------
canvasWidth:10,
canvasHeight:10,
data:[{x:0,y:0,l:8,w:5},{x:5,y:0,l:7,w:5},],
----------------------- 24 ---------------------------
canvasWidth:10,
canvasHeight:10,
data:[{x:0,y:0,l:5,w:7},{x:0,y:5,l:5,w:7},{x:7,y:0,l:8,w:2},],
----------------------- 25 ---------------------------
canvasWidth:10,
canvasHeight:10,
data:[{x:0,y:0,l:5,w:7},{x:0,y:5,l:5,w:7},{x:7,y:0,l:7,w:1},],
----------------------- 26 ---------------------------
canvasWidth:10,
canvasHeight:10,
data:[{x:0,y:0,l:7,w:5},{x:5,y:0,l:7,w:5},],
----------------------- 27 ---------------------------
canvasWidth:10,
canvasHeight:10,
data:[{x:0,y:0,l:6,w:5},{x:5,y:0,l:5,w:5},],
