====================================== Class_07.2bp-43 =====================================
Reduced size: 100 usedBin: 0
[0, 86]
[1, 62, 68]
[2, 50, 71]
[3, 82]
[4, 54, 60, 75]
[5, 61, 94]
[6, 37, 66, 81, 95, 97, 99]
[7, 9]
[8, 30]
[10, 34, 57, 69]
[12, 55, 64]
[13, 67, 73, 80, 84, 91, 96, 98]
[23, 39, 85]
[28, 31, 90]
[21, 33, 48, 93]
[40, 44, 53, 77, 83, 88, 92]
[15, 17, 72, 79]
[19, 35, 36, 87]
[11, 49, 52, 74]
[16, 22, 59]
[41, 42, 56, 58, 78]
[14, 38, 45]
[18, 24, 65]
[25, 32, 46, 89]
[26, 29, 70, 76]
[20, 43, 63]
[27, 47, 51]
canvasWidth:100,
canvasHeight:100,
data:[{x:0,y:0,l:83,w:95},{x:95,y:0,l:96,w:5},],
canvasWidth:100,
canvasHeight:100,
data:[{x:0,y:0,l:82,w:89},{x:0,y:82,l:18,w:70},{x:89,y:0,l:96,w:11},],
canvasWidth:100,
canvasHeight:100,
data:[{x:0,y:0,l:96,w:71},{x:80,y:0,l:93,w:20},{x:71,y:0,l:96,w:9},],
canvasWidth:100,
canvasHeight:100,
data:[{x:0,y:0,l:65,w:92},{x:92,y:0,l:92,w:8},],
canvasWidth:100,
canvasHeight:100,
data:[{x:0,y:0,l:69,w:77},{x:0,y:69,l:22,w:77},{x:86,y:0,l:92,w:14},{x:77,y:0,l:91,w:9},],
canvasWidth:100,
canvasHeight:100,
data:[{x:0,y:0,l:63,w:84},{x:84,y:0,l:79,w:16},{x:77,y:63,l:16,w:7},],
canvasWidth:100,
canvasHeight:100,
data:[{x:0,y:0,l:68,w:76},{x:0,y:68,l:29,w:87},{x:87,y:0,l:97,w:12},{x:76,y:0,l:68,w:11},{x:0,y:97,l:1,w:99},{x:99,y:0,l:75,w:1},{x:0,y:98,l:2,w:33},],
canvasWidth:100,
canvasHeight:100,
data:[{x:0,y:0,l:97,w:52},{x:52,y:0,l:99,w:48},],
canvasWidth:100,
canvasHeight:100,
data:[{x:0,y:0,l:78,w:64},{x:64,y:0,l:77,w:36},],
canvasWidth:100,
canvasHeight:100,
data:[{x:0,y:0,l:85,w:55},{x:73,y:0,l:95,w:27},{x:55,y:0,l:85,w:18},{x:0,y:85,l:14,w:73},],
canvasWidth:100,
canvasHeight:100,
data:[{x:0,y:0,l:56,w:83},{x:83,y:0,l:93,w:17},{x:0,y:56,l:15,w:83},],
canvasWidth:100,
canvasHeight:100,
data:[{x:0,y:0,l:77,w:57},{x:57,y:0,l:77,w:15},{x:73,y:27,l:70,w:12},{x:72,y:0,l:27,w:28},{x:92,y:27,l:73,w:8},{x:89,y:27,l:73,w:3},{x:85,y:27,l:47,w:2},{x:72,y:27,l:72,w:1},],
canvasWidth:100,
canvasHeight:100,
data:[{x:0,y:0,l:49,w:69},{x:69,y:0,l:97,w:25},{x:94,y:0,l:91,w:6},],
canvasWidth:100,
canvasHeight:100,
data:[{x:66,y:0,l:96,w:31},{x:0,y:0,l:42,w:66},{x:97,y:0,l:90,w:3},],
canvasWidth:100,
canvasHeight:100,
data:[{x:39,y:0,l:99,w:38},{x:0,y:0,l:66,w:39},{x:77,y:0,l:95,w:21},{x:98,y:0,l:77,w:2},],
canvasWidth:100,
canvasHeight:100,
data:[{x:0,y:0,l:31,w:78},{x:0,y:31,l:69,w:33},{x:33,y:31,l:67,w:26},{x:78,y:0,l:89,w:9},{x:87,y:0,l:85,w:8},{x:95,y:0,l:75,w:4},{x:59,y:31,l:67,w:3},],
canvasWidth:100,
canvasHeight:100,
data:[{x:41,y:0,l:97,w:42},{x:0,y:0,l:98,w:41},{x:91,y:0,l:96,w:9},{x:83,y:0,l:97,w:8},],
canvasWidth:100,
canvasHeight:100,
data:[{x:0,y:0,l:94,w:41},{x:41,y:0,l:94,w:27},{x:68,y:0,l:94,w:27},{x:95,y:0,l:92,w:4},],
canvasWidth:100,
canvasHeight:100,
data:[{x:21,y:0,l:93,w:50},{x:0,y:0,l:94,w:21},{x:80,y:0,l:92,w:20},{x:71,y:0,l:93,w:9},],
canvasWidth:100,
canvasHeight:100,
data:[{x:37,y:0,l:92,w:44},{x:0,y:0,l:93,w:37},{x:81,y:0,l:72,w:18},],
canvasWidth:100,
canvasHeight:100,
data:[{x:0,y:0,l:92,w:26},{x:26,y:0,l:92,w:26},{x:52,y:0,l:87,w:18},{x:79,y:0,l:67,w:21},{x:70,y:0,l:87,w:9},],
canvasWidth:100,
canvasHeight:100,
data:[{x:0,y:0,l:90,w:46},{x:46,y:0,l:90,w:27},{x:73,y:0,l:84,w:27},],
canvasWidth:100,
canvasHeight:100,
data:[{x:0,y:0,l:86,w:46},{x:46,y:0,l:86,w:39},{x:85,y:0,l:81,w:15},],
canvasWidth:100,
canvasHeight:100,
data:[{x:0,y:0,l:86,w:37},{x:37,y:0,l:86,w:32},{x:69,y:0,l:86,w:25},{x:94,y:0,l:75,w:4},],
canvasWidth:100,
canvasHeight:100,
data:[{x:0,y:0,l:80,w:38},{x:38,y:0,l:78,w:37},{x:75,y:0,l:76,w:12},{x:87,y:0,l:74,w:11},],
canvasWidth:100,
canvasHeight:100,
data:[{x:16,y:0,l:77,w:49},{x:65,y:0,l:70,w:34},{x:0,y:0,l:78,w:16},],
canvasWidth:100,
canvasHeight:100,
data:[{x:41,y:0,l:71,w:30},{x:71,y:0,l:71,w:26},{x:0,y:0,l:74,w:41},],
Best fit used bin number: 27
Found best solution: 27 0.063

   Statrt add columnAndCut col: 27 cons: 0 cut: 0	0.141

	1 Start Add column using column generation  col: 27 cons: 0 cut: 0	0.141
			Start solve  LP :0.141
			End solve LP obj: 27.0 t: 0
	1 End Add column using column generation : 27.0 col: 27 cons: 0 cut: 0	0.141
   End add columnAndCut : 27.0 colGencnt: 1 price: 0 col: 27 cons: 0 cut: 0	0.141

Node lb: 27.0 ub: 27 : 0.141

Final Found Solution: 27 genNode: 1 extendedNode: 0:0.141
Bin size: 10000
1 : 7885,480, : 8365
2 : 7298,1260,1056, : 9614
3 : 6816,1860,864, : 9540
4 : 5980,736, : 6716
5 : 5313,1694,1288,819, : 9114
6 : 5292,1264,112, : 6668
7 : 5168,2523,1164,748,99,75,66, : 9843
8 : 5044,4752, : 9796
9 : 4992,2772, : 7764
10 : 4675,2565,1530,1022, : 9792
11 : 4648,1581,1245, : 7474
12 : 4389,1155,840,756,584,219,94,72, : 8109
13 : 3381,2425,546, : 6352
14 : 2976,2772,270, : 6018
15 : 3762,2574,1995,154, : 8485
16 : 2418,2277,1742,801,680,300,201, : 8419
17 : 4074,4018,864,776, : 9732
18 : 3854,2538,2538,368, : 9298
19 : 4650,1974,1840,837, : 9301
20 : 4048,3441,1296, : 8785
21 : 2392,2392,1566,1407,783, : 8540
22 : 4140,2430,2268, : 8838
23 : 3956,3354,1215, : 8525
24 : 3182,2752,2150,300, : 8384
25 : 3040,2886,912,814, : 7652
26 : 3773,2380,1248, : 7401
27 : 3034,2130,1846, : 7010
----------------------- 1 ---------------------------
canvasWidth:100,
canvasHeight:100,
data:[{x:0,y:0,l:83,w:95},{x:95,y:0,l:96,w:5},],
----------------------- 2 ---------------------------
canvasWidth:100,
canvasHeight:100,
data:[{x:0,y:0,l:82,w:89},{x:0,y:82,l:18,w:70},{x:89,y:0,l:96,w:11},],
----------------------- 3 ---------------------------
canvasWidth:100,
canvasHeight:100,
data:[{x:0,y:0,l:96,w:71},{x:80,y:0,l:93,w:20},{x:71,y:0,l:96,w:9},],
----------------------- 4 ---------------------------
canvasWidth:100,
canvasHeight:100,
data:[{x:0,y:0,l:65,w:92},{x:92,y:0,l:92,w:8},],
----------------------- 5 ---------------------------
canvasWidth:100,
canvasHeight:100,
data:[{x:0,y:0,l:69,w:77},{x:0,y:69,l:22,w:77},{x:86,y:0,l:92,w:14},{x:77,y:0,l:91,w:9},],
----------------------- 6 ---------------------------
canvasWidth:100,
canvasHeight:100,
data:[{x:0,y:0,l:63,w:84},{x:84,y:0,l:79,w:16},{x:77,y:63,l:16,w:7},],
----------------------- 7 ---------------------------
canvasWidth:100,
canvasHeight:100,
data:[{x:0,y:0,l:68,w:76},{x:0,y:68,l:29,w:87},{x:87,y:0,l:97,w:12},{x:76,y:0,l:68,w:11},{x:0,y:97,l:1,w:99},{x:99,y:0,l:75,w:1},{x:0,y:98,l:2,w:33},],
----------------------- 8 ---------------------------
canvasWidth:100,
canvasHeight:100,
data:[{x:0,y:0,l:97,w:52},{x:52,y:0,l:99,w:48},],
----------------------- 9 ---------------------------
canvasWidth:100,
canvasHeight:100,
data:[{x:0,y:0,l:78,w:64},{x:64,y:0,l:77,w:36},],
----------------------- 10 ---------------------------
canvasWidth:100,
canvasHeight:100,
data:[{x:0,y:0,l:85,w:55},{x:73,y:0,l:95,w:27},{x:55,y:0,l:85,w:18},{x:0,y:85,l:14,w:73},],
----------------------- 11 ---------------------------
canvasWidth:100,
canvasHeight:100,
data:[{x:0,y:0,l:56,w:83},{x:83,y:0,l:93,w:17},{x:0,y:56,l:15,w:83},],
----------------------- 12 ---------------------------
canvasWidth:100,
canvasHeight:100,
data:[{x:0,y:0,l:77,w:57},{x:57,y:0,l:77,w:15},{x:73,y:27,l:70,w:12},{x:72,y:0,l:27,w:28},{x:92,y:27,l:73,w:8},{x:89,y:27,l:73,w:3},{x:85,y:27,l:47,w:2},{x:72,y:27,l:72,w:1},],
----------------------- 13 ---------------------------
canvasWidth:100,
canvasHeight:100,
data:[{x:0,y:0,l:49,w:69},{x:69,y:0,l:97,w:25},{x:94,y:0,l:91,w:6},],
----------------------- 14 ---------------------------
canvasWidth:100,
canvasHeight:100,
data:[{x:66,y:0,l:96,w:31},{x:0,y:0,l:42,w:66},{x:97,y:0,l:90,w:3},],
----------------------- 15 ---------------------------
canvasWidth:100,
canvasHeight:100,
data:[{x:39,y:0,l:99,w:38},{x:0,y:0,l:66,w:39},{x:77,y:0,l:95,w:21},{x:98,y:0,l:77,w:2},],
----------------------- 16 ---------------------------
canvasWidth:100,
canvasHeight:100,
data:[{x:0,y:0,l:31,w:78},{x:0,y:31,l:69,w:33},{x:33,y:31,l:67,w:26},{x:78,y:0,l:89,w:9},{x:87,y:0,l:85,w:8},{x:95,y:0,l:75,w:4},{x:59,y:31,l:67,w:3},],
----------------------- 17 ---------------------------
canvasWidth:100,
canvasHeight:100,
data:[{x:41,y:0,l:97,w:42},{x:0,y:0,l:98,w:41},{x:91,y:0,l:96,w:9},{x:83,y:0,l:97,w:8},],
----------------------- 18 ---------------------------
canvasWidth:100,
canvasHeight:100,
data:[{x:0,y:0,l:94,w:41},{x:41,y:0,l:94,w:27},{x:68,y:0,l:94,w:27},{x:95,y:0,l:92,w:4},],
----------------------- 19 ---------------------------
canvasWidth:100,
canvasHeight:100,
data:[{x:21,y:0,l:93,w:50},{x:0,y:0,l:94,w:21},{x:80,y:0,l:92,w:20},{x:71,y:0,l:93,w:9},],
----------------------- 20 ---------------------------
canvasWidth:100,
canvasHeight:100,
data:[{x:37,y:0,l:92,w:44},{x:0,y:0,l:93,w:37},{x:81,y:0,l:72,w:18},],
----------------------- 21 ---------------------------
canvasWidth:100,
canvasHeight:100,
data:[{x:0,y:0,l:92,w:26},{x:26,y:0,l:92,w:26},{x:52,y:0,l:87,w:18},{x:79,y:0,l:67,w:21},{x:70,y:0,l:87,w:9},],
----------------------- 22 ---------------------------
canvasWidth:100,
canvasHeight:100,
data:[{x:0,y:0,l:90,w:46},{x:46,y:0,l:90,w:27},{x:73,y:0,l:84,w:27},],
----------------------- 23 ---------------------------
canvasWidth:100,
canvasHeight:100,
data:[{x:0,y:0,l:86,w:46},{x:46,y:0,l:86,w:39},{x:85,y:0,l:81,w:15},],
----------------------- 24 ---------------------------
canvasWidth:100,
canvasHeight:100,
data:[{x:0,y:0,l:86,w:37},{x:37,y:0,l:86,w:32},{x:69,y:0,l:86,w:25},{x:94,y:0,l:75,w:4},],
----------------------- 25 ---------------------------
canvasWidth:100,
canvasHeight:100,
data:[{x:0,y:0,l:80,w:38},{x:38,y:0,l:78,w:37},{x:75,y:0,l:76,w:12},{x:87,y:0,l:74,w:11},],
----------------------- 26 ---------------------------
canvasWidth:100,
canvasHeight:100,
data:[{x:16,y:0,l:77,w:49},{x:65,y:0,l:70,w:34},{x:0,y:0,l:78,w:16},],
----------------------- 27 ---------------------------
canvasWidth:100,
canvasHeight:100,
data:[{x:41,y:0,l:71,w:30},{x:71,y:0,l:71,w:26},{x:0,y:0,l:74,w:41},],
