====================================== Class_06.2bp-13 =====================================
Reduced size: 40 usedBin: 0
E:\WSKH\2DBPP\NonGuillotine\initSolution\6_14.pack
[0, 1, 2, 3, 4, 6, 8, 9, 10, 11, 13, 14, 15, 16, 18, 19, 24, 25, 26, 27, 28, 29, 30, 31, 32, 33, 34, 35, 36, 37, 38, 39]
[5, 7, 12, 17, 20, 21, 22, 23]
canvasWidth:300,
canvasHeight:300,
data:[{x:0,y:0,l:93,w:96},{x:96,y:0,l:91,w:85},{x:0,y:93,l:77,w:96},{x:181,y:0,l:98,w:73},{x:0,y:170,l:78,w:88},{x:181,y:98,l:94,w:66},{x:254,y:0,l:85,w:41},{x:121,y:126,l:64,w:48},{x:181,y:192,l:67,w:45},{x:96,y:91,l:35,w:85},{x:247,y:124,l:53,w:53},{x:123,y:235,l:46,w:58},{x:96,y:126,l:44,w:10},{x:260,y:224,l:53,w:40},{x:226,y:192,l:67,w:31},{x:258,y:177,l:47,w:42},{x:121,y:202,l:33,w:48},{x:0,y:248,l:18,w:77},{x:90,y:248,l:37,w:33},{x:0,y:266,l:11,w:87},{x:267,y:277,l:23,w:33},{x:106,y:126,l:44,w:15},{x:276,y:97,l:27,w:24},{x:169,y:126,l:55,w:11},{x:121,y:190,l:12,w:48},{x:254,y:85,l:12,w:42},{x:88,y:170,l:78,w:33},{x:172,y:181,l:37,w:9},{x:296,y:35,l:60,w:4},{x:247,y:98,l:6,w:23},{x:295,y:15,l:20,w:4},{x:295,y:0,l:15,w:5},],
canvasWidth:300,
canvasHeight:300,
data:[{x:0,y:0,l:84,w:74},{x:74,y:0,l:75,w:66},{x:140,y:0,l:83,w:34},{x:74,y:75,l:33,w:64},{x:0,y:84,l:25,w:74},{x:194,y:0,l:46,w:38},{x:232,y:0,l:38,w:44},{x:174,y:0,l:83,w:20},],
Best fit used bin number: 2
Found best solution: 2 0.063

   Statrt add columnAndCut col: 2 cons: 0 cut: 0	0.125

	1 Start Add column using column generation  col: 2 cons: 0 cut: 0	0.125
			Start solve  LP :0.125
			End solve LP obj: 2.0 t: 0
	1 End Add column using column generation : 2.0 col: 2 cons: 0 cut: 0	0.125
   End add columnAndCut : 2.0 colGencnt: 1 price: 0 col: 2 cons: 0 cut: 0	0.125

Node lb: 2.0 ub: 2 : 0.125

Final Found Solution: 2 genNode: 1 extendedNode: 0:0.125
Bin size: 90000
1 : 8928,7735,7392,7154,6864,6204,3485,3072,3015,2975,2809,2668,2574,2120,2077,1974,1584,1386,1221,957,759,660,648,605,576,504,440,333,240,138,80,75, : 81252
2 : 6216,4950,2822,2112,1850,1748,1672,1660, : 23030
----------------------- 1 ---------------------------
canvasWidth:300,
canvasHeight:300,
data:[{x:0,y:0,l:93,w:96},{x:96,y:0,l:91,w:85},{x:0,y:93,l:77,w:96},{x:181,y:0,l:98,w:73},{x:0,y:170,l:78,w:88},{x:181,y:98,l:94,w:66},{x:254,y:0,l:85,w:41},{x:121,y:126,l:64,w:48},{x:181,y:192,l:67,w:45},{x:96,y:91,l:35,w:85},{x:247,y:124,l:53,w:53},{x:123,y:235,l:46,w:58},{x:96,y:126,l:44,w:10},{x:260,y:224,l:53,w:40},{x:226,y:192,l:67,w:31},{x:258,y:177,l:47,w:42},{x:121,y:202,l:33,w:48},{x:0,y:248,l:18,w:77},{x:90,y:248,l:37,w:33},{x:0,y:266,l:11,w:87},{x:267,y:277,l:23,w:33},{x:106,y:126,l:44,w:15},{x:276,y:97,l:27,w:24},{x:169,y:126,l:55,w:11},{x:121,y:190,l:12,w:48},{x:254,y:85,l:12,w:42},{x:88,y:170,l:78,w:33},{x:172,y:181,l:37,w:9},{x:296,y:35,l:60,w:4},{x:247,y:98,l:6,w:23},{x:295,y:15,l:20,w:4},{x:295,y:0,l:15,w:5},],
----------------------- 2 ---------------------------
canvasWidth:300,
canvasHeight:300,
data:[{x:0,y:0,l:84,w:74},{x:74,y:0,l:75,w:66},{x:140,y:0,l:83,w:34},{x:74,y:75,l:33,w:64},{x:0,y:84,l:25,w:74},{x:194,y:0,l:46,w:38},{x:232,y:0,l:38,w:44},{x:174,y:0,l:83,w:20},],
