====================================== Class_01.2bp-23 =====================================
Reduced size: 60 usedBin: 0
E:\WSKH\2DBPP\NonGuillotine\initSolution\1_24.pack
[0]
[1, 42]
[2, 43, 46, 58]
[3, 34]
[4, 38, 44, 59]
[5, 29, 57]
[7, 27]
[6, 35, 37, 55]
[8, 32, 39]
[9, 53]
[11, 26, 36, 56]
[13, 40]
[14, 47, 49, 51]
[16, 28]
[19, 48, 50, 52, 54]
[20]
[12, 31, 45]
[10, 18, 41]
[15, 17]
[25, 30, 33]
[21, 22]
[23, 24]
canvasWidth:10,
canvasHeight:10,
data:[{x:0,y:0,l:10,w:10},],
canvasWidth:10,
canvasHeight:10,
data:[{x:0,y:0,l:9,w:10},{x:0,y:9,l:1,w:10},],
canvasWidth:10,
canvasHeight:10,
data:[{x:0,y:0,l:9,w:9},{x:9,y:0,l:9,w:1},{x:2,y:9,l:1,w:8},{x:0,y:9,l:1,w:2},],
canvasWidth:10,
canvasHeight:10,
data:[{x:0,y:0,l:10,w:8},{x:8,y:0,l:10,w:2},],
canvasWidth:10,
canvasHeight:10,
data:[{x:0,y:0,l:9,w:8},{x:8,y:0,l:8,w:2},{x:2,y:9,l:1,w:8},{x:8,y:8,l:1,w:2},],
canvasWidth:10,
canvasHeight:10,
data:[{x:0,y:0,l:7,w:10},{x:1,y:7,l:3,w:9},{x:0,y:7,l:3,w:1},],
canvasWidth:10,
canvasHeight:10,
data:[{x:0,y:0,l:6,w:10},{x:3,y:6,l:4,w:7},],
canvasWidth:10,
canvasHeight:10,
data:[{x:0,y:0,l:6,w:10},{x:5,y:6,l:4,w:5},{x:1,y:6,l:4,w:4},{x:0,y:6,l:4,w:1},],
canvasWidth:10,
canvasHeight:10,
data:[{x:0,y:0,l:7,w:8},{x:8,y:0,l:7,w:2},{x:2,y:7,l:3,w:8},],
canvasWidth:10,
canvasHeight:10,
data:[{x:0,y:0,l:6,w:9},{x:9,y:0,l:6,w:1},],
canvasWidth:10,
canvasHeight:10,
data:[{x:0,y:0,l:7,w:7},{x:7,y:0,l:10,w:3},{x:1,y:7,l:3,w:6},{x:0,y:7,l:3,w:1},],
canvasWidth:10,
canvasHeight:10,
data:[{x:0,y:0,l:6,w:8},{x:8,y:0,l:6,w:2},],
canvasWidth:10,
canvasHeight:10,
data:[{x:0,y:0,l:6,w:8},{x:0,y:6,l:1,w:8},{x:8,y:0,l:7,w:1},{x:9,y:0,l:7,w:1},],
canvasWidth:10,
canvasHeight:10,
data:[{x:0,y:0,l:7,w:6},{x:6,y:0,l:7,w:4},],
canvasWidth:10,
canvasHeight:10,
data:[{x:0,y:0,l:6,w:6},{x:9,y:1,l:8,w:1},{x:0,y:7,l:1,w:7},{x:0,y:6,l:1,w:6},{x:6,y:0,l:1,w:4},],
canvasWidth:10,
canvasHeight:10,
data:[{x:0,y:0,l:6,w:6},],
canvasWidth:10,
canvasHeight:10,
data:[{x:6,y:0,l:8,w:3},{x:0,y:0,l:8,w:6},{x:9,y:0,l:8,w:1},],
canvasWidth:10,
canvasHeight:10,
data:[{x:0,y:0,l:5,w:10},{x:2,y:5,l:5,w:8},{x:0,y:5,l:5,w:2},],
canvasWidth:10,
canvasHeight:10,
data:[{x:0,y:0,l:9,w:5},{x:5,y:0,l:8,w:5},],
canvasWidth:10,
canvasHeight:10,
data:[{x:0,y:0,l:5,w:7},{x:0,y:5,l:5,w:5},{x:7,y:0,l:7,w:3},],
canvasWidth:10,
canvasHeight:10,
data:[{x:0,y:0,l:5,w:7},{x:0,y:5,l:5,w:7},],
canvasWidth:10,
canvasHeight:10,
data:[{x:0,y:0,l:7,w:5},{x:5,y:0,l:7,w:5},],
Best fit used bin number: 22
Found best solution: 22 0.078

   Statrt add columnAndCut col: 22 cons: 0 cut: 0	0.156

	1 Start Add column using column generation  col: 22 cons: 0 cut: 0	0.156
			Start solve  LP :0.156
			End solve LP obj: 22.0 t: 0
	1 End Add column using column generation : 22.0 col: 22 cons: 0 cut: 0	0.156
   End add columnAndCut : 22.0 colGencnt: 1 price: 0 col: 22 cons: 0 cut: 0	0.156

Node lb: 22.0 ub: 22 : 0.156

Final Found Solution: 22 genNode: 1 extendedNode: 0:0.156
Bin size: 100
1 : 100, : 100
2 : 90,10, : 100
3 : 81,9,8,2, : 100
4 : 80,20, : 100
5 : 72,16,8,2, : 98
6 : 70,27,3, : 100
7 : 60,28, : 88
8 : 60,20,16,4, : 100
9 : 56,24,14, : 94
10 : 54,6, : 60
11 : 49,30,18,3, : 100
12 : 48,12, : 60
13 : 48,8,7,7, : 70
14 : 42,28, : 70
15 : 36,8,7,6,4, : 61
16 : 36, : 36
17 : 48,24,8, : 80
18 : 50,40,10, : 100
19 : 45,40, : 85
20 : 35,25,21, : 81
21 : 35,35, : 70
22 : 35,35, : 70
----------------------- 1 ---------------------------
canvasWidth:10,
canvasHeight:10,
data:[{x:0,y:0,l:10,w:10},],
----------------------- 2 ---------------------------
canvasWidth:10,
canvasHeight:10,
data:[{x:0,y:0,l:9,w:10},{x:0,y:9,l:1,w:10},],
----------------------- 3 ---------------------------
canvasWidth:10,
canvasHeight:10,
data:[{x:0,y:0,l:9,w:9},{x:9,y:0,l:9,w:1},{x:2,y:9,l:1,w:8},{x:0,y:9,l:1,w:2},],
----------------------- 4 ---------------------------
canvasWidth:10,
canvasHeight:10,
data:[{x:0,y:0,l:10,w:8},{x:8,y:0,l:10,w:2},],
----------------------- 5 ---------------------------
canvasWidth:10,
canvasHeight:10,
data:[{x:0,y:0,l:9,w:8},{x:8,y:0,l:8,w:2},{x:2,y:9,l:1,w:8},{x:8,y:8,l:1,w:2},],
----------------------- 6 ---------------------------
canvasWidth:10,
canvasHeight:10,
data:[{x:0,y:0,l:7,w:10},{x:1,y:7,l:3,w:9},{x:0,y:7,l:3,w:1},],
----------------------- 7 ---------------------------
canvasWidth:10,
canvasHeight:10,
data:[{x:0,y:0,l:6,w:10},{x:3,y:6,l:4,w:7},],
----------------------- 8 ---------------------------
canvasWidth:10,
canvasHeight:10,
data:[{x:0,y:0,l:6,w:10},{x:5,y:6,l:4,w:5},{x:1,y:6,l:4,w:4},{x:0,y:6,l:4,w:1},],
----------------------- 9 ---------------------------
canvasWidth:10,
canvasHeight:10,
data:[{x:0,y:0,l:7,w:8},{x:8,y:0,l:7,w:2},{x:2,y:7,l:3,w:8},],
----------------------- 10 ---------------------------
canvasWidth:10,
canvasHeight:10,
data:[{x:0,y:0,l:6,w:9},{x:9,y:0,l:6,w:1},],
----------------------- 11 ---------------------------
canvasWidth:10,
canvasHeight:10,
data:[{x:0,y:0,l:7,w:7},{x:7,y:0,l:10,w:3},{x:1,y:7,l:3,w:6},{x:0,y:7,l:3,w:1},],
----------------------- 12 ---------------------------
canvasWidth:10,
canvasHeight:10,
data:[{x:0,y:0,l:6,w:8},{x:8,y:0,l:6,w:2},],
----------------------- 13 ---------------------------
canvasWidth:10,
canvasHeight:10,
data:[{x:0,y:0,l:6,w:8},{x:0,y:6,l:1,w:8},{x:8,y:0,l:7,w:1},{x:9,y:0,l:7,w:1},],
----------------------- 14 ---------------------------
canvasWidth:10,
canvasHeight:10,
data:[{x:0,y:0,l:7,w:6},{x:6,y:0,l:7,w:4},],
----------------------- 15 ---------------------------
canvasWidth:10,
canvasHeight:10,
data:[{x:0,y:0,l:6,w:6},{x:9,y:1,l:8,w:1},{x:0,y:7,l:1,w:7},{x:0,y:6,l:1,w:6},{x:6,y:0,l:1,w:4},],
----------------------- 16 ---------------------------
canvasWidth:10,
canvasHeight:10,
data:[{x:0,y:0,l:6,w:6},],
----------------------- 17 ---------------------------
canvasWidth:10,
canvasHeight:10,
data:[{x:6,y:0,l:8,w:3},{x:0,y:0,l:8,w:6},{x:9,y:0,l:8,w:1},],
----------------------- 18 ---------------------------
canvasWidth:10,
canvasHeight:10,
data:[{x:0,y:0,l:5,w:10},{x:2,y:5,l:5,w:8},{x:0,y:5,l:5,w:2},],
----------------------- 19 ---------------------------
canvasWidth:10,
canvasHeight:10,
data:[{x:0,y:0,l:9,w:5},{x:5,y:0,l:8,w:5},],
----------------------- 20 ---------------------------
canvasWidth:10,
canvasHeight:10,
data:[{x:0,y:0,l:5,w:7},{x:0,y:5,l:5,w:5},{x:7,y:0,l:7,w:3},],
----------------------- 21 ---------------------------
canvasWidth:10,
canvasHeight:10,
data:[{x:0,y:0,l:5,w:7},{x:0,y:5,l:5,w:7},],
----------------------- 22 ---------------------------
canvasWidth:10,
canvasHeight:10,
data:[{x:0,y:0,l:7,w:5},{x:5,y:0,l:7,w:5},],
