====================================== Class_01.2bp-3 =====================================
Reduced size: 20 usedBin: 0
[0, 16, 17]
[1, 9, 14, 18, 19]
[3, 6, 8]
[4, 5, 10]
[2, 13, 15]
[7, 11, 12]
canvasWidth:10,
canvasHeight:10,
data:[{x:0,y:0,l:6,w:9},{x:0,y:6,l:1,w:9},{x:9,y:0,l:8,w:1},],
canvasWidth:10,
canvasHeight:10,
data:[{x:0,y:0,l:7,w:7},{x:0,y:7,l:3,w:7},{x:7,y:0,l:4,w:3},{x:7,y:4,l:1,w:3},{x:7,y:5,l:1,w:3},],
canvasWidth:10,
canvasHeight:10,
data:[{x:0,y:0,l:6,w:7},{x:0,y:6,l:4,w:7},{x:7,y:0,l:8,w:3},],
canvasWidth:10,
canvasHeight:10,
data:[{x:0,y:0,l:7,w:6},{x:0,y:7,l:3,w:6},{x:6,y:0,l:9,w:4},],
canvasWidth:10,
canvasHeight:10,
data:[{x:5,y:1,l:9,w:5},{x:0,y:1,l:6,w:2},{x:0,y:0,l:1,w:10},],
canvasWidth:10,
canvasHeight:10,
data:[{x:0,y:0,l:8,w:2},{x:2,y:0,l:3,w:8},{x:2,y:3,l:2,w:7},],
Best fit used bin number: 6
Found best solution: 6 0.047

   Statrt add columnAndCut col: 6 cons: 0 cut: 0	0.125

	1 Start Add column using column generation  col: 6 cons: 0 cut: 0	0.125
			Start solve  LP :0.125
			End solve LP obj: 6.0 t: 0
	1 End Add column using column generation : 6.0 col: 6 cons: 0 cut: 0	0.125
   End add columnAndCut : 6.0 colGencnt: 1 price: 0 col: 6 cons: 0 cut: 0	0.125

Node lb: 6.0 ub: 6 : 0.125

Final Found Solution: 6 genNode: 1 extendedNode: 0:0.125
Bin size: 100
1 : 54,9,8, : 71
2 : 49,21,12,3,3, : 88
3 : 42,28,24, : 94
4 : 42,36,18, : 96
5 : 45,12,10, : 67
6 : 24,16,14, : 54
----------------------- 1 ---------------------------
canvasWidth:10,
canvasHeight:10,
data:[{x:0,y:0,l:6,w:9},{x:0,y:6,l:1,w:9},{x:9,y:0,l:8,w:1},],
----------------------- 2 ---------------------------
canvasWidth:10,
canvasHeight:10,
data:[{x:0,y:0,l:7,w:7},{x:0,y:7,l:3,w:7},{x:7,y:0,l:4,w:3},{x:7,y:4,l:1,w:3},{x:7,y:5,l:1,w:3},],
----------------------- 3 ---------------------------
canvasWidth:10,
canvasHeight:10,
data:[{x:0,y:0,l:6,w:7},{x:0,y:6,l:4,w:7},{x:7,y:0,l:8,w:3},],
----------------------- 4 ---------------------------
canvasWidth:10,
canvasHeight:10,
data:[{x:0,y:0,l:7,w:6},{x:0,y:7,l:3,w:6},{x:6,y:0,l:9,w:4},],
----------------------- 5 ---------------------------
canvasWidth:10,
canvasHeight:10,
data:[{x:5,y:1,l:9,w:5},{x:0,y:1,l:6,w:2},{x:0,y:0,l:1,w:10},],
----------------------- 6 ---------------------------
canvasWidth:10,
canvasHeight:10,
data:[{x:0,y:0,l:8,w:2},{x:2,y:0,l:3,w:8},{x:2,y:3,l:2,w:7},],
