====================================== Class_04.2bp-43 =====================================
Reduced size: 100 usedBin: 0
[0, 1, 2, 3, 5, 6, 10, 12, 21, 31, 39, 44, 48, 55, 59, 60, 62, 66, 76, 79, 80, 82, 91]
[4, 7, 8, 9, 11, 13, 14, 16, 24, 25, 34, 41, 43, 45, 46, 47, 51, 52, 56, 58, 67, 68, 73, 77, 78, 81, 84, 85, 90, 92, 94, 95, 98, 99]
[15, 17, 18, 19, 22, 23, 26, 27, 28, 29, 30, 32, 35, 36, 37, 40, 42, 53, 54, 57, 61, 63, 64, 65, 69, 70, 71, 72, 74, 75, 83, 86, 87, 88, 96, 97]
[20, 33, 38, 49, 50, 89, 93]
canvasWidth:100,
canvasHeight:100,
data:[{x:0,y:0,l:34,w:32},{x:32,y:0,l:35,w:28},{x:60,y:0,l:30,w:29},{x:32,y:35,l:31,w:28},{x:0,y:34,l:24,w:32},{x:7,y:66,l:28,w:26},{x:33,y:66,l:25,w:27},{x:60,y:30,l:22,w:29},{x:74,y:63,l:32,w:15},{x:60,y:63,l:28,w:14},{x:60,y:52,l:11,w:29},{x:89,y:52,l:32,w:9},{x:89,y:25,l:27,w:10},{x:0,y:63,l:31,w:7},{x:0,y:94,l:6,w:30},{x:89,y:0,l:16,w:11},{x:0,y:58,l:5,w:32},{x:91,y:84,l:15,w:9},{x:33,y:91,l:9,w:10},{x:54,y:91,l:4,w:20},{x:7,y:63,l:3,w:25},{x:89,y:16,l:6,w:11},{x:89,y:22,l:3,w:11},],
canvasWidth:100,
canvasHeight:100,
data:[{x:0,y:0,l:27,w:31},{x:0,y:27,l:33,w:22},{x:59,y:37,l:21,w:33},{x:0,y:60,l:31,w:22},{x:31,y:0,l:27,w:24},{x:22,y:54,l:23,w:27},{x:69,y:0,l:19,w:31},{x:69,y:19,l:18,w:31},{x:49,y:54,l:23,w:3},{x:32,y:37,l:17,w:27},{x:70,y:58,l:20,w:22},{x:55,y:0,l:27,w:14},{x:35,y:77,l:18,w:17},{x:22,y:77,l:23,w:13},{x:87,y:78,l:22,w:13},{x:74,y:78,l:22,w:13},{x:22,y:27,l:27,w:10},{x:45,y:27,l:10,w:24},{x:92,y:37,l:30,w:8},{x:60,y:58,l:20,w:10},{x:52,y:54,l:26,w:7},{x:0,y:91,l:6,w:22},{x:32,y:27,l:10,w:13},{x:60,y:78,l:8,w:14},{x:92,y:67,l:11,w:8},{x:52,y:80,l:12,w:7},{x:69,y:86,l:11,w:5},{x:60,y:86,l:6,w:9},{x:59,y:58,l:34,w:1},{x:0,y:97,l:3,w:9},{x:65,y:92,l:5,w:4},{x:63,y:92,l:8,w:2},{x:65,y:97,l:1,w:9},{x:65,y:98,l:2,w:2},],
canvasWidth:100,
canvasHeight:100,
data:[{x:0,y:0,l:35,w:16},{x:16,y:0,l:29,w:19},{x:35,y:0,l:16,w:34},{x:35,y:28,l:25,w:20},{x:16,y:29,l:25,w:19},{x:55,y:36,l:21,w:22},{x:0,y:54,l:12,w:35},{x:35,y:16,l:12,w:34},{x:0,y:66,l:29,w:14},{x:14,y:72,l:15,w:27},{x:69,y:0,l:28,w:14},{x:35,y:53,l:19,w:20},{x:83,y:0,l:29,w:13},{x:65,y:57,l:31,w:12},{x:14,y:87,l:13,w:27},{x:83,y:29,l:26,w:12},{x:0,y:35,l:19,w:16},{x:77,y:63,l:13,w:18},{x:55,y:28,l:8,w:28},{x:41,y:72,l:8,w:24},{x:95,y:46,l:32,w:5},{x:46,y:80,l:8,w:19},{x:55,y:57,l:15,w:10},{x:96,y:0,l:35,w:4},{x:14,y:66,l:6,w:21},{x:50,y:88,l:5,w:24},{x:76,y:89,l:5,w:24},{x:80,y:55,l:8,w:15},{x:41,y:88,l:12,w:9},{x:88,y:76,l:13,w:7},{x:80,y:36,l:19,w:3},{x:77,y:36,l:26,w:2},{x:50,y:93,l:2,w:23},{x:96,y:35,l:11,w:4},{x:0,y:95,l:1,w:14},{x:95,y:29,l:13,w:1},],
canvasWidth:100,
canvasHeight:100,
data:[{x:0,y:0,l:18,w:21},{x:21,y:0,l:14,w:25},{x:46,y:0,l:14,w:19},{x:0,y:18,l:12,w:21},{x:82,y:2,l:27,w:18},{x:65,y:0,l:1,w:34},{x:65,y:1,l:1,w:27},],
Best fit used bin number: 4
Found best solution: 4 0.057

   Statrt add columnAndCut col: 4 cons: 0 cut: 0	0.12

	1 Start Add column using column generation  col: 4 cons: 0 cut: 0	0.12
			Start solve  LP :0.121
			End solve LP obj: 4.0 t: 2
	1 End Add column using column generation : 4.0 col: 4 cons: 0 cut: 0	0.123
   End add columnAndCut : 4.0 colGencnt: 1 price: 0 col: 4 cons: 0 cut: 0	0.123

Node lb: 4.0 ub: 4 : 0.123

Final Found Solution: 4 genNode: 1 extendedNode: 0:0.124
Bin size: 10000
1 : 1088,980,870,868,768,728,675,638,480,392,319,288,270,217,180,176,160,135,90,80,75,66,33, : 9576
2 : 837,726,693,682,648,621,589,558,459,440,378,306,299,286,286,270,240,240,200,182,132,130,112,88,84,69,55,54,34,27,20,16,9,4, : 9774
3 : 560,551,544,500,475,462,420,408,406,405,392,380,377,372,351,312,304,234,224,192,160,152,150,140,126,120,120,120,108,91,57,52,46,44,14,13, : 9382
4 : 486,378,350,266,252,34,27, : 1793
----------------------- 1 ---------------------------
canvasWidth:100,
canvasHeight:100,
data:[{x:0,y:0,l:34,w:32},{x:32,y:0,l:35,w:28},{x:60,y:0,l:30,w:29},{x:32,y:35,l:31,w:28},{x:0,y:34,l:24,w:32},{x:7,y:66,l:28,w:26},{x:33,y:66,l:25,w:27},{x:60,y:30,l:22,w:29},{x:74,y:63,l:32,w:15},{x:60,y:63,l:28,w:14},{x:60,y:52,l:11,w:29},{x:89,y:52,l:32,w:9},{x:89,y:25,l:27,w:10},{x:0,y:63,l:31,w:7},{x:0,y:94,l:6,w:30},{x:89,y:0,l:16,w:11},{x:0,y:58,l:5,w:32},{x:91,y:84,l:15,w:9},{x:33,y:91,l:9,w:10},{x:54,y:91,l:4,w:20},{x:7,y:63,l:3,w:25},{x:89,y:16,l:6,w:11},{x:89,y:22,l:3,w:11},],
----------------------- 2 ---------------------------
canvasWidth:100,
canvasHeight:100,
data:[{x:0,y:0,l:27,w:31},{x:0,y:27,l:33,w:22},{x:59,y:37,l:21,w:33},{x:0,y:60,l:31,w:22},{x:31,y:0,l:27,w:24},{x:22,y:54,l:23,w:27},{x:69,y:0,l:19,w:31},{x:69,y:19,l:18,w:31},{x:49,y:54,l:23,w:3},{x:32,y:37,l:17,w:27},{x:70,y:58,l:20,w:22},{x:55,y:0,l:27,w:14},{x:35,y:77,l:18,w:17},{x:22,y:77,l:23,w:13},{x:87,y:78,l:22,w:13},{x:74,y:78,l:22,w:13},{x:22,y:27,l:27,w:10},{x:45,y:27,l:10,w:24},{x:92,y:37,l:30,w:8},{x:60,y:58,l:20,w:10},{x:52,y:54,l:26,w:7},{x:0,y:91,l:6,w:22},{x:32,y:27,l:10,w:13},{x:60,y:78,l:8,w:14},{x:92,y:67,l:11,w:8},{x:52,y:80,l:12,w:7},{x:69,y:86,l:11,w:5},{x:60,y:86,l:6,w:9},{x:59,y:58,l:34,w:1},{x:0,y:97,l:3,w:9},{x:65,y:92,l:5,w:4},{x:63,y:92,l:8,w:2},{x:65,y:97,l:1,w:9},{x:65,y:98,l:2,w:2},],
----------------------- 3 ---------------------------
canvasWidth:100,
canvasHeight:100,
data:[{x:0,y:0,l:35,w:16},{x:16,y:0,l:29,w:19},{x:35,y:0,l:16,w:34},{x:35,y:28,l:25,w:20},{x:16,y:29,l:25,w:19},{x:55,y:36,l:21,w:22},{x:0,y:54,l:12,w:35},{x:35,y:16,l:12,w:34},{x:0,y:66,l:29,w:14},{x:14,y:72,l:15,w:27},{x:69,y:0,l:28,w:14},{x:35,y:53,l:19,w:20},{x:83,y:0,l:29,w:13},{x:65,y:57,l:31,w:12},{x:14,y:87,l:13,w:27},{x:83,y:29,l:26,w:12},{x:0,y:35,l:19,w:16},{x:77,y:63,l:13,w:18},{x:55,y:28,l:8,w:28},{x:41,y:72,l:8,w:24},{x:95,y:46,l:32,w:5},{x:46,y:80,l:8,w:19},{x:55,y:57,l:15,w:10},{x:96,y:0,l:35,w:4},{x:14,y:66,l:6,w:21},{x:50,y:88,l:5,w:24},{x:76,y:89,l:5,w:24},{x:80,y:55,l:8,w:15},{x:41,y:88,l:12,w:9},{x:88,y:76,l:13,w:7},{x:80,y:36,l:19,w:3},{x:77,y:36,l:26,w:2},{x:50,y:93,l:2,w:23},{x:96,y:35,l:11,w:4},{x:0,y:95,l:1,w:14},{x:95,y:29,l:13,w:1},],
----------------------- 4 ---------------------------
canvasWidth:100,
canvasHeight:100,
data:[{x:0,y:0,l:18,w:21},{x:21,y:0,l:14,w:25},{x:46,y:0,l:14,w:19},{x:0,y:18,l:12,w:21},{x:82,y:2,l:27,w:18},{x:65,y:0,l:1,w:34},{x:65,y:1,l:1,w:27},],
