====================================== Class_07.2bp-23 =====================================
Reduced size: 60 usedBin: 0
[0, 44, 51, 58]
[1, 11]
[2, 9, 45]
[4, 39, 40, 43, 48, 54]
[10, 33, 34, 59]
[6, 13, 24]
[3, 7, 46, 52]
[8, 25, 29, 53, 56]
[12, 18, 30, 55]
[15, 21, 27, 36, 57]
[16, 20, 23]
[14, 19, 35]
[5, 26, 47, 49, 50]
[17, 32, 37, 38]
[22, 28, 31, 41, 42]
canvasWidth:100,
canvasHeight:100,
data:[{x:0,y:0,l:92,w:87},{x:87,y:0,l:66,w:13},{x:0,y:92,l:6,w:87},{x:87,y:66,l:4,w:10},],
canvasWidth:100,
canvasHeight:100,
data:[{x:0,y:0,l:99,w:65},{x:65,y:0,l:97,w:34},],
canvasWidth:100,
canvasHeight:100,
data:[{x:0,y:0,l:52,w:88},{x:0,y:52,l:44,w:81},{x:89,y:0,l:71,w:11},],
canvasWidth:100,
canvasHeight:100,
data:[{x:0,y:0,l:53,w:76},{x:76,y:0,l:78,w:15},{x:0,y:53,l:38,w:28},{x:28,y:53,l:37,w:24},{x:91,y:0,l:80,w:9},{x:0,y:91,l:5,w:71},],
canvasWidth:100,
canvasHeight:100,
data:[{x:58,y:0,l:71,w:23},{x:0,y:0,l:60,w:58},{x:81,y:0,l:89,w:18},{x:99,y:0,l:8,w:1},],
canvasWidth:100,
canvasHeight:100,
data:[{x:0,y:0,l:100,w:39},{x:39,y:0,l:99,w:32},{x:71,y:0,l:99,w:25},],
canvasWidth:100,
canvasHeight:100,
data:[{x:0,y:0,l:85,w:49},{x:49,y:0,l:85,w:45},{x:0,y:85,l:10,w:75},{x:94,y:0,l:82,w:6},],
canvasWidth:100,
canvasHeight:100,
data:[{x:0,y:0,l:50,w:75},{x:0,y:50,l:35,w:70},{x:75,y:0,l:77,w:25},{x:0,y:85,l:5,w:89},{x:0,y:90,l:4,w:87},],
canvasWidth:100,
canvasHeight:100,
data:[{x:0,y:0,l:80,w:40},{x:40,y:0,l:87,w:33},{x:73,y:0,l:77,w:23},{x:96,y:0,l:87,w:4},],
canvasWidth:100,
canvasHeight:100,
data:[{x:0,y:0,l:31,w:98},{x:32,y:31,l:41,w:66},{x:0,y:31,l:69,w:32},{x:32,y:72,l:21,w:66},{x:98,y:0,l:93,w:2},],
canvasWidth:100,
canvasHeight:100,
data:[{x:0,y:0,l:82,w:37},{x:37,y:0,l:82,w:33},{x:70,y:0,l:86,w:30},],
canvasWidth:100,
canvasHeight:100,
data:[{x:0,y:0,l:67,w:46},{x:46,y:0,l:86,w:33},{x:79,y:0,l:84,w:18},],
canvasWidth:100,
canvasHeight:100,
data:[{x:0,y:0,l:76,w:32},{x:32,y:0,l:99,w:40},{x:89,y:0,l:68,w:11},{x:79,y:0,l:72,w:10},{x:72,y:0,l:98,w:7},],
canvasWidth:100,
canvasHeight:100,
data:[{x:0,y:0,l:66,w:44},{x:44,y:0,l:66,w:25},{x:69,y:0,l:90,w:14},{x:83,y:0,l:76,w:16},],
canvasWidth:100,
canvasHeight:100,
data:[{x:0,y:0,l:68,w:39},{x:39,y:0,l:71,w:29},{x:68,y:0,l:82,w:21},{x:89,y:0,l:94,w:11},{x:18,y:82,l:13,w:71},],
Best fit used bin number: 15
Found best solution: 15 0.062

   Statrt add columnAndCut col: 15 cons: 0 cut: 0	0.14

	1 Start Add column using column generation  col: 15 cons: 0 cut: 0	0.14
			Start solve  LP :0.14
			End solve LP obj: 15.0 t: 0
	1 End Add column using column generation : 15.0 col: 15 cons: 0 cut: 0	0.14
   End add columnAndCut : 15.0 colGencnt: 1 price: 0 col: 15 cons: 0 cut: 0	0.14

Node lb: 15.0 ub: 15 : 0.14

Final Found Solution: 15 genNode: 1 extendedNode: 0:0.14
Bin size: 10000
1 : 8004,858,522,40, : 9424
2 : 6435,3298, : 9733
3 : 4576,3564,781, : 8921
4 : 4028,1170,1064,888,720,355, : 8225
5 : 3480,1633,1602,8, : 6723
6 : 3900,3168,2475, : 9543
7 : 4165,3825,750,492, : 9232
8 : 3750,2450,1925,445,348, : 8918
9 : 3200,2871,1771,348, : 8190
10 : 3038,2706,2208,1386,186, : 9524
11 : 3034,2706,2580, : 8320
12 : 3082,2838,1512, : 7432
13 : 3960,2432,748,720,686, : 8546
14 : 2904,1650,1260,1216, : 7030
15 : 2652,2059,1722,1034,923, : 8390
----------------------- 1 ---------------------------
canvasWidth:100,
canvasHeight:100,
data:[{x:0,y:0,l:92,w:87},{x:87,y:0,l:66,w:13},{x:0,y:92,l:6,w:87},{x:87,y:66,l:4,w:10},],
----------------------- 2 ---------------------------
canvasWidth:100,
canvasHeight:100,
data:[{x:0,y:0,l:99,w:65},{x:65,y:0,l:97,w:34},],
----------------------- 3 ---------------------------
canvasWidth:100,
canvasHeight:100,
data:[{x:0,y:0,l:52,w:88},{x:0,y:52,l:44,w:81},{x:89,y:0,l:71,w:11},],
----------------------- 4 ---------------------------
canvasWidth:100,
canvasHeight:100,
data:[{x:0,y:0,l:53,w:76},{x:76,y:0,l:78,w:15},{x:0,y:53,l:38,w:28},{x:28,y:53,l:37,w:24},{x:91,y:0,l:80,w:9},{x:0,y:91,l:5,w:71},],
----------------------- 5 ---------------------------
canvasWidth:100,
canvasHeight:100,
data:[{x:58,y:0,l:71,w:23},{x:0,y:0,l:60,w:58},{x:81,y:0,l:89,w:18},{x:99,y:0,l:8,w:1},],
----------------------- 6 ---------------------------
canvasWidth:100,
canvasHeight:100,
data:[{x:0,y:0,l:100,w:39},{x:39,y:0,l:99,w:32},{x:71,y:0,l:99,w:25},],
----------------------- 7 ---------------------------
canvasWidth:100,
canvasHeight:100,
data:[{x:0,y:0,l:85,w:49},{x:49,y:0,l:85,w:45},{x:0,y:85,l:10,w:75},{x:94,y:0,l:82,w:6},],
----------------------- 8 ---------------------------
canvasWidth:100,
canvasHeight:100,
data:[{x:0,y:0,l:50,w:75},{x:0,y:50,l:35,w:70},{x:75,y:0,l:77,w:25},{x:0,y:85,l:5,w:89},{x:0,y:90,l:4,w:87},],
----------------------- 9 ---------------------------
canvasWidth:100,
canvasHeight:100,
data:[{x:0,y:0,l:80,w:40},{x:40,y:0,l:87,w:33},{x:73,y:0,l:77,w:23},{x:96,y:0,l:87,w:4},],
----------------------- 10 ---------------------------
canvasWidth:100,
canvasHeight:100,
data:[{x:0,y:0,l:31,w:98},{x:32,y:31,l:41,w:66},{x:0,y:31,l:69,w:32},{x:32,y:72,l:21,w:66},{x:98,y:0,l:93,w:2},],
----------------------- 11 ---------------------------
canvasWidth:100,
canvasHeight:100,
data:[{x:0,y:0,l:82,w:37},{x:37,y:0,l:82,w:33},{x:70,y:0,l:86,w:30},],
----------------------- 12 ---------------------------
canvasWidth:100,
canvasHeight:100,
data:[{x:0,y:0,l:67,w:46},{x:46,y:0,l:86,w:33},{x:79,y:0,l:84,w:18},],
----------------------- 13 ---------------------------
canvasWidth:100,
canvasHeight:100,
data:[{x:0,y:0,l:76,w:32},{x:32,y:0,l:99,w:40},{x:89,y:0,l:68,w:11},{x:79,y:0,l:72,w:10},{x:72,y:0,l:98,w:7},],
----------------------- 14 ---------------------------
canvasWidth:100,
canvasHeight:100,
data:[{x:0,y:0,l:66,w:44},{x:44,y:0,l:66,w:25},{x:69,y:0,l:90,w:14},{x:83,y:0,l:76,w:16},],
----------------------- 15 ---------------------------
canvasWidth:100,
canvasHeight:100,
data:[{x:0,y:0,l:68,w:39},{x:39,y:0,l:71,w:29},{x:68,y:0,l:82,w:21},{x:89,y:0,l:94,w:11},{x:18,y:82,l:13,w:71},],
