====================================== Class_05.2bp-30 =====================================
Reduced size: 80 usedBin: 0
E:\WSKH\2DBPP\NonGuillotine\initSolution\5_31.pack
[0, 47, 67, 76]
[1, 48]
[2, 41, 51]
[3, 35, 62, 77]
[5, 54, 70]
[6, 32]
[7, 50, 59]
[8, 29, 65]
[4, 37, 61, 72]
[10, 21, 49]
[9, 42, 55, 58, 64]
[13, 15, 75]
[16, 33, 57]
[17, 23, 53, 68]
[18, 31, 40, 66]
[19, 38, 45, 46, 60, 74]
[20, 30, 36, 52, 73]
[22, 27, 44]
[26, 28, 43, 71]
[24, 25, 34, 79]
[12, 39, 56, 63, 78]
[11, 14, 69]
canvasWidth:100,
canvasHeight:100,
data:[{x:0,y:0,l:86,w:81},{x:81,y:0,l:70,w:19},{x:0,y:86,l:13,w:42},{x:42,y:86,l:4,w:21},],
canvasWidth:100,
canvasHeight:100,
data:[{x:0,y:0,l:88,w:76},{x:76,y:0,l:66,w:20},],
canvasWidth:100,
canvasHeight:100,
data:[{x:0,y:0,l:78,w:85},{x:0,y:81,l:19,w:100},{x:85,y:0,l:73,w:15},],
canvasWidth:100,
canvasHeight:100,
data:[{x:0,y:0,l:74,w:88},{x:0,y:74,l:25,w:94},{x:88,y:0,l:60,w:12},{x:88,y:60,l:4,w:12},],
canvasWidth:100,
canvasHeight:100,
data:[{x:0,y:0,l:74,w:87},{x:0,y:74,l:12,w:85},{x:87,y:0,l:72,w:5},],
canvasWidth:100,
canvasHeight:100,
data:[{x:0,y:0,l:83,w:71},{x:71,y:0,l:88,w:29},],
canvasWidth:100,
canvasHeight:100,
data:[{x:0,y:0,l:73,w:75},{x:0,y:73,l:13,w:91},{x:91,y:0,l:87,w:9},],
canvasWidth:100,
canvasHeight:100,
data:[{x:0,y:0,l:79,w:66},{x:67,y:0,l:84,w:33},{x:0,y:79,l:21,w:30},],
canvasWidth:100,
canvasHeight:100,
data:[{x:0,y:0,l:70,w:92},{x:0,y:73,l:27,w:79},{x:92,y:0,l:92,w:8},{x:0,y:70,l:3,w:92},],
canvasWidth:100,
canvasHeight:100,
data:[{x:0,y:0,l:82,w:57},{x:57,y:0,l:79,w:41},{x:0,y:82,l:16,w:76},],
canvasWidth:100,
canvasHeight:100,
data:[{x:0,y:53,l:24,w:42},{x:44,y:53,l:39,w:46},{x:0,y:0,l:53,w:90},{x:90,y:0,l:80,w:10},{x:0,y:77,l:15,w:43},],
canvasWidth:100,
canvasHeight:100,
data:[{x:0,y:0,l:82,w:53},{x:53,y:0,l:89,w:47},{x:31,y:82,l:7,w:22},],
canvasWidth:100,
canvasHeight:100,
data:[{x:0,y:0,l:69,w:60},{x:60,y:0,l:66,w:38},{x:0,y:69,l:31,w:26},],
canvasWidth:100,
canvasHeight:100,
data:[{x:0,y:0,l:62,w:65},{x:65,y:0,l:89,w:35},{x:0,y:62,l:16,w:65},{x:0,y:78,l:22,w:21},],
canvasWidth:100,
canvasHeight:100,
data:[{x:0,y:0,l:68,w:52},{x:52,y:0,l:69,w:37},{x:36,y:69,l:30,w:64},{x:89,y:0,l:56,w:11},],
canvasWidth:100,
canvasHeight:100,
data:[{x:0,y:0,l:62,w:56},{x:56,y:0,l:48,w:44},{x:0,y:65,l:30,w:54},{x:74,y:48,l:52,w:26},{x:58,y:48,l:47,w:16},{x:0,y:62,l:3,w:56},],
canvasWidth:100,
canvasHeight:100,
data:[{x:0,y:0,l:65,w:53},{x:10,y:65,l:33,w:79},{x:53,y:0,l:65,w:33},{x:89,y:0,l:98,w:11},{x:0,y:65,l:29,w:9},],
canvasWidth:100,
canvasHeight:100,
data:[{x:0,y:0,l:52,w:62},{x:62,y:0,l:74,w:38},{x:0,y:52,l:46,w:36},],
canvasWidth:100,
canvasHeight:100,
data:[{x:0,y:0,l:51,w:58},{x:7,y:60,l:40,w:70},{x:58,y:0,l:54,w:33},{x:0,y:51,l:46,w:7},],
canvasWidth:100,
canvasHeight:100,
data:[{x:0,y:58,l:36,w:83},{x:0,y:0,l:58,w:51},{x:51,y:0,l:57,w:43},{x:0,y:94,l:1,w:27},],
canvasWidth:100,
canvasHeight:100,
data:[{x:0,y:0,l:68,w:68},{x:73,y:1,l:78,w:27},{x:0,y:68,l:13,w:68},{x:0,y:81,l:8,w:84},{x:68,y:0,l:1,w:32},],
canvasWidth:100,
canvasHeight:100,
data:[{x:0,y:0,l:50,w:93},{x:0,y:50,l:50,w:84},{x:94,y:0,l:74,w:6},],
Best fit used bin number: 22
Found best solution: 22 0.062

   Statrt add columnAndCut col: 22 cons: 0 cut: 0	0.125

	1 Start Add column using column generation  col: 22 cons: 0 cut: 0	0.125
			Start solve  LP :0.141
			End solve LP obj: 22.0 t: 0
	1 End Add column using column generation : 22.0 col: 22 cons: 0 cut: 0	0.141
   End add columnAndCut : 22.0 colGencnt: 1 price: 0 col: 22 cons: 0 cut: 0	0.141

Node lb: 22.0 ub: 22 : 0.141

Final Found Solution: 22 genNode: 1 extendedNode: 0:0.141
Bin size: 10000
1 : 6966,1330,546,84, : 8926
2 : 6688,1320, : 8008
3 : 6630,1900,1095, : 9625
4 : 6512,2350,720,48, : 9630
5 : 6438,1020,360, : 7818
6 : 5893,2552, : 8445
7 : 5475,1183,783, : 7441
8 : 5214,2772,630, : 8616
9 : 6440,2133,736,276, : 9585
10 : 4674,3239,1216, : 9129
11 : 4770,1794,1008,800,645, : 9017
12 : 4346,4183,154, : 8683
13 : 4140,2508,806, : 7454
14 : 4030,3115,1040,462, : 8647
15 : 3536,2553,1920,616, : 8625
16 : 3472,2112,1620,1352,752,168, : 9476
17 : 3445,2607,2145,1078,261, : 9536
18 : 3224,2812,1656, : 7692
19 : 2958,2800,1782,322, : 7862
20 : 2988,2958,2451,27, : 8424
21 : 4624,2106,884,672,32, : 8318
22 : 4650,4200,444, : 9294
----------------------- 1 ---------------------------
canvasWidth:100,
canvasHeight:100,
data:[{x:0,y:0,l:86,w:81},{x:81,y:0,l:70,w:19},{x:0,y:86,l:13,w:42},{x:42,y:86,l:4,w:21},],
----------------------- 2 ---------------------------
canvasWidth:100,
canvasHeight:100,
data:[{x:0,y:0,l:88,w:76},{x:76,y:0,l:66,w:20},],
----------------------- 3 ---------------------------
canvasWidth:100,
canvasHeight:100,
data:[{x:0,y:0,l:78,w:85},{x:0,y:81,l:19,w:100},{x:85,y:0,l:73,w:15},],
----------------------- 4 ---------------------------
canvasWidth:100,
canvasHeight:100,
data:[{x:0,y:0,l:74,w:88},{x:0,y:74,l:25,w:94},{x:88,y:0,l:60,w:12},{x:88,y:60,l:4,w:12},],
----------------------- 5 ---------------------------
canvasWidth:100,
canvasHeight:100,
data:[{x:0,y:0,l:74,w:87},{x:0,y:74,l:12,w:85},{x:87,y:0,l:72,w:5},],
----------------------- 6 ---------------------------
canvasWidth:100,
canvasHeight:100,
data:[{x:0,y:0,l:83,w:71},{x:71,y:0,l:88,w:29},],
----------------------- 7 ---------------------------
canvasWidth:100,
canvasHeight:100,
data:[{x:0,y:0,l:73,w:75},{x:0,y:73,l:13,w:91},{x:91,y:0,l:87,w:9},],
----------------------- 8 ---------------------------
canvasWidth:100,
canvasHeight:100,
data:[{x:0,y:0,l:79,w:66},{x:67,y:0,l:84,w:33},{x:0,y:79,l:21,w:30},],
----------------------- 9 ---------------------------
canvasWidth:100,
canvasHeight:100,
data:[{x:0,y:0,l:70,w:92},{x:0,y:73,l:27,w:79},{x:92,y:0,l:92,w:8},{x:0,y:70,l:3,w:92},],
----------------------- 10 ---------------------------
canvasWidth:100,
canvasHeight:100,
data:[{x:0,y:0,l:82,w:57},{x:57,y:0,l:79,w:41},{x:0,y:82,l:16,w:76},],
----------------------- 11 ---------------------------
canvasWidth:100,
canvasHeight:100,
data:[{x:0,y:53,l:24,w:42},{x:44,y:53,l:39,w:46},{x:0,y:0,l:53,w:90},{x:90,y:0,l:80,w:10},{x:0,y:77,l:15,w:43},],
----------------------- 12 ---------------------------
canvasWidth:100,
canvasHeight:100,
data:[{x:0,y:0,l:82,w:53},{x:53,y:0,l:89,w:47},{x:31,y:82,l:7,w:22},],
----------------------- 13 ---------------------------
canvasWidth:100,
canvasHeight:100,
data:[{x:0,y:0,l:69,w:60},{x:60,y:0,l:66,w:38},{x:0,y:69,l:31,w:26},],
----------------------- 14 ---------------------------
canvasWidth:100,
canvasHeight:100,
data:[{x:0,y:0,l:62,w:65},{x:65,y:0,l:89,w:35},{x:0,y:62,l:16,w:65},{x:0,y:78,l:22,w:21},],
----------------------- 15 ---------------------------
canvasWidth:100,
canvasHeight:100,
data:[{x:0,y:0,l:68,w:52},{x:52,y:0,l:69,w:37},{x:36,y:69,l:30,w:64},{x:89,y:0,l:56,w:11},],
----------------------- 16 ---------------------------
canvasWidth:100,
canvasHeight:100,
data:[{x:0,y:0,l:62,w:56},{x:56,y:0,l:48,w:44},{x:0,y:65,l:30,w:54},{x:74,y:48,l:52,w:26},{x:58,y:48,l:47,w:16},{x:0,y:62,l:3,w:56},],
----------------------- 17 ---------------------------
canvasWidth:100,
canvasHeight:100,
data:[{x:0,y:0,l:65,w:53},{x:10,y:65,l:33,w:79},{x:53,y:0,l:65,w:33},{x:89,y:0,l:98,w:11},{x:0,y:65,l:29,w:9},],
----------------------- 18 ---------------------------
canvasWidth:100,
canvasHeight:100,
data:[{x:0,y:0,l:52,w:62},{x:62,y:0,l:74,w:38},{x:0,y:52,l:46,w:36},],
----------------------- 19 ---------------------------
canvasWidth:100,
canvasHeight:100,
data:[{x:0,y:0,l:51,w:58},{x:7,y:60,l:40,w:70},{x:58,y:0,l:54,w:33},{x:0,y:51,l:46,w:7},],
----------------------- 20 ---------------------------
canvasWidth:100,
canvasHeight:100,
data:[{x:0,y:58,l:36,w:83},{x:0,y:0,l:58,w:51},{x:51,y:0,l:57,w:43},{x:0,y:94,l:1,w:27},],
----------------------- 21 ---------------------------
canvasWidth:100,
canvasHeight:100,
data:[{x:0,y:0,l:68,w:68},{x:73,y:1,l:78,w:27},{x:0,y:68,l:13,w:68},{x:0,y:81,l:8,w:84},{x:68,y:0,l:1,w:32},],
----------------------- 22 ---------------------------
canvasWidth:100,
canvasHeight:100,
data:[{x:0,y:0,l:50,w:93},{x:0,y:50,l:50,w:84},{x:94,y:0,l:74,w:6},],
