====================================== Class_08.2bp-24 =====================================
Reduced size: 60 usedBin: 0
[0, 47, 57]
[1, 22, 32]
[2, 5, 56]
[14, 17, 36, 41]
[4, 6, 44, 51]
[18, 19, 26, 46, 50]
[8, 13, 37, 49, 52, 55]
[9, 11, 45, 58]
[15, 23, 29, 42, 48, 54, 59]
[10, 28, 31, 40, 43]
[20, 25, 27, 34, 38]
[16, 21, 30, 35, 53]
[7, 12, 39]
[3, 24, 33]
canvasWidth:100,
canvasHeight:100,
data:[{x:0,y:0,l:90,w:94},{x:0,y:90,l:8,w:100},{x:0,y:98,l:2,w:92},],
canvasWidth:100,
canvasHeight:100,
data:[{x:0,y:0,l:59,w:97},{x:0,y:59,l:25,w:96},{x:0,y:84,l:15,w:99},],
canvasWidth:100,
canvasHeight:100,
data:[{x:0,y:0,l:80,w:53},{x:53,y:0,l:92,w:44},{x:97,y:0,l:79,w:3},],
canvasWidth:100,
canvasHeight:100,
data:[{x:0,y:0,l:57,w:53},{x:53,y:0,l:75,w:37},{x:0,y:57,l:29,w:45},{x:0,y:86,l:13,w:84},],
canvasWidth:100,
canvasHeight:100,
data:[{x:0,y:0,l:47,w:89},{x:0,y:47,l:47,w:83},{x:89,y:0,l:84,w:10},{x:0,y:94,l:5,w:70},],
canvasWidth:100,
canvasHeight:100,
data:[{x:8,y:0,l:35,w:78},{x:8,y:35,l:39,w:67},{x:8,y:74,l:26,w:72},{x:0,y:0,l:100,w:8},{x:86,y:0,l:44,w:11},],
canvasWidth:100,
canvasHeight:100,
data:[{x:0,y:0,l:40,w:91},{x:0,y:44,l:37,w:83},{x:0,y:84,l:16,w:81},{x:93,y:0,l:94,w:7},{x:0,y:40,l:4,w:85},{x:0,y:81,l:3,w:83},],
canvasWidth:100,
canvasHeight:100,
data:[{x:0,y:0,l:42,w:84},{x:0,y:42,l:46,w:68},{x:0,y:88,l:11,w:75},{x:68,y:42,l:3,w:31},],
canvasWidth:100,
canvasHeight:100,
data:[{x:0,y:0,l:39,w:74},{x:76,y:0,l:99,w:24},{x:0,y:40,l:27,w:68},{x:0,y:77,l:15,w:66},{x:0,y:67,l:10,w:68},{x:0,y:92,l:7,w:39},{x:0,y:39,l:1,w:70},],
canvasWidth:100,
canvasHeight:100,
data:[{x:0,y:0,l:39,w:84},{x:0,y:39,l:24,w:77},{x:0,y:63,l:21,w:75},{x:0,y:84,l:16,w:69},{x:88,y:0,l:78,w:12},],
canvasWidth:100,
canvasHeight:100,
data:[{x:0,y:0,l:27,w:69},{x:0,y:56,l:25,w:81},{x:0,y:27,l:29,w:88},{x:0,y:81,l:18,w:81},{x:88,y:0,l:99,w:12},],
canvasWidth:100,
canvasHeight:100,
data:[{x:0,y:3,l:29,w:96},{x:0,y:47,l:30,w:81},{x:0,y:77,l:21,w:78},{x:0,y:32,l:15,w:91},{x:0,y:0,l:3,w:98},],
canvasWidth:100,
canvasHeight:100,
data:[{x:0,y:45,l:47,w:82},{x:0,y:0,l:32,w:97},{x:0,y:32,l:13,w:87},],
canvasWidth:100,
canvasHeight:100,
data:[{x:0,y:0,l:44,w:96},{x:0,y:44,l:28,w:82},{x:0,y:72,l:18,w:81},],
Best fit used bin number: 14
Found best solution: 14 0.062

   Statrt add columnAndCut col: 14 cons: 0 cut: 0	0.125

	1 Start Add column using column generation  col: 14 cons: 0 cut: 0	0.125
			Start solve  LP :0.125
			End solve LP obj: 14.0 t: 0
	1 End Add column using column generation : 14.0 col: 14 cons: 0 cut: 0	0.125
   End add columnAndCut : 14.0 colGencnt: 1 price: 0 col: 14 cons: 0 cut: 0	0.125

Node lb: 14.0 ub: 14 : 0.125

Final Found Solution: 14 genNode: 1 extendedNode: 0:0.125
Bin size: 10000
1 : 8460,800,184, : 9444
2 : 5723,2400,1485, : 9608
3 : 4240,4048,237, : 8525
4 : 3021,2775,1305,1092, : 8193
5 : 4183,3901,840,350, : 9274
6 : 2730,2613,1872,800,484, : 8499
7 : 3640,3071,1296,658,340,249, : 9254
8 : 3528,3128,825,93, : 7574
9 : 2886,2376,1836,990,680,273,70, : 9111
10 : 3276,1848,1575,1104,936, : 8739
11 : 2552,2025,1863,1458,1188, : 9086
12 : 2784,2430,1638,1365,294, : 8511
13 : 3854,3104,1131, : 8089
14 : 4224,2296,1458, : 7978
----------------------- 1 ---------------------------
canvasWidth:100,
canvasHeight:100,
data:[{x:0,y:0,l:90,w:94},{x:0,y:90,l:8,w:100},{x:0,y:98,l:2,w:92},],
----------------------- 2 ---------------------------
canvasWidth:100,
canvasHeight:100,
data:[{x:0,y:0,l:59,w:97},{x:0,y:59,l:25,w:96},{x:0,y:84,l:15,w:99},],
----------------------- 3 ---------------------------
canvasWidth:100,
canvasHeight:100,
data:[{x:0,y:0,l:80,w:53},{x:53,y:0,l:92,w:44},{x:97,y:0,l:79,w:3},],
----------------------- 4 ---------------------------
canvasWidth:100,
canvasHeight:100,
data:[{x:0,y:0,l:57,w:53},{x:53,y:0,l:75,w:37},{x:0,y:57,l:29,w:45},{x:0,y:86,l:13,w:84},],
----------------------- 5 ---------------------------
canvasWidth:100,
canvasHeight:100,
data:[{x:0,y:0,l:47,w:89},{x:0,y:47,l:47,w:83},{x:89,y:0,l:84,w:10},{x:0,y:94,l:5,w:70},],
----------------------- 6 ---------------------------
canvasWidth:100,
canvasHeight:100,
data:[{x:8,y:0,l:35,w:78},{x:8,y:35,l:39,w:67},{x:8,y:74,l:26,w:72},{x:0,y:0,l:100,w:8},{x:86,y:0,l:44,w:11},],
----------------------- 7 ---------------------------
canvasWidth:100,
canvasHeight:100,
data:[{x:0,y:0,l:40,w:91},{x:0,y:44,l:37,w:83},{x:0,y:84,l:16,w:81},{x:93,y:0,l:94,w:7},{x:0,y:40,l:4,w:85},{x:0,y:81,l:3,w:83},],
----------------------- 8 ---------------------------
canvasWidth:100,
canvasHeight:100,
data:[{x:0,y:0,l:42,w:84},{x:0,y:42,l:46,w:68},{x:0,y:88,l:11,w:75},{x:68,y:42,l:3,w:31},],
----------------------- 9 ---------------------------
canvasWidth:100,
canvasHeight:100,
data:[{x:0,y:0,l:39,w:74},{x:76,y:0,l:99,w:24},{x:0,y:40,l:27,w:68},{x:0,y:77,l:15,w:66},{x:0,y:67,l:10,w:68},{x:0,y:92,l:7,w:39},{x:0,y:39,l:1,w:70},],
----------------------- 10 ---------------------------
canvasWidth:100,
canvasHeight:100,
data:[{x:0,y:0,l:39,w:84},{x:0,y:39,l:24,w:77},{x:0,y:63,l:21,w:75},{x:0,y:84,l:16,w:69},{x:88,y:0,l:78,w:12},],
----------------------- 11 ---------------------------
canvasWidth:100,
canvasHeight:100,
data:[{x:0,y:0,l:27,w:69},{x:0,y:56,l:25,w:81},{x:0,y:27,l:29,w:88},{x:0,y:81,l:18,w:81},{x:88,y:0,l:99,w:12},],
----------------------- 12 ---------------------------
canvasWidth:100,
canvasHeight:100,
data:[{x:0,y:3,l:29,w:96},{x:0,y:47,l:30,w:81},{x:0,y:77,l:21,w:78},{x:0,y:32,l:15,w:91},{x:0,y:0,l:3,w:98},],
----------------------- 13 ---------------------------
canvasWidth:100,
canvasHeight:100,
data:[{x:0,y:45,l:47,w:82},{x:0,y:0,l:32,w:97},{x:0,y:32,l:13,w:87},],
----------------------- 14 ---------------------------
canvasWidth:100,
canvasHeight:100,
data:[{x:0,y:0,l:44,w:96},{x:0,y:44,l:28,w:82},{x:0,y:72,l:18,w:81},],
