====================================== Class_02.2bp-4 =====================================
Reduced size: 20 usedBin: 0
[0, 1, 2, 3, 4, 5, 6, 7, 8, 9, 10, 11, 12, 13, 14, 15, 16, 17, 18, 19]
canvasWidth:30,
canvasHeight:30,
data:[{x:0,y:0,l:2,w:10},{x:0,y:2,l:9,w:10},{x:10,y:0,l:10,w:4},{x:14,y:0,l:4,w:9},{x:10,y:10,l:9,w:4},{x:0,y:23,l:7,w:5},{x:24,y:2,l:5,w:6},{x:14,y:4,l:3,w:9},{x:0,y:11,l:2,w:10},{x:0,y:13,l:10,w:10},{x:14,y:7,l:2,w:8},{x:10,y:19,l:4,w:4},{x:7,y:23,l:5,w:3},{x:5,y:23,l:7,w:2},{x:10,y:25,l:4,w:3},{x:10,y:23,l:2,w:4},{x:23,y:0,l:1,w:7},{x:23,y:1,l:1,w:7},{x:7,y:28,l:2,w:2},{x:9,y:28,l:1,w:1},],
Best fit used bin number: 1
Found best solution: 1 0.062

   Statrt add columnAndCut col: 1 cons: 0 cut: 0	0.125

	1 Start Add column using column generation  col: 1 cons: 0 cut: 0	0.125
			Start solve  LP :0.125
			End solve LP obj: 1.0 t: 0
	1 End Add column using column generation : 1.0 col: 1 cons: 0 cut: 0	0.125
   End add columnAndCut : 1.0 colGencnt: 1 price: 0 col: 1 cons: 0 cut: 0	0.125

Node lb: 1.0 ub: 1 : 0.125

Final Found Solution: 1 genNode: 1 extendedNode: 0:0.125
Bin size: 900
1 : 100,90,40,36,36,35,30,27,20,20,16,16,15,14,12,8,7,7,4,1, : 534
----------------------- 1 ---------------------------
canvasWidth:30,
canvasHeight:30,
data:[{x:0,y:0,l:2,w:10},{x:0,y:2,l:9,w:10},{x:10,y:0,l:10,w:4},{x:14,y:0,l:4,w:9},{x:10,y:10,l:9,w:4},{x:0,y:23,l:7,w:5},{x:24,y:2,l:5,w:6},{x:14,y:4,l:3,w:9},{x:0,y:11,l:2,w:10},{x:0,y:13,l:10,w:10},{x:14,y:7,l:2,w:8},{x:10,y:19,l:4,w:4},{x:7,y:23,l:5,w:3},{x:5,y:23,l:7,w:2},{x:10,y:25,l:4,w:3},{x:10,y:23,l:2,w:4},{x:23,y:0,l:1,w:7},{x:23,y:1,l:1,w:7},{x:7,y:28,l:2,w:2},{x:9,y:28,l:1,w:1},],
