====================================== Class_05.2bp-31 =====================================
Reduced size: 80 usedBin: 0
[0]
[1, 75]
[2, 58, 76]
[3, 63, 67, 68]
[4, 66, 72]
[6, 37, 73]
[7, 54, 79]
[8, 47, 61]
[9, 26, 77]
[10, 30]
[11, 35, 53, 55]
[12, 46, 57, 60]
[14, 29, 48, 50]
[16, 18, 38]
[17, 25, 43]
[24, 27, 32, 52, 70]
[5, 59, 78]
[13, 28, 36]
[15, 31, 42, 62, 65]
[20, 22, 33, 69]
[19, 41, 45, 56, 64, 71, 74]
[21, 34, 40]
[23, 39, 44, 49, 51]
canvasWidth:100,
canvasHeight:100,
data:[{x:0,y:0,l:93,w:97},],
canvasWidth:100,
canvasHeight:100,
data:[{x:0,y:0,l:93,w:96},{x:96,y:40,l:60,w:4},],
canvasWidth:100,
canvasHeight:100,
data:[{x:0,y:0,l:91,w:85},{x:85,y:0,l:51,w:15},{x:85,y:51,l:13,w:15},],
canvasWidth:100,
canvasHeight:100,
data:[{x:0,y:0,l:83,w:93},{x:93,y:0,l:93,w:7},{x:0,y:83,l:12,w:48},{x:48,y:83,l:12,w:42},],
canvasWidth:100,
canvasHeight:100,
data:[{x:0,y:0,l:76,w:98},{x:0,y:76,l:12,w:50},{x:0,y:88,l:10,w:42},],
canvasWidth:100,
canvasHeight:100,
data:[{x:0,y:0,l:98,w:73},{x:73,y:29,l:71,w:27},{x:73,y:0,l:13,w:27},],
canvasWidth:100,
canvasHeight:100,
data:[{x:0,y:0,l:78,w:88},{x:88,y:0,l:76,w:11},{x:95,y:76,l:15,w:5},],
canvasWidth:100,
canvasHeight:100,
data:[{x:0,y:0,l:84,w:74},{x:74,y:0,l:87,w:16},{x:90,y:0,l:69,w:10},],
canvasWidth:100,
canvasHeight:100,
data:[{x:0,y:0,l:94,w:66},{x:66,y:0,l:83,w:34},{x:0,y:94,l:6,w:23},],
canvasWidth:100,
canvasHeight:100,
data:[{x:0,y:0,l:85,w:68},{x:68,y:0,l:72,w:32},],
canvasWidth:100,
canvasHeight:100,
data:[{x:0,y:0,l:81,w:68},{x:78,y:0,l:93,w:22},{x:0,y:81,l:19,w:48},{x:68,y:0,l:81,w:10},],
canvasWidth:100,
canvasHeight:100,
data:[{x:0,y:0,l:75,w:66},{x:66,y:59,l:41,w:34},{x:66,y:0,l:48,w:16},{x:82,y:0,l:46,w:15},],
canvasWidth:100,
canvasHeight:100,
data:[{x:0,y:0,l:81,w:54},{x:54,y:0,l:78,w:33},{x:0,y:81,l:18,w:77},{x:87,y:0,l:96,w:13},],
canvasWidth:100,
canvasHeight:100,
data:[{x:0,y:0,l:67,w:55},{x:59,y:0,l:85,w:41},{x:0,y:67,l:32,w:58},],
canvasWidth:100,
canvasHeight:100,
data:[{x:0,y:0,l:51,w:72},{x:0,y:61,l:39,w:74},{x:74,y:17,l:83,w:20},],
canvasWidth:100,
canvasHeight:100,
data:[{x:0,y:53,l:35,w:85},{x:0,y:0,l:53,w:53},{x:0,y:89,l:11,w:87},{x:53,y:0,l:53,w:40},{x:93,y:0,l:96,w:5},],
canvasWidth:100,
canvasHeight:100,
data:[{x:0,y:0,l:77,w:96},{x:67,y:77,l:23,w:33},{x:96,y:0,l:20,w:4},],
canvasWidth:100,
canvasHeight:100,
data:[{x:0,y:0,l:48,w:97},{x:0,y:48,l:46,w:58},{x:58,y:48,l:47,w:42},],
canvasWidth:100,
canvasHeight:100,
data:[{x:0,y:0,l:49,w:83},{x:0,y:49,l:50,w:45},{x:45,y:62,l:38,w:44},{x:83,y:0,l:44,w:15},{x:89,y:45,l:55,w:11},],
canvasWidth:100,
canvasHeight:100,
data:[{x:0,y:0,l:85,w:36},{x:36,y:0,l:67,w:45},{x:36,y:67,l:33,w:64},{x:81,y:0,l:55,w:9},],
canvasWidth:100,
canvasHeight:100,
data:[{x:0,y:0,l:46,w:38},{x:0,y:46,l:54,w:29},{x:38,y:0,l:56,w:14},{x:48,y:73,l:27,w:24},{x:52,y:0,l:64,w:48},{x:29,y:56,l:44,w:10},{x:39,y:56,l:37,w:9},],
canvasWidth:100,
canvasHeight:100,
data:[{x:0,y:0,l:69,w:44},{x:69,y:33,l:67,w:31},{x:44,y:0,l:33,w:56},],
canvasWidth:100,
canvasHeight:100,
data:[{x:0,y:0,l:37,w:81},{x:0,y:74,l:25,w:74},{x:33,y:37,l:33,w:48},{x:81,y:0,l:70,w:19},{x:0,y:37,l:37,w:33},],
Best fit used bin number: 23
Found best solution: 23 0.063

   Statrt add columnAndCut col: 23 cons: 0 cut: 0	0.141

	1 Start Add column using column generation  col: 23 cons: 0 cut: 0	0.141
			Start solve  LP :0.141
			End solve LP obj: 23.0 t: 0
	1 End Add column using column generation : 23.0 col: 23 cons: 0 cut: 0	0.141
   End add columnAndCut : 23.0 colGencnt: 1 price: 0 col: 23 cons: 0 cut: 0	0.141

Node lb: 23.0 ub: 23 : 0.141

Final Found Solution: 23 genNode: 1 extendedNode: 0:0.141
Bin size: 10000
1 : 9021, : 9021
2 : 8928,240, : 9168
3 : 7735,765,195, : 8695
4 : 7719,651,576,504, : 9450
5 : 7448,600,420, : 8468
6 : 7154,1917,351, : 9422
7 : 6864,836,75, : 7775
8 : 6216,1392,690, : 8298
9 : 6204,2822,138, : 9164
10 : 5780,2304, : 8084
11 : 5508,2046,912,810, : 9276
12 : 4950,1394,768,690, : 7802
13 : 4374,2574,1386,1248, : 9582
14 : 3685,3485,1856, : 9026
15 : 3672,2886,1660, : 8218
16 : 2975,2809,2120,957,480, : 9341
17 : 7392,759,80, : 8231
18 : 4656,2668,1974, : 9298
19 : 4067,2250,1672,660,605, : 9254
20 : 3060,3015,2112,495, : 8682
21 : 3072,1748,1566,784,648,440,333, : 8591
22 : 3036,2077,1848, : 6961
23 : 2997,1850,1584,1330,1221, : 8982
----------------------- 1 ---------------------------
canvasWidth:100,
canvasHeight:100,
data:[{x:0,y:0,l:93,w:97},],
----------------------- 2 ---------------------------
canvasWidth:100,
canvasHeight:100,
data:[{x:0,y:0,l:93,w:96},{x:96,y:40,l:60,w:4},],
----------------------- 3 ---------------------------
canvasWidth:100,
canvasHeight:100,
data:[{x:0,y:0,l:91,w:85},{x:85,y:0,l:51,w:15},{x:85,y:51,l:13,w:15},],
----------------------- 4 ---------------------------
canvasWidth:100,
canvasHeight:100,
data:[{x:0,y:0,l:83,w:93},{x:93,y:0,l:93,w:7},{x:0,y:83,l:12,w:48},{x:48,y:83,l:12,w:42},],
----------------------- 5 ---------------------------
canvasWidth:100,
canvasHeight:100,
data:[{x:0,y:0,l:76,w:98},{x:0,y:76,l:12,w:50},{x:0,y:88,l:10,w:42},],
----------------------- 6 ---------------------------
canvasWidth:100,
canvasHeight:100,
data:[{x:0,y:0,l:98,w:73},{x:73,y:29,l:71,w:27},{x:73,y:0,l:13,w:27},],
----------------------- 7 ---------------------------
canvasWidth:100,
canvasHeight:100,
data:[{x:0,y:0,l:78,w:88},{x:88,y:0,l:76,w:11},{x:95,y:76,l:15,w:5},],
----------------------- 8 ---------------------------
canvasWidth:100,
canvasHeight:100,
data:[{x:0,y:0,l:84,w:74},{x:74,y:0,l:87,w:16},{x:90,y:0,l:69,w:10},],
----------------------- 9 ---------------------------
canvasWidth:100,
canvasHeight:100,
data:[{x:0,y:0,l:94,w:66},{x:66,y:0,l:83,w:34},{x:0,y:94,l:6,w:23},],
----------------------- 10 ---------------------------
canvasWidth:100,
canvasHeight:100,
data:[{x:0,y:0,l:85,w:68},{x:68,y:0,l:72,w:32},],
----------------------- 11 ---------------------------
canvasWidth:100,
canvasHeight:100,
data:[{x:0,y:0,l:81,w:68},{x:78,y:0,l:93,w:22},{x:0,y:81,l:19,w:48},{x:68,y:0,l:81,w:10},],
----------------------- 12 ---------------------------
canvasWidth:100,
canvasHeight:100,
data:[{x:0,y:0,l:75,w:66},{x:66,y:59,l:41,w:34},{x:66,y:0,l:48,w:16},{x:82,y:0,l:46,w:15},],
----------------------- 13 ---------------------------
canvasWidth:100,
canvasHeight:100,
data:[{x:0,y:0,l:81,w:54},{x:54,y:0,l:78,w:33},{x:0,y:81,l:18,w:77},{x:87,y:0,l:96,w:13},],
----------------------- 14 ---------------------------
canvasWidth:100,
canvasHeight:100,
data:[{x:0,y:0,l:67,w:55},{x:59,y:0,l:85,w:41},{x:0,y:67,l:32,w:58},],
----------------------- 15 ---------------------------
canvasWidth:100,
canvasHeight:100,
data:[{x:0,y:0,l:51,w:72},{x:0,y:61,l:39,w:74},{x:74,y:17,l:83,w:20},],
----------------------- 16 ---------------------------
canvasWidth:100,
canvasHeight:100,
data:[{x:0,y:53,l:35,w:85},{x:0,y:0,l:53,w:53},{x:0,y:89,l:11,w:87},{x:53,y:0,l:53,w:40},{x:93,y:0,l:96,w:5},],
----------------------- 17 ---------------------------
canvasWidth:100,
canvasHeight:100,
data:[{x:0,y:0,l:77,w:96},{x:67,y:77,l:23,w:33},{x:96,y:0,l:20,w:4},],
----------------------- 18 ---------------------------
canvasWidth:100,
canvasHeight:100,
data:[{x:0,y:0,l:48,w:97},{x:0,y:48,l:46,w:58},{x:58,y:48,l:47,w:42},],
----------------------- 19 ---------------------------
canvasWidth:100,
canvasHeight:100,
data:[{x:0,y:0,l:49,w:83},{x:0,y:49,l:50,w:45},{x:45,y:62,l:38,w:44},{x:83,y:0,l:44,w:15},{x:89,y:45,l:55,w:11},],
----------------------- 20 ---------------------------
canvasWidth:100,
canvasHeight:100,
data:[{x:0,y:0,l:85,w:36},{x:36,y:0,l:67,w:45},{x:36,y:67,l:33,w:64},{x:81,y:0,l:55,w:9},],
----------------------- 21 ---------------------------
canvasWidth:100,
canvasHeight:100,
data:[{x:0,y:0,l:46,w:38},{x:0,y:46,l:54,w:29},{x:38,y:0,l:56,w:14},{x:48,y:73,l:27,w:24},{x:52,y:0,l:64,w:48},{x:29,y:56,l:44,w:10},{x:39,y:56,l:37,w:9},],
----------------------- 22 ---------------------------
canvasWidth:100,
canvasHeight:100,
data:[{x:0,y:0,l:69,w:44},{x:69,y:33,l:67,w:31},{x:44,y:0,l:33,w:56},],
----------------------- 23 ---------------------------
canvasWidth:100,
canvasHeight:100,
data:[{x:0,y:0,l:37,w:81},{x:0,y:74,l:25,w:74},{x:33,y:37,l:33,w:48},{x:81,y:0,l:70,w:19},{x:0,y:37,l:37,w:33},],
