====================================== Class_03.2bp-0 =====================================
Reduced size: 20 usedBin: 0
[0, 12, 16, 19]
[2, 11, 13, 17]
[3, 5, 9]
[1, 10, 15, 18]
[4, 8, 14]
[6, 7]
canvasWidth:40,
canvasHeight:40,
data:[{x:0,y:0,l:34,w:24},{x:24,y:1,l:27,w:9},{x:33,y:1,l:24,w:4},{x:24,y:0,l:1,w:16},],
canvasWidth:40,
canvasHeight:40,
data:[{x:0,y:0,l:25,w:25},{x:30,y:13,l:27,w:10},{x:25,y:0,l:13,w:15},{x:25,y:13,l:13,w:5},],
canvasWidth:40,
canvasHeight:40,
data:[{x:0,y:0,l:22,w:28},{x:0,y:22,l:18,w:30},{x:30,y:6,l:34,w:9},],
canvasWidth:40,
canvasHeight:40,
data:[{x:0,y:0,l:33,w:19},{x:19,y:0,l:9,w:15},{x:29,y:9,l:26,w:11},{x:0,y:33,l:4,w:11},],
canvasWidth:40,
canvasHeight:40,
data:[{x:0,y:0,l:19,w:31},{x:0,y:19,l:17,w:22},{x:31,y:0,l:18,w:9},],
canvasWidth:40,
canvasHeight:40,
data:[{x:0,y:13,l:19,w:23},{x:0,y:0,l:13,w:33},],
Best fit used bin number: 6
Found best solution: 6 0.078

   Statrt add columnAndCut col: 6 cons: 0 cut: 0	0.14

	1 Start Add column using column generation  col: 6 cons: 0 cut: 0	0.14
			Start solve  LP :0.14
			End solve LP obj: 6.0 t: 0
	1 End Add column using column generation : 6.0 col: 6 cons: 0 cut: 0	0.14
   End add columnAndCut : 6.0 colGencnt: 1 price: 0 col: 6 cons: 0 cut: 0	0.14

Node lb: 6.0 ub: 6 : 0.14

Final Found Solution: 6 genNode: 1 extendedNode: 0:0.14
Bin size: 1600
1 : 816,243,96,16, : 1171
2 : 625,270,195,65, : 1155
3 : 616,540,306, : 1462
4 : 627,286,135,44, : 1092
5 : 589,374,162, : 1125
6 : 437,429, : 866
----------------------- 1 ---------------------------
canvasWidth:40,
canvasHeight:40,
data:[{x:0,y:0,l:34,w:24},{x:24,y:1,l:27,w:9},{x:33,y:1,l:24,w:4},{x:24,y:0,l:1,w:16},],
----------------------- 2 ---------------------------
canvasWidth:40,
canvasHeight:40,
data:[{x:0,y:0,l:25,w:25},{x:30,y:13,l:27,w:10},{x:25,y:0,l:13,w:15},{x:25,y:13,l:13,w:5},],
----------------------- 3 ---------------------------
canvasWidth:40,
canvasHeight:40,
data:[{x:0,y:0,l:22,w:28},{x:0,y:22,l:18,w:30},{x:30,y:6,l:34,w:9},],
----------------------- 4 ---------------------------
canvasWidth:40,
canvasHeight:40,
data:[{x:0,y:0,l:33,w:19},{x:19,y:0,l:9,w:15},{x:29,y:9,l:26,w:11},{x:0,y:33,l:4,w:11},],
----------------------- 5 ---------------------------
canvasWidth:40,
canvasHeight:40,
data:[{x:0,y:0,l:19,w:31},{x:0,y:19,l:17,w:22},{x:31,y:0,l:18,w:9},],
----------------------- 6 ---------------------------
canvasWidth:40,
canvasHeight:40,
data:[{x:0,y:13,l:19,w:23},{x:0,y:0,l:13,w:33},],
