====================================== Class_10.2bp-29 =====================================
Reduced size: 60 usedBin: 0
[0, 21, 36]
[1, 22, 27, 30, 33, 45]
[2, 4, 29, 35, 44, 46, 55]
[3, 13, 19, 24, 32, 38, 50]
[5, 6, 12, 20, 31, 40, 43, 51]
[7, 9, 10, 18, 34, 49, 52, 54]
[8, 11, 14, 23, 25, 41, 56, 57, 58, 59]
[15, 16, 17, 26, 28, 37, 39, 42, 47, 48, 53]
canvasWidth:100,
canvasHeight:100,
data:[{x:0,y:0,l:78,w:92},{x:0,y:78,l:18,w:75},{x:75,y:79,l:21,w:25},],
canvasWidth:100,
canvasHeight:100,
data:[{x:0,y:0,l:74,w:74},{x:74,y:0,l:50,w:26},{x:74,y:50,l:45,w:19},{x:0,y:74,l:11,w:69},{x:0,y:85,l:14,w:43},{x:43,y:85,l:14,w:29},],
canvasWidth:100,
canvasHeight:100,
data:[{x:0,y:0,l:65,w:69},{x:0,y:65,l:27,w:97},{x:69,y:0,l:49,w:16},{x:0,y:92,l:8,w:45},{x:69,y:51,l:14,w:29},{x:85,y:0,l:40,w:14},{x:45,y:92,l:3,w:31},],
canvasWidth:100,
canvasHeight:100,
data:[{x:0,y:0,l:85,w:47},{x:82,y:0,l:100,w:18},{x:47,y:0,l:46,w:35},{x:47,y:46,l:35,w:33},{x:0,y:85,l:15,w:43},{x:43,y:88,l:12,w:39},{x:61,y:81,l:7,w:21},],
canvasWidth:100,
canvasHeight:100,
data:[{x:0,y:0,l:30,w:77},{x:0,y:30,l:32,w:69},{x:0,y:62,l:38,w:48},{x:48,y:62,l:38,w:36},{x:69,y:32,l:30,w:24},{x:84,y:72,l:28,w:16},{x:77,y:0,l:30,w:14},{x:84,y:63,l:9,w:16},],
canvasWidth:100,
canvasHeight:100,
data:[{x:0,y:0,l:47,w:46},{x:0,y:47,l:50,w:40},{x:46,y:0,l:41,w:48},{x:63,y:41,l:49,w:33},{x:46,y:41,l:33,w:17},{x:40,y:47,l:27,w:6},{x:94,y:0,l:20,w:6},{x:0,y:99,l:1,w:99},],
canvasWidth:100,
canvasHeight:100,
data:[{x:0,y:0,l:24,w:85},{x:0,y:24,l:39,w:48},{x:48,y:24,l:45,w:39},{x:0,y:63,l:28,w:42},{x:46,y:69,l:29,w:36},{x:82,y:69,l:31,w:14},{x:0,y:91,l:2,w:40},{x:0,y:93,l:7,w:11},{x:42,y:63,l:11,w:4},{x:96,y:0,l:6,w:3},],
canvasWidth:100,
canvasHeight:100,
data:[{x:0,y:0,l:48,w:36},{x:0,y:48,l:39,w:44},{x:36,y:0,l:44,w:37},{x:0,y:88,l:12,w:85},{x:44,y:69,l:19,w:44},{x:73,y:0,l:19,w:27},{x:44,y:56,l:13,w:36},{x:73,y:19,l:21,w:20},{x:36,y:44,l:4,w:49},{x:80,y:57,l:12,w:16},{x:93,y:19,l:22,w:5},],
Best fit used bin number: 8
Found best solution: 8 0.078

   Statrt add columnAndCut col: 8 cons: 0 cut: 0	0.344

	1 Start Add column using column generation  col: 8 cons: 0 cut: 0	0.344
			Start solve  LP :0.344
			End solve LP obj: 8.0 t: 0
	1 End Add column using column generation : 8.0 col: 8 cons: 0 cut: 0	0.36
   End add columnAndCut : 8.0 colGencnt: 1 price: 0 col: 8 cons: 0 cut: 0	0.36

Node lb: 8.0 ub: 8 : 0.36

Final Found Solution: 8 genNode: 1 extendedNode: 0:0.36
Bin size: 10000
1 : 7176,1350,525, : 9051
2 : 5476,1300,855,759,602,406, : 9398
3 : 4485,2619,784,560,406,360,93, : 9307
4 : 3995,1800,1610,1155,645,468,147, : 9820
5 : 2310,2208,1824,1368,720,448,420,144, : 9442
6 : 2162,2000,1968,1617,561,162,120,99, : 8689
7 : 2040,1872,1755,1176,1044,434,80,77,44,18, : 8540
8 : 1728,1716,1628,1020,836,513,468,420,196,192,110, : 8827
----------------------- 1 ---------------------------
canvasWidth:100,
canvasHeight:100,
data:[{x:0,y:0,l:78,w:92},{x:0,y:78,l:18,w:75},{x:75,y:79,l:21,w:25},],
----------------------- 2 ---------------------------
canvasWidth:100,
canvasHeight:100,
data:[{x:0,y:0,l:74,w:74},{x:74,y:0,l:50,w:26},{x:74,y:50,l:45,w:19},{x:0,y:74,l:11,w:69},{x:0,y:85,l:14,w:43},{x:43,y:85,l:14,w:29},],
----------------------- 3 ---------------------------
canvasWidth:100,
canvasHeight:100,
data:[{x:0,y:0,l:65,w:69},{x:0,y:65,l:27,w:97},{x:69,y:0,l:49,w:16},{x:0,y:92,l:8,w:45},{x:69,y:51,l:14,w:29},{x:85,y:0,l:40,w:14},{x:45,y:92,l:3,w:31},],
----------------------- 4 ---------------------------
canvasWidth:100,
canvasHeight:100,
data:[{x:0,y:0,l:85,w:47},{x:82,y:0,l:100,w:18},{x:47,y:0,l:46,w:35},{x:47,y:46,l:35,w:33},{x:0,y:85,l:15,w:43},{x:43,y:88,l:12,w:39},{x:61,y:81,l:7,w:21},],
----------------------- 5 ---------------------------
canvasWidth:100,
canvasHeight:100,
data:[{x:0,y:0,l:30,w:77},{x:0,y:30,l:32,w:69},{x:0,y:62,l:38,w:48},{x:48,y:62,l:38,w:36},{x:69,y:32,l:30,w:24},{x:84,y:72,l:28,w:16},{x:77,y:0,l:30,w:14},{x:84,y:63,l:9,w:16},],
----------------------- 6 ---------------------------
canvasWidth:100,
canvasHeight:100,
data:[{x:0,y:0,l:47,w:46},{x:0,y:47,l:50,w:40},{x:46,y:0,l:41,w:48},{x:63,y:41,l:49,w:33},{x:46,y:41,l:33,w:17},{x:40,y:47,l:27,w:6},{x:94,y:0,l:20,w:6},{x:0,y:99,l:1,w:99},],
----------------------- 7 ---------------------------
canvasWidth:100,
canvasHeight:100,
data:[{x:0,y:0,l:24,w:85},{x:0,y:24,l:39,w:48},{x:48,y:24,l:45,w:39},{x:0,y:63,l:28,w:42},{x:46,y:69,l:29,w:36},{x:82,y:69,l:31,w:14},{x:0,y:91,l:2,w:40},{x:0,y:93,l:7,w:11},{x:42,y:63,l:11,w:4},{x:96,y:0,l:6,w:3},],
----------------------- 8 ---------------------------
canvasWidth:100,
canvasHeight:100,
data:[{x:0,y:0,l:48,w:36},{x:0,y:48,l:39,w:44},{x:36,y:0,l:44,w:37},{x:0,y:88,l:12,w:85},{x:44,y:69,l:19,w:44},{x:73,y:0,l:19,w:27},{x:44,y:56,l:13,w:36},{x:73,y:19,l:21,w:20},{x:36,y:44,l:4,w:49},{x:80,y:57,l:12,w:16},{x:93,y:19,l:22,w:5},],
