====================================== Class_04.2bp-40 =====================================
Reduced size: 100 usedBin: 0
E:\WSKH\2DBPP\NonGuillotine\initSolution\4_41.pack
[0, 1, 2, 3, 6, 8, 10, 12, 22, 26, 28, 33, 41, 42, 47, 49, 60, 72, 74, 78, 86, 92, 94, 95, 96, 98, 99]
[4, 5, 7, 9, 11, 13, 14, 15, 18, 19, 24, 27, 29, 31, 32, 34, 46, 48, 51, 55, 61, 67, 71, 81, 85, 88, 97]
[16, 17, 20, 21, 23, 25, 30, 35, 36, 37, 38, 39, 40, 43, 44, 45, 50, 52, 53, 54, 56, 57, 58, 59, 62, 63, 64, 65, 66, 68, 69, 70, 73, 75, 76, 77, 79, 80, 82, 83, 84, 87, 89, 90, 91, 93]
canvasWidth:100,
canvasHeight:100,
data:[{x:0,y:0,l:33,w:33},{x:0,y:33,l:32,w:33},{x:33,y:0,l:29,w:34},{x:67,y:8,l:32,w:30},{x:33,y:29,l:21,w:34},{x:0,y:65,l:35,w:20},{x:33,y:58,l:27,w:24},{x:76,y:40,l:29,w:21},{x:20,y:65,l:34,w:13},{x:57,y:69,l:16,w:24},{x:33,y:85,l:14,w:25},{x:58,y:85,l:14,w:23},{x:20,y:99,l:1,w:15},{x:33,y:50,l:8,w:34},{x:67,y:0,l:8,w:33},{x:91,y:75,l:25,w:9},{x:57,y:58,l:11,w:19},{x:67,y:40,l:18,w:9},{x:81,y:69,l:6,w:19},{x:81,y:75,l:11,w:10},{x:97,y:8,l:28,w:3},{x:87,y:86,l:14,w:4},{x:81,y:86,l:6,w:6},{x:35,y:99,l:1,w:23},{x:58,y:99,l:1,w:17},{x:81,y:92,l:2,w:5},{x:97,y:36,l:3,w:1},],
canvasWidth:100,
canvasHeight:100,
data:[{x:0,y:0,l:26,w:31},{x:31,y:0,l:25,w:29},{x:0,y:26,l:23,w:31},{x:60,y:0,l:21,w:32},{x:60,y:25,l:24,w:26},{x:31,y:54,l:19,w:32},{x:0,y:49,l:19,w:31},{x:31,y:73,l:24,w:22},{x:0,y:80,l:20,w:24},{x:63,y:54,l:19,w:25},{x:86,y:25,l:29,w:14},{x:0,y:68,l:12,w:31},{x:31,y:25,l:12,w:29},{x:53,y:82,l:15,w:22},{x:88,y:73,l:27,w:12},{x:53,y:73,l:9,w:35},{x:88,y:54,l:19,w:12},{x:37,y:41,l:13,w:17},{x:92,y:0,l:25,w:8},{x:75,y:82,l:14,w:13},{x:54,y:49,l:5,w:32},{x:60,y:21,l:4,w:32},{x:31,y:37,l:4,w:29},{x:31,y:41,l:13,w:6},{x:24,y:80,l:10,w:7},{x:54,y:41,l:8,w:6},{x:29,y:90,l:7,w:2},],
canvasWidth:100,
canvasHeight:100,
data:[{x:0,y:0,l:30,w:17},{x:17,y:0,l:23,w:22},{x:17,y:23,l:21,w:22},{x:39,y:0,l:34,w:13},{x:61,y:0,l:13,w:32},{x:0,y:30,l:23,w:17},{x:61,y:13,l:29,w:12},{x:73,y:13,l:15,w:20},{x:8,y:53,l:14,w:21},{x:8,y:67,l:12,w:24},{x:61,y:42,l:32,w:9},{x:17,y:79,l:9,w:31},{x:73,y:28,l:14,w:18},{x:17,y:88,l:8,w:31},{x:38,y:44,l:19,w:13},{x:91,y:28,l:23,w:9},{x:93,y:0,l:28,w:7},{x:17,y:44,l:9,w:21},{x:4,y:79,l:21,w:9},{x:32,y:74,l:5,w:35},{x:32,y:67,l:7,w:25},{x:52,y:0,l:34,w:5},{x:70,y:42,l:28,w:6},{x:48,y:79,l:14,w:11},{x:59,y:79,l:4,w:35},{x:57,y:0,l:34,w:4},{x:51,y:41,l:22,w:6},{x:57,y:41,l:33,w:4},{x:39,y:34,l:10,w:12},{x:0,y:53,l:15,w:8},{x:86,y:42,l:24,w:5},{x:29,y:63,l:4,w:28},{x:91,y:51,l:12,w:9},{x:0,y:68,l:23,w:4},{x:29,y:53,l:10,w:9},{x:13,y:79,l:21,w:4},{x:70,y:71,l:6,w:13},{x:48,y:93,l:7,w:11},{x:17,y:96,l:3,w:24},{x:51,y:34,l:7,w:10},{x:76,y:42,l:13,w:4},{x:76,y:69,l:2,w:23},{x:4,y:68,l:11,w:4},{x:86,y:66,l:3,w:14},{x:91,y:63,l:3,w:9},{x:59,y:83,l:9,w:35},],
Best fit used bin number: 3
Found best solution: 3 0.078

   Statrt add columnAndCut col: 3 cons: 0 cut: 0	0.156

	1 Start Add column using column generation  col: 3 cons: 0 cut: 0	0.156
			Start solve  LP :0.156
			End solve LP obj: 3.0 t: 0
	1 End Add column using column generation : 3.0 col: 3 cons: 0 cut: 0	0.156
   End add columnAndCut : 3.0 colGencnt: 1 price: 0 col: 3 cons: 0 cut: 0	0.156

Node lb: 3.0 ub: 3 : 0.156

Final Found Solution: 3 genNode: 1 extendedNode: 0:0.156
Bin size: 10000
1 : 1089,1056,986,960,714,700,648,609,442,384,350,322,272,264,225,209,162,114,110,84,56,36,23,17,15,10,3, : 9860
2 : 806,725,713,672,624,608,589,528,480,475,406,372,348,330,324,315,228,221,200,182,160,128,116,78,70,48,14, : 9760
3 : 510,506,462,442,416,391,348,315,300,294,288,288,279,252,248,247,207,196,189,189,175,175,170,168,154,140,136,132,132,120,120,120,112,108,92,90,84,78,77,72,70,52,46,44,42,27, : 9103
----------------------- 1 ---------------------------
canvasWidth:100,
canvasHeight:100,
data:[{x:0,y:0,l:33,w:33},{x:0,y:33,l:32,w:33},{x:33,y:0,l:29,w:34},{x:67,y:8,l:32,w:30},{x:33,y:29,l:21,w:34},{x:0,y:65,l:35,w:20},{x:33,y:58,l:27,w:24},{x:76,y:40,l:29,w:21},{x:20,y:65,l:34,w:13},{x:57,y:69,l:16,w:24},{x:33,y:85,l:14,w:25},{x:58,y:85,l:14,w:23},{x:20,y:99,l:1,w:15},{x:33,y:50,l:8,w:34},{x:67,y:0,l:8,w:33},{x:91,y:75,l:25,w:9},{x:57,y:58,l:11,w:19},{x:67,y:40,l:18,w:9},{x:81,y:69,l:6,w:19},{x:81,y:75,l:11,w:10},{x:97,y:8,l:28,w:3},{x:87,y:86,l:14,w:4},{x:81,y:86,l:6,w:6},{x:35,y:99,l:1,w:23},{x:58,y:99,l:1,w:17},{x:81,y:92,l:2,w:5},{x:97,y:36,l:3,w:1},],
----------------------- 2 ---------------------------
canvasWidth:100,
canvasHeight:100,
data:[{x:0,y:0,l:26,w:31},{x:31,y:0,l:25,w:29},{x:0,y:26,l:23,w:31},{x:60,y:0,l:21,w:32},{x:60,y:25,l:24,w:26},{x:31,y:54,l:19,w:32},{x:0,y:49,l:19,w:31},{x:31,y:73,l:24,w:22},{x:0,y:80,l:20,w:24},{x:63,y:54,l:19,w:25},{x:86,y:25,l:29,w:14},{x:0,y:68,l:12,w:31},{x:31,y:25,l:12,w:29},{x:53,y:82,l:15,w:22},{x:88,y:73,l:27,w:12},{x:53,y:73,l:9,w:35},{x:88,y:54,l:19,w:12},{x:37,y:41,l:13,w:17},{x:92,y:0,l:25,w:8},{x:75,y:82,l:14,w:13},{x:54,y:49,l:5,w:32},{x:60,y:21,l:4,w:32},{x:31,y:37,l:4,w:29},{x:31,y:41,l:13,w:6},{x:24,y:80,l:10,w:7},{x:54,y:41,l:8,w:6},{x:29,y:90,l:7,w:2},],
----------------------- 3 ---------------------------
canvasWidth:100,
canvasHeight:100,
data:[{x:0,y:0,l:30,w:17},{x:17,y:0,l:23,w:22},{x:17,y:23,l:21,w:22},{x:39,y:0,l:34,w:13},{x:61,y:0,l:13,w:32},{x:0,y:30,l:23,w:17},{x:61,y:13,l:29,w:12},{x:73,y:13,l:15,w:20},{x:8,y:53,l:14,w:21},{x:8,y:67,l:12,w:24},{x:61,y:42,l:32,w:9},{x:17,y:79,l:9,w:31},{x:73,y:28,l:14,w:18},{x:17,y:88,l:8,w:31},{x:38,y:44,l:19,w:13},{x:91,y:28,l:23,w:9},{x:93,y:0,l:28,w:7},{x:17,y:44,l:9,w:21},{x:4,y:79,l:21,w:9},{x:32,y:74,l:5,w:35},{x:32,y:67,l:7,w:25},{x:52,y:0,l:34,w:5},{x:70,y:42,l:28,w:6},{x:48,y:79,l:14,w:11},{x:59,y:79,l:4,w:35},{x:57,y:0,l:34,w:4},{x:51,y:41,l:22,w:6},{x:57,y:41,l:33,w:4},{x:39,y:34,l:10,w:12},{x:0,y:53,l:15,w:8},{x:86,y:42,l:24,w:5},{x:29,y:63,l:4,w:28},{x:91,y:51,l:12,w:9},{x:0,y:68,l:23,w:4},{x:29,y:53,l:10,w:9},{x:13,y:79,l:21,w:4},{x:70,y:71,l:6,w:13},{x:48,y:93,l:7,w:11},{x:17,y:96,l:3,w:24},{x:51,y:34,l:7,w:10},{x:76,y:42,l:13,w:4},{x:76,y:69,l:2,w:23},{x:4,y:68,l:11,w:4},{x:86,y:66,l:3,w:14},{x:91,y:63,l:3,w:9},{x:59,y:83,l:9,w:35},],
