====================================== Class_04.2bp-29 =====================================
Reduced size: 60 usedBin: 0
[0, 1, 2, 3, 4, 5, 6, 14, 21, 22, 27, 30, 34, 42, 43, 44, 46, 50, 52, 54, 55, 56, 57, 58]
[8, 9, 10, 11, 12, 18, 19, 20, 23, 24, 25, 28, 29, 31, 32, 36, 37, 38, 39, 41, 45, 47, 49, 51, 53, 59]
[7, 13, 15, 16, 17, 26, 33, 35, 40, 48]
canvasWidth:100,
canvasHeight:100,
data:[{x:0,y:0,l:35,w:28},{x:28,y:0,l:28,w:34},{x:28,y:28,l:27,w:34},{x:0,y:35,l:30,w:28},{x:62,y:0,l:27,w:31},{x:62,y:27,l:34,w:24},{x:13,y:65,l:32,w:25},{x:0,y:65,l:35,w:13},{x:38,y:65,l:32,w:19},{x:61,y:78,l:21,w:21},{x:62,y:61,l:17,w:20},{x:28,y:55,l:10,w:30},{x:82,y:61,l:28,w:10},{x:86,y:27,l:34,w:6},{x:92,y:72,l:24,w:8},{x:93,y:0,l:32,w:6},{x:93,y:46,l:26,w:6},{x:13,y:97,l:3,w:34},{x:58,y:55,l:23,w:4},{x:82,y:89,l:7,w:10},{x:83,y:96,l:4,w:17},{x:93,y:32,l:10,w:6},{x:92,y:27,l:25,w:1},{x:93,y:42,l:4,w:6},],
canvasWidth:100,
canvasHeight:100,
data:[{x:0,y:0,l:31,w:25},{x:50,y:0,l:20,w:33},{x:0,y:31,l:33,w:20},{x:20,y:31,l:25,w:26},{x:25,y:64,l:22,w:29},{x:25,y:0,l:31,w:17},{x:46,y:31,l:25,w:21},{x:0,y:64,l:20,w:25},{x:54,y:56,l:30,w:13},{x:86,y:38,l:27,w:14},{x:83,y:0,l:21,w:17},{x:67,y:63,l:17,w:19},{x:50,y:20,l:11,w:28},{x:86,y:65,l:21,w:14},{x:83,y:21,l:17,w:17},{x:67,y:40,l:23,w:12},{x:20,y:56,l:8,w:34},{x:42,y:0,l:31,w:8},{x:46,y:86,l:9,w:26},{x:72,y:80,l:15,w:14},{x:87,y:86,l:14,w:13},{x:36,y:86,l:14,w:10},{x:66,y:95,l:5,w:21},{x:67,y:31,l:9,w:11},{x:79,y:24,l:19,w:4},{x:78,y:20,l:4,w:5},],
canvasWidth:100,
canvasHeight:100,
data:[{x:0,y:0,l:21,w:30},{x:0,y:21,l:20,w:30},{x:30,y:0,l:20,w:29},{x:59,y:0,l:20,w:27},{x:30,y:20,l:34,w:23},{x:53,y:24,l:11,w:32},{x:74,y:45,l:11,w:26},{x:53,y:35,l:10,w:28},{x:86,y:0,l:20,w:11},{x:53,y:20,l:4,w:34},],
Best fit used bin number: 3
Found best solution: 3 0.062

   Statrt add columnAndCut col: 3 cons: 0 cut: 0	0.125

	1 Start Add column using column generation  col: 3 cons: 0 cut: 0	0.125
			Start solve  LP :0.125
			End solve LP obj: 3.0 t: 15
	1 End Add column using column generation : 3.0 col: 3 cons: 0 cut: 0	0.14
   End add columnAndCut : 3.0 colGencnt: 1 price: 0 col: 3 cons: 0 cut: 0	0.14

Node lb: 3.0 ub: 3 : 0.14

Final Found Solution: 3 genNode: 1 extendedNode: 0:0.14
Bin size: 10000
1 : 980,952,918,840,837,816,800,608,455,441,340,300,280,204,192,192,156,102,92,70,68,60,25,24, : 9752
2 : 775,660,660,650,638,527,525,500,390,378,357,323,308,294,289,276,272,248,234,210,182,140,105,99,76,20, : 9136
3 : 782,630,600,580,540,352,286,280,220,136, : 4406
----------------------- 1 ---------------------------
canvasWidth:100,
canvasHeight:100,
data:[{x:0,y:0,l:35,w:28},{x:28,y:0,l:28,w:34},{x:28,y:28,l:27,w:34},{x:0,y:35,l:30,w:28},{x:62,y:0,l:27,w:31},{x:62,y:27,l:34,w:24},{x:13,y:65,l:32,w:25},{x:0,y:65,l:35,w:13},{x:38,y:65,l:32,w:19},{x:61,y:78,l:21,w:21},{x:62,y:61,l:17,w:20},{x:28,y:55,l:10,w:30},{x:82,y:61,l:28,w:10},{x:86,y:27,l:34,w:6},{x:92,y:72,l:24,w:8},{x:93,y:0,l:32,w:6},{x:93,y:46,l:26,w:6},{x:13,y:97,l:3,w:34},{x:58,y:55,l:23,w:4},{x:82,y:89,l:7,w:10},{x:83,y:96,l:4,w:17},{x:93,y:32,l:10,w:6},{x:92,y:27,l:25,w:1},{x:93,y:42,l:4,w:6},],
----------------------- 2 ---------------------------
canvasWidth:100,
canvasHeight:100,
data:[{x:0,y:0,l:31,w:25},{x:50,y:0,l:20,w:33},{x:0,y:31,l:33,w:20},{x:20,y:31,l:25,w:26},{x:25,y:64,l:22,w:29},{x:25,y:0,l:31,w:17},{x:46,y:31,l:25,w:21},{x:0,y:64,l:20,w:25},{x:54,y:56,l:30,w:13},{x:86,y:38,l:27,w:14},{x:83,y:0,l:21,w:17},{x:67,y:63,l:17,w:19},{x:50,y:20,l:11,w:28},{x:86,y:65,l:21,w:14},{x:83,y:21,l:17,w:17},{x:67,y:40,l:23,w:12},{x:20,y:56,l:8,w:34},{x:42,y:0,l:31,w:8},{x:46,y:86,l:9,w:26},{x:72,y:80,l:15,w:14},{x:87,y:86,l:14,w:13},{x:36,y:86,l:14,w:10},{x:66,y:95,l:5,w:21},{x:67,y:31,l:9,w:11},{x:79,y:24,l:19,w:4},{x:78,y:20,l:4,w:5},],
----------------------- 3 ---------------------------
canvasWidth:100,
canvasHeight:100,
data:[{x:0,y:0,l:21,w:30},{x:0,y:21,l:20,w:30},{x:30,y:0,l:20,w:29},{x:59,y:0,l:20,w:27},{x:30,y:20,l:34,w:23},{x:53,y:24,l:11,w:32},{x:74,y:45,l:11,w:26},{x:53,y:35,l:10,w:28},{x:86,y:0,l:20,w:11},{x:53,y:20,l:4,w:34},],
