====================================== Class_03.2bp-47 =====================================
Reduced size: 100 usedBin: 0
E:\WSKH\2DBPP\NonGuillotine\initSolution\3_48.pack
[0, 61, 80, 84, 86, 88, 95]
[1, 54, 74, 82, 92]
[2, 40, 63, 93, 98]
[3, 48, 62, 94, 96, 99]
[4, 50, 75, 77]
[6, 46, 67]
[5, 57, 65, 66]
[7, 39, 43, 81]
[8, 38, 44, 78]
[9, 42, 58, 60, 89, 91]
[10, 32, 68, 72, 83]
[11, 29, 64, 97]
[12, 37, 49, 59]
[13, 18, 71]
[14, 47, 51, 53]
[15, 45, 55, 70, 73]
[22, 25, 36]
[20, 24, 34]
[16, 30, 41]
[21, 31, 35, 85, 90]
[17, 23, 56, 69]
[19, 28, 52, 76]
[26, 27, 33, 79, 87]
canvasWidth:40,
canvasHeight:40,
data:[{x:0,y:0,l:33,w:34},{x:0,y:33,l:5,w:34},{x:34,y:0,l:14,w:6},{x:34,y:14,l:8,w:6},{x:0,y:38,l:2,w:20},{x:34,y:22,l:5,w:6},{x:20,y:38,l:1,w:20},],
canvasWidth:40,
canvasHeight:40,
data:[{x:0,y:0,l:35,w:32},{x:32,y:0,l:30,w:8},{x:0,y:35,l:5,w:21},{x:21,y:35,l:5,w:11},{x:32,y:30,l:3,w:8},],
canvasWidth:40,
canvasHeight:40,
data:[{x:0,y:0,l:30,w:35},{x:0,y:30,l:10,w:32},{x:35,y:0,l:28,w:5},{x:38,y:28,l:12,w:2},{x:37,y:28,l:12,w:1},],
canvasWidth:40,
canvasHeight:40,
data:[{x:0,y:0,l:33,w:31},{x:31,y:0,l:30,w:9},{x:0,y:33,l:7,w:22},{x:38,y:30,l:10,w:2},{x:36,y:30,l:10,w:2},{x:35,y:30,l:10,w:1},],
canvasWidth:40,
canvasHeight:40,
data:[{x:0,y:0,l:29,w:33},{x:0,y:29,l:8,w:33},{x:0,y:37,l:3,w:33},{x:33,y:0,l:30,w:3},],
canvasWidth:40,
canvasHeight:40,
data:[{x:0,y:0,l:28,w:33},{x:0,y:28,l:12,w:23},{x:23,y:28,l:12,w:10},],
canvasWidth:40,
canvasHeight:40,
data:[{x:0,y:0,l:33,w:28},{x:28,y:0,l:16,w:12},{x:28,y:16,l:11,w:12},{x:0,y:33,l:7,w:18},],
canvasWidth:40,
canvasHeight:40,
data:[{x:0,y:0,l:29,w:30},{x:30,y:0,l:34,w:10},{x:3,y:29,l:11,w:27},{x:30,y:34,l:6,w:10},],
canvasWidth:40,
canvasHeight:40,
data:[{x:0,y:0,l:30,w:29},{x:29,y:0,l:31,w:11},{x:0,y:30,l:10,w:29},{x:29,y:31,l:8,w:11},],
canvasWidth:40,
canvasHeight:40,
data:[{x:0,y:0,l:30,w:28},{x:28,y:0,l:30,w:10},{x:0,y:30,l:10,w:18},{x:18,y:30,l:10,w:17},{x:38,y:0,l:15,w:2},{x:39,y:15,l:24,w:1},],
canvasWidth:40,
canvasHeight:40,
data:[{x:0,y:0,l:32,w:26},{x:26,y:0,l:30,w:14},{x:6,y:32,l:6,w:20},{x:26,y:30,l:8,w:14},{x:13,y:38,l:2,w:27},],
canvasWidth:40,
canvasHeight:40,
data:[{x:0,y:0,l:23,w:34},{x:9,y:23,l:16,w:28},{x:0,y:23,l:17,w:8},{x:8,y:23,l:17,w:1},],
canvasWidth:40,
canvasHeight:40,
data:[{x:0,y:0,l:23,w:31},{x:0,y:23,l:11,w:31},{x:31,y:0,l:30,w:9},{x:0,y:34,l:6,w:29},],
canvasWidth:40,
canvasHeight:40,
data:[{x:0,y:0,l:30,w:23},{x:23,y:0,l:33,w:17},{x:0,y:30,l:5,w:23},],
canvasWidth:40,
canvasHeight:40,
data:[{x:0,y:0,l:24,w:27},{x:29,y:0,l:25,w:11},{x:0,y:24,l:14,w:18},{x:18,y:25,l:13,w:20},],
canvasWidth:40,
canvasHeight:40,
data:[{x:0,y:0,l:25,w:25},{x:25,y:8,l:20,w:14},{x:0,y:25,l:15,w:16},{x:25,y:0,l:8,w:15},{x:16,y:25,l:12,w:9},],
canvasWidth:40,
canvasHeight:40,
data:[{x:0,y:0,l:23,w:23},{x:23,y:0,l:31,w:17},{x:0,y:23,l:15,w:23},],
canvasWidth:40,
canvasHeight:40,
data:[{x:24,y:0,l:34,w:16},{x:0,y:0,l:22,w:24},{x:0,y:22,l:18,w:21},],
canvasWidth:40,
canvasHeight:40,
data:[{x:21,y:0,l:32,w:19},{x:0,y:0,l:21,w:21},{x:0,y:21,l:19,w:16},],
canvasWidth:40,
canvasHeight:40,
data:[{x:0,y:21,l:19,w:28},{x:0,y:0,l:21,w:21},{x:21,y:0,l:21,w:18},{x:28,y:21,l:16,w:3},{x:39,y:0,l:25,w:1},],
canvasWidth:40,
canvasHeight:40,
data:[{x:0,y:0,l:20,w:30},{x:0,y:20,l:16,w:33},{x:30,y:0,l:20,w:10},{x:0,y:36,l:4,w:30},],
canvasWidth:40,
canvasHeight:40,
data:[{x:0,y:0,l:28,w:20},{x:20,y:0,l:27,w:17},{x:0,y:28,l:8,w:32},{x:0,y:36,l:3,w:32},],
canvasWidth:40,
canvasHeight:40,
data:[{x:0,y:24,l:14,w:35},{x:0,y:0,l:20,w:23},{x:23,y:0,l:24,w:17},{x:0,y:20,l:4,w:22},{x:0,y:38,l:1,w:33},],
Best fit used bin number: 23
Found best solution: 23 0.078

   Statrt add columnAndCut col: 23 cons: 0 cut: 0	0.156

	1 Start Add column using column generation  col: 23 cons: 0 cut: 0	0.156
			Start solve  LP :0.156
			End solve LP obj: 23.0 t: 0
	1 End Add column using column generation : 23.0 col: 23 cons: 0 cut: 0	0.156
   End add columnAndCut : 23.0 colGencnt: 1 price: 0 col: 23 cons: 0 cut: 0	0.156

Node lb: 23.0 ub: 23 : 0.156

Final Found Solution: 23 genNode: 1 extendedNode: 0:0.156
Bin size: 1600
1 : 1122,170,84,48,40,30,20, : 1514
2 : 1120,240,105,55,24, : 1544
3 : 1050,320,140,24,12, : 1546
4 : 1023,270,154,20,20,10, : 1497
5 : 957,264,99,90, : 1410
6 : 924,276,120, : 1320
7 : 924,192,132,126, : 1374
8 : 870,340,297,60, : 1567
9 : 870,341,290,88, : 1589
10 : 840,300,180,170,30,24, : 1544
11 : 832,420,120,112,54, : 1538
12 : 782,448,136,17, : 1383
13 : 713,341,270,174, : 1498
14 : 690,561,115, : 1366
15 : 648,275,260,252, : 1435
16 : 625,280,240,120,108, : 1373
17 : 529,527,345, : 1401
18 : 544,528,378, : 1450
19 : 608,441,304, : 1353
20 : 532,441,378,48,25, : 1424
21 : 600,528,200,120, : 1448
22 : 560,459,256,96, : 1371
23 : 490,460,408,88,33, : 1479
----------------------- 1 ---------------------------
canvasWidth:40,
canvasHeight:40,
data:[{x:0,y:0,l:33,w:34},{x:0,y:33,l:5,w:34},{x:34,y:0,l:14,w:6},{x:34,y:14,l:8,w:6},{x:0,y:38,l:2,w:20},{x:34,y:22,l:5,w:6},{x:20,y:38,l:1,w:20},],
----------------------- 2 ---------------------------
canvasWidth:40,
canvasHeight:40,
data:[{x:0,y:0,l:35,w:32},{x:32,y:0,l:30,w:8},{x:0,y:35,l:5,w:21},{x:21,y:35,l:5,w:11},{x:32,y:30,l:3,w:8},],
----------------------- 3 ---------------------------
canvasWidth:40,
canvasHeight:40,
data:[{x:0,y:0,l:30,w:35},{x:0,y:30,l:10,w:32},{x:35,y:0,l:28,w:5},{x:38,y:28,l:12,w:2},{x:37,y:28,l:12,w:1},],
----------------------- 4 ---------------------------
canvasWidth:40,
canvasHeight:40,
data:[{x:0,y:0,l:33,w:31},{x:31,y:0,l:30,w:9},{x:0,y:33,l:7,w:22},{x:38,y:30,l:10,w:2},{x:36,y:30,l:10,w:2},{x:35,y:30,l:10,w:1},],
----------------------- 5 ---------------------------
canvasWidth:40,
canvasHeight:40,
data:[{x:0,y:0,l:29,w:33},{x:0,y:29,l:8,w:33},{x:0,y:37,l:3,w:33},{x:33,y:0,l:30,w:3},],
----------------------- 6 ---------------------------
canvasWidth:40,
canvasHeight:40,
data:[{x:0,y:0,l:28,w:33},{x:0,y:28,l:12,w:23},{x:23,y:28,l:12,w:10},],
----------------------- 7 ---------------------------
canvasWidth:40,
canvasHeight:40,
data:[{x:0,y:0,l:33,w:28},{x:28,y:0,l:16,w:12},{x:28,y:16,l:11,w:12},{x:0,y:33,l:7,w:18},],
----------------------- 8 ---------------------------
canvasWidth:40,
canvasHeight:40,
data:[{x:0,y:0,l:29,w:30},{x:30,y:0,l:34,w:10},{x:3,y:29,l:11,w:27},{x:30,y:34,l:6,w:10},],
----------------------- 9 ---------------------------
canvasWidth:40,
canvasHeight:40,
data:[{x:0,y:0,l:30,w:29},{x:29,y:0,l:31,w:11},{x:0,y:30,l:10,w:29},{x:29,y:31,l:8,w:11},],
----------------------- 10 ---------------------------
canvasWidth:40,
canvasHeight:40,
data:[{x:0,y:0,l:30,w:28},{x:28,y:0,l:30,w:10},{x:0,y:30,l:10,w:18},{x:18,y:30,l:10,w:17},{x:38,y:0,l:15,w:2},{x:39,y:15,l:24,w:1},],
----------------------- 11 ---------------------------
canvasWidth:40,
canvasHeight:40,
data:[{x:0,y:0,l:32,w:26},{x:26,y:0,l:30,w:14},{x:6,y:32,l:6,w:20},{x:26,y:30,l:8,w:14},{x:13,y:38,l:2,w:27},],
----------------------- 12 ---------------------------
canvasWidth:40,
canvasHeight:40,
data:[{x:0,y:0,l:23,w:34},{x:9,y:23,l:16,w:28},{x:0,y:23,l:17,w:8},{x:8,y:23,l:17,w:1},],
----------------------- 13 ---------------------------
canvasWidth:40,
canvasHeight:40,
data:[{x:0,y:0,l:23,w:31},{x:0,y:23,l:11,w:31},{x:31,y:0,l:30,w:9},{x:0,y:34,l:6,w:29},],
----------------------- 14 ---------------------------
canvasWidth:40,
canvasHeight:40,
data:[{x:0,y:0,l:30,w:23},{x:23,y:0,l:33,w:17},{x:0,y:30,l:5,w:23},],
----------------------- 15 ---------------------------
canvasWidth:40,
canvasHeight:40,
data:[{x:0,y:0,l:24,w:27},{x:29,y:0,l:25,w:11},{x:0,y:24,l:14,w:18},{x:18,y:25,l:13,w:20},],
----------------------- 16 ---------------------------
canvasWidth:40,
canvasHeight:40,
data:[{x:0,y:0,l:25,w:25},{x:25,y:8,l:20,w:14},{x:0,y:25,l:15,w:16},{x:25,y:0,l:8,w:15},{x:16,y:25,l:12,w:9},],
----------------------- 17 ---------------------------
canvasWidth:40,
canvasHeight:40,
data:[{x:0,y:0,l:23,w:23},{x:23,y:0,l:31,w:17},{x:0,y:23,l:15,w:23},],
----------------------- 18 ---------------------------
canvasWidth:40,
canvasHeight:40,
data:[{x:24,y:0,l:34,w:16},{x:0,y:0,l:22,w:24},{x:0,y:22,l:18,w:21},],
----------------------- 19 ---------------------------
canvasWidth:40,
canvasHeight:40,
data:[{x:21,y:0,l:32,w:19},{x:0,y:0,l:21,w:21},{x:0,y:21,l:19,w:16},],
----------------------- 20 ---------------------------
canvasWidth:40,
canvasHeight:40,
data:[{x:0,y:21,l:19,w:28},{x:0,y:0,l:21,w:21},{x:21,y:0,l:21,w:18},{x:28,y:21,l:16,w:3},{x:39,y:0,l:25,w:1},],
----------------------- 21 ---------------------------
canvasWidth:40,
canvasHeight:40,
data:[{x:0,y:0,l:20,w:30},{x:0,y:20,l:16,w:33},{x:30,y:0,l:20,w:10},{x:0,y:36,l:4,w:30},],
----------------------- 22 ---------------------------
canvasWidth:40,
canvasHeight:40,
data:[{x:0,y:0,l:28,w:20},{x:20,y:0,l:27,w:17},{x:0,y:28,l:8,w:32},{x:0,y:36,l:3,w:32},],
----------------------- 23 ---------------------------
canvasWidth:40,
canvasHeight:40,
data:[{x:0,y:24,l:14,w:35},{x:0,y:0,l:20,w:23},{x:23,y:0,l:24,w:17},{x:0,y:20,l:4,w:22},{x:0,y:38,l:1,w:33},],
