====================================== Class_03.2bp-45 =====================================
Reduced size: 100 usedBin: 0
[0, 58]
[2, 55, 79, 84, 98]
[1, 40, 76, 77]
[3, 42, 65, 91, 92, 95]
[4, 53, 66, 75, 93, 96]
[6, 51, 52]
[7, 54, 62, 85, 88]
[8, 39, 67]
[9, 68, 72]
[10, 47, 61, 64, 97]
[11, 60, 70]
[12, 26]
[13, 46, 50, 87, 89]
[14, 35, 80]
[15, 33, 73]
[16, 22]
[19, 37, 49, 82]
[20, 45, 63, 69, 99]
[21, 28, 74, 83, 86]
[24, 36, 56, 90, 94]
[30, 43, 44, 57, 81]
[34, 38, 41, 59]
[5, 32]
[18, 48, 71, 78]
[17, 29]
[23, 27]
[25, 31]
canvasWidth:40,
canvasHeight:40,
data:[{x:0,y:0,l:33,w:32},{x:32,y:0,l:31,w:8},],
canvasWidth:40,
canvasHeight:40,
data:[{x:0,y:0,l:28,w:35},{x:0,y:28,l:12,w:22},{x:35,y:0,l:20,w:5},{x:35,y:20,l:15,w:5},{x:22,y:28,l:1,w:13},],
canvasWidth:40,
canvasHeight:40,
data:[{x:0,y:0,l:35,w:28},{x:28,y:0,l:29,w:12},{x:28,y:29,l:11,w:12},{x:7,y:35,l:5,w:21},],
canvasWidth:40,
canvasHeight:40,
data:[{x:0,y:0,l:28,w:34},{x:0,y:28,l:10,w:34},{x:34,y:0,l:34,w:6},{x:18,y:38,l:2,w:22},{x:4,y:38,l:2,w:14},{x:34,y:34,l:4,w:6},],
canvasWidth:40,
canvasHeight:40,
data:[{x:0,y:0,l:27,w:34},{x:0,y:27,l:8,w:34},{x:34,y:0,l:32,w:6},{x:0,y:35,l:4,w:34},{x:0,y:39,l:1,w:28},{x:37,y:32,l:8,w:3},],
canvasWidth:40,
canvasHeight:40,
data:[{x:0,y:0,l:30,w:28},{x:0,y:30,l:10,w:28},{x:28,y:0,l:23,w:12},],
canvasWidth:40,
canvasHeight:40,
data:[{x:0,y:0,l:27,w:31},{x:31,y:0,l:30,w:9},{x:11,y:30,l:10,w:23},{x:7,y:27,l:3,w:24},{x:34,y:30,l:10,w:6},],
canvasWidth:40,
canvasHeight:40,
data:[{x:0,y:0,l:26,w:32},{x:0,y:26,l:11,w:32},{x:32,y:0,l:24,w:8},],
canvasWidth:40,
canvasHeight:40,
data:[{x:0,y:0,l:34,w:24},{x:24,y:0,l:14,w:13},{x:24,y:14,l:14,w:10},],
canvasWidth:40,
canvasHeight:40,
data:[{x:26,y:0,l:21,w:14},{x:0,y:0,l:31,w:26},{x:0,y:31,l:9,w:26},{x:26,y:21,l:15,w:14},{x:26,y:36,l:4,w:5},],
canvasWidth:40,
canvasHeight:40,
data:[{x:0,y:0,l:32,w:25},{x:25,y:0,l:16,w:15},{x:25,y:16,l:16,w:11},],
canvasWidth:40,
canvasHeight:40,
data:[{x:0,y:0,l:34,w:23},{x:23,y:0,l:34,w:17},],
canvasWidth:40,
canvasHeight:40,
data:[{x:0,y:0,l:26,w:30},{x:0,y:26,l:10,w:30},{x:30,y:0,l:28,w:10},{x:0,y:36,l:4,w:17},{x:35,y:28,l:12,w:5},],
canvasWidth:40,
canvasHeight:40,
data:[{x:0,y:0,l:31,w:25},{x:27,y:0,l:32,w:13},{x:0,y:31,l:9,w:11},],
canvasWidth:40,
canvasHeight:40,
data:[{x:0,y:0,l:22,w:35},{x:0,y:22,l:15,w:30},{x:36,y:0,l:35,w:4},],
canvasWidth:40,
canvasHeight:40,
data:[{x:0,y:0,l:33,w:21},{x:21,y:0,l:32,w:19},],
canvasWidth:40,
canvasHeight:40,
data:[{x:0,y:0,l:25,w:26},{x:26,y:0,l:27,w:14},{x:0,y:25,l:11,w:26},{x:33,y:27,l:13,w:7},],
canvasWidth:40,
canvasHeight:40,
data:[{x:0,y:0,l:22,w:29},{x:0,y:22,l:11,w:28},{x:29,y:0,l:20,w:11},{x:31,y:20,l:20,w:9},{x:29,y:20,l:4,w:2},],
canvasWidth:40,
canvasHeight:40,
data:[{x:0,y:0,l:21,w:30},{x:12,y:21,l:19,w:28},{x:30,y:0,l:14,w:10},{x:8,y:21,l:19,w:4},{x:30,y:14,l:7,w:10},],
canvasWidth:40,
canvasHeight:40,
data:[{x:0,y:0,l:25,w:24},{x:27,y:0,l:30,w:13},{x:0,y:25,l:15,w:17},{x:17,y:25,l:15,w:3},{x:24,y:0,l:25,w:1},],
canvasWidth:40,
canvasHeight:40,
data:[{x:0,y:0,l:25,w:21},{x:21,y:0,l:17,w:19},{x:26,y:17,l:23,w:14},{x:0,y:25,l:12,w:21},{x:22,y:17,l:23,w:4},],
canvasWidth:40,
canvasHeight:40,
data:[{x:0,y:0,l:21,w:21},{x:23,y:13,l:21,w:17},{x:0,y:21,l:17,w:20},{x:21,y:0,l:13,w:19},],
canvasWidth:40,
canvasHeight:40,
data:[{x:27,y:0,l:35,w:13},{x:0,y:0,l:34,w:25},],
canvasWidth:40,
canvasHeight:40,
data:[{x:0,y:0,l:20,w:33},{x:0,y:23,l:17,w:17},{x:34,y:0,l:26,w:6},{x:0,y:20,l:3,w:34},],
canvasWidth:40,
canvasHeight:40,
data:[{x:0,y:0,l:33,w:20},{x:20,y:0,l:31,w:17},],
canvasWidth:40,
canvasHeight:40,
data:[{x:0,y:0,l:20,w:30},{x:0,y:20,l:20,w:27},],
canvasWidth:40,
canvasHeight:40,
data:[{x:0,y:0,l:20,w:29},{x:0,y:20,l:20,w:25},],
Best fit used bin number: 27
Found best solution: 27 0.063

   Statrt add columnAndCut col: 27 cons: 0 cut: 0	0.141

	1 Start Add column using column generation  col: 27 cons: 0 cut: 0	0.141
			Start solve  LP :0.141
			End solve LP obj: 27.0 t: 0
	1 End Add column using column generation : 27.0 col: 27 cons: 0 cut: 0	0.141
   End add columnAndCut : 27.0 colGencnt: 1 price: 0 col: 27 cons: 0 cut: 0	0.141

Node lb: 27.0 ub: 27 : 0.141

Final Found Solution: 27 genNode: 1 extendedNode: 0:0.141
Bin size: 1600
1 : 1056,248, : 1304
2 : 980,264,100,75,13, : 1432
3 : 980,348,132,105, : 1565
4 : 952,340,204,44,28,24, : 1592
5 : 918,272,192,136,28,24, : 1570
6 : 840,280,276, : 1396
7 : 837,270,230,72,60, : 1469
8 : 832,352,192, : 1376
9 : 816,182,140, : 1138
10 : 806,294,234,210,20, : 1564
11 : 800,240,176, : 1216
12 : 782,578, : 1360
13 : 780,300,280,68,60, : 1488
14 : 775,416,99, : 1290
15 : 770,450,140, : 1360
16 : 693,608, : 1301
17 : 650,378,286,91, : 1405
18 : 638,308,220,180,8, : 1354
19 : 630,532,140,76,70, : 1448
20 : 600,390,255,45,25, : 1315
21 : 525,323,322,252,92, : 1514
22 : 441,357,340,247, : 1385
23 : 850,455, : 1305
24 : 660,289,156,102, : 1207
25 : 660,527, : 1187
26 : 600,540, : 1140
27 : 580,500, : 1080
----------------------- 1 ---------------------------
canvasWidth:40,
canvasHeight:40,
data:[{x:0,y:0,l:33,w:32},{x:32,y:0,l:31,w:8},],
----------------------- 2 ---------------------------
canvasWidth:40,
canvasHeight:40,
data:[{x:0,y:0,l:28,w:35},{x:0,y:28,l:12,w:22},{x:35,y:0,l:20,w:5},{x:35,y:20,l:15,w:5},{x:22,y:28,l:1,w:13},],
----------------------- 3 ---------------------------
canvasWidth:40,
canvasHeight:40,
data:[{x:0,y:0,l:35,w:28},{x:28,y:0,l:29,w:12},{x:28,y:29,l:11,w:12},{x:7,y:35,l:5,w:21},],
----------------------- 4 ---------------------------
canvasWidth:40,
canvasHeight:40,
data:[{x:0,y:0,l:28,w:34},{x:0,y:28,l:10,w:34},{x:34,y:0,l:34,w:6},{x:18,y:38,l:2,w:22},{x:4,y:38,l:2,w:14},{x:34,y:34,l:4,w:6},],
----------------------- 5 ---------------------------
canvasWidth:40,
canvasHeight:40,
data:[{x:0,y:0,l:27,w:34},{x:0,y:27,l:8,w:34},{x:34,y:0,l:32,w:6},{x:0,y:35,l:4,w:34},{x:0,y:39,l:1,w:28},{x:37,y:32,l:8,w:3},],
----------------------- 6 ---------------------------
canvasWidth:40,
canvasHeight:40,
data:[{x:0,y:0,l:30,w:28},{x:0,y:30,l:10,w:28},{x:28,y:0,l:23,w:12},],
----------------------- 7 ---------------------------
canvasWidth:40,
canvasHeight:40,
data:[{x:0,y:0,l:27,w:31},{x:31,y:0,l:30,w:9},{x:11,y:30,l:10,w:23},{x:7,y:27,l:3,w:24},{x:34,y:30,l:10,w:6},],
----------------------- 8 ---------------------------
canvasWidth:40,
canvasHeight:40,
data:[{x:0,y:0,l:26,w:32},{x:0,y:26,l:11,w:32},{x:32,y:0,l:24,w:8},],
----------------------- 9 ---------------------------
canvasWidth:40,
canvasHeight:40,
data:[{x:0,y:0,l:34,w:24},{x:24,y:0,l:14,w:13},{x:24,y:14,l:14,w:10},],
----------------------- 10 ---------------------------
canvasWidth:40,
canvasHeight:40,
data:[{x:26,y:0,l:21,w:14},{x:0,y:0,l:31,w:26},{x:0,y:31,l:9,w:26},{x:26,y:21,l:15,w:14},{x:26,y:36,l:4,w:5},],
----------------------- 11 ---------------------------
canvasWidth:40,
canvasHeight:40,
data:[{x:0,y:0,l:32,w:25},{x:25,y:0,l:16,w:15},{x:25,y:16,l:16,w:11},],
----------------------- 12 ---------------------------
canvasWidth:40,
canvasHeight:40,
data:[{x:0,y:0,l:34,w:23},{x:23,y:0,l:34,w:17},],
----------------------- 13 ---------------------------
canvasWidth:40,
canvasHeight:40,
data:[{x:0,y:0,l:26,w:30},{x:0,y:26,l:10,w:30},{x:30,y:0,l:28,w:10},{x:0,y:36,l:4,w:17},{x:35,y:28,l:12,w:5},],
----------------------- 14 ---------------------------
canvasWidth:40,
canvasHeight:40,
data:[{x:0,y:0,l:31,w:25},{x:27,y:0,l:32,w:13},{x:0,y:31,l:9,w:11},],
----------------------- 15 ---------------------------
canvasWidth:40,
canvasHeight:40,
data:[{x:0,y:0,l:22,w:35},{x:0,y:22,l:15,w:30},{x:36,y:0,l:35,w:4},],
----------------------- 16 ---------------------------
canvasWidth:40,
canvasHeight:40,
data:[{x:0,y:0,l:33,w:21},{x:21,y:0,l:32,w:19},],
----------------------- 17 ---------------------------
canvasWidth:40,
canvasHeight:40,
data:[{x:0,y:0,l:25,w:26},{x:26,y:0,l:27,w:14},{x:0,y:25,l:11,w:26},{x:33,y:27,l:13,w:7},],
----------------------- 18 ---------------------------
canvasWidth:40,
canvasHeight:40,
data:[{x:0,y:0,l:22,w:29},{x:0,y:22,l:11,w:28},{x:29,y:0,l:20,w:11},{x:31,y:20,l:20,w:9},{x:29,y:20,l:4,w:2},],
----------------------- 19 ---------------------------
canvasWidth:40,
canvasHeight:40,
data:[{x:0,y:0,l:21,w:30},{x:12,y:21,l:19,w:28},{x:30,y:0,l:14,w:10},{x:8,y:21,l:19,w:4},{x:30,y:14,l:7,w:10},],
----------------------- 20 ---------------------------
canvasWidth:40,
canvasHeight:40,
data:[{x:0,y:0,l:25,w:24},{x:27,y:0,l:30,w:13},{x:0,y:25,l:15,w:17},{x:17,y:25,l:15,w:3},{x:24,y:0,l:25,w:1},],
----------------------- 21 ---------------------------
canvasWidth:40,
canvasHeight:40,
data:[{x:0,y:0,l:25,w:21},{x:21,y:0,l:17,w:19},{x:26,y:17,l:23,w:14},{x:0,y:25,l:12,w:21},{x:22,y:17,l:23,w:4},],
----------------------- 22 ---------------------------
canvasWidth:40,
canvasHeight:40,
data:[{x:0,y:0,l:21,w:21},{x:23,y:13,l:21,w:17},{x:0,y:21,l:17,w:20},{x:21,y:0,l:13,w:19},],
----------------------- 23 ---------------------------
canvasWidth:40,
canvasHeight:40,
data:[{x:27,y:0,l:35,w:13},{x:0,y:0,l:34,w:25},],
----------------------- 24 ---------------------------
canvasWidth:40,
canvasHeight:40,
data:[{x:0,y:0,l:20,w:33},{x:0,y:23,l:17,w:17},{x:34,y:0,l:26,w:6},{x:0,y:20,l:3,w:34},],
----------------------- 25 ---------------------------
canvasWidth:40,
canvasHeight:40,
data:[{x:0,y:0,l:33,w:20},{x:20,y:0,l:31,w:17},],
----------------------- 26 ---------------------------
canvasWidth:40,
canvasHeight:40,
data:[{x:0,y:0,l:20,w:30},{x:0,y:20,l:20,w:27},],
----------------------- 27 ---------------------------
canvasWidth:40,
canvasHeight:40,
data:[{x:0,y:0,l:20,w:29},{x:0,y:20,l:20,w:25},],
