====================================== Class_05.2bp-27 =====================================
Reduced size: 60 usedBin: 0
E:\WSKH\2DBPP\NonGuillotine\initSolution\5_28.pack
[0, 40, 59]
[1, 32, 56, 58]
[2, 45, 52]
[3, 33, 57]
[4, 42, 43, 46]
[5, 28]
[6, 29]
[7, 35, 39]
[8, 19]
[9, 31, 36, 47]
[10, 18]
[12, 15, 51]
[13, 26, 38, 49]
[14, 25]
[16, 27, 37, 48, 53]
[20, 24, 41]
[21, 22, 30, 50]
[11, 23]
[17, 34, 44, 54, 55]
canvasWidth:100,
canvasHeight:100,
data:[{x:0,y:0,l:100,w:77},{x:77,y:0,l:59,w:23},{x:77,y:59,l:1,w:23},],
canvasWidth:100,
canvasHeight:100,
data:[{x:0,y:0,l:99,w:76},{x:76,y:0,l:75,w:24},{x:76,y:75,l:6,w:24},{x:0,y:99,l:1,w:32},],
canvasWidth:100,
canvasHeight:100,
data:[{x:0,y:0,l:95,w:79},{x:79,y:0,l:33,w:19},{x:96,y:33,l:67,w:4},],
canvasWidth:100,
canvasHeight:100,
data:[{x:0,y:0,l:74,w:99},{x:35,y:74,l:26,w:65},{x:99,y:0,l:40,w:1},],
canvasWidth:100,
canvasHeight:100,
data:[{x:0,y:0,l:88,w:80},{x:0,y:88,l:12,w:89},{x:80,y:0,l:49,w:20},{x:80,y:49,l:39,w:16},],
canvasWidth:100,
canvasHeight:100,
data:[{x:0,y:0,l:71,w:90},{x:0,y:71,l:27,w:92},],
canvasWidth:100,
canvasHeight:100,
data:[{x:0,y:0,l:94,w:67},{x:67,y:0,l:70,w:31},],
canvasWidth:100,
canvasHeight:100,
data:[{x:0,y:0,l:73,w:76},{x:0,y:73,l:23,w:68},{x:82,y:0,l:77,w:18},],
canvasWidth:100,
canvasHeight:100,
data:[{x:0,y:0,l:61,w:83},{x:0,y:61,l:38,w:94},],
canvasWidth:100,
canvasHeight:100,
data:[{x:0,y:68,l:10,w:60},{x:73,y:0,l:69,w:27},{x:0,y:84,l:16,w:97},{x:0,y:0,l:68,w:73},],
canvasWidth:100,
canvasHeight:100,
data:[{x:0,y:0,l:57,w:87},{x:0,y:57,l:40,w:97},],
canvasWidth:100,
canvasHeight:100,
data:[{x:0,y:0,l:83,w:52},{x:52,y:0,l:95,w:42},{x:94,y:0,l:69,w:5},],
canvasWidth:100,
canvasHeight:100,
data:[{x:0,y:0,l:66,w:65},{x:0,y:66,l:34,w:76},{x:78,y:15,l:64,w:22},{x:65,y:0,l:15,w:30},],
canvasWidth:100,
canvasHeight:100,
data:[{x:0,y:0,l:57,w:74},{x:0,y:57,l:37,w:72},],
canvasWidth:100,
canvasHeight:100,
data:[{x:0,y:0,l:62,w:63},{x:71,y:7,l:87,w:29},{x:0,y:71,l:20,w:71},{x:0,y:62,l:9,w:63},{x:63,y:0,l:7,w:31},],
canvasWidth:100,
canvasHeight:100,
data:[{x:0,y:0,l:66,w:54},{x:54,y:0,l:65,w:44},{x:62,y:65,l:35,w:38},],
canvasWidth:100,
canvasHeight:100,
data:[{x:0,y:0,l:56,w:54},{x:0,y:56,l:44,w:67},{x:54,y:0,l:56,w:38},{x:92,y:0,l:47,w:8},],
canvasWidth:100,
canvasHeight:100,
data:[{x:0,y:0,l:50,w:89},{x:0,y:50,l:49,w:60},],
canvasWidth:100,
canvasHeight:100,
data:[{x:0,y:0,l:83,w:47},{x:47,y:0,l:42,w:38},{x:0,y:87,l:9,w:75},{x:0,y:83,l:2,w:98},{x:0,y:85,l:2,w:81},],
Best fit used bin number: 19
Found best solution: 19 0.093

   Statrt add columnAndCut col: 19 cons: 0 cut: 0	0.203

	1 Start Add column using column generation  col: 19 cons: 0 cut: 0	0.203
			Start solve  LP :0.203
			End solve LP obj: 19.0 t: 0
	1 End Add column using column generation : 19.0 col: 19 cons: 0 cut: 0	0.203
   End add columnAndCut : 19.0 colGencnt: 1 price: 0 col: 19 cons: 0 cut: 0	0.203

Node lb: 19.0 ub: 19 : 0.203

Final Found Solution: 19 genNode: 1 extendedNode: 0:0.203
Bin size: 10000
1 : 7700,1357,23, : 9080
2 : 7524,1800,144,32, : 9500
3 : 7505,627,268, : 8400
4 : 7326,1690,40, : 9056
5 : 7040,1068,980,624, : 9712
6 : 6390,2484, : 8874
7 : 6298,2170, : 8468
8 : 5548,1564,1386, : 8498
9 : 5063,3572, : 8635
10 : 4964,1863,1552,600, : 8979
11 : 4959,3880, : 8839
12 : 4316,3990,345, : 8651
13 : 4290,2584,1408,450, : 8732
14 : 4218,2664, : 6882
15 : 3906,2523,1420,567,217, : 8633
16 : 3564,2860,1330, : 7754
17 : 3024,2948,2128,376, : 8476
18 : 4450,2940, : 7390
19 : 3901,1596,675,196,162, : 6530
----------------------- 1 ---------------------------
canvasWidth:100,
canvasHeight:100,
data:[{x:0,y:0,l:100,w:77},{x:77,y:0,l:59,w:23},{x:77,y:59,l:1,w:23},],
----------------------- 2 ---------------------------
canvasWidth:100,
canvasHeight:100,
data:[{x:0,y:0,l:99,w:76},{x:76,y:0,l:75,w:24},{x:76,y:75,l:6,w:24},{x:0,y:99,l:1,w:32},],
----------------------- 3 ---------------------------
canvasWidth:100,
canvasHeight:100,
data:[{x:0,y:0,l:95,w:79},{x:79,y:0,l:33,w:19},{x:96,y:33,l:67,w:4},],
----------------------- 4 ---------------------------
canvasWidth:100,
canvasHeight:100,
data:[{x:0,y:0,l:74,w:99},{x:35,y:74,l:26,w:65},{x:99,y:0,l:40,w:1},],
----------------------- 5 ---------------------------
canvasWidth:100,
canvasHeight:100,
data:[{x:0,y:0,l:88,w:80},{x:0,y:88,l:12,w:89},{x:80,y:0,l:49,w:20},{x:80,y:49,l:39,w:16},],
----------------------- 6 ---------------------------
canvasWidth:100,
canvasHeight:100,
data:[{x:0,y:0,l:71,w:90},{x:0,y:71,l:27,w:92},],
----------------------- 7 ---------------------------
canvasWidth:100,
canvasHeight:100,
data:[{x:0,y:0,l:94,w:67},{x:67,y:0,l:70,w:31},],
----------------------- 8 ---------------------------
canvasWidth:100,
canvasHeight:100,
data:[{x:0,y:0,l:73,w:76},{x:0,y:73,l:23,w:68},{x:82,y:0,l:77,w:18},],
----------------------- 9 ---------------------------
canvasWidth:100,
canvasHeight:100,
data:[{x:0,y:0,l:61,w:83},{x:0,y:61,l:38,w:94},],
----------------------- 10 ---------------------------
canvasWidth:100,
canvasHeight:100,
data:[{x:0,y:68,l:10,w:60},{x:73,y:0,l:69,w:27},{x:0,y:84,l:16,w:97},{x:0,y:0,l:68,w:73},],
----------------------- 11 ---------------------------
canvasWidth:100,
canvasHeight:100,
data:[{x:0,y:0,l:57,w:87},{x:0,y:57,l:40,w:97},],
----------------------- 12 ---------------------------
canvasWidth:100,
canvasHeight:100,
data:[{x:0,y:0,l:83,w:52},{x:52,y:0,l:95,w:42},{x:94,y:0,l:69,w:5},],
----------------------- 13 ---------------------------
canvasWidth:100,
canvasHeight:100,
data:[{x:0,y:0,l:66,w:65},{x:0,y:66,l:34,w:76},{x:78,y:15,l:64,w:22},{x:65,y:0,l:15,w:30},],
----------------------- 14 ---------------------------
canvasWidth:100,
canvasHeight:100,
data:[{x:0,y:0,l:57,w:74},{x:0,y:57,l:37,w:72},],
----------------------- 15 ---------------------------
canvasWidth:100,
canvasHeight:100,
data:[{x:0,y:0,l:62,w:63},{x:71,y:7,l:87,w:29},{x:0,y:71,l:20,w:71},{x:0,y:62,l:9,w:63},{x:63,y:0,l:7,w:31},],
----------------------- 16 ---------------------------
canvasWidth:100,
canvasHeight:100,
data:[{x:0,y:0,l:66,w:54},{x:54,y:0,l:65,w:44},{x:62,y:65,l:35,w:38},],
----------------------- 17 ---------------------------
canvasWidth:100,
canvasHeight:100,
data:[{x:0,y:0,l:56,w:54},{x:0,y:56,l:44,w:67},{x:54,y:0,l:56,w:38},{x:92,y:0,l:47,w:8},],
----------------------- 18 ---------------------------
canvasWidth:100,
canvasHeight:100,
data:[{x:0,y:0,l:50,w:89},{x:0,y:50,l:49,w:60},],
----------------------- 19 ---------------------------
canvasWidth:100,
canvasHeight:100,
data:[{x:0,y:0,l:83,w:47},{x:47,y:0,l:42,w:38},{x:0,y:87,l:9,w:75},{x:0,y:83,l:2,w:98},{x:0,y:85,l:2,w:81},],
