====================================== Class_06.2bp-14 =====================================
Reduced size: 40 usedBin: 0
[0, 1, 2, 3, 4, 6, 9, 11, 13, 14, 24, 28, 33, 38, 39]
[5, 7, 8, 10, 12, 15, 16, 17, 18, 19, 20, 21, 22, 23, 25, 26, 27, 29, 30, 31, 32, 34, 35, 36, 37]
canvasWidth:300,
canvasHeight:300,
data:[{x:0,y:0,l:95,w:100},{x:100,y:0,l:85,w:95},{x:195,y:0,l:76,w:98},{x:0,y:95,l:77,w:96},{x:100,y:85,l:77,w:95},{x:0,y:208,l:73,w:73},{x:96,y:162,l:48,w:99},{x:195,y:76,l:96,w:16},{x:0,y:172,l:36,w:96},{x:258,y:161,l:72,w:42},{x:252,y:77,l:84,w:48},{x:0,y:281,l:19,w:60},{x:293,y:0,l:77,w:7},{x:252,y:76,l:1,w:41},{x:96,y:95,l:13,w:3},],
canvasWidth:300,
canvasHeight:300,
data:[{x:0,y:0,l:93,w:75},{x:75,y:0,l:68,w:77},{x:152,y:0,l:99,w:52},{x:204,y:0,l:73,w:60},{x:137,y:193,l:49,w:76},{x:0,y:93,l:42,w:68},{x:204,y:73,l:78,w:34},{x:91,y:68,l:53,w:50},{x:213,y:166,l:30,w:87},{x:79,y:148,l:26,w:99},{x:0,y:155,l:49,w:46},{x:213,y:196,l:26,w:76},{x:226,y:222,l:24,w:74},{x:238,y:73,l:60,w:26},{x:134,y:174,l:19,w:79},{x:91,y:121,l:15,w:94},{x:178,y:151,l:15,w:84},{x:0,y:135,l:20,w:53},{x:91,y:136,l:12,w:83},{x:79,y:68,l:77,w:12},{x:70,y:123,l:66,w:9},{x:238,y:133,l:18,w:19},{x:141,y:68,l:31,w:11},{x:68,y:93,l:30,w:11},{x:264,y:0,l:11,w:24},],
Best fit used bin number: 2
Found best solution: 2 0.062

   Statrt add columnAndCut col: 2 cons: 0 cut: 0	0.109

	1 Start Add column using column generation  col: 2 cons: 0 cut: 0	0.109
			Start solve  LP :0.109
			End solve LP obj: 2.0 t: 16
	1 End Add column using column generation : 2.0 col: 2 cons: 0 cut: 0	0.125
   End add columnAndCut : 2.0 colGencnt: 1 price: 0 col: 2 cons: 0 cut: 0	0.125

Node lb: 2.0 ub: 2 : 0.125

Final Found Solution: 2 genNode: 1 extendedNode: 0:0.125
Bin size: 90000
1 : 9500,8075,7448,7392,7315,5329,4752,4032,3456,3024,1536,1140,539,41,39, : 63618
2 : 6975,5236,5148,4380,3724,2856,2652,2650,2610,2574,2254,1976,1776,1560,1501,1410,1260,1060,996,924,594,342,341,330,264, : 55393
----------------------- 1 ---------------------------
canvasWidth:300,
canvasHeight:300,
data:[{x:0,y:0,l:95,w:100},{x:100,y:0,l:85,w:95},{x:195,y:0,l:76,w:98},{x:0,y:95,l:77,w:96},{x:100,y:85,l:77,w:95},{x:0,y:208,l:73,w:73},{x:96,y:162,l:48,w:99},{x:195,y:76,l:96,w:16},{x:0,y:172,l:36,w:96},{x:258,y:161,l:72,w:42},{x:252,y:77,l:84,w:48},{x:0,y:281,l:19,w:60},{x:293,y:0,l:77,w:7},{x:252,y:76,l:1,w:41},{x:96,y:95,l:13,w:3},],
----------------------- 2 ---------------------------
canvasWidth:300,
canvasHeight:300,
data:[{x:0,y:0,l:93,w:75},{x:75,y:0,l:68,w:77},{x:152,y:0,l:99,w:52},{x:204,y:0,l:73,w:60},{x:137,y:193,l:49,w:76},{x:0,y:93,l:42,w:68},{x:204,y:73,l:78,w:34},{x:91,y:68,l:53,w:50},{x:213,y:166,l:30,w:87},{x:79,y:148,l:26,w:99},{x:0,y:155,l:49,w:46},{x:213,y:196,l:26,w:76},{x:226,y:222,l:24,w:74},{x:238,y:73,l:60,w:26},{x:134,y:174,l:19,w:79},{x:91,y:121,l:15,w:94},{x:178,y:151,l:15,w:84},{x:0,y:135,l:20,w:53},{x:91,y:136,l:12,w:83},{x:79,y:68,l:77,w:12},{x:70,y:123,l:66,w:9},{x:238,y:133,l:18,w:19},{x:141,y:68,l:31,w:11},{x:68,y:93,l:30,w:11},{x:264,y:0,l:11,w:24},],
