====================================== Class_09.2bp-28 =====================================
Reduced size: 60 usedBin: 0
E:\WSKH\2DBPP\NonGuillotine\initSolution\9_29.pack
[0]
[1]
[2, 55]
[3, 59]
[4]
[5]
[6, 57]
[7]
[8]
[9]
[10, 47]
[11]
[12, 53]
[13]
[14, 45]
[15]
[16, 54]
[17, 51]
[18, 56]
[20]
[19]
[21, 52]
[22]
[23]
[24]
[26]
[27]
[28]
[29, 49]
[30, 50]
[32]
[33]
[34]
[35]
[36, 58]
[25, 37]
[38, 39]
[40]
[41]
[42]
[43]
[44]
[46]
[48]
[31]
canvasWidth:100,
canvasHeight:100,
data:[{x:0,y:0,l:100,w:98},],
canvasWidth:100,
canvasHeight:100,
data:[{x:0,y:0,l:96,w:99},],
canvasWidth:100,
canvasHeight:100,
data:[{x:0,y:0,l:93,w:84},{x:84,y:0,l:37,w:14},],
canvasWidth:100,
canvasHeight:100,
data:[{x:0,y:0,l:91,w:85},{x:85,y:0,l:35,w:10},],
canvasWidth:100,
canvasHeight:100,
data:[{x:0,y:0,l:74,w:98},],
canvasWidth:100,
canvasHeight:100,
data:[{x:0,y:0,l:81,w:87},],
canvasWidth:100,
canvasHeight:100,
data:[{x:0,y:0,l:70,w:99},{x:0,y:70,l:6,w:79},],
canvasWidth:100,
canvasHeight:100,
data:[{x:0,y:0,l:86,w:79},],
canvasWidth:100,
canvasHeight:100,
data:[{x:0,y:0,l:78,w:86},],
canvasWidth:100,
canvasHeight:100,
data:[{x:0,y:0,l:77,w:86},],
canvasWidth:100,
canvasHeight:100,
data:[{x:0,y:0,l:66,w:100},{x:0,y:66,l:33,w:91},],
canvasWidth:100,
canvasHeight:100,
data:[{x:0,y:0,l:100,w:66},],
canvasWidth:100,
canvasHeight:100,
data:[{x:0,y:0,l:86,w:72},{x:72,y:0,l:83,w:25},],
canvasWidth:100,
canvasHeight:100,
data:[{x:0,y:0,l:91,w:67},],
canvasWidth:100,
canvasHeight:100,
data:[{x:0,y:0,l:100,w:60},{x:60,y:0,l:98,w:33},],
canvasWidth:100,
canvasHeight:100,
data:[{x:0,y:0,l:70,w:84},],
canvasWidth:100,
canvasHeight:100,
data:[{x:0,y:0,l:83,w:68},{x:68,y:0,l:80,w:22},],
canvasWidth:100,
canvasHeight:100,
data:[{x:0,y:0,l:60,w:88},{x:0,y:60,l:36,w:78},],
canvasWidth:100,
canvasHeight:100,
data:[{x:0,y:0,l:97,w:54},{x:54,y:0,l:45,w:11},],
canvasWidth:100,
canvasHeight:100,
data:[{x:0,y:0,l:72,w:72},],
canvasWidth:100,
canvasHeight:100,
data:[{x:0,y:0,l:81,w:64},],
canvasWidth:100,
canvasHeight:100,
data:[{x:0,y:0,l:63,w:81},{x:0,y:63,l:37,w:66},],
canvasWidth:100,
canvasHeight:100,
data:[{x:0,y:0,l:62,w:81},],
canvasWidth:100,
canvasHeight:100,
data:[{x:0,y:0,l:82,w:61},],
canvasWidth:100,
canvasHeight:100,
data:[{x:0,y:0,l:76,w:64},],
canvasWidth:100,
canvasHeight:100,
data:[{x:0,y:0,l:81,w:56},],
canvasWidth:100,
canvasHeight:100,
data:[{x:0,y:0,l:73,w:62},],
canvasWidth:100,
canvasHeight:100,
data:[{x:0,y:0,l:78,w:58},],
canvasWidth:100,
canvasHeight:100,
data:[{x:0,y:0,l:53,w:85},{x:0,y:53,l:40,w:72},],
canvasWidth:100,
canvasHeight:100,
data:[{x:0,y:0,l:56,w:80},{x:0,y:56,l:39,w:72},],
canvasWidth:100,
canvasHeight:100,
data:[{x:0,y:0,l:67,w:64},],
canvasWidth:100,
canvasHeight:100,
data:[{x:0,y:0,l:63,w:66},],
canvasWidth:100,
canvasHeight:100,
data:[{x:0,y:0,l:68,w:58},],
canvasWidth:100,
canvasHeight:100,
data:[{x:0,y:0,l:69,w:56},],
canvasWidth:100,
canvasHeight:100,
data:[{x:0,y:0,l:71,w:52},{x:52,y:0,l:8,w:46},],
canvasWidth:100,
canvasHeight:100,
data:[{x:0,y:52,l:48,w:100},{x:0,y:0,l:51,w:72},],
canvasWidth:100,
canvasHeight:100,
data:[{x:0,y:0,l:63,w:58},{x:0,y:63,l:37,w:99},],
canvasWidth:100,
canvasHeight:100,
data:[{x:0,y:0,l:61,w:59},],
canvasWidth:100,
canvasHeight:100,
data:[{x:0,y:0,l:57,w:63},],
canvasWidth:100,
canvasHeight:100,
data:[{x:0,y:0,l:55,w:65},],
canvasWidth:100,
canvasHeight:100,
data:[{x:0,y:0,l:60,w:57},],
canvasWidth:100,
canvasHeight:100,
data:[{x:0,y:0,l:52,w:63},],
canvasWidth:100,
canvasHeight:100,
data:[{x:0,y:0,l:61,w:53},],
canvasWidth:100,
canvasHeight:100,
data:[{x:0,y:0,l:52,w:56},],
canvasWidth:100,
canvasHeight:100,
data:[{x:0,y:0,l:88,w:50},],
Best fit used bin number: 45
Found best solution: 45 0.063

   Statrt add columnAndCut col: 45 cons: 0 cut: 0	0.141

	1 Start Add column using column generation  col: 45 cons: 0 cut: 0	0.141
			Start solve  LP :0.141
			End solve LP obj: 45.0 t: 0
	1 End Add column using column generation : 45.0 col: 45 cons: 0 cut: 0	0.141
   End add columnAndCut : 45.0 colGencnt: 1 price: 0 col: 45 cons: 0 cut: 0	0.141

Node lb: 45.0 ub: 45 : 0.141

Final Found Solution: 45 genNode: 1 extendedNode: 0:0.141
Bin size: 10000
1 : 9800, : 9800
2 : 9504, : 9504
3 : 7812,518, : 8330
4 : 7735,350, : 8085
5 : 7252, : 7252
6 : 7047, : 7047
7 : 6930,474, : 7404
8 : 6794, : 6794
9 : 6708, : 6708
10 : 6622, : 6622
11 : 6600,3003, : 9603
12 : 6600, : 6600
13 : 6192,2075, : 8267
14 : 6097, : 6097
15 : 6000,3234, : 9234
16 : 5880, : 5880
17 : 5644,1760, : 7404
18 : 5280,2808, : 8088
19 : 5238,495, : 5733
20 : 5184, : 5184
21 : 5184, : 5184
22 : 5103,2442, : 7545
23 : 5022, : 5022
24 : 5002, : 5002
25 : 4864, : 4864
26 : 4536, : 4536
27 : 4526, : 4526
28 : 4524, : 4524
29 : 4505,2880, : 7385
30 : 4480,2808, : 7288
31 : 4288, : 4288
32 : 4158, : 4158
33 : 3944, : 3944
34 : 3864, : 3864
35 : 3692,368, : 4060
36 : 4800,3672, : 8472
37 : 3663,3654, : 7317
38 : 3599, : 3599
39 : 3591, : 3591
40 : 3575, : 3575
41 : 3420, : 3420
42 : 3276, : 3276
43 : 3233, : 3233
44 : 2912, : 2912
45 : 4400, : 4400
----------------------- 1 ---------------------------
canvasWidth:100,
canvasHeight:100,
data:[{x:0,y:0,l:100,w:98},],
----------------------- 2 ---------------------------
canvasWidth:100,
canvasHeight:100,
data:[{x:0,y:0,l:96,w:99},],
----------------------- 3 ---------------------------
canvasWidth:100,
canvasHeight:100,
data:[{x:0,y:0,l:93,w:84},{x:84,y:0,l:37,w:14},],
----------------------- 4 ---------------------------
canvasWidth:100,
canvasHeight:100,
data:[{x:0,y:0,l:91,w:85},{x:85,y:0,l:35,w:10},],
----------------------- 5 ---------------------------
canvasWidth:100,
canvasHeight:100,
data:[{x:0,y:0,l:74,w:98},],
----------------------- 6 ---------------------------
canvasWidth:100,
canvasHeight:100,
data:[{x:0,y:0,l:81,w:87},],
----------------------- 7 ---------------------------
canvasWidth:100,
canvasHeight:100,
data:[{x:0,y:0,l:70,w:99},{x:0,y:70,l:6,w:79},],
----------------------- 8 ---------------------------
canvasWidth:100,
canvasHeight:100,
data:[{x:0,y:0,l:86,w:79},],
----------------------- 9 ---------------------------
canvasWidth:100,
canvasHeight:100,
data:[{x:0,y:0,l:78,w:86},],
----------------------- 10 ---------------------------
canvasWidth:100,
canvasHeight:100,
data:[{x:0,y:0,l:77,w:86},],
----------------------- 11 ---------------------------
canvasWidth:100,
canvasHeight:100,
data:[{x:0,y:0,l:66,w:100},{x:0,y:66,l:33,w:91},],
----------------------- 12 ---------------------------
canvasWidth:100,
canvasHeight:100,
data:[{x:0,y:0,l:100,w:66},],
----------------------- 13 ---------------------------
canvasWidth:100,
canvasHeight:100,
data:[{x:0,y:0,l:86,w:72},{x:72,y:0,l:83,w:25},],
----------------------- 14 ---------------------------
canvasWidth:100,
canvasHeight:100,
data:[{x:0,y:0,l:91,w:67},],
----------------------- 15 ---------------------------
canvasWidth:100,
canvasHeight:100,
data:[{x:0,y:0,l:100,w:60},{x:60,y:0,l:98,w:33},],
----------------------- 16 ---------------------------
canvasWidth:100,
canvasHeight:100,
data:[{x:0,y:0,l:70,w:84},],
----------------------- 17 ---------------------------
canvasWidth:100,
canvasHeight:100,
data:[{x:0,y:0,l:83,w:68},{x:68,y:0,l:80,w:22},],
----------------------- 18 ---------------------------
canvasWidth:100,
canvasHeight:100,
data:[{x:0,y:0,l:60,w:88},{x:0,y:60,l:36,w:78},],
----------------------- 19 ---------------------------
canvasWidth:100,
canvasHeight:100,
data:[{x:0,y:0,l:97,w:54},{x:54,y:0,l:45,w:11},],
----------------------- 20 ---------------------------
canvasWidth:100,
canvasHeight:100,
data:[{x:0,y:0,l:72,w:72},],
----------------------- 21 ---------------------------
canvasWidth:100,
canvasHeight:100,
data:[{x:0,y:0,l:81,w:64},],
----------------------- 22 ---------------------------
canvasWidth:100,
canvasHeight:100,
data:[{x:0,y:0,l:63,w:81},{x:0,y:63,l:37,w:66},],
----------------------- 23 ---------------------------
canvasWidth:100,
canvasHeight:100,
data:[{x:0,y:0,l:62,w:81},],
----------------------- 24 ---------------------------
canvasWidth:100,
canvasHeight:100,
data:[{x:0,y:0,l:82,w:61},],
----------------------- 25 ---------------------------
canvasWidth:100,
canvasHeight:100,
data:[{x:0,y:0,l:76,w:64},],
----------------------- 26 ---------------------------
canvasWidth:100,
canvasHeight:100,
data:[{x:0,y:0,l:81,w:56},],
----------------------- 27 ---------------------------
canvasWidth:100,
canvasHeight:100,
data:[{x:0,y:0,l:73,w:62},],
----------------------- 28 ---------------------------
canvasWidth:100,
canvasHeight:100,
data:[{x:0,y:0,l:78,w:58},],
----------------------- 29 ---------------------------
canvasWidth:100,
canvasHeight:100,
data:[{x:0,y:0,l:53,w:85},{x:0,y:53,l:40,w:72},],
----------------------- 30 ---------------------------
canvasWidth:100,
canvasHeight:100,
data:[{x:0,y:0,l:56,w:80},{x:0,y:56,l:39,w:72},],
----------------------- 31 ---------------------------
canvasWidth:100,
canvasHeight:100,
data:[{x:0,y:0,l:67,w:64},],
----------------------- 32 ---------------------------
canvasWidth:100,
canvasHeight:100,
data:[{x:0,y:0,l:63,w:66},],
----------------------- 33 ---------------------------
canvasWidth:100,
canvasHeight:100,
data:[{x:0,y:0,l:68,w:58},],
----------------------- 34 ---------------------------
canvasWidth:100,
canvasHeight:100,
data:[{x:0,y:0,l:69,w:56},],
----------------------- 35 ---------------------------
canvasWidth:100,
canvasHeight:100,
data:[{x:0,y:0,l:71,w:52},{x:52,y:0,l:8,w:46},],
----------------------- 36 ---------------------------
canvasWidth:100,
canvasHeight:100,
data:[{x:0,y:52,l:48,w:100},{x:0,y:0,l:51,w:72},],
----------------------- 37 ---------------------------
canvasWidth:100,
canvasHeight:100,
data:[{x:0,y:0,l:63,w:58},{x:0,y:63,l:37,w:99},],
----------------------- 38 ---------------------------
canvasWidth:100,
canvasHeight:100,
data:[{x:0,y:0,l:61,w:59},],
----------------------- 39 ---------------------------
canvasWidth:100,
canvasHeight:100,
data:[{x:0,y:0,l:57,w:63},],
----------------------- 40 ---------------------------
canvasWidth:100,
canvasHeight:100,
data:[{x:0,y:0,l:55,w:65},],
----------------------- 41 ---------------------------
canvasWidth:100,
canvasHeight:100,
data:[{x:0,y:0,l:60,w:57},],
----------------------- 42 ---------------------------
canvasWidth:100,
canvasHeight:100,
data:[{x:0,y:0,l:52,w:63},],
----------------------- 43 ---------------------------
canvasWidth:100,
canvasHeight:100,
data:[{x:0,y:0,l:61,w:53},],
----------------------- 44 ---------------------------
canvasWidth:100,
canvasHeight:100,
data:[{x:0,y:0,l:52,w:56},],
----------------------- 45 ---------------------------
canvasWidth:100,
canvasHeight:100,
data:[{x:0,y:0,l:88,w:50},],
