====================================== Class_10.2bp-21 =====================================
Reduced size: 60 usedBin: 0
[0, 55, 56]
[1, 33, 38, 53, 54]
[3, 19, 41, 45]
[2, 31, 42, 43, 46, 48, 49]
[4, 30, 37, 39, 44, 50]
[5, 13, 47, 52, 58]
[9, 23, 26, 28, 32, 59]
[8, 16, 24, 34, 35]
[6, 15, 17, 36]
[7, 10, 57]
[11, 12, 14, 27, 51]
[18, 20, 21, 22, 25, 29, 40]
canvasWidth:100,
canvasHeight:100,
data:[{x:0,y:0,l:97,w:98},{x:98,y:0,l:22,w:2},{x:98,y:22,l:13,w:2},],
canvasWidth:100,
canvasHeight:100,
data:[{x:0,y:0,l:75,w:98},{x:0,y:75,l:25,w:27},{x:27,y:75,l:14,w:39},{x:27,y:89,l:2,w:26},{x:27,y:91,l:7,w:7},],
canvasWidth:100,
canvasHeight:100,
data:[{x:0,y:0,l:76,w:88},{x:0,y:76,l:22,w:78},{x:88,y:0,l:45,w:11},{x:78,y:76,l:24,w:17},],
canvasWidth:100,
canvasHeight:100,
data:[{x:0,y:0,l:76,w:88},{x:0,y:76,l:19,w:50},{x:0,y:95,l:5,w:92},{x:50,y:76,l:16,w:27},{x:88,y:0,l:32,w:11},{x:88,y:32,l:44,w:6},{x:94,y:32,l:38,w:5},],
canvasWidth:100,
canvasHeight:100,
data:[{x:77,y:0,l:50,w:19},{x:0,y:0,l:85,w:77},{x:77,y:50,l:28,w:21},{x:0,y:85,l:12,w:43},{x:43,y:85,l:9,w:47},{x:93,y:78,l:22,w:7},],
canvasWidth:100,
canvasHeight:100,
data:[{x:0,y:0,l:68,w:88},{x:0,y:68,l:28,w:90},{x:88,y:0,l:47,w:6},{x:88,y:47,l:12,w:6},{x:0,y:96,l:1,w:11},],
canvasWidth:100,
canvasHeight:100,
data:[{x:0,y:0,l:82,w:53},{x:53,y:0,l:43,w:30},{x:53,y:73,l:27,w:43},{x:84,y:0,l:73,w:15},{x:53,y:43,l:27,w:31},{x:0,y:82,l:4,w:1},],
canvasWidth:100,
canvasHeight:100,
data:[{x:0,y:0,l:53,w:82},{x:49,y:53,l:39,w:31},{x:0,y:53,l:41,w:49},{x:82,y:0,l:48,w:13},{x:80,y:61,l:39,w:16},],
canvasWidth:100,
canvasHeight:100,
data:[{x:0,y:0,l:49,w:99},{x:0,y:49,l:49,w:45},{x:45,y:49,l:48,w:40},{x:85,y:59,l:41,w:15},],
canvasWidth:100,
canvasHeight:100,
data:[{x:52,y:0,l:100,w:48},{x:0,y:0,l:87,w:42},{x:42,y:0,l:13,w:1},],
canvasWidth:100,
canvasHeight:100,
data:[{x:0,y:0,l:61,w:50},{x:0,y:61,l:39,w:75},{x:50,y:0,l:48,w:50},{x:75,y:56,l:44,w:25},{x:50,y:48,l:6,w:12},],
canvasWidth:100,
canvasHeight:100,
data:[{x:14,y:0,l:48,w:25},{x:78,y:0,l:90,w:20},{x:14,y:64,l:36,w:42},{x:56,y:32,l:67,w:22},{x:0,y:0,l:100,w:14},{x:39,y:0,l:32,w:31},{x:39,y:32,l:31,w:16},],
Best fit used bin number: 12
Found best solution: 12 0.047

   Statrt add columnAndCut col: 12 cons: 0 cut: 0	0.125

	1 Start Add column using column generation  col: 12 cons: 0 cut: 0	0.125
			Start solve  LP :0.125
			End solve LP obj: 12.0 t: 0
	1 End Add column using column generation : 12.0 col: 12 cons: 0 cut: 0	0.125
   End add columnAndCut : 12.0 colGencnt: 1 price: 0 col: 12 cons: 0 cut: 0	0.125

Node lb: 12.0 ub: 12 : 0.125

Final Found Solution: 12 genNode: 1 extendedNode: 0:0.125
Bin size: 10000
1 : 9506,44,26, : 9576
2 : 7350,675,546,52,49, : 8672
3 : 6688,1716,495,408, : 9307
4 : 6688,950,460,432,352,264,190, : 9336
5 : 6545,950,588,516,423,154, : 9176
6 : 5984,2520,282,72,11, : 8869
7 : 4346,1290,1161,1095,837,4, : 8733
8 : 4346,2009,1209,624,624, : 8812
9 : 4851,2205,1920,615, : 9591
10 : 4800,3654,13, : 8467
11 : 3050,2925,2400,1100,72, : 9547
12 : 1800,1512,1474,1400,1200,992,496, : 8874
----------------------- 1 ---------------------------
canvasWidth:100,
canvasHeight:100,
data:[{x:0,y:0,l:97,w:98},{x:98,y:0,l:22,w:2},{x:98,y:22,l:13,w:2},],
----------------------- 2 ---------------------------
canvasWidth:100,
canvasHeight:100,
data:[{x:0,y:0,l:75,w:98},{x:0,y:75,l:25,w:27},{x:27,y:75,l:14,w:39},{x:27,y:89,l:2,w:26},{x:27,y:91,l:7,w:7},],
----------------------- 3 ---------------------------
canvasWidth:100,
canvasHeight:100,
data:[{x:0,y:0,l:76,w:88},{x:0,y:76,l:22,w:78},{x:88,y:0,l:45,w:11},{x:78,y:76,l:24,w:17},],
----------------------- 4 ---------------------------
canvasWidth:100,
canvasHeight:100,
data:[{x:0,y:0,l:76,w:88},{x:0,y:76,l:19,w:50},{x:0,y:95,l:5,w:92},{x:50,y:76,l:16,w:27},{x:88,y:0,l:32,w:11},{x:88,y:32,l:44,w:6},{x:94,y:32,l:38,w:5},],
----------------------- 5 ---------------------------
canvasWidth:100,
canvasHeight:100,
data:[{x:77,y:0,l:50,w:19},{x:0,y:0,l:85,w:77},{x:77,y:50,l:28,w:21},{x:0,y:85,l:12,w:43},{x:43,y:85,l:9,w:47},{x:93,y:78,l:22,w:7},],
----------------------- 6 ---------------------------
canvasWidth:100,
canvasHeight:100,
data:[{x:0,y:0,l:68,w:88},{x:0,y:68,l:28,w:90},{x:88,y:0,l:47,w:6},{x:88,y:47,l:12,w:6},{x:0,y:96,l:1,w:11},],
----------------------- 7 ---------------------------
canvasWidth:100,
canvasHeight:100,
data:[{x:0,y:0,l:82,w:53},{x:53,y:0,l:43,w:30},{x:53,y:73,l:27,w:43},{x:84,y:0,l:73,w:15},{x:53,y:43,l:27,w:31},{x:0,y:82,l:4,w:1},],
----------------------- 8 ---------------------------
canvasWidth:100,
canvasHeight:100,
data:[{x:0,y:0,l:53,w:82},{x:49,y:53,l:39,w:31},{x:0,y:53,l:41,w:49},{x:82,y:0,l:48,w:13},{x:80,y:61,l:39,w:16},],
----------------------- 9 ---------------------------
canvasWidth:100,
canvasHeight:100,
data:[{x:0,y:0,l:49,w:99},{x:0,y:49,l:49,w:45},{x:45,y:49,l:48,w:40},{x:85,y:59,l:41,w:15},],
----------------------- 10 ---------------------------
canvasWidth:100,
canvasHeight:100,
data:[{x:52,y:0,l:100,w:48},{x:0,y:0,l:87,w:42},{x:42,y:0,l:13,w:1},],
----------------------- 11 ---------------------------
canvasWidth:100,
canvasHeight:100,
data:[{x:0,y:0,l:61,w:50},{x:0,y:61,l:39,w:75},{x:50,y:0,l:48,w:50},{x:75,y:56,l:44,w:25},{x:50,y:48,l:6,w:12},],
----------------------- 12 ---------------------------
canvasWidth:100,
canvasHeight:100,
data:[{x:14,y:0,l:48,w:25},{x:78,y:0,l:90,w:20},{x:14,y:64,l:36,w:42},{x:56,y:32,l:67,w:22},{x:0,y:0,l:100,w:14},{x:39,y:0,l:32,w:31},{x:39,y:32,l:31,w:16},],
