====================================== Class_03.2bp-28 =====================================
Reduced size: 60 usedBin: 0
[0, 40, 47, 49]
[1, 31, 45]
[2, 30, 43]
[3, 22, 39, 42, 50]
[4, 15, 26, 44, 54]
[5, 19, 33, 38, 51, 58]
[6, 16, 36, 55, 56]
[7, 28, 32, 35, 41, 52]
[8, 23, 29]
[9, 17, 25, 27, 57]
[10, 18, 24, 34]
[12, 13, 14, 46, 53]
[11, 20, 21, 37, 48, 59]
canvasWidth:40,
canvasHeight:40,
data:[{x:0,y:0,l:35,w:35},{x:35,y:14,l:26,w:5},{x:0,y:35,l:4,w:23},{x:35,y:0,l:13,w:5},],
canvasWidth:40,
canvasHeight:40,
data:[{x:0,y:0,l:35,w:34},{x:34,y:0,l:35,w:6},{x:18,y:35,l:5,w:22},],
canvasWidth:40,
canvasHeight:40,
data:[{x:0,y:0,l:35,w:26},{x:26,y:0,l:24,w:9},{x:26,y:32,l:8,w:14},],
canvasWidth:40,
canvasHeight:40,
data:[{x:0,y:0,l:34,w:26},{x:30,y:0,l:29,w:10},{x:26,y:0,l:34,w:4},{x:0,y:34,l:6,w:20},{x:20,y:34,l:6,w:9},],
canvasWidth:40,
canvasHeight:40,
data:[{x:0,y:0,l:23,w:35},{x:0,y:23,l:16,w:25},{x:25,y:23,l:15,w:15},{x:35,y:1,l:22,w:5},{x:0,y:39,l:1,w:29},],
canvasWidth:40,
canvasHeight:40,
data:[{x:0,y:0,l:33,w:23},{x:23,y:0,l:20,w:17},{x:0,y:33,l:7,w:28},{x:28,y:24,l:16,w:9},{x:37,y:20,l:18,w:2},{x:39,y:20,l:20,w:1},],
canvasWidth:40,
canvasHeight:40,
data:[{x:0,y:0,l:31,w:24},{x:24,y:0,l:26,w:1},{x:0,y:31,l:7,w:25},{x:25,y:0,l:2,w:13},{x:25,y:2,l:33,w:12},],
canvasWidth:40,
canvasHeight:40,
data:[{x:0,y:0,l:29,w:25},{x:0,y:29,l:10,w:22},{x:22,y:29,l:11,w:18},{x:25,y:0,l:27,w:7},{x:32,y:0,l:20,w:6},{x:38,y:14,l:15,w:2},],
canvasWidth:40,
canvasHeight:40,
data:[{x:0,y:0,l:27,w:25},{x:25,y:0,l:26,w:10},{x:0,y:27,l:10,w:22},],
canvasWidth:40,
canvasHeight:40,
data:[{x:0,y:0,l:22,w:26},{x:0,y:22,l:11,w:33},{x:26,y:0,l:22,w:11},{x:0,y:33,l:7,w:32},{x:37,y:0,l:8,w:3},],
canvasWidth:40,
canvasHeight:40,
data:[{x:0,y:0,l:23,w:24},{x:0,y:23,l:11,w:31},{x:24,y:0,l:19,w:13},{x:0,y:34,l:6,w:32},],
canvasWidth:40,
canvasHeight:40,
data:[{x:0,y:22,l:15,w:34},{x:0,y:0,l:22,w:21},{x:21,y:0,l:22,w:19},{x:34,y:22,l:18,w:6},{x:24,y:37,l:3,w:10},],
canvasWidth:40,
canvasHeight:40,
data:[{x:0,y:0,l:28,w:19},{x:19,y:0,l:16,w:21},{x:27,y:16,l:24,w:13},{x:0,y:28,l:12,w:12},{x:19,y:16,l:10,w:8},{x:19,y:26,l:2,w:5},],
Best fit used bin number: 13
Found best solution: 13 0.05

   Statrt add columnAndCut col: 13 cons: 0 cut: 0	0.118

	1 Start Add column using column generation  col: 13 cons: 0 cut: 0	0.118
			Start solve  LP :0.118
			End solve LP obj: 13.0 t: 2
	1 End Add column using column generation : 13.0 col: 13 cons: 0 cut: 0	0.12
   End add columnAndCut : 13.0 colGencnt: 1 price: 0 col: 13 cons: 0 cut: 0	0.12

Node lb: 13.0 ub: 13 : 0.12

Final Found Solution: 13 genNode: 1 extendedNode: 0:0.12
Bin size: 1600
1 : 1225,130,92,65, : 1512
2 : 1190,210,110, : 1510
3 : 910,216,112, : 1238
4 : 884,290,136,120,54, : 1484
5 : 805,400,225,110,29, : 1569
6 : 759,340,196,144,36,20, : 1495
7 : 744,396,175,26,26, : 1367
8 : 725,220,198,189,120,30, : 1482
9 : 675,260,220, : 1155
10 : 572,363,242,224,24, : 1425
11 : 552,341,247,192, : 1332
12 : 510,462,418,108,30, : 1528
13 : 532,336,312,144,80,10, : 1414
----------------------- 1 ---------------------------
canvasWidth:40,
canvasHeight:40,
data:[{x:0,y:0,l:35,w:35},{x:35,y:14,l:26,w:5},{x:0,y:35,l:4,w:23},{x:35,y:0,l:13,w:5},],
----------------------- 2 ---------------------------
canvasWidth:40,
canvasHeight:40,
data:[{x:0,y:0,l:35,w:34},{x:34,y:0,l:35,w:6},{x:18,y:35,l:5,w:22},],
----------------------- 3 ---------------------------
canvasWidth:40,
canvasHeight:40,
data:[{x:0,y:0,l:35,w:26},{x:26,y:0,l:24,w:9},{x:26,y:32,l:8,w:14},],
----------------------- 4 ---------------------------
canvasWidth:40,
canvasHeight:40,
data:[{x:0,y:0,l:34,w:26},{x:30,y:0,l:29,w:10},{x:26,y:0,l:34,w:4},{x:0,y:34,l:6,w:20},{x:20,y:34,l:6,w:9},],
----------------------- 5 ---------------------------
canvasWidth:40,
canvasHeight:40,
data:[{x:0,y:0,l:23,w:35},{x:0,y:23,l:16,w:25},{x:25,y:23,l:15,w:15},{x:35,y:1,l:22,w:5},{x:0,y:39,l:1,w:29},],
----------------------- 6 ---------------------------
canvasWidth:40,
canvasHeight:40,
data:[{x:0,y:0,l:33,w:23},{x:23,y:0,l:20,w:17},{x:0,y:33,l:7,w:28},{x:28,y:24,l:16,w:9},{x:37,y:20,l:18,w:2},{x:39,y:20,l:20,w:1},],
----------------------- 7 ---------------------------
canvasWidth:40,
canvasHeight:40,
data:[{x:0,y:0,l:31,w:24},{x:24,y:0,l:26,w:1},{x:0,y:31,l:7,w:25},{x:25,y:0,l:2,w:13},{x:25,y:2,l:33,w:12},],
----------------------- 8 ---------------------------
canvasWidth:40,
canvasHeight:40,
data:[{x:0,y:0,l:29,w:25},{x:0,y:29,l:10,w:22},{x:22,y:29,l:11,w:18},{x:25,y:0,l:27,w:7},{x:32,y:0,l:20,w:6},{x:38,y:14,l:15,w:2},],
----------------------- 9 ---------------------------
canvasWidth:40,
canvasHeight:40,
data:[{x:0,y:0,l:27,w:25},{x:25,y:0,l:26,w:10},{x:0,y:27,l:10,w:22},],
----------------------- 10 ---------------------------
canvasWidth:40,
canvasHeight:40,
data:[{x:0,y:0,l:22,w:26},{x:0,y:22,l:11,w:33},{x:26,y:0,l:22,w:11},{x:0,y:33,l:7,w:32},{x:37,y:0,l:8,w:3},],
----------------------- 11 ---------------------------
canvasWidth:40,
canvasHeight:40,
data:[{x:0,y:0,l:23,w:24},{x:0,y:23,l:11,w:31},{x:24,y:0,l:19,w:13},{x:0,y:34,l:6,w:32},],
----------------------- 12 ---------------------------
canvasWidth:40,
canvasHeight:40,
data:[{x:0,y:22,l:15,w:34},{x:0,y:0,l:22,w:21},{x:21,y:0,l:22,w:19},{x:34,y:22,l:18,w:6},{x:24,y:37,l:3,w:10},],
----------------------- 13 ---------------------------
canvasWidth:40,
canvasHeight:40,
data:[{x:0,y:0,l:28,w:19},{x:19,y:0,l:16,w:21},{x:27,y:16,l:24,w:13},{x:0,y:28,l:12,w:12},{x:19,y:16,l:10,w:8},{x:19,y:26,l:2,w:5},],
