====================================== Class_05.2bp-45 =====================================
Reduced size: 100 usedBin: 0
[0, 91, 95, 99]
[1, 68]
[2]
[3]
[4, 80, 98]
[5, 50, 87]
[6, 82, 90, 94, 97]
[7, 71]
[8, 89]
[9, 67]
[10, 53]
[11, 39]
[12, 63]
[13, 51]
[14, 61, 81, 93]
[15, 47, 66]
[16, 33]
[17, 59, 76, 78, 96]
[18, 41, 70]
[19, 37]
[20, 45, 79, 88]
[21, 54, 64, 84, 85]
[22, 36]
[23, 49, 72, 92]
[24, 52, 60, 75]
[25, 32, 77]
[27, 40, 65]
[28, 44, 55]
[29, 46, 62]
[31, 69, 74]
[35, 48, 58, 73, 83]
[26, 43, 57, 86]
[30, 38]
[34, 42, 56]
canvasWidth:100,
canvasHeight:100,
data:[{x:0,y:0,l:94,w:91},{x:39,y:94,l:6,w:61},{x:91,y:0,l:21,w:7},{x:0,y:94,l:1,w:37},],
canvasWidth:100,
canvasHeight:100,
data:[{x:0,y:0,l:100,w:79},{x:79,y:0,l:89,w:16},],
canvasWidth:100,
canvasHeight:100,
data:[{x:0,y:0,l:78,w:99},],
canvasWidth:100,
canvasHeight:100,
data:[{x:0,y:0,l:78,w:96},],
canvasWidth:100,
canvasHeight:100,
data:[{x:0,y:0,l:75,w:95},{x:0,y:75,l:24,w:32},{x:32,y:75,l:11,w:5},],
canvasWidth:100,
canvasHeight:100,
data:[{x:0,y:0,l:96,w:71},{x:71,y:0,l:80,w:28},{x:73,y:80,l:18,w:27},],
canvasWidth:100,
canvasHeight:100,
data:[{x:0,y:0,l:85,w:80},{x:80,y:0,l:36,w:18},{x:88,y:57,l:32,w:12},{x:80,y:36,l:11,w:16},{x:80,y:47,l:10,w:13},],
canvasWidth:100,
canvasHeight:100,
data:[{x:0,y:0,l:77,w:88},{x:88,y:0,l:99,w:12},],
canvasWidth:100,
canvasHeight:100,
data:[{x:0,y:0,l:74,w:90},{x:90,y:0,l:43,w:9},],
canvasWidth:100,
canvasHeight:100,
data:[{x:0,y:0,l:96,w:69},{x:69,y:0,l:46,w:31},],
canvasWidth:100,
canvasHeight:100,
data:[{x:0,y:0,l:87,w:74},{x:74,y:0,l:84,w:25},],
canvasWidth:100,
canvasHeight:100,
data:[{x:0,y:0,l:97,w:66},{x:66,y:0,l:83,w:34},],
canvasWidth:100,
canvasHeight:100,
data:[{x:0,y:0,l:91,w:70},{x:70,y:0,l:55,w:30},],
canvasWidth:100,
canvasHeight:100,
data:[{x:0,y:0,l:62,w:100},{x:0,y:62,l:28,w:79},],
canvasWidth:100,
canvasHeight:100,
data:[{x:0,y:0,l:88,w:70},{x:70,y:0,l:88,w:21},{x:41,y:88,l:12,w:59},{x:0,y:88,l:5,w:39},],
canvasWidth:100,
canvasHeight:100,
data:[{x:0,y:0,l:72,w:84},{x:0,y:72,l:27,w:85},{x:85,y:0,l:96,w:15},],
canvasWidth:100,
canvasHeight:100,
data:[{x:0,y:0,l:94,w:59},{x:64,y:0,l:98,w:36},],
canvasWidth:100,
canvasHeight:100,
data:[{x:0,y:0,l:56,w:94},{x:0,y:74,l:26,w:75},{x:0,y:64,l:10,w:97},{x:0,y:56,l:8,w:98},{x:98,y:0,l:71,w:2},],
canvasWidth:100,
canvasHeight:100,
data:[{x:0,y:0,l:71,w:74},{x:0,y:71,l:28,w:95},{x:74,y:0,l:55,w:24},],
canvasWidth:100,
canvasHeight:100,
data:[{x:0,y:0,l:94,w:55},{x:55,y:0,l:84,w:36},],
canvasWidth:100,
canvasHeight:100,
data:[{x:0,y:0,l:63,w:81},{x:0,y:63,l:31,w:80},{x:88,y:27,l:64,w:12},{x:81,y:0,l:27,w:17},],
canvasWidth:100,
canvasHeight:100,
data:[{x:0,y:0,l:58,w:86},{x:0,y:58,l:42,w:49},{x:49,y:58,l:41,w:40},{x:86,y:0,l:42,w:14},{x:89,y:42,l:53,w:11},],
canvasWidth:100,
canvasHeight:100,
data:[{x:0,y:0,l:90,w:55},{x:55,y:0,l:76,w:40},],
canvasWidth:100,
canvasHeight:100,
data:[{x:0,y:0,l:56,w:83},{x:0,y:59,l:31,w:73},{x:84,y:0,l:72,w:16},{x:0,y:56,l:3,w:80},],
canvasWidth:100,
canvasHeight:100,
data:[{x:0,y:0,l:70,w:66},{x:66,y:0,l:65,w:33},{x:0,y:70,l:29,w:64},{x:67,y:65,l:31,w:33},],
canvasWidth:100,
canvasHeight:100,
data:[{x:0,y:0,l:55,w:83},{x:0,y:55,l:42,w:85},{x:86,y:0,l:57,w:14},],
canvasWidth:100,
canvasHeight:100,
data:[{x:0,y:0,l:56,w:77},{x:10,y:67,l:30,w:90},{x:77,y:0,l:67,w:23},],
canvasWidth:100,
canvasHeight:100,
data:[{x:0,y:0,l:72,w:59},{x:59,y:0,l:66,w:38},{x:0,y:72,l:21,w:96},],
canvasWidth:100,
canvasHeight:100,
data:[{x:0,y:0,l:52,w:78},{x:52,y:52,l:48,w:48},{x:0,y:52,l:44,w:42},],
canvasWidth:100,
canvasHeight:100,
data:[{x:0,y:0,l:57,w:70},{x:0,y:57,l:38,w:35},{x:35,y:57,l:38,w:28},],
canvasWidth:100,
canvasHeight:100,
data:[{x:0,y:0,l:58,w:58},{x:62,y:0,l:60,w:38},{x:0,y:58,l:32,w:61},{x:72,y:60,l:39,w:28},{x:0,y:90,l:9,w:67},],
canvasWidth:100,
canvasHeight:100,
data:[{x:0,y:0,l:97,w:46},{x:46,y:37,l:48,w:53},{x:46,y:0,l:37,w:54},{x:46,y:85,l:11,w:47},],
canvasWidth:100,
canvasHeight:100,
data:[{x:0,y:0,l:87,w:46},{x:46,y:0,l:59,w:48},],
canvasWidth:100,
canvasHeight:100,
data:[{x:0,y:0,l:92,w:37},{x:37,y:34,l:47,w:56},{x:37,y:0,l:34,w:59},],
Best fit used bin number: 34
Found best solution: 34 0.046

   Statrt add columnAndCut col: 34 cons: 0 cut: 0	0.125

	1 Start Add column using column generation  col: 34 cons: 0 cut: 0	0.125
			Start solve  LP :0.125
			End solve LP obj: 34.0 t: 0
	1 End Add column using column generation : 34.0 col: 34 cons: 0 cut: 0	0.125
   End add columnAndCut : 34.0 colGencnt: 1 price: 0 col: 34 cons: 0 cut: 0	0.125

Node lb: 34.0 ub: 34 : 0.125

Final Found Solution: 34 genNode: 1 extendedNode: 0:0.125
Bin size: 10000
1 : 8554,366,147,37, : 9104
2 : 7900,1424, : 9324
3 : 7722, : 7722
4 : 7488, : 7488
5 : 7125,768,55, : 7948
6 : 6816,2240,486, : 9542
7 : 6800,648,384,176,130, : 8138
8 : 6776,1188, : 7964
9 : 6660,387, : 7047
10 : 6624,1426, : 8050
11 : 6438,2100, : 8538
12 : 6402,2822, : 9224
13 : 6370,1650, : 8020
14 : 6200,2212, : 8412
15 : 6160,1848,708,195, : 8911
16 : 6048,2295,1440, : 9783
17 : 5546,3528, : 9074
18 : 5264,1950,970,784,142, : 9110
19 : 5254,2660,1320, : 9234
20 : 5170,3024, : 8194
21 : 5103,2480,768,459, : 8810
22 : 4988,2058,1640,588,583, : 9857
23 : 4950,3040, : 7990
24 : 4648,2263,1152,240, : 8303
25 : 4620,2145,1856,1023, : 9644
26 : 4565,3570,798, : 8933
27 : 4312,2700,1541, : 8553
28 : 4248,2508,2016, : 8772
29 : 4056,2304,1848, : 8208
30 : 3990,1330,1064, : 6384
31 : 3364,2280,1952,1092,603, : 9291
32 : 4462,2544,1998,517, : 9521
33 : 4002,2832, : 6834
34 : 3404,2632,2006, : 8042
----------------------- 1 ---------------------------
canvasWidth:100,
canvasHeight:100,
data:[{x:0,y:0,l:94,w:91},{x:39,y:94,l:6,w:61},{x:91,y:0,l:21,w:7},{x:0,y:94,l:1,w:37},],
----------------------- 2 ---------------------------
canvasWidth:100,
canvasHeight:100,
data:[{x:0,y:0,l:100,w:79},{x:79,y:0,l:89,w:16},],
----------------------- 3 ---------------------------
canvasWidth:100,
canvasHeight:100,
data:[{x:0,y:0,l:78,w:99},],
----------------------- 4 ---------------------------
canvasWidth:100,
canvasHeight:100,
data:[{x:0,y:0,l:78,w:96},],
----------------------- 5 ---------------------------
canvasWidth:100,
canvasHeight:100,
data:[{x:0,y:0,l:75,w:95},{x:0,y:75,l:24,w:32},{x:32,y:75,l:11,w:5},],
----------------------- 6 ---------------------------
canvasWidth:100,
canvasHeight:100,
data:[{x:0,y:0,l:96,w:71},{x:71,y:0,l:80,w:28},{x:73,y:80,l:18,w:27},],
----------------------- 7 ---------------------------
canvasWidth:100,
canvasHeight:100,
data:[{x:0,y:0,l:85,w:80},{x:80,y:0,l:36,w:18},{x:88,y:57,l:32,w:12},{x:80,y:36,l:11,w:16},{x:80,y:47,l:10,w:13},],
----------------------- 8 ---------------------------
canvasWidth:100,
canvasHeight:100,
data:[{x:0,y:0,l:77,w:88},{x:88,y:0,l:99,w:12},],
----------------------- 9 ---------------------------
canvasWidth:100,
canvasHeight:100,
data:[{x:0,y:0,l:74,w:90},{x:90,y:0,l:43,w:9},],
----------------------- 10 ---------------------------
canvasWidth:100,
canvasHeight:100,
data:[{x:0,y:0,l:96,w:69},{x:69,y:0,l:46,w:31},],
----------------------- 11 ---------------------------
canvasWidth:100,
canvasHeight:100,
data:[{x:0,y:0,l:87,w:74},{x:74,y:0,l:84,w:25},],
----------------------- 12 ---------------------------
canvasWidth:100,
canvasHeight:100,
data:[{x:0,y:0,l:97,w:66},{x:66,y:0,l:83,w:34},],
----------------------- 13 ---------------------------
canvasWidth:100,
canvasHeight:100,
data:[{x:0,y:0,l:91,w:70},{x:70,y:0,l:55,w:30},],
----------------------- 14 ---------------------------
canvasWidth:100,
canvasHeight:100,
data:[{x:0,y:0,l:62,w:100},{x:0,y:62,l:28,w:79},],
----------------------- 15 ---------------------------
canvasWidth:100,
canvasHeight:100,
data:[{x:0,y:0,l:88,w:70},{x:70,y:0,l:88,w:21},{x:41,y:88,l:12,w:59},{x:0,y:88,l:5,w:39},],
----------------------- 16 ---------------------------
canvasWidth:100,
canvasHeight:100,
data:[{x:0,y:0,l:72,w:84},{x:0,y:72,l:27,w:85},{x:85,y:0,l:96,w:15},],
----------------------- 17 ---------------------------
canvasWidth:100,
canvasHeight:100,
data:[{x:0,y:0,l:94,w:59},{x:64,y:0,l:98,w:36},],
----------------------- 18 ---------------------------
canvasWidth:100,
canvasHeight:100,
data:[{x:0,y:0,l:56,w:94},{x:0,y:74,l:26,w:75},{x:0,y:64,l:10,w:97},{x:0,y:56,l:8,w:98},{x:98,y:0,l:71,w:2},],
----------------------- 19 ---------------------------
canvasWidth:100,
canvasHeight:100,
data:[{x:0,y:0,l:71,w:74},{x:0,y:71,l:28,w:95},{x:74,y:0,l:55,w:24},],
----------------------- 20 ---------------------------
canvasWidth:100,
canvasHeight:100,
data:[{x:0,y:0,l:94,w:55},{x:55,y:0,l:84,w:36},],
----------------------- 21 ---------------------------
canvasWidth:100,
canvasHeight:100,
data:[{x:0,y:0,l:63,w:81},{x:0,y:63,l:31,w:80},{x:88,y:27,l:64,w:12},{x:81,y:0,l:27,w:17},],
----------------------- 22 ---------------------------
canvasWidth:100,
canvasHeight:100,
data:[{x:0,y:0,l:58,w:86},{x:0,y:58,l:42,w:49},{x:49,y:58,l:41,w:40},{x:86,y:0,l:42,w:14},{x:89,y:42,l:53,w:11},],
----------------------- 23 ---------------------------
canvasWidth:100,
canvasHeight:100,
data:[{x:0,y:0,l:90,w:55},{x:55,y:0,l:76,w:40},],
----------------------- 24 ---------------------------
canvasWidth:100,
canvasHeight:100,
data:[{x:0,y:0,l:56,w:83},{x:0,y:59,l:31,w:73},{x:84,y:0,l:72,w:16},{x:0,y:56,l:3,w:80},],
----------------------- 25 ---------------------------
canvasWidth:100,
canvasHeight:100,
data:[{x:0,y:0,l:70,w:66},{x:66,y:0,l:65,w:33},{x:0,y:70,l:29,w:64},{x:67,y:65,l:31,w:33},],
----------------------- 26 ---------------------------
canvasWidth:100,
canvasHeight:100,
data:[{x:0,y:0,l:55,w:83},{x:0,y:55,l:42,w:85},{x:86,y:0,l:57,w:14},],
----------------------- 27 ---------------------------
canvasWidth:100,
canvasHeight:100,
data:[{x:0,y:0,l:56,w:77},{x:10,y:67,l:30,w:90},{x:77,y:0,l:67,w:23},],
----------------------- 28 ---------------------------
canvasWidth:100,
canvasHeight:100,
data:[{x:0,y:0,l:72,w:59},{x:59,y:0,l:66,w:38},{x:0,y:72,l:21,w:96},],
----------------------- 29 ---------------------------
canvasWidth:100,
canvasHeight:100,
data:[{x:0,y:0,l:52,w:78},{x:52,y:52,l:48,w:48},{x:0,y:52,l:44,w:42},],
----------------------- 30 ---------------------------
canvasWidth:100,
canvasHeight:100,
data:[{x:0,y:0,l:57,w:70},{x:0,y:57,l:38,w:35},{x:35,y:57,l:38,w:28},],
----------------------- 31 ---------------------------
canvasWidth:100,
canvasHeight:100,
data:[{x:0,y:0,l:58,w:58},{x:62,y:0,l:60,w:38},{x:0,y:58,l:32,w:61},{x:72,y:60,l:39,w:28},{x:0,y:90,l:9,w:67},],
----------------------- 32 ---------------------------
canvasWidth:100,
canvasHeight:100,
data:[{x:0,y:0,l:97,w:46},{x:46,y:37,l:48,w:53},{x:46,y:0,l:37,w:54},{x:46,y:85,l:11,w:47},],
----------------------- 33 ---------------------------
canvasWidth:100,
canvasHeight:100,
data:[{x:0,y:0,l:87,w:46},{x:46,y:0,l:59,w:48},],
----------------------- 34 ---------------------------
canvasWidth:100,
canvasHeight:100,
data:[{x:0,y:0,l:92,w:37},{x:37,y:34,l:47,w:56},{x:37,y:0,l:34,w:59},],
