====================================== Class_06.2bp-35 =====================================
Reduced size: 80 usedBin: 0
E:\WSKH\2DBPP\NonGuillotine\initSolution\6_36.pack
[0, 1, 2, 4, 7, 10, 12, 19, 20, 30, 35, 37, 41, 43, 44, 46, 48, 49, 50, 51, 54, 58, 63, 68, 73, 74, 75, 76, 77]
[3, 5, 6, 8, 11, 15, 16, 21, 22, 27, 29, 31, 32, 33, 38, 40, 42, 45, 52, 53, 55, 57, 61, 62, 66, 70, 72, 78, 79]
[9, 13, 14, 17, 18, 23, 24, 25, 26, 28, 34, 36, 39, 47, 56, 59, 60, 64, 65, 67, 69, 71]
canvasWidth:300,
canvasHeight:300,
data:[{x:0,y:0,l:100,w:77},{x:77,y:0,l:78,w:98},{x:175,y:0,l:99,w:76},{x:0,y:220,l:74,w:99},{x:83,y:149,l:71,w:90},{x:175,y:99,l:73,w:76},{x:0,y:159,l:61,w:83},{x:99,y:220,l:57,w:74},{x:251,y:0,l:90,w:45},{x:88,y:100,l:49,w:60},{x:173,y:212,l:27,w:92},{x:43,y:100,l:49,w:45},{x:148,y:80,l:69,w:27},{x:173,y:193,l:19,w:95},{x:251,y:90,l:75,w:24},{x:276,y:156,l:70,w:24},{x:99,y:277,l:23,w:68},{x:174,y:174,l:16,w:97},{x:275,y:93,l:63,w:24},{x:77,y:80,l:20,w:71},{x:0,y:100,l:59,w:23},{x:23,y:100,l:49,w:20},{x:23,y:149,l:10,w:60},{x:296,y:0,l:93,w:4},{x:173,y:190,l:3,w:71},{x:77,y:78,l:2,w:98},{x:174,y:172,l:2,w:81},{x:75,y:294,l:6,w:24},{x:173,y:149,l:40,w:1},],
canvasWidth:300,
canvasHeight:300,
data:[{x:0,y:0,l:95,w:79},{x:121,y:0,l:88,w:80},{x:201,y:0,l:89,w:78},{x:0,y:95,l:94,w:67},{x:67,y:95,l:72,w:72},{x:67,y:204,l:70,w:66},{x:193,y:89,l:50,w:89},{x:79,y:0,l:95,w:42},{x:4,y:233,l:62,w:63},{x:193,y:139,l:66,w:54},{x:0,y:189,l:44,w:67},{x:256,y:151,l:65,w:44},{x:67,y:167,l:37,w:72},{x:177,y:205,l:34,w:76},{x:162,y:90,l:70,w:31},{x:139,y:160,l:38,w:53},{x:121,y:88,l:7,w:31},{x:67,y:274,l:26,w:65},{x:139,y:95,l:64,w:22},{x:282,y:33,l:77,w:18},{x:139,y:198,l:35,w:38},{x:133,y:239,l:12,w:89},{x:279,y:0,l:33,w:19},{x:284,y:110,l:39,w:16},{x:247,y:139,l:12,w:36},{x:0,y:233,l:67,w:4},{x:265,y:216,l:52,w:35},{x:169,y:88,l:1,w:32},{x:152,y:89,l:1,w:23},],
canvasWidth:300,
canvasHeight:300,
data:[{x:0,y:0,l:58,w:100},{x:166,y:0,l:68,w:73},{x:0,y:58,l:57,w:87},{x:239,y:0,l:83,w:52},{x:87,y:58,l:66,w:65},{x:157,y:68,l:83,w:47},{x:38,y:165,l:40,w:97},{x:100,y:0,l:58,w:66},{x:63,y:127,l:38,w:94},{x:204,y:83,l:56,w:54},{x:263,y:115,l:87,w:29},{x:204,y:139,l:41,w:59},{x:0,y:133,l:56,w:38},{x:166,y:151,l:42,w:38},{x:258,y:83,l:32,w:34},{x:292,y:47,l:93,w:8},{x:12,y:115,l:9,w:75},{x:0,y:124,l:9,w:63},{x:209,y:68,l:15,w:30},{x:291,y:0,l:47,w:8},{x:152,y:58,l:69,w:5},{x:69,y:124,l:3,w:83},],
Best fit used bin number: 3
Found best solution: 3 0.062

   Statrt add columnAndCut col: 3 cons: 0 cut: 0	0.125

	1 Start Add column using column generation  col: 3 cons: 0 cut: 0	0.125
			Start solve  LP :0.125
			End solve LP obj: 3.0 t: 0
	1 End Add column using column generation : 3.0 col: 3 cons: 0 cut: 0	0.125
   End add columnAndCut : 3.0 colGencnt: 1 price: 0 col: 3 cons: 0 cut: 0	0.125

Node lb: 3.0 ub: 3 : 0.14

Final Found Solution: 3 genNode: 1 extendedNode: 0:0.14
Bin size: 90000
1 : 7700,7644,7524,7326,6390,5548,5063,4218,4050,2940,2484,2205,1863,1805,1800,1680,1564,1552,1512,1420,1357,980,600,372,213,196,162,144,40, : 80352
2 : 7505,7040,6942,6298,5184,4620,4450,3990,3906,3564,2948,2860,2664,2584,2170,2014,1820,1690,1408,1386,1330,1068,627,624,432,268,217,32,23, : 79664
3 : 5800,4964,4959,4316,4290,3901,3880,3828,3572,3024,2523,2419,2128,1596,1088,744,675,567,450,376,345,249, : 55694
----------------------- 1 ---------------------------
canvasWidth:300,
canvasHeight:300,
data:[{x:0,y:0,l:100,w:77},{x:77,y:0,l:78,w:98},{x:175,y:0,l:99,w:76},{x:0,y:220,l:74,w:99},{x:83,y:149,l:71,w:90},{x:175,y:99,l:73,w:76},{x:0,y:159,l:61,w:83},{x:99,y:220,l:57,w:74},{x:251,y:0,l:90,w:45},{x:88,y:100,l:49,w:60},{x:173,y:212,l:27,w:92},{x:43,y:100,l:49,w:45},{x:148,y:80,l:69,w:27},{x:173,y:193,l:19,w:95},{x:251,y:90,l:75,w:24},{x:276,y:156,l:70,w:24},{x:99,y:277,l:23,w:68},{x:174,y:174,l:16,w:97},{x:275,y:93,l:63,w:24},{x:77,y:80,l:20,w:71},{x:0,y:100,l:59,w:23},{x:23,y:100,l:49,w:20},{x:23,y:149,l:10,w:60},{x:296,y:0,l:93,w:4},{x:173,y:190,l:3,w:71},{x:77,y:78,l:2,w:98},{x:174,y:172,l:2,w:81},{x:75,y:294,l:6,w:24},{x:173,y:149,l:40,w:1},],
----------------------- 2 ---------------------------
canvasWidth:300,
canvasHeight:300,
data:[{x:0,y:0,l:95,w:79},{x:121,y:0,l:88,w:80},{x:201,y:0,l:89,w:78},{x:0,y:95,l:94,w:67},{x:67,y:95,l:72,w:72},{x:67,y:204,l:70,w:66},{x:193,y:89,l:50,w:89},{x:79,y:0,l:95,w:42},{x:4,y:233,l:62,w:63},{x:193,y:139,l:66,w:54},{x:0,y:189,l:44,w:67},{x:256,y:151,l:65,w:44},{x:67,y:167,l:37,w:72},{x:177,y:205,l:34,w:76},{x:162,y:90,l:70,w:31},{x:139,y:160,l:38,w:53},{x:121,y:88,l:7,w:31},{x:67,y:274,l:26,w:65},{x:139,y:95,l:64,w:22},{x:282,y:33,l:77,w:18},{x:139,y:198,l:35,w:38},{x:133,y:239,l:12,w:89},{x:279,y:0,l:33,w:19},{x:284,y:110,l:39,w:16},{x:247,y:139,l:12,w:36},{x:0,y:233,l:67,w:4},{x:265,y:216,l:52,w:35},{x:169,y:88,l:1,w:32},{x:152,y:89,l:1,w:23},],
----------------------- 3 ---------------------------
canvasWidth:300,
canvasHeight:300,
data:[{x:0,y:0,l:58,w:100},{x:166,y:0,l:68,w:73},{x:0,y:58,l:57,w:87},{x:239,y:0,l:83,w:52},{x:87,y:58,l:66,w:65},{x:157,y:68,l:83,w:47},{x:38,y:165,l:40,w:97},{x:100,y:0,l:58,w:66},{x:63,y:127,l:38,w:94},{x:204,y:83,l:56,w:54},{x:263,y:115,l:87,w:29},{x:204,y:139,l:41,w:59},{x:0,y:133,l:56,w:38},{x:166,y:151,l:42,w:38},{x:258,y:83,l:32,w:34},{x:292,y:47,l:93,w:8},{x:12,y:115,l:9,w:75},{x:0,y:124,l:9,w:63},{x:209,y:68,l:15,w:30},{x:291,y:0,l:47,w:8},{x:152,y:58,l:69,w:5},{x:69,y:124,l:3,w:83},],
